Search S-boxes invariant for matrices: 
{0x00,0x02,0x04,0x06,0x08,0x0a,0x0c,0x0e,0x10,0x12,0x14,0x16,0x18,0x1a,0x1c,0x1e,0x20,0x22,0x24,0x26,0x28,0x2a,0x2c,0x2e,0x30,0x32,0x34,0x36,0x38,0x3a,0x3c,0x3e,0x40,0x42,0x44,0x46,0x48,0x4a,0x4c,0x4e,0x50,0x52,0x54,0x56,0x58,0x5a,0x5c,0x5e,0x60,0x62,0x64,0x66,0x68,0x6a,0x6c,0x6e,0x70,0x72,0x74,0x76,0x78,0x7a,0x7c,0x7e,0x80,0x82,0x84,0x86,0x88,0x8a,0x8c,0x8e,0x90,0x92,0x94,0x96,0x98,0x9a,0x9c,0x9e,0xa0,0xa2,0xa4,0xa6,0xa8,0xaa,0xac,0xae,0xb0,0xb2,0xb4,0xb6,0xb8,0xba,0xbc,0xbe,0xc0,0xc2,0xc4,0xc6,0xc8,0xca,0xcc,0xce,0xd0,0xd2,0xd4,0xd6,0xd8,0xda,0xdc,0xde,0xe0,0xe2,0xe4,0xe6,0xe8,0xea,0xec,0xee,0xf0,0xf2,0xf4,0xf6,0xf8,0xfa,0xfc,0xfe,0x39,0x3b,0x3d,0x3f,0x31,0x33,0x35,0x37,0x29,0x2b,0x2d,0x2f,0x21,0x23,0x25,0x27,0x19,0x1b,0x1d,0x1f,0x11,0x13,0x15,0x17,0x09,0x0b,0x0d,0x0f,0x01,0x03,0x05,0x07,0x79,0x7b,0x7d,0x7f,0x71,0x73,0x75,0x77,0x69,0x6b,0x6d,0x6f,0x61,0x63,0x65,0x67,0x59,0x5b,0x5d,0x5f,0x51,0x53,0x55,0x57,0x49,0x4b,0x4d,0x4f,0x41,0x43,0x45,0x47,0xb9,0xbb,0xbd,0xbf,0xb1,0xb3,0xb5,0xb7,0xa9,0xab,0xad,0xaf,0xa1,0xa3,0xa5,0xa7,0x99,0x9b,0x9d,0x9f,0x91,0x93,0x95,0x97,0x89,0x8b,0x8d,0x8f,0x81,0x83,0x85,0x87,0xf9,0xfb,0xfd,0xff,0xf1,0xf3,0xf5,0xf7,0xe9,0xeb,0xed,0xef,0xe1,0xe3,0xe5,0xe7,0xd9,0xdb,0xdd,0xdf,0xd1,0xd3,0xd5,0xd7,0xc9,0xcb,0xcd,0xcf,0xc1,0xc3,0xc5,0xc7};
{0x00,0x02,0x04,0x06,0x08,0x0a,0x0c,0x0e,0x10,0x12,0x14,0x16,0x18,0x1a,0x1c,0x1e,0x20,0x22,0x24,0x26,0x28,0x2a,0x2c,0x2e,0x30,0x32,0x34,0x36,0x38,0x3a,0x3c,0x3e,0x40,0x42,0x44,0x46,0x48,0x4a,0x4c,0x4e,0x50,0x52,0x54,0x56,0x58,0x5a,0x5c,0x5e,0x60,0x62,0x64,0x66,0x68,0x6a,0x6c,0x6e,0x70,0x72,0x74,0x76,0x78,0x7a,0x7c,0x7e,0x80,0x82,0x84,0x86,0x88,0x8a,0x8c,0x8e,0x90,0x92,0x94,0x96,0x98,0x9a,0x9c,0x9e,0xa0,0xa2,0xa4,0xa6,0xa8,0xaa,0xac,0xae,0xb0,0xb2,0xb4,0xb6,0xb8,0xba,0xbc,0xbe,0xc0,0xc2,0xc4,0xc6,0xc8,0xca,0xcc,0xce,0xd0,0xd2,0xd4,0xd6,0xd8,0xda,0xdc,0xde,0xe0,0xe2,0xe4,0xe6,0xe8,0xea,0xec,0xee,0xf0,0xf2,0xf4,0xf6,0xf8,0xfa,0xfc,0xfe,0xd7,0xd5,0xd3,0xd1,0xdf,0xdd,0xdb,0xd9,0xc7,0xc5,0xc3,0xc1,0xcf,0xcd,0xcb,0xc9,0xf7,0xf5,0xf3,0xf1,0xff,0xfd,0xfb,0xf9,0xe7,0xe5,0xe3,0xe1,0xef,0xed,0xeb,0xe9,0x97,0x95,0x93,0x91,0x9f,0x9d,0x9b,0x99,0x87,0x85,0x83,0x81,0x8f,0x8d,0x8b,0x89,0xb7,0xb5,0xb3,0xb1,0xbf,0xbd,0xbb,0xb9,0xa7,0xa5,0xa3,0xa1,0xaf,0xad,0xab,0xa9,0x57,0x55,0x53,0x51,0x5f,0x5d,0x5b,0x59,0x47,0x45,0x43,0x41,0x4f,0x4d,0x4b,0x49,0x77,0x75,0x73,0x71,0x7f,0x7d,0x7b,0x79,0x67,0x65,0x63,0x61,0x6f,0x6d,0x6b,0x69,0x17,0x15,0x13,0x11,0x1f,0x1d,0x1b,0x19,0x07,0x05,0x03,0x01,0x0f,0x0d,0x0b,0x09,0x37,0x35,0x33,0x31,0x3f,0x3d,0x3b,0x39,0x27,0x25,0x23,0x21,0x2f,0x2d,0x2b,0x29};



 depth:8
 0  1  2  3  4  5  6  7  8  9  a  b  c  d  e  f 10 11 12 13 14 15 16 17 18 19 1a 1b 1c 1d 1e 1f 20 21 22 23 24 25 26 27 28 29 2a 2b 2c 2d 2e 2f 30 31 32 33 34 35 36 37 38 39 3a 3b 3c 3d 3e 3f 40 41 42 43 44 45 46 47 48 49 4a 4b 4c 4d 4e 4f 50 51 52 53 54 55 56 57 58 59 5a 5b 5c 5d 5e 5f 60 61 62 63 64 65 66 67 68 69 6a 6b 6c 6d 6e 6f 70 71 72 73 74 75 76 77 78 79 7a 7b 7c 7d 7e 7f 80 81 82 83 84 85 86 87 88 89 8a 8b 8c 8d 8e 8f 90 91 92 93 94 95 96 97 98 99 9a 9b 9c 9d 9e 9f a0 a1 a2 a3 a4 a5 a6 a7 a8 a9 aa ab ac ad ae af b0 b1 b2 b3 b4 b5 b6 b7 b8 b9 ba bb bc bd be bf c0 c1 c2 c3 c4 c5 c6 c7 c8 c9 ca cb cc cd ce cf d0 d1 d2 d3 d4 d5 d6 d7 d8 d9 da db dc dd de df e0 e1 e2 e3 e4 e5 e6 e7 e8 e9 ea eb ec ed ee ef f0 f1 f2 f3 f4 f5 f6 f7 f8 f9 fa fb fc fd fe ff 
 0  1  2 76  4 f8 ec 23  8 93 27 82  f 64 46 11 10  d f1 8a 4e 6f d3 -- 1e 7f c8 -- 8c -- 22 -- 20 -- 1a -- 35 a5 c3 4f 9c d0 de -- 71 -- -- b3 3c -- fe -- 47 -- -- -- cf d7 -- -- 44 8d -- f7 40 bd -- -- 34 -- -- b7 6a -- 9d 6e 51 19 9e 3e ef -- 77 -- 6b -- -- -- e2 26 -- -- -- 98 b1 -- 78 -- -- -- 2b -- -- c4 8e 7b -- 8f -- -- -- -- 49  b 79 ab -- -- -- -- 88 12 cd -- -- -- 39 -- 80 -- ad 90 -- -- -- -- 68 -- -- b2 -- -- b9 cc d4 -- -- -- ed 45 dc -- a2 41 32 e3 eb 3b 7c fa  9 -- -- -- ee be -- -- d6 ac -- -- -- -- -- 62 13 -- 4c -- -- -- -- -- -- 37 e7 1f b5 -- -- b0 f0 e4 -- 58 -- -- -- -- 56 -- -- 31 -- -- 5f -- cb 9a f6 7d -- -- c9 -- -- 59 -- 66 -- 48 -- -- 92 -- 16 -- f2 -- 81 -- -- -- -- -- -- -- -- -- c7 33 24 -- 4d d5 -- -- -- f3 -- -- 72 2c -- -- 

solutions so far:0 maxDepth:9 
iterations:2018043  skipped: 3 
Depth skipped: 
0 0 3 0 0 0 0 0 0 0 0 0 0 0 0 0 0 0 0 0 0 0 0 0 0 0 0 0 0 0 0 0 

running time: 300 sec
 depth:6
 0  1  2  3  4  5  6  7  8  9  a  b  c  d  e  f 10 11 12 13 14 15 16 17 18 19 1a 1b 1c 1d 1e 1f 20 21 22 23 24 25 26 27 28 29 2a 2b 2c 2d 2e 2f 30 31 32 33 34 35 36 37 38 39 3a 3b 3c 3d 3e 3f 40 41 42 43 44 45 46 47 48 49 4a 4b 4c 4d 4e 4f 50 51 52 53 54 55 56 57 58 59 5a 5b 5c 5d 5e 5f 60 61 62 63 64 65 66 67 68 69 6a 6b 6c 6d 6e 6f 70 71 72 73 74 75 76 77 78 79 7a 7b 7c 7d 7e 7f 80 81 82 83 84 85 86 87 88 89 8a 8b 8c 8d 8e 8f 90 91 92 93 94 95 96 97 98 99 9a 9b 9c 9d 9e 9f a0 a1 a2 a3 a4 a5 a6 a7 a8 a9 aa ab ac ad ae af b0 b1 b2 b3 b4 b5 b6 b7 b8 b9 ba bb bc bd be bf c0 c1 c2 c3 c4 c5 c6 c7 c8 c9 ca cb cc cd ce cf d0 d1 d2 d3 d4 d5 d6 d7 d8 d9 da db dc dd de df e0 e1 e2 e3 e4 e5 e6 e7 e8 e9 ea eb ec ed ee ef f0 f1 f2 f3 f4 f5 f6 f7 f8 f9 fa fb fc fd fe ff 
 0  1  2 76  4 e8 ec ee  8 a3  7 b4  f bb  b -- 10 -- 91 89  e 6f bf -- 1e f4 a1 -- 16 -- -- -- 20 -- -- -- f5 -- c5 4f 1c -- de -- a9 -- -- -- 3c -- 3f -- 95 -- -- -- 2c d7 -- -- -- -- -- b8 40 -- -- -- -- -- -- -- 3d -- -- 6e 5d 5b 9e 3a 38 -- -- -- 6b -- -- -- 85 6d -- -- -- 63 -- -- 78 -- -- -- 7e -- -- 9d fd 7b -- 5e -- -- -- -- 58 -- 79 1a -- -- -- -- -- e0 -- -- -- -- a7 -- 80 -- -- 5c -- -- -- -- -- -- -- -- -- -- -- cc 7a -- -- -- -- af dc -- ba 5a b6 -- eb 3b 74 77 70 -- -- -- --  d -- -- d6 2f -- -- -- -- -- a5 dd -- da -- -- -- -- -- -- 37 c6 1d -- -- -- -- f0 e5 -- -- -- -- -- -- fc -- -- b9 -- -- ed -- 2d -- f6 d0 -- -- bc -- -- -- -- 66 -- 2e -- -- b0 -- -- -- f2 -- 34 -- -- -- -- -- -- -- -- -- -- 33 17 -- -- 68 -- -- -- b7 -- -- 99 -- -- -- 

solutions so far:0 maxDepth:9 
iterations:4088723  skipped: 7 
Depth skipped: 
0 0 7 0 0 0 0 0 0 0 0 0 0 0 0 0 0 0 0 0 0 0 0 0 0 0 0 0 0 0 0 0 

running time: 600 sec
 depth:6
 0  1  2  3  4  5  6  7  8  9  a  b  c  d  e  f 10 11 12 13 14 15 16 17 18 19 1a 1b 1c 1d 1e 1f 20 21 22 23 24 25 26 27 28 29 2a 2b 2c 2d 2e 2f 30 31 32 33 34 35 36 37 38 39 3a 3b 3c 3d 3e 3f 40 41 42 43 44 45 46 47 48 49 4a 4b 4c 4d 4e 4f 50 51 52 53 54 55 56 57 58 59 5a 5b 5c 5d 5e 5f 60 61 62 63 64 65 66 67 68 69 6a 6b 6c 6d 6e 6f 70 71 72 73 74 75 76 77 78 79 7a 7b 7c 7d 7e 7f 80 81 82 83 84 85 86 87 88 89 8a 8b 8c 8d 8e 8f 90 91 92 93 94 95 96 97 98 99 9a 9b 9c 9d 9e 9f a0 a1 a2 a3 a4 a5 a6 a7 a8 a9 aa ab ac ad ae af b0 b1 b2 b3 b4 b5 b6 b7 b8 b9 ba bb bc bd be bf c0 c1 c2 c3 c4 c5 c6 c7 c8 c9 ca cb cc cd ce cf d0 d1 d2 d3 d4 d5 d6 d7 d8 d9 da db dc dd de df e0 e1 e2 e3 e4 e5 e6 e7 e8 e9 ea eb ec ed ee ef f0 f1 f2 f3 f4 f5 f6 f7 f8 f9 fa fb fc fd fe ff 
 0  1  2 76  4 da ec 61  8 d2 63  7  f 99 c2 -- 10 -- 73 42 c6 6f  e -- 1e 6c e5 -- 53 -- -- -- 20 -- -- -- e6 -- 84 4f 5b -- de -- 1c -- -- -- 3c -- d8 -- 1d -- -- -- a6 d7 -- -- -- -- -- 5a 40 -- -- -- -- -- -- -- 1b -- -- 6e df b8 9e dd b6 -- -- -- 6b -- -- -- 38 e0 -- -- -- 2e -- -- 78 -- -- -- 67 -- -- a8 3a 7b -- 96 -- -- -- -- 9b -- 79 65 -- -- -- -- -- a1 -- -- -- -- b4 -- 80 -- -- 2d -- -- -- -- -- -- -- -- -- -- -- cc 36 -- -- -- -- 21 dc -- 69 e8 a7 -- eb 3b 6d db bb -- -- -- -- d9 -- -- d6 4b -- -- -- -- -- 54 70 -- 17 -- -- -- -- -- -- 37 5c 85 -- -- -- -- f0 a9 -- -- -- -- -- -- ce -- -- 2a -- -- 87 -- 74 -- f6 86 -- -- fb -- -- -- -- 66 -- fd -- -- e1 -- -- -- f2 -- ca -- -- -- -- -- -- -- -- -- -- 33 95 -- -- 43 -- -- -- 15 -- -- bf -- -- -- 

solutions so far:0 maxDepth:9 
iterations:6445717  skipped: 13 
Depth skipped: 
0 0 13 0 0 0 0 0 0 0 0 0 0 0 0 0 0 0 0 0 0 0 0 0 0 0 0 0 0 0 0 0 

running time: 900 sec
 depth:7
 0  1  2  3  4  5  6  7  8  9  a  b  c  d  e  f 10 11 12 13 14 15 16 17 18 19 1a 1b 1c 1d 1e 1f 20 21 22 23 24 25 26 27 28 29 2a 2b 2c 2d 2e 2f 30 31 32 33 34 35 36 37 38 39 3a 3b 3c 3d 3e 3f 40 41 42 43 44 45 46 47 48 49 4a 4b 4c 4d 4e 4f 50 51 52 53 54 55 56 57 58 59 5a 5b 5c 5d 5e 5f 60 61 62 63 64 65 66 67 68 69 6a 6b 6c 6d 6e 6f 70 71 72 73 74 75 76 77 78 79 7a 7b 7c 7d 7e 7f 80 81 82 83 84 85 86 87 88 89 8a 8b 8c 8d 8e 8f 90 91 92 93 94 95 96 97 98 99 9a 9b 9c 9d 9e 9f a0 a1 a2 a3 a4 a5 a6 a7 a8 a9 aa ab ac ad ae af b0 b1 b2 b3 b4 b5 b6 b7 b8 b9 ba bb bc bd be bf c0 c1 c2 c3 c4 c5 c6 c7 c8 c9 ca cb cc cd ce cf d0 d1 d2 d3 d4 d5 d6 d7 d8 d9 da db dc dd de df e0 e1 e2 e3 e4 e5 e6 e7 e8 e9 ea eb ec ed ee ef f0 f1 f2 f3 f4 f5 f6 f7 f8 f9 fa fb fc fd fe ff 
 0  1  2 76  4 ca ec a3  8 8d 43 73  f 21 91 4a 10 -- cd b1 86 6f e6 -- 1e 11 42 -- f5 -- 94 -- 20 -- -- -- 4d -- b5 4f db -- de -- 1b -- -- e9 3c -- 22 -- 84 -- -- -- 3d d7 -- -- ff 50 -- 15 40 14 -- -- -- -- -- -- 9a -- -- 6e bd 96 9e d9 61 -- -- -- 6b -- -- -- 36 d8 -- -- -- ce  5 -- 78 -- -- -- 44 -- -- 2f df 7b -- 59 -- -- -- -- 7a -- 79 af -- -- -- -- 29 53 a0 -- -- -- 2a -- 80 -- 28 e1 -- -- -- -- -- -- -- 9f -- -- -- cc e3 -- -- -- -- b3 dc -- ad d2 fb 25 eb 3b 65 ba c2 -- -- -- -- bc -- -- d6 c7 -- -- -- -- -- fc 6c -- 67 -- -- -- -- -- -- 37 4b 87  a -- -- -- f0 a8 -- -- -- -- -- -- 88 -- -- 7e -- -- 5e -- 69 f9 f6 5d -- -- b2 -- -- a4 -- 66 -- 9b -- -- f4 -- -- -- f2 -- 89 -- -- -- -- -- -- -- -- -- 52 33 a6 -- 97 c5 -- -- -- 3f -- -- 54 -- -- -- 

solutions so far:0 maxDepth:9 
iterations:9332525  skipped: 18 
Depth skipped: 
0 0 18 0 0 0 0 0 0 0 0 0 0 0 0 0 0 0 0 0 0 0 0 0 0 0 0 0 0 0 0 0 

running time: 1200 sec
 depth:7
 0  1  2  3  4  5  6  7  8  9  a  b  c  d  e  f 10 11 12 13 14 15 16 17 18 19 1a 1b 1c 1d 1e 1f 20 21 22 23 24 25 26 27 28 29 2a 2b 2c 2d 2e 2f 30 31 32 33 34 35 36 37 38 39 3a 3b 3c 3d 3e 3f 40 41 42 43 44 45 46 47 48 49 4a 4b 4c 4d 4e 4f 50 51 52 53 54 55 56 57 58 59 5a 5b 5c 5d 5e 5f 60 61 62 63 64 65 66 67 68 69 6a 6b 6c 6d 6e 6f 70 71 72 73 74 75 76 77 78 79 7a 7b 7c 7d 7e 7f 80 81 82 83 84 85 86 87 88 89 8a 8b 8c 8d 8e 8f 90 91 92 93 94 95 96 97 98 99 9a 9b 9c 9d 9e 9f a0 a1 a2 a3 a4 a5 a6 a7 a8 a9 aa ab ac ad ae af b0 b1 b2 b3 b4 b5 b6 b7 b8 b9 ba bb bc bd be bf c0 c1 c2 c3 c4 c5 c6 c7 c8 c9 ca cb cc cd ce cf d0 d1 d2 d3 d4 d5 d6 d7 d8 d9 da db dc dd de df e0 e1 e2 e3 e4 e5 e6 e7 e8 e9 ea eb ec ed ee ef f0 f1 f2 f3 f4 f5 f6 f7 f8 f9 fa fb fc fd fe ff 
 0  1  2 76  4 c4 ec f9  8 b8 5f ed  f 58 25 3e 10 -- a7 e0 be 6f  d -- 1e 3a b0 -- 4a -- 7c -- 20 -- -- -- 99 -- 17 4f ab -- de -- 1a -- --  9 3c -- 74 -- b7 -- -- -- 94 d7 -- -- f8 f7 -- 8c 40 48 -- -- -- -- -- -- e5 -- -- 6e 2e 16 9e 31 81 -- -- -- 6b -- -- -- 34 d0 -- -- -- ee 12 -- 78 -- -- -- e8 -- -- e9 b9 7b -- 1c -- -- -- -- ff -- 79 14 -- -- -- -- 27 7d 39 -- -- -- cf -- 80 -- 90 46 -- -- -- -- -- -- -- ef -- -- -- cc 1d -- -- -- -- 70 dc -- 5c 9d 2c 1f eb 3b 62 97 d5 -- -- -- --  a -- -- d6  e -- -- -- -- -- 9f 68 -- 77 -- -- -- -- -- -- 37  b f3 24 -- -- -- f0 92 -- -- -- -- -- --  7 -- -- a4 -- --  5 -- a5 e4 f6 a0 -- -- 38 -- -- 9c -- 66 -- 23 -- -- 29 -- -- -- f2 -- 28 -- -- -- -- -- -- -- -- -- 4e 33 fa -- 72 50 -- -- -- 52 -- -- 49 -- -- -- 

solutions so far:0 maxDepth:9 
iterations:11728509  skipped: 18 
Depth skipped: 
0 0 18 0 0 0 0 0 0 0 0 0 0 0 0 0 0 0 0 0 0 0 0 0 0 0 0 0 0 0 0 0 

running time: 1500 sec
 depth:8
 0  1  2  3  4  5  6  7  8  9  a  b  c  d  e  f 10 11 12 13 14 15 16 17 18 19 1a 1b 1c 1d 1e 1f 20 21 22 23 24 25 26 27 28 29 2a 2b 2c 2d 2e 2f 30 31 32 33 34 35 36 37 38 39 3a 3b 3c 3d 3e 3f 40 41 42 43 44 45 46 47 48 49 4a 4b 4c 4d 4e 4f 50 51 52 53 54 55 56 57 58 59 5a 5b 5c 5d 5e 5f 60 61 62 63 64 65 66 67 68 69 6a 6b 6c 6d 6e 6f 70 71 72 73 74 75 76 77 78 79 7a 7b 7c 7d 7e 7f 80 81 82 83 84 85 86 87 88 89 8a 8b 8c 8d 8e 8f 90 91 92 93 94 95 96 97 98 99 9a 9b 9c 9d 9e 9f a0 a1 a2 a3 a4 a5 a6 a7 a8 a9 aa ab ac ad ae af b0 b1 b2 b3 b4 b5 b6 b7 b8 b9 ba bb bc bd be bf c0 c1 c2 c3 c4 c5 c6 c7 c8 c9 ca cb cc cd ce cf d0 d1 d2 d3 d4 d5 d6 d7 d8 d9 da db dc dd de df e0 e1 e2 e3 e4 e5 e6 e7 e8 e9 ea eb ec ed ee ef f0 f1 f2 f3 f4 f5 f6 f7 f8 f9 fa fb fc fd fe ff 
 0  1  2 76  4 bc ec 2a  8 39 af  c  f 83 54 29 10 1a 72 24 89 6f 18 -- 1e 7c d1 -- a8 -- 52 -- 20 -- 34 -- e4 9d 48 4f c5 77 de -- 30 -- -- 14 3c -- f8 -- 75 -- -- -- 87 d7 -- -- a4 f9 -- 7a 40 a0 -- -- 68 -- -- b9 1f -- ed 6e 90 55 9e 2f 5d -- ee -- 6b -- -- -- 60 57 -- -- -- 8b 28 -- 78 -- -- -- 27 -- -- db ea 7b -- ef -- -- -- -- d9 16 79 53 -- -- -- -- 9f a3 25 -- -- -- f4 -- 80 -- 97 3d -- -- -- -- d0 -- --  a -- -- a5 cc 3e -- -- --  d 12 dc -- f7  6 aa ff eb 3b 5e 15 ba -- -- --  b c2 -- -- d6 9c -- -- -- -- -- 86 c0 -- ae -- -- -- -- -- -- 37 c1 fc 50 -- -- b7 f0 7e -- b0 -- -- -- -- 4e -- -- 43 -- -- 61 --  3 94 f6 e1 -- --  9 -- --  5 -- 66 -- f5 -- -- 65 -- 2c -- f2 -- a6 -- -- -- -- -- -- -- -- -- e9 33 91 -- 4a 9b -- -- -- ca -- -- 3f 58 -- -- 

solutions so far:0 maxDepth:9 
iterations:14252128  skipped: 21 
Depth skipped: 
0 0 21 0 0 0 0 0 0 0 0 0 0 0 0 0 0 0 0 0 0 0 0 0 0 0 0 0 0 0 0 0 

running time: 1800 sec
 depth:8
 0  1  2  3  4  5  6  7  8  9  a  b  c  d  e  f 10 11 12 13 14 15 16 17 18 19 1a 1b 1c 1d 1e 1f 20 21 22 23 24 25 26 27 28 29 2a 2b 2c 2d 2e 2f 30 31 32 33 34 35 36 37 38 39 3a 3b 3c 3d 3e 3f 40 41 42 43 44 45 46 47 48 49 4a 4b 4c 4d 4e 4f 50 51 52 53 54 55 56 57 58 59 5a 5b 5c 5d 5e 5f 60 61 62 63 64 65 66 67 68 69 6a 6b 6c 6d 6e 6f 70 71 72 73 74 75 76 77 78 79 7a 7b 7c 7d 7e 7f 80 81 82 83 84 85 86 87 88 89 8a 8b 8c 8d 8e 8f 90 91 92 93 94 95 96 97 98 99 9a 9b 9c 9d 9e 9f a0 a1 a2 a3 a4 a5 a6 a7 a8 a9 aa ab ac ad ae af b0 b1 b2 b3 b4 b5 b6 b7 b8 b9 ba bb bc bd be bf c0 c1 c2 c3 c4 c5 c6 c7 c8 c9 ca cb cc cd ce cf d0 d1 d2 d3 d4 d5 d6 d7 d8 d9 da db dc dd de df e0 e1 e2 e3 e4 e5 e6 e7 e8 e9 ea eb ec ed ee ef f0 f1 f2 f3 f4 f5 f6 f7 f8 f9 fa fb fc fd fe ff 
 0  1  2 76  4 ae ec e4  8 21 8b 95  f 63 1f e1 10 6a 42 ce c1 6f fd -- 1e d2 c6 -- 3e -- 15 -- 20 -- d4 -- 84 93 4b 4f 55 2b de -- 2d -- -- 65 3c -- 73 -- 5b -- -- -- 7c d7 -- -- 2a 61 --  6 40 86 -- -- 7f -- -- 51 df -- f1 6e 96 6d 9e c0 aa -- 56 -- 6b -- -- -- 5a bf -- -- -- 85 ca -- 78 -- -- -- e6 -- --  9 b6 7b -- 6c -- -- -- -- f8 8f 79 48 -- -- -- -- 54 d1 c2 -- -- --  c -- 80 -- db  3 -- -- -- -- fe -- -- d9 -- -- a2 cc 69 -- -- -- 35 67 dc -- fb a1 da 9b eb 3b 57 72 83 -- -- -- ac 24 -- -- d6 36 -- -- -- -- -- ef b4 -- a9 -- -- -- -- -- -- 37 dd 60 43 -- -- c3 f0 30 -- 8a -- -- -- -- 1b -- -- 9c -- -- 12 -- bb a6 f6 39 -- -- d8 -- -- 87 -- 66 -- ea -- -- 27 -- c9 -- f2 -- 90 -- -- -- -- -- -- -- -- -- a8 33 75 -- 53 f7 -- -- -- 4e -- -- 18 45 -- -- 

solutions so far:0 maxDepth:9 
iterations:16795691  skipped: 29 
Depth skipped: 
0 0 29 0 0 0 0 0 0 0 0 0 0 0 0 0 0 0 0 0 0 0 0 0 0 0 0 0 0 0 0 0 

running time: 2100 sec
 depth:7
 0  1  2  3  4  5  6  7  8  9  a  b  c  d  e  f 10 11 12 13 14 15 16 17 18 19 1a 1b 1c 1d 1e 1f 20 21 22 23 24 25 26 27 28 29 2a 2b 2c 2d 2e 2f 30 31 32 33 34 35 36 37 38 39 3a 3b 3c 3d 3e 3f 40 41 42 43 44 45 46 47 48 49 4a 4b 4c 4d 4e 4f 50 51 52 53 54 55 56 57 58 59 5a 5b 5c 5d 5e 5f 60 61 62 63 64 65 66 67 68 69 6a 6b 6c 6d 6e 6f 70 71 72 73 74 75 76 77 78 79 7a 7b 7c 7d 7e 7f 80 81 82 83 84 85 86 87 88 89 8a 8b 8c 8d 8e 8f 90 91 92 93 94 95 96 97 98 99 9a 9b 9c 9d 9e 9f a0 a1 a2 a3 a4 a5 a6 a7 a8 a9 aa ab ac ad ae af b0 b1 b2 b3 b4 b5 b6 b7 b8 b9 ba bb bc bd be bf c0 c1 c2 c3 c4 c5 c6 c7 c8 c9 ca cb cc cd ce cf d0 d1 d2 d3 d4 d5 d6 d7 d8 d9 da db dc dd de df e0 e1 e2 e3 e4 e5 e6 e7 e8 e9 ea eb ec ed ee ef f0 f1 f2 f3 f4 f5 f6 f7 f8 f9 fa fb fc fd fe ff 
 0  1  2 76  4 a2 ec 64  8 39 93 5e  f 7a c8 b4 10 -- 72 24 f1 6f bc -- 1e 7c f4 -- 47 -- bf -- 20 -- -- -- e4 -- 48 4f 35 -- de -- af -- -- 63 3c -- f8 -- 3f -- -- -- 8e d7 -- -- a9 a1 -- ac 40 b6 -- -- -- -- -- -- 1f -- -- 6e 90 f5 9e c3 6a -- -- -- 6b -- -- -- 89 5d -- -- -- a3 c6 -- 78 -- -- -- 27 -- -- e2 7e 7b -- ef -- -- -- -- cb -- 79 4c -- -- -- -- 85 7f 95 -- -- -- 8f -- 80 -- bb 56 -- -- -- -- -- -- -- da -- -- -- cc 3e -- -- -- -- 12 dc -- f7 2f 3d 5a eb 3b 51 32 d4 -- -- -- -- 26 -- -- d6 9c -- -- -- -- -- 71 c5 -- ba -- -- -- -- -- -- 37 91 8a 5b -- -- -- f0 45 -- -- -- -- -- -- 4e -- -- d3 -- -- 13 -- fc 2d f6 19 -- --  9 -- -- 6d -- 66 -- 2b -- -- 41 -- -- -- f2 -- 98 -- -- -- -- -- -- -- -- -- dd 33 fe -- fd e7 -- -- -- 82 -- -- c9 -- -- -- 

solutions so far:0 maxDepth:9 
iterations:19529631  skipped: 35 
Depth skipped: 
0 0 35 0 0 0 0 0 0 0 0 0 0 0 0 0 0 0 0 0 0 0 0 0 0 0 0 0 0 0 0 0 

running time: 2400 sec
 depth:6
 0  1  2  3  4  5  6  7  8  9  a  b  c  d  e  f 10 11 12 13 14 15 16 17 18 19 1a 1b 1c 1d 1e 1f 20 21 22 23 24 25 26 27 28 29 2a 2b 2c 2d 2e 2f 30 31 32 33 34 35 36 37 38 39 3a 3b 3c 3d 3e 3f 40 41 42 43 44 45 46 47 48 49 4a 4b 4c 4d 4e 4f 50 51 52 53 54 55 56 57 58 59 5a 5b 5c 5d 5e 5f 60 61 62 63 64 65 66 67 68 69 6a 6b 6c 6d 6e 6f 70 71 72 73 74 75 76 77 78 79 7a 7b 7c 7d 7e 7f 80 81 82 83 84 85 86 87 88 89 8a 8b 8c 8d 8e 8f 90 91 92 93 94 95 96 97 98 99 9a 9b 9c 9d 9e 9f a0 a1 a2 a3 a4 a5 a6 a7 a8 a9 aa ab ac ad ae af b0 b1 b2 b3 b4 b5 b6 b7 b8 b9 ba bb bc bd be bf c0 c1 c2 c3 c4 c5 c6 c7 c8 c9 ca cb cc cd ce cf d0 d1 d2 d3 d4 d5 d6 d7 d8 d9 da db dc dd de df e0 e1 e2 e3 e4 e5 e6 e7 e8 e9 ea eb ec ed ee ef f0 f1 f2 f3 f4 f5 f6 f7 f8 f9 fa fb fc fd fe ff 
 0  1  2 76  4 91 ec 4e  8 7f f5 4a  f 28 9c -- 10 -- fe f1 3d 6f 94 -- 1e 8f 50 -- ef -- -- -- 20 -- -- -- 2b -- 35 4f 7a -- de -- ff -- -- -- 3c -- c9 -- a0 -- -- --  9 d7 -- -- -- -- -- bc 40 -- -- -- -- -- -- -- 56 -- -- 6e 6a  a 9e ba f4 -- -- -- 6b -- -- -- 29 a4 -- -- -- e9 -- -- 78 -- -- -- 45 -- -- 39 97 7b -- 51 -- -- -- -- 12 -- 79 1f -- -- -- -- -- 7e -- -- -- -- af -- 80 -- -- 5e -- -- -- -- -- -- -- -- -- -- -- cc ac -- -- -- -- 93 dc -- d4 25 14 -- eb 3b a3 27 3f -- -- -- -- e4 -- -- d6 c3 -- -- -- -- -- f7 52 -- 9f -- -- -- -- -- -- 37  5 5d -- -- -- -- f0 c5 -- -- -- -- -- -- 8a -- -- 90 -- -- 72 -- f9 -- f6 f8 -- -- a2 -- -- -- -- 66 -- 2f -- -- 24 -- -- -- f2 -- 3e -- -- -- -- -- -- -- -- -- -- 33 fc -- -- 7c -- -- -- 48 -- -- 89 -- -- -- 

solutions so far:0 maxDepth:9 
iterations:23145800  skipped: 41 
Depth skipped: 
0 0 41 0 0 0 0 0 0 0 0 0 0 0 0 0 0 0 0 0 0 0 0 0 0 0 0 0 0 0 0 0 

running time: 2700 sec
 depth:7
 0  1  2  3  4  5  6  7  8  9  a  b  c  d  e  f 10 11 12 13 14 15 16 17 18 19 1a 1b 1c 1d 1e 1f 20 21 22 23 24 25 26 27 28 29 2a 2b 2c 2d 2e 2f 30 31 32 33 34 35 36 37 38 39 3a 3b 3c 3d 3e 3f 40 41 42 43 44 45 46 47 48 49 4a 4b 4c 4d 4e 4f 50 51 52 53 54 55 56 57 58 59 5a 5b 5c 5d 5e 5f 60 61 62 63 64 65 66 67 68 69 6a 6b 6c 6d 6e 6f 70 71 72 73 74 75 76 77 78 79 7a 7b 7c 7d 7e 7f 80 81 82 83 84 85 86 87 88 89 8a 8b 8c 8d 8e 8f 90 91 92 93 94 95 96 97 98 99 9a 9b 9c 9d 9e 9f a0 a1 a2 a3 a4 a5 a6 a7 a8 a9 aa ab ac ad ae af b0 b1 b2 b3 b4 b5 b6 b7 b8 b9 ba bb bc bd be bf c0 c1 c2 c3 c4 c5 c6 c7 c8 c9 ca cb cc cd ce cf d0 d1 d2 d3 d4 d5 d6 d7 d8 d9 da db dc dd de df e0 e1 e2 e3 e4 e5 e6 e7 e8 e9 ea eb ec ed ee ef f0 f1 f2 f3 f4 f5 f6 f7 f8 f9 fa fb fc fd fe ff 
 0  1  2 76  4 82 ec 94  8  6 d3 8a  f 2b ff a1 10 --  c d1 71 6f c3 -- 1e c0 56 -- 29 -- 95 -- 20 -- -- -- 18 -- 75 4f e2 -- de -- 51 -- -- a9 3c -- 57 -- ac -- -- -- 52 d7 -- -- fd 63 -- 32 40 6d -- -- -- -- -- -- 30 -- -- 6e ea 7f 9e cb 13 -- -- -- 6b -- -- -- a2 f1 -- -- -- 6a 85 -- 78 -- -- -- ae -- -- 14 8f 7b -- 55 -- -- -- -- a4 -- 79 a0 -- -- -- -- 2d 4c c6 -- -- -- 64 -- 80 -- da 19 -- -- -- -- -- -- -- bf -- -- -- cc 60 -- -- -- -- 83 dc --  3 45 fe bb eb 3b 41 4a 26 -- -- -- -- 50 -- -- d6 c1 -- -- -- -- --  a 93 -- 35 -- -- -- -- -- -- 37 d4 8e dd -- -- -- f0 47 -- -- -- -- -- -- 8b -- --  5 -- -- 28 -- c9 b6 f6 25 -- -- aa -- -- b4 -- 66 -- e7 -- -- 9f -- -- -- f2 -- 97 -- -- -- -- -- -- -- -- -- 5a 33 98 -- 5b f9 -- -- -- e9 -- -- c8 -- -- -- 

solutions so far:0 maxDepth:9 
iterations:26576050  skipped: 47 
Depth skipped: 
0 0 47 0 0 0 0 0 0 0 0 0 0 0 0 0 0 0 0 0 0 0 0 0 0 0 0 0 0 0 0 0 

running time: 3000 sec
 depth:7
 0  1  2  3  4  5  6  7  8  9  a  b  c  d  e  f 10 11 12 13 14 15 16 17 18 19 1a 1b 1c 1d 1e 1f 20 21 22 23 24 25 26 27 28 29 2a 2b 2c 2d 2e 2f 30 31 32 33 34 35 36 37 38 39 3a 3b 3c 3d 3e 3f 40 41 42 43 44 45 46 47 48 49 4a 4b 4c 4d 4e 4f 50 51 52 53 54 55 56 57 58 59 5a 5b 5c 5d 5e 5f 60 61 62 63 64 65 66 67 68 69 6a 6b 6c 6d 6e 6f 70 71 72 73 74 75 76 77 78 79 7a 7b 7c 7d 7e 7f 80 81 82 83 84 85 86 87 88 89 8a 8b 8c 8d 8e 8f 90 91 92 93 94 95 96 97 98 99 9a 9b 9c 9d 9e 9f a0 a1 a2 a3 a4 a5 a6 a7 a8 a9 aa ab ac ad ae af b0 b1 b2 b3 b4 b5 b6 b7 b8 b9 ba bb bc bd be bf c0 c1 c2 c3 c4 c5 c6 c7 c8 c9 ca cb cc cd ce cf d0 d1 d2 d3 d4 d5 d6 d7 d8 d9 da db dc dd de df e0 e1 e2 e3 e4 e5 e6 e7 e8 e9 ea eb ec ed ee ef f0 f1 f2 f3 f4 f5 f6 f7 f8 f9 fa fb fc fd fe ff 
 0  1  2 76  4 61 ec d2  8  7 c2 4a  f 28 73 e4 10 --  e 1d 53 6f 94 -- 1e e0 50 -- e6 -- 1f -- 20 -- -- -- 1c -- 3a 4f a6 -- de -- ff -- -- 9c 3c -- 17 -- a0 -- -- -- 1b d7 -- -- 3e 48 -- 87 40 12 -- -- -- -- -- -- 38 -- -- 6e 74  a 9e 86 9b -- -- -- 6b -- -- -- 29 a4 -- -- -- e9 ef -- 78 -- -- -- 2e -- -- 4b 97 7b -- a7 -- -- -- -- 36 -- 79 21 -- -- -- -- 7c 15 90 -- -- -- d9 -- 80 -- 24 a8 -- -- -- -- -- -- -- 4e -- -- -- cc 70 -- -- -- -- e5 dc -- e8 25 14 72 eb 3b db 69 e1 -- -- -- -- fb -- -- d6 b8 -- -- -- -- -- ce 52 -- 9f -- -- -- -- -- -- 37  5 43  9 -- -- -- f0 ca -- -- -- -- -- -- 5c -- -- 67 -- -- 96 -- f9 39 f6 df -- -- 99 -- -- 27 -- 66 -- 54 -- -- 6c -- -- -- f2 -- 42 -- -- -- -- -- -- -- -- -- f8 33 2a -- f7 84 -- -- -- d8 -- -- 65 -- -- -- 

solutions so far:0 maxDepth:9 
iterations:30492668  skipped: 56 
Depth skipped: 
0 0 56 0 0 0 0 0 0 0 0 0 0 0 0 0 0 0 0 0 0 0 0 0 0 0 0 0 0 0 0 0 

running time: 3300 sec
 depth:7
 0  1  2  3  4  5  6  7  8  9  a  b  c  d  e  f 10 11 12 13 14 15 16 17 18 19 1a 1b 1c 1d 1e 1f 20 21 22 23 24 25 26 27 28 29 2a 2b 2c 2d 2e 2f 30 31 32 33 34 35 36 37 38 39 3a 3b 3c 3d 3e 3f 40 41 42 43 44 45 46 47 48 49 4a 4b 4c 4d 4e 4f 50 51 52 53 54 55 56 57 58 59 5a 5b 5c 5d 5e 5f 60 61 62 63 64 65 66 67 68 69 6a 6b 6c 6d 6e 6f 70 71 72 73 74 75 76 77 78 79 7a 7b 7c 7d 7e 7f 80 81 82 83 84 85 86 87 88 89 8a 8b 8c 8d 8e 8f 90 91 92 93 94 95 96 97 98 99 9a 9b 9c 9d 9e 9f a0 a1 a2 a3 a4 a5 a6 a7 a8 a9 aa ab ac ad ae af b0 b1 b2 b3 b4 b5 b6 b7 b8 b9 ba bb bc bd be bf c0 c1 c2 c3 c4 c5 c6 c7 c8 c9 ca cb cc cd ce cf d0 d1 d2 d3 d4 d5 d6 d7 d8 d9 da db dc dd de df e0 e1 e2 e3 e4 e5 e6 e7 e8 e9 ea eb ec ed ee ef f0 f1 f2 f3 f4 f5 f6 f7 f8 f9 fa fb fc fd fe ff 
 0  1  2 76  4 51 ec f9  8 73 a2 91  f af 25 1d 10 -- e6 84 93 6f f5 -- 1e d8 89 -- 4a -- 3a -- 20 -- -- -- 1b -- df 4f f1 -- de -- 3d -- -- 38 3c -- 67 -- c5 -- -- -- 94 d7 -- -- 74 5c -- 56 40 17 -- -- -- -- -- -- 36 -- -- 6e 69 5e 9e 8a 35 -- -- -- 6b -- -- -- 7a 3f -- -- -- fc 70 -- 78 -- -- -- ce -- -- e9 5d 7b -- fb -- -- -- -- ff -- 79 14 -- -- -- -- e8 d4 b8 -- -- -- ac -- 80 -- 2e 2b -- -- -- -- -- -- -- 1c -- -- -- cc 6c -- -- -- -- 42 dc -- d2 a3 bc e5 eb 3b c3 97 6a -- -- -- --  a -- -- d6 96 -- -- -- -- -- 9f f4 -- 7e -- -- -- -- -- -- 37 2f 45 e0 -- -- -- f0 c9 -- -- -- -- -- -- 4b -- -- a4 -- --  5 -- ba 99 f6 a0 -- -- 21 -- --  e -- 66 -- fe -- -- 29 -- -- -- f2 -- 28 -- -- -- -- -- -- -- -- --  7 33 7f -- a7 50 -- -- -- 52 -- -- 8f -- -- -- 

solutions so far:0 maxDepth:9 
iterations:33986583  skipped: 61 
Depth skipped: 
0 0 61 0 0 0 0 0 0 0 0 0 0 0 0 0 0 0 0 0 0 0 0 0 0 0 0 0 0 0 0 0 

running time: 3600 sec
 depth:7
 0  1  2  3  4  5  6  7  8  9  a  b  c  d  e  f 10 11 12 13 14 15 16 17 18 19 1a 1b 1c 1d 1e 1f 20 21 22 23 24 25 26 27 28 29 2a 2b 2c 2d 2e 2f 30 31 32 33 34 35 36 37 38 39 3a 3b 3c 3d 3e 3f 40 41 42 43 44 45 46 47 48 49 4a 4b 4c 4d 4e 4f 50 51 52 53 54 55 56 57 58 59 5a 5b 5c 5d 5e 5f 60 61 62 63 64 65 66 67 68 69 6a 6b 6c 6d 6e 6f 70 71 72 73 74 75 76 77 78 79 7a 7b 7c 7d 7e 7f 80 81 82 83 84 85 86 87 88 89 8a 8b 8c 8d 8e 8f 90 91 92 93 94 95 96 97 98 99 9a 9b 9c 9d 9e 9f a0 a1 a2 a3 a4 a5 a6 a7 a8 a9 aa ab ac ad ae af b0 b1 b2 b3 b4 b5 b6 b7 b8 b9 ba bb bc bd be bf c0 c1 c2 c3 c4 c5 c6 c7 c8 c9 ca cb cc cd ce cf d0 d1 d2 d3 d4 d5 d6 d7 d8 d9 da db dc dd de df e0 e1 e2 e3 e4 e5 e6 e7 e8 e9 ea eb ec ed ee ef f0 f1 f2 f3 f4 f5 f6 f7 f8 f9 fa fb fc fd fe ff 
 0  1  2 76  4 46 ec  6  8 9a 8c a0  f e9  c 85 10 -- e3 ad cf 6f 97 -- 1e 88  5 -- 18 -- dd -- 20 -- -- -- 11 -- 8d 4f 49 -- de -- f9 -- -- b6 3c -- c7 --  a -- -- -- 30 d7 -- -- 6d 2d -- be 40 95 -- -- -- -- -- -- 22 -- -- 6e cd a4 9e fa 92 -- -- -- 6b -- -- -- 25 94 -- -- -- 29 bb -- 78 -- -- -- 59 -- -- c1 14 7b -- b1 -- -- -- -- 60 -- 79 83 -- -- -- -- da 31 5a -- -- -- ab -- 80 -- fd 5f -- -- -- -- -- -- -- 5b -- -- -- cc 44 -- -- -- -- bd dc -- 4d 50 9f a9 eb 3b 23  3 f3 -- -- -- -- aa -- -- d6 b3 -- -- -- -- -- 8b 4a -- ff -- -- -- -- -- -- 37 52 7d a1 -- -- -- f0 d5 -- -- -- -- -- -- b2 -- -- ae -- -- 55 -- 28 bf f6 ea -- -- b5 -- -- c6 -- 66 -- c4 -- -- c0 -- -- -- f2 -- d1 -- -- -- -- -- -- -- -- -- 63 33 62 -- b4 75 -- -- -- 57 -- -- 81 -- -- -- 

solutions so far:0 maxDepth:9 
iterations:37522689  skipped: 65 
Depth skipped: 
0 0 65 0 0 0 0 0 0 0 0 0 0 0 0 0 0 0 0 0 0 0 0 0 0 0 0 0 0 0 0 0 

running time: 3900 sec
 depth:6
 0  1  2  3  4  5  6  7  8  9  a  b  c  d  e  f 10 11 12 13 14 15 16 17 18 19 1a 1b 1c 1d 1e 1f 20 21 22 23 24 25 26 27 28 29 2a 2b 2c 2d 2e 2f 30 31 32 33 34 35 36 37 38 39 3a 3b 3c 3d 3e 3f 40 41 42 43 44 45 46 47 48 49 4a 4b 4c 4d 4e 4f 50 51 52 53 54 55 56 57 58 59 5a 5b 5c 5d 5e 5f 60 61 62 63 64 65 66 67 68 69 6a 6b 6c 6d 6e 6f 70 71 72 73 74 75 76 77 78 79 7a 7b 7c 7d 7e 7f 80 81 82 83 84 85 86 87 88 89 8a 8b 8c 8d 8e 8f 90 91 92 93 94 95 96 97 98 99 9a 9b 9c 9d 9e 9f a0 a1 a2 a3 a4 a5 a6 a7 a8 a9 aa ab ac ad ae af b0 b1 b2 b3 b4 b5 b6 b7 b8 b9 ba bb bc bd be bf c0 c1 c2 c3 c4 c5 c6 c7 c8 c9 ca cb cc cd ce cf d0 d1 d2 d3 d4 d5 d6 d7 d8 d9 da db dc dd de df e0 e1 e2 e3 e4 e5 e6 e7 e8 e9 ea eb ec ed ee ef f0 f1 f2 f3 f4 f5 f6 f7 f8 f9 fa fb fc fd fe ff 
 0  1  2 76  4 38 ec 6d  8  d 70 14  f 52 da -- 10 -- 1a b9 e0 6f 28 -- 1e 77 a4 -- 63 -- -- -- 20 -- -- -- 34 -- a5 4f 17 -- de -- 50 -- -- -- 3c -- ee -- 9f -- -- -- c6 d7 -- -- -- -- -- 1d 40 -- -- -- -- -- -- -- 68 -- -- 6e 9d ff 9e  e 2e -- -- -- 6b -- -- -- a0 f9 -- -- -- 4a -- -- 78 -- -- --  b -- -- fd e9 7b -- 58 -- -- -- -- 5b -- 79 b4 -- -- -- -- -- b8 -- -- -- -- 3a -- 80 -- -- e5 -- -- -- -- -- -- -- -- -- -- -- cc d0 -- -- -- -- b7 dc -- ed  a 29 -- eb 3b 1c dd 5c -- -- -- -- 5a -- -- d6 2c -- -- -- -- -- 95 97 -- 25 -- -- -- -- -- -- 37 94  7 -- -- -- -- f0 e8 -- -- -- -- -- -- 16 -- -- a1 -- -- 2d --  5 -- f6 85 -- -- b0 -- -- -- -- 66 -- 99 -- -- b6 -- -- -- f2 -- bf -- -- -- -- -- -- -- -- -- -- 33 a7 -- -- a9 -- -- -- bb -- -- 74 -- -- -- 

solutions so far:0 maxDepth:10 
iterations:40837831  skipped: 68 
Depth skipped: 
0 0 68 0 0 0 0 0 0 0 0 0 0 0 0 0 0 0 0 0 0 0 0 0 0 0 0 0 0 0 0 0 

running time: 4200 sec
 depth:7
 0  1  2  3  4  5  6  7  8  9  a  b  c  d  e  f 10 11 12 13 14 15 16 17 18 19 1a 1b 1c 1d 1e 1f 20 21 22 23 24 25 26 27 28 29 2a 2b 2c 2d 2e 2f 30 31 32 33 34 35 36 37 38 39 3a 3b 3c 3d 3e 3f 40 41 42 43 44 45 46 47 48 49 4a 4b 4c 4d 4e 4f 50 51 52 53 54 55 56 57 58 59 5a 5b 5c 5d 5e 5f 60 61 62 63 64 65 66 67 68 69 6a 6b 6c 6d 6e 6f 70 71 72 73 74 75 76 77 78 79 7a 7b 7c 7d 7e 7f 80 81 82 83 84 85 86 87 88 89 8a 8b 8c 8d 8e 8f 90 91 92 93 94 95 96 97 98 99 9a 9b 9c 9d 9e 9f a0 a1 a2 a3 a4 a5 a6 a7 a8 a9 aa ab ac ad ae af b0 b1 b2 b3 b4 b5 b6 b7 b8 b9 ba bb bc bd be bf c0 c1 c2 c3 c4 c5 c6 c7 c8 c9 ca cb cc cd ce cf d0 d1 d2 d3 d4 d5 d6 d7 d8 d9 da db dc dd de df e0 e1 e2 e3 e4 e5 e6 e7 e8 e9 ea eb ec ed ee ef f0 f1 f2 f3 f4 f5 f6 f7 f8 f9 fa fb fc fd fe ff 
 0  1  2 76  4 26 ec 9d  8 e0 4c f4  f ba ed 3e 10 -- 17  e 98 6f 3f -- 1e a7 a3 --  d -- 7c -- 20 -- -- -- 2e -- 1c 4f e7 -- de -- 7e -- --  9 3c -- 99 -- 91 -- -- -- 1a d7 -- -- f8 f7 -- cb 40 48 -- -- -- -- -- -- 5c -- -- 6e 38 c5 9e e2 19 -- -- -- 6b -- -- -- fc 5e -- -- -- af 12 -- 78 -- -- -- e5 -- --  b f5 7b -- 74 -- -- -- -- 34 -- 79 58 -- -- -- -- 27 64 39 -- -- -- 41 -- 80 -- 90 8e -- -- -- -- -- -- -- ef -- -- -- cc b8 -- -- -- --  7 dc -- 70 7a 5d 1f eb 3b 13 a5 32 -- -- -- -- 2c -- -- d6 3a -- -- -- -- -- ee 2f -- bc -- -- -- -- -- -- 37 89 71 24 -- -- -- f0 d3 -- -- -- -- -- -- 1d -- -- 77 -- -- 16 -- 3d e4 f6 b9 -- -- e8 -- -- 9c -- 66 -- 47 -- -- 68 -- -- -- f2 -- b0 -- -- -- -- -- -- -- -- -- 4e 33 c8 -- 72 b7 -- -- -- d0 -- -- 82 -- -- -- 

solutions so far:0 maxDepth:10 
iterations:44902786  skipped: 74 
Depth skipped: 
0 0 74 0 0 0 0 0 0 0 0 0 0 0 0 0 0 0 0 0 0 0 0 0 0 0 0 0 0 0 0 0 

running time: 4500 sec
 depth:7
 0  1  2  3  4  5  6  7  8  9  a  b  c  d  e  f 10 11 12 13 14 15 16 17 18 19 1a 1b 1c 1d 1e 1f 20 21 22 23 24 25 26 27 28 29 2a 2b 2c 2d 2e 2f 30 31 32 33 34 35 36 37 38 39 3a 3b 3c 3d 3e 3f 40 41 42 43 44 45 46 47 48 49 4a 4b 4c 4d 4e 4f 50 51 52 53 54 55 56 57 58 59 5a 5b 5c 5d 5e 5f 60 61 62 63 64 65 66 67 68 69 6a 6b 6c 6d 6e 6f 70 71 72 73 74 75 76 77 78 79 7a 7b 7c 7d 7e 7f 80 81 82 83 84 85 86 87 88 89 8a 8b 8c 8d 8e 8f 90 91 92 93 94 95 96 97 98 99 9a 9b 9c 9d 9e 9f a0 a1 a2 a3 a4 a5 a6 a7 a8 a9 aa ab ac ad ae af b0 b1 b2 b3 b4 b5 b6 b7 b8 b9 ba bb bc bd be bf c0 c1 c2 c3 c4 c5 c6 c7 c8 c9 ca cb cc cd ce cf d0 d1 d2 d3 d4 d5 d6 d7 d8 d9 da db dc dd de df e0 e1 e2 e3 e4 e5 e6 e7 e8 e9 ea eb ec ed ee ef f0 f1 f2 f3 f4 f5 f6 f7 f8 f9 fa fb fc fd fe ff 
 0  1  2 76  4 18 ec 12  8 67 30  7  f 99 24 e2 10 -- ce 1b 60 6f  e -- 1e 21 e5 -- 48 -- 13 -- 20 -- -- -- 4b -- 36 4f c0 -- de -- 1c -- -- 32 3c -- 42 -- 1d -- -- -- 90 d7 -- -- 26 cb -- 83 40 47 -- -- -- -- -- -- 96 -- -- 6e 6c b8 9e  6 57 -- -- -- 6b -- -- -- 38 e0 -- -- -- 2e 64 -- 78 -- -- -- 84 -- -- 3e 3a 7b -- d2 -- -- -- -- f7 -- 79 27 -- -- -- -- 4c 8b 41 -- -- -- d1 -- 80 -- 8e aa -- -- -- -- -- -- -- 19 -- -- -- cc fb -- -- -- -- e6 dc -- d8 e8 a7 71 eb 3b  c  9 ae -- -- -- -- f8 -- -- d6 69 -- -- -- -- -- 1f 70 -- 17 -- -- -- -- -- -- 37 5c  3 c8 -- -- -- f0 ea -- -- -- -- -- -- df -- -- e4 -- -- 7c -- 74 d3 f6 ef -- -- 73 -- -- e7 -- 66 -- 55 -- -- 39 -- -- -- f2 -- 4e -- -- -- -- -- -- -- -- -- 98 33 c1 -- 82 9c -- -- -- 72 -- -- 75 -- -- -- 

solutions so far:0 maxDepth:10 
iterations:48767188  skipped: 78 
Depth skipped: 
0 0 78 0 0 0 0 0 0 0 0 0 0 0 0 0 0 0 0 0 0 0 0 0 0 0 0 0 0 0 0 0 

running time: 4800 sec

Finished. Total running time: 5045 sec
