Search S-boxes invariant for matrices: 
{0x00,0x02,0x04,0x06,0x08,0x0a,0x0c,0x0e,0x10,0x12,0x14,0x16,0x18,0x1a,0x1c,0x1e,0x20,0x22,0x24,0x26,0x28,0x2a,0x2c,0x2e,0x30,0x32,0x34,0x36,0x38,0x3a,0x3c,0x3e,0x40,0x42,0x44,0x46,0x48,0x4a,0x4c,0x4e,0x50,0x52,0x54,0x56,0x58,0x5a,0x5c,0x5e,0x60,0x62,0x64,0x66,0x68,0x6a,0x6c,0x6e,0x70,0x72,0x74,0x76,0x78,0x7a,0x7c,0x7e,0x80,0x82,0x84,0x86,0x88,0x8a,0x8c,0x8e,0x90,0x92,0x94,0x96,0x98,0x9a,0x9c,0x9e,0xa0,0xa2,0xa4,0xa6,0xa8,0xaa,0xac,0xae,0xb0,0xb2,0xb4,0xb6,0xb8,0xba,0xbc,0xbe,0xc0,0xc2,0xc4,0xc6,0xc8,0xca,0xcc,0xce,0xd0,0xd2,0xd4,0xd6,0xd8,0xda,0xdc,0xde,0xe0,0xe2,0xe4,0xe6,0xe8,0xea,0xec,0xee,0xf0,0xf2,0xf4,0xf6,0xf8,0xfa,0xfc,0xfe,0x39,0x3b,0x3d,0x3f,0x31,0x33,0x35,0x37,0x29,0x2b,0x2d,0x2f,0x21,0x23,0x25,0x27,0x19,0x1b,0x1d,0x1f,0x11,0x13,0x15,0x17,0x09,0x0b,0x0d,0x0f,0x01,0x03,0x05,0x07,0x79,0x7b,0x7d,0x7f,0x71,0x73,0x75,0x77,0x69,0x6b,0x6d,0x6f,0x61,0x63,0x65,0x67,0x59,0x5b,0x5d,0x5f,0x51,0x53,0x55,0x57,0x49,0x4b,0x4d,0x4f,0x41,0x43,0x45,0x47,0xb9,0xbb,0xbd,0xbf,0xb1,0xb3,0xb5,0xb7,0xa9,0xab,0xad,0xaf,0xa1,0xa3,0xa5,0xa7,0x99,0x9b,0x9d,0x9f,0x91,0x93,0x95,0x97,0x89,0x8b,0x8d,0x8f,0x81,0x83,0x85,0x87,0xf9,0xfb,0xfd,0xff,0xf1,0xf3,0xf5,0xf7,0xe9,0xeb,0xed,0xef,0xe1,0xe3,0xe5,0xe7,0xd9,0xdb,0xdd,0xdf,0xd1,0xd3,0xd5,0xd7,0xc9,0xcb,0xcd,0xcf,0xc1,0xc3,0xc5,0xc7};
{0x00,0x02,0x04,0x06,0x08,0x0a,0x0c,0x0e,0x10,0x12,0x14,0x16,0x18,0x1a,0x1c,0x1e,0x20,0x22,0x24,0x26,0x28,0x2a,0x2c,0x2e,0x30,0x32,0x34,0x36,0x38,0x3a,0x3c,0x3e,0x40,0x42,0x44,0x46,0x48,0x4a,0x4c,0x4e,0x50,0x52,0x54,0x56,0x58,0x5a,0x5c,0x5e,0x60,0x62,0x64,0x66,0x68,0x6a,0x6c,0x6e,0x70,0x72,0x74,0x76,0x78,0x7a,0x7c,0x7e,0x80,0x82,0x84,0x86,0x88,0x8a,0x8c,0x8e,0x90,0x92,0x94,0x96,0x98,0x9a,0x9c,0x9e,0xa0,0xa2,0xa4,0xa6,0xa8,0xaa,0xac,0xae,0xb0,0xb2,0xb4,0xb6,0xb8,0xba,0xbc,0xbe,0xc0,0xc2,0xc4,0xc6,0xc8,0xca,0xcc,0xce,0xd0,0xd2,0xd4,0xd6,0xd8,0xda,0xdc,0xde,0xe0,0xe2,0xe4,0xe6,0xe8,0xea,0xec,0xee,0xf0,0xf2,0xf4,0xf6,0xf8,0xfa,0xfc,0xfe,0xd7,0xd5,0xd3,0xd1,0xdf,0xdd,0xdb,0xd9,0xc7,0xc5,0xc3,0xc1,0xcf,0xcd,0xcb,0xc9,0xf7,0xf5,0xf3,0xf1,0xff,0xfd,0xfb,0xf9,0xe7,0xe5,0xe3,0xe1,0xef,0xed,0xeb,0xe9,0x97,0x95,0x93,0x91,0x9f,0x9d,0x9b,0x99,0x87,0x85,0x83,0x81,0x8f,0x8d,0x8b,0x89,0xb7,0xb5,0xb3,0xb1,0xbf,0xbd,0xbb,0xb9,0xa7,0xa5,0xa3,0xa1,0xaf,0xad,0xab,0xa9,0x57,0x55,0x53,0x51,0x5f,0x5d,0x5b,0x59,0x47,0x45,0x43,0x41,0x4f,0x4d,0x4b,0x49,0x77,0x75,0x73,0x71,0x7f,0x7d,0x7b,0x79,0x67,0x65,0x63,0x61,0x6f,0x6d,0x6b,0x69,0x17,0x15,0x13,0x11,0x1f,0x1d,0x1b,0x19,0x07,0x05,0x03,0x01,0x0f,0x0d,0x0b,0x09,0x37,0x35,0x33,0x31,0x3f,0x3d,0x3b,0x39,0x27,0x25,0x23,0x21,0x2f,0x2d,0x2b,0x29};



 depth:7
 0  1  2  3  4  5  6  7  8  9  a  b  c  d  e  f 10 11 12 13 14 15 16 17 18 19 1a 1b 1c 1d 1e 1f 20 21 22 23 24 25 26 27 28 29 2a 2b 2c 2d 2e 2f 30 31 32 33 34 35 36 37 38 39 3a 3b 3c 3d 3e 3f 40 41 42 43 44 45 46 47 48 49 4a 4b 4c 4d 4e 4f 50 51 52 53 54 55 56 57 58 59 5a 5b 5c 5d 5e 5f 60 61 62 63 64 65 66 67 68 69 6a 6b 6c 6d 6e 6f 70 71 72 73 74 75 76 77 78 79 7a 7b 7c 7d 7e 7f 80 81 82 83 84 85 86 87 88 89 8a 8b 8c 8d 8e 8f 90 91 92 93 94 95 96 97 98 99 9a 9b 9c 9d 9e 9f a0 a1 a2 a3 a4 a5 a6 a7 a8 a9 aa ab ac ad ae af b0 b1 b2 b3 b4 b5 b6 b7 b8 b9 ba bb bc bd be bf c0 c1 c2 c3 c4 c5 c6 c7 c8 c9 ca cb cc cd ce cf d0 d1 d2 d3 d4 d5 d6 d7 d8 d9 da db dc dd de df e0 e1 e2 e3 e4 e5 e6 e7 e8 e9 ea eb ec ed ee ef f0 f1 f2 f3 f4 f5 f6 f7 f8 f9 fa fb fc fd fe ff 
 0  1  2 71  4 f3 e2 af  8 b3 31 d1 13 ae 89 6e 10 -- b1 88 62 c8 75 -- 26 8d 8b -- c5 -- dc -- 20 -- -- -- b5 -- c7 4f c4 -- 47 -- ea -- -- f6 4c -- cd -- c1 -- -- -- 5d d7 -- -- 6f 1e -- fa 40 ec -- -- -- -- -- -- bd -- -- 32 59 c0 9e 49 5f -- -- -- 8e -- -- --  3  c -- -- -- 30 3b -- 98 -- -- -- 4d -- -- 7a 55 41 -- 11 -- -- -- -- ba -- 79 7e -- -- -- -- de ab 3c -- -- -- 23 -- 80 --  f 7d -- -- -- -- -- -- -- 7b -- -- -- cc ad -- -- -- -- 44 64 -- b2 83 57 37 eb d3 92 bc be -- -- -- -- 3f -- -- cb e3 -- -- -- -- -- 3d  6 -- 18 -- -- -- -- -- -- 19 60 cf 76 -- -- -- e7 8c -- -- -- -- -- -- 9a -- -- f5 -- -- f4 -- aa f0 82 5e -- -- 22 -- -- d6 -- 66 -- d5 -- -- a3 -- -- -- f2 -- fc -- -- -- -- -- -- -- -- -- 6b 33 81 -- 78 2f -- -- -- 91 -- -- 46 -- -- -- 

solutions so far:0 maxDepth:9 
iterations:2570664  skipped: 5 
Depth skipped: 
0 0 5 0 0 0 0 0 0 0 0 0 0 0 0 0 0 0 0 0 0 0 0 0 0 0 0 0 0 0 0 0 

running time: 300 sec
 depth:6
 0  1  2  3  4  5  6  7  8  9  a  b  c  d  e  f 10 11 12 13 14 15 16 17 18 19 1a 1b 1c 1d 1e 1f 20 21 22 23 24 25 26 27 28 29 2a 2b 2c 2d 2e 2f 30 31 32 33 34 35 36 37 38 39 3a 3b 3c 3d 3e 3f 40 41 42 43 44 45 46 47 48 49 4a 4b 4c 4d 4e 4f 50 51 52 53 54 55 56 57 58 59 5a 5b 5c 5d 5e 5f 60 61 62 63 64 65 66 67 68 69 6a 6b 6c 6d 6e 6f 70 71 72 73 74 75 76 77 78 79 7a 7b 7c 7d 7e 7f 80 81 82 83 84 85 86 87 88 89 8a 8b 8c 8d 8e 8f 90 91 92 93 94 95 96 97 98 99 9a 9b 9c 9d 9e 9f a0 a1 a2 a3 a4 a5 a6 a7 a8 a9 aa ab ac ad ae af b0 b1 b2 b3 b4 b5 b6 b7 b8 b9 ba bb bc bd be bf c0 c1 c2 c3 c4 c5 c6 c7 c8 c9 ca cb cc cd ce cf d0 d1 d2 d3 d4 d5 d6 d7 d8 d9 da db dc dd de df e0 e1 e2 e3 e4 e5 e6 e7 e8 e9 ea eb ec ed ee ef f0 f1 f2 f3 f4 f5 f6 f7 f8 f9 fa fb fc fd fe ff 
 0  1  2 71  4 e4 e2 8b  8  d 1f a4 13 25 c1 -- 10 -- 1a b9 3e c8 9f -- 26 77 4a -- 55 -- -- -- 20 -- -- -- 34 -- a5 4f 7c -- 47 -- e9 -- -- -- 4c -- ee -- 94 -- -- -- aa d7 -- -- -- -- -- 12 40 -- -- -- -- -- -- -- 68 -- -- 32 9d 97 9e 39 f8 -- -- -- 8e -- -- --  5 14 -- -- -- 50 -- -- 98 -- -- --  b -- --  6 ff 41 -- 58 -- -- -- -- 83 -- 79 30 -- -- -- -- -- 4e -- -- -- -- 24 -- 80 -- --  9 -- -- -- -- -- -- -- -- -- -- -- cc d0 -- -- -- -- b7 64 -- ed 52 f9 -- eb d3 72 ae 27 -- -- -- -- 18 -- -- cb 2c -- -- -- -- --  3  a -- 28 -- -- -- -- -- -- 19 a0 f7 -- -- -- -- e7 90 -- -- -- -- -- -- 16 -- -- ea -- --  c -- 29 -- 82 57 -- -- b0 -- -- -- -- 66 -- ef -- -- d1 -- -- -- f2 -- 60 -- -- -- -- -- -- -- -- -- -- 33 9c -- -- c0 -- -- -- 75 -- -- 48 -- -- -- 

solutions so far:0 maxDepth:9 
iterations:5433505  skipped: 10 
Depth skipped: 
0 0 10 0 0 0 0 0 0 0 0 0 0 0 0 0 0 0 0 0 0 0 0 0 0 0 0 0 0 0 0 0 

running time: 600 sec
 depth:6
 0  1  2  3  4  5  6  7  8  9  a  b  c  d  e  f 10 11 12 13 14 15 16 17 18 19 1a 1b 1c 1d 1e 1f 20 21 22 23 24 25 26 27 28 29 2a 2b 2c 2d 2e 2f 30 31 32 33 34 35 36 37 38 39 3a 3b 3c 3d 3e 3f 40 41 42 43 44 45 46 47 48 49 4a 4b 4c 4d 4e 4f 50 51 52 53 54 55 56 57 58 59 5a 5b 5c 5d 5e 5f 60 61 62 63 64 65 66 67 68 69 6a 6b 6c 6d 6e 6f 70 71 72 73 74 75 76 77 78 79 7a 7b 7c 7d 7e 7f 80 81 82 83 84 85 86 87 88 89 8a 8b 8c 8d 8e 8f 90 91 92 93 94 95 96 97 98 99 9a 9b 9c 9d 9e 9f a0 a1 a2 a3 a4 a5 a6 a7 a8 a9 aa ab ac ad ae af b0 b1 b2 b3 b4 b5 b6 b7 b8 b9 ba bb bc bd be bf c0 c1 c2 c3 c4 c5 c6 c7 c8 c9 ca cb cc cd ce cf d0 d1 d2 d3 d4 d5 d6 d7 d8 d9 da db dc dd de df e0 e1 e2 e3 e4 e5 e6 e7 e8 e9 ea eb ec ed ee ef f0 f1 f2 f3 f4 f5 f6 f7 f8 f9 fa fb fc fd fe ff 
 0  1  2 71  4 dd e2 af  8 55 6d 38 13 3a 89 -- 10 -- aa 57 da c8 70 -- 26 ea 74 -- c5 -- -- -- 20 -- -- -- 83 -- ae 4f 63 -- 47 -- e0 -- -- -- 4c --  3 -- e8 -- -- -- 5d d7 -- -- -- -- -- fd 40 -- -- -- -- -- -- -- d1 -- -- 32 8b e5 9e a9 c6 -- -- -- 8e -- -- -- 17 5c -- -- -- a7 -- -- 98 -- -- --  6 -- -- 7a  7 41 -- 30 -- -- -- -- ba -- 79 7e -- -- -- -- -- b6 -- -- -- -- 2d -- 80 -- -- 95 -- -- -- -- -- -- -- -- -- -- -- cc 75 -- -- -- -- c0 64 -- c1 1c 1d -- eb d3 85 bc 5b -- -- -- -- 3f -- -- cb 18 -- -- -- -- -- 3d 2e -- b8 -- -- -- -- -- -- 19 99 bf -- -- -- -- e7 b4 -- -- -- -- -- --  c -- -- f5 -- -- f4 --  e -- 82 5e -- -- 60 -- -- -- -- 66 -- a1 -- -- a3 -- -- -- f2 -- fc -- -- -- -- -- -- -- -- -- -- 33 bb -- -- 2f -- -- -- 91 -- -- 5a -- -- -- 

solutions so far:0 maxDepth:9 
iterations:7355746  skipped: 11 
Depth skipped: 
0 0 11 0 0 0 0 0 0 0 0 0 0 0 0 0 0 0 0 0 0 0 0 0 0 0 0 0 0 0 0 0 

running time: 900 sec
 depth:6
 0  1  2  3  4  5  6  7  8  9  a  b  c  d  e  f 10 11 12 13 14 15 16 17 18 19 1a 1b 1c 1d 1e 1f 20 21 22 23 24 25 26 27 28 29 2a 2b 2c 2d 2e 2f 30 31 32 33 34 35 36 37 38 39 3a 3b 3c 3d 3e 3f 40 41 42 43 44 45 46 47 48 49 4a 4b 4c 4d 4e 4f 50 51 52 53 54 55 56 57 58 59 5a 5b 5c 5d 5e 5f 60 61 62 63 64 65 66 67 68 69 6a 6b 6c 6d 6e 6f 70 71 72 73 74 75 76 77 78 79 7a 7b 7c 7d 7e 7f 80 81 82 83 84 85 86 87 88 89 8a 8b 8c 8d 8e 8f 90 91 92 93 94 95 96 97 98 99 9a 9b 9c 9d 9e 9f a0 a1 a2 a3 a4 a5 a6 a7 a8 a9 aa ab ac ad ae af b0 b1 b2 b3 b4 b5 b6 b7 b8 b9 ba bb bc bd be bf c0 c1 c2 c3 c4 c5 c6 c7 c8 c9 ca cb cc cd ce cf d0 d1 d2 d3 d4 d5 d6 d7 d8 d9 da db dc dd de df e0 e1 e2 e3 e4 e5 e6 e7 e8 e9 ea eb ec ed ee ef f0 f1 f2 f3 f4 f5 f6 f7 f8 f9 fa fb fc fd fe ff 
 0  1  2 71  4 d0 e2 e8  8 50 77 92 13 fa  7 -- 10 -- a0  5 ee c8 f3 -- 26 4a 23 --  e -- -- -- 20 -- -- -- 97 --  a 4f  b -- 47 -- 31 -- -- -- 4c -- 94 -- 46 -- -- -- 1c d7 -- -- -- -- -- a5 40 -- -- -- -- -- -- -- f9 -- -- 32 14 d5 9e 34 16 -- -- -- 8e -- -- -- 62 5f -- -- -- ab -- -- 98 -- -- -- ff -- -- 5c 8c 41 -- a4 -- -- -- -- 38 -- 79 99 -- -- -- -- -- 58 -- -- -- -- 9d -- 80 -- -- b9 -- -- -- -- -- -- -- -- -- -- -- cc 25 -- -- -- -- e9 64 -- 28 49 7d -- eb d3 68 74 2c -- -- -- -- a7 -- -- cb 52 -- -- -- -- -- 2e c4 -- be -- -- -- -- -- -- 19 81 1a -- -- -- -- e7  d -- -- -- -- -- -- 29 -- -- 17 -- -- b8 -- cf -- 82 3a -- -- 9f -- -- -- -- 66 -- b7 -- -- 70 -- -- -- f2 -- e5 -- -- -- -- -- -- -- -- -- -- 33 b0 -- -- 1d -- -- -- e0 -- -- ed -- -- -- 

solutions so far:0 maxDepth:10 
iterations:9365722  skipped: 15 
Depth skipped: 
0 0 15 0 0 0 0 0 0 0 0 0 0 0 0 0 0 0 0 0 0 0 0 0 0 0 0 0 0 0 0 0 

running time: 1200 sec
 depth:7
 0  1  2  3  4  5  6  7  8  9  a  b  c  d  e  f 10 11 12 13 14 15 16 17 18 19 1a 1b 1c 1d 1e 1f 20 21 22 23 24 25 26 27 28 29 2a 2b 2c 2d 2e 2f 30 31 32 33 34 35 36 37 38 39 3a 3b 3c 3d 3e 3f 40 41 42 43 44 45 46 47 48 49 4a 4b 4c 4d 4e 4f 50 51 52 53 54 55 56 57 58 59 5a 5b 5c 5d 5e 5f 60 61 62 63 64 65 66 67 68 69 6a 6b 6c 6d 6e 6f 70 71 72 73 74 75 76 77 78 79 7a 7b 7c 7d 7e 7f 80 81 82 83 84 85 86 87 88 89 8a 8b 8c 8d 8e 8f 90 91 92 93 94 95 96 97 98 99 9a 9b 9c 9d 9e 9f a0 a1 a2 a3 a4 a5 a6 a7 a8 a9 aa ab ac ad ae af b0 b1 b2 b3 b4 b5 b6 b7 b8 b9 ba bb bc bd be bf c0 c1 c2 c3 c4 c5 c6 c7 c8 c9 ca cb cc cd ce cf d0 d1 d2 d3 d4 d5 d6 d7 d8 d9 da db dc dd de df e0 e1 e2 e3 e4 e5 e6 e7 e8 e9 ea eb ec ed ee ef f0 f1 f2 f3 f4 f5 f6 f7 f8 f9 fa fb fc fd fe ff 
 0  1  2 71  4 c2 e2 b4  8 be 53 56 13 35 bf bd 10 -- ab 31 a6 c8 ac -- 26 fa 6a -- a9 -- ad -- 20 -- -- -- 81 -- 62 4f 9b -- 47 -- 8f -- -- 11 4c -- 23 -- d4 -- -- -- 85 d7 -- -- 8d 59 -- d9 40 88 -- -- -- -- -- -- d5 -- -- 32 c4 93 9e db e1 -- -- -- 8e -- -- -- c9 8a -- -- -- 51 22 -- 98 -- -- -- 46 -- -- 5b 7f 41 -- 49 -- -- -- -- dd -- 79 a1 -- -- -- -- cd 2a b2 -- -- -- 65 -- 80 -- c7 87 -- -- -- -- -- -- -- e3 -- -- -- cc 7d -- -- -- -- f3 64 -- 5f 2b f1 b5 eb d3 61 5a 15 -- -- -- -- bb -- -- cb cf -- -- -- -- -- c6 45 -- c3 -- -- -- -- -- -- 19 a2 86 44 -- -- -- e7 43 -- -- -- -- -- -- 8c -- -- 63 -- -- b6 -- fe b1 82 2d -- -- 92 -- -- 9a -- 66 -- a8 -- -- 6d -- -- -- f2 -- 95 -- -- -- -- -- -- -- -- -- 4d 33 54 -- b3 fd -- -- -- da -- -- ca -- -- -- 

solutions so far:0 maxDepth:10 
iterations:11886174  skipped: 18 
Depth skipped: 
0 0 18 0 0 0 0 0 0 0 0 0 0 0 0 0 0 0 0 0 0 0 0 0 0 0 0 0 0 0 0 0 

running time: 1500 sec
 depth:7
 0  1  2  3  4  5  6  7  8  9  a  b  c  d  e  f 10 11 12 13 14 15 16 17 18 19 1a 1b 1c 1d 1e 1f 20 21 22 23 24 25 26 27 28 29 2a 2b 2c 2d 2e 2f 30 31 32 33 34 35 36 37 38 39 3a 3b 3c 3d 3e 3f 40 41 42 43 44 45 46 47 48 49 4a 4b 4c 4d 4e 4f 50 51 52 53 54 55 56 57 58 59 5a 5b 5c 5d 5e 5f 60 61 62 63 64 65 66 67 68 69 6a 6b 6c 6d 6e 6f 70 71 72 73 74 75 76 77 78 79 7a 7b 7c 7d 7e 7f 80 81 82 83 84 85 86 87 88 89 8a 8b 8c 8d 8e 8f 90 91 92 93 94 95 96 97 98 99 9a 9b 9c 9d 9e 9f a0 a1 a2 a3 a4 a5 a6 a7 a8 a9 aa ab ac ad ae af b0 b1 b2 b3 b4 b5 b6 b7 b8 b9 ba bb bc bd be bf c0 c1 c2 c3 c4 c5 c6 c7 c8 c9 ca cb cc cd ce cf d0 d1 d2 d3 d4 d5 d6 d7 d8 d9 da db dc dd de df e0 e1 e2 e3 e4 e5 e6 e7 e8 e9 ea eb ec ed ee ef f0 f1 f2 f3 f4 f5 f6 f7 f8 f9 fa fb fc fd fe ff 
 0  1  2 71  4 b7 e2  e  8 7d b9 f6 13 dc 1c  3 10 -- fa be a5 c8 3b -- 26 cf 6f -- 38 --  6 -- 20 -- -- -- 23 -- ab 4f 9d -- 47 -- 76 -- -- 57 4c -- 49 -- de -- -- -- 70 d7 -- --  c aa -- 77 40 c1 -- -- -- -- -- -- 46 -- -- 32 81 37 9e 58 ed -- -- -- 8e -- -- -- ec 1e -- -- -- 78 ae -- 98 -- -- -- 92 -- -- a7 6b 41 -- 62 -- -- -- -- e0 -- 79 1d -- -- -- -- 18 1a 83 -- -- -- ee -- 80 -- 55 d0 -- -- -- -- -- -- -- c0 -- -- -- cc 8c -- -- -- -- 5f 64 -- d5 7b 6e ea eb d3 b0  7  d -- -- -- -- e5 -- -- cb 31 -- -- -- -- -- b8  f -- 3c -- -- -- -- -- -- 19 f0 2c 8b -- -- -- e7 16 -- -- -- -- -- -- f3 -- -- 5c -- -- 99 -- d6 75 82 e8 -- -- c4 -- -- 60 -- 66 -- 68 -- -- 17 -- -- -- f2 -- 3a -- -- -- -- -- -- -- -- -- 30 33 34 -- d1 74 -- -- -- 2e -- --  b -- -- -- 

solutions so far:0 maxDepth:10 
iterations:14636337  skipped: 23 
Depth skipped: 
0 0 23 0 0 0 0 0 0 0 0 0 0 0 0 0 0 0 0 0 0 0 0 0 0 0 0 0 0 0 0 0 

running time: 1800 sec
 depth:7
 0  1  2  3  4  5  6  7  8  9  a  b  c  d  e  f 10 11 12 13 14 15 16 17 18 19 1a 1b 1c 1d 1e 1f 20 21 22 23 24 25 26 27 28 29 2a 2b 2c 2d 2e 2f 30 31 32 33 34 35 36 37 38 39 3a 3b 3c 3d 3e 3f 40 41 42 43 44 45 46 47 48 49 4a 4b 4c 4d 4e 4f 50 51 52 53 54 55 56 57 58 59 5a 5b 5c 5d 5e 5f 60 61 62 63 64 65 66 67 68 69 6a 6b 6c 6d 6e 6f 70 71 72 73 74 75 76 77 78 79 7a 7b 7c 7d 7e 7f 80 81 82 83 84 85 86 87 88 89 8a 8b 8c 8d 8e 8f 90 91 92 93 94 95 96 97 98 99 9a 9b 9c 9d 9e 9f a0 a1 a2 a3 a4 a5 a6 a7 a8 a9 aa ab ac ad ae af b0 b1 b2 b3 b4 b5 b6 b7 b8 b9 ba bb bc bd be bf c0 c1 c2 c3 c4 c5 c6 c7 c8 c9 ca cb cc cd ce cf d0 d1 d2 d3 d4 d5 d6 d7 d8 d9 da db dc dd de df e0 e1 e2 e3 e4 e5 e6 e7 e8 e9 ea eb ec ed ee ef f0 f1 f2 f3 f4 f5 f6 f7 f8 f9 fa fb fc fd fe ff 
 0  1  2 71  4 a9 e2 d5  8 1e 85 44 13 cd 7d fe 10 -- 3c 3b dd c8 88 -- 26 6e 4d -- fa -- 2b -- 20 -- -- -- 78 -- 76 4f 6d -- 47 -- c7 -- -- 8a 4c -- dc -- 9a -- -- -- 23 d7 -- -- 56 f1 -- a1 40 a2 -- -- -- -- -- -- f0 -- -- 32 ec ad 9e b4 da -- -- -- 8e -- -- -- 59 b3 -- -- -- b5 c3 -- 98 -- -- -- 6f -- -- f3 e3 41 -- d6 -- -- -- -- 46 -- 79 c4 -- -- -- -- ac c6 35 -- -- -- 95 -- 80 -- 93 bb -- -- -- -- -- -- -- 45 -- -- -- cc 37 -- -- -- -- f6 64 --  f 22 8d 7f eb d3 bf 81 63 -- -- -- -- 62 -- -- cb 6b -- -- -- -- -- 92 b2 -- b1 -- -- -- -- -- -- 19 bd 5a 51 -- -- -- e7 2d -- -- -- -- -- -- de -- -- 49 -- -- 31 -- 11 d4 82 ab -- -- 7b -- -- c9 -- 66 -- b6 -- -- 8c -- -- -- f2 -- 5f -- -- -- -- -- -- -- -- -- 8f 33 5b -- 6a be -- -- -- cf -- -- fd -- -- -- 

solutions so far:0 maxDepth:10 
iterations:17735872  skipped: 28 
Depth skipped: 
0 0 28 0 0 0 0 0 0 0 0 0 0 0 0 0 0 0 0 0 0 0 0 0 0 0 0 0 0 0 0 0 

running time: 2100 sec
 depth:7
 0  1  2  3  4  5  6  7  8  9  a  b  c  d  e  f 10 11 12 13 14 15 16 17 18 19 1a 1b 1c 1d 1e 1f 20 21 22 23 24 25 26 27 28 29 2a 2b 2c 2d 2e 2f 30 31 32 33 34 35 36 37 38 39 3a 3b 3c 3d 3e 3f 40 41 42 43 44 45 46 47 48 49 4a 4b 4c 4d 4e 4f 50 51 52 53 54 55 56 57 58 59 5a 5b 5c 5d 5e 5f 60 61 62 63 64 65 66 67 68 69 6a 6b 6c 6d 6e 6f 70 71 72 73 74 75 76 77 78 79 7a 7b 7c 7d 7e 7f 80 81 82 83 84 85 86 87 88 89 8a 8b 8c 8d 8e 8f 90 91 92 93 94 95 96 97 98 99 9a 9b 9c 9d 9e 9f a0 a1 a2 a3 a4 a5 a6 a7 a8 a9 aa ab ac ad ae af b0 b1 b2 b3 b4 b5 b6 b7 b8 b9 ba bb bc bd be bf c0 c1 c2 c3 c4 c5 c6 c7 c8 c9 ca cb cc cd ce cf d0 d1 d2 d3 d4 d5 d6 d7 d8 d9 da db dc dd de df e0 e1 e2 e3 e4 e5 e6 e7 e8 e9 ea eb ec ed ee ef f0 f1 f2 f3 f4 f5 f6 f7 f8 f9 fa fb fc fd fe ff 
 0  1  2 71  4 9c e2 70  8 77 ef 6c 13 69 e0 55 10 -- ee 1a  9 c8 d8 -- 26 58 d2 -- 17 -- aa -- 20 -- -- --  b -- 34 4f 12 -- 47 -- 67 -- --  6 4c -- b0 -- 73 -- -- -- 2e d7 -- -- 83 c0 -- e4 40 30 -- -- -- -- -- -- 16 -- -- 32 68 84 9e 27 24 -- -- -- 8e -- -- -- ce 96 -- -- -- 21  c -- 98 -- -- -- b7 -- -- 1d e6 41 -- 9d -- -- -- -- 5c -- 79 e8 -- -- -- -- d1 90 57 -- -- -- 1f -- 80 -- 60 72 -- -- -- -- -- -- --  3 -- -- -- cc 2c -- -- -- --  d 64 -- d0 36 df c1 eb d3 4e 38 48 -- -- -- -- 74 -- -- cb a5 -- -- -- -- -- e5 4b -- fb -- -- -- -- -- -- 19 42 f8 18 -- -- -- e7 7c -- -- -- -- -- -- b9 -- -- 99 -- -- 3a -- 1b 8b 82 1c -- -- ed -- -- ea -- 66 -- 39 -- -- b8 -- -- -- f2 --  7 -- -- -- -- -- -- -- -- -- 75 33 f7 -- ae  e -- -- -- a7 -- -- 3e -- -- -- 

solutions so far:0 maxDepth:10 
iterations:20253852  skipped: 33 
Depth skipped: 
0 0 33 0 0 0 0 0 0 0 0 0 0 0 0 0 0 0 0 0 0 0 0 0 0 0 0 0 0 0 0 0 

running time: 2400 sec
 depth:7
 0  1  2  3  4  5  6  7  8  9  a  b  c  d  e  f 10 11 12 13 14 15 16 17 18 19 1a 1b 1c 1d 1e 1f 20 21 22 23 24 25 26 27 28 29 2a 2b 2c 2d 2e 2f 30 31 32 33 34 35 36 37 38 39 3a 3b 3c 3d 3e 3f 40 41 42 43 44 45 46 47 48 49 4a 4b 4c 4d 4e 4f 50 51 52 53 54 55 56 57 58 59 5a 5b 5c 5d 5e 5f 60 61 62 63 64 65 66 67 68 69 6a 6b 6c 6d 6e 6f 70 71 72 73 74 75 76 77 78 79 7a 7b 7c 7d 7e 7f 80 81 82 83 84 85 86 87 88 89 8a 8b 8c 8d 8e 8f 90 91 92 93 94 95 96 97 98 99 9a 9b 9c 9d 9e 9f a0 a1 a2 a3 a4 a5 a6 a7 a8 a9 aa ab ac ad ae af b0 b1 b2 b3 b4 b5 b6 b7 b8 b9 ba bb bc bd be bf c0 c1 c2 c3 c4 c5 c6 c7 c8 c9 ca cb cc cd ce cf d0 d1 d2 d3 d4 d5 d6 d7 d8 d9 da db dc dd de df e0 e1 e2 e3 e4 e5 e6 e7 e8 e9 ea eb ec ed ee ef f0 f1 f2 f3 f4 f5 f6 f7 f8 f9 fa fb fc fd fe ff 
 0  1  2 71  4 91 e2 ec  8  e f5 16 13 34  f 30 10 -- 1c 3a 3d c8 2c -- 26 17 68 -- 1e -- 60 -- 20 -- -- -- 38 -- 74 4f 7a -- 47 -- 58 -- -- 55 4c -- 2e -- d0 -- -- -- 3c d7 -- -- c0 ea -- bc 40 d1 -- -- -- -- -- -- 70 -- -- 32 e8  d 9e ba f4 -- -- -- 8e -- -- -- b0 b9 -- -- -- 9d aa -- 98 -- -- -- 5c -- -- 6f 77 41 -- 99 -- -- -- -- 78 -- 79 d6 -- -- -- -- 57 7e  3 -- -- -- af -- 80 -- 75 5e -- -- -- -- -- -- -- c1 -- -- -- cc e0 -- -- -- -- 1d 64 --  7  b 1a 18 eb d3 a3 76 3f -- -- -- -- 6b -- -- cb a7 -- -- -- -- -- dc b7 -- a5 -- -- -- -- -- -- 19 ed 5d 83 -- -- -- e7 c5 -- -- -- -- -- -- b8 -- -- 6e -- -- de -- ee  c 82 3b -- -- e5 -- -- 8b -- 66 -- 2f -- -- f0 -- -- -- f2 -- 7b -- -- -- -- -- -- -- -- -- ae 33 fc --  6 f6 -- -- -- 37 -- -- 89 -- -- -- 

solutions so far:0 maxDepth:10 
iterations:23384861  skipped: 35 
Depth skipped: 
0 0 35 0 0 0 0 0 0 0 0 0 0 0 0 0 0 0 0 0 0 0 0 0 0 0 0 0 0 0 0 0 

running time: 2700 sec
 depth:7
 0  1  2  3  4  5  6  7  8  9  a  b  c  d  e  f 10 11 12 13 14 15 16 17 18 19 1a 1b 1c 1d 1e 1f 20 21 22 23 24 25 26 27 28 29 2a 2b 2c 2d 2e 2f 30 31 32 33 34 35 36 37 38 39 3a 3b 3c 3d 3e 3f 40 41 42 43 44 45 46 47 48 49 4a 4b 4c 4d 4e 4f 50 51 52 53 54 55 56 57 58 59 5a 5b 5c 5d 5e 5f 60 61 62 63 64 65 66 67 68 69 6a 6b 6c 6d 6e 6f 70 71 72 73 74 75 76 77 78 79 7a 7b 7c 7d 7e 7f 80 81 82 83 84 85 86 87 88 89 8a 8b 8c 8d 8e 8f 90 91 92 93 94 95 96 97 98 99 9a 9b 9c 9d 9e 9f a0 a1 a2 a3 a4 a5 a6 a7 a8 a9 aa ab ac ad ae af b0 b1 b2 b3 b4 b5 b6 b7 b8 b9 ba bb bc bd be bf c0 c1 c2 c3 c4 c5 c6 c7 c8 c9 ca cb cc cd ce cf d0 d1 d2 d3 d4 d5 d6 d7 d8 d9 da db dc dd de df e0 e1 e2 e3 e4 e5 e6 e7 e8 e9 ea eb ec ed ee ef f0 f1 f2 f3 f4 f5 f6 f7 f8 f9 fa fb fc fd fe ff 
 0  1  2 71  4 84 e2 a0  8 bc df f3 13 23 97 8f 10 -- af 7e 69 c8 31 -- 26 ba 46 -- f9 -- c9 -- 20 -- -- -- 89 -- fc 4f d2 -- 47 -- 62 -- -- 93 4c -- a3 -- 8c -- -- -- 25 d7 -- -- 45 7f -- 67 40 6a -- -- -- -- -- -- c5 -- -- 32 2f 7d 9e 21 73 -- -- -- 8e -- -- -- c4 be -- -- -- 81 f1 -- 98 -- -- -- 91 -- -- a4 cf 41 -- 7a -- -- -- -- 4a -- 79  5 -- -- -- -- 8a 1b fe -- -- -- ce -- 80 -- d4 d8 -- -- -- -- -- -- -- a2 -- -- -- cc 5d -- -- -- -- 3f 64 -- 5e 92 fa ac eb d3 42 50 e6 -- -- -- -- e9 -- -- cb 3d -- -- -- -- -- 52 5f -- ab -- -- -- -- -- -- 19 d5 fb 35 -- -- -- e7 96 -- -- -- -- -- -- f5 -- -- 29 -- -- 9f -- 49 56 82 28 -- -- f4 -- -- 51 -- 66 -- 6c -- -- 94 -- -- -- f2 --  a -- -- -- -- -- -- -- -- -- c3 33 36 -- 2b 14 -- -- -- ff -- -- 4b -- -- -- 

solutions so far:0 maxDepth:10 
iterations:25898340  skipped: 39 
Depth skipped: 
0 0 39 0 0 0 0 0 0 0 0 0 0 0 0 0 0 0 0 0 0 0 0 0 0 0 0 0 0 0 0 0 

running time: 3000 sec
 depth:8
 0  1  2  3  4  5  6  7  8  9  a  b  c  d  e  f 10 11 12 13 14 15 16 17 18 19 1a 1b 1c 1d 1e 1f 20 21 22 23 24 25 26 27 28 29 2a 2b 2c 2d 2e 2f 30 31 32 33 34 35 36 37 38 39 3a 3b 3c 3d 3e 3f 40 41 42 43 44 45 46 47 48 49 4a 4b 4c 4d 4e 4f 50 51 52 53 54 55 56 57 58 59 5a 5b 5c 5d 5e 5f 60 61 62 63 64 65 66 67 68 69 6a 6b 6c 6d 6e 6f 70 71 72 73 74 75 76 77 78 79 7a 7b 7c 7d 7e 7f 80 81 82 83 84 85 86 87 88 89 8a 8b 8c 8d 8e 8f 90 91 92 93 94 95 96 97 98 99 9a 9b 9c 9d 9e 9f a0 a1 a2 a3 a4 a5 a6 a7 a8 a9 aa ab ac ad ae af b0 b1 b2 b3 b4 b5 b6 b7 b8 b9 ba bb bc bd be bf c0 c1 c2 c3 c4 c5 c6 c7 c8 c9 ca cb cc cd ce cf d0 d1 d2 d3 d4 d5 d6 d7 d8 d9 da db dc dd de df e0 e1 e2 e3 e4 e5 e6 e7 e8 e9 ea eb ec ed ee ef f0 f1 f2 f3 f4 f5 f6 f7 f8 f9 fa fb fc fd fe ff 
 0  1  2 71  4 70 e2 ca  8 bc e0 dc 13 1e 43 34 10 ae af 7e 17 c8 6f -- 26 ba 3c -- 86 -- 68 -- 20 -- 8b -- 89 60 fc 4f 2e aa 47 -- de -- -- 2c 4c -- a3 -- 78 -- -- -- db d7 -- -- d0 a5 -- 3a 40 b7 -- -- c1 -- -- 18 c5 -- c0 32 2f ec 9e 1c 5c -- 83 -- 8e -- -- -- 6b 7b -- -- -- 3b 58 -- 98 -- -- -- 91 -- -- e1 f0 41 -- 7a -- -- -- -- 61 75 79 54 -- -- -- -- 77 a7 9d -- -- -- 74 -- 80 -- b9 1d -- -- -- -- 55 -- -- 16 -- -- 30 cc 5d -- -- -- 57 3f 64 -- 5e 6e  f 1a eb d3 38 65 b8 -- -- -- d1 2a -- -- cb 3d -- -- -- -- -- 9b d6 -- f6 -- -- -- -- -- -- 19 76  e b0 -- --  c e7  7 --  6 -- -- -- -- f5 -- -- a6 -- -- 15 -- 37  d 82 d9 -- -- f4 -- --  b -- 66 -- e5 -- -- c2 -- ea -- f2 -- a8 -- -- -- -- -- -- -- -- -- ee 33 99 -- ed 87 -- -- -- 53 -- -- e8  3 -- -- 

solutions so far:0 maxDepth:10 
iterations:29413989  skipped: 45 
Depth skipped: 
0 0 45 0 0 0 0 0 0 0 0 0 0 0 0 0 0 0 0 0 0 0 0 0 0 0 0 0 0 0 0 0 

running time: 3300 sec
 depth:6
 0  1  2  3  4  5  6  7  8  9  a  b  c  d  e  f 10 11 12 13 14 15 16 17 18 19 1a 1b 1c 1d 1e 1f 20 21 22 23 24 25 26 27 28 29 2a 2b 2c 2d 2e 2f 30 31 32 33 34 35 36 37 38 39 3a 3b 3c 3d 3e 3f 40 41 42 43 44 45 46 47 48 49 4a 4b 4c 4d 4e 4f 50 51 52 53 54 55 56 57 58 59 5a 5b 5c 5d 5e 5f 60 61 62 63 64 65 66 67 68 69 6a 6b 6c 6d 6e 6f 70 71 72 73 74 75 76 77 78 79 7a 7b 7c 7d 7e 7f 80 81 82 83 84 85 86 87 88 89 8a 8b 8c 8d 8e 8f 90 91 92 93 94 95 96 97 98 99 9a 9b 9c 9d 9e 9f a0 a1 a2 a3 a4 a5 a6 a7 a8 a9 aa ab ac ad ae af b0 b1 b2 b3 b4 b5 b6 b7 b8 b9 ba bb bc bd be bf c0 c1 c2 c3 c4 c5 c6 c7 c8 c9 ca cb cc cd ce cf d0 d1 d2 d3 d4 d5 d6 d7 d8 d9 da db dc dd de df e0 e1 e2 e3 e4 e5 e6 e7 e8 e9 ea eb ec ed ee ef f0 f1 f2 f3 f4 f5 f6 f7 f8 f9 fa fb fc fd fe ff 
 0  1  2 71  4 5e e2 9d  8 46 bc 60 13 ea ed -- 10 -- 8c d5 af c8 c0 -- 26 f3  3 --  d -- -- -- 20 -- -- -- cf -- 7d 4f 89 -- 47 -- 57 -- -- -- 4c -- 31 --  6 -- -- -- 1a d7 -- -- -- -- -- 3d 40 -- -- -- -- -- -- -- 49 -- -- 32 fa d1 9e fc c5 -- -- -- 8e -- -- -- ae c1 -- -- -- aa -- -- 98 -- -- -- 62 -- --  b  c 41 -- be -- -- -- -- 34 -- 79 58 -- -- -- -- -- ba -- -- -- -- 7a -- 80 -- -- f5 -- -- -- -- -- -- -- -- -- -- -- cc 92 -- -- -- -- 81 64 -- 23 30 75 -- eb d3 2f a5 5d -- -- -- -- 2c -- -- cb 5f -- -- -- -- -- ee 8b -- 55 -- -- -- -- -- -- 19 83 7e -- -- -- -- e7 3f -- -- -- -- -- -- c4 -- -- 77 -- -- 16 -- 18 -- 82 b9 -- -- ab -- -- -- -- 66 -- 91 -- -- 68 -- -- -- f2 -- b0 -- -- -- -- -- -- -- -- -- -- 33 a3 -- -- b7 -- -- -- d0 -- -- f4 -- -- -- 

solutions so far:0 maxDepth:10 
iterations:32878078  skipped: 52 
Depth skipped: 
0 0 52 0 0 0 0 0 0 0 0 0 0 0 0 0 0 0 0 0 0 0 0 0 0 0 0 0 0 0 0 0 

running time: 3600 sec
 depth:7
 0  1  2  3  4  5  6  7  8  9  a  b  c  d  e  f 10 11 12 13 14 15 16 17 18 19 1a 1b 1c 1d 1e 1f 20 21 22 23 24 25 26 27 28 29 2a 2b 2c 2d 2e 2f 30 31 32 33 34 35 36 37 38 39 3a 3b 3c 3d 3e 3f 40 41 42 43 44 45 46 47 48 49 4a 4b 4c 4d 4e 4f 50 51 52 53 54 55 56 57 58 59 5a 5b 5c 5d 5e 5f 60 61 62 63 64 65 66 67 68 69 6a 6b 6c 6d 6e 6f 70 71 72 73 74 75 76 77 78 79 7a 7b 7c 7d 7e 7f 80 81 82 83 84 85 86 87 88 89 8a 8b 8c 8d 8e 8f 90 91 92 93 94 95 96 97 98 99 9a 9b 9c 9d 9e 9f a0 a1 a2 a3 a4 a5 a6 a7 a8 a9 aa ab ac ad ae af b0 b1 b2 b3 b4 b5 b6 b7 b8 b9 ba bb bc bd be bf c0 c1 c2 c3 c4 c5 c6 c7 c8 c9 ca cb cc cd ce cf d0 d1 d2 d3 d4 d5 d6 d7 d8 d9 da db dc dd de df e0 e1 e2 e3 e4 e5 e6 e7 e8 e9 ea eb ec ed ee ef f0 f1 f2 f3 f4 f5 f6 f7 f8 f9 fa fb fc fd fe ff 
 0  1  2 71  4 50 e2 65  8 31 a0 a9 13 95 ca 2f 10 -- 62 cf 97 c8 85 -- 26 ab fd -- 43 -- 5e -- 20 -- -- -- c4 -- 49 4f f9 -- 47 -- dd -- -- ba 4c -- 81 -- 2d -- -- -- 86 d7 -- -- bc 7a -- a4 40 f5 -- -- -- -- -- -- 5f -- -- 32 92 bb 9e 14 25 -- -- -- 8e -- -- -- 6d 63 -- -- -- 5b a3 -- 98 -- -- -- d5 -- -- 9b 5a 41 -- 23 -- -- -- -- db -- 79 2a -- -- -- -- af 94 f4 -- -- -- 9f -- 80 -- 3d 52 -- -- -- -- -- -- -- 5d -- -- -- cc be -- -- -- -- 8c 64 -- f3 bf a1 fc eb d3 28 d9 4a -- -- -- -- 15 -- -- cb fa -- -- -- -- -- a6 da -- c6 -- -- -- -- -- -- 19 b6  a 91 -- -- -- e7  5 -- -- -- -- -- -- 7d -- -- 53 -- -- e1 -- b4 7e 82 87 -- -- 46 -- -- c5 -- 66 -- 29 -- -- 61 -- -- -- f2 -- 54 -- -- -- -- -- -- -- -- -- 89 33 ff -- 3f a8 -- -- -- c2 -- -- e9 -- -- -- 

solutions so far:0 maxDepth:10 
iterations:36365402  skipped: 57 
Depth skipped: 
0 0 57 0 0 0 0 0 0 0 0 0 0 0 0 0 0 0 0 0 0 0 0 0 0 0 0 0 0 0 0 0 

running time: 3900 sec
 depth:8
 0  1  2  3  4  5  6  7  8  9  a  b  c  d  e  f 10 11 12 13 14 15 16 17 18 19 1a 1b 1c 1d 1e 1f 20 21 22 23 24 25 26 27 28 29 2a 2b 2c 2d 2e 2f 30 31 32 33 34 35 36 37 38 39 3a 3b 3c 3d 3e 3f 40 41 42 43 44 45 46 47 48 49 4a 4b 4c 4d 4e 4f 50 51 52 53 54 55 56 57 58 59 5a 5b 5c 5d 5e 5f 60 61 62 63 64 65 66 67 68 69 6a 6b 6c 6d 6e 6f 70 71 72 73 74 75 76 77 78 79 7a 7b 7c 7d 7e 7f 80 81 82 83 84 85 86 87 88 89 8a 8b 8c 8d 8e 8f 90 91 92 93 94 95 96 97 98 99 9a 9b 9c 9d 9e 9f a0 a1 a2 a3 a4 a5 a6 a7 a8 a9 aa ab ac ad ae af b0 b1 b2 b3 b4 b5 b6 b7 b8 b9 ba bb bc bd be bf c0 c1 c2 c3 c4 c5 c6 c7 c8 c9 ca cb cc cd ce cf d0 d1 d2 d3 d4 d5 d6 d7 d8 d9 da db dc dd de df e0 e1 e2 e3 e4 e5 e6 e7 e8 e9 ea eb ec ed ee ef f0 f1 f2 f3 f4 f5 f6 f7 f8 f9 fa fb fc fd fe ff 
 0  1  2 71  4 2f e2 c6  8 73 5e 94 13 50 5b 54 10 83 e6 84 bc c8 ff -- 26 d8 a0 -- b6 -- a8 -- 20 -- d1 -- 1b c1 df 4f af  3 47 -- 29 -- -- 86 4c -- 67 -- 97 -- -- -- bb d7 -- -- 87 a6 -- f5 40 c2 -- -- 75 -- -- ae 36 -- 55 32 69 14 9e 7e 89 --  6 -- 8e -- -- -- 52 9f -- -- --  5 db -- 98 -- -- -- ce -- -- b4 f9 41 -- fb -- -- -- -- a1 18 79 85 -- -- -- -- d9 5d 9b -- -- -- 3d -- 80 -- 53 91 -- -- -- -- ea -- -- 43 -- -- 8b cc 6c -- -- -- aa 42 64 -- d2 4a 28 2a eb d3 fc 63 c5 -- -- --  c a9 -- -- cb 96 -- -- -- -- -- 5a a4 -- e9 -- -- -- -- -- -- 19  a 3f 61 -- -- 57 e7 f4 -- c0 -- -- -- -- 4b -- -- 2d -- -- bf -- 25 15 82 da -- -- 21 -- -- ca -- 66 -- a3 -- -- 95 -- 30 -- f2 -- dd -- -- -- -- -- -- -- -- -- 65 33 ba -- e1 6d -- -- -- fd -- -- 7a 60 -- -- 

solutions so far:0 maxDepth:10 
iterations:40825516  skipped: 65 
Depth skipped: 
0 0 65 0 0 0 0 0 0 0 0 0 0 0 0 0 0 0 0 0 0 0 0 0 0 0 0 0 0 0 0 0 

running time: 4200 sec
 depth:6
 0  1  2  3  4  5  6  7  8  9  a  b  c  d  e  f 10 11 12 13 14 15 16 17 18 19 1a 1b 1c 1d 1e 1f 20 21 22 23 24 25 26 27 28 29 2a 2b 2c 2d 2e 2f 30 31 32 33 34 35 36 37 38 39 3a 3b 3c 3d 3e 3f 40 41 42 43 44 45 46 47 48 49 4a 4b 4c 4d 4e 4f 50 51 52 53 54 55 56 57 58 59 5a 5b 5c 5d 5e 5f 60 61 62 63 64 65 66 67 68 69 6a 6b 6c 6d 6e 6f 70 71 72 73 74 75 76 77 78 79 7a 7b 7c 7d 7e 7f 80 81 82 83 84 85 86 87 88 89 8a 8b 8c 8d 8e 8f 90 91 92 93 94 95 96 97 98 99 9a 9b 9c 9d 9e 9f a0 a1 a2 a3 a4 a5 a6 a7 a8 a9 aa ab ac ad ae af b0 b1 b2 b3 b4 b5 b6 b7 b8 b9 ba bb bc bd be bf c0 c1 c2 c3 c4 c5 c6 c7 c8 c9 ca cb cc cd ce cf d0 d1 d2 d3 d4 d5 d6 d7 d8 d9 da db dc dd de df e0 e1 e2 e3 e4 e5 e6 e7 e8 e9 ea eb ec ed ee ef f0 f1 f2 f3 f4 f5 f6 f7 f8 f9 fa fb fc fd fe ff 
 0  1  2 71  4 1c e2 2f  8 b9 38 15 13 61 5e -- 10 -- a5 2c 70 c8 2a -- 26 1a c2 -- bc -- -- -- 20 -- -- -- 9d -- 58 4f e0 -- 47 -- 54 -- -- -- 4c -- 34 -- 53 -- -- -- af d7 -- -- -- -- -- e5 40 -- -- -- -- -- -- -- ed -- -- 32 b0 86 9e  7 17 -- -- -- 8e -- -- -- a8 d9 -- -- -- ca -- -- 98 -- -- -- 68 -- -- 91 a6 41 -- ee -- -- -- -- 89 -- 79 7a -- -- -- -- -- 5c -- -- -- -- 1d -- 80 -- -- 99 -- -- -- -- -- -- -- -- -- -- -- cc  d -- -- -- -- 16 64 -- b7 e1 db -- eb d3  e fc 2e -- -- -- -- 3d -- -- cb 77 -- -- -- -- -- a3 87 -- 65 -- -- -- -- -- -- 19 43 e8 -- -- -- -- e7 74 -- -- -- -- -- -- d0 -- -- ba -- -- f5 -- 9b -- 82 7e -- --  b -- -- -- -- 66 -- a7 -- -- c5 -- -- -- f2 -- f4 -- -- -- -- -- -- -- -- -- -- 33 b8 -- -- 3f -- -- -- 5d -- -- 3a -- -- -- 

solutions so far:0 maxDepth:10 
iterations:45206061  skipped: 73 
Depth skipped: 
0 0 73 0 0 0 0 0 0 0 0 0 0 0 0 0 0 0 0 0 0 0 0 0 0 0 0 0 0 0 0 0 

running time: 4500 sec
 depth:7
 0  1  2  3  4  5  6  7  8  9  a  b  c  d  e  f 10 11 12 13 14 15 16 17 18 19 1a 1b 1c 1d 1e 1f 20 21 22 23 24 25 26 27 28 29 2a 2b 2c 2d 2e 2f 30 31 32 33 34 35 36 37 38 39 3a 3b 3c 3d 3e 3f 40 41 42 43 44 45 46 47 48 49 4a 4b 4c 4d 4e 4f 50 51 52 53 54 55 56 57 58 59 5a 5b 5c 5d 5e 5f 60 61 62 63 64 65 66 67 68 69 6a 6b 6c 6d 6e 6f 70 71 72 73 74 75 76 77 78 79 7a 7b 7c 7d 7e 7f 80 81 82 83 84 85 86 87 88 89 8a 8b 8c 8d 8e 8f 90 91 92 93 94 95 96 97 98 99 9a 9b 9c 9d 9e 9f a0 a1 a2 a3 a4 a5 a6 a7 a8 a9 aa ab ac ad ae af b0 b1 b2 b3 b4 b5 b6 b7 b8 b9 ba bb bc bd be bf c0 c1 c2 c3 c4 c5 c6 c7 c8 c9 ca cb cc cd ce cf d0 d1 d2 d3 d4 d5 d6 d7 d8 d9 da db dc dd de df e0 e1 e2 e3 e4 e5 e6 e7 e8 e9 ea eb ec ed ee ef f0 f1 f2 f3 f4 f5 f6 f7 f8 f9 fa fb fc fd fe ff 
 0  1  2 71  4  6 e2 86  8 34  c 89 13 7e db 42 10 -- 68 9d 18 c8 c5 -- 26  b fc -- 61 -- 84 -- 20 -- -- -- d0 -- ed 4f 30 -- 47 -- 5d -- -- 1b 4c -- 16 -- 2f -- -- -- c2 d7 -- -- df ce -- 55 40 d8 -- -- -- -- -- -- 77 -- -- 32  d f4 9e ea 60 -- -- -- 8e -- -- -- ba 91 -- -- -- 3d 36 -- 98 -- -- -- 2c -- -- 2a 5e 41 -- b7 -- -- -- -- 53 -- 79 87 -- -- -- -- 69 57 4b -- -- -- aa -- 80 -- 67 c1 -- -- -- -- -- -- -- e6 -- -- -- cc ee -- -- -- -- a5 64 -- 1a af 3f 21 eb d3  3 43 c0 -- -- -- -- a8 -- -- cb b0 -- -- -- -- -- 15 a3 -- f5 -- -- -- -- -- -- 19 7a 75 6c -- -- -- e7 d1 -- -- -- -- -- -- 58 -- -- e1 -- -- 54 -- bc fb 82 ca -- -- b9 -- -- 73 -- 66 -- 8b -- -- a6 -- -- -- f2 -- d9 -- -- -- -- -- -- -- -- -- d2 33 ae -- 96 65 -- -- -- 9b -- -- 83 -- -- -- 

solutions so far:0 maxDepth:10 
iterations:49111501  skipped: 79 
Depth skipped: 
0 0 79 0 0 0 0 0 0 0 0 0 0 0 0 0 0 0 0 0 0 0 0 0 0 0 0 0 0 0 0 0 

running time: 4800 sec

Finished. Total running time: 4816 sec
