Search S-boxes invariant for matrices: 
{0x00,0x02,0x04,0x06,0x08,0x0a,0x0c,0x0e,0x10,0x12,0x14,0x16,0x18,0x1a,0x1c,0x1e,0x20,0x22,0x24,0x26,0x28,0x2a,0x2c,0x2e,0x30,0x32,0x34,0x36,0x38,0x3a,0x3c,0x3e,0x40,0x42,0x44,0x46,0x48,0x4a,0x4c,0x4e,0x50,0x52,0x54,0x56,0x58,0x5a,0x5c,0x5e,0x60,0x62,0x64,0x66,0x68,0x6a,0x6c,0x6e,0x70,0x72,0x74,0x76,0x78,0x7a,0x7c,0x7e,0x80,0x82,0x84,0x86,0x88,0x8a,0x8c,0x8e,0x90,0x92,0x94,0x96,0x98,0x9a,0x9c,0x9e,0xa0,0xa2,0xa4,0xa6,0xa8,0xaa,0xac,0xae,0xb0,0xb2,0xb4,0xb6,0xb8,0xba,0xbc,0xbe,0xc0,0xc2,0xc4,0xc6,0xc8,0xca,0xcc,0xce,0xd0,0xd2,0xd4,0xd6,0xd8,0xda,0xdc,0xde,0xe0,0xe2,0xe4,0xe6,0xe8,0xea,0xec,0xee,0xf0,0xf2,0xf4,0xf6,0xf8,0xfa,0xfc,0xfe,0x39,0x3b,0x3d,0x3f,0x31,0x33,0x35,0x37,0x29,0x2b,0x2d,0x2f,0x21,0x23,0x25,0x27,0x19,0x1b,0x1d,0x1f,0x11,0x13,0x15,0x17,0x09,0x0b,0x0d,0x0f,0x01,0x03,0x05,0x07,0x79,0x7b,0x7d,0x7f,0x71,0x73,0x75,0x77,0x69,0x6b,0x6d,0x6f,0x61,0x63,0x65,0x67,0x59,0x5b,0x5d,0x5f,0x51,0x53,0x55,0x57,0x49,0x4b,0x4d,0x4f,0x41,0x43,0x45,0x47,0xb9,0xbb,0xbd,0xbf,0xb1,0xb3,0xb5,0xb7,0xa9,0xab,0xad,0xaf,0xa1,0xa3,0xa5,0xa7,0x99,0x9b,0x9d,0x9f,0x91,0x93,0x95,0x97,0x89,0x8b,0x8d,0x8f,0x81,0x83,0x85,0x87,0xf9,0xfb,0xfd,0xff,0xf1,0xf3,0xf5,0xf7,0xe9,0xeb,0xed,0xef,0xe1,0xe3,0xe5,0xe7,0xd9,0xdb,0xdd,0xdf,0xd1,0xd3,0xd5,0xd7,0xc9,0xcb,0xcd,0xcf,0xc1,0xc3,0xc5,0xc7};
{0x00,0x02,0x04,0x06,0x08,0x0a,0x0c,0x0e,0x10,0x12,0x14,0x16,0x18,0x1a,0x1c,0x1e,0x20,0x22,0x24,0x26,0x28,0x2a,0x2c,0x2e,0x30,0x32,0x34,0x36,0x38,0x3a,0x3c,0x3e,0x40,0x42,0x44,0x46,0x48,0x4a,0x4c,0x4e,0x50,0x52,0x54,0x56,0x58,0x5a,0x5c,0x5e,0x60,0x62,0x64,0x66,0x68,0x6a,0x6c,0x6e,0x70,0x72,0x74,0x76,0x78,0x7a,0x7c,0x7e,0x80,0x82,0x84,0x86,0x88,0x8a,0x8c,0x8e,0x90,0x92,0x94,0x96,0x98,0x9a,0x9c,0x9e,0xa0,0xa2,0xa4,0xa6,0xa8,0xaa,0xac,0xae,0xb0,0xb2,0xb4,0xb6,0xb8,0xba,0xbc,0xbe,0xc0,0xc2,0xc4,0xc6,0xc8,0xca,0xcc,0xce,0xd0,0xd2,0xd4,0xd6,0xd8,0xda,0xdc,0xde,0xe0,0xe2,0xe4,0xe6,0xe8,0xea,0xec,0xee,0xf0,0xf2,0xf4,0xf6,0xf8,0xfa,0xfc,0xfe,0xd7,0xd5,0xd3,0xd1,0xdf,0xdd,0xdb,0xd9,0xc7,0xc5,0xc3,0xc1,0xcf,0xcd,0xcb,0xc9,0xf7,0xf5,0xf3,0xf1,0xff,0xfd,0xfb,0xf9,0xe7,0xe5,0xe3,0xe1,0xef,0xed,0xeb,0xe9,0x97,0x95,0x93,0x91,0x9f,0x9d,0x9b,0x99,0x87,0x85,0x83,0x81,0x8f,0x8d,0x8b,0x89,0xb7,0xb5,0xb3,0xb1,0xbf,0xbd,0xbb,0xb9,0xa7,0xa5,0xa3,0xa1,0xaf,0xad,0xab,0xa9,0x57,0x55,0x53,0x51,0x5f,0x5d,0x5b,0x59,0x47,0x45,0x43,0x41,0x4f,0x4d,0x4b,0x49,0x77,0x75,0x73,0x71,0x7f,0x7d,0x7b,0x79,0x67,0x65,0x63,0x61,0x6f,0x6d,0x6b,0x69,0x17,0x15,0x13,0x11,0x1f,0x1d,0x1b,0x19,0x07,0x05,0x03,0x01,0x0f,0x0d,0x0b,0x09,0x37,0x35,0x33,0x31,0x3f,0x3d,0x3b,0x39,0x27,0x25,0x23,0x21,0x2f,0x2d,0x2b,0x29};



 depth:7
 0  1  2  3  4  5  6  7  8  9  a  b  c  d  e  f 10 11 12 13 14 15 16 17 18 19 1a 1b 1c 1d 1e 1f 20 21 22 23 24 25 26 27 28 29 2a 2b 2c 2d 2e 2f 30 31 32 33 34 35 36 37 38 39 3a 3b 3c 3d 3e 3f 40 41 42 43 44 45 46 47 48 49 4a 4b 4c 4d 4e 4f 50 51 52 53 54 55 56 57 58 59 5a 5b 5c 5d 5e 5f 60 61 62 63 64 65 66 67 68 69 6a 6b 6c 6d 6e 6f 70 71 72 73 74 75 76 77 78 79 7a 7b 7c 7d 7e 7f 80 81 82 83 84 85 86 87 88 89 8a 8b 8c 8d 8e 8f 90 91 92 93 94 95 96 97 98 99 9a 9b 9c 9d 9e 9f a0 a1 a2 a3 a4 a5 a6 a7 a8 a9 aa ab ac ad ae af b0 b1 b2 b3 b4 b5 b6 b7 b8 b9 ba bb bc bd be bf c0 c1 c2 c3 c4 c5 c6 c7 c8 c9 ca cb cc cd ce cf d0 d1 d2 d3 d4 d5 d6 d7 d8 d9 da db dc dd de df e0 e1 e2 e3 e4 e5 e6 e7 e8 e9 ea eb ec ed ee ef f0 f1 f2 f3 f4 f5 f6 f7 f8 f9 fa fb fc fd fe ff 
 0  1  2 75  4 f3 ea 35  8 47 31 e0  3 e8 6a 42 10 -- 8e 19 62 ae 17 --  6 d3  7 -- d4 -- 84 -- 20 -- -- -- cb -- 32 4f c4 -- 8b -- 2e -- -- 1b  c -- 71 --  e -- -- -- 7f d7 -- -- df ce -- fa 40 d8 -- -- -- -- -- -- 41 -- -- c0 64 3a 9e 49 5f -- -- -- c1 -- -- -- 5c a7 -- -- -- e5 36 -- 18 -- -- -- e2 -- -- c9 1c aa -- 4c -- -- -- -- fe -- 79 c3 -- -- -- -- 69 ab 4b -- -- -- 23 -- 80 -- 67 7d -- -- -- -- -- -- -- e6 -- -- -- cc 82 -- -- -- -- e7 57 -- c8 70 74 21 eb d1 92 f1 be -- -- -- -- 8a -- -- 55 26 -- -- -- -- -- 8f b8 -- 99 -- -- -- -- -- -- 60 1d cf 6c -- -- -- 30 8c -- -- -- -- -- -- 13 -- -- ac -- -- 45 -- 38 fb 83 93 -- -- 98 -- -- 73 -- 66 -- d5 -- -- 2b -- -- -- f2 -- 51 -- -- -- -- -- -- -- -- -- d2 33 81 -- 96 a2 -- -- -- 56 -- -- 46 -- -- -- 

solutions so far:0 maxDepth:9 
iterations:3061346  skipped: 6 
Depth skipped: 
0 0 6 0 0 0 0 0 0 0 0 0 0 0 0 0 0 0 0 0 0 0 0 0 0 0 0 0 0 0 0 0 

running time: 300 sec
 depth:7
 0  1  2  3  4  5  6  7  8  9  a  b  c  d  e  f 10 11 12 13 14 15 16 17 18 19 1a 1b 1c 1d 1e 1f 20 21 22 23 24 25 26 27 28 29 2a 2b 2c 2d 2e 2f 30 31 32 33 34 35 36 37 38 39 3a 3b 3c 3d 3e 3f 40 41 42 43 44 45 46 47 48 49 4a 4b 4c 4d 4e 4f 50 51 52 53 54 55 56 57 58 59 5a 5b 5c 5d 5e 5f 60 61 62 63 64 65 66 67 68 69 6a 6b 6c 6d 6e 6f 70 71 72 73 74 75 76 77 78 79 7a 7b 7c 7d 7e 7f 80 81 82 83 84 85 86 87 88 89 8a 8b 8c 8d 8e 8f 90 91 92 93 94 95 96 97 98 99 9a 9b 9c 9d 9e 9f a0 a1 a2 a3 a4 a5 a6 a7 a8 a9 aa ab ac ad ae af b0 b1 b2 b3 b4 b5 b6 b7 b8 b9 ba bb bc bd be bf c0 c1 c2 c3 c4 c5 c6 c7 c8 c9 ca cb cc cd ce cf d0 d1 d2 d3 d4 d5 d6 d7 d8 d9 da db dc dd de df e0 e1 e2 e3 e4 e5 e6 e7 e8 e9 ea eb ec ed ee ef f0 f1 f2 f3 f4 f5 f6 f7 f8 f9 fa fb fc fd fe ff 
 0  1  2 75  4 e4 ea 47  8 d8 1f c9  3 7f 8e 25 10 -- 67 e6 3e ae 45 --  6 fb fe -- cb -- 4a -- 20 -- -- -- ce -- 1b 4f 7c -- 8b -- 8a -- -- 9f  c -- 21 -- 2b -- -- -- 41 d7 -- -- 94 28 -- 12 40  a -- -- -- -- -- -- 4b -- -- c0 36 6a 9e 39 f8 -- -- -- c1 -- -- -- c3 a2 -- -- -- f1 e9 -- 18 -- -- -- 42 -- -- 26 56 aa -- 69 -- -- -- -- 82 -- 79 e7 -- -- -- -- ff 4e 50 -- -- -- 24 -- 80 -- 14  9 -- -- -- -- -- -- -- a4 -- -- -- cc 96 -- -- -- -- 73 57 -- 6c 8f d4 f9 eb d1 72 c8 27 -- -- -- -- 98 -- -- 55 df -- -- -- -- -- 13 51 -- 93 -- -- -- -- -- -- 60 35 f7  5 -- -- -- 30 90 -- -- -- -- -- -- 84 -- -- e2 -- -- 4c -- ac 97 83 64 -- -- d2 -- -- 52 -- 66 -- ef -- -- d3 -- -- -- f2 -- 19 -- -- -- -- -- -- -- -- -- 29 33 9c -- a0 32 -- -- -- 71 -- -- 48 -- -- -- 

solutions so far:0 maxDepth:9 
iterations:5774672  skipped: 10 
Depth skipped: 
0 0 10 0 0 0 0 0 0 0 0 0 0 0 0 0 0 0 0 0 0 0 0 0 0 0 0 0 0 0 0 0 

running time: 600 sec
 depth:7
 0  1  2  3  4  5  6  7  8  9  a  b  c  d  e  f 10 11 12 13 14 15 16 17 18 19 1a 1b 1c 1d 1e 1f 20 21 22 23 24 25 26 27 28 29 2a 2b 2c 2d 2e 2f 30 31 32 33 34 35 36 37 38 39 3a 3b 3c 3d 3e 3f 40 41 42 43 44 45 46 47 48 49 4a 4b 4c 4d 4e 4f 50 51 52 53 54 55 56 57 58 59 5a 5b 5c 5d 5e 5f 60 61 62 63 64 65 66 67 68 69 6a 6b 6c 6d 6e 6f 70 71 72 73 74 75 76 77 78 79 7a 7b 7c 7d 7e 7f 80 81 82 83 84 85 86 87 88 89 8a 8b 8c 8d 8e 8f 90 91 92 93 94 95 96 97 98 99 9a 9b 9c 9d 9e 9f a0 a1 a2 a3 a4 a5 a6 a7 a8 a9 aa ab ac ad ae af b0 b1 b2 b3 b4 b5 b6 b7 b8 b9 ba bb bc bd be bf c0 c1 c2 c3 c4 c5 c6 c7 c8 c9 ca cb cc cd ce cf d0 d1 d2 d3 d4 d5 d6 d7 d8 d9 da db dc dd de df e0 e1 e2 e3 e4 e5 e6 e7 e8 e9 ea eb ec ed ee ef f0 f1 f2 f3 f4 f5 f6 f7 f8 f9 fa fb fc fd fe ff 
 0  1  2 75  4 d4 ea e6  8 c8 7f a6  3 43 1b dd 10 -- 47 e7 fe ae 9b --  6 82 86 -- 36 -- 6d -- 20 -- -- -- 8e -- 19 4f 2b -- 8b -- e1 -- -- bb  c -- d3 -- db -- -- -- 6c d7 -- -- da 5a -- c3 40 fd -- -- -- -- -- -- cb -- -- c0 32 65 9e 35 56 -- -- -- c1 -- -- -- 15 54 -- -- -- 87 a1 -- 18 -- -- -- 71 -- -- fb 61 aa -- 26 -- -- -- -- d8 -- 79 84 -- -- -- -- 63 8f b4 -- -- -- 51 -- 80 -- 2d 8a -- -- -- -- -- -- -- b6 -- -- -- cc 41 -- -- -- -- 98 57 -- 64 53 ca 85 eb d1 6a 73 ac -- -- -- -- 42 -- -- 55 13 -- -- -- -- -- 96 2a -- a8 -- -- -- -- -- -- 60 d9 f1 95 -- -- -- 30 93 -- -- -- -- -- -- e2 -- -- 4b -- -- 21 -- c2 a9 83 d2 -- -- 4c -- -- 5b -- 66 -- 45 -- -- 67 -- -- -- f2 -- df -- -- -- -- -- -- -- -- -- c6 33 c9 -- bf 69 -- -- -- ce -- -- a2 -- -- -- 

solutions so far:0 maxDepth:9 
iterations:8180964  skipped: 17 
Depth skipped: 
0 0 17 0 0 0 0 0 0 0 0 0 0 0 0 0 0 0 0 0 0 0 0 0 0 0 0 0 0 0 0 0 

running time: 900 sec
 depth:6
 0  1  2  3  4  5  6  7  8  9  a  b  c  d  e  f 10 11 12 13 14 15 16 17 18 19 1a 1b 1c 1d 1e 1f 20 21 22 23 24 25 26 27 28 29 2a 2b 2c 2d 2e 2f 30 31 32 33 34 35 36 37 38 39 3a 3b 3c 3d 3e 3f 40 41 42 43 44 45 46 47 48 49 4a 4b 4c 4d 4e 4f 50 51 52 53 54 55 56 57 58 59 5a 5b 5c 5d 5e 5f 60 61 62 63 64 65 66 67 68 69 6a 6b 6c 6d 6e 6f 70 71 72 73 74 75 76 77 78 79 7a 7b 7c 7d 7e 7f 80 81 82 83 84 85 86 87 88 89 8a 8b 8c 8d 8e 8f 90 91 92 93 94 95 96 97 98 99 9a 9b 9c 9d 9e 9f a0 a1 a2 a3 a4 a5 a6 a7 a8 a9 aa ab ac ad ae af b0 b1 b2 b3 b4 b5 b6 b7 b8 b9 ba bb bc bd be bf c0 c1 c2 c3 c4 c5 c6 c7 c8 c9 ca cb cc cd ce cf d0 d1 d2 d3 d4 d5 d6 d7 d8 d9 da db dc dd de df e0 e1 e2 e3 e4 e5 e6 e7 e8 e9 ea eb ec ed ee ef f0 f1 f2 f3 f4 f5 f6 f7 f8 f9 fa fb fc fd fe ff 
 0  1  2 75  4 c8 ea 77  8 1e 47 5f  3 49 ee -- 10 -- 3c 3b 8e ae be --  6 6e 92 --  b -- -- -- 20 -- -- -- 78 -- 76 4f cb -- 8b -- ab -- -- --  c -- dc -- f3 -- -- -- 16 d7 -- -- -- -- -- 26 40 -- -- -- -- -- -- -- f0 -- -- c0 ec 8c 9e 32 41 -- -- -- c1 -- -- -- 81 7d -- -- -- 23 -- -- 18 -- -- -- 6f -- -- a5 31 aa -- d6 -- -- -- -- 2c -- 79  d -- -- -- -- -- d3 -- -- -- -- 4c -- 80 -- -- 13 -- -- -- -- -- -- -- -- -- -- -- cc 37 -- -- -- -- f6 57 --  f c4 cf -- eb d1 64 d0 82 -- -- -- -- ed -- -- 55 6b -- -- -- -- -- b9 d5 -- fa -- -- -- -- -- -- 60 46 19 -- -- -- -- 30 e7 -- -- -- -- -- -- de -- -- b7 -- -- 9d -- 62 -- 83 68 -- -- 7b -- -- -- -- 66 -- e2 -- -- 58 -- -- -- f2 -- 1a -- -- -- -- -- -- -- -- -- -- 33 71 -- -- 34 -- -- -- b0 -- -- 98 -- -- -- 

solutions so far:0 maxDepth:9 
iterations:11280071  skipped: 20 
Depth skipped: 
0 0 20 0 0 0 0 0 0 0 0 0 0 0 0 0 0 0 0 0 0 0 0 0 0 0 0 0 0 0 0 0 

running time: 1200 sec
 depth:6
 0  1  2  3  4  5  6  7  8  9  a  b  c  d  e  f 10 11 12 13 14 15 16 17 18 19 1a 1b 1c 1d 1e 1f 20 21 22 23 24 25 26 27 28 29 2a 2b 2c 2d 2e 2f 30 31 32 33 34 35 36 37 38 39 3a 3b 3c 3d 3e 3f 40 41 42 43 44 45 46 47 48 49 4a 4b 4c 4d 4e 4f 50 51 52 53 54 55 56 57 58 59 5a 5b 5c 5d 5e 5f 60 61 62 63 64 65 66 67 68 69 6a 6b 6c 6d 6e 6f 70 71 72 73 74 75 76 77 78 79 7a 7b 7c 7d 7e 7f 80 81 82 83 84 85 86 87 88 89 8a 8b 8c 8d 8e 8f 90 91 92 93 94 95 96 97 98 99 9a 9b 9c 9d 9e 9f a0 a1 a2 a3 a4 a5 a6 a7 a8 a9 aa ab ac ad ae af b0 b1 b2 b3 b4 b5 b6 b7 b8 b9 ba bb bc bd be bf c0 c1 c2 c3 c4 c5 c6 c7 c8 c9 ca cb cc cd ce cf d0 d1 d2 d3 d4 d5 d6 d7 d8 d9 da db dc dd de df e0 e1 e2 e3 e4 e5 e6 e7 e8 e9 ea eb ec ed ee ef f0 f1 f2 f3 f4 f5 f6 f7 f8 f9 fa fb fc fd fe ff 
 0  1  2 75  4 bd ea 27  8 19 ad a0  3 e9 4e -- 10 -- 32 26 8d ae 97 --  6 8e  5 -- 9c -- -- -- 20 -- -- -- 64 -- 4c 4f cd -- 8b -- f9 -- -- --  c -- cb --  a -- -- -- ef d7 -- -- -- -- -- 88 40 -- -- -- -- -- -- -- c8 -- -- c0 98 a4 9e b1 4d -- -- -- c1 -- -- -- 25 94 -- -- -- 29 -- -- 18 -- -- -- 41 -- -- f7 14 aa -- 71 -- -- -- --  9 -- 79 e4 -- -- -- -- -- e3 -- -- -- -- c7 -- 80 -- -- 44 -- -- -- -- -- -- -- -- -- -- -- cc 47 -- -- -- -- 13 57 -- e7 50 9f -- eb d1 b5 f8 9a -- -- -- -- 72 -- -- 55 d3 -- -- -- -- -- 90 4a -- ff -- -- -- -- -- -- 60 52 b3 -- -- -- -- 30 b2 -- -- -- -- -- -- 82 -- -- 48 -- -- 39 -- 28 -- 83 7c -- -- e2 -- -- -- -- 66 -- 22 -- -- 12 -- -- -- f2 -- 1f -- -- -- -- -- -- -- -- -- -- 33 11 -- -- 3e -- -- -- 24 -- -- 59 -- -- -- 

solutions so far:0 maxDepth:9 
iterations:13834812  skipped: 23 
Depth skipped: 
0 0 23 0 0 0 0 0 0 0 0 0 0 0 0 0 0 0 0 0 0 0 0 0 0 0 0 0 0 0 0 0 

running time: 1500 sec
 depth:7
 0  1  2  3  4  5  6  7  8  9  a  b  c  d  e  f 10 11 12 13 14 15 16 17 18 19 1a 1b 1c 1d 1e 1f 20 21 22 23 24 25 26 27 28 29 2a 2b 2c 2d 2e 2f 30 31 32 33 34 35 36 37 38 39 3a 3b 3c 3d 3e 3f 40 41 42 43 44 45 46 47 48 49 4a 4b 4c 4d 4e 4f 50 51 52 53 54 55 56 57 58 59 5a 5b 5c 5d 5e 5f 60 61 62 63 64 65 66 67 68 69 6a 6b 6c 6d 6e 6f 70 71 72 73 74 75 76 77 78 79 7a 7b 7c 7d 7e 7f 80 81 82 83 84 85 86 87 88 89 8a 8b 8c 8d 8e 8f 90 91 92 93 94 95 96 97 98 99 9a 9b 9c 9d 9e 9f a0 a1 a2 a3 a4 a5 a6 a7 a8 a9 aa ab ac ad ae af b0 b1 b2 b3 b4 b5 b6 b7 b8 b9 ba bb bc bd be bf c0 c1 c2 c3 c4 c5 c6 c7 c8 c9 ca cb cc cd ce cf d0 d1 d2 d3 d4 d5 d6 d7 d8 d9 da db dc dd de df e0 e1 e2 e3 e4 e5 e6 e7 e8 e9 ea eb ec ed ee ef f0 f1 f2 f3 f4 f5 f6 f7 f8 f9 fa fb fc fd fe ff 
 0  1  2 75  4 a7 ea d9  8 d2 99 9f  3 4a 65 2d 10 -- 73 42 e5 ae e9 --  6 6c 94 -- ca -- 5a -- 20 -- -- -- e6 -- 84 4f 1d -- 8b --  5 -- -- 6d  c -- d8 -- ff -- -- -- 43 d7 -- -- b4 b6 -- 38 40 c6 -- -- -- -- -- -- 1b -- -- c0 df f9 9e 5c 3a -- -- -- c1 -- -- --  a 28 -- -- -- a0 da -- 18 -- -- -- 67 -- -- a6 29 aa -- 96 -- -- -- -- 86 -- 79 15 -- -- -- -- bf e8 bb -- -- -- 70 -- 80 -- 5b 1c -- -- -- -- -- -- -- dd -- -- -- cc 36 -- -- -- -- 21 57 -- 69 a4 25 fd eb d1 b8 87 74 -- -- -- -- e1 -- -- 55 4b -- -- -- -- -- 53 14 -- 50 -- -- -- -- -- -- 60 97 2e 63 -- -- -- 30 17 -- -- -- -- -- -- ce -- -- c2 -- -- 9b -- 52 95 83 a8 -- -- fb -- -- 85 -- 66 --  e -- -- db -- -- -- f2 -- 2a -- -- -- -- -- -- -- -- -- a9 33  7 -- a1 54 -- -- -- 61 -- -- e0 -- -- -- 

solutions so far:0 maxDepth:9 
iterations:17182179  skipped: 30 
Depth skipped: 
0 0 30 0 0 0 0 0 0 0 0 0 0 0 0 0 0 0 0 0 0 0 0 0 0 0 0 0 0 0 0 0 

running time: 1800 sec
 depth:6
 0  1  2  3  4  5  6  7  8  9  a  b  c  d  e  f 10 11 12 13 14 15 16 17 18 19 1a 1b 1c 1d 1e 1f 20 21 22 23 24 25 26 27 28 29 2a 2b 2c 2d 2e 2f 30 31 32 33 34 35 36 37 38 39 3a 3b 3c 3d 3e 3f 40 41 42 43 44 45 46 47 48 49 4a 4b 4c 4d 4e 4f 50 51 52 53 54 55 56 57 58 59 5a 5b 5c 5d 5e 5f 60 61 62 63 64 65 66 67 68 69 6a 6b 6c 6d 6e 6f 70 71 72 73 74 75 76 77 78 79 7a 7b 7c 7d 7e 7f 80 81 82 83 84 85 86 87 88 89 8a 8b 8c 8d 8e 8f 90 91 92 93 94 95 96 97 98 99 9a 9b 9c 9d 9e 9f a0 a1 a2 a3 a4 a5 a6 a7 a8 a9 aa ab ac ad ae af b0 b1 b2 b3 b4 b5 b6 b7 b8 b9 ba bb bc bd be bf c0 c1 c2 c3 c4 c5 c6 c7 c8 c9 ca cb cc cd ce cf d0 d1 d2 d3 d4 d5 d6 d7 d8 d9 da db dc dd de df e0 e1 e2 e3 e4 e5 e6 e7 e8 e9 ea eb ec ed ee ef f0 f1 f2 f3 f4 f5 f6 f7 f8 f9 fa fb fc fd fe ff 
 0  1  2 75  4 9b ea 8d  8 af e1 8f  3 d4 cd -- 10 -- 89 fc 15 ae c9 --  6 a3 7f -- 4d -- -- -- 20 -- -- -- c5 -- 2f 4f 2a -- 8b -- 45 -- -- --  c -- 91 -- fe -- -- -- 9a d7 -- -- -- -- -- 43 40 -- -- -- -- -- -- -- 5d -- -- c0 5e 35 9e 53 54 -- -- -- c1 -- -- -- 8a 51 -- -- -- 93 -- -- 18 -- -- -- f5 -- -- c7 2b aa -- f4 -- -- -- -- e3 -- 79 b3 -- -- -- -- -- 87 -- -- -- -- 86 -- 80 -- -- ca -- -- -- -- -- -- -- -- -- -- -- cc ba -- -- -- -- 7e 57 -- bc ac 6a -- eb d1 a6 ad a8 -- -- -- -- b2 -- -- 55 7a -- -- -- -- -- 88 c3 -- a2 -- -- -- -- -- -- 60 f1 c2 -- -- -- -- 30 61 -- -- -- -- -- -- 3d -- -- 44 -- -- 59 -- 56 -- 83 bd -- -- 3f -- -- -- -- 66 -- 65 -- -- 11 -- -- -- f2 -- b1 -- -- -- -- -- -- -- -- -- -- 33 d9 -- -- b5 -- -- -- 22 -- -- db -- -- -- 

solutions so far:0 maxDepth:9 
iterations:19752354  skipped: 33 
Depth skipped: 
0 0 33 0 0 0 0 0 0 0 0 0 0 0 0 0 0 0 0 0 0 0 0 0 0 0 0 0 0 0 0 0 

running time: 2100 sec
 depth:7
 0  1  2  3  4  5  6  7  8  9  a  b  c  d  e  f 10 11 12 13 14 15 16 17 18 19 1a 1b 1c 1d 1e 1f 20 21 22 23 24 25 26 27 28 29 2a 2b 2c 2d 2e 2f 30 31 32 33 34 35 36 37 38 39 3a 3b 3c 3d 3e 3f 40 41 42 43 44 45 46 47 48 49 4a 4b 4c 4d 4e 4f 50 51 52 53 54 55 56 57 58 59 5a 5b 5c 5d 5e 5f 60 61 62 63 64 65 66 67 68 69 6a 6b 6c 6d 6e 6f 70 71 72 73 74 75 76 77 78 79 7a 7b 7c 7d 7e 7f 80 81 82 83 84 85 86 87 88 89 8a 8b 8c 8d 8e 8f 90 91 92 93 94 95 96 97 98 99 9a 9b 9c 9d 9e 9f a0 a1 a2 a3 a4 a5 a6 a7 a8 a9 aa ab ac ad ae af b0 b1 b2 b3 b4 b5 b6 b7 b8 b9 ba bb bc bd be bf c0 c1 c2 c3 c4 c5 c6 c7 c8 c9 ca cb cc cd ce cf d0 d1 d2 d3 d4 d5 d6 d7 d8 d9 da db dc dd de df e0 e1 e2 e3 e4 e5 e6 e7 e8 e9 ea eb ec ed ee ef f0 f1 f2 f3 f4 f5 f6 f7 f8 f9 fa fb fc fd fe ff 
 0  1  2 75  4 8c ea dc  8 a2 cf fc  3 f5 6f b7 10 -- 93 45 49 ae 2f --  6 d4 3d -- de -- b9 -- 20 -- -- -- f1 -- 8a 4f 92 -- 8b -- 5e -- -- 34  c -- 7f -- 7a -- -- -- 6b d7 -- -- a5  b -- ab 40 77 -- -- -- -- -- -- 35 -- -- c0 c3 a3 9e 23 f3 -- -- -- c1 -- -- -- bc 89 -- -- -- 5d 68 -- 18 -- -- -- fe -- -- ec f4 aa -- ac -- -- -- -- d6 -- 79 3c -- -- -- -- 9d 62 16 -- -- -- 81 -- 80 -- ee be -- -- -- -- -- -- -- 1a -- -- -- cc 6a -- -- -- -- c9 57 -- 51 7e 91 b0 eb d1 46 6e 31 -- -- -- -- 1e -- -- 55 56 -- -- -- -- -- 76 af -- c5 -- -- -- -- -- -- 60 ba fa d0 -- -- -- 30 7d -- -- -- -- -- -- 2b -- -- 3b -- --  f -- 3f 58 83 37 -- -- 8f -- --  d -- 66 -- 5f -- -- 7b -- -- -- f2 -- 78 -- -- -- -- -- -- -- -- -- ed 33 c4 -- 2c f0 -- -- -- f6 -- -- d5 -- -- -- 

solutions so far:0 maxDepth:9 
iterations:22394422  skipped: 40 
Depth skipped: 
0 0 40 0 0 0 0 0 0 0 0 0 0 0 0 0 0 0 0 0 0 0 0 0 0 0 0 0 0 0 0 0 

running time: 2400 sec
 depth:7
 0  1  2  3  4  5  6  7  8  9  a  b  c  d  e  f 10 11 12 13 14 15 16 17 18 19 1a 1b 1c 1d 1e 1f 20 21 22 23 24 25 26 27 28 29 2a 2b 2c 2d 2e 2f 30 31 32 33 34 35 36 37 38 39 3a 3b 3c 3d 3e 3f 40 41 42 43 44 45 46 47 48 49 4a 4b 4c 4d 4e 4f 50 51 52 53 54 55 56 57 58 59 5a 5b 5c 5d 5e 5f 60 61 62 63 64 65 66 67 68 69 6a 6b 6c 6d 6e 6f 70 71 72 73 74 75 76 77 78 79 7a 7b 7c 7d 7e 7f 80 81 82 83 84 85 86 87 88 89 8a 8b 8c 8d 8e 8f 90 91 92 93 94 95 96 97 98 99 9a 9b 9c 9d 9e 9f a0 a1 a2 a3 a4 a5 a6 a7 a8 a9 aa ab ac ad ae af b0 b1 b2 b3 b4 b5 b6 b7 b8 b9 ba bb bc bd be bf c0 c1 c2 c3 c4 c5 c6 c7 c8 c9 ca cb cc cd ce cf d0 d1 d2 d3 d4 d5 d6 d7 d8 d9 da db dc dd de df e0 e1 e2 e3 e4 e5 e6 e7 e8 e9 ea eb ec ed ee ef f0 f1 f2 f3 f4 f5 f6 f7 f8 f9 fa fb fc fd fe ff 
 0  1  2 75  4 7d ea 2c  8 70 fa b6  3 dd 58 54 10 -- e0  7 23 ae bb --  6 b8 6d -- b0 -- a8 -- 20 -- -- -- 17 --  e 4f 46 -- 8b -- a1 -- -- 86  c -- a7 -- da -- -- -- b7 d7 -- -- 87 a6 -- 62 40 c2 -- -- -- -- -- -- 2e -- -- c0 1c a9 9e 81 8c -- -- -- c1 -- -- -- 95 2d -- -- -- b4 db -- 18 -- -- -- 99 -- -- 1a 63 aa -- 3a -- -- -- -- b9 -- 79 d0 -- -- -- -- d9 49 9b -- -- -- c4 -- 80 -- 53 31 -- -- -- -- -- -- -- 43 -- -- -- cc 5c -- -- -- -- e8 57 -- 38 5b 85 2a eb d1 d5 16 cf -- -- -- -- 68 -- -- 55 1d -- -- -- -- --  d fd -- 5a -- -- -- -- -- -- 60 bf ab 61 -- -- -- 30 be -- -- -- -- -- -- e5 -- -- ed -- -- 34 -- c6 15 83  b -- -- 74 -- -- ca -- 66 -- f3 -- -- a5 -- -- -- f2 -- 77 -- -- -- -- -- -- -- -- -- 65 33 92 -- e1 ee -- -- -- 9d -- -- 5f -- -- -- 

solutions so far:0 maxDepth:9 
iterations:24930262  skipped: 44 
Depth skipped: 
0 0 44 0 0 0 0 0 0 0 0 0 0 0 0 0 0 0 0 0 0 0 0 0 0 0 0 0 0 0 0 0 

running time: 2700 sec
 depth:7
 0  1  2  3  4  5  6  7  8  9  a  b  c  d  e  f 10 11 12 13 14 15 16 17 18 19 1a 1b 1c 1d 1e 1f 20 21 22 23 24 25 26 27 28 29 2a 2b 2c 2d 2e 2f 30 31 32 33 34 35 36 37 38 39 3a 3b 3c 3d 3e 3f 40 41 42 43 44 45 46 47 48 49 4a 4b 4c 4d 4e 4f 50 51 52 53 54 55 56 57 58 59 5a 5b 5c 5d 5e 5f 60 61 62 63 64 65 66 67 68 69 6a 6b 6c 6d 6e 6f 70 71 72 73 74 75 76 77 78 79 7a 7b 7c 7d 7e 7f 80 81 82 83 84 85 86 87 88 89 8a 8b 8c 8d 8e 8f 90 91 92 93 94 95 96 97 98 99 9a 9b 9c 9d 9e 9f a0 a1 a2 a3 a4 a5 a6 a7 a8 a9 aa ab ac ad ae af b0 b1 b2 b3 b4 b5 b6 b7 b8 b9 ba bb bc bd be bf c0 c1 c2 c3 c4 c5 c6 c7 c8 c9 ca cb cc cd ce cf d0 d1 d2 d3 d4 d5 d6 d7 d8 d9 da db dc dd de df e0 e1 e2 e3 e4 e5 e6 e7 e8 e9 ea eb ec ed ee ef f0 f1 f2 f3 f4 f5 f6 f7 f8 f9 fa fb fc fd fe ff 
 0  1  2 75  4 6c ea c7  8 46 d8  d  3 b0 59 e0 10 -- 8c d5 67 ae 1a --  6 f3 b7 -- b2 -- 17 -- 20 -- -- -- cf -- 7d 4f ce -- 8b -- 34 -- -- e5  c -- 31 -- b9 -- -- -- b3 d7 -- -- 2e  7 -- df 40 74 -- -- -- -- -- -- 49 -- -- c0 fa 2c 9e 1b 4b -- -- -- c1 -- -- -- 68 77 -- -- --  b 1d -- 18 -- -- -- 62 -- -- cd a5 aa -- be -- -- -- -- b1 -- 79 e3 -- -- -- -- 5c fb  e -- -- -- 69 -- 80 -- e8 84 -- -- -- -- -- -- -- 99 -- -- -- cc 92 -- -- -- -- 81 57 -- 23 ed 58 70 eb d1 36 88 96 -- -- -- -- 9a -- -- 55 5f -- -- -- -- -- 8d d0 -- ee -- -- -- -- -- -- 60 16 e6 3a -- -- -- 30 73 -- -- -- -- -- -- c4 -- -- ad -- -- 4d -- 9d 38 83 44 -- -- ab -- -- a7 -- 66 -- 42 -- -- b5 -- -- -- f2 -- 11 -- -- -- -- -- -- -- -- -- b8 33 21 -- 1c 22 -- -- -- bd -- -- d2 -- -- -- 

solutions so far:0 maxDepth:9 
iterations:27921837  skipped: 49 
Depth skipped: 
0 0 49 0 0 0 0 0 0 0 0 0 0 0 0 0 0 0 0 0 0 0 0 0 0 0 0 0 0 0 0 0 

running time: 3000 sec
 depth:7
 0  1  2  3  4  5  6  7  8  9  a  b  c  d  e  f 10 11 12 13 14 15 16 17 18 19 1a 1b 1c 1d 1e 1f 20 21 22 23 24 25 26 27 28 29 2a 2b 2c 2d 2e 2f 30 31 32 33 34 35 36 37 38 39 3a 3b 3c 3d 3e 3f 40 41 42 43 44 45 46 47 48 49 4a 4b 4c 4d 4e 4f 50 51 52 53 54 55 56 57 58 59 5a 5b 5c 5d 5e 5f 60 61 62 63 64 65 66 67 68 69 6a 6b 6c 6d 6e 6f 70 71 72 73 74 75 76 77 78 79 7a 7b 7c 7d 7e 7f 80 81 82 83 84 85 86 87 88 89 8a 8b 8c 8d 8e 8f 90 91 92 93 94 95 96 97 98 99 9a 9b 9c 9d 9e 9f a0 a1 a2 a3 a4 a5 a6 a7 a8 a9 aa ab ac ad ae af b0 b1 b2 b3 b4 b5 b6 b7 b8 b9 ba bb bc bd be bf c0 c1 c2 c3 c4 c5 c6 c7 c8 c9 ca cb cc cd ce cf d0 d1 d2 d3 d4 d5 d6 d7 d8 d9 da db dc dd de df e0 e1 e2 e3 e4 e5 e6 e7 e8 e9 ea eb ec ed ee ef f0 f1 f2 f3 f4 f5 f6 f7 f8 f9 fa fb fc fd fe ff 
 0  1  2 75  4 56 ea e8  8 dd ac c7  3 9a  7 97 10 -- 6d b4 8f ae 59 --  6 5b e3 --  e -- f9 -- 20 -- -- -- da -- bf 4f c9 -- 8b -- b2 -- -- 52  c -- b6 -- 11 -- -- -- 1c d7 -- -- 25  a -- f1 40 e9 -- -- -- -- -- -- 63 -- -- c0 a9 cd 9e fe 45 -- -- -- c1 -- -- -- b3 b5 -- -- -- ad a4 -- 18 -- -- -- bb -- -- 5c 22 aa -- fd -- -- -- -- 38 -- 79 99 -- -- -- -- 4a c3 14 -- -- -- 35 -- 80 --  5 93 -- -- -- -- -- -- -- 29 -- -- -- cc c6 -- -- -- -- 5a 57 -- 85 88 4d a0 eb d1 2b 74 8a -- -- -- -- a7 -- -- 55 95 -- -- -- -- -- 2e b1 -- bd -- -- -- -- -- -- 60 8d 7f 9f -- -- -- 30 d4 -- -- -- -- -- -- a1 -- -- 17 -- -- b8 -- 44 50 83 3a -- -- 2d -- -- ff -- 66 -- a2 -- -- 70 -- -- -- f2 -- e5 -- -- -- -- -- -- -- -- -- 94 33 51 -- 28 1d -- -- -- e0 -- -- 6a -- -- -- 

solutions so far:0 maxDepth:9 
iterations:31673559  skipped: 58 
Depth skipped: 
0 0 58 0 0 0 0 0 0 0 0 0 0 0 0 0 0 0 0 0 0 0 0 0 0 0 0 0 0 0 0 0 

running time: 3300 sec
 depth:7
 0  1  2  3  4  5  6  7  8  9  a  b  c  d  e  f 10 11 12 13 14 15 16 17 18 19 1a 1b 1c 1d 1e 1f 20 21 22 23 24 25 26 27 28 29 2a 2b 2c 2d 2e 2f 30 31 32 33 34 35 36 37 38 39 3a 3b 3c 3d 3e 3f 40 41 42 43 44 45 46 47 48 49 4a 4b 4c 4d 4e 4f 50 51 52 53 54 55 56 57 58 59 5a 5b 5c 5d 5e 5f 60 61 62 63 64 65 66 67 68 69 6a 6b 6c 6d 6e 6f 70 71 72 73 74 75 76 77 78 79 7a 7b 7c 7d 7e 7f 80 81 82 83 84 85 86 87 88 89 8a 8b 8c 8d 8e 8f 90 91 92 93 94 95 96 97 98 99 9a 9b 9c 9d 9e 9f a0 a1 a2 a3 a4 a5 a6 a7 a8 a9 aa ab ac ad ae af b0 b1 b2 b3 b4 b5 b6 b7 b8 b9 ba bb bc bd be bf c0 c1 c2 c3 c4 c5 c6 c7 c8 c9 ca cb cc cd ce cf d0 d1 d2 d3 d4 d5 d6 d7 d8 d9 da db dc dd de df e0 e1 e2 e3 e4 e5 e6 e7 e8 e9 ea eb ec ed ee ef f0 f1 f2 f3 f4 f5 f6 f7 f8 f9 fa fb fc fd fe ff 
 0  1  2 75  4 4b ea 4a  8 dc 96 b4  3 bb 94 86 10 -- 6f 78 fb ae bf --  6 7b a1 -- ff -- db -- 20 -- -- -- de -- f0 4f 21 -- 8b -- a9 -- -- e1  c -- f6 -- 95 -- -- -- 29 d7 -- -- 61 87 -- e6 40 54 -- -- -- -- -- -- 6b -- -- c0 37 5b 9e 67 42 -- -- -- c1 -- -- -- 85 6d -- -- -- 63 15 -- 18 -- -- -- 3b -- --  a fd aa --  f -- -- -- -- 52 -- 79 50 -- -- -- -- c2 df d9 -- -- -- 1b -- 80 -- a8 73 -- -- -- -- -- -- -- 9b -- -- -- cc d6 -- -- -- -- 3c 57 -- 6e 5a b6 43 eb d1 ce 25 84 -- -- -- -- 28 -- -- 55 ec -- -- -- -- --  5 dd -- da -- -- -- -- -- -- 60 c6 d8 2a -- -- -- 30 6c -- -- -- -- -- -- 76 -- -- e9 -- -- 14 -- 2d ca 83 f9 -- -- 1e -- -- a6 -- 66 -- d2 -- -- a4 -- -- -- f2 -- a0 -- -- -- -- -- -- -- -- -- 53 33 69 -- 65 97 -- -- -- 9f -- -- 36 -- -- -- 

solutions so far:0 maxDepth:9 
iterations:35306269  skipped: 60 
Depth skipped: 
0 0 60 0 0 0 0 0 0 0 0 0 0 0 0 0 0 0 0 0 0 0 0 0 0 0 0 0 0 0 0 0 

running time: 3600 sec
 depth:5
 0  1  2  3  4  5  6  7  8  9  a  b  c  d  e  f 10 11 12 13 14 15 16 17 18 19 1a 1b 1c 1d 1e 1f 20 21 22 23 24 25 26 27 28 29 2a 2b 2c 2d 2e 2f 30 31 32 33 34 35 36 37 38 39 3a 3b 3c 3d 3e 3f 40 41 42 43 44 45 46 47 48 49 4a 4b 4c 4d 4e 4f 50 51 52 53 54 55 56 57 58 59 5a 5b 5c 5d 5e 5f 60 61 62 63 64 65 66 67 68 69 6a 6b 6c 6d 6e 6f 70 71 72 73 74 75 76 77 78 79 7a 7b 7c 7d 7e 7f 80 81 82 83 84 85 86 87 88 89 8a 8b 8c 8d 8e 8f 90 91 92 93 94 95 96 97 98 99 9a 9b 9c 9d 9e 9f a0 a1 a2 a3 a4 a5 a6 a7 a8 a9 aa ab ac ad ae af b0 b1 b2 b3 b4 b5 b6 b7 b8 b9 ba bb bc bd be bf c0 c1 c2 c3 c4 c5 c6 c7 c8 c9 ca cb cc cd ce cf d0 d1 d2 d3 d4 d5 d6 d7 d8 d9 da db dc dd de df e0 e1 e2 e3 e4 e5 e6 e7 e8 e9 ea eb ec ed ee ef f0 f1 f2 f3 f4 f5 f6 f7 f8 f9 fa fb fc fd fe ff 
 0  1  2 75  4 37 ea e9  8 35 6e --  3 --  5 -- 10 -- 6a 51 dc ae -- --  6 2b -- --  a -- -- -- 20 -- -- -- d4 -- a2 4f 6f -- 8b -- -- -- -- --  c -- 56 -- -- -- -- -- 14 d7 -- -- -- -- -- 76 40 -- -- -- -- -- -- -- 7f -- -- c0 93 -- 9e 78 de -- -- -- c1 -- -- -- -- -- -- -- -- -- -- -- 18 -- -- -- ac -- -- 25 -- aa -- 45 -- -- -- -- 28 -- 79 ff -- -- -- -- -- d6 -- -- -- -- ec -- 80 -- -- 3b -- -- -- -- -- -- -- -- -- -- -- cc fe -- -- -- -- c3 57 -- f1 -- -- -- eb d1 f0 9f 6b -- -- -- -- 94 -- -- 55 c9 -- -- -- -- -- f9 -- -- -- -- -- -- -- -- -- 60 -- 3c -- -- -- -- 30 1e -- -- -- -- -- -- 8f -- -- 97 -- -- 4a -- -- -- 83 a4 -- -- 8a -- -- -- -- 66 -- f6 -- -- 50 -- -- -- f2 -- 29 -- -- -- -- -- -- -- -- -- -- 33 7b -- -- 52 -- -- -- a0 -- --  f -- -- -- 

solutions so far:0 maxDepth:9 
iterations:38667579  skipped: 68 
Depth skipped: 
0 0 68 0 0 0 0 0 0 0 0 0 0 0 0 0 0 0 0 0 0 0 0 0 0 0 0 0 0 0 0 0 

running time: 3900 sec
 depth:7
 0  1  2  3  4  5  6  7  8  9  a  b  c  d  e  f 10 11 12 13 14 15 16 17 18 19 1a 1b 1c 1d 1e 1f 20 21 22 23 24 25 26 27 28 29 2a 2b 2c 2d 2e 2f 30 31 32 33 34 35 36 37 38 39 3a 3b 3c 3d 3e 3f 40 41 42 43 44 45 46 47 48 49 4a 4b 4c 4d 4e 4f 50 51 52 53 54 55 56 57 58 59 5a 5b 5c 5d 5e 5f 60 61 62 63 64 65 66 67 68 69 6a 6b 6c 6d 6e 6f 70 71 72 73 74 75 76 77 78 79 7a 7b 7c 7d 7e 7f 80 81 82 83 84 85 86 87 88 89 8a 8b 8c 8d 8e 8f 90 91 92 93 94 95 96 97 98 99 9a 9b 9c 9d 9e 9f a0 a1 a2 a3 a4 a5 a6 a7 a8 a9 aa ab ac ad ae af b0 b1 b2 b3 b4 b5 b6 b7 b8 b9 ba bb bc bd be bf c0 c1 c2 c3 c4 c5 c6 c7 c8 c9 ca cb cc cd ce cf d0 d1 d2 d3 d4 d5 d6 d7 d8 d9 da db dc dd de df e0 e1 e2 e3 e4 e5 e6 e7 e8 e9 ea eb ec ed ee ef f0 f1 f2 f3 f4 f5 f6 f7 f8 f9 fa fb fc fd fe ff 
 0  1  2 75  4 23 ea 1a  8 87 46 44  3 cd 34 52 10 -- d9 15 8c ae 88 --  6 86 4d -- 68 -- a4 -- 20 -- -- -- 65 -- 2a 4f cf -- 8b -- c7 -- -- 28  c -- db -- 9a -- -- -- d0 d7 -- -- 9f 25 -- 5f 40 97 -- -- -- -- -- -- ca -- -- c0 54 ad 9e 7d 49 -- -- -- c1 -- -- -- 59 b3 -- -- -- b5 50 -- 18 -- -- -- 61 -- -- 58 e3 aa -- a6 -- -- -- -- 77 -- 79 b9 -- -- -- -- e9 f3 4a -- -- -- be -- 80 -- f9 c4 -- -- -- -- -- -- -- 14 -- -- -- cc 43 -- -- -- -- e1 57 -- a8 22 8d 29 eb d1 fa  d 92 -- -- -- -- b7 -- -- 55 53 -- -- -- -- -- 2c b2 -- b1 -- -- -- -- -- -- 60 bd d5 a0 -- -- -- 30 81 -- -- -- -- -- -- c2 -- -- 16 -- -- b0 -- 11 ff 83 ed -- -- 9b -- --  a -- 66 -- 62 -- -- ee -- -- -- f2 -- a5 -- -- -- -- -- -- -- -- --  5 33 31 -- 94 9d -- -- --  b -- -- ab -- -- -- 

solutions so far:0 maxDepth:9 
iterations:42878235  skipped: 76 
Depth skipped: 
0 0 76 0 0 0 0 0 0 0 0 0 0 0 0 0 0 0 0 0 0 0 0 0 0 0 0 0 0 0 0 0 

running time: 4200 sec

Finished. Total running time: 4497 sec
