Search S-boxes invariant for matrices: 
{0x00,0x02,0x04,0x06,0x08,0x0a,0x0c,0x0e,0x10,0x12,0x14,0x16,0x18,0x1a,0x1c,0x1e,0x20,0x22,0x24,0x26,0x28,0x2a,0x2c,0x2e,0x30,0x32,0x34,0x36,0x38,0x3a,0x3c,0x3e,0x40,0x42,0x44,0x46,0x48,0x4a,0x4c,0x4e,0x50,0x52,0x54,0x56,0x58,0x5a,0x5c,0x5e,0x60,0x62,0x64,0x66,0x68,0x6a,0x6c,0x6e,0x70,0x72,0x74,0x76,0x78,0x7a,0x7c,0x7e,0x80,0x82,0x84,0x86,0x88,0x8a,0x8c,0x8e,0x90,0x92,0x94,0x96,0x98,0x9a,0x9c,0x9e,0xa0,0xa2,0xa4,0xa6,0xa8,0xaa,0xac,0xae,0xb0,0xb2,0xb4,0xb6,0xb8,0xba,0xbc,0xbe,0xc0,0xc2,0xc4,0xc6,0xc8,0xca,0xcc,0xce,0xd0,0xd2,0xd4,0xd6,0xd8,0xda,0xdc,0xde,0xe0,0xe2,0xe4,0xe6,0xe8,0xea,0xec,0xee,0xf0,0xf2,0xf4,0xf6,0xf8,0xfa,0xfc,0xfe,0x39,0x3b,0x3d,0x3f,0x31,0x33,0x35,0x37,0x29,0x2b,0x2d,0x2f,0x21,0x23,0x25,0x27,0x19,0x1b,0x1d,0x1f,0x11,0x13,0x15,0x17,0x09,0x0b,0x0d,0x0f,0x01,0x03,0x05,0x07,0x79,0x7b,0x7d,0x7f,0x71,0x73,0x75,0x77,0x69,0x6b,0x6d,0x6f,0x61,0x63,0x65,0x67,0x59,0x5b,0x5d,0x5f,0x51,0x53,0x55,0x57,0x49,0x4b,0x4d,0x4f,0x41,0x43,0x45,0x47,0xb9,0xbb,0xbd,0xbf,0xb1,0xb3,0xb5,0xb7,0xa9,0xab,0xad,0xaf,0xa1,0xa3,0xa5,0xa7,0x99,0x9b,0x9d,0x9f,0x91,0x93,0x95,0x97,0x89,0x8b,0x8d,0x8f,0x81,0x83,0x85,0x87,0xf9,0xfb,0xfd,0xff,0xf1,0xf3,0xf5,0xf7,0xe9,0xeb,0xed,0xef,0xe1,0xe3,0xe5,0xe7,0xd9,0xdb,0xdd,0xdf,0xd1,0xd3,0xd5,0xd7,0xc9,0xcb,0xcd,0xcf,0xc1,0xc3,0xc5,0xc7};
{0x00,0x02,0x04,0x06,0x08,0x0a,0x0c,0x0e,0x10,0x12,0x14,0x16,0x18,0x1a,0x1c,0x1e,0x20,0x22,0x24,0x26,0x28,0x2a,0x2c,0x2e,0x30,0x32,0x34,0x36,0x38,0x3a,0x3c,0x3e,0x40,0x42,0x44,0x46,0x48,0x4a,0x4c,0x4e,0x50,0x52,0x54,0x56,0x58,0x5a,0x5c,0x5e,0x60,0x62,0x64,0x66,0x68,0x6a,0x6c,0x6e,0x70,0x72,0x74,0x76,0x78,0x7a,0x7c,0x7e,0x80,0x82,0x84,0x86,0x88,0x8a,0x8c,0x8e,0x90,0x92,0x94,0x96,0x98,0x9a,0x9c,0x9e,0xa0,0xa2,0xa4,0xa6,0xa8,0xaa,0xac,0xae,0xb0,0xb2,0xb4,0xb6,0xb8,0xba,0xbc,0xbe,0xc0,0xc2,0xc4,0xc6,0xc8,0xca,0xcc,0xce,0xd0,0xd2,0xd4,0xd6,0xd8,0xda,0xdc,0xde,0xe0,0xe2,0xe4,0xe6,0xe8,0xea,0xec,0xee,0xf0,0xf2,0xf4,0xf6,0xf8,0xfa,0xfc,0xfe,0xd7,0xd5,0xd3,0xd1,0xdf,0xdd,0xdb,0xd9,0xc7,0xc5,0xc3,0xc1,0xcf,0xcd,0xcb,0xc9,0xf7,0xf5,0xf3,0xf1,0xff,0xfd,0xfb,0xf9,0xe7,0xe5,0xe3,0xe1,0xef,0xed,0xeb,0xe9,0x97,0x95,0x93,0x91,0x9f,0x9d,0x9b,0x99,0x87,0x85,0x83,0x81,0x8f,0x8d,0x8b,0x89,0xb7,0xb5,0xb3,0xb1,0xbf,0xbd,0xbb,0xb9,0xa7,0xa5,0xa3,0xa1,0xaf,0xad,0xab,0xa9,0x57,0x55,0x53,0x51,0x5f,0x5d,0x5b,0x59,0x47,0x45,0x43,0x41,0x4f,0x4d,0x4b,0x49,0x77,0x75,0x73,0x71,0x7f,0x7d,0x7b,0x79,0x67,0x65,0x63,0x61,0x6f,0x6d,0x6b,0x69,0x17,0x15,0x13,0x11,0x1f,0x1d,0x1b,0x19,0x07,0x05,0x03,0x01,0x0f,0x0d,0x0b,0x09,0x37,0x35,0x33,0x31,0x3f,0x3d,0x3b,0x39,0x27,0x25,0x23,0x21,0x2f,0x2d,0x2b,0x29};



 depth:7
 0  1  2  3  4  5  6  7  8  9  a  b  c  d  e  f 10 11 12 13 14 15 16 17 18 19 1a 1b 1c 1d 1e 1f 20 21 22 23 24 25 26 27 28 29 2a 2b 2c 2d 2e 2f 30 31 32 33 34 35 36 37 38 39 3a 3b 3c 3d 3e 3f 40 41 42 43 44 45 46 47 48 49 4a 4b 4c 4d 4e 4f 50 51 52 53 54 55 56 57 58 59 5a 5b 5c 5d 5e 5f 60 61 62 63 64 65 66 67 68 69 6a 6b 6c 6d 6e 6f 70 71 72 73 74 75 76 77 78 79 7a 7b 7c 7d 7e 7f 80 81 82 83 84 85 86 87 88 89 8a 8b 8c 8d 8e 8f 90 91 92 93 94 95 96 97 98 99 9a 9b 9c 9d 9e 9f a0 a1 a2 a3 a4 a5 a6 a7 a8 a9 aa ab ac ad ae af b0 b1 b2 b3 b4 b5 b6 b7 b8 b9 ba bb bc bd be bf c0 c1 c2 c3 c4 c5 c6 c7 c8 c9 ca cb cc cd ce cf d0 d1 d2 d3 d4 d5 d6 d7 d8 d9 da db dc dd de df e0 e1 e2 e3 e4 e5 e6 e7 e8 e9 ea eb ec ed ee ef f0 f1 f2 f3 f4 f5 f6 f7 f8 f9 fa fb fc fd fe ff 
 0  1  2 82  4 f4 d3 39  8 31 3f de 71 78 72 8a 10 -- 62 cf 7e 32 6b -- e2 ab f0 -- e4 -- c3 -- 20 -- -- -- c4 -- 49 4f fc -- 64 -- d6 -- -- 6a 13 -- 81 -- 37 -- -- -- 1f d7 -- -- 51 56 -- 5d 40 fe -- -- -- -- -- -- 5f -- -- e7 92 1e 9e 3d 2f -- -- -- c8 -- -- -- 7b 3b -- -- -- ec d4 -- 26 -- -- -- d5 -- -- 9c 6e 8e -- 23 -- -- -- -- 3e -- 79 12 -- -- -- -- a2 bc ac -- -- -- ba -- 80 -- 2b c5 -- -- -- -- -- -- -- 35 -- -- -- cc be -- -- -- -- 8c 19 -- f3 6f 3c 45 eb 41 7a f7 5e -- -- -- --  9 -- -- 47 fa -- -- -- -- -- 4e f6 -- 76 -- -- -- -- -- -- 98  f f5 7f -- -- -- 4c 91 -- -- -- -- -- -- 7d -- -- 27 -- -- ef -- dc c9 cb 90 -- -- 46 -- -- f1 -- 66 -- 89 -- -- 7c -- -- -- f2 -- 24 -- -- -- -- -- -- -- -- -- 93 33 af -- 8f 48 -- -- -- f8 -- -- a3 -- -- -- 

solutions so far:0 maxDepth:9 
iterations:2267753  skipped: 6 
Depth skipped: 
0 0 6 0 0 0 0 0 0 0 0 0 0 0 0 0 0 0 0 0 0 0 0 0 0 0 0 0 0 0 0 0 

running time: 300 sec
 depth:7
 0  1  2  3  4  5  6  7  8  9  a  b  c  d  e  f 10 11 12 13 14 15 16 17 18 19 1a 1b 1c 1d 1e 1f 20 21 22 23 24 25 26 27 28 29 2a 2b 2c 2d 2e 2f 30 31 32 33 34 35 36 37 38 39 3a 3b 3c 3d 3e 3f 40 41 42 43 44 45 46 47 48 49 4a 4b 4c 4d 4e 4f 50 51 52 53 54 55 56 57 58 59 5a 5b 5c 5d 5e 5f 60 61 62 63 64 65 66 67 68 69 6a 6b 6c 6d 6e 6f 70 71 72 73 74 75 76 77 78 79 7a 7b 7c 7d 7e 7f 80 81 82 83 84 85 86 87 88 89 8a 8b 8c 8d 8e 8f 90 91 92 93 94 95 96 97 98 99 9a 9b 9c 9d 9e 9f a0 a1 a2 a3 a4 a5 a6 a7 a8 a9 aa ab ac ad ae af b0 b1 b2 b3 b4 b5 b6 b7 b8 b9 ba bb bc bd be bf c0 c1 c2 c3 c4 c5 c6 c7 c8 c9 ca cb cc cd ce cf d0 d1 d2 d3 d4 d5 d6 d7 d8 d9 da db dc dd de df e0 e1 e2 e3 e4 e5 e6 e7 e8 e9 ea eb ec ed ee ef f0 f1 f2 f3 f4 f5 f6 f7 f8 f9 fa fb fc fd fe ff 
 0  1  2 82  4 e3 d3 e5  8 78 11 9b 71 86 1d ba 10 -- f0 ec 22 32 e1 -- e2 6f db -- 3a -- a3 -- 20 -- -- -- 37 --  f 4f 44 -- 64 -- 15 -- -- 3f 13 -- de -- 61 -- -- -- 74 d7 -- -- 91 bc -- b5 40 2f -- -- -- -- -- -- 6e -- -- e7 1e ca 9e 4d 88 -- -- -- c8 -- -- -- 2a a8 -- -- -- d9 7e -- 26 -- -- -- 6b -- -- 70 c2 8e -- f6 -- -- -- -- e8 -- 79 2e -- -- -- -- f5 59 af -- -- -- bd -- 80 -- 5e b1 -- -- -- -- -- -- -- f4 -- -- -- cc dc -- -- -- -- 76 19 -- 3c a6 43 5d eb 41 9a 99 c7 -- -- -- -- 17 -- -- 47 7b -- -- -- -- -- 38 54 -- 87 -- -- -- -- -- -- 98 65 cd fc -- -- -- 4c 8d -- -- -- -- -- -- d6 -- -- 1c -- -- e0 -- 53 c5 cb a7 -- -- 3b -- -- 7a -- 66 -- b3 -- --  7 -- -- -- f2 -- 5c -- -- -- -- -- -- -- -- -- 3d 33 b2 -- 89 b8 -- -- --  e -- -- ad -- -- -- 

solutions so far:0 maxDepth:9 
iterations:4217720  skipped: 14 
Depth skipped: 
0 0 14 0 0 0 0 0 0 0 0 0 0 0 0 0 0 0 0 0 0 0 0 0 0 0 0 0 0 0 0 0 

running time: 600 sec
 depth:6
 0  1  2  3  4  5  6  7  8  9  a  b  c  d  e  f 10 11 12 13 14 15 16 17 18 19 1a 1b 1c 1d 1e 1f 20 21 22 23 24 25 26 27 28 29 2a 2b 2c 2d 2e 2f 30 31 32 33 34 35 36 37 38 39 3a 3b 3c 3d 3e 3f 40 41 42 43 44 45 46 47 48 49 4a 4b 4c 4d 4e 4f 50 51 52 53 54 55 56 57 58 59 5a 5b 5c 5d 5e 5f 60 61 62 63 64 65 66 67 68 69 6a 6b 6c 6d 6e 6f 70 71 72 73 74 75 76 77 78 79 7a 7b 7c 7d 7e 7f 80 81 82 83 84 85 86 87 88 89 8a 8b 8c 8d 8e 8f 90 91 92 93 94 95 96 97 98 99 9a 9b 9c 9d 9e 9f a0 a1 a2 a3 a4 a5 a6 a7 a8 a9 aa ab ac ad ae af b0 b1 b2 b3 b4 b5 b6 b7 b8 b9 ba bb bc bd be bf c0 c1 c2 c3 c4 c5 c6 c7 c8 c9 ca cb cc cd ce cf d0 d1 d2 d3 d4 d5 d6 d7 d8 d9 da db dc dd de df e0 e1 e2 e3 e4 e5 e6 e7 e8 e9 ea eb ec ed ee ef f0 f1 f2 f3 f4 f5 f6 f7 f8 f9 fa fb fc fd fe ff 
 0  1  2 82  4 d6 d3  e  8 ba 7b 63 71 bf 1c -- 10 -- a3 af f6 32 c6 -- e2 7a a9 -- 38 -- -- -- 20 -- -- -- 91 -- 89 4f 3b -- 64 -- 5b -- -- -- 13 -- f4 -- 85 -- -- -- 70 d7 -- -- -- -- -- f0 40 -- -- -- -- -- -- -- f5 -- -- e7 c5 5a 9e de 76 -- -- -- c8 -- -- -- b6 a1 -- -- -- fd -- -- 26 -- -- -- 3f -- -- a7 dd 8e -- 2f -- -- -- -- e0 -- 79 1d -- -- -- -- --  f -- -- -- -- 37 -- 80 -- -- 78 -- -- -- -- -- -- -- -- -- -- -- cc 3d -- -- -- -- bc 19 -- 5d da b4 -- eb 41 6b  7 ec -- -- -- -- e5 -- -- 47 fc -- -- -- -- -- b8 bb -- 95 -- -- -- -- -- -- 98 2d 6f -- -- -- -- 4c dc -- -- -- -- -- -- 7e -- -- 5c -- -- 99 -- 6d -- cb e8 -- -- 5e -- -- -- -- 66 -- 3c -- -- 17 -- -- -- f2 -- 3a -- -- -- -- -- -- -- -- -- -- 33 1e -- -- 74 -- -- -- 2e -- -- 6e -- -- -- 

solutions so far:0 maxDepth:10 
iterations:6503670  skipped: 18 
Depth skipped: 
0 0 18 0 0 0 0 0 0 0 0 0 0 0 0 0 0 0 0 0 0 0 0 0 0 0 0 0 0 0 0 0 

running time: 900 sec
 depth:6
 0  1  2  3  4  5  6  7  8  9  a  b  c  d  e  f 10 11 12 13 14 15 16 17 18 19 1a 1b 1c 1d 1e 1f 20 21 22 23 24 25 26 27 28 29 2a 2b 2c 2d 2e 2f 30 31 32 33 34 35 36 37 38 39 3a 3b 3c 3d 3e 3f 40 41 42 43 44 45 46 47 48 49 4a 4b 4c 4d 4e 4f 50 51 52 53 54 55 56 57 58 59 5a 5b 5c 5d 5e 5f 60 61 62 63 64 65 66 67 68 69 6a 6b 6c 6d 6e 6f 70 71 72 73 74 75 76 77 78 79 7a 7b 7c 7d 7e 7f 80 81 82 83 84 85 86 87 88 89 8a 8b 8c 8d 8e 8f 90 91 92 93 94 95 96 97 98 99 9a 9b 9c 9d 9e 9f a0 a1 a2 a3 a4 a5 a6 a7 a8 a9 aa ab ac ad ae af b0 b1 b2 b3 b4 b5 b6 b7 b8 b9 ba bb bc bd be bf c0 c1 c2 c3 c4 c5 c6 c7 c8 c9 ca cb cc cd ce cf d0 d1 d2 d3 d4 d5 d6 d7 d8 d9 da db dc dd de df e0 e1 e2 e3 e4 e5 e6 e7 e8 e9 ea eb ec ed ee ef f0 f1 f2 f3 f4 f5 f6 f7 f8 f9 fa fb fc fd fe ff 
 0  1  2 82  4 c3 d3  5  8 be 51 e0 71 e8  a -- 10 -- ab 31 a2 32 17 -- e2 fa  7 -- 14 -- -- -- 20 -- -- -- 81 -- 62 4f 93 -- 64 -- 2e -- -- -- 13 -- 23 --  e -- -- -- 28 d7 -- -- -- -- -- 2b 40 -- -- -- -- -- -- -- d5 -- -- e7 c4 3a 9e 45 f1 -- -- -- c8 -- -- -- 5c a7 -- -- -- e5 -- -- 26 -- -- -- 46 -- -- 4a 1c 8e -- 49 -- -- -- -- 50 -- 79 29 -- -- -- -- -- 6a -- -- -- -- 56 -- 80 -- -- fe -- -- -- -- -- -- -- -- -- -- -- cc 7d -- -- -- -- f3 19 -- 5f 70 74 -- eb 41 8a e9 35 -- -- -- -- ff -- -- 47 cf -- -- -- -- -- 25 b8 -- 99 -- -- -- -- -- -- 98 1d c9 -- -- -- -- 4c 8f -- -- -- -- -- -- 8c -- -- f9 -- -- 94 -- 38 -- cb 9f -- -- 92 -- -- -- -- 66 -- 7f -- -- a0 -- -- -- f2 -- 52 -- -- -- -- -- -- -- -- -- -- 33 d4 -- -- a4 -- -- -- 97 -- -- ac -- -- -- 

solutions so far:0 maxDepth:10 
iterations:9373137  skipped: 23 
Depth skipped: 
0 0 23 0 0 0 0 0 0 0 0 0 0 0 0 0 0 0 0 0 0 0 0 0 0 0 0 0 0 0 0 0 

running time: 1200 sec
 depth:6
 0  1  2  3  4  5  6  7  8  9  a  b  c  d  e  f 10 11 12 13 14 15 16 17 18 19 1a 1b 1c 1d 1e 1f 20 21 22 23 24 25 26 27 28 29 2a 2b 2c 2d 2e 2f 30 31 32 33 34 35 36 37 38 39 3a 3b 3c 3d 3e 3f 40 41 42 43 44 45 46 47 48 49 4a 4b 4c 4d 4e 4f 50 51 52 53 54 55 56 57 58 59 5a 5b 5c 5d 5e 5f 60 61 62 63 64 65 66 67 68 69 6a 6b 6c 6d 6e 6f 70 71 72 73 74 75 76 77 78 79 7a 7b 7c 7d 7e 7f 80 81 82 83 84 85 86 87 88 89 8a 8b 8c 8d 8e 8f 90 91 92 93 94 95 96 97 98 99 9a 9b 9c 9d 9e 9f a0 a1 a2 a3 a4 a5 a6 a7 a8 a9 aa ab ac ad ae af b0 b1 b2 b3 b4 b5 b6 b7 b8 b9 ba bb bc bd be bf c0 c1 c2 c3 c4 c5 c6 c7 c8 c9 ca cb cc cd ce cf d0 d1 d2 d3 d4 d5 d6 d7 d8 d9 da db dc dd de df e0 e1 e2 e3 e4 e5 e6 e7 e8 e9 ea eb ec ed ee ef f0 f1 f2 f3 f4 f5 f6 f7 f8 f9 fa fb fc fd fe ff 
 0  1  2 82  4 b4 d3 d9  8 cd bf 42 71 67 65 -- 10 -- 4d b5 a9 32 84 -- e2 22 ce -- ca -- -- -- 20 -- -- -- 9a -- bd 4f 85 -- 64 -- df -- -- -- 13 -- 44 -- 4b -- -- -- 43 d7 -- -- -- -- -- b6 40 -- -- -- -- -- -- -- e3 -- -- e7 ad 6c 9e 2d dd -- -- -- c8 -- -- -- 69 73 -- -- -- 1b -- -- 26 -- -- -- 88 -- -- a6 96 8e -- b2 -- -- -- -- 86 -- 79 15 -- -- -- -- -- da -- -- -- -- bb -- 80 -- -- 5b -- -- -- -- -- -- -- -- -- -- -- cc 11 -- -- -- -- b1 19 -- 8d 21 d8 -- eb 41 5a 87 6d -- -- -- -- e1 -- -- 47 59 -- -- -- -- -- 53 d2 -- e6 -- -- -- -- -- -- 98 36 fd -- -- -- -- 4c 95 -- -- -- -- -- -- c7 -- -- c2 -- -- 9b -- fb -- cb a8 -- -- b3 -- -- -- -- 66 -- c6 -- -- db -- -- -- f2 -- 2a -- -- -- -- -- -- -- -- -- -- 33 63 -- -- 54 -- -- -- 61 -- -- a1 -- -- -- 

solutions so far:0 maxDepth:10 
iterations:12275390  skipped: 29 
Depth skipped: 
0 0 29 0 0 0 0 0 0 0 0 0 0 0 0 0 0 0 0 0 0 0 0 0 0 0 0 0 0 0 0 0 

running time: 1500 sec
 depth:6
 0  1  2  3  4  5  6  7  8  9  a  b  c  d  e  f 10 11 12 13 14 15 16 17 18 19 1a 1b 1c 1d 1e 1f 20 21 22 23 24 25 26 27 28 29 2a 2b 2c 2d 2e 2f 30 31 32 33 34 35 36 37 38 39 3a 3b 3c 3d 3e 3f 40 41 42 43 44 45 46 47 48 49 4a 4b 4c 4d 4e 4f 50 51 52 53 54 55 56 57 58 59 5a 5b 5c 5d 5e 5f 60 61 62 63 64 65 66 67 68 69 6a 6b 6c 6d 6e 6f 70 71 72 73 74 75 76 77 78 79 7a 7b 7c 7d 7e 7f 80 81 82 83 84 85 86 87 88 89 8a 8b 8c 8d 8e 8f 90 91 92 93 94 95 96 97 98 99 9a 9b 9c 9d 9e 9f a0 a1 a2 a3 a4 a5 a6 a7 a8 a9 aa ab ac ad ae af b0 b1 b2 b3 b4 b5 b6 b7 b8 b9 ba bb bc bd be bf c0 c1 c2 c3 c4 c5 c6 c7 c8 c9 ca cb cc cd ce cf d0 d1 d2 d3 d4 d5 d6 d7 d8 d9 da db dc dd de df e0 e1 e2 e3 e4 e5 e6 e7 e8 e9 ea eb ec ed ee ef f0 f1 f2 f3 f4 f5 f6 f7 f8 f9 fa fb fc fd fe ff 
 0  1  2 82  4 a9 d3 12  8 7d 85 94 71 50 24 -- 10 -- fa be dd 32 ff -- e2 cf a0 -- 48 -- -- -- 20 -- -- -- 23 -- ab 4f 6d -- 64 -- 29 -- -- -- 13 -- 49 -- 97 -- -- -- 90 d7 -- -- -- -- -- a1 40 -- -- -- -- -- -- -- 46 -- -- e7 81 14 9e b4 da -- -- -- c8 -- -- -- 52 9f -- -- --  5 -- -- 26 -- -- -- 92 -- -- 3e f9 8e -- 62 -- -- -- -- f7 -- 79 27 -- -- -- -- -- c6 -- -- -- -- 95 -- 80 -- -- bb -- -- -- -- -- -- -- -- -- -- -- cc 8c -- -- -- -- 5f 19 -- d5 4a 28 -- eb 41 bf  9 63 -- -- -- -- f8 -- -- 47 31 -- -- -- -- -- 1f a4 -- e9 -- -- -- -- -- -- 98  a 5a -- -- -- -- 4c 2d -- -- -- -- -- -- f3 -- -- e4 -- -- 7c -- 25 -- cb ef -- -- c4 -- -- -- -- 66 -- b6 -- -- 39 -- -- -- f2 -- 4e -- -- -- -- -- -- -- -- -- -- 33 5b -- -- 9c -- -- -- 72 -- -- fd -- -- -- 

solutions so far:0 maxDepth:10 
iterations:15161602  skipped: 32 
Depth skipped: 
0 0 32 0 0 0 0 0 0 0 0 0 0 0 0 0 0 0 0 0 0 0 0 0 0 0 0 0 0 0 0 0 

running time: 1800 sec
 depth:5
 0  1  2  3  4  5  6  7  8  9  a  b  c  d  e  f 10 11 12 13 14 15 16 17 18 19 1a 1b 1c 1d 1e 1f 20 21 22 23 24 25 26 27 28 29 2a 2b 2c 2d 2e 2f 30 31 32 33 34 35 36 37 38 39 3a 3b 3c 3d 3e 3f 40 41 42 43 44 45 46 47 48 49 4a 4b 4c 4d 4e 4f 50 51 52 53 54 55 56 57 58 59 5a 5b 5c 5d 5e 5f 60 61 62 63 64 65 66 67 68 69 6a 6b 6c 6d 6e 6f 70 71 72 73 74 75 76 77 78 79 7a 7b 7c 7d 7e 7f 80 81 82 83 84 85 86 87 88 89 8a 8b 8c 8d 8e 8f 90 91 92 93 94 95 96 97 98 99 9a 9b 9c 9d 9e 9f a0 a1 a2 a3 a4 a5 a6 a7 a8 a9 aa ab ac ad ae af b0 b1 b2 b3 b4 b5 b6 b7 b8 b9 ba bb bc bd be bf c0 c1 c2 c3 c4 c5 c6 c7 c8 c9 ca cb cc cd ce cf d0 d1 d2 d3 d4 d5 d6 d7 d8 d9 da db dc dd de df e0 e1 e2 e3 e4 e5 e6 e7 e8 e9 ea eb ec ed ee ef f0 f1 f2 f3 f4 f5 f6 f7 f8 f9 fa fb fc fd fe ff 
 0  1  2 82  4 96 d3 bb  8 b2 fb -- 71 -- a1 -- 10 -- b3 44 21 32 -- -- e2 ad -- -- 95 -- -- -- 20 -- -- -- b1 -- 88 4f 42 -- 64 -- -- -- -- -- 13 -- 8d -- -- -- -- -- fd d7 -- -- -- -- -- 1b 40 -- -- -- -- -- -- -- b5 -- -- e7 c7 -- 9e ce 84 -- -- -- c8 -- -- -- -- -- -- -- -- -- -- -- 26 -- -- -- cd -- -- 85 -- 8e -- e3 -- -- -- -- 2d -- 79 da -- -- -- -- -- 69 -- -- -- -- 36 -- 80 -- -- e6 -- -- -- -- -- -- -- -- -- -- -- cc bd -- -- -- -- 22 19 -- 59 -- -- -- eb 41 4b b6 df -- -- -- -- 6d -- -- 47 9a -- -- -- -- -- a9 -- -- -- -- -- -- -- -- -- 98 -- 67 -- -- -- -- 4c d8 -- -- -- -- -- -- 4d -- -- bf -- -- dd -- -- -- cb 5b -- -- 11 -- -- -- -- 66 -- 73 -- -- 5a -- -- -- f2 -- 63 -- -- -- -- -- -- -- -- -- -- 33 d2 -- -- c6 -- -- -- b4 -- -- 6c -- -- -- 

solutions so far:0 maxDepth:10 
iterations:17668677  skipped: 42 
Depth skipped: 
0 0 42 0 0 0 0 0 0 0 0 0 0 0 0 0 0 0 0 0 0 0 0 0 0 0 0 0 0 0 0 0 

running time: 2100 sec
 depth:6
 0  1  2  3  4  5  6  7  8  9  a  b  c  d  e  f 10 11 12 13 14 15 16 17 18 19 1a 1b 1c 1d 1e 1f 20 21 22 23 24 25 26 27 28 29 2a 2b 2c 2d 2e 2f 30 31 32 33 34 35 36 37 38 39 3a 3b 3c 3d 3e 3f 40 41 42 43 44 45 46 47 48 49 4a 4b 4c 4d 4e 4f 50 51 52 53 54 55 56 57 58 59 5a 5b 5c 5d 5e 5f 60 61 62 63 64 65 66 67 68 69 6a 6b 6c 6d 6e 6f 70 71 72 73 74 75 76 77 78 79 7a 7b 7c 7d 7e 7f 80 81 82 83 84 85 86 87 88 89 8a 8b 8c 8d 8e 8f 90 91 92 93 94 95 96 97 98 99 9a 9b 9c 9d 9e 9f a0 a1 a2 a3 a4 a5 a6 a7 a8 a9 aa ab ac ad ae af b0 b1 b2 b3 b4 b5 b6 b7 b8 b9 ba bb bc bd be bf c0 c1 c2 c3 c4 c5 c6 c7 c8 c9 ca cb cc cd ce cf d0 d1 d2 d3 d4 d5 d6 d7 d8 d9 da db dc dd de df e0 e1 e2 e3 e4 e5 e6 e7 e8 e9 ea eb ec ed ee ef f0 f1 f2 f3 f4 f5 f6 f7 f8 f9 fa fb fc fd fe ff 
 0  1  2 82  4 8f d3 3b  8 72 c9 83 71 57 76 -- 10 -- e4 48 45 32 d1 -- e2 f8 ae -- ec -- -- -- 20 -- -- -- 1f -- 90 4f 8a -- 64 -- 75 -- -- -- 13 -- 27 -- 8b -- -- --  f d7 -- -- -- -- -- 6a 40 -- -- -- -- -- -- -- 3e -- -- e7 f7 60 9e 56 c3 -- -- -- c8 -- -- -- ea  6 -- -- -- 18 -- -- 26 -- -- -- 4e -- -- 6e c1 8e --  9 -- -- -- -- 1e -- 79 de -- -- -- -- -- a2 -- -- -- -- d4 -- 80 -- -- 35 -- -- -- -- -- -- -- -- -- -- -- cc 7c -- -- -- -- 24 19 -- 39 aa c0 -- eb 41 ac f6 51 -- -- -- -- 6f -- -- 47 ef -- -- -- -- -- 37  3 --  c -- -- -- -- -- -- 98 30 2b -- -- -- -- 4c fe -- -- -- -- -- -- 9c -- -- f0 -- -- dc -- 55 -- cb 7b -- -- 12 -- -- -- -- 66 -- f1 -- -- 3c -- -- -- f2 -- 6b -- -- -- -- -- -- -- -- -- -- 33 93 -- -- d6 -- -- -- 78 -- -- 7f -- -- -- 

solutions so far:0 maxDepth:10 
iterations:19791173  skipped: 45 
Depth skipped: 
0 0 45 0 0 0 0 0 0 0 0 0 0 0 0 0 0 0 0 0 0 0 0 0 0 0 0 0 0 0 0 0 

running time: 2400 sec
 depth:7
 0  1  2  3  4  5  6  7  8  9  a  b  c  d  e  f 10 11 12 13 14 15 16 17 18 19 1a 1b 1c 1d 1e 1f 20 21 22 23 24 25 26 27 28 29 2a 2b 2c 2d 2e 2f 30 31 32 33 34 35 36 37 38 39 3a 3b 3c 3d 3e 3f 40 41 42 43 44 45 46 47 48 49 4a 4b 4c 4d 4e 4f 50 51 52 53 54 55 56 57 58 59 5a 5b 5c 5d 5e 5f 60 61 62 63 64 65 66 67 68 69 6a 6b 6c 6d 6e 6f 70 71 72 73 74 75 76 77 78 79 7a 7b 7c 7d 7e 7f 80 81 82 83 84 85 86 87 88 89 8a 8b 8c 8d 8e 8f 90 91 92 93 94 95 96 97 98 99 9a 9b 9c 9d 9e 9f a0 a1 a2 a3 a4 a5 a6 a7 a8 a9 aa ab ac ad ae af b0 b1 b2 b3 b4 b5 b6 b7 b8 b9 ba bb bc bd be bf c0 c1 c2 c3 c4 c5 c6 c7 c8 c9 ca cb cc cd ce cf d0 d1 d2 d3 d4 d5 d6 d7 d8 d9 da db dc dd de df e0 e1 e2 e3 e4 e5 e6 e7 e8 e9 ea eb ec ed ee ef f0 f1 f2 f3 f4 f5 f6 f7 f8 f9 fa fb fc fd fe ff 
 0  1  2 82  4 7e d3 e0  8 49 fc 37 71 ec 17 b3 10 -- 92 23 2f 32 6e -- e2 c4  f -- 2e -- b1 -- 20 -- -- -- f3 -- 46 4f 5e -- 64 -- dc -- -- 4d 13 -- 5f -- 1e -- -- -- 5c d7 -- -- b5 44 -- a3 40 11 -- -- -- -- -- -- 31 -- -- e7 8c 3b 9e f4 bc -- -- -- c8 -- -- -- 6f 6b -- -- -- 7b 9a -- 26 -- -- -- be -- -- 3a 3c 8e -- d5 -- -- -- -- b8 -- 79  7 -- -- -- -- bd 89 88 -- -- -- 91 -- 80 -- 22 ba -- -- -- -- -- -- -- cd -- -- -- cc 62 -- -- -- -- fa 19 -- cf f0 76 b2 eb 41 3f 70 af -- -- -- -- e8 -- -- 47 81 -- -- -- -- -- 1d de -- d6 -- -- -- -- -- -- 98 f6 7a e3 -- -- -- 4c 3d -- -- -- -- -- -- ab -- -- e5 -- -- 74 -- 78 59 cb 38 -- -- 7d -- -- 8d -- 66 -- 5d -- -- a7 -- -- -- f2 --  e -- -- -- -- -- -- -- -- -- ad 33 c5 -- c7 1c -- -- -- 99 -- -- f5 -- -- -- 

solutions so far:0 maxDepth:10 
iterations:22756621  skipped: 49 
Depth skipped: 
0 0 49 0 0 0 0 0 0 0 0 0 0 0 0 0 0 0 0 0 0 0 0 0 0 0 0 0 0 0 0 0 

running time: 2700 sec
 depth:6
 0  1  2  3  4  5  6  7  8  9  a  b  c  d  e  f 10 11 12 13 14 15 16 17 18 19 1a 1b 1c 1d 1e 1f 20 21 22 23 24 25 26 27 28 29 2a 2b 2c 2d 2e 2f 30 31 32 33 34 35 36 37 38 39 3a 3b 3c 3d 3e 3f 40 41 42 43 44 45 46 47 48 49 4a 4b 4c 4d 4e 4f 50 51 52 53 54 55 56 57 58 59 5a 5b 5c 5d 5e 5f 60 61 62 63 64 65 66 67 68 69 6a 6b 6c 6d 6e 6f 70 71 72 73 74 75 76 77 78 79 7a 7b 7c 7d 7e 7f 80 81 82 83 84 85 86 87 88 89 8a 8b 8c 8d 8e 8f 90 91 92 93 94 95 96 97 98 99 9a 9b 9c 9d 9e 9f a0 a1 a2 a3 a4 a5 a6 a7 a8 a9 aa ab ac ad ae af b0 b1 b2 b3 b4 b5 b6 b7 b8 b9 ba bb bc bd be bf c0 c1 c2 c3 c4 c5 c6 c7 c8 c9 ca cb cc cd ce cf d0 d1 d2 d3 d4 d5 d6 d7 d8 d9 da db dc dd de df e0 e1 e2 e3 e4 e5 e6 e7 e8 e9 ea eb ec ed ee ef f0 f1 f2 f3 f4 f5 f6 f7 f8 f9 fa fb fc fd fe ff 
 0  1  2 82  4 6f d3 59  8 be de d4 71 51 b2 -- 10 -- ab 31 6b 32 7f -- e2 fa a2 -- b3 -- -- -- 20 -- -- -- 81 -- 62 4f d6 -- 64 -- fe -- -- -- 13 -- 23 -- 93 -- -- -- b1 d7 -- -- -- -- -- 1e 40 -- -- -- -- -- -- -- d5 -- -- e7 c4 8a 9e 6e 7b -- -- -- c8 -- -- -- 2b ac -- -- -- c9 -- -- 26 -- -- -- 46 -- -- 4d f1 8e -- 49 -- -- -- -- b5 -- 79 11 -- -- -- -- -- 3b -- -- -- -- 3c -- 80 -- --  f -- -- -- -- -- -- -- -- -- -- -- cc 7d -- -- -- -- f3 19 -- 5f 6a c3 -- eb 41 dc c7 f6 -- -- -- -- e3 -- -- 47 cf -- -- -- -- -- cd 56 -- 8f -- -- -- -- -- -- 98 45 37 -- -- -- -- 4c f0 -- -- -- -- -- -- 8c -- -- 8d -- -- 9a -- 35 -- cb 88 -- -- 92 -- -- -- -- 66 -- ec -- -- bd -- -- -- f2 -- 22 -- -- -- -- -- -- -- -- -- -- 33 76 -- -- 44 -- -- -- ad -- -- 78 -- -- -- 

solutions so far:0 maxDepth:10 
iterations:26268999  skipped: 54 
Depth skipped: 
0 0 54 0 0 0 0 0 0 0 0 0 0 0 0 0 0 0 0 0 0 0 0 0 0 0 0 0 0 0 0 0 

running time: 3000 sec
 depth:6
 0  1  2  3  4  5  6  7  8  9  a  b  c  d  e  f 10 11 12 13 14 15 16 17 18 19 1a 1b 1c 1d 1e 1f 20 21 22 23 24 25 26 27 28 29 2a 2b 2c 2d 2e 2f 30 31 32 33 34 35 36 37 38 39 3a 3b 3c 3d 3e 3f 40 41 42 43 44 45 46 47 48 49 4a 4b 4c 4d 4e 4f 50 51 52 53 54 55 56 57 58 59 5a 5b 5c 5d 5e 5f 60 61 62 63 64 65 66 67 68 69 6a 6b 6c 6d 6e 6f 70 71 72 73 74 75 76 77 78 79 7a 7b 7c 7d 7e 7f 80 81 82 83 84 85 86 87 88 89 8a 8b 8c 8d 8e 8f 90 91 92 93 94 95 96 97 98 99 9a 9b 9c 9d 9e 9f a0 a1 a2 a3 a4 a5 a6 a7 a8 a9 aa ab ac ad ae af b0 b1 b2 b3 b4 b5 b6 b7 b8 b9 ba bb bc bd be bf c0 c1 c2 c3 c4 c5 c6 c7 c8 c9 ca cb cc cd ce cf d0 d1 d2 d3 d4 d5 d6 d7 d8 d9 da db dc dd de df e0 e1 e2 e3 e4 e5 e6 e7 e8 e9 ea eb ec ed ee ef f0 f1 f2 f3 f4 f5 f6 f7 f8 f9 fa fb fc fd fe ff 
 0  1  2 82  4 58 d3 74  8 8a b0 bd 71 c7 e8 -- 10 -- c3 ac b7 32 ad -- e2 f1 59 --  7 -- -- -- 20 -- -- -- 51 -- 8f 4f b9 -- 64 -- 8d -- -- -- 13 -- 35 -- b2 -- -- --  e d7 -- -- -- -- -- 68 40 -- -- -- -- -- -- -- a2 -- -- e7 c9 44 9e 16 a5 -- -- -- c8 -- -- -- cd 9a -- -- -- 11 -- -- 26 -- -- -- 6a -- -- 2e b3 8e -- fe -- -- -- -- 1c -- 79 a7 -- -- -- -- -- ed -- -- -- -- d0 -- 80 -- -- 34 -- -- -- -- -- -- -- -- -- -- -- cc 93 -- -- -- -- 56 19 -- 45 b5 88 -- eb 41 2c 3a 9d -- -- -- -- b8 -- -- 47 7f -- -- -- -- -- 17 4d -- e3 -- -- -- -- -- -- 98 22  b -- -- -- -- 4c ee -- -- -- -- -- -- d4 -- -- e0 -- -- 5c -- b1 -- cb 1d -- -- 2b -- -- -- -- 66 -- 1a -- -- 38 -- -- -- f2 -- 99 -- -- -- -- -- -- -- -- -- -- 33  d -- -- e5 -- -- -- 70 -- -- 77 -- -- -- 

solutions so far:0 maxDepth:10 
iterations:30306882  skipped: 62 
Depth skipped: 
0 0 62 0 0 0 0 0 0 0 0 0 0 0 0 0 0 0 0 0 0 0 0 0 0 0 0 0 0 0 0 0 

running time: 3300 sec
 depth:7
 0  1  2  3  4  5  6  7  8  9  a  b  c  d  e  f 10 11 12 13 14 15 16 17 18 19 1a 1b 1c 1d 1e 1f 20 21 22 23 24 25 26 27 28 29 2a 2b 2c 2d 2e 2f 30 31 32 33 34 35 36 37 38 39 3a 3b 3c 3d 3e 3f 40 41 42 43 44 45 46 47 48 49 4a 4b 4c 4d 4e 4f 50 51 52 53 54 55 56 57 58 59 5a 5b 5c 5d 5e 5f 60 61 62 63 64 65 66 67 68 69 6a 6b 6c 6d 6e 6f 70 71 72 73 74 75 76 77 78 79 7a 7b 7c 7d 7e 7f 80 81 82 83 84 85 86 87 88 89 8a 8b 8c 8d 8e 8f 90 91 92 93 94 95 96 97 98 99 9a 9b 9c 9d 9e 9f a0 a1 a2 a3 a4 a5 a6 a7 a8 a9 aa ab ac ad ae af b0 b1 b2 b3 b4 b5 b6 b7 b8 b9 ba bb bc bd be bf c0 c1 c2 c3 c4 c5 c6 c7 c8 c9 ca cb cc cd ce cf d0 d1 d2 d3 d4 d5 d6 d7 d8 d9 da db dc dd de df e0 e1 e2 e3 e4 e5 e6 e7 e8 e9 ea eb ec ed ee ef f0 f1 f2 f3 f4 f5 f6 f7 f8 f9 fa fb fc fd fe ff 
 0  1  2 82  4 43 d3 d8  8  7 86 ef 71 3e 67 4d 10 --  e 1d db 32  9 -- e2 e0 7c -- ce -- 9a -- 20 -- -- -- 1c -- 3a 4f 61 -- 64 -- 12 -- -- c7 13 -- 17 -- f8 -- -- -- 4b d7 -- -- e3 b5 -- 2a 40 b3 -- -- -- -- -- -- 38 -- -- e7 74 e4 9e 65 c2 -- -- -- c8 -- -- -- 24 90 -- -- -- 39 59 -- 26 -- -- -- 2e -- -- df 27 8e -- a7 -- -- -- -- 96 -- 79 73 -- -- -- -- 11 a6 bd -- -- -- 54 -- 80 -- b1 15 -- -- -- -- -- -- -- 88 -- -- -- cc 70 -- -- -- -- e5 19 -- e8 9c 1f cd eb 41 ca 6c 53 -- -- -- -- d2 -- -- 47 b8 -- -- -- -- -- 84 48 -- f7 -- -- -- -- -- -- 98 72 d9 b2 -- -- -- 4c 87 -- -- -- -- -- -- 5c -- -- 42 -- -- 69 -- 4e 8d cb 36 -- -- 99 -- -- 44 -- 66 -- e1 -- -- fb -- -- -- f2 -- e6 -- -- -- -- -- -- -- -- -- 22 33 9b -- ad 1b -- -- -- 21 -- -- a8 -- -- -- 

solutions so far:0 maxDepth:10 
iterations:33838865  skipped: 69 
Depth skipped: 
0 0 69 0 0 0 0 0 0 0 0 0 0 0 0 0 0 0 0 0 0 0 0 0 0 0 0 0 0 0 0 0 

running time: 3600 sec
 depth:7
 0  1  2  3  4  5  6  7  8  9  a  b  c  d  e  f 10 11 12 13 14 15 16 17 18 19 1a 1b 1c 1d 1e 1f 20 21 22 23 24 25 26 27 28 29 2a 2b 2c 2d 2e 2f 30 31 32 33 34 35 36 37 38 39 3a 3b 3c 3d 3e 3f 40 41 42 43 44 45 46 47 48 49 4a 4b 4c 4d 4e 4f 50 51 52 53 54 55 56 57 58 59 5a 5b 5c 5d 5e 5f 60 61 62 63 64 65 66 67 68 69 6a 6b 6c 6d 6e 6f 70 71 72 73 74 75 76 77 78 79 7a 7b 7c 7d 7e 7f 80 81 82 83 84 85 86 87 88 89 8a 8b 8c 8d 8e 8f 90 91 92 93 94 95 96 97 98 99 9a 9b 9c 9d 9e 9f a0 a1 a2 a3 a4 a5 a6 a7 a8 a9 aa ab ac ad ae af b0 b1 b2 b3 b4 b5 b6 b7 b8 b9 ba bb bc bd be bf c0 c1 c2 c3 c4 c5 c6 c7 c8 c9 ca cb cc cd ce cf d0 d1 d2 d3 d4 d5 d6 d7 d8 d9 da db dc dd de df e0 e1 e2 e3 e4 e5 e6 e7 e8 e9 ea eb ec ed ee ef f0 f1 f2 f3 f4 f5 f6 f7 f8 f9 fa fb fc fd fe ff 
 0  1  2 82  4 2b d3 d9  8 e8 56 14 71 52 65 c4 10 --  7 e5 ac 32 28 -- e2 70 a4 -- ca -- 5f -- 20 -- -- --  e -- 1d 4f 8f -- 64 -- 50 -- -- fa 13 -- e0 -- 9f -- -- -- 43 d7 -- -- be 49 -- 93 40 8c -- -- -- -- -- -- 1c -- -- e7 3a ff 9e 7f c9 -- -- -- c8 -- -- -- a0 f9 -- -- -- 4a 23 -- 26 -- -- -- 17 -- -- a6 e9 8e -- b8 -- -- -- -- 86 -- 79 15 -- -- -- -- ab 8a 92 -- -- -- f1 -- 80 -- cf a2 -- -- -- -- -- -- -- 7d -- -- -- cc 38 -- -- -- -- 99 19 -- 74  a 29 62 eb 41 fe 87 45 -- -- -- -- e1 -- -- 47 5c -- -- -- -- -- 53 97 -- 25 -- -- -- -- -- -- 98 94 d4 46 -- -- -- 4c 6a -- -- -- -- -- -- 2e -- -- c2 -- -- 9b --  5 31 cb a8 -- -- a7 -- -- d5 -- 66 -- 51 -- -- db -- -- -- f2 -- 2a -- -- -- -- -- -- -- -- -- 81 33 c3 -- f3 54 -- -- -- 61 -- -- 35 -- -- -- 

solutions so far:0 maxDepth:10 
iterations:37591561  skipped: 79 
Depth skipped: 
0 0 79 0 0 0 0 0 0 0 0 0 0 0 0 0 0 0 0 0 0 0 0 0 0 0 0 0 0 0 0 0 

running time: 3900 sec
 depth:7
 0  1  2  3  4  5  6  7  8  9  a  b  c  d  e  f 10 11 12 13 14 15 16 17 18 19 1a 1b 1c 1d 1e 1f 20 21 22 23 24 25 26 27 28 29 2a 2b 2c 2d 2e 2f 30 31 32 33 34 35 36 37 38 39 3a 3b 3c 3d 3e 3f 40 41 42 43 44 45 46 47 48 49 4a 4b 4c 4d 4e 4f 50 51 52 53 54 55 56 57 58 59 5a 5b 5c 5d 5e 5f 60 61 62 63 64 65 66 67 68 69 6a 6b 6c 6d 6e 6f 70 71 72 73 74 75 76 77 78 79 7a 7b 7c 7d 7e 7f 80 81 82 83 84 85 86 87 88 89 8a 8b 8c 8d 8e 8f 90 91 92 93 94 95 96 97 98 99 9a 9b 9c 9d 9e 9f a0 a1 a2 a3 a4 a5 a6 a7 a8 a9 aa ab ac ad ae af b0 b1 b2 b3 b4 b5 b6 b7 b8 b9 ba bb bc bd be bf c0 c1 c2 c3 c4 c5 c6 c7 c8 c9 ca cb cc cd ce cf d0 d1 d2 d3 d4 d5 d6 d7 d8 d9 da db dc dd de df e0 e1 e2 e3 e4 e5 e6 e7 e8 e9 ea eb ec ed ee ef f0 f1 f2 f3 f4 f5 f6 f7 f8 f9 fa fb fc fd fe ff 
 0  1  2 82  4 18 d3 3a  8 24 30 49 71 7d 74 6f 10 -- 48 9c 60 32 92 -- e2 72 fa -- e8 -- de -- 20 -- -- -- 90 -- ef 4f c0 -- 64 -- f3 -- -- 76 13 -- e4 -- 23 -- -- --  7 d7 -- -- 6b 78 -- 83 40 1e -- -- -- -- -- -- f7 -- -- e7  9 81 9e  6 57 -- -- -- c8 -- -- -- 31 c4 -- -- -- be ec -- 26 -- -- -- 1f -- -- 17 46 8e -- f8 -- -- -- --  e -- 79 b8 -- -- -- -- d6 8b f0 -- -- -- d1 -- 80 -- 3c aa -- -- -- -- -- -- -- 3b -- -- -- cc 39 -- -- -- -- 4e 19 -- 12 cf d5 dc eb 41  c 1d ae -- -- -- -- 5c -- -- 47 7c -- -- -- -- -- e0 62 -- 5f -- -- -- -- -- -- 98 ab  3  f -- -- -- 4c ea -- -- -- -- -- -- 3e -- -- 70 -- -- 2e -- 8c 6e cb e5 -- -- 27 -- -- f6 -- 66 -- 55 -- -- 1c -- -- -- f2 -- a7 -- -- -- -- -- -- -- -- -- 7b 33 c1 -- 37 99 -- -- -- 38 -- -- 75 -- -- -- 

solutions so far:0 maxDepth:10 
iterations:41184913  skipped: 86 
Depth skipped: 
0 0 86 0 0 0 0 0 0 0 0 0 0 0 0 0 0 0 0 0 0 0 0 0 0 0 0 0 0 0 0 0 

running time: 4200 sec

Finished. Total running time: 4434 sec
