Search S-boxes invariant for matrices: 
{0x00,0x02,0x04,0x06,0x08,0x0a,0x0c,0x0e,0x10,0x12,0x14,0x16,0x18,0x1a,0x1c,0x1e,0x20,0x22,0x24,0x26,0x28,0x2a,0x2c,0x2e,0x30,0x32,0x34,0x36,0x38,0x3a,0x3c,0x3e,0x40,0x42,0x44,0x46,0x48,0x4a,0x4c,0x4e,0x50,0x52,0x54,0x56,0x58,0x5a,0x5c,0x5e,0x60,0x62,0x64,0x66,0x68,0x6a,0x6c,0x6e,0x70,0x72,0x74,0x76,0x78,0x7a,0x7c,0x7e,0x80,0x82,0x84,0x86,0x88,0x8a,0x8c,0x8e,0x90,0x92,0x94,0x96,0x98,0x9a,0x9c,0x9e,0xa0,0xa2,0xa4,0xa6,0xa8,0xaa,0xac,0xae,0xb0,0xb2,0xb4,0xb6,0xb8,0xba,0xbc,0xbe,0xc0,0xc2,0xc4,0xc6,0xc8,0xca,0xcc,0xce,0xd0,0xd2,0xd4,0xd6,0xd8,0xda,0xdc,0xde,0xe0,0xe2,0xe4,0xe6,0xe8,0xea,0xec,0xee,0xf0,0xf2,0xf4,0xf6,0xf8,0xfa,0xfc,0xfe,0x39,0x3b,0x3d,0x3f,0x31,0x33,0x35,0x37,0x29,0x2b,0x2d,0x2f,0x21,0x23,0x25,0x27,0x19,0x1b,0x1d,0x1f,0x11,0x13,0x15,0x17,0x09,0x0b,0x0d,0x0f,0x01,0x03,0x05,0x07,0x79,0x7b,0x7d,0x7f,0x71,0x73,0x75,0x77,0x69,0x6b,0x6d,0x6f,0x61,0x63,0x65,0x67,0x59,0x5b,0x5d,0x5f,0x51,0x53,0x55,0x57,0x49,0x4b,0x4d,0x4f,0x41,0x43,0x45,0x47,0xb9,0xbb,0xbd,0xbf,0xb1,0xb3,0xb5,0xb7,0xa9,0xab,0xad,0xaf,0xa1,0xa3,0xa5,0xa7,0x99,0x9b,0x9d,0x9f,0x91,0x93,0x95,0x97,0x89,0x8b,0x8d,0x8f,0x81,0x83,0x85,0x87,0xf9,0xfb,0xfd,0xff,0xf1,0xf3,0xf5,0xf7,0xe9,0xeb,0xed,0xef,0xe1,0xe3,0xe5,0xe7,0xd9,0xdb,0xdd,0xdf,0xd1,0xd3,0xd5,0xd7,0xc9,0xcb,0xcd,0xcf,0xc1,0xc3,0xc5,0xc7};
{0x00,0x02,0x04,0x06,0x08,0x0a,0x0c,0x0e,0x10,0x12,0x14,0x16,0x18,0x1a,0x1c,0x1e,0x20,0x22,0x24,0x26,0x28,0x2a,0x2c,0x2e,0x30,0x32,0x34,0x36,0x38,0x3a,0x3c,0x3e,0x40,0x42,0x44,0x46,0x48,0x4a,0x4c,0x4e,0x50,0x52,0x54,0x56,0x58,0x5a,0x5c,0x5e,0x60,0x62,0x64,0x66,0x68,0x6a,0x6c,0x6e,0x70,0x72,0x74,0x76,0x78,0x7a,0x7c,0x7e,0x80,0x82,0x84,0x86,0x88,0x8a,0x8c,0x8e,0x90,0x92,0x94,0x96,0x98,0x9a,0x9c,0x9e,0xa0,0xa2,0xa4,0xa6,0xa8,0xaa,0xac,0xae,0xb0,0xb2,0xb4,0xb6,0xb8,0xba,0xbc,0xbe,0xc0,0xc2,0xc4,0xc6,0xc8,0xca,0xcc,0xce,0xd0,0xd2,0xd4,0xd6,0xd8,0xda,0xdc,0xde,0xe0,0xe2,0xe4,0xe6,0xe8,0xea,0xec,0xee,0xf0,0xf2,0xf4,0xf6,0xf8,0xfa,0xfc,0xfe,0xd7,0xd5,0xd3,0xd1,0xdf,0xdd,0xdb,0xd9,0xc7,0xc5,0xc3,0xc1,0xcf,0xcd,0xcb,0xc9,0xf7,0xf5,0xf3,0xf1,0xff,0xfd,0xfb,0xf9,0xe7,0xe5,0xe3,0xe1,0xef,0xed,0xeb,0xe9,0x97,0x95,0x93,0x91,0x9f,0x9d,0x9b,0x99,0x87,0x85,0x83,0x81,0x8f,0x8d,0x8b,0x89,0xb7,0xb5,0xb3,0xb1,0xbf,0xbd,0xbb,0xb9,0xa7,0xa5,0xa3,0xa1,0xaf,0xad,0xab,0xa9,0x57,0x55,0x53,0x51,0x5f,0x5d,0x5b,0x59,0x47,0x45,0x43,0x41,0x4f,0x4d,0x4b,0x49,0x77,0x75,0x73,0x71,0x7f,0x7d,0x7b,0x79,0x67,0x65,0x63,0x61,0x6f,0x6d,0x6b,0x69,0x17,0x15,0x13,0x11,0x1f,0x1d,0x1b,0x19,0x07,0x05,0x03,0x01,0x0f,0x0d,0x0b,0x09,0x37,0x35,0x33,0x31,0x3f,0x3d,0x3b,0x39,0x27,0x25,0x23,0x21,0x2f,0x2d,0x2b,0x29};



 depth:6
 0  1  2  3  4  5  6  7  8  9  a  b  c  d  e  f 10 11 12 13 14 15 16 17 18 19 1a 1b 1c 1d 1e 1f 20 21 22 23 24 25 26 27 28 29 2a 2b 2c 2d 2e 2f 30 31 32 33 34 35 36 37 38 39 3a 3b 3c 3d 3e 3f 40 41 42 43 44 45 46 47 48 49 4a 4b 4c 4d 4e 4f 50 51 52 53 54 55 56 57 58 59 5a 5b 5c 5d 5e 5f 60 61 62 63 64 65 66 67 68 69 6a 6b 6c 6d 6e 6f 70 71 72 73 74 75 76 77 78 79 7a 7b 7c 7d 7e 7f 80 81 82 83 84 85 86 87 88 89 8a 8b 8c 8d 8e 8f 90 91 92 93 94 95 96 97 98 99 9a 9b 9c 9d 9e 9f a0 a1 a2 a3 a4 a5 a6 a7 a8 a9 aa ab ac ad ae af b0 b1 b2 b3 b4 b5 b6 b7 b8 b9 ba bb bc bd be bf c0 c1 c2 c3 c4 c5 c6 c7 c8 c9 ca cb cc cd ce cf d0 d1 d2 d3 d4 d5 d6 d7 d8 d9 da db dc dd de df e0 e1 e2 e3 e4 e5 e6 e7 e8 e9 ea eb ec ed ee ef f0 f1 f2 f3 f4 f5 f6 f7 f8 f9 fa fb fc fd fe ff 
 0  1  2 84  4 f5 df 8a  8 e2 3d 11 69 ad c3 -- 10 -- 13 41 7a 67 22 -- d2 e7 8d -- 51 -- -- -- 20 -- -- -- 26 -- 82 4f f4 -- ce -- 44 -- -- -- 73 -- 19 -- cd -- -- -- a2 d7 -- -- -- -- -- af 40 -- -- -- -- -- -- -- 4c -- -- 6c d3 b5 9e a3 3f -- -- -- 4b -- -- -- 88 59 -- -- -- b3 -- -- e6 -- -- -- 32 -- -- 7f 4d fb -- 47 -- -- -- -- 93 -- 79 56 -- -- -- -- -- fc -- -- -- -- 89 -- 80 -- -- bc -- -- -- -- -- -- -- -- -- -- -- cc 98 -- -- -- -- cb d8 -- 71 e3 bd -- eb 42 91 45 7e -- -- -- -- 2b -- -- 96 c8 -- -- -- -- -- d4 c7 -- b2 -- -- -- -- -- -- 36 b1 ba -- -- -- -- 1b 5d -- -- -- -- -- -- 64 -- -- 6a -- -- fe -- 9a -- 21 c9 -- -- 8e -- -- -- -- 66 -- 5e -- -- f1 -- -- -- f2 -- ac -- -- -- -- -- -- -- -- -- -- 33 2f -- -- 8f -- -- -- 35 -- -- c5 -- -- -- 

solutions so far:0 maxDepth:9 
iterations:2044904  skipped: 3 
Depth skipped: 
0 0 3 0 0 0 0 0 0 0 0 0 0 0 0 0 0 0 0 0 0 0 0 0 0 0 0 0 0 0 0 0 

running time: 300 sec
 depth:6
 0  1  2  3  4  5  6  7  8  9  a  b  c  d  e  f 10 11 12 13 14 15 16 17 18 19 1a 1b 1c 1d 1e 1f 20 21 22 23 24 25 26 27 28 29 2a 2b 2c 2d 2e 2f 30 31 32 33 34 35 36 37 38 39 3a 3b 3c 3d 3e 3f 40 41 42 43 44 45 46 47 48 49 4a 4b 4c 4d 4e 4f 50 51 52 53 54 55 56 57 58 59 5a 5b 5c 5d 5e 5f 60 61 62 63 64 65 66 67 68 69 6a 6b 6c 6d 6e 6f 70 71 72 73 74 75 76 77 78 79 7a 7b 7c 7d 7e 7f 80 81 82 83 84 85 86 87 88 89 8a 8b 8c 8d 8e 8f 90 91 92 93 94 95 96 97 98 99 9a 9b 9c 9d 9e 9f a0 a1 a2 a3 a4 a5 a6 a7 a8 a9 aa ab ac ad ae af b0 b1 b2 b3 b4 b5 b6 b7 b8 b9 ba bb bc bd be bf c0 c1 c2 c3 c4 c5 c6 c7 c8 c9 ca cb cc cd ce cf d0 d1 d2 d3 d4 d5 d6 d7 d8 d9 da db dc dd de df e0 e1 e2 e3 e4 e5 e6 e7 e8 e9 ea eb ec ed ee ef f0 f1 f2 f3 f4 f5 f6 f7 f8 f9 fa fb fc fd fe ff 
 0  1  2 84  4 ee df  a  8 5d  b 5c 69 1c 14 -- 10 -- ba bc 16 67 b8 -- d2 3d 38 -- 28 -- -- -- 20 -- -- -- a3 -- af 4f 2c -- ce -- a7 -- -- -- 73 -- 7a -- 70 -- -- -- 50 d7 -- -- -- -- -- ed 40 -- -- -- -- -- -- -- 91 -- -- 6c 89  7 9e d0 58 -- -- -- 4b -- -- -- 99 1d -- -- -- 74 -- -- e6 -- -- -- f4 -- -- 94 e0 fb -- fc -- -- -- -- a0 -- 79 52 -- -- -- -- -- b7 -- -- -- --  d -- 80 -- -- 9d -- -- -- -- -- -- -- -- -- -- -- cc f5 -- -- -- -- 5e d8 -- c5 2e  e -- eb 42 77  5 b0 -- -- -- -- 29 -- -- 96 7e -- -- -- -- -- 4a e5 -- 3a -- -- -- -- -- -- 36 e8 68 -- -- -- -- 1b 34 -- -- -- -- -- -- 3f -- -- 25 -- -- ff -- 17 -- 21 e9 -- -- 2f -- -- -- -- 66 -- a5 -- -- 97 -- -- -- f2 -- a4 -- -- -- -- -- -- -- -- -- -- 33 b9 -- -- 9f -- -- -- f9 -- -- 1a -- -- -- 

solutions so far:0 maxDepth:9 
iterations:3989926  skipped: 5 
Depth skipped: 
0 0 5 0 0 0 0 0 0 0 0 0 0 0 0 0 0 0 0 0 0 0 0 0 0 0 0 0 0 0 0 0 

running time: 600 sec
 depth:7
 0  1  2  3  4  5  6  7  8  9  a  b  c  d  e  f 10 11 12 13 14 15 16 17 18 19 1a 1b 1c 1d 1e 1f 20 21 22 23 24 25 26 27 28 29 2a 2b 2c 2d 2e 2f 30 31 32 33 34 35 36 37 38 39 3a 3b 3c 3d 3e 3f 40 41 42 43 44 45 46 47 48 49 4a 4b 4c 4d 4e 4f 50 51 52 53 54 55 56 57 58 59 5a 5b 5c 5d 5e 5f 60 61 62 63 64 65 66 67 68 69 6a 6b 6c 6d 6e 6f 70 71 72 73 74 75 76 77 78 79 7a 7b 7c 7d 7e 7f 80 81 82 83 84 85 86 87 88 89 8a 8b 8c 8d 8e 8f 90 91 92 93 94 95 96 97 98 99 9a 9b 9c 9d 9e 9f a0 a1 a2 a3 a4 a5 a6 a7 a8 a9 aa ab ac ad ae af b0 b1 b2 b3 b4 b5 b6 b7 b8 b9 ba bb bc bd be bf c0 c1 c2 c3 c4 c5 c6 c7 c8 c9 ca cb cc cd ce cf d0 d1 d2 d3 d4 d5 d6 d7 d8 d9 da db dc dd de df e0 e1 e2 e3 e4 e5 e6 e7 e8 e9 ea eb ec ed ee ef f0 f1 f2 f3 f4 f5 f6 f7 f8 f9 fa fb fc fd fe ff 
 0  1  2 84  4 e2 df 8f  8 89 13 a5 69 16 c9 a0 10 -- c5 2f 26 67 9d -- d2 91 2c -- 45 -- 97 -- 20 -- -- -- 5d -- 5e 4f 4c -- ce -- ed -- -- 29 73 -- f5 -- 58 -- -- -- 8a d7 -- -- f9  5 -- 47 40 9f -- -- -- -- -- -- ba -- -- 6c bc ee 9e d3 98 -- -- -- 4b -- -- --  d 34 -- -- -- d0 52 -- e6 -- -- -- 3d -- -- 35 b0 fb -- 3f -- -- -- -- c3 -- 79 7f -- -- -- -- 25 19  a -- -- -- 8e -- 80 -- e9 c8 -- -- -- -- -- -- -- ff -- -- -- cc a3 -- -- -- -- fc d8 -- af b9  b 50 eb 42 71 ac e7 -- -- -- -- d4 -- -- 96 f4 -- -- -- -- -- f1 1a -- 68 -- -- -- -- -- -- 36 77 82 a4 -- -- -- 1b 41 -- -- -- -- -- -- 7a -- -- 93 -- -- 6a -- b7 28 21 56 -- -- 7e -- -- 94 -- 66 -- 64 -- -- 51 -- -- -- f2 -- fe -- -- -- -- -- -- -- -- -- 4a 33 32 -- 14 2b -- -- -- a2 -- -- cb -- -- -- 

solutions so far:0 maxDepth:9 
iterations:5981691  skipped: 10 
Depth skipped: 
0 0 10 0 0 0 0 0 0 0 0 0 0 0 0 0 0 0 0 0 0 0 0 0 0 0 0 0 0 0 0 0 

running time: 900 sec
 depth:6
 0  1  2  3  4  5  6  7  8  9  a  b  c  d  e  f 10 11 12 13 14 15 16 17 18 19 1a 1b 1c 1d 1e 1f 20 21 22 23 24 25 26 27 28 29 2a 2b 2c 2d 2e 2f 30 31 32 33 34 35 36 37 38 39 3a 3b 3c 3d 3e 3f 40 41 42 43 44 45 46 47 48 49 4a 4b 4c 4d 4e 4f 50 51 52 53 54 55 56 57 58 59 5a 5b 5c 5d 5e 5f 60 61 62 63 64 65 66 67 68 69 6a 6b 6c 6d 6e 6f 70 71 72 73 74 75 76 77 78 79 7a 7b 7c 7d 7e 7f 80 81 82 83 84 85 86 87 88 89 8a 8b 8c 8d 8e 8f 90 91 92 93 94 95 96 97 98 99 9a 9b 9c 9d 9e 9f a0 a1 a2 a3 a4 a5 a6 a7 a8 a9 aa ab ac ad ae af b0 b1 b2 b3 b4 b5 b6 b7 b8 b9 ba bb bc bd be bf c0 c1 c2 c3 c4 c5 c6 c7 c8 c9 ca cb cc cd ce cf d0 d1 d2 d3 d4 d5 d6 d7 d8 d9 da db dc dd de df e0 e1 e2 e3 e4 e5 e6 e7 e8 e9 ea eb ec ed ee ef f0 f1 f2 f3 f4 f5 f6 f7 f8 f9 fa fb fc fd fe ff 
 0  1  2 84  4 d0 df 8a  8 db 77 95 69 63 c3 -- 10 -- 61 65 ee 67 fd -- d2 9b c6 -- 51 -- -- -- 20 -- -- -- c2 -- ca 4f  b -- ce -- 2d -- -- -- 73 -- e1 -- 5b -- -- -- a2 d7 -- -- -- -- -- a5 40 -- -- -- -- -- -- -- 53 -- -- 6c 43 6d 9e 34 16 -- -- -- 4b -- -- -- 5a bf -- -- -- 85 -- -- e6 -- -- -- 15 -- -- 7f b6 fb -- a8 -- -- -- -- 93 -- 79 56 -- -- -- -- -- 58 -- -- -- -- 9d -- 80 -- -- b9 -- -- -- -- -- -- -- -- -- -- -- cc a6 -- -- -- -- d9 d8 -- 86 a1 da -- eb 42 68 45 2c -- -- -- -- 2b -- -- 96 54 -- -- -- -- -- d4 b4 -- a9 -- -- -- -- -- -- 36 dd 1a -- -- -- -- 1b  d -- -- -- -- -- -- 2a -- -- 6a -- -- fe -- bb -- 21 c9 -- -- 87 -- -- -- -- 66 -- b7 -- -- f1 -- -- -- f2 -- ac -- -- -- -- -- -- -- -- -- -- 33 b0 -- -- 8f -- -- -- 35 -- -- ed -- -- -- 

solutions so far:0 maxDepth:9 
iterations:8158378  skipped: 15 
Depth skipped: 
0 0 15 0 0 0 0 0 0 0 0 0 0 0 0 0 0 0 0 0 0 0 0 0 0 0 0 0 0 0 0 0 

running time: 1200 sec
 depth:7
 0  1  2  3  4  5  6  7  8  9  a  b  c  d  e  f 10 11 12 13 14 15 16 17 18 19 1a 1b 1c 1d 1e 1f 20 21 22 23 24 25 26 27 28 29 2a 2b 2c 2d 2e 2f 30 31 32 33 34 35 36 37 38 39 3a 3b 3c 3d 3e 3f 40 41 42 43 44 45 46 47 48 49 4a 4b 4c 4d 4e 4f 50 51 52 53 54 55 56 57 58 59 5a 5b 5c 5d 5e 5f 60 61 62 63 64 65 66 67 68 69 6a 6b 6c 6d 6e 6f 70 71 72 73 74 75 76 77 78 79 7a 7b 7c 7d 7e 7f 80 81 82 83 84 85 86 87 88 89 8a 8b 8c 8d 8e 8f 90 91 92 93 94 95 96 97 98 99 9a 9b 9c 9d 9e 9f a0 a1 a2 a3 a4 a5 a6 a7 a8 a9 aa ab ac ad ae af b0 b1 b2 b3 b4 b5 b6 b7 b8 b9 ba bb bc bd be bf c0 c1 c2 c3 c4 c5 c6 c7 c8 c9 ca cb cc cd ce cf d0 d1 d2 d3 d4 d5 d6 d7 d8 d9 da db dc dd de df e0 e1 e2 e3 e4 e5 e6 e7 e8 e9 ea eb ec ed ee ef f0 f1 f2 f3 f4 f5 f6 f7 f8 f9 fa fb fc fd fe ff 
 0  1  2 84  4 c1 df 9a  8 1a 55 2b 69 f1 e3 1e 10 -- 34 a5 aa 67 56 -- d2 ee 35 -- 11 -- 3c -- 20 -- -- -- 68 -- 9d 4f 83 -- ce -- ac -- -- 6f 73 --  b -- 6a -- -- -- 22 d7 -- -- 78 f6 -- 18 40 d6 -- -- -- -- -- -- d0 -- -- 6c ed a2 9e ae d1 -- -- -- 4b -- -- -- 8f 45 -- -- -- c3 de -- e6 -- -- -- 16 -- -- b3 d4 fb -- b0 -- -- -- -- 44 -- 79 bd -- -- -- -- f0 ea 3b -- -- -- 30 -- 80 -- 7b  c -- -- -- -- -- -- -- dc -- -- -- cc 77 -- -- -- -- b9 d8 --  d fe 93  f eb 42 8b 4d 75 -- -- -- -- b5 -- -- 96 58 -- -- -- -- -- b2 c9 -- 8a -- -- -- -- -- -- 36 51 57 6b -- -- -- 1b c0 -- -- -- -- -- -- 2c -- -- 59 -- -- b1 -- 7f ec 21 cd -- -- b7 -- -- 6e -- 66 --  6 -- -- 88 -- -- -- f2 -- ad -- -- -- -- -- -- -- -- -- 37 33  3 -- 76 8d -- -- -- c7 -- -- 60 -- -- -- 

solutions so far:0 maxDepth:9 
iterations:10336288  skipped: 21 
Depth skipped: 
0 0 21 0 0 0 0 0 0 0 0 0 0 0 0 0 0 0 0 0 0 0 0 0 0 0 0 0 0 0 0 0 

running time: 1500 sec
 depth:6
 0  1  2  3  4  5  6  7  8  9  a  b  c  d  e  f 10 11 12 13 14 15 16 17 18 19 1a 1b 1c 1d 1e 1f 20 21 22 23 24 25 26 27 28 29 2a 2b 2c 2d 2e 2f 30 31 32 33 34 35 36 37 38 39 3a 3b 3c 3d 3e 3f 40 41 42 43 44 45 46 47 48 49 4a 4b 4c 4d 4e 4f 50 51 52 53 54 55 56 57 58 59 5a 5b 5c 5d 5e 5f 60 61 62 63 64 65 66 67 68 69 6a 6b 6c 6d 6e 6f 70 71 72 73 74 75 76 77 78 79 7a 7b 7c 7d 7e 7f 80 81 82 83 84 85 86 87 88 89 8a 8b 8c 8d 8e 8f 90 91 92 93 94 95 96 97 98 99 9a 9b 9c 9d 9e 9f a0 a1 a2 a3 a4 a5 a6 a7 a8 a9 aa ab ac ad ae af b0 b1 b2 b3 b4 b5 b6 b7 b8 b9 ba bb bc bd be bf c0 c1 c2 c3 c4 c5 c6 c7 c8 c9 ca cb cc cd ce cf d0 d1 d2 d3 d4 d5 d6 d7 d8 d9 da db dc dd de df e0 e1 e2 e3 e4 e5 e6 e7 e8 e9 ea eb ec ed ee ef f0 f1 f2 f3 f4 f5 f6 f7 f8 f9 fa fb fc fd fe ff 
 0  1  2 84  4 b5 df 27  8 ab bd 99 69 e0 4e -- 10 -- 81 62 ad 67 e5 -- d2 23 17 -- 9c -- -- -- 20 -- -- -- d5 -- c4 4f 8d -- ce -- 1d -- -- -- 73 -- 46 -- 2e -- -- -- ef d7 -- -- -- -- -- 44 40 -- -- -- -- -- -- -- 7d -- -- 6c 5f 38 9e b3 cd -- -- -- 4b -- -- -- 3a e8 -- -- --  e -- -- e6 -- -- -- 8c -- -- f7 5c fb -- 92 -- -- -- --  9 -- 79 e4 -- -- -- -- -- 9a -- -- -- -- 88 -- 80 -- -- 22 -- -- -- -- -- -- -- -- -- -- -- cc fa -- -- -- -- 31 d8 -- be a7 70 -- eb 42 b1 f8 4d -- -- -- -- 72 -- -- 96 49 -- -- -- -- -- 90 74 --  7 -- -- -- -- -- -- 36 1c b2 -- -- -- -- 1b 59 -- -- -- -- -- -- cf -- -- 48 -- -- 39 -- b8 -- 21 7c -- -- f3 -- -- -- -- 66 -- 11 -- -- 12 -- -- -- f2 -- 1f -- -- -- -- -- -- -- -- -- -- 33 e3 -- -- 3e -- -- -- 24 -- -- c7 -- -- -- 

solutions so far:0 maxDepth:9 
iterations:13119840  skipped: 26 
Depth skipped: 
0 0 26 0 0 0 0 0 0 0 0 0 0 0 0 0 0 0 0 0 0 0 0 0 0 0 0 0 0 0 0 0 

running time: 1800 sec
 depth:6
 0  1  2  3  4  5  6  7  8  9  a  b  c  d  e  f 10 11 12 13 14 15 16 17 18 19 1a 1b 1c 1d 1e 1f 20 21 22 23 24 25 26 27 28 29 2a 2b 2c 2d 2e 2f 30 31 32 33 34 35 36 37 38 39 3a 3b 3c 3d 3e 3f 40 41 42 43 44 45 46 47 48 49 4a 4b 4c 4d 4e 4f 50 51 52 53 54 55 56 57 58 59 5a 5b 5c 5d 5e 5f 60 61 62 63 64 65 66 67 68 69 6a 6b 6c 6d 6e 6f 70 71 72 73 74 75 76 77 78 79 7a 7b 7c 7d 7e 7f 80 81 82 83 84 85 86 87 88 89 8a 8b 8c 8d 8e 8f 90 91 92 93 94 95 96 97 98 99 9a 9b 9c 9d 9e 9f a0 a1 a2 a3 a4 a5 a6 a7 a8 a9 aa ab ac ad ae af b0 b1 b2 b3 b4 b5 b6 b7 b8 b9 ba bb bc bd be bf c0 c1 c2 c3 c4 c5 c6 c7 c8 c9 ca cb cc cd ce cf d0 d1 d2 d3 d4 d5 d6 d7 d8 d9 da db dc dd de df e0 e1 e2 e3 e4 e5 e6 e7 e8 e9 ea eb ec ed ee ef f0 f1 f2 f3 f4 f5 f6 f7 f8 f9 fa fb fc fd fe ff 
 0  1  2 84  4 a9 df 78  8 c4 85 a4 69 25 f0 -- 10 -- 5f 92 dd 67 9f -- d2 d5 4a -- 37 -- -- -- 20 -- -- -- be -- f3 4f 6d -- ce -- e9 -- -- -- 73 -- 7d -- 94 -- -- -- 6e d7 -- -- -- -- -- a1 40 -- -- -- -- -- -- -- ab -- -- 6c 31 97 9e b4 da -- -- -- 4b -- -- --  5 14 -- -- -- 50 -- -- e6 -- -- -- fa -- -- 7b ff fb -- 8c -- -- -- -- dc -- 79 76 -- -- -- -- -- c6 -- -- -- -- 95 -- 80 -- -- bb -- -- -- -- -- -- -- -- -- -- -- cc 81 -- -- -- -- 49 d8 -- 62 52 f9 -- eb 42 bf 3c 63 -- -- -- -- 3b -- -- 96 46 -- -- -- -- -- d6  a -- 28 -- -- -- -- -- -- 36 a0 5a -- -- -- -- 1b 2d -- -- -- -- -- -- 23 -- -- 6b -- -- f6 -- 29 -- 21 1e -- -- cf -- -- -- -- 66 -- b6 -- -- 6f -- -- -- f2 -- ec -- -- -- -- -- -- -- -- -- -- 33 5b -- --  f -- -- -- de -- -- fd -- -- -- 

solutions so far:0 maxDepth:9 
iterations:15155834  skipped: 32 
Depth skipped: 
0 0 32 0 0 0 0 0 0 0 0 0 0 0 0 0 0 0 0 0 0 0 0 0 0 0 0 0 0 0 0 0 

running time: 2100 sec
 depth:6
 0  1  2  3  4  5  6  7  8  9  a  b  c  d  e  f 10 11 12 13 14 15 16 17 18 19 1a 1b 1c 1d 1e 1f 20 21 22 23 24 25 26 27 28 29 2a 2b 2c 2d 2e 2f 30 31 32 33 34 35 36 37 38 39 3a 3b 3c 3d 3e 3f 40 41 42 43 44 45 46 47 48 49 4a 4b 4c 4d 4e 4f 50 51 52 53 54 55 56 57 58 59 5a 5b 5c 5d 5e 5f 60 61 62 63 64 65 66 67 68 69 6a 6b 6c 6d 6e 6f 70 71 72 73 74 75 76 77 78 79 7a 7b 7c 7d 7e 7f 80 81 82 83 84 85 86 87 88 89 8a 8b 8c 8d 8e 8f 90 91 92 93 94 95 96 97 98 99 9a 9b 9c 9d 9e 9f a0 a1 a2 a3 a4 a5 a6 a7 a8 a9 aa ab ac ad ae af b0 b1 b2 b3 b4 b5 b6 b7 b8 b9 ba bb bc bd be bf c0 c1 c2 c3 c4 c5 c6 c7 c8 c9 ca cb cc cd ce cf d0 d1 d2 d3 d4 d5 d6 d7 d8 d9 da db dc dd de df e0 e1 e2 e3 e4 e5 e6 e7 e8 e9 ea eb ec ed ee ef f0 f1 f2 f3 f4 f5 f6 f7 f8 f9 fa fb fc fd fe ff 
 0  1  2 84  4 9d df 2d  8 51 ed 9c 69 1f 5a -- 10 -- a2 c9  d 67 ef -- d2 6a 3e -- b4 -- -- -- 20 -- -- -- 93 -- 45 4f 1a -- ce --  9 -- -- -- 73 -- d4 -- 7c -- -- -- bf d7 -- -- -- -- -- 16 40 -- -- -- -- -- -- -- f1 -- -- 6c 8a 72 9e b9 34 -- -- -- 4b -- -- -- 12 48 -- -- -- f7 -- -- e6 -- -- -- 7f -- -- 63 f8 fb -- 56 -- -- -- -- a9 -- 79 b6 -- -- -- -- -- d0 -- -- -- -- 2c -- 80 -- --  b -- -- -- -- -- -- -- -- -- -- -- cc 35 -- -- -- -- 8f d8 -- c3 4e e4 -- eb 42 a5 fd 68 -- -- -- -- 5b -- -- 96 2b -- -- -- -- -- da 24 -- 90 -- -- -- -- -- -- 36 39 b7 -- -- -- -- 1b b0 -- -- -- -- -- -- fe -- -- 6d -- -- c6 -- 27 -- 21 95 -- -- ac -- -- -- -- 66 -- ee -- -- 85 -- -- -- f2 -- bb -- -- -- -- -- -- -- -- -- -- 33 77 -- -- a1 -- -- -- dd -- -- 58 -- -- -- 

solutions so far:0 maxDepth:9 
iterations:17147719  skipped: 35 
Depth skipped: 
0 0 35 0 0 0 0 0 0 0 0 0 0 0 0 0 0 0 0 0 0 0 0 0 0 0 0 0 0 0 0 0 

running time: 2400 sec
 depth:7
 0  1  2  3  4  5  6  7  8  9  a  b  c  d  e  f 10 11 12 13 14 15 16 17 18 19 1a 1b 1c 1d 1e 1f 20 21 22 23 24 25 26 27 28 29 2a 2b 2c 2d 2e 2f 30 31 32 33 34 35 36 37 38 39 3a 3b 3c 3d 3e 3f 40 41 42 43 44 45 46 47 48 49 4a 4b 4c 4d 4e 4f 50 51 52 53 54 55 56 57 58 59 5a 5b 5c 5d 5e 5f 60 61 62 63 64 65 66 67 68 69 6a 6b 6c 6d 6e 6f 70 71 72 73 74 75 76 77 78 79 7a 7b 7c 7d 7e 7f 80 81 82 83 84 85 86 87 88 89 8a 8b 8c 8d 8e 8f 90 91 92 93 94 95 96 97 98 99 9a 9b 9c 9d 9e 9f a0 a1 a2 a3 a4 a5 a6 a7 a8 a9 aa ab ac ad ae af b0 b1 b2 b3 b4 b5 b6 b7 b8 b9 ba bb bc bd be bf c0 c1 c2 c3 c4 c5 c6 c7 c8 c9 ca cb cc cd ce cf d0 d1 d2 d3 d4 d5 d6 d7 d8 d9 da db dc dd de df e0 e1 e2 e3 e4 e5 e6 e7 e8 e9 ea eb ec ed ee ef f0 f1 f2 f3 f4 f5 f6 f7 f8 f9 fa fb fc fd fe ff 
 0  1  2 84  4 8d df fa  8 15 cd da 69 b4 23 9d 10 -- 2a 53 4d 67 63 -- d2 d9 bf -- 46 -- ed -- 20 -- -- -- 54 -- a6 4f 9a -- ce -- c6 -- -- 77 73 -- 65 -- a9 -- -- -- 8c d7 -- --  d 58 -- 59 40 16 -- -- -- -- -- -- a8 -- -- 6c 9b 2d 9e bd e3 -- -- -- 4b -- -- -- 5b bb -- -- -- 95 ee -- e6 -- -- -- ca -- -- 62 85 fb -- db -- -- -- -- cf -- 79 be -- -- -- -- 1a 22 b0 -- -- -- b2 -- 80 -- 2c c7 -- -- -- -- -- -- -- d0 -- -- -- cc 87 -- -- -- -- c2 d8 -- e1 6d 5a a5 eb 42 ad 7d 11 -- -- -- -- 5f -- -- 96 86 -- -- -- -- -- 31 b6 -- a1 -- -- -- -- -- -- 36 fd b5  b -- -- -- 1b b1 -- -- -- -- -- -- 43 -- -- f3 -- -- c4 -- dd b9 21 d5 -- -- 61 -- -- 68 -- 66 -- 88 -- -- 49 -- -- -- f2 -- ab -- -- -- -- -- -- -- -- -- 34 33 44 -- b7 81 -- -- -- 92 -- -- b3 -- -- -- 

solutions so far:0 maxDepth:9 
iterations:19464911  skipped: 43 
Depth skipped: 
0 0 43 0 0 0 0 0 0 0 0 0 0 0 0 0 0 0 0 0 0 0 0 0 0 0 0 0 0 0 0 0 

running time: 2700 sec
 depth:7
 0  1  2  3  4  5  6  7  8  9  a  b  c  d  e  f 10 11 12 13 14 15 16 17 18 19 1a 1b 1c 1d 1e 1f 20 21 22 23 24 25 26 27 28 29 2a 2b 2c 2d 2e 2f 30 31 32 33 34 35 36 37 38 39 3a 3b 3c 3d 3e 3f 40 41 42 43 44 45 46 47 48 49 4a 4b 4c 4d 4e 4f 50 51 52 53 54 55 56 57 58 59 5a 5b 5c 5d 5e 5f 60 61 62 63 64 65 66 67 68 69 6a 6b 6c 6d 6e 6f 70 71 72 73 74 75 76 77 78 79 7a 7b 7c 7d 7e 7f 80 81 82 83 84 85 86 87 88 89 8a 8b 8c 8d 8e 8f 90 91 92 93 94 95 96 97 98 99 9a 9b 9c 9d 9e 9f a0 a1 a2 a3 a4 a5 a6 a7 a8 a9 aa ab ac ad ae af b0 b1 b2 b3 b4 b5 b6 b7 b8 b9 ba bb bc bd be bf c0 c1 c2 c3 c4 c5 c6 c7 c8 c9 ca cb cc cd ce cf d0 d1 d2 d3 d4 d5 d6 d7 d8 d9 da db dc dd de df e0 e1 e2 e3 e4 e5 e6 e7 e8 e9 ea eb ec ed ee ef f0 f1 f2 f3 f4 f5 f6 f7 f8 f9 fa fb fc fd fe ff 
 0  1  2 84  4 7d df 5c  8 44 fa fd 69 c6 b8 57 10 -- 88 9a 23 67 2d -- d2 b3 5b -- a7 -- ae -- 20 -- -- -- c7 -- e3 4f 46 -- ce -- 5a -- -- d1 73 -- b1 -- b6 -- -- -- 99 d7 -- -- 8b  c -- 62 40  3 -- -- -- -- -- -- 59 -- -- 6c 11 da 9e 81 8c -- -- -- 4b -- -- -- b4 a9 -- -- -- dd 75 -- e6 -- -- -- b5 -- --  7 bb fb -- 8d -- -- -- -- e5 -- 79 38 -- -- -- -- c1 49 18 -- -- -- c4 -- 80 --  6 31 -- -- -- -- -- -- -- 83 -- -- -- cc b2 -- -- -- -- 4d d8 -- 22 95 63 c0 eb 42 d5 2e cf -- -- -- -- 1c -- -- 96 ad -- -- -- -- -- e8 bf -- 85 -- -- -- -- -- -- 36 6d ab ea -- -- -- 1b be -- -- -- -- -- -- bd -- -- 74 -- --  e -- a1 60 21 17 -- -- cd -- -- aa -- 66 -- f3 -- -- 1d -- -- -- f2 -- 70 -- -- -- -- -- -- -- -- -- 55 33 92 -- 30 e0 -- -- -- 3a -- -- 5f -- -- -- 

solutions so far:0 maxDepth:9 
iterations:22389302  skipped: 48 
Depth skipped: 
0 0 48 0 0 0 0 0 0 0 0 0 0 0 0 0 0 0 0 0 0 0 0 0 0 0 0 0 0 0 0 0 

running time: 3000 sec
 depth:7
 0  1  2  3  4  5  6  7  8  9  a  b  c  d  e  f 10 11 12 13 14 15 16 17 18 19 1a 1b 1c 1d 1e 1f 20 21 22 23 24 25 26 27 28 29 2a 2b 2c 2d 2e 2f 30 31 32 33 34 35 36 37 38 39 3a 3b 3c 3d 3e 3f 40 41 42 43 44 45 46 47 48 49 4a 4b 4c 4d 4e 4f 50 51 52 53 54 55 56 57 58 59 5a 5b 5c 5d 5e 5f 60 61 62 63 64 65 66 67 68 69 6a 6b 6c 6d 6e 6f 70 71 72 73 74 75 76 77 78 79 7a 7b 7c 7d 7e 7f 80 81 82 83 84 85 86 87 88 89 8a 8b 8c 8d 8e 8f 90 91 92 93 94 95 96 97 98 99 9a 9b 9c 9d 9e 9f a0 a1 a2 a3 a4 a5 a6 a7 a8 a9 aa ab ac ad ae af b0 b1 b2 b3 b4 b5 b6 b7 b8 b9 ba bb bc bd be bf c0 c1 c2 c3 c4 c5 c6 c7 c8 c9 ca cb cc cd ce cf d0 d1 d2 d3 d4 d5 d6 d7 d8 d9 da db dc dd de df e0 e1 e2 e3 e4 e5 e6 e7 e8 e9 ea eb ec ed ee ef f0 f1 f2 f3 f4 f5 f6 f7 f8 f9 fa fb fc fd fe ff 
 0  1  2 84  4 61 df ef  8 18 c2 35 69 8a  9 3a 10 -- 30 ea 53 67 6a -- d2 ae c3 -- 12 -- 74 -- 20 -- -- -- 60 --  3 4f a6 -- ce -- d4 -- -- 70 73 -- 8b -- 51 -- -- -- 24 d7 -- -- e8 b8 -- 87 40 2e -- -- -- -- -- -- c0 -- -- 6c  6 c9 9e 86 9b -- -- -- 4b -- -- -- 7f 2b -- -- -- ac e0 -- e6 -- -- -- c1 -- -- e4 a2 fb -- 83 -- -- -- -- 48 -- 79 7c -- -- -- --  7 15 a7 -- -- -- d9 -- 80 -- 5c a8 -- -- -- -- -- -- -- 38 -- -- -- cc 57 -- -- -- -- 75 d8 --  c f1 45 1d eb 42 db 9c e1 -- -- -- -- 3e -- -- 96 aa -- -- -- -- -- 72 fe -- 56 -- -- -- -- -- -- 36 8f 43 17 -- -- -- 1b ca -- -- -- -- -- -- 55 -- -- 39 -- -- 1f -- 93 e5 21 4e -- -- d1 -- -- 1c -- 66 -- 54 -- -- 90 -- -- -- f2 -- f8 -- -- -- -- -- -- -- -- --  e 33 2a -- 99 27 -- -- -- f7 -- -- 65 -- -- -- 

solutions so far:0 maxDepth:9 
iterations:24856146  skipped: 58 
Depth skipped: 
0 0 58 0 0 0 0 0 0 0 0 0 0 0 0 0 0 0 0 0 0 0 0 0 0 0 0 0 0 0 0 0 

running time: 3300 sec
 depth:7
 0  1  2  3  4  5  6  7  8  9  a  b  c  d  e  f 10 11 12 13 14 15 16 17 18 19 1a 1b 1c 1d 1e 1f 20 21 22 23 24 25 26 27 28 29 2a 2b 2c 2d 2e 2f 30 31 32 33 34 35 36 37 38 39 3a 3b 3c 3d 3e 3f 40 41 42 43 44 45 46 47 48 49 4a 4b 4c 4d 4e 4f 50 51 52 53 54 55 56 57 58 59 5a 5b 5c 5d 5e 5f 60 61 62 63 64 65 66 67 68 69 6a 6b 6c 6d 6e 6f 70 71 72 73 74 75 76 77 78 79 7a 7b 7c 7d 7e 7f 80 81 82 83 84 85 86 87 88 89 8a 8b 8c 8d 8e 8f 90 91 92 93 94 95 96 97 98 99 9a 9b 9c 9d 9e 9f a0 a1 a2 a3 a4 a5 a6 a7 a8 a9 aa ab ac ad ae af b0 b1 b2 b3 b4 b5 b6 b7 b8 b9 ba bb bc bd be bf c0 c1 c2 c3 c4 c5 c6 c7 c8 c9 ca cb cc cd ce cf d0 d1 d2 d3 d4 d5 d6 d7 d8 d9 da db dc dd de df e0 e1 e2 e3 e4 e5 e6 e7 e8 e9 ea eb ec ed ee ef f0 f1 f2 f3 f4 f5 f6 f7 f8 f9 fa fb fc fd fe ff 
 0  1  2 84  4 52 df 88  8 81 a4 6e 69  f c7 1c 10 -- d5 c4 9f 67 dc -- d2 46 1e -- 59 -- 38 -- 20 -- -- -- 7d -- 5f 4f e9 -- ce -- 6f -- -- b8 73 -- 8c -- 3c -- -- -- b2 d7 -- -- 70 3a -- 97 40 e5 -- -- -- -- -- -- fa -- -- 6c be 76 9e ff  5 -- -- -- 4b -- -- -- de d6 -- -- -- f6 a7 -- e6 -- -- -- cf -- -- 8d 78 fb -- f3 -- -- -- -- b3 -- 79 9a -- -- -- -- e0 14 74 -- -- -- f9 -- 80 -- 1d a0 -- -- -- -- -- -- -- 5c -- -- -- cc 23 -- -- -- -- 62 d8 -- ab 37 ec  e eb 42 29 44  a -- -- -- -- 4d -- -- 96 92 -- -- -- -- -- ad 6b -- 7b -- -- -- -- -- -- 36 3b 94 99 -- -- -- 1b 4a -- -- -- -- -- -- 49 -- -- bd -- -- cd -- f0  7 21 22 -- -- 31 -- -- 2e -- 66 -- 50 -- -- b1 -- -- -- f2 -- e3 -- -- -- -- -- -- -- -- -- 17 33 28 -- e8 11 -- -- -- b5 -- -- 25 -- -- -- 

solutions so far:0 maxDepth:10 
iterations:28724516  skipped: 63 
Depth skipped: 
0 0 63 0 0 0 0 0 0 0 0 0 0 0 0 0 0 0 0 0 0 0 0 0 0 0 0 0 0 0 0 0 

running time: 3600 sec
 depth:7
 0  1  2  3  4  5  6  7  8  9  a  b  c  d  e  f 10 11 12 13 14 15 16 17 18 19 1a 1b 1c 1d 1e 1f 20 21 22 23 24 25 26 27 28 29 2a 2b 2c 2d 2e 2f 30 31 32 33 34 35 36 37 38 39 3a 3b 3c 3d 3e 3f 40 41 42 43 44 45 46 47 48 49 4a 4b 4c 4d 4e 4f 50 51 52 53 54 55 56 57 58 59 5a 5b 5c 5d 5e 5f 60 61 62 63 64 65 66 67 68 69 6a 6b 6c 6d 6e 6f 70 71 72 73 74 75 76 77 78 79 7a 7b 7c 7d 7e 7f 80 81 82 83 84 85 86 87 88 89 8a 8b 8c 8d 8e 8f 90 91 92 93 94 95 96 97 98 99 9a 9b 9c 9d 9e 9f a0 a1 a2 a3 a4 a5 a6 a7 a8 a9 aa ab ac ad ae af b0 b1 b2 b3 b4 b5 b6 b7 b8 b9 ba bb bc bd be bf c0 c1 c2 c3 c4 c5 c6 c7 c8 c9 ca cb cc cd ce cf d0 d1 d2 d3 d4 d5 d6 d7 d8 d9 da db dc dd de df e0 e1 e2 e3 e4 e5 e6 e7 e8 e9 ea eb ec ed ee ef f0 f1 f2 f3 f4 f5 f6 f7 f8 f9 fa fb fc fd fe ff 
 0  1  2 84  4 3a df be  8 ca 74 55 69 60 ab 52 10 -- 43 a8 e8 67 aa -- d2 c2 c0 -- 81 -- a4 -- 20 -- -- -- 86 -- 87 4f  7 -- ce -- 83 -- -- 28 73 -- 53 -- 57 -- -- -- d5 d7 -- -- 9f 25 -- 2e 40 97 -- -- -- -- -- -- db -- -- 6c d9 18 9e e5  e -- -- -- 4b -- -- -- d1 ea -- -- --  6 50 -- e6 -- -- -- a6 -- -- cf ae fb -- 15 -- -- -- -- 7d -- 79 f3 -- -- -- -- e9 38 4a -- -- -- 5c -- 80 -- f9 17 -- -- -- -- -- -- -- 14 -- -- -- cc 61 -- -- -- -- 54 d8 -- 65 c1 30 29 eb 42 1d 5f 1c -- -- -- -- 92 -- -- 96 e1 -- -- -- -- -- 8c 75 --  3 -- -- -- -- -- -- 36  c 99 a0 -- -- -- 1b a7 -- -- -- -- -- -- 9b -- -- 46 -- -- 49 -- 8b ff 21 c4 -- -- 2a -- --  a -- 66 -- e0 -- -- fa -- -- -- f2 -- 31 -- -- -- -- -- -- -- -- --  5 33 70 -- 94 62 -- -- -- 23 -- -- b8 -- -- -- 

solutions so far:0 maxDepth:10 
iterations:32293014  skipped: 73 
Depth skipped: 
0 0 73 0 0 0 0 0 0 0 0 0 0 0 0 0 0 0 0 0 0 0 0 0 0 0 0 0 0 0 0 0 

running time: 3900 sec
 depth:7
 0  1  2  3  4  5  6  7  8  9  a  b  c  d  e  f 10 11 12 13 14 15 16 17 18 19 1a 1b 1c 1d 1e 1f 20 21 22 23 24 25 26 27 28 29 2a 2b 2c 2d 2e 2f 30 31 32 33 34 35 36 37 38 39 3a 3b 3c 3d 3e 3f 40 41 42 43 44 45 46 47 48 49 4a 4b 4c 4d 4e 4f 50 51 52 53 54 55 56 57 58 59 5a 5b 5c 5d 5e 5f 60 61 62 63 64 65 66 67 68 69 6a 6b 6c 6d 6e 6f 70 71 72 73 74 75 76 77 78 79 7a 7b 7c 7d 7e 7f 80 81 82 83 84 85 86 87 88 89 8a 8b 8c 8d 8e 8f 90 91 92 93 94 95 96 97 98 99 9a 9b 9c 9d 9e 9f a0 a1 a2 a3 a4 a5 a6 a7 a8 a9 aa ab ac ad ae af b0 b1 b2 b3 b4 b5 b6 b7 b8 b9 ba bb bc bd be bf c0 c1 c2 c3 c4 c5 c6 c7 c8 c9 ca cb cc cd ce cf d0 d1 d2 d3 d4 d5 d6 d7 d8 d9 da db dc dd de df e0 e1 e2 e3 e4 e5 e6 e7 e8 e9 ea eb ec ed ee ef f0 f1 f2 f3 f4 f5 f6 f7 f8 f9 fa fb fc fd fe ff 
 0  1  2 84  4 27 df 23  8 94 4e 5c 69 1c 46 19 10 -- ff 97 9c 67 b8 -- d2 9f 38 -- 8c -- 32 -- 20 -- -- -- 29 -- f9 4f ef -- ce -- a7 -- -- 41 73 -- e9 -- 70 -- -- -- cf d7 -- -- 64 13 -- 39 40 71 -- -- -- -- -- -- 52 -- -- 6c 25  7 9e 7c  9 -- -- -- 4b -- -- -- 99 1d -- -- -- 74 82 -- e6 -- -- --  5 -- -- c4 e0 fb -- 28 -- -- -- -- 49 -- 79 ab -- -- -- -- c8 24 26 -- -- -- 72 -- 80 -- e2 f7 -- -- -- -- -- -- -- cb -- -- -- cc a4 -- -- -- -- a0 d8 -- 4a 2e  e e7 eb 42 f8 fa 12 -- -- -- -- be -- -- 96 14 -- -- -- -- -- 62 e5 -- 3a -- -- -- -- -- -- 36 e8 3e d3 -- -- -- 1b 1f -- -- -- -- -- --  a -- -- 31 -- -- 5f -- 17 98 21 7d -- -- 50 -- -- 8e -- 66 -- 90 -- -- 92 -- -- -- f2 -- 81 -- -- -- -- -- -- -- -- -- 47 33 48 -- 4c d5 -- -- -- f3 -- -- e4 -- -- -- 

solutions so far:0 maxDepth:10 
iterations:36015534  skipped: 80 
Depth skipped: 
0 0 80 0 0 0 0 0 0 0 0 0 0 0 0 0 0 0 0 0 0 0 0 0 0 0 0 0 0 0 0 0 

running time: 4200 sec
 depth:8
 0  1  2  3  4  5  6  7  8  9  a  b  c  d  e  f 10 11 12 13 14 15 16 17 18 19 1a 1b 1c 1d 1e 1f 20 21 22 23 24 25 26 27 28 29 2a 2b 2c 2d 2e 2f 30 31 32 33 34 35 36 37 38 39 3a 3b 3c 3d 3e 3f 40 41 42 43 44 45 46 47 48 49 4a 4b 4c 4d 4e 4f 50 51 52 53 54 55 56 57 58 59 5a 5b 5c 5d 5e 5f 60 61 62 63 64 65 66 67 68 69 6a 6b 6c 6d 6e 6f 70 71 72 73 74 75 76 77 78 79 7a 7b 7c 7d 7e 7f 80 81 82 83 84 85 86 87 88 89 8a 8b 8c 8d 8e 8f 90 91 92 93 94 95 96 97 98 99 9a 9b 9c 9d 9e 9f a0 a1 a2 a3 a4 a5 a6 a7 a8 a9 aa ab ac ad ae af b0 b1 b2 b3 b4 b5 b6 b7 b8 b9 ba bb bc bd be bf c0 c1 c2 c3 c4 c5 c6 c7 c8 c9 ca cb cc cd ce cf d0 d1 d2 d3 d4 d5 d6 d7 d8 d9 da db dc dd de df e0 e1 e2 e3 e4 e5 e6 e7 e8 e9 ea eb ec ed ee ef f0 f1 f2 f3 f4 f5 f6 f7 f8 f9 fa fb fc fd fe ff 
 0  1  2 84  4  3 df f9  8 87  6 91 69 af 25 fa 10 d4 d9 15  c 67 f5 -- d2 86 89 -- 4a -- 23 -- 20 -- 7f -- 65 f1 2a 4f 18 56 ce -- 3d -- -- f3 73 -- db -- c5 -- -- -- 94 d7 -- -- 46 be -- c1 40 c4 -- -- fe -- -- a2 ca -- 35 6c 54 5e 9e 75 30 -- ac -- 4b -- -- -- 7a 3f -- -- -- fc 31 -- e6 -- -- -- 61 -- -- e9 5d fb -- a6 -- -- -- -- ff c9 79 14 -- -- -- -- 8c c0 ab -- -- -- 55 -- 80 -- 5f 8b -- -- -- -- 2b -- -- 92 -- -- 93 cc 43 -- -- -- 6a e1 d8 -- a8 a3 bc 7d eb 42 ea 97 60 -- -- -- 8f  a -- -- 96 53 -- -- -- -- -- 9f f4 -- 7e -- -- -- -- -- -- 36 2f d1 62 -- -- 51 1b 83 -- c3 -- -- -- -- c2 -- -- a4 -- --  5 -- ba d5 21 a0 -- -- 9b -- -- 49 -- 66 -- ae -- -- 29 -- 45 -- f2 -- 28 -- -- -- -- -- -- -- -- -- cf 33 57 -- 81 50 -- -- -- 52 -- -- aa 8a -- -- 

solutions so far:0 maxDepth:10 
iterations:41205160  skipped: 95 
Depth skipped: 
0 0 95 0 0 0 0 0 0 0 0 0 0 0 0 0 0 0 0 0 0 0 0 0 0 0 0 0 0 0 0 0 

running time: 4500 sec

Finished. Total running time: 4539 sec
