Search S-boxes invariant for matrices: 
{0x00,0x02,0x04,0x06,0x08,0x0a,0x0c,0x0e,0x10,0x12,0x14,0x16,0x18,0x1a,0x1c,0x1e,0x20,0x22,0x24,0x26,0x28,0x2a,0x2c,0x2e,0x30,0x32,0x34,0x36,0x38,0x3a,0x3c,0x3e,0x40,0x42,0x44,0x46,0x48,0x4a,0x4c,0x4e,0x50,0x52,0x54,0x56,0x58,0x5a,0x5c,0x5e,0x60,0x62,0x64,0x66,0x68,0x6a,0x6c,0x6e,0x70,0x72,0x74,0x76,0x78,0x7a,0x7c,0x7e,0x80,0x82,0x84,0x86,0x88,0x8a,0x8c,0x8e,0x90,0x92,0x94,0x96,0x98,0x9a,0x9c,0x9e,0xa0,0xa2,0xa4,0xa6,0xa8,0xaa,0xac,0xae,0xb0,0xb2,0xb4,0xb6,0xb8,0xba,0xbc,0xbe,0xc0,0xc2,0xc4,0xc6,0xc8,0xca,0xcc,0xce,0xd0,0xd2,0xd4,0xd6,0xd8,0xda,0xdc,0xde,0xe0,0xe2,0xe4,0xe6,0xe8,0xea,0xec,0xee,0xf0,0xf2,0xf4,0xf6,0xf8,0xfa,0xfc,0xfe,0x39,0x3b,0x3d,0x3f,0x31,0x33,0x35,0x37,0x29,0x2b,0x2d,0x2f,0x21,0x23,0x25,0x27,0x19,0x1b,0x1d,0x1f,0x11,0x13,0x15,0x17,0x09,0x0b,0x0d,0x0f,0x01,0x03,0x05,0x07,0x79,0x7b,0x7d,0x7f,0x71,0x73,0x75,0x77,0x69,0x6b,0x6d,0x6f,0x61,0x63,0x65,0x67,0x59,0x5b,0x5d,0x5f,0x51,0x53,0x55,0x57,0x49,0x4b,0x4d,0x4f,0x41,0x43,0x45,0x47,0xb9,0xbb,0xbd,0xbf,0xb1,0xb3,0xb5,0xb7,0xa9,0xab,0xad,0xaf,0xa1,0xa3,0xa5,0xa7,0x99,0x9b,0x9d,0x9f,0x91,0x93,0x95,0x97,0x89,0x8b,0x8d,0x8f,0x81,0x83,0x85,0x87,0xf9,0xfb,0xfd,0xff,0xf1,0xf3,0xf5,0xf7,0xe9,0xeb,0xed,0xef,0xe1,0xe3,0xe5,0xe7,0xd9,0xdb,0xdd,0xdf,0xd1,0xd3,0xd5,0xd7,0xc9,0xcb,0xcd,0xcf,0xc1,0xc3,0xc5,0xc7};
{0x00,0x02,0x04,0x06,0x08,0x0a,0x0c,0x0e,0x10,0x12,0x14,0x16,0x18,0x1a,0x1c,0x1e,0x20,0x22,0x24,0x26,0x28,0x2a,0x2c,0x2e,0x30,0x32,0x34,0x36,0x38,0x3a,0x3c,0x3e,0x40,0x42,0x44,0x46,0x48,0x4a,0x4c,0x4e,0x50,0x52,0x54,0x56,0x58,0x5a,0x5c,0x5e,0x60,0x62,0x64,0x66,0x68,0x6a,0x6c,0x6e,0x70,0x72,0x74,0x76,0x78,0x7a,0x7c,0x7e,0x80,0x82,0x84,0x86,0x88,0x8a,0x8c,0x8e,0x90,0x92,0x94,0x96,0x98,0x9a,0x9c,0x9e,0xa0,0xa2,0xa4,0xa6,0xa8,0xaa,0xac,0xae,0xb0,0xb2,0xb4,0xb6,0xb8,0xba,0xbc,0xbe,0xc0,0xc2,0xc4,0xc6,0xc8,0xca,0xcc,0xce,0xd0,0xd2,0xd4,0xd6,0xd8,0xda,0xdc,0xde,0xe0,0xe2,0xe4,0xe6,0xe8,0xea,0xec,0xee,0xf0,0xf2,0xf4,0xf6,0xf8,0xfa,0xfc,0xfe,0xd7,0xd5,0xd3,0xd1,0xdf,0xdd,0xdb,0xd9,0xc7,0xc5,0xc3,0xc1,0xcf,0xcd,0xcb,0xc9,0xf7,0xf5,0xf3,0xf1,0xff,0xfd,0xfb,0xf9,0xe7,0xe5,0xe3,0xe1,0xef,0xed,0xeb,0xe9,0x97,0x95,0x93,0x91,0x9f,0x9d,0x9b,0x99,0x87,0x85,0x83,0x81,0x8f,0x8d,0x8b,0x89,0xb7,0xb5,0xb3,0xb1,0xbf,0xbd,0xbb,0xb9,0xa7,0xa5,0xa3,0xa1,0xaf,0xad,0xab,0xa9,0x57,0x55,0x53,0x51,0x5f,0x5d,0x5b,0x59,0x47,0x45,0x43,0x41,0x4f,0x4d,0x4b,0x49,0x77,0x75,0x73,0x71,0x7f,0x7d,0x7b,0x79,0x67,0x65,0x63,0x61,0x6f,0x6d,0x6b,0x69,0x17,0x15,0x13,0x11,0x1f,0x1d,0x1b,0x19,0x07,0x05,0x03,0x01,0x0f,0x0d,0x0b,0x09,0x37,0x35,0x33,0x31,0x3f,0x3d,0x3b,0x39,0x27,0x25,0x23,0x21,0x2f,0x2d,0x2b,0x29};



 depth:6
 0  1  2  3  4  5  6  7  8  9  a  b  c  d  e  f 10 11 12 13 14 15 16 17 18 19 1a 1b 1c 1d 1e 1f 20 21 22 23 24 25 26 27 28 29 2a 2b 2c 2d 2e 2f 30 31 32 33 34 35 36 37 38 39 3a 3b 3c 3d 3e 3f 40 41 42 43 44 45 46 47 48 49 4a 4b 4c 4d 4e 4f 50 51 52 53 54 55 56 57 58 59 5a 5b 5c 5d 5e 5f 60 61 62 63 64 65 66 67 68 69 6a 6b 6c 6d 6e 6f 70 71 72 73 74 75 76 77 78 79 7a 7b 7c 7d 7e 7f 80 81 82 83 84 85 86 87 88 89 8a 8b 8c 8d 8e 8f 90 91 92 93 94 95 96 97 98 99 9a 9b 9c 9d 9e 9f a0 a1 a2 a3 a4 a5 a6 a7 a8 a9 aa ab ac ad ae af b0 b1 b2 b3 b4 b5 b6 b7 b8 b9 ba bb bc bd be bf c0 c1 c2 c3 c4 c5 c6 c7 c8 c9 ca cb cc cd ce cf d0 d1 d2 d3 d4 d5 d6 d7 d8 d9 da db dc dd de df e0 e1 e2 e3 e4 e5 e6 e7 e8 e9 ea eb ec ed ee ef f0 f1 f2 f3 f4 f5 f6 f7 f8 f9 fa fb fc fd fe ff 
 0  1  2 8c  4 f5 cf ef  8 99 3d ca 49 2a  9 -- 10 -- e5 2e 7a ab 43 -- 92 e8 54 -- 12 -- -- -- 20 -- -- -- 1d -- 5c 4f f4 -- 81 -- 86 -- -- -- f3 --  7 -- a8 -- -- -- 24 d7 -- -- -- -- -- af 40 -- -- -- -- -- -- -- 3a -- -- 5f b8 e1 9e a3 3f -- -- -- d5 -- -- -- db c2 -- -- -- a6 -- -- 31 -- -- --  e -- -- e4 87 fa -- 70 -- -- -- -- 48 -- 79 7c -- -- -- -- -- fc -- -- -- -- 89 -- 80 -- -- bc -- -- -- -- -- -- -- -- -- -- -- cc 74 -- -- -- -- 17 be -- a7 65 15 -- eb 46 91 9c 7e -- -- -- -- 3e -- -- 7d 38 -- -- -- -- -- 72 61 -- 53 -- -- -- -- -- -- c4 9b ba -- -- -- -- 62 5d -- -- -- -- -- -- 1c -- -- 39 -- -- 1f -- d9 -- 23 4e -- -- e0 -- -- -- -- 66 -- 5e -- -- 90 -- -- -- f2 -- f8 -- -- -- -- -- -- -- -- -- -- 33 2f -- -- 27 -- -- -- f7 -- -- c5 -- -- -- 

solutions so far:0 maxDepth:9 
iterations:1934053  skipped: 4 
Depth skipped: 
0 0 4 0 0 0 0 0 0 0 0 0 0 0 0 0 0 0 0 0 0 0 0 0 0 0 0 0 0 0 0 0 

running time: 300 sec
 depth:6
 0  1  2  3  4  5  6  7  8  9  a  b  c  d  e  f 10 11 12 13 14 15 16 17 18 19 1a 1b 1c 1d 1e 1f 20 21 22 23 24 25 26 27 28 29 2a 2b 2c 2d 2e 2f 30 31 32 33 34 35 36 37 38 39 3a 3b 3c 3d 3e 3f 40 41 42 43 44 45 46 47 48 49 4a 4b 4c 4d 4e 4f 50 51 52 53 54 55 56 57 58 59 5a 5b 5c 5d 5e 5f 60 61 62 63 64 65 66 67 68 69 6a 6b 6c 6d 6e 6f 70 71 72 73 74 75 76 77 78 79 7a 7b 7c 7d 7e 7f 80 81 82 83 84 85 86 87 88 89 8a 8b 8c 8d 8e 8f 90 91 92 93 94 95 96 97 98 99 9a 9b 9c 9d 9e 9f a0 a1 a2 a3 a4 a5 a6 a7 a8 a9 aa ab ac ad ae af b0 b1 b2 b3 b4 b5 b6 b7 b8 b9 ba bb bc bd be bf c0 c1 c2 c3 c4 c5 c6 c7 c8 c9 ca cb cc cd ce cf d0 d1 d2 d3 d4 d5 d6 d7 d8 d9 da db dc dd de df e0 e1 e2 e3 e4 e5 e6 e7 e8 e9 ea eb ec ed ee ef f0 f1 f2 f3 f4 f5 f6 f7 f8 f9 fa fb fc fd fe ff 
 0  1  2 8c  4 e8 cf af  8 f7  7 cb 49 19 89 -- 10 -- 39 12  e ab 41 -- 92 3e 32 -- c5 -- -- -- 20 -- -- -- 72 -- 24 4f 1c -- 81 -- 82 -- -- -- f3 -- 7c -- 64 -- -- -- 5d d7 -- -- -- -- -- b8 40 -- -- -- -- -- -- -- e4 -- -- 5f 48 98 9e 3a 38 -- -- -- d5 -- -- -- d3 e2 -- -- -- 26 -- -- 31 -- -- -- f8 -- -- 7a c8 fa -- 9c -- -- -- -- ba -- 79 7e -- -- -- -- -- e0 -- -- -- -- a7 -- 80 -- -- 5c -- -- -- -- -- -- -- -- -- -- -- cc 1f -- -- -- --  9 be -- 90 8e e7 -- eb 46 74 bc 70 -- -- -- -- 3f -- -- 7d 4e -- -- -- -- -- 3d 71 -- 13 -- -- -- -- -- -- c4 4c 1d -- -- -- -- 62 e5 -- -- -- -- -- -- 27 -- -- f5 -- -- f4 -- 47 -- 23 5e -- -- ef -- -- -- -- 66 -- 2e -- -- a3 -- -- -- f2 -- fc -- -- -- -- -- -- -- -- -- -- 33 17 -- -- 2f -- -- -- 91 -- -- 99 -- -- -- 

solutions so far:0 maxDepth:9 
iterations:3910299  skipped: 9 
Depth skipped: 
0 0 9 0 0 0 0 0 0 0 0 0 0 0 0 0 0 0 0 0 0 0 0 0 0 0 0 0 0 0 0 0 

running time: 600 sec
 depth:7
 0  1  2  3  4  5  6  7  8  9  a  b  c  d  e  f 10 11 12 13 14 15 16 17 18 19 1a 1b 1c 1d 1e 1f 20 21 22 23 24 25 26 27 28 29 2a 2b 2c 2d 2e 2f 30 31 32 33 34 35 36 37 38 39 3a 3b 3c 3d 3e 3f 40 41 42 43 44 45 46 47 48 49 4a 4b 4c 4d 4e 4f 50 51 52 53 54 55 56 57 58 59 5a 5b 5c 5d 5e 5f 60 61 62 63 64 65 66 67 68 69 6a 6b 6c 6d 6e 6f 70 71 72 73 74 75 76 77 78 79 7a 7b 7c 7d 7e 7f 80 81 82 83 84 85 86 87 88 89 8a 8b 8c 8d 8e 8f 90 91 92 93 94 95 96 97 98 99 9a 9b 9c 9d 9e 9f a0 a1 a2 a3 a4 a5 a6 a7 a8 a9 aa ab ac ad ae af b0 b1 b2 b3 b4 b5 b6 b7 b8 b9 ba bb bc bd be bf c0 c1 c2 c3 c4 c5 c6 c7 c8 c9 ca cb cc cd ce cf d0 d1 d2 d3 d4 d5 d6 d7 d8 d9 da db dc dd de df e0 e1 e2 e3 e4 e5 e6 e7 e8 e9 ea eb ec ed ee ef f0 f1 f2 f3 f4 f5 f6 f7 f8 f9 fa fb fc fd fe ff 
 0  1  2 8c  4 de cf 25  8 22 6b ea 49 c1 4a bb 10 -- 44 4d d6 ab  3 -- 92 b2 55 -- 94 -- a1 -- 20 -- -- -- 88 -- 9a 4f 7b -- 81 --  6 -- -- bf f3 -- b3 -- aa -- -- -- ff d7 -- -- 95 da -- 3c 40 dd -- -- -- -- -- -- c7 -- -- 5f e3 ae 9e dc f6 -- -- -- d5 -- -- --  c 30 -- -- -- c0 a9 -- 31 -- -- -- b1 -- --  5 83 fa -- ad -- -- -- -- 29 -- 79 28 -- -- -- -- fd 76 63 -- -- -- 78 -- 80 -- 6d 1e -- -- -- -- -- -- -- b4 -- -- -- cc 59 -- -- -- -- cd be -- 11 75 8b b6 eb 46 6f f9 3b -- -- -- -- 14 -- -- 7d bd -- -- -- -- -- e9 18 -- 60 -- -- -- -- -- -- c4 57 6e 85 -- -- -- 62 37 -- -- -- -- -- -- b5 -- -- 9f -- --  a -- d1 5b 23 97 -- -- 8d -- -- 5a -- 66 --  f -- -- 52 -- -- -- f2 -- 50 -- -- -- -- -- -- -- -- -- 2d 33 ec -- c6 a0 -- -- -- a4 -- -- f0 -- -- -- 

solutions so far:0 maxDepth:9 
iterations:6365780  skipped: 14 
Depth skipped: 
0 0 14 0 0 0 0 0 0 0 0 0 0 0 0 0 0 0 0 0 0 0 0 0 0 0 0 0 0 0 0 0 

running time: 900 sec
 depth:7
 0  1  2  3  4  5  6  7  8  9  a  b  c  d  e  f 10 11 12 13 14 15 16 17 18 19 1a 1b 1c 1d 1e 1f 20 21 22 23 24 25 26 27 28 29 2a 2b 2c 2d 2e 2f 30 31 32 33 34 35 36 37 38 39 3a 3b 3c 3d 3e 3f 40 41 42 43 44 45 46 47 48 49 4a 4b 4c 4d 4e 4f 50 51 52 53 54 55 56 57 58 59 5a 5b 5c 5d 5e 5f 60 61 62 63 64 65 66 67 68 69 6a 6b 6c 6d 6e 6f 70 71 72 73 74 75 76 77 78 79 7a 7b 7c 7d 7e 7f 80 81 82 83 84 85 86 87 88 89 8a 8b 8c 8d 8e 8f 90 91 92 93 94 95 96 97 98 99 9a 9b 9c 9d 9e 9f a0 a1 a2 a3 a4 a5 a6 a7 a8 a9 aa ab ac ad ae af b0 b1 b2 b3 b4 b5 b6 b7 b8 b9 ba bb bc bd be bf c0 c1 c2 c3 c4 c5 c6 c7 c8 c9 ca cb cc cd ce cf d0 d1 d2 d3 d4 d5 d6 d7 d8 d9 da db dc dd de df e0 e1 e2 e3 e4 e5 e6 e7 e8 e9 ea eb ec ed ee ef f0 f1 f2 f3 f4 f5 f6 f7 f8 f9 fa fb fc fd fe ff 
 0  1  2 8c  4 ca cf 11  8 17 43 fc 49 f5 22 3c 10 -- 2e 1c 86 ab 2f -- 92 99 3d -- 44 -- 78 -- 20 -- -- -- 5c -- 38 4f db -- 81 -- 5e -- -- de f3 -- e5 -- 7a -- -- -- 88 d7 -- -- f0 3b -- 15 40 7b -- -- -- -- -- -- b8 -- -- 5f 70 a3 9e d9 61 -- -- -- d5 -- -- -- bc 89 -- -- -- 5d 6b -- 31 -- -- -- 1d -- -- b5 f4 fa -- e8 -- -- -- -- c7 -- 79 8d -- -- -- -- 37 53 76 -- -- -- 2a -- 80 -- f6 e1 -- -- -- -- -- -- -- 6f -- -- -- cc a7 -- -- -- --  e be -- e0 7e 91 1e eb 46 65 e3 c2 -- -- -- -- ad -- -- 7d 74 -- -- -- -- -- b1 af -- c5 -- -- -- -- -- -- c4 ba 87 d6 -- -- -- 62 a8 -- -- -- -- -- -- 3a -- -- b3 -- -- bd -- 3f  f 23 9a -- --  7 -- -- dc -- 66 -- 9b -- -- 59 -- -- -- f2 -- cd -- -- -- -- -- -- -- -- -- 6e 33 a6 -- ec 4d -- -- -- b2 -- -- 54 -- -- -- 

solutions so far:0 maxDepth:9 
iterations:9731564  skipped: 21 
Depth skipped: 
0 0 21 0 0 0 0 0 0 0 0 0 0 0 0 0 0 0 0 0 0 0 0 0 0 0 0 0 0 0 0 0 

running time: 1200 sec
 depth:7
 0  1  2  3  4  5  6  7  8  9  a  b  c  d  e  f 10 11 12 13 14 15 16 17 18 19 1a 1b 1c 1d 1e 1f 20 21 22 23 24 25 26 27 28 29 2a 2b 2c 2d 2e 2f 30 31 32 33 34 35 36 37 38 39 3a 3b 3c 3d 3e 3f 40 41 42 43 44 45 46 47 48 49 4a 4b 4c 4d 4e 4f 50 51 52 53 54 55 56 57 58 59 5a 5b 5c 5d 5e 5f 60 61 62 63 64 65 66 67 68 69 6a 6b 6c 6d 6e 6f 70 71 72 73 74 75 76 77 78 79 7a 7b 7c 7d 7e 7f 80 81 82 83 84 85 86 87 88 89 8a 8b 8c 8d 8e 8f 90 91 92 93 94 95 96 97 98 99 9a 9b 9c 9d 9e 9f a0 a1 a2 a3 a4 a5 a6 a7 a8 a9 aa ab ac ad ae af b0 b1 b2 b3 b4 b5 b6 b7 b8 b9 ba bb bc bd be bf c0 c1 c2 c3 c4 c5 c6 c7 c8 c9 ca cb cc cd ce cf d0 d1 d2 d3 d4 d5 d6 d7 d8 d9 da db dc dd de df e0 e1 e2 e3 e4 e5 e6 e7 e8 e9 ea eb ec ed ee ef f0 f1 f2 f3 f4 f5 f6 f7 f8 f9 fa fb fc fd fe ff 
 0  1  2 8c  4 bc cf ad  8 47 af 63 49 bf 8d 1c 10 -- 8e 19 89 ab c6 -- 92 d3 a9 -- cd -- 38 -- 20 -- -- -- cb -- 32 4f c5 -- 81 -- 5b -- -- b8 f3 -- 71 -- 85 -- -- -- 4d d7 -- -- 70 3a -- 7a 40 e5 -- -- -- -- -- -- 41 -- -- 5f 64 5a 9e 2f 5d -- -- -- d5 -- -- -- b6 a1 -- -- -- fd a7 -- 31 -- -- -- e2 -- -- 88 dd fa -- 4c -- -- -- -- 9a -- 79 b2 -- -- -- -- e0 a3 74 -- -- -- f4 -- 80 -- 1d 3d -- -- -- -- -- -- -- 5c -- -- -- cc 82 -- -- -- -- e7 be -- c8 da b4  e eb 46 5e bd ba -- -- -- -- 59 -- -- 7d 26 -- -- -- -- -- 44 bb -- 95 -- -- -- -- -- -- c4 2d fc 99 -- -- -- 62 7e -- -- -- -- -- -- 13 -- -- 22 -- -- c7 -- 6d  7 23 b5 -- -- 98 -- -- 2e -- 66 -- f5 -- -- e3 -- -- -- f2 -- b3 -- -- -- -- -- -- -- -- -- 17 33 91 -- e8 b1 -- -- -- 11 -- -- 3f -- -- -- 

solutions so far:0 maxDepth:9 
iterations:11794356  skipped: 24 
Depth skipped: 
0 0 24 0 0 0 0 0 0 0 0 0 0 0 0 0 0 0 0 0 0 0 0 0 0 0 0 0 0 0 0 0 

running time: 1500 sec
 depth:7
 0  1  2  3  4  5  6  7  8  9  a  b  c  d  e  f 10 11 12 13 14 15 16 17 18 19 1a 1b 1c 1d 1e 1f 20 21 22 23 24 25 26 27 28 29 2a 2b 2c 2d 2e 2f 30 31 32 33 34 35 36 37 38 39 3a 3b 3c 3d 3e 3f 40 41 42 43 44 45 46 47 48 49 4a 4b 4c 4d 4e 4f 50 51 52 53 54 55 56 57 58 59 5a 5b 5c 5d 5e 5f 60 61 62 63 64 65 66 67 68 69 6a 6b 6c 6d 6e 6f 70 71 72 73 74 75 76 77 78 79 7a 7b 7c 7d 7e 7f 80 81 82 83 84 85 86 87 88 89 8a 8b 8c 8d 8e 8f 90 91 92 93 94 95 96 97 98 99 9a 9b 9c 9d 9e 9f a0 a1 a2 a3 a4 a5 a6 a7 a8 a9 aa ab ac ad ae af b0 b1 b2 b3 b4 b5 b6 b7 b8 b9 ba bb bc bd be bf c0 c1 c2 c3 c4 c5 c6 c7 c8 c9 ca cb cc cd ce cf d0 d1 d2 d3 d4 d5 d6 d7 d8 d9 da db dc dd de df e0 e1 e2 e3 e4 e5 e6 e7 e8 e9 ea eb ec ed ee ef f0 f1 f2 f3 f4 f5 f6 f7 f8 f9 fa fb fc fd fe ff 
 0  1  2 8c  4 ac cf 5e  8 26 8f 67 49 73 bc 3e 10 -- 4c d3 c9 ab ce -- 92 32 e6 -- af -- 7c -- 20 -- -- -- 98 -- 71 4f 45 -- 81 -- 4b -- --  9 f3 -- 64 -- 1b -- -- -- 89 d7 -- -- f8 f7 -- 35 40 48 -- -- -- -- -- -- e7 -- -- 5f e2 69 9e 2b 8a -- -- -- d5 -- -- -- 96 21 -- -- -- 84 12 -- 31 -- -- -- c8 -- -- f5 36 fa -- cb -- -- -- -- c5 -- 79 f4 -- -- -- -- 27 51 39 -- -- -- 6a -- 80 -- 90 f1 -- -- -- -- -- -- -- ef -- -- -- cc 19 -- -- -- -- 82 be -- 13 d8 d2 1f eb 46 56 2f c3 -- -- -- -- 7a -- -- 7d 8e -- -- -- -- -- 91 fb -- 42 -- -- -- -- -- -- c4 df fe 24 -- -- -- 62 7f -- -- -- -- -- -- 47 -- -- a3 -- -- 3d -- 6c e4 23 fc -- -- 41 -- -- 9c -- 66 -- 93 -- -- 5d -- -- -- f2 -- 3f -- -- -- -- -- -- -- -- -- 4e 33 a2 -- 72 7e -- -- -- ba -- -- d4 -- -- -- 

solutions so far:0 maxDepth:9 
iterations:14742162  skipped: 32 
Depth skipped: 
0 0 32 0 0 0 0 0 0 0 0 0 0 0 0 0 0 0 0 0 0 0 0 0 0 0 0 0 0 0 0 0 

running time: 1800 sec
 depth:6
 0  1  2  3  4  5  6  7  8  9  a  b  c  d  e  f 10 11 12 13 14 15 16 17 18 19 1a 1b 1c 1d 1e 1f 20 21 22 23 24 25 26 27 28 29 2a 2b 2c 2d 2e 2f 30 31 32 33 34 35 36 37 38 39 3a 3b 3c 3d 3e 3f 40 41 42 43 44 45 46 47 48 49 4a 4b 4c 4d 4e 4f 50 51 52 53 54 55 56 57 58 59 5a 5b 5c 5d 5e 5f 60 61 62 63 64 65 66 67 68 69 6a 6b 6c 6d 6e 6f 70 71 72 73 74 75 76 77 78 79 7a 7b 7c 7d 7e 7f 80 81 82 83 84 85 86 87 88 89 8a 8b 8c 8d 8e 8f 90 91 92 93 94 95 96 97 98 99 9a 9b 9c 9d 9e 9f a0 a1 a2 a3 a4 a5 a6 a7 a8 a9 aa ab ac ad ae af b0 b1 b2 b3 b4 b5 b6 b7 b8 b9 ba bb bc bd be bf c0 c1 c2 c3 c4 c5 c6 c7 c8 c9 ca cb cc cd ce cf d0 d1 d2 d3 d4 d5 d6 d7 d8 d9 da db dc dd de df e0 e1 e2 e3 e4 e5 e6 e7 e8 e9 ea eb ec ed ee ef f0 f1 f2 f3 f4 f5 f6 f7 f8 f9 fa fb fc fd fe ff 
 0  1  2 8c  4 94 cf b0  8 5b ff 11 49 ad b7 -- 10 -- b6 6d 29 ab 22 -- 92 fd 8d -- b9 -- -- -- 20 -- -- -- bb -- da 4f 52 -- 81 -- 44 -- -- -- f3 -- 2d -- cd -- -- -- a5 d7 -- -- -- -- -- 28 40 -- -- -- -- -- -- -- a1 -- -- 5f 63 b5 9e 25 a4 -- -- -- d5 -- -- -- 88 59 -- -- -- b3 -- -- 31 -- -- -- 5a -- -- 68 4d fa -- a9 -- -- -- -- 9d -- 79 ee -- -- -- -- -- e9 -- -- -- -- 50 -- 80 -- -- 14 -- -- -- -- -- -- -- -- -- -- -- cc 95 -- -- -- -- dd be -- c6 e3 bd -- eb 46 4a 58 9f -- -- -- -- 77 -- -- 7d bf -- -- -- -- -- 34 c7 -- b2 -- -- -- -- -- -- c4 b1 f9 -- -- -- -- 62 97 -- -- -- -- -- -- b4 -- -- 1a -- -- d0 -- 9a -- 23 2c -- -- 85 -- -- -- -- 66 --  a -- -- ed -- -- -- f2 --  b -- -- -- -- -- -- -- -- -- -- 33  5 -- -- 16 -- -- --  d -- -- a0 -- -- -- 

solutions so far:0 maxDepth:9 
iterations:18313152  skipped: 44 
Depth skipped: 
0 0 44 0 0 0 0 0 0 0 0 0 0 0 0 0 0 0 0 0 0 0 0 0 0 0 0 0 0 0 0 0 

running time: 2100 sec
 depth:7
 0  1  2  3  4  5  6  7  8  9  a  b  c  d  e  f 10 11 12 13 14 15 16 17 18 19 1a 1b 1c 1d 1e 1f 20 21 22 23 24 25 26 27 28 29 2a 2b 2c 2d 2e 2f 30 31 32 33 34 35 36 37 38 39 3a 3b 3c 3d 3e 3f 40 41 42 43 44 45 46 47 48 49 4a 4b 4c 4d 4e 4f 50 51 52 53 54 55 56 57 58 59 5a 5b 5c 5d 5e 5f 60 61 62 63 64 65 66 67 68 69 6a 6b 6c 6d 6e 6f 70 71 72 73 74 75 76 77 78 79 7a 7b 7c 7d 7e 7f 80 81 82 83 84 85 86 87 88 89 8a 8b 8c 8d 8e 8f 90 91 92 93 94 95 96 97 98 99 9a 9b 9c 9d 9e 9f a0 a1 a2 a3 a4 a5 a6 a7 a8 a9 aa ab ac ad ae af b0 b1 b2 b3 b4 b5 b6 b7 b8 b9 ba bb bc bd be bf c0 c1 c2 c3 c4 c5 c6 c7 c8 c9 ca cb cc cd ce cf d0 d1 d2 d3 d4 d5 d6 d7 d8 d9 da db dc dd de df e0 e1 e2 e3 e4 e5 e6 e7 e8 e9 ea eb ec ed ee ef f0 f1 f2 f3 f4 f5 f6 f7 f8 f9 fa fb fc fd fe ff 
 0  1  2 8c  4 7e cf bb  8 34 fc 1e 49 7b a1 c0 10 -- 68 9d 2f ab 3c -- 92  b f6 -- 95 -- 57 -- 20 -- -- -- d0 -- ed 4f 5e -- 81 -- 78 -- -- 83 f3 -- 16 -- 3b -- -- -- fd d7 -- -- ae  6 -- a3 40 ea -- -- -- -- -- -- 77 -- -- 5f  d 6b 9e f4 bc -- -- -- d5 -- -- -- f0 6e -- -- -- 6f d1 -- 31 -- -- -- 2c -- -- 85 76 fa -- b7 -- -- -- -- 2d -- 79 da -- -- -- -- 8b 89  c -- -- -- 91 -- 80 --  3 ba -- -- -- -- -- -- -- aa -- -- -- cc ee -- -- -- -- a5 be -- 1a  f d6 60 eb 46 3f b6 af -- -- -- -- 6d -- -- 7d b0 -- -- -- -- -- a9 37 -- dc -- -- -- -- -- -- c4 de 7a 75 -- -- -- 62 3d -- -- -- -- -- -- 58 -- -- bf -- -- dd -- ec 30 23 5b -- -- b9 -- -- 55 -- 66 -- 5d -- -- 5a -- -- -- f2 -- 63 -- -- -- -- -- -- -- -- -- c1 33 c5 -- 18 c6 -- -- -- b4 -- -- f5 -- -- -- 

solutions so far:0 maxDepth:9 
iterations:21044023  skipped: 52 
Depth skipped: 
0 0 52 0 0 0 0 0 0 0 0 0 0 0 0 0 0 0 0 0 0 0 0 0 0 0 0 0 0 0 0 0 

running time: 2400 sec
 depth:7
 0  1  2  3  4  5  6  7  8  9  a  b  c  d  e  f 10 11 12 13 14 15 16 17 18 19 1a 1b 1c 1d 1e 1f 20 21 22 23 24 25 26 27 28 29 2a 2b 2c 2d 2e 2f 30 31 32 33 34 35 36 37 38 39 3a 3b 3c 3d 3e 3f 40 41 42 43 44 45 46 47 48 49 4a 4b 4c 4d 4e 4f 50 51 52 53 54 55 56 57 58 59 5a 5b 5c 5d 5e 5f 60 61 62 63 64 65 66 67 68 69 6a 6b 6c 6d 6e 6f 70 71 72 73 74 75 76 77 78 79 7a 7b 7c 7d 7e 7f 80 81 82 83 84 85 86 87 88 89 8a 8b 8c 8d 8e 8f 90 91 92 93 94 95 96 97 98 99 9a 9b 9c 9d 9e 9f a0 a1 a2 a3 a4 a5 a6 a7 a8 a9 aa ab ac ad ae af b0 b1 b2 b3 b4 b5 b6 b7 b8 b9 ba bb bc bd be bf c0 c1 c2 c3 c4 c5 c6 c7 c8 c9 ca cb cc cd ce cf d0 d1 d2 d3 d4 d5 d6 d7 d8 d9 da db dc dd de df e0 e1 e2 e3 e4 e5 e6 e7 e8 e9 ea eb ec ed ee ef f0 f1 f2 f3 f4 f5 f6 f7 f8 f9 fa fb fc fd fe ff 
 0  1  2 8c  4 69 cf 5e  8 c1 d2 82 49 64 bc 74 10 -- 55 c0 73 ab d3 -- 92 75 c8 -- af -- e8 -- 20 -- -- -- aa -- 57 4f e6 -- 81 -- 71 -- -- e0 f3 -- ea -- 47 -- -- -- 89 d7 -- --  7 a7 -- 4b 40 5c -- -- -- -- -- -- 83 -- -- 5f ae 19 9e 84 1b -- -- -- d5 -- -- -- e2 26 -- -- -- 98 17 -- 31 -- -- --  3 -- -- f5 8e fa -- 18 -- -- -- -- c5 -- 79 f4 -- -- -- --  e 6c 99 -- -- -- 96 -- 80 -- b8 ce -- -- -- -- -- -- -- 70 -- -- -- cc d1 -- -- -- -- 60 be -- 8b 41 32 3a eb 46 df 2f 36 -- -- -- -- 7a -- -- 7d  c -- -- -- -- -- 91 13 -- 4c -- -- -- -- -- -- c4 e7 42 2e -- -- -- 62 21 -- -- -- -- -- --  6 -- -- a3 -- -- 3d -- cb 1d 23 fc -- -- 30 -- -- 38 -- 66 -- 67 -- -- 5d -- -- -- f2 -- 3f -- -- -- -- -- -- -- -- -- 1c 33 d8 -- e5 7e -- -- -- ba -- -- fb -- -- -- 

solutions so far:0 maxDepth:9 
iterations:24391290  skipped: 61 
Depth skipped: 
0 0 61 0 0 0 0 0 0 0 0 0 0 0 0 0 0 0 0 0 0 0 0 0 0 0 0 0 0 0 0 0 

running time: 2700 sec
 depth:7
 0  1  2  3  4  5  6  7  8  9  a  b  c  d  e  f 10 11 12 13 14 15 16 17 18 19 1a 1b 1c 1d 1e 1f 20 21 22 23 24 25 26 27 28 29 2a 2b 2c 2d 2e 2f 30 31 32 33 34 35 36 37 38 39 3a 3b 3c 3d 3e 3f 40 41 42 43 44 45 46 47 48 49 4a 4b 4c 4d 4e 4f 50 51 52 53 54 55 56 57 58 59 5a 5b 5c 5d 5e 5f 60 61 62 63 64 65 66 67 68 69 6a 6b 6c 6d 6e 6f 70 71 72 73 74 75 76 77 78 79 7a 7b 7c 7d 7e 7f 80 81 82 83 84 85 86 87 88 89 8a 8b 8c 8d 8e 8f 90 91 92 93 94 95 96 97 98 99 9a 9b 9c 9d 9e 9f a0 a1 a2 a3 a4 a5 a6 a7 a8 a9 aa ab ac ad ae af b0 b1 b2 b3 b4 b5 b6 b7 b8 b9 ba bb bc bd be bf c0 c1 c2 c3 c4 c5 c6 c7 c8 c9 ca cb cc cd ce cf d0 d1 d2 d3 d4 d5 d6 d7 d8 d9 da db dc dd de df e0 e1 e2 e3 e4 e5 e6 e7 e8 e9 ea eb ec ed ee ef f0 f1 f2 f3 f4 f5 f6 f7 f8 f9 fa fb fc fd fe ff 
 0  1  2 8c  4 51 cf 58  8 94 a2 d8 49 d2 b0 2a 10 -- ff 97 93 ab 67 -- 92 9f 73 -- b7 -- 54 -- 20 -- -- -- 29 -- f9 4f f1 -- 81 -- ce -- -- 43 f3 -- e9 -- e6 -- -- -- b9 d7 -- -- a8 53 -- 56 40 61 -- -- -- -- -- -- 52 -- -- 5f 25 df 9e 8a 35 -- -- -- d5 -- -- -- 4b fb -- -- -- 42 86 -- 31 -- -- --  5 -- -- 34 1b fa -- 28 -- -- -- -- a5 -- 79 77 -- -- -- -- 87 d4 a6 -- -- -- ac -- 80 -- c2 2b -- -- -- -- -- -- -- ca -- -- -- cc a4 -- -- -- -- a0 be -- 4a 6c 69 15 eb 46 c3 2c 6a -- -- -- -- d0 -- -- 7d 14 -- -- -- -- -- 1a 96 -- 21 -- -- -- -- -- -- c4 84 45 db -- -- -- 62 c9 -- -- -- -- -- --  a -- --  d -- -- 68 -- 36 e1 23 16 -- -- 50 -- -- 65 -- 66 -- fe -- -- 9d -- -- -- f2 -- ee -- -- -- -- -- -- -- -- -- d9 33 7f -- 9b  b -- -- -- ed -- -- 8f -- -- -- 

solutions so far:0 maxDepth:9 
iterations:28375680  skipped: 71 
Depth skipped: 
0 0 71 0 0 0 0 0 0 0 0 0 0 0 0 0 0 0 0 0 0 0 0 0 0 0 0 0 0 0 0 0 

running time: 3000 sec
 depth:7
 0  1  2  3  4  5  6  7  8  9  a  b  c  d  e  f 10 11 12 13 14 15 16 17 18 19 1a 1b 1c 1d 1e 1f 20 21 22 23 24 25 26 27 28 29 2a 2b 2c 2d 2e 2f 30 31 32 33 34 35 36 37 38 39 3a 3b 3c 3d 3e 3f 40 41 42 43 44 45 46 47 48 49 4a 4b 4c 4d 4e 4f 50 51 52 53 54 55 56 57 58 59 5a 5b 5c 5d 5e 5f 60 61 62 63 64 65 66 67 68 69 6a 6b 6c 6d 6e 6f 70 71 72 73 74 75 76 77 78 79 7a 7b 7c 7d 7e 7f 80 81 82 83 84 85 86 87 88 89 8a 8b 8c 8d 8e 8f 90 91 92 93 94 95 96 97 98 99 9a 9b 9c 9d 9e 9f a0 a1 a2 a3 a4 a5 a6 a7 a8 a9 aa ab ac ad ae af b0 b1 b2 b3 b4 b5 b6 b7 b8 b9 ba bb bc bd be bf c0 c1 c2 c3 c4 c5 c6 c7 c8 c9 ca cb cc cd ce cf d0 d1 d2 d3 d4 d5 d6 d7 d8 d9 da db dc dd de df e0 e1 e2 e3 e4 e5 e6 e7 e8 e9 ea eb ec ed ee ef f0 f1 f2 f3 f4 f5 f6 f7 f8 f9 fa fb fc fd fe ff 
 0  1  2 8c  4 37 cf c5  8  b 6e c7 49 9a 5d a6 10 -- 16 68 dc ab 59 -- 92 b7 e3 -- ba -- 9b -- 20 -- -- -- 2c -- d0 4f 6f -- 81 -- b2 -- -- 87 f3 -- b9 -- 11 -- -- -- a3 d7 -- -- e1 86 -- 76 40 ca -- -- -- -- -- -- 58 -- -- 5f 77 cd 9e 78 de -- -- -- d5 -- -- -- b3 b5 -- -- -- ad d9 -- 31 -- -- -- a5 -- -- 3f 22 fa --  d -- -- -- -- 91 -- 79 2f -- -- -- -- 15 d6 db -- -- -- ec -- 80 -- 43 3b -- -- -- -- -- -- -- a8 -- -- -- cc b0 -- -- -- -- 34 be -- ee 88 4d 53 eb 46 f0 89 6b -- -- -- -- fc -- -- 7d ed -- -- -- -- -- f4 b1 -- bd -- -- -- -- -- -- c4 8d 3c 65 -- -- -- 62 1e -- -- -- -- -- -- 9d -- -- 7a -- -- 7e -- 44 c2 23 af -- -- 1a -- -- 54 -- 66 -- f6 -- -- f5 -- -- -- f2 -- 5e -- -- -- -- -- -- -- -- -- 2a 33 7b -- 61 bc -- -- -- 3d -- --  f -- -- -- 

solutions so far:0 maxDepth:9 
iterations:31805775  skipped: 83 
Depth skipped: 
0 0 83 0 0 0 0 0 0 0 0 0 0 0 0 0 0 0 0 0 0 0 0 0 0 0 0 0 0 0 0 0 

running time: 3300 sec
 depth:8
 0  1  2  3  4  5  6  7  8  9  a  b  c  d  e  f 10 11 12 13 14 15 16 17 18 19 1a 1b 1c 1d 1e 1f 20 21 22 23 24 25 26 27 28 29 2a 2b 2c 2d 2e 2f 30 31 32 33 34 35 36 37 38 39 3a 3b 3c 3d 3e 3f 40 41 42 43 44 45 46 47 48 49 4a 4b 4c 4d 4e 4f 50 51 52 53 54 55 56 57 58 59 5a 5b 5c 5d 5e 5f 60 61 62 63 64 65 66 67 68 69 6a 6b 6c 6d 6e 6f 70 71 72 73 74 75 76 77 78 79 7a 7b 7c 7d 7e 7f 80 81 82 83 84 85 86 87 88 89 8a 8b 8c 8d 8e 8f 90 91 92 93 94 95 96 97 98 99 9a 9b 9c 9d 9e 9f a0 a1 a2 a3 a4 a5 a6 a7 a8 a9 aa ab ac ad ae af b0 b1 b2 b3 b4 b5 b6 b7 b8 b9 ba bb bc bd be bf c0 c1 c2 c3 c4 c5 c6 c7 c8 c9 ca cb cc cd ce cf d0 d1 d2 d3 d4 d5 d6 d7 d8 d9 da db dc dd de df e0 e1 e2 e3 e4 e5 e6 e7 e8 e9 ea eb ec ed ee ef f0 f1 f2 f3 f4 f5 f6 f7 f8 f9 fa fb fc fd fe ff 
 0  1  2 8c  4 27 cf 78  8 16 4e 60 49 ea f0 a9 10 c7 2c d0 9c ab c0 -- 92 b9  3 -- 37 -- 85 -- 20 -- 59 -- 58 22 77 4f ef b1 81 -- 57 -- -- 5b f3 -- a5 --  6 -- -- -- 6e d7 -- -- dd fd -- 39 40 a1 -- -- b2 -- -- e3 b0 -- 44 5f ee d1 9e 7c  9 -- b5 -- d5 -- -- -- ae c1 -- -- -- aa b6 -- 31 -- -- -- 9d -- -- 7b  c fa -- 1a -- -- -- -- dc ad 79 76 -- -- -- -- 6d 24 2d -- -- -- 72 -- 80 -- 95 f7 -- -- -- -- b3 -- -- c6 -- -- 11 cc b7 -- -- -- 88 68 be --  b 30 75 bf eb 46 f8 3c 12 -- -- -- bd 3b -- -- 7d  d -- -- -- -- -- d6 8b -- 55 -- -- -- -- -- -- c4 83 3e bb -- -- 9a 62 1f -- 4d -- -- -- -- ed -- -- 6b -- -- f6 -- 18 b4 23 1e -- -- 34 -- -- 63 -- 66 -- 90 -- -- 6f -- 8d -- f2 -- ec -- -- -- -- -- -- -- -- -- da 33 48 -- 5a  f -- -- -- de -- -- e4 cd -- -- 

solutions so far:0 maxDepth:9 
iterations:34623303  skipped: 90 
Depth skipped: 
0 0 90 0 0 0 0 0 0 0 0 0 0 0 0 0 0 0 0 0 0 0 0 0 0 0 0 0 0 0 0 0 

running time: 3600 sec
 depth:6
 0  1  2  3  4  5  6  7  8  9  a  b  c  d  e  f 10 11 12 13 14 15 16 17 18 19 1a 1b 1c 1d 1e 1f 20 21 22 23 24 25 26 27 28 29 2a 2b 2c 2d 2e 2f 30 31 32 33 34 35 36 37 38 39 3a 3b 3c 3d 3e 3f 40 41 42 43 44 45 46 47 48 49 4a 4b 4c 4d 4e 4f 50 51 52 53 54 55 56 57 58 59 5a 5b 5c 5d 5e 5f 60 61 62 63 64 65 66 67 68 69 6a 6b 6c 6d 6e 6f 70 71 72 73 74 75 76 77 78 79 7a 7b 7c 7d 7e 7f 80 81 82 83 84 85 86 87 88 89 8a 8b 8c 8d 8e 8f 90 91 92 93 94 95 96 97 98 99 9a 9b 9c 9d 9e 9f a0 a1 a2 a3 a4 a5 a6 a7 a8 a9 aa ab ac ad ae af b0 b1 b2 b3 b4 b5 b6 b7 b8 b9 ba bb bc bd be bf c0 c1 c2 c3 c4 c5 c6 c7 c8 c9 ca cb cc cd ce cf d0 d1 d2 d3 d4 d5 d6 d7 d8 d9 da db dc dd de df e0 e1 e2 e3 e4 e5 e6 e7 e8 e9 ea eb ec ed ee ef f0 f1 f2 f3 f4 f5 f6 f7 f8 f9 fa fb fc fd fe ff 
 0  1  2 8c  4 12 cf 85  8 c7 24 e9 49 94 dd -- 10 -- 59 11 48 ab  5 -- 92 b5 ff -- 6d -- -- -- 20 -- -- -- b2 -- 22 4f 90 -- 81 --  a -- -- -- f3 -- bd -- 29 -- -- -- da d7 -- -- -- -- -- 7c 40 -- -- -- -- -- -- -- b3 -- -- 5f 44 25 9e ef f7 -- -- -- d5 -- -- -- 14 50 -- -- -- 97 -- -- 31 -- -- -- ad -- -- a1 52 fa -- 4d -- -- -- -- 63 -- 79 2d -- -- -- -- -- 72 -- -- -- -- f8 -- 80 -- -- 3e -- -- -- -- -- -- -- -- -- -- -- cc b1 -- -- -- -- e3 be -- 88 9f 4a -- eb 46  9 a9 39 -- -- -- -- fd -- -- 7d cd -- -- -- -- -- bb 28 -- a0 -- -- -- -- -- -- c4 f9 9c -- -- -- -- 62 4e -- -- -- -- -- -- 8d -- -- b6 -- -- 95 -- a4 -- 23 bf -- -- 9a -- -- -- -- 66 -- 1f -- -- c6 -- -- -- f2 -- 5a -- -- -- -- -- -- -- -- -- -- 33 e4 -- -- b4 -- -- -- 5b -- -- 27 -- -- -- 

solutions so far:0 maxDepth:9 
iterations:37875461  skipped: 102 
Depth skipped: 
0 0 102 0 0 0 0 0 0 0 0 0 0 0 0 0 0 0 0 0 0 0 0 0 0 0 0 0 0 0 0 0 

running time: 3900 sec

Finished. Total running time: 3962 sec
