Search S-boxes invariant for matrices: 
{0x00,0x02,0x04,0x06,0x08,0x0a,0x0c,0x0e,0x10,0x12,0x14,0x16,0x18,0x1a,0x1c,0x1e,0x20,0x22,0x24,0x26,0x28,0x2a,0x2c,0x2e,0x30,0x32,0x34,0x36,0x38,0x3a,0x3c,0x3e,0x40,0x42,0x44,0x46,0x48,0x4a,0x4c,0x4e,0x50,0x52,0x54,0x56,0x58,0x5a,0x5c,0x5e,0x60,0x62,0x64,0x66,0x68,0x6a,0x6c,0x6e,0x70,0x72,0x74,0x76,0x78,0x7a,0x7c,0x7e,0x80,0x82,0x84,0x86,0x88,0x8a,0x8c,0x8e,0x90,0x92,0x94,0x96,0x98,0x9a,0x9c,0x9e,0xa0,0xa2,0xa4,0xa6,0xa8,0xaa,0xac,0xae,0xb0,0xb2,0xb4,0xb6,0xb8,0xba,0xbc,0xbe,0xc0,0xc2,0xc4,0xc6,0xc8,0xca,0xcc,0xce,0xd0,0xd2,0xd4,0xd6,0xd8,0xda,0xdc,0xde,0xe0,0xe2,0xe4,0xe6,0xe8,0xea,0xec,0xee,0xf0,0xf2,0xf4,0xf6,0xf8,0xfa,0xfc,0xfe,0x39,0x3b,0x3d,0x3f,0x31,0x33,0x35,0x37,0x29,0x2b,0x2d,0x2f,0x21,0x23,0x25,0x27,0x19,0x1b,0x1d,0x1f,0x11,0x13,0x15,0x17,0x09,0x0b,0x0d,0x0f,0x01,0x03,0x05,0x07,0x79,0x7b,0x7d,0x7f,0x71,0x73,0x75,0x77,0x69,0x6b,0x6d,0x6f,0x61,0x63,0x65,0x67,0x59,0x5b,0x5d,0x5f,0x51,0x53,0x55,0x57,0x49,0x4b,0x4d,0x4f,0x41,0x43,0x45,0x47,0xb9,0xbb,0xbd,0xbf,0xb1,0xb3,0xb5,0xb7,0xa9,0xab,0xad,0xaf,0xa1,0xa3,0xa5,0xa7,0x99,0x9b,0x9d,0x9f,0x91,0x93,0x95,0x97,0x89,0x8b,0x8d,0x8f,0x81,0x83,0x85,0x87,0xf9,0xfb,0xfd,0xff,0xf1,0xf3,0xf5,0xf7,0xe9,0xeb,0xed,0xef,0xe1,0xe3,0xe5,0xe7,0xd9,0xdb,0xdd,0xdf,0xd1,0xd3,0xd5,0xd7,0xc9,0xcb,0xcd,0xcf,0xc1,0xc3,0xc5,0xc7};
{0x00,0x02,0x04,0x06,0x08,0x0a,0x0c,0x0e,0x10,0x12,0x14,0x16,0x18,0x1a,0x1c,0x1e,0x20,0x22,0x24,0x26,0x28,0x2a,0x2c,0x2e,0x30,0x32,0x34,0x36,0x38,0x3a,0x3c,0x3e,0x40,0x42,0x44,0x46,0x48,0x4a,0x4c,0x4e,0x50,0x52,0x54,0x56,0x58,0x5a,0x5c,0x5e,0x60,0x62,0x64,0x66,0x68,0x6a,0x6c,0x6e,0x70,0x72,0x74,0x76,0x78,0x7a,0x7c,0x7e,0x80,0x82,0x84,0x86,0x88,0x8a,0x8c,0x8e,0x90,0x92,0x94,0x96,0x98,0x9a,0x9c,0x9e,0xa0,0xa2,0xa4,0xa6,0xa8,0xaa,0xac,0xae,0xb0,0xb2,0xb4,0xb6,0xb8,0xba,0xbc,0xbe,0xc0,0xc2,0xc4,0xc6,0xc8,0xca,0xcc,0xce,0xd0,0xd2,0xd4,0xd6,0xd8,0xda,0xdc,0xde,0xe0,0xe2,0xe4,0xe6,0xe8,0xea,0xec,0xee,0xf0,0xf2,0xf4,0xf6,0xf8,0xfa,0xfc,0xfe,0xd7,0xd5,0xd3,0xd1,0xdf,0xdd,0xdb,0xd9,0xc7,0xc5,0xc3,0xc1,0xcf,0xcd,0xcb,0xc9,0xf7,0xf5,0xf3,0xf1,0xff,0xfd,0xfb,0xf9,0xe7,0xe5,0xe3,0xe1,0xef,0xed,0xeb,0xe9,0x97,0x95,0x93,0x91,0x9f,0x9d,0x9b,0x99,0x87,0x85,0x83,0x81,0x8f,0x8d,0x8b,0x89,0xb7,0xb5,0xb3,0xb1,0xbf,0xbd,0xbb,0xb9,0xa7,0xa5,0xa3,0xa1,0xaf,0xad,0xab,0xa9,0x57,0x55,0x53,0x51,0x5f,0x5d,0x5b,0x59,0x47,0x45,0x43,0x41,0x4f,0x4d,0x4b,0x49,0x77,0x75,0x73,0x71,0x7f,0x7d,0x7b,0x79,0x67,0x65,0x63,0x61,0x6f,0x6d,0x6b,0x69,0x17,0x15,0x13,0x11,0x1f,0x1d,0x1b,0x19,0x07,0x05,0x03,0x01,0x0f,0x0d,0x0b,0x09,0x37,0x35,0x33,0x31,0x3f,0x3d,0x3b,0x39,0x27,0x25,0x23,0x21,0x2f,0x2d,0x2b,0x29};



 depth:7
 0  1  2  3  4  5  6  7  8  9  a  b  c  d  e  f 10 11 12 13 14 15 16 17 18 19 1a 1b 1c 1d 1e 1f 20 21 22 23 24 25 26 27 28 29 2a 2b 2c 2d 2e 2f 30 31 32 33 34 35 36 37 38 39 3a 3b 3c 3d 3e 3f 40 41 42 43 44 45 46 47 48 49 4a 4b 4c 4d 4e 4f 50 51 52 53 54 55 56 57 58 59 5a 5b 5c 5d 5e 5f 60 61 62 63 64 65 66 67 68 69 6a 6b 6c 6d 6e 6f 70 71 72 73 74 75 76 77 78 79 7a 7b 7c 7d 7e 7f 80 81 82 83 84 85 86 87 88 89 8a 8b 8c 8d 8e 8f 90 91 92 93 94 95 96 97 98 99 9a 9b 9c 9d 9e 9f a0 a1 a2 a3 a4 a5 a6 a7 a8 a9 aa ab ac ad ae af b0 b1 b2 b3 b4 b5 b6 b7 b8 b9 ba bb bc bd be bf c0 c1 c2 c3 c4 c5 c6 c7 c8 c9 ca cb cc cd ce cf d0 d1 d2 d3 d4 d5 d6 d7 d8 d9 da db dc dd de df e0 e1 e2 e3 e4 e5 e6 e7 e8 e9 ea eb ec ed ee ef f0 f1 f2 f3 f4 f5 f6 f7 f8 f9 fa fb fc fd fe ff 
 0  1  2 94  4 f1 ff aa  8 dd 35 19 29 e2 83  7 10 -- 6d b4 6a 28 32 -- 52 5b 13 -- d1 --  e -- 20 -- -- -- da -- bf 4f d4 -- 50 -- 64 -- -- 2e a4 -- b6 -- 26 -- -- -- 75 d7 -- -- 1c e5 -- c9 40 a7 -- -- -- -- -- -- 63 -- --  a a9 d3 9e a2 7f -- -- -- a0 -- -- -- c8 8e -- -- -- 41 5c -- 9f -- -- -- bb -- -- 30 4c f9 -- fd -- -- -- -- ea -- 79 57 -- -- -- -- 38 2b 1d -- -- -- 45 -- 80 -- 99 8f -- -- -- -- -- -- -- 17 -- -- -- cc c6 -- -- -- -- 5a 14 -- 85 e7 71 e8 eb 4a 93 55 fe -- -- -- -- c0 -- -- 97 95 -- -- -- -- -- 18 47 -- cb -- -- -- -- -- --  5 82 51 b8 -- -- -- e9 c3 -- -- -- -- -- -- a1 -- --  c -- -- 60 -- 98 74 25 c1 -- -- 2d -- -- e0 -- 66 -- ac -- --  3 -- -- -- f2 -- ae -- -- -- -- -- -- -- -- -- 70 33 56 -- 3a 8b -- -- --  6 -- -- 8a -- -- -- 

solutions so far:0 maxDepth:9 
iterations:2520608  skipped: 5 
Depth skipped: 
0 0 5 0 0 0 0 0 0 0 0 0 0 0 0 0 0 0 0 0 0 0 0 0 0 0 0 0 0 0 0 0 

running time: 300 sec
 depth:7
 0  1  2  3  4  5  6  7  8  9  a  b  c  d  e  f 10 11 12 13 14 15 16 17 18 19 1a 1b 1c 1d 1e 1f 20 21 22 23 24 25 26 27 28 29 2a 2b 2c 2d 2e 2f 30 31 32 33 34 35 36 37 38 39 3a 3b 3c 3d 3e 3f 40 41 42 43 44 45 46 47 48 49 4a 4b 4c 4d 4e 4f 50 51 52 53 54 55 56 57 58 59 5a 5b 5c 5d 5e 5f 60 61 62 63 64 65 66 67 68 69 6a 6b 6c 6d 6e 6f 70 71 72 73 74 75 76 77 78 79 7a 7b 7c 7d 7e 7f 80 81 82 83 84 85 86 87 88 89 8a 8b 8c 8d 8e 8f 90 91 92 93 94 95 96 97 98 99 9a 9b 9c 9d 9e 9f a0 a1 a2 a3 a4 a5 a6 a7 a8 a9 aa ab ac ad ae af b0 b1 b2 b3 b4 b5 b6 b7 b8 b9 ba bb bc bd be bf c0 c1 c2 c3 c4 c5 c6 c7 c8 c9 ca cb cc cd ce cf d0 d1 d2 d3 d4 d5 d6 d7 d8 d9 da db dc dd de df e0 e1 e2 e3 e4 e5 e6 e7 e8 e9 ea eb ec ed ee ef f0 f1 f2 f3 f4 f5 f6 f7 f8 f9 fa fb fc fd fe ff 
 0  1  2 94  4 e7 ff 36  8 d0 19 88 29 4d 6c fc 10 -- 77  d 32 28 c7 -- 52 2c 9a -- d8 -- 2f -- 20 -- -- -- ee -- 1a 4f 64 -- 50 -- 59 -- -- 5d a4 -- 58 -- e3 -- -- -- 67 d7 -- -- 5e 3d -- d3 40 91 -- -- -- -- -- --  b -- --  a 34 8d 9e 4c c8 -- -- -- a0 -- -- -- b2 b1 -- -- -- bd ba -- 9f -- -- -- b0 -- -- 42 11 f9 -- a5 -- -- -- -- ce -- 79 69 -- -- -- -- bc 8e 7a -- -- -- 71 -- 80 -- f5 82 -- -- -- -- -- -- -- c5 -- -- -- cc 16 -- -- -- -- ed 14 -- 68 44 cd 7e eb 4a 98 1b 47 -- -- -- -- df -- -- 97 b9 -- -- -- -- -- 21 b3 -- b5 -- -- -- -- -- --  5 ad 26 a3 -- -- -- e9 13 -- -- -- -- -- -- b7 -- -- fb -- -- 84 -- 22 3f 25 e6 -- -- 9d -- -- 89 -- 66 -- 41 -- -- 4b -- -- -- f2 -- d2 -- -- -- -- -- -- -- -- -- af 33 cb -- f4 73 -- -- -- 96 -- -- e2 -- -- -- 

solutions so far:0 maxDepth:9 
iterations:4461289  skipped: 9 
Depth skipped: 
0 0 9 0 0 0 0 0 0 0 0 0 0 0 0 0 0 0 0 0 0 0 0 0 0 0 0 0 0 0 0 0 

running time: 600 sec
 depth:7
 0  1  2  3  4  5  6  7  8  9  a  b  c  d  e  f 10 11 12 13 14 15 16 17 18 19 1a 1b 1c 1d 1e 1f 20 21 22 23 24 25 26 27 28 29 2a 2b 2c 2d 2e 2f 30 31 32 33 34 35 36 37 38 39 3a 3b 3c 3d 3e 3f 40 41 42 43 44 45 46 47 48 49 4a 4b 4c 4d 4e 4f 50 51 52 53 54 55 56 57 58 59 5a 5b 5c 5d 5e 5f 60 61 62 63 64 65 66 67 68 69 6a 6b 6c 6d 6e 6f 70 71 72 73 74 75 76 77 78 79 7a 7b 7c 7d 7e 7f 80 81 82 83 84 85 86 87 88 89 8a 8b 8c 8d 8e 8f 90 91 92 93 94 95 96 97 98 99 9a 9b 9c 9d 9e 9f a0 a1 a2 a3 a4 a5 a6 a7 a8 a9 aa ab ac ad ae af b0 b1 b2 b3 b4 b5 b6 b7 b8 b9 ba bb bc bd be bf c0 c1 c2 c3 c4 c5 c6 c7 c8 c9 ca cb cc cd ce cf d0 d1 d2 d3 d4 d5 d6 d7 d8 d9 da db dc dd de df e0 e1 e2 e3 e4 e5 e6 e7 e8 e9 ea eb ec ed ee ef f0 f1 f2 f3 f4 f5 f6 f7 f8 f9 fa fb fc fd fe ff 
 0  1  2 94  4 dc ff c7  8 35 6f 6c 29 69 59 26 10 -- 6a 51 de 28 d8 -- 52 2b d2 -- b2 -- 4c -- 20 -- -- -- d4 -- a2 4f 6b -- 50 -- 67 -- -- c8 a4 -- 56 -- 73 -- -- -- b3 d7 -- -- 98 82 --  f 40 cb -- -- -- -- -- -- 7f -- --  a 93 84 9e 37 d6 -- -- -- a0 -- -- -- ce 96 -- -- -- 21 47 -- 9f -- -- -- ac -- -- cd e6 f9 -- 45 -- -- -- -- b1 -- 79 e3 -- -- -- -- e7 f6 d3 -- -- -- 1e -- 80 -- 41 ec -- -- -- -- -- -- -- 64 -- -- -- cc fe -- -- -- -- c3 14 -- f1 36 df 13 eb 4a 6e 88 7b -- -- -- -- 9a -- -- 97 c9 -- -- -- -- -- 8d 4b -- fb -- -- -- -- -- --  5 42 f0 8e -- -- -- e9 78 -- -- -- -- -- -- 8f -- -- ad -- -- 4d -- 1b e2 25 44 -- -- 8a -- -- 32 -- 66 -- 76 -- -- b5 -- -- -- f2 -- 11 -- -- -- -- -- -- -- -- -- 19 33 3b -- 71 22 -- -- -- bd -- -- 3c -- -- -- 

solutions so far:0 maxDepth:9 
iterations:6640404  skipped: 15 
Depth skipped: 
0 0 15 0 0 0 0 0 0 0 0 0 0 0 0 0 0 0 0 0 0 0 0 0 0 0 0 0 0 0 0 0 

running time: 900 sec
 depth:7
 0  1  2  3  4  5  6  7  8  9  a  b  c  d  e  f 10 11 12 13 14 15 16 17 18 19 1a 1b 1c 1d 1e 1f 20 21 22 23 24 25 26 27 28 29 2a 2b 2c 2d 2e 2f 30 31 32 33 34 35 36 37 38 39 3a 3b 3c 3d 3e 3f 40 41 42 43 44 45 46 47 48 49 4a 4b 4c 4d 4e 4f 50 51 52 53 54 55 56 57 58 59 5a 5b 5c 5d 5e 5f 60 61 62 63 64 65 66 67 68 69 6a 6b 6c 6d 6e 6f 70 71 72 73 74 75 76 77 78 79 7a 7b 7c 7d 7e 7f 80 81 82 83 84 85 86 87 88 89 8a 8b 8c 8d 8e 8f 90 91 92 93 94 95 96 97 98 99 9a 9b 9c 9d 9e 9f a0 a1 a2 a3 a4 a5 a6 a7 a8 a9 aa ab ac ad ae af b0 b1 b2 b3 b4 b5 b6 b7 b8 b9 ba bb bc bd be bf c0 c1 c2 c3 c4 c5 c6 c7 c8 c9 ca cb cc cd ce cf d0 d1 d2 d3 d4 d5 d6 d7 d8 d9 da db dc dd de df e0 e1 e2 e3 e4 e5 e6 e7 e8 e9 ea eb ec ed ee ef f0 f1 f2 f3 f4 f5 f6 f7 f8 f9 fa fb fc fd fe ff 
 0  1  2 94  4 c8 ff 65  8 ad 47 73 29 21 ca 57 10 -- 8d b3 8e 28 e6 -- 52 e3 42 -- 43 -- ae -- 20 -- -- -- cd -- b1 4f cb -- 50 -- 1b -- -- d1 a4 -- 11 -- 84 -- -- -- 86 d7 -- -- 8b  c -- 26 40  3 -- -- -- -- -- -- 4d -- --  a b5 96 9e 32 41 -- -- -- a0 -- -- -- 36 d8 -- -- -- ce 75 -- 9f -- -- -- 22 -- -- 9b df f9 -- c7 -- -- -- -- db -- 79 2a -- -- -- -- c1 d3 18 -- -- -- 4c -- 80 --  6 13 -- -- -- -- -- -- -- 83 -- -- -- cc 9a -- -- -- -- b2 14 -- bd d2 fb c0 eb 4a 64 d9 82 -- -- -- -- 15 -- -- 97 88 -- -- -- -- -- a6 6c -- 67 -- -- -- -- -- --  5 4b 19 ea -- -- -- e9 e7 -- -- -- -- -- -- 44 -- -- 53 -- -- e1 -- 69 60 25 87 -- -- 59 -- -- aa -- 66 -- e2 -- -- 61 -- -- -- f2 -- 54 -- -- -- -- -- -- -- -- -- 55 33 71 -- 30 a8 -- -- -- c2 -- -- 98 -- -- -- 

solutions so far:0 maxDepth:9 
iterations:8705549  skipped: 25 
Depth skipped: 
0 0 25 0 0 0 0 0 0 0 0 0 0 0 0 0 0 0 0 0 0 0 0 0 0 0 0 0 0 0 0 0 

running time: 1200 sec
 depth:6
 0  1  2  3  4  5  6  7  8  9  a  b  c  d  e  f 10 11 12 13 14 15 16 17 18 19 1a 1b 1c 1d 1e 1f 20 21 22 23 24 25 26 27 28 29 2a 2b 2c 2d 2e 2f 30 31 32 33 34 35 36 37 38 39 3a 3b 3c 3d 3e 3f 40 41 42 43 44 45 46 47 48 49 4a 4b 4c 4d 4e 4f 50 51 52 53 54 55 56 57 58 59 5a 5b 5c 5d 5e 5f 60 61 62 63 64 65 66 67 68 69 6a 6b 6c 6d 6e 6f 70 71 72 73 74 75 76 77 78 79 7a 7b 7c 7d 7e 7f 80 81 82 83 84 85 86 87 88 89 8a 8b 8c 8d 8e 8f 90 91 92 93 94 95 96 97 98 99 9a 9b 9c 9d 9e 9f a0 a1 a2 a3 a4 a5 a6 a7 a8 a9 aa ab ac ad ae af b0 b1 b2 b3 b4 b5 b6 b7 b8 b9 ba bb bc bd be bf c0 c1 c2 c3 c4 c5 c6 c7 c8 c9 ca cb cc cd ce cf d0 d1 d2 d3 d4 d5 d6 d7 d8 d9 da db dc dd de df e0 e1 e2 e3 e4 e5 e6 e7 e8 e9 ea eb ec ed ee ef f0 f1 f2 f3 f4 f5 f6 f7 f8 f9 fa fb fc fd fe ff 
 0  1  2 94  4 ba ff 2e  8 fa a3 88 29 4d 5c -- 10 -- 23 ab 91 28 c7 -- 52 49 9a -- b8 -- -- -- 20 -- -- -- 46 -- 81 4f f5 -- 50 -- 59 -- -- -- a4 -- 92 -- e3 -- -- -- a7 d7 -- -- -- -- -- 2f 40 -- -- -- -- -- -- -- 8c -- --  a d5 8d 9e c5 3d -- -- -- a0 -- -- -- b2 b1 -- -- -- bd -- -- 9f -- -- -- f3 -- -- e8 11 f9 -- c4 -- -- -- -- 99 -- 79 1c -- -- -- -- -- f4 -- -- -- -- 5e -- 80 -- -- fc -- -- -- -- -- -- -- -- -- -- -- cc cf -- -- -- -- be 14 -- 7d 44 cd -- eb 4a 5d 17 7a -- -- -- --  e -- -- 97 62 -- -- -- -- -- 74 b3 -- b5 -- -- -- -- -- --  5 ad 89 -- -- -- -- e9 af -- -- -- -- -- -- 31 -- -- 3a -- --  7 -- 22 -- 25 e0 -- -- 5f -- -- -- -- 66 -- 7e -- -- e5 -- -- -- f2 -- 38 -- -- -- -- -- -- -- -- -- -- 33 3f -- -- 70 -- -- -- 1d -- -- bc -- -- -- 

solutions so far:0 maxDepth:9 
iterations:11246279  skipped: 32 
Depth skipped: 
0 0 32 0 0 0 0 0 0 0 0 0 0 0 0 0 0 0 0 0 0 0 0 0 0 0 0 0 0 0 0 0 

running time: 1500 sec
 depth:6
 0  1  2  3  4  5  6  7  8  9  a  b  c  d  e  f 10 11 12 13 14 15 16 17 18 19 1a 1b 1c 1d 1e 1f 20 21 22 23 24 25 26 27 28 29 2a 2b 2c 2d 2e 2f 30 31 32 33 34 35 36 37 38 39 3a 3b 3c 3d 3e 3f 40 41 42 43 44 45 46 47 48 49 4a 4b 4c 4d 4e 4f 50 51 52 53 54 55 56 57 58 59 5a 5b 5c 5d 5e 5f 60 61 62 63 64 65 66 67 68 69 6a 6b 6c 6d 6e 6f 70 71 72 73 74 75 76 77 78 79 7a 7b 7c 7d 7e 7f 80 81 82 83 84 85 86 87 88 89 8a 8b 8c 8d 8e 8f 90 91 92 93 94 95 96 97 98 99 9a 9b 9c 9d 9e 9f a0 a1 a2 a3 a4 a5 a6 a7 a8 a9 aa ab ac ad ae af b0 b1 b2 b3 b4 b5 b6 b7 b8 b9 ba bb bc bd be bf c0 c1 c2 c3 c4 c5 c6 c7 c8 c9 ca cb cc cd ce cf d0 d1 d2 d3 d4 d5 d6 d7 d8 d9 da db dc dd de df e0 e1 e2 e3 e4 e5 e6 e7 e8 e9 ea eb ec ed ee ef f0 f1 f2 f3 f4 f5 f6 f7 f8 f9 fa fb fc fd fe ff 
 0  1  2 94  4 ae ff 7e  8 41 8b 3b 29 6f fc -- 10 -- 82 c8 c1 28 76 -- 52 13 de -- 2f -- -- -- 20 -- -- -- d3 -- 47 4f 55 -- 50 -- ec -- -- -- a4 -- 26 -- 6b -- -- -- 5e d7 -- -- -- -- --  6 40 -- -- -- -- -- -- -- 71 -- --  a 8e 6e 9e c0 aa -- -- -- a0 -- -- --  f 3c -- -- -- f0 -- -- 9f -- -- -- 4c -- -- ba d6 f9 -- 19 -- -- -- -- bc -- 79 f5 -- -- -- -- -- d1 -- -- -- --  c -- 80 -- --  3 -- -- -- -- -- -- -- -- -- -- -- cc e2 -- -- -- -- 64 14 -- cb f6 dc -- eb 4a 57 3f 83 -- -- -- -- 91 -- -- 97 e7 -- -- -- -- -- 5d 1e -- 78 -- -- -- -- -- --  5 37 60 -- -- -- -- e9 30 -- -- -- -- -- -- 98 -- -- c5 -- -- a3 -- 7b -- 25 f4 -- -- 32 -- -- -- -- 66 -- ea -- -- af -- -- -- f2 -- 3d -- -- -- -- -- -- -- -- -- -- 33 75 -- -- 7a -- -- -- 89 -- -- 18 -- -- -- 

solutions so far:0 maxDepth:9 
iterations:13671832  skipped: 39 
Depth skipped: 
0 0 39 0 0 0 0 0 0 0 0 0 0 0 0 0 0 0 0 0 0 0 0 0 0 0 0 0 0 0 0 0 

running time: 1800 sec
 depth:5
 0  1  2  3  4  5  6  7  8  9  a  b  c  d  e  f 10 11 12 13 14 15 16 17 18 19 1a 1b 1c 1d 1e 1f 20 21 22 23 24 25 26 27 28 29 2a 2b 2c 2d 2e 2f 30 31 32 33 34 35 36 37 38 39 3a 3b 3c 3d 3e 3f 40 41 42 43 44 45 46 47 48 49 4a 4b 4c 4d 4e 4f 50 51 52 53 54 55 56 57 58 59 5a 5b 5c 5d 5e 5f 60 61 62 63 64 65 66 67 68 69 6a 6b 6c 6d 6e 6f 70 71 72 73 74 75 76 77 78 79 7a 7b 7c 7d 7e 7f 80 81 82 83 84 85 86 87 88 89 8a 8b 8c 8d 8e 8f 90 91 92 93 94 95 96 97 98 99 9a 9b 9c 9d 9e 9f a0 a1 a2 a3 a4 a5 a6 a7 a8 a9 aa ab ac ad ae af b0 b1 b2 b3 b4 b5 b6 b7 b8 b9 ba bb bc bd be bf c0 c1 c2 c3 c4 c5 c6 c7 c8 c9 ca cb cc cd ce cf d0 d1 d2 d3 d4 d5 d6 d7 d8 d9 da db dc dd de df e0 e1 e2 e3 e4 e5 e6 e7 e8 e9 ea eb ec ed ee ef f0 f1 f2 f3 f4 f5 f6 f7 f8 f9 fa fb fc fd fe ff 
 0  1  2 94  4 9a ff 7c  8 26 e3 -- 29 -- f8 -- 10 -- 4c d3 11 28 -- -- 52 32 -- -- 27 -- -- -- 20 -- -- -- 98 -- 71 4f 22 -- 50 -- -- -- -- -- a4 -- 64 -- -- -- -- -- 4e d7 -- -- -- -- -- b1 40 -- -- -- -- -- -- -- e7 -- --  a e2 -- 9e cd 44 -- -- -- a0 -- -- -- -- -- -- -- -- -- -- -- 9f -- -- -- c8 -- -- 48 -- f9 -- cb -- -- -- -- 9c -- 79 39 -- -- -- -- -- c7 -- -- -- -- b5 -- 80 -- -- b3 -- -- -- -- -- -- -- -- -- -- -- cc 19 -- -- -- -- 82 14 -- 13 -- -- -- eb 4a 4d 3e 88 -- -- -- -- f7 -- -- 97 8e -- -- -- -- -- 24 -- -- -- -- -- -- -- -- --  5 -- 8d -- -- -- -- e9 ad -- -- -- -- -- -- 47 -- -- 12 -- -- 90 -- -- -- 25 1f -- -- 41 -- -- -- -- 66 -- b2 -- -- ef -- -- -- f2 -- 72 -- -- -- -- -- -- -- -- -- -- 33 59 -- -- e4 -- -- --  9 -- -- bd -- -- -- 

solutions so far:0 maxDepth:9 
iterations:16046737  skipped: 48 
Depth skipped: 
0 0 48 0 0 0 0 0 0 0 0 0 0 0 0 0 0 0 0 0 0 0 0 0 0 0 0 0 0 0 0 0 

running time: 2100 sec
 depth:7
 0  1  2  3  4  5  6  7  8  9  a  b  c  d  e  f 10 11 12 13 14 15 16 17 18 19 1a 1b 1c 1d 1e 1f 20 21 22 23 24 25 26 27 28 29 2a 2b 2c 2d 2e 2f 30 31 32 33 34 35 36 37 38 39 3a 3b 3c 3d 3e 3f 40 41 42 43 44 45 46 47 48 49 4a 4b 4c 4d 4e 4f 50 51 52 53 54 55 56 57 58 59 5a 5b 5c 5d 5e 5f 60 61 62 63 64 65 66 67 68 69 6a 6b 6c 6d 6e 6f 70 71 72 73 74 75 76 77 78 79 7a 7b 7c 7d 7e 7f 80 81 82 83 84 85 86 87 88 89 8a 8b 8c 8d 8e 8f 90 91 92 93 94 95 96 97 98 99 9a 9b 9c 9d 9e 9f a0 a1 a2 a3 a4 a5 a6 a7 a8 a9 aa ab ac ad ae af b0 b1 b2 b3 b4 b5 b6 b7 b8 b9 ba bb bc bd be bf c0 c1 c2 c3 c4 c5 c6 c7 c8 c9 ca cb cc cd ce cf d0 d1 d2 d3 d4 d5 d6 d7 d8 d9 da db dc dd de df e0 e1 e2 e3 e4 e5 e6 e7 e8 e9 ea eb ec ed ee ef f0 f1 f2 f3 f4 f5 f6 f7 f8 f9 fa fb fc fd fe ff 
 0  1  2 94  4 8a ff c0  8 96 c3 61 29 d9 57 19 10 -- fb d8 51 28 c2 -- 52 df 65 -- ae -- 32 -- 20 -- -- -- 21 -- 67 4f a2 -- 50 -- 53 -- -- 41 a4 -- 69 -- ca -- -- -- 8b d7 -- -- 64 13 -- fe 40 71 -- -- -- -- -- -- 42 -- --  a ce a8 9e c9 93 -- -- -- a0 -- -- -- a6 e1 -- -- -- 2a 82 -- 9f -- -- -- d2 -- -- 75 43 f9 -- 1b -- -- -- -- c1 -- 79  6 -- -- -- -- c8 35 26 -- -- -- 2b -- 80 -- e2 7f -- -- -- -- -- -- -- cb -- -- -- cc 84 -- -- -- -- 6c 14 -- 4b db 87 e7 eb 4a 45 60 f1 -- -- -- --  3 -- -- 97 e6 -- -- -- -- -- d1 9b -- 15 -- -- -- -- -- --  5 54 8f d3 -- -- -- e9 ac -- -- -- -- -- -- 73 -- -- 83 -- -- ea -- 86 98 25 30 -- -- 36 -- -- 8e -- 66 -- d4 -- -- 55 -- -- -- f2 --  c -- -- -- -- -- -- -- -- -- 47 33 6a -- 4c 18 -- -- -- aa -- -- 56 -- -- -- 

solutions so far:0 maxDepth:9 
iterations:18344733  skipped: 54 
Depth skipped: 
0 0 54 0 0 0 0 0 0 0 0 0 0 0 0 0 0 0 0 0 0 0 0 0 0 0 0 0 0 0 0 0 

running time: 2400 sec
 depth:7
 0  1  2  3  4  5  6  7  8  9  a  b  c  d  e  f 10 11 12 13 14 15 16 17 18 19 1a 1b 1c 1d 1e 1f 20 21 22 23 24 25 26 27 28 29 2a 2b 2c 2d 2e 2f 30 31 32 33 34 35 36 37 38 39 3a 3b 3c 3d 3e 3f 40 41 42 43 44 45 46 47 48 49 4a 4b 4c 4d 4e 4f 50 51 52 53 54 55 56 57 58 59 5a 5b 5c 5d 5e 5f 60 61 62 63 64 65 66 67 68 69 6a 6b 6c 6d 6e 6f 70 71 72 73 74 75 76 77 78 79 7a 7b 7c 7d 7e 7f 80 81 82 83 84 85 86 87 88 89 8a 8b 8c 8d 8e 8f 90 91 92 93 94 95 96 97 98 99 9a 9b 9c 9d 9e 9f a0 a1 a2 a3 a4 a5 a6 a7 a8 a9 aa ab ac ad ae af b0 b1 b2 b3 b4 b5 b6 b7 b8 b9 ba bb bc bd be bf c0 c1 c2 c3 c4 c5 c6 c7 c8 c9 ca cb cc cd ce cf d0 d1 d2 d3 d4 d5 d6 d7 d8 d9 da db dc dd de df e0 e1 e2 e3 e4 e5 e6 e7 e8 e9 ea eb ec ed ee ef f0 f1 f2 f3 f4 f5 f6 f7 f8 f9 fa fb fc fd fe ff 
 0  1  2 94  4 73 ff b9  8 12 e6 49 29 7d a5  7 10 -- 24 4e 1b 28 92 -- 52 39 fa -- 9d --  e -- 20 -- -- -- 48 -- 9c 4f 36 -- 50 -- f3 -- -- 2e a4 -- 72 -- 23 -- -- -- ed d7 -- -- 1c e5 -- fb 40 a7 -- -- -- -- -- -- 90 -- --  a ef 81 9e 69 6c -- -- -- a0 -- -- -- 31 c4 -- -- -- be 5c -- 9f -- -- -- e4 -- -- 77 46 f9 -- 7c -- -- -- --  d -- 79 16 -- -- -- -- 38 67 1d -- -- -- 21 -- 80 -- 99 96 -- -- -- -- -- -- -- 17 -- -- -- cc f7 -- -- -- -- 27 14 --  9 cf d5 e8 eb 4a d2 b7 d8 -- -- -- --  b -- -- 97 3e -- -- -- -- -- d0 62 -- 5f -- -- -- -- -- --  5 ab df b8 -- -- -- e9 84 -- -- -- -- -- -- 1f -- -- 68 -- -- ee -- 8c 74 25 b0 -- -- f8 -- -- e0 -- 66 -- 4b -- -- 1a -- -- -- f2 -- 2c -- -- -- -- -- -- -- -- -- 70 33 ce -- 3a 58 -- -- -- 34 -- -- 42 -- -- -- 

solutions so far:0 maxDepth:9 
iterations:22045336  skipped: 63 
Depth skipped: 
0 0 63 0 0 0 0 0 0 0 0 0 0 0 0 0 0 0 0 0 0 0 0 0 0 0 0 0 0 0 0 0 

running time: 2700 sec
 depth:7
 0  1  2  3  4  5  6  7  8  9  a  b  c  d  e  f 10 11 12 13 14 15 16 17 18 19 1a 1b 1c 1d 1e 1f 20 21 22 23 24 25 26 27 28 29 2a 2b 2c 2d 2e 2f 30 31 32 33 34 35 36 37 38 39 3a 3b 3c 3d 3e 3f 40 41 42 43 44 45 46 47 48 49 4a 4b 4c 4d 4e 4f 50 51 52 53 54 55 56 57 58 59 5a 5b 5c 5d 5e 5f 60 61 62 63 64 65 66 67 68 69 6a 6b 6c 6d 6e 6f 70 71 72 73 74 75 76 77 78 79 7a 7b 7c 7d 7e 7f 80 81 82 83 84 85 86 87 88 89 8a 8b 8c 8d 8e 8f 90 91 92 93 94 95 96 97 98 99 9a 9b 9c 9d 9e 9f a0 a1 a2 a3 a4 a5 a6 a7 a8 a9 aa ab ac ad ae af b0 b1 b2 b3 b4 b5 b6 b7 b8 b9 ba bb bc bd be bf c0 c1 c2 c3 c4 c5 c6 c7 c8 c9 ca cb cc cd ce cf d0 d1 d2 d3 d4 d5 d6 d7 d8 d9 da db dc dd de df e0 e1 e2 e3 e4 e5 e6 e7 e8 e9 ea eb ec ed ee ef f0 f1 f2 f3 f4 f5 f6 f7 f8 f9 fa fb fc fd fe ff 
 0  1  2 94  4 61 ff f0  8 a2 c2 bb 29 6d 37 1f 10 -- 93 45 53 28 a1 -- 52 d4 da -- 6e -- 3e -- 20 -- -- -- f1 -- 8a 4f a6 -- 50 -- 95 -- -- ef a4 -- 7f -- 63 -- -- -- dc d7 -- -- 7c 90 -- 87 40 24 -- -- -- -- -- -- 35 -- --  a c3 85 9e 86 9b -- -- -- a0 -- -- -- fd 5a -- -- -- bf  9 -- 9f -- -- -- fe -- -- f6 c6 f9 -- ac -- -- -- -- 6f -- 79 ec -- -- -- -- f8 15 f7 -- -- -- d9 -- 80 -- 48 a8 -- -- -- -- -- -- -- 9c -- -- -- cc 6a -- -- -- -- c9 14 -- 51 b6 dd e4 eb 4a db 78 e1 -- -- -- -- 76 -- -- 97 56 -- -- -- -- -- 7b 2d -- b4 -- -- -- -- -- --  5 a9 43 12 -- -- -- e9 ca -- -- -- -- -- -- 2b -- -- d6 -- -- 3b -- 5b 72 25 3c -- -- 8f -- -- 4e -- 66 -- 54 -- -- de -- -- -- f2 --  f -- -- -- -- -- -- -- -- -- 27 33 2a -- 39 1e -- -- -- 6b -- -- 65 -- -- -- 

solutions so far:0 maxDepth:9 
iterations:24745990  skipped: 69 
Depth skipped: 
0 0 69 0 0 0 0 0 0 0 0 0 0 0 0 0 0 0 0 0 0 0 0 0 0 0 0 0 0 0 0 0 

running time: 3000 sec
 depth:6
 0  1  2  3  4  5  6  7  8  9  a  b  c  d  e  f 10 11 12 13 14 15 16 17 18 19 1a 1b 1c 1d 1e 1f 20 21 22 23 24 25 26 27 28 29 2a 2b 2c 2d 2e 2f 30 31 32 33 34 35 36 37 38 39 3a 3b 3c 3d 3e 3f 40 41 42 43 44 45 46 47 48 49 4a 4b 4c 4d 4e 4f 50 51 52 53 54 55 56 57 58 59 5a 5b 5c 5d 5e 5f 60 61 62 63 64 65 66 67 68 69 6a 6b 6c 6d 6e 6f 70 71 72 73 74 75 76 77 78 79 7a 7b 7c 7d 7e 7f 80 81 82 83 84 85 86 87 88 89 8a 8b 8c 8d 8e 8f 90 91 92 93 94 95 96 97 98 99 9a 9b 9c 9d 9e 9f a0 a1 a2 a3 a4 a5 a6 a7 a8 a9 aa ab ac ad ae af b0 b1 b2 b3 b4 b5 b6 b7 b8 b9 ba bb bc bd be bf c0 c1 c2 c3 c4 c5 c6 c7 c8 c9 ca cb cc cd ce cf d0 d1 d2 d3 d4 d5 d6 d7 d8 d9 da db dc dd de df e0 e1 e2 e3 e4 e5 e6 e7 e8 e9 ea eb ec ed ee ef f0 f1 f2 f3 f4 f5 f6 f7 f8 f9 fa fb fc fd fe ff 
 0  1  2 94  4 4c ff 59  8 7f 98 f5 29 89 b2 -- 10 -- fe f1 e7 28 3d -- 52 8f c5 -- b3 -- -- -- 20 -- -- -- 2b -- 35 4f 19 -- 50 -- 7a -- -- -- a4 -- c9 -- 5d -- -- -- b1 d7 -- -- -- -- -- 41 40 -- -- -- -- -- -- -- 56 -- --  a 6a bc 9e 13 32 -- -- -- a0 -- -- -- f4 7e -- -- -- 2f -- -- 9f -- -- -- 45 -- -- 4d ba f9 -- 51 -- -- -- -- b5 -- 79 11 -- -- -- -- -- c8 -- -- -- -- 82 -- 80 -- -- cb -- -- -- -- -- -- -- -- -- -- -- cc ac -- -- -- -- 93 14 -- d4 91 af -- eb 4a 26 c7 64 -- -- -- -- e3 -- -- 97 c3 -- -- -- -- -- cd 3f -- fc -- -- -- -- -- --  5 5e e2 -- -- -- -- e9 71 -- -- -- -- -- -- 8a -- -- 8d -- -- 9a -- a3 -- 25 88 -- -- a2 -- -- -- -- 66 -- 8e -- -- bd -- -- -- f2 -- 22 -- -- -- -- -- -- -- -- -- -- 33 47 -- -- 44 -- -- -- ad -- -- d3 -- -- -- 

solutions so far:0 maxDepth:9 
iterations:27837858  skipped: 79 
Depth skipped: 
0 0 79 0 0 0 0 0 0 0 0 0 0 0 0 0 0 0 0 0 0 0 0 0 0 0 0 0 0 0 0 0 

running time: 3300 sec
 depth:6
 0  1  2  3  4  5  6  7  8  9  a  b  c  d  e  f 10 11 12 13 14 15 16 17 18 19 1a 1b 1c 1d 1e 1f 20 21 22 23 24 25 26 27 28 29 2a 2b 2c 2d 2e 2f 30 31 32 33 34 35 36 37 38 39 3a 3b 3c 3d 3e 3f 40 41 42 43 44 45 46 47 48 49 4a 4b 4c 4d 4e 4f 50 51 52 53 54 55 56 57 58 59 5a 5b 5c 5d 5e 5f 60 61 62 63 64 65 66 67 68 69 6a 6b 6c 6d 6e 6f 70 71 72 73 74 75 76 77 78 79 7a 7b 7c 7d 7e 7f 80 81 82 83 84 85 86 87 88 89 8a 8b 8c 8d 8e 8f 90 91 92 93 94 95 96 97 98 99 9a 9b 9c 9d 9e 9f a0 a1 a2 a3 a4 a5 a6 a7 a8 a9 aa ab ac ad ae af b0 b1 b2 b3 b4 b5 b6 b7 b8 b9 ba bb bc bd be bf c0 c1 c2 c3 c4 c5 c6 c7 c8 c9 ca cb cc cd ce cf d0 d1 d2 d3 d4 d5 d6 d7 d8 d9 da db dc dd de df e0 e1 e2 e3 e4 e5 e6 e7 e8 e9 ea eb ec ed ee ef f0 f1 f2 f3 f4 f5 f6 f7 f8 f9 fa fb fc fd fe ff 
 0  1  2 94  4 2e ff 2d  8 a3 5c 27 29 72 5a -- 10 -- 91 89 b8 28 4e -- 52 f4 e4 -- b4 -- -- -- 20 -- -- -- f5 -- c5 4f a7 -- 50 -- 9c -- -- -- a4 -- 3f -- 1f -- -- -- bf d7 -- -- -- -- --  7 40 -- -- -- -- -- -- -- 3d -- --  a 5d f7 9e e0 99 -- -- -- a0 -- -- -- ef 12 -- -- -- 48 -- -- 9f -- -- -- 7e -- -- 63 3e f9 -- 5e -- -- -- -- a9 -- 79 b6 -- -- -- -- -- 1d -- -- -- --  e -- 80 -- -- e8 -- -- -- -- -- -- -- -- -- -- -- cc 7a -- -- -- -- af 14 -- ba f8 39 -- eb 4a 17 fd e5 -- -- -- -- 5b -- -- 97 2f -- -- -- -- -- da  9 -- 24 -- -- -- -- -- --  5 90 70 -- -- -- -- e9 38 -- -- -- -- -- -- fc -- -- 6d -- -- c6 -- 7c -- 25 95 -- -- bc -- -- -- -- 66 -- 74 -- -- 85 -- -- -- f2 -- bb -- -- -- -- -- -- -- -- -- -- 33 3a -- -- a1 -- -- -- dd -- -- 1c -- -- -- 

solutions so far:0 maxDepth:9 
iterations:30976343  skipped: 94 
Depth skipped: 
0 0 94 0 0 0 0 0 0 0 0 0 0 0 0 0 0 0 0 0 0 0 0 0 0 0 0 0 0 0 0 0 

running time: 3600 sec
 depth:6
 0  1  2  3  4  5  6  7  8  9  a  b  c  d  e  f 10 11 12 13 14 15 16 17 18 19 1a 1b 1c 1d 1e 1f 20 21 22 23 24 25 26 27 28 29 2a 2b 2c 2d 2e 2f 30 31 32 33 34 35 36 37 38 39 3a 3b 3c 3d 3e 3f 40 41 42 43 44 45 46 47 48 49 4a 4b 4c 4d 4e 4f 50 51 52 53 54 55 56 57 58 59 5a 5b 5c 5d 5e 5f 60 61 62 63 64 65 66 67 68 69 6a 6b 6c 6d 6e 6f 70 71 72 73 74 75 76 77 78 79 7a 7b 7c 7d 7e 7f 80 81 82 83 84 85 86 87 88 89 8a 8b 8c 8d 8e 8f 90 91 92 93 94 95 96 97 98 99 9a 9b 9c 9d 9e 9f a0 a1 a2 a3 a4 a5 a6 a7 a8 a9 aa ab ac ad ae af b0 b1 b2 b3 b4 b5 b6 b7 b8 b9 ba bb bc bd be bf c0 c1 c2 c3 c4 c5 c6 c7 c8 c9 ca cb cc cd ce cf d0 d1 d2 d3 d4 d5 d6 d7 d8 d9 da db dc dd de df e0 e1 e2 e3 e4 e5 e6 e7 e8 e9 ea eb ec ed ee ef f0 f1 f2 f3 f4 f5 f6 f7 f8 f9 fa fb fc fd fe ff 
 0  1  2 94  4 11 ff 87  8 b8 22 24 29 27 d9 -- 10 -- a7 e0 44 28 48 -- 52 3a 4e -- 65 -- -- -- 20 -- -- -- 99 -- 17 4f 88 -- 50 -- 90 -- -- -- a4 -- 74 -- 9c -- -- -- ca d7 -- -- -- -- -- bd 40 -- -- -- -- -- -- -- e5 -- --  a 2e 7c 9e 9a c7 -- -- -- a0 -- -- -- f7 72 -- -- -- 1f -- -- 9f -- -- -- e8 -- -- 53 ef f9 -- 1c -- -- -- -- 43 -- 79 e1 -- -- -- -- -- b2 -- -- -- -- ad -- 80 -- -- b5 -- -- -- -- -- -- -- -- -- -- -- cc 1d -- -- -- -- 70 14 -- 5c 12 f8 -- eb 4a e3 a8 59 -- -- -- -- 9b -- -- 97  e -- -- -- -- -- c2 39 -- e4 -- -- -- -- -- --  5 3e 4d -- -- -- -- e9 cd -- -- -- -- -- --  7 -- -- 61 -- -- a6 --  9 -- 25 54 -- -- 38 -- -- -- -- 66 -- b1 -- -- 86 -- -- -- f2 -- 15 -- -- -- -- -- -- -- -- -- -- 33 b3 -- -- 2a -- -- -- db -- -- 8d -- -- -- 

solutions so far:0 maxDepth:9 
iterations:34933380  skipped: 106 
Depth skipped: 
0 0 106 0 0 0 0 0 0 0 0 0 0 0 0 0 0 0 0 0 0 0 0 0 0 0 0 0 0 0 0 0 

running time: 3900 sec

Finished. Total running time: 4058 sec
