Search S-boxes invariant for matrices: 
{0x00,0x02,0x04,0x06,0x08,0x0a,0x0c,0x0e,0x10,0x12,0x14,0x16,0x18,0x1a,0x1c,0x1e,0x20,0x22,0x24,0x26,0x28,0x2a,0x2c,0x2e,0x30,0x32,0x34,0x36,0x38,0x3a,0x3c,0x3e,0x40,0x42,0x44,0x46,0x48,0x4a,0x4c,0x4e,0x50,0x52,0x54,0x56,0x58,0x5a,0x5c,0x5e,0x60,0x62,0x64,0x66,0x68,0x6a,0x6c,0x6e,0x70,0x72,0x74,0x76,0x78,0x7a,0x7c,0x7e,0x80,0x82,0x84,0x86,0x88,0x8a,0x8c,0x8e,0x90,0x92,0x94,0x96,0x98,0x9a,0x9c,0x9e,0xa0,0xa2,0xa4,0xa6,0xa8,0xaa,0xac,0xae,0xb0,0xb2,0xb4,0xb6,0xb8,0xba,0xbc,0xbe,0xc0,0xc2,0xc4,0xc6,0xc8,0xca,0xcc,0xce,0xd0,0xd2,0xd4,0xd6,0xd8,0xda,0xdc,0xde,0xe0,0xe2,0xe4,0xe6,0xe8,0xea,0xec,0xee,0xf0,0xf2,0xf4,0xf6,0xf8,0xfa,0xfc,0xfe,0x39,0x3b,0x3d,0x3f,0x31,0x33,0x35,0x37,0x29,0x2b,0x2d,0x2f,0x21,0x23,0x25,0x27,0x19,0x1b,0x1d,0x1f,0x11,0x13,0x15,0x17,0x09,0x0b,0x0d,0x0f,0x01,0x03,0x05,0x07,0x79,0x7b,0x7d,0x7f,0x71,0x73,0x75,0x77,0x69,0x6b,0x6d,0x6f,0x61,0x63,0x65,0x67,0x59,0x5b,0x5d,0x5f,0x51,0x53,0x55,0x57,0x49,0x4b,0x4d,0x4f,0x41,0x43,0x45,0x47,0xb9,0xbb,0xbd,0xbf,0xb1,0xb3,0xb5,0xb7,0xa9,0xab,0xad,0xaf,0xa1,0xa3,0xa5,0xa7,0x99,0x9b,0x9d,0x9f,0x91,0x93,0x95,0x97,0x89,0x8b,0x8d,0x8f,0x81,0x83,0x85,0x87,0xf9,0xfb,0xfd,0xff,0xf1,0xf3,0xf5,0xf7,0xe9,0xeb,0xed,0xef,0xe1,0xe3,0xe5,0xe7,0xd9,0xdb,0xdd,0xdf,0xd1,0xd3,0xd5,0xd7,0xc9,0xcb,0xcd,0xcf,0xc1,0xc3,0xc5,0xc7};
{0x00,0x02,0x04,0x06,0x08,0x0a,0x0c,0x0e,0x10,0x12,0x14,0x16,0x18,0x1a,0x1c,0x1e,0x20,0x22,0x24,0x26,0x28,0x2a,0x2c,0x2e,0x30,0x32,0x34,0x36,0x38,0x3a,0x3c,0x3e,0x40,0x42,0x44,0x46,0x48,0x4a,0x4c,0x4e,0x50,0x52,0x54,0x56,0x58,0x5a,0x5c,0x5e,0x60,0x62,0x64,0x66,0x68,0x6a,0x6c,0x6e,0x70,0x72,0x74,0x76,0x78,0x7a,0x7c,0x7e,0x80,0x82,0x84,0x86,0x88,0x8a,0x8c,0x8e,0x90,0x92,0x94,0x96,0x98,0x9a,0x9c,0x9e,0xa0,0xa2,0xa4,0xa6,0xa8,0xaa,0xac,0xae,0xb0,0xb2,0xb4,0xb6,0xb8,0xba,0xbc,0xbe,0xc0,0xc2,0xc4,0xc6,0xc8,0xca,0xcc,0xce,0xd0,0xd2,0xd4,0xd6,0xd8,0xda,0xdc,0xde,0xe0,0xe2,0xe4,0xe6,0xe8,0xea,0xec,0xee,0xf0,0xf2,0xf4,0xf6,0xf8,0xfa,0xfc,0xfe,0xd7,0xd5,0xd3,0xd1,0xdf,0xdd,0xdb,0xd9,0xc7,0xc5,0xc3,0xc1,0xcf,0xcd,0xcb,0xc9,0xf7,0xf5,0xf3,0xf1,0xff,0xfd,0xfb,0xf9,0xe7,0xe5,0xe3,0xe1,0xef,0xed,0xeb,0xe9,0x97,0x95,0x93,0x91,0x9f,0x9d,0x9b,0x99,0x87,0x85,0x83,0x81,0x8f,0x8d,0x8b,0x89,0xb7,0xb5,0xb3,0xb1,0xbf,0xbd,0xbb,0xb9,0xa7,0xa5,0xa3,0xa1,0xaf,0xad,0xab,0xa9,0x57,0x55,0x53,0x51,0x5f,0x5d,0x5b,0x59,0x47,0x45,0x43,0x41,0x4f,0x4d,0x4b,0x49,0x77,0x75,0x73,0x71,0x7f,0x7d,0x7b,0x79,0x67,0x65,0x63,0x61,0x6f,0x6d,0x6b,0x69,0x17,0x15,0x13,0x11,0x1f,0x1d,0x1b,0x19,0x07,0x05,0x03,0x01,0x0f,0x0d,0x0b,0x09,0x37,0x35,0x33,0x31,0x3f,0x3d,0x3b,0x39,0x27,0x25,0x23,0x21,0x2f,0x2d,0x2b,0x29};



 depth:7
 0  1  2  3  4  5  6  7  8  9  a  b  c  d  e  f 10 11 12 13 14 15 16 17 18 19 1a 1b 1c 1d 1e 1f 20 21 22 23 24 25 26 27 28 29 2a 2b 2c 2d 2e 2f 30 31 32 33 34 35 36 37 38 39 3a 3b 3c 3d 3e 3f 40 41 42 43 44 45 46 47 48 49 4a 4b 4c 4d 4e 4f 50 51 52 53 54 55 56 57 58 59 5a 5b 5c 5d 5e 5f 60 61 62 63 64 65 66 67 68 69 6a 6b 6c 6d 6e 6f 70 71 72 73 74 75 76 77 78 79 7a 7b 7c 7d 7e 7f 80 81 82 83 84 85 86 87 88 89 8a 8b 8c 8d 8e 8f 90 91 92 93 94 95 96 97 98 99 9a 9b 9c 9d 9e 9f a0 a1 a2 a3 a4 a5 a6 a7 a8 a9 aa ab ac ad ae af b0 b1 b2 b3 b4 b5 b6 b7 b8 b9 ba bb bc bd be bf c0 c1 c2 c3 c4 c5 c6 c7 c8 c9 ca cb cc cd ce cf d0 d1 d2 d3 d4 d5 d6 d7 d8 d9 da db dc dd de df e0 e1 e2 e3 e4 e5 e6 e7 e8 e9 ea eb ec ed ee ef f0 f1 f2 f3 f4 f5 f6 f7 f8 f9 fa fb fc fd fe ff 
 0  1  2 a4  4 ea 9f 93  8 ee  3 39 e9  9 f1 2e 10 --  b 34  6 f9 72 --  5 b0 12 -- 35 -- 5c -- 20 -- -- -- 16 -- 68 4f  c -- 25 -- e4 -- -- 3a  a -- b7 -- 24 -- -- -- 6a d7 -- -- b8 1c -- 8b 40  7 -- -- -- -- -- -- 2c -- -- a0 d0 9c 9e d1 18 -- -- -- 4a -- -- -- 1f 7c -- -- -- 27 74 -- 14 -- -- -- b9 -- -- ac 48 ff -- ed -- -- -- -- d4 -- 79 45 -- -- -- -- a7 60 38 -- -- -- c1 -- 80 --  e ae -- -- -- -- -- -- -- 1d -- -- -- cc 58 -- -- -- -- 1a 97 -- 77 f7 ef 17 eb 52 75 a2 30 -- -- -- -- c9 -- -- 94 9d -- -- -- -- -- 56 3e -- f8 -- -- -- -- -- -- 50 4e 83 e8 -- -- -- 28 aa -- -- -- -- -- -- a5 -- -- 2b -- -- 8f -- 90 e0 29 51 -- --  d -- -- e5 -- 66 -- 57 -- -- 7f -- -- -- f2 -- 8a -- -- -- -- -- -- -- -- -- 99 33 c0 -- 70 c3 -- -- -- fe -- -- 55 -- -- -- 

solutions so far:0 maxDepth:9 
iterations:2214051  skipped: 11 
Depth skipped: 
0 0 11 0 0 0 0 0 0 0 0 0 0 0 0 0 0 0 0 0 0 0 0 0 0 0 0 0 0 0 0 0 

running time: 300 sec
 depth:6
 0  1  2  3  4  5  6  7  8  9  a  b  c  d  e  f 10 11 12 13 14 15 16 17 18 19 1a 1b 1c 1d 1e 1f 20 21 22 23 24 25 26 27 28 29 2a 2b 2c 2d 2e 2f 30 31 32 33 34 35 36 37 38 39 3a 3b 3c 3d 3e 3f 40 41 42 43 44 45 46 47 48 49 4a 4b 4c 4d 4e 4f 50 51 52 53 54 55 56 57 58 59 5a 5b 5c 5d 5e 5f 60 61 62 63 64 65 66 67 68 69 6a 6b 6c 6d 6e 6f 70 71 72 73 74 75 76 77 78 79 7a 7b 7c 7d 7e 7f 80 81 82 83 84 85 86 87 88 89 8a 8b 8c 8d 8e 8f 90 91 92 93 94 95 96 97 98 99 9a 9b 9c 9d 9e 9f a0 a1 a2 a3 a4 a5 a6 a7 a8 a9 aa ab ac ad ae af b0 b1 b2 b3 b4 b5 b6 b7 b8 b9 ba bb bc bd be bf c0 c1 c2 c3 c4 c5 c6 c7 c8 c9 ca cb cc cd ce cf d0 d1 d2 d3 d4 d5 d6 d7 d8 d9 da db dc dd de df e0 e1 e2 e3 e4 e5 e6 e7 e8 e9 ea eb ec ed ee ef f0 f1 f2 f3 f4 f5 f6 f7 f8 f9 fa fb fc fd fe ff 
 0  1  2 a4  4 dc 9f c8  8 38 6f 6a e9 c3 47 -- 10 -- 70 e8 de f9 d4 --  5 5c 51 -- 8e -- -- -- 20 -- -- -- e0 --  7 4f 6b -- 25 -- 7f -- -- --  a -- b8 -- a2 -- -- -- cb d7 -- -- -- -- --  f 40 -- -- -- -- -- -- -- 17 -- -- a0  e 45 9e 37 d6 -- -- -- 4a -- -- -- fe 56 -- -- -- 8f -- -- 14 -- -- -- a7 -- -- 13 93 ff -- 1d -- -- -- -- 41 -- 79 98 -- -- -- -- -- f6 -- -- -- -- 1e -- 80 -- -- ec -- -- -- -- -- -- -- -- -- -- -- cc 2e -- -- -- -- 74 97 -- 1c 35 8a -- eb 52 6e 64 7b -- -- -- -- 4c -- -- 94 e5 -- -- -- -- -- e2 2b -- ac -- -- -- -- -- -- 50 c9 f0 -- -- -- -- 28 78 -- -- -- -- -- -- 99 -- -- 71 -- -- 26 -- f1 -- 29 32 -- -- 3a -- -- -- -- 66 -- 76 -- -- 82 -- -- -- f2 -- e7 -- -- -- -- -- -- -- -- -- -- 33 3b -- -- 19 -- -- -- d3 -- -- 3c -- -- -- 

solutions so far:0 maxDepth:9 
iterations:4546140  skipped: 17 
Depth skipped: 
0 0 17 0 0 0 0 0 0 0 0 0 0 0 0 0 0 0 0 0 0 0 0 0 0 0 0 0 0 0 0 0 

running time: 600 sec
 depth:6
 0  1  2  3  4  5  6  7  8  9  a  b  c  d  e  f 10 11 12 13 14 15 16 17 18 19 1a 1b 1c 1d 1e 1f 20 21 22 23 24 25 26 27 28 29 2a 2b 2c 2d 2e 2f 30 31 32 33 34 35 36 37 38 39 3a 3b 3c 3d 3e 3f 40 41 42 43 44 45 46 47 48 49 4a 4b 4c 4d 4e 4f 50 51 52 53 54 55 56 57 58 59 5a 5b 5c 5d 5e 5f 60 61 62 63 64 65 66 67 68 69 6a 6b 6c 6d 6e 6f 70 71 72 73 74 75 76 77 78 79 7a 7b 7c 7d 7e 7f 80 81 82 83 84 85 86 87 88 89 8a 8b 8c 8d 8e 8f 90 91 92 93 94 95 96 97 98 99 9a 9b 9c 9d 9e 9f a0 a1 a2 a3 a4 a5 a6 a7 a8 a9 aa ab ac ad ae af b0 b1 b2 b3 b4 b5 b6 b7 b8 b9 ba bb bc bd be bf c0 c1 c2 c3 c4 c5 c6 c7 c8 c9 ca cb cc cd ce cf d0 d1 d2 d3 d4 d5 d6 d7 d8 d9 da db dc dd de df e0 e1 e2 e3 e4 e5 e6 e7 e8 e9 ea eb ec ed ee ef f0 f1 f2 f3 f4 f5 f6 f7 f8 f9 fa fb fc fd fe ff 
 0  1  2 a4  4 cd 9f 46  8 9c 4d 93 e9 c9 8c -- 10 -- ef 7c 9a f9 f1 --  5 48 45 -- cf -- -- -- 20 -- -- --  9 -- f8 4f e3 -- 25 -- 35 -- -- --  a -- 90 -- 8a -- -- -- 49 d7 -- -- -- -- -- b2 40 -- -- -- -- -- -- -- 12 -- -- a0 27 ac 9e ad 11 -- -- -- 4a -- -- -- 6a 7f -- -- -- 2b -- -- 14 -- -- -- f7 -- -- 5f c3 ff -- e4 -- -- -- -- 92 -- 79 81 -- -- -- -- -- 44 -- -- -- -- b3 -- 80 -- -- 59 -- -- -- -- -- -- -- -- -- -- -- cc 24 -- -- -- -- 3e 97 -- 4e a2 8f -- eb 52 8d 23 22 -- -- -- -- ab -- -- 94 72 -- -- -- -- -- c4 d4 -- fe -- -- -- -- -- -- 50 56 bd -- -- -- -- 28 b5 -- -- -- -- -- -- 39 -- -- 62 -- -- be -- 51 -- 29 fa -- -- 1f -- -- -- -- 66 -- c7 -- -- f3 -- -- -- f2 -- d5 -- -- -- -- -- -- -- -- -- -- 33 88 -- -- 7d -- -- -- 31 -- -- b1 -- -- -- 

solutions so far:0 maxDepth:9 
iterations:6841999  skipped: 24 
Depth skipped: 
0 0 24 0 0 0 0 0 0 0 0 0 0 0 0 0 0 0 0 0 0 0 0 0 0 0 0 0 0 0 0 0 

running time: 900 sec
 depth:7
 0  1  2  3  4  5  6  7  8  9  a  b  c  d  e  f 10 11 12 13 14 15 16 17 18 19 1a 1b 1c 1d 1e 1f 20 21 22 23 24 25 26 27 28 29 2a 2b 2c 2d 2e 2f 30 31 32 33 34 35 36 37 38 39 3a 3b 3c 3d 3e 3f 40 41 42 43 44 45 46 47 48 49 4a 4b 4c 4d 4e 4f 50 51 52 53 54 55 56 57 58 59 5a 5b 5c 5d 5e 5f 60 61 62 63 64 65 66 67 68 69 6a 6b 6c 6d 6e 6f 70 71 72 73 74 75 76 77 78 79 7a 7b 7c 7d 7e 7f 80 81 82 83 84 85 86 87 88 89 8a 8b 8c 8d 8e 8f 90 91 92 93 94 95 96 97 98 99 9a 9b 9c 9d 9e 9f a0 a1 a2 a3 a4 a5 a6 a7 a8 a9 aa ab ac ad ae af b0 b1 b2 b3 b4 b5 b6 b7 b8 b9 ba bb bc bd be bf c0 c1 c2 c3 c4 c5 c6 c7 c8 c9 ca cb cc cd ce cf d0 d1 d2 d3 d4 d5 d6 d7 d8 d9 da db dc dd de df e0 e1 e2 e3 e4 e5 e6 e7 e8 e9 ea eb ec ed ee ef f0 f1 f2 f3 f4 f5 f6 f7 f8 f9 fa fb fc fd fe ff 
 0  1  2 a4  4 bb 9f b5  8 71 a1 ca e9 2a bd  e 10 -- e2 cb 95 f9 43 --  5 98 54 -- ad -- 1c -- 20 -- -- -- 13 -- 41 4f fd -- 25 -- 86 -- -- 5c  a -- e7 -- a8 -- -- -- 8d d7 -- -- 38 1d -- dd 40 99 -- -- -- -- -- -- 26 -- -- a0 82 e1 9e 5b 2d -- -- -- 4a -- -- -- db c2 -- -- -- a6 b8 -- 14 -- -- -- 19 -- -- 22 87 ff -- c8 -- -- -- -- cd -- 79 c7 -- -- -- -- 70 b4 3a -- -- -- 6d -- 80 -- e5 85 -- -- -- -- -- -- -- 2e -- -- -- cc 4c -- -- -- -- 8e 97 -- d3 65 15  7 eb 52 b6 b1 5a -- -- -- -- 88 -- -- 94 64 -- -- -- -- -- 11 61 -- 53 -- -- -- -- -- -- 50 9b c6 a7 -- -- -- 28 63 -- -- -- -- -- -- 32 -- -- e3 -- -- 44 -- d9 e8 29 b3 -- -- 47 -- -- 17 -- 66 -- a9 -- -- 4d -- -- -- f2 -- 59 -- -- -- -- -- -- -- -- -- e0 33 bf -- 74 b2 -- -- -- 9a -- -- da -- -- -- 

solutions so far:0 maxDepth:9 
iterations:8989821  skipped: 34 
Depth skipped: 
0 0 34 0 0 0 0 0 0 0 0 0 0 0 0 0 0 0 0 0 0 0 0 0 0 0 0 0 0 0 0 0 

running time: 1200 sec
 depth:5
 0  1  2  3  4  5  6  7  8  9  a  b  c  d  e  f 10 11 12 13 14 15 16 17 18 19 1a 1b 1c 1d 1e 1f 20 21 22 23 24 25 26 27 28 29 2a 2b 2c 2d 2e 2f 30 31 32 33 34 35 36 37 38 39 3a 3b 3c 3d 3e 3f 40 41 42 43 44 45 46 47 48 49 4a 4b 4c 4d 4e 4f 50 51 52 53 54 55 56 57 58 59 5a 5b 5c 5d 5e 5f 60 61 62 63 64 65 66 67 68 69 6a 6b 6c 6d 6e 6f 70 71 72 73 74 75 76 77 78 79 7a 7b 7c 7d 7e 7f 80 81 82 83 84 85 86 87 88 89 8a 8b 8c 8d 8e 8f 90 91 92 93 94 95 96 97 98 99 9a 9b 9c 9d 9e 9f a0 a1 a2 a3 a4 a5 a6 a7 a8 a9 aa ab ac ad ae af b0 b1 b2 b3 b4 b5 b6 b7 b8 b9 ba bb bc bd be bf c0 c1 c2 c3 c4 c5 c6 c7 c8 c9 ca cb cc cd ce cf d0 d1 d2 d3 d4 d5 d6 d7 d8 d9 da db dc dd de df e0 e1 e2 e3 e4 e5 e6 e7 e8 e9 ea eb ec ed ee ef f0 f1 f2 f3 f4 f5 f6 f7 f8 f9 fa fb fc fd fe ff 
 0  1  2 a4  4 ad 9f 5d  8 35 8d -- e9 -- ba -- 10 -- 6a 51 cd f9 -- --  5 2b -- -- a3 -- -- -- 20 -- -- -- d4 -- a2 4f 4d -- 25 -- -- -- -- --  a -- 56 -- -- -- -- -- 91 d7 -- -- -- -- -- c7 40 -- -- -- -- -- -- -- 7f -- -- a0 93 -- 9e b5 9a -- -- -- 4a -- -- -- -- -- -- -- -- -- -- -- 14 -- -- -- ac -- -- 7e -- ff -- 45 -- -- -- -- f5 -- 79 5e -- -- -- -- -- 11 -- -- -- -- 59 -- 80 -- -- 88 -- -- -- -- -- -- -- -- -- -- -- cc fe -- -- -- -- c3 97 -- f1 -- -- -- eb 52 bd c5 e3 -- -- -- -- 2f -- -- 94 c9 -- -- -- -- -- 3f -- -- -- -- -- -- -- -- -- 50 -- b1 -- -- -- -- 28 b3 -- -- -- -- -- -- 8f -- -- f4 -- -- fc -- -- -- 29 89 -- -- 8a -- -- -- -- 66 -- 44 -- -- 3d -- -- -- f2 -- bc -- -- -- -- -- -- -- -- -- -- 33 22 -- -- af -- -- -- 7a -- -- b2 -- -- -- 

solutions so far:0 maxDepth:9 
iterations:11118954  skipped: 43 
Depth skipped: 
0 0 43 0 0 0 0 0 0 0 0 0 0 0 0 0 0 0 0 0 0 0 0 0 0 0 0 0 0 0 0 0 

running time: 1500 sec
 depth:7
 0  1  2  3  4  5  6  7  8  9  a  b  c  d  e  f 10 11 12 13 14 15 16 17 18 19 1a 1b 1c 1d 1e 1f 20 21 22 23 24 25 26 27 28 29 2a 2b 2c 2d 2e 2f 30 31 32 33 34 35 36 37 38 39 3a 3b 3c 3d 3e 3f 40 41 42 43 44 45 46 47 48 49 4a 4b 4c 4d 4e 4f 50 51 52 53 54 55 56 57 58 59 5a 5b 5c 5d 5e 5f 60 61 62 63 64 65 66 67 68 69 6a 6b 6c 6d 6e 6f 70 71 72 73 74 75 76 77 78 79 7a 7b 7c 7d 7e 7f 80 81 82 83 84 85 86 87 88 89 8a 8b 8c 8d 8e 8f 90 91 92 93 94 95 96 97 98 99 9a 9b 9c 9d 9e 9f a0 a1 a2 a3 a4 a5 a6 a7 a8 a9 aa ab ac ad ae af b0 b1 b2 b3 b4 b5 b6 b7 b8 b9 ba bb bc bd be bf c0 c1 c2 c3 c4 c5 c6 c7 c8 c9 ca cb cc cd ce cf d0 d1 d2 d3 d4 d5 d6 d7 d8 d9 da db dc dd de df e0 e1 e2 e3 e4 e5 e6 e7 e8 e9 ea eb ec ed ee ef f0 f1 f2 f3 f4 f5 f6 f7 f8 f9 fa fb fc fd fe ff 
 0  1  2 a4  4 99 9f 4c  8 39 e5 9b e9 86 98  b 10 -- 72 24 1d f9 e1 --  5 7c db -- e7 -- 16 -- 20 -- -- -- e4 -- 48 4f 3a -- 25 -- 15 -- -- a5  a -- f8 -- 61 -- -- -- 19 d7 -- -- 2c 34 -- 70 40  d -- -- -- -- -- -- 1f -- -- a0 90 ca 9e b8 74 -- -- -- 4a -- -- -- 2a a8 -- -- -- d9 9d -- 14 -- -- -- 27 -- -- cb c2 ff -- ef -- -- -- -- 32 -- 79 d3 -- -- -- -- 58  7 68 -- -- -- e0 -- 80 -- 1a 38 -- -- -- -- -- -- -- b9 -- -- -- cc 3e -- -- -- -- 12 97 -- f7 a6 43 ee eb 52 a7 26 e8 -- -- -- -- 82 -- -- 94 9c -- -- -- -- -- 8e 54 -- 87 -- -- -- -- -- -- 50 65 5c ed -- -- -- 28 2e -- -- -- -- -- -- 4e -- -- 47 -- -- 41 -- 53 77 29 13 -- --  9 -- -- b7 -- 66 -- 1c -- -- 64 -- -- -- f2 -- 71 -- -- -- -- -- -- -- -- -- b0 33  e -- d0 e2 -- -- -- c8 -- -- 17 -- -- -- 

solutions so far:0 maxDepth:9 
iterations:13546161  skipped: 50 
Depth skipped: 
0 0 50 0 0 0 0 0 0 0 0 0 0 0 0 0 0 0 0 0 0 0 0 0 0 0 0 0 0 0 0 0 

running time: 1800 sec
 depth:6
 0  1  2  3  4  5  6  7  8  9  a  b  c  d  e  f 10 11 12 13 14 15 16 17 18 19 1a 1b 1c 1d 1e 1f 20 21 22 23 24 25 26 27 28 29 2a 2b 2c 2d 2e 2f 30 31 32 33 34 35 36 37 38 39 3a 3b 3c 3d 3e 3f 40 41 42 43 44 45 46 47 48 49 4a 4b 4c 4d 4e 4f 50 51 52 53 54 55 56 57 58 59 5a 5b 5c 5d 5e 5f 60 61 62 63 64 65 66 67 68 69 6a 6b 6c 6d 6e 6f 70 71 72 73 74 75 76 77 78 79 7a 7b 7c 7d 7e 7f 80 81 82 83 84 85 86 87 88 89 8a 8b 8c 8d 8e 8f 90 91 92 93 94 95 96 97 98 99 9a 9b 9c 9d 9e 9f a0 a1 a2 a3 a4 a5 a6 a7 a8 a9 aa ab ac ad ae af b0 b1 b2 b3 b4 b5 b6 b7 b8 b9 ba bb bc bd be bf c0 c1 c2 c3 c4 c5 c6 c7 c8 c9 ca cb cc cd ce cf d0 d1 d2 d3 d4 d5 d6 d7 d8 d9 da db dc dd de df e0 e1 e2 e3 e4 e5 e6 e7 e8 e9 ea eb ec ed ee ef f0 f1 f2 f3 f4 f5 f6 f7 f8 f9 fa fb fc fd fe ff 
 0  1  2 a4  4 7d 9f 15  8 74 fa d8 e9 d2 2a -- 10 -- e8 99 23 f9 67 --  5 38 73 -- 54 -- -- -- 20 -- -- --  7 -- e5 4f 46 -- 25 -- ce -- -- --  a -- 70 -- e6 -- -- -- a8 d7 -- -- -- -- -- 62 40 -- -- -- -- -- -- --  e -- -- a0 1d df 9e 81 8c -- -- -- 4a -- -- -- 4b fb -- -- -- 42 -- -- 14 -- -- -- e0 -- -- 86 1b ff -- 5c -- -- -- -- 87 -- 79 c2 -- -- -- -- -- 49 -- -- -- -- c4 -- 80 -- -- 31 -- -- -- -- -- -- -- -- -- -- -- cc 1c -- -- -- -- a7 97 -- 3a 6c 69 -- eb 52 d5 e1 cf -- -- -- -- 61 -- -- 94 2e -- -- -- -- -- 43 96 -- 21 -- -- -- -- -- -- 50 84 ab -- -- -- -- 28 be -- -- -- -- -- -- 17 -- -- ca -- -- db -- 36 -- 29 9b -- -- b8 -- -- -- -- 66 -- f3 -- -- d9 -- -- -- f2 -- 53 -- -- -- -- -- -- -- -- -- -- 33 92 -- -- a6 -- -- -- 65 -- -- 5f -- -- -- 

solutions so far:0 maxDepth:10 
iterations:16944510  skipped: 67 
Depth skipped: 
0 0 67 0 0 0 0 0 0 0 0 0 0 0 0 0 0 0 0 0 0 0 0 0 0 0 0 0 0 0 0 0 

running time: 2100 sec
 depth:6
 0  1  2  3  4  5  6  7  8  9  a  b  c  d  e  f 10 11 12 13 14 15 16 17 18 19 1a 1b 1c 1d 1e 1f 20 21 22 23 24 25 26 27 28 29 2a 2b 2c 2d 2e 2f 30 31 32 33 34 35 36 37 38 39 3a 3b 3c 3d 3e 3f 40 41 42 43 44 45 46 47 48 49 4a 4b 4c 4d 4e 4f 50 51 52 53 54 55 56 57 58 59 5a 5b 5c 5d 5e 5f 60 61 62 63 64 65 66 67 68 69 6a 6b 6c 6d 6e 6f 70 71 72 73 74 75 76 77 78 79 7a 7b 7c 7d 7e 7f 80 81 82 83 84 85 86 87 88 89 8a 8b 8c 8d 8e 8f 90 91 92 93 94 95 96 97 98 99 9a 9b 9c 9d 9e 9f a0 a1 a2 a3 a4 a5 a6 a7 a8 a9 aa ab ac ad ae af b0 b1 b2 b3 b4 b5 b6 b7 b8 b9 ba bb bc bd be bf c0 c1 c2 c3 c4 c5 c6 c7 c8 c9 ca cb cc cd ce cf d0 d1 d2 d3 d4 d5 d6 d7 d8 d9 da db dc dd de df e0 e1 e2 e3 e4 e5 e6 e7 e8 e9 ea eb ec ed ee ef f0 f1 f2 f3 f4 f5 f6 f7 f8 f9 fa fb fc fd fe ff 
 0  1  2 a4  4 6c 9f fd  8 8a d8 ca e9 2a 2d -- 10 -- c3 ac 67 f9 43 --  5 f1 54 -- 5a -- -- -- 20 -- -- -- 51 -- 8f 4f ce -- 25 -- 86 -- -- --  a -- 35 -- a8 -- -- -- b4 d7 -- -- -- -- -- df 40 -- -- -- -- -- -- -- a2 -- -- a0 c9 e1 9e 1b 4b -- -- -- 4a -- -- -- db c2 -- -- -- a6 -- -- 14 -- -- -- 6a -- -- da 87 ff -- fe -- -- -- -- bf -- 79 5b -- -- -- -- -- fb -- -- -- -- 69 -- 80 -- -- 84 -- -- -- -- -- -- -- -- -- -- -- cc 93 -- -- -- -- 56 97 -- 45 65 15 -- eb 52 36 95 96 -- -- -- -- c6 -- -- 94 7f -- -- -- -- -- 6d 61 -- 53 -- -- -- -- -- -- 50 9b e6 -- -- -- -- 28 73 -- -- -- -- -- -- d4 -- -- dd -- -- 63 -- d9 -- 29 a1 -- -- 2b -- -- -- -- 66 -- 42 -- -- a9 -- -- -- f2 -- b6 -- -- -- -- -- -- -- -- -- -- 33 21 -- -- bb -- -- -- 85 -- -- d2 -- -- -- 

solutions so far:0 maxDepth:10 
iterations:19853724  skipped: 74 
Depth skipped: 
0 0 74 0 0 0 0 0 0 0 0 0 0 0 0 0 0 0 0 0 0 0 0 0 0 0 0 0 0 0 0 0 

running time: 2400 sec
 depth:6
 0  1  2  3  4  5  6  7  8  9  a  b  c  d  e  f 10 11 12 13 14 15 16 17 18 19 1a 1b 1c 1d 1e 1f 20 21 22 23 24 25 26 27 28 29 2a 2b 2c 2d 2e 2f 30 31 32 33 34 35 36 37 38 39 3a 3b 3c 3d 3e 3f 40 41 42 43 44 45 46 47 48 49 4a 4b 4c 4d 4e 4f 50 51 52 53 54 55 56 57 58 59 5a 5b 5c 5d 5e 5f 60 61 62 63 64 65 66 67 68 69 6a 6b 6c 6d 6e 6f 70 71 72 73 74 75 76 77 78 79 7a 7b 7c 7d 7e 7f 80 81 82 83 84 85 86 87 88 89 8a 8b 8c 8d 8e 8f 90 91 92 93 94 95 96 97 98 99 9a 9b 9c 9d 9e 9f a0 a1 a2 a3 a4 a5 a6 a7 a8 a9 aa ab ac ad ae af b0 b1 b2 b3 b4 b5 b6 b7 b8 b9 ba bb bc bd be bf c0 c1 c2 c3 c4 c5 c6 c7 c8 c9 ca cb cc cd ce cf d0 d1 d2 d3 d4 d5 d6 d7 d8 d9 da db dc dd de df e0 e1 e2 e3 e4 e5 e6 e7 e8 e9 ea eb ec ed ee ef f0 f1 f2 f3 f4 f5 f6 f7 f8 f9 fa fb fc fd fe ff 
 0  1  2 a4  4 4b 9f bd  8 31 96 82 e9 64 ad -- 10 -- 62 cf fb f9 d3 --  5 ab c8 -- 8d -- -- -- 20 -- -- -- c4 -- 49 4f 21 -- 25 -- 71 -- -- --  a -- 81 -- 47 -- -- -- cd d7 -- -- -- -- -- e6 40 -- -- -- -- -- -- -- 5f -- -- a0 92 19 9e 67 42 -- -- -- 4a -- -- -- e2 26 -- -- -- 98 -- -- 14 -- -- -- d5 -- -- 44 8e ff -- 23 -- -- -- -- 4d -- 79 59 -- -- -- -- -- df -- -- -- -- 1b -- 80 -- -- 73 -- -- -- -- -- -- -- -- -- -- -- cc be -- -- -- -- 8c 97 -- f3 41 32 -- eb 52 ce b5 84 -- -- -- -- c7 -- -- 94 fa -- -- -- -- -- 22 13 -- 4c -- -- -- -- -- -- 50 e7 d8 -- -- -- -- 28 6c -- -- -- -- -- -- 7d -- -- 11 -- -- 88 -- cb -- 29 b1 -- -- 46 -- -- -- -- 66 -- d2 -- -- 9a -- -- -- f2 -- b2 -- -- -- -- -- -- -- -- -- -- 33 69 -- -- b3 -- -- -- e3 -- -- 36 -- -- -- 

solutions so far:0 maxDepth:10 
iterations:22751559  skipped: 91 
Depth skipped: 
0 0 91 0 0 0 0 0 0 0 0 0 0 0 0 0 0 0 0 0 0 0 0 0 0 0 0 0 0 0 0 0 

running time: 2700 sec
 depth:6
 0  1  2  3  4  5  6  7  8  9  a  b  c  d  e  f 10 11 12 13 14 15 16 17 18 19 1a 1b 1c 1d 1e 1f 20 21 22 23 24 25 26 27 28 29 2a 2b 2c 2d 2e 2f 30 31 32 33 34 35 36 37 38 39 3a 3b 3c 3d 3e 3f 40 41 42 43 44 45 46 47 48 49 4a 4b 4c 4d 4e 4f 50 51 52 53 54 55 56 57 58 59 5a 5b 5c 5d 5e 5f 60 61 62 63 64 65 66 67 68 69 6a 6b 6c 6d 6e 6f 70 71 72 73 74 75 76 77 78 79 7a 7b 7c 7d 7e 7f 80 81 82 83 84 85 86 87 88 89 8a 8b 8c 8d 8e 8f 90 91 92 93 94 95 96 97 98 99 9a 9b 9c 9d 9e 9f a0 a1 a2 a3 a4 a5 a6 a7 a8 a9 aa ab ac ad ae af b0 b1 b2 b3 b4 b5 b6 b7 b8 b9 ba bb bc bd be bf c0 c1 c2 c3 c4 c5 c6 c7 c8 c9 ca cb cc cd ce cf d0 d1 d2 d3 d4 d5 d6 d7 d8 d9 da db dc dd de df e0 e1 e2 e3 e4 e5 e6 e7 e8 e9 ea eb ec ed ee ef f0 f1 f2 f3 f4 f5 f6 f7 f8 f9 fa fb fc fd fe ff 
 0  1  2 a4  4 3a 9f 71  8 2f 74 43 e9 54 e2 -- 10 -- 5e f4 e8 f9 86 --  5 c5 a8 -- 13 -- -- -- 20 -- -- -- bc -- 3f 4f  7 -- 25 -- db -- -- --  a -- 5d -- 87 -- -- -- 26 d7 -- -- -- -- -- 2e 40 -- -- -- -- -- -- -- af -- -- a0 7e 15 9e e5  e -- -- -- 4a -- -- -- 61 53 -- -- -- 9b -- -- 14 -- -- -- ba -- -- 64 d9 ff -- f5 -- -- -- -- 4c -- 79 8e -- -- -- -- -- 38 -- -- -- -- 5c -- 80 -- -- 17 -- -- -- -- -- -- -- -- -- -- -- cc 89 -- -- -- -- 7a 97 -- fc ca 2a -- eb 52 1d d3 1c -- -- -- -- 47 -- -- 94 91 -- -- -- -- -- 32 c2 -- a6 -- -- -- -- -- -- 50 e1 99 -- -- -- -- 28 a7 -- -- -- -- -- -- a3 -- -- 19 -- -- c8 -- 65 -- 29 82 -- -- 3d -- -- -- -- 66 -- e0 -- -- 98 -- -- -- f2 -- cb -- -- -- -- -- -- -- -- -- -- 33 70 -- -- 41 -- -- -- e7 -- -- b8 -- -- -- 

solutions so far:0 maxDepth:10 
iterations:26158957  skipped: 96 
Depth skipped: 
0 0 96 0 0 0 0 0 0 0 0 0 0 0 0 0 0 0 0 0 0 0 0 0 0 0 0 0 0 0 0 0 

running time: 3000 sec
 depth:6
 0  1  2  3  4  5  6  7  8  9  a  b  c  d  e  f 10 11 12 13 14 15 16 17 18 19 1a 1b 1c 1d 1e 1f 20 21 22 23 24 25 26 27 28 29 2a 2b 2c 2d 2e 2f 30 31 32 33 34 35 36 37 38 39 3a 3b 3c 3d 3e 3f 40 41 42 43 44 45 46 47 48 49 4a 4b 4c 4d 4e 4f 50 51 52 53 54 55 56 57 58 59 5a 5b 5c 5d 5e 5f 60 61 62 63 64 65 66 67 68 69 6a 6b 6c 6d 6e 6f 70 71 72 73 74 75 76 77 78 79 7a 7b 7c 7d 7e 7f 80 81 82 83 84 85 86 87 88 89 8a 8b 8c 8d 8e 8f 90 91 92 93 94 95 96 97 98 99 9a 9b 9c 9d 9e 9f a0 a1 a2 a3 a4 a5 a6 a7 a8 a9 aa ab ac ad ae af b0 b1 b2 b3 b4 b5 b6 b7 b8 b9 ba bb bc bd be bf c0 c1 c2 c3 c4 c5 c6 c7 c8 c9 ca cb cc cd ce cf d0 d1 d2 d3 d4 d5 d6 d7 d8 d9 da db dc dd de df e0 e1 e2 e3 e4 e5 e6 e7 e8 e9 ea eb ec ed ee ef f0 f1 f2 f3 f4 f5 f6 f7 f8 f9 fa fb fc fd fe ff 
 0  1  2 a4  4 21 9f 95  8 b8 42 46 e9 ab fd -- 10 -- a7 e0 84 f9 8c --  5 3a 81 -- 2d -- -- -- 20 -- -- -- 99 -- 17 4f df -- 25 -- cf -- -- --  a -- 74 -- d5 -- -- -- 5a d7 -- -- -- -- -- 6c 40 -- -- -- -- -- -- -- e5 -- -- a0 2e 5f 9e 96 69 -- -- -- 4a -- -- -- 49 f3 -- -- -- 62 -- -- 14 -- -- -- e8 -- -- 6d 7d ff -- 1c -- -- -- -- b4 -- 79 c6 -- -- -- -- -- 73 -- -- -- -- d8 -- 80 -- -- 36 -- -- -- -- -- -- -- -- -- -- -- cc 1d -- -- -- -- 70 97 -- 5c 23 be -- eb 52 fb a1 d2 -- -- -- -- 63 -- -- 94  e -- -- -- -- -- dd 92 -- 31 -- -- -- -- -- -- 50 c4 4b -- -- -- -- 28 ce -- -- -- -- -- --  7 -- -- 85 -- -- da -- fa -- 29 bb -- -- 38 -- -- -- -- 66 -- 1b -- -- bf -- -- -- f2 -- 5b -- -- -- -- -- -- -- -- -- -- 33 e6 -- -- b6 -- -- -- a9 -- -- 67 -- -- -- 

solutions so far:0 maxDepth:10 
iterations:29796018  skipped: 107 
Depth skipped: 
0 0 107 0 0 0 0 0 0 0 0 0 0 0 0 0 0 0 0 0 0 0 0 0 0 0 0 0 0 0 0 0 

running time: 3300 sec
 depth:6
 0  1  2  3  4  5  6  7  8  9  a  b  c  d  e  f 10 11 12 13 14 15 16 17 18 19 1a 1b 1c 1d 1e 1f 20 21 22 23 24 25 26 27 28 29 2a 2b 2c 2d 2e 2f 30 31 32 33 34 35 36 37 38 39 3a 3b 3c 3d 3e 3f 40 41 42 43 44 45 46 47 48 49 4a 4b 4c 4d 4e 4f 50 51 52 53 54 55 56 57 58 59 5a 5b 5c 5d 5e 5f 60 61 62 63 64 65 66 67 68 69 6a 6b 6c 6d 6e 6f 70 71 72 73 74 75 76 77 78 79 7a 7b 7c 7d 7e 7f 80 81 82 83 84 85 86 87 88 89 8a 8b 8c 8d 8e 8f 90 91 92 93 94 95 96 97 98 99 9a 9b 9c 9d 9e 9f a0 a1 a2 a3 a4 a5 a6 a7 a8 a9 aa ab ac ad ae af b0 b1 b2 b3 b4 b5 b6 b7 b8 b9 ba bb bc bd be bf c0 c1 c2 c3 c4 c5 c6 c7 c8 c9 ca cb cc cd ce cf d0 d1 d2 d3 d4 d5 d6 d7 d8 d9 da db dc dd de df e0 e1 e2 e3 e4 e5 e6 e7 e8 e9 ea eb ec ed ee ef f0 f1 f2 f3 f4 f5 f6 f7 f8 f9 fa fb fc fd fe ff 
 0  1  2 a4  4  6 9f d3  8 16  c e5 e9 17 71 -- 10 -- 2c d0 18 f9 1d --  5 b9 2e -- e2 -- -- -- 20 -- -- -- 58 -- 77 4f 30 -- 25 -- 3a -- -- --  a -- a5 -- 5c -- -- -- 13 d7 -- -- -- -- -- 55 40 -- -- -- -- -- -- -- b0 -- -- a0 ee 70 9e ea 60 -- -- -- 4a -- -- -- 74  7 -- -- -- 1c -- -- 14 -- -- -- 9d -- -- 32 b8 ff -- 1a -- -- -- -- 26 -- 79 47 -- -- -- -- -- 57 -- -- -- -- aa -- 80 -- -- c1 -- -- -- -- -- -- -- -- -- -- -- cc b7 -- -- -- -- 68 97 --  b 99 e0 -- eb 52  3 82 c0 -- -- -- -- c8 -- -- 94  d -- -- -- -- -- 19 e8 --  e -- -- -- -- -- -- 50 38 75 -- -- -- -- 28 d1 -- -- -- -- -- -- ed -- -- e7 -- -- 64 -- a7 -- 29 41 -- -- 34 -- -- -- -- 66 -- 8b -- -- 4c -- -- -- f2 -- 8e -- -- -- -- -- -- -- -- -- -- 33 ae -- -- cb -- -- -- 98 -- -- 83 -- -- -- 

solutions so far:0 maxDepth:10 
iterations:33384644  skipped: 119 
Depth skipped: 
0 0 119 0 0 0 0 0 0 0 0 0 0 0 0 0 0 0 0 0 0 0 0 0 0 0 0 0 0 0 0 0 

running time: 3600 sec

Finished. Total running time: 3666 sec
