Search S-boxes invariant for matrices: 
{0x00,0x02,0x04,0x06,0x08,0x0a,0x0c,0x0e,0x10,0x12,0x14,0x16,0x18,0x1a,0x1c,0x1e,0x20,0x22,0x24,0x26,0x28,0x2a,0x2c,0x2e,0x30,0x32,0x34,0x36,0x38,0x3a,0x3c,0x3e,0x40,0x42,0x44,0x46,0x48,0x4a,0x4c,0x4e,0x50,0x52,0x54,0x56,0x58,0x5a,0x5c,0x5e,0x60,0x62,0x64,0x66,0x68,0x6a,0x6c,0x6e,0x70,0x72,0x74,0x76,0x78,0x7a,0x7c,0x7e,0x80,0x82,0x84,0x86,0x88,0x8a,0x8c,0x8e,0x90,0x92,0x94,0x96,0x98,0x9a,0x9c,0x9e,0xa0,0xa2,0xa4,0xa6,0xa8,0xaa,0xac,0xae,0xb0,0xb2,0xb4,0xb6,0xb8,0xba,0xbc,0xbe,0xc0,0xc2,0xc4,0xc6,0xc8,0xca,0xcc,0xce,0xd0,0xd2,0xd4,0xd6,0xd8,0xda,0xdc,0xde,0xe0,0xe2,0xe4,0xe6,0xe8,0xea,0xec,0xee,0xf0,0xf2,0xf4,0xf6,0xf8,0xfa,0xfc,0xfe,0x39,0x3b,0x3d,0x3f,0x31,0x33,0x35,0x37,0x29,0x2b,0x2d,0x2f,0x21,0x23,0x25,0x27,0x19,0x1b,0x1d,0x1f,0x11,0x13,0x15,0x17,0x09,0x0b,0x0d,0x0f,0x01,0x03,0x05,0x07,0x79,0x7b,0x7d,0x7f,0x71,0x73,0x75,0x77,0x69,0x6b,0x6d,0x6f,0x61,0x63,0x65,0x67,0x59,0x5b,0x5d,0x5f,0x51,0x53,0x55,0x57,0x49,0x4b,0x4d,0x4f,0x41,0x43,0x45,0x47,0xb9,0xbb,0xbd,0xbf,0xb1,0xb3,0xb5,0xb7,0xa9,0xab,0xad,0xaf,0xa1,0xa3,0xa5,0xa7,0x99,0x9b,0x9d,0x9f,0x91,0x93,0x95,0x97,0x89,0x8b,0x8d,0x8f,0x81,0x83,0x85,0x87,0xf9,0xfb,0xfd,0xff,0xf1,0xf3,0xf5,0xf7,0xe9,0xeb,0xed,0xef,0xe1,0xe3,0xe5,0xe7,0xd9,0xdb,0xdd,0xdf,0xd1,0xd3,0xd5,0xd7,0xc9,0xcb,0xcd,0xcf,0xc1,0xc3,0xc5,0xc7};
{0x00,0x02,0x04,0x06,0x08,0x0a,0x0c,0x0e,0x10,0x12,0x14,0x16,0x18,0x1a,0x1c,0x1e,0x20,0x22,0x24,0x26,0x28,0x2a,0x2c,0x2e,0x30,0x32,0x34,0x36,0x38,0x3a,0x3c,0x3e,0x40,0x42,0x44,0x46,0x48,0x4a,0x4c,0x4e,0x50,0x52,0x54,0x56,0x58,0x5a,0x5c,0x5e,0x60,0x62,0x64,0x66,0x68,0x6a,0x6c,0x6e,0x70,0x72,0x74,0x76,0x78,0x7a,0x7c,0x7e,0x80,0x82,0x84,0x86,0x88,0x8a,0x8c,0x8e,0x90,0x92,0x94,0x96,0x98,0x9a,0x9c,0x9e,0xa0,0xa2,0xa4,0xa6,0xa8,0xaa,0xac,0xae,0xb0,0xb2,0xb4,0xb6,0xb8,0xba,0xbc,0xbe,0xc0,0xc2,0xc4,0xc6,0xc8,0xca,0xcc,0xce,0xd0,0xd2,0xd4,0xd6,0xd8,0xda,0xdc,0xde,0xe0,0xe2,0xe4,0xe6,0xe8,0xea,0xec,0xee,0xf0,0xf2,0xf4,0xf6,0xf8,0xfa,0xfc,0xfe,0xd7,0xd5,0xd3,0xd1,0xdf,0xdd,0xdb,0xd9,0xc7,0xc5,0xc3,0xc1,0xcf,0xcd,0xcb,0xc9,0xf7,0xf5,0xf3,0xf1,0xff,0xfd,0xfb,0xf9,0xe7,0xe5,0xe3,0xe1,0xef,0xed,0xeb,0xe9,0x97,0x95,0x93,0x91,0x9f,0x9d,0x9b,0x99,0x87,0x85,0x83,0x81,0x8f,0x8d,0x8b,0x89,0xb7,0xb5,0xb3,0xb1,0xbf,0xbd,0xbb,0xb9,0xa7,0xa5,0xa3,0xa1,0xaf,0xad,0xab,0xa9,0x57,0x55,0x53,0x51,0x5f,0x5d,0x5b,0x59,0x47,0x45,0x43,0x41,0x4f,0x4d,0x4b,0x49,0x77,0x75,0x73,0x71,0x7f,0x7d,0x7b,0x79,0x67,0x65,0x63,0x61,0x6f,0x6d,0x6b,0x69,0x17,0x15,0x13,0x11,0x1f,0x1d,0x1b,0x19,0x07,0x05,0x03,0x01,0x0f,0x0d,0x0b,0x09,0x37,0x35,0x33,0x31,0x3f,0x3d,0x3b,0x39,0x27,0x25,0x23,0x21,0x2f,0x2d,0x2b,0x29};



 depth:7
 0  1  2  3  4  5  6  7  8  9  a  b  c  d  e  f 10 11 12 13 14 15 16 17 18 19 1a 1b 1c 1d 1e 1f 20 21 22 23 24 25 26 27 28 29 2a 2b 2c 2d 2e 2f 30 31 32 33 34 35 36 37 38 39 3a 3b 3c 3d 3e 3f 40 41 42 43 44 45 46 47 48 49 4a 4b 4c 4d 4e 4f 50 51 52 53 54 55 56 57 58 59 5a 5b 5c 5d 5e 5f 60 61 62 63 64 65 66 67 68 69 6a 6b 6c 6d 6e 6f 70 71 72 73 74 75 76 77 78 79 7a 7b 7c 7d 7e 7f 80 81 82 83 84 85 86 87 88 89 8a 8b 8c 8d 8e 8f 90 91 92 93 94 95 96 97 98 99 9a 9b 9c 9d 9e 9f a0 a1 a2 a3 a4 a5 a6 a7 a8 a9 aa ab ac ad ae af b0 b1 b2 b3 b4 b5 b6 b7 b8 b9 ba bb bc bd be bf c0 c1 c2 c3 c4 c5 c6 c7 c8 c9 ca cb cc cd ce cf d0 d1 d2 d3 d4 d5 d6 d7 d8 d9 da db dc dd de df e0 e1 e2 e3 e4 e5 e6 e7 e8 e9 ea eb ec ed ee ef f0 f1 f2 f3 f4 f5 f6 f7 f8 f9 fa fb fc fd fe ff 
 0  1  2 b1  4 ef b5  c  8 25  9 26 bd 41 18 d2 10 -- 4a 50 12 22 4c -- ad 52 82 -- 30 -- 73 -- 20 -- -- -- 94 -- a0 4f 24 -- 44 -- 98 -- -- 67 8d -- a4 -- d3 -- -- -- 60 d7 -- -- e6 21 -- 1f 40 96 -- -- -- -- -- -- ff -- -- e3 97 8e 9e 4e 48 -- -- -- 88 -- -- -- e7 32 -- -- -- c8 ce -- cd -- -- -- 9f -- -- 55 71 59 --  a -- -- -- -- c0 -- 79 d1 -- -- -- -- 1b f7 42 -- -- -- 3e -- 80 -- fb e4 -- -- -- -- -- -- -- d8 -- -- -- cc 29 -- -- -- -- 28 11 -- f9 13 cb 69 eb b3 9c  6 90 -- -- -- -- 83 -- -- c7  5 -- -- -- -- -- c1 19 -- 64 -- -- -- -- -- -- 9a 47 27 4b -- -- -- 4d f8 -- -- -- -- -- -- e9 -- -- 8b -- -- aa -- e2 df b2  3 -- -- 14 -- -- 6c -- 66 -- 72 -- -- 57 -- -- -- f2 -- 75 -- -- -- -- -- -- -- -- -- 36 33 39 -- 84 ea -- -- -- ae -- -- 7c -- -- -- 

solutions so far:0 maxDepth:9 
iterations:2347819  skipped: 9 
Depth skipped: 
0 0 9 0 0 0 0 0 0 0 0 0 0 0 0 0 0 0 0 0 0 0 0 0 0 0 0 0 0 0 0 0 

running time: 300 sec
 depth:7
 0  1  2  3  4  5  6  7  8  9  a  b  c  d  e  f 10 11 12 13 14 15 16 17 18 19 1a 1b 1c 1d 1e 1f 20 21 22 23 24 25 26 27 28 29 2a 2b 2c 2d 2e 2f 30 31 32 33 34 35 36 37 38 39 3a 3b 3c 3d 3e 3f 40 41 42 43 44 45 46 47 48 49 4a 4b 4c 4d 4e 4f 50 51 52 53 54 55 56 57 58 59 5a 5b 5c 5d 5e 5f 60 61 62 63 64 65 66 67 68 69 6a 6b 6c 6d 6e 6f 70 71 72 73 74 75 76 77 78 79 7a 7b 7c 7d 7e 7f 80 81 82 83 84 85 86 87 88 89 8a 8b 8c 8d 8e 8f 90 91 92 93 94 95 96 97 98 99 9a 9b 9c 9d 9e 9f a0 a1 a2 a3 a4 a5 a6 a7 a8 a9 aa ab ac ad ae af b0 b1 b2 b3 b4 b5 b6 b7 b8 b9 ba bb bc bd be bf c0 c1 c2 c3 c4 c5 c6 c7 c8 c9 ca cb cc cd ce cf d0 d1 d2 d3 d4 d5 d6 d7 d8 d9 da db dc dd de df e0 e1 e2 e3 e4 e5 e6 e7 e8 e9 ea eb ec ed ee ef f0 f1 f2 f3 f4 f5 f6 f7 f8 f9 fa fb fc fd fe ff 
 0  1  2 b1  4 d2 b5 3b  8 5c 73 8f bd d4 76 29 10 -- b8 70 e6 22 c9 -- ad 1d 7f -- ec -- 52 -- 20 -- -- -- a7 -- e0 4f 1b -- 44 -- 45 -- -- 14 8d -- 3a -- fe -- -- --  f d7 -- -- a4 f9 -- 96 40 a0 -- -- -- -- -- -- 99 -- -- e3 17 35 9e df 36 -- -- -- 88 -- -- -- 8a 51 -- -- -- 93 28 -- cd -- -- -- 74 -- -- 6e 2b 59 --  e -- -- -- -- 1e -- 79 de -- -- -- -- 9f d8 25 -- -- -- fb -- 80 -- 97 4b -- -- -- -- -- -- --  a -- -- -- cc e5 -- -- -- -- 38 11 -- 2e ac 6a ff eb b3 69 f6 6c -- -- -- -- 6f -- -- c7  7 -- -- -- -- -- 37 c3 -- a2 -- -- -- -- -- -- 9a f1 84 50 -- -- -- 4d 42 -- -- -- -- -- -- e8 -- -- f0 -- -- dc -- 56 94 b2 7b -- -- 1c -- --  5 -- 66 -- ce -- -- 3c -- -- -- f2 -- 6b -- -- -- -- -- -- -- -- -- e9 33 67 -- 4a d6 -- -- -- 78 -- -- 21 -- -- -- 

solutions so far:0 maxDepth:9 
iterations:5117452  skipped: 26 
Depth skipped: 
0 0 26 0 0 0 0 0 0 0 0 0 0 0 0 0 0 0 0 0 0 0 0 0 0 0 0 0 0 0 0 0 

running time: 600 sec
 depth:7
 0  1  2  3  4  5  6  7  8  9  a  b  c  d  e  f 10 11 12 13 14 15 16 17 18 19 1a 1b 1c 1d 1e 1f 20 21 22 23 24 25 26 27 28 29 2a 2b 2c 2d 2e 2f 30 31 32 33 34 35 36 37 38 39 3a 3b 3c 3d 3e 3f 40 41 42 43 44 45 46 47 48 49 4a 4b 4c 4d 4e 4f 50 51 52 53 54 55 56 57 58 59 5a 5b 5c 5d 5e 5f 60 61 62 63 64 65 66 67 68 69 6a 6b 6c 6d 6e 6f 70 71 72 73 74 75 76 77 78 79 7a 7b 7c 7d 7e 7f 80 81 82 83 84 85 86 87 88 89 8a 8b 8c 8d 8e 8f 90 91 92 93 94 95 96 97 98 99 9a 9b 9c 9d 9e 9f a0 a1 a2 a3 a4 a5 a6 a7 a8 a9 aa ab ac ad ae af b0 b1 b2 b3 b4 b5 b6 b7 b8 b9 ba bb bc bd be bf c0 c1 c2 c3 c4 c5 c6 c7 c8 c9 ca cb cc cd ce cf d0 d1 d2 d3 d4 d5 d6 d7 d8 d9 da db dc dd de df e0 e1 e2 e3 e4 e5 e6 e7 e8 e9 ea eb ec ed ee ef f0 f1 f2 f3 f4 f5 f6 f7 f8 f9 fa fb fc fd fe ff 
 0  1  2 b1  4 c3 b5 8c  8 28 51  f bd d6 cf 53 10 -- 50 e9 a2 22 1e -- ad 25 7b -- 49 -- a6 -- 20 -- -- -- a0 --  5 4f 93 -- 44 -- 3c -- -- a8 8d -- 4a -- f6 -- -- -- 92 d7 -- -- 9b 43 -- 2b 40 65 -- -- -- -- -- -- 97 -- -- e3  a de 9e 45 f1 -- -- -- 88 -- -- -- 78 37 -- -- -- dc 87 -- cd -- -- -- 94 -- -- be 3b 59 -- 52 -- -- -- -- f3 -- 79 d5 -- -- -- -- e1 6a 86 -- -- -- 56 -- 80 -- ca fe -- -- -- -- -- -- -- 54 -- -- -- cc f9 -- -- -- -- 9f 11 -- 14 ec 6b c2 eb b3 8a 46 35 -- -- -- -- 81 -- -- c7 29 -- -- -- -- -- 5f f0 -- 6e -- -- -- -- -- -- 9a 6f c9 d9 -- -- -- 4d 8f -- -- -- -- -- -- ff -- -- c4 -- -- ab -- 76 61 b2 23 -- -- a4 -- -- 2a -- 66 -- 7f -- -- 31 -- -- -- f2 -- 7d -- -- -- -- -- -- -- -- -- 15 33 d4 -- db fa -- -- -- 62 -- -- ac -- -- -- 

solutions so far:0 maxDepth:9 
iterations:7303923  skipped: 29 
Depth skipped: 
0 0 29 0 0 0 0 0 0 0 0 0 0 0 0 0 0 0 0 0 0 0 0 0 0 0 0 0 0 0 0 0 

running time: 900 sec
 depth:7
 0  1  2  3  4  5  6  7  8  9  a  b  c  d  e  f 10 11 12 13 14 15 16 17 18 19 1a 1b 1c 1d 1e 1f 20 21 22 23 24 25 26 27 28 29 2a 2b 2c 2d 2e 2f 30 31 32 33 34 35 36 37 38 39 3a 3b 3c 3d 3e 3f 40 41 42 43 44 45 46 47 48 49 4a 4b 4c 4d 4e 4f 50 51 52 53 54 55 56 57 58 59 5a 5b 5c 5d 5e 5f 60 61 62 63 64 65 66 67 68 69 6a 6b 6c 6d 6e 6f 70 71 72 73 74 75 76 77 78 79 7a 7b 7c 7d 7e 7f 80 81 82 83 84 85 86 87 88 89 8a 8b 8c 8d 8e 8f 90 91 92 93 94 95 96 97 98 99 9a 9b 9c 9d 9e 9f a0 a1 a2 a3 a4 a5 a6 a7 a8 a9 aa ab ac ad ae af b0 b1 b2 b3 b4 b5 b6 b7 b8 b9 ba bb bc bd be bf c0 c1 c2 c3 c4 c5 c6 c7 c8 c9 ca cb cc cd ce cf d0 d1 d2 d3 d4 d5 d6 d7 d8 d9 da db dc dd de df e0 e1 e2 e3 e4 e5 e6 e7 e8 e9 ea eb ec ed ee ef f0 f1 f2 f3 f4 f5 f6 f7 f8 f9 fa fb fc fd fe ff 
 0  1  2 b1  4 a7 b5 54  8 e2 99 f9 bd  a a8 8b 10 -- 13 41 e5 22 25 -- ad e7 14 -- 87 -- c1 -- 20 -- -- -- 26 -- 82 4f 1d -- 44 -- 4a -- -- ea 8d -- 19 -- 28 -- -- -- d9 d7 -- -- 55 30 -- 38 40  c -- -- -- -- -- -- 4c -- -- e3 d3 e9 9e 5c 3a -- -- -- 88 -- -- -- 94 29 -- -- -- a4  3 -- cd -- -- -- 32 -- -- 61 50 59 -- 47 -- -- -- -- 65 -- 79 a6 -- -- -- -- aa e8 60 -- -- -- 70 -- 80 -- 18 1c -- -- -- -- -- -- -- 75 -- -- -- cc 98 -- -- -- -- cb 11 -- 71 97  5 ae eb b3 b8 2a 74 -- -- -- -- 53 -- -- c7 c8 -- -- -- -- -- db ff -- 52 -- -- -- -- -- -- 9a 9f 2e  6 -- -- -- 4d 17 -- -- -- -- -- -- 64 -- -- 86 -- -- c2 -- a0 57 b2 15 -- -- 8e -- -- d1 -- 66 --  e -- -- ca -- -- -- f2 -- 9b -- -- -- -- -- -- -- -- -- 83 33  7 -- c0 e1 -- -- -- 43 -- -- e0 -- -- -- 

solutions so far:0 maxDepth:9 
iterations:9353847  skipped: 39 
Depth skipped: 
0 0 39 0 0 0 0 0 0 0 0 0 0 0 0 0 0 0 0 0 0 0 0 0 0 0 0 0 0 0 0 0 

running time: 1200 sec
 depth:6
 0  1  2  3  4  5  6  7  8  9  a  b  c  d  e  f 10 11 12 13 14 15 16 17 18 19 1a 1b 1c 1d 1e 1f 20 21 22 23 24 25 26 27 28 29 2a 2b 2c 2d 2e 2f 30 31 32 33 34 35 36 37 38 39 3a 3b 3c 3d 3e 3f 40 41 42 43 44 45 46 47 48 49 4a 4b 4c 4d 4e 4f 50 51 52 53 54 55 56 57 58 59 5a 5b 5c 5d 5e 5f 60 61 62 63 64 65 66 67 68 69 6a 6b 6c 6d 6e 6f 70 71 72 73 74 75 76 77 78 79 7a 7b 7c 7d 7e 7f 80 81 82 83 84 85 86 87 88 89 8a 8b 8c 8d 8e 8f 90 91 92 93 94 95 96 97 98 99 9a 9b 9c 9d 9e 9f a0 a1 a2 a3 a4 a5 a6 a7 a8 a9 aa ab ac ad ae af b0 b1 b2 b3 b4 b5 b6 b7 b8 b9 ba bb bc bd be bf c0 c1 c2 c3 c4 c5 c6 c7 c8 c9 ca cb cc cd ce cf d0 d1 d2 d3 d4 d5 d6 d7 d8 d9 da db dc dd de df e0 e1 e2 e3 e4 e5 e6 e7 e8 e9 ea eb ec ed ee ef f0 f1 f2 f3 f4 f5 f6 f7 f8 f9 fa fb fc fd fe ff 
 0  1  2 b1  4 93 b5  e  8 2f f1 c0 bd  3 1c -- 10 -- 5e f4 35 22 57 -- ad c5  6 -- 38 -- -- -- 20 -- -- -- bc -- 3f 4f 6a -- 44 -- ae -- -- -- 8d -- 5d --  c -- -- -- 70 d7 -- -- -- -- -- 8f 40 -- -- -- -- -- -- -- af -- -- e3 7e 75 9e 51 d4 -- -- -- 88 -- -- -- 8b 55 -- -- -- 83 -- -- cd -- -- -- ba -- -- a7 18 59 -- f5 -- -- -- -- e0 -- 79 1d -- -- -- -- -- fe -- -- -- -- c9 -- 80 -- -- ac -- -- -- -- -- -- -- -- -- -- -- cc 89 -- -- -- -- 7a 11 -- fc 60 ea -- eb b3 a2  7 7f -- -- -- -- e5 -- -- c7 91 -- -- -- -- -- b8 c1 -- aa -- -- -- -- -- -- 9a d1 c3 -- -- -- -- 4d 8a -- -- -- -- -- -- a3 -- -- 5c -- -- 99 -- 30 -- b2 e8 -- -- 3d -- -- -- -- 66 -- 56 -- -- 17 -- -- -- f2 -- 3a -- -- -- -- -- -- -- -- -- -- 33 2b -- -- 74 -- -- -- 2e -- -- 45 -- -- -- 

solutions so far:0 maxDepth:9 
iterations:11943959  skipped: 52 
Depth skipped: 
0 0 52 0 0 0 0 0 0 0 0 0 0 0 0 0 0 0 0 0 0 0 0 0 0 0 0 0 0 0 0 0 

running time: 1500 sec
 depth:6
 0  1  2  3  4  5  6  7  8  9  a  b  c  d  e  f 10 11 12 13 14 15 16 17 18 19 1a 1b 1c 1d 1e 1f 20 21 22 23 24 25 26 27 28 29 2a 2b 2c 2d 2e 2f 30 31 32 33 34 35 36 37 38 39 3a 3b 3c 3d 3e 3f 40 41 42 43 44 45 46 47 48 49 4a 4b 4c 4d 4e 4f 50 51 52 53 54 55 56 57 58 59 5a 5b 5c 5d 5e 5f 60 61 62 63 64 65 66 67 68 69 6a 6b 6c 6d 6e 6f 70 71 72 73 74 75 76 77 78 79 7a 7b 7c 7d 7e 7f 80 81 82 83 84 85 86 87 88 89 8a 8b 8c 8d 8e 8f 90 91 92 93 94 95 96 97 98 99 9a 9b 9c 9d 9e 9f a0 a1 a2 a3 a4 a5 a6 a7 a8 a9 aa ab ac ad ae af b0 b1 b2 b3 b4 b5 b6 b7 b8 b9 ba bb bc bd be bf c0 c1 c2 c3 c4 c5 c6 c7 c8 c9 ca cb cc cd ce cf d0 d1 d2 d3 d4 d5 d6 d7 d8 d9 da db dc dd de df e0 e1 e2 e3 e4 e5 e6 e7 e8 e9 ea eb ec ed ee ef f0 f1 f2 f3 f4 f5 f6 f7 f8 f9 fa fb fc fd fe ff 
 0  1  2 b1  4 7a b5 3c  8 87 f4 95 bd 63 78 -- 10 -- d9 15 3f 22 fd -- ad 86 c6 -- f0 -- -- -- 20 -- -- -- 65 -- 2a 4f 7e -- 44 -- 2d -- -- -- 8d -- db -- 5b -- -- -- 37 d7 -- -- -- -- -- c5 40 -- -- -- -- -- -- -- ca -- -- e3 54 6d 9e f5 fc -- -- -- 88 -- -- -- 5a bf -- -- -- 85 -- -- cd -- -- -- 61 -- -- d6 b6 59 -- a6 -- -- -- -- 6e -- 79 3b -- -- -- -- -- 5e -- -- -- -- 5d -- 80 -- -- 89 -- -- -- -- -- -- -- -- -- -- -- cc 43 -- -- -- -- e1 11 -- a8 a1 da -- eb b3 3d 1e 2f -- -- -- -- f6 -- -- c7 53 -- -- -- -- -- 6b b4 -- a9 -- -- -- -- -- -- 9a dd 91 -- -- -- -- 4d a3 -- -- -- -- -- -- c2 -- -- de -- -- 7b -- bb -- b2  f -- -- 9b -- -- -- -- 66 -- af -- -- dc -- -- -- f2 -- 76 -- -- -- -- -- -- -- -- -- -- 33 bc -- -- ec -- -- -- 6f -- -- ba -- -- -- 

solutions so far:0 maxDepth:9 
iterations:14710925  skipped: 64 
Depth skipped: 
0 0 64 0 0 0 0 0 0 0 0 0 0 0 0 0 0 0 0 0 0 0 0 0 0 0 0 0 0 0 0 0 

running time: 1800 sec
 depth:7
 0  1  2  3  4  5  6  7  8  9  a  b  c  d  e  f 10 11 12 13 14 15 16 17 18 19 1a 1b 1c 1d 1e 1f 20 21 22 23 24 25 26 27 28 29 2a 2b 2c 2d 2e 2f 30 31 32 33 34 35 36 37 38 39 3a 3b 3c 3d 3e 3f 40 41 42 43 44 45 46 47 48 49 4a 4b 4c 4d 4e 4f 50 51 52 53 54 55 56 57 58 59 5a 5b 5c 5d 5e 5f 60 61 62 63 64 65 66 67 68 69 6a 6b 6c 6d 6e 6f 70 71 72 73 74 75 76 77 78 79 7a 7b 7c 7d 7e 7f 80 81 82 83 84 85 86 87 88 89 8a 8b 8c 8d 8e 8f 90 91 92 93 94 95 96 97 98 99 9a 9b 9c 9d 9e 9f a0 a1 a2 a3 a4 a5 a6 a7 a8 a9 aa ab ac ad ae af b0 b1 b2 b3 b4 b5 b6 b7 b8 b9 ba bb bc bd be bf c0 c1 c2 c3 c4 c5 c6 c7 c8 c9 ca cb cc cd ce cf d0 d1 d2 d3 d4 d5 d6 d7 d8 d9 da db dc dd de df e0 e1 e2 e3 e4 e5 e6 e7 e8 e9 ea eb ec ed ee ef f0 f1 f2 f3 f4 f5 f6 f7 f8 f9 fa fb fc fd fe ff 
 0  1  2 b1  4 6b b5 52  8 7a d6 35 bd 8a a4 30 10 -- f4 a3 7b 22 6a -- ad 2f c3 -- 9f -- 60 -- 20 -- -- -- 3f -- 91 4f f6 -- 44 -- d4 -- -- 55 8d -- 5e -- 51 -- -- -- e9 d7 -- -- c0 ea -- 78 40 d1 -- -- -- -- -- -- 7e -- -- e3 f5 c9 9e 6f 3b -- -- -- 88 -- -- -- 7f 2b -- -- -- ac aa -- cd -- -- -- bc -- -- a0 a2 59 -- c5 -- -- -- --  5 -- 79 25 -- -- -- -- 57 ec  3 -- -- -- f0 -- 80 -- 75 3c -- -- -- -- -- -- -- c1 -- -- -- cc fc -- -- -- -- ba 11 -- 3d f1 45 18 eb b3 de 29 76 -- -- -- -- f9 -- -- c7 89 -- -- -- -- -- 50 fe -- 56 -- -- -- -- -- -- 9a 8f dc 83 -- -- -- 4d 6e -- -- -- -- -- -- af -- -- 28 -- -- 97 -- 93  c b2 ff -- -- 5d -- -- 8b -- 66 -- 1e -- --  a -- -- -- f2 -- 4a -- -- -- -- -- -- -- -- -- ae 33  f --  6 94 -- -- -- 14 -- -- 37 -- -- -- 

solutions so far:0 maxDepth:9 
iterations:18100132  skipped: 70 
Depth skipped: 
0 0 70 0 0 0 0 0 0 0 0 0 0 0 0 0 0 0 0 0 0 0 0 0 0 0 0 0 0 0 0 0 

running time: 2100 sec
 depth:6
 0  1  2  3  4  5  6  7  8  9  a  b  c  d  e  f 10 11 12 13 14 15 16 17 18 19 1a 1b 1c 1d 1e 1f 20 21 22 23 24 25 26 27 28 29 2a 2b 2c 2d 2e 2f 30 31 32 33 34 35 36 37 38 39 3a 3b 3c 3d 3e 3f 40 41 42 43 44 45 46 47 48 49 4a 4b 4c 4d 4e 4f 50 51 52 53 54 55 56 57 58 59 5a 5b 5c 5d 5e 5f 60 61 62 63 64 65 66 67 68 69 6a 6b 6c 6d 6e 6f 70 71 72 73 74 75 76 77 78 79 7a 7b 7c 7d 7e 7f 80 81 82 83 84 85 86 87 88 89 8a 8b 8c 8d 8e 8f 90 91 92 93 94 95 96 97 98 99 9a 9b 9c 9d 9e 9f a0 a1 a2 a3 a4 a5 a6 a7 a8 a9 aa ab ac ad ae af b0 b1 b2 b3 b4 b5 b6 b7 b8 b9 ba bb bc bd be bf c0 c1 c2 c3 c4 c5 c6 c7 c8 c9 ca cb cc cd ce cf d0 d1 d2 d3 d4 d5 d6 d7 d8 d9 da db dc dd de df e0 e1 e2 e3 e4 e5 e6 e7 e8 e9 ea eb ec ed ee ef f0 f1 f2 f3 f4 f5 f6 f7 f8 f9 fa fb fc fd fe ff 
 0  1  2 b1  4 56 b5 a6  8 d2 ac 2d bd 5b 9b -- 10 -- 73 42 8f 22 5a -- ad 6c b6 -- e1 -- -- -- 20 -- -- -- e6 -- 84 4f c9 -- 44 -- b4 -- -- -- 8d -- d8 -- bb -- -- -- 15 d7 -- -- -- -- -- f1 40 -- -- -- -- -- -- -- 1b -- -- e3 df 63 9e fe 45 -- -- -- 88 -- -- -- bf 85 -- -- -- 6d -- -- cd -- -- -- 67 -- -- 65 a1 59 -- 96 -- -- -- -- 2a -- 79 86 -- -- -- -- -- c3 -- -- -- -- 35 -- 80 -- -- 93 -- -- -- -- -- -- -- -- -- -- -- cc 36 -- -- -- -- 21 11 -- 69 fd c6 -- eb b3 2b 53 8a -- -- -- -- 43 -- -- c7 4b -- -- -- -- -- d9 a9 -- dd -- -- -- -- -- -- 9a da 7f -- -- -- -- 4d d4 -- -- -- -- -- -- ce -- -- 87 -- -- ca -- 95 -- b2 c2 -- -- fb -- -- -- -- 66 -- a2 -- -- 54 -- -- -- f2 -- db -- -- -- -- -- -- -- -- -- -- 33 51 -- -- 61 -- -- -- a8 -- -- 6a -- -- -- 

solutions so far:0 maxDepth:9 
iterations:20834711  skipped: 78 
Depth skipped: 
0 0 78 0 0 0 0 0 0 0 0 0 0 0 0 0 0 0 0 0 0 0 0 0 0 0 0 0 0 0 0 0 

running time: 2400 sec
 depth:6
 0  1  2  3  4  5  6  7  8  9  a  b  c  d  e  f 10 11 12 13 14 15 16 17 18 19 1a 1b 1c 1d 1e 1f 20 21 22 23 24 25 26 27 28 29 2a 2b 2c 2d 2e 2f 30 31 32 33 34 35 36 37 38 39 3a 3b 3c 3d 3e 3f 40 41 42 43 44 45 46 47 48 49 4a 4b 4c 4d 4e 4f 50 51 52 53 54 55 56 57 58 59 5a 5b 5c 5d 5e 5f 60 61 62 63 64 65 66 67 68 69 6a 6b 6c 6d 6e 6f 70 71 72 73 74 75 76 77 78 79 7a 7b 7c 7d 7e 7f 80 81 82 83 84 85 86 87 88 89 8a 8b 8c 8d 8e 8f 90 91 92 93 94 95 96 97 98 99 9a 9b 9c 9d 9e 9f a0 a1 a2 a3 a4 a5 a6 a7 a8 a9 aa ab ac ad ae af b0 b1 b2 b3 b4 b5 b6 b7 b8 b9 ba bb bc bd be bf c0 c1 c2 c3 c4 c5 c6 c7 c8 c9 ca cb cc cd ce cf d0 d1 d2 d3 d4 d5 d6 d7 d8 d9 da db dc dd de df e0 e1 e2 e3 e4 e5 e6 e7 e8 e9 ea eb ec ed ee ef f0 f1 f2 f3 f4 f5 f6 f7 f8 f9 fa fb fc fd fe ff 
 0  1  2 b1  4 42 b5 7a  8 82 84 23 bd be f4 -- 10 -- d3 47 df 22 46 -- ad 26 ab -- 3f -- -- -- 20 -- -- -- 71 -- 8e 4f 69 -- 44 -- 8c -- -- -- 8d -- 4c -- 81 -- -- -- 7e d7 -- -- -- -- -- d8 40 -- -- -- -- -- -- -- e2 -- -- e3 cb c4 9e fb d2 -- -- -- 88 -- -- -- cf 92 -- -- -- 31 -- -- cd -- -- -- 98 -- -- 89 d5 59 -- 32 -- -- -- -- fc -- 79 ba -- -- -- -- -- e6 -- -- -- -- 67 -- 80 -- -- 6c -- -- -- -- -- -- -- -- -- -- -- cc 13 -- -- -- -- c8 11 -- 41 fa 5f -- eb b3 21 3d 73 -- -- -- -- 5d -- -- c7 19 -- -- -- -- -- af 49 -- f3 -- -- -- -- -- -- 9a 62 96 -- -- -- -- 4d 4b -- -- -- -- -- -- e7 -- -- bc -- -- c5 -- 7d -- b2 f5 -- -- 64 -- -- -- -- 66 -- 36 -- -- 2f -- -- -- f2 -- a3 -- -- -- -- -- -- -- -- -- -- 33 1b -- -- 91 -- -- -- 5e -- -- ce -- -- -- 

solutions so far:0 maxDepth:9 
iterations:23344775  skipped: 87 
Depth skipped: 
0 0 87 0 0 0 0 0 0 0 0 0 0 0 0 0 0 0 0 0 0 0 0 0 0 0 0 0 0 0 0 0 

running time: 2700 sec
 depth:7
 0  1  2  3  4  5  6  7  8  9  a  b  c  d  e  f 10 11 12 13 14 15 16 17 18 19 1a 1b 1c 1d 1e 1f 20 21 22 23 24 25 26 27 28 29 2a 2b 2c 2d 2e 2f 30 31 32 33 34 35 36 37 38 39 3a 3b 3c 3d 3e 3f 40 41 42 43 44 45 46 47 48 49 4a 4b 4c 4d 4e 4f 50 51 52 53 54 55 56 57 58 59 5a 5b 5c 5d 5e 5f 60 61 62 63 64 65 66 67 68 69 6a 6b 6c 6d 6e 6f 70 71 72 73 74 75 76 77 78 79 7a 7b 7c 7d 7e 7f 80 81 82 83 84 85 86 87 88 89 8a 8b 8c 8d 8e 8f 90 91 92 93 94 95 96 97 98 99 9a 9b 9c 9d 9e 9f a0 a1 a2 a3 a4 a5 a6 a7 a8 a9 aa ab ac ad ae af b0 b1 b2 b3 b4 b5 b6 b7 b8 b9 ba bb bc bd be bf c0 c1 c2 c3 c4 c5 c6 c7 c8 c9 ca cb cc cd ce cf d0 d1 d2 d3 d4 d5 d6 d7 d8 d9 da db dc dd de df e0 e1 e2 e3 e4 e5 e6 e7 e8 e9 ea eb ec ed ee ef f0 f1 f2 f3 f4 f5 f6 f7 f8 f9 fa fb fc fd fe ff 
 0  1  2 b1  4 26 b5 fb  8 23 4c e8 bd a7 21 39 10 -- 46 81 98 22  7 -- ad 92 99 -- 42 -- 72 -- 20 -- -- -- 8c -- d5 4f e7 -- 44 --  e -- -- 27 8d -- f3 -- e5 -- -- -- 84 d7 -- -- e4 12 -- cb 40 ef -- -- -- -- -- -- cf -- -- e3 7d 5c 9e e2 19 -- -- -- 88 -- -- -- 1c 70 -- -- -- 17 4e -- cd -- -- -- 31 -- -- 1b 1d 59 -- 5f -- -- -- -- df -- 79 d8 -- -- -- -- 1f 64 24 -- -- -- 41 -- 80 --  9 8e -- -- -- -- -- -- -- f8 -- -- -- cc 49 -- -- -- -- ab 11 -- fa 74 b8 f7 eb b3 13 96 32 -- -- -- -- 6c -- -- c7 c4 -- -- -- -- -- e6 38 -- e0 -- -- -- -- -- -- 9a 2e 71 9c -- -- -- 4d d3 -- -- -- -- -- -- 62 -- -- 73 -- -- 36 -- 3a 90 b2 4b -- -- be -- -- 7c -- 66 -- 47 -- -- 69 -- -- -- f2 -- 67 -- -- -- -- -- -- -- -- -- 3e 33 c8 -- 48 ce -- -- -- d2 -- -- 82 -- -- -- 

solutions so far:0 maxDepth:9 
iterations:25984063  skipped: 103 
Depth skipped: 
0 0 103 0 0 0 0 0 0 0 0 0 0 0 0 0 0 0 0 0 0 0 0 0 0 0 0 0 0 0 0 0 

running time: 3000 sec

Finished. Total running time: 3298 sec
