Search S-boxes invariant for matrices: 
{0x00,0x02,0x04,0x06,0x08,0x0a,0x0c,0x0e,0x10,0x12,0x14,0x16,0x18,0x1a,0x1c,0x1e,0x20,0x22,0x24,0x26,0x28,0x2a,0x2c,0x2e,0x30,0x32,0x34,0x36,0x38,0x3a,0x3c,0x3e,0x40,0x42,0x44,0x46,0x48,0x4a,0x4c,0x4e,0x50,0x52,0x54,0x56,0x58,0x5a,0x5c,0x5e,0x60,0x62,0x64,0x66,0x68,0x6a,0x6c,0x6e,0x70,0x72,0x74,0x76,0x78,0x7a,0x7c,0x7e,0x80,0x82,0x84,0x86,0x88,0x8a,0x8c,0x8e,0x90,0x92,0x94,0x96,0x98,0x9a,0x9c,0x9e,0xa0,0xa2,0xa4,0xa6,0xa8,0xaa,0xac,0xae,0xb0,0xb2,0xb4,0xb6,0xb8,0xba,0xbc,0xbe,0xc0,0xc2,0xc4,0xc6,0xc8,0xca,0xcc,0xce,0xd0,0xd2,0xd4,0xd6,0xd8,0xda,0xdc,0xde,0xe0,0xe2,0xe4,0xe6,0xe8,0xea,0xec,0xee,0xf0,0xf2,0xf4,0xf6,0xf8,0xfa,0xfc,0xfe,0x39,0x3b,0x3d,0x3f,0x31,0x33,0x35,0x37,0x29,0x2b,0x2d,0x2f,0x21,0x23,0x25,0x27,0x19,0x1b,0x1d,0x1f,0x11,0x13,0x15,0x17,0x09,0x0b,0x0d,0x0f,0x01,0x03,0x05,0x07,0x79,0x7b,0x7d,0x7f,0x71,0x73,0x75,0x77,0x69,0x6b,0x6d,0x6f,0x61,0x63,0x65,0x67,0x59,0x5b,0x5d,0x5f,0x51,0x53,0x55,0x57,0x49,0x4b,0x4d,0x4f,0x41,0x43,0x45,0x47,0xb9,0xbb,0xbd,0xbf,0xb1,0xb3,0xb5,0xb7,0xa9,0xab,0xad,0xaf,0xa1,0xa3,0xa5,0xa7,0x99,0x9b,0x9d,0x9f,0x91,0x93,0x95,0x97,0x89,0x8b,0x8d,0x8f,0x81,0x83,0x85,0x87,0xf9,0xfb,0xfd,0xff,0xf1,0xf3,0xf5,0xf7,0xe9,0xeb,0xed,0xef,0xe1,0xe3,0xe5,0xe7,0xd9,0xdb,0xdd,0xdf,0xd1,0xd3,0xd5,0xd7,0xc9,0xcb,0xcd,0xcf,0xc1,0xc3,0xc5,0xc7};
{0x00,0x02,0x04,0x06,0x08,0x0a,0x0c,0x0e,0x10,0x12,0x14,0x16,0x18,0x1a,0x1c,0x1e,0x20,0x22,0x24,0x26,0x28,0x2a,0x2c,0x2e,0x30,0x32,0x34,0x36,0x38,0x3a,0x3c,0x3e,0x40,0x42,0x44,0x46,0x48,0x4a,0x4c,0x4e,0x50,0x52,0x54,0x56,0x58,0x5a,0x5c,0x5e,0x60,0x62,0x64,0x66,0x68,0x6a,0x6c,0x6e,0x70,0x72,0x74,0x76,0x78,0x7a,0x7c,0x7e,0x80,0x82,0x84,0x86,0x88,0x8a,0x8c,0x8e,0x90,0x92,0x94,0x96,0x98,0x9a,0x9c,0x9e,0xa0,0xa2,0xa4,0xa6,0xa8,0xaa,0xac,0xae,0xb0,0xb2,0xb4,0xb6,0xb8,0xba,0xbc,0xbe,0xc0,0xc2,0xc4,0xc6,0xc8,0xca,0xcc,0xce,0xd0,0xd2,0xd4,0xd6,0xd8,0xda,0xdc,0xde,0xe0,0xe2,0xe4,0xe6,0xe8,0xea,0xec,0xee,0xf0,0xf2,0xf4,0xf6,0xf8,0xfa,0xfc,0xfe,0xd7,0xd5,0xd3,0xd1,0xdf,0xdd,0xdb,0xd9,0xc7,0xc5,0xc3,0xc1,0xcf,0xcd,0xcb,0xc9,0xf7,0xf5,0xf3,0xf1,0xff,0xfd,0xfb,0xf9,0xe7,0xe5,0xe3,0xe1,0xef,0xed,0xeb,0xe9,0x97,0x95,0x93,0x91,0x9f,0x9d,0x9b,0x99,0x87,0x85,0x83,0x81,0x8f,0x8d,0x8b,0x89,0xb7,0xb5,0xb3,0xb1,0xbf,0xbd,0xbb,0xb9,0xa7,0xa5,0xa3,0xa1,0xaf,0xad,0xab,0xa9,0x57,0x55,0x53,0x51,0x5f,0x5d,0x5b,0x59,0x47,0x45,0x43,0x41,0x4f,0x4d,0x4b,0x49,0x77,0x75,0x73,0x71,0x7f,0x7d,0x7b,0x79,0x67,0x65,0x63,0x61,0x6f,0x6d,0x6b,0x69,0x17,0x15,0x13,0x11,0x1f,0x1d,0x1b,0x19,0x07,0x05,0x03,0x01,0x0f,0x0d,0x0b,0x09,0x37,0x35,0x33,0x31,0x3f,0x3d,0x3b,0x39,0x27,0x25,0x23,0x21,0x2f,0x2d,0x2b,0x29};



 depth:7
 0  1  2  3  4  5  6  7  8  9  a  b  c  d  e  f 10 11 12 13 14 15 16 17 18 19 1a 1b 1c 1d 1e 1f 20 21 22 23 24 25 26 27 28 29 2a 2b 2c 2d 2e 2f 30 31 32 33 34 35 36 37 38 39 3a 3b 3c 3d 3e 3f 40 41 42 43 44 45 46 47 48 49 4a 4b 4c 4d 4e 4f 50 51 52 53 54 55 56 57 58 59 5a 5b 5c 5d 5e 5f 60 61 62 63 64 65 66 67 68 69 6a 6b 6c 6d 6e 6f 70 71 72 73 74 75 76 77 78 79 7a 7b 7c 7d 7e 7f 80 81 82 83 84 85 86 87 88 89 8a 8b 8c 8d 8e 8f 90 91 92 93 94 95 96 97 98 99 9a 9b 9c 9d 9e 9f a0 a1 a2 a3 a4 a5 a6 a7 a8 a9 aa ab ac ad ae af b0 b1 b2 b3 b4 b5 b6 b7 b8 b9 ba bb bc bd be bf c0 c1 c2 c3 c4 c5 c6 c7 c8 c9 ca cb cc cd ce cf d0 d1 d2 d3 d4 d5 d6 d7 d8 d9 da db dc dd de df e0 e1 e2 e3 e4 e5 e6 e7 e8 e9 ea eb ec ed ee ef f0 f1 f2 f3 f4 f5 f6 f7 f8 f9 fa fb fc fd fe ff 
 0  1  2 12  4 fa 24 5d  8 e1 23 9a 48 b5 ba 8b 10 -- 15 c2 46 7c e3 -- 90 87 bd -- a3 -- c1 -- 20 -- -- -- 2a -- 53 4f 8c -- f8 -- 11 -- -- ea f7 -- d9 -- ad -- -- -- 91 d7 -- -- 55 30 -- c4 40  c -- -- -- -- -- -- 54 -- -- 1f a6 b3 9e d5 cf -- -- -- 27 -- -- -- 22 88 -- -- -- 59  3 -- 39 -- -- -- 65 -- -- 7e 8d 9c -- 86 -- -- -- -- f5 -- 79 5e -- -- -- -- aa 92 60 -- -- -- 5f -- 80 -- 18 62 -- -- -- -- -- -- -- 75 -- -- -- cc a8 -- -- -- -- 61 3e -- 9b 4d b1 ae eb  9 7d c5 49 -- -- -- -- 2f -- -- 4e 43 -- -- -- -- -- 3f 44 -- c7 -- -- -- -- -- -- e4 b2 81  6 -- -- -- 72 ab -- -- -- -- -- -- ca -- -- f4 -- -- fc -- cd 57 ef 89 -- -- db -- -- d1 -- 66 -- 31 -- -- 3d -- -- -- f2 -- bc -- -- -- -- -- -- -- -- -- 83 33 f3 -- c0 af -- -- -- 7a -- -- be -- -- -- 

solutions so far:0 maxDepth:9 
iterations:2244321  skipped: 1 
Depth skipped: 
0 0 1 0 0 0 0 0 0 0 0 0 0 0 0 0 0 0 0 0 0 0 0 0 0 0 0 0 0 0 0 0 

running time: 300 sec
 depth:7
 0  1  2  3  4  5  6  7  8  9  a  b  c  d  e  f 10 11 12 13 14 15 16 17 18 19 1a 1b 1c 1d 1e 1f 20 21 22 23 24 25 26 27 28 29 2a 2b 2c 2d 2e 2f 30 31 32 33 34 35 36 37 38 39 3a 3b 3c 3d 3e 3f 40 41 42 43 44 45 46 47 48 49 4a 4b 4c 4d 4e 4f 50 51 52 53 54 55 56 57 58 59 5a 5b 5c 5d 5e 5f 60 61 62 63 64 65 66 67 68 69 6a 6b 6c 6d 6e 6f 70 71 72 73 74 75 76 77 78 79 7a 7b 7c 7d 7e 7f 80 81 82 83 84 85 86 87 88 89 8a 8b 8c 8d 8e 8f 90 91 92 93 94 95 96 97 98 99 9a 9b 9c 9d 9e 9f a0 a1 a2 a3 a4 a5 a6 a7 a8 a9 aa ab ac ad ae af b0 b1 b2 b3 b4 b5 b6 b7 b8 b9 ba bb bc bd be bf c0 c1 c2 c3 c4 c5 c6 c7 c8 c9 ca cb cc cd ce cf d0 d1 d2 d3 d4 d5 d6 d7 d8 d9 da db dc dd de df e0 e1 e2 e3 e4 e5 e6 e7 e8 e9 ea eb ec ed ee ef f0 f1 f2 f3 f4 f5 f6 f7 f8 f9 fa fb fc fd fe ff 
 0  1  2 12  4 f1 24 e3  8 86 35 7a 48 5d 11 6b 10 -- db d9 6a 7c f4 -- 90 a6 ba -- 22 -- d6 -- 20 -- -- -- 61 -- 65 4f d4 -- f8 -- 3f -- --  f f7 -- 9b -- a3 -- -- -- 44 d7 -- -- 7b 37 -- c9 40 78 -- -- -- -- -- -- c2 -- -- 1f ca 89 9e a2 7f -- -- -- 27 -- -- -- 7e 2f -- -- -- bc 1e -- 39 -- -- -- e1 -- -- b1 91 9c -- 54 -- -- -- -- 88 -- 79 ad -- -- -- -- f6 2b 6e -- -- -- 45 -- 80 -- f0 8f -- -- -- -- -- -- -- ec -- -- -- cc 53 -- -- -- -- 87 3e -- 43 3d c5 de eb  9 93 9a fe -- -- -- -- bd -- -- 4e 2a -- -- -- -- -- b3 fc -- 5e -- -- -- -- -- -- e4 af 51 3c -- -- -- 72 c3 -- -- -- -- -- -- 15 -- -- b2 -- -- b5 -- f5 6f ef 4d -- -- a8 -- -- 76 -- 66 -- ac -- -- c7 -- -- -- f2 -- 8d -- -- -- -- -- -- -- -- -- 3b 33 56 -- dc cd -- -- -- 59 -- -- 8a -- -- -- 

solutions so far:0 maxDepth:9 
iterations:4827481  skipped: 1 
Depth skipped: 
0 0 1 0 0 0 0 0 0 0 0 0 0 0 0 0 0 0 0 0 0 0 0 0 0 0 0 0 0 0 0 0 

running time: 600 sec
 depth:6
 0  1  2  3  4  5  6  7  8  9  a  b  c  d  e  f 10 11 12 13 14 15 16 17 18 19 1a 1b 1c 1d 1e 1f 20 21 22 23 24 25 26 27 28 29 2a 2b 2c 2d 2e 2f 30 31 32 33 34 35 36 37 38 39 3a 3b 3c 3d 3e 3f 40 41 42 43 44 45 46 47 48 49 4a 4b 4c 4d 4e 4f 50 51 52 53 54 55 56 57 58 59 5a 5b 5c 5d 5e 5f 60 61 62 63 64 65 66 67 68 69 6a 6b 6c 6d 6e 6f 70 71 72 73 74 75 76 77 78 79 7a 7b 7c 7d 7e 7f 80 81 82 83 84 85 86 87 88 89 8a 8b 8c 8d 8e 8f 90 91 92 93 94 95 96 97 98 99 9a 9b 9c 9d 9e 9f a0 a1 a2 a3 a4 a5 a6 a7 a8 a9 aa ab ac ad ae af b0 b1 b2 b3 b4 b5 b6 b7 b8 b9 ba bb bc bd be bf c0 c1 c2 c3 c4 c5 c6 c7 c8 c9 ca cb cc cd ce cf d0 d1 d2 d3 d4 d5 d6 d7 d8 d9 da db dc dd de df e0 e1 e2 e3 e4 e5 e6 e7 e8 e9 ea eb ec ed ee ef f0 f1 f2 f3 f4 f5 f6 f7 f8 f9 fa fb fc fd fe ff 
 0  1  2 12  4 e8 24 4a  8 61  7 bb 48 6d 94 -- 10 -- c2 ca  e 7c a1 -- 90 e1 da -- ff -- -- -- 20 -- -- -- 53 -- 43 4f 1c -- f8 -- 95 -- -- -- f7 -- 15 -- 63 -- -- -- 29 d7 -- -- -- -- -- b8 40 -- -- -- -- -- -- -- a6 -- -- 1f 86 85 9e 3a 38 -- -- -- 27 -- -- -- fd 5a -- -- -- bf -- -- 39 -- -- -- 2a -- --  a c6 9c -- 87 -- -- -- -- 52 -- 79 50 -- -- -- -- -- e0 -- -- -- -- a7 -- 80 -- -- 5c -- -- -- -- -- -- -- -- -- -- -- cc 9b -- -- -- -- 65 3e -- db b6 dd -- eb  9 74 25 70 -- -- -- -- 28 -- -- 4e a8 -- -- -- -- --  5 2d -- b4 -- -- -- -- -- -- e4 a9 1d -- -- -- -- 72 e5 -- -- -- -- -- -- 54 -- -- e9 -- -- 14 -- 5b -- ef f9 -- -- d9 -- -- -- -- 66 -- 2e -- -- a4 -- -- -- f2 -- a0 -- -- -- -- -- -- -- -- -- -- 33 17 -- -- 97 -- -- -- 9f -- -- 99 -- -- -- 

solutions so far:0 maxDepth:9 
iterations:7603459  skipped: 2 
Depth skipped: 
0 0 2 0 0 0 0 0 0 0 0 0 0 0 0 0 0 0 0 0 0 0 0 0 0 0 0 0 0 0 0 0 

running time: 900 sec
 depth:7
 0  1  2  3  4  5  6  7  8  9  a  b  c  d  e  f 10 11 12 13 14 15 16 17 18 19 1a 1b 1c 1d 1e 1f 20 21 22 23 24 25 26 27 28 29 2a 2b 2c 2d 2e 2f 30 31 32 33 34 35 36 37 38 39 3a 3b 3c 3d 3e 3f 40 41 42 43 44 45 46 47 48 49 4a 4b 4c 4d 4e 4f 50 51 52 53 54 55 56 57 58 59 5a 5b 5c 5d 5e 5f 60 61 62 63 64 65 66 67 68 69 6a 6b 6c 6d 6e 6f 70 71 72 73 74 75 76 77 78 79 7a 7b 7c 7d 7e 7f 80 81 82 83 84 85 86 87 88 89 8a 8b 8c 8d 8e 8f 90 91 92 93 94 95 96 97 98 99 9a 9b 9c 9d 9e 9f a0 a1 a2 a3 a4 a5 a6 a7 a8 a9 aa ab ac ad ae af b0 b1 b2 b3 b4 b5 b6 b7 b8 b9 ba bb bc bd be bf c0 c1 c2 c3 c4 c5 c6 c7 c8 c9 ca cb cc cd ce cf d0 d1 d2 d3 d4 d5 d6 d7 d8 d9 da db dc dd de df e0 e1 e2 e3 e4 e5 e6 e7 e8 e9 ea eb ec ed ee ef f0 f1 f2 f3 f4 f5 f6 f7 f8 f9 fa fb fc fd fe ff 
 0  1  2 12  4 e0 24 93  8 c0 17 cd 48 b3 f1 26 10 -- 57  c 2e 7c 4d -- 90 55 b1 -- 35 -- 4c -- 20 -- -- -- ae -- 18 4f 5c -- f8 -- 9a -- -- c8 f7 -- aa -- b5 -- -- -- 6a d7 -- -- 98 82 -- 74 40 cb -- -- -- -- -- -- 8b -- -- 1f 30 59 9e 38 b8 -- -- -- 27 -- -- -- e3 22 -- -- -- 88 47 -- 39 -- -- -- 83 -- -- ac bd 9c -- ea -- -- -- -- d4 -- 79 45 -- -- -- -- e7 99 d3 -- -- -- e8 -- 80 -- 41 3a -- -- -- -- -- -- -- 64 -- -- -- cc c1 -- -- -- --  6 3e -- 60 8d b2 13 eb  9 70 a2 a7 -- -- -- -- c9 -- -- 4e 75 -- -- -- -- -- 56 11 -- 44 -- -- -- -- -- -- e4 c7 1c 8e -- -- -- 72  e -- -- -- -- -- -- d1 -- -- 2b -- -- 8f -- ad e2 ef 51 -- --  3 -- -- 32 -- 66 -- 1d -- -- 7f -- -- -- f2 -- 8a -- -- -- -- -- -- -- -- -- 19 33 e5 -- 71 c3 -- -- -- fe -- --  7 -- -- -- 

solutions so far:0 maxDepth:9 
iterations:9864647  skipped: 3 
Depth skipped: 
0 0 3 0 0 0 0 0 0 0 0 0 0 0 0 0 0 0 0 0 0 0 0 0 0 0 0 0 0 0 0 0 

running time: 1200 sec
 depth:7
 0  1  2  3  4  5  6  7  8  9  a  b  c  d  e  f 10 11 12 13 14 15 16 17 18 19 1a 1b 1c 1d 1e 1f 20 21 22 23 24 25 26 27 28 29 2a 2b 2c 2d 2e 2f 30 31 32 33 34 35 36 37 38 39 3a 3b 3c 3d 3e 3f 40 41 42 43 44 45 46 47 48 49 4a 4b 4c 4d 4e 4f 50 51 52 53 54 55 56 57 58 59 5a 5b 5c 5d 5e 5f 60 61 62 63 64 65 66 67 68 69 6a 6b 6c 6d 6e 6f 70 71 72 73 74 75 76 77 78 79 7a 7b 7c 7d 7e 7f 80 81 82 83 84 85 86 87 88 89 8a 8b 8c 8d 8e 8f 90 91 92 93 94 95 96 97 98 99 9a 9b 9c 9d 9e 9f a0 a1 a2 a3 a4 a5 a6 a7 a8 a9 aa ab ac ad ae af b0 b1 b2 b3 b4 b5 b6 b7 b8 b9 ba bb bc bd be bf c0 c1 c2 c3 c4 c5 c6 c7 c8 c9 ca cb cc cd ce cf d0 d1 d2 d3 d4 d5 d6 d7 d8 d9 da db dc dd de df e0 e1 e2 e3 e4 e5 e6 e7 e8 e9 ea eb ec ed ee ef f0 f1 f2 f3 f4 f5 f6 f7 f8 f9 fa fb fc fd fe ff 
 0  1  2 12  4 da 24 8d  8 b7 63 3c 48 f6 cd 60 10 -- b9 16 c6 7c 78 -- 90  d 3b -- 4d -- c0 -- 20 -- -- -- a5 -- 2c 4f 5b -- f8 -- f0 -- -- aa f7 -- 1a -- 76 -- -- -- 9a d7 -- -- 57  3 -- 5a 40 75 -- -- -- -- -- -- 9d -- -- 1f 58 d6 9e dd b6 -- -- -- 27 -- -- -- 37 dc -- -- -- de 83 -- 39 -- -- -- 34 -- -- c7 ec 9c -- 77 -- -- -- -- e3 -- 79 b3 -- -- -- -- ae a1  6 -- -- -- b4 -- 80 -- ea 2d -- -- -- -- -- -- -- 55 -- -- -- cc ed -- -- -- --  b 3e -- b0 1e 7b 30 eb  9 6d ad bb -- -- -- -- b2 -- -- 4e d0 -- -- -- -- -- 88 6e -- 6f -- -- -- -- -- -- e4 6b 85 d1 -- -- -- 72 a9 -- -- -- -- -- -- 68 -- -- 44 -- -- 59 --  f 18 ef bd -- -- ee -- -- c1 -- 66 -- fd -- -- 11 -- -- -- f2 -- b1 -- -- -- -- -- -- -- -- -- 8b 33 95 --  c b5 -- -- -- 22 -- -- bf -- -- -- 

solutions so far:0 maxDepth:9 
iterations:12709365  skipped: 3 
Depth skipped: 
0 0 3 0 0 0 0 0 0 0 0 0 0 0 0 0 0 0 0 0 0 0 0 0 0 0 0 0 0 0 0 0 

running time: 1500 sec
 depth:7
 0  1  2  3  4  5  6  7  8  9  a  b  c  d  e  f 10 11 12 13 14 15 16 17 18 19 1a 1b 1c 1d 1e 1f 20 21 22 23 24 25 26 27 28 29 2a 2b 2c 2d 2e 2f 30 31 32 33 34 35 36 37 38 39 3a 3b 3c 3d 3e 3f 40 41 42 43 44 45 46 47 48 49 4a 4b 4c 4d 4e 4f 50 51 52 53 54 55 56 57 58 59 5a 5b 5c 5d 5e 5f 60 61 62 63 64 65 66 67 68 69 6a 6b 6c 6d 6e 6f 70 71 72 73 74 75 76 77 78 79 7a 7b 7c 7d 7e 7f 80 81 82 83 84 85 86 87 88 89 8a 8b 8c 8d 8e 8f 90 91 92 93 94 95 96 97 98 99 9a 9b 9c 9d 9e 9f a0 a1 a2 a3 a4 a5 a6 a7 a8 a9 aa ab ac ad ae af b0 b1 b2 b3 b4 b5 b6 b7 b8 b9 ba bb bc bd be bf c0 c1 c2 c3 c4 c5 c6 c7 c8 c9 ca cb cc cd ce cf d0 d1 d2 d3 d4 d5 d6 d7 d8 d9 da db dc dd de df e0 e1 e2 e3 e4 e5 e6 e7 e8 e9 ea eb ec ed ee ef f0 f1 f2 f3 f4 f5 f6 f7 f8 f9 fa fb fc fd fe ff 
 0  1  2 12  4 d2 24 fe  8 a1 73 ec 48 6b 2b c7 10 -- 95 c6 e6 7c  f -- 90 b4 d6 -- 56 -- 59 -- 20 -- -- -- fd -- 5b 4f 1b -- f8 -- 1e -- -- ad f7 -- bf -- 7b -- -- -- ac d7 -- -- b2 e3 -- 96 40 4d -- -- -- -- -- -- 2d -- -- 1f b6 6f 9e df 36 -- -- -- 27 -- -- -- 3c f0 -- -- -- 6e 8d -- 39 -- -- -- a9 -- -- 51 f6 9c -- 6d -- -- -- -- 8f -- 79 f1 -- -- -- -- b3 d8 11 -- -- -- fb -- 80 -- 9a 4b -- -- -- -- -- -- -- bd -- -- -- cc 5a -- -- -- -- 63 3e -- bb 76 de 88 eb  9 69 7f 6c -- -- -- -- 93 -- -- 4e dd -- -- -- -- -- c3 78 -- 37 -- -- -- -- -- -- e4 dc 84 cd -- -- -- 72 42 -- -- -- -- -- -- 85 -- -- 8a -- -- a2 -- 3b 44 ef d4 -- -- da -- -- b5 -- 66 -- ce -- -- c9 -- -- -- f2 -- 35 -- -- -- -- -- -- -- -- -- b1 33 67 -- 22 6a -- -- -- 45 -- -- 21 -- -- -- 

solutions so far:0 maxDepth:9 
iterations:14918224  skipped: 4 
Depth skipped: 
0 0 4 0 0 0 0 0 0 0 0 0 0 0 0 0 0 0 0 0 0 0 0 0 0 0 0 0 0 0 0 0 

running time: 1800 sec
 depth:6
 0  1  2  3  4  5  6  7  8  9  a  b  c  d  e  f 10 11 12 13 14 15 16 17 18 19 1a 1b 1c 1d 1e 1f 20 21 22 23 24 25 26 27 28 29 2a 2b 2c 2d 2e 2f 30 31 32 33 34 35 36 37 38 39 3a 3b 3c 3d 3e 3f 40 41 42 43 44 45 46 47 48 49 4a 4b 4c 4d 4e 4f 50 51 52 53 54 55 56 57 58 59 5a 5b 5c 5d 5e 5f 60 61 62 63 64 65 66 67 68 69 6a 6b 6c 6d 6e 6f 70 71 72 73 74 75 76 77 78 79 7a 7b 7c 7d 7e 7f 80 81 82 83 84 85 86 87 88 89 8a 8b 8c 8d 8e 8f 90 91 92 93 94 95 96 97 98 99 9a 9b 9c 9d 9e 9f a0 a1 a2 a3 a4 a5 a6 a7 a8 a9 aa ab ac ad ae af b0 b1 b2 b3 b4 b5 b6 b7 b8 b9 ba bb bc bd be bf c0 c1 c2 c3 c4 c5 c6 c7 c8 c9 ca cb cc cd ce cf d0 d1 d2 d3 d4 d5 d6 d7 d8 d9 da db dc dd de df e0 e1 e2 e3 e4 e5 e6 e7 e8 e9 ea eb ec ed ee ef f0 f1 f2 f3 f4 f5 f6 f7 f8 f9 fa fb fc fd fe ff 
 0  1  2 12  4 c7 24 92  8 c1 59 db 48 87 f3 -- 10 -- 55 c0 b2 7c 61 -- 90 75 d9 -- 31 -- -- -- 20 -- -- -- aa -- 57 4f b3 -- f8 -- c2 -- -- -- f7 -- ea -- 65 -- -- -- 62 d7 -- -- -- -- -- 4d 40 -- -- -- -- -- -- -- 83 -- -- 1f ae 54 9e 44 b1 -- -- -- 27 -- -- -- 53 9b -- -- -- 15 -- -- 39 -- -- --  3 -- -- d5 ca 9c -- 18 -- -- -- -- c4 -- 79 23 -- -- -- -- -- bd -- -- -- -- 9a -- 80 -- -- cd -- -- -- -- -- -- -- -- -- -- -- cc d1 -- -- -- -- 60 3e -- 8b 86 a8 -- eb  9 88 49 b5 -- -- -- -- fa -- -- 4e  c -- -- -- -- -- 81 a6 -- e1 -- -- -- -- -- -- e4 2a 22 -- -- -- -- 72 11 -- -- -- -- -- --  6 -- -- ab -- -- 7d -- 43 -- ef cf -- -- 30 -- -- -- -- 66 -- 8d -- -- 5f -- -- -- f2 -- 46 -- -- -- -- -- -- -- -- -- -- 33 ad -- -- 8c -- -- -- be -- -- e3 -- -- -- 

solutions so far:0 maxDepth:9 
iterations:18398695  skipped: 5 
Depth skipped: 
0 0 5 0 0 0 0 0 0 0 0 0 0 0 0 0 0 0 0 0 0 0 0 0 0 0 0 0 0 0 0 0 

running time: 2100 sec
 depth:7
 0  1  2  3  4  5  6  7  8  9  a  b  c  d  e  f 10 11 12 13 14 15 16 17 18 19 1a 1b 1c 1d 1e 1f 20 21 22 23 24 25 26 27 28 29 2a 2b 2c 2d 2e 2f 30 31 32 33 34 35 36 37 38 39 3a 3b 3c 3d 3e 3f 40 41 42 43 44 45 46 47 48 49 4a 4b 4c 4d 4e 4f 50 51 52 53 54 55 56 57 58 59 5a 5b 5c 5d 5e 5f 60 61 62 63 64 65 66 67 68 69 6a 6b 6c 6d 6e 6f 70 71 72 73 74 75 76 77 78 79 7a 7b 7c 7d 7e 7f 80 81 82 83 84 85 86 87 88 89 8a 8b 8c 8d 8e 8f 90 91 92 93 94 95 96 97 98 99 9a 9b 9c 9d 9e 9f a0 a1 a2 a3 a4 a5 a6 a7 a8 a9 aa ab ac ad ae af b0 b1 b2 b3 b4 b5 b6 b7 b8 b9 ba bb bc bd be bf c0 c1 c2 c3 c4 c5 c6 c7 c8 c9 ca cb cc cd ce cf d0 d1 d2 d3 d4 d5 d6 d7 d8 d9 da db dc dd de df e0 e1 e2 e3 e4 e5 e6 e7 e8 e9 ea eb ec ed ee ef f0 f1 f2 f3 f4 f5 f6 f7 f8 f9 fa fb fc fd fe ff 
 0  1  2 12  4 c0 24 84  8 78 57 28 48 a4 df 5d 10 -- f0 ec ae 7c 50 -- 90 6f 9f -- 69 -- ba -- 20 -- -- -- 37 --  f 4f 8b -- f8 -- a0 -- -- f4 f7 -- de -- e9 -- -- -- d2 d7 -- -- a3 5e -- ea 40 fc -- -- -- -- -- -- 6e -- -- 1f 1e 29 9e 30 c1 -- -- -- 27 -- -- -- 97 25 -- -- -- 94 3f -- 39 -- -- -- 6b -- -- d8  5 9c -- f6 -- -- -- -- 73 -- 79 4b -- -- -- -- 91 aa bc -- -- --  3 -- 80 -- 2f 75 -- -- -- -- -- -- -- 7a -- -- -- cc dc -- -- -- -- 76 3e -- 3c 14 52 c5 eb  9 60 42 55 -- -- -- -- ce -- -- 4e 7b -- -- -- -- -- 6c f9 -- 4a -- -- -- -- -- -- e4 ff 18 7e -- -- -- 72  c -- -- -- -- -- -- d6 -- -- 36 -- -- 67 --  a 89 ef 21 -- -- 3b -- -- 3d -- 66 -- d1 -- -- e6 -- -- -- f2 -- 96 -- -- -- -- -- -- -- -- -- f5 33 83 -- af fb -- -- -- 1b -- --  6 -- -- -- 

solutions so far:0 maxDepth:9 
iterations:20870808  skipped: 5 
Depth skipped: 
0 0 5 0 0 0 0 0 0 0 0 0 0 0 0 0 0 0 0 0 0 0 0 0 0 0 0 0 0 0 0 0 

running time: 2400 sec
 depth:7
 0  1  2  3  4  5  6  7  8  9  a  b  c  d  e  f 10 11 12 13 14 15 16 17 18 19 1a 1b 1c 1d 1e 1f 20 21 22 23 24 25 26 27 28 29 2a 2b 2c 2d 2e 2f 30 31 32 33 34 35 36 37 38 39 3a 3b 3c 3d 3e 3f 40 41 42 43 44 45 46 47 48 49 4a 4b 4c 4d 4e 4f 50 51 52 53 54 55 56 57 58 59 5a 5b 5c 5d 5e 5f 60 61 62 63 64 65 66 67 68 69 6a 6b 6c 6d 6e 6f 70 71 72 73 74 75 76 77 78 79 7a 7b 7c 7d 7e 7f 80 81 82 83 84 85 86 87 88 89 8a 8b 8c 8d 8e 8f 90 91 92 93 94 95 96 97 98 99 9a 9b 9c 9d 9e 9f a0 a1 a2 a3 a4 a5 a6 a7 a8 a9 aa ab ac ad ae af b0 b1 b2 b3 b4 b5 b6 b7 b8 b9 ba bb bc bd be bf c0 c1 c2 c3 c4 c5 c6 c7 c8 c9 ca cb cc cd ce cf d0 d1 d2 d3 d4 d5 d6 d7 d8 d9 da db dc dd de df e0 e1 e2 e3 e4 e5 e6 e7 e8 e9 ea eb ec ed ee ef f0 f1 f2 f3 f4 f5 f6 f7 f8 f9 fa fb fc fd fe ff 
 0  1  2 12  4 b8 24 a9  8 aa a7 73 48 21 85 b9 10 -- 83 ae 99 7c e6 -- 90  3 42 -- dd -- a5 -- 20 -- -- -- d1 -- 8b 4f e5 -- f8 -- 1b -- -- 68 f7 --  6 -- 84 -- -- -- 6d d7 -- -- 9d 16 -- 1c 40 ee -- -- -- -- -- -- 75 -- -- 1f c1 96 9e 2e 1d -- -- -- 27 -- -- -- 36 d8 -- -- -- ce d0 -- 39 -- -- --  c -- -- bb df 9c -- 60 -- -- -- -- da -- 79 fd -- -- -- -- ed 74 2c -- -- -- 38 -- 80 --  b  e -- -- -- -- -- -- -- 34 -- -- -- cc ea -- -- -- -- 57 3e -- 55 d2 fb b7 eb  9 5c bf 3a -- -- -- -- 95 -- -- 4e 30 -- -- -- -- -- b6 6c -- 67 -- -- -- -- -- -- e4 4b 17 77 -- -- -- 72 e0 -- -- -- -- -- -- 18 -- -- 5b -- -- a1 -- 69 b0 ef b4 -- -- c0 -- -- 1a -- 66 --  7 -- -- 63 -- -- -- f2 -- 2d -- -- -- -- -- -- -- -- --  d 33 e8 -- 58 5a -- -- -- c6 -- -- 70 -- -- -- 

solutions so far:0 maxDepth:9 
iterations:24110137  skipped: 5 
Depth skipped: 
0 0 5 0 0 0 0 0 0 0 0 0 0 0 0 0 0 0 0 0 0 0 0 0 0 0 0 0 0 0 0 0 

running time: 2700 sec
 depth:7
 0  1  2  3  4  5  6  7  8  9  a  b  c  d  e  f 10 11 12 13 14 15 16 17 18 19 1a 1b 1c 1d 1e 1f 20 21 22 23 24 25 26 27 28 29 2a 2b 2c 2d 2e 2f 30 31 32 33 34 35 36 37 38 39 3a 3b 3c 3d 3e 3f 40 41 42 43 44 45 46 47 48 49 4a 4b 4c 4d 4e 4f 50 51 52 53 54 55 56 57 58 59 5a 5b 5c 5d 5e 5f 60 61 62 63 64 65 66 67 68 69 6a 6b 6c 6d 6e 6f 70 71 72 73 74 75 76 77 78 79 7a 7b 7c 7d 7e 7f 80 81 82 83 84 85 86 87 88 89 8a 8b 8c 8d 8e 8f 90 91 92 93 94 95 96 97 98 99 9a 9b 9c 9d 9e 9f a0 a1 a2 a3 a4 a5 a6 a7 a8 a9 aa ab ac ad ae af b0 b1 b2 b3 b4 b5 b6 b7 b8 b9 ba bb bc bd be bf c0 c1 c2 c3 c4 c5 c6 c7 c8 c9 ca cb cc cd ce cf d0 d1 d2 d3 d4 d5 d6 d7 d8 d9 da db dc dd de df e0 e1 e2 e3 e4 e5 e6 e7 e8 e9 ea eb ec ed ee ef f0 f1 f2 f3 f4 f5 f6 f7 f8 f9 fa fb fc fd fe ff 
 0  1  2 12  4 af 24 97  8 df 89 3c 48 f6 f9 a7 10 -- 69 fb c5 7c 78 -- 90 1b 3b -- 25 -- 99 -- 20 -- -- -- d2 -- 21 4f 5d -- f8 -- f0 -- --  7 f7 -- 36 -- 76 -- -- -- 4a d7 -- -- e5 e0 -- f4 40 38 -- -- -- -- -- -- 73 -- -- 1f 42 d6 9e 5e ba -- -- -- 27 -- -- -- 37 dc -- -- -- de  e -- 39 -- -- -- 6c -- -- 9f ec 9c -- ce -- -- -- -- 94 -- 79  a -- -- -- -- 1d 91 17 -- -- -- 3f -- 80 -- 70 7a -- -- -- -- -- -- -- e8 -- -- -- cc e6 -- -- -- -- 96 3e -- 84 1e 7b b8 eb  9 bc a0 a3 -- -- -- --  5 -- -- 4e 67 -- -- -- -- -- a4 6e -- 6f -- -- -- -- -- -- e4 6b 2f 1c -- -- -- 72 fc -- -- -- -- -- -- d8 -- -- 52 -- -- e9 --  f 5c ef 50 -- -- 4b -- -- 74 -- 66 -- 3d -- -- ff -- -- -- f2 -- 14 -- -- -- -- -- -- -- -- -- 3a 33 f5 -- 2e 28 -- -- -- 29 -- -- 7e -- -- -- 

solutions so far:0 maxDepth:9 
iterations:27106754  skipped: 6 
Depth skipped: 
0 0 6 0 0 0 0 0 0 0 0 0 0 0 0 0 0 0 0 0 0 0 0 0 0 0 0 0 0 0 0 0 

running time: 3000 sec
 depth:7
 0  1  2  3  4  5  6  7  8  9  a  b  c  d  e  f 10 11 12 13 14 15 16 17 18 19 1a 1b 1c 1d 1e 1f 20 21 22 23 24 25 26 27 28 29 2a 2b 2c 2d 2e 2f 30 31 32 33 34 35 36 37 38 39 3a 3b 3c 3d 3e 3f 40 41 42 43 44 45 46 47 48 49 4a 4b 4c 4d 4e 4f 50 51 52 53 54 55 56 57 58 59 5a 5b 5c 5d 5e 5f 60 61 62 63 64 65 66 67 68 69 6a 6b 6c 6d 6e 6f 70 71 72 73 74 75 76 77 78 79 7a 7b 7c 7d 7e 7f 80 81 82 83 84 85 86 87 88 89 8a 8b 8c 8d 8e 8f 90 91 92 93 94 95 96 97 98 99 9a 9b 9c 9d 9e 9f a0 a1 a2 a3 a4 a5 a6 a7 a8 a9 aa ab ac ad ae af b0 b1 b2 b3 b4 b5 b6 b7 b8 b9 ba bb bc bd be bf c0 c1 c2 c3 c4 c5 c6 c7 c8 c9 ca cb cc cd ce cf d0 d1 d2 d3 d4 d5 d6 d7 d8 d9 da db dc dd de df e0 e1 e2 e3 e4 e5 e6 e7 e8 e9 ea eb ec ed ee ef f0 f1 f2 f3 f4 f5 f6 f7 f8 f9 fa fb fc fd fe ff 
 0  1  2 12  4 a4 24 d4  8 64 9f 61 48 d9 7f  b 10 -- c8 98 e9 7c c2 -- 90 41 65 -- fe -- 16 -- 20 -- -- -- 47 -- e7 4f  5 -- f8 -- 53 -- -- a5 f7 -- 82 -- ca -- -- -- 2b d7 -- -- 2c 34 -- f9 40  d -- -- -- -- -- -- 8e -- -- 1f 19 a8 9e 29  a -- -- -- 27 -- -- -- a6 e1 -- -- -- 2a 9d -- 39 -- -- -- d3 -- -- 8a 43 9c -- 13 -- -- -- -- 56 -- 79 a2 -- -- -- -- 58 28 68 -- -- -- 25 -- 80 -- 1a 97 -- -- -- -- -- -- -- b9 -- -- -- cc cb -- -- -- -- 4c 3e -- 32 db 87 ee eb  9 52 6a 14 -- -- -- -- 51 -- -- 4e e2 -- -- -- -- -- 45 9b -- 15 -- -- -- -- -- -- e4 54 ff ed -- -- -- 72 94 -- -- -- -- -- -- 71 -- -- c9 -- -- c3 -- 86 77 ef 35 -- -- 26 -- -- b7 -- 66 -- a0 -- -- ac -- -- -- f2 -- 93 -- -- -- -- -- -- -- -- -- b0 33 50 -- d0 f1 -- -- -- 8f -- -- 4a -- -- -- 

solutions so far:0 maxDepth:9 
iterations:30948281  skipped: 6 
Depth skipped: 
0 0 6 0 0 0 0 0 0 0 0 0 0 0 0 0 0 0 0 0 0 0 0 0 0 0 0 0 0 0 0 0 

running time: 3300 sec
 depth:6
 0  1  2  3  4  5  6  7  8  9  a  b  c  d  e  f 10 11 12 13 14 15 16 17 18 19 1a 1b 1c 1d 1e 1f 20 21 22 23 24 25 26 27 28 29 2a 2b 2c 2d 2e 2f 30 31 32 33 34 35 36 37 38 39 3a 3b 3c 3d 3e 3f 40 41 42 43 44 45 46 47 48 49 4a 4b 4c 4d 4e 4f 50 51 52 53 54 55 56 57 58 59 5a 5b 5c 5d 5e 5f 60 61 62 63 64 65 66 67 68 69 6a 6b 6c 6d 6e 6f 70 71 72 73 74 75 76 77 78 79 7a 7b 7c 7d 7e 7f 80 81 82 83 84 85 86 87 88 89 8a 8b 8c 8d 8e 8f 90 91 92 93 94 95 96 97 98 99 9a 9b 9c 9d 9e 9f a0 a1 a2 a3 a4 a5 a6 a7 a8 a9 aa ab ac ad ae af b0 b1 b2 b3 b4 b5 b6 b7 b8 b9 ba bb bc bd be bf c0 c1 c2 c3 c4 c5 c6 c7 c8 c9 ca cb cc cd ce cf d0 d1 d2 d3 d4 d5 d6 d7 d8 d9 da db dc dd de df e0 e1 e2 e3 e4 e5 e6 e7 e8 e9 ea eb ec ed ee ef f0 f1 f2 f3 f4 f5 f6 f7 f8 f9 fa fb fc fd fe ff 
 0  1  2 12  4 9b 24 74  8 95 e1 30 48 75 e8 -- 10 -- fd 5b 15 7c 60 -- 90 bf ea --  7 -- -- -- 20 -- -- -- 2d -- b6 4f 2a -- f8 -- c0 -- -- -- f7 -- a9 --  3 -- -- --  e d7 -- -- -- -- -- 43 40 -- -- -- -- -- -- -- 5a -- -- 1f bb 83 9e 53 54 -- -- -- 27 -- -- -- 57 8b -- -- -- 55 -- -- 39 -- -- -- 85 -- -- 2e  6 9c -- da -- -- -- -- 1c -- 79 a7 -- -- -- -- -- 87 -- -- -- -- 86 -- 80 -- -- ca -- -- -- -- -- -- -- -- -- -- -- cc b4 -- -- -- -- c6 3e -- a1 18 d1 -- eb  9 a6 3a a8 -- -- -- -- b8 -- -- 4e 6d -- -- -- -- -- 17 ae -- c1 -- -- -- -- -- -- e4 aa c2 -- -- -- -- 72 61 -- -- -- -- -- -- dd -- -- e0 -- -- 5c --  c -- ef 1d -- -- 63 -- -- -- -- 66 -- 65 -- -- 38 -- -- -- f2 -- 99 -- -- -- -- -- -- -- -- -- -- 33 d9 -- -- e5 -- -- -- 70 -- -- db -- -- -- 

solutions so far:0 maxDepth:9 
iterations:34103342  skipped: 6 
Depth skipped: 
0 0 6 0 0 0 0 0 0 0 0 0 0 0 0 0 0 0 0 0 0 0 0 0 0 0 0 0 0 0 0 0 

running time: 3600 sec
 depth:6
 0  1  2  3  4  5  6  7  8  9  a  b  c  d  e  f 10 11 12 13 14 15 16 17 18 19 1a 1b 1c 1d 1e 1f 20 21 22 23 24 25 26 27 28 29 2a 2b 2c 2d 2e 2f 30 31 32 33 34 35 36 37 38 39 3a 3b 3c 3d 3e 3f 40 41 42 43 44 45 46 47 48 49 4a 4b 4c 4d 4e 4f 50 51 52 53 54 55 56 57 58 59 5a 5b 5c 5d 5e 5f 60 61 62 63 64 65 66 67 68 69 6a 6b 6c 6d 6e 6f 70 71 72 73 74 75 76 77 78 79 7a 7b 7c 7d 7e 7f 80 81 82 83 84 85 86 87 88 89 8a 8b 8c 8d 8e 8f 90 91 92 93 94 95 96 97 98 99 9a 9b 9c 9d 9e 9f a0 a1 a2 a3 a4 a5 a6 a7 a8 a9 aa ab ac ad ae af b0 b1 b2 b3 b4 b5 b6 b7 b8 b9 ba bb bc bd be bf c0 c1 c2 c3 c4 c5 c6 c7 c8 c9 ca cb cc cd ce cf d0 d1 d2 d3 d4 d5 d6 d7 d8 d9 da db dc dd de df e0 e1 e2 e3 e4 e5 e6 e7 e8 e9 ea eb ec ed ee ef f0 f1 f2 f3 f4 f5 f6 f7 f8 f9 fa fb fc fd fe ff 
 0  1  2 12  4 95 24 19  8 76 fd f1 48 45 32 -- 10 -- ec d6 2d 7c 35 -- 90 78 8a -- 64 -- -- -- 20 -- -- --  f -- 7b 4f 5a -- f8 -- 6a -- -- -- f7 -- f0 -- c3 -- -- -- c8 d7 -- -- -- -- -- da 40 -- -- -- -- -- -- -- 1e -- -- 1f f6 8f 9e bb b4 -- -- -- 27 -- -- -- d4 fe -- -- -- 56 -- -- 39 -- -- -- 37 -- -- d3 51 9c -- 6f -- -- -- -- 47 -- 79 13 -- -- -- -- -- a9 -- -- -- -- 63 -- 80 -- -- 6d -- -- -- -- -- -- -- -- -- -- -- cc 3c -- -- -- -- 6b 3e -- 3b 93 c9 -- eb  9 a1 e7 bf -- -- -- -- e2 -- -- 4e dc -- -- -- -- -- 82 7f -- 2b -- -- -- -- -- -- e4 ac b6 -- -- -- -- 72 5b -- -- -- -- -- -- 6e -- -- 41 -- -- 71 -- a2 -- ef 98 -- -- de -- -- -- -- 66 -- dd -- -- 8e -- -- -- f2 -- 26 -- -- -- -- -- -- -- -- -- -- 33 85 -- -- 4c -- -- -- cb -- -- c6 -- -- -- 

solutions so far:0 maxDepth:9 
iterations:37094037  skipped: 6 
Depth skipped: 
0 0 6 0 0 0 0 0 0 0 0 0 0 0 0 0 0 0 0 0 0 0 0 0 0 0 0 0 0 0 0 0 

running time: 3900 sec
 depth:6
 0  1  2  3  4  5  6  7  8  9  a  b  c  d  e  f 10 11 12 13 14 15 16 17 18 19 1a 1b 1c 1d 1e 1f 20 21 22 23 24 25 26 27 28 29 2a 2b 2c 2d 2e 2f 30 31 32 33 34 35 36 37 38 39 3a 3b 3c 3d 3e 3f 40 41 42 43 44 45 46 47 48 49 4a 4b 4c 4d 4e 4f 50 51 52 53 54 55 56 57 58 59 5a 5b 5c 5d 5e 5f 60 61 62 63 64 65 66 67 68 69 6a 6b 6c 6d 6e 6f 70 71 72 73 74 75 76 77 78 79 7a 7b 7c 7d 7e 7f 80 81 82 83 84 85 86 87 88 89 8a 8b 8c 8d 8e 8f 90 91 92 93 94 95 96 97 98 99 9a 9b 9c 9d 9e 9f a0 a1 a2 a3 a4 a5 a6 a7 a8 a9 aa ab ac ad ae af b0 b1 b2 b3 b4 b5 b6 b7 b8 b9 ba bb bc bd be bf c0 c1 c2 c3 c4 c5 c6 c7 c8 c9 ca cb cc cd ce cf d0 d1 d2 d3 d4 d5 d6 d7 d8 d9 da db dc dd de df e0 e1 e2 e3 e4 e5 e6 e7 e8 e9 ea eb ec ed ee ef f0 f1 f2 f3 f4 f5 f6 f7 f8 f9 fa fb fc fd fe ff 
 0  1  2 12  4 8b 24 c5  8 34 c1 2e 48  e 5d -- 10 -- 68 9d 55 7c 5c -- 90  b 1c -- ba -- -- -- 20 -- -- -- d0 -- ed 4f aa -- f8 -- b8 -- -- -- f7 -- 16 -- 38 -- -- -- a3 d7 -- -- -- -- --  c 40 -- -- -- -- -- -- -- 77 -- -- 1f  d e8 9e 57 83 -- -- -- 27 -- -- -- a7 e5 -- -- -- 3a -- -- 39 -- -- -- 2c -- -- 3f 70 9c -- b7 -- -- -- -- 91 -- 79 2f -- -- -- -- -- 75 -- -- -- -- 18 -- 80 -- --  6 -- -- -- -- -- -- -- -- -- -- -- cc ee -- -- -- -- a5 3e -- 1a 17  7 -- eb  9 ae 89 d1 -- -- -- -- fc -- -- 4e b0 -- -- -- -- -- f4 99 -- 1d -- -- -- -- -- -- e4 74 c0 -- -- -- -- 72 60 -- -- -- -- -- -- 58 -- -- 7a -- -- 7e -- e0 -- ef af -- -- b9 -- -- -- -- 66 --  3 -- -- f5 -- -- -- f2 -- 5e -- -- -- -- -- -- -- -- -- -- 33 ea -- -- bc -- -- -- 3d -- -- 30 -- -- -- 

solutions so far:0 maxDepth:10 
iterations:41027420  skipped: 6 
Depth skipped: 
0 0 6 0 0 0 0 0 0 0 0 0 0 0 0 0 0 0 0 0 0 0 0 0 0 0 0 0 0 0 0 0 

running time: 4200 sec
 depth:6
 0  1  2  3  4  5  6  7  8  9  a  b  c  d  e  f 10 11 12 13 14 15 16 17 18 19 1a 1b 1c 1d 1e 1f 20 21 22 23 24 25 26 27 28 29 2a 2b 2c 2d 2e 2f 30 31 32 33 34 35 36 37 38 39 3a 3b 3c 3d 3e 3f 40 41 42 43 44 45 46 47 48 49 4a 4b 4c 4d 4e 4f 50 51 52 53 54 55 56 57 58 59 5a 5b 5c 5d 5e 5f 60 61 62 63 64 65 66 67 68 69 6a 6b 6c 6d 6e 6f 70 71 72 73 74 75 76 77 78 79 7a 7b 7c 7d 7e 7f 80 81 82 83 84 85 86 87 88 89 8a 8b 8c 8d 8e 8f 90 91 92 93 94 95 96 97 98 99 9a 9b 9c 9d 9e 9f a0 a1 a2 a3 a4 a5 a6 a7 a8 a9 aa ab ac ad ae af b0 b1 b2 b3 b4 b5 b6 b7 b8 b9 ba bb bc bd be bf c0 c1 c2 c3 c4 c5 c6 c7 c8 c9 ca cb cc cd ce cf d0 d1 d2 d3 d4 d5 d6 d7 d8 d9 da db dc dd de df e0 e1 e2 e3 e4 e5 e6 e7 e8 e9 ea eb ec ed ee ef f0 f1 f2 f3 f4 f5 f6 f7 f8 f9 fa fb fc fd fe ff 
 0  1  2 12  4 7f 24 76  8 67 fe 9f 48 4a ec -- 10 -- ce 1b 2b 7c e9 -- 90 21 94 --  f -- -- -- 20 -- -- -- 4b -- 36 4f 56 -- f8 --  5 -- -- -- f7 -- 42 -- ff -- -- -- 1e d7 -- -- -- -- -- 51 40 -- -- -- -- -- -- -- 96 -- -- 1f 6c f9 9e 6a ac -- -- -- 27 -- -- --  a 28 -- -- -- a0 -- -- 39 -- -- -- 84 -- -- dc 29 9c -- d2 -- -- -- -- 3c -- 79 6b -- -- -- -- -- c9 -- -- -- -- a2 -- 80 -- -- c3 -- -- -- -- -- -- -- -- -- -- -- cc fb -- -- -- -- e6 3e -- d8 a4 25 -- eb  9 d4 3b 8f -- -- -- -- de -- -- 4e 69 -- -- -- -- -- 6e 14 -- 50 -- -- -- -- -- -- e4 97 35 -- -- -- -- 72 f1 -- -- -- -- -- -- df -- -- 37 -- -- 6f -- 52 -- ef f6 -- -- 73 -- -- -- -- 66 -- 8a -- -- 78 -- -- -- f2 -- d6 -- -- -- -- -- -- -- -- -- -- 33 45 -- -- 7b -- -- -- f0 -- -- 93 -- -- -- 

solutions so far:0 maxDepth:10 
iterations:45271076  skipped: 7 
Depth skipped: 
0 0 7 0 0 0 0 0 0 0 0 0 0 0 0 0 0 0 0 0 0 0 0 0 0 0 0 0 0 0 0 0 

running time: 4500 sec
 depth:6
 0  1  2  3  4  5  6  7  8  9  a  b  c  d  e  f 10 11 12 13 14 15 16 17 18 19 1a 1b 1c 1d 1e 1f 20 21 22 23 24 25 26 27 28 29 2a 2b 2c 2d 2e 2f 30 31 32 33 34 35 36 37 38 39 3a 3b 3c 3d 3e 3f 40 41 42 43 44 45 46 47 48 49 4a 4b 4c 4d 4e 4f 50 51 52 53 54 55 56 57 58 59 5a 5b 5c 5d 5e 5f 60 61 62 63 64 65 66 67 68 69 6a 6b 6c 6d 6e 6f 70 71 72 73 74 75 76 77 78 79 7a 7b 7c 7d 7e 7f 80 81 82 83 84 85 86 87 88 89 8a 8b 8c 8d 8e 8f 90 91 92 93 94 95 96 97 98 99 9a 9b 9c 9d 9e 9f a0 a1 a2 a3 a4 a5 a6 a7 a8 a9 aa ab ac ad ae af b0 b1 b2 b3 b4 b5 b6 b7 b8 b9 ba bb bc bd be bf c0 c1 c2 c3 c4 c5 c6 c7 c8 c9 ca cb cc cd ce cf d0 d1 d2 d3 d4 d5 d6 d7 d8 d9 da db dc dd de df e0 e1 e2 e3 e4 e5 e6 e7 e8 e9 ea eb ec ed ee ef f0 f1 f2 f3 f4 f5 f6 f7 f8 f9 fa fb fc fd fe ff 
 0  1  2 12  4 74 24 86  8 92 e8 a3 48 bc db -- 10 -- f3 46  7 7c 91 -- 90 5f af -- 61 -- -- -- 20 -- -- -- 31 -- 8c 4f  e -- f8 -- f5 -- -- -- f7 -- be -- 89 -- -- -- c2 d7 -- -- -- -- -- 5c 40 -- -- -- -- -- -- -- 62 -- -- 1f cf 2f 9e 1d 1c -- -- -- 27 -- -- -- 3d f4 -- -- -- 7e -- -- 39 -- -- -- ab -- -- 2a c5 9c -- 7d -- -- -- -- 53 -- 79 87 -- -- -- -- -- 70 -- -- -- -- b8 -- 80 -- -- 2e -- -- -- -- -- -- -- -- -- -- -- cc c4 -- -- -- -- 23 3e -- 49 ba 5e -- eb  9 3a 43 38 -- -- -- -- a8 -- -- 4e d5 -- -- -- -- -- 15 7a -- 3f -- -- -- -- -- -- e4 fc e5 -- -- -- -- 72 99 -- -- -- -- -- -- 81 -- -- e1 -- -- 54 -- 5d -- ef ca -- -- fa -- -- -- -- 66 -- 17 -- -- a6 -- -- -- f2 -- d9 -- -- -- -- -- -- -- -- -- -- 33 e0 -- -- 65 -- -- -- 9b -- -- a7 -- -- -- 

solutions so far:0 maxDepth:10 
iterations:49164895  skipped: 8 
Depth skipped: 
0 0 8 0 0 0 0 0 0 0 0 0 0 0 0 0 0 0 0 0 0 0 0 0 0 0 0 0 0 0 0 0 

running time: 4800 sec
 depth:7
 0  1  2  3  4  5  6  7  8  9  a  b  c  d  e  f 10 11 12 13 14 15 16 17 18 19 1a 1b 1c 1d 1e 1f 20 21 22 23 24 25 26 27 28 29 2a 2b 2c 2d 2e 2f 30 31 32 33 34 35 36 37 38 39 3a 3b 3c 3d 3e 3f 40 41 42 43 44 45 46 47 48 49 4a 4b 4c 4d 4e 4f 50 51 52 53 54 55 56 57 58 59 5a 5b 5c 5d 5e 5f 60 61 62 63 64 65 66 67 68 69 6a 6b 6c 6d 6e 6f 70 71 72 73 74 75 76 77 78 79 7a 7b 7c 7d 7e 7f 80 81 82 83 84 85 86 87 88 89 8a 8b 8c 8d 8e 8f 90 91 92 93 94 95 96 97 98 99 9a 9b 9c 9d 9e 9f a0 a1 a2 a3 a4 a5 a6 a7 a8 a9 aa ab ac ad ae af b0 b1 b2 b3 b4 b5 b6 b7 b8 b9 ba bb bc bd be bf c0 c1 c2 c3 c4 c5 c6 c7 c8 c9 ca cb cc cd ce cf d0 d1 d2 d3 d4 d5 d6 d7 d8 d9 da db dc dd de df e0 e1 e2 e3 e4 e5 e6 e7 e8 e9 ea eb ec ed ee ef f0 f1 f2 f3 f4 f5 f6 f7 f8 f9 fa fb fc fd fe ff 
 0  1  2 12  4 65 24 96  8 8d ca e9 48 94 fb 2f 10 -- cd b1 43 7c  5 -- 90 11 ff -- 21 -- 5e -- 20 -- -- -- 4d -- b5 4f 86 -- f8 --  a -- -- ba f7 -- 22 -- 29 -- -- -- 42 d7 -- -- bc 7a -- e1 40 f5 -- -- -- -- -- -- 9a -- -- 1f bd 25 9e 87 db -- -- -- 27 -- -- -- 14 50 -- -- -- 97 a3 -- 39 -- -- -- 44 -- -- e6 52 9c -- 59 -- -- -- -- 84 -- 79 6c -- -- -- -- af c2 f4 -- -- -- 15 -- 80 -- 3d 9b -- -- -- -- -- -- -- 5d -- -- -- cc e3 -- -- -- -- b3 3e -- ad 9f 4a fc eb  9 d9 4b 61 -- -- -- -- 36 -- -- 4e c7 -- -- -- -- -- 73 28 -- a0 -- -- -- -- -- -- e4 f9 a8 91 -- -- -- 72 54 -- -- -- -- -- -- 88 -- -- d2 -- -- 1b -- a4 7e ef ce -- -- b2 -- -- c5 -- 66 -- a6 -- -- df -- -- -- f2 -- d8 -- -- -- -- -- -- -- -- -- 89 33 53 -- 3f 67 -- -- -- 69 -- -- 2a -- -- -- 

solutions so far:0 maxDepth:10 
iterations:53523321  skipped: 8 
Depth skipped: 
0 0 8 0 0 0 0 0 0 0 0 0 0 0 0 0 0 0 0 0 0 0 0 0 0 0 0 0 0 0 0 0 

running time: 5100 sec
 depth:6
 0  1  2  3  4  5  6  7  8  9  a  b  c  d  e  f 10 11 12 13 14 15 16 17 18 19 1a 1b 1c 1d 1e 1f 20 21 22 23 24 25 26 27 28 29 2a 2b 2c 2d 2e 2f 30 31 32 33 34 35 36 37 38 39 3a 3b 3c 3d 3e 3f 40 41 42 43 44 45 46 47 48 49 4a 4b 4c 4d 4e 4f 50 51 52 53 54 55 56 57 58 59 5a 5b 5c 5d 5e 5f 60 61 62 63 64 65 66 67 68 69 6a 6b 6c 6d 6e 6f 70 71 72 73 74 75 76 77 78 79 7a 7b 7c 7d 7e 7f 80 81 82 83 84 85 86 87 88 89 8a 8b 8c 8d 8e 8f 90 91 92 93 94 95 96 97 98 99 9a 9b 9c 9d 9e 9f a0 a1 a2 a3 a4 a5 a6 a7 a8 a9 aa ab ac ad ae af b0 b1 b2 b3 b4 b5 b6 b7 b8 b9 ba bb bc bd be bf c0 c1 c2 c3 c4 c5 c6 c7 c8 c9 ca cb cc cd ce cf d0 d1 d2 d3 d4 d5 d6 d7 d8 d9 da db dc dd de df e0 e1 e2 e3 e4 e5 e6 e7 e8 e9 ea eb ec ed ee ef f0 f1 f2 f3 f4 f5 f6 f7 f8 f9 fa fb fc fd fe ff 
 0  1  2 12  4 5b 24 b3  8 ce b6 d6 48 37 b1 -- 10 -- 4b 36 bb 7c 7b -- 90 42 6e -- b5 -- -- -- 20 -- -- -- 96 -- 6c 4f a1 -- f8 -- f6 -- -- -- f7 -- 84 -- dc -- -- -- bd d7 -- -- -- -- -- a9 40 -- -- -- -- -- -- -- fb -- -- 1f d8 78 9e 63 95 -- -- -- 27 -- -- -- 3b ec -- -- -- 1e -- -- 39 -- -- -- df -- -- e3 6f 9c -- 73 -- -- -- -- ad -- 79 44 -- -- -- -- -- 2d -- -- -- -- 85 -- 80 -- -- bf -- -- -- -- -- -- -- -- -- -- -- cc 21 -- -- -- -- 1b 3e -- 67 6b f0 -- eb  9 c6 b2 fd -- -- -- -- 22 -- -- 4e d2 -- -- -- -- -- 9a 76 --  f -- -- -- -- -- -- e4 3c da -- -- -- -- 72 6d -- -- -- -- -- -- 69 -- -- 4d -- -- 11 -- de -- ef 59 -- -- e6 -- -- -- -- 66 -- b4 -- -- 8d -- -- -- f2 -- 88 -- -- -- -- -- -- -- -- -- -- 33 5a -- -- c7 -- -- -- cd -- -- dd -- -- -- 

solutions so far:0 maxDepth:10 
iterations:58327148  skipped: 8 
Depth skipped: 
0 0 8 0 0 0 0 0 0 0 0 0 0 0 0 0 0 0 0 0 0 0 0 0 0 0 0 0 0 0 0 0 

running time: 5400 sec
 depth:7
 0  1  2  3  4  5  6  7  8  9  a  b  c  d  e  f 10 11 12 13 14 15 16 17 18 19 1a 1b 1c 1d 1e 1f 20 21 22 23 24 25 26 27 28 29 2a 2b 2c 2d 2e 2f 30 31 32 33 34 35 36 37 38 39 3a 3b 3c 3d 3e 3f 40 41 42 43 44 45 46 47 48 49 4a 4b 4c 4d 4e 4f 50 51 52 53 54 55 56 57 58 59 5a 5b 5c 5d 5e 5f 60 61 62 63 64 65 66 67 68 69 6a 6b 6c 6d 6e 6f 70 71 72 73 74 75 76 77 78 79 7a 7b 7c 7d 7e 7f 80 81 82 83 84 85 86 87 88 89 8a 8b 8c 8d 8e 8f 90 91 92 93 94 95 96 97 98 99 9a 9b 9c 9d 9e 9f a0 a1 a2 a3 a4 a5 a6 a7 a8 a9 aa ab ac ad ae af b0 b1 b2 b3 b4 b5 b6 b7 b8 b9 ba bb bc bd be bf c0 c1 c2 c3 c4 c5 c6 c7 c8 c9 ca cb cc cd ce cf d0 d1 d2 d3 d4 d5 d6 d7 d8 d9 da db dc dd de df e0 e1 e2 e3 e4 e5 e6 e7 e8 e9 ea eb ec ed ee ef f0 f1 f2 f3 f4 f5 f6 f7 f8 f9 fa fb fc fd fe ff 
 0  1  2 12  4 4c 24 ce  8 5b 98 ab 48 f3 4b a5 10 -- b6 6d e7 7c 81 -- 90 fd 31 -- 96 -- 9d -- 20 -- -- -- bb -- da 4f 19 -- f8 -- d5 -- -- d0 f7 -- 2d -- 62 -- -- -- fb d7 -- -- ed 2c -- 41 40  b -- -- -- -- -- -- a1 -- -- 1f 63 49 9e 13 32 -- -- -- 27 -- -- -- 7d 23 -- -- -- 8c 77 -- 39 -- -- -- 5a -- -- d2 c4 9c -- a9 -- -- -- -- 21 -- 79 1b -- -- -- --  d c8 58 -- -- -- 82 -- 80 -- 16 cb -- -- -- -- -- -- -- 68 -- -- -- cc 95 -- -- -- -- dd 3e -- c6 be 92 b9 eb  9 26 67 64 -- -- -- -- e6 -- -- 4e bf -- -- -- -- -- 69 fa -- 46 -- -- -- -- -- -- e4 cf e2 ee -- -- -- 72 71 -- -- -- -- -- -- b4 -- -- df -- -- 73 -- 5f b7 ef d8 -- -- 85 -- -- 34 -- 66 -- 8e -- -- 42 -- -- -- f2 -- 36 -- -- -- -- -- -- -- -- -- 1a 33 47 -- b0 6c -- -- -- 84 -- -- d3 -- -- -- 

solutions so far:0 maxDepth:10 
iterations:63769063  skipped: 9 
Depth skipped: 
0 0 9 0 0 0 0 0 0 0 0 0 0 0 0 0 0 0 0 0 0 0 0 0 0 0 0 0 0 0 0 0 

running time: 5700 sec
 depth:7
 0  1  2  3  4  5  6  7  8  9  a  b  c  d  e  f 10 11 12 13 14 15 16 17 18 19 1a 1b 1c 1d 1e 1f 20 21 22 23 24 25 26 27 28 29 2a 2b 2c 2d 2e 2f 30 31 32 33 34 35 36 37 38 39 3a 3b 3c 3d 3e 3f 40 41 42 43 44 45 46 47 48 49 4a 4b 4c 4d 4e 4f 50 51 52 53 54 55 56 57 58 59 5a 5b 5c 5d 5e 5f 60 61 62 63 64 65 66 67 68 69 6a 6b 6c 6d 6e 6f 70 71 72 73 74 75 76 77 78 79 7a 7b 7c 7d 7e 7f 80 81 82 83 84 85 86 87 88 89 8a 8b 8c 8d 8e 8f 90 91 92 93 94 95 96 97 98 99 9a 9b 9c 9d 9e 9f a0 a1 a2 a3 a4 a5 a6 a7 a8 a9 aa ab ac ad ae af b0 b1 b2 b3 b4 b5 b6 b7 b8 b9 ba bb bc bd be bf c0 c1 c2 c3 c4 c5 c6 c7 c8 c9 ca cb cc cd ce cf d0 d1 d2 d3 d4 d5 d6 d7 d8 d9 da db dc dd de df e0 e1 e2 e3 e4 e5 e6 e7 e8 e9 ea eb ec ed ee ef f0 f1 f2 f3 f4 f5 f6 f7 f8 f9 fa fb fc fd fe ff 
 0  1  2 12  4 38 24 64  8 dd 70 16 48 34 c8 6b 10 -- 6d b4 e0 7c 2c -- 90 5b 68 -- 47 -- d6 -- 20 -- -- -- da -- bf 4f 17 -- f8 -- 58 -- --  f f7 -- b6 -- d0 -- -- -- 8e d7 -- -- 7b 37 -- 1d 40 78 -- -- -- -- -- -- 63 -- -- 1f a9  d 9e  e 2e -- -- -- 27 -- -- -- b0 b9 -- -- -- 9d 1e -- 39 -- -- -- bb -- -- e2 77 9c -- fd -- -- -- -- cb -- 79 4c -- -- -- -- f6 b8 6e -- -- -- 3a -- 80 -- f0 e5 -- -- -- -- -- -- -- ec -- -- -- cc c6 -- -- -- -- 5a 3e -- 85  b 1a de eb  9 1c 32 5c -- -- -- -- 26 -- -- 4e 95 -- -- -- -- -- 71 b7 -- a5 -- -- -- -- -- -- e4 ed  7 3c -- -- -- 72 e8 -- -- -- -- -- -- a1 -- -- d3 -- -- 13 -- ee 6f ef 19 -- -- 2d -- -- 76 -- 66 -- 99 -- -- 41 -- -- -- f2 -- 98 -- -- -- -- -- -- -- -- -- 3b 33 a7 -- dc e7 -- -- -- 82 -- -- 74 -- -- -- 

solutions so far:0 maxDepth:10 
iterations:69618903  skipped: 9 
Depth skipped: 
0 0 9 0 0 0 0 0 0 0 0 0 0 0 0 0 0 0 0 0 0 0 0 0 0 0 0 0 0 0 0 0 

running time: 6000 sec
 depth:7
 0  1  2  3  4  5  6  7  8  9  a  b  c  d  e  f 10 11 12 13 14 15 16 17 18 19 1a 1b 1c 1d 1e 1f 20 21 22 23 24 25 26 27 28 29 2a 2b 2c 2d 2e 2f 30 31 32 33 34 35 36 37 38 39 3a 3b 3c 3d 3e 3f 40 41 42 43 44 45 46 47 48 49 4a 4b 4c 4d 4e 4f 50 51 52 53 54 55 56 57 58 59 5a 5b 5c 5d 5e 5f 60 61 62 63 64 65 66 67 68 69 6a 6b 6c 6d 6e 6f 70 71 72 73 74 75 76 77 78 79 7a 7b 7c 7d 7e 7f 80 81 82 83 84 85 86 87 88 89 8a 8b 8c 8d 8e 8f 90 91 92 93 94 95 96 97 98 99 9a 9b 9c 9d 9e 9f a0 a1 a2 a3 a4 a5 a6 a7 a8 a9 aa ab ac ad ae af b0 b1 b2 b3 b4 b5 b6 b7 b8 b9 ba bb bc bd be bf c0 c1 c2 c3 c4 c5 c6 c7 c8 c9 ca cb cc cd ce cf d0 d1 d2 d3 d4 d5 d6 d7 d8 d9 da db dc dd de df e0 e1 e2 e3 e4 e5 e6 e7 e8 e9 ea eb ec ed ee ef f0 f1 f2 f3 f4 f5 f6 f7 f8 f9 fa fb fc fd fe ff 
 0  1  2 12  4 23 24 df  8 2d 46 c0 48  3 69 61 10 -- 5a bb 8c 7c 57 -- 90 85  6 -- d2 -- c2 -- 20 -- -- -- b4 -- a1 4f cf -- f8 -- ae -- -- 2a f7 -- dd --  c -- -- -- 73 d7 -- -- 53 65 -- 5f 40 87 -- -- -- -- -- -- bf -- -- 1f 95 75 9e 7d 49 -- -- -- 27 -- -- -- 8b 55 -- -- -- 83 54 -- 39 -- -- -- 6d -- -- 67 18 9c -- c6 -- -- -- -- e6 -- 79 96 -- -- -- -- a6 f3 ca -- -- -- be -- 80 -- d9 c4 -- -- -- -- -- -- -- 15 -- -- -- cc a9 -- -- -- -- b6 3e -- fd 60 ea db eb  9 fa 84 92 -- -- -- -- 4b -- -- 4e 63 -- -- -- -- -- d8 c1 -- aa -- -- -- -- -- -- e4 d1 d5 a8 -- -- -- 72 81 -- -- -- -- -- -- da -- -- 6c -- -- ce -- 30 86 ef 42 -- -- 5b -- -- e1 -- 66 -- 62 -- -- 1b -- -- -- f2 -- fb -- -- -- -- -- -- -- -- -- 9b 33 31 -- 43 21 -- -- -- 36 -- -- ab -- -- -- 

solutions so far:0 maxDepth:10 
iterations:75589180  skipped: 9 
Depth skipped: 
0 0 9 0 0 0 0 0 0 0 0 0 0 0 0 0 0 0 0 0 0 0 0 0 0 0 0 0 0 0 0 0 

running time: 6300 sec
 depth:7
 0  1  2  3  4  5  6  7  8  9  a  b  c  d  e  f 10 11 12 13 14 15 16 17 18 19 1a 1b 1c 1d 1e 1f 20 21 22 23 24 25 26 27 28 29 2a 2b 2c 2d 2e 2f 30 31 32 33 34 35 36 37 38 39 3a 3b 3c 3d 3e 3f 40 41 42 43 44 45 46 47 48 49 4a 4b 4c 4d 4e 4f 50 51 52 53 54 55 56 57 58 59 5a 5b 5c 5d 5e 5f 60 61 62 63 64 65 66 67 68 69 6a 6b 6c 6d 6e 6f 70 71 72 73 74 75 76 77 78 79 7a 7b 7c 7d 7e 7f 80 81 82 83 84 85 86 87 88 89 8a 8b 8c 8d 8e 8f 90 91 92 93 94 95 96 97 98 99 9a 9b 9c 9d 9e 9f a0 a1 a2 a3 a4 a5 a6 a7 a8 a9 aa ab ac ad ae af b0 b1 b2 b3 b4 b5 b6 b7 b8 b9 ba bb bc bd be bf c0 c1 c2 c3 c4 c5 c6 c7 c8 c9 ca cb cc cd ce cf d0 d1 d2 d3 d4 d5 d6 d7 d8 d9 da db dc dd de df e0 e1 e2 e3 e4 e5 e6 e7 e8 e9 ea eb ec ed ee ef f0 f1 f2 f3 f4 f5 f6 f7 f8 f9 fa fb fc fd fe ff 
 0  1  2 12  4  d 24 c7  8  a 1a 2f 48 3d 59 7d 10 -- 14 a4 34 7c 5e -- 90 97 7a -- b2 -- fa -- 20 -- -- -- 28 -- 9f 4f 68 -- f8 -- bc -- -- 92 f7 -- f9 -- f4 -- -- -- b3 d7 -- -- 23 5f -- 58 40 62 -- -- -- -- -- -- 50 -- -- 1f e9 91 9e 9d d0 -- -- -- 27 -- -- -- af c5 -- -- -- ba f3 -- 39 -- -- -- 25 -- -- cd 3f 9c -- ff -- -- -- -- b1 -- 79 e3 -- -- -- -- 46 ee be -- -- -- b0 -- 80 -- c4 2c -- -- -- -- -- -- -- 49 -- -- -- cc a0 -- -- -- -- 52 3e --  5 fc f5 d5 eb  9 ed 88 77 -- -- -- -- 9a -- -- 4e 94 -- -- -- -- -- 8d 89 -- 5d -- -- -- -- -- -- e4 a3 a5 31 -- -- -- 72 b9 -- -- -- -- -- -- 4a -- -- ad -- -- 4d -- 7e 81 ef 44 -- -- 29 -- -- cf -- 66 -- 16 -- -- b5 -- -- -- f2 -- 11 -- -- -- -- -- -- -- -- -- 8c 33  b -- ab 22 -- -- -- bd -- -- b7 -- -- -- 

solutions so far:0 maxDepth:10 
iterations:81523434  skipped: 9 
Depth skipped: 
0 0 9 0 0 0 0 0 0 0 0 0 0 0 0 0 0 0 0 0 0 0 0 0 0 0 0 0 0 0 0 0 

running time: 6600 sec

Finished. Total running time: 6772 sec
