Search S-boxes invariant for matrices: 
{0x00,0x02,0x04,0x06,0x08,0x0a,0x0c,0x0e,0x10,0x12,0x14,0x16,0x18,0x1a,0x1c,0x1e,0x20,0x22,0x24,0x26,0x28,0x2a,0x2c,0x2e,0x30,0x32,0x34,0x36,0x38,0x3a,0x3c,0x3e,0x40,0x42,0x44,0x46,0x48,0x4a,0x4c,0x4e,0x50,0x52,0x54,0x56,0x58,0x5a,0x5c,0x5e,0x60,0x62,0x64,0x66,0x68,0x6a,0x6c,0x6e,0x70,0x72,0x74,0x76,0x78,0x7a,0x7c,0x7e,0x80,0x82,0x84,0x86,0x88,0x8a,0x8c,0x8e,0x90,0x92,0x94,0x96,0x98,0x9a,0x9c,0x9e,0xa0,0xa2,0xa4,0xa6,0xa8,0xaa,0xac,0xae,0xb0,0xb2,0xb4,0xb6,0xb8,0xba,0xbc,0xbe,0xc0,0xc2,0xc4,0xc6,0xc8,0xca,0xcc,0xce,0xd0,0xd2,0xd4,0xd6,0xd8,0xda,0xdc,0xde,0xe0,0xe2,0xe4,0xe6,0xe8,0xea,0xec,0xee,0xf0,0xf2,0xf4,0xf6,0xf8,0xfa,0xfc,0xfe,0x39,0x3b,0x3d,0x3f,0x31,0x33,0x35,0x37,0x29,0x2b,0x2d,0x2f,0x21,0x23,0x25,0x27,0x19,0x1b,0x1d,0x1f,0x11,0x13,0x15,0x17,0x09,0x0b,0x0d,0x0f,0x01,0x03,0x05,0x07,0x79,0x7b,0x7d,0x7f,0x71,0x73,0x75,0x77,0x69,0x6b,0x6d,0x6f,0x61,0x63,0x65,0x67,0x59,0x5b,0x5d,0x5f,0x51,0x53,0x55,0x57,0x49,0x4b,0x4d,0x4f,0x41,0x43,0x45,0x47,0xb9,0xbb,0xbd,0xbf,0xb1,0xb3,0xb5,0xb7,0xa9,0xab,0xad,0xaf,0xa1,0xa3,0xa5,0xa7,0x99,0x9b,0x9d,0x9f,0x91,0x93,0x95,0x97,0x89,0x8b,0x8d,0x8f,0x81,0x83,0x85,0x87,0xf9,0xfb,0xfd,0xff,0xf1,0xf3,0xf5,0xf7,0xe9,0xeb,0xed,0xef,0xe1,0xe3,0xe5,0xe7,0xd9,0xdb,0xdd,0xdf,0xd1,0xd3,0xd5,0xd7,0xc9,0xcb,0xcd,0xcf,0xc1,0xc3,0xc5,0xc7};
{0x00,0x02,0x04,0x06,0x08,0x0a,0x0c,0x0e,0x10,0x12,0x14,0x16,0x18,0x1a,0x1c,0x1e,0x20,0x22,0x24,0x26,0x28,0x2a,0x2c,0x2e,0x30,0x32,0x34,0x36,0x38,0x3a,0x3c,0x3e,0x40,0x42,0x44,0x46,0x48,0x4a,0x4c,0x4e,0x50,0x52,0x54,0x56,0x58,0x5a,0x5c,0x5e,0x60,0x62,0x64,0x66,0x68,0x6a,0x6c,0x6e,0x70,0x72,0x74,0x76,0x78,0x7a,0x7c,0x7e,0x80,0x82,0x84,0x86,0x88,0x8a,0x8c,0x8e,0x90,0x92,0x94,0x96,0x98,0x9a,0x9c,0x9e,0xa0,0xa2,0xa4,0xa6,0xa8,0xaa,0xac,0xae,0xb0,0xb2,0xb4,0xb6,0xb8,0xba,0xbc,0xbe,0xc0,0xc2,0xc4,0xc6,0xc8,0xca,0xcc,0xce,0xd0,0xd2,0xd4,0xd6,0xd8,0xda,0xdc,0xde,0xe0,0xe2,0xe4,0xe6,0xe8,0xea,0xec,0xee,0xf0,0xf2,0xf4,0xf6,0xf8,0xfa,0xfc,0xfe,0xd7,0xd5,0xd3,0xd1,0xdf,0xdd,0xdb,0xd9,0xc7,0xc5,0xc3,0xc1,0xcf,0xcd,0xcb,0xc9,0xf7,0xf5,0xf3,0xf1,0xff,0xfd,0xfb,0xf9,0xe7,0xe5,0xe3,0xe1,0xef,0xed,0xeb,0xe9,0x97,0x95,0x93,0x91,0x9f,0x9d,0x9b,0x99,0x87,0x85,0x83,0x81,0x8f,0x8d,0x8b,0x89,0xb7,0xb5,0xb3,0xb1,0xbf,0xbd,0xbb,0xb9,0xa7,0xa5,0xa3,0xa1,0xaf,0xad,0xab,0xa9,0x57,0x55,0x53,0x51,0x5f,0x5d,0x5b,0x59,0x47,0x45,0x43,0x41,0x4f,0x4d,0x4b,0x49,0x77,0x75,0x73,0x71,0x7f,0x7d,0x7b,0x79,0x67,0x65,0x63,0x61,0x6f,0x6d,0x6b,0x69,0x17,0x15,0x13,0x11,0x1f,0x1d,0x1b,0x19,0x07,0x05,0x03,0x01,0x0f,0x0d,0x0b,0x09,0x37,0x35,0x33,0x31,0x3f,0x3d,0x3b,0x39,0x27,0x25,0x23,0x21,0x2f,0x2d,0x2b,0x29};



 depth:7
 0  1  2  3  4  5  6  7  8  9  a  b  c  d  e  f 10 11 12 13 14 15 16 17 18 19 1a 1b 1c 1d 1e 1f 20 21 22 23 24 25 26 27 28 29 2a 2b 2c 2d 2e 2f 30 31 32 33 34 35 36 37 38 39 3a 3b 3c 3d 3e 3f 40 41 42 43 44 45 46 47 48 49 4a 4b 4c 4d 4e 4f 50 51 52 53 54 55 56 57 58 59 5a 5b 5c 5d 5e 5f 60 61 62 63 64 65 66 67 68 69 6a 6b 6c 6d 6e 6f 70 71 72 73 74 75 76 77 78 79 7a 7b 7c 7d 7e 7f 80 81 82 83 84 85 86 87 88 89 8a 8b 8c 8d 8e 8f 90 91 92 93 94 95 96 97 98 99 9a 9b 9c 9d 9e 9f a0 a1 a2 a3 a4 a5 a6 a7 a8 a9 aa ab ac ad ae af b0 b1 b2 b3 b4 b5 b6 b7 b8 b9 ba bb bc bd be bf c0 c1 c2 c3 c4 c5 c6 c7 c8 c9 ca cb cc cd ce cf d0 d1 d2 d3 d4 d5 d6 d7 d8 d9 da db dc dd de df e0 e1 e2 e3 e4 e5 e6 e7 e8 e9 ea eb ec ed ee ef f0 f1 f2 f3 f4 f5 f6 f7 f8 f9 fa fb fc fd fe ff 
 0  1  2 c6  4 f3 5b 3e  8 3f 31 cd b6 b3 7c 9b 10 -- 7e f5 62 bf 4d -- bb bc b1 -- f8 -- e1 -- 20 -- -- -- fc -- 3d 4f c4 -- a9 -- 9a -- -- d9 a1 -- af -- b5 -- -- -- 27 d7 -- -- 15 db -- fa 40 43 -- -- -- -- -- -- 2f -- -- 5a 7a 59 9e 49 5f -- -- -- 85 -- -- -- e3 22 -- -- -- 88 65 -- 95 -- -- -- 89 -- -- 24 bd 6d -- ba -- -- -- -- 4e -- 79 f7 -- -- -- -- 2a ab 61 -- -- -- 23 -- 80 -- 86 7d -- -- -- -- -- -- -- 87 -- -- -- cc 5e -- -- -- -- 91 b4 -- f4 8d b2 a6 eb 63 92 1f be -- -- -- -- 90 -- -- dd 5d -- -- -- -- -- 12 11 -- 44 -- -- -- -- -- -- 2d c7 cf ca -- -- -- fd 8c -- -- -- -- -- -- c5 -- --  9 -- -- 48 -- ad 53 da e4 -- -- a3 -- -- a8 -- 66 -- d5 -- -- 9c -- -- -- f2 -- 39 -- -- -- -- -- -- -- -- -- 54 33 81 -- c2 72 -- -- -- ef -- -- 46 -- -- -- 

solutions so far:0 maxDepth:9 
iterations:1920816  skipped: 7 
Depth skipped: 
0 0 7 0 0 0 0 0 0 0 0 0 0 0 0 0 0 0 0 0 0 0 0 0 0 0 0 0 0 0 0 0 

running time: 300 sec
 depth:7
 0  1  2  3  4  5  6  7  8  9  a  b  c  d  e  f 10 11 12 13 14 15 16 17 18 19 1a 1b 1c 1d 1e 1f 20 21 22 23 24 25 26 27 28 29 2a 2b 2c 2d 2e 2f 30 31 32 33 34 35 36 37 38 39 3a 3b 3c 3d 3e 3f 40 41 42 43 44 45 46 47 48 49 4a 4b 4c 4d 4e 4f 50 51 52 53 54 55 56 57 58 59 5a 5b 5c 5d 5e 5f 60 61 62 63 64 65 66 67 68 69 6a 6b 6c 6d 6e 6f 70 71 72 73 74 75 76 77 78 79 7a 7b 7c 7d 7e 7f 80 81 82 83 84 85 86 87 88 89 8a 8b 8c 8d 8e 8f 90 91 92 93 94 95 96 97 98 99 9a 9b 9c 9d 9e 9f a0 a1 a2 a3 a4 a5 a6 a7 a8 a9 aa ab ac ad ae af b0 b1 b2 b3 b4 b5 b6 b7 b8 b9 ba bb bc bd be bf c0 c1 c2 c3 c4 c5 c6 c7 c8 c9 ca cb cc cd ce cf d0 d1 d2 d3 d4 d5 d6 d7 d8 d9 da db dc dd de df e0 e1 e2 e3 e4 e5 e6 e7 e8 e9 ea eb ec ed ee ef f0 f1 f2 f3 f4 f5 f6 f7 f8 f9 fa fb fc fd fe ff 
 0  1  2 c6  4 d8 5b c5  8 48 67 d4 b6 51 5d 11 10 -- 90 ef ce bf 7f -- bb e4 a2 -- ba -- 22 -- 20 -- -- -- f7 --  9 4f 4b -- a9 -- fe -- -- b3 a1 -- 1f -- 93 -- -- -- a3 d7 -- -- 44 8d -- 69 40 bd -- -- -- -- -- -- 39 -- -- 5a 12 8a 9e 36 96 -- -- -- 85 -- -- -- 2b ac -- -- -- c9 b1 -- 95 -- -- -- 3e -- -- 3f f1 6d -- 27 -- -- -- -- 91 -- 79 2f -- -- -- -- 88 21 cd -- -- -- d2 -- 80 -- ad df -- -- -- -- -- -- -- b2 -- -- -- cc 72 -- -- -- -- 9c b4 -- 24 6a c3 e3 eb 63 6c 89 fb -- -- -- -- fc -- -- dd f8 -- -- -- -- -- f4 56 -- 8f -- -- -- -- -- -- 2d 45 1b b5 -- -- -- fd e6 -- -- -- -- -- -- 7c -- -- 7a -- -- 7e -- 35 9a da af -- -- 4e -- -- 59 -- 66 -- 84 -- -- f5 -- -- -- f2 -- 5e -- -- -- -- -- -- -- -- -- c7 33 42 -- 4d bc -- -- -- 3d -- -- 73 -- -- -- 

solutions so far:0 maxDepth:9 
iterations:4112308  skipped: 22 
Depth skipped: 
0 0 22 0 0 0 0 0 0 0 0 0 0 0 0 0 0 0 0 0 0 0 0 0 0 0 0 0 0 0 0 0 

running time: 600 sec
 depth:7
 0  1  2  3  4  5  6  7  8  9  a  b  c  d  e  f 10 11 12 13 14 15 16 17 18 19 1a 1b 1c 1d 1e 1f 20 21 22 23 24 25 26 27 28 29 2a 2b 2c 2d 2e 2f 30 31 32 33 34 35 36 37 38 39 3a 3b 3c 3d 3e 3f 40 41 42 43 44 45 46 47 48 49 4a 4b 4c 4d 4e 4f 50 51 52 53 54 55 56 57 58 59 5a 5b 5c 5d 5e 5f 60 61 62 63 64 65 66 67 68 69 6a 6b 6c 6d 6e 6f 70 71 72 73 74 75 76 77 78 79 7a 7b 7c 7d 7e 7f 80 81 82 83 84 85 86 87 88 89 8a 8b 8c 8d 8e 8f 90 91 92 93 94 95 96 97 98 99 9a 9b 9c 9d 9e 9f a0 a1 a2 a3 a4 a5 a6 a7 a8 a9 aa ab ac ad ae af b0 b1 b2 b3 b4 b5 b6 b7 b8 b9 ba bb bc bd be bf c0 c1 c2 c3 c4 c5 c6 c7 c8 c9 ca cb cc cd ce cf d0 d1 d2 d3 d4 d5 d6 d7 d8 d9 da db dc dd de df e0 e1 e2 e3 e4 e5 e6 e7 e8 e9 ea eb ec ed ee ef f0 f1 f2 f3 f4 f5 f6 f7 f8 f9 fa fb fc fd fe ff 
 0  1  2 c6  4 c2 5b 72  8 ff 53 67 b6 73 e4  b 10 -- 29 f9 a6 bf ce -- bb e9 e6 -- 1f -- 16 -- 20 -- -- -- 52 -- 25 4f 9b -- a9 -- 4b -- -- a5 a1 --  5 -- 1b -- -- -- 3e d7 -- -- 2c 34 -- d9 40  d -- -- -- -- -- -- a4 -- -- 5a 4a 69 9e db e1 -- -- -- 85 -- -- -- 96 21 -- -- -- 84 9d -- 95 -- -- --  a -- -- ef 36 6d -- 50 -- -- -- -- 7c -- 79 24 -- -- -- -- 58 2a 68 -- -- -- 65 -- 80 -- 1a 87 -- -- -- -- -- -- -- b9 -- -- -- cc 9f -- -- -- -- 97 b4 -- 94 d8 d2 ee eb 63 61 39 15 -- -- -- -- 12 -- -- dd 28 -- -- -- -- -- 9c fb -- 42 -- -- -- -- -- -- 2d df 86 ed -- -- -- fd 43 -- -- -- -- -- -- 14 -- -- 4e -- --  9 -- 6c 77 da f7 -- -- a0 -- -- b7 -- 66 -- a8 -- -- f8 -- -- -- f2 -- 48 -- -- -- -- -- -- -- -- -- b0 33 54 -- d0 90 -- -- -- 27 -- -- ca -- -- -- 

solutions so far:0 maxDepth:9 
iterations:6827681  skipped: 32 
Depth skipped: 
0 0 32 0 0 0 0 0 0 0 0 0 0 0 0 0 0 0 0 0 0 0 0 0 0 0 0 0 0 0 0 0 

running time: 900 sec
 depth:7
 0  1  2  3  4  5  6  7  8  9  a  b  c  d  e  f 10 11 12 13 14 15 16 17 18 19 1a 1b 1c 1d 1e 1f 20 21 22 23 24 25 26 27 28 29 2a 2b 2c 2d 2e 2f 30 31 32 33 34 35 36 37 38 39 3a 3b 3c 3d 3e 3f 40 41 42 43 44 45 46 47 48 49 4a 4b 4c 4d 4e 4f 50 51 52 53 54 55 56 57 58 59 5a 5b 5c 5d 5e 5f 60 61 62 63 64 65 66 67 68 69 6a 6b 6c 6d 6e 6f 70 71 72 73 74 75 76 77 78 79 7a 7b 7c 7d 7e 7f 80 81 82 83 84 85 86 87 88 89 8a 8b 8c 8d 8e 8f 90 91 92 93 94 95 96 97 98 99 9a 9b 9c 9d 9e 9f a0 a1 a2 a3 a4 a5 a6 a7 a8 a9 aa ab ac ad ae af b0 b1 b2 b3 b4 b5 b6 b7 b8 b9 ba bb bc bd be bf c0 c1 c2 c3 c4 c5 c6 c7 c8 c9 ca cb cc cd ce cf d0 d1 d2 d3 d4 d5 d6 d7 d8 d9 da db dc dd de df e0 e1 e2 e3 e4 e5 e6 e7 e8 e9 ea eb ec ed ee ef f0 f1 f2 f3 f4 f5 f6 f7 f8 f9 fa fb fc fd fe ff 
 0  1  2 c6  4 a8 5b 35  8 60 87 36 b6 df 6a 22 10 -- c0  6 d9 bf 6c -- bb c1 69 -- d4 -- 44 -- 20 -- -- -- 57 --  c 4f 65 -- a9 -- d8 -- -- b1 a1 -- 55 -- d2 -- -- -- 7f d7 -- -- 88 cd -- 53 40 ad -- -- -- -- -- -- ae -- -- 5a 18 42 9e 2a ca -- -- -- 85 -- -- -- 67 4b -- -- -- fb b5 -- 95 -- -- -- aa -- -- c9 73 6d -- 75 -- -- -- -- fe -- 79 c3 -- -- -- -- c7 86 4d -- -- -- a6 -- 80 -- 8d c2 -- -- -- -- -- -- -- b3 -- -- -- cc 8b -- -- -- --  3 b4 -- 30 1b 84 11 eb 63 54 f1 43 -- -- -- -- 8a -- -- dd d1 -- -- -- -- -- 8f ce -- 96 -- -- -- -- -- -- 2d 21 15 bd -- -- -- fd e1 -- -- -- -- -- -- 83 -- -- ac -- -- 45 -- e6 e3 da 93 -- -- ea -- -- b2 -- 66 -- 61 -- -- 2b -- -- -- f2 -- 51 -- -- -- -- -- -- -- -- -- 59 33 db -- 9a a2 -- -- -- 56 -- -- 9b -- -- -- 

solutions so far:0 maxDepth:9 
iterations:9436064  skipped: 46 
Depth skipped: 
0 0 46 0 0 0 0 0 0 0 0 0 0 0 0 0 0 0 0 0 0 0 0 0 0 0 0 0 0 0 0 0 

running time: 1200 sec
 depth:7
 0  1  2  3  4  5  6  7  8  9  a  b  c  d  e  f 10 11 12 13 14 15 16 17 18 19 1a 1b 1c 1d 1e 1f 20 21 22 23 24 25 26 27 28 29 2a 2b 2c 2d 2e 2f 30 31 32 33 34 35 36 37 38 39 3a 3b 3c 3d 3e 3f 40 41 42 43 44 45 46 47 48 49 4a 4b 4c 4d 4e 4f 50 51 52 53 54 55 56 57 58 59 5a 5b 5c 5d 5e 5f 60 61 62 63 64 65 66 67 68 69 6a 6b 6c 6d 6e 6f 70 71 72 73 74 75 76 77 78 79 7a 7b 7c 7d 7e 7f 80 81 82 83 84 85 86 87 88 89 8a 8b 8c 8d 8e 8f 90 91 92 93 94 95 96 97 98 99 9a 9b 9c 9d 9e 9f a0 a1 a2 a3 a4 a5 a6 a7 a8 a9 aa ab ac ad ae af b0 b1 b2 b3 b4 b5 b6 b7 b8 b9 ba bb bc bd be bf c0 c1 c2 c3 c4 c5 c6 c7 c8 c9 ca cb cc cd ce cf d0 d1 d2 d3 d4 d5 d6 d7 d8 d9 da db dc dd de df e0 e1 e2 e3 e4 e5 e6 e7 e8 e9 ea eb ec ed ee ef f0 f1 f2 f3 f4 f5 f6 f7 f8 f9 fa fb fc fd fe ff 
 0  1  2 c6  4 8e 5b f7  8 c2 cb f1 b6 45 39 25 10 -- 53 43 41 bf 35 -- bb 15 8a -- 72 -- 4a -- 20 -- -- -- a6 -- 86 4f 82 -- a9 -- 6a -- -- 9f a1 -- 2a -- c3 -- -- -- e4 d7 -- -- 94 28 -- 98 40  a -- -- -- -- -- -- 9b -- -- 5a db 8f 9e c8 d3 -- -- -- 85 -- -- -- d4 fe -- -- -- 56 e9 -- 95 -- -- -- 54 -- -- 4e 51 6d -- d9 -- -- -- -- 1f -- 79  9 -- -- -- -- ff e2 50 -- -- -- e7 -- 80 -- 14 4c -- -- -- -- -- -- -- a4 -- -- -- cc e1 -- -- -- -- ca b4 -- 61 93 c9 f9 eb 63 47 90 71 -- -- -- -- ef -- -- dd 87 -- -- -- -- -- 27 7f -- 2b -- -- -- -- -- -- 2d ac 64  5 -- -- -- fd 32 -- -- -- -- -- -- a8 -- -- f8 -- -- 9c -- a2 97 da 48 -- -- 65 -- -- 52 -- 66 -- 26 -- -- 3e -- -- -- f2 -- 12 -- -- -- -- -- -- -- -- -- 29 33 13 -- a0 24 -- -- -- 7c -- -- 19 -- -- -- 

solutions so far:0 maxDepth:9 
iterations:12024914  skipped: 62 
Depth skipped: 
0 0 62 0 0 0 0 0 0 0 0 0 0 0 0 0 0 0 0 0 0 0 0 0 0 0 0 0 0 0 0 0 

running time: 1500 sec
 depth:8
 0  1  2  3  4  5  6  7  8  9  a  b  c  d  e  f 10 11 12 13 14 15 16 17 18 19 1a 1b 1c 1d 1e 1f 20 21 22 23 24 25 26 27 28 29 2a 2b 2c 2d 2e 2f 30 31 32 33 34 35 36 37 38 39 3a 3b 3c 3d 3e 3f 40 41 42 43 44 45 46 47 48 49 4a 4b 4c 4d 4e 4f 50 51 52 53 54 55 56 57 58 59 5a 5b 5c 5d 5e 5f 60 61 62 63 64 65 66 67 68 69 6a 6b 6c 6d 6e 6f 70 71 72 73 74 75 76 77 78 79 7a 7b 7c 7d 7e 7f 80 81 82 83 84 85 86 87 88 89 8a 8b 8c 8d 8e 8f 90 91 92 93 94 95 96 97 98 99 9a 9b 9c 9d 9e 9f a0 a1 a2 a3 a4 a5 a6 a7 a8 a9 aa ab ac ad ae af b0 b1 b2 b3 b4 b5 b6 b7 b8 b9 ba bb bc bd be bf c0 c1 c2 c3 c4 c5 c6 c7 c8 c9 ca cb cc cd ce cf d0 d1 d2 d3 d4 d5 d6 d7 d8 d9 da db dc dd de df e0 e1 e2 e3 e4 e5 e6 e7 e8 e9 ea eb ec ed ee ef f0 f1 f2 f3 f4 f5 f6 f7 f8 f9 fa fb fc fd fe ff 
 0  1  2 c6  4 74 5b 1f  8 77 e8 46 b6 ab 3e c7 10 ac ee 1a  7 bf 8c -- bb 58 81 -- 7c -- 59 -- 20 -- 8f --  b fe 34 4f  e 8a a9 -- cf -- -- ad a1 -- b0 -- d5 -- -- -- f8 d7 -- -- b2 e3 -- 5c 40 4d -- -- c9 -- -- d4 16 -- 2b 5a 68 5f 9e 1d 1c -- c3 -- 85 -- -- -- 49 f3 -- -- -- 62 8d -- 95 -- -- -- b7 -- -- 12 7d 6d -- 9d -- -- -- -- 27 a2 79 90 -- -- -- -- b3 70 11 -- -- -- b8 -- 80 -- 9a 2e -- -- -- -- 45 -- -- bd -- -- 7f cc 2c -- -- -- 56  d b4 -- d0 23 be 88 eb 63 3a e4 38 -- -- -- 51 48 -- -- dd a5 -- -- -- -- --  9 92 -- 31 -- -- -- -- -- -- 2d c4 e5 cd -- -- 6a fd 99 -- 35 -- -- -- -- b9 -- -- ef -- -- 24 -- fa 44 da 72 -- -- ed -- -- b5 -- 66 -- 17 -- -- 4e -- 93 -- f2 -- f7 -- -- -- -- -- -- -- -- -- b1 33 e0 -- 22 39 -- -- -- 9c -- -- a7 f1 -- -- 

solutions so far:0 maxDepth:9 
iterations:14381090  skipped: 78 
Depth skipped: 
0 0 78 0 0 0 0 0 0 0 0 0 0 0 0 0 0 0 0 0 0 0 0 0 0 0 0 0 0 0 0 0 

running time: 1800 sec
 depth:7
 0  1  2  3  4  5  6  7  8  9  a  b  c  d  e  f 10 11 12 13 14 15 16 17 18 19 1a 1b 1c 1d 1e 1f 20 21 22 23 24 25 26 27 28 29 2a 2b 2c 2d 2e 2f 30 31 32 33 34 35 36 37 38 39 3a 3b 3c 3d 3e 3f 40 41 42 43 44 45 46 47 48 49 4a 4b 4c 4d 4e 4f 50 51 52 53 54 55 56 57 58 59 5a 5b 5c 5d 5e 5f 60 61 62 63 64 65 66 67 68 69 6a 6b 6c 6d 6e 6f 70 71 72 73 74 75 76 77 78 79 7a 7b 7c 7d 7e 7f 80 81 82 83 84 85 86 87 88 89 8a 8b 8c 8d 8e 8f 90 91 92 93 94 95 96 97 98 99 9a 9b 9c 9d 9e 9f a0 a1 a2 a3 a4 a5 a6 a7 a8 a9 aa ab ac ad ae af b0 b1 b2 b3 b4 b5 b6 b7 b8 b9 ba bb bc bd be bf c0 c1 c2 c3 c4 c5 c6 c7 c8 c9 ca cb cc cd ce cf d0 d1 d2 d3 d4 d5 d6 d7 d8 d9 da db dc dd de df e0 e1 e2 e3 e4 e5 e6 e7 e8 e9 ea eb ec ed ee ef f0 f1 f2 f3 f4 f5 f6 f7 f8 f9 fa fb fc fd fe ff 
 0  1  2 c6  4 38 5b d8  8 8a 70 7c b6 f7 67 4d 10 -- c3 ac e0 bf f8 -- bb f1 39 -- ce -- 9a -- 20 -- -- -- 51 -- 8f 4f 17 -- a9 -- 27 -- -- c7 a1 -- 35 -- 72 -- -- -- 4b d7 -- -- e3 b5 -- 1d 40 b3 -- -- -- -- -- -- a2 -- -- 5a c9 48 9e  e 2e -- -- -- 85 -- -- -- 4e ef -- -- -- 12 59 -- 95 -- -- -- 6a -- -- df e4 6d -- fe -- -- -- -- 96 -- 79 73 -- -- -- -- 11 b8 bd -- -- -- 3a -- 80 -- b1 e5 -- -- -- -- -- -- -- 88 -- -- -- cc 93 -- -- -- -- 56 b4 -- 45 3e 90 cd eb 63 1c 6c 5c -- -- -- -- d2 -- -- dd 7f -- -- -- -- -- 84 9c --  9 -- -- -- -- -- -- 2d 24  7 b2 -- -- -- fd e8 -- -- -- -- -- -- d4 -- -- 42 -- -- 69 -- 1f 8d da 36 -- -- 2b -- -- 44 -- 66 -- 99 -- -- fb -- -- -- f2 -- e6 -- -- -- -- -- -- -- -- -- 22 33 a7 -- ad 1b -- -- -- 21 -- -- 74 -- -- -- 

solutions so far:0 maxDepth:10 
iterations:16927814  skipped: 116 
Depth skipped: 
0 0 116 0 0 0 0 0 0 0 0 0 0 0 0 0 0 0 0 0 0 0 0 0 0 0 0 0 0 0 0 0 

running time: 2100 sec
 depth:7
 0  1  2  3  4  5  6  7  8  9  a  b  c  d  e  f 10 11 12 13 14 15 16 17 18 19 1a 1b 1c 1d 1e 1f 20 21 22 23 24 25 26 27 28 29 2a 2b 2c 2d 2e 2f 30 31 32 33 34 35 36 37 38 39 3a 3b 3c 3d 3e 3f 40 41 42 43 44 45 46 47 48 49 4a 4b 4c 4d 4e 4f 50 51 52 53 54 55 56 57 58 59 5a 5b 5c 5d 5e 5f 60 61 62 63 64 65 66 67 68 69 6a 6b 6c 6d 6e 6f 70 71 72 73 74 75 76 77 78 79 7a 7b 7c 7d 7e 7f 80 81 82 83 84 85 86 87 88 89 8a 8b 8c 8d 8e 8f 90 91 92 93 94 95 96 97 98 99 9a 9b 9c 9d 9e 9f a0 a1 a2 a3 a4 a5 a6 a7 a8 a9 aa ab ac ad ae af b0 b1 b2 b3 b4 b5 b6 b7 b8 b9 ba bb bc bd be bf c0 c1 c2 c3 c4 c5 c6 c7 c8 c9 ca cb cc cd ce cf d0 d1 d2 d3 d4 d5 d6 d7 d8 d9 da db dc dd de df e0 e1 e2 e3 e4 e5 e6 e7 e8 e9 ea eb ec ed ee ef f0 f1 f2 f3 f4 f5 f6 f7 f8 f9 fa fb fc fd fe ff 
 0  1  2 c6  4 22 5b 8e  8 de 44 7d b6 c4 cb e8 10 -- 6b 37 88 bf fa -- bb 3b 5f -- 41 --  7 -- 20 -- -- -- d6 -- 6e 4f c7 -- a9 -- 23 -- -- 17 a1 -- 76 -- be -- -- -- 82 d7 -- --  e 99 -- ad 40 b8 -- -- -- -- -- -- 7b -- -- 5a dc 31 9e e3 59 -- -- -- 85 -- -- -- 46 cf -- -- -- 92 2e -- 95 -- -- -- ec -- -- 4c ab 6d -- 3c -- -- -- -- d3 -- 79 19 -- -- -- -- 1c b3 e5 -- -- -- 8d -- 80 -- a7 bd -- -- -- -- -- -- -- e0 -- -- -- cc f6 -- -- -- -- f0 b4 -- 6f d5 62 74 eb 63 11 47 b2 -- -- -- -- e7 -- -- dd 1e -- -- -- -- -- 26 8c -- 49 -- -- -- -- -- -- 2d f3 9a 5c -- -- -- fd 4d -- -- -- -- -- --  f -- -- 13 -- -- 98 -- 81 3a da c8 -- -- 78 -- -- 70 -- 66 -- b5 -- -- 71 -- -- -- f2 -- 32 -- -- -- -- -- -- -- -- -- 38 33 b1 -- 1d 64 -- -- -- e2 -- -- cd -- -- -- 

solutions so far:0 maxDepth:10 
iterations:19035789  skipped: 129 
Depth skipped: 
0 0 129 0 0 0 0 0 0 0 0 0 0 0 0 0 0 0 0 0 0 0 0 0 0 0 0 0 0 0 0 0 

running time: 2400 sec

Finished. Total running time: 2680 sec
