Search S-boxes invariant for matrices: 
{0x00,0x02,0x04,0x06,0x08,0x0a,0x0c,0x0e,0x10,0x12,0x14,0x16,0x18,0x1a,0x1c,0x1e,0x20,0x22,0x24,0x26,0x28,0x2a,0x2c,0x2e,0x30,0x32,0x34,0x36,0x38,0x3a,0x3c,0x3e,0x40,0x42,0x44,0x46,0x48,0x4a,0x4c,0x4e,0x50,0x52,0x54,0x56,0x58,0x5a,0x5c,0x5e,0x60,0x62,0x64,0x66,0x68,0x6a,0x6c,0x6e,0x70,0x72,0x74,0x76,0x78,0x7a,0x7c,0x7e,0x80,0x82,0x84,0x86,0x88,0x8a,0x8c,0x8e,0x90,0x92,0x94,0x96,0x98,0x9a,0x9c,0x9e,0xa0,0xa2,0xa4,0xa6,0xa8,0xaa,0xac,0xae,0xb0,0xb2,0xb4,0xb6,0xb8,0xba,0xbc,0xbe,0xc0,0xc2,0xc4,0xc6,0xc8,0xca,0xcc,0xce,0xd0,0xd2,0xd4,0xd6,0xd8,0xda,0xdc,0xde,0xe0,0xe2,0xe4,0xe6,0xe8,0xea,0xec,0xee,0xf0,0xf2,0xf4,0xf6,0xf8,0xfa,0xfc,0xfe,0x39,0x3b,0x3d,0x3f,0x31,0x33,0x35,0x37,0x29,0x2b,0x2d,0x2f,0x21,0x23,0x25,0x27,0x19,0x1b,0x1d,0x1f,0x11,0x13,0x15,0x17,0x09,0x0b,0x0d,0x0f,0x01,0x03,0x05,0x07,0x79,0x7b,0x7d,0x7f,0x71,0x73,0x75,0x77,0x69,0x6b,0x6d,0x6f,0x61,0x63,0x65,0x67,0x59,0x5b,0x5d,0x5f,0x51,0x53,0x55,0x57,0x49,0x4b,0x4d,0x4f,0x41,0x43,0x45,0x47,0xb9,0xbb,0xbd,0xbf,0xb1,0xb3,0xb5,0xb7,0xa9,0xab,0xad,0xaf,0xa1,0xa3,0xa5,0xa7,0x99,0x9b,0x9d,0x9f,0x91,0x93,0x95,0x97,0x89,0x8b,0x8d,0x8f,0x81,0x83,0x85,0x87,0xf9,0xfb,0xfd,0xff,0xf1,0xf3,0xf5,0xf7,0xe9,0xeb,0xed,0xef,0xe1,0xe3,0xe5,0xe7,0xd9,0xdb,0xdd,0xdf,0xd1,0xd3,0xd5,0xd7,0xc9,0xcb,0xcd,0xcf,0xc1,0xc3,0xc5,0xc7};
{0x00,0x02,0x04,0x06,0x08,0x0a,0x0c,0x0e,0x10,0x12,0x14,0x16,0x18,0x1a,0x1c,0x1e,0x20,0x22,0x24,0x26,0x28,0x2a,0x2c,0x2e,0x30,0x32,0x34,0x36,0x38,0x3a,0x3c,0x3e,0x40,0x42,0x44,0x46,0x48,0x4a,0x4c,0x4e,0x50,0x52,0x54,0x56,0x58,0x5a,0x5c,0x5e,0x60,0x62,0x64,0x66,0x68,0x6a,0x6c,0x6e,0x70,0x72,0x74,0x76,0x78,0x7a,0x7c,0x7e,0x80,0x82,0x84,0x86,0x88,0x8a,0x8c,0x8e,0x90,0x92,0x94,0x96,0x98,0x9a,0x9c,0x9e,0xa0,0xa2,0xa4,0xa6,0xa8,0xaa,0xac,0xae,0xb0,0xb2,0xb4,0xb6,0xb8,0xba,0xbc,0xbe,0xc0,0xc2,0xc4,0xc6,0xc8,0xca,0xcc,0xce,0xd0,0xd2,0xd4,0xd6,0xd8,0xda,0xdc,0xde,0xe0,0xe2,0xe4,0xe6,0xe8,0xea,0xec,0xee,0xf0,0xf2,0xf4,0xf6,0xf8,0xfa,0xfc,0xfe,0xd7,0xd5,0xd3,0xd1,0xdf,0xdd,0xdb,0xd9,0xc7,0xc5,0xc3,0xc1,0xcf,0xcd,0xcb,0xc9,0xf7,0xf5,0xf3,0xf1,0xff,0xfd,0xfb,0xf9,0xe7,0xe5,0xe3,0xe1,0xef,0xed,0xeb,0xe9,0x97,0x95,0x93,0x91,0x9f,0x9d,0x9b,0x99,0x87,0x85,0x83,0x81,0x8f,0x8d,0x8b,0x89,0xb7,0xb5,0xb3,0xb1,0xbf,0xbd,0xbb,0xb9,0xa7,0xa5,0xa3,0xa1,0xaf,0xad,0xab,0xa9,0x57,0x55,0x53,0x51,0x5f,0x5d,0x5b,0x59,0x47,0x45,0x43,0x41,0x4f,0x4d,0x4b,0x49,0x77,0x75,0x73,0x71,0x7f,0x7d,0x7b,0x79,0x67,0x65,0x63,0x61,0x6f,0x6d,0x6b,0x69,0x17,0x15,0x13,0x11,0x1f,0x1d,0x1b,0x19,0x07,0x05,0x03,0x01,0x0f,0x0d,0x0b,0x09,0x37,0x35,0x33,0x31,0x3f,0x3d,0x3b,0x39,0x27,0x25,0x23,0x21,0x2f,0x2d,0x2b,0x29};



 depth:7
 0  1  2  3  4  5  6  7  8  9  a  b  c  d  e  f 10 11 12 13 14 15 16 17 18 19 1a 1b 1c 1d 1e 1f 20 21 22 23 24 25 26 27 28 29 2a 2b 2c 2d 2e 2f 30 31 32 33 34 35 36 37 38 39 3a 3b 3c 3d 3e 3f 40 41 42 43 44 45 46 47 48 49 4a 4b 4c 4d 4e 4f 50 51 52 53 54 55 56 57 58 59 5a 5b 5c 5d 5e 5f 60 61 62 63 64 65 66 67 68 69 6a 6b 6c 6d 6e 6f 70 71 72 73 74 75 76 77 78 79 7a 7b 7c 7d 7e 7f 80 81 82 83 84 85 86 87 88 89 8a 8b 8c 8d 8e 8f 90 91 92 93 94 95 96 97 98 99 9a 9b 9c 9d 9e 9f a0 a1 a2 a3 a4 a5 a6 a7 a8 a9 aa ab ac ad ae af b0 b1 b2 b3 b4 b5 b6 b7 b8 b9 ba bb bc bd be bf c0 c1 c2 c3 c4 c5 c6 c7 c8 c9 ca cb cc cd ce cf d0 d1 d2 d3 d4 d5 d6 d7 d8 d9 da db dc dd de df e0 e1 e2 e3 e4 e5 e6 e7 e8 e9 ea eb ec ed ee ef f0 f1 f2 f3 f4 f5 f6 f7 f8 f9 fa fb fc fd fe ff 
 0  1  2 be  4 e4 ab 73  8 a6 1f b9 81  b e6 37 10 -- 9b db 3e 49 a5 -- d5 54 16 -- 1b -- 6e -- 20 -- -- -- e1 -- 61 4f 7c -- 92 -- 9d -- -- 7b 7d -- a8 -- 2c -- -- -- 36 d7 -- -- dc  f -- 12 40 76 -- -- -- -- -- -- 15 -- -- 8c c2 77 9e 39 f8 -- -- -- f3 -- -- -- ed 1a -- -- -- 68 f6 -- fa -- -- -- 87 -- -- 96 58 62 -- ca -- -- -- -- 6c -- 79 42 -- -- -- -- 6f 4e 1e -- -- -- 24 -- 80 -- ec  9 -- -- -- -- -- -- -- d6 -- -- -- cc 2a -- -- -- -- 86 cf -- 53 b7 ee f0 eb 5f 72 d2 27 -- -- -- -- 21 -- -- 31 65 -- -- -- -- -- 4b  d -- 34 -- -- -- -- -- -- 46 d0 f7 3b -- -- -- 23 90 -- -- -- -- -- -- d9 -- -- ce -- -- fb -- b0 78 c4 69 -- -- 43 -- -- 6b -- 66 -- ef -- -- d8 -- -- -- f2 -- 84 -- -- -- -- -- -- -- -- -- de 33 9c -- 3c df -- -- -- 67 -- -- 48 -- -- -- 

solutions so far:0 maxDepth:9 
iterations:2142717  skipped: 17 
Depth skipped: 
0 0 17 0 0 0 0 0 0 0 0 0 0 0 0 0 0 0 0 0 0 0 0 0 0 0 0 0 0 0 0 0 

running time: 300 sec
 depth:7
 0  1  2  3  4  5  6  7  8  9  a  b  c  d  e  f 10 11 12 13 14 15 16 17 18 19 1a 1b 1c 1d 1e 1f 20 21 22 23 24 25 26 27 28 29 2a 2b 2c 2d 2e 2f 30 31 32 33 34 35 36 37 38 39 3a 3b 3c 3d 3e 3f 40 41 42 43 44 45 46 47 48 49 4a 4b 4c 4d 4e 4f 50 51 52 53 54 55 56 57 58 59 5a 5b 5c 5d 5e 5f 60 61 62 63 64 65 66 67 68 69 6a 6b 6c 6d 6e 6f 70 71 72 73 74 75 76 77 78 79 7a 7b 7c 7d 7e 7f 80 81 82 83 84 85 86 87 88 89 8a 8b 8c 8d 8e 8f 90 91 92 93 94 95 96 97 98 99 9a 9b 9c 9d 9e 9f a0 a1 a2 a3 a4 a5 a6 a7 a8 a9 aa ab ac ad ae af b0 b1 b2 b3 b4 b5 b6 b7 b8 b9 ba bb bc bd be bf c0 c1 c2 c3 c4 c5 c6 c7 c8 c9 ca cb cc cd ce cf d0 d1 d2 d3 d4 d5 d6 d7 d8 d9 da db dc dd de df e0 e1 e2 e3 e4 e5 e6 e7 e8 e9 ea eb ec ed ee ef f0 f1 f2 f3 f4 f5 f6 f7 f8 f9 fa fb fc fd fe ff 
 0  1  2 be  4 dd ab 3d  8 30 6d f7 81 ef 7a  7 10 -- 60  3 da 49 39 -- d5 8b  9 -- f4 --  e -- 20 -- -- -- c0 --  6 4f 63 -- 92 -- 72 -- -- 2e 7d -- c1 -- 12 -- -- -- 3f d7 -- -- 1c e5 -- fd 40 a7 -- -- -- -- -- -- 57 -- -- 8c  c 4e 9e a9 c6 -- -- -- f3 -- -- -- e4 3e -- -- -- f8 5c -- fa -- -- -- 55 -- -- af 24 62 -- d1 -- -- -- -- 7e -- 79 5d -- -- -- -- 38 b6 1d -- -- -- 2d -- 80 -- 99 95 -- -- -- -- -- -- -- 17 -- -- -- cc ae -- -- -- -- ea cf -- 18 90 9c e8 eb 5f 85 f5 5b -- -- -- -- c5 -- -- 31 83 -- -- -- -- -- bc 1f -- 7c -- -- -- -- -- -- 46 27 bf b8 -- -- -- 23 b4 -- -- -- -- -- -- aa -- -- 5e -- -- 89 -- 48 74 c4 91 -- -- 75 -- -- e0 -- 66 -- a1 -- -- fc -- -- -- f2 -- ba -- -- -- -- -- -- -- -- -- 70 33 bb -- 3a a3 -- -- -- 2f -- -- 5a -- -- -- 

solutions so far:0 maxDepth:9 
iterations:4144802  skipped: 20 
Depth skipped: 
0 0 20 0 0 0 0 0 0 0 0 0 0 0 0 0 0 0 0 0 0 0 0 0 0 0 0 0 0 0 0 0 

running time: 600 sec
 depth:5
 0  1  2  3  4  5  6  7  8  9  a  b  c  d  e  f 10 11 12 13 14 15 16 17 18 19 1a 1b 1c 1d 1e 1f 20 21 22 23 24 25 26 27 28 29 2a 2b 2c 2d 2e 2f 30 31 32 33 34 35 36 37 38 39 3a 3b 3c 3d 3e 3f 40 41 42 43 44 45 46 47 48 49 4a 4b 4c 4d 4e 4f 50 51 52 53 54 55 56 57 58 59 5a 5b 5c 5d 5e 5f 60 61 62 63 64 65 66 67 68 69 6a 6b 6c 6d 6e 6f 70 71 72 73 74 75 76 77 78 79 7a 7b 7c 7d 7e 7f 80 81 82 83 84 85 86 87 88 89 8a 8b 8c 8d 8e 8f 90 91 92 93 94 95 96 97 98 99 9a 9b 9c 9d 9e 9f a0 a1 a2 a3 a4 a5 a6 a7 a8 a9 aa ab ac ad ae af b0 b1 b2 b3 b4 b5 b6 b7 b8 b9 ba bb bc bd be bf c0 c1 c2 c3 c4 c5 c6 c7 c8 c9 ca cb cc cd ce cf d0 d1 d2 d3 d4 d5 d6 d7 d8 d9 da db dc dd de df e0 e1 e2 e3 e4 e5 e6 e7 e8 e9 ea eb ec ed ee ef f0 f1 f2 f3 f4 f5 f6 f7 f8 f9 fa fb fc fd fe ff 
 0  1  2 be  4 c8 ab f9  8 e0 47 -- 81 -- 25 -- 10 -- 17  e 8e 49 -- -- d5 a7 -- -- 4a -- -- -- 20 -- -- -- 2e -- 1c 4f cb -- 92 -- -- -- -- -- 7d -- 99 -- -- -- -- -- 94 d7 -- -- -- -- -- 26 40 -- -- -- -- -- -- -- 5c -- -- 8c 38 -- 9e 32 41 -- -- -- f3 -- -- -- -- -- -- -- -- -- -- -- fa -- -- -- e5 -- -- e9 -- 62 -- 74 -- -- -- -- ff -- 79 14 -- -- -- -- -- d3 -- -- -- -- 4c -- 80 -- -- 13 -- -- -- -- -- -- -- -- -- -- -- cc b8 -- -- -- --  7 cf -- 70 -- -- -- eb 5f 64 97 82 -- -- -- --  a -- -- 31 3a -- -- -- -- -- 9f -- -- -- -- -- -- -- -- -- 46 -- 19 -- -- -- -- 23 e7 -- -- -- -- -- -- 1d -- -- a4 -- --  5 -- -- -- c4 a0 -- -- e8 -- -- -- -- 66 -- e2 -- -- 29 -- -- -- f2 -- 28 -- -- -- -- -- -- -- -- -- -- 33 71 -- -- 50 -- -- -- 52 -- -- 98 -- -- -- 

solutions so far:0 maxDepth:9 
iterations:6691795  skipped: 28 
Depth skipped: 
0 0 28 0 0 0 0 0 0 0 0 0 0 0 0 0 0 0 0 0 0 0 0 0 0 0 0 0 0 0 0 0 

running time: 900 sec
 depth:7
 0  1  2  3  4  5  6  7  8  9  a  b  c  d  e  f 10 11 12 13 14 15 16 17 18 19 1a 1b 1c 1d 1e 1f 20 21 22 23 24 25 26 27 28 29 2a 2b 2c 2d 2e 2f 30 31 32 33 34 35 36 37 38 39 3a 3b 3c 3d 3e 3f 40 41 42 43 44 45 46 47 48 49 4a 4b 4c 4d 4e 4f 50 51 52 53 54 55 56 57 58 59 5a 5b 5c 5d 5e 5f 60 61 62 63 64 65 66 67 68 69 6a 6b 6c 6d 6e 6f 70 71 72 73 74 75 76 77 78 79 7a 7b 7c 7d 7e 7f 80 81 82 83 84 85 86 87 88 89 8a 8b 8c 8d 8e 8f 90 91 92 93 94 95 96 97 98 99 9a 9b 9c 9d 9e 9f a0 a1 a2 a3 a4 a5 a6 a7 a8 a9 aa ab ac ad ae af b0 b1 b2 b3 b4 b5 b6 b7 b8 b9 ba bb bc bd be bf c0 c1 c2 c3 c4 c5 c6 c7 c8 c9 ca cb cc cd ce cf d0 d1 d2 d3 d4 d5 d6 d7 d8 d9 da db dc dd de df e0 e1 e2 e3 e4 e5 e6 e7 e8 e9 ea eb ec ed ee ef f0 f1 f2 f3 f4 f5 f6 f7 f8 f9 fa fb fc fd fe ff 
 0  1  2 be  4 a5 ab 6d  8 74 9d d2 81 fb da 29 10 -- e8 99 ed 49 73 -- d5 38 21 -- 63 -- 52 -- 20 -- -- --  7 -- e5 4f  d -- 92 -- e6 -- -- 14 7d -- 70 -- 42 -- -- -- c6 d7 -- -- a4 f9 --  b 40 a0 -- -- -- -- -- --  e -- -- 8c 1d 4b 9e b7 1a -- -- -- f3 -- -- -- 1b 6c -- -- -- 67 28 -- fa -- -- -- e0 -- -- fd 84 62 -- 5c -- -- -- -- 5b -- 79 b4 -- -- -- -- 9f 68 25 -- -- -- 16 -- 80 -- 97 ee -- -- -- -- -- -- --  a -- -- -- cc 1c -- -- -- -- a7 cf -- 3a 69 96 ff eb 5f b9 dd 34 -- -- -- -- 5a -- -- 31 2e -- -- -- -- -- 95 36 -- d8 -- -- -- -- -- -- 46 ce b0 50 -- -- -- 23 58 -- -- -- -- -- -- 17 -- -- a1 -- -- 2d -- df 94 c4 85 -- -- b8 -- --  5 -- 66 -- 77 -- -- b6 -- -- -- f2 -- bf -- -- -- -- -- -- -- -- -- e9 33 d0 -- 4a a9 -- -- -- bb -- -- 2c -- -- -- 

solutions so far:0 maxDepth:9 
iterations:9442838  skipped: 49 
Depth skipped: 
0 0 49 0 0 0 0 0 0 0 0 0 0 0 0 0 0 0 0 0 0 0 0 0 0 0 0 0 0 0 0 0 

running time: 1200 sec
 depth:6
 0  1  2  3  4  5  6  7  8  9  a  b  c  d  e  f 10 11 12 13 14 15 16 17 18 19 1a 1b 1c 1d 1e 1f 20 21 22 23 24 25 26 27 28 29 2a 2b 2c 2d 2e 2f 30 31 32 33 34 35 36 37 38 39 3a 3b 3c 3d 3e 3f 40 41 42 43 44 45 46 47 48 49 4a 4b 4c 4d 4e 4f 50 51 52 53 54 55 56 57 58 59 5a 5b 5c 5d 5e 5f 60 61 62 63 64 65 66 67 68 69 6a 6b 6c 6d 6e 6f 70 71 72 73 74 75 76 77 78 79 7a 7b 7c 7d 7e 7f 80 81 82 83 84 85 86 87 88 89 8a 8b 8c 8d 8e 8f 90 91 92 93 94 95 96 97 98 99 9a 9b 9c 9d 9e 9f a0 a1 a2 a3 a4 a5 a6 a7 a8 a9 aa ab ac ad ae af b0 b1 b2 b3 b4 b5 b6 b7 b8 b9 ba bb bc bd be bf c0 c1 c2 c3 c4 c5 c6 c7 c8 c9 ca cb cc cd ce cf d0 d1 d2 d3 d4 d5 d6 d7 d8 d9 da db dc dd de df e0 e1 e2 e3 e4 e5 e6 e7 e8 e9 ea eb ec ed ee ef f0 f1 f2 f3 f4 f5 f6 f7 f8 f9 fa fb fc fd fe ff 
 0  1  2 be  4 99 ab db  8 1f e5 8d 81 b2 61 -- 10 -- 3e f7 1d 49 cd -- d5 4e b3 -- c2 -- -- -- 20 -- -- -- 7c -- 39 4f 3a -- 92 -- 4d -- -- -- 7d -- 9c -- b1 -- -- -- 53 d7 -- -- -- -- -- 70 40 -- -- -- -- -- -- -- f8 -- -- 8c 72 c7 9e b8 74 -- -- -- f3 -- -- -- 9a 11 -- -- -- 44 -- -- fa -- -- -- ef -- -- 54 b5 62 -- 24 -- -- -- -- a6 -- 79 d9 -- -- -- -- --  7 -- -- -- -- e0 -- 80 -- -- 38 -- -- -- -- -- -- -- -- -- -- -- cc 27 -- -- -- -- 90 cf -- e4 ad 59 -- eb 5f a7 86 e8 -- -- -- -- 87 -- -- 31 12 -- -- -- -- -- 2a e3 -- 22 -- -- -- -- -- -- 46 88 5c -- -- -- -- 23 2e -- -- -- -- -- --  9 -- -- 15 -- -- a8 -- bd -- c4 43 -- -- 48 -- -- -- -- 66 -- 1c -- -- 9b -- -- -- f2 -- 65 -- -- -- -- -- -- -- -- -- -- 33  e -- -- ca -- -- -- e1 -- -- 17 -- -- -- 

solutions so far:0 maxDepth:9 
iterations:11729304  skipped: 52 
Depth skipped: 
0 0 52 0 0 0 0 0 0 0 0 0 0 0 0 0 0 0 0 0 0 0 0 0 0 0 0 0 0 0 0 0 

running time: 1500 sec
 depth:7
 0  1  2  3  4  5  6  7  8  9  a  b  c  d  e  f 10 11 12 13 14 15 16 17 18 19 1a 1b 1c 1d 1e 1f 20 21 22 23 24 25 26 27 28 29 2a 2b 2c 2d 2e 2f 30 31 32 33 34 35 36 37 38 39 3a 3b 3c 3d 3e 3f 40 41 42 43 44 45 46 47 48 49 4a 4b 4c 4d 4e 4f 50 51 52 53 54 55 56 57 58 59 5a 5b 5c 5d 5e 5f 60 61 62 63 64 65 66 67 68 69 6a 6b 6c 6d 6e 6f 70 71 72 73 74 75 76 77 78 79 7a 7b 7c 7d 7e 7f 80 81 82 83 84 85 86 87 88 89 8a 8b 8c 8d 8e 8f 90 91 92 93 94 95 96 97 98 99 9a 9b 9c 9d 9e 9f a0 a1 a2 a3 a4 a5 a6 a7 a8 a9 aa ab ac ad ae af b0 b1 b2 b3 b4 b5 b6 b7 b8 b9 ba bb bc bd be bf c0 c1 c2 c3 c4 c5 c6 c7 c8 c9 ca cb cc cd ce cf d0 d1 d2 d3 d4 d5 d6 d7 d8 d9 da db dc dd de df e0 e1 e2 e3 e4 e5 e6 e7 e8 e9 ea eb ec ed ee ef f0 f1 f2 f3 f4 f5 f6 f7 f8 f9 fa fb fc fd fe ff 
 0  1  2 be  4 75 ab 42  8 86 ea b8 81 38 84 2f 10 -- db d9  3 49 a7 -- d5 a6 70 -- df -- 5e -- 20 -- -- -- 61 -- 65 4f  6 -- 92 -- 99 -- -- ba 7d -- 9b -- e0 -- -- -- 69 d7 -- -- bc 7a -- ae 40 f5 -- -- -- -- -- -- c2 -- -- 8c ca  e 9e 83  c -- -- -- f3 -- -- -- e5 3a -- -- -- e8 a3 -- fa -- -- -- e1 -- -- 6c 17 62 -- 54 -- -- -- -- d2 -- 79 ce -- -- -- -- af 30 f4 -- -- -- 8b -- 80 -- 3d 57 -- -- -- -- -- -- -- 5d -- -- -- cc 53 -- -- -- -- 87 cf -- 43 5c 1c fc eb 5f d1 21 18 -- -- -- -- 67 -- -- 31 2a -- -- -- -- -- 36 1d -- 74 -- -- -- -- -- -- 46  7 aa 91 -- -- -- 23 55 -- -- -- -- -- -- 15 -- -- 1b -- -- d8 -- 2e 7e c4 fb -- -- a8 -- -- c5 -- 66 -- c0 -- -- 73 -- -- -- f2 -- 4b -- -- -- -- -- -- -- -- -- 89 33 60 -- 3f 96 -- -- -- e6 -- -- c1 -- -- -- 

solutions so far:0 maxDepth:9 
iterations:13901719  skipped: 74 
Depth skipped: 
0 0 74 0 0 0 0 0 0 0 0 0 0 0 0 0 0 0 0 0 0 0 0 0 0 0 0 0 0 0 0 0 

running time: 1800 sec
 depth:7
 0  1  2  3  4  5  6  7  8  9  a  b  c  d  e  f 10 11 12 13 14 15 16 17 18 19 1a 1b 1c 1d 1e 1f 20 21 22 23 24 25 26 27 28 29 2a 2b 2c 2d 2e 2f 30 31 32 33 34 35 36 37 38 39 3a 3b 3c 3d 3e 3f 40 41 42 43 44 45 46 47 48 49 4a 4b 4c 4d 4e 4f 50 51 52 53 54 55 56 57 58 59 5a 5b 5c 5d 5e 5f 60 61 62 63 64 65 66 67 68 69 6a 6b 6c 6d 6e 6f 70 71 72 73 74 75 76 77 78 79 7a 7b 7c 7d 7e 7f 80 81 82 83 84 85 86 87 88 89 8a 8b 8c 8d 8e 8f 90 91 92 93 94 95 96 97 98 99 9a 9b 9c 9d 9e 9f a0 a1 a2 a3 a4 a5 a6 a7 a8 a9 aa ab ac ad ae af b0 b1 b2 b3 b4 b5 b6 b7 b8 b9 ba bb bc bd be bf c0 c1 c2 c3 c4 c5 c6 c7 c8 c9 ca cb cc cd ce cf d0 d1 d2 d3 d4 d5 d6 d7 d8 d9 da db dc dd de df e0 e1 e2 e3 e4 e5 e6 e7 e8 e9 ea eb ec ed ee ef f0 f1 f2 f3 f4 f5 f6 f7 f8 f9 fa fb fc fd fe ff 
 0  1  2 be  4 5c ab a1  8 83 b8 8e 81 e7 95 2a 10 -- d1 8b a7 49 cb -- d5  6 19 -- fd -- 54 -- 20 -- -- -- 75 -- c1 4f 99 -- 92 -- 41 -- -- 43 7d --  c -- 32 -- -- -- 2d d7 -- -- a8 53 --  e 40 61 -- -- -- -- -- -- ea -- -- 8c 55 4c 9e 17 e5 -- -- -- f3 -- -- -- 82 71 -- -- -- 13 86 -- fa -- -- -- 18 -- -- dd 64 62 -- c0 -- -- -- -- 5a -- 79 63 -- -- -- -- 87 3a a6 -- -- -- 1c -- 80 -- c2  7 -- -- -- -- -- -- -- ca -- -- -- cc  3 -- -- -- -- ae cf -- aa 47 98 15 eb 5f 2e bb 1d -- -- -- -- da -- -- 31 60 -- -- -- -- -- 85 d3 -- e2 -- -- -- -- -- -- 46 26 e0 db -- -- -- 23 70 -- -- -- -- -- -- 30 -- -- a9 -- -- 6d -- c8 e1 c4 b6 -- -- 57 -- -- 65 -- 66 -- e8 -- -- b4 -- -- -- f2 -- c6 -- -- -- -- -- -- -- -- -- d9 33 74 -- 9b 5b -- -- -- bf -- -- 38 -- -- -- 

solutions so far:0 maxDepth:9 
iterations:16641575  skipped: 86 
Depth skipped: 
0 0 86 0 0 0 0 0 0 0 0 0 0 0 0 0 0 0 0 0 0 0 0 0 0 0 0 0 0 0 0 0 

running time: 2100 sec
 depth:7
 0  1  2  3  4  5  6  7  8  9  a  b  c  d  e  f 10 11 12 13 14 15 16 17 18 19 1a 1b 1c 1d 1e 1f 20 21 22 23 24 25 26 27 28 29 2a 2b 2c 2d 2e 2f 30 31 32 33 34 35 36 37 38 39 3a 3b 3c 3d 3e 3f 40 41 42 43 44 45 46 47 48 49 4a 4b 4c 4d 4e 4f 50 51 52 53 54 55 56 57 58 59 5a 5b 5c 5d 5e 5f 60 61 62 63 64 65 66 67 68 69 6a 6b 6c 6d 6e 6f 70 71 72 73 74 75 76 77 78 79 7a 7b 7c 7d 7e 7f 80 81 82 83 84 85 86 87 88 89 8a 8b 8c 8d 8e 8f 90 91 92 93 94 95 96 97 98 99 9a 9b 9c 9d 9e 9f a0 a1 a2 a3 a4 a5 a6 a7 a8 a9 aa ab ac ad ae af b0 b1 b2 b3 b4 b5 b6 b7 b8 b9 ba bb bc bd be bf c0 c1 c2 c3 c4 c5 c6 c7 c8 c9 ca cb cc cd ce cf d0 d1 d2 d3 d4 d5 d6 d7 d8 d9 da db dc dd de df e0 e1 e2 e3 e4 e5 e6 e7 e8 e9 ea eb ec ed ee ef f0 f1 f2 f3 f4 f5 f6 f7 f8 f9 fa fb fc fd fe ff 
 0  1  2 be  4 3e ab 45  8 1a 7c 26 81 41 8a b8 10 -- 34 a5 f8 49 4c -- d5 ee 82 -- c3 -- a7 -- 20 -- -- -- 68 -- 9d 4f 27 -- 92 -- 98 -- -- e8 7d --  b -- d3 -- -- -- 51 d7 -- -- 99 70 -- 48 40 1c -- -- -- -- -- -- d0 -- -- 8c ed 8e 9e e4 4e -- -- -- f3 -- -- -- e7 32 -- -- -- c8  7 -- fa -- -- -- 16 -- -- d4 71 62 -- b0 -- -- -- -- a2 -- 79 2b -- -- -- -- e5 ef e0 -- -- -- 90 -- 80 -- 38 24 -- -- -- -- -- -- -- 74 -- -- -- cc 77 -- -- -- -- b9 cf --  d 13 cb 5c eb 5f 1f c9 9c -- -- -- -- fe -- -- 31 58 -- -- -- -- -- 6a 19 -- 64 -- -- -- -- -- -- 46 47 72  e -- -- -- 23 39 -- -- -- -- -- -- 2c -- -- 35 -- -- 7f -- e2 2e c4 8f -- -- b7 -- -- 3a -- 66 -- 12 -- -- 93 -- -- -- f2 -- 56 -- -- -- -- -- -- -- -- -- 1d 33  9 -- 17 ac -- -- -- f1 -- -- f7 -- -- -- 

solutions so far:0 maxDepth:9 
iterations:18681827  skipped: 104 
Depth skipped: 
0 0 104 0 0 0 0 0 0 0 0 0 0 0 0 0 0 0 0 0 0 0 0 0 0 0 0 0 0 0 0 0 

running time: 2400 sec
 depth:6
 0  1  2  3  4  5  6  7  8  9  a  b  c  d  e  f 10 11 12 13 14 15 16 17 18 19 1a 1b 1c 1d 1e 1f 20 21 22 23 24 25 26 27 28 29 2a 2b 2c 2d 2e 2f 30 31 32 33 34 35 36 37 38 39 3a 3b 3c 3d 3e 3f 40 41 42 43 44 45 46 47 48 49 4a 4b 4c 4d 4e 4f 50 51 52 53 54 55 56 57 58 59 5a 5b 5c 5d 5e 5f 60 61 62 63 64 65 66 67 68 69 6a 6b 6c 6d 6e 6f 70 71 72 73 74 75 76 77 78 79 7a 7b 7c 7d 7e 7f 80 81 82 83 84 85 86 87 88 89 8a 8b 8c 8d 8e 8f 90 91 92 93 94 95 96 97 98 99 9a 9b 9c 9d 9e 9f a0 a1 a2 a3 a4 a5 a6 a7 a8 a9 aa ab ac ad ae af b0 b1 b2 b3 b4 b5 b6 b7 b8 b9 ba bb bc bd be bf c0 c1 c2 c3 c4 c5 c6 c7 c8 c9 ca cb cc cd ce cf d0 d1 d2 d3 d4 d5 d6 d7 d8 d9 da db dc dd de df e0 e1 e2 e3 e4 e5 e6 e7 e8 e9 ea eb ec ed ee ef f0 f1 f2 f3 f4 f5 f6 f7 f8 f9 fa fb fc fd fe ff 
 0  1  2 be  4 24 ab 1d  8 97 48 21 81 d8 3a -- 10 -- f9 14 90 49 42 -- d5 ff 67 -- 74 -- -- -- 20 -- -- -- 25 -- 28 4f f7 -- 92 -- 84 -- -- -- 7d -- 29 -- ce -- -- -- e8 d7 -- -- -- -- -- f8 40 -- -- -- -- -- -- -- 4a -- -- 8c 50 36 9e  9 39 -- -- -- f3 -- -- -- df d2 -- -- -- e6 -- -- fa -- -- -- 52 -- -- e0 4b 62 -- e9 -- -- -- --  7 -- 79 5c -- -- -- -- -- e4 -- -- -- -- 27 -- 80 -- -- 7c -- -- -- -- -- -- -- -- -- -- -- cc 94 -- -- -- --  a cf -- a0 fb 6c -- eb 5f 12 e5 72 -- -- -- -- 2e -- -- 31 9f -- -- -- -- -- 70 69 -- 73 -- -- -- -- -- -- 46 1b ef -- -- -- -- 23 9c -- -- -- -- -- -- a4 -- -- 38 -- -- 17 -- 96 -- c4 99 -- --  5 -- -- -- -- 66 -- 3e -- --  e -- -- -- f2 -- b8 -- -- -- -- -- -- -- -- -- -- 33 1f -- -- a7 -- -- -- 1c -- -- 4e -- -- -- 

solutions so far:0 maxDepth:9 
iterations:21103696  skipped: 121 
Depth skipped: 
0 0 121 0 0 0 0 0 0 0 0 0 0 0 0 0 0 0 0 0 0 0 0 0 0 0 0 0 0 0 0 0 

running time: 2700 sec

Finished. Total running time: 2961 sec
