Search S-boxes invariant for matrices: 
{0x00,0x02,0x04,0x06,0x08,0x0a,0x0c,0x0e,0x10,0x12,0x14,0x16,0x18,0x1a,0x1c,0x1e,0x20,0x22,0x24,0x26,0x28,0x2a,0x2c,0x2e,0x30,0x32,0x34,0x36,0x38,0x3a,0x3c,0x3e,0x40,0x42,0x44,0x46,0x48,0x4a,0x4c,0x4e,0x50,0x52,0x54,0x56,0x58,0x5a,0x5c,0x5e,0x60,0x62,0x64,0x66,0x68,0x6a,0x6c,0x6e,0x70,0x72,0x74,0x76,0x78,0x7a,0x7c,0x7e,0x80,0x82,0x84,0x86,0x88,0x8a,0x8c,0x8e,0x90,0x92,0x94,0x96,0x98,0x9a,0x9c,0x9e,0xa0,0xa2,0xa4,0xa6,0xa8,0xaa,0xac,0xae,0xb0,0xb2,0xb4,0xb6,0xb8,0xba,0xbc,0xbe,0xc0,0xc2,0xc4,0xc6,0xc8,0xca,0xcc,0xce,0xd0,0xd2,0xd4,0xd6,0xd8,0xda,0xdc,0xde,0xe0,0xe2,0xe4,0xe6,0xe8,0xea,0xec,0xee,0xf0,0xf2,0xf4,0xf6,0xf8,0xfa,0xfc,0xfe,0x39,0x3b,0x3d,0x3f,0x31,0x33,0x35,0x37,0x29,0x2b,0x2d,0x2f,0x21,0x23,0x25,0x27,0x19,0x1b,0x1d,0x1f,0x11,0x13,0x15,0x17,0x09,0x0b,0x0d,0x0f,0x01,0x03,0x05,0x07,0x79,0x7b,0x7d,0x7f,0x71,0x73,0x75,0x77,0x69,0x6b,0x6d,0x6f,0x61,0x63,0x65,0x67,0x59,0x5b,0x5d,0x5f,0x51,0x53,0x55,0x57,0x49,0x4b,0x4d,0x4f,0x41,0x43,0x45,0x47,0xb9,0xbb,0xbd,0xbf,0xb1,0xb3,0xb5,0xb7,0xa9,0xab,0xad,0xaf,0xa1,0xa3,0xa5,0xa7,0x99,0x9b,0x9d,0x9f,0x91,0x93,0x95,0x97,0x89,0x8b,0x8d,0x8f,0x81,0x83,0x85,0x87,0xf9,0xfb,0xfd,0xff,0xf1,0xf3,0xf5,0xf7,0xe9,0xeb,0xed,0xef,0xe1,0xe3,0xe5,0xe7,0xd9,0xdb,0xdd,0xdf,0xd1,0xd3,0xd5,0xd7,0xc9,0xcb,0xcd,0xcf,0xc1,0xc3,0xc5,0xc7};
{0x00,0x02,0x04,0x06,0x08,0x0a,0x0c,0x0e,0x10,0x12,0x14,0x16,0x18,0x1a,0x1c,0x1e,0x20,0x22,0x24,0x26,0x28,0x2a,0x2c,0x2e,0x30,0x32,0x34,0x36,0x38,0x3a,0x3c,0x3e,0x40,0x42,0x44,0x46,0x48,0x4a,0x4c,0x4e,0x50,0x52,0x54,0x56,0x58,0x5a,0x5c,0x5e,0x60,0x62,0x64,0x66,0x68,0x6a,0x6c,0x6e,0x70,0x72,0x74,0x76,0x78,0x7a,0x7c,0x7e,0x80,0x82,0x84,0x86,0x88,0x8a,0x8c,0x8e,0x90,0x92,0x94,0x96,0x98,0x9a,0x9c,0x9e,0xa0,0xa2,0xa4,0xa6,0xa8,0xaa,0xac,0xae,0xb0,0xb2,0xb4,0xb6,0xb8,0xba,0xbc,0xbe,0xc0,0xc2,0xc4,0xc6,0xc8,0xca,0xcc,0xce,0xd0,0xd2,0xd4,0xd6,0xd8,0xda,0xdc,0xde,0xe0,0xe2,0xe4,0xe6,0xe8,0xea,0xec,0xee,0xf0,0xf2,0xf4,0xf6,0xf8,0xfa,0xfc,0xfe,0xd7,0xd5,0xd3,0xd1,0xdf,0xdd,0xdb,0xd9,0xc7,0xc5,0xc3,0xc1,0xcf,0xcd,0xcb,0xc9,0xf7,0xf5,0xf3,0xf1,0xff,0xfd,0xfb,0xf9,0xe7,0xe5,0xe3,0xe1,0xef,0xed,0xeb,0xe9,0x97,0x95,0x93,0x91,0x9f,0x9d,0x9b,0x99,0x87,0x85,0x83,0x81,0x8f,0x8d,0x8b,0x89,0xb7,0xb5,0xb3,0xb1,0xbf,0xbd,0xbb,0xb9,0xa7,0xa5,0xa3,0xa1,0xaf,0xad,0xab,0xa9,0x57,0x55,0x53,0x51,0x5f,0x5d,0x5b,0x59,0x47,0x45,0x43,0x41,0x4f,0x4d,0x4b,0x49,0x77,0x75,0x73,0x71,0x7f,0x7d,0x7b,0x79,0x67,0x65,0x63,0x61,0x6f,0x6d,0x6b,0x69,0x17,0x15,0x13,0x11,0x1f,0x1d,0x1b,0x19,0x07,0x05,0x03,0x01,0x0f,0x0d,0x0b,0x09,0x37,0x35,0x33,0x31,0x3f,0x3d,0x3b,0x39,0x27,0x25,0x23,0x21,0x2f,0x2d,0x2b,0x29};



 depth:7
 0  1  2  3  4  5  6  7  8  9  a  b  c  d  e  f 10 11 12 13 14 15 16 17 18 19 1a 1b 1c 1d 1e 1f 20 21 22 23 24 25 26 27 28 29 2a 2b 2c 2d 2e 2f 30 31 32 33 34 35 36 37 38 39 3a 3b 3c 3d 3e 3f 40 41 42 43 44 45 46 47 48 49 4a 4b 4c 4d 4e 4f 50 51 52 53 54 55 56 57 58 59 5a 5b 5c 5d 5e 5f 60 61 62 63 64 65 66 67 68 69 6a 6b 6c 6d 6e 6f 70 71 72 73 74 75 76 77 78 79 7a 7b 7c 7d 7e 7f 80 81 82 83 84 85 86 87 88 89 8a 8b 8c 8d 8e 8f 90 91 92 93 94 95 96 97 98 99 9a 9b 9c 9d 9e 9f a0 a1 a2 a3 a4 a5 a6 a7 a8 a9 aa ab ac ad ae af b0 b1 b2 b3 b4 b5 b6 b7 b8 b9 ba bb bc bd be bf c0 c1 c2 c3 c4 c5 c6 c7 c8 c9 ca cb cc cd ce cf d0 d1 d2 d3 d4 d5 d6 d7 d8 d9 da db dc dd de df e0 e1 e2 e3 e4 e5 e6 e7 e8 e9 ea eb ec ed ee ef f0 f1 f2 f3 f4 f5 f6 f7 f8 f9 fa fb fc fd fe ff 
 0  1  2 c7  4 d6 59 36  8 ba 7b 50 b2 9f 6c 86 10 -- a3 af f6 4d a0 -- b3 7a e9 -- d8 -- db -- 20 -- -- -- 91 -- 89 4f 3b -- 9a -- 97 -- -- e1 b1 -- f4 --  5 -- -- -- 67 d7 -- -- 61 87 -- f0 40 54 -- -- -- -- -- -- f5 -- -- 8d c5 52 9e de 76 -- -- -- e3 -- -- -- f9 4a -- -- -- ff 15 -- b5 -- -- -- 3f -- -- 42  a 22 -- 2f -- -- -- -- ce -- 79 69 -- -- -- -- c2  f d9 -- -- -- 37 -- 80 -- a8 78 -- -- -- -- -- -- -- 9b -- -- -- cc 3d -- -- -- -- bc cd -- 5d 28 a4 43 eb 88 6b 1b ec -- -- -- -- df -- -- 11 fc -- -- -- -- -- 21 25 -- 94 -- -- -- -- -- -- ad 29 6f 2a -- -- -- bd dc -- -- -- -- -- -- 7e -- -- fb -- -- 84 -- 14 ca 44 e6 -- -- 5e -- -- a6 -- 66 -- 3c -- -- 4b -- -- -- f2 -- d2 -- -- -- -- -- -- -- -- -- 53 33 1e -- 65 73 -- -- -- 96 -- -- 6e -- -- -- 

solutions so far:0 maxDepth:10 
iterations:2764300  skipped: 24 
Depth skipped: 
0 0 24 0 0 0 0 0 0 0 0 0 0 0 0 0 0 0 0 0 0 0 0 0 0 0 0 0 0 0 0 0 

running time: 300 sec
 depth:7
 0  1  2  3  4  5  6  7  8  9  a  b  c  d  e  f 10 11 12 13 14 15 16 17 18 19 1a 1b 1c 1d 1e 1f 20 21 22 23 24 25 26 27 28 29 2a 2b 2c 2d 2e 2f 30 31 32 33 34 35 36 37 38 39 3a 3b 3c 3d 3e 3f 40 41 42 43 44 45 46 47 48 49 4a 4b 4c 4d 4e 4f 50 51 52 53 54 55 56 57 58 59 5a 5b 5c 5d 5e 5f 60 61 62 63 64 65 66 67 68 69 6a 6b 6c 6d 6e 6f 70 71 72 73 74 75 76 77 78 79 7a 7b 7c 7d 7e 7f 80 81 82 83 84 85 86 87 88 89 8a 8b 8c 8d 8e 8f 90 91 92 93 94 95 96 97 98 99 9a 9b 9c 9d 9e 9f a0 a1 a2 a3 a4 a5 a6 a7 a8 a9 aa ab ac ad ae af b0 b1 b2 b3 b4 b5 b6 b7 b8 b9 ba bb bc bd be bf c0 c1 c2 c3 c4 c5 c6 c7 c8 c9 ca cb cc cd ce cf d0 d1 d2 d3 d4 d5 d6 d7 d8 d9 da db dc dd de df e0 e1 e2 e3 e4 e5 e6 e7 e8 e9 ea eb ec ed ee ef f0 f1 f2 f3 f4 f5 f6 f7 f8 f9 fa fb fc fd fe ff 
 0  1  2 c7  4 a7 59 3b  8 f9 99 e2 b2 8e 76 36 10 -- 25 28 e5 4d 13 -- b3 29 cb -- ec -- 6c -- 20 -- -- -- 4a -- 50 4f 1d -- 9a -- 26 -- -- fb b1 -- 52 -- 41 -- -- --  f d7 -- -- d8 69 -- 38 40 84 -- -- -- -- -- -- 94 -- -- 8d a0 c8 9e 5c 3a -- -- -- e3 -- -- -- 4c e7 -- -- -- 32 21 -- b5 -- -- -- a4 -- -- 6e 82 22 --  5 -- -- -- -- 1e -- 79 de -- -- -- -- 67 e8 d2 -- -- -- 70 -- 80 -- df 1c -- -- -- -- -- -- -- 96 -- -- -- cc ff -- -- -- -- 14 cd -- 97 71 47 1b eb 88 b8 f6 74 -- -- -- -- 6f -- -- 11 e9 -- -- -- -- -- 37 98 -- 19 -- -- -- -- -- -- ad 64 2e 42 -- -- -- bd 17 -- -- -- -- -- -- 9f -- -- f0 -- -- dc -- d3 e6 44 7b -- --  a -- -- 4b -- 66 --  e -- -- 3c -- -- -- f2 -- 6b -- -- -- -- -- -- -- -- -- ce 33  7 -- 73 d6 -- -- -- 78 -- -- e0 -- -- -- 

solutions so far:0 maxDepth:10 
iterations:5351717  skipped: 50 
Depth skipped: 
0 0 50 0 0 0 0 0 0 0 0 0 0 0 0 0 0 0 0 0 0 0 0 0 0 0 0 0 0 0 0 0 

running time: 600 sec
 depth:6
 0  1  2  3  4  5  6  7  8  9  a  b  c  d  e  f 10 11 12 13 14 15 16 17 18 19 1a 1b 1c 1d 1e 1f 20 21 22 23 24 25 26 27 28 29 2a 2b 2c 2d 2e 2f 30 31 32 33 34 35 36 37 38 39 3a 3b 3c 3d 3e 3f 40 41 42 43 44 45 46 47 48 49 4a 4b 4c 4d 4e 4f 50 51 52 53 54 55 56 57 58 59 5a 5b 5c 5d 5e 5f 60 61 62 63 64 65 66 67 68 69 6a 6b 6c 6d 6e 6f 70 71 72 73 74 75 76 77 78 79 7a 7b 7c 7d 7e 7f 80 81 82 83 84 85 86 87 88 89 8a 8b 8c 8d 8e 8f 90 91 92 93 94 95 96 97 98 99 9a 9b 9c 9d 9e 9f a0 a1 a2 a3 a4 a5 a6 a7 a8 a9 aa ab ac ad ae af b0 b1 b2 b3 b4 b5 b6 b7 b8 b9 ba bb bc bd be bf c0 c1 c2 c3 c4 c5 c6 c7 c8 c9 ca cb cc cd ce cf d0 d1 d2 d3 d4 d5 d6 d7 d8 d9 da db dc dd de df e0 e1 e2 e3 e4 e5 e6 e7 e8 e9 ea eb ec ed ee ef f0 f1 f2 f3 f4 f5 f6 f7 f8 f9 fa fb fc fd fe ff 
 0  1  2 c7  4 a1 59 df  8 4c 95 65 b2 15 69 -- 10 -- 98 71 fd 4d ca -- b3 64 2a -- d2 -- -- -- 20 -- -- -- e7 -- e2 4f 2d -- 9a -- 43 -- -- -- b1 -- c8 -- 54 -- -- -- 73 d7 -- -- -- -- -- 6d 40 -- -- -- -- -- -- -- 19 -- -- 8d 13 9b 9e b6 5a -- -- -- e3 -- -- -- 86 61 -- -- -- 53 -- -- b5 -- -- -- 47 -- -- 67 a8 22 -- 41 -- -- -- -- e6 -- 79 96 -- -- -- -- -- bf -- -- -- -- da -- 80 -- -- dd -- -- -- -- -- -- -- -- -- -- -- cc 32 -- -- -- -- d3 cd -- 26 d9 e1 -- eb 88 bb 84 b4 -- -- -- -- 4b -- -- 11 cb -- -- -- -- -- d8 db -- c2 -- -- -- -- -- -- ad a6 5b -- -- -- -- bd c6 -- -- -- -- -- -- 8e -- -- 6c -- -- ce -- 87 -- 44 42 -- -- 82 -- -- -- -- 66 -- 85 -- -- 1b -- -- -- f2 -- fb -- -- -- -- -- -- -- -- -- -- 33 a9 -- -- 21 -- -- -- 36 -- -- 63 -- -- -- 

solutions so far:0 maxDepth:10 
iterations:7414517  skipped: 51 
Depth skipped: 
0 0 51 0 0 0 0 0 0 0 0 0 0 0 0 0 0 0 0 0 0 0 0 0 0 0 0 0 0 0 0 0 

running time: 900 sec
 depth:7
 0  1  2  3  4  5  6  7  8  9  a  b  c  d  e  f 10 11 12 13 14 15 16 17 18 19 1a 1b 1c 1d 1e 1f 20 21 22 23 24 25 26 27 28 29 2a 2b 2c 2d 2e 2f 30 31 32 33 34 35 36 37 38 39 3a 3b 3c 3d 3e 3f 40 41 42 43 44 45 46 47 48 49 4a 4b 4c 4d 4e 4f 50 51 52 53 54 55 56 57 58 59 5a 5b 5c 5d 5e 5f 60 61 62 63 64 65 66 67 68 69 6a 6b 6c 6d 6e 6f 70 71 72 73 74 75 76 77 78 79 7a 7b 7c 7d 7e 7f 80 81 82 83 84 85 86 87 88 89 8a 8b 8c 8d 8e 8f 90 91 92 93 94 95 96 97 98 99 9a 9b 9c 9d 9e 9f a0 a1 a2 a3 a4 a5 a6 a7 a8 a9 aa ab ac ad ae af b0 b1 b2 b3 b4 b5 b6 b7 b8 b9 ba bb bc bd be bf c0 c1 c2 c3 c4 c5 c6 c7 c8 c9 ca cb cc cd ce cf d0 d1 d2 d3 d4 d5 d6 d7 d8 d9 da db dc dd de df e0 e1 e2 e3 e4 e5 e6 e7 e8 e9 ea eb ec ed ee ef f0 f1 f2 f3 f4 f5 f6 f7 f8 f9 fa fb fc fd fe ff 
 0  1  2 c7  4 64 59 df  8 75 c8 12 b2 f8 69 7f 10 -- ea 55 47 4d 24 -- b3 18 27 -- d2 -- fe -- 20 -- -- --  3 -- aa 4f 8e -- 9a -- 48 -- -- 45 b1 -- 30 -- 4e -- -- -- 73 d7 -- -- 2b 93 -- 13 40 51 -- -- -- -- -- --  6 -- -- 8d 83 3e 9e 19 cb -- -- -- e3 -- -- -- 90 39 -- -- -- e4 8a -- b5 -- -- -- 60 -- -- 67 9c 22 -- ae -- -- -- -- e6 -- 79 96 -- -- -- -- 56 82 f1 -- -- -- 26 -- 80 -- a2 e2 -- -- -- -- -- -- -- c9 -- -- -- cc  c -- -- -- -- c1 cd -- d1  9 7c d4 eb 88 32 84 41 -- -- -- -- 4b -- -- 11 57 -- -- -- -- -- d8 f7 -- 72 -- -- -- -- -- -- ad 1f e7 c3 -- -- -- bd 98 -- -- -- -- -- -- c0 -- -- 6c -- -- ce -- ef 6a 44 42 -- -- 8b -- -- 8f -- 66 -- 71 -- -- 1b -- -- -- f2 -- fb -- -- -- -- -- -- -- -- -- ac 33 d3 -- 35 21 -- -- -- 36 -- -- 4c -- -- -- 

solutions so far:0 maxDepth:10 
iterations:10422742  skipped: 90 
Depth skipped: 
0 0 90 0 0 0 0 0 0 0 0 0 0 0 0 0 0 0 0 0 0 0 0 0 0 0 0 0 0 0 0 0 

running time: 1200 sec
 depth:7
 0  1  2  3  4  5  6  7  8  9  a  b  c  d  e  f 10 11 12 13 14 15 16 17 18 19 1a 1b 1c 1d 1e 1f 20 21 22 23 24 25 26 27 28 29 2a 2b 2c 2d 2e 2f 30 31 32 33 34 35 36 37 38 39 3a 3b 3c 3d 3e 3f 40 41 42 43 44 45 46 47 48 49 4a 4b 4c 4d 4e 4f 50 51 52 53 54 55 56 57 58 59 5a 5b 5c 5d 5e 5f 60 61 62 63 64 65 66 67 68 69 6a 6b 6c 6d 6e 6f 70 71 72 73 74 75 76 77 78 79 7a 7b 7c 7d 7e 7f 80 81 82 83 84 85 86 87 88 89 8a 8b 8c 8d 8e 8f 90 91 92 93 94 95 96 97 98 99 9a 9b 9c 9d 9e 9f a0 a1 a2 a3 a4 a5 a6 a7 a8 a9 aa ab ac ad ae af b0 b1 b2 b3 b4 b5 b6 b7 b8 b9 ba bb bc bd be bf c0 c1 c2 c3 c4 c5 c6 c7 c8 c9 ca cb cc cd ce cf d0 d1 d2 d3 d4 d5 d6 d7 d8 d9 da db dc dd de df e0 e1 e2 e3 e4 e5 e6 e7 e8 e9 ea eb ec ed ee ef f0 f1 f2 f3 f4 f5 f6 f7 f8 f9 fa fb fc fd fe ff 
 0  1  2 c7  4 4e 59 89  8 93 9c 74 b2 b8 c5 21 10 -- f1 8a ef 4d e8 -- b3 7f a7 -- 5d -- 42 -- 20 -- -- -- 35 -- c3 4f  9 -- 9a --  7 -- -- e6 b1 -- fe -- 99 -- -- -- ba d7 -- -- 84 67 -- 72 40 6c -- -- -- -- -- -- 6a -- -- 8d 51 2e 9e f8 12 -- -- -- e3 -- -- --  e 38 -- -- -- e0 1b -- b5 -- -- -- 2b -- -- f4 e5 22 -- 8f -- -- -- -- a3 -- 79 fc -- -- -- -- df 48 ce -- -- -- e4 -- 80 -- d8 39 -- -- -- -- -- -- -- 73 -- -- -- cc d4 -- -- -- -- 45 cd -- a2 3a 5c fb eb 88 27 af 24 -- -- -- -- 7e -- -- 11 ac -- -- -- -- -- 7a 1c -- 70 -- -- -- -- -- -- ad 17 7c 36 -- -- -- bd 3e -- -- -- -- -- -- 56 -- -- 3d -- -- 3f -- 1d 96 44 bc -- -- c9 -- -- d2 -- 66 -- f7 -- -- 91 -- -- -- f2 -- 2f -- -- -- -- -- -- -- -- -- 69 33 90 -- 4b 5e -- -- -- f5 -- -- 1f -- -- -- 

solutions so far:0 maxDepth:10 
iterations:13163266  skipped: 103 
Depth skipped: 
0 0 103 0 0 0 0 0 0 0 0 0 0 0 0 0 0 0 0 0 0 0 0 0 0 0 0 0 0 0 0 0 

running time: 1500 sec
 depth:7
 0  1  2  3  4  5  6  7  8  9  a  b  c  d  e  f 10 11 12 13 14 15 16 17 18 19 1a 1b 1c 1d 1e 1f 20 21 22 23 24 25 26 27 28 29 2a 2b 2c 2d 2e 2f 30 31 32 33 34 35 36 37 38 39 3a 3b 3c 3d 3e 3f 40 41 42 43 44 45 46 47 48 49 4a 4b 4c 4d 4e 4f 50 51 52 53 54 55 56 57 58 59 5a 5b 5c 5d 5e 5f 60 61 62 63 64 65 66 67 68 69 6a 6b 6c 6d 6e 6f 70 71 72 73 74 75 76 77 78 79 7a 7b 7c 7d 7e 7f 80 81 82 83 84 85 86 87 88 89 8a 8b 8c 8d 8e 8f 90 91 92 93 94 95 96 97 98 99 9a 9b 9c 9d 9e 9f a0 a1 a2 a3 a4 a5 a6 a7 a8 a9 aa ab ac ad ae af b0 b1 b2 b3 b4 b5 b6 b7 b8 b9 ba bb bc bd be bf c0 c1 c2 c3 c4 c5 c6 c7 c8 c9 ca cb cc cd ce cf d0 d1 d2 d3 d4 d5 d6 d7 d8 d9 da db dc dd de df e0 e1 e2 e3 e4 e5 e6 e7 e8 e9 ea eb ec ed ee ef f0 f1 f2 f3 f4 f5 f6 f7 f8 f9 fa fb fc fd fe ff 
 0  1  2 c7  4 3e 59 a5  8 c8 7c 70 b2 74 9d 6b 10 -- 47 e7 f8 4d e0 -- b3 82 e8 -- ed -- d6 -- 20 -- -- -- 8e -- 19 4f 27 -- 9a -- 17 -- --  f b1 -- d3 --  7 -- -- --  d d7 -- -- 7b 37 -- 48 40 78 -- -- -- -- -- -- cb -- -- 8d 32 1d 9e e4 4e -- -- -- e3 -- -- -- 2e b8 -- -- -- 99 1e -- b5 -- -- -- 71 -- -- ee  e 22 -- 26 -- -- -- -- 1a -- 79 2c -- -- -- -- f6 ef 6e -- -- -- 90 -- 80 -- f0 24 -- -- -- -- -- -- -- ec -- -- -- cc 41 -- -- -- -- 98 cd -- 64 38 3a de eb 88 1f b9 9c -- -- -- -- 16 -- -- 11 13 -- -- -- -- -- 77 5c -- a7 -- -- -- -- -- -- ad e5 72 3c -- -- -- bd 39 -- -- -- -- -- -- e2 -- -- d0 -- --  b -- 1c 6f 44 b7 -- -- 4c -- -- 76 -- 66 -- 12 -- -- 34 -- -- -- f2 -- 58 -- -- -- -- -- -- -- -- -- 3b 33  9 -- dc b0 -- -- -- 68 -- -- f7 -- -- -- 

solutions so far:0 maxDepth:10 
iterations:16038206  skipped: 109 
Depth skipped: 
0 0 109 0 0 0 0 0 0 0 0 0 0 0 0 0 0 0 0 0 0 0 0 0 0 0 0 0 0 0 0 0 

running time: 1800 sec
 depth:6
 0  1  2  3  4  5  6  7  8  9  a  b  c  d  e  f 10 11 12 13 14 15 16 17 18 19 1a 1b 1c 1d 1e 1f 20 21 22 23 24 25 26 27 28 29 2a 2b 2c 2d 2e 2f 30 31 32 33 34 35 36 37 38 39 3a 3b 3c 3d 3e 3f 40 41 42 43 44 45 46 47 48 49 4a 4b 4c 4d 4e 4f 50 51 52 53 54 55 56 57 58 59 5a 5b 5c 5d 5e 5f 60 61 62 63 64 65 66 67 68 69 6a 6b 6c 6d 6e 6f 70 71 72 73 74 75 76 77 78 79 7a 7b 7c 7d 7e 7f 80 81 82 83 84 85 86 87 88 89 8a 8b 8c 8d 8e 8f 90 91 92 93 94 95 96 97 98 99 9a 9b 9c 9d 9e 9f a0 a1 a2 a3 a4 a5 a6 a7 a8 a9 aa ab ac ad ae af b0 b1 b2 b3 b4 b5 b6 b7 b8 b9 ba bb bc bd be bf c0 c1 c2 c3 c4 c5 c6 c7 c8 c9 ca cb cc cd ce cf d0 d1 d2 d3 d4 d5 d6 d7 d8 d9 da db dc dd de df e0 e1 e2 e3 e4 e5 e6 e7 e8 e9 ea eb ec ed ee ef f0 f1 f2 f3 f4 f5 f6 f7 f8 f9 fa fb fc fd fe ff 
 0  1  2 c7  4 39 59 b0  8 50 72 ac b2 6a b7 -- 10 -- a0  5 e4 4d 8f -- b3 4a d4 -- b9 -- -- -- 20 -- -- -- 97 --  a 4f 1f -- 9a -- c9 -- -- -- b1 -- 94 -- 7f -- -- -- a5 d7 -- -- -- -- -- ef 40 -- -- -- -- -- -- -- f9 -- -- 8d 14 f1 9e 90 3e -- -- -- e3 -- -- -- 45 c3 -- -- -- a2 -- -- b5 -- -- -- ff -- -- 68 fe 22 -- a4 -- -- -- -- 9d -- 79 ee -- -- -- -- -- f8 -- -- -- --  9 -- 80 -- -- 9c -- -- -- -- -- -- -- -- -- -- -- cc 25 -- -- -- -- e9 cd -- 28 56 35 -- eb 88 f7 58 7c -- -- -- -- 77 -- -- 11 52 -- -- -- -- -- 34 8a -- 51 -- -- -- -- -- -- ad 93 48 -- -- -- -- bd 24 -- -- -- -- -- -- 29 -- -- 1a -- -- d0 -- 2b -- 44 2c -- -- 9f -- -- -- -- 66 -- 4e -- -- ed -- -- -- f2 --  b -- -- -- -- -- -- -- -- -- -- 33 27 -- -- 16 -- -- --  d -- -- 12 -- -- -- 

solutions so far:0 maxDepth:10 
iterations:18468954  skipped: 109 
Depth skipped: 
0 0 109 0 0 0 0 0 0 0 0 0 0 0 0 0 0 0 0 0 0 0 0 0 0 0 0 0 0 0 0 0 

running time: 2100 sec
 depth:7
 0  1  2  3  4  5  6  7  8  9  a  b  c  d  e  f 10 11 12 13 14 15 16 17 18 19 1a 1b 1c 1d 1e 1f 20 21 22 23 24 25 26 27 28 29 2a 2b 2c 2d 2e 2f 30 31 32 33 34 35 36 37 38 39 3a 3b 3c 3d 3e 3f 40 41 42 43 44 45 46 47 48 49 4a 4b 4c 4d 4e 4f 50 51 52 53 54 55 56 57 58 59 5a 5b 5c 5d 5e 5f 60 61 62 63 64 65 66 67 68 69 6a 6b 6c 6d 6e 6f 70 71 72 73 74 75 76 77 78 79 7a 7b 7c 7d 7e 7f 80 81 82 83 84 85 86 87 88 89 8a 8b 8c 8d 8e 8f 90 91 92 93 94 95 96 97 98 99 9a 9b 9c 9d 9e 9f a0 a1 a2 a3 a4 a5 a6 a7 a8 a9 aa ab ac ad ae af b0 b1 b2 b3 b4 b5 b6 b7 b8 b9 ba bb bc bd be bf c0 c1 c2 c3 c4 c5 c6 c7 c8 c9 ca cb cc cd ce cf d0 d1 d2 d3 d4 d5 d6 d7 d8 d9 da db dc dd de df e0 e1 e2 e3 e4 e5 e6 e7 e8 e9 ea eb ec ed ee ef f0 f1 f2 f3 f4 f5 f6 f7 f8 f9 fa fb fc fd fe ff 
 0  1  2 c7  4 14 59 8f  8 a7 28 de b2 78 c9 53 10 -- 99 17 50 4d 6b -- b3 74 f0 -- 45 -- a6 -- 20 -- -- -- e5 -- 2e 4f a0 -- 9a -- d6 -- -- a8 b1 -- e8 -- 37 -- -- -- 8a d7 -- -- 9b 43 -- 29 40 65 -- -- -- -- -- -- 1d -- -- 8d 5c 1e 9e  5 97 -- -- -- e3 -- -- -- 7b 3b -- -- -- ec 87 -- b5 -- -- --  7 -- -- 35 6e 22 -- 38 -- -- -- -- c3 -- 79 7f -- -- -- -- e1 25 86 -- -- -- 52 -- 80 -- ca ff -- -- -- -- -- -- -- 54 -- -- -- cc 3a -- -- -- -- e0 cd -- b8 6f 3c c2 eb 88  a ac f9 -- -- -- -- d4 -- -- 11 1c -- -- -- -- -- f1 f6 -- 76 -- -- -- -- -- -- ad  f e9 d9 -- -- -- bd 9f -- -- -- -- -- --  e -- -- 93 -- -- 6a -- dc 61 44 56 -- -- 70 -- -- 2a -- 66 -- 94 -- -- 51 -- -- -- f2 -- fe -- -- -- -- -- -- -- -- -- 15 33 4a -- db 2b -- -- -- a2 -- -- a4 -- -- -- 

solutions so far:0 maxDepth:10 
iterations:20463739  skipped: 132 
Depth skipped: 
0 0 132 0 0 0 0 0 0 0 0 0 0 0 0 0 0 0 0 0 0 0 0 0 0 0 0 0 0 0 0 0 

running time: 2400 sec

Finished. Total running time: 2515 sec
