Search S-boxes invariant for matrices: 
{0x00,0x02,0x04,0x06,0x08,0x0a,0x0c,0x0e,0x10,0x12,0x14,0x16,0x18,0x1a,0x1c,0x1e,0x20,0x22,0x24,0x26,0x28,0x2a,0x2c,0x2e,0x30,0x32,0x34,0x36,0x38,0x3a,0x3c,0x3e,0x40,0x42,0x44,0x46,0x48,0x4a,0x4c,0x4e,0x50,0x52,0x54,0x56,0x58,0x5a,0x5c,0x5e,0x60,0x62,0x64,0x66,0x68,0x6a,0x6c,0x6e,0x70,0x72,0x74,0x76,0x78,0x7a,0x7c,0x7e,0x80,0x82,0x84,0x86,0x88,0x8a,0x8c,0x8e,0x90,0x92,0x94,0x96,0x98,0x9a,0x9c,0x9e,0xa0,0xa2,0xa4,0xa6,0xa8,0xaa,0xac,0xae,0xb0,0xb2,0xb4,0xb6,0xb8,0xba,0xbc,0xbe,0xc0,0xc2,0xc4,0xc6,0xc8,0xca,0xcc,0xce,0xd0,0xd2,0xd4,0xd6,0xd8,0xda,0xdc,0xde,0xe0,0xe2,0xe4,0xe6,0xe8,0xea,0xec,0xee,0xf0,0xf2,0xf4,0xf6,0xf8,0xfa,0xfc,0xfe,0x39,0x3b,0x3d,0x3f,0x31,0x33,0x35,0x37,0x29,0x2b,0x2d,0x2f,0x21,0x23,0x25,0x27,0x19,0x1b,0x1d,0x1f,0x11,0x13,0x15,0x17,0x09,0x0b,0x0d,0x0f,0x01,0x03,0x05,0x07,0x79,0x7b,0x7d,0x7f,0x71,0x73,0x75,0x77,0x69,0x6b,0x6d,0x6f,0x61,0x63,0x65,0x67,0x59,0x5b,0x5d,0x5f,0x51,0x53,0x55,0x57,0x49,0x4b,0x4d,0x4f,0x41,0x43,0x45,0x47,0xb9,0xbb,0xbd,0xbf,0xb1,0xb3,0xb5,0xb7,0xa9,0xab,0xad,0xaf,0xa1,0xa3,0xa5,0xa7,0x99,0x9b,0x9d,0x9f,0x91,0x93,0x95,0x97,0x89,0x8b,0x8d,0x8f,0x81,0x83,0x85,0x87,0xf9,0xfb,0xfd,0xff,0xf1,0xf3,0xf5,0xf7,0xe9,0xeb,0xed,0xef,0xe1,0xe3,0xe5,0xe7,0xd9,0xdb,0xdd,0xdf,0xd1,0xd3,0xd5,0xd7,0xc9,0xcb,0xcd,0xcf,0xc1,0xc3,0xc5,0xc7};
{0x00,0x02,0x04,0x06,0x08,0x0a,0x0c,0x0e,0x10,0x12,0x14,0x16,0x18,0x1a,0x1c,0x1e,0x20,0x22,0x24,0x26,0x28,0x2a,0x2c,0x2e,0x30,0x32,0x34,0x36,0x38,0x3a,0x3c,0x3e,0x40,0x42,0x44,0x46,0x48,0x4a,0x4c,0x4e,0x50,0x52,0x54,0x56,0x58,0x5a,0x5c,0x5e,0x60,0x62,0x64,0x66,0x68,0x6a,0x6c,0x6e,0x70,0x72,0x74,0x76,0x78,0x7a,0x7c,0x7e,0x80,0x82,0x84,0x86,0x88,0x8a,0x8c,0x8e,0x90,0x92,0x94,0x96,0x98,0x9a,0x9c,0x9e,0xa0,0xa2,0xa4,0xa6,0xa8,0xaa,0xac,0xae,0xb0,0xb2,0xb4,0xb6,0xb8,0xba,0xbc,0xbe,0xc0,0xc2,0xc4,0xc6,0xc8,0xca,0xcc,0xce,0xd0,0xd2,0xd4,0xd6,0xd8,0xda,0xdc,0xde,0xe0,0xe2,0xe4,0xe6,0xe8,0xea,0xec,0xee,0xf0,0xf2,0xf4,0xf6,0xf8,0xfa,0xfc,0xfe,0xd7,0xd5,0xd3,0xd1,0xdf,0xdd,0xdb,0xd9,0xc7,0xc5,0xc3,0xc1,0xcf,0xcd,0xcb,0xc9,0xf7,0xf5,0xf3,0xf1,0xff,0xfd,0xfb,0xf9,0xe7,0xe5,0xe3,0xe1,0xef,0xed,0xeb,0xe9,0x97,0x95,0x93,0x91,0x9f,0x9d,0x9b,0x99,0x87,0x85,0x83,0x81,0x8f,0x8d,0x8b,0x89,0xb7,0xb5,0xb3,0xb1,0xbf,0xbd,0xbb,0xb9,0xa7,0xa5,0xa3,0xa1,0xaf,0xad,0xab,0xa9,0x57,0x55,0x53,0x51,0x5f,0x5d,0x5b,0x59,0x47,0x45,0x43,0x41,0x4f,0x4d,0x4b,0x49,0x77,0x75,0x73,0x71,0x7f,0x7d,0x7b,0x79,0x67,0x65,0x63,0x61,0x6f,0x6d,0x6b,0x69,0x17,0x15,0x13,0x11,0x1f,0x1d,0x1b,0x19,0x07,0x05,0x03,0x01,0x0f,0x0d,0x0b,0x09,0x37,0x35,0x33,0x31,0x3f,0x3d,0x3b,0x39,0x27,0x25,0x23,0x21,0x2f,0x2d,0x2b,0x29};



 depth:7
 0  1  2  3  4  5  6  7  8  9  a  b  c  d  e  f 10 11 12 13 14 15 16 17 18 19 1a 1b 1c 1d 1e 1f 20 21 22 23 24 25 26 27 28 29 2a 2b 2c 2d 2e 2f 30 31 32 33 34 35 36 37 38 39 3a 3b 3c 3d 3e 3f 40 41 42 43 44 45 46 47 48 49 4a 4b 4c 4d 4e 4f 50 51 52 53 54 55 56 57 58 59 5a 5b 5c 5d 5e 5f 60 61 62 63 64 65 66 67 68 69 6a 6b 6c 6d 6e 6f 70 71 72 73 74 75 76 77 78 79 7a 7b 7c 7d 7e 7f 80 81 82 83 84 85 86 87 88 89 8a 8b 8c 8d 8e 8f 90 91 92 93 94 95 96 97 98 99 9a 9b 9c 9d 9e 9f a0 a1 a2 a3 a4 a5 a6 a7 a8 a9 aa ab ac ad ae af b0 b1 b2 b3 b4 b5 b6 b7 b8 b9 ba bb bc bd be bf c0 c1 c2 c3 c4 c5 c6 c7 c8 c9 ca cb cc cd ce cf d0 d1 d2 d3 d4 d5 d6 d7 d8 d9 da db dc dd de df e0 e1 e2 e3 e4 e5 e6 e7 e8 e9 ea eb ec ed ee ef f0 f1 f2 f3 f4 f5 f6 f7 f8 f9 fa fb fc fd fe ff 
 0  1  2 cf  4 e0 49 ae  8 91 17 4b 92 1b 8b a1 10 -- f5 c5 2e 81 96 -- f3 3f 36 -- c1 -- 95 -- 20 -- -- -- 3d -- 5d 4f 5c -- d5 -- fb -- -- a9 31 -- 7e -- 6c -- -- -- 55 d7 -- -- fd 63 -- 74 40 6d -- -- -- -- -- -- 7a -- -- be ba 73 9e 38 b8 -- -- -- 7d -- -- -- 21 84 -- -- -- 69 85 -- 62 -- -- -- fc -- --  3 d8 23 -- bc -- -- -- -- aa -- 79 18 -- -- -- -- 2d 99 c6 -- -- -- e8 -- 80 -- da 3a -- -- -- -- -- -- -- bf -- -- -- cc f4 -- -- -- -- 89 ab -- a3 ce e6 bb eb 8c 70 57 a7 -- -- -- --  c -- -- fa 5e -- -- -- -- -- ea 42 -- df -- -- -- -- -- -- 5f d2 1c dd -- -- -- c4  e -- -- -- -- -- -- 2f -- -- 75 -- --  6 -- 67 b6 46 c0 -- -- af -- -- b4 -- 66 -- 1d -- -- 83 -- -- -- f2 -- 30 -- -- -- -- -- -- -- -- -- 5a 33 e5 -- 5b 60 -- -- -- d1 -- --  7 -- -- -- 

solutions so far:0 maxDepth:9 
iterations:2042853  skipped: 20 
Depth skipped: 
0 0 20 0 0 0 0 0 0 0 0 0 0 0 0 0 0 0 0 0 0 0 0 0 0 0 0 0 0 0 0 0 

running time: 300 sec
 depth:7
 0  1  2  3  4  5  6  7  8  9  a  b  c  d  e  f 10 11 12 13 14 15 16 17 18 19 1a 1b 1c 1d 1e 1f 20 21 22 23 24 25 26 27 28 29 2a 2b 2c 2d 2e 2f 30 31 32 33 34 35 36 37 38 39 3a 3b 3c 3d 3e 3f 40 41 42 43 44 45 46 47 48 49 4a 4b 4c 4d 4e 4f 50 51 52 53 54 55 56 57 58 59 5a 5b 5c 5d 5e 5f 60 61 62 63 64 65 66 67 68 69 6a 6b 6c 6d 6e 6f 70 71 72 73 74 75 76 77 78 79 7a 7b 7c 7d 7e 7f 80 81 82 83 84 85 86 87 88 89 8a 8b 8c 8d 8e 8f 90 91 92 93 94 95 96 97 98 99 9a 9b 9c 9d 9e 9f a0 a1 a2 a3 a4 a5 a6 a7 a8 a9 aa ab ac ad ae af b0 b1 b2 b3 b4 b5 b6 b7 b8 b9 ba bb bc bd be bf c0 c1 c2 c3 c4 c5 c6 c7 c8 c9 ca cb cc cd ce cf d0 d1 d2 d3 d4 d5 d6 d7 d8 d9 da db dc dd de df e0 e1 e2 e3 e4 e5 e6 e7 e8 e9 ea eb ec ed ee ef f0 f1 f2 f3 f4 f5 f6 f7 f8 f9 fa fb fc fd fe ff 
 0  1  2 cf  4 bd 49 d2  8 4c ad 83 92 57 73 45 10 -- 98 71 8d 81 d1 -- f3 64 ae -- e6 -- 8a -- 20 -- -- -- e7 -- e2 4f cd -- d5 -- 75 -- -- 35 31 -- c8 -- 8b -- -- -- 1b d7 -- -- c3 2b -- 88 40 7f -- -- -- -- -- -- 19 -- -- be 13 60 9e b1 4d -- -- -- 7d -- -- -- ea  6 -- -- -- 18 6a -- 62 -- -- -- 47 -- -- 4b c1 23 -- 41 -- -- -- -- 36 -- 79 21 -- -- -- -- 51 e3 56 -- -- -- c7 -- 80 -- fe 44 -- -- -- -- -- -- -- f1 -- -- -- cc 32 -- -- -- -- d3 ab -- 26 aa c0 c9 eb 8c b5 69 9a -- -- -- -- fb -- -- fa cb -- -- -- -- -- ce  3 --  c -- -- -- -- -- -- 5f 30 b3 d4 -- -- -- c4 b2 -- -- -- -- -- -- 8e -- -- 67 -- -- 96 -- 55 8f 46 df -- -- 82 -- -- 93 -- 66 -- 22 -- -- 6c -- -- -- f2 -- 42 -- -- -- -- -- -- -- -- -- a2 33 11 -- ac 84 -- -- -- d8 -- -- 59 -- -- -- 

solutions so far:0 maxDepth:9 
iterations:4734146  skipped: 38 
Depth skipped: 
0 0 38 0 0 0 0 0 0 0 0 0 0 0 0 0 0 0 0 0 0 0 0 0 0 0 0 0 0 0 0 0 

running time: 600 sec
 depth:7
 0  1  2  3  4  5  6  7  8  9  a  b  c  d  e  f 10 11 12 13 14 15 16 17 18 19 1a 1b 1c 1d 1e 1f 20 21 22 23 24 25 26 27 28 29 2a 2b 2c 2d 2e 2f 30 31 32 33 34 35 36 37 38 39 3a 3b 3c 3d 3e 3f 40 41 42 43 44 45 46 47 48 49 4a 4b 4c 4d 4e 4f 50 51 52 53 54 55 56 57 58 59 5a 5b 5c 5d 5e 5f 60 61 62 63 64 65 66 67 68 69 6a 6b 6c 6d 6e 6f 70 71 72 73 74 75 76 77 78 79 7a 7b 7c 7d 7e 7f 80 81 82 83 84 85 86 87 88 89 8a 8b 8c 8d 8e 8f 90 91 92 93 94 95 96 97 98 99 9a 9b 9c 9d 9e 9f a0 a1 a2 a3 a4 a5 a6 a7 a8 a9 aa ab ac ad ae af b0 b1 b2 b3 b4 b5 b6 b7 b8 b9 ba bb bc bd be bf c0 c1 c2 c3 c4 c5 c6 c7 c8 c9 ca cb cc cd ce cf d0 d1 d2 d3 d4 d5 d6 d7 d8 d9 da db dc dd de df e0 e1 e2 e3 e4 e5 e6 e7 e8 e9 ea eb ec ed ee ef f0 f1 f2 f3 f4 f5 f6 f7 f8 f9 fa fb fc fd fe ff 
 0  1  2 cf  4 a4 49 2c  8 1d 9f d1 92 ae 58 cb 10 -- 3a b8 e9 81 75 -- f3  e 8b -- b0 -- 41 -- 20 -- -- -- 74 -- a7 4f  5 -- d5 -- ea -- -- 26 31 -- 1c -- c1 -- -- -- b7 d7 -- -- 82 32 -- f9 40 e7 -- -- -- -- -- -- e8 -- -- be 99 c0 9e 29  a -- -- -- 7d -- -- --  3  c -- -- -- 30 4c -- 62 -- -- -- 38 -- -- 1a 55 23 -- 17 -- -- -- -- b9 -- 79 d0 -- -- -- -- d3 28 64 -- -- -- 25 -- 80 -- 19 97 -- -- -- -- -- -- -- 13 -- -- -- cc  7 -- -- -- -- 5c ab -- e5 83 57 8e eb 8c 52 16 14 -- -- -- -- 68 -- -- fa e0 -- -- -- -- --  d  6 -- 18 -- -- -- -- -- -- 5f 60 ff 98 -- -- -- c4 94 -- -- -- -- -- -- 70 -- -- ed -- -- 34 -- aa 47 46  b -- -- 2e -- -- e2 -- 66 -- a0 -- -- a5 -- -- -- f2 -- 77 -- -- -- -- -- -- -- -- -- 71 33 50 -- c8 ee -- -- -- 9d -- -- 4a -- -- -- 

solutions so far:0 maxDepth:9 
iterations:6917980  skipped: 55 
Depth skipped: 
0 0 55 0 0 0 0 0 0 0 0 0 0 0 0 0 0 0 0 0 0 0 0 0 0 0 0 0 0 0 0 0 

running time: 900 sec
 depth:7
 0  1  2  3  4  5  6  7  8  9  a  b  c  d  e  f 10 11 12 13 14 15 16 17 18 19 1a 1b 1c 1d 1e 1f 20 21 22 23 24 25 26 27 28 29 2a 2b 2c 2d 2e 2f 30 31 32 33 34 35 36 37 38 39 3a 3b 3c 3d 3e 3f 40 41 42 43 44 45 46 47 48 49 4a 4b 4c 4d 4e 4f 50 51 52 53 54 55 56 57 58 59 5a 5b 5c 5d 5e 5f 60 61 62 63 64 65 66 67 68 69 6a 6b 6c 6d 6e 6f 70 71 72 73 74 75 76 77 78 79 7a 7b 7c 7d 7e 7f 80 81 82 83 84 85 86 87 88 89 8a 8b 8c 8d 8e 8f 90 91 92 93 94 95 96 97 98 99 9a 9b 9c 9d 9e 9f a0 a1 a2 a3 a4 a5 a6 a7 a8 a9 aa ab ac ad ae af b0 b1 b2 b3 b4 b5 b6 b7 b8 b9 ba bb bc bd be bf c0 c1 c2 c3 c4 c5 c6 c7 c8 c9 ca cb cc cd ce cf d0 d1 d2 d3 d4 d5 d6 d7 d8 d9 da db dc dd de df e0 e1 e2 e3 e4 e5 e6 e7 e8 e9 ea eb ec ed ee ef f0 f1 f2 f3 f4 f5 f6 f7 f8 f9 fa fb fc fd fe ff 
 0  1  2 cf  4 7f 49 2d  8 57 fe 47 92 98 5a 1a 10 -- ae 18 2b 81 8e -- f3 aa e7 -- b4 -- 34 -- 20 -- -- -- 8b -- 30 4f 56 -- d5 -- cb -- -- 16 31 -- 83 -- 19 -- -- -- bf d7 -- -- 68 b9 -- 51 40 b0 -- -- -- -- -- -- c1 -- -- be 60 26 9e 6a ac -- -- -- 7d -- -- -- 41 d3 -- -- -- e2 2c -- 62 -- -- -- d1 -- -- 63 32 23 --  3 -- -- -- -- a9 -- 79 b6 -- -- -- -- d0 c9 a5 -- -- -- a2 -- 80 -- b7 c3 -- -- -- -- -- -- --  b -- -- -- cc 55 -- -- -- --  c ab -- c0 c8 4c  d eb 8c d4 fd 8f -- -- -- -- 5b -- -- fa ea -- -- -- -- -- da 82 -- 71 -- -- -- -- -- -- 5f 13 35 58 -- -- -- c4 f1 -- -- -- -- -- -- 75 -- -- 6d -- -- c6 -- 64 ed 46 95 -- --  6 -- -- ee -- 66 -- 8a -- -- 85 -- -- -- f2 -- bb -- -- -- -- -- -- -- -- -- 77 33 45 -- 9d a1 -- -- -- dd -- -- 93 -- -- -- 

solutions so far:0 maxDepth:9 
iterations:9216827  skipped: 75 
Depth skipped: 
0 0 75 0 0 0 0 0 0 0 0 0 0 0 0 0 0 0 0 0 0 0 0 0 0 0 0 0 0 0 0 0 

running time: 1200 sec
 depth:7
 0  1  2  3  4  5  6  7  8  9  a  b  c  d  e  f 10 11 12 13 14 15 16 17 18 19 1a 1b 1c 1d 1e 1f 20 21 22 23 24 25 26 27 28 29 2a 2b 2c 2d 2e 2f 30 31 32 33 34 35 36 37 38 39 3a 3b 3c 3d 3e 3f 40 41 42 43 44 45 46 47 48 49 4a 4b 4c 4d 4e 4f 50 51 52 53 54 55 56 57 58 59 5a 5b 5c 5d 5e 5f 60 61 62 63 64 65 66 67 68 69 6a 6b 6c 6d 6e 6f 70 71 72 73 74 75 76 77 78 79 7a 7b 7c 7d 7e 7f 80 81 82 83 84 85 86 87 88 89 8a 8b 8c 8d 8e 8f 90 91 92 93 94 95 96 97 98 99 9a 9b 9c 9d 9e 9f a0 a1 a2 a3 a4 a5 a6 a7 a8 a9 aa ab ac ad ae af b0 b1 b2 b3 b4 b5 b6 b7 b8 b9 ba bb bc bd be bf c0 c1 c2 c3 c4 c5 c6 c7 c8 c9 ca cb cc cd ce cf d0 d1 d2 d3 d4 d5 d6 d7 d8 d9 da db dc dd de df e0 e1 e2 e3 e4 e5 e6 e7 e8 e9 ea eb ec ed ee ef f0 f1 f2 f3 f4 f5 f6 f7 f8 f9 fa fb fc fd fe ff 
 0  1  2 cf  4 65 49 27  8 89 ca 34 92 b9 4e ac 10 -- c5 2f 43 81 68 -- f3 91 a5 -- 9c -- 8f -- 20 -- -- -- 5d -- 5e 4f 86 -- d5 -- d0 -- -- a2 31 -- f5 -- 9d -- -- -- ef d7 -- -- c9 d4 -- e1 40 35 -- -- -- -- -- -- ba -- -- be bc b0 9e 87 db -- -- -- 7d -- -- -- 77  b -- -- -- 2c 93 -- 62 -- -- -- 3d -- -- f7 ed 23 -- 3f -- -- -- --  9 -- 79 e4 -- -- -- -- 45 c2 7f -- -- -- 15 -- 80 -- 6a 9b -- -- -- -- -- -- -- 51 -- -- -- cc a3 -- -- -- -- fc ab -- af 1a b7 56 eb 8c d9 f8 61 -- -- -- -- 72 -- -- fa f4 -- -- -- -- -- 90 ee -- 16 -- -- -- -- -- -- 5f 58 a8 f1 -- -- -- c4 54 -- -- -- -- -- -- 7a -- -- 48 -- -- 39 --  d 2b 46 7c -- -- 7e -- -- c3 -- 66 -- a6 -- -- 12 -- -- -- f2 -- 1f -- -- -- -- -- -- -- -- -- 8a 33 53 -- fe 3e -- -- -- 24 -- -- 2a -- -- -- 

solutions so far:0 maxDepth:9 
iterations:11407427  skipped: 88 
Depth skipped: 
0 0 88 0 0 0 0 0 0 0 0 0 0 0 0 0 0 0 0 0 0 0 0 0 0 0 0 0 0 0 0 0 

running time: 1500 sec
 depth:7
 0  1  2  3  4  5  6  7  8  9  a  b  c  d  e  f 10 11 12 13 14 15 16 17 18 19 1a 1b 1c 1d 1e 1f 20 21 22 23 24 25 26 27 28 29 2a 2b 2c 2d 2e 2f 30 31 32 33 34 35 36 37 38 39 3a 3b 3c 3d 3e 3f 40 41 42 43 44 45 46 47 48 49 4a 4b 4c 4d 4e 4f 50 51 52 53 54 55 56 57 58 59 5a 5b 5c 5d 5e 5f 60 61 62 63 64 65 66 67 68 69 6a 6b 6c 6d 6e 6f 70 71 72 73 74 75 76 77 78 79 7a 7b 7c 7d 7e 7f 80 81 82 83 84 85 86 87 88 89 8a 8b 8c 8d 8e 8f 90 91 92 93 94 95 96 97 98 99 9a 9b 9c 9d 9e 9f a0 a1 a2 a3 a4 a5 a6 a7 a8 a9 aa ab ac ad ae af b0 b1 b2 b3 b4 b5 b6 b7 b8 b9 ba bb bc bd be bf c0 c1 c2 c3 c4 c5 c6 c7 c8 c9 ca cb cc cd ce cf d0 d1 d2 d3 d4 d5 d6 d7 d8 d9 da db dc dd de df e0 e1 e2 e3 e4 e5 e6 e7 e8 e9 ea eb ec ed ee ef f0 f1 f2 f3 f4 f5 f6 f7 f8 f9 fa fb fc fd fe ff 
 0  1  2 cf  4 4d 49 a4  8 1e 9a bb 92 6d 9f 68 10 -- 3c 3b e3 81 a1 -- f3 6e da -- e9 -- d0 -- 20 -- -- -- 78 -- 76 4f 11 -- d5 -- 95 -- -- 58 31 -- dc -- 63 -- -- --  5 d7 -- -- 77 9d -- b3 40 b9 -- -- -- -- -- -- f0 -- -- be ec 85 9e 8d 22 -- -- -- 7d -- -- -- fd 5a -- -- -- bf b0 -- 62 -- -- -- 6f -- -- 97 c6 23 -- d6 -- -- -- --  a -- 79 4a -- -- -- -- ee 88 ed -- -- -- b1 -- 80 -- a5 b2 -- -- -- -- -- -- -- 2c -- -- -- cc 37 -- -- -- -- f6 ab --  f b6 dd 34 eb 8c cd 52 44 -- -- -- -- 25 -- -- fa 6b -- -- -- -- -- a0 2d -- b4 -- -- -- -- -- -- 5f a9 ad b7 -- -- -- c4 bd -- -- -- -- -- -- de -- -- 50 -- -- f9 -- 5b 1a 46 29 -- -- 7b -- -- 16 -- 66 -- 59 -- -- 14 -- -- -- f2 -- 94 -- -- -- -- -- -- -- -- --  b 33 c7 --  d ff -- -- -- 28 -- -- b5 -- -- -- 

solutions so far:0 maxDepth:9 
iterations:13390602  skipped: 101 
Depth skipped: 
0 0 101 0 0 0 0 0 0 0 0 0 0 0 0 0 0 0 0 0 0 0 0 0 0 0 0 0 0 0 0 0 

running time: 1800 sec
 depth:8
 0  1  2  3  4  5  6  7  8  9  a  b  c  d  e  f 10 11 12 13 14 15 16 17 18 19 1a 1b 1c 1d 1e 1f 20 21 22 23 24 25 26 27 28 29 2a 2b 2c 2d 2e 2f 30 31 32 33 34 35 36 37 38 39 3a 3b 3c 3d 3e 3f 40 41 42 43 44 45 46 47 48 49 4a 4b 4c 4d 4e 4f 50 51 52 53 54 55 56 57 58 59 5a 5b 5c 5d 5e 5f 60 61 62 63 64 65 66 67 68 69 6a 6b 6c 6d 6e 6f 70 71 72 73 74 75 76 77 78 79 7a 7b 7c 7d 7e 7f 80 81 82 83 84 85 86 87 88 89 8a 8b 8c 8d 8e 8f 90 91 92 93 94 95 96 97 98 99 9a 9b 9c 9d 9e 9f a0 a1 a2 a3 a4 a5 a6 a7 a8 a9 aa ab ac ad ae af b0 b1 b2 b3 b4 b5 b6 b7 b8 b9 ba bb bc bd be bf c0 c1 c2 c3 c4 c5 c6 c7 c8 c9 ca cb cc cd ce cf d0 d1 d2 d3 d4 d5 d6 d7 d8 d9 da db dc dd de df e0 e1 e2 e3 e4 e5 e6 e7 e8 e9 ea eb ec ed ee ef f0 f1 f2 f3 f4 f5 f6 f7 f8 f9 fa fb fc fd fe ff 
 0  1  2 cf  4 2f 49 76  8 64 5e 6c 92 69 ec  a 10  c c8 98 bc 81 d8 -- f3 41 d2 --  f -- 14 -- 20 -- 18 -- 47 ea e7 4f af c0 d5 -- 67 -- -- 25 31 -- 82 -- 73 -- -- -- 1e d7 -- -- 28 52 -- f5 40 ff -- -- 30 -- -- d1 8e --  3 be 19 84 9e 7e 89 -- 57 -- 7d -- -- -- ce 96 -- -- -- 21 4a -- 62 -- -- -- d3 -- -- dc e6 23 -- 13 -- -- -- -- 3c 8b 79 6b -- -- -- -- 50 5d a4 -- -- -- 3d -- 80 -- 29 91 -- -- -- -- 60 -- -- f9 -- -- 75 cc cb -- -- --  6 4c ab -- 32 36 df  5 eb 8c fc 3b c5 -- -- -- ae de -- -- fa e2 -- -- -- -- -- 6e 4b -- fb -- -- -- -- -- -- 5f 42 3f 94 -- -- 83 c4 f4 -- aa -- -- -- -- 71 -- -- 37 -- -- 6f -- 1b e9 46 f6 -- -- 26 -- -- 97 -- 66 -- a3 -- -- 78 -- c1 -- f2 -- d6 -- -- -- -- -- -- -- -- -- a0 33 ba -- 9f 7b -- -- -- f0 -- -- 7a 55 -- -- 

solutions so far:0 maxDepth:9 
iterations:15735368  skipped: 117 
Depth skipped: 
0 0 117 0 0 0 0 0 0 0 0 0 0 0 0 0 0 0 0 0 0 0 0 0 0 0 0 0 0 0 0 0 

running time: 2100 sec

Finished. Total running time: 2334 sec
