Search S-boxes invariant for matrices: 
{0x00,0x02,0x04,0x06,0x08,0x0a,0x0c,0x0e,0x10,0x12,0x14,0x16,0x18,0x1a,0x1c,0x1e,0x20,0x22,0x24,0x26,0x28,0x2a,0x2c,0x2e,0x30,0x32,0x34,0x36,0x38,0x3a,0x3c,0x3e,0x40,0x42,0x44,0x46,0x48,0x4a,0x4c,0x4e,0x50,0x52,0x54,0x56,0x58,0x5a,0x5c,0x5e,0x60,0x62,0x64,0x66,0x68,0x6a,0x6c,0x6e,0x70,0x72,0x74,0x76,0x78,0x7a,0x7c,0x7e,0x80,0x82,0x84,0x86,0x88,0x8a,0x8c,0x8e,0x90,0x92,0x94,0x96,0x98,0x9a,0x9c,0x9e,0xa0,0xa2,0xa4,0xa6,0xa8,0xaa,0xac,0xae,0xb0,0xb2,0xb4,0xb6,0xb8,0xba,0xbc,0xbe,0xc0,0xc2,0xc4,0xc6,0xc8,0xca,0xcc,0xce,0xd0,0xd2,0xd4,0xd6,0xd8,0xda,0xdc,0xde,0xe0,0xe2,0xe4,0xe6,0xe8,0xea,0xec,0xee,0xf0,0xf2,0xf4,0xf6,0xf8,0xfa,0xfc,0xfe,0x39,0x3b,0x3d,0x3f,0x31,0x33,0x35,0x37,0x29,0x2b,0x2d,0x2f,0x21,0x23,0x25,0x27,0x19,0x1b,0x1d,0x1f,0x11,0x13,0x15,0x17,0x09,0x0b,0x0d,0x0f,0x01,0x03,0x05,0x07,0x79,0x7b,0x7d,0x7f,0x71,0x73,0x75,0x77,0x69,0x6b,0x6d,0x6f,0x61,0x63,0x65,0x67,0x59,0x5b,0x5d,0x5f,0x51,0x53,0x55,0x57,0x49,0x4b,0x4d,0x4f,0x41,0x43,0x45,0x47,0xb9,0xbb,0xbd,0xbf,0xb1,0xb3,0xb5,0xb7,0xa9,0xab,0xad,0xaf,0xa1,0xa3,0xa5,0xa7,0x99,0x9b,0x9d,0x9f,0x91,0x93,0x95,0x97,0x89,0x8b,0x8d,0x8f,0x81,0x83,0x85,0x87,0xf9,0xfb,0xfd,0xff,0xf1,0xf3,0xf5,0xf7,0xe9,0xeb,0xed,0xef,0xe1,0xe3,0xe5,0xe7,0xd9,0xdb,0xdd,0xdf,0xd1,0xd3,0xd5,0xd7,0xc9,0xcb,0xcd,0xcf,0xc1,0xc3,0xc5,0xc7};
{0x00,0x02,0x04,0x06,0x08,0x0a,0x0c,0x0e,0x10,0x12,0x14,0x16,0x18,0x1a,0x1c,0x1e,0x20,0x22,0x24,0x26,0x28,0x2a,0x2c,0x2e,0x30,0x32,0x34,0x36,0x38,0x3a,0x3c,0x3e,0x40,0x42,0x44,0x46,0x48,0x4a,0x4c,0x4e,0x50,0x52,0x54,0x56,0x58,0x5a,0x5c,0x5e,0x60,0x62,0x64,0x66,0x68,0x6a,0x6c,0x6e,0x70,0x72,0x74,0x76,0x78,0x7a,0x7c,0x7e,0x80,0x82,0x84,0x86,0x88,0x8a,0x8c,0x8e,0x90,0x92,0x94,0x96,0x98,0x9a,0x9c,0x9e,0xa0,0xa2,0xa4,0xa6,0xa8,0xaa,0xac,0xae,0xb0,0xb2,0xb4,0xb6,0xb8,0xba,0xbc,0xbe,0xc0,0xc2,0xc4,0xc6,0xc8,0xca,0xcc,0xce,0xd0,0xd2,0xd4,0xd6,0xd8,0xda,0xdc,0xde,0xe0,0xe2,0xe4,0xe6,0xe8,0xea,0xec,0xee,0xf0,0xf2,0xf4,0xf6,0xf8,0xfa,0xfc,0xfe,0xd7,0xd5,0xd3,0xd1,0xdf,0xdd,0xdb,0xd9,0xc7,0xc5,0xc3,0xc1,0xcf,0xcd,0xcb,0xc9,0xf7,0xf5,0xf3,0xf1,0xff,0xfd,0xfb,0xf9,0xe7,0xe5,0xe3,0xe1,0xef,0xed,0xeb,0xe9,0x97,0x95,0x93,0x91,0x9f,0x9d,0x9b,0x99,0x87,0x85,0x83,0x81,0x8f,0x8d,0x8b,0x89,0xb7,0xb5,0xb3,0xb1,0xbf,0xbd,0xbb,0xb9,0xa7,0xa5,0xa3,0xa1,0xaf,0xad,0xab,0xa9,0x57,0x55,0x53,0x51,0x5f,0x5d,0x5b,0x59,0x47,0x45,0x43,0x41,0x4f,0x4d,0x4b,0x49,0x77,0x75,0x73,0x71,0x7f,0x7d,0x7b,0x79,0x67,0x65,0x63,0x61,0x6f,0x6d,0x6b,0x69,0x17,0x15,0x13,0x11,0x1f,0x1d,0x1b,0x19,0x07,0x05,0x03,0x01,0x0f,0x0d,0x0b,0x09,0x37,0x35,0x33,0x31,0x3f,0x3d,0x3b,0x39,0x27,0x25,0x23,0x21,0x2f,0x2d,0x2b,0x29};



 depth:6
 0  1  2  3  4  5  6  7  8  9  a  b  c  d  e  f 10 11 12 13 14 15 16 17 18 19 1a 1b 1c 1d 1e 1f 20 21 22 23 24 25 26 27 28 29 2a 2b 2c 2d 2e 2f 30 31 32 33 34 35 36 37 38 39 3a 3b 3c 3d 3e 3f 40 41 42 43 44 45 46 47 48 49 4a 4b 4c 4d 4e 4f 50 51 52 53 54 55 56 57 58 59 5a 5b 5c 5d 5e 5f 60 61 62 63 64 65 66 67 68 69 6a 6b 6c 6d 6e 6f 70 71 72 73 74 75 76 77 78 79 7a 7b 7c 7d 7e 7f 80 81 82 83 84 85 86 87 88 89 8a 8b 8c 8d 8e 8f 90 91 92 93 94 95 96 97 98 99 9a 9b 9c 9d 9e 9f a0 a1 a2 a3 a4 a5 a6 a7 a8 a9 aa ab ac ad ae af b0 b1 b2 b3 b4 b5 b6 b7 b8 b9 ba bb bc bd be bf c0 c1 c2 c3 c4 c5 c6 c7 c8 c9 ca cb cc cd ce cf d0 d1 d2 d3 d4 d5 d6 d7 d8 d9 da db dc dd de df e0 e1 e2 e3 e4 e5 e6 e7 e8 e9 ea eb ec ed ee ef f0 f1 f2 f3 f4 f5 f6 f7 f8 f9 fa fb fc fd fe ff 
 0  1  2 ce  4 ec 4b  a  8 dd  f 86 96 a8 14 -- 10 -- 6d b4 1e 73 db -- fb 5b 87 -- 28 -- -- -- 20 -- -- -- da -- bf 4f 3c -- e6 -- 61 -- -- -- 21 -- b6 -- d9 -- -- -- 50 d7 -- -- -- -- -- de 40 -- -- -- -- -- -- -- 63 -- -- 69 a9 2a 9e 3b 78 -- -- -- 1b -- -- -- c2 a6 -- -- -- e1 -- -- 42 -- -- -- bb -- -- 94 65 6c -- fd -- -- -- -- a0 -- 79 52 -- -- -- -- -- 37 -- -- -- -- 6b -- 80 -- -- 6f -- -- -- -- -- -- -- -- -- -- -- cc c6 -- -- -- -- 5a d2 -- 85 43 54 -- eb 67 76  5 f0 -- -- -- -- 29 -- -- 36 95 -- -- -- -- -- 4a 53 -- 9b -- -- -- -- -- -- df 15 f6 -- -- -- -- 84 7b -- -- -- -- -- -- a1 -- -- 25 -- -- ff -- ca -- d8 e9 -- -- 2d -- -- -- -- 66 -- dc -- -- 97 -- -- -- f2 -- a4 -- -- -- -- -- -- -- -- -- -- 33 6e -- -- 9f -- -- -- f9 -- -- d6 -- -- -- 

solutions so far:0 maxDepth:9 
iterations:2094258  skipped: 13 
Depth skipped: 
0 0 13 0 0 0 0 0 0 0 0 0 0 0 0 0 0 0 0 0 0 0 0 0 0 0 0 0 0 0 0 0 

running time: 300 sec
 depth:7
 0  1  2  3  4  5  6  7  8  9  a  b  c  d  e  f 10 11 12 13 14 15 16 17 18 19 1a 1b 1c 1d 1e 1f 20 21 22 23 24 25 26 27 28 29 2a 2b 2c 2d 2e 2f 30 31 32 33 34 35 36 37 38 39 3a 3b 3c 3d 3e 3f 40 41 42 43 44 45 46 47 48 49 4a 4b 4c 4d 4e 4f 50 51 52 53 54 55 56 57 58 59 5a 5b 5c 5d 5e 5f 60 61 62 63 64 65 66 67 68 69 6a 6b 6c 6d 6e 6f 70 71 72 73 74 75 76 77 78 79 7a 7b 7c 7d 7e 7f 80 81 82 83 84 85 86 87 88 89 8a 8b 8c 8d 8e 8f 90 91 92 93 94 95 96 97 98 99 9a 9b 9c 9d 9e 9f a0 a1 a2 a3 a4 a5 a6 a7 a8 a9 aa ab ac ad ae af b0 b1 b2 b3 b4 b5 b6 b7 b8 b9 ba bb bc bd be bf c0 c1 c2 c3 c4 c5 c6 c7 c8 c9 ca cb cc cd ce cf d0 d1 d2 d3 d4 d5 d6 d7 d8 d9 da db dc dd de df e0 e1 e2 e3 e4 e5 e6 e7 e8 e9 ea eb ec ed ee ef f0 f1 f2 f3 f4 f5 f6 f7 f8 f9 fa fb fc fd fe ff 
 0  1  2 ce  4 c4 4b 4c  8 e0 5f de 96 78 98 c6 10 -- 17  e be 73 6b -- fb a7 f0 -- e7 -- 5b -- 20 -- -- -- 2e -- 1c 4f ab -- e6 -- d6 -- -- 2d 21 -- 99 -- 37 -- -- -- 19 d7 -- -- b6 85 -- 8c 40 bf -- -- -- -- -- -- 5c -- -- 69 38 1e 9e 31 81 -- -- -- 1b -- -- -- 7b 3b -- -- -- ec 5a -- 42 -- -- -- e5 -- -- cb 6e 6c -- 74 -- -- -- -- 32 -- 79 d3 -- -- -- -- bb 7d dd -- -- -- cf -- 80 -- a9 46 -- -- -- -- -- -- -- fd -- -- -- cc b8 -- -- -- --  7 d2 -- 70 6f 3c 63 eb 67 62 26 d5 -- -- -- -- 82 -- -- 36 3a -- -- -- -- -- 8e f6 -- 76 -- -- -- -- -- -- df  f f3 b4 -- -- -- 84 92 -- -- -- -- -- -- 1d -- -- 47 -- -- 41 -- dc da d8 13 -- -- e8 -- -- 95 -- 66 -- 23 -- -- 64 -- -- -- f2 -- 71 -- -- -- -- -- -- -- -- -- a1 33 fa -- 6d e2 -- -- -- c8 -- -- 49 -- -- -- 

solutions so far:0 maxDepth:9 
iterations:4857024  skipped: 35 
Depth skipped: 
0 0 35 0 0 0 0 0 0 0 0 0 0 0 0 0 0 0 0 0 0 0 0 0 0 0 0 0 0 0 0 0 

running time: 600 sec
 depth:7
 0  1  2  3  4  5  6  7  8  9  a  b  c  d  e  f 10 11 12 13 14 15 16 17 18 19 1a 1b 1c 1d 1e 1f 20 21 22 23 24 25 26 27 28 29 2a 2b 2c 2d 2e 2f 30 31 32 33 34 35 36 37 38 39 3a 3b 3c 3d 3e 3f 40 41 42 43 44 45 46 47 48 49 4a 4b 4c 4d 4e 4f 50 51 52 53 54 55 56 57 58 59 5a 5b 5c 5d 5e 5f 60 61 62 63 64 65 66 67 68 69 6a 6b 6c 6d 6e 6f 70 71 72 73 74 75 76 77 78 79 7a 7b 7c 7d 7e 7f 80 81 82 83 84 85 86 87 88 89 8a 8b 8c 8d 8e 8f 90 91 92 93 94 95 96 97 98 99 9a 9b 9c 9d 9e 9f a0 a1 a2 a3 a4 a5 a6 a7 a8 a9 aa ab ac ad ae af b0 b1 b2 b3 b4 b5 b6 b7 b8 b9 ba bb bc bd be bf c0 c1 c2 c3 c4 c5 c6 c7 c8 c9 ca cb cc cd ce cf d0 d1 d2 d3 d4 d5 d6 d7 d8 d9 da db dc dd de df e0 e1 e2 e3 e4 e5 e6 e7 e8 e9 ea eb ec ed ee ef f0 f1 f2 f3 f4 f5 f6 f7 f8 f9 fa fb fc fd fe ff 
 0  1  2 ce  4 b4 4b  6  8 7a bf 92 96 fa  c 34 10 -- f4 a3 a9 73 f3 -- fb 2f 23 -- 18 -- 68 -- 20 -- -- -- 3f -- 91 4f 85 -- e6 -- 31 -- -- 2c 21 -- 5e -- 46 -- -- -- 30 d7 -- -- d0 a5 -- b6 40 b7 -- -- -- -- -- -- 7e -- -- 69 f5 d5 9e 2d dd -- -- -- 1b -- -- -- 62 5f -- -- -- ab 58 -- 42 -- -- -- bc -- -- c1 8c 6c -- c5 -- -- -- -- 60 -- 79 83 -- -- -- -- 77 da 9d -- -- -- bb -- 80 -- b9 5b -- -- -- -- -- -- -- 16 -- -- -- cc fc -- -- -- -- ba d2 -- 3d 49 7d 1a eb 67 5a  3 6d -- -- -- -- aa -- -- 36 89 -- -- -- -- -- 8b c4 -- be -- -- -- -- -- -- df 81 fd b0 -- -- -- 84 95 -- -- -- -- -- -- af -- -- ae -- -- 55 -- cf  d d8 ea -- -- 5d -- --  b -- 66 -- c6 -- -- c0 -- -- -- f2 -- d1 -- -- -- -- -- -- -- -- -- ee 33 63 -- ed 75 -- -- -- 57 -- -- a1 -- -- -- 

solutions so far:0 maxDepth:9 
iterations:6916920  skipped: 45 
Depth skipped: 
0 0 45 0 0 0 0 0 0 0 0 0 0 0 0 0 0 0 0 0 0 0 0 0 0 0 0 0 0 0 0 0 

running time: 900 sec
 depth:6
 0  1  2  3  4  5  6  7  8  9  a  b  c  d  e  f 10 11 12 13 14 15 16 17 18 19 1a 1b 1c 1d 1e 1f 20 21 22 23 24 25 26 27 28 29 2a 2b 2c 2d 2e 2f 30 31 32 33 34 35 36 37 38 39 3a 3b 3c 3d 3e 3f 40 41 42 43 44 45 46 47 48 49 4a 4b 4c 4d 4e 4f 50 51 52 53 54 55 56 57 58 59 5a 5b 5c 5d 5e 5f 60 61 62 63 64 65 66 67 68 69 6a 6b 6c 6d 6e 6f 70 71 72 73 74 75 76 77 78 79 7a 7b 7c 7d 7e 7f 80 81 82 83 84 85 86 87 88 89 8a 8b 8c 8d 8e 8f 90 91 92 93 94 95 96 97 98 99 9a 9b 9c 9d 9e 9f a0 a1 a2 a3 a4 a5 a6 a7 a8 a9 aa ab ac ad ae af b0 b1 b2 b3 b4 b5 b6 b7 b8 b9 ba bb bc bd be bf c0 c1 c2 c3 c4 c5 c6 c7 c8 c9 ca cb cc cd ce cf d0 d1 d2 d3 d4 d5 d6 d7 d8 d9 da db dc dd de df e0 e1 e2 e3 e4 e5 e6 e7 e8 e9 ea eb ec ed ee ef f0 f1 f2 f3 f4 f5 f6 f7 f8 f9 fa fb fc fd fe ff 
 0  1  2 ce  4 9c 4b b7  8 5d ef bf 96 a1 b9 -- 10 -- ba bc  9 73 a9 -- fb 3d 95 -- a5 -- -- -- 20 -- -- -- a3 -- af 4f 12 -- e6 -- 85 -- -- -- 21 -- 7a -- fd -- -- -- 9d d7 -- -- -- -- -- e4 40 -- -- -- -- -- -- -- 91 -- -- 69 89 b6 9e 27 24 -- -- -- 1b -- -- -- dd da -- -- -- c6 -- -- 42 -- -- -- f4 -- -- d0 2d 6c -- fc -- -- -- -- ed -- 79  b -- -- -- -- -- 90 -- -- -- -- 1f -- 80 -- -- 72 -- -- -- -- -- -- -- -- -- -- -- cc f5 -- -- -- -- 5e d2 -- c5 b4 bb -- eb 67 4e b0 48 -- -- -- -- ee -- -- 36 7e -- -- -- -- -- 68 6d -- 63 -- -- -- -- -- -- df 5b f8 -- -- -- -- 84 7c -- -- -- -- -- -- 3f -- -- 34 -- -- 77 -- 5a -- d8 58 -- -- 2f -- -- -- -- 66 -- 39 -- --  d -- -- -- f2 -- 16 -- -- -- -- -- -- -- -- -- -- 33 f7 -- -- 2c -- -- -- 1a -- -- 3e -- -- -- 

solutions so far:0 maxDepth:9 
iterations:9110453  skipped: 60 
Depth skipped: 
0 0 60 0 0 0 0 0 0 0 0 0 0 0 0 0 0 0 0 0 0 0 0 0 0 0 0 0 0 0 0 0 

running time: 1200 sec
 depth:6
 0  1  2  3  4  5  6  7  8  9  a  b  c  d  e  f 10 11 12 13 14 15 16 17 18 19 1a 1b 1c 1d 1e 1f 20 21 22 23 24 25 26 27 28 29 2a 2b 2c 2d 2e 2f 30 31 32 33 34 35 36 37 38 39 3a 3b 3c 3d 3e 3f 40 41 42 43 44 45 46 47 48 49 4a 4b 4c 4d 4e 4f 50 51 52 53 54 55 56 57 58 59 5a 5b 5c 5d 5e 5f 60 61 62 63 64 65 66 67 68 69 6a 6b 6c 6d 6e 6f 70 71 72 73 74 75 76 77 78 79 7a 7b 7c 7d 7e 7f 80 81 82 83 84 85 86 87 88 89 8a 8b 8c 8d 8e 8f 90 91 92 93 94 95 96 97 98 99 9a 9b 9c 9d 9e 9f a0 a1 a2 a3 a4 a5 a6 a7 a8 a9 aa ab ac ad ae af b0 b1 b2 b3 b4 b5 b6 b7 b8 b9 ba bb bc bd be bf c0 c1 c2 c3 c4 c5 c6 c7 c8 c9 ca cb cc cd ce cf d0 d1 d2 d3 d4 d5 d6 d7 d8 d9 da db dc dd de df e0 e1 e2 e3 e4 e5 e6 e7 e8 e9 ea eb ec ed ee ef f0 f1 f2 f3 f4 f5 f6 f7 f8 f9 fa fb fc fd fe ff 
 0  1  2 ce  4 81 4b 8d  8 ec d5 4a 96 28 cd -- 10 --  f 7b 7d 73 94 -- fb f0 50 -- 4d -- -- -- 20 -- -- -- 1e -- f6 4f fa -- e6 -- ff -- -- -- 21 -- 37 -- a0 -- -- -- 9a d7 -- -- -- -- -- f3 40 -- -- -- -- -- -- -- 3c -- -- 69 3b  a 9e be 23 -- -- -- 1b -- -- -- 29 a4 -- -- -- e9 -- -- 42 -- -- -- 6e -- -- c7 97 6c -- de -- -- -- -- e3 -- 79 b3 -- -- -- -- -- 8c -- -- -- -- 31 -- 80 -- -- 92 -- -- -- -- -- -- -- -- -- -- -- cc 78 -- -- -- -- d6 d2 -- 76 25 14 -- eb 67 ab ad 46 -- -- -- -- b2 -- -- 36 6f -- -- -- -- -- 88 52 -- 9f -- -- -- -- -- -- df  5 5f -- -- -- -- 84 c4 -- -- -- -- -- -- dc -- -- 44 -- -- 59 -- f9 -- d8 bd -- -- 6b -- -- -- -- 66 -- 49 -- -- 11 -- -- -- f2 -- b1 -- -- -- -- -- -- -- -- -- -- 33 cf -- -- b5 -- -- -- 22 -- -- 62 -- -- -- 

solutions so far:0 maxDepth:9 
iterations:11277303  skipped: 76 
Depth skipped: 
0 0 76 0 0 0 0 0 0 0 0 0 0 0 0 0 0 0 0 0 0 0 0 0 0 0 0 0 0 0 0 0 

running time: 1500 sec
 depth:6
 0  1  2  3  4  5  6  7  8  9  a  b  c  d  e  f 10 11 12 13 14 15 16 17 18 19 1a 1b 1c 1d 1e 1f 20 21 22 23 24 25 26 27 28 29 2a 2b 2c 2d 2e 2f 30 31 32 33 34 35 36 37 38 39 3a 3b 3c 3d 3e 3f 40 41 42 43 44 45 46 47 48 49 4a 4b 4c 4d 4e 4f 50 51 52 53 54 55 56 57 58 59 5a 5b 5c 5d 5e 5f 60 61 62 63 64 65 66 67 68 69 6a 6b 6c 6d 6e 6f 70 71 72 73 74 75 76 77 78 79 7a 7b 7c 7d 7e 7f 80 81 82 83 84 85 86 87 88 89 8a 8b 8c 8d 8e 8f 90 91 92 93 94 95 96 97 98 99 9a 9b 9c 9d 9e 9f a0 a1 a2 a3 a4 a5 a6 a7 a8 a9 aa ab ac ad ae af b0 b1 b2 b3 b4 b5 b6 b7 b8 b9 ba bb bc bd be bf c0 c1 c2 c3 c4 c5 c6 c7 c8 c9 ca cb cc cd ce cf d0 d1 d2 d3 d4 d5 d6 d7 d8 d9 da db dc dd de df e0 e1 e2 e3 e4 e5 e6 e7 e8 e9 ea eb ec ed ee ef f0 f1 f2 f3 f4 f5 f6 f7 f8 f9 fa fb fc fd fe ff 
 0  1  2 ce  4 5c 4b 76  8 cf b8 a9 96 95 ec -- 10 -- 49 fa a7 73 85 -- fb 62 fd --  f -- -- -- 20 -- -- -- 92 -- 23 4f 99 -- e6 -- dd -- -- -- 21 -- c4 -- 2d -- -- -- 1e d7 -- -- -- -- --  e 40 -- -- -- -- -- -- -- f3 -- -- 69 46 bb 9e 17 e5 -- -- -- 1b -- -- -- 6d 63 -- -- -- 5b -- -- 42 -- -- -- 5f -- -- dc 5a 6c -- 81 -- -- -- -- 3c -- 79 6b -- -- -- -- -- 3a -- -- -- -- 1c -- 80 -- --  7 -- -- -- -- -- -- -- -- -- -- -- cc 31 -- -- -- -- 7d d2 -- 8c bf a1 -- eb 67 2e 3b 1d -- -- -- -- de -- -- 36 ab -- -- -- -- -- 6e da -- c6 -- -- -- -- -- -- df b6 e0 -- -- -- -- 84 70 -- -- -- -- -- -- be -- -- 37 -- -- 6f -- b4 -- d8 f6 -- -- d5 -- -- -- -- 66 -- e8 -- -- 78 -- -- -- f2 -- d6 -- -- -- -- -- -- -- -- -- -- 33 74 -- -- 7b -- -- -- f0 -- -- 38 -- -- -- 

solutions so far:0 maxDepth:9 
iterations:13341339  skipped: 93 
Depth skipped: 
0 0 93 0 0 0 0 0 0 0 0 0 0 0 0 0 0 0 0 0 0 0 0 0 0 0 0 0 0 0 0 0 

running time: 1800 sec
 depth:7
 0  1  2  3  4  5  6  7  8  9  a  b  c  d  e  f 10 11 12 13 14 15 16 17 18 19 1a 1b 1c 1d 1e 1f 20 21 22 23 24 25 26 27 28 29 2a 2b 2c 2d 2e 2f 30 31 32 33 34 35 36 37 38 39 3a 3b 3c 3d 3e 3f 40 41 42 43 44 45 46 47 48 49 4a 4b 4c 4d 4e 4f 50 51 52 53 54 55 56 57 58 59 5a 5b 5c 5d 5e 5f 60 61 62 63 64 65 66 67 68 69 6a 6b 6c 6d 6e 6f 70 71 72 73 74 75 76 77 78 79 7a 7b 7c 7d 7e 7f 80 81 82 83 84 85 86 87 88 89 8a 8b 8c 8d 8e 8f 90 91 92 93 94 95 96 97 98 99 9a 9b 9c 9d 9e 9f a0 a1 a2 a3 a4 a5 a6 a7 a8 a9 aa ab ac ad ae af b0 b1 b2 b3 b4 b5 b6 b7 b8 b9 ba bb bc bd be bf c0 c1 c2 c3 c4 c5 c6 c7 c8 c9 ca cb cc cd ce cf d0 d1 d2 d3 d4 d5 d6 d7 d8 d9 da db dc dd de df e0 e1 e2 e3 e4 e5 e6 e7 e8 e9 ea eb ec ed ee ef f0 f1 f2 f3 f4 f5 f6 f7 f8 f9 fa fb fc fd fe ff 
 0  1  2 ce  4 3f 4b 37  8 3a 7e b1 96 44 6e 43 10 -- 74 a7 fc 73 b5 -- fb 1c 88 -- dc -- 86 -- 20 -- -- -- e8 -- 99 4f 2f -- e6 -- bd -- -- 9b 21 -- 38 -- c7 -- -- -- 6f d7 -- -- db a8 -- ba 40 2a -- -- -- -- -- --  7 -- -- 69 e5 11 9e 7a 5e -- -- -- 1b -- -- -- ad cd -- -- -- 9a e1 -- 42 -- -- -- 70 -- -- 3b 59 6c -- 2e -- -- -- -- de -- 79  f -- -- -- -- 61 af 87 -- -- -- a3 -- 80 -- 54 5d -- -- -- -- -- -- -- a6 -- -- -- cc  e -- -- -- -- b8 d2 -- 1d b3 22 ca eb 67 f4 f0 bc -- -- -- -- ec -- -- 36 17 -- -- -- -- -- f6 8d -- 4d -- -- -- -- -- -- df e3 3d 15 -- -- -- 84 f5 -- -- -- -- -- -- e0 -- -- 7b -- -- 76 -- b2 65 d8 78 -- -- 5c -- -- 53 -- 66 -- c5 -- -- 6b -- -- -- f2 -- 1e -- -- -- -- -- -- -- -- -- c2 33 89 -- d9 3c -- -- -- d6 -- -- 91 -- -- -- 

solutions so far:0 maxDepth:9 
iterations:15932303  skipped: 108 
Depth skipped: 
0 0 108 0 0 0 0 0 0 0 0 0 0 0 0 0 0 0 0 0 0 0 0 0 0 0 0 0 0 0 0 0 

running time: 2100 sec
 depth:5
 0  1  2  3  4  5  6  7  8  9  a  b  c  d  e  f 10 11 12 13 14 15 16 17 18 19 1a 1b 1c 1d 1e 1f 20 21 22 23 24 25 26 27 28 29 2a 2b 2c 2d 2e 2f 30 31 32 33 34 35 36 37 38 39 3a 3b 3c 3d 3e 3f 40 41 42 43 44 45 46 47 48 49 4a 4b 4c 4d 4e 4f 50 51 52 53 54 55 56 57 58 59 5a 5b 5c 5d 5e 5f 60 61 62 63 64 65 66 67 68 69 6a 6b 6c 6d 6e 6f 70 71 72 73 74 75 76 77 78 79 7a 7b 7c 7d 7e 7f 80 81 82 83 84 85 86 87 88 89 8a 8b 8c 8d 8e 8f 90 91 92 93 94 95 96 97 98 99 9a 9b 9c 9d 9e 9f a0 a1 a2 a3 a4 a5 a6 a7 a8 a9 aa ab ac ad ae af b0 b1 b2 b3 b4 b5 b6 b7 b8 b9 ba bb bc bd be bf c0 c1 c2 c3 c4 c5 c6 c7 c8 c9 ca cb cc cd ce cf d0 d1 d2 d3 d4 d5 d6 d7 d8 d9 da db dc dd de df e0 e1 e2 e3 e4 e5 e6 e7 e8 e9 ea eb ec ed ee ef f0 f1 f2 f3 f4 f5 f6 f7 f8 f9 fa fb fc fd fe ff 
 0  1  2 ce  4 17 4b ef  8 35 2e -- 96 --  9 -- 10 -- 6a 51 5c 73 -- -- fb 2b -- -- 12 -- -- -- 20 -- -- -- d4 -- a2 4f b8 -- e6 -- -- -- -- -- 21 -- 56 -- -- -- -- -- 24 d7 -- -- -- -- -- e8 40 -- -- -- -- -- -- -- 7f -- -- 69 93 -- 9e 70 a7 -- -- -- 1b -- -- -- -- -- -- -- -- -- -- -- 42 -- -- -- ac -- -- e4 -- 6c -- 45 -- -- -- -- 48 -- 79 7c -- -- -- -- -- e5 -- -- -- --  7 -- 80 -- -- 74 -- -- -- -- -- -- -- -- -- -- -- cc fe -- -- -- -- c3 d2 -- f1 -- -- -- eb 67 e0 9c 99 -- -- -- -- 3e -- -- 36 c9 -- -- -- -- -- 72 -- -- -- -- -- -- -- -- -- df -- 38 -- -- -- -- 84 1c -- -- -- -- -- -- 8f -- -- 39 -- -- 1f -- -- -- d8 4e -- -- 8a -- -- -- -- 66 -- 3a -- -- 90 -- -- -- f2 -- f8 -- -- -- -- -- -- -- -- -- -- 33 1d -- -- 27 -- -- -- f7 -- --  e -- -- -- 

solutions so far:0 maxDepth:9 
iterations:18483127  skipped: 131 
Depth skipped: 
0 0 131 0 0 0 0 0 0 0 0 0 0 0 0 0 0 0 0 0 0 0 0 0 0 0 0 0 0 0 0 0 

running time: 2400 sec

Finished. Total running time: 2545 sec
