Search S-boxes invariant for matrices: 
{0x00,0x02,0x04,0x06,0x08,0x0a,0x0c,0x0e,0x10,0x12,0x14,0x16,0x18,0x1a,0x1c,0x1e,0x20,0x22,0x24,0x26,0x28,0x2a,0x2c,0x2e,0x30,0x32,0x34,0x36,0x38,0x3a,0x3c,0x3e,0x40,0x42,0x44,0x46,0x48,0x4a,0x4c,0x4e,0x50,0x52,0x54,0x56,0x58,0x5a,0x5c,0x5e,0x60,0x62,0x64,0x66,0x68,0x6a,0x6c,0x6e,0x70,0x72,0x74,0x76,0x78,0x7a,0x7c,0x7e,0x80,0x82,0x84,0x86,0x88,0x8a,0x8c,0x8e,0x90,0x92,0x94,0x96,0x98,0x9a,0x9c,0x9e,0xa0,0xa2,0xa4,0xa6,0xa8,0xaa,0xac,0xae,0xb0,0xb2,0xb4,0xb6,0xb8,0xba,0xbc,0xbe,0xc0,0xc2,0xc4,0xc6,0xc8,0xca,0xcc,0xce,0xd0,0xd2,0xd4,0xd6,0xd8,0xda,0xdc,0xde,0xe0,0xe2,0xe4,0xe6,0xe8,0xea,0xec,0xee,0xf0,0xf2,0xf4,0xf6,0xf8,0xfa,0xfc,0xfe,0x39,0x3b,0x3d,0x3f,0x31,0x33,0x35,0x37,0x29,0x2b,0x2d,0x2f,0x21,0x23,0x25,0x27,0x19,0x1b,0x1d,0x1f,0x11,0x13,0x15,0x17,0x09,0x0b,0x0d,0x0f,0x01,0x03,0x05,0x07,0x79,0x7b,0x7d,0x7f,0x71,0x73,0x75,0x77,0x69,0x6b,0x6d,0x6f,0x61,0x63,0x65,0x67,0x59,0x5b,0x5d,0x5f,0x51,0x53,0x55,0x57,0x49,0x4b,0x4d,0x4f,0x41,0x43,0x45,0x47,0xb9,0xbb,0xbd,0xbf,0xb1,0xb3,0xb5,0xb7,0xa9,0xab,0xad,0xaf,0xa1,0xa3,0xa5,0xa7,0x99,0x9b,0x9d,0x9f,0x91,0x93,0x95,0x97,0x89,0x8b,0x8d,0x8f,0x81,0x83,0x85,0x87,0xf9,0xfb,0xfd,0xff,0xf1,0xf3,0xf5,0xf7,0xe9,0xeb,0xed,0xef,0xe1,0xe3,0xe5,0xe7,0xd9,0xdb,0xdd,0xdf,0xd1,0xd3,0xd5,0xd7,0xc9,0xcb,0xcd,0xcf,0xc1,0xc3,0xc5,0xc7};
{0x00,0x02,0x04,0x06,0x08,0x0a,0x0c,0x0e,0x10,0x12,0x14,0x16,0x18,0x1a,0x1c,0x1e,0x20,0x22,0x24,0x26,0x28,0x2a,0x2c,0x2e,0x30,0x32,0x34,0x36,0x38,0x3a,0x3c,0x3e,0x40,0x42,0x44,0x46,0x48,0x4a,0x4c,0x4e,0x50,0x52,0x54,0x56,0x58,0x5a,0x5c,0x5e,0x60,0x62,0x64,0x66,0x68,0x6a,0x6c,0x6e,0x70,0x72,0x74,0x76,0x78,0x7a,0x7c,0x7e,0x80,0x82,0x84,0x86,0x88,0x8a,0x8c,0x8e,0x90,0x92,0x94,0x96,0x98,0x9a,0x9c,0x9e,0xa0,0xa2,0xa4,0xa6,0xa8,0xaa,0xac,0xae,0xb0,0xb2,0xb4,0xb6,0xb8,0xba,0xbc,0xbe,0xc0,0xc2,0xc4,0xc6,0xc8,0xca,0xcc,0xce,0xd0,0xd2,0xd4,0xd6,0xd8,0xda,0xdc,0xde,0xe0,0xe2,0xe4,0xe6,0xe8,0xea,0xec,0xee,0xf0,0xf2,0xf4,0xf6,0xf8,0xfa,0xfc,0xfe,0xd7,0xd5,0xd3,0xd1,0xdf,0xdd,0xdb,0xd9,0xc7,0xc5,0xc3,0xc1,0xcf,0xcd,0xcb,0xc9,0xf7,0xf5,0xf3,0xf1,0xff,0xfd,0xfb,0xf9,0xe7,0xe5,0xe3,0xe1,0xef,0xed,0xeb,0xe9,0x97,0x95,0x93,0x91,0x9f,0x9d,0x9b,0x99,0x87,0x85,0x83,0x81,0x8f,0x8d,0x8b,0x89,0xb7,0xb5,0xb3,0xb1,0xbf,0xbd,0xbb,0xb9,0xa7,0xa5,0xa3,0xa1,0xaf,0xad,0xab,0xa9,0x57,0x55,0x53,0x51,0x5f,0x5d,0x5b,0x59,0x47,0x45,0x43,0x41,0x4f,0x4d,0x4b,0x49,0x77,0x75,0x73,0x71,0x7f,0x7d,0x7b,0x79,0x67,0x65,0x63,0x61,0x6f,0x6d,0x6b,0x69,0x17,0x15,0x13,0x11,0x1f,0x1d,0x1b,0x19,0x07,0x05,0x03,0x01,0x0f,0x0d,0x0b,0x09,0x37,0x35,0x33,0x31,0x3f,0x3d,0x3b,0x39,0x27,0x25,0x23,0x21,0x2f,0x2d,0x2b,0x29};



 depth:7
 0  1  2  3  4  5  6  7  8  9  a  b  c  d  e  f 10 11 12 13 14 15 16 17 18 19 1a 1b 1c 1d 1e 1f 20 21 22 23 24 25 26 27 28 29 2a 2b 2c 2d 2e 2f 30 31 32 33 34 35 36 37 38 39 3a 3b 3c 3d 3e 3f 40 41 42 43 44 45 46 47 48 49 4a 4b 4c 4d 4e 4f 50 51 52 53 54 55 56 57 58 59 5a 5b 5c 5d 5e 5f 60 61 62 63 64 65 66 67 68 69 6a 6b 6c 6d 6e 6f 70 71 72 73 74 75 76 77 78 79 7a 7b 7c 7d 7e 7f 80 81 82 83 84 85 86 87 88 89 8a 8b 8c 8d 8e 8f 90 91 92 93 94 95 96 97 98 99 9a 9b 9c 9d 9e 9f a0 a1 a2 a3 a4 a5 a6 a7 a8 a9 aa ab ac ad ae af b0 b1 b2 b3 b4 b5 b6 b7 b8 b9 ba bb bc bd be bf c0 c1 c2 c3 c4 c5 c6 c7 c8 c9 ca cb cc cd ce cf d0 d1 d2 d3 d4 d5 d6 d7 d8 d9 da db dc dd de df e0 e1 e2 e3 e4 e5 e6 e7 e8 e9 ea eb ec ed ee ef f0 f1 f2 f3 f4 f5 f6 f7 f8 f9 fa fb fc fd fe ff 
 0  1  2 c8  4 ea 47 ce  8 34  3 c5 8e fc 4b 51 10 -- 68 9d  6 26 5d -- cb  b 2f -- 96 -- a2 -- 20 -- -- -- d0 -- ed 4f  c -- 4c -- ba -- -- 7f 41 -- 16 -- 5e -- -- -- fb d7 -- -- 93 8f -- 8b 40 56 -- -- -- -- -- -- 77 -- -- e2  d 3f 9e d1 18 -- -- -- 98 -- -- -- a3 f5 -- -- -- 7a fe -- 82 -- -- -- 2c -- -- d2 bc 19 -- b7 -- -- -- -- 21 -- 79 1b -- -- -- -- f1 60 c9 -- -- -- c1 -- 80 -- ac ae -- -- -- -- -- -- -- d4 -- -- -- cc ee -- -- -- -- a5 13 -- 1a 89 7e c3 eb 64 75 67 30 -- -- -- -- e6 -- -- e7 b0 -- -- -- -- -- 69 91 -- 3d -- -- -- -- -- -- 71 f4 83 2b -- -- -- d3 aa -- -- -- -- -- -- 58 -- -- df -- -- 73 -- af 8a 32 d8 -- -- b9 -- -- 6a -- 66 -- 57 -- -- 42 -- -- -- f2 -- 36 -- -- -- -- -- -- -- -- -- 35 33 c0 -- 45 6c -- -- -- 84 -- -- 55 -- -- -- 

solutions so far:0 maxDepth:9 
iterations:1994240  skipped: 14 
Depth skipped: 
0 0 14 0 0 0 0 0 0 0 0 0 0 0 0 0 0 0 0 0 0 0 0 0 0 0 0 0 0 0 0 0 

running time: 300 sec
 depth:7
 0  1  2  3  4  5  6  7  8  9  a  b  c  d  e  f 10 11 12 13 14 15 16 17 18 19 1a 1b 1c 1d 1e 1f 20 21 22 23 24 25 26 27 28 29 2a 2b 2c 2d 2e 2f 30 31 32 33 34 35 36 37 38 39 3a 3b 3c 3d 3e 3f 40 41 42 43 44 45 46 47 48 49 4a 4b 4c 4d 4e 4f 50 51 52 53 54 55 56 57 58 59 5a 5b 5c 5d 5e 5f 60 61 62 63 64 65 66 67 68 69 6a 6b 6c 6d 6e 6f 70 71 72 73 74 75 76 77 78 79 7a 7b 7c 7d 7e 7f 80 81 82 83 84 85 86 87 88 89 8a 8b 8c 8d 8e 8f 90 91 92 93 94 95 96 97 98 99 9a 9b 9c 9d 9e 9f a0 a1 a2 a3 a4 a5 a6 a7 a8 a9 aa ab ac ad ae af b0 b1 b2 b3 b4 b5 b6 b7 b8 b9 ba bb bc bd be bf c0 c1 c2 c3 c4 c5 c6 c7 c8 c9 ca cb cc cd ce cf d0 d1 d2 d3 d4 d5 d6 d7 d8 d9 da db dc dd de df e0 e1 e2 e3 e4 e5 e6 e7 e8 e9 ea eb ec ed ee ef f0 f1 f2 f3 f4 f5 f6 f7 f8 f9 fa fb fc fd fe ff 
 0  1  2 c8  4 e3 47 c5  8 28 11 dd 8e 2d 5d 51 10 -- 50 e9 22 26 6d -- cb 25 5a -- ba -- a2 -- 20 -- -- -- a0 --  5 4f 44 -- 4c -- da -- -- 7f 41 -- 4a -- b4 -- -- -- a3 d7 -- -- 93 8f -- b5 40 56 -- -- -- -- -- -- 97 -- -- e2  a 95 9e 4d 88 -- -- -- 98 -- -- -- 63 5b -- -- -- bb fe -- 82 -- -- -- 94 -- -- 3f bf 19 -- 52 -- -- -- -- 91 -- 79 2f -- -- -- -- f1 59 c9 -- -- -- bd -- 80 -- ac b1 -- -- -- -- -- -- -- d4 -- -- -- cc f9 -- -- -- -- 9f 13 -- 14 85 fd c3 eb 64 9a 89 c7 -- -- -- -- fc -- -- e7 29 -- -- -- -- -- f4 c6 -- b6 -- -- -- -- -- -- 71 a1 cd 2b -- -- -- d3 8d -- -- -- -- -- -- ff -- -- 7a -- -- 7e -- a9 8a 32 af -- -- a4 -- -- 6a -- 66 -- b3 -- -- f5 -- -- -- f2 -- 5e -- -- -- -- -- -- -- -- -- 35 33 b2 -- 45 bc -- -- -- 3d -- -- ad -- -- -- 

solutions so far:0 maxDepth:9 
iterations:3896169  skipped: 15 
Depth skipped: 
0 0 15 0 0 0 0 0 0 0 0 0 0 0 0 0 0 0 0 0 0 0 0 0 0 0 0 0 0 0 0 0 

running time: 600 sec
 depth:7
 0  1  2  3  4  5  6  7  8  9  a  b  c  d  e  f 10 11 12 13 14 15 16 17 18 19 1a 1b 1c 1d 1e 1f 20 21 22 23 24 25 26 27 28 29 2a 2b 2c 2d 2e 2f 30 31 32 33 34 35 36 37 38 39 3a 3b 3c 3d 3e 3f 40 41 42 43 44 45 46 47 48 49 4a 4b 4c 4d 4e 4f 50 51 52 53 54 55 56 57 58 59 5a 5b 5c 5d 5e 5f 60 61 62 63 64 65 66 67 68 69 6a 6b 6c 6d 6e 6f 70 71 72 73 74 75 76 77 78 79 7a 7b 7c 7d 7e 7f 80 81 82 83 84 85 86 87 88 89 8a 8b 8c 8d 8e 8f 90 91 92 93 94 95 96 97 98 99 9a 9b 9c 9d 9e 9f a0 a1 a2 a3 a4 a5 a6 a7 a8 a9 aa ab ac ad ae af b0 b1 b2 b3 b4 b5 b6 b7 b8 b9 ba bb bc bd be bf c0 c1 c2 c3 c4 c5 c6 c7 c8 c9 ca cb cc cd ce cf d0 d1 d2 d3 d4 d5 d6 d7 d8 d9 da db dc dd de df e0 e1 e2 e3 e4 e5 e6 e7 e8 e9 ea eb ec ed ee ef f0 f1 f2 f3 f4 f5 f6 f7 f8 f9 fa fb fc fd fe ff 
 0  1  2 c8  4 ae 47 3c  8 ad 8b 6a 8e c3 78 a7 10 -- 8d b3 c1 26 d4 -- cb e3 51 -- f0 -- 99 -- 20 -- -- -- cd -- b1 4f 55 -- 4c -- 7f -- --  7 41 -- 11 -- a2 -- -- -- 37 d7 -- -- e5 e0 --  6 40 38 -- -- -- -- -- -- 4d -- -- e2 b5 45 9e c0 aa -- -- -- 98 -- -- -- fe 56 -- -- -- 8f  e -- 82 -- -- -- 22 -- -- d6 93 19 -- c7 -- -- -- -- 6e -- 79 3b -- -- -- -- 1d d1 17 -- -- --  c -- 80 -- 70  3 -- -- -- -- -- -- -- e8 -- -- -- cc 9a -- -- -- -- b2 13 -- bd 35 8a b8 eb 64 57 1e 83 -- -- -- -- f6 -- -- e7 88 -- -- -- -- -- 6b 2b -- ac -- -- -- -- -- -- 71 c9 60 1c -- -- -- d3 30 -- -- -- -- -- -- 44 -- -- de -- -- 7b -- f1 5c 32  f -- -- 59 -- -- 74 -- 66 -- ea -- -- dc -- -- -- f2 -- 76 -- -- -- -- -- -- -- -- -- 3a 33 75 -- 2e ec -- -- -- 6f -- -- 18 -- -- -- 

solutions so far:0 maxDepth:9 
iterations:6148186  skipped: 49 
Depth skipped: 
0 0 49 0 0 0 0 0 0 0 0 0 0 0 0 0 0 0 0 0 0 0 0 0 0 0 0 0 0 0 0 0 

running time: 900 sec
 depth:7
 0  1  2  3  4  5  6  7  8  9  a  b  c  d  e  f 10 11 12 13 14 15 16 17 18 19 1a 1b 1c 1d 1e 1f 20 21 22 23 24 25 26 27 28 29 2a 2b 2c 2d 2e 2f 30 31 32 33 34 35 36 37 38 39 3a 3b 3c 3d 3e 3f 40 41 42 43 44 45 46 47 48 49 4a 4b 4c 4d 4e 4f 50 51 52 53 54 55 56 57 58 59 5a 5b 5c 5d 5e 5f 60 61 62 63 64 65 66 67 68 69 6a 6b 6c 6d 6e 6f 70 71 72 73 74 75 76 77 78 79 7a 7b 7c 7d 7e 7f 80 81 82 83 84 85 86 87 88 89 8a 8b 8c 8d 8e 8f 90 91 92 93 94 95 96 97 98 99 9a 9b 9c 9d 9e 9f a0 a1 a2 a3 a4 a5 a6 a7 a8 a9 aa ab ac ad ae af b0 b1 b2 b3 b4 b5 b6 b7 b8 b9 ba bb bc bd be bf c0 c1 c2 c3 c4 c5 c6 c7 c8 c9 ca cb cc cd ce cf d0 d1 d2 d3 d4 d5 d6 d7 d8 d9 da db dc dd de df e0 e1 e2 e3 e4 e5 e6 e7 e8 e9 ea eb ec ed ee ef f0 f1 f2 f3 f4 f5 f6 f7 f8 f9 fa fb fc fd fe ff 
 0  1  2 c8  4 a7 47 9b  8 ac 99 f6 8e dc e1  c 10 -- 8f 7f e5 26 3b -- cb c3 6f -- 15 -- 18 -- 20 -- -- -- c9 -- fe 4f 1d -- 4c -- 76 -- -- 8b 41 -- 51 -- de -- -- -- 2a d7 -- -- 30 d1 -- 38 40 aa -- -- -- -- -- -- 45 -- -- e2 2b 37 9e 5c 3a -- -- -- 98 -- -- -- ec 1e -- -- -- 78 c1 -- 82 -- -- -- a2 -- -- ca 6b 19 -- 35 -- -- -- -- 54 -- 79 db -- -- -- -- 60 e8 75 -- -- -- 70 -- 80 -- 83 1c -- -- -- -- -- -- -- ae -- -- -- cc 8a -- -- -- -- d4 13 -- 56 7b 6e  6 eb 64 b8 a6 74 -- -- -- -- 86 -- -- e7 f1 -- -- -- -- -- 65  f -- 3c -- -- -- -- -- -- 71 f0 2e 55 -- -- -- d3 17 -- -- -- -- -- -- 93 -- -- d9 -- -- 43 -- d6  3 32 53 -- -- 6a -- -- 57 -- 66 --  e -- -- a8 -- -- -- f2 -- 61 -- -- -- -- -- -- -- -- -- c0 33  7 -- ea c2 -- -- -- 87 -- -- e0 -- -- -- 

solutions so far:0 maxDepth:9 
iterations:9354540  skipped: 49 
Depth skipped: 
0 0 49 0 0 0 0 0 0 0 0 0 0 0 0 0 0 0 0 0 0 0 0 0 0 0 0 0 0 0 0 0 

running time: 1200 sec
 depth:7
 0  1  2  3  4  5  6  7  8  9  a  b  c  d  e  f 10 11 12 13 14 15 16 17 18 19 1a 1b 1c 1d 1e 1f 20 21 22 23 24 25 26 27 28 29 2a 2b 2c 2d 2e 2f 30 31 32 33 34 35 36 37 38 39 3a 3b 3c 3d 3e 3f 40 41 42 43 44 45 46 47 48 49 4a 4b 4c 4d 4e 4f 50 51 52 53 54 55 56 57 58 59 5a 5b 5c 5d 5e 5f 60 61 62 63 64 65 66 67 68 69 6a 6b 6c 6d 6e 6f 70 71 72 73 74 75 76 77 78 79 7a 7b 7c 7d 7e 7f 80 81 82 83 84 85 86 87 88 89 8a 8b 8c 8d 8e 8f 90 91 92 93 94 95 96 97 98 99 9a 9b 9c 9d 9e 9f a0 a1 a2 a3 a4 a5 a6 a7 a8 a9 aa ab ac ad ae af b0 b1 b2 b3 b4 b5 b6 b7 b8 b9 ba bb bc bd be bf c0 c1 c2 c3 c4 c5 c6 c7 c8 c9 ca cb cc cd ce cf d0 d1 d2 d3 d4 d5 d6 d7 d8 d9 da db dc dd de df e0 e1 e2 e3 e4 e5 e6 e7 e8 e9 ea eb ec ed ee ef f0 f1 f2 f3 f4 f5 f6 f7 f8 f9 fa fb fc fd fe ff 
 0  1  2 c8  4 a0 47 31  8  6 97 8d 8e b2 62 24 10 --  c d1 f9 26 cd -- cb c0 b3 -- c4 -- 48 -- 20 -- -- -- 18 -- 75 4f 25 -- 4c -- 4d -- -- 1f 41 -- 57 -- b1 -- -- -- 5f d7 -- -- 90 4e -- 9f 40 f8 -- -- -- -- -- -- 30 -- -- e2 ea c7 9e 28 4a -- -- -- 98 -- -- -- 9a 11 -- -- -- 44 3e -- 82 -- -- -- ae -- -- fa b5 19 -- 55 -- -- -- -- be -- 79 8c -- -- -- -- f7 ff 9c -- -- -- e9 -- 80 -- 27 a4 -- -- -- -- -- -- -- e4 -- -- -- cc 60 -- -- -- -- 83 13 --  3 ad 59 12 eb 64 50 f3 94 -- -- -- -- 46 -- -- e7 c1 -- -- -- -- -- 7d e3 -- 22 -- -- -- -- -- -- 71 88 14 7c -- -- -- d3  a -- -- -- -- -- -- 8b -- -- d5 -- -- 23 -- bd  9 32 92 -- -- aa -- -- 72 -- 66 -- 52 -- -- ab -- -- -- f2 -- cf -- -- -- -- -- -- -- -- -- 39 33 29 -- ef 49 -- -- -- 81 -- --  5 -- -- -- 

solutions so far:0 maxDepth:9 
iterations:11953400  skipped: 51 
Depth skipped: 
0 0 51 0 0 0 0 0 0 0 0 0 0 0 0 0 0 0 0 0 0 0 0 0 0 0 0 0 0 0 0 0 

running time: 1500 sec
 depth:7
 0  1  2  3  4  5  6  7  8  9  a  b  c  d  e  f 10 11 12 13 14 15 16 17 18 19 1a 1b 1c 1d 1e 1f 20 21 22 23 24 25 26 27 28 29 2a 2b 2c 2d 2e 2f 30 31 32 33 34 35 36 37 38 39 3a 3b 3c 3d 3e 3f 40 41 42 43 44 45 46 47 48 49 4a 4b 4c 4d 4e 4f 50 51 52 53 54 55 56 57 58 59 5a 5b 5c 5d 5e 5f 60 61 62 63 64 65 66 67 68 69 6a 6b 6c 6d 6e 6f 70 71 72 73 74 75 76 77 78 79 7a 7b 7c 7d 7e 7f 80 81 82 83 84 85 86 87 88 89 8a 8b 8c 8d 8e 8f 90 91 92 93 94 95 96 97 98 99 9a 9b 9c 9d 9e 9f a0 a1 a2 a3 a4 a5 a6 a7 a8 a9 aa ab ac ad ae af b0 b1 b2 b3 b4 b5 b6 b7 b8 b9 ba bb bc bd be bf c0 c1 c2 c3 c4 c5 c6 c7 c8 c9 ca cb cc cd ce cf d0 d1 d2 d3 d4 d5 d6 d7 d8 d9 da db dc dd de df e0 e1 e2 e3 e4 e5 e6 e7 e8 e9 ea eb ec ed ee ef f0 f1 f2 f3 f4 f5 f6 f7 f8 f9 fa fb fc fd fe ff 
 0  1  2 c8  4 68 47 42  8 25 d0 89 8e 7e 84 22 10 -- 4a 50 77 26 c5 -- cb 52 fc -- df -- 44 -- 20 -- -- -- 94 -- a0 4f ee -- 4c -- 5d -- -- b1 41 -- a4 -- 2f -- -- -- 69 d7 -- -- 88 cd -- b9 40 ad -- -- -- -- -- -- ff -- -- e2 97 f4 9e 1a  b -- -- -- 98 -- -- -- ba 91 -- -- -- 3d b5 -- 82 -- -- -- 9f -- -- 6c 5e 19 --  a -- -- -- -- d2 -- 79 ce -- -- -- -- c7 2c 4d -- -- -- a5 -- 80 -- 8d b7 -- -- -- -- -- -- -- b3 -- -- -- cc 29 -- -- -- -- 28 13 -- f9 af 3f 11 eb 64 34 21 16 -- -- -- -- 67 -- -- e7  5 -- -- -- -- -- 36 a3 -- f5 -- -- -- -- -- -- 71 7a  d bd -- -- -- d3 ed -- -- -- -- -- -- e9 -- -- 1b -- -- d8 -- bc e3 32 fb -- -- 14 -- -- b2 -- 66 -- b0 -- -- 73 -- -- -- f2 -- 4b -- -- -- -- -- -- -- -- -- 59 33 58 -- 9a 96 -- -- -- e6 -- -- 9d -- -- -- 

solutions so far:0 maxDepth:9 
iterations:14326051  skipped: 84 
Depth skipped: 
0 0 84 0 0 0 0 0 0 0 0 0 0 0 0 0 0 0 0 0 0 0 0 0 0 0 0 0 0 0 0 0 

running time: 1800 sec
 depth:6
 0  1  2  3  4  5  6  7  8  9  a  b  c  d  e  f 10 11 12 13 14 15 16 17 18 19 1a 1b 1c 1d 1e 1f 20 21 22 23 24 25 26 27 28 29 2a 2b 2c 2d 2e 2f 30 31 32 33 34 35 36 37 38 39 3a 3b 3c 3d 3e 3f 40 41 42 43 44 45 46 47 48 49 4a 4b 4c 4d 4e 4f 50 51 52 53 54 55 56 57 58 59 5a 5b 5c 5d 5e 5f 60 61 62 63 64 65 66 67 68 69 6a 6b 6c 6d 6e 6f 70 71 72 73 74 75 76 77 78 79 7a 7b 7c 7d 7e 7f 80 81 82 83 84 85 86 87 88 89 8a 8b 8c 8d 8e 8f 90 91 92 93 94 95 96 97 98 99 9a 9b 9c 9d 9e 9f a0 a1 a2 a3 a4 a5 a6 a7 a8 a9 aa ab ac ad ae af b0 b1 b2 b3 b4 b5 b6 b7 b8 b9 ba bb bc bd be bf c0 c1 c2 c3 c4 c5 c6 c7 c8 c9 ca cb cc cd ce cf d0 d1 d2 d3 d4 d5 d6 d7 d8 d9 da db dc dd de df e0 e1 e2 e3 e4 e5 e6 e7 e8 e9 ea eb ec ed ee ef f0 f1 f2 f3 f4 f5 f6 f7 f8 f9 fa fb fc fd fe ff 
 0  1  2 c8  4 2b 47 9b  8 21 56 5d 8e 2f e1 -- 10 -- 42 ce ac 26 ba -- cb d2 5e -- 15 -- -- -- 20 -- -- -- 84 -- 4b 4f 8f -- 4c -- a3 -- -- -- 41 -- 73 -- bc -- -- -- 2a d7 -- -- -- -- -- 93 40 -- -- -- -- -- -- -- df -- -- e2 96 7e 9e 7f c9 -- -- -- 98 -- -- -- 91 3d -- -- -- f4 -- -- 82 -- -- -- e6 -- -- ca af 19 -- 6c -- -- -- -- 54 -- 79 db -- -- -- -- -- 8a -- -- -- -- f1 -- 80 -- -- a2 -- -- -- -- -- -- -- -- -- -- -- cc 69 -- -- -- -- 67 13 -- fb c5 fc -- eb 64 fe a6 45 -- -- -- -- 86 -- -- e7 36 -- -- -- -- -- 65 f5 -- 7a -- -- -- -- -- -- 71 3f d4 -- -- -- -- d3 6a -- -- -- -- -- -- 1b -- -- d9 -- -- 43 -- 89 -- 32 53 -- -- d8 -- -- -- -- 66 -- 51 -- -- a8 -- -- -- f2 -- 61 -- -- -- -- -- -- -- -- -- -- 33 c3 -- -- c2 -- -- -- 87 -- -- 35 -- -- -- 

solutions so far:0 maxDepth:9 
iterations:17071593  skipped: 121 
Depth skipped: 
0 0 121 0 0 0 0 0 0 0 0 0 0 0 0 0 0 0 0 0 0 0 0 0 0 0 0 0 0 0 0 0 

running time: 2100 sec
 depth:7
 0  1  2  3  4  5  6  7  8  9  a  b  c  d  e  f 10 11 12 13 14 15 16 17 18 19 1a 1b 1c 1d 1e 1f 20 21 22 23 24 25 26 27 28 29 2a 2b 2c 2d 2e 2f 30 31 32 33 34 35 36 37 38 39 3a 3b 3c 3d 3e 3f 40 41 42 43 44 45 46 47 48 49 4a 4b 4c 4d 4e 4f 50 51 52 53 54 55 56 57 58 59 5a 5b 5c 5d 5e 5f 60 61 62 63 64 65 66 67 68 69 6a 6b 6c 6d 6e 6f 70 71 72 73 74 75 76 77 78 79 7a 7b 7c 7d 7e 7f 80 81 82 83 84 85 86 87 88 89 8a 8b 8c 8d 8e 8f 90 91 92 93 94 95 96 97 98 99 9a 9b 9c 9d 9e 9f a0 a1 a2 a3 a4 a5 a6 a7 a8 a9 aa ab ac ad ae af b0 b1 b2 b3 b4 b5 b6 b7 b8 b9 ba bb bc bd be bf c0 c1 c2 c3 c4 c5 c6 c7 c8 c9 ca cb cc cd ce cf d0 d1 d2 d3 d4 d5 d6 d7 d8 d9 da db dc dd de df e0 e1 e2 e3 e4 e5 e6 e7 e8 e9 ea eb ec ed ee ef f0 f1 f2 f3 f4 f5 f6 f7 f8 f9 fa fb fc fd fe ff 
 0  1  2 c8  4 24 47 bf  8 18 48 cf 8e d5 a9 36 10 -- 30 ea 90 26 49 -- cb ae 7d -- 85 -- 6c -- 20 -- -- -- 60 --  3 4f f7 -- 4c -- 92 -- -- fb 41 -- 8b -- fa -- -- -- dd d7 -- -- d8 69 -- f8 40 84 -- -- -- -- -- -- c0 -- -- e2  6 ab 9e  9 39 -- -- -- 98 -- -- -- f3 62 -- -- -- 5f 21 -- 82 -- -- -- c1 -- -- b6 23 19 -- 83 -- -- -- -- 6d -- 79 95 -- -- -- -- 67 e4 d2 -- -- -- 27 -- 80 -- df 7c -- -- -- -- -- -- -- 96 -- -- -- cc 57 -- -- -- -- 75 13 --  c 8c 81 1b eb 64 12 b4 72 -- -- -- -- a1 -- -- e7 aa -- -- -- -- -- 5b 31 -- c4 -- -- -- -- -- -- 71 be ef 42 -- -- -- d3 9c -- -- -- -- -- -- 55 -- -- c6 -- -- bb -- 46 e6 32 5a -- -- d1 -- -- 4b -- 66 -- 3e -- -- da -- -- -- f2 -- fd -- -- -- -- -- -- -- -- -- ce 33 1f -- 73 2d -- -- -- 63 -- -- 4e -- -- -- 

solutions so far:0 maxDepth:9 
iterations:19908763  skipped: 121 
Depth skipped: 
0 0 121 0 0 0 0 0 0 0 0 0 0 0 0 0 0 0 0 0 0 0 0 0 0 0 0 0 0 0 0 0 

running time: 2400 sec

Finished. Total running time: 2609 sec
