Search S-boxes invariant for matrices: 
{0x00,0x02,0x04,0x06,0x08,0x0a,0x0c,0x0e,0x10,0x12,0x14,0x16,0x18,0x1a,0x1c,0x1e,0x20,0x22,0x24,0x26,0x28,0x2a,0x2c,0x2e,0x30,0x32,0x34,0x36,0x38,0x3a,0x3c,0x3e,0x40,0x42,0x44,0x46,0x48,0x4a,0x4c,0x4e,0x50,0x52,0x54,0x56,0x58,0x5a,0x5c,0x5e,0x60,0x62,0x64,0x66,0x68,0x6a,0x6c,0x6e,0x70,0x72,0x74,0x76,0x78,0x7a,0x7c,0x7e,0x80,0x82,0x84,0x86,0x88,0x8a,0x8c,0x8e,0x90,0x92,0x94,0x96,0x98,0x9a,0x9c,0x9e,0xa0,0xa2,0xa4,0xa6,0xa8,0xaa,0xac,0xae,0xb0,0xb2,0xb4,0xb6,0xb8,0xba,0xbc,0xbe,0xc0,0xc2,0xc4,0xc6,0xc8,0xca,0xcc,0xce,0xd0,0xd2,0xd4,0xd6,0xd8,0xda,0xdc,0xde,0xe0,0xe2,0xe4,0xe6,0xe8,0xea,0xec,0xee,0xf0,0xf2,0xf4,0xf6,0xf8,0xfa,0xfc,0xfe,0x39,0x3b,0x3d,0x3f,0x31,0x33,0x35,0x37,0x29,0x2b,0x2d,0x2f,0x21,0x23,0x25,0x27,0x19,0x1b,0x1d,0x1f,0x11,0x13,0x15,0x17,0x09,0x0b,0x0d,0x0f,0x01,0x03,0x05,0x07,0x79,0x7b,0x7d,0x7f,0x71,0x73,0x75,0x77,0x69,0x6b,0x6d,0x6f,0x61,0x63,0x65,0x67,0x59,0x5b,0x5d,0x5f,0x51,0x53,0x55,0x57,0x49,0x4b,0x4d,0x4f,0x41,0x43,0x45,0x47,0xb9,0xbb,0xbd,0xbf,0xb1,0xb3,0xb5,0xb7,0xa9,0xab,0xad,0xaf,0xa1,0xa3,0xa5,0xa7,0x99,0x9b,0x9d,0x9f,0x91,0x93,0x95,0x97,0x89,0x8b,0x8d,0x8f,0x81,0x83,0x85,0x87,0xf9,0xfb,0xfd,0xff,0xf1,0xf3,0xf5,0xf7,0xe9,0xeb,0xed,0xef,0xe1,0xe3,0xe5,0xe7,0xd9,0xdb,0xdd,0xdf,0xd1,0xd3,0xd5,0xd7,0xc9,0xcb,0xcd,0xcf,0xc1,0xc3,0xc5,0xc7};
{0x00,0x02,0x04,0x06,0x08,0x0a,0x0c,0x0e,0x10,0x12,0x14,0x16,0x18,0x1a,0x1c,0x1e,0x20,0x22,0x24,0x26,0x28,0x2a,0x2c,0x2e,0x30,0x32,0x34,0x36,0x38,0x3a,0x3c,0x3e,0x40,0x42,0x44,0x46,0x48,0x4a,0x4c,0x4e,0x50,0x52,0x54,0x56,0x58,0x5a,0x5c,0x5e,0x60,0x62,0x64,0x66,0x68,0x6a,0x6c,0x6e,0x70,0x72,0x74,0x76,0x78,0x7a,0x7c,0x7e,0x80,0x82,0x84,0x86,0x88,0x8a,0x8c,0x8e,0x90,0x92,0x94,0x96,0x98,0x9a,0x9c,0x9e,0xa0,0xa2,0xa4,0xa6,0xa8,0xaa,0xac,0xae,0xb0,0xb2,0xb4,0xb6,0xb8,0xba,0xbc,0xbe,0xc0,0xc2,0xc4,0xc6,0xc8,0xca,0xcc,0xce,0xd0,0xd2,0xd4,0xd6,0xd8,0xda,0xdc,0xde,0xe0,0xe2,0xe4,0xe6,0xe8,0xea,0xec,0xee,0xf0,0xf2,0xf4,0xf6,0xf8,0xfa,0xfc,0xfe,0xd7,0xd5,0xd3,0xd1,0xdf,0xdd,0xdb,0xd9,0xc7,0xc5,0xc3,0xc1,0xcf,0xcd,0xcb,0xc9,0xf7,0xf5,0xf3,0xf1,0xff,0xfd,0xfb,0xf9,0xe7,0xe5,0xe3,0xe1,0xef,0xed,0xeb,0xe9,0x97,0x95,0x93,0x91,0x9f,0x9d,0x9b,0x99,0x87,0x85,0x83,0x81,0x8f,0x8d,0x8b,0x89,0xb7,0xb5,0xb3,0xb1,0xbf,0xbd,0xbb,0xb9,0xa7,0xa5,0xa3,0xa1,0xaf,0xad,0xab,0xa9,0x57,0x55,0x53,0x51,0x5f,0x5d,0x5b,0x59,0x47,0x45,0x43,0x41,0x4f,0x4d,0x4b,0x49,0x77,0x75,0x73,0x71,0x7f,0x7d,0x7b,0x79,0x67,0x65,0x63,0x61,0x6f,0x6d,0x6b,0x69,0x17,0x15,0x13,0x11,0x1f,0x1d,0x1b,0x19,0x07,0x05,0x03,0x01,0x0f,0x0d,0x0b,0x09,0x37,0x35,0x33,0x31,0x3f,0x3d,0x3b,0x39,0x27,0x25,0x23,0x21,0x2f,0x2d,0x2b,0x29};



 depth:6
 0  1  2  3  4  5  6  7  8  9  a  b  c  d  e  f 10 11 12 13 14 15 16 17 18 19 1a 1b 1c 1d 1e 1f 20 21 22 23 24 25 26 27 28 29 2a 2b 2c 2d 2e 2f 30 31 32 33 34 35 36 37 38 39 3a 3b 3c 3d 3e 3f 40 41 42 43 44 45 46 47 48 49 4a 4b 4c 4d 4e 4f 50 51 52 53 54 55 56 57 58 59 5a 5b 5c 5d 5e 5f 60 61 62 63 64 65 66 67 68 69 6a 6b 6c 6d 6e 6f 70 71 72 73 74 75 76 77 78 79 7a 7b 7c 7d 7e 7f 80 81 82 83 84 85 86 87 88 89 8a 8b 8c 8d 8e 8f 90 91 92 93 94 95 96 97 98 99 9a 9b 9c 9d 9e 9f a0 a1 a2 a3 a4 a5 a6 a7 a8 a9 aa ab ac ad ae af b0 b1 b2 b3 b4 b5 b6 b7 b8 b9 ba bb bc bd be bf c0 c1 c2 c3 c4 c5 c6 c7 c8 c9 ca cb cc cd ce cf d0 d1 d2 d3 d4 d5 d6 d7 d8 d9 da db dc dd de df e0 e1 e2 e3 e4 e5 e6 e7 e8 e9 ea eb ec ed ee ef f0 f1 f2 f3 f4 f5 f6 f7 f8 f9 fa fb fc fd fe ff 
 0  1  2 e3  4 c2 11 ac  8 fa 53 c0 22  3 8f -- 10 -- 23 ab a6 b5 57 -- 44 49  6 -- c9 -- -- -- 20 -- -- -- 46 -- 81 4f 9b -- bd -- ae -- -- -- 88 -- 92 --  c -- -- -- 45 d7 -- -- -- -- -- d9 40 -- -- -- -- -- -- -- 8c -- -- b3 d5 75 9e db e1 -- -- -- ad -- -- -- 8b 55 -- -- -- 83 -- -- c7 -- -- -- f3 -- -- f1 18 cd -- c4 -- -- -- -- 8a -- 79 d4 -- -- -- -- -- 2a -- -- -- -- 65 -- 80 -- -- 87 -- -- -- -- -- -- -- -- -- -- -- cc cf -- -- -- -- be b1 -- 7d 60 ea -- eb 9a 61 56 15 -- -- -- -- 6a -- -- 8d 62 -- -- -- -- -- 93 c1 -- aa -- -- -- -- -- -- b2 d1 86 -- -- -- -- 59 43 -- -- -- -- -- -- 31 -- -- a2 -- -- 35 -- 30 -- 4d 2b -- -- 5f -- -- -- -- 66 -- a8 -- -- c3 -- -- -- f2 -- 7f -- -- -- -- -- -- -- -- -- -- 33 54 -- -- fe -- -- -- 51 -- -- ca -- -- -- 

solutions so far:0 maxDepth:9 
iterations:2551685  skipped: 39 
Depth skipped: 
0 0 39 0 0 0 0 0 0 0 0 0 0 0 0 0 0 0 0 0 0 0 0 0 0 0 0 0 0 0 0 0 

running time: 300 sec
 depth:7
 0  1  2  3  4  5  6  7  8  9  a  b  c  d  e  f 10 11 12 13 14 15 16 17 18 19 1a 1b 1c 1d 1e 1f 20 21 22 23 24 25 26 27 28 29 2a 2b 2c 2d 2e 2f 30 31 32 33 34 35 36 37 38 39 3a 3b 3c 3d 3e 3f 40 41 42 43 44 45 46 47 48 49 4a 4b 4c 4d 4e 4f 50 51 52 53 54 55 56 57 58 59 5a 5b 5c 5d 5e 5f 60 61 62 63 64 65 66 67 68 69 6a 6b 6c 6d 6e 6f 70 71 72 73 74 75 76 77 78 79 7a 7b 7c 7d 7e 7f 80 81 82 83 84 85 86 87 88 89 8a 8b 8c 8d 8e 8f 90 91 92 93 94 95 96 97 98 99 9a 9b 9c 9d 9e 9f a0 a1 a2 a3 a4 a5 a6 a7 a8 a9 aa ab ac ad ae af b0 b1 b2 b3 b4 b5 b6 b7 b8 b9 ba bb bc bd be bf c0 c1 c2 c3 c4 c5 c6 c7 c8 c9 ca cb cc cd ce cf d0 d1 d2 d3 d4 d5 d6 d7 d8 d9 da db dc dd de df e0 e1 e2 e3 e4 e5 e6 e7 e8 e9 ea eb ec ed ee ef f0 f1 f2 f3 f4 f5 f6 f7 f8 f9 fa fb fc fd fe ff 
 0  1  2 e3  4 97 11 58  8 dc f9 b6 22 dd b0 6a 10 -- 6f 78 25 b5 bb -- 44 7b 6d -- b7 -- d4 -- 20 -- -- -- de -- f0 4f 4a -- bd -- a1 -- -- 8f 88 -- f6 -- da -- -- -- b9 d7 -- -- 7f 51 -- e9 40 8a -- -- -- -- -- -- 6b -- -- b3 37 a9 9e 50 94 -- -- -- ad -- -- -- 95 2d -- -- -- b4 c9 -- c7 -- -- -- 3b -- -- 34 63 cd --  f -- -- -- -- a5 -- 79 77 -- -- -- -- fe 29 a2 -- -- --  5 -- 80 -- c3 9f -- -- -- -- -- -- -- ac -- -- -- cc d6 -- -- -- -- 3c b1 -- 6e 5b 85 35 eb 9a a0 2c ff -- -- -- -- d0 -- -- 8d ec -- -- -- -- -- 1a fd -- 5a -- -- -- -- -- -- b2 bf 28 45 -- -- -- 59 14 -- -- -- -- -- -- 76 -- --  d -- -- 68 -- c6 f1 4d 16 -- -- 1e -- -- 56 -- 66 -- a4 -- -- 9d -- -- -- f2 -- ee -- -- -- -- -- -- -- -- -- 2b 33 52 -- 93  b -- -- -- ed -- --  a -- -- -- 

solutions so far:0 maxDepth:9 
iterations:4562377  skipped: 64 
Depth skipped: 
0 0 64 0 0 0 0 0 0 0 0 0 0 0 0 0 0 0 0 0 0 0 0 0 0 0 0 0 0 0 0 0 

running time: 600 sec
 depth:6
 0  1  2  3  4  5  6  7  8  9  a  b  c  d  e  f 10 11 12 13 14 15 16 17 18 19 1a 1b 1c 1d 1e 1f 20 21 22 23 24 25 26 27 28 29 2a 2b 2c 2d 2e 2f 30 31 32 33 34 35 36 37 38 39 3a 3b 3c 3d 3e 3f 40 41 42 43 44 45 46 47 48 49 4a 4b 4c 4d 4e 4f 50 51 52 53 54 55 56 57 58 59 5a 5b 5c 5d 5e 5f 60 61 62 63 64 65 66 67 68 69 6a 6b 6c 6d 6e 6f 70 71 72 73 74 75 76 77 78 79 7a 7b 7c 7d 7e 7f 80 81 82 83 84 85 86 87 88 89 8a 8b 8c 8d 8e 8f 90 91 92 93 94 95 96 97 98 99 9a 9b 9c 9d 9e 9f a0 a1 a2 a3 a4 a5 a6 a7 a8 a9 aa ab ac ad ae af b0 b1 b2 b3 b4 b5 b6 b7 b8 b9 ba bb bc bd be bf c0 c1 c2 c3 c4 c5 c6 c7 c8 c9 ca cb cc cd ce cf d0 d1 d2 d3 d4 d5 d6 d7 d8 d9 da db dc dd de df e0 e1 e2 e3 e4 e5 e6 e7 e8 e9 ea eb ec ed ee ef f0 f1 f2 f3 f4 f5 f6 f7 f8 f9 fa fb fc fd fe ff 
 0  1  2 e3  4 65 11  e  8 41 ca 8a 22 2b 1c -- 10 -- 82 c8 43 b5 c3 -- 44 13 56 -- 38 -- -- -- 20 -- -- -- d3 -- 47 4f 86 -- bd -- 51 -- -- -- 88 -- 26 -- ac -- -- -- 70 d7 -- -- -- -- -- e1 40 -- -- -- -- -- -- -- 71 -- -- b3 8e 7f 9e 87 db -- -- -- ad -- -- -- a2 f1 -- -- -- 6a -- -- c7 -- -- -- 4c -- -- a7 8f cd -- 19 -- -- -- -- e0 -- 79 1d -- -- -- -- -- c2 -- -- -- -- 15 -- 80 -- -- 9b -- -- -- -- -- -- -- -- -- -- -- cc e2 -- -- -- -- 64 b1 -- cb 45 fe -- eb 9a d9  7 61 -- -- -- -- e5 -- -- 8d e7 -- -- -- -- -- b8 93 -- 35 -- -- -- -- -- -- b2 d4 a8 -- -- -- -- 59 54 -- -- -- -- -- -- 98 -- -- 5c -- -- 99 -- c9 -- 4d e8 -- -- 32 -- -- -- -- 66 -- a6 -- -- 17 -- -- -- f2 -- 3a -- -- -- -- -- -- -- -- -- -- 33 53 -- -- 74 -- -- -- 2e -- -- 2a -- -- -- 

solutions so far:0 maxDepth:9 
iterations:7011509  skipped: 99 
Depth skipped: 
0 0 99 0 0 0 0 0 0 0 0 0 0 0 0 0 0 0 0 0 0 0 0 0 0 0 0 0 0 0 0 0 

running time: 900 sec
 depth:5
 0  1  2  3  4  5  6  7  8  9  a  b  c  d  e  f 10 11 12 13 14 15 16 17 18 19 1a 1b 1c 1d 1e 1f 20 21 22 23 24 25 26 27 28 29 2a 2b 2c 2d 2e 2f 30 31 32 33 34 35 36 37 38 39 3a 3b 3c 3d 3e 3f 40 41 42 43 44 45 46 47 48 49 4a 4b 4c 4d 4e 4f 50 51 52 53 54 55 56 57 58 59 5a 5b 5c 5d 5e 5f 60 61 62 63 64 65 66 67 68 69 6a 6b 6c 6d 6e 6f 70 71 72 73 74 75 76 77 78 79 7a 7b 7c 7d 7e 7f 80 81 82 83 84 85 86 87 88 89 8a 8b 8c 8d 8e 8f 90 91 92 93 94 95 96 97 98 99 9a 9b 9c 9d 9e 9f a0 a1 a2 a3 a4 a5 a6 a7 a8 a9 aa ab ac ad ae af b0 b1 b2 b3 b4 b5 b6 b7 b8 b9 ba bb bc bd be bf c0 c1 c2 c3 c4 c5 c6 c7 c8 c9 ca cb cc cd ce cf d0 d1 d2 d3 d4 d5 d6 d7 d8 d9 da db dc dd de df e0 e1 e2 e3 e4 e5 e6 e7 e8 e9 ea eb ec ed ee ef f0 f1 f2 f3 f4 f5 f6 f7 f8 f9 fa fb fc fd fe ff 
 0  1  2 e3  4 21 11 4a  8 f3 42 -- 22 -- 94 -- 10 -- 31 8c 84 b5 -- -- 44 be -- -- ff -- -- -- 20 -- -- -- 62 -- cf 4f df -- bd -- -- -- -- -- 88 -- ab -- -- -- -- -- 29 d7 -- -- -- -- -- 6c 40 -- -- -- -- -- -- -- c4 -- -- b3 49 -- 9e 96 69 -- -- -- ad -- -- -- -- -- -- -- -- -- -- -- c7 -- -- -- 81 -- --  a -- cd -- fa -- -- -- -- 52 -- 79 50 -- -- -- -- -- 73 -- -- -- -- d8 -- 80 -- -- 36 -- -- -- -- -- -- -- -- -- -- -- cc 5f -- -- -- -- 46 b1 -- 92 -- -- -- eb 9a fb 25 d2 -- -- -- -- 28 -- -- 8d 7d -- -- -- -- --  5 -- -- -- -- -- -- -- -- -- b2 -- 4b -- -- -- -- 59 ce -- -- -- -- -- -- d5 -- -- e9 -- -- 14 -- -- -- 4d f9 -- -- 23 -- -- -- -- 66 -- 1b -- -- a4 -- -- -- f2 -- a0 -- -- -- -- -- -- -- -- -- -- 33 e6 -- -- 97 -- -- -- 9f -- -- 67 -- -- -- 

solutions so far:0 maxDepth:9 
iterations:9437490  skipped: 144 
Depth skipped: 
0 0 144 0 0 0 0 0 0 0 0 0 0 0 0 0 0 0 0 0 0 0 0 0 0 0 0 0 0 0 0 0 

running time: 1200 sec

Finished. Total running time: 1398 sec
