Search S-boxes invariant for matrices: 
{0x00,0x02,0x04,0x06,0x08,0x0a,0x0c,0x0e,0x10,0x12,0x14,0x16,0x18,0x1a,0x1c,0x1e,0x20,0x22,0x24,0x26,0x28,0x2a,0x2c,0x2e,0x30,0x32,0x34,0x36,0x38,0x3a,0x3c,0x3e,0x40,0x42,0x44,0x46,0x48,0x4a,0x4c,0x4e,0x50,0x52,0x54,0x56,0x58,0x5a,0x5c,0x5e,0x60,0x62,0x64,0x66,0x68,0x6a,0x6c,0x6e,0x70,0x72,0x74,0x76,0x78,0x7a,0x7c,0x7e,0x80,0x82,0x84,0x86,0x88,0x8a,0x8c,0x8e,0x90,0x92,0x94,0x96,0x98,0x9a,0x9c,0x9e,0xa0,0xa2,0xa4,0xa6,0xa8,0xaa,0xac,0xae,0xb0,0xb2,0xb4,0xb6,0xb8,0xba,0xbc,0xbe,0xc0,0xc2,0xc4,0xc6,0xc8,0xca,0xcc,0xce,0xd0,0xd2,0xd4,0xd6,0xd8,0xda,0xdc,0xde,0xe0,0xe2,0xe4,0xe6,0xe8,0xea,0xec,0xee,0xf0,0xf2,0xf4,0xf6,0xf8,0xfa,0xfc,0xfe,0x39,0x3b,0x3d,0x3f,0x31,0x33,0x35,0x37,0x29,0x2b,0x2d,0x2f,0x21,0x23,0x25,0x27,0x19,0x1b,0x1d,0x1f,0x11,0x13,0x15,0x17,0x09,0x0b,0x0d,0x0f,0x01,0x03,0x05,0x07,0x79,0x7b,0x7d,0x7f,0x71,0x73,0x75,0x77,0x69,0x6b,0x6d,0x6f,0x61,0x63,0x65,0x67,0x59,0x5b,0x5d,0x5f,0x51,0x53,0x55,0x57,0x49,0x4b,0x4d,0x4f,0x41,0x43,0x45,0x47,0xb9,0xbb,0xbd,0xbf,0xb1,0xb3,0xb5,0xb7,0xa9,0xab,0xad,0xaf,0xa1,0xa3,0xa5,0xa7,0x99,0x9b,0x9d,0x9f,0x91,0x93,0x95,0x97,0x89,0x8b,0x8d,0x8f,0x81,0x83,0x85,0x87,0xf9,0xfb,0xfd,0xff,0xf1,0xf3,0xf5,0xf7,0xe9,0xeb,0xed,0xef,0xe1,0xe3,0xe5,0xe7,0xd9,0xdb,0xdd,0xdf,0xd1,0xd3,0xd5,0xd7,0xc9,0xcb,0xcd,0xcf,0xc1,0xc3,0xc5,0xc7};
{0x00,0x02,0x04,0x06,0x08,0x0a,0x0c,0x0e,0x10,0x12,0x14,0x16,0x18,0x1a,0x1c,0x1e,0x20,0x22,0x24,0x26,0x28,0x2a,0x2c,0x2e,0x30,0x32,0x34,0x36,0x38,0x3a,0x3c,0x3e,0x40,0x42,0x44,0x46,0x48,0x4a,0x4c,0x4e,0x50,0x52,0x54,0x56,0x58,0x5a,0x5c,0x5e,0x60,0x62,0x64,0x66,0x68,0x6a,0x6c,0x6e,0x70,0x72,0x74,0x76,0x78,0x7a,0x7c,0x7e,0x80,0x82,0x84,0x86,0x88,0x8a,0x8c,0x8e,0x90,0x92,0x94,0x96,0x98,0x9a,0x9c,0x9e,0xa0,0xa2,0xa4,0xa6,0xa8,0xaa,0xac,0xae,0xb0,0xb2,0xb4,0xb6,0xb8,0xba,0xbc,0xbe,0xc0,0xc2,0xc4,0xc6,0xc8,0xca,0xcc,0xce,0xd0,0xd2,0xd4,0xd6,0xd8,0xda,0xdc,0xde,0xe0,0xe2,0xe4,0xe6,0xe8,0xea,0xec,0xee,0xf0,0xf2,0xf4,0xf6,0xf8,0xfa,0xfc,0xfe,0xd7,0xd5,0xd3,0xd1,0xdf,0xdd,0xdb,0xd9,0xc7,0xc5,0xc3,0xc1,0xcf,0xcd,0xcb,0xc9,0xf7,0xf5,0xf3,0xf1,0xff,0xfd,0xfb,0xf9,0xe7,0xe5,0xe3,0xe1,0xef,0xed,0xeb,0xe9,0x97,0x95,0x93,0x91,0x9f,0x9d,0x9b,0x99,0x87,0x85,0x83,0x81,0x8f,0x8d,0x8b,0x89,0xb7,0xb5,0xb3,0xb1,0xbf,0xbd,0xbb,0xb9,0xa7,0xa5,0xa3,0xa1,0xaf,0xad,0xab,0xa9,0x57,0x55,0x53,0x51,0x5f,0x5d,0x5b,0x59,0x47,0x45,0x43,0x41,0x4f,0x4d,0x4b,0x49,0x77,0x75,0x73,0x71,0x7f,0x7d,0x7b,0x79,0x67,0x65,0x63,0x61,0x6f,0x6d,0x6b,0x69,0x17,0x15,0x13,0x11,0x1f,0x1d,0x1b,0x19,0x07,0x05,0x03,0x01,0x0f,0x0d,0x0b,0x09,0x37,0x35,0x33,0x31,0x3f,0x3d,0x3b,0x39,0x27,0x25,0x23,0x21,0x2f,0x2d,0x2b,0x29};



 depth:7
 0  1  2  3  4  5  6  7  8  9  a  b  c  d  e  f 10 11 12 13 14 15 16 17 18 19 1a 1b 1c 1d 1e 1f 20 21 22 23 24 25 26 27 28 29 2a 2b 2c 2d 2e 2f 30 31 32 33 34 35 36 37 38 39 3a 3b 3c 3d 3e 3f 40 41 42 43 44 45 46 47 48 49 4a 4b 4c 4d 4e 4f 50 51 52 53 54 55 56 57 58 59 5a 5b 5c 5d 5e 5f 60 61 62 63 64 65 66 67 68 69 6a 6b 6c 6d 6e 6f 70 71 72 73 74 75 76 77 78 79 7a 7b 7c 7d 7e 7f 80 81 82 83 84 85 86 87 88 89 8a 8b 8c 8d 8e 8f 90 91 92 93 94 95 96 97 98 99 9a 9b 9c 9d 9e 9f a0 a1 a2 a3 a4 a5 a6 a7 a8 a9 aa ab ac ad ae af b0 b1 b2 b3 b4 b5 b6 b7 b8 b9 ba bb bc bd be bf c0 c1 c2 c3 c4 c5 c6 c7 c8 c9 ca cb cc cd ce cf d0 d1 d2 d3 d4 d5 d6 d7 d8 d9 da db dc dd de df e0 e1 e2 e3 e4 e5 e6 e7 e8 e9 ea eb ec ed ee ef f0 f1 f2 f3 f4 f5 f6 f7 f8 f9 fa fb fc fd fe ff 
 0  1  2 16  4 f7 2c c7  8 56 39 f4 58 ba 59 de 10 -- ac d4 72 1a 3f -- b0 8a a3 -- b2 -- 6b -- 20 -- -- -- 8f -- 7f 4f e4 -- 34 -- 7e -- -- ec b7 -- c3 -- 91 -- -- -- b3 d7 -- -- d6 f0 -- 9c 40 3c -- -- -- -- -- -- c9 -- -- ed fe c5 9e 48 1f -- -- -- 68 -- -- -- fc 5e -- -- -- af  f -- b9 -- -- -- 51 -- -- cd f5 77 -- f1 -- -- -- -- b1 -- 79 e3 -- -- -- -- 7b 7c 37 -- -- -- ef -- 80 -- 78 4e -- -- -- -- -- -- -- 76 -- -- -- cc 45 -- -- -- -- 6a  d -- 2b 7a 5d 6f eb  b 90 88 3e -- -- -- -- 9a -- -- d0 93 -- -- -- -- -- 8d 2f -- bc -- -- -- -- -- -- 9d 89 24 1e -- -- -- a5 12 -- -- -- -- -- -- a2 -- -- ad -- -- 4d -- 3d dc ee 44 -- -- 35 -- -- 3b -- 66 -- 27 -- -- b5 -- -- -- f2 -- 11 -- -- -- -- -- -- -- -- -- f6 33 f8 -- 6e 22 -- -- -- bd -- --  9 -- -- -- 

solutions so far:0 maxDepth:9 
iterations:2800201  skipped: 2 
Depth skipped: 
0 0 2 0 0 0 0 0 0 0 0 0 0 0 0 0 0 0 0 0 0 0 0 0 0 0 0 0 0 0 0 0 

running time: 300 sec
 depth:6
 0  1  2  3  4  5  6  7  8  9  a  b  c  d  e  f 10 11 12 13 14 15 16 17 18 19 1a 1b 1c 1d 1e 1f 20 21 22 23 24 25 26 27 28 29 2a 2b 2c 2d 2e 2f 30 31 32 33 34 35 36 37 38 39 3a 3b 3c 3d 3e 3f 40 41 42 43 44 45 46 47 48 49 4a 4b 4c 4d 4e 4f 50 51 52 53 54 55 56 57 58 59 5a 5b 5c 5d 5e 5f 60 61 62 63 64 65 66 67 68 69 6a 6b 6c 6d 6e 6f 70 71 72 73 74 75 76 77 78 79 7a 7b 7c 7d 7e 7f 80 81 82 83 84 85 86 87 88 89 8a 8b 8c 8d 8e 8f 90 91 92 93 94 95 96 97 98 99 9a 9b 9c 9d 9e 9f a0 a1 a2 a3 a4 a5 a6 a7 a8 a9 aa ab ac ad ae af b0 b1 b2 b3 b4 b5 b6 b7 b8 b9 ba bb bc bd be bf c0 c1 c2 c3 c4 c5 c6 c7 c8 c9 ca cb cc cd ce cf d0 d1 d2 d3 d4 d5 d6 d7 d8 d9 da db dc dd de df e0 e1 e2 e3 e4 e5 e6 e7 e8 e9 ea eb ec ed ee ef f0 f1 f2 f3 f4 f5 f6 f7 f8 f9 fa fb fc fd fe ff 
 0  1  2 16  4 f3 2c 95  8 36 31 d4 58 51 fd -- 10 -- 6c d2 62 1a 7f -- b0 4b a2 -- 2d -- -- -- 20 -- -- -- d8 -- 73 4f c4 -- 34 -- fe -- -- -- b7 -- 96 -- 93 -- -- -- 5a d7 -- -- -- -- -- fa 40 -- -- -- -- -- -- -- 67 -- -- ed e6 8a 9e 49 5f -- -- -- 68 -- -- -- 2b ac -- -- -- c9 -- -- b9 -- -- -- fb -- -- 6d f1 77 -- 84 -- -- -- -- b4 -- 79 c6 -- -- -- -- -- ab -- -- -- -- 23 -- 80 -- -- 7d -- -- -- -- -- -- -- -- -- -- -- cc ce -- -- -- -- 69  d -- 1b 6a c3 -- eb  b 92 a1 be -- -- -- -- 63 -- -- d0 42 -- -- -- -- -- dd 56 -- 8f -- -- -- -- -- -- 9d 45 cf -- -- -- -- a5 8c -- -- -- -- -- -- 21 -- -- 85 -- -- da -- 35 -- ee bb -- -- df -- -- -- -- 66 -- d5 -- -- bf -- -- -- f2 -- 5b -- -- -- -- -- -- -- -- -- -- 33 81 -- -- b6 -- -- -- a9 -- -- 46 -- -- -- 

solutions so far:0 maxDepth:9 
iterations:4917710  skipped: 2 
Depth skipped: 
0 0 2 0 0 0 0 0 0 0 0 0 0 0 0 0 0 0 0 0 0 0 0 0 0 0 0 0 0 0 0 0 

running time: 600 sec
 depth:7
 0  1  2  3  4  5  6  7  8  9  a  b  c  d  e  f 10 11 12 13 14 15 16 17 18 19 1a 1b 1c 1d 1e 1f 20 21 22 23 24 25 26 27 28 29 2a 2b 2c 2d 2e 2f 30 31 32 33 34 35 36 37 38 39 3a 3b 3c 3d 3e 3f 40 41 42 43 44 45 46 47 48 49 4a 4b 4c 4d 4e 4f 50 51 52 53 54 55 56 57 58 59 5a 5b 5c 5d 5e 5f 60 61 62 63 64 65 66 67 68 69 6a 6b 6c 6d 6e 6f 70 71 72 73 74 75 76 77 78 79 7a 7b 7c 7d 7e 7f 80 81 82 83 84 85 86 87 88 89 8a 8b 8c 8d 8e 8f 90 91 92 93 94 95 96 97 98 99 9a 9b 9c 9d 9e 9f a0 a1 a2 a3 a4 a5 a6 a7 a8 a9 aa ab ac ad ae af b0 b1 b2 b3 b4 b5 b6 b7 b8 b9 ba bb bc bd be bf c0 c1 c2 c3 c4 c5 c6 c7 c8 c9 ca cb cc cd ce cf d0 d1 d2 d3 d4 d5 d6 d7 d8 d9 da db dc dd de df e0 e1 e2 e3 e4 e5 e6 e7 e8 e9 ea eb ec ed ee ef f0 f1 f2 f3 f4 f5 f6 f7 f8 f9 fa fb fc fd fe ff 
 0  1  2 16  4 e9 2c b8  8 a6  5 7e 58 91 a7 62 10 -- 9b db  a 1a fc -- b0 54 f5 -- 99 -- c4 -- 20 -- -- -- e1 -- 61 4f 14 -- 34 -- 2f -- -- 7d b7 -- a8 -- 3d -- -- -- e5 d7 -- -- 5f cf -- 4a 40 46 -- -- -- -- -- -- 15 -- -- ed c2 ba 9e a4 28 -- -- -- 68 -- -- -- 5e af -- -- -- c5 fa -- b9 -- -- -- 87 -- --  e 7a 77 -- ca -- -- -- -- 1d -- 79 70 -- -- -- -- be a0 49 -- -- -- 94 -- 80 -- 8c 25 -- -- -- -- -- -- -- d5 -- -- -- cc 2a -- -- -- -- 86  d -- 53 3f a3 31 eb  b 9f 5c 50 -- -- -- -- 38 -- -- d0 65 -- -- -- -- --  7 bc -- 89 -- -- -- -- -- -- 9d 5d 52 23 -- -- -- a5 29 -- -- -- -- -- -- d9 -- -- e8 -- -- 1c -- f4 f3 ee 2e -- -- 43 -- -- 81 -- 66 -- f9 -- -- 3a -- -- -- f2 -- e0 -- -- -- -- -- -- -- -- -- ab 33 97 -- 92 17 -- -- -- 74 -- -- ff -- -- -- 

solutions so far:0 maxDepth:9 
iterations:7269979  skipped: 3 
Depth skipped: 
0 0 3 0 0 0 0 0 0 0 0 0 0 0 0 0 0 0 0 0 0 0 0 0 0 0 0 0 0 0 0 0 

running time: 900 sec
 depth:6
 0  1  2  3  4  5  6  7  8  9  a  b  c  d  e  f 10 11 12 13 14 15 16 17 18 19 1a 1b 1c 1d 1e 1f 20 21 22 23 24 25 26 27 28 29 2a 2b 2c 2d 2e 2f 30 31 32 33 34 35 36 37 38 39 3a 3b 3c 3d 3e 3f 40 41 42 43 44 45 46 47 48 49 4a 4b 4c 4d 4e 4f 50 51 52 53 54 55 56 57 58 59 5a 5b 5c 5d 5e 5f 60 61 62 63 64 65 66 67 68 69 6a 6b 6c 6d 6e 6f 70 71 72 73 74 75 76 77 78 79 7a 7b 7c 7d 7e 7f 80 81 82 83 84 85 86 87 88 89 8a 8b 8c 8d 8e 8f 90 91 92 93 94 95 96 97 98 99 9a 9b 9c 9d 9e 9f a0 a1 a2 a3 a4 a5 a6 a7 a8 a9 aa ab ac ad ae af b0 b1 b2 b3 b4 b5 b6 b7 b8 b9 ba bb bc bd be bf c0 c1 c2 c3 c4 c5 c6 c7 c8 c9 ca cb cc cd ce cf d0 d1 d2 d3 d4 d5 d6 d7 d8 d9 da db dc dd de df e0 e1 e2 e3 e4 e5 e6 e7 e8 e9 ea eb ec ed ee ef f0 f1 f2 f3 f4 f5 f6 f7 f8 f9 fa fb fc fd fe ff 
 0  1  2 16  4 e1 2c c5  8 59 15 8e 58 e7 5d -- 10 -- b2 22 2a 1a cb -- b0 bd 19 -- ba -- -- -- 20 -- -- -- b3 -- 44 4f 54 -- 34 -- 41 -- -- -- b7 -- ad -- 32 -- -- -- a3 d7 -- -- -- -- -- 86 40 -- -- -- -- -- -- -- b1 -- -- ed 88 4c 9e a6 a8 -- -- -- 68 -- -- -- 82 71 -- -- -- 13 -- -- b9 -- -- -- 8d -- -- 3f 64 77 -- 9a -- -- -- -- 91 -- 79 2f -- -- -- -- -- d9 -- -- -- -- db -- 80 -- -- 43 -- -- -- -- -- -- -- -- -- -- -- cc b5 -- -- -- -- 11  d -- c7 47 98 -- eb  b 9b 89 87 -- -- -- -- fc -- -- d0 4d -- -- -- -- -- f4 d3 -- e2 -- -- -- -- -- -- 9d 26 53 -- -- -- -- a5 c2 -- -- -- -- -- -- cd -- -- 7a -- -- 7e -- c8 -- ee af -- -- e3 -- -- -- -- 66 -- ca -- -- f5 -- -- -- f2 -- 5e -- -- -- -- -- -- -- -- -- -- 33 65 -- -- bc -- -- -- 3d -- -- 61 -- -- -- 

solutions so far:0 maxDepth:9 
iterations:9776303  skipped: 3 
Depth skipped: 
0 0 3 0 0 0 0 0 0 0 0 0 0 0 0 0 0 0 0 0 0 0 0 0 0 0 0 0 0 0 0 0 

running time: 1200 sec
 depth:7
 0  1  2  3  4  5  6  7  8  9  a  b  c  d  e  f 10 11 12 13 14 15 16 17 18 19 1a 1b 1c 1d 1e 1f 20 21 22 23 24 25 26 27 28 29 2a 2b 2c 2d 2e 2f 30 31 32 33 34 35 36 37 38 39 3a 3b 3c 3d 3e 3f 40 41 42 43 44 45 46 47 48 49 4a 4b 4c 4d 4e 4f 50 51 52 53 54 55 56 57 58 59 5a 5b 5c 5d 5e 5f 60 61 62 63 64 65 66 67 68 69 6a 6b 6c 6d 6e 6f 70 71 72 73 74 75 76 77 78 79 7a 7b 7c 7d 7e 7f 80 81 82 83 84 85 86 87 88 89 8a 8b 8c 8d 8e 8f 90 91 92 93 94 95 96 97 98 99 9a 9b 9c 9d 9e 9f a0 a1 a2 a3 a4 a5 a6 a7 a8 a9 aa ab ac ad ae af b0 b1 b2 b3 b4 b5 b6 b7 b8 b9 ba bb bc bd be bf c0 c1 c2 c3 c4 c5 c6 c7 c8 c9 ca cb cc cd ce cf d0 d1 d2 d3 d4 d5 d6 d7 d8 d9 da db dc dd de df e0 e1 e2 e3 e4 e5 e6 e7 e8 e9 ea eb ec ed ee ef f0 f1 f2 f3 f4 f5 f6 f7 f8 f9 fa fb fc fd fe ff 
 0  1  2 16  4 dd 2c 45  8 76 6d e4 58 24 8a 9f 10 -- ec d6 da 1a 1f -- b0 78 48 -- c3 -- e9 -- 20 -- -- --  f -- 7b 4f 63 -- 34 -- 3e -- -- a0 b7 -- f0 -- 90 -- -- -- 51 d7 -- --  5 94 -- fd 40 25 -- -- -- -- -- -- 1e -- -- ed f6  9 9e a9 c6 -- -- -- 68 -- -- -- 7c 27 -- -- -- 9c 97 -- b9 -- -- -- 37 -- -- d4 f7 77 -- 6f -- -- -- -- a2 -- 79 2b -- -- -- --  a b6 ff -- -- -- 2d -- 80 -- 4a 95 -- -- -- -- -- -- -- 50 -- -- -- cc 3c -- -- -- -- 6b  d -- 3b 72 12 a4 eb  b 85 c9 5b -- -- -- -- fe -- -- d0 dc -- -- -- -- -- 6a f8 -- 4e -- -- -- -- -- -- 9d ef bf f9 -- -- -- a5 b4 -- -- -- -- -- -- 6e -- -- 35 -- -- 7f -- 39 52 ee 8f -- -- de -- -- 28 -- 66 -- a1 -- -- 93 -- -- -- f2 -- 56 -- -- -- -- -- -- -- -- -- 14 33 bb -- 29 ac -- -- -- f1 -- -- 5a -- -- -- 

solutions so far:0 maxDepth:9 
iterations:11949924  skipped: 3 
Depth skipped: 
0 0 3 0 0 0 0 0 0 0 0 0 0 0 0 0 0 0 0 0 0 0 0 0 0 0 0 0 0 0 0 0 

running time: 1500 sec
 depth:6
 0  1  2  3  4  5  6  7  8  9  a  b  c  d  e  f 10 11 12 13 14 15 16 17 18 19 1a 1b 1c 1d 1e 1f 20 21 22 23 24 25 26 27 28 29 2a 2b 2c 2d 2e 2f 30 31 32 33 34 35 36 37 38 39 3a 3b 3c 3d 3e 3f 40 41 42 43 44 45 46 47 48 49 4a 4b 4c 4d 4e 4f 50 51 52 53 54 55 56 57 58 59 5a 5b 5c 5d 5e 5f 60 61 62 63 64 65 66 67 68 69 6a 6b 6c 6d 6e 6f 70 71 72 73 74 75 76 77 78 79 7a 7b 7c 7d 7e 7f 80 81 82 83 84 85 86 87 88 89 8a 8b 8c 8d 8e 8f 90 91 92 93 94 95 96 97 98 99 9a 9b 9c 9d 9e 9f a0 a1 a2 a3 a4 a5 a6 a7 a8 a9 aa ab ac ad ae af b0 b1 b2 b3 b4 b5 b6 b7 b8 b9 ba bb bc bd be bf c0 c1 c2 c3 c4 c5 c6 c7 c8 c9 ca cb cc cd ce cf d0 d1 d2 d3 d4 d5 d6 d7 d8 d9 da db dc dd de df e0 e1 e2 e3 e4 e5 e6 e7 e8 e9 ea eb ec ed ee ef f0 f1 f2 f3 f4 f5 f6 f7 f8 f9 fa fb fc fd fe ff 
 0  1  2 16  4 d9 2c 1c  8 29 65  f 58 d6 38 -- 10 -- 52 25 ca 1a 1e -- b0  5 7b -- 70 -- -- -- 20 -- -- -- a4 -- 4a 4f 43 -- 34 -- 3c -- -- -- b7 --  a -- f6 -- -- -- e0 d7 -- -- -- -- -- 9b 40 -- -- -- -- -- -- -- 9f -- -- ed 94 de 9e a8 86 -- -- -- 68 -- -- -- 78 37 -- -- -- dc -- -- b9 -- -- -- 14 -- -- 99 3b 77 -- a0 -- -- -- -- 17 -- 79 3a -- -- -- -- -- 61 -- -- -- -- e1 -- 80 -- -- a6 -- -- -- -- -- -- -- -- -- -- -- cc e9 -- -- -- -- f9  d -- ff ec 6b -- eb  b 87  e db -- -- -- -- 1d -- -- d0 50 -- -- -- -- -- a7 f0 -- 6e -- -- -- -- -- -- 9d 6f 54 -- -- -- -- a5 2a -- -- -- -- -- -- 28 -- -- b8 -- -- e5 -- 76 -- ee  7 -- -- 97 -- -- -- -- 66 -- 53 -- -- 2e -- -- -- f2 -- 74 -- -- -- -- -- -- -- -- -- -- 33 c2 -- -- e8 -- -- -- 5c -- -- 15 -- -- -- 

solutions so far:0 maxDepth:10 
iterations:13986098  skipped: 3 
Depth skipped: 
0 0 3 0 0 0 0 0 0 0 0 0 0 0 0 0 0 0 0 0 0 0 0 0 0 0 0 0 0 0 0 0 

running time: 1800 sec
 depth:7
 0  1  2  3  4  5  6  7  8  9  a  b  c  d  e  f 10 11 12 13 14 15 16 17 18 19 1a 1b 1c 1d 1e 1f 20 21 22 23 24 25 26 27 28 29 2a 2b 2c 2d 2e 2f 30 31 32 33 34 35 36 37 38 39 3a 3b 3c 3d 3e 3f 40 41 42 43 44 45 46 47 48 49 4a 4b 4c 4d 4e 4f 50 51 52 53 54 55 56 57 58 59 5a 5b 5c 5d 5e 5f 60 61 62 63 64 65 66 67 68 69 6a 6b 6c 6d 6e 6f 70 71 72 73 74 75 76 77 78 79 7a 7b 7c 7d 7e 7f 80 81 82 83 84 85 86 87 88 89 8a 8b 8c 8d 8e 8f 90 91 92 93 94 95 96 97 98 99 9a 9b 9c 9d 9e 9f a0 a1 a2 a3 a4 a5 a6 a7 a8 a9 aa ab ac ad ae af b0 b1 b2 b3 b4 b5 b6 b7 b8 b9 ba bb bc bd be bf c0 c1 c2 c3 c4 c5 c6 c7 c8 c9 ca cb cc cd ce cf d0 d1 d2 d3 d4 d5 d6 d7 d8 d9 da db dc dd de df e0 e1 e2 e3 e4 e5 e6 e7 e8 e9 ea eb ec ed ee ef f0 f1 f2 f3 f4 f5 f6 f7 f8 f9 fa fb fc fd fe ff 
 0  1  2 16  4 ca 2c 8c  8 98 43 fe 58 93 cf 90 10 -- e7 e2 86 1a 2b -- b0 c8 f1 -- 49 -- f7 -- 20 -- -- -- 19 -- 13 4f db -- 34 -- 56 -- -- 7c b7 -- 47 -- 35 -- -- -- 92 d7 -- -- 39 ef -- 15 40 4e -- -- -- -- -- -- 32 -- -- ed 26 51 9e d9 61 -- -- -- 68 -- -- -- ac c9 -- -- -- 8a f8 -- b9 -- -- -- 8e -- -- be 6a 77 -- 82 -- -- -- -- f3 -- 79 d5 -- -- -- -- 72 53  9 -- -- -- 2a -- 80 -- 9c e1 -- -- -- -- -- -- -- 3e -- -- -- cc 64 -- -- -- -- 71  d -- 4c 7f a2 48 eb  b 65 46 c2 -- -- -- -- 81 -- -- d0 41 -- -- -- -- -- 5f 8f -- 45 -- -- -- -- -- -- 9d c3 87 27 -- -- -- a5 a8 -- -- -- -- -- -- cb -- -- c4 -- -- ab -- d4 24 ee 23 -- -- d3 -- -- 1f -- 66 -- 9b -- -- 31 -- -- -- f2 -- 7d -- -- -- -- -- -- -- -- -- e4 33 a6 -- 12 fa -- -- -- 62 -- -- 54 -- -- -- 

solutions so far:0 maxDepth:10 
iterations:17682096  skipped: 4 
Depth skipped: 
0 0 4 0 0 0 0 0 0 0 0 0 0 0 0 0 0 0 0 0 0 0 0 0 0 0 0 0 0 0 0 0 

running time: 2100 sec
 depth:7
 0  1  2  3  4  5  6  7  8  9  a  b  c  d  e  f 10 11 12 13 14 15 16 17 18 19 1a 1b 1c 1d 1e 1f 20 21 22 23 24 25 26 27 28 29 2a 2b 2c 2d 2e 2f 30 31 32 33 34 35 36 37 38 39 3a 3b 3c 3d 3e 3f 40 41 42 43 44 45 46 47 48 49 4a 4b 4c 4d 4e 4f 50 51 52 53 54 55 56 57 58 59 5a 5b 5c 5d 5e 5f 60 61 62 63 64 65 66 67 68 69 6a 6b 6c 6d 6e 6f 70 71 72 73 74 75 76 77 78 79 7a 7b 7c 7d 7e 7f 80 81 82 83 84 85 86 87 88 89 8a 8b 8c 8d 8e 8f 90 91 92 93 94 95 96 97 98 99 9a 9b 9c 9d 9e 9f a0 a1 a2 a3 a4 a5 a6 a7 a8 a9 aa ab ac ad ae af b0 b1 b2 b3 b4 b5 b6 b7 b8 b9 ba bb bc bd be bf c0 c1 c2 c3 c4 c5 c6 c7 c8 c9 ca cb cc cd ce cf d0 d1 d2 d3 d4 d5 d6 d7 d8 d9 da db dc dd de df e0 e1 e2 e3 e4 e5 e6 e7 e8 e9 ea eb ec ed ee ef f0 f1 f2 f3 f4 f5 f6 f7 f8 f9 fa fb fc fd fe ff 
 0  1  2 16  4 c2 2c b2  8 4c 53 28 58 a4 b3 3e 10 -- 98 71 a6 1a 50 -- b0 64 9f -- b1 -- 7c -- 20 -- -- -- e7 -- e2 4f 9b -- 34 -- a0 -- --  9 b7 -- c8 -- e9 -- -- -- b5 d7 -- -- f8 f7 -- d9 40 48 -- -- -- -- -- -- 19 -- -- ed 13 29 9e db e1 -- -- -- 68 -- -- -- 97 25 -- -- -- 94 12 -- b9 -- -- -- 47 -- -- 9a  5 77 -- 41 -- -- -- -- bd -- 79 22 -- -- -- -- 27 2a 39 -- -- -- 65 -- 80 -- 90 87 -- -- -- -- -- -- -- ef -- -- -- cc 32 -- -- -- -- d3  d -- 26 14 52 1f eb  b 61 59 15 -- -- -- -- 11 -- -- d0 cb -- -- -- -- -- 4d f9 -- 4a -- -- -- -- -- -- 9d ff 86 24 -- -- -- a5 43 -- -- -- -- -- -- 8e -- -- cd -- -- e3 --  a e4 ee c7 -- -- 82 -- -- 9c -- 66 -- a8 -- -- ad -- -- -- f2 -- 44 -- -- -- -- -- -- -- -- -- 4e 33 54 -- 72 88 -- -- -- 8d -- -- ca -- -- -- 

solutions so far:0 maxDepth:10 
iterations:20550776  skipped: 5 
Depth skipped: 
0 0 5 0 0 0 0 0 0 0 0 0 0 0 0 0 0 0 0 0 0 0 0 0 0 0 0 0 0 0 0 0 

running time: 2400 sec
 depth:7
 0  1  2  3  4  5  6  7  8  9  a  b  c  d  e  f 10 11 12 13 14 15 16 17 18 19 1a 1b 1c 1d 1e 1f 20 21 22 23 24 25 26 27 28 29 2a 2b 2c 2d 2e 2f 30 31 32 33 34 35 36 37 38 39 3a 3b 3c 3d 3e 3f 40 41 42 43 44 45 46 47 48 49 4a 4b 4c 4d 4e 4f 50 51 52 53 54 55 56 57 58 59 5a 5b 5c 5d 5e 5f 60 61 62 63 64 65 66 67 68 69 6a 6b 6c 6d 6e 6f 70 71 72 73 74 75 76 77 78 79 7a 7b 7c 7d 7e 7f 80 81 82 83 84 85 86 87 88 89 8a 8b 8c 8d 8e 8f 90 91 92 93 94 95 96 97 98 99 9a 9b 9c 9d 9e 9f a0 a1 a2 a3 a4 a5 a6 a7 a8 a9 aa ab ac ad ae af b0 b1 b2 b3 b4 b5 b6 b7 b8 b9 ba bb bc bd be bf c0 c1 c2 c3 c4 c5 c6 c7 c8 c9 ca cb cc cd ce cf d0 d1 d2 d3 d4 d5 d6 d7 d8 d9 da db dc dd de df e0 e1 e2 e3 e4 e5 e6 e7 e8 e9 ea eb ec ed ee ef f0 f1 f2 f3 f4 f5 f6 f7 f8 f9 fa fb fc fd fe ff 
 0  1  2 16  4 bd 2c de  8 cb ad a6 58 43 6b 45 10 -- 41 64 8d 1a 9b -- b0 e2 86 -- d6 -- 8a -- 20 -- -- -- 82 -- c8 4f cd -- 34 -- e1 -- -- 35 b7 -- 13 -- db -- -- -- 7b d7 -- -- c3 2b -- 88 40 7f -- -- -- -- -- -- d3 -- -- ed 47 65 9e b1 4d -- -- -- 68 -- -- -- 15 54 -- -- -- 87 6a -- b9 -- -- -- 26 -- -- 1e 61 77 -- e7 -- -- -- -- f6 -- 79 f0 -- -- -- -- 51 e3 56 -- -- -- c7 -- 80 -- fe 44 -- -- -- -- -- -- -- f1 -- -- -- cc 71 -- -- -- -- 32  d -- 8e 53 ca c9 eb  b b5 6f 9a -- -- -- -- 78 -- -- d0 98 -- -- -- -- --  f 2a -- a8 -- -- -- -- -- -- 9d d9 b3 d4 -- -- -- a5 b2 -- -- -- -- -- -- 4c -- -- ec -- -- 3c -- c2 8f ee dc -- -- 19 -- -- 93 -- 66 -- 22 -- -- 3b -- -- -- f2 -- 37 -- -- -- -- -- -- -- -- -- a2 33 11 -- ac 6e -- -- -- 76 -- -- 59 -- -- -- 

solutions so far:0 maxDepth:10 
iterations:22874949  skipped: 5 
Depth skipped: 
0 0 5 0 0 0 0 0 0 0 0 0 0 0 0 0 0 0 0 0 0 0 0 0 0 0 0 0 0 0 0 0 

running time: 2700 sec
 depth:7
 0  1  2  3  4  5  6  7  8  9  a  b  c  d  e  f 10 11 12 13 14 15 16 17 18 19 1a 1b 1c 1d 1e 1f 20 21 22 23 24 25 26 27 28 29 2a 2b 2c 2d 2e 2f 30 31 32 33 34 35 36 37 38 39 3a 3b 3c 3d 3e 3f 40 41 42 43 44 45 46 47 48 49 4a 4b 4c 4d 4e 4f 50 51 52 53 54 55 56 57 58 59 5a 5b 5c 5d 5e 5f 60 61 62 63 64 65 66 67 68 69 6a 6b 6c 6d 6e 6f 70 71 72 73 74 75 76 77 78 79 7a 7b 7c 7d 7e 7f 80 81 82 83 84 85 86 87 88 89 8a 8b 8c 8d 8e 8f 90 91 92 93 94 95 96 97 98 99 9a 9b 9c 9d 9e 9f a0 a1 a2 a3 a4 a5 a6 a7 a8 a9 aa ab ac ad ae af b0 b1 b2 b3 b4 b5 b6 b7 b8 b9 ba bb bc bd be bf c0 c1 c2 c3 c4 c5 c6 c7 c8 c9 ca cb cc cd ce cf d0 d1 d2 d3 d4 d5 d6 d7 d8 d9 da db dc dd de df e0 e1 e2 e3 e4 e5 e6 e7 e8 e9 ea eb ec ed ee ef f0 f1 f2 f3 f4 f5 f6 f7 f8 f9 fa fb fc fd fe ff 
 0  1  2 16  4 b1 2c 2b  8 e6 b5 dd 58 2d 56 c8 10 -- 1b df bd 1a 6d -- b0 67 5a -- ac -- 47 -- 20 -- -- -- 36 -- 69 4f ad -- 34 -- da -- -- 71 b7 -- ce -- b4 -- -- -- 8f d7 -- -- 8e 98 -- 22 40 26 -- -- -- -- -- -- 6c -- -- ed d2 95 9e b2 8d -- -- -- 68 -- -- -- 63 5b -- -- -- bb e2 -- b9 -- -- -- 4b -- -- a2 bf 77 -- 21 -- -- -- -- c9 -- 79 35 -- -- -- -- cb 4d e7 -- -- -- 44 -- 80 -- 4c 11 -- -- -- -- -- -- -- d3 -- -- -- cc d8 -- -- -- -- 84  d -- 73 85 fd 64 eb  b b3 fe cd -- -- -- -- f1 -- -- d0 fb -- -- -- -- -- 51 c6 -- b6 -- -- -- -- -- -- 9d a1 59 13 -- -- -- a5 c7 -- -- -- -- -- -- 96 -- -- c3 -- -- 93 -- a9 32 ee 7f -- -- 42 -- -- 82 -- 66 -- e3 -- -- 45 -- -- -- f2 -- 6a -- -- -- -- -- -- -- -- -- 41 33 9a -- 19 d4 -- -- -- 8a -- -- 88 -- -- -- 

solutions so far:0 maxDepth:10 
iterations:27224817  skipped: 5 
Depth skipped: 
0 0 5 0 0 0 0 0 0 0 0 0 0 0 0 0 0 0 0 0 0 0 0 0 0 0 0 0 0 0 0 0 

running time: 3000 sec
 depth:6
 0  1  2  3  4  5  6  7  8  9  a  b  c  d  e  f 10 11 12 13 14 15 16 17 18 19 1a 1b 1c 1d 1e 1f 20 21 22 23 24 25 26 27 28 29 2a 2b 2c 2d 2e 2f 30 31 32 33 34 35 36 37 38 39 3a 3b 3c 3d 3e 3f 40 41 42 43 44 45 46 47 48 49 4a 4b 4c 4d 4e 4f 50 51 52 53 54 55 56 57 58 59 5a 5b 5c 5d 5e 5f 60 61 62 63 64 65 66 67 68 69 6a 6b 6c 6d 6e 6f 70 71 72 73 74 75 76 77 78 79 7a 7b 7c 7d 7e 7f 80 81 82 83 84 85 86 87 88 89 8a 8b 8c 8d 8e 8f 90 91 92 93 94 95 96 97 98 99 9a 9b 9c 9d 9e 9f a0 a1 a2 a3 a4 a5 a6 a7 a8 a9 aa ab ac ad ae af b0 b1 b2 b3 b4 b5 b6 b7 b8 b9 ba bb bc bd be bf c0 c1 c2 c3 c4 c5 c6 c7 c8 c9 ca cb cc cd ce cf d0 d1 d2 d3 d4 d5 d6 d7 d8 d9 da db dc dd de df e0 e1 e2 e3 e4 e5 e6 e7 e8 e9 ea eb ec ed ee ef f0 f1 f2 f3 f4 f5 f6 f7 f8 f9 fa fb fc fd fe ff 
 0  1  2 16  4 ab 2c 1e  8 cd 81 35 58 8a 3c -- 10 -- 4d b5 d5 1a 6a -- b0 22 c3 -- 78 -- -- -- 20 -- -- -- 9a -- bd 4f 7d -- 34 -- d4 -- -- -- b7 -- 44 -- 51 -- -- -- f0 d7 -- -- -- -- -- 92 40 -- -- -- -- -- -- -- e3 -- -- ed ad c9 9e 5f fa -- -- -- 68 -- -- -- 7f 2b -- -- -- ac -- -- b9 -- -- -- 88 -- -- 6b a2 77 -- b2 -- -- -- -- 37 -- 79 f6 -- -- -- -- -- 46 -- -- -- -- f3 -- 80 -- -- 49 -- -- -- -- -- -- -- -- -- -- -- cc 11 -- -- -- -- b1  d -- 8d f1 45 -- eb  b be  f 23 -- -- -- -- 7b -- -- d0 59 -- -- -- -- -- de fe -- 56 -- -- -- -- -- -- 9d 8f c4 -- -- -- -- a5 62 -- -- -- -- -- -- c7 -- -- 6f -- -- d6 -- 93 -- ee ec -- -- b3 -- -- -- -- 66 -- cf -- -- 6e -- -- -- f2 -- 3b -- -- -- -- -- -- -- -- -- -- 33 8c -- -- 76 -- -- -- dc -- -- 31 -- -- -- 

solutions so far:0 maxDepth:10 
iterations:29559932  skipped: 5 
Depth skipped: 
0 0 5 0 0 0 0 0 0 0 0 0 0 0 0 0 0 0 0 0 0 0 0 0 0 0 0 0 0 0 0 0 

running time: 3300 sec
 depth:7
 0  1  2  3  4  5  6  7  8  9  a  b  c  d  e  f 10 11 12 13 14 15 16 17 18 19 1a 1b 1c 1d 1e 1f 20 21 22 23 24 25 26 27 28 29 2a 2b 2c 2d 2e 2f 30 31 32 33 34 35 36 37 38 39 3a 3b 3c 3d 3e 3f 40 41 42 43 44 45 46 47 48 49 4a 4b 4c 4d 4e 4f 50 51 52 53 54 55 56 57 58 59 5a 5b 5c 5d 5e 5f 60 61 62 63 64 65 66 67 68 69 6a 6b 6c 6d 6e 6f 70 71 72 73 74 75 76 77 78 79 7a 7b 7c 7d 7e 7f 80 81 82 83 84 85 86 87 88 89 8a 8b 8c 8d 8e 8f 90 91 92 93 94 95 96 97 98 99 9a 9b 9c 9d 9e 9f a0 a1 a2 a3 a4 a5 a6 a7 a8 a9 aa ab ac ad ae af b0 b1 b2 b3 b4 b5 b6 b7 b8 b9 ba bb bc bd be bf c0 c1 c2 c3 c4 c5 c6 c7 c8 c9 ca cb cc cd ce cf d0 d1 d2 d3 d4 d5 d6 d7 d8 d9 da db dc dd de df e0 e1 e2 e3 e4 e5 e6 e7 e8 e9 ea eb ec ed ee ef f0 f1 f2 f3 f4 f5 f6 f7 f8 f9 fa fb fc fd fe ff 
 0  1  2 16  4 9f 2c fb  8 a2 e9 12 58 f8 21 78 10 -- 93 45  5 1a 24 -- b0 d4 27 -- 42 -- f0 -- 20 -- -- -- f1 -- 8a 4f  a -- 34 -- 48 -- -- 6b b7 -- 7f -- 4e -- -- -- 84 d7 -- -- 37 76 -- 25 40 f6 -- -- -- -- -- -- 35 -- -- ed c3 3e 9e 52 14 -- -- -- 68 -- -- -- 90 39 -- -- -- e4 d6 -- b9 -- -- -- fe -- -- 1b 9c 77 -- ac -- -- -- -- df -- 79 d8 -- -- -- -- 6e 50 ec -- -- -- 4a -- 80 -- 3b f9 -- -- -- -- -- -- -- de -- -- -- cc 6a -- -- -- -- c9  d -- 51  9 7c 3c eb  b a4 96 28 -- -- -- -- 6c -- -- d0 56 -- -- -- -- -- e6 f7 -- 72 -- -- -- -- -- -- 9d 1f 29 7b -- -- -- a5 ff -- -- -- -- -- -- 2b -- -- 73 -- -- 36 -- ef 1e ee 4b -- -- 8f -- -- 6f -- 66 -- 97 -- -- 69 -- -- -- f2 -- 67 -- -- -- -- -- -- -- -- -- dc 33 a0 --  f ce -- -- -- d2 -- -- 94 -- -- -- 

solutions so far:0 maxDepth:10 
iterations:32514474  skipped: 7 
Depth skipped: 
0 0 7 0 0 0 0 0 0 0 0 0 0 0 0 0 0 0 0 0 0 0 0 0 0 0 0 0 0 0 0 0 

running time: 3600 sec
 depth:7
 0  1  2  3  4  5  6  7  8  9  a  b  c  d  e  f 10 11 12 13 14 15 16 17 18 19 1a 1b 1c 1d 1e 1f 20 21 22 23 24 25 26 27 28 29 2a 2b 2c 2d 2e 2f 30 31 32 33 34 35 36 37 38 39 3a 3b 3c 3d 3e 3f 40 41 42 43 44 45 46 47 48 49 4a 4b 4c 4d 4e 4f 50 51 52 53 54 55 56 57 58 59 5a 5b 5c 5d 5e 5f 60 61 62 63 64 65 66 67 68 69 6a 6b 6c 6d 6e 6f 70 71 72 73 74 75 76 77 78 79 7a 7b 7c 7d 7e 7f 80 81 82 83 84 85 86 87 88 89 8a 8b 8c 8d 8e 8f 90 91 92 93 94 95 96 97 98 99 9a 9b 9c 9d 9e 9f a0 a1 a2 a3 a4 a5 a6 a7 a8 a9 aa ab ac ad ae af b0 b1 b2 b3 b4 b5 b6 b7 b8 b9 ba bb bc bd be bf c0 c1 c2 c3 c4 c5 c6 c7 c8 c9 ca cb cc cd ce cf d0 d1 d2 d3 d4 d5 d6 d7 d8 d9 da db dc dd de df e0 e1 e2 e3 e4 e5 e6 e7 e8 e9 ea eb ec ed ee ef f0 f1 f2 f3 f4 f5 f6 f7 f8 f9 fa fb fc fd fe ff 
 0  1  2 16  4 90 2c ce  8 dc f7 31 58 46 4b c8 10 -- 6f 78 39 1a 62 -- b0 7b 8c -- 96 -- 47 -- 20 -- -- -- de -- f0 4f 72 -- 34 -- c4 -- -- 71 b7 -- f6 -- cf -- -- -- fb d7 -- -- 8e 98 -- 4e 40 26 -- -- -- -- -- -- 6b -- -- ed 37 fa 9e 24 e4 -- -- -- 68 -- -- -- 5f ab -- -- -- d5 e2 -- b9 -- -- -- 3b -- -- d2 49 77 --  f -- -- -- -- 21 -- 79 1b -- -- -- -- cb 3e e7 -- -- -- 9c -- 80 -- 4c 27 -- -- -- -- -- -- -- d3 -- -- -- cc d6 -- -- -- -- 3c  d -- 6e f3 23 64 eb  b 48 67 1f -- -- -- -- e6 -- -- d0 ec -- -- -- -- -- 69 be -- 81 -- -- -- -- -- -- 9d 7d 12 13 -- -- -- a5  9 -- -- -- -- -- -- 76 -- -- df -- -- 73 -- 92 32 ee d8 -- -- 1e -- -- 82 -- 66 -- f8 -- -- 42 -- -- -- f2 -- 36 -- -- -- -- -- -- -- -- -- 41 33 7c -- 19 6c -- -- -- 84 -- -- ef -- -- -- 

solutions so far:0 maxDepth:10 
iterations:36888655  skipped: 9 
Depth skipped: 
0 0 9 0 0 0 0 0 0 0 0 0 0 0 0 0 0 0 0 0 0 0 0 0 0 0 0 0 0 0 0 0 

running time: 3900 sec
 depth:7
 0  1  2  3  4  5  6  7  8  9  a  b  c  d  e  f 10 11 12 13 14 15 16 17 18 19 1a 1b 1c 1d 1e 1f 20 21 22 23 24 25 26 27 28 29 2a 2b 2c 2d 2e 2f 30 31 32 33 34 35 36 37 38 39 3a 3b 3c 3d 3e 3f 40 41 42 43 44 45 46 47 48 49 4a 4b 4c 4d 4e 4f 50 51 52 53 54 55 56 57 58 59 5a 5b 5c 5d 5e 5f 60 61 62 63 64 65 66 67 68 69 6a 6b 6c 6d 6e 6f 70 71 72 73 74 75 76 77 78 79 7a 7b 7c 7d 7e 7f 80 81 82 83 84 85 86 87 88 89 8a 8b 8c 8d 8e 8f 90 91 92 93 94 95 96 97 98 99 9a 9b 9c 9d 9e 9f a0 a1 a2 a3 a4 a5 a6 a7 a8 a9 aa ab ac ad ae af b0 b1 b2 b3 b4 b5 b6 b7 b8 b9 ba bb bc bd be bf c0 c1 c2 c3 c4 c5 c6 c7 c8 c9 ca cb cc cd ce cf d0 d1 d2 d3 d4 d5 d6 d7 d8 d9 da db dc dd de df e0 e1 e2 e3 e4 e5 e6 e7 e8 e9 ea eb ec ed ee ef f0 f1 f2 f3 f4 f5 f6 f7 f8 f9 fa fb fc fd fe ff 
 0  1  2 16  4 84 2c 7b  8 b6 df af 58 3f f6 5c 10 -- bb da 69 1a 89 -- b0 2d 7e -- 3b -- b8 -- 20 -- -- -- a1 -- 63 4f d2 -- 34 -- c5 -- -- 74 b7 -- 5a -- fc -- -- -- 76 d7 -- -- a7 38 -- 67 40  e -- -- -- -- -- -- 95 -- -- ed c6 7a 9e 21 73 -- -- -- 68 -- -- -- 5d a3 -- -- -- f5 e8 -- b9 -- -- -- b4 -- -- f0 2f 77 -- 85 -- -- -- -- ec -- 79 dc -- -- -- -- 99 1b 70 -- -- -- ce -- 80 -- 1c d8 -- -- -- -- -- -- -- 3a -- -- -- cc fd -- -- -- -- 6d  d -- 5b bc f4 2e eb  b 42 d6 e6 -- -- -- -- 6e -- -- d0 a9 -- -- -- -- -- 78 ba -- 91 -- -- -- -- -- -- 9d 3d fb  7 -- -- -- a5 96 -- -- -- -- -- -- bf -- -- 3c -- -- 37 -- 5e 17 ee 6b -- -- dd -- -- 1d -- 66 -- 6c -- --  f -- -- -- f2 -- 6f -- -- -- -- -- -- -- -- -- e5 33 36 -- e0 de -- -- -- 1e -- -- 4b -- -- -- 

solutions so far:0 maxDepth:10 
iterations:41106272  skipped: 9 
Depth skipped: 
0 0 9 0 0 0 0 0 0 0 0 0 0 0 0 0 0 0 0 0 0 0 0 0 0 0 0 0 0 0 0 0 

running time: 4200 sec
 depth:6
 0  1  2  3  4  5  6  7  8  9  a  b  c  d  e  f 10 11 12 13 14 15 16 17 18 19 1a 1b 1c 1d 1e 1f 20 21 22 23 24 25 26 27 28 29 2a 2b 2c 2d 2e 2f 30 31 32 33 34 35 36 37 38 39 3a 3b 3c 3d 3e 3f 40 41 42 43 44 45 46 47 48 49 4a 4b 4c 4d 4e 4f 50 51 52 53 54 55 56 57 58 59 5a 5b 5c 5d 5e 5f 60 61 62 63 64 65 66 67 68 69 6a 6b 6c 6d 6e 6f 70 71 72 73 74 75 76 77 78 79 7a 7b 7c 7d 7e 7f 80 81 82 83 84 85 86 87 88 89 8a 8b 8c 8d 8e 8f 90 91 92 93 94 95 96 97 98 99 9a 9b 9c 9d 9e 9f a0 a1 a2 a3 a4 a5 a6 a7 a8 a9 aa ab ac ad ae af b0 b1 b2 b3 b4 b5 b6 b7 b8 b9 ba bb bc bd be bf c0 c1 c2 c3 c4 c5 c6 c7 c8 c9 ca cb cc cd ce cf d0 d1 d2 d3 d4 d5 d6 d7 d8 d9 da db dc dd de df e0 e1 e2 e3 e4 e5 e6 e7 e8 e9 ea eb ec ed ee ef f0 f1 f2 f3 f4 f5 f6 f7 f8 f9 fa fb fc fd fe ff 
 0  1  2 16  4 78 2c 91  8 49 f0 c3 58 56 f5 -- 10 -- 92 23 37 1a 51 -- b0 c4 ac -- 3d -- -- -- 20 -- -- -- f3 -- 46 4f 6e -- 34 -- a2 -- -- -- b7 -- 5f -- 8f -- -- -- 7a d7 -- -- -- -- -- f6 40 -- -- -- -- -- -- -- 31 -- -- ed 8c fe 9e 1e dc -- -- -- 68 -- -- -- 93 35 -- -- -- d4 -- -- b9 -- -- -- be -- -- 5e c9 77 -- d5 -- -- -- -- f4 -- 79 89 -- -- -- -- -- de -- -- -- -- 3b -- 80 -- -- 7b -- -- -- -- -- -- -- -- -- -- -- cc 62 -- -- -- -- fa  d -- cf 8a 2b -- eb  b 3c a3 6f -- -- -- -- af -- -- d0 81 -- -- -- -- -- 2f f1 -- 6a -- -- -- -- -- -- 9d 7f  f -- -- -- -- a5 ec -- -- -- -- -- -- ab -- -- fc -- -- bc -- 45 -- ee ba -- -- 7d -- -- -- -- 66 -- d6 -- -- 3f -- -- -- f2 -- c5 -- -- -- -- -- -- -- -- -- -- 33 6b -- -- 5d -- -- -- 7e -- -- 76 -- -- -- 

solutions so far:0 maxDepth:10 
iterations:45719255  skipped: 9 
Depth skipped: 
0 0 9 0 0 0 0 0 0 0 0 0 0 0 0 0 0 0 0 0 0 0 0 0 0 0 0 0 0 0 0 0 

running time: 4500 sec
 depth:8
 0  1  2  3  4  5  6  7  8  9  a  b  c  d  e  f 10 11 12 13 14 15 16 17 18 19 1a 1b 1c 1d 1e 1f 20 21 22 23 24 25 26 27 28 29 2a 2b 2c 2d 2e 2f 30 31 32 33 34 35 36 37 38 39 3a 3b 3c 3d 3e 3f 40 41 42 43 44 45 46 47 48 49 4a 4b 4c 4d 4e 4f 50 51 52 53 54 55 56 57 58 59 5a 5b 5c 5d 5e 5f 60 61 62 63 64 65 66 67 68 69 6a 6b 6c 6d 6e 6f 70 71 72 73 74 75 76 77 78 79 7a 7b 7c 7d 7e 7f 80 81 82 83 84 85 86 87 88 89 8a 8b 8c 8d 8e 8f 90 91 92 93 94 95 96 97 98 99 9a 9b 9c 9d 9e 9f a0 a1 a2 a3 a4 a5 a6 a7 a8 a9 aa ab ac ad ae af b0 b1 b2 b3 b4 b5 b6 b7 b8 b9 ba bb bc bd be bf c0 c1 c2 c3 c4 c5 c6 c7 c8 c9 ca cb cc cd ce cf d0 d1 d2 d3 d4 d5 d6 d7 d8 d9 da db dc dd de df e0 e1 e2 e3 e4 e5 e6 e7 e8 e9 ea eb ec ed ee ef f0 f1 f2 f3 f4 f5 f6 f7 f8 f9 fa fb fc fd fe ff 
 0  1  2 16  4 65 2c aa  8 ba ca 69 58 96 83 e0 10 8a a3 af 43 1a d2 -- b0 7a fb -- d1 -- 17 -- 20 -- c3 -- 91 8f 89 4f 86 93 34 -- 73 -- -- e5 b7 -- f4 -- 21 -- -- -- 75 d7 -- -- 2e  7 -- e1 40 74 -- -- 51 -- -- 56 f5 -- c9 ed c5 ce 9e 87 db -- f1 -- 68 -- -- -- e6 36 -- -- -- d8 1d -- b9 -- -- -- 3f -- -- 30 42 77 -- 2f -- -- -- -- ea 6a 79 57 -- -- -- -- 5c c2  e -- -- -- 15 -- 80 -- e8 9b -- -- -- -- a2 -- -- 99 -- -- ac cc 3d -- -- -- 45 bc  d -- 5d df 4b 70 eb  b d9 55 61 -- -- -- 35 c0 -- -- d0 fc -- -- -- -- -- 18 1b -- 6c -- -- -- -- -- -- 9d 67 a8 3a -- -- 2b a5 54 -- fe -- -- -- -- 7e -- --  c -- -- 60 -- 84 38 ee c1 -- -- 5e -- -- a7 -- 66 -- a6 -- --  3 -- d4 -- f2 -- ae -- -- -- -- -- -- -- -- -- b8 33 53 -- 1c 8b -- -- --  6 -- -- 2a 7f -- -- 

solutions so far:0 maxDepth:10 
iterations:50814832  skipped: 10 
Depth skipped: 
0 0 10 0 0 0 0 0 0 0 0 0 0 0 0 0 0 0 0 0 0 0 0 0 0 0 0 0 0 0 0 0 

running time: 4800 sec
 depth:7
 0  1  2  3  4  5  6  7  8  9  a  b  c  d  e  f 10 11 12 13 14 15 16 17 18 19 1a 1b 1c 1d 1e 1f 20 21 22 23 24 25 26 27 28 29 2a 2b 2c 2d 2e 2f 30 31 32 33 34 35 36 37 38 39 3a 3b 3c 3d 3e 3f 40 41 42 43 44 45 46 47 48 49 4a 4b 4c 4d 4e 4f 50 51 52 53 54 55 56 57 58 59 5a 5b 5c 5d 5e 5f 60 61 62 63 64 65 66 67 68 69 6a 6b 6c 6d 6e 6f 70 71 72 73 74 75 76 77 78 79 7a 7b 7c 7d 7e 7f 80 81 82 83 84 85 86 87 88 89 8a 8b 8c 8d 8e 8f 90 91 92 93 94 95 96 97 98 99 9a 9b 9c 9d 9e 9f a0 a1 a2 a3 a4 a5 a6 a7 a8 a9 aa ab ac ad ae af b0 b1 b2 b3 b4 b5 b6 b7 b8 b9 ba bb bc bd be bf c0 c1 c2 c3 c4 c5 c6 c7 c8 c9 ca cb cc cd ce cf d0 d1 d2 d3 d4 d5 d6 d7 d8 d9 da db dc dd de df e0 e1 e2 e3 e4 e5 e6 e7 e8 e9 ea eb ec ed ee ef f0 f1 f2 f3 f4 f5 f6 f7 f8 f9 fa fb fc fd fe ff 
 0  1  2 16  4 57 2c 8c  8 12 ae 9a 58 b5 cf 6a 10 -- 24 4e 8b 1a e3 -- b0 39 bd -- 49 -- d4 -- 20 -- -- -- 48 -- 9c 4f c1 -- 34 -- 11 -- -- 8f b7 -- 72 -- ad -- -- -- 92 d7 -- -- 7f 51 --  3 40 8a -- -- -- -- -- -- 90 -- -- ed ef b3 9e 60 55 -- -- -- 68 -- -- -- 22 88 -- -- -- 59 c9 -- b9 -- -- -- e4 -- -- be 8d 77 -- 7c -- -- -- -- f3 -- 79 d5 -- -- -- -- fe 83 a2 -- -- --  6 -- 80 -- c3 ea -- -- -- -- -- -- -- ac -- -- -- cc f7 -- -- -- -- 27  d --  9 4d b1 35 eb  b c0 46 aa -- -- -- -- 81 -- -- d0 3e -- -- -- -- -- 5f 44 -- c7 -- -- -- -- -- -- 9d b2 30 45 -- -- -- a5 18 -- -- -- -- -- -- 1f -- -- c4 -- -- ab -- cd f1 ee 23 -- -- f8 -- -- 56 -- 66 -- 75 -- -- 31 -- -- -- f2 -- 7d -- -- -- -- -- -- -- -- -- 2b 33 d1 -- 93 fa -- -- -- 62 -- --  c -- -- -- 

solutions so far:0 maxDepth:10 
iterations:56253720  skipped: 10 
Depth skipped: 
0 0 10 0 0 0 0 0 0 0 0 0 0 0 0 0 0 0 0 0 0 0 0 0 0 0 0 0 0 0 0 0 

running time: 5100 sec
 depth:7
 0  1  2  3  4  5  6  7  8  9  a  b  c  d  e  f 10 11 12 13 14 15 16 17 18 19 1a 1b 1c 1d 1e 1f 20 21 22 23 24 25 26 27 28 29 2a 2b 2c 2d 2e 2f 30 31 32 33 34 35 36 37 38 39 3a 3b 3c 3d 3e 3f 40 41 42 43 44 45 46 47 48 49 4a 4b 4c 4d 4e 4f 50 51 52 53 54 55 56 57 58 59 5a 5b 5c 5d 5e 5f 60 61 62 63 64 65 66 67 68 69 6a 6b 6c 6d 6e 6f 70 71 72 73 74 75 76 77 78 79 7a 7b 7c 7d 7e 7f 80 81 82 83 84 85 86 87 88 89 8a 8b 8c 8d 8e 8f 90 91 92 93 94 95 96 97 98 99 9a 9b 9c 9d 9e 9f a0 a1 a2 a3 a4 a5 a6 a7 a8 a9 aa ab ac ad ae af b0 b1 b2 b3 b4 b5 b6 b7 b8 b9 ba bb bc bd be bf c0 c1 c2 c3 c4 c5 c6 c7 c8 c9 ca cb cc cd ce cf d0 d1 d2 d3 d4 d5 d6 d7 d8 d9 da db dc dd de df e0 e1 e2 e3 e4 e5 e6 e7 e8 e9 ea eb ec ed ee ef f0 f1 f2 f3 f4 f5 f6 f7 f8 f9 fa fb fc fd fe ff 
 0  1  2 16  4 47 2c fa  8 a7 8e 27 58 72 23 15 10 -- 99 17 cb 1a 4e -- b0 74 e4 -- 46 -- 2a -- 20 -- -- -- e5 -- 2e 4f 41 -- 34 -- 9c -- -- ca b7 -- e8 -- 1f -- -- -- 8c d7 -- -- 54 c2 -- 4c 40 db -- -- -- -- -- -- 1d -- -- ed 5c f7 9e 64 82 -- -- -- 68 -- -- -- ef 12 -- -- -- 48 43 -- b9 -- -- --  7 -- -- 62 3e 77 -- 38 -- -- -- -- cf -- 79 be -- -- -- -- a8 71 53 -- -- -- 98 -- 80 -- 61 26 -- -- -- -- -- -- -- 65 -- -- -- cc 3a -- -- -- -- e0  d -- b8 f8 39 e1 eb  b c8 7d d3 -- -- -- -- 5f -- -- d0 1c -- -- -- -- -- 31  9 -- 24 -- -- -- -- -- -- 9d 90 32 86 -- -- -- a5 19 -- -- -- -- -- --  e -- -- f3 -- -- c4 -- 7c 9b ee d5 -- -- 70 -- -- d9 -- 66 -- 13 -- -- 49 -- -- -- f2 -- ab -- -- -- -- -- -- -- -- -- 87 33 e2 -- a6 81 -- -- -- 92 -- -- e7 -- -- -- 

solutions so far:0 maxDepth:10 
iterations:61776823  skipped: 11 
Depth skipped: 
0 0 11 0 0 0 0 0 0 0 0 0 0 0 0 0 0 0 0 0 0 0 0 0 0 0 0 0 0 0 0 0 

running time: 5400 sec
 depth:6
 0  1  2  3  4  5  6  7  8  9  a  b  c  d  e  f 10 11 12 13 14 15 16 17 18 19 1a 1b 1c 1d 1e 1f 20 21 22 23 24 25 26 27 28 29 2a 2b 2c 2d 2e 2f 30 31 32 33 34 35 36 37 38 39 3a 3b 3c 3d 3e 3f 40 41 42 43 44 45 46 47 48 49 4a 4b 4c 4d 4e 4f 50 51 52 53 54 55 56 57 58 59 5a 5b 5c 5d 5e 5f 60 61 62 63 64 65 66 67 68 69 6a 6b 6c 6d 6e 6f 70 71 72 73 74 75 76 77 78 79 7a 7b 7c 7d 7e 7f 80 81 82 83 84 85 86 87 88 89 8a 8b 8c 8d 8e 8f 90 91 92 93 94 95 96 97 98 99 9a 9b 9c 9d 9e 9f a0 a1 a2 a3 a4 a5 a6 a7 a8 a9 aa ab ac ad ae af b0 b1 b2 b3 b4 b5 b6 b7 b8 b9 ba bb bc bd be bf c0 c1 c2 c3 c4 c5 c6 c7 c8 c9 ca cb cc cd ce cf d0 d1 d2 d3 d4 d5 d6 d7 d8 d9 da db dc dd de df e0 e1 e2 e3 e4 e5 e6 e7 e8 e9 ea eb ec ed ee ef f0 f1 f2 f3 f4 f5 f6 f7 f8 f9 fa fb fc fd fe ff 
 0  1  2 16  4 39 2c 82  8 30 72 df 58 4b d3 -- 10 -- 60  3 e4 1a 69 -- b0 8b 96 -- 71 -- -- -- 20 -- -- -- c0 --  6 4f 1f -- 34 -- d2 -- -- -- b7 -- c1 -- fb -- -- -- e2 d7 -- -- -- -- -- ef 40 -- -- -- -- -- -- -- 57 -- -- ed  c 67 9e 90 3e -- -- -- 68 -- -- -- 73 1b -- -- -- 6c -- -- b9 -- -- -- 55 -- -- 19 21 77 -- d1 -- -- -- -- 13 -- 79 c8 -- -- -- -- -- f8 -- -- -- --  9 -- 80 -- -- 9c -- -- -- -- -- -- -- -- -- -- -- cc ae -- -- -- -- ea  d -- 18 84 ce -- eb  b f7 41 7c -- -- -- -- 64 -- -- d0 83 -- -- -- -- -- e7 e6 -- 36 -- -- -- -- -- -- 9d d8 48 -- -- -- -- a5 24 -- -- -- -- -- -- aa -- -- 98 -- -- 32 -- 42 -- ee cb -- -- 75 -- -- -- -- 66 -- 4e -- -- 26 -- -- -- f2 -- 47 -- -- -- -- -- -- -- -- -- -- 33 27 -- -- 8e -- -- -- 4c -- -- 12 -- -- -- 

solutions so far:0 maxDepth:10 
iterations:66951365  skipped: 11 
Depth skipped: 
0 0 11 0 0 0 0 0 0 0 0 0 0 0 0 0 0 0 0 0 0 0 0 0 0 0 0 0 0 0 0 0 

running time: 5700 sec
 depth:8
 0  1  2  3  4  5  6  7  8  9  a  b  c  d  e  f 10 11 12 13 14 15 16 17 18 19 1a 1b 1c 1d 1e 1f 20 21 22 23 24 25 26 27 28 29 2a 2b 2c 2d 2e 2f 30 31 32 33 34 35 36 37 38 39 3a 3b 3c 3d 3e 3f 40 41 42 43 44 45 46 47 48 49 4a 4b 4c 4d 4e 4f 50 51 52 53 54 55 56 57 58 59 5a 5b 5c 5d 5e 5f 60 61 62 63 64 65 66 67 68 69 6a 6b 6c 6d 6e 6f 70 71 72 73 74 75 76 77 78 79 7a 7b 7c 7d 7e 7f 80 81 82 83 84 85 86 87 88 89 8a 8b 8c 8d 8e 8f 90 91 92 93 94 95 96 97 98 99 9a 9b 9c 9d 9e 9f a0 a1 a2 a3 a4 a5 a6 a7 a8 a9 aa ab ac ad ae af b0 b1 b2 b3 b4 b5 b6 b7 b8 b9 ba bb bc bd be bf c0 c1 c2 c3 c4 c5 c6 c7 c8 c9 ca cb cc cd ce cf d0 d1 d2 d3 d4 d5 d6 d7 d8 d9 da db dc dd de df e0 e1 e2 e3 e4 e5 e6 e7 e8 e9 ea eb ec ed ee ef f0 f1 f2 f3 f4 f5 f6 f7 f8 f9 fa fb fc fd fe ff 
 0  1  2 16  4 28 2c 95  8 64 50 31 58 46 fd 3d 10 3a c8 98 a0 1a 62 -- b0 41 8c -- 2d -- 7a -- 20 -- 74 -- 47 99 e7 4f 97  e 34 -- c4 -- -- 5e b7 -- 82 -- cf -- -- -- 5a d7 -- -- f4 5d -- 52 40 89 -- -- e8 -- -- b8 8e -- e5 ed 19 fa 9e  a f9 -- 1c -- 68 -- -- -- 5f ab -- -- -- d5 bc -- b9 -- -- -- d3 -- -- 6d 49 77 -- 13 -- -- -- -- b4 70 79 c6 -- -- -- -- 3f 4a ba -- -- -- a4 -- 80 -- c5 29 -- -- -- --  7 -- -- 2f -- -- a7 cc cb -- -- -- 1d 4c  d -- 32 f3 23 f5 eb  b 14 a1 25 -- -- -- 38 63 -- -- d0 e2 -- -- -- -- -- dd be -- 81 -- -- -- -- -- -- 9d 7d  5 af -- -- 5c a5 e9 -- 2e -- -- -- -- 71 -- -- 85 -- -- da -- 92 91 ee bb -- -- 26 -- -- fc -- 66 -- ff -- -- bf -- e0 -- f2 -- 5b -- -- -- -- -- -- -- -- -- 7e 33 94 -- a3 b6 -- -- -- a9 -- -- 9f 17 -- -- 

solutions so far:0 maxDepth:10 
iterations:72304515  skipped: 11 
Depth skipped: 
0 0 11 0 0 0 0 0 0 0 0 0 0 0 0 0 0 0 0 0 0 0 0 0 0 0 0 0 0 0 0 0 

running time: 6000 sec
 depth:8
 0  1  2  3  4  5  6  7  8  9  a  b  c  d  e  f 10 11 12 13 14 15 16 17 18 19 1a 1b 1c 1d 1e 1f 20 21 22 23 24 25 26 27 28 29 2a 2b 2c 2d 2e 2f 30 31 32 33 34 35 36 37 38 39 3a 3b 3c 3d 3e 3f 40 41 42 43 44 45 46 47 48 49 4a 4b 4c 4d 4e 4f 50 51 52 53 54 55 56 57 58 59 5a 5b 5c 5d 5e 5f 60 61 62 63 64 65 66 67 68 69 6a 6b 6c 6d 6e 6f 70 71 72 73 74 75 76 77 78 79 7a 7b 7c 7d 7e 7f 80 81 82 83 84 85 86 87 88 89 8a 8b 8c 8d 8e 8f 90 91 92 93 94 95 96 97 98 99 9a 9b 9c 9d 9e 9f a0 a1 a2 a3 a4 a5 a6 a7 a8 a9 aa ab ac ad ae af b0 b1 b2 b3 b4 b5 b6 b7 b8 b9 ba bb bc bd be bf c0 c1 c2 c3 c4 c5 c6 c7 c8 c9 ca cb cc cd ce cf d0 d1 d2 d3 d4 d5 d6 d7 d8 d9 da db dc dd de df e0 e1 e2 e3 e4 e5 e6 e7 e8 e9 ea eb ec ed ee ef f0 f1 f2 f3 f4 f5 f6 f7 f8 f9 fa fb fc fd fe ff 
 0  1  2 16  4 1b 2c e7  8 a4 36 ea 58 c1 19 6b 10 dd 9f 94 6c 1a  3 -- b0 14 55 -- 32 -- d6 -- 20 -- 6d -- e9 bf ff 4f d8 c6 34 --  6 -- --  f b7 -- 28 -- aa -- -- -- 64 d7 -- -- 7b 37 -- 42 40 78 -- -- da -- -- 5a  5 -- a9 ed 29 ae 9e 73 67 -- 5b -- 68 -- -- --  c 30 -- -- -- c0 1e -- b9 -- -- -- 50 -- -- 82 83 77 -- f9 -- -- -- -- c8 bb 79 e2 -- -- -- -- f6 4b 6e -- -- -- 84 -- 80 -- f0 21 -- -- -- -- 63 -- -- ec -- -- b4 cc  a -- -- -- 85 4a  d -- 52 75 8b de eb  b e6 98 ce -- -- -- b6 71 -- -- d0 97 -- -- -- -- -- 41 18 -- 60 -- -- -- -- -- -- 9d 57 d2 3c -- -- 2d a5 69 -- fd -- -- -- -- a0 -- -- cb -- -- d3 -- d1 6f ee 4c -- -- 25 -- -- 76 -- 66 -- fb -- -- 47 -- a1 -- f2 -- 13 -- -- -- -- -- -- -- -- -- 3b 33 96 -- dc 26 -- -- -- 8e -- -- df 95 -- -- 

solutions so far:0 maxDepth:10 
iterations:77772839  skipped: 11 
Depth skipped: 
0 0 11 0 0 0 0 0 0 0 0 0 0 0 0 0 0 0 0 0 0 0 0 0 0 0 0 0 0 0 0 0 

running time: 6300 sec
 depth:6
 0  1  2  3  4  5  6  7  8  9  a  b  c  d  e  f 10 11 12 13 14 15 16 17 18 19 1a 1b 1c 1d 1e 1f 20 21 22 23 24 25 26 27 28 29 2a 2b 2c 2d 2e 2f 30 31 32 33 34 35 36 37 38 39 3a 3b 3c 3d 3e 3f 40 41 42 43 44 45 46 47 48 49 4a 4b 4c 4d 4e 4f 50 51 52 53 54 55 56 57 58 59 5a 5b 5c 5d 5e 5f 60 61 62 63 64 65 66 67 68 69 6a 6b 6c 6d 6e 6f 70 71 72 73 74 75 76 77 78 79 7a 7b 7c 7d 7e 7f 80 81 82 83 84 85 86 87 88 89 8a 8b 8c 8d 8e 8f 90 91 92 93 94 95 96 97 98 99 9a 9b 9c 9d 9e 9f a0 a1 a2 a3 a4 a5 a6 a7 a8 a9 aa ab ac ad ae af b0 b1 b2 b3 b4 b5 b6 b7 b8 b9 ba bb bc bd be bf c0 c1 c2 c3 c4 c5 c6 c7 c8 c9 ca cb cc cd ce cf d0 d1 d2 d3 d4 d5 d6 d7 d8 d9 da db dc dd de df e0 e1 e2 e3 e4 e5 e6 e7 e8 e9 ea eb ec ed ee ef f0 f1 f2 f3 f4 f5 f6 f7 f8 f9 fa fb fc fd fe ff 
 0  1  2 16  4  7 2c c8  8 a3  e 55 58 60 47 -- 10 -- 91 89 1c 1a aa -- b0 f4 c0 -- 8e -- -- -- 20 -- -- -- f5 -- c5 4f 38 -- 34 -- 83 -- -- -- b7 -- 3f -- 57 -- -- -- cb d7 -- -- -- -- -- a7 40 -- -- -- -- -- -- -- 3d -- -- ed 5d 18 9e 74 70 -- -- -- 68 -- -- -- d1 ea -- -- --  6 -- -- b9 -- -- -- 7e -- -- 13 ae 77 -- 5e -- -- -- -- 41 -- 79 98 -- -- -- -- -- 17 -- -- -- -- 99 -- 80 -- -- b8 -- -- -- -- -- -- -- -- -- -- -- cc 7a -- -- -- -- af  d -- ba c1 30 -- eb  b e8 64 e0 -- -- -- -- 4c -- -- d0 2f -- -- -- -- -- e2 75 --  3 -- -- -- -- -- -- 9d  c 3a -- -- -- -- a5 1d -- -- -- -- -- -- fc -- -- 71 -- -- 26 -- 8b -- ee 32 -- -- bc -- -- -- -- 66 -- 5c -- -- 82 -- -- -- f2 -- e7 -- -- -- -- -- -- -- -- -- -- 33 2e -- -- 19 -- -- -- d3 -- -- e5 -- -- -- 

solutions so far:0 maxDepth:10 
iterations:83551126  skipped: 11 
Depth skipped: 
0 0 11 0 0 0 0 0 0 0 0 0 0 0 0 0 0 0 0 0 0 0 0 0 0 0 0 0 0 0 0 0 

running time: 6600 sec

Finished. Total running time: 6645 sec
