Search S-boxes invariant for matrices: 
{0x00,0x02,0x04,0x06,0x08,0x0a,0x0c,0x0e,0x10,0x12,0x14,0x16,0x18,0x1a,0x1c,0x1e,0x20,0x22,0x24,0x26,0x28,0x2a,0x2c,0x2e,0x30,0x32,0x34,0x36,0x38,0x3a,0x3c,0x3e,0x40,0x42,0x44,0x46,0x48,0x4a,0x4c,0x4e,0x50,0x52,0x54,0x56,0x58,0x5a,0x5c,0x5e,0x60,0x62,0x64,0x66,0x68,0x6a,0x6c,0x6e,0x70,0x72,0x74,0x76,0x78,0x7a,0x7c,0x7e,0x80,0x82,0x84,0x86,0x88,0x8a,0x8c,0x8e,0x90,0x92,0x94,0x96,0x98,0x9a,0x9c,0x9e,0xa0,0xa2,0xa4,0xa6,0xa8,0xaa,0xac,0xae,0xb0,0xb2,0xb4,0xb6,0xb8,0xba,0xbc,0xbe,0xc0,0xc2,0xc4,0xc6,0xc8,0xca,0xcc,0xce,0xd0,0xd2,0xd4,0xd6,0xd8,0xda,0xdc,0xde,0xe0,0xe2,0xe4,0xe6,0xe8,0xea,0xec,0xee,0xf0,0xf2,0xf4,0xf6,0xf8,0xfa,0xfc,0xfe,0x39,0x3b,0x3d,0x3f,0x31,0x33,0x35,0x37,0x29,0x2b,0x2d,0x2f,0x21,0x23,0x25,0x27,0x19,0x1b,0x1d,0x1f,0x11,0x13,0x15,0x17,0x09,0x0b,0x0d,0x0f,0x01,0x03,0x05,0x07,0x79,0x7b,0x7d,0x7f,0x71,0x73,0x75,0x77,0x69,0x6b,0x6d,0x6f,0x61,0x63,0x65,0x67,0x59,0x5b,0x5d,0x5f,0x51,0x53,0x55,0x57,0x49,0x4b,0x4d,0x4f,0x41,0x43,0x45,0x47,0xb9,0xbb,0xbd,0xbf,0xb1,0xb3,0xb5,0xb7,0xa9,0xab,0xad,0xaf,0xa1,0xa3,0xa5,0xa7,0x99,0x9b,0x9d,0x9f,0x91,0x93,0x95,0x97,0x89,0x8b,0x8d,0x8f,0x81,0x83,0x85,0x87,0xf9,0xfb,0xfd,0xff,0xf1,0xf3,0xf5,0xf7,0xe9,0xeb,0xed,0xef,0xe1,0xe3,0xe5,0xe7,0xd9,0xdb,0xdd,0xdf,0xd1,0xd3,0xd5,0xd7,0xc9,0xcb,0xcd,0xcf,0xc1,0xc3,0xc5,0xc7};
{0x00,0x02,0x04,0x06,0x08,0x0a,0x0c,0x0e,0x10,0x12,0x14,0x16,0x18,0x1a,0x1c,0x1e,0x20,0x22,0x24,0x26,0x28,0x2a,0x2c,0x2e,0x30,0x32,0x34,0x36,0x38,0x3a,0x3c,0x3e,0x40,0x42,0x44,0x46,0x48,0x4a,0x4c,0x4e,0x50,0x52,0x54,0x56,0x58,0x5a,0x5c,0x5e,0x60,0x62,0x64,0x66,0x68,0x6a,0x6c,0x6e,0x70,0x72,0x74,0x76,0x78,0x7a,0x7c,0x7e,0x80,0x82,0x84,0x86,0x88,0x8a,0x8c,0x8e,0x90,0x92,0x94,0x96,0x98,0x9a,0x9c,0x9e,0xa0,0xa2,0xa4,0xa6,0xa8,0xaa,0xac,0xae,0xb0,0xb2,0xb4,0xb6,0xb8,0xba,0xbc,0xbe,0xc0,0xc2,0xc4,0xc6,0xc8,0xca,0xcc,0xce,0xd0,0xd2,0xd4,0xd6,0xd8,0xda,0xdc,0xde,0xe0,0xe2,0xe4,0xe6,0xe8,0xea,0xec,0xee,0xf0,0xf2,0xf4,0xf6,0xf8,0xfa,0xfc,0xfe,0xd7,0xd5,0xd3,0xd1,0xdf,0xdd,0xdb,0xd9,0xc7,0xc5,0xc3,0xc1,0xcf,0xcd,0xcb,0xc9,0xf7,0xf5,0xf3,0xf1,0xff,0xfd,0xfb,0xf9,0xe7,0xe5,0xe3,0xe1,0xef,0xed,0xeb,0xe9,0x97,0x95,0x93,0x91,0x9f,0x9d,0x9b,0x99,0x87,0x85,0x83,0x81,0x8f,0x8d,0x8b,0x89,0xb7,0xb5,0xb3,0xb1,0xbf,0xbd,0xbb,0xb9,0xa7,0xa5,0xa3,0xa1,0xaf,0xad,0xab,0xa9,0x57,0x55,0x53,0x51,0x5f,0x5d,0x5b,0x59,0x47,0x45,0x43,0x41,0x4f,0x4d,0x4b,0x49,0x77,0x75,0x73,0x71,0x7f,0x7d,0x7b,0x79,0x67,0x65,0x63,0x61,0x6f,0x6d,0x6b,0x69,0x17,0x15,0x13,0x11,0x1f,0x1d,0x1b,0x19,0x07,0x05,0x03,0x01,0x0f,0x0d,0x0b,0x09,0x37,0x35,0x33,0x31,0x3f,0x3d,0x3b,0x39,0x27,0x25,0x23,0x21,0x2f,0x2d,0x2b,0x29};



 depth:7
 0  1  2  3  4  5  6  7  8  9  a  b  c  d  e  f 10 11 12 13 14 15 16 17 18 19 1a 1b 1c 1d 1e 1f 20 21 22 23 24 25 26 27 28 29 2a 2b 2c 2d 2e 2f 30 31 32 33 34 35 36 37 38 39 3a 3b 3c 3d 3e 3f 40 41 42 43 44 45 46 47 48 49 4a 4b 4c 4d 4e 4f 50 51 52 53 54 55 56 57 58 59 5a 5b 5c 5d 5e 5f 60 61 62 63 64 65 66 67 68 69 6a 6b 6c 6d 6e 6f 70 71 72 73 74 75 76 77 78 79 7a 7b 7c 7d 7e 7f 80 81 82 83 84 85 86 87 88 89 8a 8b 8c 8d 8e 8f 90 91 92 93 94 95 96 97 98 99 9a 9b 9c 9d 9e 9f a0 a1 a2 a3 a4 a5 a6 a7 a8 a9 aa ab ac ad ae af b0 b1 b2 b3 b4 b5 b6 b7 b8 b9 ba bb bc bd be bf c0 c1 c2 c3 c4 c5 c6 c7 c8 c9 ca cb cc cd ce cf d0 d1 d2 d3 d4 d5 d6 d7 d8 d9 da db dc dd de df e0 e1 e2 e3 e4 e5 e6 e7 e8 e9 ea eb ec ed ee ef f0 f1 f2 f3 f4 f5 f6 f7 f8 f9 fa fb fc fd fe ff 
 0  1  2 e2  4 b6 13 94  8 3b bb c4 26 cf ff 34 10 -- 76 6b a1 47 5f -- 4c 3c 49 -- 29 -- 68 -- 20 -- -- -- ec -- d6 4f 95 -- 8e -- be -- -- 2c 98 -- 78 -- 92 -- -- -- 52 d7 -- -- d0 a5 -- 85 40 b7 -- -- -- -- -- --  f -- -- 64 7b 46 9e c6 fd -- -- -- cb -- -- -- ab d5 -- -- -- fa 58 -- e7 -- -- -- f0 -- -- 14 f3 82 -- dc -- -- -- -- a4 -- 79 a0 -- -- -- -- 77 5a 9d -- -- -- dd -- 80 -- b9 a9 -- -- -- -- -- -- -- 16 -- -- -- cc 1e -- -- -- -- de c8 -- f6 62 8c 1a eb 71 5b 4a 2d -- -- -- -- 50 -- -- 41 6e -- -- -- -- --  a 81 -- 7d -- -- -- -- -- -- 32 23 63 b0 -- -- -- 19 da -- -- -- -- -- -- 37 -- --  5 -- -- 28 -- 31  d d3 25 -- -- 6f -- --  b -- 66 -- bf -- -- 9f -- -- -- f2 -- 97 -- -- -- -- -- -- -- -- -- ee 33 b4 -- ed f9 -- -- -- e9 -- -- 6d -- -- -- 

solutions so far:0 maxDepth:9 
iterations:2375055  skipped: 48 
Depth skipped: 
0 0 48 0 0 0 0 0 0 0 0 0 0 0 0 0 0 0 0 0 0 0 0 0 0 0 0 0 0 0 0 0 

running time: 300 sec
 depth:7
 0  1  2  3  4  5  6  7  8  9  a  b  c  d  e  f 10 11 12 13 14 15 16 17 18 19 1a 1b 1c 1d 1e 1f 20 21 22 23 24 25 26 27 28 29 2a 2b 2c 2d 2e 2f 30 31 32 33 34 35 36 37 38 39 3a 3b 3c 3d 3e 3f 40 41 42 43 44 45 46 47 48 49 4a 4b 4c 4d 4e 4f 50 51 52 53 54 55 56 57 58 59 5a 5b 5c 5d 5e 5f 60 61 62 63 64 65 66 67 68 69 6a 6b 6c 6d 6e 6f 70 71 72 73 74 75 76 77 78 79 7a 7b 7c 7d 7e 7f 80 81 82 83 84 85 86 87 88 89 8a 8b 8c 8d 8e 8f 90 91 92 93 94 95 96 97 98 99 9a 9b 9c 9d 9e 9f a0 a1 a2 a3 a4 a5 a6 a7 a8 a9 aa ab ac ad ae af b0 b1 b2 b3 b4 b5 b6 b7 b8 b9 ba bb bc bd be bf c0 c1 c2 c3 c4 c5 c6 c7 c8 c9 ca cb cc cd ce cf d0 d1 d2 d3 d4 d5 d6 d7 d8 d9 da db dc dd de df e0 e1 e2 e3 e4 e5 e6 e7 e8 e9 ea eb ec ed ee ef f0 f1 f2 f3 f4 f5 f6 f7 f8 f9 fa fb fc fd fe ff 
 0  1  2 e2  4 72 13 7e  8 8a e4 84 26 ce fc 44 10 -- c3 ac 1f 47 df -- 4c f1 4b -- 2f -- 88 -- 20 -- -- -- 51 -- 8f 4f 3e -- 8e -- 69 -- -- b5 98 -- 35 -- 96 -- -- -- 5e d7 -- -- c7 4d --  9 40 8d -- -- -- -- -- -- a2 -- -- 64 c9 d8 9e f7 7c -- -- -- cb -- -- -- d2 e6 -- -- -- 36 bd -- e7 -- -- -- 6a -- -- ba fb 82 -- fe -- -- -- -- bc -- 79 f5 -- -- -- -- 59 27 9a -- -- -- 12 -- 80 -- cd ef -- -- -- -- -- -- -- b1 -- -- -- cc 93 -- -- -- -- 56 c8 -- 45 42 67 22 eb 71 39 3f f8 -- -- -- -- 91 -- -- 41 7f -- -- -- -- -- 5d 73 -- 1b -- -- -- -- -- -- 32 6c 90 ad -- -- -- 19 48 -- -- -- -- -- -- d4 -- -- c5 -- -- a3 -- 21 11 d3 f4 -- -- 2b -- -- b3 -- 66 -- 9c -- -- af -- -- -- f2 -- 3d -- -- -- -- -- -- -- -- -- b2 33 4e -- e3 7a -- -- -- 89 -- -- 24 -- -- -- 

solutions so far:0 maxDepth:9 
iterations:4680122  skipped: 98 
Depth skipped: 
0 0 98 0 0 0 0 0 0 0 0 0 0 0 0 0 0 0 0 0 0 0 0 0 0 0 0 0 0 0 0 0 

running time: 600 sec
 depth:7
 0  1  2  3  4  5  6  7  8  9  a  b  c  d  e  f 10 11 12 13 14 15 16 17 18 19 1a 1b 1c 1d 1e 1f 20 21 22 23 24 25 26 27 28 29 2a 2b 2c 2d 2e 2f 30 31 32 33 34 35 36 37 38 39 3a 3b 3c 3d 3e 3f 40 41 42 43 44 45 46 47 48 49 4a 4b 4c 4d 4e 4f 50 51 52 53 54 55 56 57 58 59 5a 5b 5c 5d 5e 5f 60 61 62 63 64 65 66 67 68 69 6a 6b 6c 6d 6e 6f 70 71 72 73 74 75 76 77 78 79 7a 7b 7c 7d 7e 7f 80 81 82 83 84 85 86 87 88 89 8a 8b 8c 8d 8e 8f 90 91 92 93 94 95 96 97 98 99 9a 9b 9c 9d 9e 9f a0 a1 a2 a3 a4 a5 a6 a7 a8 a9 aa ab ac ad ae af b0 b1 b2 b3 b4 b5 b6 b7 b8 b9 ba bb bc bd be bf c0 c1 c2 c3 c4 c5 c6 c7 c8 c9 ca cb cc cd ce cf d0 d1 d2 d3 d4 d5 d6 d7 d8 d9 da db dc dd de df e0 e1 e2 e3 e4 e5 e6 e7 e8 e9 ea eb ec ed ee ef f0 f1 f2 f3 f4 f5 f6 f7 f8 f9 fa fb fc fd fe ff 
 0  1  2 e2  4 3e 13 1d  8 1a 7c 95 26 63 3a 1b 10 -- 34 a5 f8 47 fd -- 4c ee c6 -- 74 -- 36 -- 20 -- -- -- 68 -- 9d 4f 27 -- 8e -- 2d -- -- 96 98 --  b -- 5b -- -- -- e8 d7 -- -- 6c df -- 48 40 42 -- -- -- -- -- -- d0 -- -- 64 ed 6d 9e e4 4e -- -- -- cb -- -- -- 5a bf -- -- -- 85 fb -- e7 -- -- -- 16 -- -- e0 b6 82 -- b0 -- -- -- --  7 -- 79 5c -- -- -- -- d8 ef 69 -- -- -- 90 -- 80 -- 84 24 -- -- -- -- -- -- -- 4b -- -- -- cc 77 -- -- -- -- b9 c8 --  d a1 da e6 eb 71 1f e5 9c -- -- -- -- 2e -- -- 41 58 -- -- -- -- -- 70 b4 -- a9 -- -- -- -- -- -- 32 dd 72 21 -- -- -- 19 39 -- -- -- -- -- -- 2c -- -- 38 -- -- 17 -- bb 73 d3 99 -- -- b7 -- -- ce -- 66 -- 12 -- --  e -- -- -- f2 -- b8 -- -- -- -- -- -- -- -- -- 67 33  9 -- d2 a7 -- -- -- 1c -- -- f7 -- -- -- 

solutions so far:0 maxDepth:9 
iterations:7089287  skipped: 128 
Depth skipped: 
0 0 128 0 0 0 0 0 0 0 0 0 0 0 0 0 0 0 0 0 0 0 0 0 0 0 0 0 0 0 0 0 

running time: 900 sec
 depth:7
 0  1  2  3  4  5  6  7  8  9  a  b  c  d  e  f 10 11 12 13 14 15 16 17 18 19 1a 1b 1c 1d 1e 1f 20 21 22 23 24 25 26 27 28 29 2a 2b 2c 2d 2e 2f 30 31 32 33 34 35 36 37 38 39 3a 3b 3c 3d 3e 3f 40 41 42 43 44 45 46 47 48 49 4a 4b 4c 4d 4e 4f 50 51 52 53 54 55 56 57 58 59 5a 5b 5c 5d 5e 5f 60 61 62 63 64 65 66 67 68 69 6a 6b 6c 6d 6e 6f 70 71 72 73 74 75 76 77 78 79 7a 7b 7c 7d 7e 7f 80 81 82 83 84 85 86 87 88 89 8a 8b 8c 8d 8e 8f 90 91 92 93 94 95 96 97 98 99 9a 9b 9c 9d 9e 9f a0 a1 a2 a3 a4 a5 a6 a7 a8 a9 aa ab ac ad ae af b0 b1 b2 b3 b4 b5 b6 b7 b8 b9 ba bb bc bd be bf c0 c1 c2 c3 c4 c5 c6 c7 c8 c9 ca cb cc cd ce cf d0 d1 d2 d3 d4 d5 d6 d7 d8 d9 da db dc dd de df e0 e1 e2 e3 e4 e5 e6 e7 e8 e9 ea eb ec ed ee ef f0 f1 f2 f3 f4 f5 f6 f7 f8 f9 fa fb fc fd fe ff 
 0  1  2 e2  4  b 13 b6  8 78 16 1c 26 1d bb 31 10 -- f0 ec 2c 47 38 -- 4c 6f 3a -- a1 -- 62 -- 20 -- -- -- 37 --  f 4f 58 -- 8e -- 70 -- -- d5 98 -- de -- 74 -- -- -- 95 d7 -- -- c4 8c --  d 40 23 -- -- -- -- -- -- 6e -- -- 64 1e 99 9e 77 b0 -- -- -- cb -- -- -- e0 2e -- -- -- b8 7d -- e7 -- -- -- 6b -- -- a9 e8 82 -- f6 -- -- -- -- fd -- 79 6d -- -- -- -- 5f b9 cf -- -- -- 1a -- 80 -- 46 ed -- -- -- -- -- -- -- 81 -- -- -- cc dc -- -- -- -- 76 c8 -- 3c  e e5 f3 eb 71 ee 5b b7 -- -- -- -- dd -- -- 41 7b -- -- -- -- -- bf 17 -- 5c -- -- -- -- -- -- 32 a7 d0 fa -- -- -- 19 68 -- -- -- -- -- -- d6 -- -- b4 -- -- 85 --  7 92 d3 c6 -- -- 3b -- -- ab -- 66 -- 9d -- -- 2d -- -- -- f2 -- da -- -- -- -- -- -- -- -- -- be 33 a5 -- 49 63 -- -- -- 5a -- -- 34 -- -- -- 

solutions so far:0 maxDepth:9 
iterations:9002007  skipped: 162 
Depth skipped: 
0 0 162 0 0 0 0 0 0 0 0 0 0 0 0 0 0 0 0 0 0 0 0 0 0 0 0 0 0 0 0 0 

running time: 1200 sec

Finished. Total running time: 1236 sec
