Search S-boxes invariant for matrices: 
{0x00,0x02,0x04,0x06,0x08,0x0a,0x0c,0x0e,0x10,0x12,0x14,0x16,0x18,0x1a,0x1c,0x1e,0x20,0x22,0x24,0x26,0x28,0x2a,0x2c,0x2e,0x30,0x32,0x34,0x36,0x38,0x3a,0x3c,0x3e,0x40,0x42,0x44,0x46,0x48,0x4a,0x4c,0x4e,0x50,0x52,0x54,0x56,0x58,0x5a,0x5c,0x5e,0x60,0x62,0x64,0x66,0x68,0x6a,0x6c,0x6e,0x70,0x72,0x74,0x76,0x78,0x7a,0x7c,0x7e,0x80,0x82,0x84,0x86,0x88,0x8a,0x8c,0x8e,0x90,0x92,0x94,0x96,0x98,0x9a,0x9c,0x9e,0xa0,0xa2,0xa4,0xa6,0xa8,0xaa,0xac,0xae,0xb0,0xb2,0xb4,0xb6,0xb8,0xba,0xbc,0xbe,0xc0,0xc2,0xc4,0xc6,0xc8,0xca,0xcc,0xce,0xd0,0xd2,0xd4,0xd6,0xd8,0xda,0xdc,0xde,0xe0,0xe2,0xe4,0xe6,0xe8,0xea,0xec,0xee,0xf0,0xf2,0xf4,0xf6,0xf8,0xfa,0xfc,0xfe,0x39,0x3b,0x3d,0x3f,0x31,0x33,0x35,0x37,0x29,0x2b,0x2d,0x2f,0x21,0x23,0x25,0x27,0x19,0x1b,0x1d,0x1f,0x11,0x13,0x15,0x17,0x09,0x0b,0x0d,0x0f,0x01,0x03,0x05,0x07,0x79,0x7b,0x7d,0x7f,0x71,0x73,0x75,0x77,0x69,0x6b,0x6d,0x6f,0x61,0x63,0x65,0x67,0x59,0x5b,0x5d,0x5f,0x51,0x53,0x55,0x57,0x49,0x4b,0x4d,0x4f,0x41,0x43,0x45,0x47,0xb9,0xbb,0xbd,0xbf,0xb1,0xb3,0xb5,0xb7,0xa9,0xab,0xad,0xaf,0xa1,0xa3,0xa5,0xa7,0x99,0x9b,0x9d,0x9f,0x91,0x93,0x95,0x97,0x89,0x8b,0x8d,0x8f,0x81,0x83,0x85,0x87,0xf9,0xfb,0xfd,0xff,0xf1,0xf3,0xf5,0xf7,0xe9,0xeb,0xed,0xef,0xe1,0xe3,0xe5,0xe7,0xd9,0xdb,0xdd,0xdf,0xd1,0xd3,0xd5,0xd7,0xc9,0xcb,0xcd,0xcf,0xc1,0xc3,0xc5,0xc7};
{0x00,0x02,0x04,0x06,0x08,0x0a,0x0c,0x0e,0x10,0x12,0x14,0x16,0x18,0x1a,0x1c,0x1e,0x20,0x22,0x24,0x26,0x28,0x2a,0x2c,0x2e,0x30,0x32,0x34,0x36,0x38,0x3a,0x3c,0x3e,0x40,0x42,0x44,0x46,0x48,0x4a,0x4c,0x4e,0x50,0x52,0x54,0x56,0x58,0x5a,0x5c,0x5e,0x60,0x62,0x64,0x66,0x68,0x6a,0x6c,0x6e,0x70,0x72,0x74,0x76,0x78,0x7a,0x7c,0x7e,0x80,0x82,0x84,0x86,0x88,0x8a,0x8c,0x8e,0x90,0x92,0x94,0x96,0x98,0x9a,0x9c,0x9e,0xa0,0xa2,0xa4,0xa6,0xa8,0xaa,0xac,0xae,0xb0,0xb2,0xb4,0xb6,0xb8,0xba,0xbc,0xbe,0xc0,0xc2,0xc4,0xc6,0xc8,0xca,0xcc,0xce,0xd0,0xd2,0xd4,0xd6,0xd8,0xda,0xdc,0xde,0xe0,0xe2,0xe4,0xe6,0xe8,0xea,0xec,0xee,0xf0,0xf2,0xf4,0xf6,0xf8,0xfa,0xfc,0xfe,0xd7,0xd5,0xd3,0xd1,0xdf,0xdd,0xdb,0xd9,0xc7,0xc5,0xc3,0xc1,0xcf,0xcd,0xcb,0xc9,0xf7,0xf5,0xf3,0xf1,0xff,0xfd,0xfb,0xf9,0xe7,0xe5,0xe3,0xe1,0xef,0xed,0xeb,0xe9,0x97,0x95,0x93,0x91,0x9f,0x9d,0x9b,0x99,0x87,0x85,0x83,0x81,0x8f,0x8d,0x8b,0x89,0xb7,0xb5,0xb3,0xb1,0xbf,0xbd,0xbb,0xb9,0xa7,0xa5,0xa3,0xa1,0xaf,0xad,0xab,0xa9,0x57,0x55,0x53,0x51,0x5f,0x5d,0x5b,0x59,0x47,0x45,0x43,0x41,0x4f,0x4d,0x4b,0x49,0x77,0x75,0x73,0x71,0x7f,0x7d,0x7b,0x79,0x67,0x65,0x63,0x61,0x6f,0x6d,0x6b,0x69,0x17,0x15,0x13,0x11,0x1f,0x1d,0x1b,0x19,0x07,0x05,0x03,0x01,0x0f,0x0d,0x0b,0x09,0x37,0x35,0x33,0x31,0x3f,0x3d,0x3b,0x39,0x27,0x25,0x23,0x21,0x2f,0x2d,0x2b,0x29};



 depth:7
 0  1  2  3  4  5  6  7  8  9  a  b  c  d  e  f 10 11 12 13 14 15 16 17 18 19 1a 1b 1c 1d 1e 1f 20 21 22 23 24 25 26 27 28 29 2a 2b 2c 2d 2e 2f 30 31 32 33 34 35 36 37 38 39 3a 3b 3c 3d 3e 3f 40 41 42 43 44 45 46 47 48 49 4a 4b 4c 4d 4e 4f 50 51 52 53 54 55 56 57 58 59 5a 5b 5c 5d 5e 5f 60 61 62 63 64 65 66 67 68 69 6a 6b 6c 6d 6e 6f 70 71 72 73 74 75 76 77 78 79 7a 7b 7c 7d 7e 7f 80 81 82 83 84 85 86 87 88 89 8a 8b 8c 8d 8e 8f 90 91 92 93 94 95 96 97 98 99 9a 9b 9c 9d 9e 9f a0 a1 a2 a3 a4 a5 a6 a7 a8 a9 aa ab ac ad ae af b0 b1 b2 b3 b4 b5 b6 b7 b8 b9 ba bb bc bd be bf c0 c1 c2 c3 c4 c5 c6 c7 c8 c9 ca cb cc cd ce cf d0 d1 d2 d3 d4 d5 d6 d7 d8 d9 da db dc dd de df e0 e1 e2 e3 e4 e5 e6 e7 e8 e9 ea eb ec ed ee ef f0 f1 f2 f3 f4 f5 f6 f7 f8 f9 fa fb fc fd fe ff 
 0  1  2 1e  4 fa 3c 8f  8 a3 23  e 78 e5 c9 68 10 -- 91 89 46 d6 1c -- f0 f4 1d -- 45 -- d0 -- 20 -- -- -- f5 -- c5 4f 8c -- 7b -- 38 -- -- 58 37 -- 3f -- 3a -- -- -- 8a d7 -- -- 77 9d -- c4 40 b9 -- -- -- -- -- -- 3d -- -- de 5d a7 9e d5 cf -- -- -- f6 -- -- -- 70 17 -- -- -- 5c b0 -- 6e -- -- -- 7e -- -- 35 74 76 -- 5e -- -- -- -- c3 -- 79 7f -- -- -- -- ee 92 ed -- -- -- 5f -- 80 -- a5 62 -- -- -- -- -- -- -- 2c -- -- -- cc 7a -- -- -- -- af 6b -- ba  7 99 34 eb  f 7d ac 49 -- -- -- -- d4 -- -- 3b 2f -- -- -- -- -- f1 e0 -- 2e -- -- -- -- -- -- 6f b8 81 b7 -- -- -- dc ab -- -- -- -- -- -- fc -- -- 93 -- -- 6a -- e8 1a ec 56 -- -- bc -- -- 16 -- 66 -- 31 -- -- 51 -- -- -- f2 -- fe -- -- -- -- -- -- -- -- --  b 33 f3 --  d 2b -- -- -- a2 -- -- be -- -- -- 

solutions so far:0 maxDepth:9 
iterations:2214941  skipped: 1 
Depth skipped: 
0 0 1 0 0 0 0 0 0 0 0 0 0 0 0 0 0 0 0 0 0 0 0 0 0 0 0 0 0 0 0 0 

running time: 300 sec
 depth:6
 0  1  2  3  4  5  6  7  8  9  a  b  c  d  e  f 10 11 12 13 14 15 16 17 18 19 1a 1b 1c 1d 1e 1f 20 21 22 23 24 25 26 27 28 29 2a 2b 2c 2d 2e 2f 30 31 32 33 34 35 36 37 38 39 3a 3b 3c 3d 3e 3f 40 41 42 43 44 45 46 47 48 49 4a 4b 4c 4d 4e 4f 50 51 52 53 54 55 56 57 58 59 5a 5b 5c 5d 5e 5f 60 61 62 63 64 65 66 67 68 69 6a 6b 6c 6d 6e 6f 70 71 72 73 74 75 76 77 78 79 7a 7b 7c 7d 7e 7f 80 81 82 83 84 85 86 87 88 89 8a 8b 8c 8d 8e 8f 90 91 92 93 94 95 96 97 98 99 9a 9b 9c 9d 9e 9f a0 a1 a2 a3 a4 a5 a6 a7 a8 a9 aa ab ac ad ae af b0 b1 b2 b3 b4 b5 b6 b7 b8 b9 ba bb bc bd be bf c0 c1 c2 c3 c4 c5 c6 c7 c8 c9 ca cb cc cd ce cf d0 d1 d2 d3 d4 d5 d6 d7 d8 d9 da db dc dd de df e0 e1 e2 e3 e4 e5 e6 e7 e8 e9 ea eb ec ed ee ef f0 f1 f2 f3 f4 f5 f6 f7 f8 f9 fa fb fc fd fe ff 
 0  1  2 1e  4 f4 3c a9  8 c0 3f 28 78 a4 85 -- 10 -- 57  c 7e d6 50 -- f0 55 9f -- dd -- -- -- 20 -- -- -- ae -- 18 4f fc -- 7b -- a0 -- -- -- 37 -- aa -- e9 -- -- -- 6d d7 -- -- -- -- -- 5d 40 -- -- -- -- -- -- -- 8b -- -- de 30 29 9e 3d 2f -- -- -- f6 -- -- -- 97 25 -- -- -- 94 -- -- 6e -- -- -- 83 -- -- bb  5 76 -- ea -- -- -- -- da -- 79 fd -- -- -- -- -- bc -- -- -- -- ba -- 80 -- -- c5 -- -- -- -- -- -- -- -- -- -- -- cc c1 -- -- -- --  6 6b -- 60 14 52 -- eb  f 7a bf 5e -- -- -- -- 95 -- -- 3b 75 -- -- -- -- -- b6 f9 -- 4a -- -- -- -- -- -- 6f ff f5 -- -- -- -- dc 91 -- -- -- -- -- -- d1 -- -- 5b -- -- a1 --  a -- ec b4 -- --  3 -- -- -- -- 66 -- 89 -- -- 63 -- -- -- f2 -- 2d -- -- -- -- -- -- -- -- -- -- 33 af -- -- 5a -- -- -- c6 -- -- a3 -- -- -- 

solutions so far:0 maxDepth:9 
iterations:4246705  skipped: 1 
Depth skipped: 
0 0 1 0 0 0 0 0 0 0 0 0 0 0 0 0 0 0 0 0 0 0 0 0 0 0 0 0 0 0 0 0 

running time: 600 sec
 depth:7
 0  1  2  3  4  5  6  7  8  9  a  b  c  d  e  f 10 11 12 13 14 15 16 17 18 19 1a 1b 1c 1d 1e 1f 20 21 22 23 24 25 26 27 28 29 2a 2b 2c 2d 2e 2f 30 31 32 33 34 35 36 37 38 39 3a 3b 3c 3d 3e 3f 40 41 42 43 44 45 46 47 48 49 4a 4b 4c 4d 4e 4f 50 51 52 53 54 55 56 57 58 59 5a 5b 5c 5d 5e 5f 60 61 62 63 64 65 66 67 68 69 6a 6b 6c 6d 6e 6f 70 71 72 73 74 75 76 77 78 79 7a 7b 7c 7d 7e 7f 80 81 82 83 84 85 86 87 88 89 8a 8b 8c 8d 8e 8f 90 91 92 93 94 95 96 97 98 99 9a 9b 9c 9d 9e 9f a0 a1 a2 a3 a4 a5 a6 a7 a8 a9 aa ab ac ad ae af b0 b1 b2 b3 b4 b5 b6 b7 b8 b9 ba bb bc bd be bf c0 c1 c2 c3 c4 c5 c6 c7 c8 c9 ca cb cc cd ce cf d0 d1 d2 d3 d4 d5 d6 d7 d8 d9 da db dc dd de df e0 e1 e2 e3 e4 e5 e6 e7 e8 e9 ea eb ec ed ee ef f0 f1 f2 f3 f4 f5 f6 f7 f8 f9 fa fb fc fd fe ff 
 0  1  2 1e  4 ea 3c 31  8 11  3 9f 78 4a 62 8e 10 -- 22 cd  6 d6 e9 -- f0 59 94 -- c4 -- cb -- 20 -- -- -- 44 -- 4d 4f  c -- 7b --  5 -- -- 13 37 -- b2 -- ff -- -- -- 5f d7 -- -- 41 19 -- 8b 40 98 -- -- -- -- -- -- 88 -- -- de 9a f9 9e d1 18 -- -- -- f6 -- -- --  a 28 -- -- -- a0 26 -- 6e -- -- -- b3 -- -- fa 29 76 -- bd -- -- -- -- be -- 79 8c -- -- -- -- 82 60 32 -- -- -- c1 -- 80 -- e7 ae -- -- -- -- -- -- -- e2 -- -- -- cc c7 -- -- -- -- 8d 6b -- e3 a4 25 47 eb  f 75 f3 30 -- -- -- -- 46 -- -- 3b b5 -- -- -- -- -- 7d 14 -- 50 -- -- -- -- -- -- 6f 97 83 4c -- -- -- dc aa -- -- -- -- -- -- b1 -- -- d5 -- -- 23 -- 52 c8 ec 92 -- -- ad -- -- 71 -- 66 -- 57 -- -- ab -- -- -- f2 -- cf -- -- -- -- -- -- -- -- -- d3 33 c0 -- 64 49 -- -- -- 81 -- -- 55 -- -- -- 

solutions so far:0 maxDepth:10 
iterations:6878275  skipped: 2 
Depth skipped: 
0 0 2 0 0 0 0 0 0 0 0 0 0 0 0 0 0 0 0 0 0 0 0 0 0 0 0 0 0 0 0 0 

running time: 900 sec
 depth:8
 0  1  2  3  4  5  6  7  8  9  a  b  c  d  e  f 10 11 12 13 14 15 16 17 18 19 1a 1b 1c 1d 1e 1f 20 21 22 23 24 25 26 27 28 29 2a 2b 2c 2d 2e 2f 30 31 32 33 34 35 36 37 38 39 3a 3b 3c 3d 3e 3f 40 41 42 43 44 45 46 47 48 49 4a 4b 4c 4d 4e 4f 50 51 52 53 54 55 56 57 58 59 5a 5b 5c 5d 5e 5f 60 61 62 63 64 65 66 67 68 69 6a 6b 6c 6d 6e 6f 70 71 72 73 74 75 76 77 78 79 7a 7b 7c 7d 7e 7f 80 81 82 83 84 85 86 87 88 89 8a 8b 8c 8d 8e 8f 90 91 92 93 94 95 96 97 98 99 9a 9b 9c 9d 9e 9f a0 a1 a2 a3 a4 a5 a6 a7 a8 a9 aa ab ac ad ae af b0 b1 b2 b3 b4 b5 b6 b7 b8 b9 ba bb bc bd be bf c0 c1 c2 c3 c4 c5 c6 c7 c8 c9 ca cb cc cd ce cf d0 d1 d2 d3 d4 d5 d6 d7 d8 d9 da db dc dd de df e0 e1 e2 e3 e4 e5 e6 e7 e8 e9 ea eb ec ed ee ef f0 f1 f2 f3 f4 f5 f6 f7 f8 f9 fa fb fc fd fe ff 
 0  1  2 1e  4 e3 3c ce  8 48 11 2e 78  e 4b 54 10  d 90 ef 22 d6 5c -- f0 e4 1c -- 96 -- a8 -- 20 -- 1a -- f7 a5  9 4f 44 d0 7b -- b8 -- -- 86 37 -- 1f -- 38 -- -- -- fb d7 -- -- 87 a6 -- b5 40 c2 -- -- 34 -- -- b7 39 -- 9d de 12 e8 9e 4d 88 -- 77 -- f6 -- -- -- a7 e5 -- -- -- 3a db -- 6e -- -- -- 3e -- -- d2 70 76 -- 27 -- -- -- -- 21  b 79 1b -- -- -- -- d9 59 9b -- -- -- bd -- 80 -- 53 b1 -- -- -- -- 68 -- -- 43 -- -- b9 cc 72 -- -- -- ed 9c 6b -- 24 17  7 2a eb  f 9a 67 c7 -- -- -- ee e6 -- -- 3b f8 -- -- -- -- -- 69 99 -- 1d -- -- -- -- -- -- 6f 74 cd 61 -- -- b0 dc 8d -- 58 -- -- -- -- 7c -- -- df -- -- 73 -- e0 15 ec d8 -- -- 4e -- -- ca -- 66 -- b3 -- -- 42 -- 16 -- f2 -- 36 -- -- -- -- -- -- -- -- -- 65 33 b2 -- e1 6c -- -- -- 84 -- -- ad 2c -- -- 

solutions so far:0 maxDepth:10 
iterations:9161286  skipped: 3 
Depth skipped: 
0 0 3 0 0 0 0 0 0 0 0 0 0 0 0 0 0 0 0 0 0 0 0 0 0 0 0 0 0 0 0 0 

running time: 1200 sec
 depth:7
 0  1  2  3  4  5  6  7  8  9  a  b  c  d  e  f 10 11 12 13 14 15 16 17 18 19 1a 1b 1c 1d 1e 1f 20 21 22 23 24 25 26 27 28 29 2a 2b 2c 2d 2e 2f 30 31 32 33 34 35 36 37 38 39 3a 3b 3c 3d 3e 3f 40 41 42 43 44 45 46 47 48 49 4a 4b 4c 4d 4e 4f 50 51 52 53 54 55 56 57 58 59 5a 5b 5c 5d 5e 5f 60 61 62 63 64 65 66 67 68 69 6a 6b 6c 6d 6e 6f 70 71 72 73 74 75 76 77 78 79 7a 7b 7c 7d 7e 7f 80 81 82 83 84 85 86 87 88 89 8a 8b 8c 8d 8e 8f 90 91 92 93 94 95 96 97 98 99 9a 9b 9c 9d 9e 9f a0 a1 a2 a3 a4 a5 a6 a7 a8 a9 aa ab ac ad ae af b0 b1 b2 b3 b4 b5 b6 b7 b8 b9 ba bb bc bd be bf c0 c1 c2 c3 c4 c5 c6 c7 c8 c9 ca cb cc cd ce cf d0 d1 d2 d3 d4 d5 d6 d7 d8 d9 da db dc dd de df e0 e1 e2 e3 e4 e5 e6 e7 e8 e9 ea eb ec ed ee ef f0 f1 f2 f3 f4 f5 f6 f7 f8 f9 fa fb fc fd fe ff 
 0  1  2 1e  4 db 3c 5e  8 2e 61 b4 78 bb bc 32 10 -- 5c 38 c2 d6 bf -- f0 e5 a1 -- af -- 64 -- 20 -- -- -- b8 -- 70 4f 53 -- 7b -- a9 -- -- 82 37 -- 1d -- 95 -- -- -- 89 d7 -- -- c8 26 -- a8 40 e2 -- -- -- -- -- -- a7 -- -- de e0 5b 9e 43 a6 -- -- -- f6 -- -- -- 85 6d -- -- -- 63 d3 -- 6e -- -- -- 3a -- -- f5 fd 76 --  7 -- -- -- -- c5 -- 79 f4 -- -- -- -- 47 e1 4c -- -- -- 87 -- 80 -- 13 54 -- -- -- -- -- -- -- 41 -- -- -- cc 99 -- -- -- -- 1c 6b -- 17 5a b6 19 eb  f 86 2f 9b -- -- -- -- 7a -- -- 3b e8 -- -- -- -- -- 91 dd -- da -- -- -- -- -- -- 6f c6 ca 71 -- -- -- dc 65 -- -- -- -- -- -- 74 -- -- a3 -- -- 3d -- 2d e7 ec fc -- --  e -- -- cb -- 66 -- 2a -- -- 5d -- -- -- f2 -- 3f -- -- -- -- -- -- -- -- -- 8e 33 15 -- 98 7e -- -- -- ba -- -- d9 -- -- -- 

solutions so far:0 maxDepth:10 
iterations:11883872  skipped: 3 
Depth skipped: 
0 0 3 0 0 0 0 0 0 0 0 0 0 0 0 0 0 0 0 0 0 0 0 0 0 0 0 0 0 0 0 0 

running time: 1500 sec
 depth:7
 0  1  2  3  4  5  6  7  8  9  a  b  c  d  e  f 10 11 12 13 14 15 16 17 18 19 1a 1b 1c 1d 1e 1f 20 21 22 23 24 25 26 27 28 29 2a 2b 2c 2d 2e 2f 30 31 32 33 34 35 36 37 38 39 3a 3b 3c 3d 3e 3f 40 41 42 43 44 45 46 47 48 49 4a 4b 4c 4d 4e 4f 50 51 52 53 54 55 56 57 58 59 5a 5b 5c 5d 5e 5f 60 61 62 63 64 65 66 67 68 69 6a 6b 6c 6d 6e 6f 70 71 72 73 74 75 76 77 78 79 7a 7b 7c 7d 7e 7f 80 81 82 83 84 85 86 87 88 89 8a 8b 8c 8d 8e 8f 90 91 92 93 94 95 96 97 98 99 9a 9b 9c 9d 9e 9f a0 a1 a2 a3 a4 a5 a6 a7 a8 a9 aa ab ac ad ae af b0 b1 b2 b3 b4 b5 b6 b7 b8 b9 ba bb bc bd be bf c0 c1 c2 c3 c4 c5 c6 c7 c8 c9 ca cb cc cd ce cf d0 d1 d2 d3 d4 d5 d6 d7 d8 d9 da db dc dd de df e0 e1 e2 e3 e4 e5 e6 e7 e8 e9 ea eb ec ed ee ef f0 f1 f2 f3 f4 f5 f6 f7 f8 f9 fa fb fc fd fe ff 
 0  1  2 1e  4 d3 3c 16  8 46 71 a3 78 bc 2c 8a 10 -- 8c d5 e2 d6 91 -- f0 f3 af -- 58 -- c3 -- 20 -- -- -- cf -- 7d 4f 13 -- 7b -- f5 -- -- 6a 37 -- 31 -- 89 -- -- -- b0 d7 -- -- 51 56 -- 64 40 fe -- -- -- -- -- -- 49 -- -- de fa 2f 9e 41 26 -- -- -- f6 -- -- -- 3d f4 -- -- -- 7e d4 -- 6e -- -- -- 62 -- --  d c5 76 -- be -- -- -- -- b7 -- 79 68 -- -- -- -- a2 98 ac -- -- -- c8 -- 80 -- 2b 32 -- -- -- -- -- -- -- 35 -- -- -- cc 92 -- -- -- -- 81 6b -- 23 ba 5e 45 eb  f 82  b 4c -- -- -- -- 34 -- -- 3b 5f -- -- -- -- -- ed 7a -- 3f -- -- -- -- -- -- 6f fc cb 7f -- -- -- dc 8e -- -- -- -- -- -- c4 -- -- 9d -- -- 1a -- 5d c9 ec ee -- -- ab -- -- f1 -- 66 -- 19 -- -- b9 -- -- -- f2 -- d0 -- -- -- -- -- -- -- -- -- 93 33 e7 -- 8f 77 -- -- -- a5 -- -- 47 -- -- -- 

solutions so far:0 maxDepth:10 
iterations:14562415  skipped: 3 
Depth skipped: 
0 0 3 0 0 0 0 0 0 0 0 0 0 0 0 0 0 0 0 0 0 0 0 0 0 0 0 0 0 0 0 0 

running time: 1800 sec
 depth:8
 0  1  2  3  4  5  6  7  8  9  a  b  c  d  e  f 10 11 12 13 14 15 16 17 18 19 1a 1b 1c 1d 1e 1f 20 21 22 23 24 25 26 27 28 29 2a 2b 2c 2d 2e 2f 30 31 32 33 34 35 36 37 38 39 3a 3b 3c 3d 3e 3f 40 41 42 43 44 45 46 47 48 49 4a 4b 4c 4d 4e 4f 50 51 52 53 54 55 56 57 58 59 5a 5b 5c 5d 5e 5f 60 61 62 63 64 65 66 67 68 69 6a 6b 6c 6d 6e 6f 70 71 72 73 74 75 76 77 78 79 7a 7b 7c 7d 7e 7f 80 81 82 83 84 85 86 87 88 89 8a 8b 8c 8d 8e 8f 90 91 92 93 94 95 96 97 98 99 9a 9b 9c 9d 9e 9f a0 a1 a2 a3 a4 a5 a6 a7 a8 a9 aa ab ac ad ae af b0 b1 b2 b3 b4 b5 b6 b7 b8 b9 ba bb bc bd be bf c0 c1 c2 c3 c4 c5 c6 c7 c8 c9 ca cb cc cd ce cf d0 d1 d2 d3 d4 d5 d6 d7 d8 d9 da db dc dd de df e0 e1 e2 e3 e4 e5 e6 e7 e8 e9 ea eb ec ed ee ef f0 f1 f2 f3 f4 f5 f6 f7 f8 f9 fa fb fc fd fe ff 
 0  1  2 1e  4 c5 3c c0  8 21 5d 8f 78 d4 57 14 10 be 42 ce ba d6 c9 -- f0 d2 7f -- ae -- 28 -- 20 -- ab -- 84 62 4b 4f a3 7d 7b -- 45 -- -- 4a 37 -- 73 -- fe -- -- -- 8b d7 -- -- 50 a4 -- 7e 40 29 -- -- 81 -- -- f3 df -- c4 de 96 35 9e af 91 -- fa -- f6 -- -- -- 8a 51 -- -- -- 93 94 -- 6e -- -- -- e6 -- -- 75 2b 76 -- 6c -- -- -- -- c1 46 79  6 -- -- -- -- a0 3d 9f -- -- -- fc -- 80 -- 52 3f -- -- -- -- d5 -- -- 25 -- -- 31 cc 69 -- -- -- 5f 67 6b -- fb ac 6a  a eb  f 89 60 f5 -- -- -- 23  3 -- -- 3b 36 -- -- -- -- -- d1 c3 -- a2 -- -- -- -- -- -- 6f f1 bc ff -- -- 92 dc 5e -- 49 -- -- -- -- 1b -- -- 83 -- -- ea -- 56  5 ec 30 -- -- d8 -- -- f9 -- 66 -- f4 -- -- 55 -- 8c -- f2 --  c -- -- -- -- -- -- -- -- -- 97 33 7a -- e9 18 -- -- -- aa -- -- 2f cf -- -- 

solutions so far:0 maxDepth:10 
iterations:17820489  skipped: 4 
Depth skipped: 
0 0 4 0 0 0 0 0 0 0 0 0 0 0 0 0 0 0 0 0 0 0 0 0 0 0 0 0 0 0 0 0 

running time: 2100 sec
 depth:7
 0  1  2  3  4  5  6  7  8  9  a  b  c  d  e  f 10 11 12 13 14 15 16 17 18 19 1a 1b 1c 1d 1e 1f 20 21 22 23 24 25 26 27 28 29 2a 2b 2c 2d 2e 2f 30 31 32 33 34 35 36 37 38 39 3a 3b 3c 3d 3e 3f 40 41 42 43 44 45 46 47 48 49 4a 4b 4c 4d 4e 4f 50 51 52 53 54 55 56 57 58 59 5a 5b 5c 5d 5e 5f 60 61 62 63 64 65 66 67 68 69 6a 6b 6c 6d 6e 6f 70 71 72 73 74 75 76 77 78 79 7a 7b 7c 7d 7e 7f 80 81 82 83 84 85 86 87 88 89 8a 8b 8c 8d 8e 8f 90 91 92 93 94 95 96 97 98 99 9a 9b 9c 9d 9e 9f a0 a1 a2 a3 a4 a5 a6 a7 a8 a9 aa ab ac ad ae af b0 b1 b2 b3 b4 b5 b6 b7 b8 b9 ba bb bc bd be bf c0 c1 c2 c3 c4 c5 c6 c7 c8 c9 ca cb cc cd ce cf d0 d1 d2 d3 d4 d5 d6 d7 d8 d9 da db dc dd de df e0 e1 e2 e3 e4 e5 e6 e7 e8 e9 ea eb ec ed ee ef f0 f1 f2 f3 f4 f5 f6 f7 f8 f9 fa fb fc fd fe ff 
 0  1  2 1e  4 c0 3c 85  8 77 57 29 78 97 dd 15 10 -- ee 1a ae d6 52 -- f0 58 f9 -- 6d -- 2a -- 20 -- -- --  b -- 34 4f 8b -- 7b -- a4 -- -- ca 37 -- b0 -- 25 -- -- -- da d7 -- -- 54 c2 -- ea 40 db -- -- -- -- -- -- 16 -- -- de 68 50 9e 30 c1 -- -- -- f6 -- -- -- 9f  5 -- -- -- 14 43 -- 6e -- -- -- b7 -- -- a1 4a 76 -- 9d -- -- -- -- 63 -- 79 2d -- -- -- -- a8 aa 53 -- -- --  3 -- 80 -- 61 75 -- -- -- -- -- -- -- 65 -- -- -- cc 2c -- -- -- --  d 6b -- d0 ff a0 e1 eb  f 60 a9 55 -- -- -- -- fd -- -- 3b a5 -- -- -- -- -- bb e9 --  a -- -- -- -- -- -- 6f 28 18 86 -- -- -- dc  c -- -- -- -- -- -- b9 -- -- b6 -- -- 95 -- 94 9b ec bf -- -- ed -- -- d9 -- 66 -- d1 -- -- c6 -- -- -- f2 -- 5a -- -- -- -- -- -- -- -- -- 87 33 83 -- a6 b4 -- -- -- 5b -- --  6 -- -- -- 

solutions so far:0 maxDepth:10 
iterations:20118537  skipped: 4 
Depth skipped: 
0 0 4 0 0 0 0 0 0 0 0 0 0 0 0 0 0 0 0 0 0 0 0 0 0 0 0 0 0 0 0 0 

running time: 2400 sec
 depth:5
 0  1  2  3  4  5  6  7  8  9  a  b  c  d  e  f 10 11 12 13 14 15 16 17 18 19 1a 1b 1c 1d 1e 1f 20 21 22 23 24 25 26 27 28 29 2a 2b 2c 2d 2e 2f 30 31 32 33 34 35 36 37 38 39 3a 3b 3c 3d 3e 3f 40 41 42 43 44 45 46 47 48 49 4a 4b 4c 4d 4e 4f 50 51 52 53 54 55 56 57 58 59 5a 5b 5c 5d 5e 5f 60 61 62 63 64 65 66 67 68 69 6a 6b 6c 6d 6e 6f 70 71 72 73 74 75 76 77 78 79 7a 7b 7c 7d 7e 7f 80 81 82 83 84 85 86 87 88 89 8a 8b 8c 8d 8e 8f 90 91 92 93 94 95 96 97 98 99 9a 9b 9c 9d 9e 9f a0 a1 a2 a3 a4 a5 a6 a7 a8 a9 aa ab ac ad ae af b0 b1 b2 b3 b4 b5 b6 b7 b8 b9 ba bb bc bd be bf c0 c1 c2 c3 c4 c5 c6 c7 c8 c9 ca cb cc cd ce cf d0 d1 d2 d3 d4 d5 d6 d7 d8 d9 da db dc dd de df e0 e1 e2 e3 e4 e5 e6 e7 e8 e9 ea eb ec ed ee ef f0 f1 f2 f3 f4 f5 f6 f7 f8 f9 fa fb fc fd fe ff 
 0  1  2 1e  4 b8 3c f8  8 ee a7 -- 78 -- 27 -- 10 --  b 34 99 d6 -- -- f0 b0 -- -- 4e -- -- -- 20 -- -- -- 16 -- 68 4f e5 -- 7b -- -- -- -- -- 37 -- b7 -- -- -- -- -- 9c d7 -- -- -- -- -- 1c 40 -- -- -- -- -- -- -- 2c -- -- de d0 -- 9e 2e 1d -- -- -- f6 -- -- -- -- -- -- -- -- -- -- -- 6e -- -- -- b9 -- -- 90 -- 76 -- ed -- -- -- -- ef -- 79 72 -- -- -- -- -- 74 -- -- -- -- 38 -- 80 -- --  e -- -- -- -- -- -- -- -- -- -- -- cc 58 -- -- -- -- 1a 6b -- 77 -- -- -- eb  f 5c 7c 3a -- -- -- -- 39 -- -- 3b 9d -- -- -- -- -- 48 -- -- -- -- -- -- -- -- -- 6f -- 17 -- -- -- -- dc e0 -- -- -- -- -- -- a5 -- -- 24 -- -- f7 -- -- -- ec 3e -- --  d -- -- -- -- 66 --  7 -- --  9 -- -- -- f2 -- e4 -- -- -- -- -- -- -- -- -- -- 33 e8 -- -- 1f -- -- -- 12 -- -- 70 -- -- -- 

solutions so far:0 maxDepth:10 
iterations:22735574  skipped: 5 
Depth skipped: 
0 0 5 0 0 0 0 0 0 0 0 0 0 0 0 0 0 0 0 0 0 0 0 0 0 0 0 0 0 0 0 0 

running time: 2700 sec
 depth:7
 0  1  2  3  4  5  6  7  8  9  a  b  c  d  e  f 10 11 12 13 14 15 16 17 18 19 1a 1b 1c 1d 1e 1f 20 21 22 23 24 25 26 27 28 29 2a 2b 2c 2d 2e 2f 30 31 32 33 34 35 36 37 38 39 3a 3b 3c 3d 3e 3f 40 41 42 43 44 45 46 47 48 49 4a 4b 4c 4d 4e 4f 50 51 52 53 54 55 56 57 58 59 5a 5b 5c 5d 5e 5f 60 61 62 63 64 65 66 67 68 69 6a 6b 6c 6d 6e 6f 70 71 72 73 74 75 76 77 78 79 7a 7b 7c 7d 7e 7f 80 81 82 83 84 85 86 87 88 89 8a 8b 8c 8d 8e 8f 90 91 92 93 94 95 96 97 98 99 9a 9b 9c 9d 9e 9f a0 a1 a2 a3 a4 a5 a6 a7 a8 a9 aa ab ac ad ae af b0 b1 b2 b3 b4 b5 b6 b7 b8 b9 ba bb bc bd be bf c0 c1 c2 c3 c4 c5 c6 c7 c8 c9 ca cb cc cd ce cf d0 d1 d2 d3 d4 d5 d6 d7 d8 d9 da db dc dd de df e0 e1 e2 e3 e4 e5 e6 e7 e8 e9 ea eb ec ed ee ef f0 f1 f2 f3 f4 f5 f6 f7 f8 f9 fa fb fc fd fe ff 
 0  1  2 1e  4 b0 3c 89  8 b8 b7 95 78 63 c5 a4 10 -- a7 e0 b9 d6 fd -- f0 3a c6 -- 5d -- 9f -- 20 -- -- -- 99 -- 17 4f a5 -- 7b -- 2d -- -- 50 37 -- 74 -- 5b -- -- -- ba d7 -- -- e9 4a -- d0 40 f9 -- -- -- -- -- -- e5 -- -- de 2e 6d 9e 2c 9d -- -- -- f6 -- -- -- 5a bf -- -- -- 85 a0 -- 6e -- -- -- e8 -- -- f4 b6 76 -- 1c -- -- -- -- a3 -- 79 fc -- -- -- --  5  d 94 -- -- -- 77 -- 80 -- 25 68 -- -- -- -- -- -- -- 28 -- -- -- cc 1d -- -- -- -- 70 6b -- 5c a1 da 52 eb  f 58 af ed -- -- -- -- 7e -- -- 3b  e -- -- -- -- -- 7a b4 -- a9 -- -- -- -- -- -- 6f dd 16 97 -- -- -- dc  b -- -- -- -- -- --  7 -- -- 3d -- -- 3f -- bb 29 ec bc -- -- 38 -- -- 14 -- 66 -- 34 -- -- 91 -- -- -- f2 -- 2f -- -- -- -- -- -- -- -- --  a 33 1a -- ff 5e -- -- -- f5 -- -- ee -- -- -- 

solutions so far:0 maxDepth:10 
iterations:26509748  skipped: 6 
Depth skipped: 
0 0 6 0 0 0 0 0 0 0 0 0 0 0 0 0 0 0 0 0 0 0 0 0 0 0 0 0 0 0 0 0 

running time: 3000 sec
 depth:7
 0  1  2  3  4  5  6  7  8  9  a  b  c  d  e  f 10 11 12 13 14 15 16 17 18 19 1a 1b 1c 1d 1e 1f 20 21 22 23 24 25 26 27 28 29 2a 2b 2c 2d 2e 2f 30 31 32 33 34 35 36 37 38 39 3a 3b 3c 3d 3e 3f 40 41 42 43 44 45 46 47 48 49 4a 4b 4c 4d 4e 4f 50 51 52 53 54 55 56 57 58 59 5a 5b 5c 5d 5e 5f 60 61 62 63 64 65 66 67 68 69 6a 6b 6c 6d 6e 6f 70 71 72 73 74 75 76 77 78 79 7a 7b 7c 7d 7e 7f 80 81 82 83 84 85 86 87 88 89 8a 8b 8c 8d 8e 8f 90 91 92 93 94 95 96 97 98 99 9a 9b 9c 9d 9e 9f a0 a1 a2 a3 a4 a5 a6 a7 a8 a9 aa ab ac ad ae af b0 b1 b2 b3 b4 b5 b6 b7 b8 b9 ba bb bc bd be bf c0 c1 c2 c3 c4 c5 c6 c7 c8 c9 ca cb cc cd ce cf d0 d1 d2 d3 d4 d5 d6 d7 d8 d9 da db dc dd de df e0 e1 e2 e3 e4 e5 e6 e7 e8 e9 ea eb ec ed ee ef f0 f1 f2 f3 f4 f5 f6 f7 f8 f9 fa fb fc fd fe ff 
 0  1  2 1e  4 a9 3c 45  8 68 85 3f 78 a3 8a 62 10 -- d0 ed dd d6 7e -- f0 16 91 -- c3 -- c4 -- 20 -- -- -- 77 --  d 4f 6d -- 7b -- fc -- -- 7d 37 -- 2c -- f5 -- -- -- 51 d7 -- -- 5f cf -- a1 40 46 -- -- -- -- -- -- ee -- -- de 1a 5d 9e b4 da -- -- -- f6 -- -- -- 2f bc -- -- -- 89 fa -- 6e -- -- -- 58 -- -- d4 3d 76 -- b9 -- -- -- -- a2 -- 79 2b -- -- -- -- be c6 49 -- -- -- 95 -- 80 -- 8c bb -- -- -- -- -- -- -- d5 -- -- -- cc  b -- -- -- -- 9d 6b -- 34 f4 ba 31 eb  f bf c9 63 -- -- -- -- fe -- -- 3b b7 -- -- -- -- -- 6a 5e -- af -- -- -- -- -- -- 6f c5 5a 23 -- -- -- dc 2d -- -- -- -- -- -- b0 -- -- 35 -- -- 7f -- 7a f3 ec 8f -- -- a5 -- -- 81 -- 66 -- b6 -- -- 93 -- -- -- f2 -- 56 -- -- -- -- -- -- -- -- -- ab 33 5b -- 92 ac -- -- -- f1 -- -- fd -- -- -- 

solutions so far:0 maxDepth:10 
iterations:29528294  skipped: 7 
Depth skipped: 
0 0 7 0 0 0 0 0 0 0 0 0 0 0 0 0 0 0 0 0 0 0 0 0 0 0 0 0 0 0 0 0 

running time: 3300 sec
 depth:7
 0  1  2  3  4  5  6  7  8  9  a  b  c  d  e  f 10 11 12 13 14 15 16 17 18 19 1a 1b 1c 1d 1e 1f 20 21 22 23 24 25 26 27 28 29 2a 2b 2c 2d 2e 2f 30 31 32 33 34 35 36 37 38 39 3a 3b 3c 3d 3e 3f 40 41 42 43 44 45 46 47 48 49 4a 4b 4c 4d 4e 4f 50 51 52 53 54 55 56 57 58 59 5a 5b 5c 5d 5e 5f 60 61 62 63 64 65 66 67 68 69 6a 6b 6c 6d 6e 6f 70 71 72 73 74 75 76 77 78 79 7a 7b 7c 7d 7e 7f 80 81 82 83 84 85 86 87 88 89 8a 8b 8c 8d 8e 8f 90 91 92 93 94 95 96 97 98 99 9a 9b 9c 9d 9e 9f a0 a1 a2 a3 a4 a5 a6 a7 a8 a9 aa ab ac ad ae af b0 b1 b2 b3 b4 b5 b6 b7 b8 b9 ba bb bc bd be bf c0 c1 c2 c3 c4 c5 c6 c7 c8 c9 ca cb cc cd ce cf d0 d1 d2 d3 d4 d5 d6 d7 d8 d9 da db dc dd de df e0 e1 e2 e3 e4 e5 e6 e7 e8 e9 ea eb ec ed ee ef f0 f1 f2 f3 f4 f5 f6 f7 f8 f9 fa fb fc fd fe ff 
 0  1  2 1e  4 a3 3c 12  8 a9 91 a8 78 a6 24 68 10 -- 85 2d f5 d6 87 -- f0 63 9b -- 48 -- d0 -- 20 -- -- -- dd -- 5a 4f 3d -- 7b -- d9 -- -- 58 37 -- c6 -- e1 -- -- -- 90 d7 -- -- 77 9d -- 5e 40 b9 -- -- -- -- -- -- 6d -- -- de b4 c2 9e 5d 7a -- -- -- f6 -- -- -- 65 43 -- -- -- db b0 -- 6e -- -- -- 5b -- -- 3e 15 76 -- a1 -- -- -- -- f7 -- 79 27 -- -- -- -- ee 3f ed -- -- -- bc -- 80 -- a5 2f -- -- -- -- -- -- -- 2c -- -- -- cc da -- -- -- -- fd 6b -- bf 54 53 34 eb  f ba  9 f4 -- -- -- -- f8 -- -- 3b bb -- -- -- -- -- 1f ca -- 86 -- -- -- -- -- -- 6f 61 c5 b7 -- -- -- dc 89 -- -- -- -- -- -- b6 -- -- e4 -- -- 7c -- 2a 1a ec ef -- -- 95 -- -- 16 -- 66 -- fc -- -- 39 -- -- -- f2 -- 4e -- -- -- -- -- -- -- -- --  b 33 7e --  d 9c -- -- -- 72 -- -- af -- -- -- 

solutions so far:0 maxDepth:10 
iterations:32077543  skipped: 7 
Depth skipped: 
0 0 7 0 0 0 0 0 0 0 0 0 0 0 0 0 0 0 0 0 0 0 0 0 0 0 0 0 0 0 0 0 

running time: 3600 sec
 depth:6
 0  1  2  3  4  5  6  7  8  9  a  b  c  d  e  f 10 11 12 13 14 15 16 17 18 19 1a 1b 1c 1d 1e 1f 20 21 22 23 24 25 26 27 28 29 2a 2b 2c 2d 2e 2f 30 31 32 33 34 35 36 37 38 39 3a 3b 3c 3d 3e 3f 40 41 42 43 44 45 46 47 48 49 4a 4b 4c 4d 4e 4f 50 51 52 53 54 55 56 57 58 59 5a 5b 5c 5d 5e 5f 60 61 62 63 64 65 66 67 68 69 6a 6b 6c 6d 6e 6f 70 71 72 73 74 75 76 77 78 79 7a 7b 7c 7d 7e 7f 80 81 82 83 84 85 86 87 88 89 8a 8b 8c 8d 8e 8f 90 91 92 93 94 95 96 97 98 99 9a 9b 9c 9d 9e 9f a0 a1 a2 a3 a4 a5 a6 a7 a8 a9 aa ab ac ad ae af b0 b1 b2 b3 b4 b5 b6 b7 b8 b9 ba bb bc bd be bf c0 c1 c2 c3 c4 c5 c6 c7 c8 c9 ca cb cc cd ce cf d0 d1 d2 d3 d4 d5 d6 d7 d8 d9 da db dc dd de df e0 e1 e2 e3 e4 e5 e6 e7 e8 e9 ea eb ec ed ee ef f0 f1 f2 f3 f4 f5 f6 f7 f8 f9 fa fb fc fd fe ff 
 0  1  2 1e  4 99 3c 21  8  c e5 28 78 a4 42 -- 10 -- 18 75 1d d6 50 -- f0 57 9f -- 84 -- -- -- 20 -- -- -- 30 -- ea 4f 3a -- 7b -- a0 -- -- -- 37 -- ae -- e9 -- -- -- df d7 -- -- -- -- -- 70 40 -- -- -- -- -- -- -- 60 -- -- de  3 29 9e b8 74 -- -- -- f6 -- -- -- 97 25 -- -- -- 94 -- -- 6e -- -- -- 8b -- -- 36  5 76 -- aa -- -- -- -- 69 -- 79 67 -- -- -- -- --  7 -- -- -- -- e0 -- 80 -- -- 38 -- -- -- -- -- -- -- -- -- -- -- cc c0 -- -- -- -- d1 6b --  6 14 52 -- eb  f a7 fb e8 -- -- -- -- d8 -- -- 3b 55 -- -- -- -- -- 1b f9 -- 4a -- -- -- -- -- -- 6f ff 5c -- -- -- -- dc 2e -- -- -- -- -- -- c1 -- -- e6 -- -- 6c --  a -- ec 96 -- -- 83 -- -- -- -- 66 -- 1c -- -- d2 -- -- -- f2 -- ce -- -- -- -- -- -- -- -- -- -- 33  e -- -- 4b -- -- -- 73 -- -- 17 -- -- -- 

solutions so far:0 maxDepth:10 
iterations:35511176  skipped: 8 
Depth skipped: 
0 0 8 0 0 0 0 0 0 0 0 0 0 0 0 0 0 0 0 0 0 0 0 0 0 0 0 0 0 0 0 0 

running time: 3900 sec
 depth:5
 0  1  2  3  4  5  6  7  8  9  a  b  c  d  e  f 10 11 12 13 14 15 16 17 18 19 1a 1b 1c 1d 1e 1f 20 21 22 23 24 25 26 27 28 29 2a 2b 2c 2d 2e 2f 30 31 32 33 34 35 36 37 38 39 3a 3b 3c 3d 3e 3f 40 41 42 43 44 45 46 47 48 49 4a 4b 4c 4d 4e 4f 50 51 52 53 54 55 56 57 58 59 5a 5b 5c 5d 5e 5f 60 61 62 63 64 65 66 67 68 69 6a 6b 6c 6d 6e 6f 70 71 72 73 74 75 76 77 78 79 7a 7b 7c 7d 7e 7f 80 81 82 83 84 85 86 87 88 89 8a 8b 8c 8d 8e 8f 90 91 92 93 94 95 96 97 98 99 9a 9b 9c 9d 9e 9f a0 a1 a2 a3 a4 a5 a6 a7 a8 a9 aa ab ac ad ae af b0 b1 b2 b3 b4 b5 b6 b7 b8 b9 ba bb bc bd be bf c0 c1 c2 c3 c4 c5 c6 c7 c8 c9 ca cb cc cd ce cf d0 d1 d2 d3 d4 d5 d6 d7 d8 d9 da db dc dd de df e0 e1 e2 e3 e4 e5 e6 e7 e8 e9 ea eb ec ed ee ef f0 f1 f2 f3 f4 f5 f6 f7 f8 f9 fa fb fc fd fe ff 
 0  1  2 1e  4 90 3c 52  8 b9 f7 -- 78 -- a4 -- 10 -- a5 2c 39 d6 -- -- f0 1a -- -- 9f -- -- -- 20 -- -- -- 9d -- 58 4f 72 -- 7b -- -- -- -- -- 37 -- 34 -- -- -- -- -- e9 d7 -- -- -- -- -- 4e 40 -- -- -- -- -- -- -- ed -- -- de b0 -- 9e 24 e4 -- -- -- f6 -- -- -- -- -- -- -- -- -- -- -- 6e -- -- -- 68 -- -- a0 -- 76 -- ee -- -- -- --  5 -- 79 25 -- -- -- -- -- 3e -- -- -- -- 9c -- 80 -- -- 27 -- -- -- -- -- -- -- -- -- -- -- cc  d -- -- -- -- 16 6b -- b7 -- -- -- eb  f 48 29 1f -- -- -- -- f9 -- -- 3b 77 -- -- -- -- -- 50 -- -- -- -- -- -- -- -- -- 6f -- 12 -- -- -- -- dc  9 -- -- -- -- -- -- d0 -- -- 28 -- -- 97 -- -- -- ec ff -- --  b -- -- -- -- 66 -- f8 -- --  a -- -- -- f2 -- 4a -- -- -- -- -- -- -- -- -- -- 33 7c -- -- 94 -- -- -- 14 -- -- ef -- -- -- 

solutions so far:0 maxDepth:10 
iterations:39011444  skipped: 9 
Depth skipped: 
0 0 9 0 0 0 0 0 0 0 0 0 0 0 0 0 0 0 0 0 0 0 0 0 0 0 0 0 0 0 0 0 

running time: 4200 sec
 depth:6
 0  1  2  3  4  5  6  7  8  9  a  b  c  d  e  f 10 11 12 13 14 15 16 17 18 19 1a 1b 1c 1d 1e 1f 20 21 22 23 24 25 26 27 28 29 2a 2b 2c 2d 2e 2f 30 31 32 33 34 35 36 37 38 39 3a 3b 3c 3d 3e 3f 40 41 42 43 44 45 46 47 48 49 4a 4b 4c 4d 4e 4f 50 51 52 53 54 55 56 57 58 59 5a 5b 5c 5d 5e 5f 60 61 62 63 64 65 66 67 68 69 6a 6b 6c 6d 6e 6f 70 71 72 73 74 75 76 77 78 79 7a 7b 7c 7d 7e 7f 80 81 82 83 84 85 86 87 88 89 8a 8b 8c 8d 8e 8f 90 91 92 93 94 95 96 97 98 99 9a 9b 9c 9d 9e 9f a0 a1 a2 a3 a4 a5 a6 a7 a8 a9 aa ab ac ad ae af b0 b1 b2 b3 b4 b5 b6 b7 b8 b9 ba bb bc bd be bf c0 c1 c2 c3 c4 c5 c6 c7 c8 c9 ca cb cc cd ce cf d0 d1 d2 d3 d4 d5 d6 d7 d8 d9 da db dc dd de df e0 e1 e2 e3 e4 e5 e6 e7 e8 e9 ea eb ec ed ee ef f0 f1 f2 f3 f4 f5 f6 f7 f8 f9 fa fb fc fd fe ff 
 0  1  2 1e  4 86 3c 7d  8 ff db 63 78 bf fa -- 10 -- 29 f9 61 d6 c6 -- f0 e9 a9 -- 23 -- -- -- 20 -- -- -- 52 -- 25 4f c2 -- 7b -- 5b -- -- -- 37 --  5 -- 85 -- -- -- 46 d7 -- -- -- -- -- 54 40 -- -- -- -- -- -- -- a4 -- -- de 4a 5a 9e ca 53 -- -- -- f6 -- -- -- b6 a1 -- -- -- fd -- -- 6e -- -- --  a -- -- 31 dd 76 -- 50 -- -- -- -- 8c -- 79 5f -- -- -- -- -- 9b -- -- -- -- a8 -- 80 -- -- 2a -- -- -- -- -- -- -- -- -- -- -- cc 9f -- -- -- -- 97 6b -- 94 da b4 -- eb  f 43 d5 a6 -- -- -- -- c4 -- -- 3b 28 -- -- -- -- -- f3 bb -- 95 -- -- -- -- -- -- 6f 2d 65 -- -- -- -- dc d9 -- -- -- -- -- -- 14 -- -- 92 -- -- 62 -- 6d -- ec 81 -- -- a0 -- -- -- -- 66 -- 15 -- -- cf -- -- -- f2 -- be -- -- -- -- -- -- -- -- -- -- 33 e1 -- -- ab -- -- -- 49 -- -- 87 -- -- -- 

solutions so far:0 maxDepth:10 
iterations:42894725  skipped: 10 
Depth skipped: 
0 0 10 0 0 0 0 0 0 0 0 0 0 0 0 0 0 0 0 0 0 0 0 0 0 0 0 0 0 0 0 0 

running time: 4500 sec
 depth:6
 0  1  2  3  4  5  6  7  8  9  a  b  c  d  e  f 10 11 12 13 14 15 16 17 18 19 1a 1b 1c 1d 1e 1f 20 21 22 23 24 25 26 27 28 29 2a 2b 2c 2d 2e 2f 30 31 32 33 34 35 36 37 38 39 3a 3b 3c 3d 3e 3f 40 41 42 43 44 45 46 47 48 49 4a 4b 4c 4d 4e 4f 50 51 52 53 54 55 56 57 58 59 5a 5b 5c 5d 5e 5f 60 61 62 63 64 65 66 67 68 69 6a 6b 6c 6d 6e 6f 70 71 72 73 74 75 76 77 78 79 7a 7b 7c 7d 7e 7f 80 81 82 83 84 85 86 87 88 89 8a 8b 8c 8d 8e 8f 90 91 92 93 94 95 96 97 98 99 9a 9b 9c 9d 9e 9f a0 a1 a2 a3 a4 a5 a6 a7 a8 a9 aa ab ac ad ae af b0 b1 b2 b3 b4 b5 b6 b7 b8 b9 ba bb bc bd be bf c0 c1 c2 c3 c4 c5 c6 c7 c8 c9 ca cb cc cd ce cf d0 d1 d2 d3 d4 d5 d6 d7 d8 d9 da db dc dd de df e0 e1 e2 e3 e4 e5 e6 e7 e8 e9 ea eb ec ed ee ef f0 f1 f2 f3 f4 f5 f6 f7 f8 f9 fa fb fc fd fe ff 
 0  1  2 1e  4 7a 3c 88  8 9b f4 ff 78 a0 c7 -- 10 -- e1 61 3f d6 29 -- f0 a8 97 -- 59 -- -- -- 20 -- -- -- 15 -- c2 4f 7e -- 7b -- 52 -- -- -- 37 -- 87 -- f9 -- -- -- b2 d7 -- -- -- -- -- c5 40 -- -- -- -- -- -- -- 2a -- -- de 53 28 9e f5 fc -- -- -- f6 -- -- -- a4 e9 -- -- --  a -- -- 6e -- -- -- d9 -- -- 8d 25 76 -- 43 -- -- -- -- b3 -- 79 9a -- -- -- -- -- 5e -- -- -- -- 5d -- 80 -- -- 89 -- -- -- -- -- -- -- -- -- -- -- cc 54 -- -- -- -- db 6b -- a6 94 50 -- eb  f 3d 44 2f -- -- -- -- 4d -- -- 3b ca -- -- -- -- -- ad 9f --  5 -- -- -- -- -- -- 6f 14 91 -- -- -- -- dc a3 -- -- -- -- -- -- 65 -- -- bd -- -- cd -- 4a -- ec 22 -- -- 86 -- -- -- -- 66 -- af -- -- b1 -- -- -- f2 -- e3 -- -- -- -- -- -- -- -- -- -- 33 bc -- -- 11 -- -- -- b5 -- -- ba -- -- -- 

solutions so far:0 maxDepth:10 
iterations:46892457  skipped: 10 
Depth skipped: 
0 0 10 0 0 0 0 0 0 0 0 0 0 0 0 0 0 0 0 0 0 0 0 0 0 0 0 0 0 0 0 0 

running time: 4800 sec
 depth:8
 0  1  2  3  4  5  6  7  8  9  a  b  c  d  e  f 10 11 12 13 14 15 16 17 18 19 1a 1b 1c 1d 1e 1f 20 21 22 23 24 25 26 27 28 29 2a 2b 2c 2d 2e 2f 30 31 32 33 34 35 36 37 38 39 3a 3b 3c 3d 3e 3f 40 41 42 43 44 45 46 47 48 49 4a 4b 4c 4d 4e 4f 50 51 52 53 54 55 56 57 58 59 5a 5b 5c 5d 5e 5f 60 61 62 63 64 65 66 67 68 69 6a 6b 6c 6d 6e 6f 70 71 72 73 74 75 76 77 78 79 7a 7b 7c 7d 7e 7f 80 81 82 83 84 85 86 87 88 89 8a 8b 8c 8d 8e 8f 90 91 92 93 94 95 96 97 98 99 9a 9b 9c 9d 9e 9f a0 a1 a2 a3 a4 a5 a6 a7 a8 a9 aa ab ac ad ae af b0 b1 b2 b3 b4 b5 b6 b7 b8 b9 ba bb bc bd be bf c0 c1 c2 c3 c4 c5 c6 c7 c8 c9 ca cb cc cd ce cf d0 d1 d2 d3 d4 d5 d6 d7 d8 d9 da db dc dd de df e0 e1 e2 e3 e4 e5 e6 e7 e8 e9 ea eb ec ed ee ef f0 f1 f2 f3 f4 f5 f6 f7 f8 f9 fa fb fc fd fe ff 
 0  1  2 1e  4 65 3c ff  8 a5 ca c1 78 30 29 89 10 3e 9d 58 43 d6 55 -- f0 34 60 -- 52 -- c5 -- 20 -- 7c -- ed 72 b0 4f 86 4e 7b -- aa -- -- 3d 37 -- 68 -- c0 -- -- -- a4 d7 -- -- 5d fc -- e1 40 3f -- -- f8 -- -- f7  d -- e4 de b7  c 9e 87 db -- 9c -- f6 -- -- -- 83 75 -- -- --  3 7a -- 6e -- -- -- d0 -- -- 28 57 76 --  b -- -- -- -- 9f  9 79 97 -- -- -- -- ba c2 2f -- -- -- 15 -- 80 -- 7e 9b -- -- -- -- 27 -- -- f5 -- -- 39 cc 1a -- -- -- 1f 2c 6b -- b9 8b 18 af eb  f d9 94 61 -- -- -- ef a0 -- -- 3b ee -- -- -- -- -- 14 d1 -- ea -- -- -- -- -- -- 6f  6 a8 f4 -- -- 90 dc 54 -- 48 -- -- -- -- 77 -- --  a -- -- 50 -- ae bc ec 4a -- -- 16 -- -- 91 -- 66 -- a6 -- -- e9 -- 12 -- f2 -- f9 -- -- -- -- -- -- -- -- -- a3 33 53 -- 5e 25 -- -- --  5 -- -- 2a 24 -- -- 

solutions so far:0 maxDepth:10 
iterations:51709945  skipped: 11 
Depth skipped: 
0 0 11 0 0 0 0 0 0 0 0 0 0 0 0 0 0 0 0 0 0 0 0 0 0 0 0 0 0 0 0 0 

running time: 5100 sec
 depth:7
 0  1  2  3  4  5  6  7  8  9  a  b  c  d  e  f 10 11 12 13 14 15 16 17 18 19 1a 1b 1c 1d 1e 1f 20 21 22 23 24 25 26 27 28 29 2a 2b 2c 2d 2e 2f 30 31 32 33 34 35 36 37 38 39 3a 3b 3c 3d 3e 3f 40 41 42 43 44 45 46 47 48 49 4a 4b 4c 4d 4e 4f 50 51 52 53 54 55 56 57 58 59 5a 5b 5c 5d 5e 5f 60 61 62 63 64 65 66 67 68 69 6a 6b 6c 6d 6e 6f 70 71 72 73 74 75 76 77 78 79 7a 7b 7c 7d 7e 7f 80 81 82 83 84 85 86 87 88 89 8a 8b 8c 8d 8e 8f 90 91 92 93 94 95 96 97 98 99 9a 9b 9c 9d 9e 9f a0 a1 a2 a3 a4 a5 a6 a7 a8 a9 aa ab ac ad ae af b0 b1 b2 b3 b4 b5 b6 b7 b8 b9 ba bb bc bd be bf c0 c1 c2 c3 c4 c5 c6 c7 c8 c9 ca cb cc cd ce cf d0 d1 d2 d3 d4 d5 d6 d7 d8 d9 da db dc dd de df e0 e1 e2 e3 e4 e5 e6 e7 e8 e9 ea eb ec ed ee ef f0 f1 f2 f3 f4 f5 f6 f7 f8 f9 fa fb fc fd fe ff 
 0  1  2 1e  4 59 3c d0  8 4b b2 c3 78 56 77 3a 10 -- 96 6c b3 d6 51 -- f0 84 ac -- ee -- 74 -- 20 -- -- -- fb -- d8 4f b1 -- 7b -- a2 -- -- 70 37 -- df -- 8f -- -- --  b d7 -- -- e8 b8 -- 9a 40 2e -- -- -- -- -- -- 21 -- -- de 67 fe 9e 88 b5 -- -- -- f6 -- -- -- 93 35 -- -- -- d4 e0 -- 6e -- -- -- 69 -- -- b9 c9 76 -- e6 -- -- -- -- 16 -- 79 ed -- -- -- --  7 ad a7 -- -- -- e3 -- 80 -- 5c 4d -- -- -- -- -- -- -- 38 -- -- -- cc 42 -- -- -- -- 36 6b -- ce 8a 2b 1d eb  f c7 68 bd -- -- -- -- 9d -- -- 3b 73 -- -- -- -- -- b7 f1 -- 6a -- -- -- -- -- -- 6f 7f 44 17 -- -- -- dc 22 -- -- -- -- -- -- d2 -- -- b0 -- -- a5 -- 45 e5 ec 34 -- -- 1b -- -- 1c -- 66 -- cd -- -- 2c -- -- -- f2 --  d -- -- -- -- -- -- -- -- --  e 33 8d -- 99 1a -- -- -- 58 -- -- 11 -- -- -- 

solutions so far:0 maxDepth:10 
iterations:56639455  skipped: 12 
Depth skipped: 
0 0 12 0 0 0 0 0 0 0 0 0 0 0 0 0 0 0 0 0 0 0 0 0 0 0 0 0 0 0 0 0 

running time: 5400 sec
 depth:7
 0  1  2  3  4  5  6  7  8  9  a  b  c  d  e  f 10 11 12 13 14 15 16 17 18 19 1a 1b 1c 1d 1e 1f 20 21 22 23 24 25 26 27 28 29 2a 2b 2c 2d 2e 2f 30 31 32 33 34 35 36 37 38 39 3a 3b 3c 3d 3e 3f 40 41 42 43 44 45 46 47 48 49 4a 4b 4c 4d 4e 4f 50 51 52 53 54 55 56 57 58 59 5a 5b 5c 5d 5e 5f 60 61 62 63 64 65 66 67 68 69 6a 6b 6c 6d 6e 6f 70 71 72 73 74 75 76 77 78 79 7a 7b 7c 7d 7e 7f 80 81 82 83 84 85 86 87 88 89 8a 8b 8c 8d 8e 8f 90 91 92 93 94 95 96 97 98 99 9a 9b 9c 9d 9e 9f a0 a1 a2 a3 a4 a5 a6 a7 a8 a9 aa ab ac ad ae af b0 b1 b2 b3 b4 b5 b6 b7 b8 b9 ba bb bc bd be bf c0 c1 c2 c3 c4 c5 c6 c7 c8 c9 ca cb cc cd ce cf d0 d1 d2 d3 d4 d5 d6 d7 d8 d9 da db dc dd de df e0 e1 e2 e3 e4 e5 e6 e7 e8 e9 ea eb ec ed ee ef f0 f1 f2 f3 f4 f5 f6 f7 f8 f9 fa fb fc fd fe ff 
 0  1  2 1e  4 4b 3c e0  8 2d 96  9 78 7c 17 94 10 -- 5a bb fb d6 12 -- f0 85 f8 -- 2e -- ff -- 20 -- -- -- b4 -- a1 4f 21 -- 7b -- 24 -- --  5 37 -- dd -- 27 -- -- -- 5c d7 -- -- 29 a0 -- e6 40 28 -- -- -- -- -- -- bf -- -- de 95 1f 9e 67 42 -- -- -- f6 -- -- -- 48 f7 -- -- -- 72  a -- 6e -- -- -- 6d -- -- 3a 4e 76 -- c6 -- -- -- -- b8 -- 79  7 -- -- -- -- 52 df 97 -- -- -- 1b -- 80 -- 50 73 -- -- -- -- -- -- -- e9 -- -- -- cc a9 -- -- -- -- b6 6b -- fd ef 3e 4a eb  f ce 70 84 -- -- -- -- e8 -- -- 3b 63 -- -- -- -- -- 1d 90 -- 39 -- -- -- -- -- -- 6f e4 d8 14 -- -- -- dc 6c -- -- -- -- -- -- da -- -- e5 -- -- 74 -- 9c 25 ec 38 -- -- 5b -- -- 9f -- 66 -- d2 -- -- a7 -- -- -- f2 --  e -- -- -- -- -- -- -- -- -- a4 33 69 -- f9 1c -- -- -- 99 -- -- 36 -- -- -- 

solutions so far:0 maxDepth:10 
iterations:62153471  skipped: 13 
Depth skipped: 
0 0 13 0 0 0 0 0 0 0 0 0 0 0 0 0 0 0 0 0 0 0 0 0 0 0 0 0 0 0 0 0 

running time: 5700 sec
 depth:8
 0  1  2  3  4  5  6  7  8  9  a  b  c  d  e  f 10 11 12 13 14 15 16 17 18 19 1a 1b 1c 1d 1e 1f 20 21 22 23 24 25 26 27 28 29 2a 2b 2c 2d 2e 2f 30 31 32 33 34 35 36 37 38 39 3a 3b 3c 3d 3e 3f 40 41 42 43 44 45 46 47 48 49 4a 4b 4c 4d 4e 4f 50 51 52 53 54 55 56 57 58 59 5a 5b 5c 5d 5e 5f 60 61 62 63 64 65 66 67 68 69 6a 6b 6c 6d 6e 6f 70 71 72 73 74 75 76 77 78 79 7a 7b 7c 7d 7e 7f 80 81 82 83 84 85 86 87 88 89 8a 8b 8c 8d 8e 8f 90 91 92 93 94 95 96 97 98 99 9a 9b 9c 9d 9e 9f a0 a1 a2 a3 a4 a5 a6 a7 a8 a9 aa ab ac ad ae af b0 b1 b2 b3 b4 b5 b6 b7 b8 b9 ba bb bc bd be bf c0 c1 c2 c3 c4 c5 c6 c7 c8 c9 ca cb cc cd ce cf d0 d1 d2 d3 d4 d5 d6 d7 d8 d9 da db dc dd de df e0 e1 e2 e3 e4 e5 e6 e7 e8 e9 ea eb ec ed ee ef f0 f1 f2 f3 f4 f5 f6 f7 f8 f9 fa fb fc fd fe ff 
 0  1  2 1e  4 35 3c a3  8 b3 6a 1d 78 2e 91 95 10 a0 b1 88 d4 d6 3a -- f0 8d 5c -- f5 -- fd -- 20 -- 97 -- b5 14 c7 4f 7f 4a 7b -- 74 -- -- 85 37 -- cd -- b8 -- -- -- 3d d7 -- -- 2d c6 -- 45 40 da -- -- f9 -- --  5 bd -- 28 de 59 e0 9e 93 fe -- 94 -- f6 -- -- -- e8  e -- -- -- 38 dd -- 6e -- -- -- 4d -- -- 2f a7 76 -- 11 -- -- -- -- 7a 29 79 af -- -- -- -- 5a 56 5b -- -- -- 8a -- 80 -- 63 c9 -- -- -- -- 25 -- -- a9 -- --  a cc ad -- -- -- 50 44 6b -- b2 e5 17 a1 eb  f f1 ba 2b -- -- -- ff bc -- -- 3b e3 -- -- -- -- -- fc  7 -- 1c -- -- -- -- -- -- 6f 70 a2 6d -- -- e9 dc 51 -- 9f -- -- -- -- 9a -- -- 7e -- -- 5e -- 99 bb ec 5d -- -- 22 -- -- bf -- 66 -- 8f -- -- f4 -- 52 -- f2 -- 89 -- -- -- -- -- -- -- -- -- b4 33 ac -- b6 c5 -- -- -- 3f -- -- c3 a4 -- -- 

solutions so far:0 maxDepth:10 
iterations:67814000  skipped: 13 
Depth skipped: 
0 0 13 0 0 0 0 0 0 0 0 0 0 0 0 0 0 0 0 0 0 0 0 0 0 0 0 0 0 0 0 0 

running time: 6000 sec
 depth:5
 0  1  2  3  4  5  6  7  8  9  a  b  c  d  e  f 10 11 12 13 14 15 16 17 18 19 1a 1b 1c 1d 1e 1f 20 21 22 23 24 25 26 27 28 29 2a 2b 2c 2d 2e 2f 30 31 32 33 34 35 36 37 38 39 3a 3b 3c 3d 3e 3f 40 41 42 43 44 45 46 47 48 49 4a 4b 4c 4d 4e 4f 50 51 52 53 54 55 56 57 58 59 5a 5b 5c 5d 5e 5f 60 61 62 63 64 65 66 67 68 69 6a 6b 6c 6d 6e 6f 70 71 72 73 74 75 76 77 78 79 7a 7b 7c 7d 7e 7f 80 81 82 83 84 85 86 87 88 89 8a 8b 8c 8d 8e 8f 90 91 92 93 94 95 96 97 98 99 9a 9b 9c 9d 9e 9f a0 a1 a2 a3 a4 a5 a6 a7 a8 a9 aa ab ac ad ae af b0 b1 b2 b3 b4 b5 b6 b7 b8 b9 ba bb bc bd be bf c0 c1 c2 c3 c4 c5 c6 c7 c8 c9 ca cb cc cd ce cf d0 d1 d2 d3 d4 d5 d6 d7 d8 d9 da db dc dd de df e0 e1 e2 e3 e4 e5 e6 e7 e8 e9 ea eb ec ed ee ef f0 f1 f2 f3 f4 f5 f6 f7 f8 f9 fa fb fc fd fe ff 
 0  1  2 1e  4 25 3c 3f  8 73 4a -- 78 -- 7e -- 10 -- e6 84 94 d6 -- -- f0 d8 -- -- fc -- -- -- 20 -- -- -- 1b -- df 4f ff -- 7b -- -- -- -- -- 37 -- 67 -- -- -- -- -- 2f d7 -- -- -- -- --  a 40 -- -- -- -- -- -- -- 36 -- -- de 69 -- 9e 97 29 -- -- -- f6 -- -- -- -- -- -- -- -- -- -- -- 6e -- -- -- ce -- -- 5d -- 76 -- fb -- -- -- -- 5e -- 79 91 -- -- -- -- -- a4 -- -- -- -- 14 -- 80 -- --  5 -- -- -- -- -- -- -- -- -- -- -- cc 6c -- -- -- -- 42 6b -- d2 -- -- -- eb  f f9 f4 52 -- -- -- -- a3 -- -- 3b 96 -- -- -- -- -- c5 -- -- -- -- -- -- -- -- -- 6f -- a0 -- -- -- -- dc 50 -- -- -- -- -- -- 4b -- -- 89 -- -- ba -- -- -- ec 7a -- -- 21 -- -- -- -- 66 -- e9 -- -- bc -- -- -- f2 -- f5 -- -- -- -- -- -- -- -- -- -- 33 9f -- -- 3d -- -- -- af -- -- 28 -- -- -- 

solutions so far:0 maxDepth:10 
iterations:73961220  skipped: 14 
Depth skipped: 
0 0 14 0 0 0 0 0 0 0 0 0 0 0 0 0 0 0 0 0 0 0 0 0 0 0 0 0 0 0 0 0 

running time: 6300 sec
 depth:7
 0  1  2  3  4  5  6  7  8  9  a  b  c  d  e  f 10 11 12 13 14 15 16 17 18 19 1a 1b 1c 1d 1e 1f 20 21 22 23 24 25 26 27 28 29 2a 2b 2c 2d 2e 2f 30 31 32 33 34 35 36 37 38 39 3a 3b 3c 3d 3e 3f 40 41 42 43 44 45 46 47 48 49 4a 4b 4c 4d 4e 4f 50 51 52 53 54 55 56 57 58 59 5a 5b 5c 5d 5e 5f 60 61 62 63 64 65 66 67 68 69 6a 6b 6c 6d 6e 6f 70 71 72 73 74 75 76 77 78 79 7a 7b 7c 7d 7e 7f 80 81 82 83 84 85 86 87 88 89 8a 8b 8c 8d 8e 8f 90 91 92 93 94 95 96 97 98 99 9a 9b 9c 9d 9e 9f a0 a1 a2 a3 a4 a5 a6 a7 a8 a9 aa ab ac ad ae af b0 b1 b2 b3 b4 b5 b6 b7 b8 b9 ba bb bc bd be bf c0 c1 c2 c3 c4 c5 c6 c7 c8 c9 ca cb cc cd ce cf d0 d1 d2 d3 d4 d5 d6 d7 d8 d9 da db dc dd de df e0 e1 e2 e3 e4 e5 e6 e7 e8 e9 ea eb ec ed ee ef f0 f1 f2 f3 f4 f5 f6 f7 f8 f9 fa fb fc fd fe ff 
 0  1  2 1e  4 14 3c 64  8  e 28 67 78 73 c8  c 10 -- 1c 3a 50 d6 ce -- f0 17 e6 -- 47 -- 18 -- 20 -- -- -- 38 -- 74 4f a0 -- 7b -- 4b -- -- 8b 37 -- 2e -- 1b -- -- -- 8e d7 -- -- 30 d1 -- 29 40 aa -- -- -- -- -- -- 70 -- -- de e8 69 9e  5 97 -- -- -- f6 -- -- -- 96 21 -- -- -- 84 c1 -- 6e -- -- -- 5c -- -- e2 36 76 -- 99 -- -- -- -- cb -- 79 4c -- -- -- -- 60 25 75 -- -- -- 52 -- 80 -- 83 ff -- -- -- -- -- -- -- ae -- -- -- cc e0 -- -- -- -- 1d 6b --  7 d8 d2  6 eb  f  a 32 f9 -- -- -- -- 26 -- -- 3b a7 -- -- -- -- -- 71 fb -- 42 -- -- -- -- -- -- 6f df e9 55 -- -- -- dc 9f -- -- -- -- -- -- b8 -- -- d3 -- -- 13 -- 6c  3 ec 19 -- -- e5 -- -- 57 -- 66 -- 94 -- -- 41 -- -- -- f2 -- 98 -- -- -- -- -- -- -- -- -- c0 33 4a -- ea e7 -- -- -- 82 -- -- a4 -- -- -- 

solutions so far:0 maxDepth:10 
iterations:79859270  skipped: 15 
Depth skipped: 
0 0 15 0 0 0 0 0 0 0 0 0 0 0 0 0 0 0 0 0 0 0 0 0 0 0 0 0 0 0 0 0 

running time: 6600 sec

Finished. Total running time: 6871 sec
