Search S-boxes invariant for matrices: 
{0x00,0x02,0x04,0x06,0x08,0x0a,0x0c,0x0e,0x10,0x12,0x14,0x16,0x18,0x1a,0x1c,0x1e,0x20,0x22,0x24,0x26,0x28,0x2a,0x2c,0x2e,0x30,0x32,0x34,0x36,0x38,0x3a,0x3c,0x3e,0x40,0x42,0x44,0x46,0x48,0x4a,0x4c,0x4e,0x50,0x52,0x54,0x56,0x58,0x5a,0x5c,0x5e,0x60,0x62,0x64,0x66,0x68,0x6a,0x6c,0x6e,0x70,0x72,0x74,0x76,0x78,0x7a,0x7c,0x7e,0x80,0x82,0x84,0x86,0x88,0x8a,0x8c,0x8e,0x90,0x92,0x94,0x96,0x98,0x9a,0x9c,0x9e,0xa0,0xa2,0xa4,0xa6,0xa8,0xaa,0xac,0xae,0xb0,0xb2,0xb4,0xb6,0xb8,0xba,0xbc,0xbe,0xc0,0xc2,0xc4,0xc6,0xc8,0xca,0xcc,0xce,0xd0,0xd2,0xd4,0xd6,0xd8,0xda,0xdc,0xde,0xe0,0xe2,0xe4,0xe6,0xe8,0xea,0xec,0xee,0xf0,0xf2,0xf4,0xf6,0xf8,0xfa,0xfc,0xfe,0x39,0x3b,0x3d,0x3f,0x31,0x33,0x35,0x37,0x29,0x2b,0x2d,0x2f,0x21,0x23,0x25,0x27,0x19,0x1b,0x1d,0x1f,0x11,0x13,0x15,0x17,0x09,0x0b,0x0d,0x0f,0x01,0x03,0x05,0x07,0x79,0x7b,0x7d,0x7f,0x71,0x73,0x75,0x77,0x69,0x6b,0x6d,0x6f,0x61,0x63,0x65,0x67,0x59,0x5b,0x5d,0x5f,0x51,0x53,0x55,0x57,0x49,0x4b,0x4d,0x4f,0x41,0x43,0x45,0x47,0xb9,0xbb,0xbd,0xbf,0xb1,0xb3,0xb5,0xb7,0xa9,0xab,0xad,0xaf,0xa1,0xa3,0xa5,0xa7,0x99,0x9b,0x9d,0x9f,0x91,0x93,0x95,0x97,0x89,0x8b,0x8d,0x8f,0x81,0x83,0x85,0x87,0xf9,0xfb,0xfd,0xff,0xf1,0xf3,0xf5,0xf7,0xe9,0xeb,0xed,0xef,0xe1,0xe3,0xe5,0xe7,0xd9,0xdb,0xdd,0xdf,0xd1,0xd3,0xd5,0xd7,0xc9,0xcb,0xcd,0xcf,0xc1,0xc3,0xc5,0xc7};
{0x00,0x02,0x04,0x06,0x08,0x0a,0x0c,0x0e,0x10,0x12,0x14,0x16,0x18,0x1a,0x1c,0x1e,0x20,0x22,0x24,0x26,0x28,0x2a,0x2c,0x2e,0x30,0x32,0x34,0x36,0x38,0x3a,0x3c,0x3e,0x40,0x42,0x44,0x46,0x48,0x4a,0x4c,0x4e,0x50,0x52,0x54,0x56,0x58,0x5a,0x5c,0x5e,0x60,0x62,0x64,0x66,0x68,0x6a,0x6c,0x6e,0x70,0x72,0x74,0x76,0x78,0x7a,0x7c,0x7e,0x80,0x82,0x84,0x86,0x88,0x8a,0x8c,0x8e,0x90,0x92,0x94,0x96,0x98,0x9a,0x9c,0x9e,0xa0,0xa2,0xa4,0xa6,0xa8,0xaa,0xac,0xae,0xb0,0xb2,0xb4,0xb6,0xb8,0xba,0xbc,0xbe,0xc0,0xc2,0xc4,0xc6,0xc8,0xca,0xcc,0xce,0xd0,0xd2,0xd4,0xd6,0xd8,0xda,0xdc,0xde,0xe0,0xe2,0xe4,0xe6,0xe8,0xea,0xec,0xee,0xf0,0xf2,0xf4,0xf6,0xf8,0xfa,0xfc,0xfe,0xd7,0xd5,0xd3,0xd1,0xdf,0xdd,0xdb,0xd9,0xc7,0xc5,0xc3,0xc1,0xcf,0xcd,0xcb,0xc9,0xf7,0xf5,0xf3,0xf1,0xff,0xfd,0xfb,0xf9,0xe7,0xe5,0xe3,0xe1,0xef,0xed,0xeb,0xe9,0x97,0x95,0x93,0x91,0x9f,0x9d,0x9b,0x99,0x87,0x85,0x83,0x81,0x8f,0x8d,0x8b,0x89,0xb7,0xb5,0xb3,0xb1,0xbf,0xbd,0xbb,0xb9,0xa7,0xa5,0xa3,0xa1,0xaf,0xad,0xab,0xa9,0x57,0x55,0x53,0x51,0x5f,0x5d,0x5b,0x59,0x47,0x45,0x43,0x41,0x4f,0x4d,0x4b,0x49,0x77,0x75,0x73,0x71,0x7f,0x7d,0x7b,0x79,0x67,0x65,0x63,0x61,0x6f,0x6d,0x6b,0x69,0x17,0x15,0x13,0x11,0x1f,0x1d,0x1b,0x19,0x07,0x05,0x03,0x01,0x0f,0x0d,0x0b,0x09,0x37,0x35,0x33,0x31,0x3f,0x3d,0x3b,0x39,0x27,0x25,0x23,0x21,0x2f,0x2d,0x2b,0x29};



 depth:8
 0  1  2  3  4  5  6  7  8  9  a  b  c  d  e  f 10 11 12 13 14 15 16 17 18 19 1a 1b 1c 1d 1e 1f 20 21 22 23 24 25 26 27 28 29 2a 2b 2c 2d 2e 2f 30 31 32 33 34 35 36 37 38 39 3a 3b 3c 3d 3e 3f 40 41 42 43 44 45 46 47 48 49 4a 4b 4c 4d 4e 4f 50 51 52 53 54 55 56 57 58 59 5a 5b 5c 5d 5e 5f 60 61 62 63 64 65 66 67 68 69 6a 6b 6c 6d 6e 6f 70 71 72 73 74 75 76 77 78 79 7a 7b 7c 7d 7e 7f 80 81 82 83 84 85 86 87 88 89 8a 8b 8c 8d 8e 8f 90 91 92 93 94 95 96 97 98 99 9a 9b 9c 9d 9e 9f a0 a1 a2 a3 a4 a5 a6 a7 a8 a9 aa ab ac ad ae af b0 b1 b2 b3 b4 b5 b6 b7 b8 b9 ba bb bc bd be bf c0 c1 c2 c3 c4 c5 c6 c7 c8 c9 ca cb cc cd ce cf d0 d1 d2 d3 d4 d5 d6 d7 d8 d9 da db dc dd de df e0 e1 e2 e3 e4 e5 e6 e7 e8 e9 ea eb ec ed ee ef f0 f1 f2 f3 f4 f5 f6 f7 f8 f9 fa fb fc fd fe ff 
 0  1  2 21  4 f9 42 37  8 c3 25 62 84 8c 6e 1d 10 91 51 8f 4a 6c c4 -- df 35 cf -- dc -- 3a -- 20 -- f5 -- a2 5d c9 4f 94 f4 d8 -- 5f -- -- 38 69 -- 6a -- 49 -- -- -- 6f d7 -- -- 74 5c --  5 40 17 -- -- 3d -- -- 89 93 -- ba 1b 45 23 9e a0 ff -- 3f -- 67 -- -- -- be 81 -- -- -- 7d 70 -- d2 -- -- -- d4 -- -- 3b 92 4b -- 2b -- -- -- -- de fc 79  f -- -- -- -- e8 52 b8 -- -- --  a -- 80 -- 2e e9 -- -- -- -- 7a -- -- 1c -- -- c5 cc f1 -- -- -- a3 ac 36 -- 8a 31 46 e5 eb fb 97 f0 29 -- -- -- 7e ec -- -- ce fe -- -- -- -- -- f6 ab -- d5 -- -- -- -- -- -- e6 fa 50 e0 -- -- af 73 28 -- bc -- -- -- -- 7f -- -- 7b -- -- 76 -- f3 99 96 78 -- -- 56 -- --  e -- 66 -- 9f -- -- 6b -- 2f -- f2 -- 1e -- -- -- -- -- -- -- -- --  7 33 a4 -- a7 3c -- -- -- d6 -- -- 14 5e -- -- 

solutions so far:0 maxDepth:9 
iterations:1986816  skipped: 1 
Depth skipped: 
0 0 1 0 0 0 0 0 0 0 0 0 0 0 0 0 0 0 0 0 0 0 0 0 0 0 0 0 0 0 0 0 

running time: 300 sec
 depth:7
 0  1  2  3  4  5  6  7  8  9  a  b  c  d  e  f 10 11 12 13 14 15 16 17 18 19 1a 1b 1c 1d 1e 1f 20 21 22 23 24 25 26 27 28 29 2a 2b 2c 2d 2e 2f 30 31 32 33 34 35 36 37 38 39 3a 3b 3c 3d 3e 3f 40 41 42 43 44 45 46 47 48 49 4a 4b 4c 4d 4e 4f 50 51 52 53 54 55 56 57 58 59 5a 5b 5c 5d 5e 5f 60 61 62 63 64 65 66 67 68 69 6a 6b 6c 6d 6e 6f 70 71 72 73 74 75 76 77 78 79 7a 7b 7c 7d 7e 7f 80 81 82 83 84 85 86 87 88 89 8a 8b 8c 8d 8e 8f 90 91 92 93 94 95 96 97 98 99 9a 9b 9c 9d 9e 9f a0 a1 a2 a3 a4 a5 a6 a7 a8 a9 aa ab ac ad ae af b0 b1 b2 b3 b4 b5 b6 b7 b8 b9 ba bb bc bd be bf c0 c1 c2 c3 c4 c5 c6 c7 c8 c9 ca cb cc cd ce cf d0 d1 d2 d3 d4 d5 d6 d7 d8 d9 da db dc dd de df e0 e1 e2 e3 e4 e5 e6 e7 e8 e9 ea eb ec ed ee ef f0 f1 f2 f3 f4 f5 f6 f7 f8 f9 fa fb fc fd fe ff 
 0  1  2 21  4 f1 42 a6  8 26 35 14 84 52 9b 89 10 -- 4c d3 6a 6c 28 -- df 32 a4 -- e1 -- c5 -- 20 -- -- -- 98 -- 71 4f d4 -- d8 -- 50 -- -- 3d 69 -- 64 -- 9f -- -- -- 15 d7 -- -- 5d fc -- c9 40 3f -- -- -- -- -- -- e7 -- -- 1b e2 ff 9e a2 7f -- -- -- 67 -- -- -- a0 f9 -- -- -- 4a 7a -- d2 -- -- -- c8 -- -- 65 e9 4b -- cb -- -- -- -- 2a -- 79 86 -- -- -- -- ba 2b 2f -- -- -- 45 -- 80 -- 7e 8f -- -- -- -- -- -- -- f5 -- -- -- cc 19 -- -- -- -- 82 36 -- 13  a 29 af eb fb 93 53 fe -- -- -- -- 43 -- -- ce 8e -- -- -- -- -- d9 97 -- 25 -- -- -- -- -- -- e6 94 51 f4 -- -- -- 73 c3 -- -- -- -- -- -- 47 -- -- 87 -- -- ca --  5 bc 96 c2 -- -- 41 -- -- 91 -- 66 -- ac -- -- 54 -- -- -- f2 -- db -- -- -- -- -- -- -- -- -- a3 33 56 -- 5e 61 -- -- -- a8 -- -- 8a -- -- -- 

solutions so far:0 maxDepth:9 
iterations:4305507  skipped: 2 
Depth skipped: 
0 0 2 0 0 0 0 0 0 0 0 0 0 0 0 0 0 0 0 0 0 0 0 0 0 0 0 0 0 0 0 0 

running time: 600 sec
 depth:8
 0  1  2  3  4  5  6  7  8  9  a  b  c  d  e  f 10 11 12 13 14 15 16 17 18 19 1a 1b 1c 1d 1e 1f 20 21 22 23 24 25 26 27 28 29 2a 2b 2c 2d 2e 2f 30 31 32 33 34 35 36 37 38 39 3a 3b 3c 3d 3e 3f 40 41 42 43 44 45 46 47 48 49 4a 4b 4c 4d 4e 4f 50 51 52 53 54 55 56 57 58 59 5a 5b 5c 5d 5e 5f 60 61 62 63 64 65 66 67 68 69 6a 6b 6c 6d 6e 6f 70 71 72 73 74 75 76 77 78 79 7a 7b 7c 7d 7e 7f 80 81 82 83 84 85 86 87 88 89 8a 8b 8c 8d 8e 8f 90 91 92 93 94 95 96 97 98 99 9a 9b 9c 9d 9e 9f a0 a1 a2 a3 a4 a5 a6 a7 a8 a9 aa ab ac ad ae af b0 b1 b2 b3 b4 b5 b6 b7 b8 b9 ba bb bc bd be bf c0 c1 c2 c3 c4 c5 c6 c7 c8 c9 ca cb cc cd ce cf d0 d1 d2 d3 d4 d5 d6 d7 d8 d9 da db dc dd de df e0 e1 e2 e3 e4 e5 e6 e7 e8 e9 ea eb ec ed ee ef f0 f1 f2 f3 f4 f5 f6 f7 f8 f9 fa fb fc fd fe ff 
 0  1  2 21  4 ea 42 d3  8 f3  3 51 84 ac 71 9d 10 24 31 8c  6 6c a2 -- df be 8f -- e2 -- ed -- 20 -- 48 -- 62 ef cf 4f  c 39 d8 -- 93 -- -- 77 69 -- ab -- c9 -- -- -- 13 d7 -- --  d 58 -- 8b 40 16 -- -- 90 -- -- 4e c4 --  9 1b 49 2b 9e d1 18 -- 72 -- 67 -- -- -- f1 6a -- -- -- 7f ee -- d2 -- -- -- 81 -- -- 32 45 4b -- fa -- -- -- -- 26 1f 79 47 -- -- -- -- 1a 60 b0 -- -- -- c1 -- 80 -- 2c ae -- -- -- -- f7 -- -- d0 -- -- 9c cc 5f -- -- -- 12 46 36 -- 92 c3 56 a5 eb fb 75 82 30 -- -- -- e4 c8 -- -- ce 7d -- -- -- -- -- 19 35 -- d4 -- -- -- -- -- -- e6 fe 83  b -- -- 27 73 aa -- f8 -- -- -- -- d5 -- -- e7 -- -- 64 -- 8a b9 96 41 -- -- 23 -- -- 68 -- 66 -- 57 -- -- 4c -- 3e -- f2 -- 8e -- -- -- -- -- -- -- -- -- 34 33 c0 -- b7 cb -- -- -- 98 -- -- 55 7c -- -- 

solutions so far:0 maxDepth:9 
iterations:6703470  skipped: 3 
Depth skipped: 
0 0 3 0 0 0 0 0 0 0 0 0 0 0 0 0 0 0 0 0 0 0 0 0 0 0 0 0 0 0 0 0 

running time: 900 sec
 depth:6
 0  1  2  3  4  5  6  7  8  9  a  b  c  d  e  f 10 11 12 13 14 15 16 17 18 19 1a 1b 1c 1d 1e 1f 20 21 22 23 24 25 26 27 28 29 2a 2b 2c 2d 2e 2f 30 31 32 33 34 35 36 37 38 39 3a 3b 3c 3d 3e 3f 40 41 42 43 44 45 46 47 48 49 4a 4b 4c 4d 4e 4f 50 51 52 53 54 55 56 57 58 59 5a 5b 5c 5d 5e 5f 60 61 62 63 64 65 66 67 68 69 6a 6b 6c 6d 6e 6f 70 71 72 73 74 75 76 77 78 79 7a 7b 7c 7d 7e 7f 80 81 82 83 84 85 86 87 88 89 8a 8b 8c 8d 8e 8f 90 91 92 93 94 95 96 97 98 99 9a 9b 9c 9d 9e 9f a0 a1 a2 a3 a4 a5 a6 a7 a8 a9 aa ab ac ad ae af b0 b1 b2 b3 b4 b5 b6 b7 b8 b9 ba bb bc bd be bf c0 c1 c2 c3 c4 c5 c6 c7 c8 c9 ca cb cc cd ce cf d0 d1 d2 d3 d4 d5 d6 d7 d8 d9 da db dc dd de df e0 e1 e2 e3 e4 e5 e6 e7 e8 e9 ea eb ec ed ee ef f0 f1 f2 f3 f4 f5 f6 f7 f8 f9 fa fb fc fd fe ff 
 0  1  2 21  4 e3 42 93  8 a4 11 7b 84 6e f1 -- 10 -- 9f 94 22 6c f6 -- df 14 dc -- 35 -- -- -- 20 -- -- -- e9 -- ff 4f 44 -- d8 -- 3b -- -- -- 69 -- 28 -- 6f -- -- -- 6a d7 -- -- -- -- -- b5 40 -- -- -- -- -- -- --  5 -- -- 1b 29 f0 9e 4d 88 -- -- -- 67 -- -- -- 76  f -- -- -- 3c -- -- d2 -- -- -- 50 -- -- ac de 4b -- f9 -- -- -- -- d4 -- 79 45 -- -- -- -- -- 59 -- -- -- -- bd -- 80 -- -- b1 -- -- -- -- -- -- -- -- -- -- -- cc  a -- -- -- -- 4a 36 -- 52 d6 37 -- eb fb 9a a2 c7 -- -- -- -- c9 -- -- ce 97 -- -- -- -- -- 56 ec -- 1e -- -- -- -- -- -- e6 78 cd -- -- -- -- 73 8d -- -- -- -- -- -- a0 -- -- 2b -- -- 8f -- 6b -- 96 51 -- -- 25 -- -- -- -- 66 -- b3 -- -- 7f -- -- -- f2 -- 8a -- -- -- -- -- -- -- -- -- -- 33 b2 -- -- c3 -- -- -- fe -- -- ad -- -- -- 

solutions so far:0 maxDepth:9 
iterations:8967661  skipped: 4 
Depth skipped: 
0 0 4 0 0 0 0 0 0 0 0 0 0 0 0 0 0 0 0 0 0 0 0 0 0 0 0 0 0 0 0 0 

running time: 1200 sec
 depth:6
 0  1  2  3  4  5  6  7  8  9  a  b  c  d  e  f 10 11 12 13 14 15 16 17 18 19 1a 1b 1c 1d 1e 1f 20 21 22 23 24 25 26 27 28 29 2a 2b 2c 2d 2e 2f 30 31 32 33 34 35 36 37 38 39 3a 3b 3c 3d 3e 3f 40 41 42 43 44 45 46 47 48 49 4a 4b 4c 4d 4e 4f 50 51 52 53 54 55 56 57 58 59 5a 5b 5c 5d 5e 5f 60 61 62 63 64 65 66 67 68 69 6a 6b 6c 6d 6e 6f 70 71 72 73 74 75 76 77 78 79 7a 7b 7c 7d 7e 7f 80 81 82 83 84 85 86 87 88 89 8a 8b 8c 8d 8e 8f 90 91 92 93 94 95 96 97 98 99 9a 9b 9c 9d 9e 9f a0 a1 a2 a3 a4 a5 a6 a7 a8 a9 aa ab ac ad ae af b0 b1 b2 b3 b4 b5 b6 b7 b8 b9 ba bb bc bd be bf c0 c1 c2 c3 c4 c5 c6 c7 c8 c9 ca cb cc cd ce cf d0 d1 d2 d3 d4 d5 d6 d7 d8 d9 da db dc dd de df e0 e1 e2 e3 e4 e5 e6 e7 e8 e9 ea eb ec ed ee ef f0 f1 f2 f3 f4 f5 f6 f7 f8 f9 fa fb fc fd fe ff 
 0  1  2 21  4 dc 42 fe  8  6 6f b6 84 dd 2b -- 10 --  c d1 de 6c bb -- df c0 6d -- 56 -- -- -- 20 -- -- -- 18 -- 75 4f 6b -- d8 -- a1 -- -- -- 69 -- 57 -- da -- -- -- ac d7 -- -- -- -- --  f 40 -- -- -- -- -- -- -- 30 -- -- 1b ea a9 9e 37 d6 -- -- -- 67 -- -- -- 95 2d -- -- -- b4 -- -- d2 -- -- -- ae -- -- 51 63 4b -- 55 -- -- -- -- 8f -- 79 f1 -- -- -- -- -- f6 -- -- -- -- 1e -- 80 -- -- ec -- -- -- -- -- -- -- -- -- -- -- cc 60 -- -- -- -- 83 36 --  3 5b 85 -- eb fb 6e 7f 7b -- -- -- -- 93 -- -- ce c1 -- -- -- -- -- c3 fd -- 5a -- -- -- -- -- -- e6 bf f0 -- -- -- -- 73 78 -- -- -- -- -- -- 8b -- -- 8a -- -- a2 -- c6 -- 96 d4 -- -- aa -- -- -- -- 66 -- 76 -- -- c9 -- -- -- f2 -- 35 -- -- -- -- -- -- -- -- -- -- 33 3b -- -- 6a -- -- -- 45 -- -- 3c -- -- -- 

solutions so far:0 maxDepth:9 
iterations:11658728  skipped: 4 
Depth skipped: 
0 0 4 0 0 0 0 0 0 0 0 0 0 0 0 0 0 0 0 0 0 0 0 0 0 0 0 0 0 0 0 0 

running time: 1500 sec
 depth:7
 0  1  2  3  4  5  6  7  8  9  a  b  c  d  e  f 10 11 12 13 14 15 16 17 18 19 1a 1b 1c 1d 1e 1f 20 21 22 23 24 25 26 27 28 29 2a 2b 2c 2d 2e 2f 30 31 32 33 34 35 36 37 38 39 3a 3b 3c 3d 3e 3f 40 41 42 43 44 45 46 47 48 49 4a 4b 4c 4d 4e 4f 50 51 52 53 54 55 56 57 58 59 5a 5b 5c 5d 5e 5f 60 61 62 63 64 65 66 67 68 69 6a 6b 6c 6d 6e 6f 70 71 72 73 74 75 76 77 78 79 7a 7b 7c 7d 7e 7f 80 81 82 83 84 85 86 87 88 89 8a 8b 8c 8d 8e 8f 90 91 92 93 94 95 96 97 98 99 9a 9b 9c 9d 9e 9f a0 a1 a2 a3 a4 a5 a6 a7 a8 a9 aa ab ac ad ae af b0 b1 b2 b3 b4 b5 b6 b7 b8 b9 ba bb bc bd be bf c0 c1 c2 c3 c4 c5 c6 c7 c8 c9 ca cb cc cd ce cf d0 d1 d2 d3 d4 d5 d6 d7 d8 d9 da db dc dd de df e0 e1 e2 e3 e4 e5 e6 e7 e8 e9 ea eb ec ed ee ef f0 f1 f2 f3 f4 f5 f6 f7 f8 f9 fa fb fc fd fe ff 
 0  1  2 21  4 d4 42  9  8 ae 7f dd 84 2d 12 2e 10 -- 8b 30 fe 6c 6d -- df 83 5a -- 24 -- 5c -- 20 -- -- -- c1 -- 60 4f 2b -- d8 -- da -- -- 3a 69 -- d1 -- b4 -- -- -- 48 d7 -- -- b8 1c -- c3 40  7 -- -- -- -- -- -- 55 -- -- 1b c0 95 9e 35 56 -- -- -- 67 -- -- -- 63 5b -- -- -- bb 74 -- d2 -- -- -- 75 -- -- 1f bf 4b --  6 -- -- -- -- 90 -- 79 f8 -- -- -- -- a7 8f 38 -- -- -- 51 -- 80 --  e 8a -- -- -- -- -- -- -- 1d -- -- -- cc aa -- -- -- -- 18 36 -- 57 85 fd 17 eb fb 6a ef ac -- -- -- -- 7c -- -- ce  3 -- -- -- -- -- e4 c6 -- b6 -- -- -- -- -- -- e6 a1 f1 e8 -- -- -- 73 93 -- -- -- -- -- -- ea -- -- 72 -- -- 3e -- a9 e0 96 9c -- --  c -- -- e5 -- 66 -- 45 -- -- f7 -- -- -- f2 -- 27 -- -- -- -- -- -- -- -- -- 99 33 c9 -- 70 4e -- -- -- 39 -- -- a2 -- -- -- 

solutions so far:0 maxDepth:9 
iterations:14608259  skipped: 4 
Depth skipped: 
0 0 4 0 0 0 0 0 0 0 0 0 0 0 0 0 0 0 0 0 0 0 0 0 0 0 0 0 0 0 0 0 

running time: 1800 sec
 depth:6
 0  1  2  3  4  5  6  7  8  9  a  b  c  d  e  f 10 11 12 13 14 15 16 17 18 19 1a 1b 1c 1d 1e 1f 20 21 22 23 24 25 26 27 28 29 2a 2b 2c 2d 2e 2f 30 31 32 33 34 35 36 37 38 39 3a 3b 3c 3d 3e 3f 40 41 42 43 44 45 46 47 48 49 4a 4b 4c 4d 4e 4f 50 51 52 53 54 55 56 57 58 59 5a 5b 5c 5d 5e 5f 60 61 62 63 64 65 66 67 68 69 6a 6b 6c 6d 6e 6f 70 71 72 73 74 75 76 77 78 79 7a 7b 7c 7d 7e 7f 80 81 82 83 84 85 86 87 88 89 8a 8b 8c 8d 8e 8f 90 91 92 93 94 95 96 97 98 99 9a 9b 9c 9d 9e 9f a0 a1 a2 a3 a4 a5 a6 a7 a8 a9 aa ab ac ad ae af b0 b1 b2 b3 b4 b5 b6 b7 b8 b9 ba bb bc bd be bf c0 c1 c2 c3 c4 c5 c6 c7 c8 c9 ca cb cc cd ce cf d0 d1 d2 d3 d4 d5 d6 d7 d8 d9 da db dc dd de df e0 e1 e2 e3 e4 e5 e6 e7 e8 e9 ea eb ec ed ee ef f0 f1 f2 f3 f4 f5 f6 f7 f8 f9 fa fb fc fd fe ff 
 0  1  2 21  4 c8 42 ef  8 f1 47 a3 84 bc  9 -- 10 -- 35 c3 8e 6c 91 -- df fe af -- 12 -- -- -- 20 -- -- -- 6a -- 51 4f cb -- d8 -- f5 -- -- -- 69 -- 2b -- 89 -- -- -- 24 d7 -- -- -- -- -- 26 40 -- -- -- -- -- -- -- d4 -- -- 1b a2 2f 9e 32 41 -- -- -- 67 -- -- -- 3d f4 -- -- -- 7e -- -- d2 -- -- -- 56 -- -- e4 c5 4b -- c9 -- -- -- -- 48 -- 79 7c -- -- -- -- -- d3 -- -- -- -- 4c -- 80 -- -- 13 -- -- -- -- -- -- -- -- -- -- -- cc 7f -- -- -- -- 8a 36 -- 93 ba 5e -- eb fb 64 9c 82 -- -- -- -- 3e -- -- ce 8f -- -- -- -- -- 72 7a -- 3f -- -- -- -- -- -- e6 fc 19 -- -- -- -- 73 e7 -- -- -- -- -- -- ac -- -- 39 -- -- 1f -- 5d -- 96 4e -- -- 45 -- -- -- -- 66 -- e2 -- -- 90 -- -- -- f2 -- f8 -- -- -- -- -- -- -- -- -- -- 33 71 -- -- 27 -- -- -- f7 -- -- 98 -- -- -- 

solutions so far:0 maxDepth:9 
iterations:17537693  skipped: 4 
Depth skipped: 
0 0 4 0 0 0 0 0 0 0 0 0 0 0 0 0 0 0 0 0 0 0 0 0 0 0 0 0 0 0 0 0 

running time: 2100 sec
 depth:6
 0  1  2  3  4  5  6  7  8  9  a  b  c  d  e  f 10 11 12 13 14 15 16 17 18 19 1a 1b 1c 1d 1e 1f 20 21 22 23 24 25 26 27 28 29 2a 2b 2c 2d 2e 2f 30 31 32 33 34 35 36 37 38 39 3a 3b 3c 3d 3e 3f 40 41 42 43 44 45 46 47 48 49 4a 4b 4c 4d 4e 4f 50 51 52 53 54 55 56 57 58 59 5a 5b 5c 5d 5e 5f 60 61 62 63 64 65 66 67 68 69 6a 6b 6c 6d 6e 6f 70 71 72 73 74 75 76 77 78 79 7a 7b 7c 7d 7e 7f 80 81 82 83 84 85 86 87 88 89 8a 8b 8c 8d 8e 8f 90 91 92 93 94 95 96 97 98 99 9a 9b 9c 9d 9e 9f a0 a1 a2 a3 a4 a5 a6 a7 a8 a9 aa ab ac ad ae af b0 b1 b2 b3 b4 b5 b6 b7 b8 b9 ba bb bc bd be bf c0 c1 c2 c3 c4 c5 c6 c7 c8 c9 ca cb cc cd ce cf d0 d1 d2 d3 d4 d5 d6 d7 d8 d9 da db dc dd de df e0 e1 e2 e3 e4 e5 e6 e7 e8 e9 ea eb ec ed ee ef f0 f1 f2 f3 f4 f5 f6 f7 f8 f9 fa fb fc fd fe ff 
 0  1  2 21  4 c2 42 2d  8 58 53 94 84 50 5a -- 10 -- b0 ee a6 6c ff -- df 9d a0 -- b4 -- -- -- 20 -- -- -- b7 --  b 4f 9b -- d8 -- 29 -- -- -- 69 -- ed -- 97 -- -- -- bf d7 -- -- -- -- -- d9 40 -- -- -- -- -- -- -- b9 -- -- 1b 16 14 9e db e1 -- -- -- 67 -- -- -- 52 9f -- -- --  5 -- -- d2 -- -- --  d -- -- 63 f9 4b -- 68 -- -- -- -- a9 -- 79 b6 -- -- -- -- -- 2a -- -- -- -- 65 -- 80 -- -- 87 -- -- -- -- -- -- -- -- -- -- -- cc a5 -- -- -- -- 77 36 -- 2c 4a 28 -- eb fb 61 fd 15 -- -- -- -- 5b -- -- ce 34 -- -- -- -- -- da a4 -- e9 -- -- -- -- -- -- e6  a 86 -- -- -- -- 73 43 -- -- -- -- -- -- 1a -- -- 6d -- -- c6 -- 25 -- 96 95 -- -- d0 -- -- -- -- 66 -- a8 -- -- 85 -- -- -- f2 -- bb -- -- -- -- -- -- -- -- -- -- 33 54 -- -- a1 -- -- -- dd -- -- ca -- -- -- 

solutions so far:0 maxDepth:9 
iterations:20524656  skipped: 5 
Depth skipped: 
0 0 5 0 0 0 0 0 0 0 0 0 0 0 0 0 0 0 0 0 0 0 0 0 0 0 0 0 0 0 0 0 

running time: 2400 sec
 depth:7
 0  1  2  3  4  5  6  7  8  9  a  b  c  d  e  f 10 11 12 13 14 15 16 17 18 19 1a 1b 1c 1d 1e 1f 20 21 22 23 24 25 26 27 28 29 2a 2b 2c 2d 2e 2f 30 31 32 33 34 35 36 37 38 39 3a 3b 3c 3d 3e 3f 40 41 42 43 44 45 46 47 48 49 4a 4b 4c 4d 4e 4f 50 51 52 53 54 55 56 57 58 59 5a 5b 5c 5d 5e 5f 60 61 62 63 64 65 66 67 68 69 6a 6b 6c 6d 6e 6f 70 71 72 73 74 75 76 77 78 79 7a 7b 7c 7d 7e 7f 80 81 82 83 84 85 86 87 88 89 8a 8b 8c 8d 8e 8f 90 91 92 93 94 95 96 97 98 99 9a 9b 9c 9d 9e 9f a0 a1 a2 a3 a4 a5 a6 a7 a8 a9 aa ab ac ad ae af b0 b1 b2 b3 b4 b5 b6 b7 b8 b9 ba bb bc bd be bf c0 c1 c2 c3 c4 c5 c6 c7 c8 c9 ca cb cc cd ce cf d0 d1 d2 d3 d4 d5 d6 d7 d8 d9 da db dc dd de df e0 e1 e2 e3 e4 e5 e6 e7 e8 e9 ea eb ec ed ee ef f0 f1 f2 f3 f4 f5 f6 f7 f8 f9 fa fb fc fd fe ff 
 0  1  2 21  4 ba 42 90  8 b0 a3 4c 84 82 f7 74 10 -- b7  b 91 6c 98 -- df ed d3 -- 39 -- e8 -- 20 -- -- -- b9 -- 16 4f f5 -- d8 -- e7 -- -- e0 69 --  d -- 71 -- -- -- 72 d7 -- --  7 a7 -- 2f 40 5c -- -- -- -- -- -- a5 -- -- 1b 2c cb 9e c5 3d -- -- -- 67 -- -- -- 19 64 -- -- -- 47 17 -- d2 -- -- -- 1a -- -- 27 e2 4b -- d0 -- -- -- -- e4 -- 79 ef -- -- -- --  e f4 99 -- -- -- 5e -- 80 -- b8 fc -- -- -- -- -- -- -- 70 -- -- -- cc 9d -- -- -- -- ee 36 -- 58 26 41 3a eb fb 5d 48 7a -- -- -- -- 9c -- -- ce 68 -- -- -- -- -- f8 32 -- c8 -- -- -- -- -- -- e6 8e 89 2e -- -- -- 73 af -- -- -- -- -- -- 34 -- -- 7c -- -- 4e -- 13 1d 96 24 -- -- 77 -- -- 38 -- 66 -- 7e -- -- 1f -- -- -- f2 --  9 -- -- -- -- -- -- -- -- -- 1c 33 3f -- e5 12 -- -- -- 3e -- -- bc -- -- -- 

solutions so far:0 maxDepth:9 
iterations:23182214  skipped: 5 
Depth skipped: 
0 0 5 0 0 0 0 0 0 0 0 0 0 0 0 0 0 0 0 0 0 0 0 0 0 0 0 0 0 0 0 0 

running time: 2700 sec
 depth:7
 0  1  2  3  4  5  6  7  8  9  a  b  c  d  e  f 10 11 12 13 14 15 16 17 18 19 1a 1b 1c 1d 1e 1f 20 21 22 23 24 25 26 27 28 29 2a 2b 2c 2d 2e 2f 30 31 32 33 34 35 36 37 38 39 3a 3b 3c 3d 3e 3f 40 41 42 43 44 45 46 47 48 49 4a 4b 4c 4d 4e 4f 50 51 52 53 54 55 56 57 58 59 5a 5b 5c 5d 5e 5f 60 61 62 63 64 65 66 67 68 69 6a 6b 6c 6d 6e 6f 70 71 72 73 74 75 76 77 78 79 7a 7b 7c 7d 7e 7f 80 81 82 83 84 85 86 87 88 89 8a 8b 8c 8d 8e 8f 90 91 92 93 94 95 96 97 98 99 9a 9b 9c 9d 9e 9f a0 a1 a2 a3 a4 a5 a6 a7 a8 a9 aa ab ac ad ae af b0 b1 b2 b3 b4 b5 b6 b7 b8 b9 ba bb bc bd be bf c0 c1 c2 c3 c4 c5 c6 c7 c8 c9 ca cb cc cd ce cf d0 d1 d2 d3 d4 d5 d6 d7 d8 d9 da db dc dd de df e0 e1 e2 e3 e4 e5 e6 e7 e8 e9 ea eb ec ed ee ef f0 f1 f2 f3 f4 f5 f6 f7 f8 f9 fa fb fc fd fe ff 
 0  1  2 21  4 b5 42 c0  8  d bd a7 84 70 57 1f 10 -- 1a b9 ad 6c 99 -- df 77 e0 -- ae -- 3e -- 20 -- -- -- 34 -- a5 4f 8d -- d8 -- e5 -- -- ef 69 -- ee -- 17 -- -- -- 8b d7 -- -- 7c 90 -- 44 40 24 -- -- -- -- -- -- 68 -- -- 1b 9d 1c 9e b3 cd -- -- -- 67 -- -- -- 1d 74 -- -- --  7  9 -- d2 -- -- --  b -- -- 75 2e 4b -- 58 -- -- -- -- c1 -- 79  6 -- -- -- -- f8 9a f7 -- -- -- 88 -- 80 -- 48 22 -- -- -- -- -- -- -- 9c -- -- -- cc d0 -- -- -- -- b7 36 -- ed b8 38 e4 eb fb b1 60 4d -- -- -- --  3 -- -- ce 2c -- -- -- -- -- d1 3a -- e8 -- -- -- -- -- -- e6  e b2 12 -- -- -- 73 59 -- -- -- -- -- -- 16 -- -- 83 -- -- ea -- 5c 72 96 30 -- -- b0 -- -- 4e -- 66 -- 11 -- -- 55 -- -- -- f2 --  c -- -- -- -- -- -- -- -- -- 27 33 e3 -- 39 18 -- -- -- aa -- -- c7 -- -- -- 

solutions so far:0 maxDepth:9 
iterations:25271102  skipped: 6 
Depth skipped: 
0 0 6 0 0 0 0 0 0 0 0 0 0 0 0 0 0 0 0 0 0 0 0 0 0 0 0 0 0 0 0 0 

running time: 3000 sec
 depth:7
 0  1  2  3  4  5  6  7  8  9  a  b  c  d  e  f 10 11 12 13 14 15 16 17 18 19 1a 1b 1c 1d 1e 1f 20 21 22 23 24 25 26 27 28 29 2a 2b 2c 2d 2e 2f 30 31 32 33 34 35 36 37 38 39 3a 3b 3c 3d 3e 3f 40 41 42 43 44 45 46 47 48 49 4a 4b 4c 4d 4e 4f 50 51 52 53 54 55 56 57 58 59 5a 5b 5c 5d 5e 5f 60 61 62 63 64 65 66 67 68 69 6a 6b 6c 6d 6e 6f 70 71 72 73 74 75 76 77 78 79 7a 7b 7c 7d 7e 7f 80 81 82 83 84 85 86 87 88 89 8a 8b 8c 8d 8e 8f 90 91 92 93 94 95 96 97 98 99 9a 9b 9c 9d 9e 9f a0 a1 a2 a3 a4 a5 a6 a7 a8 a9 aa ab ac ad ae af b0 b1 b2 b3 b4 b5 b6 b7 b8 b9 ba bb bc bd be bf c0 c1 c2 c3 c4 c5 c6 c7 c8 c9 ca cb cc cd ce cf d0 d1 d2 d3 d4 d5 d6 d7 d8 d9 da db dc dd de df e0 e1 e2 e3 e4 e5 e6 e7 e8 e9 ea eb ec ed ee ef f0 f1 f2 f3 f4 f5 f6 f7 f8 f9 fa fb fc fd fe ff 
 0  1  2 21  4 b0 42 78  8 54 b7 6a 84 c3 f0 50 10 -- a8 9b b9 6c d4 -- df ca 51 -- 37 -- a0 -- 20 -- -- -- 87 -- e1 4f a5 -- d8 -- 7f -- -- ff 69 -- 43 -- a2 -- -- -- 6e d7 -- -- 97 e9 -- d0 40 a4 -- -- -- -- -- -- d9 -- -- 1b 15 45 9e 2c 9d -- -- -- 67 -- -- -- fe 56 -- -- -- 8f 29 -- d2 -- -- -- 86 -- -- 7b 93 4b -- c2 -- -- -- -- dc -- 79 76 -- -- -- -- f9  d  5 -- -- -- 77 -- 80 -- 9f 68 -- -- -- -- -- -- -- 94 -- -- -- cc 65 -- -- -- -- a6 36 -- 2a 35 8a 28 eb fb 58 3c ed -- -- -- -- 3b -- -- ce 61 -- -- -- -- -- d6 2b -- ac -- -- -- -- -- -- e6 c9 16 52 -- -- -- 73  b -- -- -- -- -- -- db -- -- 6b -- -- f6 -- f1 14 96 1e -- -- 53 -- -- 4a -- 66 -- 34 -- -- 6f -- -- -- f2 -- ec -- -- -- -- -- -- -- -- -- 25 33 1a --  a  f -- -- -- de -- -- ee -- -- -- 

solutions so far:0 maxDepth:9 
iterations:28019973  skipped: 6 
Depth skipped: 
0 0 6 0 0 0 0 0 0 0 0 0 0 0 0 0 0 0 0 0 0 0 0 0 0 0 0 0 0 0 0 0 

running time: 3300 sec
 depth:7
 0  1  2  3  4  5  6  7  8  9  a  b  c  d  e  f 10 11 12 13 14 15 16 17 18 19 1a 1b 1c 1d 1e 1f 20 21 22 23 24 25 26 27 28 29 2a 2b 2c 2d 2e 2f 30 31 32 33 34 35 36 37 38 39 3a 3b 3c 3d 3e 3f 40 41 42 43 44 45 46 47 48 49 4a 4b 4c 4d 4e 4f 50 51 52 53 54 55 56 57 58 59 5a 5b 5c 5d 5e 5f 60 61 62 63 64 65 66 67 68 69 6a 6b 6c 6d 6e 6f 70 71 72 73 74 75 76 77 78 79 7a 7b 7c 7d 7e 7f 80 81 82 83 84 85 86 87 88 89 8a 8b 8c 8d 8e 8f 90 91 92 93 94 95 96 97 98 99 9a 9b 9c 9d 9e 9f a0 a1 a2 a3 a4 a5 a6 a7 a8 a9 aa ab ac ad ae af b0 b1 b2 b3 b4 b5 b6 b7 b8 b9 ba bb bc bd be bf c0 c1 c2 c3 c4 c5 c6 c7 c8 c9 ca cb cc cd ce cf d0 d1 d2 d3 d4 d5 d6 d7 d8 d9 da db dc dd de df e0 e1 e2 e3 e4 e5 e6 e7 e8 e9 ea eb ec ed ee ef f0 f1 f2 f3 f4 f5 f6 f7 f8 f9 fa fb fc fd fe ff 
 0  1  2 21  4 a7 42 c6  8 57 99 5d 84 2f 5b 11 10 -- ae 18 e5 6c ba -- df aa 5e -- b6 -- 22 -- 20 -- -- -- 8b -- 30 4f 1d -- d8 -- a3 -- -- b3 69 -- 83 -- bc -- -- -- bb d7 -- -- 44 8d -- 38 40 bd -- -- -- -- -- -- c1 -- -- 1b 60 7e 9e 5c 3a -- -- -- 67 -- -- -- 91 3d -- -- -- f4 b1 -- d2 -- -- -- d1 -- -- b4 af 4b --  3 -- -- -- -- a1 -- 79 85 -- -- -- -- 88 e8 cd -- -- -- 70 -- 80 -- ad 1c -- -- -- -- -- -- -- b2 -- -- -- cc 55 -- -- -- --  c 36 -- c0 c5 fc e3 eb fb b8 63 74 -- -- -- -- a9 -- -- ce ea -- -- -- -- -- 5a f5 -- 7a -- -- -- -- -- -- e6 3f 2e b5 -- -- -- 73 17 -- -- -- -- -- -- 75 -- -- 2d -- -- bf -- 89 9a 96 da -- --  6 -- -- 59 -- 66 --  e -- -- 95 -- -- -- f2 -- dd -- -- -- -- -- -- -- -- -- c7 33  7 -- 4d 6d -- -- -- fd -- -- e0 -- -- -- 

solutions so far:0 maxDepth:9 
iterations:31760785  skipped: 7 
Depth skipped: 
0 0 7 0 0 0 0 0 0 0 0 0 0 0 0 0 0 0 0 0 0 0 0 0 0 0 0 0 0 0 0 0 

running time: 3600 sec
 depth:6
 0  1  2  3  4  5  6  7  8  9  a  b  c  d  e  f 10 11 12 13 14 15 16 17 18 19 1a 1b 1c 1d 1e 1f 20 21 22 23 24 25 26 27 28 29 2a 2b 2c 2d 2e 2f 30 31 32 33 34 35 36 37 38 39 3a 3b 3c 3d 3e 3f 40 41 42 43 44 45 46 47 48 49 4a 4b 4c 4d 4e 4f 50 51 52 53 54 55 56 57 58 59 5a 5b 5c 5d 5e 5f 60 61 62 63 64 65 66 67 68 69 6a 6b 6c 6d 6e 6f 70 71 72 73 74 75 76 77 78 79 7a 7b 7c 7d 7e 7f 80 81 82 83 84 85 86 87 88 89 8a 8b 8c 8d 8e 8f 90 91 92 93 94 95 96 97 98 99 9a 9b 9c 9d 9e 9f a0 a1 a2 a3 a4 a5 a6 a7 a8 a9 aa ab ac ad ae af b0 b1 b2 b3 b4 b5 b6 b7 b8 b9 ba bb bc bd be bf c0 c1 c2 c3 c4 c5 c6 c7 c8 c9 ca cb cc cd ce cf d0 d1 d2 d3 d4 d5 d6 d7 d8 d9 da db dc dd de df e0 e1 e2 e3 e4 e5 e6 e7 e8 e9 ea eb ec ed ee ef f0 f1 f2 f3 f4 f5 f6 f7 f8 f9 fa fb fc fd fe ff 
 0  1  2 21  4 9c 42 a0  8 8e ef 3d 84 c5 97 -- 10 -- cb 32  9 6c 7a -- df 71 5d -- f9 -- -- -- 20 -- -- -- 41 -- 64 4f 12 -- d8 -- f4 -- -- -- 69 -- e2 -- ba -- -- -- 25 d7 -- -- -- -- -- e4 40 -- -- -- -- -- -- -- 82 -- -- 1b c8 af 9e 27 24 -- -- -- 67 -- -- -- 3f fc -- -- -- 5e -- -- d2 -- -- -- 13 -- -- a4 a3 4b -- 98 -- -- -- -- 4a -- 79  5 -- -- -- -- -- 90 -- -- -- -- 1f -- 80 -- -- 72 -- -- -- -- -- -- -- -- -- -- -- cc d3 -- -- -- -- 19 36 -- 47 f5 89 -- eb fb 4e 50 48 -- -- -- -- e9 -- -- ce 4c -- -- -- -- -- 52 7e -- 2f -- -- -- -- -- -- e6 bc f8 -- -- -- -- 73 7c -- -- -- -- -- -- 26 -- -- 29 -- -- 9f -- 91 -- 96 28 -- -- e7 -- -- -- -- 66 -- 39 -- -- 94 -- -- -- f2 --  a -- -- -- -- -- -- -- -- -- -- 33 f7 -- -- 14 -- -- -- ff -- -- 3e -- -- -- 

solutions so far:0 maxDepth:9 
iterations:34957133  skipped: 9 
Depth skipped: 
0 0 9 0 0 0 0 0 0 0 0 0 0 0 0 0 0 0 0 0 0 0 0 0 0 0 0 0 0 0 0 0 

running time: 3900 sec
 depth:6
 0  1  2  3  4  5  6  7  8  9  a  b  c  d  e  f 10 11 12 13 14 15 16 17 18 19 1a 1b 1c 1d 1e 1f 20 21 22 23 24 25 26 27 28 29 2a 2b 2c 2d 2e 2f 30 31 32 33 34 35 36 37 38 39 3a 3b 3c 3d 3e 3f 40 41 42 43 44 45 46 47 48 49 4a 4b 4c 4d 4e 4f 50 51 52 53 54 55 56 57 58 59 5a 5b 5c 5d 5e 5f 60 61 62 63 64 65 66 67 68 69 6a 6b 6c 6d 6e 6f 70 71 72 73 74 75 76 77 78 79 7a 7b 7c 7d 7e 7f 80 81 82 83 84 85 86 87 88 89 8a 8b 8c 8d 8e 8f 90 91 92 93 94 95 96 97 98 99 9a 9b 9c 9d 9e 9f a0 a1 a2 a3 a4 a5 a6 a7 a8 a9 aa ab ac ad ae af b0 b1 b2 b3 b4 b5 b6 b7 b8 b9 ba bb bc bd be bf c0 c1 c2 c3 c4 c5 c6 c7 c8 c9 ca cb cc cd ce cf d0 d1 d2 d3 d4 d5 d6 d7 d8 d9 da db dc dd de df e0 e1 e2 e3 e4 e5 e6 e7 e8 e9 ea eb ec ed ee ef f0 f1 f2 f3 f4 f5 f6 f7 f8 f9 fa fb fc fd fe ff 
 0  1  2 21  4 91 42 8b  8 48 f5 6e 84  f c1 -- 10 -- 90 ef 3d 6c dc -- df e4 1e -- 55 -- -- -- 20 -- -- -- f7 --  9 4f 7a -- d8 -- 6f -- -- -- 69 -- 1f -- 3c -- -- -- aa d7 -- -- -- -- -- bc 40 -- -- -- -- -- -- -- 39 -- -- 1b 12 76 9e ba f4 -- -- -- 67 -- -- -- de d6 -- -- -- f6 -- -- d2 -- -- -- 3e -- --  6 78 4b -- 27 -- -- -- -- 83 -- 79 30 -- -- -- -- -- 7e -- -- -- -- af -- 80 -- -- 5e -- -- -- -- -- -- -- -- -- -- -- cc 72 -- -- -- -- 9c 36 -- 24 37 ec -- eb fb a3 ae 3f -- -- -- -- 18 -- -- ce f8 -- -- -- -- --  3 6b -- 7b -- -- -- -- -- -- e6 3b 5d -- -- -- -- 73 c5 -- -- -- -- -- -- 7c -- -- ea -- --  c -- f0 -- 96 57 -- -- 4e -- -- -- -- 66 -- 2f -- -- d1 -- -- -- f2 -- 60 -- -- -- -- -- -- -- -- -- -- 33 fc -- -- c0 -- -- -- 75 -- -- 89 -- -- -- 

solutions so far:0 maxDepth:9 
iterations:39596999  skipped: 10 
Depth skipped: 
0 0 10 0 0 0 0 0 0 0 0 0 0 0 0 0 0 0 0 0 0 0 0 0 0 0 0 0 0 0 0 0 

running time: 4200 sec
 depth:7
 0  1  2  3  4  5  6  7  8  9  a  b  c  d  e  f 10 11 12 13 14 15 16 17 18 19 1a 1b 1c 1d 1e 1f 20 21 22 23 24 25 26 27 28 29 2a 2b 2c 2d 2e 2f 30 31 32 33 34 35 36 37 38 39 3a 3b 3c 3d 3e 3f 40 41 42 43 44 45 46 47 48 49 4a 4b 4c 4d 4e 4f 50 51 52 53 54 55 56 57 58 59 5a 5b 5c 5d 5e 5f 60 61 62 63 64 65 66 67 68 69 6a 6b 6c 6d 6e 6f 70 71 72 73 74 75 76 77 78 79 7a 7b 7c 7d 7e 7f 80 81 82 83 84 85 86 87 88 89 8a 8b 8c 8d 8e 8f 90 91 92 93 94 95 96 97 98 99 9a 9b 9c 9d 9e 9f a0 a1 a2 a3 a4 a5 a6 a7 a8 a9 aa ab ac ad ae af b0 b1 b2 b3 b4 b5 b6 b7 b8 b9 ba bb bc bd be bf c0 c1 c2 c3 c4 c5 c6 c7 c8 c9 ca cb cc cd ce cf d0 d1 d2 d3 d4 d5 d6 d7 d8 d9 da db dc dd de df e0 e1 e2 e3 e4 e5 e6 e7 e8 e9 ea eb ec ed ee ef f0 f1 f2 f3 f4 f5 f6 f7 f8 f9 fa fb fc fd fe ff 
 0  1  2 21  4 7f 42 e0  8 82 fe 97 84  5 17 55 10 -- d3 47 2b 6c f9 -- df 26  a -- 2e -- aa -- 20 -- -- -- 71 -- 8e 4f 56 -- d8 -- 25 -- --  6 69 -- 4c -- 14 -- -- -- 5c d7 -- -- 83 c0 -- 51 40 30 -- -- -- -- -- -- e2 -- -- 1b cb 9f 9e 6a ac -- -- -- 67 -- -- -- 4a ff -- -- -- 52  c -- d2 -- -- -- 98 -- -- 3a 28 4b -- 32 -- -- -- -- b8 -- 79  7 -- -- -- -- d1 c9 57 -- -- -- a2 -- 80 -- 60 c3 -- -- -- -- -- -- --  3 -- -- -- cc 13 -- -- -- -- c8 36 -- 41 a0 e9 c1 eb fb d4 70 8f -- -- -- -- e8 -- -- ce 19 -- -- -- -- -- 1d 94 -- 29 -- -- -- -- -- -- e6 a4 35 18 -- -- -- 73 f1 -- -- -- -- -- -- e7 -- -- e5 -- -- 74 -- 50 8b 96 38 -- -- 64 -- -- ea -- 66 -- 8a -- -- a7 -- -- -- f2 --  e -- -- -- -- -- -- -- -- -- 75 33 45 -- ae 1c -- -- -- 99 -- -- 93 -- -- -- 

solutions so far:0 maxDepth:9 
iterations:45105396  skipped: 10 
Depth skipped: 
0 0 10 0 0 0 0 0 0 0 0 0 0 0 0 0 0 0 0 0 0 0 0 0 0 0 0 0 0 0 0 0 

running time: 4500 sec
 depth:7
 0  1  2  3  4  5  6  7  8  9  a  b  c  d  e  f 10 11 12 13 14 15 16 17 18 19 1a 1b 1c 1d 1e 1f 20 21 22 23 24 25 26 27 28 29 2a 2b 2c 2d 2e 2f 30 31 32 33 34 35 36 37 38 39 3a 3b 3c 3d 3e 3f 40 41 42 43 44 45 46 47 48 49 4a 4b 4c 4d 4e 4f 50 51 52 53 54 55 56 57 58 59 5a 5b 5c 5d 5e 5f 60 61 62 63 64 65 66 67 68 69 6a 6b 6c 6d 6e 6f 70 71 72 73 74 75 76 77 78 79 7a 7b 7c 7d 7e 7f 80 81 82 83 84 85 86 87 88 89 8a 8b 8c 8d 8e 8f 90 91 92 93 94 95 96 97 98 99 9a 9b 9c 9d 9e 9f a0 a1 a2 a3 a4 a5 a6 a7 a8 a9 aa ab ac ad ae af b0 b1 b2 b3 b4 b5 b6 b7 b8 b9 ba bb bc bd be bf c0 c1 c2 c3 c4 c5 c6 c7 c8 c9 ca cb cc cd ce cf d0 d1 d2 d3 d4 d5 d6 d7 d8 d9 da db dc dd de df e0 e1 e2 e3 e4 e5 e6 e7 e8 e9 ea eb ec ed ee ef f0 f1 f2 f3 f4 f5 f6 f7 f8 f9 fa fb fc fd fe ff 
 0  1  2 21  4 72 42 e0  8 56 e4 4c 84 82 17  b 10 -- ac d4 1f 6c 98 -- df 8a d3 -- 2e -- 16 -- 20 -- -- -- 8f -- 7f 4f 3e -- d8 -- e7 -- -- a5 69 -- c3 -- 71 -- -- -- 5c d7 -- -- 2c 34 --  9 40  d -- -- -- -- -- -- c9 -- -- 1b fe cb 9e f7 7c -- -- -- 67 -- -- -- 19 64 -- -- -- 47 9d -- d2 -- -- -- 51 -- -- 3a e2 4b -- f1 -- -- -- -- b8 -- 79  7 -- -- -- -- 58 27 68 -- -- -- 12 -- 80 -- 1a ef -- -- -- -- -- -- -- b9 -- -- -- cc 45 -- -- -- -- 6a 36 -- 2b 26 41 ee eb fb 39 70 f8 -- -- -- -- e8 -- -- ce 93 -- -- -- -- -- 1d 32 -- c8 -- -- -- -- -- -- e6 8e 90 ed -- -- -- 73 48 -- -- -- -- -- -- a2 -- -- e5 -- -- 74 -- 13 77 96 38 -- -- 35 -- -- b7 -- 66 -- 9c -- -- a7 -- -- -- f2 --  e -- -- -- -- -- -- -- -- -- b0 33 4e -- d0 1c -- -- -- 99 -- -- 24 -- -- -- 

solutions so far:0 maxDepth:9 
iterations:49170572  skipped: 11 
Depth skipped: 
0 0 11 0 0 0 0 0 0 0 0 0 0 0 0 0 0 0 0 0 0 0 0 0 0 0 0 0 0 0 0 0 

running time: 4800 sec
 depth:6
 0  1  2  3  4  5  6  7  8  9  a  b  c  d  e  f 10 11 12 13 14 15 16 17 18 19 1a 1b 1c 1d 1e 1f 20 21 22 23 24 25 26 27 28 29 2a 2b 2c 2d 2e 2f 30 31 32 33 34 35 36 37 38 39 3a 3b 3c 3d 3e 3f 40 41 42 43 44 45 46 47 48 49 4a 4b 4c 4d 4e 4f 50 51 52 53 54 55 56 57 58 59 5a 5b 5c 5d 5e 5f 60 61 62 63 64 65 66 67 68 69 6a 6b 6c 6d 6e 6f 70 71 72 73 74 75 76 77 78 79 7a 7b 7c 7d 7e 7f 80 81 82 83 84 85 86 87 88 89 8a 8b 8c 8d 8e 8f 90 91 92 93 94 95 96 97 98 99 9a 9b 9c 9d 9e 9f a0 a1 a2 a3 a4 a5 a6 a7 a8 a9 aa ab ac ad ae af b0 b1 b2 b3 b4 b5 b6 b7 b8 b9 ba bb bc bd be bf c0 c1 c2 c3 c4 c5 c6 c7 c8 c9 ca cb cc cd ce cf d0 d1 d2 d3 d4 d5 d6 d7 d8 d9 da db dc dd de df e0 e1 e2 e3 e4 e5 e6 e7 e8 e9 ea eb ec ed ee ef f0 f1 f2 f3 f4 f5 f6 f7 f8 f9 fa fb fc fd fe ff 
 0  1  2 21  4 62 42  6  8 f4 c4 6d 84 5a  c -- 10 -- 3f 91 5f 6c da -- df 5e b4 -- 18 -- -- -- 20 -- -- -- 7e -- f5 4f be -- d8 -- 63 -- -- -- 69 -- bc -- bf -- -- -- 30 d7 -- -- -- -- -- 46 40 -- -- -- -- -- -- -- fc -- -- 1b 3d fd 9e f3 ab -- -- -- 67 -- -- -- c6 b6 -- -- -- a1 -- -- d2 -- -- -- af -- -- c1 a9 4b -- 5d -- -- -- -- 60 -- 79 83 -- -- -- -- -- d5 -- -- -- -- 8c -- 80 -- -- 23 -- -- -- -- -- -- -- -- -- -- -- cc 2f -- -- -- -- a3 36 -- 7a dd 2d -- eb fb 31  3 81 -- -- -- -- aa -- -- ce c5 -- -- -- -- -- 8b 5b -- bb -- -- -- -- -- -- e6 95 92 -- -- -- -- 73 49 -- -- -- -- -- -- 89 -- -- ae -- -- 55 -- 85 -- 96 ea -- -- ba -- -- -- -- 66 -- fa -- -- c0 -- -- -- f2 -- d1 -- -- -- -- -- -- -- -- -- -- 33 7d -- -- 75 -- -- -- 57 -- -- cf -- -- -- 

solutions so far:0 maxDepth:9 
iterations:53661960  skipped: 11 
Depth skipped: 
0 0 11 0 0 0 0 0 0 0 0 0 0 0 0 0 0 0 0 0 0 0 0 0 0 0 0 0 0 0 0 0 

running time: 5100 sec
 depth:7
 0  1  2  3  4  5  6  7  8  9  a  b  c  d  e  f 10 11 12 13 14 15 16 17 18 19 1a 1b 1c 1d 1e 1f 20 21 22 23 24 25 26 27 28 29 2a 2b 2c 2d 2e 2f 30 31 32 33 34 35 36 37 38 39 3a 3b 3c 3d 3e 3f 40 41 42 43 44 45 46 47 48 49 4a 4b 4c 4d 4e 4f 50 51 52 53 54 55 56 57 58 59 5a 5b 5c 5d 5e 5f 60 61 62 63 64 65 66 67 68 69 6a 6b 6c 6d 6e 6f 70 71 72 73 74 75 76 77 78 79 7a 7b 7c 7d 7e 7f 80 81 82 83 84 85 86 87 88 89 8a 8b 8c 8d 8e 8f 90 91 92 93 94 95 96 97 98 99 9a 9b 9c 9d 9e 9f a0 a1 a2 a3 a4 a5 a6 a7 a8 a9 aa ab ac ad ae af b0 b1 b2 b3 b4 b5 b6 b7 b8 b9 ba bb bc bd be bf c0 c1 c2 c3 c4 c5 c6 c7 c8 c9 ca cb cc cd ce cf d0 d1 d2 d3 d4 d5 d6 d7 d8 d9 da db dc dd de df e0 e1 e2 e3 e4 e5 e6 e7 e8 e9 ea eb ec ed ee ef f0 f1 f2 f3 f4 f5 f6 f7 f8 f9 fa fb fc fd fe ff 
 0  1  2 21  4 55 42 32  8 95 aa ed 84 58 64 6a 10 -- fd 5b 83 6c  d -- df bf b0 -- c8 -- d4 -- 20 -- -- -- 2d -- b6 4f d1 -- d8 -- 1a -- -- 8f 69 -- a9 -- b7 -- -- -- 47 d7 -- -- 7f 51 -- 30 40 8a -- -- -- -- -- -- 5a -- -- 1b bb 16 9e 8b 75 -- -- -- 67 -- -- -- 34 d0 -- -- -- ee c9 -- d2 -- -- -- 85 -- -- 71 b9 4b -- da -- -- -- -- 8e -- 79 26 -- -- -- -- fe  3 a2 -- -- -- 60 -- 80 -- c3 18 -- -- -- -- -- -- -- ac -- -- -- cc b4 -- -- -- -- c6 36 -- a1 9d 2c 35 eb fb c1 19 ea -- -- -- -- 13 -- -- ce 6d -- -- -- -- -- d3 68 -- 77 -- -- -- -- -- -- e6  b ae 45 -- -- -- 73 57 -- -- -- -- -- -- dd -- -- 82 -- -- e2 -- a5 f1 96 e7 -- -- 63 -- -- 56 -- 66 --  c -- -- cb -- -- -- f2 -- 4c -- -- -- -- -- -- -- -- -- 2b 33  6 -- 93 98 -- -- -- 41 -- -- c0 -- -- -- 

solutions so far:0 maxDepth:9 
iterations:58540076  skipped: 12 
Depth skipped: 
0 0 12 0 0 0 0 0 0 0 0 0 0 0 0 0 0 0 0 0 0 0 0 0 0 0 0 0 0 0 0 0 

running time: 5400 sec
 depth:6
 0  1  2  3  4  5  6  7  8  9  a  b  c  d  e  f 10 11 12 13 14 15 16 17 18 19 1a 1b 1c 1d 1e 1f 20 21 22 23 24 25 26 27 28 29 2a 2b 2c 2d 2e 2f 30 31 32 33 34 35 36 37 38 39 3a 3b 3c 3d 3e 3f 40 41 42 43 44 45 46 47 48 49 4a 4b 4c 4d 4e 4f 50 51 52 53 54 55 56 57 58 59 5a 5b 5c 5d 5e 5f 60 61 62 63 64 65 66 67 68 69 6a 6b 6c 6d 6e 6f 70 71 72 73 74 75 76 77 78 79 7a 7b 7c 7d 7e 7f 80 81 82 83 84 85 86 87 88 89 8a 8b 8c 8d 8e 8f 90 91 92 93 94 95 96 97 98 99 9a 9b 9c 9d 9e 9f a0 a1 a2 a3 a4 a5 a6 a7 a8 a9 aa ab ac ad ae af b0 b1 b2 b3 b4 b5 b6 b7 b8 b9 ba bb bc bd be bf c0 c1 c2 c3 c4 c5 c6 c7 c8 c9 ca cb cc cd ce cf d0 d1 d2 d3 d4 d5 d6 d7 d8 d9 da db dc dd de df e0 e1 e2 e3 e4 e5 e6 e7 e8 e9 ea eb ec ed ee ef f0 f1 f2 f3 f4 f5 f6 f7 f8 f9 fa fb fc fd fe ff 
 0  1  2 21  4 46 42 c3  8 c1 8c 3f 84 a3 51 -- 10 -- 55 c0 cf 6c 7e -- df 75 91 -- a2 -- -- -- 20 -- -- -- aa -- 57 4f 49 -- d8 -- fc -- -- -- 69 -- ea -- f5 -- -- -- 93 d7 -- -- -- -- -- be 40 -- -- -- -- -- -- -- 83 -- -- 1b ae 5d 9e fa 92 -- -- -- 67 -- -- -- 2f bc -- -- -- 89 -- -- d2 -- -- --  3 -- -- fe 3d 4b -- 18 -- -- -- -- f1 -- 79 ac -- -- -- -- -- 31 -- -- -- -- ab -- 80 -- -- 5f -- -- -- -- -- -- -- -- -- -- -- cc d1 -- -- -- -- 60 36 -- 8b f4 ba -- eb fb 23 8a f3 -- -- -- -- 56 -- -- ce  c -- -- -- -- -- 7f 5e -- af -- -- -- -- -- -- e6 c5 7d -- -- -- -- 73 d5 -- -- -- -- -- --  6 -- -- d4 -- -- 2b -- 7a -- 96 45 -- -- 30 -- -- -- -- 66 -- c4 -- -- 35 -- -- -- f2 -- 8f -- -- -- -- -- -- -- -- -- -- 33 62 -- -- c9 -- -- -- 6a -- -- 81 -- -- -- 

solutions so far:0 maxDepth:9 
iterations:63667355  skipped: 14 
Depth skipped: 
0 0 14 0 0 0 0 0 0 0 0 0 0 0 0 0 0 0 0 0 0 0 0 0 0 0 0 0 0 0 0 0 

running time: 5700 sec
 depth:6
 0  1  2  3  4  5  6  7  8  9  a  b  c  d  e  f 10 11 12 13 14 15 16 17 18 19 1a 1b 1c 1d 1e 1f 20 21 22 23 24 25 26 27 28 29 2a 2b 2c 2d 2e 2f 30 31 32 33 34 35 36 37 38 39 3a 3b 3c 3d 3e 3f 40 41 42 43 44 45 46 47 48 49 4a 4b 4c 4d 4e 4f 50 51 52 53 54 55 56 57 58 59 5a 5b 5c 5d 5e 5f 60 61 62 63 64 65 66 67 68 69 6a 6b 6c 6d 6e 6f 70 71 72 73 74 75 76 77 78 79 7a 7b 7c 7d 7e 7f 80 81 82 83 84 85 86 87 88 89 8a 8b 8c 8d 8e 8f 90 91 92 93 94 95 96 97 98 99 9a 9b 9c 9d 9e 9f a0 a1 a2 a3 a4 a5 a6 a7 a8 a9 aa ab ac ad ae af b0 b1 b2 b3 b4 b5 b6 b7 b8 b9 ba bb bc bd be bf c0 c1 c2 c3 c4 c5 c6 c7 c8 c9 ca cb cc cd ce cf d0 d1 d2 d3 d4 d5 d6 d7 d8 d9 da db dc dd de df e0 e1 e2 e3 e4 e5 e6 e7 e8 e9 ea eb ec ed ee ef f0 f1 f2 f3 f4 f5 f6 f7 f8 f9 fa fb fc fd fe ff 
 0  1  2 21  4 35 42 1a  8 ad 6a d9 84 e1 34 -- 10 -- 8d b3 d4 6c 65 -- df e3 15 -- 68 -- -- -- 20 -- -- -- cd -- b1 4f 7f -- d8 -- ca -- -- -- 69 -- 11 -- 2a -- -- -- d0 d7 -- -- -- -- -- 45 40 -- -- -- -- -- -- -- 4d -- -- 1b b5 a6 9e 93 fe -- -- -- 67 -- -- -- 43 db -- -- -- c2 -- -- d2 -- -- -- 22 -- -- 58 54 4b -- c7 -- -- -- -- 77 -- 79 b9 -- -- -- -- -- 56 -- -- -- -- 8a -- 80 -- -- c9 -- -- -- -- -- -- -- -- -- -- -- cc 9a -- -- -- -- b2 36 -- bd 87 9b -- eb fb f1  d 2b -- -- -- -- b7 -- -- ce 88 -- -- -- -- -- 2c 86 -- 61 -- -- -- -- -- -- e6 53 a2 -- -- -- -- 73 51 -- -- -- -- -- -- 44 -- -- 16 -- -- b0 -- a8 -- 96 ed -- -- 59 -- -- -- -- 66 -- 8f -- -- ee -- -- -- f2 -- a5 -- -- -- -- -- -- -- -- -- -- 33 ac -- -- 9d -- -- --  b -- -- c3 -- -- -- 

solutions so far:0 maxDepth:9 
iterations:69086591  skipped: 15 
Depth skipped: 
0 0 15 0 0 0 0 0 0 0 0 0 0 0 0 0 0 0 0 0 0 0 0 0 0 0 0 0 0 0 0 0 

running time: 6000 sec
 depth:7
 0  1  2  3  4  5  6  7  8  9  a  b  c  d  e  f 10 11 12 13 14 15 16 17 18 19 1a 1b 1c 1d 1e 1f 20 21 22 23 24 25 26 27 28 29 2a 2b 2c 2d 2e 2f 30 31 32 33 34 35 36 37 38 39 3a 3b 3c 3d 3e 3f 40 41 42 43 44 45 46 47 48 49 4a 4b 4c 4d 4e 4f 50 51 52 53 54 55 56 57 58 59 5a 5b 5c 5d 5e 5f 60 61 62 63 64 65 66 67 68 69 6a 6b 6c 6d 6e 6f 70 71 72 73 74 75 76 77 78 79 7a 7b 7c 7d 7e 7f 80 81 82 83 84 85 86 87 88 89 8a 8b 8c 8d 8e 8f 90 91 92 93 94 95 96 97 98 99 9a 9b 9c 9d 9e 9f a0 a1 a2 a3 a4 a5 a6 a7 a8 a9 aa ab ac ad ae af b0 b1 b2 b3 b4 b5 b6 b7 b8 b9 ba bb bc bd be bf c0 c1 c2 c3 c4 c5 c6 c7 c8 c9 ca cb cc cd ce cf d0 d1 d2 d3 d4 d5 d6 d7 d8 d9 da db dc dd de df e0 e1 e2 e3 e4 e5 e6 e7 e8 e9 ea eb ec ed ee ef f0 f1 f2 f3 f4 f5 f6 f7 f8 f9 fa fb fc fd fe ff 
 0  1  2 21  4 1a 42 c4  8 bf 34 a4 84 25 5f ac 10 -- a9 fd 68 6c 9f -- df da 4a -- be -- 8f -- 20 -- -- -- 85 -- 2d 4f d0 -- d8 -- e9 -- -- a2 69 -- 63 -- 94 -- -- -- ab d7 -- -- c9 d4 -- b0 40 35 -- -- -- -- -- -- dd -- -- 1b 5a 97 9e ed 77 -- -- -- 67 -- -- --  5 14 -- -- -- 50 93 -- d2 -- -- -- c6 -- -- 46 ff 4b -- bb -- -- -- -- 81 -- 79 49 -- -- -- -- 45  b 7f -- -- -- b7 -- 80 -- 6a 58 -- -- -- -- -- -- -- 51 -- -- -- cc 6d -- -- -- -- 95 36 -- b4 52 f9 56 eb fb  d 62 ee -- -- -- -- cf -- -- ce b6 -- -- -- -- -- 23  a -- 28 -- -- -- -- -- -- e6 a0 9d f1 -- -- -- 73 a5 -- -- -- -- -- -- 5b -- -- fa -- -- 8c -- 29 2b 96 31 -- -- a1 -- -- c3 -- 66 -- 2c -- -- d5 -- -- -- f2 -- 92 -- -- -- -- -- -- -- -- -- 8a 33 16 -- fe f3 -- -- -- 7d -- -- b9 -- -- -- 

solutions so far:0 maxDepth:10 
iterations:74897513  skipped: 17 
Depth skipped: 
0 0 17 0 0 0 0 0 0 0 0 0 0 0 0 0 0 0 0 0 0 0 0 0 0 0 0 0 0 0 0 0 

running time: 6300 sec
 depth:7
 0  1  2  3  4  5  6  7  8  9  a  b  c  d  e  f 10 11 12 13 14 15 16 17 18 19 1a 1b 1c 1d 1e 1f 20 21 22 23 24 25 26 27 28 29 2a 2b 2c 2d 2e 2f 30 31 32 33 34 35 36 37 38 39 3a 3b 3c 3d 3e 3f 40 41 42 43 44 45 46 47 48 49 4a 4b 4c 4d 4e 4f 50 51 52 53 54 55 56 57 58 59 5a 5b 5c 5d 5e 5f 60 61 62 63 64 65 66 67 68 69 6a 6b 6c 6d 6e 6f 70 71 72 73 74 75 76 77 78 79 7a 7b 7c 7d 7e 7f 80 81 82 83 84 85 86 87 88 89 8a 8b 8c 8d 8e 8f 90 91 92 93 94 95 96 97 98 99 9a 9b 9c 9d 9e 9f a0 a1 a2 a3 a4 a5 a6 a7 a8 a9 aa ab ac ad ae af b0 b1 b2 b3 b4 b5 b6 b7 b8 b9 ba bb bc bd be bf c0 c1 c2 c3 c4 c5 c6 c7 c8 c9 ca cb cc cd ce cf d0 d1 d2 d3 d4 d5 d6 d7 d8 d9 da db dc dd de df e0 e1 e2 e3 e4 e5 e6 e7 e8 e9 ea eb ec ed ee ef f0 f1 f2 f3 f4 f5 f6 f7 f8 f9 fa fb fc fd fe ff 
 0  1  2 21  4  9 42 fe  8 a5 12 b5 84 88 2b 30 10 -- 9d 58 24 6c bd -- df 34 c7 -- 56 -- 60 -- 20 -- -- -- ed -- b0 4f 48 -- d8 -- ad -- -- 55 69 -- 68 -- 59 -- -- -- ac d7 -- -- c0 ea -- 3e 40 d1 -- -- -- -- -- --  d -- -- 1b b7 22 9e 9c 90 -- -- -- 67 -- -- -- 8d 4d -- -- -- e3 aa -- d2 -- -- -- d0 -- -- 51 b2 4b --  b -- -- -- -- 8f -- 79 f1 -- -- -- -- 57 39  3 -- -- -- 7c -- 80 -- 75 1f -- -- -- -- -- -- -- c1 -- -- -- cc 1a -- -- -- -- 2c 36 -- b9 b1 44 18 eb fb ef 7f f7 -- -- -- -- 93 -- -- ce ee -- -- -- -- -- c3 cd -- 9a -- -- -- -- -- -- e6 11 4e 83 -- -- -- 73 27 -- -- -- -- -- -- 77 -- -- 8a -- -- a2 -- b3  c 96 d4 -- -- 16 -- -- 8b -- 66 -- e4 -- -- c9 -- -- -- f2 -- 35 -- -- -- -- -- -- -- -- -- ae 33 72 --  6 6a -- -- -- 45 -- -- f8 -- -- -- 

solutions so far:0 maxDepth:10 
iterations:80902810  skipped: 20 
Depth skipped: 
0 0 20 0 0 0 0 0 0 0 0 0 0 0 0 0 0 0 0 0 0 0 0 0 0 0 0 0 0 0 0 0 

running time: 6600 sec

Finished. Total running time: 6654 sec
