Search S-boxes invariant for matrices: 
{0x00,0x02,0x04,0x06,0x08,0x0a,0x0c,0x0e,0x10,0x12,0x14,0x16,0x18,0x1a,0x1c,0x1e,0x20,0x22,0x24,0x26,0x28,0x2a,0x2c,0x2e,0x30,0x32,0x34,0x36,0x38,0x3a,0x3c,0x3e,0x40,0x42,0x44,0x46,0x48,0x4a,0x4c,0x4e,0x50,0x52,0x54,0x56,0x58,0x5a,0x5c,0x5e,0x60,0x62,0x64,0x66,0x68,0x6a,0x6c,0x6e,0x70,0x72,0x74,0x76,0x78,0x7a,0x7c,0x7e,0x80,0x82,0x84,0x86,0x88,0x8a,0x8c,0x8e,0x90,0x92,0x94,0x96,0x98,0x9a,0x9c,0x9e,0xa0,0xa2,0xa4,0xa6,0xa8,0xaa,0xac,0xae,0xb0,0xb2,0xb4,0xb6,0xb8,0xba,0xbc,0xbe,0xc0,0xc2,0xc4,0xc6,0xc8,0xca,0xcc,0xce,0xd0,0xd2,0xd4,0xd6,0xd8,0xda,0xdc,0xde,0xe0,0xe2,0xe4,0xe6,0xe8,0xea,0xec,0xee,0xf0,0xf2,0xf4,0xf6,0xf8,0xfa,0xfc,0xfe,0x39,0x3b,0x3d,0x3f,0x31,0x33,0x35,0x37,0x29,0x2b,0x2d,0x2f,0x21,0x23,0x25,0x27,0x19,0x1b,0x1d,0x1f,0x11,0x13,0x15,0x17,0x09,0x0b,0x0d,0x0f,0x01,0x03,0x05,0x07,0x79,0x7b,0x7d,0x7f,0x71,0x73,0x75,0x77,0x69,0x6b,0x6d,0x6f,0x61,0x63,0x65,0x67,0x59,0x5b,0x5d,0x5f,0x51,0x53,0x55,0x57,0x49,0x4b,0x4d,0x4f,0x41,0x43,0x45,0x47,0xb9,0xbb,0xbd,0xbf,0xb1,0xb3,0xb5,0xb7,0xa9,0xab,0xad,0xaf,0xa1,0xa3,0xa5,0xa7,0x99,0x9b,0x9d,0x9f,0x91,0x93,0x95,0x97,0x89,0x8b,0x8d,0x8f,0x81,0x83,0x85,0x87,0xf9,0xfb,0xfd,0xff,0xf1,0xf3,0xf5,0xf7,0xe9,0xeb,0xed,0xef,0xe1,0xe3,0xe5,0xe7,0xd9,0xdb,0xdd,0xdf,0xd1,0xd3,0xd5,0xd7,0xc9,0xcb,0xcd,0xcf,0xc1,0xc3,0xc5,0xc7};
{0x00,0x02,0x04,0x06,0x08,0x0a,0x0c,0x0e,0x10,0x12,0x14,0x16,0x18,0x1a,0x1c,0x1e,0x20,0x22,0x24,0x26,0x28,0x2a,0x2c,0x2e,0x30,0x32,0x34,0x36,0x38,0x3a,0x3c,0x3e,0x40,0x42,0x44,0x46,0x48,0x4a,0x4c,0x4e,0x50,0x52,0x54,0x56,0x58,0x5a,0x5c,0x5e,0x60,0x62,0x64,0x66,0x68,0x6a,0x6c,0x6e,0x70,0x72,0x74,0x76,0x78,0x7a,0x7c,0x7e,0x80,0x82,0x84,0x86,0x88,0x8a,0x8c,0x8e,0x90,0x92,0x94,0x96,0x98,0x9a,0x9c,0x9e,0xa0,0xa2,0xa4,0xa6,0xa8,0xaa,0xac,0xae,0xb0,0xb2,0xb4,0xb6,0xb8,0xba,0xbc,0xbe,0xc0,0xc2,0xc4,0xc6,0xc8,0xca,0xcc,0xce,0xd0,0xd2,0xd4,0xd6,0xd8,0xda,0xdc,0xde,0xe0,0xe2,0xe4,0xe6,0xe8,0xea,0xec,0xee,0xf0,0xf2,0xf4,0xf6,0xf8,0xfa,0xfc,0xfe,0xd7,0xd5,0xd3,0xd1,0xdf,0xdd,0xdb,0xd9,0xc7,0xc5,0xc3,0xc1,0xcf,0xcd,0xcb,0xc9,0xf7,0xf5,0xf3,0xf1,0xff,0xfd,0xfb,0xf9,0xe7,0xe5,0xe3,0xe1,0xef,0xed,0xeb,0xe9,0x97,0x95,0x93,0x91,0x9f,0x9d,0x9b,0x99,0x87,0x85,0x83,0x81,0x8f,0x8d,0x8b,0x89,0xb7,0xb5,0xb3,0xb1,0xbf,0xbd,0xbb,0xb9,0xa7,0xa5,0xa3,0xa1,0xaf,0xad,0xab,0xa9,0x57,0x55,0x53,0x51,0x5f,0x5d,0x5b,0x59,0x47,0x45,0x43,0x41,0x4f,0x4d,0x4b,0x49,0x77,0x75,0x73,0x71,0x7f,0x7d,0x7b,0x79,0x67,0x65,0x63,0x61,0x6f,0x6d,0x6b,0x69,0x17,0x15,0x13,0x11,0x1f,0x1d,0x1b,0x19,0x07,0x05,0x03,0x01,0x0f,0x0d,0x0b,0x09,0x37,0x35,0x33,0x31,0x3f,0x3d,0x3b,0x39,0x27,0x25,0x23,0x21,0x2f,0x2d,0x2b,0x29};



 depth:7
 0  1  2  3  4  5  6  7  8  9  a  b  c  d  e  f 10 11 12 13 14 15 16 17 18 19 1a 1b 1c 1d 1e 1f 20 21 22 23 24 25 26 27 28 29 2a 2b 2c 2d 2e 2f 30 31 32 33 34 35 36 37 38 39 3a 3b 3c 3d 3e 3f 40 41 42 43 44 45 46 47 48 49 4a 4b 4c 4d 4e 4f 50 51 52 53 54 55 56 57 58 59 5a 5b 5c 5d 5e 5f 60 61 62 63 64 65 66 67 68 69 6a 6b 6c 6d 6e 6f 70 71 72 73 74 75 76 77 78 79 7a 7b 7c 7d 7e 7f 80 81 82 83 84 85 86 87 88 89 8a 8b 8c 8d 8e 8f 90 91 92 93 94 95 96 97 98 99 9a 9b 9c 9d 9e 9f a0 a1 a2 a3 a4 a5 a6 a7 a8 a9 aa ab ac ad ae af b0 b1 b2 b3 b4 b5 b6 b7 b8 b9 ba bb bc bd be bf c0 c1 c2 c3 c4 c5 c6 c7 c8 c9 ca cb cc cd ce cf d0 d1 d2 d3 d4 d5 d6 d7 d8 d9 da db dc dd de df e0 e1 e2 e3 e4 e5 e6 e7 e8 e9 ea eb ec ed ee ef f0 f1 f2 f3 f4 f5 f6 f7 f8 f9 fa fb fc fd fe ff 
 0  1  2 23  4 f5 46 54  8 88 3d 8e 8c e7 a8 f8 10 -- c7 e3 7a 5f cb -- cf b1 19 -- 87 -- 27 -- 20 -- -- -- 59 -- 11 4f f4 -- be -- 41 -- -- 24 49 -- b5 -- 32 -- -- -- d9 d7 -- -- 4e 72 -- af 40 f7 -- -- -- -- -- -- b2 -- -- 62 22 4c 9e a3 3f -- -- -- ab -- -- -- 82 71 -- -- -- 13 48 -- 92 -- -- -- bd -- -- 61 64 d5 -- cd -- -- -- -- 65 -- 79 a6 -- -- -- -- 9c fc e4 -- -- -- 89 -- 80 -- 39 bc -- -- -- -- -- -- -- 12 -- -- -- cc b3 -- -- -- -- 9a c4 -- 44 47 98 7c eb fa 91 2a 7e -- -- -- -- 53 -- -- 81 8d -- -- -- -- -- db d3 -- e2 -- -- -- -- -- -- 31 26 ba 90 -- -- -- f3 5d -- -- -- -- -- -- ad -- -- 86 -- -- c2 -- c8 3e 7d 15 -- -- 4d -- --  9 -- 66 -- 5e -- -- ca -- -- -- f2 -- 9b -- -- -- -- -- -- -- -- -- ef 33 2f -- 1f e1 -- -- -- 43 -- -- c5 -- -- -- 

solutions so far:0 maxDepth:9 
iterations:3074482  skipped: 0 
Depth skipped: 
0 0 0 0 0 0 0 0 0 0 0 0 0 0 0 0 0 0 0 0 0 0 0 0 0 0 0 0 0 0 0 0 

running time: 300 sec
 depth:7
 0  1  2  3  4  5  6  7  8  9  a  b  c  d  e  f 10 11 12 13 14 15 16 17 18 19 1a 1b 1c 1d 1e 1f 20 21 22 23 24 25 26 27 28 29 2a 2b 2c 2d 2e 2f 30 31 32 33 34 35 36 37 38 39 3a 3b 3c 3d 3e 3f 40 41 42 43 44 45 46 47 48 49 4a 4b 4c 4d 4e 4f 50 51 52 53 54 55 56 57 58 59 5a 5b 5c 5d 5e 5f 60 61 62 63 64 65 66 67 68 69 6a 6b 6c 6d 6e 6f 70 71 72 73 74 75 76 77 78 79 7a 7b 7c 7d 7e 7f 80 81 82 83 84 85 86 87 88 89 8a 8b 8c 8d 8e 8f 90 91 92 93 94 95 96 97 98 99 9a 9b 9c 9d 9e 9f a0 a1 a2 a3 a4 a5 a6 a7 a8 a9 aa ab ac ad ae af b0 b1 b2 b3 b4 b5 b6 b7 b8 b9 ba bb bc bd be bf c0 c1 c2 c3 c4 c5 c6 c7 c8 c9 ca cb cc cd ce cf d0 d1 d2 d3 d4 d5 d6 d7 d8 d9 da db dc dd de df e0 e1 e2 e3 e4 e5 e6 e7 e8 e9 ea eb ec ed ee ef f0 f1 f2 f3 f4 f5 f6 f7 f8 f9 fa fb fc fd fe ff 
 0  1  2 23  4 ed 46 97  8 2a  d bd 8c c7 f9 99 10 -- 54 a6 1a 5f ad -- cf 65 59 -- 25 -- e5 -- 20 -- -- -- a8 -- 9b 4f 34 -- be -- 8d -- --  e 49 -- ca -- b2 -- -- -- 4a d7 -- -- 1d 17 -- 2c 40 70 -- -- -- -- -- -- 87 -- -- 62 e1 44 9e a5 68 -- -- -- ab -- -- -- cd 9a -- -- -- 11 1c -- 92 -- -- -- 43 -- -- 9f b3 d5 -- 61 -- -- -- -- 94 -- 79  a -- -- -- -- 3a 77 2e -- -- -- 58 -- 80 -- e0 16 -- -- -- -- -- -- --  7 -- -- -- cc d9 -- -- -- -- 53 c4 -- 15 b5 88 a7 eb fa 9d a0 d0 -- -- -- --  5 -- -- 81 db -- -- -- -- -- a4 4d -- e3 -- -- -- -- -- -- 31 22 b9 38 -- -- -- f3 b7 -- -- -- -- -- -- 86 -- -- 52 -- -- e9 -- b1 b8 7d 50 -- -- c2 -- -- e8 -- 66 --  b -- -- ff -- -- -- f2 -- 14 -- -- -- -- -- -- -- -- -- 74 33 ee -- 5c 28 -- -- -- 29 -- -- b0 -- -- -- 

solutions so far:0 maxDepth:9 
iterations:5198670  skipped: 0 
Depth skipped: 
0 0 0 0 0 0 0 0 0 0 0 0 0 0 0 0 0 0 0 0 0 0 0 0 0 0 0 0 0 0 0 0 

running time: 600 sec
 depth:6
 0  1  2  3  4  5  6  7  8  9  a  b  c  d  e  f 10 11 12 13 14 15 16 17 18 19 1a 1b 1c 1d 1e 1f 20 21 22 23 24 25 26 27 28 29 2a 2b 2c 2d 2e 2f 30 31 32 33 34 35 36 37 38 39 3a 3b 3c 3d 3e 3f 40 41 42 43 44 45 46 47 48 49 4a 4b 4c 4d 4e 4f 50 51 52 53 54 55 56 57 58 59 5a 5b 5c 5d 5e 5f 60 61 62 63 64 65 66 67 68 69 6a 6b 6c 6d 6e 6f 70 71 72 73 74 75 76 77 78 79 7a 7b 7c 7d 7e 7f 80 81 82 83 84 85 86 87 88 89 8a 8b 8c 8d 8e 8f 90 91 92 93 94 95 96 97 98 99 9a 9b 9c 9d 9e 9f a0 a1 a2 a3 a4 a5 a6 a7 a8 a9 aa ab ac ad ae af b0 b1 b2 b3 b4 b5 b6 b7 b8 b9 ba bb bc bd be bf c0 c1 c2 c3 c4 c5 c6 c7 c8 c9 ca cb cc cd ce cf d0 d1 d2 d3 d4 d5 d6 d7 d8 d9 da db dc dd de df e0 e1 e2 e3 e4 e5 e6 e7 e8 e9 ea eb ec ed ee ef f0 f1 f2 f3 f4 f5 f6 f7 f8 f9 fa fb fc fd fe ff 
 0  1  2 23  4 e1 46 1a  8 ec 15 3a 8c 5c 34 -- 10 --  f 7b 2a 5f 74 -- cf f0 b8 -- 68 -- -- -- 20 -- -- -- 1e -- f6 4f 54 -- be -- e8 -- -- -- 49 -- 37 -- a7 -- -- -- d0 d7 -- -- -- -- -- 86 40 -- -- -- -- -- -- -- 3c -- -- 62 3b 17 9e a6 a8 -- -- -- ab -- -- --  7 1c -- -- -- 70 -- -- 92 -- -- -- 6e -- -- 58 99 d5 -- de -- -- -- -- 77 -- 79 b9 -- -- -- -- -- d9 -- -- -- -- db -- 80 -- -- 43 -- -- -- -- -- -- -- -- -- -- -- cc 78 -- -- -- -- d6 c4 -- 76 1d 2e -- eb fa 9b  d 87 -- -- -- -- b7 -- -- 81 6f -- -- -- -- -- 2c  e -- 38 -- -- -- -- -- -- 31 e0 53 -- -- -- -- f3 c2 -- -- -- -- -- -- dc -- -- 16 -- -- b0 -- e5 -- 7d ed -- -- 6b -- -- -- -- 66 -- ca -- -- ee -- -- -- f2 -- a5 -- -- -- -- -- -- -- -- -- -- 33 65 -- -- 9d -- -- --  b -- -- 61 -- -- -- 

solutions so far:0 maxDepth:9 
iterations:7752807  skipped: 4 
Depth skipped: 
0 0 4 0 0 0 0 0 0 0 0 0 0 0 0 0 0 0 0 0 0 0 0 0 0 0 0 0 0 0 0 0 

running time: 900 sec
 depth:6
 0  1  2  3  4  5  6  7  8  9  a  b  c  d  e  f 10 11 12 13 14 15 16 17 18 19 1a 1b 1c 1d 1e 1f 20 21 22 23 24 25 26 27 28 29 2a 2b 2c 2d 2e 2f 30 31 32 33 34 35 36 37 38 39 3a 3b 3c 3d 3e 3f 40 41 42 43 44 45 46 47 48 49 4a 4b 4c 4d 4e 4f 50 51 52 53 54 55 56 57 58 59 5a 5b 5c 5d 5e 5f 60 61 62 63 64 65 66 67 68 69 6a 6b 6c 6d 6e 6f 70 71 72 73 74 75 76 77 78 79 7a 7b 7c 7d 7e 7f 80 81 82 83 84 85 86 87 88 89 8a 8b 8c 8d 8e 8f 90 91 92 93 94 95 96 97 98 99 9a 9b 9c 9d 9e 9f a0 a1 a2 a3 a4 a5 a6 a7 a8 a9 aa ab ac ad ae af b0 b1 b2 b3 b4 b5 b6 b7 b8 b9 ba bb bc bd be bf c0 c1 c2 c3 c4 c5 c6 c7 c8 c9 ca cb cc cd ce cf d0 d1 d2 d3 d4 d5 d6 d7 d8 d9 da db dc dd de df e0 e1 e2 e3 e4 e5 e6 e7 e8 e9 ea eb ec ed ee ef f0 f1 f2 f3 f4 f5 f6 f7 f8 f9 fa fb fc fd fe ff 
 0  1  2 23  4 db 46 ff  8 e2 61 16 8c 34 29 -- 10 -- 13 41 c2 5f 2c -- cf e7 68 -- 52 -- -- -- 20 -- -- -- 26 -- 82 4f 53 -- be -- 58 -- -- -- 49 -- 19 -- d0 -- -- -- a4 d7 -- -- -- -- -- a8 40 -- -- -- -- -- -- -- 4c -- -- 62 d3  d 9e 43 a6 -- -- -- ab -- -- -- b0 b9 -- -- -- 9d -- -- 92 -- -- -- 32 -- -- 28 77 d5 -- 47 -- -- -- -- 9f -- 79 97 -- -- -- -- -- e1 -- -- -- -- 87 -- 80 -- -- 54 -- -- -- -- -- -- -- -- -- -- -- cc 98 -- -- -- -- cb c4 -- 71  b 1a -- eb fa 86 94 9b -- -- -- -- a0 -- -- 81 c8 -- -- -- -- -- 14 b7 -- a5 -- -- -- -- -- -- 31 ed ca -- -- -- -- f3 65 -- -- -- -- -- -- 64 -- --  a -- -- 50 -- ee -- 7d 4a -- -- 8e -- -- -- -- 66 -- 2a -- -- e9 -- -- -- f2 -- f9 -- -- -- -- -- -- -- -- -- -- 33 15 -- -- 25 -- -- --  5 -- -- d9 -- -- -- 

solutions so far:0 maxDepth:9 
iterations:10082895  skipped: 4 
Depth skipped: 
0 0 4 0 0 0 0 0 0 0 0 0 0 0 0 0 0 0 0 0 0 0 0 0 0 0 0 0 0 0 0 0 

running time: 1200 sec
 depth:7
 0  1  2  3  4  5  6  7  8  9  a  b  c  d  e  f 10 11 12 13 14 15 16 17 18 19 1a 1b 1c 1d 1e 1f 20 21 22 23 24 25 26 27 28 29 2a 2b 2c 2d 2e 2f 30 31 32 33 34 35 36 37 38 39 3a 3b 3c 3d 3e 3f 40 41 42 43 44 45 46 47 48 49 4a 4b 4c 4d 4e 4f 50 51 52 53 54 55 56 57 58 59 5a 5b 5c 5d 5e 5f 60 61 62 63 64 65 66 67 68 69 6a 6b 6c 6d 6e 6f 70 71 72 73 74 75 76 77 78 79 7a 7b 7c 7d 7e 7f 80 81 82 83 84 85 86 87 88 89 8a 8b 8c 8d 8e 8f 90 91 92 93 94 95 96 97 98 99 9a 9b 9c 9d 9e 9f a0 a1 a2 a3 a4 a5 a6 a7 a8 a9 aa ab ac ad ae af b0 b1 b2 b3 b4 b5 b6 b7 b8 b9 ba bb bc bd be bf c0 c1 c2 c3 c4 c5 c6 c7 c8 c9 ca cb cc cd ce cf d0 d1 d2 d3 d4 d5 d6 d7 d8 d9 da db dc dd de df e0 e1 e2 e3 e4 e5 e6 e7 e8 e9 ea eb ec ed ee ef f0 f1 f2 f3 f4 f5 f6 f7 f8 f9 fa fb fc fd fe ff 
 0  1  2 23  4 d6 46 e9  8 35 7b e4 8c 24  5 16 10 -- 6a 51 f6 5f 1f -- cf 2b 48 --  a -- 2c -- 20 -- -- -- d4 -- a2 4f 3b -- be -- 3e -- -- 9d 49 -- 56 -- 90 -- -- -- 14 d7 -- -- 58 68 -- f0 40 1a -- -- -- -- -- -- 7f -- -- 62 93  9 9e de 76 -- -- -- ab -- -- -- 7c 27 -- -- -- 9c ed -- 92 -- -- -- ac -- -- 25 f7 d5 -- 45 -- -- -- -- 28 -- 79 ff -- -- -- -- b0  f d0 -- -- -- 37 -- 80 -- 34 78 -- -- -- -- -- -- -- a5 -- -- -- cc fe -- -- -- -- c3 c4 -- f1 72 12  b eb fa 6b 9f ec -- -- -- -- 94 -- -- 81 c9 -- -- -- -- -- f9 f8 -- 4e -- -- -- -- -- -- 31 ef 6f  d -- -- -- f3 dc -- -- -- -- -- -- 8f -- -- 97 -- -- 4a -- 39 ee 7d a4 -- -- 8a -- -- b9 -- 66 -- 3c -- -- 50 -- -- -- f2 -- 29 -- -- -- -- -- -- -- -- -- b7 33 1e -- 77 52 -- -- -- a0 -- -- 6e -- -- -- 

solutions so far:0 maxDepth:9 
iterations:11992316  skipped: 4 
Depth skipped: 
0 0 4 0 0 0 0 0 0 0 0 0 0 0 0 0 0 0 0 0 0 0 0 0 0 0 0 0 0 0 0 0 

running time: 1500 sec
 depth:7
 0  1  2  3  4  5  6  7  8  9  a  b  c  d  e  f 10 11 12 13 14 15 16 17 18 19 1a 1b 1c 1d 1e 1f 20 21 22 23 24 25 26 27 28 29 2a 2b 2c 2d 2e 2f 30 31 32 33 34 35 36 37 38 39 3a 3b 3c 3d 3e 3f 40 41 42 43 44 45 46 47 48 49 4a 4b 4c 4d 4e 4f 50 51 52 53 54 55 56 57 58 59 5a 5b 5c 5d 5e 5f 60 61 62 63 64 65 66 67 68 69 6a 6b 6c 6d 6e 6f 70 71 72 73 74 75 76 77 78 79 7a 7b 7c 7d 7e 7f 80 81 82 83 84 85 86 87 88 89 8a 8b 8c 8d 8e 8f 90 91 92 93 94 95 96 97 98 99 9a 9b 9c 9d 9e 9f a0 a1 a2 a3 a4 a5 a6 a7 a8 a9 aa ab ac ad ae af b0 b1 b2 b3 b4 b5 b6 b7 b8 b9 ba bb bc bd be bf c0 c1 c2 c3 c4 c5 c6 c7 c8 c9 ca cb cc cd ce cf d0 d1 d2 d3 d4 d5 d6 d7 d8 d9 da db dc dd de df e0 e1 e2 e3 e4 e5 e6 e7 e8 e9 ea eb ec ed ee ef f0 f1 f2 f3 f4 f5 f6 f7 f8 f9 fa fb fc fd fe ff 
 0  1  2 23  4 cd 46 98  8 8a 4d 67 8c 73 e7 72 10 -- c3 ac 9a 5f ce -- cf f1 e6 -- 19 -- e4 -- 20 -- -- -- 51 -- 8f 4f e3 -- be -- 4b -- -- 4e 49 -- 35 -- 1b -- -- -- 32 d7 -- -- 1f 24 -- b2 40  9 -- -- -- -- -- -- a2 -- -- 62 c9 69 9e ad 11 -- -- -- ab -- -- -- 96 21 -- -- -- 84 9c -- 92 -- -- -- 6a -- -- 41 36 d5 -- fe -- -- -- -- 64 -- 79 71 -- -- -- -- 3e 44 48 -- -- -- b3 -- 80 -- 12 59 -- -- -- -- -- -- -- 27 -- -- -- cc 93 -- -- -- -- 56 c4 -- 45 d8 d2 39 eb fa 8d 4c 22 -- -- -- -- d3 -- -- 81 7f -- -- -- -- -- cb fb -- 42 -- -- -- -- -- -- 31 df bd ef -- -- -- f3 b5 -- -- -- -- -- -- d4 -- -- 8e -- -- 82 -- 6c f7 7d 26 -- -- 2b -- -- f8 -- 66 -- c7 -- -- c8 -- -- -- f2 -- e2 -- -- -- -- -- -- -- -- -- 7c 33 88 -- 90 13 -- -- -- 47 -- -- b1 -- -- -- 

solutions so far:0 maxDepth:10 
iterations:14548133  skipped: 5 
Depth skipped: 
0 0 5 0 0 0 0 0 0 0 0 0 0 0 0 0 0 0 0 0 0 0 0 0 0 0 0 0 0 0 0 0 

running time: 1800 sec
 depth:7
 0  1  2  3  4  5  6  7  8  9  a  b  c  d  e  f 10 11 12 13 14 15 16 17 18 19 1a 1b 1c 1d 1e 1f 20 21 22 23 24 25 26 27 28 29 2a 2b 2c 2d 2e 2f 30 31 32 33 34 35 36 37 38 39 3a 3b 3c 3d 3e 3f 40 41 42 43 44 45 46 47 48 49 4a 4b 4c 4d 4e 4f 50 51 52 53 54 55 56 57 58 59 5a 5b 5c 5d 5e 5f 60 61 62 63 64 65 66 67 68 69 6a 6b 6c 6d 6e 6f 70 71 72 73 74 75 76 77 78 79 7a 7b 7c 7d 7e 7f 80 81 82 83 84 85 86 87 88 89 8a 8b 8c 8d 8e 8f 90 91 92 93 94 95 96 97 98 99 9a 9b 9c 9d 9e 9f a0 a1 a2 a3 a4 a5 a6 a7 a8 a9 aa ab ac ad ae af b0 b1 b2 b3 b4 b5 b6 b7 b8 b9 ba bb bc bd be bf c0 c1 c2 c3 c4 c5 c6 c7 c8 c9 ca cb cc cd ce cf d0 d1 d2 d3 d4 d5 d6 d7 d8 d9 da db dc dd de df e0 e1 e2 e3 e4 e5 e6 e7 e8 e9 ea eb ec ed ee ef f0 f1 f2 f3 f4 f5 f6 f7 f8 f9 fa fb fc fd fe ff 
 0  1  2 23  4 bd 46 f5  8 1c ad d1 8c ae 3d 87 10 -- 38 74 8d 5f 75 -- cf 2e 8b -- 7a -- d9 -- 20 -- -- -- 70 -- e8 4f cd -- be -- ea -- -- 61 49 -- 5c -- c1 -- -- -- f4 d7 -- -- 65 e1 -- 88 40 a6 -- -- -- -- -- -- e0 -- -- 62  7 c0 9e b1 4d -- -- -- ab -- -- --  3  c -- -- -- 30 c2 -- 92 -- -- -- b8 -- -- bc 55 d5 -- e5 -- -- -- -- 3f -- 79 c5 -- -- -- -- ca e3 15 -- -- -- c7 -- 80 -- 9b 44 -- -- -- -- -- -- -- db -- -- -- cc 17 -- -- -- -- 3a c4 --  e 83 57 a8 eb fa b5 91 9a -- -- -- -- 89 -- -- 81 99 -- -- -- -- -- 5e  6 -- 18 -- -- -- -- -- -- 31 60 b3 53 -- -- -- f3 b2 -- -- -- -- -- -- a7 -- -- 2f -- -- af -- aa 54 7d a3 -- -- 1d -- -- 86 -- 66 -- 22 -- -- 7e -- -- -- f2 -- 5d -- -- -- -- -- -- -- -- -- 43 33 11 -- 2a ba -- -- -- fc -- -- 59 -- -- -- 

solutions so far:0 maxDepth:10 
iterations:17688735  skipped: 8 
Depth skipped: 
0 0 8 0 0 0 0 0 0 0 0 0 0 0 0 0 0 0 0 0 0 0 0 0 0 0 0 0 0 0 0 0 

running time: 2100 sec
 depth:7
 0  1  2  3  4  5  6  7  8  9  a  b  c  d  e  f 10 11 12 13 14 15 16 17 18 19 1a 1b 1c 1d 1e 1f 20 21 22 23 24 25 26 27 28 29 2a 2b 2c 2d 2e 2f 30 31 32 33 34 35 36 37 38 39 3a 3b 3c 3d 3e 3f 40 41 42 43 44 45 46 47 48 49 4a 4b 4c 4d 4e 4f 50 51 52 53 54 55 56 57 58 59 5a 5b 5c 5d 5e 5f 60 61 62 63 64 65 66 67 68 69 6a 6b 6c 6d 6e 6f 70 71 72 73 74 75 76 77 78 79 7a 7b 7c 7d 7e 7f 80 81 82 83 84 85 86 87 88 89 8a 8b 8c 8d 8e 8f 90 91 92 93 94 95 96 97 98 99 9a 9b 9c 9d 9e 9f a0 a1 a2 a3 a4 a5 a6 a7 a8 a9 aa ab ac ad ae af b0 b1 b2 b3 b4 b5 b6 b7 b8 b9 ba bb bc bd be bf c0 c1 c2 c3 c4 c5 c6 c7 c8 c9 ca cb cc cd ce cf d0 d1 d2 d3 d4 d5 d6 d7 d8 d9 da db dc dd de df e0 e1 e2 e3 e4 e5 e6 e7 e8 e9 ea eb ec ed ee ef f0 f1 f2 f3 f4 f5 f6 f7 f8 f9 fa fb fc fd fe ff 
 0  1  2 23  4 b7 46 93  8 65 b9 12 8c f8 f1 70 10 -- ca 54 a5 5f 24 -- cf 61 27 -- 35 -- e0 -- 20 -- -- -- 43 -- a8 4f 9d -- be -- 48 -- -- 99 49 -- c2 -- 4e -- -- -- 6a d7 -- -- 17 e8 -- 77 40 3a -- -- -- -- -- -- 86 -- -- 62 87 3e 9e 58 ed -- -- -- ab -- -- -- 90 39 -- -- -- e4 e5 -- 92 -- -- -- 53 -- -- ac 9c d5 -- e1 -- -- -- -- d4 -- 79 45 -- -- -- -- 2e 1a  7 -- -- -- ee -- 80 -- 74 d0 -- -- -- -- -- -- -- a7 -- -- -- cc db -- -- -- -- 2a c4 -- d9  9 7c 38 eb fa b0 a2  d -- -- -- -- c9 -- -- 81 9b -- -- -- -- -- 56 f7 -- 72 -- -- -- -- -- -- 31 1f 2c 1d -- -- -- f3 16 -- -- -- -- -- -- a6 -- -- 2b -- -- 8f -- ef 1c 7d 51 -- -- 15 -- -- b8 -- 66 -- 68 -- -- 7f -- -- -- f2 -- 8a -- -- -- -- -- -- -- -- -- 5c 33 34 --  e c3 -- -- -- fe -- --  b -- -- -- 

solutions so far:0 maxDepth:10 
iterations:20711946  skipped: 8 
Depth skipped: 
0 0 8 0 0 0 0 0 0 0 0 0 0 0 0 0 0 0 0 0 0 0 0 0 0 0 0 0 0 0 0 0 

running time: 2400 sec
 depth:7
 0  1  2  3  4  5  6  7  8  9  a  b  c  d  e  f 10 11 12 13 14 15 16 17 18 19 1a 1b 1c 1d 1e 1f 20 21 22 23 24 25 26 27 28 29 2a 2b 2c 2d 2e 2f 30 31 32 33 34 35 36 37 38 39 3a 3b 3c 3d 3e 3f 40 41 42 43 44 45 46 47 48 49 4a 4b 4c 4d 4e 4f 50 51 52 53 54 55 56 57 58 59 5a 5b 5c 5d 5e 5f 60 61 62 63 64 65 66 67 68 69 6a 6b 6c 6d 6e 6f 70 71 72 73 74 75 76 77 78 79 7a 7b 7c 7d 7e 7f 80 81 82 83 84 85 86 87 88 89 8a 8b 8c 8d 8e 8f 90 91 92 93 94 95 96 97 98 99 9a 9b 9c 9d 9e 9f a0 a1 a2 a3 a4 a5 a6 a7 a8 a9 aa ab ac ad ae af b0 b1 b2 b3 b4 b5 b6 b7 b8 b9 ba bb bc bd be bf c0 c1 c2 c3 c4 c5 c6 c7 c8 c9 ca cb cc cd ce cf d0 d1 d2 d3 d4 d5 d6 d7 d8 d9 da db dc dd de df e0 e1 e2 e3 e4 e5 e6 e7 e8 e9 ea eb ec ed ee ef f0 f1 f2 f3 f4 f5 f6 f7 f8 f9 fa fb fc fd fe ff 
 0  1  2 23  4 ad 46 37  8 fe 8d f7 8c ef 6e a4 10 -- 2b 35 cd 5f 39 -- cf c9  9 -- dc -- 9f -- 20 -- -- -- 56 -- 6a 4f 4d -- be -- 72 -- -- 50 49 -- 45 -- 12 -- -- -- 6f d7 -- -- e9 4a -- c7 40 f9 -- -- -- -- -- -- ac -- -- 62 d4 4e 9e b5 9a -- -- -- ab -- -- -- e4 3e -- -- -- f8 a0 -- 92 -- -- -- 8a -- -- 3b 24 d5 -- a2 -- -- -- -- de -- 79  f -- -- -- --  5 11 94 -- -- -- 59 -- 80 -- 25 88 -- -- -- -- -- -- -- 28 -- -- -- cc 8f -- -- -- -- f1 c4 -- 7f 90 9c 52 eb fa bd f0 e3 -- -- -- -- ec -- -- 81 51 -- -- -- -- -- f6 1f -- 7c -- -- -- -- -- -- 31 27 b1 97 -- -- -- f3 b3 -- -- -- -- -- -- c3 -- -- 7b -- -- 76 -- 48 29 7d 78 -- -- 93 -- -- 14 -- 66 -- 44 -- -- 6b -- -- -- f2 -- 1e -- -- -- -- -- -- -- -- --  a 33 22 -- ff 3c -- -- -- d6 -- -- b2 -- -- -- 

solutions so far:0 maxDepth:10 
iterations:24186011  skipped: 10 
Depth skipped: 
0 0 10 0 0 0 0 0 0 0 0 0 0 0 0 0 0 0 0 0 0 0 0 0 0 0 0 0 0 0 0 0 

running time: 2700 sec
 depth:8
 0  1  2  3  4  5  6  7  8  9  a  b  c  d  e  f 10 11 12 13 14 15 16 17 18 19 1a 1b 1c 1d 1e 1f 20 21 22 23 24 25 26 27 28 29 2a 2b 2c 2d 2e 2f 30 31 32 33 34 35 36 37 38 39 3a 3b 3c 3d 3e 3f 40 41 42 43 44 45 46 47 48 49 4a 4b 4c 4d 4e 4f 50 51 52 53 54 55 56 57 58 59 5a 5b 5c 5d 5e 5f 60 61 62 63 64 65 66 67 68 69 6a 6b 6c 6d 6e 6f 70 71 72 73 74 75 76 77 78 79 7a 7b 7c 7d 7e 7f 80 81 82 83 84 85 86 87 88 89 8a 8b 8c 8d 8e 8f 90 91 92 93 94 95 96 97 98 99 9a 9b 9c 9d 9e 9f a0 a1 a2 a3 a4 a5 a6 a7 a8 a9 aa ab ac ad ae af b0 b1 b2 b3 b4 b5 b6 b7 b8 b9 ba bb bc bd be bf c0 c1 c2 c3 c4 c5 c6 c7 c8 c9 ca cb cc cd ce cf d0 d1 d2 d3 d4 d5 d6 d7 d8 d9 da db dc dd de df e0 e1 e2 e3 e4 e5 e6 e7 e8 e9 ea eb ec ed ee ef f0 f1 f2 f3 f4 f5 f6 f7 f8 f9 fa fb fc fd fe ff 
 0  1  2 23  4 a3 46 f0  8 a1 91 87 8c 9b 37 29 10 8a 95 c6 f5 5f d9 -- cf b4 e1 -- 6e -- 52 -- 20 -- c3 -- fd 8f 5b 4f 3d 93 be -- 65 -- -- 14 49 -- bf -- 15 -- -- -- dc d7 -- -- a4 f9 -- 5e 40 a0 -- -- 51 -- -- 56 2d -- c9 62 b6 53 9e 5d 7a -- f1 -- ab -- -- -- ca 86 -- -- -- 61 28 -- 92 -- -- -- a9 -- -- f6 2a d5 -- 6d -- -- -- -- 6f 6a 79 ec -- -- -- -- 9f 3f 25 -- -- -- bc -- 80 -- 97 2f -- -- -- -- a2 -- --  a -- -- ac cc 5a -- -- -- 45 63 c4 -- bb a8 a6 ff eb fa ba 78 f4 -- -- -- 35 76 -- -- 81 dd -- -- -- -- -- 7b 43 -- db -- -- -- -- -- -- 31 c2 c5 50 -- -- 2b f3 89 -- fe -- -- -- -- 85 -- -- d6 -- -- 3b -- 54 94 7d 3c -- -- da -- --  5 -- 66 -- fc -- -- de -- d4 -- f2 --  f -- -- -- -- -- -- -- -- -- e9 33 7e -- 4a 1e -- -- -- 6b -- -- af 7f -- -- 

solutions so far:0 maxDepth:10 
iterations:27013423  skipped: 10 
Depth skipped: 
0 0 10 0 0 0 0 0 0 0 0 0 0 0 0 0 0 0 0 0 0 0 0 0 0 0 0 0 0 0 0 0 

running time: 3000 sec
 depth:7
 0  1  2  3  4  5  6  7  8  9  a  b  c  d  e  f 10 11 12 13 14 15 16 17 18 19 1a 1b 1c 1d 1e 1f 20 21 22 23 24 25 26 27 28 29 2a 2b 2c 2d 2e 2f 30 31 32 33 34 35 36 37 38 39 3a 3b 3c 3d 3e 3f 40 41 42 43 44 45 46 47 48 49 4a 4b 4c 4d 4e 4f 50 51 52 53 54 55 56 57 58 59 5a 5b 5c 5d 5e 5f 60 61 62 63 64 65 66 67 68 69 6a 6b 6c 6d 6e 6f 70 71 72 73 74 75 76 77 78 79 7a 7b 7c 7d 7e 7f 80 81 82 83 84 85 86 87 88 89 8a 8b 8c 8d 8e 8f 90 91 92 93 94 95 96 97 98 99 9a 9b 9c 9d 9e 9f a0 a1 a2 a3 a4 a5 a6 a7 a8 a9 aa ab ac ad ae af b0 b1 b2 b3 b4 b5 b6 b7 b8 b9 ba bb bc bd be bf c0 c1 c2 c3 c4 c5 c6 c7 c8 c9 ca cb cc cd ce cf d0 d1 d2 d3 d4 d5 d6 d7 d8 d9 da db dc dd de df e0 e1 e2 e3 e4 e5 e6 e7 e8 e9 ea eb ec ed ee ef f0 f1 f2 f3 f4 f5 f6 f7 f8 f9 fa fb fc fd fe ff 
 0  1  2 23  4 95 46 d8  8 2c fd ad 8c 59 67 6f 10 -- 58 77 2d 5f 8d -- cf a5 b2 -- ce -- de -- 20 -- -- -- b0 -- ee 4f 5a -- be -- cd -- -- 76 49 -- 9d -- b3 -- -- -- 4b d7 -- -- 6b 78 -- da 40 1e -- -- -- -- -- -- b7 -- -- 62  b 88 9e bb b4 -- -- -- ab -- -- -- 4d e3 -- -- -- 22 ec -- 92 -- -- -- ed -- -- df b1 d5 -- 34 -- -- -- -- 96 -- 79 73 -- -- -- -- d6 a9 f0 -- -- -- 63 -- 80 -- 3c 6d -- -- -- -- -- -- -- 3b -- -- -- cc b9 -- -- -- -- d0 c4 -- 16 bd c7 dc eb fa a1 6c bf -- -- -- -- d2 -- -- 81 1a -- -- -- -- -- 84 9a -- 11 -- -- -- -- -- -- 31 44 b6  f -- -- -- f3 5b -- -- -- -- -- --  d -- -- 42 -- -- 69 -- b5 6e 7d 36 -- -- 68 -- -- f6 -- 66 -- dd -- -- fb -- -- -- f2 -- e6 -- -- -- -- -- -- -- -- -- 7b 33 85 -- 37 1b -- -- -- 21 -- -- c6 -- -- -- 

solutions so far:0 maxDepth:10 
iterations:31768683  skipped: 11 
Depth skipped: 
0 0 11 0 0 0 0 0 0 0 0 0 0 0 0 0 0 0 0 0 0 0 0 0 0 0 0 0 0 0 0 0 

running time: 3300 sec
 depth:7
 0  1  2  3  4  5  6  7  8  9  a  b  c  d  e  f 10 11 12 13 14 15 16 17 18 19 1a 1b 1c 1d 1e 1f 20 21 22 23 24 25 26 27 28 29 2a 2b 2c 2d 2e 2f 30 31 32 33 34 35 36 37 38 39 3a 3b 3c 3d 3e 3f 40 41 42 43 44 45 46 47 48 49 4a 4b 4c 4d 4e 4f 50 51 52 53 54 55 56 57 58 59 5a 5b 5c 5d 5e 5f 60 61 62 63 64 65 66 67 68 69 6a 6b 6c 6d 6e 6f 70 71 72 73 74 75 76 77 78 79 7a 7b 7c 7d 7e 7f 80 81 82 83 84 85 86 87 88 89 8a 8b 8c 8d 8e 8f 90 91 92 93 94 95 96 97 98 99 9a 9b 9c 9d 9e 9f a0 a1 a2 a3 a4 a5 a6 a7 a8 a9 aa ab ac ad ae af b0 b1 b2 b3 b4 b5 b6 b7 b8 b9 ba bb bc bd be bf c0 c1 c2 c3 c4 c5 c6 c7 c8 c9 ca cb cc cd ce cf d0 d1 d2 d3 d4 d5 d6 d7 d8 d9 da db dc dd de df e0 e1 e2 e3 e4 e5 e6 e7 e8 e9 ea eb ec ed ee ef f0 f1 f2 f3 f4 f5 f6 f7 f8 f9 fa fb fc fd fe ff 
 0  1  2 23  4 8d 46 c0  8 99 cd e4 8c 24 57 73 10 -- e5 2e 4d 5f 1f -- cf e8 48 -- ae -- e6 -- 20 -- -- -- 1d -- 5c 4f 9a -- be -- 3e -- -- ce 49 --  7 -- 90 -- -- -- 8b d7 -- -- 1b 42 -- 59 40 fb -- -- -- -- -- -- 3a -- -- 62 b8  9 9e bd e3 -- -- -- ab -- -- -- 7c 27 -- -- -- 9c 4b -- 92 -- -- --  e -- -- 75 f7 d5 -- 70 -- -- -- -- c1 -- 79  6 -- -- -- -- 36 22 84 -- -- -- b2 -- 80 -- 21 c7 -- -- -- -- -- -- -- 67 -- -- -- cc 74 -- -- -- -- 17 c4 -- a7 72 12 d2 eb fa ad 60 11 -- -- -- --  3 -- -- 81 38 -- -- -- -- -- d1 f8 -- 4e -- -- -- -- -- -- 31 ef b5 96 -- -- -- f3 b1 -- -- -- -- -- -- 1c -- -- 83 -- -- ea -- 39 69 7d 30 -- -- e0 -- -- d8 -- 66 -- 88 -- -- 55 -- -- -- f2 --  c -- -- -- -- -- -- -- -- -- 6c 33 44 -- df 18 -- -- -- aa -- -- b3 -- -- -- 

solutions so far:0 maxDepth:10 
iterations:35164790  skipped: 11 
Depth skipped: 
0 0 11 0 0 0 0 0 0 0 0 0 0 0 0 0 0 0 0 0 0 0 0 0 0 0 0 0 0 0 0 0 

running time: 3600 sec
 depth:7
 0  1  2  3  4  5  6  7  8  9  a  b  c  d  e  f 10 11 12 13 14 15 16 17 18 19 1a 1b 1c 1d 1e 1f 20 21 22 23 24 25 26 27 28 29 2a 2b 2c 2d 2e 2f 30 31 32 33 34 35 36 37 38 39 3a 3b 3c 3d 3e 3f 40 41 42 43 44 45 46 47 48 49 4a 4b 4c 4d 4e 4f 50 51 52 53 54 55 56 57 58 59 5a 5b 5c 5d 5e 5f 60 61 62 63 64 65 66 67 68 69 6a 6b 6c 6d 6e 6f 70 71 72 73 74 75 76 77 78 79 7a 7b 7c 7d 7e 7f 80 81 82 83 84 85 86 87 88 89 8a 8b 8c 8d 8e 8f 90 91 92 93 94 95 96 97 98 99 9a 9b 9c 9d 9e 9f a0 a1 a2 a3 a4 a5 a6 a7 a8 a9 aa ab ac ad ae af b0 b1 b2 b3 b4 b5 b6 b7 b8 b9 ba bb bc bd be bf c0 c1 c2 c3 c4 c5 c6 c7 c8 c9 ca cb cc cd ce cf d0 d1 d2 d3 d4 d5 d6 d7 d8 d9 da db dc dd de df e0 e1 e2 e3 e4 e5 e6 e7 e8 e9 ea eb ec ed ee ef f0 f1 f2 f3 f4 f5 f6 f7 f8 f9 fa fb fc fd fe ff 
 0  1  2 23  4 7b 46 bf  8 4e f6 8d 8c b2 a9 c2 10 -- 9c 3e 3b 5f cd -- cf 24 b3 -- 85 -- 53 -- 20 -- -- -- ef -- 7c 4f 76 -- be -- 4d -- -- 54 49 -- 48 -- b1 -- -- -- dd d7 -- -- a6 ca -- 37 40 d9 -- -- -- -- -- --  9 -- -- 62 f8 c7 9e 6b ec -- -- -- ab -- -- -- 9a 11 -- -- -- 44 a8 -- 92 -- -- -- 90 -- -- b6 b5 d5 -- 72 -- -- -- -- 6d -- 79 95 -- -- -- -- 9b 1e 43 -- -- -- 6e -- 80 -- 65 f0 -- -- -- -- -- -- -- 2a -- -- -- cc 12 -- -- -- -- 1f c4 -- 27 ad 59 61 eb fa d6 b4  f -- -- -- -- a1 -- -- 81 39 -- -- -- -- -- 5b e3 -- 22 -- -- -- -- -- -- 31 88 de 87 -- -- -- f3 6f -- -- -- -- -- -- f7 -- -- c6 -- -- bb -- bd db 7d 5a -- -- e4 -- -- 15 -- 66 -- 78 -- -- da -- -- -- f2 -- fd -- -- -- -- -- -- -- -- -- e1 33 3c -- 86 2d -- -- -- 63 -- -- dc -- -- -- 

solutions so far:0 maxDepth:10 
iterations:38999557  skipped: 13 
Depth skipped: 
0 0 13 0 0 0 0 0 0 0 0 0 0 0 0 0 0 0 0 0 0 0 0 0 0 0 0 0 0 0 0 0 

running time: 3900 sec
 depth:7
 0  1  2  3  4  5  6  7  8  9  a  b  c  d  e  f 10 11 12 13 14 15 16 17 18 19 1a 1b 1c 1d 1e 1f 20 21 22 23 24 25 26 27 28 29 2a 2b 2c 2d 2e 2f 30 31 32 33 34 35 36 37 38 39 3a 3b 3c 3d 3e 3f 40 41 42 43 44 45 46 47 48 49 4a 4b 4c 4d 4e 4f 50 51 52 53 54 55 56 57 58 59 5a 5b 5c 5d 5e 5f 60 61 62 63 64 65 66 67 68 69 6a 6b 6c 6d 6e 6f 70 71 72 73 74 75 76 77 78 79 7a 7b 7c 7d 7e 7f 80 81 82 83 84 85 86 87 88 89 8a 8b 8c 8d 8e 8f 90 91 92 93 94 95 96 97 98 99 9a 9b 9c 9d 9e 9f a0 a1 a2 a3 a4 a5 a6 a7 a8 a9 aa ab ac ad ae af b0 b1 b2 b3 b4 b5 b6 b7 b8 b9 ba bb bc bd be bf c0 c1 c2 c3 c4 c5 c6 c7 c8 c9 ca cb cc cd ce cf d0 d1 d2 d3 d4 d5 d6 d7 d8 d9 da db dc dd de df e0 e1 e2 e3 e4 e5 e6 e7 e8 e9 ea eb ec ed ee ef f0 f1 f2 f3 f4 f5 f6 f7 f8 f9 fa fb fc fd fe ff 
 0  1  2 23  4 71 46 95  8 11 e2 96 8c 36 fd 77 10 -- 22 cd 13 5f fb -- cf 59 6c -- 2d -- ee -- 20 -- -- -- 44 -- 4d 4f 26 -- be -- 21 -- -- b7 49 -- b2 -- d8 -- -- -- 5a d7 -- --  b  d -- c8 40 9d -- -- -- -- -- -- 88 -- -- 62 9a e6 9e 82 4c -- -- -- ab -- -- -- 42 df -- -- -- d2 b9 -- 92 -- -- -- b3 -- -- 6d 67 d5 -- bd -- -- -- -- b4 -- 79 c6 -- -- -- -- 16 e7 1a -- -- -- 47 -- 80 -- ed 64 -- -- -- -- -- -- -- b0 -- -- -- cc c7 -- -- -- -- 8d c4 -- e3 4b 1b d0 eb fa d3 a1 98 -- -- -- -- 63 -- -- 81 b5 -- -- -- -- -- dd 84 -- 69 -- -- -- -- -- -- 31 73 41 a5 -- -- -- f3 cb -- -- -- -- -- -- b1 -- -- 85 -- -- da -- ce 68 7d bb -- -- ad -- -- 58 -- 66 -- 32 -- -- bf -- -- -- f2 -- 5b -- -- -- -- -- -- -- -- -- 2c 33 19 -- 34 b6 -- -- -- a9 -- -- 8e -- -- -- 

solutions so far:0 maxDepth:10 
iterations:42673617  skipped: 13 
Depth skipped: 
0 0 13 0 0 0 0 0 0 0 0 0 0 0 0 0 0 0 0 0 0 0 0 0 0 0 0 0 0 0 0 0 

running time: 4200 sec
 depth:5
 0  1  2  3  4  5  6  7  8  9  a  b  c  d  e  f 10 11 12 13 14 15 16 17 18 19 1a 1b 1c 1d 1e 1f 20 21 22 23 24 25 26 27 28 29 2a 2b 2c 2d 2e 2f 30 31 32 33 34 35 36 37 38 39 3a 3b 3c 3d 3e 3f 40 41 42 43 44 45 46 47 48 49 4a 4b 4c 4d 4e 4f 50 51 52 53 54 55 56 57 58 59 5a 5b 5c 5d 5e 5f 60 61 62 63 64 65 66 67 68 69 6a 6b 6c 6d 6e 6f 70 71 72 73 74 75 76 77 78 79 7a 7b 7c 7d 7e 7f 80 81 82 83 84 85 86 87 88 89 8a 8b 8c 8d 8e 8f 90 91 92 93 94 95 96 97 98 99 9a 9b 9c 9d 9e 9f a0 a1 a2 a3 a4 a5 a6 a7 a8 a9 aa ab ac ad ae af b0 b1 b2 b3 b4 b5 b6 b7 b8 b9 ba bb bc bd be bf c0 c1 c2 c3 c4 c5 c6 c7 c8 c9 ca cb cc cd ce cf d0 d1 d2 d3 d4 d5 d6 d7 d8 d9 da db dc dd de df e0 e1 e2 e3 e4 e5 e6 e7 e8 e9 ea eb ec ed ee ef f0 f1 f2 f3 f4 f5 f6 f7 f8 f9 fa fb fc fd fe ff 
 0  1  2 23  4 61 46 48  8 fb c2 -- 8c -- 90 -- 10 -- 21 67 53 5f -- -- cf 69 -- -- f7 -- -- -- 20 -- -- -- 42 -- ce 4f a6 -- be -- -- -- -- -- 49 -- d2 -- -- -- -- -- 39 d7 -- -- -- -- -- 87 40 -- -- -- -- -- -- -- 84 -- -- 62 4b -- 9e 86 9b -- -- -- ab -- -- -- -- -- -- -- -- -- -- -- 92 -- -- -- 73 -- -- f8 -- d5 -- 36 -- -- -- -- 72 -- 79 9c -- -- -- -- -- 15 -- -- -- -- d9 -- 80 -- -- a8 -- -- -- -- -- -- -- -- -- -- -- cc df -- -- -- -- d8 c4 -- 96 -- -- -- eb fa db 24 e1 -- -- -- -- 4e -- -- 81 1b -- -- -- -- -- 7c -- -- -- -- -- -- -- -- -- 31 -- 43 -- -- -- -- f3 ca -- -- -- -- -- -- e6 -- -- 3e -- -- 27 -- -- -- 7d 12 -- -- 6c -- -- -- -- 66 -- 54 -- -- e4 -- -- -- f2 -- ef -- -- -- -- -- -- -- -- -- -- 33 2a -- --  9 -- -- -- 1f -- -- 65 -- -- -- 

solutions so far:0 maxDepth:10 
iterations:47215417  skipped: 14 
Depth skipped: 
0 0 14 0 0 0 0 0 0 0 0 0 0 0 0 0 0 0 0 0 0 0 0 0 0 0 0 0 0 0 0 0 

running time: 4500 sec
 depth:7
 0  1  2  3  4  5  6  7  8  9  a  b  c  d  e  f 10 11 12 13 14 15 16 17 18 19 1a 1b 1c 1d 1e 1f 20 21 22 23 24 25 26 27 28 29 2a 2b 2c 2d 2e 2f 30 31 32 33 34 35 36 37 38 39 3a 3b 3c 3d 3e 3f 40 41 42 43 44 45 46 47 48 49 4a 4b 4c 4d 4e 4f 50 51 52 53 54 55 56 57 58 59 5a 5b 5c 5d 5e 5f 60 61 62 63 64 65 66 67 68 69 6a 6b 6c 6d 6e 6f 70 71 72 73 74 75 76 77 78 79 7a 7b 7c 7d 7e 7f 80 81 82 83 84 85 86 87 88 89 8a 8b 8c 8d 8e 8f 90 91 92 93 94 95 96 97 98 99 9a 9b 9c 9d 9e 9f a0 a1 a2 a3 a4 a5 a6 a7 a8 a9 aa ab ac ad ae af b0 b1 b2 b3 b4 b5 b6 b7 b8 b9 ba bb bc bd be bf c0 c1 c2 c3 c4 c5 c6 c7 c8 c9 ca cb cc cd ce cf d0 d1 d2 d3 d4 d5 d6 d7 d8 d9 da db dc dd de df e0 e1 e2 e3 e4 e5 e6 e7 e8 e9 ea eb ec ed ee ef f0 f1 f2 f3 f4 f5 f6 f7 f8 f9 fa fb fc fd fe ff 
 0  1  2 23  4 52 46 e2  8 8d a4 ba 8c 5e 13 43 10 -- cd b1 9f 5f a3 -- cf 11 bc -- 26 -- 86 -- 20 -- -- -- 4d -- b5 4f e9 -- be -- 91 -- -- 9b 49 -- 22 -- af -- -- -- 4c d7 -- -- db a8 -- 97 40 2a -- -- -- -- -- -- 9a -- -- 62 bd fc 9e ff  5 -- -- -- ab -- -- -- f5 7a -- -- -- 3f e1 -- 92 -- -- -- 44 -- -- c8 89 d5 -- 59 -- -- -- -- 98 -- 79 cb -- -- -- -- 61 14 87 -- -- -- f9 -- 80 -- 54 a0 -- -- -- -- -- -- -- a6 -- -- -- cc e3 -- -- -- -- b3 c4 -- ad 5d 2f ca eb fa 29 71  a -- -- -- -- 8e -- -- 81 c7 -- -- -- -- -- 64 3d -- f4 -- -- -- -- -- -- 31 7e 94 15 -- -- -- f3 4a -- -- -- -- -- -- 88 -- -- 32 -- -- 47 -- c5 65 7d d3 -- -- b2 -- -- 53 -- 66 -- 50 -- -- e7 -- -- -- f2 -- 41 -- -- -- -- -- -- -- -- -- c2 33 28 -- d9 82 -- -- -- 19 -- -- 25 -- -- -- 

solutions so far:0 maxDepth:10 
iterations:52809806  skipped: 15 
Depth skipped: 
0 0 15 0 0 0 0 0 0 0 0 0 0 0 0 0 0 0 0 0 0 0 0 0 0 0 0 0 0 0 0 0 

running time: 4800 sec
 depth:7
 0  1  2  3  4  5  6  7  8  9  a  b  c  d  e  f 10 11 12 13 14 15 16 17 18 19 1a 1b 1c 1d 1e 1f 20 21 22 23 24 25 26 27 28 29 2a 2b 2c 2d 2e 2f 30 31 32 33 34 35 36 37 38 39 3a 3b 3c 3d 3e 3f 40 41 42 43 44 45 46 47 48 49 4a 4b 4c 4d 4e 4f 50 51 52 53 54 55 56 57 58 59 5a 5b 5c 5d 5e 5f 60 61 62 63 64 65 66 67 68 69 6a 6b 6c 6d 6e 6f 70 71 72 73 74 75 76 77 78 79 7a 7b 7c 7d 7e 7f 80 81 82 83 84 85 86 87 88 89 8a 8b 8c 8d 8e 8f 90 91 92 93 94 95 96 97 98 99 9a 9b 9c 9d 9e 9f a0 a1 a2 a3 a4 a5 a6 a7 a8 a9 aa ab ac ad ae af b0 b1 b2 b3 b4 b5 b6 b7 b8 b9 ba bb bc bd be bf c0 c1 c2 c3 c4 c5 c6 c7 c8 c9 ca cb cc cd ce cf d0 d1 d2 d3 d4 d5 d6 d7 d8 d9 da db dc dd de df e0 e1 e2 e3 e4 e5 e6 e7 e8 e9 ea eb ec ed ee ef f0 f1 f2 f3 f4 f5 f6 f7 f8 f9 fa fb fc fd fe ff 
 0  1  2 23  4 3e 46 42  8 d1 7c b9 8c  b 84 17 10 -- 75 c1 f8 5f a5 -- cf  c 16 -- df -- 2e -- 20 -- -- -- ea -- 55 4f 27 -- be -- 9d -- -- 1d 49 -- 18 -- 2c -- -- -- 69 d7 -- -- 5c  e -- 48 40 e8 -- -- -- -- -- --  3 -- -- 62 aa 77 9e e4 4e -- -- -- ab -- -- -- ed 1a -- -- -- 68 3a -- 92 -- -- -- 30 -- -- 6c 58 d5 -- 57 -- -- -- -- d2 -- 79 ce -- -- -- -- b8 ef 1c -- -- -- 90 -- 80 --  7 24 -- -- -- -- -- -- -- e5 -- -- -- cc  6 -- -- -- -- 8b c4 -- 83 b7 ee e0 eb fa 1f 21 9c -- -- -- -- 67 -- -- 81 c0 -- -- -- -- -- 36  d -- 34 -- -- -- -- -- -- 31 d0 72 74 -- -- -- f3 39 -- -- -- -- -- -- 60 -- -- 1b -- -- d8 -- b0 70 7d fb -- -- ae -- -- 99 -- 66 -- 12 -- -- 73 -- -- -- f2 -- 4b -- -- -- -- -- -- -- -- -- a7 33  9 -- 38 96 -- -- -- e6 -- -- f7 -- -- -- 

solutions so far:0 maxDepth:10 
iterations:58181313  skipped: 17 
Depth skipped: 
0 0 17 0 0 0 0 0 0 0 0 0 0 0 0 0 0 0 0 0 0 0 0 0 0 0 0 0 0 0 0 0 

running time: 5100 sec
 depth:6
 0  1  2  3  4  5  6  7  8  9  a  b  c  d  e  f 10 11 12 13 14 15 16 17 18 19 1a 1b 1c 1d 1e 1f 20 21 22 23 24 25 26 27 28 29 2a 2b 2c 2d 2e 2f 30 31 32 33 34 35 36 37 38 39 3a 3b 3c 3d 3e 3f 40 41 42 43 44 45 46 47 48 49 4a 4b 4c 4d 4e 4f 50 51 52 53 54 55 56 57 58 59 5a 5b 5c 5d 5e 5f 60 61 62 63 64 65 66 67 68 69 6a 6b 6c 6d 6e 6f 70 71 72 73 74 75 76 77 78 79 7a 7b 7c 7d 7e 7f 80 81 82 83 84 85 86 87 88 89 8a 8b 8c 8d 8e 8f 90 91 92 93 94 95 96 97 98 99 9a 9b 9c 9d 9e 9f a0 a1 a2 a3 a4 a5 a6 a7 a8 a9 aa ab ac ad ae af b0 b1 b2 b3 b4 b5 b6 b7 b8 b9 ba bb bc bd be bf c0 c1 c2 c3 c4 c5 c6 c7 c8 c9 ca cb cc cd ce cf d0 d1 d2 d3 d4 d5 d6 d7 d8 d9 da db dc dd de df e0 e1 e2 e3 e4 e5 e6 e7 e8 e9 ea eb ec ed ee ef f0 f1 f2 f3 f4 f5 f6 f7 f8 f9 fa fb fc fd fe ff 
 0  1  2 23  4 2b 46  5  8 7c 56 ec 8c 6b  a -- 10 -- f8 72 ac 5f  f -- cf ef d6 -- 14 -- -- -- 20 -- -- -- 27 -- e4 4f 8f -- be -- 1e -- -- -- 49 --  9 -- 7b -- -- -- 28 d7 -- -- -- -- -- 93 40 -- -- -- -- -- -- -- 4e -- -- 62 1f 6f 9e 7f c9 -- -- -- ab -- -- -- 3c f0 -- -- -- 6e -- -- 92 -- -- -- 12 -- -- 4a f6 d5 -- 90 -- -- -- -- 50 -- 79 29 -- -- -- -- -- 8a -- -- -- -- f1 -- 80 -- -- a2 -- -- -- -- -- -- -- -- -- -- -- cc 9c -- -- -- -- 39 c4 -- 3e 76 de -- eb fa fe e9 45 -- -- -- -- ff -- -- 81 48 -- -- -- -- -- 25 78 -- 37 -- -- -- -- -- -- 31 dc d4 -- -- -- -- f3 6a -- -- -- -- -- -- 24 -- -- f9 -- -- 94 -- 3b -- 7d 9f -- -- f7 -- -- -- -- 66 -- 51 -- -- a0 -- -- -- f2 -- 52 -- -- -- -- -- -- -- -- -- -- 33 c3 -- -- a4 -- -- -- 97 -- -- 35 -- -- -- 

solutions so far:0 maxDepth:10 
iterations:63786487  skipped: 18 
Depth skipped: 
0 0 18 0 0 0 0 0 0 0 0 0 0 0 0 0 0 0 0 0 0 0 0 0 0 0 0 0 0 0 0 0 

running time: 5400 sec
 depth:7
 0  1  2  3  4  5  6  7  8  9  a  b  c  d  e  f 10 11 12 13 14 15 16 17 18 19 1a 1b 1c 1d 1e 1f 20 21 22 23 24 25 26 27 28 29 2a 2b 2c 2d 2e 2f 30 31 32 33 34 35 36 37 38 39 3a 3b 3c 3d 3e 3f 40 41 42 43 44 45 46 47 48 49 4a 4b 4c 4d 4e 4f 50 51 52 53 54 55 56 57 58 59 5a 5b 5c 5d 5e 5f 60 61 62 63 64 65 66 67 68 69 6a 6b 6c 6d 6e 6f 70 71 72 73 74 75 76 77 78 79 7a 7b 7c 7d 7e 7f 80 81 82 83 84 85 86 87 88 89 8a 8b 8c 8d 8e 8f 90 91 92 93 94 95 96 97 98 99 9a 9b 9c 9d 9e 9f a0 a1 a2 a3 a4 a5 a6 a7 a8 a9 aa ab ac ad ae af b0 b1 b2 b3 b4 b5 b6 b7 b8 b9 ba bb bc bd be bf c0 c1 c2 c3 c4 c5 c6 c7 c8 c9 ca cb cc cd ce cf d0 d1 d2 d3 d4 d5 d6 d7 d8 d9 da db dc dd de df e0 e1 e2 e3 e4 e5 e6 e7 e8 e9 ea eb ec ed ee ef f0 f1 f2 f3 f4 f5 f6 f7 f8 f9 fa fb fc fd fe ff 
 0  1  2 23  4 19 46 2e  8 f6 32 aa 8c c0 5c 73 10 -- 3b de 64 5f 83 -- cf 1e 57 -- b8 -- e6 -- 20 -- -- -- 76 -- 6b 4f c8 -- be -- d1 -- -- ce 49 -- 3c -- ae -- -- -- a7 d7 -- -- 1b 42 -- 71 40 fb -- -- -- -- -- -- ec -- -- 62 d6 30 9e 98 47 -- -- -- ab -- -- -- 75  3 -- -- --  c 4b -- 92 -- -- -- 78 -- -- e8 8b d5 -- 6e -- -- -- -- 99 -- 79 1c -- -- -- -- 36 cb 84 -- -- -- e2 -- 80 -- 21 d3 -- -- -- -- -- -- -- 67 -- -- -- cc  f -- -- -- -- 6f c4 -- 7b 55 60 d2 eb fa e7 17 8e -- -- -- --  e -- -- 81 37 -- -- -- -- -- 74 ea --  6 -- -- -- -- -- -- 31 18 4c 96 -- -- -- f3 26 -- -- -- -- -- -- f0 -- -- 3a -- --  7 -- c1 69 7d e0 -- -- dc -- -- d8 -- 66 -- 82 -- -- e5 -- -- -- f2 -- 38 -- -- -- -- -- -- -- -- -- 6c 33 41 -- df 70 -- -- -- 1d -- -- 13 -- -- -- 

solutions so far:0 maxDepth:10 
iterations:68911084  skipped: 20 
Depth skipped: 
0 0 20 0 0 0 0 0 0 0 0 0 0 0 0 0 0 0 0 0 0 0 0 0 0 0 0 0 0 0 0 0 

running time: 5700 sec
 depth:7
 0  1  2  3  4  5  6  7  8  9  a  b  c  d  e  f 10 11 12 13 14 15 16 17 18 19 1a 1b 1c 1d 1e 1f 20 21 22 23 24 25 26 27 28 29 2a 2b 2c 2d 2e 2f 30 31 32 33 34 35 36 37 38 39 3a 3b 3c 3d 3e 3f 40 41 42 43 44 45 46 47 48 49 4a 4b 4c 4d 4e 4f 50 51 52 53 54 55 56 57 58 59 5a 5b 5c 5d 5e 5f 60 61 62 63 64 65 66 67 68 69 6a 6b 6c 6d 6e 6f 70 71 72 73 74 75 76 77 78 79 7a 7b 7c 7d 7e 7f 80 81 82 83 84 85 86 87 88 89 8a 8b 8c 8d 8e 8f 90 91 92 93 94 95 96 97 98 99 9a 9b 9c 9d 9e 9f a0 a1 a2 a3 a4 a5 a6 a7 a8 a9 aa ab ac ad ae af b0 b1 b2 b3 b4 b5 b6 b7 b8 b9 ba bb bc bd be bf c0 c1 c2 c3 c4 c5 c6 c7 c8 c9 ca cb cc cd ce cf d0 d1 d2 d3 d4 d5 d6 d7 d8 d9 da db dc dd de df e0 e1 e2 e3 e4 e5 e6 e7 e8 e9 ea eb ec ed ee ef f0 f1 f2 f3 f4 f5 f6 f7 f8 f9 fa fb fc fd fe ff 
 0  1  2 23  4  6 46 fc  8 67  c 93 8c c9 2f ca 10 -- ce 1b 18 5f f1 -- cf 21 45 -- 5e -- 43 -- 20 -- -- -- 4b -- 36 4f 30 -- be -- 35 -- -- a6 49 -- 42 -- 8a -- -- -- bc d7 -- -- 86 54 -- 55 40 15 -- -- -- -- -- -- 96 -- -- 62 6c ac 9e ea 60 -- -- -- ab -- -- -- 6a 7f -- -- -- 2b 9b -- 92 -- -- -- 84 -- -- a3 c3 d5 -- d2 -- -- -- -- af -- 79 3d -- -- -- -- db 57 a8 -- -- -- aa -- 80 -- 2a c1 -- -- -- -- -- -- -- 53 -- -- -- cc fb -- -- -- -- e6 c4 -- d8 a2 8f 65 eb fa  3 7e c0 -- -- -- -- f5 -- -- 81 69 -- -- -- -- -- ba d4 -- fe -- -- -- -- -- -- 31 56 75 e1 -- -- -- f3 d1 -- -- -- -- -- -- df -- -- 5d -- -- 91 -- 51 d9 7d 3f -- -- 73 -- -- c2 -- 66 -- 8b -- -- 89 -- -- -- f2 -- 7a -- -- -- -- -- -- -- -- -- 61 33 ae -- 87 f4 -- -- -- c5 -- -- 83 -- -- -- 

solutions so far:0 maxDepth:10 
iterations:74357691  skipped: 21 
Depth skipped: 
0 0 21 0 0 0 0 0 0 0 0 0 0 0 0 0 0 0 0 0 0 0 0 0 0 0 0 0 0 0 0 0 

running time: 6000 sec

Finished. Total running time: 6049 sec
