Search S-boxes invariant for matrices: 
{0x00,0x02,0x04,0x06,0x08,0x0a,0x0c,0x0e,0x10,0x12,0x14,0x16,0x18,0x1a,0x1c,0x1e,0x20,0x22,0x24,0x26,0x28,0x2a,0x2c,0x2e,0x30,0x32,0x34,0x36,0x38,0x3a,0x3c,0x3e,0x40,0x42,0x44,0x46,0x48,0x4a,0x4c,0x4e,0x50,0x52,0x54,0x56,0x58,0x5a,0x5c,0x5e,0x60,0x62,0x64,0x66,0x68,0x6a,0x6c,0x6e,0x70,0x72,0x74,0x76,0x78,0x7a,0x7c,0x7e,0x80,0x82,0x84,0x86,0x88,0x8a,0x8c,0x8e,0x90,0x92,0x94,0x96,0x98,0x9a,0x9c,0x9e,0xa0,0xa2,0xa4,0xa6,0xa8,0xaa,0xac,0xae,0xb0,0xb2,0xb4,0xb6,0xb8,0xba,0xbc,0xbe,0xc0,0xc2,0xc4,0xc6,0xc8,0xca,0xcc,0xce,0xd0,0xd2,0xd4,0xd6,0xd8,0xda,0xdc,0xde,0xe0,0xe2,0xe4,0xe6,0xe8,0xea,0xec,0xee,0xf0,0xf2,0xf4,0xf6,0xf8,0xfa,0xfc,0xfe,0x39,0x3b,0x3d,0x3f,0x31,0x33,0x35,0x37,0x29,0x2b,0x2d,0x2f,0x21,0x23,0x25,0x27,0x19,0x1b,0x1d,0x1f,0x11,0x13,0x15,0x17,0x09,0x0b,0x0d,0x0f,0x01,0x03,0x05,0x07,0x79,0x7b,0x7d,0x7f,0x71,0x73,0x75,0x77,0x69,0x6b,0x6d,0x6f,0x61,0x63,0x65,0x67,0x59,0x5b,0x5d,0x5f,0x51,0x53,0x55,0x57,0x49,0x4b,0x4d,0x4f,0x41,0x43,0x45,0x47,0xb9,0xbb,0xbd,0xbf,0xb1,0xb3,0xb5,0xb7,0xa9,0xab,0xad,0xaf,0xa1,0xa3,0xa5,0xa7,0x99,0x9b,0x9d,0x9f,0x91,0x93,0x95,0x97,0x89,0x8b,0x8d,0x8f,0x81,0x83,0x85,0x87,0xf9,0xfb,0xfd,0xff,0xf1,0xf3,0xf5,0xf7,0xe9,0xeb,0xed,0xef,0xe1,0xe3,0xe5,0xe7,0xd9,0xdb,0xdd,0xdf,0xd1,0xd3,0xd5,0xd7,0xc9,0xcb,0xcd,0xcf,0xc1,0xc3,0xc5,0xc7};
{0x00,0x02,0x04,0x06,0x08,0x0a,0x0c,0x0e,0x10,0x12,0x14,0x16,0x18,0x1a,0x1c,0x1e,0x20,0x22,0x24,0x26,0x28,0x2a,0x2c,0x2e,0x30,0x32,0x34,0x36,0x38,0x3a,0x3c,0x3e,0x40,0x42,0x44,0x46,0x48,0x4a,0x4c,0x4e,0x50,0x52,0x54,0x56,0x58,0x5a,0x5c,0x5e,0x60,0x62,0x64,0x66,0x68,0x6a,0x6c,0x6e,0x70,0x72,0x74,0x76,0x78,0x7a,0x7c,0x7e,0x80,0x82,0x84,0x86,0x88,0x8a,0x8c,0x8e,0x90,0x92,0x94,0x96,0x98,0x9a,0x9c,0x9e,0xa0,0xa2,0xa4,0xa6,0xa8,0xaa,0xac,0xae,0xb0,0xb2,0xb4,0xb6,0xb8,0xba,0xbc,0xbe,0xc0,0xc2,0xc4,0xc6,0xc8,0xca,0xcc,0xce,0xd0,0xd2,0xd4,0xd6,0xd8,0xda,0xdc,0xde,0xe0,0xe2,0xe4,0xe6,0xe8,0xea,0xec,0xee,0xf0,0xf2,0xf4,0xf6,0xf8,0xfa,0xfc,0xfe,0xd7,0xd5,0xd3,0xd1,0xdf,0xdd,0xdb,0xd9,0xc7,0xc5,0xc3,0xc1,0xcf,0xcd,0xcb,0xc9,0xf7,0xf5,0xf3,0xf1,0xff,0xfd,0xfb,0xf9,0xe7,0xe5,0xe3,0xe1,0xef,0xed,0xeb,0xe9,0x97,0x95,0x93,0x91,0x9f,0x9d,0x9b,0x99,0x87,0x85,0x83,0x81,0x8f,0x8d,0x8b,0x89,0xb7,0xb5,0xb3,0xb1,0xbf,0xbd,0xbb,0xb9,0xa7,0xa5,0xa3,0xa1,0xaf,0xad,0xab,0xa9,0x57,0x55,0x53,0x51,0x5f,0x5d,0x5b,0x59,0x47,0x45,0x43,0x41,0x4f,0x4d,0x4b,0x49,0x77,0x75,0x73,0x71,0x7f,0x7d,0x7b,0x79,0x67,0x65,0x63,0x61,0x6f,0x6d,0x6b,0x69,0x17,0x15,0x13,0x11,0x1f,0x1d,0x1b,0x19,0x07,0x05,0x03,0x01,0x0f,0x0d,0x0b,0x09,0x37,0x35,0x33,0x31,0x3f,0x3d,0x3b,0x39,0x27,0x25,0x23,0x21,0x2f,0x2d,0x2b,0x29};



 depth:6
 0  1  2  3  4  5  6  7  8  9  a  b  c  d  e  f 10 11 12 13 14 15 16 17 18 19 1a 1b 1c 1d 1e 1f 20 21 22 23 24 25 26 27 28 29 2a 2b 2c 2d 2e 2f 30 31 32 33 34 35 36 37 38 39 3a 3b 3c 3d 3e 3f 40 41 42 43 44 45 46 47 48 49 4a 4b 4c 4d 4e 4f 50 51 52 53 54 55 56 57 58 59 5a 5b 5c 5d 5e 5f 60 61 62 63 64 65 66 67 68 69 6a 6b 6c 6d 6e 6f 70 71 72 73 74 75 76 77 78 79 7a 7b 7c 7d 7e 7f 80 81 82 83 84 85 86 87 88 89 8a 8b 8c 8d 8e 8f 90 91 92 93 94 95 96 97 98 99 9a 9b 9c 9d 9e 9f a0 a1 a2 a3 a4 a5 a6 a7 a8 a9 aa ab ac ad ae af b0 b1 b2 b3 b4 b5 b6 b7 b8 b9 ba bb bc bd be bf c0 c1 c2 c3 c4 c5 c6 c7 c8 c9 ca cb cc cd ce cf d0 d1 d2 d3 d4 d5 d6 d7 d8 d9 da db dc dd de df e0 e1 e2 e3 e4 e5 e6 e7 e8 e9 ea eb ec ed ee ef f0 f1 f2 f3 f4 f5 f6 f7 f8 f9 fa fb fc fd fe ff 
 0  1  2 32  4 f5 64 e4  8 9f 3d 31 c8 46 1f -- 10 -- e9 ff 7a e2 62 -- 47 28 8c -- 3e -- -- -- 20 -- -- --  5 -- 29 4f f4 -- 13 -- c4 -- -- -- 8e -- 50 -- cf -- -- -- 7c d7 -- -- -- -- -- af 40 -- -- -- -- -- -- --  a -- -- d3 52 fa 9e a3 3f -- -- -- 26 -- -- -- 5f ab -- -- -- d5 -- -- cb -- -- -- a0 -- --  9 49 98 -- 25 -- -- -- -- f8 -- 79 48 -- -- -- -- -- fc -- -- -- -- 89 -- 80 -- -- bc -- -- -- -- -- -- -- -- -- -- -- cc 14 -- -- -- -- 94 71 -- a4 f3 23 -- eb 19 91 72 7e -- -- -- -- 24 -- -- 4c f9 -- -- -- -- -- ef be -- 81 -- -- -- -- -- -- 82 7d ba -- -- -- -- 41 5d -- -- -- -- -- -- 97 -- -- 9c -- -- 12 -- 92 -- e7 39 -- -- 4a -- -- -- -- 66 -- 5e -- -- 27 -- -- -- f2 -- 90 -- -- -- -- -- -- -- -- -- -- 33 2f -- -- f7 -- -- -- 4e -- -- c5 -- -- -- 

solutions so far:0 maxDepth:9 
iterations:2847840  skipped: 3 
Depth skipped: 
0 0 3 0 0 0 0 0 0 0 0 0 0 0 0 0 0 0 0 0 0 0 0 0 0 0 0 0 0 0 0 0 

running time: 300 sec
 depth:7
 0  1  2  3  4  5  6  7  8  9  a  b  c  d  e  f 10 11 12 13 14 15 16 17 18 19 1a 1b 1c 1d 1e 1f 20 21 22 23 24 25 26 27 28 29 2a 2b 2c 2d 2e 2f 30 31 32 33 34 35 36 37 38 39 3a 3b 3c 3d 3e 3f 40 41 42 43 44 45 46 47 48 49 4a 4b 4c 4d 4e 4f 50 51 52 53 54 55 56 57 58 59 5a 5b 5c 5d 5e 5f 60 61 62 63 64 65 66 67 68 69 6a 6b 6c 6d 6e 6f 70 71 72 73 74 75 76 77 78 79 7a 7b 7c 7d 7e 7f 80 81 82 83 84 85 86 87 88 89 8a 8b 8c 8d 8e 8f 90 91 92 93 94 95 96 97 98 99 9a 9b 9c 9d 9e 9f a0 a1 a2 a3 a4 a5 a6 a7 a8 a9 aa ab ac ad ae af b0 b1 b2 b3 b4 b5 b6 b7 b8 b9 ba bb bc bd be bf c0 c1 c2 c3 c4 c5 c6 c7 c8 c9 ca cb cc cd ce cf d0 d1 d2 d3 d4 d5 d6 d7 d8 d9 da db dc dd de df e0 e1 e2 e3 e4 e5 e6 e7 e8 e9 ea eb ec ed ee ef f0 f1 f2 f3 f4 f5 f6 f7 f8 f9 fa fb fc fd fe ff 
 0  1  2 32  4 f0 64 58  8 95 37 29 c8 97 b0 c1 10 -- fd 5b 6e e2 52 -- 47 bf f9 -- b7 -- 55 -- 20 -- -- -- 2d -- b6 4f dc -- 13 -- a4 -- --  3 8e -- a9 -- 25 -- -- -- b9 d7 -- -- aa 60 -- 3b 40 18 -- -- -- -- -- -- 5a -- -- d3 bb 50 9e 3c 6f -- -- -- 26 -- -- -- 9f  5 -- -- -- 14  6 -- cb -- -- -- 85 -- -- 34 4a 98 -- da -- -- -- -- a5 -- 79 77 -- -- -- -- 83 6b c0 -- -- -- 76 -- 80 -- 30 f6 -- -- -- -- -- -- -- ea -- -- -- cc b4 -- -- -- -- c6 71 -- a1 ff a0 8b eb 19 78 2c de -- -- -- -- d0 -- -- 4c 6d -- -- -- -- -- 1a e9 --  a -- -- -- -- -- -- 82 28 1e  c -- -- -- 41  f -- -- -- -- -- -- dd -- --  d -- -- 68 -- 94 ae e7 16 -- -- 63 -- -- 75 -- 66 -- 7b -- -- 9d -- -- -- f2 -- ee -- -- -- -- -- -- -- -- -- d1 33 d6 -- 57  b -- -- -- ed -- -- ec -- -- -- 

solutions so far:0 maxDepth:9 
iterations:4990592  skipped: 3 
Depth skipped: 
0 0 3 0 0 0 0 0 0 0 0 0 0 0 0 0 0 0 0 0 0 0 0 0 0 0 0 0 0 0 0 0 

running time: 600 sec
 depth:6
 0  1  2  3  4  5  6  7  8  9  a  b  c  d  e  f 10 11 12 13 14 15 16 17 18 19 1a 1b 1c 1d 1e 1f 20 21 22 23 24 25 26 27 28 29 2a 2b 2c 2d 2e 2f 30 31 32 33 34 35 36 37 38 39 3a 3b 3c 3d 3e 3f 40 41 42 43 44 45 46 47 48 49 4a 4b 4c 4d 4e 4f 50 51 52 53 54 55 56 57 58 59 5a 5b 5c 5d 5e 5f 60 61 62 63 64 65 66 67 68 69 6a 6b 6c 6d 6e 6f 70 71 72 73 74 75 76 77 78 79 7a 7b 7c 7d 7e 7f 80 81 82 83 84 85 86 87 88 89 8a 8b 8c 8d 8e 8f 90 91 92 93 94 95 96 97 98 99 9a 9b 9c 9d 9e 9f a0 a1 a2 a3 a4 a5 a6 a7 a8 a9 aa ab ac ad ae af b0 b1 b2 b3 b4 b5 b6 b7 b8 b9 ba bb bc bd be bf c0 c1 c2 c3 c4 c5 c6 c7 c8 c9 ca cb cc cd ce cf d0 d1 d2 d3 d4 d5 d6 d7 d8 d9 da db dc dd de df e0 e1 e2 e3 e4 e5 e6 e7 e8 e9 ea eb ec ed ee ef f0 f1 f2 f3 f4 f5 f6 f7 f8 f9 fa fb fc fd fe ff 
 0  1  2 32  4 e6 64 db  8 3e 1b a2 c8 8f 61 -- 10 -- 7c 39 36 e2 93 -- 47 9c c9 -- c2 -- -- -- 20 -- -- -- f8 -- 72 4f 6c -- 13 -- f1 -- -- -- 8e -- ef -- 45 -- -- -- 53 d7 -- -- -- -- -- 21 40 -- -- -- -- -- -- -- 27 -- -- d3 e4 56 9e d2 d8 -- -- -- 26 -- -- -- 35 d4 -- -- -- fe -- -- cb -- -- --  9 -- -- 54 8a 98 -- 48 -- -- -- -- a6 -- 79 d9 -- -- -- -- -- ce -- -- -- -- 42 -- 80 -- -- fb -- -- -- -- -- -- -- -- -- -- -- cc 4e -- -- -- -- f7 71 -- 1f 51 ac -- eb 19 73 86 67 -- -- -- -- 87 -- -- 4c 24 -- -- -- -- -- 2a 6a -- 7f -- -- -- -- -- -- 82 2b 69 -- -- -- -- 41 df -- -- -- -- -- -- 12 -- -- 15 -- -- a8 -- c3 -- e7 43 -- -- 90 -- -- -- -- 66 -- 96 -- -- 9b -- -- -- f2 -- 65 -- -- -- -- -- -- -- -- -- -- 33 4b -- -- ca -- -- -- e1 -- -- 84 -- -- -- 

solutions so far:0 maxDepth:9 
iterations:7112801  skipped: 4 
Depth skipped: 
0 0 4 0 0 0 0 0 0 0 0 0 0 0 0 0 0 0 0 0 0 0 0 0 0 0 0 0 0 0 0 0 

running time: 900 sec
 depth:6
 0  1  2  3  4  5  6  7  8  9  a  b  c  d  e  f 10 11 12 13 14 15 16 17 18 19 1a 1b 1c 1d 1e 1f 20 21 22 23 24 25 26 27 28 29 2a 2b 2c 2d 2e 2f 30 31 32 33 34 35 36 37 38 39 3a 3b 3c 3d 3e 3f 40 41 42 43 44 45 46 47 48 49 4a 4b 4c 4d 4e 4f 50 51 52 53 54 55 56 57 58 59 5a 5b 5c 5d 5e 5f 60 61 62 63 64 65 66 67 68 69 6a 6b 6c 6d 6e 6f 70 71 72 73 74 75 76 77 78 79 7a 7b 7c 7d 7e 7f 80 81 82 83 84 85 86 87 88 89 8a 8b 8c 8d 8e 8f 90 91 92 93 94 95 96 97 98 99 9a 9b 9c 9d 9e 9f a0 a1 a2 a3 a4 a5 a6 a7 a8 a9 aa ab ac ad ae af b0 b1 b2 b3 b4 b5 b6 b7 b8 b9 ba bb bc bd be bf c0 c1 c2 c3 c4 c5 c6 c7 c8 c9 ca cb cc cd ce cf d0 d1 d2 d3 d4 d5 d6 d7 d8 d9 da db dc dd de df e0 e1 e2 e3 e4 e5 e6 e7 e8 e9 ea eb ec ed ee ef f0 f1 f2 f3 f4 f5 f6 f7 f8 f9 fa fb fc fd fe ff 
 0  1  2 32  4 dd 64 af  8 9f 6d ca c8 2a 89 -- 10 -- e9 ff da e2 43 -- 47 28 54 -- c5 -- -- -- 20 -- -- --  5 -- 29 4f 63 -- 13 -- 86 -- -- -- 8e -- 50 -- a8 -- -- -- 5d d7 -- -- -- -- -- fd 40 -- -- -- -- -- -- --  a -- -- d3 52 e1 9e a9 c6 -- -- -- 26 -- -- -- db c2 -- -- -- a6 -- -- cb -- -- -- a0 -- -- 7a 87 98 -- 25 -- -- -- -- ba -- 79 7e -- -- -- -- -- b6 -- -- -- -- 2d -- 80 -- -- 95 -- -- -- -- -- -- -- -- -- -- -- cc 14 -- -- -- -- 94 71 -- a4 65 15 -- eb 19 85 bc 5b -- -- -- -- 3f -- -- 4c f9 -- -- -- -- -- 3d 61 -- 53 -- -- -- -- -- -- 82 9b bf -- -- -- -- 41 b4 -- -- -- -- -- -- 97 -- -- f5 -- -- f4 -- d9 -- e7 5e -- -- 4a -- -- -- -- 66 -- a1 -- -- a3 -- -- -- f2 -- fc -- -- -- -- -- -- -- -- -- -- 33 bb -- -- 2f -- -- -- 91 -- -- 5a -- -- -- 

solutions so far:0 maxDepth:9 
iterations:9425777  skipped: 4 
Depth skipped: 
0 0 4 0 0 0 0 0 0 0 0 0 0 0 0 0 0 0 0 0 0 0 0 0 0 0 0 0 0 0 0 0 

running time: 1200 sec
 depth:6
 0  1  2  3  4  5  6  7  8  9  a  b  c  d  e  f 10 11 12 13 14 15 16 17 18 19 1a 1b 1c 1d 1e 1f 20 21 22 23 24 25 26 27 28 29 2a 2b 2c 2d 2e 2f 30 31 32 33 34 35 36 37 38 39 3a 3b 3c 3d 3e 3f 40 41 42 43 44 45 46 47 48 49 4a 4b 4c 4d 4e 4f 50 51 52 53 54 55 56 57 58 59 5a 5b 5c 5d 5e 5f 60 61 62 63 64 65 66 67 68 69 6a 6b 6c 6d 6e 6f 70 71 72 73 74 75 76 77 78 79 7a 7b 7c 7d 7e 7f 80 81 82 83 84 85 86 87 88 89 8a 8b 8c 8d 8e 8f 90 91 92 93 94 95 96 97 98 99 9a 9b 9c 9d 9e 9f a0 a1 a2 a3 a4 a5 a6 a7 a8 a9 aa ab ac ad ae af b0 b1 b2 b3 b4 b5 b6 b7 b8 b9 ba bb bc bd be bf c0 c1 c2 c3 c4 c5 c6 c7 c8 c9 ca cb cc cd ce cf d0 d1 d2 d3 d4 d5 d6 d7 d8 d9 da db dc dd de df e0 e1 e2 e3 e4 e5 e6 e7 e8 e9 ea eb ec ed ee ef f0 f1 f2 f3 f4 f5 f6 f7 f8 f9 fa fb fc fd fe ff 
 0  1  2 32  4 d4 64 57  8 46 7f 84 c8 ce ae -- 10 -- 8c d5 fe e2 df -- 47 f3 4b -- 8b -- -- -- 20 -- -- -- cf -- 7d 4f 2b -- 13 -- 69 -- -- -- 8e -- 31 -- 96 -- -- -- c1 d7 -- -- -- -- -- c3 40 -- -- -- -- -- -- -- 49 -- -- d3 fa d8 9e 35 56 -- -- -- 26 -- -- -- d2 e6 -- -- -- 36 -- -- cb -- -- -- 62 -- -- ea fb 98 -- be -- -- -- -- 55 -- 79  c -- -- -- -- -- 8f -- -- -- -- 51 -- 80 -- -- 8a -- -- -- -- -- -- -- -- -- -- -- cc 92 -- -- -- -- 81 71 -- 23 42 67 -- eb 19 6a c0 ac -- -- -- --  6 -- -- 4c 5f -- -- -- -- -- 75 73 -- 1b -- -- -- -- -- -- 82 6c f1 -- -- -- -- 41 93 -- -- -- -- -- -- c4 -- -- d1 -- --  3 -- 21 -- e7 60 -- -- ab -- -- -- -- 66 -- 45 -- -- aa -- -- -- f2 -- 18 -- -- -- -- -- -- -- -- -- -- 33 c9 -- -- 30 -- -- -- 83 -- -- a2 -- -- -- 

solutions so far:0 maxDepth:9 
iterations:11531570  skipped: 7 
Depth skipped: 
0 0 7 0 0 0 0 0 0 0 0 0 0 0 0 0 0 0 0 0 0 0 0 0 0 0 0 0 0 0 0 0 

running time: 1500 sec
 depth:7
 0  1  2  3  4  5  6  7  8  9  a  b  c  d  e  f 10 11 12 13 14 15 16 17 18 19 1a 1b 1c 1d 1e 1f 20 21 22 23 24 25 26 27 28 29 2a 2b 2c 2d 2e 2f 30 31 32 33 34 35 36 37 38 39 3a 3b 3c 3d 3e 3f 40 41 42 43 44 45 46 47 48 49 4a 4b 4c 4d 4e 4f 50 51 52 53 54 55 56 57 58 59 5a 5b 5c 5d 5e 5f 60 61 62 63 64 65 66 67 68 69 6a 6b 6c 6d 6e 6f 70 71 72 73 74 75 76 77 78 79 7a 7b 7c 7d 7e 7f 80 81 82 83 84 85 86 87 88 89 8a 8b 8c 8d 8e 8f 90 91 92 93 94 95 96 97 98 99 9a 9b 9c 9d 9e 9f a0 a1 a2 a3 a4 a5 a6 a7 a8 a9 aa ab ac ad ae af b0 b1 b2 b3 b4 b5 b6 b7 b8 b9 ba bb bc bd be bf c0 c1 c2 c3 c4 c5 c6 c7 c8 c9 ca cb cc cd ce cf d0 d1 d2 d3 d4 d5 d6 d7 d8 d9 da db dc dd de df e0 e1 e2 e3 e4 e5 e6 e7 e8 e9 ea eb ec ed ee ef f0 f1 f2 f3 f4 f5 f6 f7 f8 f9 fa fb fc fd fe ff 
 0  1  2 32  4 ca 64 49  8 5d 43 94 c8 50 92 2d 10 -- ba bc 86 e2 ff -- 47 3d a0 -- f3 -- 5a -- 20 -- -- -- a3 -- af 4f db -- 13 -- 29 -- -- 6d 8e -- 7a -- 97 -- -- -- 31 d7 -- -- b4 b6 -- 15 40 c6 -- -- -- -- -- -- 91 -- -- d3 89 14 9e d9 61 -- -- -- 26 -- -- -- 52 9f -- -- --  5 da -- cb -- -- -- f4 -- -- 81 f9 98 -- fc -- -- -- -- 62 -- 79 fa -- -- -- -- bf 53 bb -- -- -- 2a -- 80 -- 5b e1 -- -- -- -- -- -- -- dd -- -- -- cc f5 -- -- -- -- 5e 71 -- c5 4a 28 fd eb 19 65 cf c2 -- -- -- -- 7d -- -- 4c 7e -- -- -- -- -- ab a4 -- e9 -- -- -- -- -- -- 82  a 87 63 -- -- -- 41 a8 -- -- -- -- -- -- 3f -- -- be -- -- d5 -- 25 95 e7 8c -- -- 2f -- -- 85 -- 66 -- 9b -- -- c4 -- -- -- f2 -- 23 -- -- -- -- -- -- -- -- -- a9 33 a6 -- a1 46 -- -- -- 5f -- -- 54 -- -- -- 

solutions so far:0 maxDepth:9 
iterations:14287515  skipped: 7 
Depth skipped: 
0 0 7 0 0 0 0 0 0 0 0 0 0 0 0 0 0 0 0 0 0 0 0 0 0 0 0 0 0 0 0 0 

running time: 1800 sec
 depth:5
 0  1  2  3  4  5  6  7  8  9  a  b  c  d  e  f 10 11 12 13 14 15 16 17 18 19 1a 1b 1c 1d 1e 1f 20 21 22 23 24 25 26 27 28 29 2a 2b 2c 2d 2e 2f 30 31 32 33 34 35 36 37 38 39 3a 3b 3c 3d 3e 3f 40 41 42 43 44 45 46 47 48 49 4a 4b 4c 4d 4e 4f 50 51 52 53 54 55 56 57 58 59 5a 5b 5c 5d 5e 5f 60 61 62 63 64 65 66 67 68 69 6a 6b 6c 6d 6e 6f 70 71 72 73 74 75 76 77 78 79 7a 7b 7c 7d 7e 7f 80 81 82 83 84 85 86 87 88 89 8a 8b 8c 8d 8e 8f 90 91 92 93 94 95 96 97 98 99 9a 9b 9c 9d 9e 9f a0 a1 a2 a3 a4 a5 a6 a7 a8 a9 aa ab ac ad ae af b0 b1 b2 b3 b4 b5 b6 b7 b8 b9 ba bb bc bd be bf c0 c1 c2 c3 c4 c5 c6 c7 c8 c9 ca cb cc cd ce cf d0 d1 d2 d3 d4 d5 d6 d7 d8 d9 da db dc dd de df e0 e1 e2 e3 e4 e5 e6 e7 e8 e9 ea eb ec ed ee ef f0 f1 f2 f3 f4 f5 f6 f7 f8 f9 fa fb fc fd fe ff 
 0  1  2 32  4 bf 64 c0  8 cf a9 -- c8 -- 57 -- 10 -- 49 fa 85 e2 -- -- 47 62 -- -- ae -- -- -- 20 -- -- -- 92 -- 23 4f dd -- 13 -- -- -- -- -- 8e -- c4 -- -- -- -- -- 8b d7 -- -- -- -- -- bb 40 -- -- -- -- -- -- -- f3 -- -- d3 46 -- 9e 5a 6d -- -- -- 26 -- -- -- -- -- -- -- -- -- -- -- cb -- -- -- 5f -- -- 75 -- 98 -- 81 -- -- -- -- c1 -- 79  6 -- -- -- -- -- 63 -- -- -- -- a1 -- 80 -- -- b6 -- -- -- -- -- -- -- -- -- -- -- cc 31 -- -- -- -- 7d 71 -- 8c -- -- -- eb 19 b4 60 da -- -- -- --  3 -- -- 4c ab -- -- -- -- -- d1 -- -- -- -- -- -- -- -- -- 82 -- 2d -- -- -- -- 41 fd -- -- -- -- -- -- be -- -- 83 -- -- ea -- -- -- e7 30 -- -- d5 -- -- -- -- 66 -- 5b -- -- 55 -- -- -- f2 --  c -- -- -- -- -- -- -- -- -- -- 33 c6 -- -- 18 -- -- -- aa -- -- 95 -- -- -- 

solutions so far:0 maxDepth:9 
iterations:17281198  skipped: 7 
Depth skipped: 
0 0 7 0 0 0 0 0 0 0 0 0 0 0 0 0 0 0 0 0 0 0 0 0 0 0 0 0 0 0 0 0 

running time: 2100 sec
 depth:6
 0  1  2  3  4  5  6  7  8  9  a  b  c  d  e  f 10 11 12 13 14 15 16 17 18 19 1a 1b 1c 1d 1e 1f 20 21 22 23 24 25 26 27 28 29 2a 2b 2c 2d 2e 2f 30 31 32 33 34 35 36 37 38 39 3a 3b 3c 3d 3e 3f 40 41 42 43 44 45 46 47 48 49 4a 4b 4c 4d 4e 4f 50 51 52 53 54 55 56 57 58 59 5a 5b 5c 5d 5e 5f 60 61 62 63 64 65 66 67 68 69 6a 6b 6c 6d 6e 6f 70 71 72 73 74 75 76 77 78 79 7a 7b 7c 7d 7e 7f 80 81 82 83 84 85 86 87 88 89 8a 8b 8c 8d 8e 8f 90 91 92 93 94 95 96 97 98 99 9a 9b 9c 9d 9e 9f a0 a1 a2 a3 a4 a5 a6 a7 a8 a9 aa ab ac ad ae af b0 b1 b2 b3 b4 b5 b6 b7 b8 b9 ba bb bc bd be bf c0 c1 c2 c3 c4 c5 c6 c7 c8 c9 ca cb cc cd ce cf d0 d1 d2 d3 d4 d5 d6 d7 d8 d9 da db dc dd de df e0 e1 e2 e3 e4 e5 e6 e7 e8 e9 ea eb ec ed ee ef f0 f1 f2 f3 f4 f5 f6 f7 f8 f9 fa fb fc fd fe ff 
 0  1  2 32  4 b6 64 81  8 57 bb 2b c8 f1 d5 -- 10 -- ae 18 a1 e2 56 -- 47 aa 35 -- 7d -- -- -- 20 -- -- -- 8b -- 30 4f 95 -- 13 -- ac -- -- -- 8e -- 83 -- 6a -- -- -- fa d7 -- -- -- -- -- 85 40 -- -- -- -- -- -- -- c1 -- -- d3 60 a2 9e c6 fd -- -- -- 26 -- -- -- 8f 45 -- -- -- c3 -- -- cb -- -- -- d1 -- -- 92 d4 98 --  3 -- -- -- -- 23 -- 79 62 -- -- -- -- -- 5a -- -- -- -- dd -- 80 -- -- a9 -- -- -- -- -- -- -- -- -- -- -- cc 55 -- -- -- --  c 71 -- c0 fe 93 -- eb 19 5b ab 2d -- -- -- -- 31 -- -- 4c ea -- -- -- -- -- 49 c9 -- 8a -- -- -- -- -- -- 82 51 63 -- -- -- -- 41 da -- -- -- -- -- -- 75 -- -- cf -- -- f3 -- 7f -- e7 be -- --  6 -- -- -- -- 66 -- bf -- -- 46 -- -- -- f2 -- c4 -- -- -- -- -- -- -- -- -- -- 33 b4 -- -- 5f -- -- -- 8c -- -- 6d -- -- -- 

solutions so far:0 maxDepth:9 
iterations:20203013  skipped: 10 
Depth skipped: 
0 0 10 0 0 0 0 0 0 0 0 0 0 0 0 0 0 0 0 0 0 0 0 0 0 0 0 0 0 0 0 0 

running time: 2400 sec
 depth:7
 0  1  2  3  4  5  6  7  8  9  a  b  c  d  e  f 10 11 12 13 14 15 16 17 18 19 1a 1b 1c 1d 1e 1f 20 21 22 23 24 25 26 27 28 29 2a 2b 2c 2d 2e 2f 30 31 32 33 34 35 36 37 38 39 3a 3b 3c 3d 3e 3f 40 41 42 43 44 45 46 47 48 49 4a 4b 4c 4d 4e 4f 50 51 52 53 54 55 56 57 58 59 5a 5b 5c 5d 5e 5f 60 61 62 63 64 65 66 67 68 69 6a 6b 6c 6d 6e 6f 70 71 72 73 74 75 76 77 78 79 7a 7b 7c 7d 7e 7f 80 81 82 83 84 85 86 87 88 89 8a 8b 8c 8d 8e 8f 90 91 92 93 94 95 96 97 98 99 9a 9b 9c 9d 9e 9f a0 a1 a2 a3 a4 a5 a6 a7 a8 a9 aa ab ac ad ae af b0 b1 b2 b3 b4 b5 b6 b7 b8 b9 ba bb bc bd be bf c0 c1 c2 c3 c4 c5 c6 c7 c8 c9 ca cb cc cd ce cf d0 d1 d2 d3 d4 d5 d6 d7 d8 d9 da db dc dd de df e0 e1 e2 e3 e4 e5 e6 e7 e8 e9 ea eb ec ed ee ef f0 f1 f2 f3 f4 f5 f6 f7 f8 f9 fa fb fc fd fe ff 
 0  1  2 32  4 ae 64 f3  8 b2 8b fc c8 f5 31 ec 10 -- b3 44 c1 e2 2f -- 47 ad 3d -- 62 --  f -- 20 -- -- -- b1 -- 88 4f 55 -- 13 -- 5e -- -- 6e 8e -- 8d -- 7a -- -- -- c4 d7 -- -- 1e d6 --  6 40 de -- -- -- -- -- -- b5 -- -- d3 c7 a3 9e c0 aa -- -- -- 26 -- -- -- bc 89 -- -- -- 5d dc -- cb -- -- -- cd -- -- 7d f4 98 -- e3 -- -- -- -- 5f -- 79 46 -- -- -- -- 3c d1 7b -- -- --  c -- 80 -- 6b  3 -- -- -- -- -- -- -- 37 -- -- -- cc bd -- -- -- -- 22 71 -- 59 7e 91 76 eb 19 57 92 83 -- -- -- -- 23 -- -- 4c 9a -- -- -- -- -- d5 af -- c5 -- -- -- -- -- -- 82 ba 60 6f -- -- -- 41 30 -- -- -- -- -- -- 4d -- -- 81 -- -- fa -- 3f 3b e7 49 -- -- 11 -- -- f0 -- 66 -- ea -- -- be -- -- -- f2 -- 8c -- -- -- -- -- -- -- -- -- 78 33 75 -- f6 cf -- -- -- ab -- -- 18 -- -- -- 

solutions so far:0 maxDepth:9 
iterations:22580132  skipped: 11 
Depth skipped: 
0 0 11 0 0 0 0 0 0 0 0 0 0 0 0 0 0 0 0 0 0 0 0 0 0 0 0 0 0 0 0 0 

running time: 2700 sec
 depth:8
 0  1  2  3  4  5  6  7  8  9  a  b  c  d  e  f 10 11 12 13 14 15 16 17 18 19 1a 1b 1c 1d 1e 1f 20 21 22 23 24 25 26 27 28 29 2a 2b 2c 2d 2e 2f 30 31 32 33 34 35 36 37 38 39 3a 3b 3c 3d 3e 3f 40 41 42 43 44 45 46 47 48 49 4a 4b 4c 4d 4e 4f 50 51 52 53 54 55 56 57 58 59 5a 5b 5c 5d 5e 5f 60 61 62 63 64 65 66 67 68 69 6a 6b 6c 6d 6e 6f 70 71 72 73 74 75 76 77 78 79 7a 7b 7c 7d 7e 7f 80 81 82 83 84 85 86 87 88 89 8a 8b 8c 8d 8e 8f 90 91 92 93 94 95 96 97 98 99 9a 9b 9c 9d 9e 9f a0 a1 a2 a3 a4 a5 a6 a7 a8 a9 aa ab ac ad ae af b0 b1 b2 b3 b4 b5 b6 b7 b8 b9 ba bb bc bd be bf c0 c1 c2 c3 c4 c5 c6 c7 c8 c9 ca cb cc cd ce cf d0 d1 d2 d3 d4 d5 d6 d7 d8 d9 da db dc dd de df e0 e1 e2 e3 e4 e5 e6 e7 e8 e9 ea eb ec ed ee ef f0 f1 f2 f3 f4 f5 f6 f7 f8 f9 fa fb fc fd fe ff 
 0  1  2 32  4 a6 64 e0  8 b9 9b b4 c8 bb 17 de 10 4b a5 2c e1 e2 bf -- 47 1a a1 -- 2e -- 6b -- 20 -- 96 -- 9d d8 58 4f 15 42 13 -- a9 -- -- ec 8e -- 34 -- 95 -- -- -- 5c d7 -- -- d6 f0 -- ca 40 3c -- -- fb -- -- 36 ed -- 67 d3 b0 5b 9e c2 2a -- 84 -- 26 -- -- -- 85 6d -- -- -- 63  f -- cb -- -- -- 68 -- -- 3a fd 98 -- ee -- -- -- -- b8 69 79  7 -- -- -- -- 7b a8 37 -- -- -- 43 -- 80 -- 78 65 -- -- -- -- 21 -- -- 76 -- -- 6c cc  d -- -- -- ce 16 71 -- b7 5a b6 6f eb 19 53 70 54 -- -- -- df e8 -- -- 4c 77 -- -- -- -- -- 1d dd -- da -- -- -- -- -- -- 82 c6 61 1e -- -- 1b 41 db -- e6 -- -- -- -- d0 -- -- e5 -- -- 74 -- 2d dc e7 38 -- --  b -- -- 3b -- 66 -- d9 -- -- a7 -- d2 -- f2 --  e -- -- -- -- -- -- -- -- -- f6 33 87 -- 6e 1c -- -- -- 99 -- -- 86 73 -- -- 

solutions so far:0 maxDepth:9 
iterations:25465121  skipped: 12 
Depth skipped: 
0 0 12 0 0 0 0 0 0 0 0 0 0 0 0 0 0 0 0 0 0 0 0 0 0 0 0 0 0 0 0 0 

running time: 3000 sec
 depth:6
 0  1  2  3  4  5  6  7  8  9  a  b  c  d  e  f 10 11 12 13 14 15 16 17 18 19 1a 1b 1c 1d 1e 1f 20 21 22 23 24 25 26 27 28 29 2a 2b 2c 2d 2e 2f 30 31 32 33 34 35 36 37 38 39 3a 3b 3c 3d 3e 3f 40 41 42 43 44 45 46 47 48 49 4a 4b 4c 4d 4e 4f 50 51 52 53 54 55 56 57 58 59 5a 5b 5c 5d 5e 5f 60 61 62 63 64 65 66 67 68 69 6a 6b 6c 6d 6e 6f 70 71 72 73 74 75 76 77 78 79 7a 7b 7c 7d 7e 7f 80 81 82 83 84 85 86 87 88 89 8a 8b 8c 8d 8e 8f 90 91 92 93 94 95 96 97 98 99 9a 9b 9c 9d 9e 9f a0 a1 a2 a3 a4 a5 a6 a7 a8 a9 aa ab ac ad ae af b0 b1 b2 b3 b4 b5 b6 b7 b8 b9 ba bb bc bd be bf c0 c1 c2 c3 c4 c5 c6 c7 c8 c9 ca cb cc cd ce cf d0 d1 d2 d3 d4 d5 d6 d7 d8 d9 da db dc dd de df e0 e1 e2 e3 e4 e5 e6 e7 e8 e9 ea eb ec ed ee ef f0 f1 f2 f3 f4 f5 f6 f7 f8 f9 fa fb fc fd fe ff 
 0  1  2 32  4 9a 64 23  8 90 e3 e5 c8 17 46 -- 10 -- f7  9 11 e2 1d -- 47 1f 2e -- 8c -- -- -- 20 -- -- -- 39 -- 12 4f 22 -- 13 -- 3a -- -- -- 8e -- 3e -- 5c -- -- -- cf d7 -- -- -- -- -- b1 40 -- -- -- -- -- -- -- 72 -- -- d3 24 70 9e cd 44 -- -- -- 26 -- -- -- 74  7 -- -- -- 1c -- -- cb -- -- -- 7c -- -- c4 b8 98 -- 4e -- -- -- -- 49 -- 79 ab -- -- -- -- -- c7 -- -- -- -- b5 -- 80 -- -- b3 -- -- -- -- -- -- -- -- -- -- -- cc e4 -- -- -- -- ef 71 -- 48 99 e0 -- eb 19 4d fa 88 -- -- -- -- be -- -- 4c 27 -- -- -- -- -- 62 e8 --  e -- -- -- -- -- -- 82 38 8d -- -- -- -- 41 ad -- -- -- -- -- -- f8 -- -- 31 -- -- 5f -- a7 -- e7 7d -- -- 9c -- -- -- -- 66 -- b2 -- -- 92 -- -- -- f2 -- 81 -- -- -- -- -- -- -- -- -- -- 33 59 -- -- d5 -- -- -- f3 -- -- bd -- -- -- 

solutions so far:0 maxDepth:9 
iterations:29152436  skipped: 14 
Depth skipped: 
0 0 14 0 0 0 0 0 0 0 0 0 0 0 0 0 0 0 0 0 0 0 0 0 0 0 0 0 0 0 0 0 

running time: 3300 sec
 depth:7
 0  1  2  3  4  5  6  7  8  9  a  b  c  d  e  f 10 11 12 13 14 15 16 17 18 19 1a 1b 1c 1d 1e 1f 20 21 22 23 24 25 26 27 28 29 2a 2b 2c 2d 2e 2f 30 31 32 33 34 35 36 37 38 39 3a 3b 3c 3d 3e 3f 40 41 42 43 44 45 46 47 48 49 4a 4b 4c 4d 4e 4f 50 51 52 53 54 55 56 57 58 59 5a 5b 5c 5d 5e 5f 60 61 62 63 64 65 66 67 68 69 6a 6b 6c 6d 6e 6f 70 71 72 73 74 75 76 77 78 79 7a 7b 7c 7d 7e 7f 80 81 82 83 84 85 86 87 88 89 8a 8b 8c 8d 8e 8f 90 91 92 93 94 95 96 97 98 99 9a 9b 9c 9d 9e 9f a0 a1 a2 a3 a4 a5 a6 a7 a8 a9 aa ab ac ad ae af b0 b1 b2 b3 b4 b5 b6 b7 b8 b9 ba bb bc bd be bf c0 c1 c2 c3 c4 c5 c6 c7 c8 c9 ca cb cc cd ce cf d0 d1 d2 d3 d4 d5 d6 d7 d8 d9 da db dc dd de df e0 e1 e2 e3 e4 e5 e6 e7 e8 e9 ea eb ec ed ee ef f0 f1 f2 f3 f4 f5 f6 f7 f8 f9 fa fb fc fd fe ff 
 0  1  2 32  4 92 64 a7  8 88 f3  d c8 b0 99 1f 10 -- c7 e3 31 e2 1a -- 47 b1 b7 -- e5 -- 3e -- 20 -- -- -- 59 -- 11 4f 62 -- 13 -- 34 -- -- ef 8e -- b5 -- b9 -- -- -- 1d d7 -- -- 7c 90 -- 7d 40 24 -- -- -- -- -- -- b2 -- -- d3 22 2c 9e cf c4 -- -- -- 26 -- -- -- 68 77 -- -- --  b  9 -- cb -- -- -- bd -- -- 1c a5 98 -- cd -- -- -- -- 3a -- 79 e0 -- -- -- -- f8 be f7 -- -- -- fa -- 80 -- 48 d5 -- -- -- -- -- -- -- 9c -- -- -- cc b3 -- -- -- -- 9a 71 -- 44 ed 58 e4 eb 19 49 b8 5f -- -- -- -- 70 -- -- 4c 8d -- -- -- -- --  e d0 -- ee -- -- -- -- -- -- 82 16 8c 12 -- -- -- 41 46 -- -- -- -- -- -- ad -- --  7 -- -- 38 -- 9d 72 e7 5c -- -- 4d -- -- 4e -- 66 -- 81 -- -- 74 -- -- -- f2 -- 17 -- -- -- -- -- -- -- -- -- 27 33 ab -- 39 2e -- -- -- e8 -- -- 23 -- -- -- 

solutions so far:0 maxDepth:9 
iterations:32126833  skipped: 14 
Depth skipped: 
0 0 14 0 0 0 0 0 0 0 0 0 0 0 0 0 0 0 0 0 0 0 0 0 0 0 0 0 0 0 0 0 

running time: 3600 sec
 depth:7
 0  1  2  3  4  5  6  7  8  9  a  b  c  d  e  f 10 11 12 13 14 15 16 17 18 19 1a 1b 1c 1d 1e 1f 20 21 22 23 24 25 26 27 28 29 2a 2b 2c 2d 2e 2f 30 31 32 33 34 35 36 37 38 39 3a 3b 3c 3d 3e 3f 40 41 42 43 44 45 46 47 48 49 4a 4b 4c 4d 4e 4f 50 51 52 53 54 55 56 57 58 59 5a 5b 5c 5d 5e 5f 60 61 62 63 64 65 66 67 68 69 6a 6b 6c 6d 6e 6f 70 71 72 73 74 75 76 77 78 79 7a 7b 7c 7d 7e 7f 80 81 82 83 84 85 86 87 88 89 8a 8b 8c 8d 8e 8f 90 91 92 93 94 95 96 97 98 99 9a 9b 9c 9d 9e 9f a0 a1 a2 a3 a4 a5 a6 a7 a8 a9 aa ab ac ad ae af b0 b1 b2 b3 b4 b5 b6 b7 b8 b9 ba bb bc bd be bf c0 c1 c2 c3 c4 c5 c6 c7 c8 c9 ca cb cc cd ce cf d0 d1 d2 d3 d4 d5 d6 d7 d8 d9 da db dc dd de df e0 e1 e2 e3 e4 e5 e6 e7 e8 e9 ea eb ec ed ee ef f0 f1 f2 f3 f4 f5 f6 f7 f8 f9 fa fb fc fd fe ff 
 0  1  2 32  4 87 64 5a  8 83 d9 3e c8 90 b4 a5 10 -- d1 8b 65 e2 7c -- 47  6 f7 -- bf -- 9d -- 20 -- -- -- 75 -- c1 4f ca -- 13 -- f8 -- -- d0 8e --  c -- 39 -- -- -- a9 d7 -- -- ed 2c -- a6 40  b -- -- -- -- -- -- ea -- -- d3 55 24 9e 54 43 -- -- -- 26 -- -- -- 27 9c -- -- --  9 77 -- cb -- -- -- 18 -- -- c6 72 98 -- c0 -- -- -- -- 85 -- 79 bb -- -- -- --  d db 58 -- -- -- 9b -- 80 -- 16 53 -- -- -- -- -- -- -- 68 -- -- -- cc  3 -- -- -- -- ae 71 -- aa 1f 48 b9 eb 19 a8 2d 86 -- -- -- -- b6 -- -- 4c 60 -- -- -- -- -- 63 4e -- ef -- -- -- -- -- -- 82 12 2a ee -- -- -- 41 15 -- -- -- -- -- -- 30 -- -- da -- -- 5b -- e4 b7 e7 fd -- -- 57 -- -- 34 -- 66 -- c2 -- -- dd -- -- -- f2 -- a1 -- -- -- -- -- -- -- -- -- 1a 33 61 -- b0 95 -- -- -- 6d -- -- e1 -- -- -- 

solutions so far:0 maxDepth:10 
iterations:35101984  skipped: 15 
Depth skipped: 
0 0 15 0 0 0 0 0 0 0 0 0 0 0 0 0 0 0 0 0 0 0 0 0 0 0 0 0 0 0 0 0 

running time: 3900 sec
 depth:7
 0  1  2  3  4  5  6  7  8  9  a  b  c  d  e  f 10 11 12 13 14 15 16 17 18 19 1a 1b 1c 1d 1e 1f 20 21 22 23 24 25 26 27 28 29 2a 2b 2c 2d 2e 2f 30 31 32 33 34 35 36 37 38 39 3a 3b 3c 3d 3e 3f 40 41 42 43 44 45 46 47 48 49 4a 4b 4c 4d 4e 4f 50 51 52 53 54 55 56 57 58 59 5a 5b 5c 5d 5e 5f 60 61 62 63 64 65 66 67 68 69 6a 6b 6c 6d 6e 6f 70 71 72 73 74 75 76 77 78 79 7a 7b 7c 7d 7e 7f 80 81 82 83 84 85 86 87 88 89 8a 8b 8c 8d 8e 8f 90 91 92 93 94 95 96 97 98 99 9a 9b 9c 9d 9e 9f a0 a1 a2 a3 a4 a5 a6 a7 a8 a9 aa ab ac ad ae af b0 b1 b2 b3 b4 b5 b6 b7 b8 b9 ba bb bc bd be bf c0 c1 c2 c3 c4 c5 c6 c7 c8 c9 ca cb cc cd ce cf d0 d1 d2 d3 d4 d5 d6 d7 d8 d9 da db dc dd de df e0 e1 e2 e3 e4 e5 e6 e7 e8 e9 ea eb ec ed ee ef f0 f1 f2 f3 f4 f5 f6 f7 f8 f9 fa fb fc fd fe ff 
 0  1  2 32  4 7b 64 9c  8 7d f6 c2 c8 65 ef f9 10 -- fa be 3b e2 53 -- 47 cf ca --  9 -- 25 -- 20 -- -- -- 23 -- ab 4f 76 -- 13 -- a6 -- -- a4 8e -- 49 -- 43 -- -- -- 12 d7 -- -- 4a 14 -- 37 40  5 -- -- -- -- -- -- 46 -- -- d3 81 87 9e 6b ec -- -- -- 26 -- -- -- 9b 15 -- -- -- 54 9f -- cb -- -- -- 92 -- -- 72 86 98 -- 62 -- -- -- -- 24 -- 79 3e -- -- -- -- 94 1e 28 -- -- -- 6e -- 80 --  a f0 -- -- -- -- -- -- -- 52 -- -- -- cc 8c -- -- -- -- 5f 71 -- d5 61 d9 97 eb 19 d6 4e  f -- -- -- -- 1f -- -- 4c 31 -- -- -- -- -- 39 e1 -- 2a -- -- -- -- -- -- 82 a8 de e9 -- -- -- 41 6f -- -- -- -- -- -- f3 -- -- f7 -- -- e4 -- db a0 e7 27 -- -- c4 -- -- 29 -- 66 -- 78 -- -- 48 -- -- -- f2 -- 7c -- -- -- -- -- -- -- -- -- ff 33 3c -- 50 f8 -- -- -- 90 -- -- dc -- -- -- 

solutions so far:0 maxDepth:10 
iterations:39161859  skipped: 15 
Depth skipped: 
0 0 15 0 0 0 0 0 0 0 0 0 0 0 0 0 0 0 0 0 0 0 0 0 0 0 0 0 0 0 0 0 

running time: 4200 sec
 depth:8
 0  1  2  3  4  5  6  7  8  9  a  b  c  d  e  f 10 11 12 13 14 15 16 17 18 19 1a 1b 1c 1d 1e 1f 20 21 22 23 24 25 26 27 28 29 2a 2b 2c 2d 2e 2f 30 31 32 33 34 35 36 37 38 39 3a 3b 3c 3d 3e 3f 40 41 42 43 44 45 46 47 48 49 4a 4b 4c 4d 4e 4f 50 51 52 53 54 55 56 57 58 59 5a 5b 5c 5d 5e 5f 60 61 62 63 64 65 66 67 68 69 6a 6b 6c 6d 6e 6f 70 71 72 73 74 75 76 77 78 79 7a 7b 7c 7d 7e 7f 80 81 82 83 84 85 86 87 88 89 8a 8b 8c 8d 8e 8f 90 91 92 93 94 95 96 97 98 99 9a 9b 9c 9d 9e 9f a0 a1 a2 a3 a4 a5 a6 a7 a8 a9 aa ab ac ad ae af b0 b1 b2 b3 b4 b5 b6 b7 b8 b9 ba bb bc bd be bf c0 c1 c2 c3 c4 c5 c6 c7 c8 c9 ca cb cc cd ce cf d0 d1 d2 d3 d4 d5 d6 d7 d8 d9 da db dc dd de df e0 e1 e2 e3 e4 e5 e6 e7 e8 e9 ea eb ec ed ee ef f0 f1 f2 f3 f4 f5 f6 f7 f8 f9 fa fb fc fd fe ff 
 0  1  2 32  4 69 64 a4  8 37 d2 bb c8 6d 9f cf 10 54 6e 1e 73 e2 a1 -- 47 6b da -- e9 -- 49 -- 20 -- a8 -- dc e1 3c 4f e6 65 13 -- 95 -- -- 5f 8e -- d6 -- 63 -- -- --  5 d7 -- -- 92 7d -- 4b 40 81 -- -- 87 -- -- a6 6f -- 15 d3 78 85 9e 84 1b -- ca -- 26 -- -- -- fd 5a -- -- -- bf be -- cb -- -- -- 7b -- -- 97 c6 98 -- 76 -- -- -- --  a 86 79 4a -- -- -- -- f3 6c fa -- -- -- 96 -- 80 -- d5 ce -- -- -- -- d9 -- -- c4 -- -- 9b cc de -- -- -- 2a  f 71 -- f0 b6 dd 8c eb 19 df 52 36 -- -- -- 43 25 -- -- 4c 3b -- -- -- -- -- a0 2d -- b4 -- -- -- -- -- -- 82 a9 42 ab -- -- 53 41 21 -- c2 -- -- -- -- f6 -- -- 50 -- -- f9 -- 5b 46 e7 29 -- -- ec -- -- 62 -- 66 -- 67 -- -- 14 -- db -- f2 -- 94 -- -- -- -- -- -- -- -- -- 31 33 d8 -- 23 ff -- -- -- 28 -- -- fb 61 -- -- 

solutions so far:0 maxDepth:10 
iterations:43180992  skipped: 19 
Depth skipped: 
0 0 19 0 0 0 0 0 0 0 0 0 0 0 0 0 0 0 0 0 0 0 0 0 0 0 0 0 0 0 0 0 

running time: 4500 sec
 depth:7
 0  1  2  3  4  5  6  7  8  9  a  b  c  d  e  f 10 11 12 13 14 15 16 17 18 19 1a 1b 1c 1d 1e 1f 20 21 22 23 24 25 26 27 28 29 2a 2b 2c 2d 2e 2f 30 31 32 33 34 35 36 37 38 39 3a 3b 3c 3d 3e 3f 40 41 42 43 44 45 46 47 48 49 4a 4b 4c 4d 4e 4f 50 51 52 53 54 55 56 57 58 59 5a 5b 5c 5d 5e 5f 60 61 62 63 64 65 66 67 68 69 6a 6b 6c 6d 6e 6f 70 71 72 73 74 75 76 77 78 79 7a 7b 7c 7d 7e 7f 80 81 82 83 84 85 86 87 88 89 8a 8b 8c 8d 8e 8f 90 91 92 93 94 95 96 97 98 99 9a 9b 9c 9d 9e 9f a0 a1 a2 a3 a4 a5 a6 a7 a8 a9 aa ab ac ad ae af b0 b1 b2 b3 b4 b5 b6 b7 b8 b9 ba bb bc bd be bf c0 c1 c2 c3 c4 c5 c6 c7 c8 c9 ca cb cc cd ce cf d0 d1 d2 d3 d4 d5 d6 d7 d8 d9 da db dc dd de df e0 e1 e2 e3 e4 e5 e6 e7 e8 e9 ea eb ec ed ee ef f0 f1 f2 f3 f4 f5 f6 f7 f8 f9 fa fb fc fd fe ff 
 0  1  2 32  4 5c 64 ff  8 16 b8 ea c8 c1 29 ad 10 -- 2c d0 a7 e2  3 -- 47 b9 55 -- 52 -- 8d -- 20 -- -- -- 58 -- 77 4f 99 -- 13 --  6 -- -- 22 8e -- a5 -- aa -- -- -- a4 d7 -- -- cd b2 --  e 40 c7 -- -- -- -- -- -- b0 -- -- d3 ee ae 9e 17 e5 -- -- -- 26 -- -- --  c 30 -- -- -- c0 44 -- cb -- -- -- 9d -- -- 28 83 98 -- 1a -- -- -- -- 9f -- 79 97 -- -- -- -- 4d 3a b3 -- -- -- 1c -- 80 -- 59  7 -- -- -- -- -- -- -- 11 -- -- -- cc b7 -- -- -- -- 68 71 --  b 75 8b bd eb 19 2e 94 1d -- -- -- -- a0 -- -- 4c  d -- -- -- -- -- 14 18 -- 60 -- -- -- -- -- -- 82 57 e0 88 -- -- -- 41 70 -- -- -- -- -- -- ed -- --  a -- -- 50 -- d1 b5 e7 4a -- -- 34 -- -- e3 -- 66 -- e8 -- -- e9 -- -- -- f2 -- f9 -- -- -- -- -- -- -- -- -- 9a 33 74 -- b1 25 -- -- --  5 -- -- 38 -- -- -- 

solutions so far:0 maxDepth:10 
iterations:47275667  skipped: 20 
Depth skipped: 
0 0 20 0 0 0 0 0 0 0 0 0 0 0 0 0 0 0 0 0 0 0 0 0 0 0 0 0 0 0 0 0 

running time: 4800 sec
 depth:7
 0  1  2  3  4  5  6  7  8  9  a  b  c  d  e  f 10 11 12 13 14 15 16 17 18 19 1a 1b 1c 1d 1e 1f 20 21 22 23 24 25 26 27 28 29 2a 2b 2c 2d 2e 2f 30 31 32 33 34 35 36 37 38 39 3a 3b 3c 3d 3e 3f 40 41 42 43 44 45 46 47 48 49 4a 4b 4c 4d 4e 4f 50 51 52 53 54 55 56 57 58 59 5a 5b 5c 5d 5e 5f 60 61 62 63 64 65 66 67 68 69 6a 6b 6c 6d 6e 6f 70 71 72 73 74 75 76 77 78 79 7a 7b 7c 7d 7e 7f 80 81 82 83 84 85 86 87 88 89 8a 8b 8c 8d 8e 8f 90 91 92 93 94 95 96 97 98 99 9a 9b 9c 9d 9e 9f a0 a1 a2 a3 a4 a5 a6 a7 a8 a9 aa ab ac ad ae af b0 b1 b2 b3 b4 b5 b6 b7 b8 b9 ba bb bc bd be bf c0 c1 c2 c3 c4 c5 c6 c7 c8 c9 ca cb cc cd ce cf d0 d1 d2 d3 d4 d5 d6 d7 d8 d9 da db dc dd de df e0 e1 e2 e3 e4 e5 e6 e7 e8 e9 ea eb ec ed ee ef f0 f1 f2 f3 f4 f5 f6 f7 f8 f9 fa fb fc fd fe ff 
 0  1  2 32  4 4b 64 f8  8 a2 96 6d c8 5a 27 7d 10 -- 93 45 fb e2 da -- 47 d4 b4 -- 4e -- fa -- 20 -- -- -- f1 -- 8a 4f 21 -- 13 -- 63 -- -- 92 8e -- 7f -- bf -- -- -- 9c d7 -- -- 23 5f -- e6 40 62 -- -- -- -- -- -- 35 -- -- d3 c3 fd 9e 67 42 -- -- -- 26 -- -- -- c6 b6 -- -- -- a1 f3 -- cb -- -- -- fe -- -- 90 a9 98 -- ac -- -- -- -- ef -- 79 72 -- -- -- -- 46 df be -- -- -- 1b -- 80 -- c4 73 -- -- -- -- -- -- -- 49 -- -- -- cc 6a -- -- -- -- c9 71 -- 51 dd 2d d5 eb 19 ce 7c 84 -- -- -- -- 39 -- -- 4c 56 -- -- -- -- -- 48 5b -- bb -- -- -- -- -- -- 82 95 d8 31 -- -- -- 41 6c -- -- -- -- -- -- 2b -- -- 24 -- -- f7 -- 85 81 e7 3e -- -- 8f -- -- cf -- 66 -- d2 -- --  9 -- -- -- f2 -- e4 -- -- -- -- -- -- -- -- -- 8c 33 69 -- ab 1f -- -- -- 12 -- -- 36 -- -- -- 

solutions so far:0 maxDepth:10 
iterations:51495393  skipped: 22 
Depth skipped: 
0 0 22 0 0 0 0 0 0 0 0 0 0 0 0 0 0 0 0 0 0 0 0 0 0 0 0 0 0 0 0 0 

running time: 5100 sec
 depth:7
 0  1  2  3  4  5  6  7  8  9  a  b  c  d  e  f 10 11 12 13 14 15 16 17 18 19 1a 1b 1c 1d 1e 1f 20 21 22 23 24 25 26 27 28 29 2a 2b 2c 2d 2e 2f 30 31 32 33 34 35 36 37 38 39 3a 3b 3c 3d 3e 3f 40 41 42 43 44 45 46 47 48 49 4a 4b 4c 4d 4e 4f 50 51 52 53 54 55 56 57 58 59 5a 5b 5c 5d 5e 5f 60 61 62 63 64 65 66 67 68 69 6a 6b 6c 6d 6e 6f 70 71 72 73 74 75 76 77 78 79 7a 7b 7c 7d 7e 7f 80 81 82 83 84 85 86 87 88 89 8a 8b 8c 8d 8e 8f 90 91 92 93 94 95 96 97 98 99 9a 9b 9c 9d 9e 9f a0 a1 a2 a3 a4 a5 a6 a7 a8 a9 aa ab ac ad ae af b0 b1 b2 b3 b4 b5 b6 b7 b8 b9 ba bb bc bd be bf c0 c1 c2 c3 c4 c5 c6 c7 c8 c9 ca cb cc cd ce cf d0 d1 d2 d3 d4 d5 d6 d7 d8 d9 da db dc dd de df e0 e1 e2 e3 e4 e5 e6 e7 e8 e9 ea eb ec ed ee ef f0 f1 f2 f3 f4 f5 f6 f7 f8 f9 fa fb fc fd fe ff 
 0  1  2 32  4 39 64 ad  8 15 72 5d c8 2f 8d 2e 10 -- 2a 53 e4 e2 ba -- 47 d9 5e -- cd -- 5c -- 20 -- -- -- 54 -- a6 4f 1f -- 13 -- a3 -- -- 3a 8e -- 65 -- bc -- -- -- 4d d7 -- -- b8 1c -- ef 40  7 -- -- -- -- -- -- a8 -- -- d3 9b 7e 9e 90 3e -- -- -- 26 -- -- -- 91 3d -- -- -- f4 74 -- cb -- -- -- ca -- -- 88 af 98 -- db -- -- -- -- 9a -- 79 b2 -- -- -- -- a7 f8 38 -- -- --  9 -- 80 --  e 9c -- -- -- -- -- -- -- 1d -- -- -- cc 87 -- -- -- -- c2 71 -- e1 c5 fc 17 eb 19 f7 bd 7c -- -- -- -- 59 -- -- 4c 86 -- -- -- -- -- 44 f5 -- 7a -- -- -- -- -- -- 82 3f 48 e8 -- -- -- 41 24 -- -- -- -- -- -- 43 -- -- 22 -- -- c7 -- 89 e0 e7 b5 -- -- 61 -- -- e5 -- 66 -- 4e -- -- e3 -- -- -- f2 -- b3 -- -- -- -- -- -- -- -- -- 99 33 27 -- 70 b1 -- -- -- 11 -- -- 12 -- -- -- 

solutions so far:0 maxDepth:10 
iterations:56820978  skipped: 24 
Depth skipped: 
0 0 24 0 0 0 0 0 0 0 0 0 0 0 0 0 0 0 0 0 0 0 0 0 0 0 0 0 0 0 0 0 

running time: 5400 sec
 depth:7
 0  1  2  3  4  5  6  7  8  9  a  b  c  d  e  f 10 11 12 13 14 15 16 17 18 19 1a 1b 1c 1d 1e 1f 20 21 22 23 24 25 26 27 28 29 2a 2b 2c 2d 2e 2f 30 31 32 33 34 35 36 37 38 39 3a 3b 3c 3d 3e 3f 40 41 42 43 44 45 46 47 48 49 4a 4b 4c 4d 4e 4f 50 51 52 53 54 55 56 57 58 59 5a 5b 5c 5d 5e 5f 60 61 62 63 64 65 66 67 68 69 6a 6b 6c 6d 6e 6f 70 71 72 73 74 75 76 77 78 79 7a 7b 7c 7d 7e 7f 80 81 82 83 84 85 86 87 88 89 8a 8b 8c 8d 8e 8f 90 91 92 93 94 95 96 97 98 99 9a 9b 9c 9d 9e 9f a0 a1 a2 a3 a4 a5 a6 a7 a8 a9 aa ab ac ad ae af b0 b1 b2 b3 b4 b5 b6 b7 b8 b9 ba bb bc bd be bf c0 c1 c2 c3 c4 c5 c6 c7 c8 c9 ca cb cc cd ce cf d0 d1 d2 d3 d4 d5 d6 d7 d8 d9 da db dc dd de df e0 e1 e2 e3 e4 e5 e6 e7 e8 e9 ea eb ec ed ee ef f0 f1 f2 f3 f4 f5 f6 f7 f8 f9 fa fb fc fd fe ff 
 0  1  2 32  4 28 64 ec  8 4b 50 e5 c8 17  f 2c 10 -- 96 6c a0 e2 1d -- 47 84 2e -- 1e -- 58 -- 20 -- -- -- fb -- d8 4f 97 -- 13 -- 3a -- -- ed 8e -- df -- 5c -- -- -- 3c d7 -- -- b0 d0 -- 52 40 34 -- -- -- -- -- -- 21 -- -- d3 67 70 9e  a f9 -- -- -- 26 -- -- -- 74  7 -- -- -- 1c  d -- cb -- -- -- 69 -- -- 6f b8 98 -- e6 -- -- -- -- 78 -- 79 d6 -- -- -- -- b7 4a 77 -- -- -- a4 -- 80 -- 68 29 -- -- -- -- -- -- -- 9d -- -- -- cc 42 -- -- -- -- 36 71 -- ce 99 e0 16 eb 19 14 76 25 -- -- -- -- 6b -- -- 4c 73 -- -- -- -- -- dc e8 --  e -- -- -- -- -- -- 82 38  5 1a -- -- -- 41 e9 -- -- -- -- -- -- d2 -- -- 6e -- -- de -- a7  b e7 3b -- -- 1b -- -- a5 -- 66 -- ff -- -- f0 -- -- -- f2 -- 7b -- -- -- -- -- -- -- -- -- b9 33 94 -- ee f6 -- -- -- 37 -- -- 9f -- -- -- 

solutions so far:0 maxDepth:10 
iterations:62328186  skipped: 25 
Depth skipped: 
0 0 25 0 0 0 0 0 0 0 0 0 0 0 0 0 0 0 0 0 0 0 0 0 0 0 0 0 0 0 0 0 

running time: 5700 sec
 depth:6
 0  1  2  3  4  5  6  7  8  9  a  b  c  d  e  f 10 11 12 13 14 15 16 17 18 19 1a 1b 1c 1d 1e 1f 20 21 22 23 24 25 26 27 28 29 2a 2b 2c 2d 2e 2f 30 31 32 33 34 35 36 37 38 39 3a 3b 3c 3d 3e 3f 40 41 42 43 44 45 46 47 48 49 4a 4b 4c 4d 4e 4f 50 51 52 53 54 55 56 57 58 59 5a 5b 5c 5d 5e 5f 60 61 62 63 64 65 66 67 68 69 6a 6b 6c 6d 6e 6f 70 71 72 73 74 75 76 77 78 79 7a 7b 7c 7d 7e 7f 80 81 82 83 84 85 86 87 88 89 8a 8b 8c 8d 8e 8f 90 91 92 93 94 95 96 97 98 99 9a 9b 9c 9d 9e 9f a0 a1 a2 a3 a4 a5 a6 a7 a8 a9 aa ab ac ad ae af b0 b1 b2 b3 b4 b5 b6 b7 b8 b9 ba bb bc bd be bf c0 c1 c2 c3 c4 c5 c6 c7 c8 c9 ca cb cc cd ce cf d0 d1 d2 d3 d4 d5 d6 d7 d8 d9 da db dc dd de df e0 e1 e2 e3 e4 e5 e6 e7 e8 e9 ea eb ec ed ee ef f0 f1 f2 f3 f4 f5 f6 f7 f8 f9 fa fb fc fd fe ff 
 0  1  2 32  4 18 64 4b  8  b 30 e5 c8 17 96 -- 10 -- 16 68 60 e2 1d -- 47 b7 2e -- fb -- -- -- 20 -- -- -- 2c -- d0 4f c0 -- 13 -- 3a -- -- -- 8e -- b9 -- 5c -- -- -- 21 d7 -- -- -- -- -- 83 40 -- -- -- -- -- -- -- 58 -- -- d3 77 70 9e  6 57 -- -- -- 26 -- -- -- 74  7 -- -- -- 1c -- -- cb -- -- -- a5 -- -- 73 b8 98 --  d -- -- -- -- 42 -- 79 36 -- -- -- -- -- 8b -- -- -- -- d1 -- 80 -- -- aa -- -- -- -- -- -- -- -- -- -- -- cc b0 -- -- -- -- 34 71 -- ee 99 e0 -- eb 19  c ce ae -- -- -- -- 1b -- -- 4c ed -- -- -- -- -- d2 e8 --  e -- -- -- -- -- -- 82 38  3 -- -- -- -- 41 ea -- -- -- -- -- -- 9d -- -- 69 -- -- e6 -- a7 -- e7 67 -- -- 1a -- -- -- -- 66 -- 55 -- -- 84 -- -- -- f2 -- 6c -- -- -- -- -- -- -- -- -- -- 33 c1 -- -- d8 -- -- -- df -- -- 75 -- -- -- 

solutions so far:0 maxDepth:10 
iterations:67832249  skipped: 27 
Depth skipped: 
0 0 27 0 0 0 0 0 0 0 0 0 0 0 0 0 0 0 0 0 0 0 0 0 0 0 0 0 0 0 0 0 

running time: 6000 sec
 depth:7
 0  1  2  3  4  5  6  7  8  9  a  b  c  d  e  f 10 11 12 13 14 15 16 17 18 19 1a 1b 1c 1d 1e 1f 20 21 22 23 24 25 26 27 28 29 2a 2b 2c 2d 2e 2f 30 31 32 33 34 35 36 37 38 39 3a 3b 3c 3d 3e 3f 40 41 42 43 44 45 46 47 48 49 4a 4b 4c 4d 4e 4f 50 51 52 53 54 55 56 57 58 59 5a 5b 5c 5d 5e 5f 60 61 62 63 64 65 66 67 68 69 6a 6b 6c 6d 6e 6f 70 71 72 73 74 75 76 77 78 79 7a 7b 7c 7d 7e 7f 80 81 82 83 84 85 86 87 88 89 8a 8b 8c 8d 8e 8f 90 91 92 93 94 95 96 97 98 99 9a 9b 9c 9d 9e 9f a0 a1 a2 a3 a4 a5 a6 a7 a8 a9 aa ab ac ad ae af b0 b1 b2 b3 b4 b5 b6 b7 b8 b9 ba bb bc bd be bf c0 c1 c2 c3 c4 c5 c6 c7 c8 c9 ca cb cc cd ce cf d0 d1 d2 d3 d4 d5 d6 d7 d8 d9 da db dc dd de df e0 e1 e2 e3 e4 e5 e6 e7 e8 e9 ea eb ec ed ee ef f0 f1 f2 f3 f4 f5 f6 f7 f8 f9 fa fb fc fd fe ff 
 0  1  2 32  4  7 64 85  8 ba  e 81 c8 31 dd 18 10 -- a3 af 1c e2 d5 -- 47 7a 62 -- 6d -- 30 -- 20 -- -- -- 91 -- 89 4f 38 -- 13 -- 7d -- -- c1 8e -- f4 -- c4 -- -- -- da d7 -- -- 60 75 -- a7 40 83 -- -- -- -- -- -- f5 -- -- d3 c5 92 9e 74 70 -- -- -- 26 -- -- -- fa 46 -- -- -- cf 55 -- cb -- -- -- 3f -- -- a1 5f 98 -- 2f -- -- -- -- 63 -- 79 2d -- -- -- -- c0 17 ea -- -- -- 99 -- 80 -- d1 b8 -- -- -- -- -- -- -- 8b -- -- -- cc 3d -- -- -- -- bc 71 -- 5d ab f3  c eb 19 e8 a9 e0 -- -- -- -- fd -- -- 4c fc -- -- -- -- -- bb 23 -- 8c -- -- -- -- -- -- 82 49 3a aa -- -- -- 41 1d -- -- -- -- -- -- 7e -- -- b6 -- -- 95 -- be  6 e7 bf -- -- 5e -- -- ae -- 66 -- 5c -- -- c6 -- -- -- f2 -- 5a -- -- -- -- -- -- -- -- -- 57 33 2e --  3 b4 -- -- -- 5b -- -- e5 -- -- -- 

solutions so far:0 maxDepth:10 
iterations:73418975  skipped: 28 
Depth skipped: 
0 0 28 0 0 0 0 0 0 0 0 0 0 0 0 0 0 0 0 0 0 0 0 0 0 0 0 0 0 0 0 0 

running time: 6300 sec

Finished. Total running time: 6337 sec
