Search S-boxes invariant for matrices: 
{0x00,0x02,0x04,0x06,0x08,0x0a,0x0c,0x0e,0x10,0x12,0x14,0x16,0x18,0x1a,0x1c,0x1e,0x20,0x22,0x24,0x26,0x28,0x2a,0x2c,0x2e,0x30,0x32,0x34,0x36,0x38,0x3a,0x3c,0x3e,0x40,0x42,0x44,0x46,0x48,0x4a,0x4c,0x4e,0x50,0x52,0x54,0x56,0x58,0x5a,0x5c,0x5e,0x60,0x62,0x64,0x66,0x68,0x6a,0x6c,0x6e,0x70,0x72,0x74,0x76,0x78,0x7a,0x7c,0x7e,0x80,0x82,0x84,0x86,0x88,0x8a,0x8c,0x8e,0x90,0x92,0x94,0x96,0x98,0x9a,0x9c,0x9e,0xa0,0xa2,0xa4,0xa6,0xa8,0xaa,0xac,0xae,0xb0,0xb2,0xb4,0xb6,0xb8,0xba,0xbc,0xbe,0xc0,0xc2,0xc4,0xc6,0xc8,0xca,0xcc,0xce,0xd0,0xd2,0xd4,0xd6,0xd8,0xda,0xdc,0xde,0xe0,0xe2,0xe4,0xe6,0xe8,0xea,0xec,0xee,0xf0,0xf2,0xf4,0xf6,0xf8,0xfa,0xfc,0xfe,0x39,0x3b,0x3d,0x3f,0x31,0x33,0x35,0x37,0x29,0x2b,0x2d,0x2f,0x21,0x23,0x25,0x27,0x19,0x1b,0x1d,0x1f,0x11,0x13,0x15,0x17,0x09,0x0b,0x0d,0x0f,0x01,0x03,0x05,0x07,0x79,0x7b,0x7d,0x7f,0x71,0x73,0x75,0x77,0x69,0x6b,0x6d,0x6f,0x61,0x63,0x65,0x67,0x59,0x5b,0x5d,0x5f,0x51,0x53,0x55,0x57,0x49,0x4b,0x4d,0x4f,0x41,0x43,0x45,0x47,0xb9,0xbb,0xbd,0xbf,0xb1,0xb3,0xb5,0xb7,0xa9,0xab,0xad,0xaf,0xa1,0xa3,0xa5,0xa7,0x99,0x9b,0x9d,0x9f,0x91,0x93,0x95,0x97,0x89,0x8b,0x8d,0x8f,0x81,0x83,0x85,0x87,0xf9,0xfb,0xfd,0xff,0xf1,0xf3,0xf5,0xf7,0xe9,0xeb,0xed,0xef,0xe1,0xe3,0xe5,0xe7,0xd9,0xdb,0xdd,0xdf,0xd1,0xd3,0xd5,0xd7,0xc9,0xcb,0xcd,0xcf,0xc1,0xc3,0xc5,0xc7};
{0x00,0x02,0x04,0x06,0x08,0x0a,0x0c,0x0e,0x10,0x12,0x14,0x16,0x18,0x1a,0x1c,0x1e,0x20,0x22,0x24,0x26,0x28,0x2a,0x2c,0x2e,0x30,0x32,0x34,0x36,0x38,0x3a,0x3c,0x3e,0x40,0x42,0x44,0x46,0x48,0x4a,0x4c,0x4e,0x50,0x52,0x54,0x56,0x58,0x5a,0x5c,0x5e,0x60,0x62,0x64,0x66,0x68,0x6a,0x6c,0x6e,0x70,0x72,0x74,0x76,0x78,0x7a,0x7c,0x7e,0x80,0x82,0x84,0x86,0x88,0x8a,0x8c,0x8e,0x90,0x92,0x94,0x96,0x98,0x9a,0x9c,0x9e,0xa0,0xa2,0xa4,0xa6,0xa8,0xaa,0xac,0xae,0xb0,0xb2,0xb4,0xb6,0xb8,0xba,0xbc,0xbe,0xc0,0xc2,0xc4,0xc6,0xc8,0xca,0xcc,0xce,0xd0,0xd2,0xd4,0xd6,0xd8,0xda,0xdc,0xde,0xe0,0xe2,0xe4,0xe6,0xe8,0xea,0xec,0xee,0xf0,0xf2,0xf4,0xf6,0xf8,0xfa,0xfc,0xfe,0xd7,0xd5,0xd3,0xd1,0xdf,0xdd,0xdb,0xd9,0xc7,0xc5,0xc3,0xc1,0xcf,0xcd,0xcb,0xc9,0xf7,0xf5,0xf3,0xf1,0xff,0xfd,0xfb,0xf9,0xe7,0xe5,0xe3,0xe1,0xef,0xed,0xeb,0xe9,0x97,0x95,0x93,0x91,0x9f,0x9d,0x9b,0x99,0x87,0x85,0x83,0x81,0x8f,0x8d,0x8b,0x89,0xb7,0xb5,0xb3,0xb1,0xbf,0xbd,0xbb,0xb9,0xa7,0xa5,0xa3,0xa1,0xaf,0xad,0xab,0xa9,0x57,0x55,0x53,0x51,0x5f,0x5d,0x5b,0x59,0x47,0x45,0x43,0x41,0x4f,0x4d,0x4b,0x49,0x77,0x75,0x73,0x71,0x7f,0x7d,0x7b,0x79,0x67,0x65,0x63,0x61,0x6f,0x6d,0x6b,0x69,0x17,0x15,0x13,0x11,0x1f,0x1d,0x1b,0x19,0x07,0x05,0x03,0x01,0x0f,0x0d,0x0b,0x09,0x37,0x35,0x33,0x31,0x3f,0x3d,0x3b,0x39,0x27,0x25,0x23,0x21,0x2f,0x2d,0x2b,0x29};



 depth:7
 0  1  2  3  4  5  6  7  8  9  a  b  c  d  e  f 10 11 12 13 14 15 16 17 18 19 1a 1b 1c 1d 1e 1f 20 21 22 23 24 25 26 27 28 29 2a 2b 2c 2d 2e 2f 30 31 32 33 34 35 36 37 38 39 3a 3b 3c 3d 3e 3f 40 41 42 43 44 45 46 47 48 49 4a 4b 4c 4d 4e 4f 50 51 52 53 54 55 56 57 58 59 5a 5b 5c 5d 5e 5f 60 61 62 63 64 65 66 67 68 69 6a 6b 6c 6d 6e 6f 70 71 72 73 74 75 76 77 78 79 7a 7b 7c 7d 7e 7f 80 81 82 83 84 85 86 87 88 89 8a 8b 8c 8d 8e 8f 90 91 92 93 94 95 96 97 98 99 9a 9b 9c 9d 9e 9f a0 a1 a2 a3 a4 a5 a6 a7 a8 a9 aa ab ac ad ae af b0 b1 b2 b3 b4 b5 b6 b7 b8 b9 ba bb bc bd be bf c0 c1 c2 c3 c4 c5 c6 c7 c8 c9 ca cb cc cd ce cf d0 d1 d2 d3 d4 d5 d6 d7 d8 d9 da db dc dd de df e0 e1 e2 e3 e4 e5 e6 e7 e8 e9 ea eb ec ed ee ef f0 f1 f2 f3 f4 f5 f6 f7 f8 f9 fa fb fc fd fe ff 
 0  1  2 34  4 f6 68 5a  8 ff 3b bd d0 c7 b4 81 10 -- 29 f9 76 b7 ad -- 77 e9 59 -- bf -- d5 -- 20 -- -- -- 52 -- 25 4f ec -- b9 -- 8d -- -- cf ee --  5 -- b2 -- -- -- a9 d7 -- -- 7d 62 -- 6e 40 f3 -- -- -- -- -- -- a4 -- -- 58 4a 44 9e d6  f -- -- -- a5 -- -- -- cd 9a -- -- -- 11 49 --  b -- -- --  a -- -- c6 b3 ed -- 50 -- -- -- -- 85 -- 79 bb -- -- -- -- fa 3c c4 -- -- -- dc -- 80 -- 31 37 -- -- -- -- -- -- -- 8c -- -- -- cc 9f -- -- -- -- 97 b0 -- 94 b5 88 ab eb 1a 7b 2d 1e -- -- -- -- b6 -- -- 9d 28 -- -- -- -- -- 63 4d -- e3 -- -- -- -- -- -- 2c 22 6b 92 -- -- -- 16 de -- -- -- -- -- -- 14 -- -- da -- -- 5b -- b1 be  d fd -- -- a0 -- -- 46 -- 66 -- f0 -- -- dd -- -- -- f2 -- a1 -- -- -- -- -- -- -- -- -- 23 33 78 -- 5f 95 -- -- -- 6d -- -- 6f -- -- -- 

solutions so far:0 maxDepth:9 
iterations:2195028  skipped: 1 
Depth skipped: 
0 0 1 0 0 0 0 0 0 0 0 0 0 0 0 0 0 0 0 0 0 0 0 0 0 0 0 0 0 0 0 0 

running time: 300 sec
 depth:7
 0  1  2  3  4  5  6  7  8  9  a  b  c  d  e  f 10 11 12 13 14 15 16 17 18 19 1a 1b 1c 1d 1e 1f 20 21 22 23 24 25 26 27 28 29 2a 2b 2c 2d 2e 2f 30 31 32 33 34 35 36 37 38 39 3a 3b 3c 3d 3e 3f 40 41 42 43 44 45 46 47 48 49 4a 4b 4c 4d 4e 4f 50 51 52 53 54 55 56 57 58 59 5a 5b 5c 5d 5e 5f 60 61 62 63 64 65 66 67 68 69 6a 6b 6c 6d 6e 6f 70 71 72 73 74 75 76 77 78 79 7a 7b 7c 7d 7e 7f 80 81 82 83 84 85 86 87 88 89 8a 8b 8c 8d 8e 8f 90 91 92 93 94 95 96 97 98 99 9a 9b 9c 9d 9e 9f a0 a1 a2 a3 a4 a5 a6 a7 a8 a9 aa ab ac ad ae af b0 b1 b2 b3 b4 b5 b6 b7 b8 b9 ba bb bc bd be bf c0 c1 c2 c3 c4 c5 c6 c7 c8 c9 ca cb cc cd ce cf d0 d1 d2 d3 d4 d5 d6 d7 d8 d9 da db dc dd de df e0 e1 e2 e3 e4 e5 e6 e7 e8 e9 ea eb ec ed ee ef f0 f1 f2 f3 f4 f5 f6 f7 f8 f9 fa fb fc fd fe ff 
 0  1  2 34  4 e6 68 90  8 e1 1b c4 d0 cf f7 c6 10 -- 15 c2 36 b7 5f -- 77 87 49 -- 39 -- 5b -- 20 -- -- -- 2a -- 53 4f 6c -- b9 -- be -- -- 2d ee -- d9 -- 92 -- -- -- 72 d7 -- -- b6 85 -- 21 40 bf -- -- -- -- -- -- 54 -- -- 58 a6 46 9e d2 d8 -- -- -- a5 -- -- -- ab d5 -- -- -- fa 5a --  b -- -- -- 65 -- -- 27 f3 ed -- 86 -- -- -- -- e4 -- 79 ef -- -- -- -- bb ce dd -- -- -- 42 -- 80 -- a9 fb -- -- -- -- -- -- -- fd -- -- -- cc a8 -- -- -- -- 61 b0 -- 9b 62 8c 63 eb 1a 73 48 67 -- -- -- -- 9c -- -- 9d 43 -- -- -- -- -- f8 81 -- 7d -- -- -- -- -- -- 2c 23 69 b4 -- -- -- 16 df -- -- -- -- -- -- ca -- -- 7c -- -- 4e -- 31 da  d 24 -- -- db -- -- 95 -- 66 -- 96 -- -- 1f -- -- -- f2 --  9 -- -- -- -- -- -- -- -- -- a1 33 4b -- 6d 12 -- -- -- 3e -- -- 84 -- -- -- 

solutions so far:0 maxDepth:9 
iterations:4510723  skipped: 4 
Depth skipped: 
0 0 4 0 0 0 0 0 0 0 0 0 0 0 0 0 0 0 0 0 0 0 0 0 0 0 0 0 0 0 0 0 

running time: 600 sec
 depth:7
 0  1  2  3  4  5  6  7  8  9  a  b  c  d  e  f 10 11 12 13 14 15 16 17 18 19 1a 1b 1c 1d 1e 1f 20 21 22 23 24 25 26 27 28 29 2a 2b 2c 2d 2e 2f 30 31 32 33 34 35 36 37 38 39 3a 3b 3c 3d 3e 3f 40 41 42 43 44 45 46 47 48 49 4a 4b 4c 4d 4e 4f 50 51 52 53 54 55 56 57 58 59 5a 5b 5c 5d 5e 5f 60 61 62 63 64 65 66 67 68 69 6a 6b 6c 6d 6e 6f 70 71 72 73 74 75 76 77 78 79 7a 7b 7c 7d 7e 7f 80 81 82 83 84 85 86 87 88 89 8a 8b 8c 8d 8e 8f 90 91 92 93 94 95 96 97 98 99 9a 9b 9c 9d 9e 9f a0 a1 a2 a3 a4 a5 a6 a7 a8 a9 aa ab ac ad ae af b0 b1 b2 b3 b4 b5 b6 b7 b8 b9 ba bb bc bd be bf c0 c1 c2 c3 c4 c5 c6 c7 c8 c9 ca cb cc cd ce cf d0 d1 d2 d3 d4 d5 d6 d7 d8 d9 da db dc dd de df e0 e1 e2 e3 e4 e5 e6 e7 e8 e9 ea eb ec ed ee ef f0 f1 f2 f3 f4 f5 f6 f7 f8 f9 fa fb fc fd fe ff 
 0  1  2 34  4 e0 68 78  8 b2 17 fb d0 6c f0 e9 10 -- b3 44 2e b7 21 -- 77 ad d8 -- 37 --  5 -- 20 -- -- -- b1 -- 88 4f 5c -- b9 -- 42 -- -- 97 ee -- 8d -- 67 -- -- -- 6e d7 -- --  a ff -- 74 40 4a -- -- -- -- -- -- b5 -- -- 58 c7 1b 9e 38 b8 -- -- -- a5 -- -- -- 84 69 -- -- -- 73 f9 --  b -- -- -- cd -- -- 7b ce ed -- e3 -- -- -- -- dc -- 79 76 -- -- -- -- 14 99 29 -- -- -- e8 -- 80 -- 94 3a -- -- -- -- -- -- -- a0 -- -- -- cc bd -- -- -- -- 22 b0 -- 59 96 36 9f eb 1a 70 3c a7 -- -- -- -- 3b -- -- 9d 9a -- -- -- -- -- d6 df -- d2 -- -- -- -- -- -- 2c e6 1c 25 -- -- -- 16  e -- -- -- -- -- -- 4d -- -- 6b -- -- f6 -- 4b a4  d 1e -- -- 11 -- -- 50 -- 66 -- 1d -- -- 6f -- -- -- f2 -- ec -- -- -- -- -- -- -- -- -- 28 33 e5 -- 52  f -- -- -- de -- --  7 -- -- -- 

solutions so far:0 maxDepth:9 
iterations:6490436  skipped: 6 
Depth skipped: 
0 0 6 0 0 0 0 0 0 0 0 0 0 0 0 0 0 0 0 0 0 0 0 0 0 0 0 0 0 0 0 0 

running time: 900 sec
 depth:7
 0  1  2  3  4  5  6  7  8  9  a  b  c  d  e  f 10 11 12 13 14 15 16 17 18 19 1a 1b 1c 1d 1e 1f 20 21 22 23 24 25 26 27 28 29 2a 2b 2c 2d 2e 2f 30 31 32 33 34 35 36 37 38 39 3a 3b 3c 3d 3e 3f 40 41 42 43 44 45 46 47 48 49 4a 4b 4c 4d 4e 4f 50 51 52 53 54 55 56 57 58 59 5a 5b 5c 5d 5e 5f 60 61 62 63 64 65 66 67 68 69 6a 6b 6c 6d 6e 6f 70 71 72 73 74 75 76 77 78 79 7a 7b 7c 7d 7e 7f 80 81 82 83 84 85 86 87 88 89 8a 8b 8c 8d 8e 8f 90 91 92 93 94 95 96 97 98 99 9a 9b 9c 9d 9e 9f a0 a1 a2 a3 a4 a5 a6 a7 a8 a9 aa ab ac ad ae af b0 b1 b2 b3 b4 b5 b6 b7 b8 b9 ba bb bc bd be bf c0 c1 c2 c3 c4 c5 c6 c7 c8 c9 ca cb cc cd ce cf d0 d1 d2 d3 d4 d5 d6 d7 d8 d9 da db dc dd de df e0 e1 e2 e3 e4 e5 e6 e7 e8 e9 ea eb ec ed ee ef f0 f1 f2 f3 f4 f5 f6 f7 f8 f9 fa fb fc fd fe ff 
 0  1  2 34  4 d8 68 aa  8 7a 67 59 d0 e3 83 2d 10 -- f4 a3 ce b7 b2 -- 77 2f 11 -- d1 -- 5a -- 20 -- -- -- 3f -- 91 4f 4b -- b9 -- b3 -- -- 6d ee -- 5e -- 22 -- -- -- 75 d7 -- -- b4 b6 -- 69 40 c6 -- -- -- -- -- -- 7e -- -- 58 f5 4d 9e 36 96 -- -- -- a5 -- -- -- b1 bd -- -- -- 8d da --  b -- -- -- bc -- -- 30 44 ed -- c5 -- -- -- -- ea -- 79 57 -- -- -- -- bf 21 bb -- -- -- d2 -- 80 -- 5b df -- -- -- -- -- -- -- dd -- -- -- cc fc -- -- -- -- ba b0 -- 3d c7 9a fd eb 1a 6c 55 fb -- -- -- -- c0 -- -- 9d 89 -- -- -- -- -- 18 b5 -- ad -- -- -- -- -- -- 2c cd 1b 63 -- -- -- 16 e6 -- -- -- -- -- -- af -- --  c -- -- 60 -- 88 95  d c1 -- -- 5d -- -- 85 -- 66 -- 84 -- --  3 -- -- -- f2 -- ae -- -- -- -- -- -- -- -- -- a9 33 42 -- a1 8b -- -- --  6 -- -- 73 -- -- -- 

solutions so far:0 maxDepth:9 
iterations:8810199  skipped: 8 
Depth skipped: 
0 0 8 0 0 0 0 0 0 0 0 0 0 0 0 0 0 0 0 0 0 0 0 0 0 0 0 0 0 0 0 0 

running time: 1200 sec
 depth:7
 0  1  2  3  4  5  6  7  8  9  a  b  c  d  e  f 10 11 12 13 14 15 16 17 18 19 1a 1b 1c 1d 1e 1f 20 21 22 23 24 25 26 27 28 29 2a 2b 2c 2d 2e 2f 30 31 32 33 34 35 36 37 38 39 3a 3b 3c 3d 3e 3f 40 41 42 43 44 45 46 47 48 49 4a 4b 4c 4d 4e 4f 50 51 52 53 54 55 56 57 58 59 5a 5b 5c 5d 5e 5f 60 61 62 63 64 65 66 67 68 69 6a 6b 6c 6d 6e 6f 70 71 72 73 74 75 76 77 78 79 7a 7b 7c 7d 7e 7f 80 81 82 83 84 85 86 87 88 89 8a 8b 8c 8d 8e 8f 90 91 92 93 94 95 96 97 98 99 9a 9b 9c 9d 9e 9f a0 a1 a2 a3 a4 a5 a6 a7 a8 a9 aa ab ac ad ae af b0 b1 b2 b3 b4 b5 b6 b7 b8 b9 ba bb bc bd be bf c0 c1 c2 c3 c4 c5 c6 c7 c8 c9 ca cb cc cd ce cf d0 d1 d2 d3 d4 d5 d6 d7 d8 d9 da db dc dd de df e0 e1 e2 e3 e4 e5 e6 e7 e8 e9 ea eb ec ed ee ef f0 f1 f2 f3 f4 f5 f6 f7 f8 f9 fa fb fc fd fe ff 
 0  1  2 34  4 d2 68 83  8 93 73 54 d0 53 d1 3c 10 -- f1 8a e6 b7 a8 -- 77 7f a6 -- 75 -- 78 -- 20 -- -- -- 35 -- c3 4f 1b -- b9 -- 87 -- -- de ee -- fe -- 9b -- -- -- ea d7 -- -- f0 3b -- 96 40 7b -- -- -- -- -- -- 6a -- -- 58 51 61 9e df 36 -- -- -- a5 -- -- -- d9 ca -- -- -- 86 6b --  b -- -- -- 2b -- -- 60 e1 ed -- 8f -- -- -- --  3 -- 79 ae -- -- -- -- 37 d8 76 -- -- -- fb -- 80 -- f6 4b -- -- -- -- -- -- -- 6f -- -- -- cc d4 -- -- -- -- 45 b0 -- a2 2a c2 1e eb 1a 69 aa 6c -- -- -- -- 57 -- -- 9d ac -- -- -- -- -- 30 65 -- 43 -- -- -- -- -- -- 2c db 84 d6 -- -- -- 16 42 -- -- -- -- -- -- 56 -- -- 18 -- -- c0 -- 15  f  d 55 -- -- c9 -- -- dc -- 66 -- ce -- --  6 -- -- -- f2 -- 8b -- -- -- -- -- -- -- -- -- 6e 33 67 -- ec c1 -- -- --  c -- -- 21 -- -- -- 

solutions so far:0 maxDepth:9 
iterations:11172430  skipped: 8 
Depth skipped: 
0 0 8 0 0 0 0 0 0 0 0 0 0 0 0 0 0 0 0 0 0 0 0 0 0 0 0 0 0 0 0 0 

running time: 1500 sec
 depth:7
 0  1  2  3  4  5  6  7  8  9  a  b  c  d  e  f 10 11 12 13 14 15 16 17 18 19 1a 1b 1c 1d 1e 1f 20 21 22 23 24 25 26 27 28 29 2a 2b 2c 2d 2e 2f 30 31 32 33 34 35 36 37 38 39 3a 3b 3c 3d 3e 3f 40 41 42 43 44 45 46 47 48 49 4a 4b 4c 4d 4e 4f 50 51 52 53 54 55 56 57 58 59 5a 5b 5c 5d 5e 5f 60 61 62 63 64 65 66 67 68 69 6a 6b 6c 6d 6e 6f 70 71 72 73 74 75 76 77 78 79 7a 7b 7c 7d 7e 7f 80 81 82 83 84 85 86 87 88 89 8a 8b 8c 8d 8e 8f 90 91 92 93 94 95 96 97 98 99 9a 9b 9c 9d 9e 9f a0 a1 a2 a3 a4 a5 a6 a7 a8 a9 aa ab ac ad ae af b0 b1 b2 b3 b4 b5 b6 b7 b8 b9 ba bb bc bd be bf c0 c1 c2 c3 c4 c5 c6 c7 c8 c9 ca cb cc cd ce cf d0 d1 d2 d3 d4 d5 d6 d7 d8 d9 da db dc dd de df e0 e1 e2 e3 e4 e5 e6 e7 e8 e9 ea eb ec ed ee ef f0 f1 f2 f3 f4 f5 f6 f7 f8 f9 fa fb fc fd fe ff 
 0  1  2 34  4 c7 68 39  8 60 59 42 d0 67 72 64 10 -- c0  6 b2 b7 84 -- 77 c1 ce -- e4 -- c8 -- 20 -- -- -- 57 --  c 4f b3 -- b9 -- df -- -- d3 ee -- 55 -- 4b -- -- -- 1f d7 -- -- 47 4c -- 4d 40 13 -- -- -- -- -- -- ae -- -- 58 18 6c 9e 44 b1 -- -- -- a5 -- -- -- 69 73 -- -- -- 1b 71 --  b -- -- -- aa -- -- 9c 96 ed -- 75 -- -- -- -- 3e -- 79 12 -- -- -- -- 8e bd 98 -- -- -- 9a -- 80 -- 26 cd -- -- -- -- -- -- -- 82 -- -- -- cc 8b -- -- -- --  3 b0 -- 30 21 d8 32 eb 1a 88 f7 b5 -- -- -- --  9 -- -- 9d d1 -- -- -- -- -- 4e d2 -- e6 -- -- -- -- -- -- 2c 36 22 e2 -- -- -- 16 11 -- -- -- -- -- -- 83 -- -- 27 -- -- ef -- fb 19  d 90 -- -- ea -- -- 41 -- 66 -- 8d -- -- 7c -- -- -- f2 -- 24 -- -- -- -- -- -- -- -- -- cb 33 ad -- e7 48 -- -- -- f8 -- -- e3 -- -- -- 

solutions so far:0 maxDepth:9 
iterations:13850060  skipped: 9 
Depth skipped: 
0 0 9 0 0 0 0 0 0 0 0 0 0 0 0 0 0 0 0 0 0 0 0 0 0 0 0 0 0 0 0 0 

running time: 1800 sec
 depth:6
 0  1  2  3  4  5  6  7  8  9  a  b  c  d  e  f 10 11 12 13 14 15 16 17 18 19 1a 1b 1c 1d 1e 1f 20 21 22 23 24 25 26 27 28 29 2a 2b 2c 2d 2e 2f 30 31 32 33 34 35 36 37 38 39 3a 3b 3c 3d 3e 3f 40 41 42 43 44 45 46 47 48 49 4a 4b 4c 4d 4e 4f 50 51 52 53 54 55 56 57 58 59 5a 5b 5c 5d 5e 5f 60 61 62 63 64 65 66 67 68 69 6a 6b 6c 6d 6e 6f 70 71 72 73 74 75 76 77 78 79 7a 7b 7c 7d 7e 7f 80 81 82 83 84 85 86 87 88 89 8a 8b 8c 8d 8e 8f 90 91 92 93 94 95 96 97 98 99 9a 9b 9c 9d 9e 9f a0 a1 a2 a3 a4 a5 a6 a7 a8 a9 aa ab ac ad ae af b0 b1 b2 b3 b4 b5 b6 b7 b8 b9 ba bb bc bd be bf c0 c1 c2 c3 c4 c5 c6 c7 c8 c9 ca cb cc cd ce cf d0 d1 d2 d3 d4 d5 d6 d7 d8 d9 da db dc dd de df e0 e1 e2 e3 e4 e5 e6 e7 e8 e9 ea eb ec ed ee ef f0 f1 f2 f3 f4 f5 f6 f7 f8 f9 fa fb fc fd fe ff 
 0  1  2 34  4 bc 68 c7  8 e0 af 3e d0 90 59 -- 10 -- 17  e 89 b7 7c -- 77 a7 f7 -- b2 -- -- -- 20 -- -- -- 2e -- 1c 4f c5 -- b9 -- f8 -- -- -- ee -- 99 -- 39 -- -- -- b3 d7 -- -- -- -- -- 7a 40 -- -- -- -- -- -- -- 5c -- -- 58 38 24 9e 2f 5d -- -- -- a5 -- -- -- 27 9c -- -- --  9 -- --  b -- -- -- e5 -- -- cd 72 ed -- 74 -- -- -- -- b1 -- 79 e3 -- -- -- -- -- a3 -- -- -- -- f4 -- 80 -- -- 3d -- -- -- -- -- -- -- -- -- -- -- cc b8 -- -- -- --  7 b0 -- 70 1f 48 -- eb 1a 5e 88 ba -- -- -- -- 9a -- -- 9d 3a -- -- -- -- -- 8d 4e -- ef -- -- -- -- -- -- 2c 12 fc -- -- -- -- 16 7e -- -- -- -- -- -- 1d -- -- ad -- -- 4d -- e4 --  d 44 -- -- e8 -- -- -- -- 66 -- f5 -- -- b5 -- -- -- f2 -- 11 -- -- -- -- -- -- -- -- -- -- 33 91 -- -- 22 -- -- -- bd -- -- 3f -- -- -- 

solutions so far:0 maxDepth:9 
iterations:16804189  skipped: 10 
Depth skipped: 
0 0 10 0 0 0 0 0 0 0 0 0 0 0 0 0 0 0 0 0 0 0 0 0 0 0 0 0 0 0 0 0 

running time: 2100 sec
 depth:7
 0  1  2  3  4  5  6  7  8  9  a  b  c  d  e  f 10 11 12 13 14 15 16 17 18 19 1a 1b 1c 1d 1e 1f 20 21 22 23 24 25 26 27 28 29 2a 2b 2c 2d 2e 2f 30 31 32 33 34 35 36 37 38 39 3a 3b 3c 3d 3e 3f 40 41 42 43 44 45 46 47 48 49 4a 4b 4c 4d 4e 4f 50 51 52 53 54 55 56 57 58 59 5a 5b 5c 5d 5e 5f 60 61 62 63 64 65 66 67 68 69 6a 6b 6c 6d 6e 6f 70 71 72 73 74 75 76 77 78 79 7a 7b 7c 7d 7e 7f 80 81 82 83 84 85 86 87 88 89 8a 8b 8c 8d 8e 8f 90 91 92 93 94 95 96 97 98 99 9a 9b 9c 9d 9e 9f a0 a1 a2 a3 a4 a5 a6 a7 a8 a9 aa ab ac ad ae af b0 b1 b2 b3 b4 b5 b6 b7 b8 b9 ba bb bc bd be bf c0 c1 c2 c3 c4 c5 c6 c7 c8 c9 ca cb cc cd ce cf d0 d1 d2 d3 d4 d5 d6 d7 d8 d9 da db dc dd de df e0 e1 e2 e3 e4 e5 e6 e7 e8 e9 ea eb ec ed ee ef f0 f1 f2 f3 f4 f5 f6 f7 f8 f9 fa fb fc fd fe ff 
 0  1  2 34  4 af 68 9f  8 59 89  9 d0 7c e9 c3 10 -- b2 22 c5 b7 12 -- 77 bd f8 --  5 -- 51 -- 20 -- -- -- b3 -- 44 4f 5d -- b9 -- 24 -- -- d4 ee -- ad -- 27 -- -- --  a d7 -- -- a2 ac -- f4 40 2b -- -- -- -- -- -- b1 -- -- 58 88 1f 9e 5e ba -- -- -- a5 -- -- -- 48 f7 -- -- -- 72 7f --  b -- -- -- 8d -- -- f9 4e ed -- 9a -- -- -- -- 14 -- 79 94 -- -- -- -- 93 91 8f -- -- -- 3f -- 80 -- 56 7a -- -- -- -- -- -- -- 6a -- -- -- cc b5 -- -- -- -- 11 b0 -- c7 ef 3e 8a eb 1a bc a4 a3 -- -- -- -- 4a -- -- 9d 4d -- -- -- -- -- 97 90 -- 39 -- -- -- -- -- -- 2c e4 2f fe -- -- -- 16 fc -- -- -- -- -- -- cd -- -- a0 -- -- 25 -- 9c 45  d 52 -- -- e3 -- -- 35 -- 66 -- 3d -- -- 28 -- -- -- f2 -- ff -- -- -- -- -- -- -- -- -- f1 33 f5 -- c9 29 -- -- -- 50 -- -- 7e -- -- -- 

solutions so far:0 maxDepth:9 
iterations:19192024  skipped: 13 
Depth skipped: 
0 0 13 0 0 0 0 0 0 0 0 0 0 0 0 0 0 0 0 0 0 0 0 0 0 0 0 0 0 0 0 0 

running time: 2400 sec
 depth:6
 0  1  2  3  4  5  6  7  8  9  a  b  c  d  e  f 10 11 12 13 14 15 16 17 18 19 1a 1b 1c 1d 1e 1f 20 21 22 23 24 25 26 27 28 29 2a 2b 2c 2d 2e 2f 30 31 32 33 34 35 36 37 38 39 3a 3b 3c 3d 3e 3f 40 41 42 43 44 45 46 47 48 49 4a 4b 4c 4d 4e 4f 50 51 52 53 54 55 56 57 58 59 5a 5b 5c 5d 5e 5f 60 61 62 63 64 65 66 67 68 69 6a 6b 6c 6d 6e 6f 70 71 72 73 74 75 76 77 78 79 7a 7b 7c 7d 7e 7f 80 81 82 83 84 85 86 87 88 89 8a 8b 8c 8d 8e 8f 90 91 92 93 94 95 96 97 98 99 9a 9b 9c 9d 9e 9f a0 a1 a2 a3 a4 a5 a6 a7 a8 a9 aa ab ac ad ae af b0 b1 b2 b3 b4 b5 b6 b7 b8 b9 ba bb bc bd be bf c0 c1 c2 c3 c4 c5 c6 c7 c8 c9 ca cb cc cd ce cf d0 d1 d2 d3 d4 d5 d6 d7 d8 d9 da db dc dd de df e0 e1 e2 e3 e4 e5 e6 e7 e8 e9 ea eb ec ed ee ef f0 f1 f2 f3 f4 f5 f6 f7 f8 f9 fa fb fc fd fe ff 
 0  1  2 34  4 a6 68 a9  8 9a 9b 4e d0 e4 85 -- 10 -- e3 ad e1 b7 9c -- 77 88 1f -- dd -- -- -- 20 -- -- -- 11 -- 8d 4f 15 -- b9 -- ef -- -- -- ee -- c7 -- 3e -- -- -- 6d d7 -- -- -- -- -- ca 40 -- -- -- -- -- -- -- 22 -- -- 58 cd 39 9e c2 2a -- -- -- a5 -- -- --  9 24 -- -- -- 90 -- --  b -- -- -- 59 -- -- bb 7c ed -- b1 -- -- -- -- da -- 79 fd -- -- -- -- -- a8 -- -- -- -- 43 -- 80 -- -- 65 -- -- -- -- -- -- -- -- -- -- -- cc 44 -- -- -- -- bd b0 -- 4d 27 72 -- eb 1a 53 bf 54 -- -- -- -- 95 -- -- 9d b3 -- -- -- -- -- b6 12 -- 48 -- -- -- -- -- -- 2c f7 61 -- -- -- -- 16 db -- -- -- -- -- -- b2 -- -- 5b -- -- a1 -- f8 --  d b4 -- -- b5 -- -- -- -- 66 -- d9 -- -- 63 -- -- -- f2 -- 2d -- -- -- -- -- -- -- -- -- -- 33 87 -- -- 5a -- -- -- c6 -- -- 86 -- -- -- 

solutions so far:0 maxDepth:9 
iterations:22125470  skipped: 15 
Depth skipped: 
0 0 15 0 0 0 0 0 0 0 0 0 0 0 0 0 0 0 0 0 0 0 0 0 0 0 0 0 0 0 0 0 

running time: 2700 sec
 depth:8
 0  1  2  3  4  5  6  7  8  9  a  b  c  d  e  f 10 11 12 13 14 15 16 17 18 19 1a 1b 1c 1d 1e 1f 20 21 22 23 24 25 26 27 28 29 2a 2b 2c 2d 2e 2f 30 31 32 33 34 35 36 37 38 39 3a 3b 3c 3d 3e 3f 40 41 42 43 44 45 46 47 48 49 4a 4b 4c 4d 4e 4f 50 51 52 53 54 55 56 57 58 59 5a 5b 5c 5d 5e 5f 60 61 62 63 64 65 66 67 68 69 6a 6b 6c 6d 6e 6f 70 71 72 73 74 75 76 77 78 79 7a 7b 7c 7d 7e 7f 80 81 82 83 84 85 86 87 88 89 8a 8b 8c 8d 8e 8f 90 91 92 93 94 95 96 97 98 99 9a 9b 9c 9d 9e 9f a0 a1 a2 a3 a4 a5 a6 a7 a8 a9 aa ab ac ad ae af b0 b1 b2 b3 b4 b5 b6 b7 b8 b9 ba bb bc bd be bf c0 c1 c2 c3 c4 c5 c6 c7 c8 c9 ca cb cc cd ce cf d0 d1 d2 d3 d4 d5 d6 d7 d8 d9 da db dc dd de df e0 e1 e2 e3 e4 e5 e6 e7 e8 e9 ea eb ec ed ee ef f0 f1 f2 f3 f4 f5 f6 f7 f8 f9 fa fb fc fd fe ff 
 0  1  2 34  4 9b 68 36  8 23 e1 8f d0 d4 6c 1f 10 97 46 81 15 b7 c9 -- 77 92 7f -- d8 -- 3e -- 20 -- f9 -- 8c 28 d5 4f 2a 94 b9 -- 45 -- -- ef ee -- f3 -- fe -- -- -- 67 d7 -- -- 7c 90 -- 43 40 24 -- -- 25 -- --  a cf -- 50 58 7d 35 9e 53 54 -- ff -- a5 -- -- -- 8a 51 -- -- -- 93  9 --  b -- -- -- 31 -- -- 42 2b ed -- 5f -- -- -- -- ce 52 79 69 -- -- -- -- f8 87 f7 -- -- -- 86 -- 80 -- 48 ca -- -- -- -- 4a -- -- 9c -- -- 14 cc 49 -- -- -- a0 ab b0 -- fa ac 6a e4 eb 1a a6 1b a8 -- -- -- 29 df -- -- 9d c4 -- -- -- -- -- 21 c3 -- a2 -- -- -- -- -- -- 2c f1 c2 12 -- --  5 16 61 -- e9 -- -- -- -- 62 -- -- fb -- -- 84 -- 56 72  d e6 -- -- be -- -- 4e -- 66 -- 65 -- -- 4b -- a4 -- f2 -- d2 -- -- -- -- -- -- -- -- -- 27 33 d9 -- 39 73 -- -- -- 96 -- -- db 9f -- -- 

solutions so far:0 maxDepth:9 
iterations:25980861  skipped: 15 
Depth skipped: 
0 0 15 0 0 0 0 0 0 0 0 0 0 0 0 0 0 0 0 0 0 0 0 0 0 0 0 0 0 0 0 0 

running time: 3000 sec
 depth:7
 0  1  2  3  4  5  6  7  8  9  a  b  c  d  e  f 10 11 12 13 14 15 16 17 18 19 1a 1b 1c 1d 1e 1f 20 21 22 23 24 25 26 27 28 29 2a 2b 2c 2d 2e 2f 30 31 32 33 34 35 36 37 38 39 3a 3b 3c 3d 3e 3f 40 41 42 43 44 45 46 47 48 49 4a 4b 4c 4d 4e 4f 50 51 52 53 54 55 56 57 58 59 5a 5b 5c 5d 5e 5f 60 61 62 63 64 65 66 67 68 69 6a 6b 6c 6d 6e 6f 70 71 72 73 74 75 76 77 78 79 7a 7b 7c 7d 7e 7f 80 81 82 83 84 85 86 87 88 89 8a 8b 8c 8d 8e 8f 90 91 92 93 94 95 96 97 98 99 9a 9b 9c 9d 9e 9f a0 a1 a2 a3 a4 a5 a6 a7 a8 a9 aa ab ac ad ae af b0 b1 b2 b3 b4 b5 b6 b7 b8 b9 ba bb bc bd be bf c0 c1 c2 c3 c4 c5 c6 c7 c8 c9 ca cb cc cd ce cf d0 d1 d2 d3 d4 d5 d6 d7 d8 d9 da db dc dd de df e0 e1 e2 e3 e4 e5 e6 e7 e8 e9 ea eb ec ed ee ef f0 f1 f2 f3 f4 f5 f6 f7 f8 f9 fa fb fc fd fe ff 
 0  1  2 34  4 8f 68 25  8 b2 c9 e7 d0 71 4a a9 10 -- b3 44 45 b7 19 -- 77 ad e2 -- 94 -- 85 -- 20 -- -- -- b1 -- 88 4f 8a -- b9 -- 32 -- -- 5b ee -- 8d -- 13 -- -- -- ff d7 -- -- dd fd -- 6a 40 a1 -- -- -- -- -- -- b5 -- -- 58 c7 82 9e 56 c3 -- -- -- a5 -- -- -- 64 47 -- -- -- cb b6 --  b -- -- -- cd -- --  5 26 ed -- e3 -- -- -- -- 29 -- 79 28 -- -- -- -- 6d a2 2d -- -- -- d4 -- 80 -- 95 35 -- -- -- -- -- -- -- c6 -- -- -- cc bd -- -- -- -- 22 b0 -- 59 98 d3 bf eb 1a ac f9 51 -- -- -- -- 14 -- -- 9d 9a -- -- -- -- -- e9 c8 -- 8e -- -- -- -- -- -- 2c 41 2b bb -- -- -- 16 fe -- -- -- -- -- -- 4d -- -- 9f -- --  a -- 4c b4  d 97 -- -- 11 -- -- 63 -- 66 -- f1 -- -- 52 -- -- -- f2 -- 50 -- -- -- -- -- -- -- -- -- da 33 93 -- 5a a0 -- -- -- a4 -- -- 7f -- -- -- 

solutions so far:0 maxDepth:9 
iterations:30191219  skipped: 18 
Depth skipped: 
0 0 18 0 0 0 0 0 0 0 0 0 0 0 0 0 0 0 0 0 0 0 0 0 0 0 0 0 0 0 0 0 

running time: 3300 sec
 depth:7
 0  1  2  3  4  5  6  7  8  9  a  b  c  d  e  f 10 11 12 13 14 15 16 17 18 19 1a 1b 1c 1d 1e 1f 20 21 22 23 24 25 26 27 28 29 2a 2b 2c 2d 2e 2f 30 31 32 33 34 35 36 37 38 39 3a 3b 3c 3d 3e 3f 40 41 42 43 44 45 46 47 48 49 4a 4b 4c 4d 4e 4f 50 51 52 53 54 55 56 57 58 59 5a 5b 5c 5d 5e 5f 60 61 62 63 64 65 66 67 68 69 6a 6b 6c 6d 6e 6f 70 71 72 73 74 75 76 77 78 79 7a 7b 7c 7d 7e 7f 80 81 82 83 84 85 86 87 88 89 8a 8b 8c 8d 8e 8f 90 91 92 93 94 95 96 97 98 99 9a 9b 9c 9d 9e 9f a0 a1 a2 a3 a4 a5 a6 a7 a8 a9 aa ab ac ad ae af b0 b1 b2 b3 b4 b5 b6 b7 b8 b9 ba bb bc bd be bf c0 c1 c2 c3 c4 c5 c6 c7 c8 c9 ca cb cc cd ce cf d0 d1 d2 d3 d4 d5 d6 d7 d8 d9 da db dc dd de df e0 e1 e2 e3 e4 e5 e6 e7 e8 e9 ea eb ec ed ee ef f0 f1 f2 f3 f4 f5 f6 f7 f8 f9 fa fb fc fd fe ff 
 0  1  2 34  4 81 68 a8  8 1d d5 89 d0 7e 87 83 10 -- 3a b8 7d b7 c5 -- 77  e fc -- d9 -- d1 -- 20 -- -- -- 74 -- a7 4f fa -- b9 -- 5d -- -- 18 ee -- 1c -- 2f -- -- -- 65 d7 -- -- 75 ae -- f3 40 c0 -- -- -- -- -- -- e8 -- -- 58 99 f4 9e be 23 -- -- -- a5 -- -- -- ba 91 -- -- -- 3d 30 --  b -- -- -- 38 -- -- c2 5e ed -- 17 -- -- -- -- ca -- 79 9b -- -- -- -- ea 8c 8b -- -- -- 31 -- 80 -- 57 92 -- -- -- -- -- -- --  c -- -- -- cc  7 -- -- -- -- 5c b0 -- e5 af 3f aa eb 1a ab 54 46 -- -- -- -- a6 -- -- 9d e0 -- -- -- -- -- 61 a3 -- f5 -- -- -- -- -- -- 2c 7a 5f 60 -- -- -- 16 c4 -- -- -- -- -- -- 70 -- -- db -- -- 53 -- bc 55  d 2a -- -- 2e -- --  6 -- 66 -- 49 -- -- 43 -- -- -- f2 -- e1 -- -- -- -- -- -- -- -- --  3 33 cf -- c1 15 -- -- -- 86 -- -- 62 -- -- -- 

solutions so far:0 maxDepth:9 
iterations:33655677  skipped: 22 
Depth skipped: 
0 0 22 0 0 0 0 0 0 0 0 0 0 0 0 0 0 0 0 0 0 0 0 0 0 0 0 0 0 0 0 0 

running time: 3600 sec
 depth:7
 0  1  2  3  4  5  6  7  8  9  a  b  c  d  e  f 10 11 12 13 14 15 16 17 18 19 1a 1b 1c 1d 1e 1f 20 21 22 23 24 25 26 27 28 29 2a 2b 2c 2d 2e 2f 30 31 32 33 34 35 36 37 38 39 3a 3b 3c 3d 3e 3f 40 41 42 43 44 45 46 47 48 49 4a 4b 4c 4d 4e 4f 50 51 52 53 54 55 56 57 58 59 5a 5b 5c 5d 5e 5f 60 61 62 63 64 65 66 67 68 69 6a 6b 6c 6d 6e 6f 70 71 72 73 74 75 76 77 78 79 7a 7b 7c 7d 7e 7f 80 81 82 83 84 85 86 87 88 89 8a 8b 8c 8d 8e 8f 90 91 92 93 94 95 96 97 98 99 9a 9b 9c 9d 9e 9f a0 a1 a2 a3 a4 a5 a6 a7 a8 a9 aa ab ac ad ae af b0 b1 b2 b3 b4 b5 b6 b7 b8 b9 ba bb bc bd be bf c0 c1 c2 c3 c4 c5 c6 c7 c8 c9 ca cb cc cd ce cf d0 d1 d2 d3 d4 d5 d6 d7 d8 d9 da db dc dd de df e0 e1 e2 e3 e4 e5 e6 e7 e8 e9 ea eb ec ed ee ef f0 f1 f2 f3 f4 f5 f6 f7 f8 f9 fa fb fc fd fe ff 
 0  1  2 34  4 73 68 a2  8 9f e6 b6 d0 dd 93 3d 10 -- e9 ff 1b b7 bb -- 77 28 6d -- f1 -- 7a -- 20 -- -- --  5 -- 29 4f 36 -- b9 -- a1 -- -- 5e ee -- 50 -- da -- -- -- 35 d7 -- -- f4 5d -- fb 40 89 -- -- -- -- -- --  a -- -- 58 52 a9 9e 69 6c -- -- -- a5 -- -- -- 95 2d -- -- -- b4 bc --  b -- -- -- a0 -- -- 56 63 ed -- 25 -- -- -- -- 6a -- 79 c9 -- -- -- -- 3f 67 ba -- -- -- 21 -- 80 -- c5 96 -- -- -- -- -- -- -- 2f -- -- -- cc 14 -- -- -- -- 94 b0 -- a4 5b 85 f5 eb 1a d2 51 d8 -- -- -- -- 8f -- -- 9d f9 -- -- -- -- -- 2b fd -- 5a -- -- -- -- -- -- 2c bf df af -- -- -- 16 84 -- -- -- -- -- -- 97 -- -- fe -- -- ac -- c6 91  d c3 -- -- 4a -- -- fc -- 66 -- 4b -- -- d4 -- -- -- f2 -- 45 -- -- -- -- -- -- -- -- -- 7e 33 ce -- a3 8a -- -- -- 7f -- -- 42 -- -- -- 

solutions so far:0 maxDepth:9 
iterations:37420505  skipped: 24 
Depth skipped: 
0 0 24 0 0 0 0 0 0 0 0 0 0 0 0 0 0 0 0 0 0 0 0 0 0 0 0 0 0 0 0 0 

running time: 3900 sec
 depth:6
 0  1  2  3  4  5  6  7  8  9  a  b  c  d  e  f 10 11 12 13 14 15 16 17 18 19 1a 1b 1c 1d 1e 1f 20 21 22 23 24 25 26 27 28 29 2a 2b 2c 2d 2e 2f 30 31 32 33 34 35 36 37 38 39 3a 3b 3c 3d 3e 3f 40 41 42 43 44 45 46 47 48 49 4a 4b 4c 4d 4e 4f 50 51 52 53 54 55 56 57 58 59 5a 5b 5c 5d 5e 5f 60 61 62 63 64 65 66 67 68 69 6a 6b 6c 6d 6e 6f 70 71 72 73 74 75 76 77 78 79 7a 7b 7c 7d 7e 7f 80 81 82 83 84 85 86 87 88 89 8a 8b 8c 8d 8e 8f 90 91 92 93 94 95 96 97 98 99 9a 9b 9c 9d 9e 9f a0 a1 a2 a3 a4 a5 a6 a7 a8 a9 aa ab ac ad ae af b0 b1 b2 b3 b4 b5 b6 b7 b8 b9 ba bb bc bd be bf c0 c1 c2 c3 c4 c5 c6 c7 c8 c9 ca cb cc cd ce cf d0 d1 d2 d3 d4 d5 d6 d7 d8 d9 da db dc dd de df e0 e1 e2 e3 e4 e5 e6 e7 e8 e9 ea eb ec ed ee ef f0 f1 f2 f3 f4 f5 f6 f7 f8 f9 fa fb fc fd fe ff 
 0  1  2 34  4 61 68 75  8 46 c2 2b d0 f1 ea -- 10 -- 8c d5 53 b7 56 -- 77 f3 35 --  3 -- -- -- 20 -- -- -- cf -- 7d 4f a6 -- b9 -- ac -- -- -- ee -- 31 -- 6a -- -- --  6 d7 -- -- -- -- -- 87 40 -- -- -- -- -- -- -- 49 -- -- 58 fa a2 9e 86 9b -- -- -- a5 -- -- -- 8f 45 -- -- -- c3 -- --  b -- -- -- 62 -- -- 57 d4 ed -- be -- -- -- --  c -- 79 c1 -- -- -- -- -- 15 -- -- -- -- d9 -- 80 -- -- a8 -- -- -- -- -- -- -- -- -- -- -- cc 92 -- -- -- -- 81 b0 -- 23 fe 93 -- eb 1a db d1 e1 -- -- -- -- 8b -- -- 9d 5f -- -- -- -- -- c0 c9 -- 8a -- -- -- -- -- -- 2c 51 43 -- -- -- -- 16 ca -- -- -- -- -- -- c4 -- -- 60 -- -- ae -- 7f --  d 83 -- -- ab -- -- -- -- 66 -- 54 -- -- 18 -- -- -- f2 -- 55 -- -- -- -- -- -- -- -- -- -- 33 2a -- -- aa -- -- -- 30 -- -- 65 -- -- -- 

solutions so far:0 maxDepth:10 
iterations:41759887  skipped: 26 
Depth skipped: 
0 0 26 0 0 0 0 0 0 0 0 0 0 0 0 0 0 0 0 0 0 0 0 0 0 0 0 0 0 0 0 0 

running time: 4200 sec
 depth:7
 0  1  2  3  4  5  6  7  8  9  a  b  c  d  e  f 10 11 12 13 14 15 16 17 18 19 1a 1b 1c 1d 1e 1f 20 21 22 23 24 25 26 27 28 29 2a 2b 2c 2d 2e 2f 30 31 32 33 34 35 36 37 38 39 3a 3b 3c 3d 3e 3f 40 41 42 43 44 45 46 47 48 49 4a 4b 4c 4d 4e 4f 50 51 52 53 54 55 56 57 58 59 5a 5b 5c 5d 5e 5f 60 61 62 63 64 65 66 67 68 69 6a 6b 6c 6d 6e 6f 70 71 72 73 74 75 76 77 78 79 7a 7b 7c 7d 7e 7f 80 81 82 83 84 85 86 87 88 89 8a 8b 8c 8d 8e 8f 90 91 92 93 94 95 96 97 98 99 9a 9b 9c 9d 9e 9f a0 a1 a2 a3 a4 a5 a6 a7 a8 a9 aa ab ac ad ae af b0 b1 b2 b3 b4 b5 b6 b7 b8 b9 ba bb bc bd be bf c0 c1 c2 c3 c4 c5 c6 c7 c8 c9 ca cb cc cd ce cf d0 d1 d2 d3 d4 d5 d6 d7 d8 d9 da db dc dd de df e0 e1 e2 e3 e4 e5 e6 e7 e8 e9 ea eb ec ed ee ef f0 f1 f2 f3 f4 f5 f6 f7 f8 f9 fa fb fc fd fe ff 
 0  1  2 34  4 59 68 19  8 2e b2 c1 d0 30 32 31 10 -- 5c 38 b3 b7 55 -- 77 e5 60 -- 64 -- 62 -- 20 -- -- -- b8 -- 70 4f b1 -- b9 -- aa -- -- d5 ee -- 1d -- c0 -- -- -- c8 d7 -- -- c4 8c -- 9a 40 23 -- -- -- -- -- -- a7 -- -- 58 e0  c 9e 88 b5 -- -- -- a5 -- -- -- 83 75 -- -- --  3 7d --  b -- -- -- 3a -- -- d3 57 ed --  7 -- -- -- -- 47 -- 79 13 -- -- -- -- 5f ad cf -- -- -- e3 -- 80 -- 46 4d -- -- -- -- -- -- -- 81 -- -- -- cc 99 -- -- -- -- 1c b0 -- 17 8b 18 f3 eb 1a c7 e7 bd -- -- -- -- e2 -- -- 9d e8 -- -- -- -- -- 82 d1 -- ea -- -- -- -- -- -- 2c  6 44 fa -- -- -- 16 22 -- -- -- -- -- -- 74 -- -- 41 -- -- 71 -- ae 92  d 98 -- --  e -- -- ab -- 66 -- cd -- -- 8e -- -- -- f2 -- 26 -- -- -- -- -- -- -- -- -- be 33 8d -- 49 4c -- -- -- cb -- -- 11 -- -- -- 

solutions so far:0 maxDepth:10 
iterations:44990732  skipped: 26 
Depth skipped: 
0 0 26 0 0 0 0 0 0 0 0 0 0 0 0 0 0 0 0 0 0 0 0 0 0 0 0 0 0 0 0 0 

running time: 4500 sec
 depth:7
 0  1  2  3  4  5  6  7  8  9  a  b  c  d  e  f 10 11 12 13 14 15 16 17 18 19 1a 1b 1c 1d 1e 1f 20 21 22 23 24 25 26 27 28 29 2a 2b 2c 2d 2e 2f 30 31 32 33 34 35 36 37 38 39 3a 3b 3c 3d 3e 3f 40 41 42 43 44 45 46 47 48 49 4a 4b 4c 4d 4e 4f 50 51 52 53 54 55 56 57 58 59 5a 5b 5c 5d 5e 5f 60 61 62 63 64 65 66 67 68 69 6a 6b 6c 6d 6e 6f 70 71 72 73 74 75 76 77 78 79 7a 7b 7c 7d 7e 7f 80 81 82 83 84 85 86 87 88 89 8a 8b 8c 8d 8e 8f 90 91 92 93 94 95 96 97 98 99 9a 9b 9c 9d 9e 9f a0 a1 a2 a3 a4 a5 a6 a7 a8 a9 aa ab ac ad ae af b0 b1 b2 b3 b4 b5 b6 b7 b8 b9 ba bb bc bd be bf c0 c1 c2 c3 c4 c5 c6 c7 c8 c9 ca cb cc cd ce cf d0 d1 d2 d3 d4 d5 d6 d7 d8 d9 da db dc dd de df e0 e1 e2 e3 e4 e5 e6 e7 e8 e9 ea eb ec ed ee ef f0 f1 f2 f3 f4 f5 f6 f7 f8 f9 fa fb fc fd fe ff 
 0  1  2 34  4 4b 68  a  8 17 96 3f d0 a3 14 9c 10 -- 2e 1c fb b7 7e -- 77 99 91 -- 28 -- ef -- 20 -- -- -- 5c -- 38 4f 21 -- b9 -- fc -- -- f7 ee -- e5 -- f5 -- -- -- 50 d7 -- --  9 3e -- e6 40 e4 -- -- -- -- -- -- b8 -- -- 58 70 5d 9e 67 42 -- -- -- a5 -- -- -- 2f bc -- -- -- 89 39 --  b -- -- -- 1d -- -- 94 3d ed -- e8 -- -- -- -- a0 -- 79 52 -- -- -- -- 12 df 7c -- -- -- 1b -- 80 -- 1f 73 -- -- -- -- -- -- -- 90 -- -- -- cc a7 -- -- -- --  e b0 -- e0 f4 ba 4e eb 1a ce  5 84 -- -- -- -- 29 -- -- 9d 74 -- -- -- -- -- 4a 5e -- af -- -- -- -- -- -- 2c c5 d8 72 -- -- -- 16 6c -- -- -- -- -- -- 3a -- -- 25 -- -- ff -- 7a 27  d e9 -- --  7 -- -- 48 -- 66 -- d2 -- -- 97 -- -- -- f2 -- a4 -- -- -- -- -- -- -- -- -- 24 33 69 -- f8 9f -- -- -- f9 -- -- 36 -- -- -- 

solutions so far:0 maxDepth:10 
iterations:49070133  skipped: 28 
Depth skipped: 
0 0 28 0 0 0 0 0 0 0 0 0 0 0 0 0 0 0 0 0 0 0 0 0 0 0 0 0 0 0 0 0 

running time: 4800 sec
 depth:7
 0  1  2  3  4  5  6  7  8  9  a  b  c  d  e  f 10 11 12 13 14 15 16 17 18 19 1a 1b 1c 1d 1e 1f 20 21 22 23 24 25 26 27 28 29 2a 2b 2c 2d 2e 2f 30 31 32 33 34 35 36 37 38 39 3a 3b 3c 3d 3e 3f 40 41 42 43 44 45 46 47 48 49 4a 4b 4c 4d 4e 4f 50 51 52 53 54 55 56 57 58 59 5a 5b 5c 5d 5e 5f 60 61 62 63 64 65 66 67 68 69 6a 6b 6c 6d 6e 6f 70 71 72 73 74 75 76 77 78 79 7a 7b 7c 7d 7e 7f 80 81 82 83 84 85 86 87 88 89 8a 8b 8c 8d 8e 8f 90 91 92 93 94 95 96 97 98 99 9a 9b 9c 9d 9e 9f a0 a1 a2 a3 a4 a5 a6 a7 a8 a9 aa ab ac ad ae af b0 b1 b2 b3 b4 b5 b6 b7 b8 b9 ba bb bc bd be bf c0 c1 c2 c3 c4 c5 c6 c7 c8 c9 ca cb cc cd ce cf d0 d1 d2 d3 d4 d5 d6 d7 d8 d9 da db dc dd de df e0 e1 e2 e3 e4 e5 e6 e7 e8 e9 ea eb ec ed ee ef f0 f1 f2 f3 f4 f5 f6 f7 f8 f9 fa fb fc fd fe ff 
 0  1  2 34  4 38 68 9a  8 f7 70 1e d0 7b e3 83 10 -- 39 12 e0 b7 3c -- 77 3e f6 -- 11 -- d1 -- 20 -- -- -- 72 -- 24 4f 17 -- b9 -- 78 -- -- 18 ee -- 7c -- 3b -- -- -- 22 d7 -- -- 75 ae -- 1d 40 c0 -- -- -- -- -- -- e4 -- -- 58 48 6b 9e  e 2e -- -- -- a5 -- -- -- f0 6e -- -- -- 6f 30 --  b -- -- -- f8 -- -- b3 76 ed -- 9c -- -- -- -- 44 -- 79 bd -- -- -- -- ea b8 8b -- -- -- 3a -- 80 -- 57 e5 -- -- -- -- -- -- --  c -- -- -- cc 1f -- -- -- --  9 b0 -- 90  f d6 aa eb 1a 1c 4d 5c -- -- -- -- b5 -- -- 9d 4e -- -- -- -- -- b2 37 -- dc -- -- -- -- -- -- 2c de  7 60 -- -- -- 16 e8 -- -- -- -- -- -- 27 -- -- 59 -- -- b1 -- ec 55  d cd -- -- ef -- --  6 -- 66 -- 99 -- -- 88 -- -- -- f2 -- ad -- -- -- -- -- -- -- -- --  3 33 a7 -- c1 8d -- -- -- c7 -- -- 74 -- -- -- 

solutions so far:0 maxDepth:10 
iterations:54328375  skipped: 33 
Depth skipped: 
0 0 33 0 0 0 0 0 0 0 0 0 0 0 0 0 0 0 0 0 0 0 0 0 0 0 0 0 0 0 0 0 

running time: 5100 sec
 depth:7
 0  1  2  3  4  5  6  7  8  9  a  b  c  d  e  f 10 11 12 13 14 15 16 17 18 19 1a 1b 1c 1d 1e 1f 20 21 22 23 24 25 26 27 28 29 2a 2b 2c 2d 2e 2f 30 31 32 33 34 35 36 37 38 39 3a 3b 3c 3d 3e 3f 40 41 42 43 44 45 46 47 48 49 4a 4b 4c 4d 4e 4f 50 51 52 53 54 55 56 57 58 59 5a 5b 5c 5d 5e 5f 60 61 62 63 64 65 66 67 68 69 6a 6b 6c 6d 6e 6f 70 71 72 73 74 75 76 77 78 79 7a 7b 7c 7d 7e 7f 80 81 82 83 84 85 86 87 88 89 8a 8b 8c 8d 8e 8f 90 91 92 93 94 95 96 97 98 99 9a 9b 9c 9d 9e 9f a0 a1 a2 a3 a4 a5 a6 a7 a8 a9 aa ab ac ad ae af b0 b1 b2 b3 b4 b5 b6 b7 b8 b9 ba bb bc bd be bf c0 c1 c2 c3 c4 c5 c6 c7 c8 c9 ca cb cc cd ce cf d0 d1 d2 d3 d4 d5 d6 d7 d8 d9 da db dc dd de df e0 e1 e2 e3 e4 e5 e6 e7 e8 e9 ea eb ec ed ee ef f0 f1 f2 f3 f4 f5 f6 f7 f8 f9 fa fb fc fd fe ff 
 0  1  2 34  4 23 68 6c  8 29 46 75 d0 8b d8 85 10 -- 52 25 8c b7 ea -- 77  5 c1 -- 67 -- dd -- 20 -- -- -- a4 -- 4a 4f cf -- b9 --  3 -- -- b6 ee --  a -- 55 -- -- -- ce d7 -- -- 6d 2d -- 5f 40 95 -- -- -- -- -- -- 9f -- -- 58 94 57 9e 7d 49 -- -- -- a5 -- -- --  6 18 -- -- -- 60 bb --  b -- -- -- 14 -- -- 84 aa ed -- a0 -- -- -- -- 4b -- 79 d2 -- -- -- -- da f3 5a -- -- -- be -- 80 -- fd c4 -- -- -- -- -- -- -- 5b -- -- -- cc e9 -- -- -- -- f9 b0 -- ff d1 ae a9 eb 1a fa 36 92 -- -- -- -- 69 -- -- 9d 50 -- -- -- -- -- 42  c -- 30 -- -- -- -- -- -- 2c c0 d5 a1 -- -- -- 16 81 -- -- -- -- -- -- 28 -- -- 21 -- -- df -- 83 bf  d 1b -- -- 97 -- -- c6 -- 66 -- 62 -- -- 96 -- -- -- f2 -- 73 -- -- -- -- -- -- -- -- -- 63 33 31 -- b4 e6 -- -- -- fb -- -- ab -- -- -- 

solutions so far:0 maxDepth:10 
iterations:59994986  skipped: 33 
Depth skipped: 
0 0 33 0 0 0 0 0 0 0 0 0 0 0 0 0 0 0 0 0 0 0 0 0 0 0 0 0 0 0 0 0 

running time: 5400 sec
 depth:7
 0  1  2  3  4  5  6  7  8  9  a  b  c  d  e  f 10 11 12 13 14 15 16 17 18 19 1a 1b 1c 1d 1e 1f 20 21 22 23 24 25 26 27 28 29 2a 2b 2c 2d 2e 2f 30 31 32 33 34 35 36 37 38 39 3a 3b 3c 3d 3e 3f 40 41 42 43 44 45 46 47 48 49 4a 4b 4c 4d 4e 4f 50 51 52 53 54 55 56 57 58 59 5a 5b 5c 5d 5e 5f 60 61 62 63 64 65 66 67 68 69 6a 6b 6c 6d 6e 6f 70 71 72 73 74 75 76 77 78 79 7a 7b 7c 7d 7e 7f 80 81 82 83 84 85 86 87 88 89 8a 8b 8c 8d 8e 8f 90 91 92 93 94 95 96 97 98 99 9a 9b 9c 9d 9e 9f a0 a1 a2 a3 a4 a5 a6 a7 a8 a9 aa ab ac ad ae af b0 b1 b2 b3 b4 b5 b6 b7 b8 b9 ba bb bc bd be bf c0 c1 c2 c3 c4 c5 c6 c7 c8 c9 ca cb cc cd ce cf d0 d1 d2 d3 d4 d5 d6 d7 d8 d9 da db dc dd de df e0 e1 e2 e3 e4 e5 e6 e7 e8 e9 ea eb ec ed ee ef f0 f1 f2 f3 f4 f5 f6 f7 f8 f9 fa fb fc fd fe ff 
 0  1  2 34  4  f 68 e7  8 f5 1e 67 d0 73 19 c7 10 -- 3d 5d 3c b7 ce -- 77 7e e6 -- 32 -- 59 -- 20 -- -- -- 7a -- ba 4f 78 -- b9 -- 4b -- -- ad ee -- fc -- 1b -- -- -- 64 d7 -- -- b2 e3 -- 6b 40 4d -- -- -- -- -- -- f4 -- -- 58 a3 69 9e 76 f0 -- -- -- a5 -- -- -- 96 21 -- -- -- 84 8d --  b -- -- -- 2f -- -- 82 36 ed -- af -- -- -- -- c8 -- 79 e2 -- -- -- -- b3 6e 11 -- -- -- d6 -- 80 -- 9a de -- -- -- -- -- -- -- bd -- -- -- cc 3f -- -- -- -- c5 b0 -- 91 d8 d2 88 eb 1a ec 98 37 -- -- -- -- 71 -- -- 9d bc -- -- -- -- -- 41 fb -- 42 -- -- -- -- -- -- 2c df 3b cd -- -- -- 16 f6 -- -- -- -- -- -- 5e -- -- cb -- -- d3 -- 6c 44  d 4c -- -- 89 -- -- b5 -- 66 -- 6f -- -- 47 -- -- -- f2 -- 13 -- -- -- -- -- -- -- -- -- b1 33 dc -- 22 26 -- -- -- 8e -- -- 7b -- -- -- 

solutions so far:0 maxDepth:10 
iterations:65554413  skipped: 37 
Depth skipped: 
0 0 37 0 0 0 0 0 0 0 0 0 0 0 0 0 0 0 0 0 0 0 0 0 0 0 0 0 0 0 0 0 

running time: 5700 sec

Finished. Total running time: 5872 sec
