Search S-boxes invariant for matrices: 
{0x00,0x02,0x04,0x06,0x08,0x0a,0x0c,0x0e,0x10,0x12,0x14,0x16,0x18,0x1a,0x1c,0x1e,0x20,0x22,0x24,0x26,0x28,0x2a,0x2c,0x2e,0x30,0x32,0x34,0x36,0x38,0x3a,0x3c,0x3e,0x40,0x42,0x44,0x46,0x48,0x4a,0x4c,0x4e,0x50,0x52,0x54,0x56,0x58,0x5a,0x5c,0x5e,0x60,0x62,0x64,0x66,0x68,0x6a,0x6c,0x6e,0x70,0x72,0x74,0x76,0x78,0x7a,0x7c,0x7e,0x80,0x82,0x84,0x86,0x88,0x8a,0x8c,0x8e,0x90,0x92,0x94,0x96,0x98,0x9a,0x9c,0x9e,0xa0,0xa2,0xa4,0xa6,0xa8,0xaa,0xac,0xae,0xb0,0xb2,0xb4,0xb6,0xb8,0xba,0xbc,0xbe,0xc0,0xc2,0xc4,0xc6,0xc8,0xca,0xcc,0xce,0xd0,0xd2,0xd4,0xd6,0xd8,0xda,0xdc,0xde,0xe0,0xe2,0xe4,0xe6,0xe8,0xea,0xec,0xee,0xf0,0xf2,0xf4,0xf6,0xf8,0xfa,0xfc,0xfe,0x39,0x3b,0x3d,0x3f,0x31,0x33,0x35,0x37,0x29,0x2b,0x2d,0x2f,0x21,0x23,0x25,0x27,0x19,0x1b,0x1d,0x1f,0x11,0x13,0x15,0x17,0x09,0x0b,0x0d,0x0f,0x01,0x03,0x05,0x07,0x79,0x7b,0x7d,0x7f,0x71,0x73,0x75,0x77,0x69,0x6b,0x6d,0x6f,0x61,0x63,0x65,0x67,0x59,0x5b,0x5d,0x5f,0x51,0x53,0x55,0x57,0x49,0x4b,0x4d,0x4f,0x41,0x43,0x45,0x47,0xb9,0xbb,0xbd,0xbf,0xb1,0xb3,0xb5,0xb7,0xa9,0xab,0xad,0xaf,0xa1,0xa3,0xa5,0xa7,0x99,0x9b,0x9d,0x9f,0x91,0x93,0x95,0x97,0x89,0x8b,0x8d,0x8f,0x81,0x83,0x85,0x87,0xf9,0xfb,0xfd,0xff,0xf1,0xf3,0xf5,0xf7,0xe9,0xeb,0xed,0xef,0xe1,0xe3,0xe5,0xe7,0xd9,0xdb,0xdd,0xdf,0xd1,0xd3,0xd5,0xd7,0xc9,0xcb,0xcd,0xcf,0xc1,0xc3,0xc5,0xc7};
{0x00,0x02,0x04,0x06,0x08,0x0a,0x0c,0x0e,0x10,0x12,0x14,0x16,0x18,0x1a,0x1c,0x1e,0x20,0x22,0x24,0x26,0x28,0x2a,0x2c,0x2e,0x30,0x32,0x34,0x36,0x38,0x3a,0x3c,0x3e,0x40,0x42,0x44,0x46,0x48,0x4a,0x4c,0x4e,0x50,0x52,0x54,0x56,0x58,0x5a,0x5c,0x5e,0x60,0x62,0x64,0x66,0x68,0x6a,0x6c,0x6e,0x70,0x72,0x74,0x76,0x78,0x7a,0x7c,0x7e,0x80,0x82,0x84,0x86,0x88,0x8a,0x8c,0x8e,0x90,0x92,0x94,0x96,0x98,0x9a,0x9c,0x9e,0xa0,0xa2,0xa4,0xa6,0xa8,0xaa,0xac,0xae,0xb0,0xb2,0xb4,0xb6,0xb8,0xba,0xbc,0xbe,0xc0,0xc2,0xc4,0xc6,0xc8,0xca,0xcc,0xce,0xd0,0xd2,0xd4,0xd6,0xd8,0xda,0xdc,0xde,0xe0,0xe2,0xe4,0xe6,0xe8,0xea,0xec,0xee,0xf0,0xf2,0xf4,0xf6,0xf8,0xfa,0xfc,0xfe,0xd7,0xd5,0xd3,0xd1,0xdf,0xdd,0xdb,0xd9,0xc7,0xc5,0xc3,0xc1,0xcf,0xcd,0xcb,0xc9,0xf7,0xf5,0xf3,0xf1,0xff,0xfd,0xfb,0xf9,0xe7,0xe5,0xe3,0xe1,0xef,0xed,0xeb,0xe9,0x97,0x95,0x93,0x91,0x9f,0x9d,0x9b,0x99,0x87,0x85,0x83,0x81,0x8f,0x8d,0x8b,0x89,0xb7,0xb5,0xb3,0xb1,0xbf,0xbd,0xbb,0xb9,0xa7,0xa5,0xa3,0xa1,0xaf,0xad,0xab,0xa9,0x57,0x55,0x53,0x51,0x5f,0x5d,0x5b,0x59,0x47,0x45,0x43,0x41,0x4f,0x4d,0x4b,0x49,0x77,0x75,0x73,0x71,0x7f,0x7d,0x7b,0x79,0x67,0x65,0x63,0x61,0x6f,0x6d,0x6b,0x69,0x17,0x15,0x13,0x11,0x1f,0x1d,0x1b,0x19,0x07,0x05,0x03,0x01,0x0f,0x0d,0x0b,0x09,0x37,0x35,0x33,0x31,0x3f,0x3d,0x3b,0x39,0x27,0x25,0x23,0x21,0x2f,0x2d,0x2b,0x29};



 depth:7
 0  1  2  3  4  5  6  7  8  9  a  b  c  d  e  f 10 11 12 13 14 15 16 17 18 19 1a 1b 1c 1d 1e 1f 20 21 22 23 24 25 26 27 28 29 2a 2b 2c 2d 2e 2f 30 31 32 33 34 35 36 37 38 39 3a 3b 3c 3d 3e 3f 40 41 42 43 44 45 46 47 48 49 4a 4b 4c 4d 4e 4f 50 51 52 53 54 55 56 57 58 59 5a 5b 5c 5d 5e 5f 60 61 62 63 64 65 66 67 68 69 6a 6b 6c 6d 6e 6f 70 71 72 73 74 75 76 77 78 79 7a 7b 7c 7d 7e 7f 80 81 82 83 84 85 86 87 88 89 8a 8b 8c 8d 8e 8f 90 91 92 93 94 95 96 97 98 99 9a 9b 9c 9d 9e 9f a0 a1 a2 a3 a4 a5 a6 a7 a8 a9 aa ab ac ad ae af b0 b1 b2 b3 b4 b5 b6 b7 b8 b9 ba bb bc bd be bf c0 c1 c2 c3 c4 c5 c6 c7 c8 c9 ca cb cc cd ce cf d0 d1 d2 d3 d4 d5 d6 d7 d8 d9 da db dc dd de df e0 e1 e2 e3 e4 e5 e6 e7 e8 e9 ea eb ec ed ee ef f0 f1 f2 f3 f4 f5 f6 f7 f8 f9 fa fb fc fd fe ff 
 0  1  2 35  4 f6 6a cf  8 63 3b ad d4 59 49 91 10 -- c6 85 76 45 8d -- 7f a1 b2 -- 92 -- f5 -- 20 -- -- -- 5b -- dd 4f ec -- 8a -- cd -- -- fc fe -- 95 -- b3 -- -- -- f3 d7 -- -- 3d 89 -- 6e 40 bc -- -- -- -- -- -- b6 -- -- 8f 6d 88 9e d6  f -- -- -- c3 -- -- -- 4d e3 -- -- -- 22 2f -- 2b -- -- -- fd -- -- ab b1 a2 -- b4 -- -- -- -- 31 -- 79 7d -- -- -- -- 7a 3c c5 -- -- -- dc -- 80 -- af 37 -- -- -- -- -- -- -- 7e -- -- -- cc bb -- -- -- -- a9 c9 -- da bd c7 a3 eb f1 7b 8c 1e -- -- -- -- d5 -- -- 51 5a -- -- -- -- -- be 9a -- 11 -- -- -- -- -- -- ac 44 6b 5e -- -- -- 56 de -- -- -- -- -- -- 2d -- -- 5f -- -- 81 -- b5 ba 93 46 -- -- bf -- -- 3f -- 66 -- f0 -- -- 62 -- -- -- f2 -- fa -- -- -- -- -- -- -- -- -- f4 33 78 -- 5d 23 -- -- -- c4 -- -- 6f -- -- -- 

solutions so far:0 maxDepth:9 
iterations:2184472  skipped: 1 
Depth skipped: 
0 0 1 0 0 0 0 0 0 0 0 0 0 0 0 0 0 0 0 0 0 0 0 0 0 0 0 0 0 0 0 0 

running time: 300 sec
 depth:7
 0  1  2  3  4  5  6  7  8  9  a  b  c  d  e  f 10 11 12 13 14 15 16 17 18 19 1a 1b 1c 1d 1e 1f 20 21 22 23 24 25 26 27 28 29 2a 2b 2c 2d 2e 2f 30 31 32 33 34 35 36 37 38 39 3a 3b 3c 3d 3e 3f 40 41 42 43 44 45 46 47 48 49 4a 4b 4c 4d 4e 4f 50 51 52 53 54 55 56 57 58 59 5a 5b 5c 5d 5e 5f 60 61 62 63 64 65 66 67 68 69 6a 6b 6c 6d 6e 6f 70 71 72 73 74 75 76 77 78 79 7a 7b 7c 7d 7e 7f 80 81 82 83 84 85 86 87 88 89 8a 8b 8c 8d 8e 8f 90 91 92 93 94 95 96 97 98 99 9a 9b 9c 9d 9e 9f a0 a1 a2 a3 a4 a5 a6 a7 a8 a9 aa ab ac ad ae af b0 b1 b2 b3 b4 b5 b6 b7 b8 b9 ba bb bc bd be bf c0 c1 c2 c3 c4 c5 c6 c7 c8 c9 ca cb cc cd ce cf d0 d1 d2 d3 d4 d5 d6 d7 d8 d9 da db dc dd de df e0 e1 e2 e3 e4 e5 e6 e7 e8 e9 ea eb ec ed ee ef f0 f1 f2 f3 f4 f5 f6 f7 f8 f9 fa fb fc fd fe ff 
 0  1  2 35  4 ed 6a 14  8 86  d 32 d4 13 28 6b 10 -- db d9 1a 45 64 -- 7f a6 26 -- 50 -- d6 -- 20 -- -- -- 61 -- 65 4f 34 -- 8a -- c8 -- --  f fe -- 9b -- 4c -- -- -- a0 d7 -- -- 7b 37 -- 2c 40 78 -- -- -- -- -- -- c2 -- -- 8f ca 71 9e a5 68 -- -- -- c3 -- -- -- 47 cb -- -- -- 82 1e -- 2b -- -- -- e1 -- -- ff 98 a2 -- 54 -- -- -- -- 97 -- 79 a4 -- -- -- -- f6 77 6e -- -- -- 58 -- 80 -- f0 16 -- -- -- -- -- -- -- ec -- -- -- cc 53 -- -- -- -- 87 c9 -- 43 19 e2 de eb f1 9d  a d0 -- -- -- -- 52 -- -- 51 2a -- -- -- -- -- 94 8e -- 41 -- -- -- -- -- -- ac d3 b9 3c -- -- -- 56 b7 -- -- -- -- -- -- 15 -- -- 4a -- -- 29 -- e7 6f 93  5 -- -- a8 -- -- 76 -- 66 --  b -- -- f9 -- -- -- f2 -- 9f -- -- -- -- -- -- -- -- -- 3b 33 ee -- dc e9 -- -- -- 25 -- -- b0 -- -- -- 

solutions so far:0 maxDepth:9 
iterations:4775901  skipped: 2 
Depth skipped: 
0 0 2 0 0 0 0 0 0 0 0 0 0 0 0 0 0 0 0 0 0 0 0 0 0 0 0 0 0 0 0 0 

running time: 600 sec
 depth:7
 0  1  2  3  4  5  6  7  8  9  a  b  c  d  e  f 10 11 12 13 14 15 16 17 18 19 1a 1b 1c 1d 1e 1f 20 21 22 23 24 25 26 27 28 29 2a 2b 2c 2d 2e 2f 30 31 32 33 34 35 36 37 38 39 3a 3b 3c 3d 3e 3f 40 41 42 43 44 45 46 47 48 49 4a 4b 4c 4d 4e 4f 50 51 52 53 54 55 56 57 58 59 5a 5b 5c 5d 5e 5f 60 61 62 63 64 65 66 67 68 69 6a 6b 6c 6d 6e 6f 70 71 72 73 74 75 76 77 78 79 7a 7b 7c 7d 7e 7f 80 81 82 83 84 85 86 87 88 89 8a 8b 8c 8d 8e 8f 90 91 92 93 94 95 96 97 98 99 9a 9b 9c 9d 9e 9f a0 a1 a2 a3 a4 a5 a6 a7 a8 a9 aa ab ac ad ae af b0 b1 b2 b3 b4 b5 b6 b7 b8 b9 ba bb bc bd be bf c0 c1 c2 c3 c4 c5 c6 c7 c8 c9 ca cb cc cd ce cf d0 d1 d2 d3 d4 d5 d6 d7 d8 d9 da db dc dd de df e0 e1 e2 e3 e4 e5 e6 e7 e8 e9 ea eb ec ed ee ef f0 f1 f2 f3 f4 f5 f6 f7 f8 f9 fa fb fc fd fe ff 
 0  1  2 35  4 e4 6a 5f  8 ff 1f a6 d4 43 be  6 10 -- 29 f9 3e 45 9b -- 7f e9 86 -- ab --  c -- 20 -- -- -- 52 -- 25 4f 7c -- 8a -- e1 -- -- ae fe --  5 -- db -- -- -- 81 d7 -- -- 18 83 -- 12 40 55 -- -- -- -- -- -- a4 -- -- 8f 4a 65 9e 39 f8 -- -- -- c3 -- -- -- 15 54 -- -- -- 87 8b -- 2b -- -- --  a -- -- 8c 61 a2 -- 50 -- -- -- -- d5 -- 79 92 -- -- -- -- 30 4e d1 -- -- -- 24 -- 80 -- aa  9 -- -- -- -- -- -- -- 57 -- -- -- cc 9f -- -- -- -- 97 c9 -- 94 53 ca  3 eb f1 72 c4 27 -- -- -- -- 49 -- -- 51 28 -- -- -- -- -- 46 2a -- a8 -- -- -- -- -- -- ac d9 f7 c1 -- -- -- 56 90 -- -- -- -- -- -- 14 -- -- 23 -- -- cf -- c2 ea 93 62 -- -- a0 -- -- c0 -- 66 -- ef -- -- 7d -- -- -- f2 -- f3 -- -- -- -- -- -- -- -- -- 60 33 9c -- 75 31 -- -- -- fa -- -- 48 -- -- -- 

solutions so far:0 maxDepth:9 
iterations:7847533  skipped: 3 
Depth skipped: 
0 0 3 0 0 0 0 0 0 0 0 0 0 0 0 0 0 0 0 0 0 0 0 0 0 0 0 0 0 0 0 0 

running time: 900 sec
 depth:7
 0  1  2  3  4  5  6  7  8  9  a  b  c  d  e  f 10 11 12 13 14 15 16 17 18 19 1a 1b 1c 1d 1e 1f 20 21 22 23 24 25 26 27 28 29 2a 2b 2c 2d 2e 2f 30 31 32 33 34 35 36 37 38 39 3a 3b 3c 3d 3e 3f 40 41 42 43 44 45 46 47 48 49 4a 4b 4c 4d 4e 4f 50 51 52 53 54 55 56 57 58 59 5a 5b 5c 5d 5e 5f 60 61 62 63 64 65 66 67 68 69 6a 6b 6c 6d 6e 6f 70 71 72 73 74 75 76 77 78 79 7a 7b 7c 7d 7e 7f 80 81 82 83 84 85 86 87 88 89 8a 8b 8c 8d 8e 8f 90 91 92 93 94 95 96 97 98 99 9a 9b 9c 9d 9e 9f a0 a1 a2 a3 a4 a5 a6 a7 a8 a9 aa ab ac ad ae af b0 b1 b2 b3 b4 b5 b6 b7 b8 b9 ba bb bc bd be bf c0 c1 c2 c3 c4 c5 c6 c7 c8 c9 ca cb cc cd ce cf d0 d1 d2 d3 d4 d5 d6 d7 d8 d9 da db dc dd de df e0 e1 e2 e3 e4 e5 e6 e7 e8 e9 ea eb ec ed ee ef f0 f1 f2 f3 f4 f5 f6 f7 f8 f9 fa fb fc fd fe ff 
 0  1  2 35  4 da 6a c5  8 ee 63 82 d4 64 5d 76 10 --  b 34 c6 45 d3 -- 7f b0 c8 -- ba -- ec -- 20 -- -- -- 16 -- 68 4f 5b -- 8a -- 71 -- -- 37 fe -- b7 -- 47 -- -- -- a3 d7 -- --  f 6b -- 5a 40 6f -- -- -- -- -- -- 2c -- -- 8f d0 19 9e dd b6 -- -- -- c3 -- -- -- e2 26 -- -- -- 98 6e -- 2b -- -- -- b9 -- -- 3f 8e a2 -- ed -- -- -- -- 91 -- 79 2f -- -- -- -- 1e a1 d6 -- -- -- b4 -- 80 -- de 2d -- -- -- -- -- -- -- f0 -- -- -- cc 58 -- -- -- -- 1a c9 -- 77 41 32 3b eb f1 6d 89 bb -- -- -- -- fc -- -- 51 9d -- -- -- -- -- f4 13 -- 4c -- -- -- -- -- -- ac e7 85 dc -- -- -- 56 a9 -- -- -- -- -- -- a5 -- -- 7a -- -- 7e -- cb f6 93 af -- --  d -- -- 78 -- 66 -- fd -- -- f5 -- -- -- f2 -- 5e -- -- -- -- -- -- -- -- -- 3c 33 95 -- 7b bc -- -- -- 3d -- -- bf -- -- -- 

solutions so far:0 maxDepth:9 
iterations:9957991  skipped: 6 
Depth skipped: 
0 0 6 0 0 0 0 0 0 0 0 0 0 0 0 0 0 0 0 0 0 0 0 0 0 0 0 0 0 0 0 0 

running time: 1200 sec
 depth:7
 0  1  2  3  4  5  6  7  8  9  a  b  c  d  e  f 10 11 12 13 14 15 16 17 18 19 1a 1b 1c 1d 1e 1f 20 21 22 23 24 25 26 27 28 29 2a 2b 2c 2d 2e 2f 30 31 32 33 34 35 36 37 38 39 3a 3b 3c 3d 3e 3f 40 41 42 43 44 45 46 47 48 49 4a 4b 4c 4d 4e 4f 50 51 52 53 54 55 56 57 58 59 5a 5b 5c 5d 5e 5f 60 61 62 63 64 65 66 67 68 69 6a 6b 6c 6d 6e 6f 70 71 72 73 74 75 76 77 78 79 7a 7b 7c 7d 7e 7f 80 81 82 83 84 85 86 87 88 89 8a 8b 8c 8d 8e 8f 90 91 92 93 94 95 96 97 98 99 9a 9b 9c 9d 9e 9f a0 a1 a2 a3 a4 a5 a6 a7 a8 a9 aa ab ac ad ae af b0 b1 b2 b3 b4 b5 b6 b7 b8 b9 ba bb bc bd be bf c0 c1 c2 c3 c4 c5 c6 c7 c8 c9 ca cb cc cd ce cf d0 d1 d2 d3 d4 d5 d6 d7 d8 d9 da db dc dd de df e0 e1 e2 e3 e4 e5 e6 e7 e8 e9 ea eb ec ed ee ef f0 f1 f2 f3 f4 f5 f6 f7 f8 f9 fa fb fc fd fe ff 
 0  1  2 35  4 d2 6a 46  8 ba 73 da d4 b4 8c  3 10 -- a3 af e6 45 63 -- 7f 7a bf -- cf --  6 -- 20 -- -- -- 91 -- 89 4f 1b -- 8a -- c6 -- -- 57 fe -- f4 -- a9 -- -- -- 49 d7 -- --  c aa -- 96 40 c1 -- -- -- -- -- -- f5 -- -- 8f c5 2d 9e df 36 -- -- -- c3 -- -- -- 5b bb -- -- -- 95 ae -- 2b -- -- -- 3f -- -- 5f 85 a2 -- 2f -- -- -- -- 92 -- 79 81 -- -- -- -- 18 d8 83 -- -- -- fb -- 80 -- 55 4b -- -- -- -- -- -- -- c0 -- -- -- cc 3d -- -- -- -- bc c9 -- 5d 6d 5a ea eb f1 69 23 6c -- -- -- -- ab -- -- 51 fc -- -- -- -- -- c4 b6 -- a1 -- -- -- -- -- -- ac fd 84 8b -- -- -- 56 42 -- -- -- -- -- -- 7e -- -- 62 -- -- be -- dd 75 93 fa -- -- 5e -- -- 60 -- 66 -- ce -- -- f3 -- -- -- f2 -- d5 -- -- -- -- -- -- -- -- -- 30 33 67 -- d1 7d -- -- -- 31 -- -- 21 -- -- -- 

solutions so far:0 maxDepth:9 
iterations:12425652  skipped: 7 
Depth skipped: 
0 0 7 0 0 0 0 0 0 0 0 0 0 0 0 0 0 0 0 0 0 0 0 0 0 0 0 0 0 0 0 0 

running time: 1500 sec
 depth:7
 0  1  2  3  4  5  6  7  8  9  a  b  c  d  e  f 10 11 12 13 14 15 16 17 18 19 1a 1b 1c 1d 1e 1f 20 21 22 23 24 25 26 27 28 29 2a 2b 2c 2d 2e 2f 30 31 32 33 34 35 36 37 38 39 3a 3b 3c 3d 3e 3f 40 41 42 43 44 45 46 47 48 49 4a 4b 4c 4d 4e 4f 50 51 52 53 54 55 56 57 58 59 5a 5b 5c 5d 5e 5f 60 61 62 63 64 65 66 67 68 69 6a 6b 6c 6d 6e 6f 70 71 72 73 74 75 76 77 78 79 7a 7b 7c 7d 7e 7f 80 81 82 83 84 85 86 87 88 89 8a 8b 8c 8d 8e 8f 90 91 92 93 94 95 96 97 98 99 9a 9b 9c 9d 9e 9f a0 a1 a2 a3 a4 a5 a6 a7 a8 a9 aa ab ac ad ae af b0 b1 b2 b3 b4 b5 b6 b7 b8 b9 ba bb bc bd be bf c0 c1 c2 c3 c4 c5 c6 c7 c8 c9 ca cb cc cd ce cf d0 d1 d2 d3 d4 d5 d6 d7 d8 d9 da db dc dd de df e0 e1 e2 e3 e4 e5 e6 e7 e8 e9 ea eb ec ed ee ef f0 f1 f2 f3 f4 f5 f6 f7 f8 f9 fa fb fc fd fe ff 
 0  1  2 35  4 c7 6a 7e  8 5b 59 99 d4 e0 fc a0 10 -- b6 6d b2 45 e5 -- 7f fd 17 -- 2f -- 97 -- 20 -- -- -- bb -- da 4f b3 -- 8a -- 1d -- -- 29 fe -- 2d -- 2e -- -- -- 5e d7 -- -- f9  5 -- 4d 40 9f -- -- -- -- -- -- a1 -- -- 8f 63 38 9e 44 b1 -- -- -- c3 -- -- -- 3a e8 -- -- --  e 52 -- 2b -- -- -- 5a -- -- ba 5c a2 -- a9 -- -- -- -- bc -- 79 f5 -- -- -- -- 25 bd  a -- -- -- 9a -- 80 -- e9 cd -- -- -- -- -- -- -- ff -- -- -- cc 95 -- -- -- -- dd c9 -- c6 a7 70 50 eb f1 88 3f b5 -- -- -- -- 91 -- -- 51 bf -- -- -- -- -- 5d 74 --  7 -- -- -- -- -- -- ac 1c 22 a4 -- -- -- 56 11 -- -- -- -- -- -- b4 -- -- c5 -- -- a3 -- b8 28 93 f4 -- -- 85 -- -- 94 -- 66 -- 8d -- -- af -- -- -- f2 -- 3d -- -- -- -- -- -- -- -- -- 4a 33 ad -- 14 7a -- -- -- 89 -- -- e3 -- -- -- 

solutions so far:0 maxDepth:9 
iterations:14567008  skipped: 9 
Depth skipped: 
0 0 9 0 0 0 0 0 0 0 0 0 0 0 0 0 0 0 0 0 0 0 0 0 0 0 0 0 0 0 0 0 

running time: 1800 sec
 depth:6
 0  1  2  3  4  5  6  7  8  9  a  b  c  d  e  f 10 11 12 13 14 15 16 17 18 19 1a 1b 1c 1d 1e 1f 20 21 22 23 24 25 26 27 28 29 2a 2b 2c 2d 2e 2f 30 31 32 33 34 35 36 37 38 39 3a 3b 3c 3d 3e 3f 40 41 42 43 44 45 46 47 48 49 4a 4b 4c 4d 4e 4f 50 51 52 53 54 55 56 57 58 59 5a 5b 5c 5d 5e 5f 60 61 62 63 64 65 66 67 68 69 6a 6b 6c 6d 6e 6f 70 71 72 73 74 75 76 77 78 79 7a 7b 7c 7d 7e 7f 80 81 82 83 84 85 86 87 88 89 8a 8b 8c 8d 8e 8f 90 91 92 93 94 95 96 97 98 99 9a 9b 9c 9d 9e 9f a0 a1 a2 a3 a4 a5 a6 a7 a8 a9 aa ab ac ad ae af b0 b1 b2 b3 b4 b5 b6 b7 b8 b9 ba bb bc bd be bf c0 c1 c2 c3 c4 c5 c6 c7 c8 c9 ca cb cc cd ce cf d0 d1 d2 d3 d4 d5 d6 d7 d8 d9 da db dc dd de df e0 e1 e2 e3 e4 e5 e6 e7 e8 e9 ea eb ec ed ee ef f0 f1 f2 f3 f4 f5 f6 f7 f8 f9 fa fb fc fd fe ff 
 0  1  2 35  4 c2 6a 14  8 c4 53 1b d4 84 28 -- 10 -- 5f 92 a6 45 36 -- 7f d5 df -- 50 -- -- -- 20 -- -- -- be -- f3 4f 9b -- 8a -- 6c -- -- -- fe -- 7d -- 69 -- -- -- a0 d7 -- -- -- -- -- d9 40 -- -- -- -- -- -- -- ab -- -- 8f 31 21 9e db e1 -- -- -- c3 -- -- -- d8 ce -- -- -- 96 -- -- 2b -- -- -- fa -- -- ff d2 a2 -- 8c -- -- -- -- 97 -- 79 a4 -- -- -- -- -- 2a -- -- -- -- 65 -- 80 -- -- 87 -- -- -- -- -- -- -- -- -- -- -- cc 81 -- -- -- -- 49 c9 -- 62 e6 42 -- eb f1 61  a 15 -- -- -- -- 52 -- -- 51 46 -- -- -- -- -- 94 67 -- 4b -- -- -- -- -- -- ac fb 86 -- -- -- -- 56 43 -- -- -- -- -- -- 23 -- -- 4a -- -- 29 -- 73 -- 93  5 -- -- cf -- -- -- -- 66 -- a8 -- -- f9 -- -- -- f2 -- 9f -- -- -- -- -- -- -- -- -- -- 33 54 -- -- e9 -- -- -- 25 -- -- ca -- -- -- 

solutions so far:0 maxDepth:9 
iterations:16589188  skipped: 9 
Depth skipped: 
0 0 9 0 0 0 0 0 0 0 0 0 0 0 0 0 0 0 0 0 0 0 0 0 0 0 0 0 0 0 0 0 

running time: 2100 sec
 depth:6
 0  1  2  3  4  5  6  7  8  9  a  b  c  d  e  f 10 11 12 13 14 15 16 17 18 19 1a 1b 1c 1d 1e 1f 20 21 22 23 24 25 26 27 28 29 2a 2b 2c 2d 2e 2f 30 31 32 33 34 35 36 37 38 39 3a 3b 3c 3d 3e 3f 40 41 42 43 44 45 46 47 48 49 4a 4b 4c 4d 4e 4f 50 51 52 53 54 55 56 57 58 59 5a 5b 5c 5d 5e 5f 60 61 62 63 64 65 66 67 68 69 6a 6b 6c 6d 6e 6f 70 71 72 73 74 75 76 77 78 79 7a 7b 7c 7d 7e 7f 80 81 82 83 84 85 86 87 88 89 8a 8b 8c 8d 8e 8f 90 91 92 93 94 95 96 97 98 99 9a 9b 9c 9d 9e 9f a0 a1 a2 a3 a4 a5 a6 a7 a8 a9 aa ab ac ad ae af b0 b1 b2 b3 b4 b5 b6 b7 b8 b9 ba bb bc bd be bf c0 c1 c2 c3 c4 c5 c6 c7 c8 c9 ca cb cc cd ce cf d0 d1 d2 d3 d4 d5 d6 d7 d8 d9 da db dc dd de df e0 e1 e2 e3 e4 e5 e6 e7 e8 e9 ea eb ec ed ee ef f0 f1 f2 f3 f4 f5 f6 f7 f8 f9 fa fb fc fd fe ff 
 0  1  2 35  4 b8 6a ab  8 a9 a7  3 d4 55 81 -- 10 -- 85 2d 99 45  6 -- 7f 63 aa -- d5 -- -- -- 20 -- -- -- dd -- 5a 4f e5 -- 8a --  c -- -- -- fe -- c6 -- 83 -- -- -- 7d d7 -- -- -- -- -- 1c 40 -- -- -- -- -- -- -- 6d -- -- 8f b4 8b 9e 2e 1d -- -- -- c3 -- -- -- 18 60 -- -- -- 57 -- -- 2b -- -- -- 5b -- -- 49 d1 a2 -- a1 -- -- -- -- fa -- 79 31 -- -- -- -- -- 74 -- -- -- -- 38 -- 80 -- --  e -- -- -- -- -- -- -- -- -- -- -- cc da -- -- -- -- fd c9 -- bf ea c1 -- eb f1 5c be 3a -- -- -- -- f3 -- -- 51 bb -- -- -- -- -- cf 30 -- c0 -- -- -- -- -- -- ac ae 17 -- -- -- -- 56 e0 -- -- -- -- -- -- b6 -- -- 8c -- -- 92 -- 75 -- 93 5f -- -- 95 -- -- -- -- 66 --  7 -- -- 23 -- -- -- f2 -- 62 -- -- -- -- -- -- -- -- -- -- 33 e8 -- -- c4 -- -- -- 46 -- -- 70 -- -- -- 

solutions so far:0 maxDepth:9 
iterations:19535467  skipped: 12 
Depth skipped: 
0 0 12 0 0 0 0 0 0 0 0 0 0 0 0 0 0 0 0 0 0 0 0 0 0 0 0 0 0 0 0 0 

running time: 2400 sec
 depth:6
 0  1  2  3  4  5  6  7  8  9  a  b  c  d  e  f 10 11 12 13 14 15 16 17 18 19 1a 1b 1c 1d 1e 1f 20 21 22 23 24 25 26 27 28 29 2a 2b 2c 2d 2e 2f 30 31 32 33 34 35 36 37 38 39 3a 3b 3c 3d 3e 3f 40 41 42 43 44 45 46 47 48 49 4a 4b 4c 4d 4e 4f 50 51 52 53 54 55 56 57 58 59 5a 5b 5c 5d 5e 5f 60 61 62 63 64 65 66 67 68 69 6a 6b 6c 6d 6e 6f 70 71 72 73 74 75 76 77 78 79 7a 7b 7c 7d 7e 7f 80 81 82 83 84 85 86 87 88 89 8a 8b 8c 8d 8e 8f 90 91 92 93 94 95 96 97 98 99 9a 9b 9c 9d 9e 9f a0 a1 a2 a3 a4 a5 a6 a7 a8 a9 aa ab ac ad ae af b0 b1 b2 b3 b4 b5 b6 b7 b8 b9 ba bb bc bd be bf c0 c1 c2 c3 c4 c5 c6 c7 c8 c9 ca cb cc cd ce cf d0 d1 d2 d3 d4 d5 d6 d7 d8 d9 da db dc dd de df e0 e1 e2 e3 e4 e5 e6 e7 e8 e9 ea eb ec ed ee ef f0 f1 f2 f3 f4 f5 f6 f7 f8 f9 fa fb fc fd fe ff 
 0  1  2 35  4 b0 6a 1e  8 52 b7 a8 d4 a6 3c -- 10 -- a4 4a b9 45 87 -- 7f  a 9b -- 78 -- -- -- 20 -- -- -- 9f -- 94 4f a5 -- 8a -- d9 -- -- -- fe -- 14 -- e1 -- -- -- f0 d7 -- -- -- -- -- d0 40 -- -- -- -- -- -- -- e9 -- -- 8f ff c2 9e 2c 9d -- -- -- c3 -- -- -- 65 43 -- -- -- db -- -- 2b -- -- -- 28 -- -- 6b 15 a2 -- 97 -- -- -- -- 37 -- 79 f6 -- -- -- -- --  d -- -- -- -- 77 -- 80 -- -- 68 -- -- -- -- -- -- -- -- -- -- -- cc  5 -- -- -- -- 25 c9 -- 29 54 53 -- eb f1 58  f ed -- -- -- -- 7b -- -- 51 a0 -- -- -- -- -- de ca -- 86 -- -- -- -- -- -- ac 61 16 -- -- -- -- 56  b -- -- -- -- -- -- 50 -- -- 6f -- -- d6 -- 2a -- 93 ec -- -- f9 -- -- -- -- 66 -- 34 -- -- 6e -- -- -- f2 -- 3b -- -- -- -- -- -- -- -- -- -- 33 1a -- -- 76 -- -- -- dc -- -- ee -- -- -- 

solutions so far:0 maxDepth:9 
iterations:22205031  skipped: 14 
Depth skipped: 
0 0 14 0 0 0 0 0 0 0 0 0 0 0 0 0 0 0 0 0 0 0 0 0 0 0 0 0 0 0 0 0 

running time: 2700 sec
 depth:6
 0  1  2  3  4  5  6  7  8  9  a  b  c  d  e  f 10 11 12 13 14 15 16 17 18 19 1a 1b 1c 1d 1e 1f 20 21 22 23 24 25 26 27 28 29 2a 2b 2c 2d 2e 2f 30 31 32 33 34 35 36 37 38 39 3a 3b 3c 3d 3e 3f 40 41 42 43 44 45 46 47 48 49 4a 4b 4c 4d 4e 4f 50 51 52 53 54 55 56 57 58 59 5a 5b 5c 5d 5e 5f 60 61 62 63 64 65 66 67 68 69 6a 6b 6c 6d 6e 6f 70 71 72 73 74 75 76 77 78 79 7a 7b 7c 7d 7e 7f 80 81 82 83 84 85 86 87 88 89 8a 8b 8c 8d 8e 8f 90 91 92 93 94 95 96 97 98 99 9a 9b 9c 9d 9e 9f a0 a1 a2 a3 a4 a5 a6 a7 a8 a9 aa ab ac ad ae af b0 b1 b2 b3 b4 b5 b6 b7 b8 b9 ba bb bc bd be bf c0 c1 c2 c3 c4 c5 c6 c7 c8 c9 ca cb cc cd ce cf d0 d1 d2 d3 d4 d5 d6 d7 d8 d9 da db dc dd de df e0 e1 e2 e3 e4 e5 e6 e7 e8 e9 ea eb ec ed ee ef f0 f1 f2 f3 f4 f5 f6 f7 f8 f9 fa fb fc fd fe ff 
 0  1  2 35  4 a9 6a a0  8 59 85 d8 d4 d2 97 -- 10 -- b2 22 dd 45 67 -- 7f bd 73 -- f9 -- -- -- 20 -- -- -- b3 -- 44 4f 6d -- 8a -- ce -- -- -- fe -- ad -- e6 -- -- -- 25 d7 -- -- -- -- -- a1 40 -- -- -- -- -- -- -- b1 -- -- 8f 88 df 9e b4 da -- -- -- c3 -- -- -- 4b fb -- -- -- 42 -- -- 2b -- -- -- 8d -- -- a4 1b a2 -- 9a -- -- -- -- 4a -- 79  5 -- -- -- -- -- c6 -- -- -- -- 95 -- 80 -- -- bb -- -- -- -- -- -- -- -- -- -- -- cc b5 -- -- -- -- 11 c9 -- c7 6c 69 -- eb f1 bf 50 63 -- -- -- -- e9 -- -- 51 4d -- -- -- -- -- 52 96 -- 21 -- -- -- -- -- -- ac 84 5a -- -- -- -- 56 2d -- -- -- -- -- -- cd -- -- 29 -- -- 9f -- 36 -- 93 28 -- -- e3 -- -- -- -- 66 -- b6 -- -- 94 -- -- -- f2 --  a -- -- -- -- -- -- -- -- -- -- 33 5b -- -- 14 -- -- -- ff -- -- fd -- -- -- 

solutions so far:0 maxDepth:9 
iterations:24336350  skipped: 15 
Depth skipped: 
0 0 15 0 0 0 0 0 0 0 0 0 0 0 0 0 0 0 0 0 0 0 0 0 0 0 0 0 0 0 0 0 

running time: 3000 sec
 depth:6
 0  1  2  3  4  5  6  7  8  9  a  b  c  d  e  f 10 11 12 13 14 15 16 17 18 19 1a 1b 1c 1d 1e 1f 20 21 22 23 24 25 26 27 28 29 2a 2b 2c 2d 2e 2f 30 31 32 33 34 35 36 37 38 39 3a 3b 3c 3d 3e 3f 40 41 42 43 44 45 46 47 48 49 4a 4b 4c 4d 4e 4f 50 51 52 53 54 55 56 57 58 59 5a 5b 5c 5d 5e 5f 60 61 62 63 64 65 66 67 68 69 6a 6b 6c 6d 6e 6f 70 71 72 73 74 75 76 77 78 79 7a 7b 7c 7d 7e 7f 80 81 82 83 84 85 86 87 88 89 8a 8b 8c 8d 8e 8f 90 91 92 93 94 95 96 97 98 99 9a 9b 9c 9d 9e 9f a0 a1 a2 a3 a4 a5 a6 a7 a8 a9 aa ab ac ad ae af b0 b1 b2 b3 b4 b5 b6 b7 b8 b9 ba bb bc bd be bf c0 c1 c2 c3 c4 c5 c6 c7 c8 c9 ca cb cc cd ce cf d0 d1 d2 d3 d4 d5 d6 d7 d8 d9 da db dc dd de df e0 e1 e2 e3 e4 e5 e6 e7 e8 e9 ea eb ec ed ee ef f0 f1 f2 f3 f4 f5 f6 f7 f8 f9 fa fb fc fd fe ff 
 0  1  2 35  4 9f 6a 42  8 5d e9 74 d4 b8 84 -- 10 -- ba bc  5 45 e8 -- 7f 3d a7 -- df -- -- -- 20 -- -- -- a3 -- af 4f  a -- 8a --  7 -- -- -- fe -- 7a -- 99 -- -- -- 69 d7 -- -- -- -- -- 25 40 -- -- -- -- -- -- -- 91 -- -- 8f 89 2e 9e 52 14 -- -- -- c3 -- -- --  e 38 -- -- -- e0 -- -- 2b -- -- -- f4 -- -- 6c e5 a2 -- fc -- -- -- -- d2 -- 79 ce -- -- -- -- -- 50 -- -- -- -- 4a -- 80 -- -- f9 -- -- -- -- -- -- -- -- -- -- -- cc f5 -- -- -- -- 5e c9 -- c5 3a 5c -- eb f1 a4 21 28 -- -- -- -- 67 -- -- 51 7e -- -- -- -- -- 36 1c -- 70 -- -- -- -- -- -- ac 17 29 -- -- -- -- 56 ff -- -- -- -- -- -- 3f -- -- 1b -- -- d8 -- 1d -- 93 fb -- -- 2f -- -- -- -- 66 -- 97 -- -- 73 -- -- -- f2 -- 4b -- -- -- -- -- -- -- -- -- -- 33 a0 -- -- 96 -- -- -- e6 -- -- 94 -- -- -- 

solutions so far:0 maxDepth:9 
iterations:27720261  skipped: 17 
Depth skipped: 
0 0 17 0 0 0 0 0 0 0 0 0 0 0 0 0 0 0 0 0 0 0 0 0 0 0 0 0 0 0 0 0 

running time: 3300 sec
 depth:7
 0  1  2  3  4  5  6  7  8  9  a  b  c  d  e  f 10 11 12 13 14 15 16 17 18 19 1a 1b 1c 1d 1e 1f 20 21 22 23 24 25 26 27 28 29 2a 2b 2c 2d 2e 2f 30 31 32 33 34 35 36 37 38 39 3a 3b 3c 3d 3e 3f 40 41 42 43 44 45 46 47 48 49 4a 4b 4c 4d 4e 4f 50 51 52 53 54 55 56 57 58 59 5a 5b 5c 5d 5e 5f 60 61 62 63 64 65 66 67 68 69 6a 6b 6c 6d 6e 6f 70 71 72 73 74 75 76 77 78 79 7a 7b 7c 7d 7e 7f 80 81 82 83 84 85 86 87 88 89 8a 8b 8c 8d 8e 8f 90 91 92 93 94 95 96 97 98 99 9a 9b 9c 9d 9e 9f a0 a1 a2 a3 a4 a5 a6 a7 a8 a9 aa ab ac ad ae af b0 b1 b2 b3 b4 b5 b6 b7 b8 b9 ba bb bc bd be bf c0 c1 c2 c3 c4 c5 c6 c7 c8 c9 ca cb cc cd ce cf d0 d1 d2 d3 d4 d5 d6 d7 d8 d9 da db dc dd de df e0 e1 e2 e3 e4 e5 e6 e7 e8 e9 ea eb ec ed ee ef f0 f1 f2 f3 f4 f5 f6 f7 f8 f9 fa fb fc fd fe ff 
 0  1  2 35  4 91 6a 32  8 b3 f5 d8 d4 d2 64 bf 10 -- b1 88 3d 45 67 -- 7f 8d 73 -- c8 -- a9 -- 20 -- -- -- b5 -- c7 4f 7a -- 8a -- ce -- -- c6 fe -- cd -- e6 -- -- -- 47 d7 -- -- 85 95 -- bc 40 bb -- -- -- -- -- -- bd -- -- 8f 59 df 9e ba f4 -- -- -- c3 -- -- -- 4b fb -- -- -- 42 5b -- 2b -- -- -- 4d -- -- 71 1b a2 -- 11 -- -- -- -- 8e -- 79 26 -- -- -- -- dd 7e fd -- -- -- af -- 80 -- a1 5e -- -- -- -- -- -- -- 63 -- -- -- cc ad -- -- -- -- 44 c9 -- b2 6c 69 b4 eb f1 a3 19 3f -- -- -- -- 13 -- -- 51 e3 -- -- -- -- -- d3 96 -- 21 -- -- -- -- -- -- ac 84 5d b6 -- -- -- 56 c5 -- -- -- -- -- -- 9a -- -- 82 -- -- e2 -- 36 5a 93 e7 -- -- 22 -- -- da -- 66 -- 2f -- -- cb -- -- -- f2 -- 4c -- -- -- -- -- -- -- -- -- 6d 33 fc -- 2d 98 -- -- -- 41 -- -- 89 -- -- -- 

solutions so far:0 maxDepth:9 
iterations:31389267  skipped: 19 
Depth skipped: 
0 0 19 0 0 0 0 0 0 0 0 0 0 0 0 0 0 0 0 0 0 0 0 0 0 0 0 0 0 0 0 0 

running time: 3600 sec
 depth:6
 0  1  2  3  4  5  6  7  8  9  a  b  c  d  e  f 10 11 12 13 14 15 16 17 18 19 1a 1b 1c 1d 1e 1f 20 21 22 23 24 25 26 27 28 29 2a 2b 2c 2d 2e 2f 30 31 32 33 34 35 36 37 38 39 3a 3b 3c 3d 3e 3f 40 41 42 43 44 45 46 47 48 49 4a 4b 4c 4d 4e 4f 50 51 52 53 54 55 56 57 58 59 5a 5b 5c 5d 5e 5f 60 61 62 63 64 65 66 67 68 69 6a 6b 6c 6d 6e 6f 70 71 72 73 74 75 76 77 78 79 7a 7b 7c 7d 7e 7f 80 81 82 83 84 85 86 87 88 89 8a 8b 8c 8d 8e 8f 90 91 92 93 94 95 96 97 98 99 9a 9b 9c 9d 9e 9f a0 a1 a2 a3 a4 a5 a6 a7 a8 a9 aa ab ac ad ae af b0 b1 b2 b3 b4 b5 b6 b7 b8 b9 ba bb bc bd be bf c0 c1 c2 c3 c4 c5 c6 c7 c8 c9 ca cb cc cd ce cf d0 d1 d2 d3 d4 d5 d6 d7 d8 d9 da db dc dd de df e0 e1 e2 e3 e4 e5 e6 e7 e8 e9 ea eb ec ed ee ef f0 f1 f2 f3 f4 f5 f6 f7 f8 f9 fa fb fc fd fe ff 
 0  1  2 35  4 85 6a a8  8 90 dd 69 d4 96 87 -- 10 -- f7  9 6d 45 d2 -- 7f 1f fb -- d9 -- -- -- 20 -- -- -- 39 -- 12 4f da -- 8a -- 73 -- -- -- fe -- 3e -- 21 -- -- -- 65 d7 -- -- -- -- -- 95 40 -- -- -- -- -- -- -- 72 -- -- 8f 24 ce 9e bf 63 -- -- -- c3 -- -- -- e6 36 -- -- -- d8 -- -- 2b -- -- -- 7c -- -- c2 42 a2 -- 4e -- -- -- -- ca -- 79 9b -- -- -- -- -- 5b -- -- -- -- fd -- 80 -- -- a1 -- -- -- -- -- -- -- -- -- -- -- cc e4 -- -- -- -- ef c9 -- 48 df 4b -- eb f1 a9 54 c6 -- -- -- -- a6 -- -- 51 27 -- -- -- -- -- 61 1b -- 6c -- -- -- -- -- -- ac 67 b4 -- -- -- -- 56 5a -- -- -- -- -- -- f8 -- -- db -- -- 53 -- 84 -- 93 2a -- -- 9c -- -- -- -- 66 -- bb -- -- 43 -- -- -- f2 -- e1 -- -- -- -- -- -- -- -- -- -- 33 b6 -- -- 15 -- -- -- 86 -- -- 2d -- -- -- 

solutions so far:0 maxDepth:10 
iterations:35001170  skipped: 20 
Depth skipped: 
0 0 20 0 0 0 0 0 0 0 0 0 0 0 0 0 0 0 0 0 0 0 0 0 0 0 0 0 0 0 0 0 

running time: 3900 sec
 depth:6
 0  1  2  3  4  5  6  7  8  9  a  b  c  d  e  f 10 11 12 13 14 15 16 17 18 19 1a 1b 1c 1d 1e 1f 20 21 22 23 24 25 26 27 28 29 2a 2b 2c 2d 2e 2f 30 31 32 33 34 35 36 37 38 39 3a 3b 3c 3d 3e 3f 40 41 42 43 44 45 46 47 48 49 4a 4b 4c 4d 4e 4f 50 51 52 53 54 55 56 57 58 59 5a 5b 5c 5d 5e 5f 60 61 62 63 64 65 66 67 68 69 6a 6b 6c 6d 6e 6f 70 71 72 73 74 75 76 77 78 79 7a 7b 7c 7d 7e 7f 80 81 82 83 84 85 86 87 88 89 8a 8b 8c 8d 8e 8f 90 91 92 93 94 95 96 97 98 99 9a 9b 9c 9d 9e 9f a0 a1 a2 a3 a4 a5 a6 a7 a8 a9 aa ab ac ad ae af b0 b1 b2 b3 b4 b5 b6 b7 b8 b9 ba bb bc bd be bf c0 c1 c2 c3 c4 c5 c6 c7 c8 c9 ca cb cc cd ce cf d0 d1 d2 d3 d4 d5 d6 d7 d8 d9 da db dc dd de df e0 e1 e2 e3 e4 e5 e6 e7 e8 e9 ea eb ec ed ee ef f0 f1 f2 f3 f4 f5 f6 f7 f8 f9 fa fb fc fd fe ff 
 0  1  2 35  4 76 6a cb  8 90 ec 3f d4 a3 41 -- 10 -- f7  9  f 45 7e -- 7f 1f 91 -- 82 -- -- -- 20 -- -- -- 39 -- 12 4f 1e -- 8a -- fc -- -- -- fe -- 3e -- f5 -- -- -- d3 d7 -- -- -- -- -- 6f 40 -- -- -- -- -- -- -- 72 -- -- 8f 24 5d 9e f6 3c -- -- -- c3 -- -- -- 2f bc -- -- -- 89 -- -- 2b -- -- -- 7c -- -- 98 3d a2 -- 4e -- -- -- -- 71 -- 79 32 -- -- -- -- -- f0 -- -- -- -- de -- 80 -- -- dc -- -- -- -- -- -- -- -- -- -- -- cc e4 -- -- -- -- ef c9 -- 48 f4 ba -- eb f1 3b 8e 78 -- -- -- -- 19 -- -- 51 27 -- -- -- -- -- 4c 5e -- af -- -- -- -- -- -- ac c5 7b -- -- -- -- 56 d6 -- -- -- -- -- -- f8 -- -- 26 -- -- e7 -- 7a -- 93 47 -- -- 9c -- -- -- -- 66 -- 6e -- -- e2 -- -- -- f2 -- 64 -- -- -- -- -- -- -- -- -- -- 33 37 -- -- c8 -- -- -- 13 -- -- 6b -- -- -- 

solutions so far:0 maxDepth:10 
iterations:39472856  skipped: 21 
Depth skipped: 
0 0 21 0 0 0 0 0 0 0 0 0 0 0 0 0 0 0 0 0 0 0 0 0 0 0 0 0 0 0 0 0 

running time: 4200 sec
 depth:6
 0  1  2  3  4  5  6  7  8  9  a  b  c  d  e  f 10 11 12 13 14 15 16 17 18 19 1a 1b 1c 1d 1e 1f 20 21 22 23 24 25 26 27 28 29 2a 2b 2c 2d 2e 2f 30 31 32 33 34 35 36 37 38 39 3a 3b 3c 3d 3e 3f 40 41 42 43 44 45 46 47 48 49 4a 4b 4c 4d 4e 4f 50 51 52 53 54 55 56 57 58 59 5a 5b 5c 5d 5e 5f 60 61 62 63 64 65 66 67 68 69 6a 6b 6c 6d 6e 6f 70 71 72 73 74 75 76 77 78 79 7a 7b 7c 7d 7e 7f 80 81 82 83 84 85 86 87 88 89 8a 8b 8c 8d 8e 8f 90 91 92 93 94 95 96 97 98 99 9a 9b 9c 9d 9e 9f a0 a1 a2 a3 a4 a5 a6 a7 a8 a9 aa ab ac ad ae af b0 b1 b2 b3 b4 b5 b6 b7 b8 b9 ba bb bc bd be bf c0 c1 c2 c3 c4 c5 c6 c7 c8 c9 ca cb cc cd ce cf d0 d1 d2 d3 d4 d5 d6 d7 d8 d9 da db dc dd de df e0 e1 e2 e3 e4 e5 e6 e7 e8 e9 ea eb ec ed ee ef f0 f1 f2 f3 f4 f5 f6 f7 f8 f9 fa fb fc fd fe ff 
 0  1  2 35  4 64 6a  5  8 2f c8 e0 d4 e8  a -- 10 -- 5e f4 47 45 17 -- 7f c5  7 -- 14 -- -- -- 20 -- -- -- bc -- 3f 4f 8e -- 8a -- 2e -- -- -- fe -- 5d --  e -- -- -- 28 d7 -- -- -- -- -- 13 40 -- -- -- -- -- -- -- af -- -- 8f 7e 3a 9e 19 cb -- -- -- c3 -- -- -- 5c a7 -- -- -- e5 -- -- 2b -- -- -- ba -- -- 4a 1c a2 -- f5 -- -- -- -- 50 -- 79 29 -- -- -- -- -- 82 -- -- -- -- 26 -- 80 -- -- e2 -- -- -- -- -- -- -- -- -- -- -- cc 89 -- -- -- -- 7a c9 -- fc 70 74 -- eb f1 32 e9 41 -- -- -- -- ff -- -- 51 91 -- -- -- -- -- 25 b8 -- 99 -- -- -- -- -- -- ac 1d e7 -- -- -- -- 56 98 -- -- -- -- -- -- a3 -- -- f9 -- -- 94 -- 38 -- 93 9f -- -- 3d -- -- -- -- 66 -- 71 -- -- a0 -- -- -- f2 -- 52 -- -- -- -- -- -- -- -- -- -- 33 d3 -- -- a4 -- -- -- 97 -- -- 4c -- -- -- 

solutions so far:0 maxDepth:10 
iterations:44495051  skipped: 23 
Depth skipped: 
0 0 23 0 0 0 0 0 0 0 0 0 0 0 0 0 0 0 0 0 0 0 0 0 0 0 0 0 0 0 0 0 

running time: 4500 sec
 depth:5
 0  1  2  3  4  5  6  7  8  9  a  b  c  d  e  f 10 11 12 13 14 15 16 17 18 19 1a 1b 1c 1d 1e 1f 20 21 22 23 24 25 26 27 28 29 2a 2b 2c 2d 2e 2f 30 31 32 33 34 35 36 37 38 39 3a 3b 3c 3d 3e 3f 40 41 42 43 44 45 46 47 48 49 4a 4b 4c 4d 4e 4f 50 51 52 53 54 55 56 57 58 59 5a 5b 5c 5d 5e 5f 60 61 62 63 64 65 66 67 68 69 6a 6b 6c 6d 6e 6f 70 71 72 73 74 75 76 77 78 79 7a 7b 7c 7d 7e 7f 80 81 82 83 84 85 86 87 88 89 8a 8b 8c 8d 8e 8f 90 91 92 93 94 95 96 97 98 99 9a 9b 9c 9d 9e 9f a0 a1 a2 a3 a4 a5 a6 a7 a8 a9 aa ab ac ad ae af b0 b1 b2 b3 b4 b5 b6 b7 b8 b9 ba bb bc bd be bf c0 c1 c2 c3 c4 c5 c6 c7 c8 c9 ca cb cc cd ce cf d0 d1 d2 d3 d4 d5 d6 d7 d8 d9 da db dc dd de df e0 e1 e2 e3 e4 e5 e6 e7 e8 e9 ea eb ec ed ee ef f0 f1 f2 f3 f4 f5 f6 f7 f8 f9 fa fb fc fd fe ff 
 0  1  2 35  4 52 6a a9  8 46 a4 -- d4 -- 85 -- 10 -- 8c d5 9f 45 -- -- 7f f3 -- -- dd -- -- -- 20 -- -- -- cf -- 7d 4f e9 -- 8a -- -- -- -- -- fe -- 31 -- -- -- -- -- 6d d7 -- -- -- -- -- 97 40 -- -- -- -- -- -- -- 49 -- -- 8f fa -- 9e ff  5 -- -- -- c3 -- -- -- -- -- -- -- -- -- -- -- 2b -- -- -- 62 -- -- bb -- a2 -- be -- -- -- -- da -- 79 fd -- -- -- -- -- 14 -- -- -- -- f9 -- 80 -- -- a0 -- -- -- -- -- -- -- -- -- -- -- cc 92 -- -- -- -- 81 c9 -- 23 -- -- -- eb f1 29 bf  a -- -- -- -- 95 -- -- 51 5f -- -- -- -- -- b6 -- -- -- -- -- -- -- -- -- ac -- 94 -- -- -- -- 56 4a -- -- -- -- -- -- c4 -- -- 5b -- -- a1 -- -- -- 93 b4 -- -- ab -- -- -- -- 66 -- 50 -- -- 63 -- -- -- f2 -- 2d -- -- -- -- -- -- -- -- -- -- 33 28 -- -- 5a -- -- -- c6 -- -- 25 -- -- -- 

solutions so far:0 maxDepth:10 
iterations:48393739  skipped: 25 
Depth skipped: 
0 0 25 0 0 0 0 0 0 0 0 0 0 0 0 0 0 0 0 0 0 0 0 0 0 0 0 0 0 0 0 0 

running time: 4800 sec
 depth:6
 0  1  2  3  4  5  6  7  8  9  a  b  c  d  e  f 10 11 12 13 14 15 16 17 18 19 1a 1b 1c 1d 1e 1f 20 21 22 23 24 25 26 27 28 29 2a 2b 2c 2d 2e 2f 30 31 32 33 34 35 36 37 38 39 3a 3b 3c 3d 3e 3f 40 41 42 43 44 45 46 47 48 49 4a 4b 4c 4d 4e 4f 50 51 52 53 54 55 56 57 58 59 5a 5b 5c 5d 5e 5f 60 61 62 63 64 65 66 67 68 69 6a 6b 6c 6d 6e 6f 70 71 72 73 74 75 76 77 78 79 7a 7b 7c 7d 7e 7f 80 81 82 83 84 85 86 87 88 89 8a 8b 8c 8d 8e 8f 90 91 92 93 94 95 96 97 98 99 9a 9b 9c 9d 9e 9f a0 a1 a2 a3 a4 a5 a6 a7 a8 a9 aa ab ac ad ae af b0 b1 b2 b3 b4 b5 b6 b7 b8 b9 ba bb bc bd be bf c0 c1 c2 c3 c4 c5 c6 c7 c8 c9 ca cb cc cd ce cf d0 d1 d2 d3 d4 d5 d6 d7 d8 d9 da db dc dd de df e0 e1 e2 e3 e4 e5 e6 e7 e8 e9 ea eb ec ed ee ef f0 f1 f2 f3 f4 f5 f6 f7 f8 f9 fa fb fc fd fe ff 
 0  1  2 35  4 44 6a f0  8 b0 88 5f d4 49 37 -- 10 -- b7  b c7 45 be -- 7f ed 92 -- 6e -- -- -- 20 -- -- -- b9 -- 16 4f 59 -- 8a -- ab -- -- -- fe --  d -- f3 -- -- -- dc d7 -- -- -- -- -- 8d 40 -- -- -- -- -- -- -- a5 -- -- 8f 2c 8c 9e 11 b2 -- -- -- c3 -- -- -- 81 7d -- -- -- 23 -- -- 2b -- -- -- 1a -- -- f6 31 a2 -- d0 -- -- -- -- 6f -- 79 ec -- -- -- -- -- b1 -- -- -- -- cd -- 80 -- -- ad -- -- -- -- -- -- -- -- -- -- -- cc 9d -- -- -- -- ee c9 -- 58 c4 cf -- eb f1 22 78 b3 -- -- -- -- 76 -- -- 51 68 -- -- -- -- -- 7b d5 -- fa -- -- -- -- -- -- ac 46 e3 -- -- -- -- 56 9a -- -- -- -- -- -- 34 -- -- d6 -- -- 3b -- 62 -- 93 3c -- -- 77 -- -- -- -- 66 -- bd -- -- de -- -- -- f2 --  f -- -- -- -- -- -- -- -- -- -- 33 b5 -- -- 1e -- -- -- 6b -- -- 4d -- -- -- 

solutions so far:0 maxDepth:10 
iterations:52641740  skipped: 26 
Depth skipped: 
0 0 26 0 0 0 0 0 0 0 0 0 0 0 0 0 0 0 0 0 0 0 0 0 0 0 0 0 0 0 0 0 

running time: 5100 sec
 depth:7
 0  1  2  3  4  5  6  7  8  9  a  b  c  d  e  f 10 11 12 13 14 15 16 17 18 19 1a 1b 1c 1d 1e 1f 20 21 22 23 24 25 26 27 28 29 2a 2b 2c 2d 2e 2f 30 31 32 33 34 35 36 37 38 39 3a 3b 3c 3d 3e 3f 40 41 42 43 44 45 46 47 48 49 4a 4b 4c 4d 4e 4f 50 51 52 53 54 55 56 57 58 59 5a 5b 5c 5d 5e 5f 60 61 62 63 64 65 66 67 68 69 6a 6b 6c 6d 6e 6f 70 71 72 73 74 75 76 77 78 79 7a 7b 7c 7d 7e 7f 80 81 82 83 84 85 86 87 88 89 8a 8b 8c 8d 8e 8f 90 91 92 93 94 95 96 97 98 99 9a 9b 9c 9d 9e 9f a0 a1 a2 a3 a4 a5 a6 a7 a8 a9 aa ab ac ad ae af b0 b1 b2 b3 b4 b5 b6 b7 b8 b9 ba bb bc bd be bf c0 c1 c2 c3 c4 c5 c6 c7 c8 c9 ca cb cc cd ce cf d0 d1 d2 d3 d4 d5 d6 d7 d8 d9 da db dc dd de df e0 e1 e2 e3 e4 e5 e6 e7 e8 e9 ea eb ec ed ee ef f0 f1 f2 f3 f4 f5 f6 f7 f8 f9 fa fb fc fd fe ff 
 0  1  2 35  4 2f 6a 43  8 48 5e 82 d4 64 86 bb 10 -- 90 ef bc 45 d3 -- 7f e4 c8 -- db -- a1 -- 20 -- -- -- f7 --  9 4f af -- 8a -- 71 -- -- bf fe -- 1f -- 47 -- -- -- 61 d7 -- -- 95 da -- f5 40 dd -- -- -- -- -- -- 39 -- -- 8f 12 19 9e 7e 89 -- -- -- c3 -- -- -- e2 26 -- -- -- 98 a9 -- 2b -- -- -- 3e -- -- 15 8e a2 -- 27 -- -- -- -- c2 -- 79 a8 -- -- -- -- fd 5d 63 -- -- -- 3d -- 80 -- 6d 91 -- -- -- -- -- -- -- b4 -- -- -- cc 72 -- -- -- -- 9c c9 -- 24 41 32 b6 eb f1 fc ca c5 -- -- -- -- 54 -- -- 51 f8 -- -- -- -- -- e1 13 -- 4c -- -- -- -- -- -- ac e7 3f 85 -- -- -- 56 f4 -- -- -- -- -- -- 7c -- -- 9b -- -- 2a -- cb 5b 93 65 -- -- 4e -- -- 5a -- 66 -- a3 -- -- 53 -- -- -- f2 -- 87 -- -- -- -- -- -- -- -- -- 2d 33 ba -- c6 d9 -- -- -- a6 -- -- 7a -- -- -- 

solutions so far:0 maxDepth:10 
iterations:57934923  skipped: 29 
Depth skipped: 
0 0 29 0 0 0 0 0 0 0 0 0 0 0 0 0 0 0 0 0 0 0 0 0 0 0 0 0 0 0 0 0 

running time: 5400 sec
 depth:7
 0  1  2  3  4  5  6  7  8  9  a  b  c  d  e  f 10 11 12 13 14 15 16 17 18 19 1a 1b 1c 1d 1e 1f 20 21 22 23 24 25 26 27 28 29 2a 2b 2c 2d 2e 2f 30 31 32 33 34 35 36 37 38 39 3a 3b 3c 3d 3e 3f 40 41 42 43 44 45 46 47 48 49 4a 4b 4c 4d 4e 4f 50 51 52 53 54 55 56 57 58 59 5a 5b 5c 5d 5e 5f 60 61 62 63 64 65 66 67 68 69 6a 6b 6c 6d 6e 6f 70 71 72 73 74 75 76 77 78 79 7a 7b 7c 7d 7e 7f 80 81 82 83 84 85 86 87 88 89 8a 8b 8c 8d 8e 8f 90 91 92 93 94 95 96 97 98 99 9a 9b 9c 9d 9e 9f a0 a1 a2 a3 a4 a5 a6 a7 a8 a9 aa ab ac ad ae af b0 b1 b2 b3 b4 b5 b6 b7 b8 b9 ba bb bc bd be bf c0 c1 c2 c3 c4 c5 c6 c7 c8 c9 ca cb cc cd ce cf d0 d1 d2 d3 d4 d5 d6 d7 d8 d9 da db dc dd de df e0 e1 e2 e3 e4 e5 e6 e7 e8 e9 ea eb ec ed ee ef f0 f1 f2 f3 f4 f5 f6 f7 f8 f9 fa fb fc fd fe ff 
 0  1  2 35  4 1d 6a 61  8  6 3a e9 d4 94 c2 12 10 --  c d1 74 45  5 -- 7f c0 ff -- 53 -- 24 -- 20 -- -- -- 18 -- 75 4f e8 -- 8a --  a -- -- e4 fe -- 57 -- 29 -- -- -- a6 d7 -- -- 48 27 -- 17 40 7c -- -- -- -- -- -- 30 -- -- 8f ea 25 9e 99  7 -- -- -- c3 -- -- -- 14 50 -- -- -- 97 1f -- 2b -- -- -- ae -- -- a8 52 a2 -- 55 -- -- -- -- 9b -- 79 65 -- -- -- -- 90 1c 4e -- -- -- 2e -- 80 -- f8 e0 -- -- -- -- -- -- -- 72 -- -- -- cc 60 -- -- -- -- 83 c9 --  3 9f 4a  9 eb f1 e5 db  e -- -- -- -- d9 -- -- 51 c1 -- -- -- -- -- 54 28 -- a0 -- -- -- -- -- -- ac f9 a7 3e -- -- -- 56 b8 -- -- -- -- -- -- 8b -- -- 2a -- -- 87 -- a4 ef 93 86 -- -- aa -- -- 39 -- 66 -- 70 -- -- e1 -- -- -- f2 -- ca -- -- -- -- -- -- -- -- -- f7 33 38 -- 9c 43 -- -- -- 15 -- -- 5c -- -- -- 

solutions so far:0 maxDepth:10 
iterations:63432060  skipped: 31 
Depth skipped: 
0 0 31 0 0 0 0 0 0 0 0 0 0 0 0 0 0 0 0 0 0 0 0 0 0 0 0 0 0 0 0 0 

running time: 5700 sec
 depth:7
 0  1  2  3  4  5  6  7  8  9  a  b  c  d  e  f 10 11 12 13 14 15 16 17 18 19 1a 1b 1c 1d 1e 1f 20 21 22 23 24 25 26 27 28 29 2a 2b 2c 2d 2e 2f 30 31 32 33 34 35 36 37 38 39 3a 3b 3c 3d 3e 3f 40 41 42 43 44 45 46 47 48 49 4a 4b 4c 4d 4e 4f 50 51 52 53 54 55 56 57 58 59 5a 5b 5c 5d 5e 5f 60 61 62 63 64 65 66 67 68 69 6a 6b 6c 6d 6e 6f 70 71 72 73 74 75 76 77 78 79 7a 7b 7c 7d 7e 7f 80 81 82 83 84 85 86 87 88 89 8a 8b 8c 8d 8e 8f 90 91 92 93 94 95 96 97 98 99 9a 9b 9c 9d 9e 9f a0 a1 a2 a3 a4 a5 a6 a7 a8 a9 aa ab ac ad ae af b0 b1 b2 b3 b4 b5 b6 b7 b8 b9 ba bb bc bd be bf c0 c1 c2 c3 c4 c5 c6 c7 c8 c9 ca cb cc cd ce cf d0 d1 d2 d3 d4 d5 d6 d7 d8 d9 da db dc dd de df e0 e1 e2 e3 e4 e5 e6 e7 e8 e9 ea eb ec ed ee ef f0 f1 f2 f3 f4 f5 f6 f7 f8 f9 fa fb fc fd fe ff 
 0  1  2 35  4  d 6a c7  8 62 1a 8e d4 e7 59 99 10 -- c4 49 34 45 cb -- 7f 81 19 -- b2 -- e5 -- 20 -- -- -- 5f -- 92 4f 68 -- 8a -- 41 -- --  e fe -- d5 -- 32 -- -- -- b3 d7 -- -- 1d 17 -- 58 40 70 -- -- -- -- -- -- be -- -- 8f f3 4c 9e 9d d0 -- -- -- c3 -- -- -- 82 71 -- -- -- 13 1c -- 2b -- -- -- 7d -- -- cd 64 a2 -- 46 -- -- -- -- b1 -- 79 e3 -- -- -- -- 3a ee 2e -- -- -- b0 -- 80 -- e0 2c -- -- -- -- -- -- --  7 -- -- -- cc ab -- -- -- -- cf c9 -- 31 47 98 a7 eb f1 ed 88 77 -- -- -- -- 9a -- -- 51 23 -- -- -- -- -- 8d d3 -- e2 -- -- -- -- -- -- ac 26 a5 38 -- -- -- 56 b9 -- -- -- -- -- -- fa -- -- ad -- -- 4d -- c8 b8 93 44 -- -- 8c -- -- e8 -- 66 -- 16 -- -- b5 -- -- -- f2 -- 11 -- -- -- -- -- -- -- -- -- 74 33  b -- 5c 22 -- -- -- bd -- -- b7 -- -- -- 

solutions so far:0 maxDepth:10 
iterations:68900463  skipped: 31 
Depth skipped: 
0 0 31 0 0 0 0 0 0 0 0 0 0 0 0 0 0 0 0 0 0 0 0 0 0 0 0 0 0 0 0 0 

running time: 6000 sec

Finished. Total running time: 6147 sec
