Search S-boxes invariant for matrices: 
{0x00,0x02,0x04,0x06,0x08,0x0a,0x0c,0x0e,0x10,0x12,0x14,0x16,0x18,0x1a,0x1c,0x1e,0x20,0x22,0x24,0x26,0x28,0x2a,0x2c,0x2e,0x30,0x32,0x34,0x36,0x38,0x3a,0x3c,0x3e,0x40,0x42,0x44,0x46,0x48,0x4a,0x4c,0x4e,0x50,0x52,0x54,0x56,0x58,0x5a,0x5c,0x5e,0x60,0x62,0x64,0x66,0x68,0x6a,0x6c,0x6e,0x70,0x72,0x74,0x76,0x78,0x7a,0x7c,0x7e,0x80,0x82,0x84,0x86,0x88,0x8a,0x8c,0x8e,0x90,0x92,0x94,0x96,0x98,0x9a,0x9c,0x9e,0xa0,0xa2,0xa4,0xa6,0xa8,0xaa,0xac,0xae,0xb0,0xb2,0xb4,0xb6,0xb8,0xba,0xbc,0xbe,0xc0,0xc2,0xc4,0xc6,0xc8,0xca,0xcc,0xce,0xd0,0xd2,0xd4,0xd6,0xd8,0xda,0xdc,0xde,0xe0,0xe2,0xe4,0xe6,0xe8,0xea,0xec,0xee,0xf0,0xf2,0xf4,0xf6,0xf8,0xfa,0xfc,0xfe,0x39,0x3b,0x3d,0x3f,0x31,0x33,0x35,0x37,0x29,0x2b,0x2d,0x2f,0x21,0x23,0x25,0x27,0x19,0x1b,0x1d,0x1f,0x11,0x13,0x15,0x17,0x09,0x0b,0x0d,0x0f,0x01,0x03,0x05,0x07,0x79,0x7b,0x7d,0x7f,0x71,0x73,0x75,0x77,0x69,0x6b,0x6d,0x6f,0x61,0x63,0x65,0x67,0x59,0x5b,0x5d,0x5f,0x51,0x53,0x55,0x57,0x49,0x4b,0x4d,0x4f,0x41,0x43,0x45,0x47,0xb9,0xbb,0xbd,0xbf,0xb1,0xb3,0xb5,0xb7,0xa9,0xab,0xad,0xaf,0xa1,0xa3,0xa5,0xa7,0x99,0x9b,0x9d,0x9f,0x91,0x93,0x95,0x97,0x89,0x8b,0x8d,0x8f,0x81,0x83,0x85,0x87,0xf9,0xfb,0xfd,0xff,0xf1,0xf3,0xf5,0xf7,0xe9,0xeb,0xed,0xef,0xe1,0xe3,0xe5,0xe7,0xd9,0xdb,0xdd,0xdf,0xd1,0xd3,0xd5,0xd7,0xc9,0xcb,0xcd,0xcf,0xc1,0xc3,0xc5,0xc7};
{0x00,0x02,0x04,0x06,0x08,0x0a,0x0c,0x0e,0x10,0x12,0x14,0x16,0x18,0x1a,0x1c,0x1e,0x20,0x22,0x24,0x26,0x28,0x2a,0x2c,0x2e,0x30,0x32,0x34,0x36,0x38,0x3a,0x3c,0x3e,0x40,0x42,0x44,0x46,0x48,0x4a,0x4c,0x4e,0x50,0x52,0x54,0x56,0x58,0x5a,0x5c,0x5e,0x60,0x62,0x64,0x66,0x68,0x6a,0x6c,0x6e,0x70,0x72,0x74,0x76,0x78,0x7a,0x7c,0x7e,0x80,0x82,0x84,0x86,0x88,0x8a,0x8c,0x8e,0x90,0x92,0x94,0x96,0x98,0x9a,0x9c,0x9e,0xa0,0xa2,0xa4,0xa6,0xa8,0xaa,0xac,0xae,0xb0,0xb2,0xb4,0xb6,0xb8,0xba,0xbc,0xbe,0xc0,0xc2,0xc4,0xc6,0xc8,0xca,0xcc,0xce,0xd0,0xd2,0xd4,0xd6,0xd8,0xda,0xdc,0xde,0xe0,0xe2,0xe4,0xe6,0xe8,0xea,0xec,0xee,0xf0,0xf2,0xf4,0xf6,0xf8,0xfa,0xfc,0xfe,0xd7,0xd5,0xd3,0xd1,0xdf,0xdd,0xdb,0xd9,0xc7,0xc5,0xc3,0xc1,0xcf,0xcd,0xcb,0xc9,0xf7,0xf5,0xf3,0xf1,0xff,0xfd,0xfb,0xf9,0xe7,0xe5,0xe3,0xe1,0xef,0xed,0xeb,0xe9,0x97,0x95,0x93,0x91,0x9f,0x9d,0x9b,0x99,0x87,0x85,0x83,0x81,0x8f,0x8d,0x8b,0x89,0xb7,0xb5,0xb3,0xb1,0xbf,0xbd,0xbb,0xb9,0xa7,0xa5,0xa3,0xa1,0xaf,0xad,0xab,0xa9,0x57,0x55,0x53,0x51,0x5f,0x5d,0x5b,0x59,0x47,0x45,0x43,0x41,0x4f,0x4d,0x4b,0x49,0x77,0x75,0x73,0x71,0x7f,0x7d,0x7b,0x79,0x67,0x65,0x63,0x61,0x6f,0x6d,0x6b,0x69,0x17,0x15,0x13,0x11,0x1f,0x1d,0x1b,0x19,0x07,0x05,0x03,0x01,0x0f,0x0d,0x0b,0x09,0x37,0x35,0x33,0x31,0x3f,0x3d,0x3b,0x39,0x27,0x25,0x23,0x21,0x2f,0x2d,0x2b,0x29};



 depth:6
 0  1  2  3  4  5  6  7  8  9  a  b  c  d  e  f 10 11 12 13 14 15 16 17 18 19 1a 1b 1c 1d 1e 1f 20 21 22 23 24 25 26 27 28 29 2a 2b 2c 2d 2e 2f 30 31 32 33 34 35 36 37 38 39 3a 3b 3c 3d 3e 3f 40 41 42 43 44 45 46 47 48 49 4a 4b 4c 4d 4e 4f 50 51 52 53 54 55 56 57 58 59 5a 5b 5c 5d 5e 5f 60 61 62 63 64 65 66 67 68 69 6a 6b 6c 6d 6e 6f 70 71 72 73 74 75 76 77 78 79 7a 7b 7c 7d 7e 7f 80 81 82 83 84 85 86 87 88 89 8a 8b 8c 8d 8e 8f 90 91 92 93 94 95 96 97 98 99 9a 9b 9c 9d 9e 9f a0 a1 a2 a3 a4 a5 a6 a7 a8 a9 aa ab ac ad ae af b0 b1 b2 b3 b4 b5 b6 b7 b8 b9 ba bb bc bd be bf c0 c1 c2 c3 c4 c5 c6 c7 c8 c9 ca cb cc cd ce cf d0 d1 d2 d3 d4 d5 d6 d7 d8 d9 da db dc dd de df e0 e1 e2 e3 e4 e5 e6 e7 e8 e9 ea eb ec ed ee ef f0 f1 f2 f3 f4 f5 f6 f7 f8 f9 fa fb fc fd fe ff 
 0  1  2 38  4 fa 70 ac  8 c8 23 76 e0 de 8f -- 10 -- 47 e7 46 1d ec -- 17 82 6b -- c9 -- -- -- 20 -- -- -- 8e -- 19 4f 8c -- 3a --  f -- -- -- 2e -- d3 -- d6 -- -- -- 45 d7 -- -- -- -- -- c4 40 -- -- -- -- -- -- -- cb -- -- 99 32 dc 9e d5 cf -- -- -- 74 -- -- -- 1e 78 -- -- -- 37 -- -- 5c -- -- -- 71 -- -- f1 7b  7 -- 26 -- -- -- -- 8a -- 79 d4 -- -- -- -- -- 92 -- -- -- -- 5f -- 80 -- -- 62 -- -- -- -- -- -- -- -- -- -- -- cc 41 -- -- -- -- 98 e5 -- 64 3b 6f -- eb 1c 7d 56 49 -- -- -- -- 6a -- -- e8 13 -- -- -- -- -- 93 3c -- f0 -- -- -- -- -- -- a7 6e 81 -- -- -- -- b8 ab -- -- -- -- -- -- e2 -- -- a2 -- -- 35 -- f6 --  e 2b -- -- 4c -- -- -- -- 66 -- 31 -- -- c3 -- -- -- f2 -- 7f -- -- -- -- -- -- -- -- -- -- 33 f3 -- -- fe -- -- -- 51 -- -- be -- -- -- 

solutions so far:0 maxDepth:10 
iterations:2491498  skipped: 0 
Depth skipped: 
0 0 0 0 0 0 0 0 0 0 0 0 0 0 0 0 0 0 0 0 0 0 0 0 0 0 0 0 0 0 0 0 

running time: 300 sec
 depth:7
 0  1  2  3  4  5  6  7  8  9  a  b  c  d  e  f 10 11 12 13 14 15 16 17 18 19 1a 1b 1c 1d 1e 1f 20 21 22 23 24 25 26 27 28 29 2a 2b 2c 2d 2e 2f 30 31 32 33 34 35 36 37 38 39 3a 3b 3c 3d 3e 3f 40 41 42 43 44 45 46 47 48 49 4a 4b 4c 4d 4e 4f 50 51 52 53 54 55 56 57 58 59 5a 5b 5c 5d 5e 5f 60 61 62 63 64 65 66 67 68 69 6a 6b 6c 6d 6e 6f 70 71 72 73 74 75 76 77 78 79 7a 7b 7c 7d 7e 7f 80 81 82 83 84 85 86 87 88 89 8a 8b 8c 8d 8e 8f 90 91 92 93 94 95 96 97 98 99 9a 9b 9c 9d 9e 9f a0 a1 a2 a3 a4 a5 a6 a7 a8 a9 aa ab ac ad ae af b0 b1 b2 b3 b4 b5 b6 b7 b8 b9 ba bb bc bd be bf c0 c1 c2 c3 c4 c5 c6 c7 c8 c9 ca cb cc cd ce cf d0 d1 d2 d3 d4 d5 d6 d7 d8 d9 da db dc dd de df e0 e1 e2 e3 e4 e5 e6 e7 e8 e9 ea eb ec ed ee ef f0 f1 f2 f3 f4 f5 f6 f7 f8 f9 fa fb fc fd fe ff 
 0  1  2 38  4 f0 70 b6  8 5d 37 ea e0 c1 bb 49 10 -- ba bc 6e 1d  3 -- 17 3d 55 -- a1 -- 92 -- 20 -- -- -- a3 -- af 4f dc -- 3a --  6 -- -- be 2e -- 7a -- aa -- -- -- 95 d7 -- -- f3 fa -- 3b 40 d5 -- -- -- -- -- -- 91 -- -- 99 89 ae 9e 3c 6f -- -- -- 74 -- -- --  c 30 -- -- -- c0 ab -- 5c -- -- -- f4 -- -- a9 83  7 -- fc -- -- -- -- fd -- 79 6d -- -- -- -- 31 6b 23 -- -- -- 76 -- 80 -- 7d f6 -- -- -- -- -- -- -- 5f -- -- -- cc f5 -- -- -- -- 5e e5 -- c5 75 8b cf eb 1c 78 5b de -- -- -- -- dd -- -- e8 7e -- -- -- -- -- bf 18 -- 60 -- -- -- -- -- -- a7 57 1e 81 -- -- -- b8  f -- -- -- -- -- -- 3f -- -- b4 -- -- 85 -- d1 8c  e c6 -- -- 2f -- -- c4 -- 66 -- 7b -- -- 2d -- -- -- f2 -- da -- -- -- -- -- -- -- -- -- 62 33 d6 -- 46 63 -- -- -- 5a -- -- ec -- -- -- 

solutions so far:0 maxDepth:10 
iterations:4861705  skipped: 3 
Depth skipped: 
0 0 3 0 0 0 0 0 0 0 0 0 0 0 0 0 0 0 0 0 0 0 0 0 0 0 0 0 0 0 0 0 

running time: 600 sec
 depth:6
 0  1  2  3  4  5  6  7  8  9  a  b  c  d  e  f 10 11 12 13 14 15 16 17 18 19 1a 1b 1c 1d 1e 1f 20 21 22 23 24 25 26 27 28 29 2a 2b 2c 2d 2e 2f 30 31 32 33 34 35 36 37 38 39 3a 3b 3c 3d 3e 3f 40 41 42 43 44 45 46 47 48 49 4a 4b 4c 4d 4e 4f 50 51 52 53 54 55 56 57 58 59 5a 5b 5c 5d 5e 5f 60 61 62 63 64 65 66 67 68 69 6a 6b 6c 6d 6e 6f 70 71 72 73 74 75 76 77 78 79 7a 7b 7c 7d 7e 7f 80 81 82 83 84 85 86 87 88 89 8a 8b 8c 8d 8e 8f 90 91 92 93 94 95 96 97 98 99 9a 9b 9c 9d 9e 9f a0 a1 a2 a3 a4 a5 a6 a7 a8 a9 aa ab ac ad ae af b0 b1 b2 b3 b4 b5 b6 b7 b8 b9 ba bb bc bd be bf c0 c1 c2 c3 c4 c5 c6 c7 c8 c9 ca cb cc cd ce cf d0 d1 d2 d3 d4 d5 d6 d7 d8 d9 da db dc dd de df e0 e1 e2 e3 e4 e5 e6 e7 e8 e9 ea eb ec ed ee ef f0 f1 f2 f3 f4 f5 f6 f7 f8 f9 fa fb fc fd fe ff 
 0  1  2 38  4 ec 70 a4  8 ab  f 1f e0 48 9f -- 10 -- 81 62 1e 1d 3e -- 17 23 90 -- e9 -- -- -- 20 -- -- -- d5 -- c4 4f 3c -- 3a -- 7c -- -- -- 2e -- 46 -- f7 -- -- --  5 d7 -- -- -- -- -- de 40 -- -- -- -- -- -- -- 7d -- -- 99 5f 12 9e 3b 78 -- -- -- 74 -- -- -- f8 4e -- -- -- ef -- -- 5c -- -- -- 8c -- -- 97 39  7 -- 92 -- -- -- --  a -- 79 4a -- -- -- -- -- 37 -- -- -- -- 6b -- 80 -- -- 6f -- -- -- -- -- -- -- -- -- -- -- cc fa -- -- -- -- 31 e5 -- be e4 24 -- eb 1c 76 52 f0 -- -- -- -- 25 -- -- e8 49 -- -- -- -- -- a0 27 -- 9c -- -- -- -- -- -- a7  9 f6 -- -- -- -- b8 7b -- -- -- -- -- -- cf -- -- 50 -- -- f9 -- 72 --  e 29 -- -- f3 -- -- -- -- 66 -- dc -- -- 14 -- -- -- f2 -- 94 -- -- -- -- -- -- -- -- -- -- 33 6e -- -- ff -- -- -- 28 -- -- d6 -- -- -- 

solutions so far:0 maxDepth:10 
iterations:7003417  skipped: 3 
Depth skipped: 
0 0 3 0 0 0 0 0 0 0 0 0 0 0 0 0 0 0 0 0 0 0 0 0 0 0 0 0 0 0 0 0 

running time: 900 sec
 depth:6
 0  1  2  3  4  5  6  7  8  9  a  b  c  d  e  f 10 11 12 13 14 15 16 17 18 19 1a 1b 1c 1d 1e 1f 20 21 22 23 24 25 26 27 28 29 2a 2b 2c 2d 2e 2f 30 31 32 33 34 35 36 37 38 39 3a 3b 3c 3d 3e 3f 40 41 42 43 44 45 46 47 48 49 4a 4b 4c 4d 4e 4f 50 51 52 53 54 55 56 57 58 59 5a 5b 5c 5d 5e 5f 60 61 62 63 64 65 66 67 68 69 6a 6b 6c 6d 6e 6f 70 71 72 73 74 75 76 77 78 79 7a 7b 7c 7d 7e 7f 80 81 82 83 84 85 86 87 88 89 8a 8b 8c 8d 8e 8f 90 91 92 93 94 95 96 97 98 99 9a 9b 9c 9d 9e 9f a0 a1 a2 a3 a4 a5 a6 a7 a8 a9 aa ab ac ad ae af b0 b1 b2 b3 b4 b5 b6 b7 b8 b9 ba bb bc bd be bf c0 c1 c2 c3 c4 c5 c6 c7 c8 c9 ca cb cc cd ce cf d0 d1 d2 d3 d4 d5 d6 d7 d8 d9 da db dc dd de df e0 e1 e2 e3 e4 e5 e6 e7 e8 e9 ea eb ec ed ee ef f0 f1 f2 f3 f4 f5 f6 f7 f8 f9 fa fb fc fd fe ff 
 0  1  2 38  4 df 70 e2  8 be 69 c0 e0  3 13 -- 10 -- ab 31 d2 1d 57 -- 17 fa  6 -- 26 -- -- -- 20 -- -- -- 81 -- 62 4f 73 -- 3a -- ae -- -- -- 2e -- 23 --  c -- -- -- 4c d7 -- -- -- -- -- ce 40 -- -- -- -- -- -- -- d5 -- -- 99 c4 75 9e 42 e6 -- -- -- 74 -- -- -- 8b 55 -- -- -- 83 -- -- 5c -- -- -- 46 -- -- c8 18  7 -- 49 -- -- -- -- 98 -- 79 cb -- -- -- -- -- 36 -- -- -- -- 4b -- 80 -- -- 67 -- -- -- -- -- -- -- -- -- -- -- cc 7d -- -- -- -- f3 e5 -- 5f 60 ea -- eb 1c 84 71 1b -- -- -- -- 8e -- -- e8 cf -- -- -- -- -- 64 c1 -- aa -- -- -- -- -- -- a7 d1 21 -- -- -- -- b8 fb -- -- -- -- -- -- 8c -- -- 32 -- -- 47 -- 30 --  e d3 -- -- 92 -- -- -- -- 66 -- d8 -- -- e7 -- -- -- f2 -- 41 -- -- -- -- -- -- -- -- -- -- 33 6c -- -- 82 -- -- -- 19 -- -- 96 -- -- -- 

solutions so far:0 maxDepth:10 
iterations:9549993  skipped: 6 
Depth skipped: 
0 0 6 0 0 0 0 0 0 0 0 0 0 0 0 0 0 0 0 0 0 0 0 0 0 0 0 0 0 0 0 0 

running time: 1200 sec
 depth:7
 0  1  2  3  4  5  6  7  8  9  a  b  c  d  e  f 10 11 12 13 14 15 16 17 18 19 1a 1b 1c 1d 1e 1f 20 21 22 23 24 25 26 27 28 29 2a 2b 2c 2d 2e 2f 30 31 32 33 34 35 36 37 38 39 3a 3b 3c 3d 3e 3f 40 41 42 43 44 45 46 47 48 49 4a 4b 4c 4d 4e 4f 50 51 52 53 54 55 56 57 58 59 5a 5b 5c 5d 5e 5f 60 61 62 63 64 65 66 67 68 69 6a 6b 6c 6d 6e 6f 70 71 72 73 74 75 76 77 78 79 7a 7b 7c 7d 7e 7f 80 81 82 83 84 85 86 87 88 89 8a 8b 8c 8d 8e 8f 90 91 92 93 94 95 96 97 98 99 9a 9b 9c 9d 9e 9f a0 a1 a2 a3 a4 a5 a6 a7 a8 a9 aa ab ac ad ae af b0 b1 b2 b3 b4 b5 b6 b7 b8 b9 ba bb bc bd be bf c0 c1 c2 c3 c4 c5 c6 c7 c8 c9 ca cb cc cd ce cf d0 d1 d2 d3 d4 d5 d6 d7 d8 d9 da db dc dd de df e0 e1 e2 e3 e4 e5 e6 e7 e8 e9 ea eb ec ed ee ef f0 f1 f2 f3 f4 f5 f6 f7 f8 f9 fa fb fc fd fe ff 
 0  1  2 38  4 d6 70 3f  8 ac 7b 60 e0 ea 7e b6 10 -- 8f 7f f6 1d c0 -- 17 c3  3 -- fc -- bb -- 20 -- -- -- c9 -- fe 4f 3b -- 3a -- 57 -- -- b4 2e -- 51 --  6 -- -- -- 2f d7 -- -- a1 6d -- f0 40 85 -- -- -- -- -- -- 45 -- -- 99 2b d1 9e de 76 -- -- -- 74 -- -- -- ae c1 -- -- -- aa bf -- 5c -- -- -- a2 -- -- 5d  c  7 -- 35 -- -- -- -- 5e -- 79 91 -- -- -- -- 95  f da -- -- -- 37 -- 80 -- dd 78 -- -- -- -- -- -- -- 5a -- -- -- cc 8a -- -- -- -- d4 e5 -- 56 30 75 5b eb 1c 6b f4 ec -- -- -- -- a3 -- -- e8 f1 -- -- -- -- -- c5 8b -- 55 -- -- -- -- -- -- a7 83 6f a9 -- -- -- b8 dc -- -- -- -- -- -- 93 -- -- 89 -- -- ba -- 18 c6  e 7a -- -- 6a -- -- 2d -- 66 -- 3c -- -- bc -- -- -- f2 -- f5 -- -- -- -- -- -- -- -- -- fd 33 1e -- 63 3d -- -- -- af -- -- 6e -- -- -- 

solutions so far:0 maxDepth:10 
iterations:11984745  skipped: 8 
Depth skipped: 
0 0 8 0 0 0 0 0 0 0 0 0 0 0 0 0 0 0 0 0 0 0 0 0 0 0 0 0 0 0 0 0 

running time: 1500 sec
 depth:7
 0  1  2  3  4  5  6  7  8  9  a  b  c  d  e  f 10 11 12 13 14 15 16 17 18 19 1a 1b 1c 1d 1e 1f 20 21 22 23 24 25 26 27 28 29 2a 2b 2c 2d 2e 2f 30 31 32 33 34 35 36 37 38 39 3a 3b 3c 3d 3e 3f 40 41 42 43 44 45 46 47 48 49 4a 4b 4c 4d 4e 4f 50 51 52 53 54 55 56 57 58 59 5a 5b 5c 5d 5e 5f 60 61 62 63 64 65 66 67 68 69 6a 6b 6c 6d 6e 6f 70 71 72 73 74 75 76 77 78 79 7a 7b 7c 7d 7e 7f 80 81 82 83 84 85 86 87 88 89 8a 8b 8c 8d 8e 8f 90 91 92 93 94 95 96 97 98 99 9a 9b 9c 9d 9e 9f a0 a1 a2 a3 a4 a5 a6 a7 a8 a9 aa ab ac ad ae af b0 b1 b2 b3 b4 b5 b6 b7 b8 b9 ba bb bc bd be bf c0 c1 c2 c3 c4 c5 c6 c7 c8 c9 ca cb cc cd ce cf d0 d1 d2 d3 d4 d5 d6 d7 d8 d9 da db dc dd de df e0 e1 e2 e3 e4 e5 e6 e7 e8 e9 ea eb ec ed ee ef f0 f1 f2 f3 f4 f5 f6 f7 f8 f9 fa fb fc fd fe ff 
 0  1  2 38  4 cd 70 50  8 fe 4d af e0 3f a0 8b 10 -- 2b 35 9a 1d 89 -- 17 c9 7e -- 97 -- c1 -- 20 -- -- -- 56 -- 6a 4f e3 -- 3a -- c5 -- -- ea 2e -- 45 -- fc -- -- -- f9 d7 -- -- 55 30 -- b2 40  c -- -- -- -- -- -- ac -- -- 99 d4 7a 9e ad 11 -- -- -- 74 -- -- -- 5d a3 -- -- -- f5  3 -- 5c -- -- -- 8a -- -- 52 2f  7 -- a2 -- -- -- -- 25 -- 79 e9 -- -- -- -- aa 44 60 -- -- -- b3 -- 80 -- 18 59 -- -- -- -- -- -- -- 75 -- -- -- cc 8f -- -- -- -- f1 e5 -- 7f bc f4 ae eb 1c 8d 28 22 -- -- -- -- 9f -- -- e8 51 -- -- -- -- -- 29 ba -- 91 -- -- -- -- -- -- a7 3d bd  6 -- -- -- b8 b5 -- -- -- -- -- -- c3 -- -- ff -- -- a4 -- 5e 57  e 14 -- -- 93 -- -- d1 -- 66 -- c7 -- -- 4a -- -- -- f2 --  5 -- -- -- -- -- -- -- -- -- 83 33 88 -- c0  a -- -- -- 94 -- -- b1 -- -- -- 

solutions so far:0 maxDepth:10 
iterations:14478513  skipped: 10 
Depth skipped: 
0 0 10 0 0 0 0 0 0 0 0 0 0 0 0 0 0 0 0 0 0 0 0 0 0 0 0 0 0 0 0 0 

running time: 1800 sec
 depth:7
 0  1  2  3  4  5  6  7  8  9  a  b  c  d  e  f 10 11 12 13 14 15 16 17 18 19 1a 1b 1c 1d 1e 1f 20 21 22 23 24 25 26 27 28 29 2a 2b 2c 2d 2e 2f 30 31 32 33 34 35 36 37 38 39 3a 3b 3c 3d 3e 3f 40 41 42 43 44 45 46 47 48 49 4a 4b 4c 4d 4e 4f 50 51 52 53 54 55 56 57 58 59 5a 5b 5c 5d 5e 5f 60 61 62 63 64 65 66 67 68 69 6a 6b 6c 6d 6e 6f 70 71 72 73 74 75 76 77 78 79 7a 7b 7c 7d 7e 7f 80 81 82 83 84 85 86 87 88 89 8a 8b 8c 8d 8e 8f 90 91 92 93 94 95 96 97 98 99 9a 9b 9c 9d 9e 9f a0 a1 a2 a3 a4 a5 a6 a7 a8 a9 aa ab ac ad ae af b0 b1 b2 b3 b4 b5 b6 b7 b8 b9 ba bb bc bd be bf c0 c1 c2 c3 c4 c5 c6 c7 c8 c9 ca cb cc cd ce cf d0 d1 d2 d3 d4 d5 d6 d7 d8 d9 da db dc dd de df e0 e1 e2 e3 e4 e5 e6 e7 e8 e9 ea eb ec ed ee ef f0 f1 f2 f3 f4 f5 f6 f7 f8 f9 fa fb fc fd fe ff 
 0  1  2 38  4 c4 70  a  8 2d 5f e7 e0 71 14 2f 10 -- 5a bb be 1d 19 -- 17 85 e2 -- 28 -- 5e -- 20 -- -- -- b4 -- a1 4f ab -- 3a -- 32 -- -- ba 2e -- dd -- 13 -- -- -- 50 d7 -- -- bc 7a -- 8c 40 f5 -- -- -- -- -- -- bf -- -- 99 95 82 9e 31 81 -- -- -- 74 -- -- -- 64 47 -- -- -- cb a3 -- 5c -- -- -- 6d -- -- 94 26  7 -- c6 -- -- -- -- a0 -- 79 52 -- -- -- -- af 7d f4 -- -- -- cf -- 80 -- 3d 46 -- -- -- -- -- -- -- 5d -- -- -- cc a9 -- -- -- -- b6 e5 -- fd 98 d3 fc eb 1c 62  5 d5 -- -- -- -- 29 -- -- e8 63 -- -- -- -- -- 4a c8 -- 8e -- -- -- -- -- -- a7 41 f3 91 -- -- -- b8 92 -- -- -- -- -- -- da -- -- 25 -- -- ff -- 4c 7e  e e9 -- -- 5b -- -- c5 -- 66 -- 23 -- -- 97 -- -- -- f2 -- a4 -- -- -- -- -- -- -- -- -- 89 33 fa -- 3f 9f -- -- -- f9 -- -- 49 -- -- -- 

solutions so far:0 maxDepth:10 
iterations:17872474  skipped: 10 
Depth skipped: 
0 0 10 0 0 0 0 0 0 0 0 0 0 0 0 0 0 0 0 0 0 0 0 0 0 0 0 0 0 0 0 0 

running time: 2100 sec
 depth:7
 0  1  2  3  4  5  6  7  8  9  a  b  c  d  e  f 10 11 12 13 14 15 16 17 18 19 1a 1b 1c 1d 1e 1f 20 21 22 23 24 25 26 27 28 29 2a 2b 2c 2d 2e 2f 30 31 32 33 34 35 36 37 38 39 3a 3b 3c 3d 3e 3f 40 41 42 43 44 45 46 47 48 49 4a 4b 4c 4d 4e 4f 50 51 52 53 54 55 56 57 58 59 5a 5b 5c 5d 5e 5f 60 61 62 63 64 65 66 67 68 69 6a 6b 6c 6d 6e 6f 70 71 72 73 74 75 76 77 78 79 7a 7b 7c 7d 7e 7f 80 81 82 83 84 85 86 87 88 89 8a 8b 8c 8d 8e 8f 90 91 92 93 94 95 96 97 98 99 9a 9b 9c 9d 9e 9f a0 a1 a2 a3 a4 a5 a6 a7 a8 a9 aa ab ac ad ae af b0 b1 b2 b3 b4 b5 b6 b7 b8 b9 ba bb bc bd be bf c0 c1 c2 c3 c4 c5 c6 c7 c8 c9 ca cb cc cd ce cf d0 d1 d2 d3 d4 d5 d6 d7 d8 d9 da db dc dd de df e0 e1 e2 e3 e4 e5 e6 e7 e8 e9 ea eb ec ed ee ef f0 f1 f2 f3 f4 f5 f6 f7 f8 f9 fa fb fc fd fe ff 
 0  1  2 38  4 b6 70 81  8 6b bb 8b e0 18 d5 6a 10 -- d6 6e a1 1d c1 -- 17 76 30 -- 7d -- d4 -- 20 -- -- -- 7b -- dc 4f 95 -- 3a -- 55 -- -- 8f 2e -- ec -- 60 -- -- -- fa d7 -- -- 7f 51 -- 85 40 8a -- -- -- -- -- -- f6 -- -- 99 6f  6 9e c6 fd -- -- -- 74 -- -- -- aa d1 -- -- -- ea c9 -- 5c -- -- --  f -- -- 92 c0  7 -- 78 -- -- -- -- 23 -- 79 62 -- -- -- -- fe 5a a2 -- -- -- dd -- 80 -- c3 a9 -- -- -- -- -- -- -- ac -- -- -- cc 3b -- -- -- -- 37 e5 -- de ae  c 35 eb 1c 5b ab 2d -- -- -- -- 31 -- -- e8 3c -- -- -- -- -- 49 83 -- 75 -- -- -- -- -- -- a7  3 63 45 -- -- -- b8 da -- -- -- -- -- -- 1e -- -- cf -- -- f3 -- 57 f1  e be -- -- f0 -- -- 56 -- 66 -- bf -- -- 46 -- -- -- f2 -- c4 -- -- -- -- -- -- -- -- -- 2b 33 b4 -- 93 5f -- -- -- 8c -- -- 6d -- -- -- 

solutions so far:0 maxDepth:10 
iterations:21210243  skipped: 13 
Depth skipped: 
0 0 13 0 0 0 0 0 0 0 0 0 0 0 0 0 0 0 0 0 0 0 0 0 0 0 0 0 0 0 0 0 

running time: 2400 sec
 depth:6
 0  1  2  3  4  5  6  7  8  9  a  b  c  d  e  f 10 11 12 13 14 15 16 17 18 19 1a 1b 1c 1d 1e 1f 20 21 22 23 24 25 26 27 28 29 2a 2b 2c 2d 2e 2f 30 31 32 33 34 35 36 37 38 39 3a 3b 3c 3d 3e 3f 40 41 42 43 44 45 46 47 48 49 4a 4b 4c 4d 4e 4f 50 51 52 53 54 55 56 57 58 59 5a 5b 5c 5d 5e 5f 60 61 62 63 64 65 66 67 68 69 6a 6b 6c 6d 6e 6f 70 71 72 73 74 75 76 77 78 79 7a 7b 7c 7d 7e 7f 80 81 82 83 84 85 86 87 88 89 8a 8b 8c 8d 8e 8f 90 91 92 93 94 95 96 97 98 99 9a 9b 9c 9d 9e 9f a0 a1 a2 a3 a4 a5 a6 a7 a8 a9 aa ab ac ad ae af b0 b1 b2 b3 b4 b5 b6 b7 b8 b9 ba bb bc bd be bf c0 c1 c2 c3 c4 c5 c6 c7 c8 c9 ca cb cc cd ce cf d0 d1 d2 d3 d4 d5 d6 d7 d8 d9 da db dc dd de df e0 e1 e2 e3 e4 e5 e6 e7 e8 e9 ea eb ec ed ee ef f0 f1 f2 f3 f4 f5 f6 f7 f8 f9 fa fb fc fd fe ff 
 0  1  2 38  4 b1 70 65  8 3e b5 7f e0 a2 ca -- 10 -- 7c 39 bd 1d fe -- 17 9c 93 -- 43 -- -- -- 20 -- -- -- f8 -- 72 4f ad -- 3a -- 2b -- -- -- 2e -- ef -- f1 -- -- -- 86 d7 -- -- -- -- -- 22 40 -- -- -- -- -- -- -- 27 -- -- 99 e4 c3 9e b2 8d -- -- -- 74 -- -- -- 56 8f -- -- -- 45 -- -- 5c -- -- --  9 -- -- 9b 35  7 -- 48 -- -- -- -- db -- 79 2a -- -- -- -- -- 4d -- -- -- -- 44 -- 80 -- -- 11 -- -- -- -- -- -- -- -- -- -- -- cc 4e -- -- -- -- f7 e5 -- 1f d4 51 -- eb 1c b3 d9 cd -- -- -- -- 15 -- -- e8 24 -- -- -- -- -- a6 ac -- c9 -- -- -- -- -- -- a7 8a 59 -- -- -- -- b8 c7 -- -- -- -- -- -- 12 -- -- 53 -- -- e1 -- 6a --  e 87 -- -- 90 -- -- -- -- 66 -- e3 -- -- 61 -- -- -- f2 -- 54 -- -- -- -- -- -- -- -- -- -- 33 9a -- -- a8 -- -- -- c2 -- -- 88 -- -- -- 

solutions so far:0 maxDepth:10 
iterations:23840498  skipped: 13 
Depth skipped: 
0 0 13 0 0 0 0 0 0 0 0 0 0 0 0 0 0 0 0 0 0 0 0 0 0 0 0 0 0 0 0 0 

running time: 2700 sec
 depth:6
 0  1  2  3  4  5  6  7  8  9  a  b  c  d  e  f 10 11 12 13 14 15 16 17 18 19 1a 1b 1c 1d 1e 1f 20 21 22 23 24 25 26 27 28 29 2a 2b 2c 2d 2e 2f 30 31 32 33 34 35 36 37 38 39 3a 3b 3c 3d 3e 3f 40 41 42 43 44 45 46 47 48 49 4a 4b 4c 4d 4e 4f 50 51 52 53 54 55 56 57 58 59 5a 5b 5c 5d 5e 5f 60 61 62 63 64 65 66 67 68 69 6a 6b 6c 6d 6e 6f 70 71 72 73 74 75 76 77 78 79 7a 7b 7c 7d 7e 7f 80 81 82 83 84 85 86 87 88 89 8a 8b 8c 8d 8e 8f 90 91 92 93 94 95 96 97 98 99 9a 9b 9c 9d 9e 9f a0 a1 a2 a3 a4 a5 a6 a7 a8 a9 aa ab ac ad ae af b0 b1 b2 b3 b4 b5 b6 b7 b8 b9 ba bb bc bd be bf c0 c1 c2 c3 c4 c5 c6 c7 c8 c9 ca cb cc cd ce cf d0 d1 d2 d3 d4 d5 d6 d7 d8 d9 da db dc dd de df e0 e1 e2 e3 e4 e5 e6 e7 e8 e9 ea eb ec ed ee ef f0 f1 f2 f3 f4 f5 f6 f7 f8 f9 fa fb fc fd fe ff 
 0  1  2 38  4 a4 70 ed  8  c 9f 5b e0 85  d -- 10 -- 18 75 e9 1d b6 -- 17 57 dd -- 1a -- -- -- 20 -- -- -- 30 -- ea 4f  5 -- 3a -- bb -- -- -- 2e -- ae -- 6d -- -- -- 34 d7 -- -- -- -- -- f9 40 -- -- -- -- -- -- -- 60 -- -- 99  3 bf 9e 29  a -- -- -- 74 -- -- -- a1 fd -- -- -- 5a -- -- 5c -- -- -- 8b -- -- 16 da  7 -- aa -- -- -- -- 68 -- 79 b0 -- -- -- -- -- 28 -- -- -- -- 25 -- 80 -- -- 97 -- -- -- -- -- -- -- -- -- -- -- cc c0 -- -- -- -- d1 e5 --  6 c6 a9 -- eb 1c 52 9d 14 -- -- -- -- 58 -- -- e8 55 -- -- -- -- --  b 95 -- 2d -- -- -- -- -- -- a7 b4 ff -- -- -- -- b8 94 -- -- -- -- -- -- c1 -- -- ee -- -- 2c -- 63 --  e a5 -- -- 83 -- -- -- -- 66 -- a0 -- -- d0 -- -- -- f2 -- b7 -- -- -- -- -- -- -- -- -- -- 33 50 -- -- b9 -- -- -- 77 -- -- 4a -- -- -- 

solutions so far:0 maxDepth:10 
iterations:27534901  skipped: 17 
Depth skipped: 
0 0 17 0 0 0 0 0 0 0 0 0 0 0 0 0 0 0 0 0 0 0 0 0 0 0 0 0 0 0 0 0 

running time: 3000 sec
 depth:7
 0  1  2  3  4  5  6  7  8  9  a  b  c  d  e  f 10 11 12 13 14 15 16 17 18 19 1a 1b 1c 1d 1e 1f 20 21 22 23 24 25 26 27 28 29 2a 2b 2c 2d 2e 2f 30 31 32 33 34 35 36 37 38 39 3a 3b 3c 3d 3e 3f 40 41 42 43 44 45 46 47 48 49 4a 4b 4c 4d 4e 4f 50 51 52 53 54 55 56 57 58 59 5a 5b 5c 5d 5e 5f 60 61 62 63 64 65 66 67 68 69 6a 6b 6c 6d 6e 6f 70 71 72 73 74 75 76 77 78 79 7a 7b 7c 7d 7e 7f 80 81 82 83 84 85 86 87 88 89 8a 8b 8c 8d 8e 8f 90 91 92 93 94 95 96 97 98 99 9a 9b 9c 9d 9e 9f a0 a1 a2 a3 a4 a5 a6 a7 a8 a9 aa ab ac ad ae af b0 b1 b2 b3 b4 b5 b6 b7 b8 b9 ba bb bc bd be bf c0 c1 c2 c3 c4 c5 c6 c7 c8 c9 ca cb cc cd ce cf d0 d1 d2 d3 d4 d5 d6 d7 d8 d9 da db dc dd de df e0 e1 e2 e3 e4 e5 e6 e7 e8 e9 ea eb ec ed ee ef f0 f1 f2 f3 f4 f5 f6 f7 f8 f9 fa fb fc fd fe ff 
 0  1  2 38  4 9d 70 e2  8 b3 ed 9b e0 86 13 8c 10 -- b1 88  d 1d e1 -- 17 8d db -- 26 -- cf -- 20 -- -- -- b5 -- c7 4f 1a -- 3a -- 15 -- -- c4 2e -- cd -- 61 -- -- -- 4c d7 -- -- 49 d5 -- 16 40 ab -- -- -- -- -- -- bd -- -- 99 59 ca 9e b9 34 -- -- -- 74 -- -- -- 2a a8 -- -- -- d9 5f -- 5c -- -- -- 4d -- -- c8 c2  7 -- 11 -- -- -- -- 98 -- 79 cb -- -- -- -- 92 d0 7d -- -- -- 2c -- 80 -- 81  b -- -- -- -- -- -- -- 62 -- -- -- cc ad -- -- -- -- 44 e5 -- b2 a6 43 46 eb 1c a5 71 68 -- -- -- -- 8e -- -- e8 e3 -- -- -- -- -- 64 54 -- 87 -- -- -- -- -- -- a7 65 b7 be -- -- -- b8 b0 -- -- -- -- -- -- 9a -- -- 32 -- -- 47 -- 53 23  e d3 -- -- 22 -- -- 31 -- 66 -- ee -- -- e7 -- -- -- f2 -- 41 -- -- -- -- -- -- -- -- -- f3 33 77 -- fa 82 -- -- -- 19 -- -- 58 -- -- -- 

solutions so far:0 maxDepth:10 
iterations:30439842  skipped: 17 
Depth skipped: 
0 0 17 0 0 0 0 0 0 0 0 0 0 0 0 0 0 0 0 0 0 0 0 0 0 0 0 0 0 0 0 0 

running time: 3300 sec
 depth:6
 0  1  2  3  4  5  6  7  8  9  a  b  c  d  e  f 10 11 12 13 14 15 16 17 18 19 1a 1b 1c 1d 1e 1f 20 21 22 23 24 25 26 27 28 29 2a 2b 2c 2d 2e 2f 30 31 32 33 34 35 36 37 38 39 3a 3b 3c 3d 3e 3f 40 41 42 43 44 45 46 47 48 49 4a 4b 4c 4d 4e 4f 50 51 52 53 54 55 56 57 58 59 5a 5b 5c 5d 5e 5f 60 61 62 63 64 65 66 67 68 69 6a 6b 6c 6d 6e 6f 70 71 72 73 74 75 76 77 78 79 7a 7b 7c 7d 7e 7f 80 81 82 83 84 85 86 87 88 89 8a 8b 8c 8d 8e 8f 90 91 92 93 94 95 96 97 98 99 9a 9b 9c 9d 9e 9f a0 a1 a2 a3 a4 a5 a6 a7 a8 a9 aa ab ac ad ae af b0 b1 b2 b3 b4 b5 b6 b7 b8 b9 ba bb bc bd be bf c0 c1 c2 c3 c4 c5 c6 c7 c8 c9 ca cb cc cd ce cf d0 d1 d2 d3 d4 d5 d6 d7 d8 d9 da db dc dd de df e0 e1 e2 e3 e4 e5 e6 e7 e8 e9 ea eb ec ed ee ef f0 f1 f2 f3 f4 f5 f6 f7 f8 f9 fa fb fc fd fe ff 
 0  1  2 38  4 97 70 54  8 f1 f9  9 e0 7c a8 -- 10 -- 35 c3 25 1d 12 -- 17 fe f8 -- 87 -- -- -- 20 -- -- -- 6a -- 51 4f 4a -- 3a -- 24 -- -- -- 2e -- 2b -- 27 -- -- -- d9 d7 -- -- -- -- -- e9 40 -- -- -- -- -- -- -- d4 -- -- 99 a2 1f 9e 50 94 -- -- -- 74 -- -- -- 48 f7 -- -- -- 72 -- -- 5c -- -- -- 56 -- -- 61 4e  7 -- c9 -- -- -- -- 65 -- 79 a6 -- -- -- -- -- 29 -- -- -- --  5 -- 80 -- -- 9f -- -- -- -- -- -- -- -- -- -- -- cc 7f -- -- -- -- 8a e5 -- 93 ef 3e -- eb 1c a0 2a ff -- -- -- -- 53 -- -- e8 8f -- -- -- -- -- db 90 -- 39 -- -- -- -- -- -- a7 e4 28 -- -- -- -- b8 14 -- -- -- -- -- -- ac -- -- 86 -- -- c2 -- 9c --  e 15 -- -- 45 -- -- -- -- 66 -- a4 -- -- ca -- -- -- f2 -- 9b -- -- -- -- -- -- -- -- -- -- 33 52 -- -- e1 -- -- -- 43 -- --  a -- -- -- 

solutions so far:0 maxDepth:10 
iterations:33044901  skipped: 17 
Depth skipped: 
0 0 17 0 0 0 0 0 0 0 0 0 0 0 0 0 0 0 0 0 0 0 0 0 0 0 0 0 0 0 0 0 

running time: 3600 sec
 depth:6
 0  1  2  3  4  5  6  7  8  9  a  b  c  d  e  f 10 11 12 13 14 15 16 17 18 19 1a 1b 1c 1d 1e 1f 20 21 22 23 24 25 26 27 28 29 2a 2b 2c 2d 2e 2f 30 31 32 33 34 35 36 37 38 39 3a 3b 3c 3d 3e 3f 40 41 42 43 44 45 46 47 48 49 4a 4b 4c 4d 4e 4f 50 51 52 53 54 55 56 57 58 59 5a 5b 5c 5d 5e 5f 60 61 62 63 64 65 66 67 68 69 6a 6b 6c 6d 6e 6f 70 71 72 73 74 75 76 77 78 79 7a 7b 7c 7d 7e 7f 80 81 82 83 84 85 86 87 88 89 8a 8b 8c 8d 8e 8f 90 91 92 93 94 95 96 97 98 99 9a 9b 9c 9d 9e 9f a0 a1 a2 a3 a4 a5 a6 a7 a8 a9 aa ab ac ad ae af b0 b1 b2 b3 b4 b5 b6 b7 b8 b9 ba bb bc bd be bf c0 c1 c2 c3 c4 c5 c6 c7 c8 c9 ca cb cc cd ce cf d0 d1 d2 d3 d4 d5 d6 d7 d8 d9 da db dc dd de df e0 e1 e2 e3 e4 e5 e6 e7 e8 e9 ea eb ec ed ee ef f0 f1 f2 f3 f4 f5 f6 f7 f8 f9 fa fb fc fd fe ff 
 0  1  2 38  4 85 70 ef  8 ec dd af e0 3f  9 -- 10 --  f 7b 6d 1d 89 -- 17 f0 7e -- 12 -- -- -- 20 -- -- -- 1e -- f6 4f da -- 3a -- c5 -- -- -- 2e -- 37 -- fc -- -- -- 24 d7 -- -- -- -- -- 95 40 -- -- -- -- -- -- -- 3c -- -- 99 3b 7a 9e bf 63 -- -- -- 74 -- -- -- 5d a3 -- -- -- f5 -- -- 5c -- -- -- 6e -- -- e4 2f  7 -- de -- -- -- -- 48 -- 79 7c -- -- -- -- -- 5b -- -- -- -- fd -- 80 -- -- a1 -- -- -- -- -- -- -- -- -- -- -- cc 78 -- -- -- -- d6 e5 -- 76 bc f4 -- eb 1c a9 9c c6 -- -- -- -- 3e -- -- e8 6f -- -- -- -- -- 72 ba -- 91 -- -- -- -- -- -- a7 3d b4 -- -- -- -- b8 5a -- -- -- -- -- -- dc -- -- 39 -- -- 1f -- 5e --  e 4e -- -- 6b -- -- -- -- 66 -- bb -- -- 90 -- -- -- f2 -- f8 -- -- -- -- -- -- -- -- -- -- 33 b6 -- -- 27 -- -- -- f7 -- -- 2d -- -- -- 

solutions so far:0 maxDepth:10 
iterations:36215779  skipped: 22 
Depth skipped: 
0 0 22 0 0 0 0 0 0 0 0 0 0 0 0 0 0 0 0 0 0 0 0 0 0 0 0 0 0 0 0 0 

running time: 3900 sec
 depth:7
 0  1  2  3  4  5  6  7  8  9  a  b  c  d  e  f 10 11 12 13 14 15 16 17 18 19 1a 1b 1c 1d 1e 1f 20 21 22 23 24 25 26 27 28 29 2a 2b 2c 2d 2e 2f 30 31 32 33 34 35 36 37 38 39 3a 3b 3c 3d 3e 3f 40 41 42 43 44 45 46 47 48 49 4a 4b 4c 4d 4e 4f 50 51 52 53 54 55 56 57 58 59 5a 5b 5c 5d 5e 5f 60 61 62 63 64 65 66 67 68 69 6a 6b 6c 6d 6e 6f 70 71 72 73 74 75 76 77 78 79 7a 7b 7c 7d 7e 7f 80 81 82 83 84 85 86 87 88 89 8a 8b 8c 8d 8e 8f 90 91 92 93 94 95 96 97 98 99 9a 9b 9c 9d 9e 9f a0 a1 a2 a3 a4 a5 a6 a7 a8 a9 aa ab ac ad ae af b0 b1 b2 b3 b4 b5 b6 b7 b8 b9 ba bb bc bd be bf c0 c1 c2 c3 c4 c5 c6 c7 c8 c9 ca cb cc cd ce cf d0 d1 d2 d3 d4 d5 d6 d7 d8 d9 da db dc dd de df e0 e1 e2 e3 e4 e5 e6 e7 e8 e9 ea eb ec ed ee ef f0 f1 f2 f3 f4 f5 f6 f7 f8 f9 fa fb fc fd fe ff 
 0  1  2 38  4 75 70 a8  8 96 ea 2f e0 3d 87 59 10 -- fb d8  3 1d 5e -- 17 df 7a -- d9 -- b2 -- 20 -- -- -- 21 -- 67 4f  6 -- 3a -- bc -- -- 8d 2e -- 69 -- f4 -- -- -- 65 d7 -- -- b3 11 -- ae 40 9a -- -- -- -- -- -- 42 -- -- 99 ce 91 9e 83  c -- -- -- 74 -- -- -- af c5 -- -- -- ba cd -- 5c -- -- -- d2 -- -- c2 3f  7 -- 1b -- -- -- -- ca -- 79 9b -- -- -- -- b1 30 22 -- -- -- 8b -- 80 -- e3 57 -- -- -- -- -- -- -- ad -- -- -- cc 84 -- -- -- -- 6c e5 -- 4b fc f5 c7 eb 1c d1 54 18 -- -- -- -- a6 -- -- e8 e6 -- -- -- -- -- 61 89 -- 5d -- -- -- -- -- -- a7 a3 aa 4d -- -- -- b8 55 -- -- -- -- -- -- 73 -- -- db -- -- 53 -- 7e 88  e 2a -- -- 36 -- -- bd -- 66 -- c0 -- -- 43 -- -- -- f2 -- e1 -- -- -- -- -- -- -- -- -- b5 33 60 -- 44 15 -- -- -- 86 -- -- c1 -- -- -- 

solutions so far:0 maxDepth:10 
iterations:41196799  skipped: 23 
Depth skipped: 
0 0 23 0 0 0 0 0 0 0 0 0 0 0 0 0 0 0 0 0 0 0 0 0 0 0 0 0 0 0 0 0 

running time: 4200 sec
 depth:7
 0  1  2  3  4  5  6  7  8  9  a  b  c  d  e  f 10 11 12 13 14 15 16 17 18 19 1a 1b 1c 1d 1e 1f 20 21 22 23 24 25 26 27 28 29 2a 2b 2c 2d 2e 2f 30 31 32 33 34 35 36 37 38 39 3a 3b 3c 3d 3e 3f 40 41 42 43 44 45 46 47 48 49 4a 4b 4c 4d 4e 4f 50 51 52 53 54 55 56 57 58 59 5a 5b 5c 5d 5e 5f 60 61 62 63 64 65 66 67 68 69 6a 6b 6c 6d 6e 6f 70 71 72 73 74 75 76 77 78 79 7a 7b 7c 7d 7e 7f 80 81 82 83 84 85 86 87 88 89 8a 8b 8c 8d 8e 8f 90 91 92 93 94 95 96 97 98 99 9a 9b 9c 9d 9e 9f a0 a1 a2 a3 a4 a5 a6 a7 a8 a9 aa ab ac ad ae af b0 b1 b2 b3 b4 b5 b6 b7 b8 b9 ba bb bc bd be bf c0 c1 c2 c3 c4 c5 c6 c7 c8 c9 ca cb cc cd ce cf d0 d1 d2 d3 d4 d5 d6 d7 d8 d9 da db dc dd de df e0 e1 e2 e3 e4 e5 e6 e7 e8 e9 ea eb ec ed ee ef f0 f1 f2 f3 f4 f5 f6 f7 f8 f9 fa fb fc fd fe ff 
 0  1  2 38  4 62 70 26  8 69 c4 53 e0 ca 4c 50 10 -- d2 21 5f 1d a6 -- 17 36 43 -- 98 -- a0 -- 20 -- -- -- 73 -- 42 4f be -- 3a -- 9b -- -- ff 2e -- 6c -- 86 -- -- -- e7 d7 -- -- 97 e9 -- 46 40 a4 -- -- -- -- -- -- e6 -- -- 99 84 d9 9e f3 ab -- -- -- 74 -- -- -- e1 2a -- -- -- a8 29 -- 5c -- -- -- d8 -- -- 8e db  7 -- 4b -- -- -- -- 19 -- 79 82 -- -- -- -- f9 d5  5 -- -- -- 8c -- 80 -- 9f 23 -- -- -- -- -- -- -- 94 -- -- -- cc 1b -- -- -- -- fb e5 -- df c2 65 28 eb 1c 31 13 81 -- -- -- -- 41 -- -- e8 ce -- -- -- -- -- 47 15 -- 54 -- -- -- -- -- -- a7 87 92 52 -- -- -- b8 49 -- -- -- -- -- -- 67 -- -- c8 -- -- cb -- 61 14  e e2 -- -- 96 -- -- 4a -- 66 -- fa -- -- 32 -- -- -- f2 -- d3 -- -- -- -- -- -- -- -- -- 25 33 7d --  a 71 -- -- -- 64 -- -- cf -- -- -- 

solutions so far:0 maxDepth:10 
iterations:45368255  skipped: 27 
Depth skipped: 
0 0 27 0 0 0 0 0 0 0 0 0 0 0 0 0 0 0 0 0 0 0 0 0 0 0 0 0 0 0 0 0 

running time: 4500 sec
 depth:7
 0  1  2  3  4  5  6  7  8  9  a  b  c  d  e  f 10 11 12 13 14 15 16 17 18 19 1a 1b 1c 1d 1e 1f 20 21 22 23 24 25 26 27 28 29 2a 2b 2c 2d 2e 2f 30 31 32 33 34 35 36 37 38 39 3a 3b 3c 3d 3e 3f 40 41 42 43 44 45 46 47 48 49 4a 4b 4c 4d 4e 4f 50 51 52 53 54 55 56 57 58 59 5a 5b 5c 5d 5e 5f 60 61 62 63 64 65 66 67 68 69 6a 6b 6c 6d 6e 6f 70 71 72 73 74 75 76 77 78 79 7a 7b 7c 7d 7e 7f 80 81 82 83 84 85 86 87 88 89 8a 8b 8c 8d 8e 8f 90 91 92 93 94 95 96 97 98 99 9a 9b 9c 9d 9e 9f a0 a1 a2 a3 a4 a5 a6 a7 a8 a9 aa ab ac ad ae af b0 b1 b2 b3 b4 b5 b6 b7 b8 b9 ba bb bc bd be bf c0 c1 c2 c3 c4 c5 c6 c7 c8 c9 ca cb cc cd ce cf d0 d1 d2 d3 d4 d5 d6 d7 d8 d9 da db dc dd de df e0 e1 e2 e3 e4 e5 e6 e7 e8 e9 ea eb ec ed ee ef f0 f1 f2 f3 f4 f5 f6 f7 f8 f9 fa fb fc fd fe ff 
 0  1  2 38  4 55 70 78  8 15 aa 11 e0 ad f0 28 10 -- 2a 53 83 1d 22 -- 17 d9 8d -- 37 -- 50 -- 20 -- -- -- 54 -- a6 4f d1 -- 3a -- 44 -- -- 94 2e -- 65 -- cd -- -- -- 6e d7 -- -- a0 9f -- 30 40 52 -- -- -- -- -- -- a8 -- -- 99 9b b5 9e 8b 75 -- -- -- 74 -- -- -- 88 59 -- -- -- b3 ff -- 5c -- -- -- ca -- -- 7b 4d  7 -- db -- -- -- -- dc -- 79 76 -- -- -- -- 97  3 e9 -- -- -- 60 -- 80 -- a4 18 -- -- -- -- -- -- -- 4a -- -- -- cc 87 -- -- -- -- c2 e5 -- e1 e3 bd 14 eb 1c c1 3c ea -- -- -- -- 3b -- -- e8 86 -- -- -- -- -- d6 c7 -- b2 -- -- -- -- -- -- a7 b1 ae 29 -- -- -- b8 57 -- -- -- -- -- -- 43 -- -- 6b -- -- f6 -- 9a  a  e 1e -- -- 61 -- -- 25 -- 66 --  c -- -- 6f -- -- -- f2 -- ec -- -- -- -- -- -- -- -- -- f9 33  6 --  5  f -- -- -- de -- -- c0 -- -- -- 

solutions so far:0 maxDepth:10 
iterations:50028682  skipped: 28 
Depth skipped: 
0 0 28 0 0 0 0 0 0 0 0 0 0 0 0 0 0 0 0 0 0 0 0 0 0 0 0 0 0 0 0 0 

running time: 4800 sec
 depth:6
 0  1  2  3  4  5  6  7  8  9  a  b  c  d  e  f 10 11 12 13 14 15 16 17 18 19 1a 1b 1c 1d 1e 1f 20 21 22 23 24 25 26 27 28 29 2a 2b 2c 2d 2e 2f 30 31 32 33 34 35 36 37 38 39 3a 3b 3c 3d 3e 3f 40 41 42 43 44 45 46 47 48 49 4a 4b 4c 4d 4e 4f 50 51 52 53 54 55 56 57 58 59 5a 5b 5c 5d 5e 5f 60 61 62 63 64 65 66 67 68 69 6a 6b 6c 6d 6e 6f 70 71 72 73 74 75 76 77 78 79 7a 7b 7c 7d 7e 7f 80 81 82 83 84 85 86 87 88 89 8a 8b 8c 8d 8e 8f 90 91 92 93 94 95 96 97 98 99 9a 9b 9c 9d 9e 9f a0 a1 a2 a3 a4 a5 a6 a7 a8 a9 aa ab ac ad ae af b0 b1 b2 b3 b4 b5 b6 b7 b8 b9 ba bb bc bd be bf c0 c1 c2 c3 c4 c5 c6 c7 c8 c9 ca cb cc cd ce cf d0 d1 d2 d3 d4 d5 d6 d7 d8 d9 da db dc dd de df e0 e1 e2 e3 e4 e5 e6 e7 e8 e9 ea eb ec ed ee ef f0 f1 f2 f3 f4 f5 f6 f7 f8 f9 fa fb fc fd fe ff 
 0  1  2 38  4 41 70 18  8 f0 82 36 e0 df 30 -- 10 -- 37  f d3 1d 6c -- 17 de 69 -- 60 -- -- -- 20 -- -- -- 6e -- 1e 4f 71 -- 3a -- d8 -- -- -- 2e -- 6b -- d2 -- -- -- c0 d7 -- -- -- -- -- 19 40 -- -- -- -- -- -- -- dc -- -- 99 3c 42 9e 8e e2 -- -- -- 74 -- -- -- 67 4b -- -- -- fb -- -- 5c -- -- -- d6 -- -- aa 73  7 -- 3b -- -- -- -- 57 -- 79 75 -- -- -- -- -- 26 -- -- -- -- 32 -- 80 -- -- e7 -- -- -- -- -- -- -- -- -- -- -- cc 6f -- -- -- -- ec e5 -- 78 1b 84 -- eb 1c cb  c 13 -- -- -- -- d1 -- -- e8 f6 -- -- -- -- -- 55 ce -- 96 -- -- -- -- -- -- a7 21 47 -- -- -- -- b8 c8 -- -- -- -- -- -- 7b -- -- c1 -- -- 83 -- e6 --  e  6 -- -- 76 -- -- -- -- 66 -- 98 -- -- ae -- -- -- f2 -- ea -- -- -- -- -- -- -- -- -- -- 33 4c -- --  3 -- -- -- 8b -- -- 64 -- -- -- 

solutions so far:0 maxDepth:10 
iterations:55428992  skipped: 31 
Depth skipped: 
0 0 31 0 0 0 0 0 0 0 0 0 0 0 0 0 0 0 0 0 0 0 0 0 0 0 0 0 0 0 0 0 

running time: 5100 sec
 depth:6
 0  1  2  3  4  5  6  7  8  9  a  b  c  d  e  f 10 11 12 13 14 15 16 17 18 19 1a 1b 1c 1d 1e 1f 20 21 22 23 24 25 26 27 28 29 2a 2b 2c 2d 2e 2f 30 31 32 33 34 35 36 37 38 39 3a 3b 3c 3d 3e 3f 40 41 42 43 44 45 46 47 48 49 4a 4b 4c 4d 4e 4f 50 51 52 53 54 55 56 57 58 59 5a 5b 5c 5d 5e 5f 60 61 62 63 64 65 66 67 68 69 6a 6b 6c 6d 6e 6f 70 71 72 73 74 75 76 77 78 79 7a 7b 7c 7d 7e 7f 80 81 82 83 84 85 86 87 88 89 8a 8b 8c 8d 8e 8f 90 91 92 93 94 95 96 97 98 99 9a 9b 9c 9d 9e 9f a0 a1 a2 a3 a4 a5 a6 a7 a8 a9 aa ab ac ad ae af b0 b1 b2 b3 b4 b5 b6 b7 b8 b9 ba bb bc bd be bf c0 c1 c2 c3 c4 c5 c6 c7 c8 c9 ca cb cc cd ce cf d0 d1 d2 d3 d4 d5 d6 d7 d8 d9 da db dc dd de df e0 e1 e2 e3 e4 e5 e6 e7 e8 e9 ea eb ec ed ee ef f0 f1 f2 f3 f4 f5 f6 f7 f8 f9 fa fb fc fd fe ff 
 0  1  2 38  4 2d 70 72  8 ec 5a 67 e0 73 e4 -- 10 --  f 7b b4 1d ce -- 17 f0 e6 -- 1f -- -- -- 20 -- -- -- 1e -- f6 4f bf -- 3a -- 4b -- -- -- 2e -- 37 -- 1b -- -- -- 3e d7 -- -- -- -- -- c6 40 -- -- -- -- -- -- -- 3c -- -- 99 3b 69 9e 95 a9 -- -- -- 74 -- -- -- 96 21 -- -- -- 84 -- -- 5c -- -- -- 6e -- -- ef 36  7 -- de -- -- -- -- 7c -- 79 24 -- -- -- -- -- dd -- -- -- -- 5b -- 80 -- -- 63 -- -- -- -- -- -- -- -- -- -- -- cc 78 -- -- -- -- d6 e5 -- 76 d8 d2 -- eb 1c fd 39 85 -- -- -- -- 12 -- -- e8 6f -- -- -- -- -- 9c fb -- 42 -- -- -- -- -- -- a7 df a1 -- -- -- -- b8 bb -- -- -- -- -- -- dc -- -- 4e -- --  9 -- 6c --  e f7 -- -- 6b -- -- -- -- 66 -- da -- -- f8 -- -- -- f2 -- 48 -- -- -- -- -- -- -- -- -- -- 33 6d -- -- 90 -- -- -- 27 -- -- b6 -- -- -- 

solutions so far:0 maxDepth:10 
iterations:60022992  skipped: 34 
Depth skipped: 
0 0 34 0 0 0 0 0 0 0 0 0 0 0 0 0 0 0 0 0 0 0 0 0 0 0 0 0 0 0 0 0 

running time: 5400 sec
 depth:6
 0  1  2  3  4  5  6  7  8  9  a  b  c  d  e  f 10 11 12 13 14 15 16 17 18 19 1a 1b 1c 1d 1e 1f 20 21 22 23 24 25 26 27 28 29 2a 2b 2c 2d 2e 2f 30 31 32 33 34 35 36 37 38 39 3a 3b 3c 3d 3e 3f 40 41 42 43 44 45 46 47 48 49 4a 4b 4c 4d 4e 4f 50 51 52 53 54 55 56 57 58 59 5a 5b 5c 5d 5e 5f 60 61 62 63 64 65 66 67 68 69 6a 6b 6c 6d 6e 6f 70 71 72 73 74 75 76 77 78 79 7a 7b 7c 7d 7e 7f 80 81 82 83 84 85 86 87 88 89 8a 8b 8c 8d 8e 8f 90 91 92 93 94 95 96 97 98 99 9a 9b 9c 9d 9e 9f a0 a1 a2 a3 a4 a5 a6 a7 a8 a9 aa ab ac ad ae af b0 b1 b2 b3 b4 b5 b6 b7 b8 b9 ba bb bc bd be bf c0 c1 c2 c3 c4 c5 c6 c7 c8 c9 ca cb cc cd ce cf d0 d1 d2 d3 d4 d5 d6 d7 d8 d9 da db dc dd de df e0 e1 e2 e3 e4 e5 e6 e7 e8 e9 ea eb ec ed ee ef f0 f1 f2 f3 f4 f5 f6 f7 f8 f9 fa fb fc fd fe ff 
 0  1  2 38  4 1f 70 3b  8 41 3e 8a e0 2b 76 -- 10 -- 82 c8 7c 1d c3 -- 17 13 56 -- ec -- -- -- 20 -- -- -- d3 -- 47 4f f8 -- 3a -- 51 -- -- -- 2e -- 26 -- ac -- -- --  f d7 -- -- -- -- -- 24 40 -- -- -- -- -- -- -- 71 -- -- 99 8e 7f 9e 72 27 -- -- -- 74 -- -- -- a2 f1 -- -- -- 6a -- -- 5c -- -- -- 4c -- -- 6e 8f  7 -- 19 -- -- -- -- 1e -- 79 de -- -- -- -- -- 9c -- -- -- -- 48 -- 80 -- -- 12 -- -- -- -- -- -- -- -- -- -- -- cc e2 -- -- -- -- 64 e5 -- cb 45 fe -- eb 1c e4 f6 4e -- -- -- -- 6f -- -- e8 e7 -- -- -- -- -- 37 93 -- 35 -- -- -- -- -- -- a7 d4 39 -- -- -- -- b8 f7 -- -- -- -- -- -- 98 -- -- f0 -- -- dc -- c9 --  e 7b -- -- 32 -- -- -- -- 66 --  9 -- -- 3c -- -- -- f2 -- 6b -- -- -- -- -- -- -- -- -- -- 33 ef -- -- d6 -- -- -- 78 -- -- 90 -- -- -- 

solutions so far:0 maxDepth:10 
iterations:65220589  skipped: 35 
Depth skipped: 
0 0 35 0 0 0 0 0 0 0 0 0 0 0 0 0 0 0 0 0 0 0 0 0 0 0 0 0 0 0 0 0 

running time: 5700 sec
 depth:6
 0  1  2  3  4  5  6  7  8  9  a  b  c  d  e  f 10 11 12 13 14 15 16 17 18 19 1a 1b 1c 1d 1e 1f 20 21 22 23 24 25 26 27 28 29 2a 2b 2c 2d 2e 2f 30 31 32 33 34 35 36 37 38 39 3a 3b 3c 3d 3e 3f 40 41 42 43 44 45 46 47 48 49 4a 4b 4c 4d 4e 4f 50 51 52 53 54 55 56 57 58 59 5a 5b 5c 5d 5e 5f 60 61 62 63 64 65 66 67 68 69 6a 6b 6c 6d 6e 6f 70 71 72 73 74 75 76 77 78 79 7a 7b 7c 7d 7e 7f 80 81 82 83 84 85 86 87 88 89 8a 8b 8c 8d 8e 8f 90 91 92 93 94 95 96 97 98 99 9a 9b 9c 9d 9e 9f a0 a1 a2 a3 a4 a5 a6 a7 a8 a9 aa ab ac ad ae af b0 b1 b2 b3 b4 b5 b6 b7 b8 b9 ba bb bc bd be bf c0 c1 c2 c3 c4 c5 c6 c7 c8 c9 ca cb cc cd ce cf d0 d1 d2 d3 d4 d5 d6 d7 d8 d9 da db dc dd de df e0 e1 e2 e3 e4 e5 e6 e7 e8 e9 ea eb ec ed ee ef f0 f1 f2 f3 f4 f5 f6 f7 f8 f9 fa fb fc fd fe ff 
 0  1  2 38  4  a 70 c4  8  f 14 7f e0 a2 5f -- 10 -- 1e f6 28 1d fe -- 17 37 93 -- be -- -- -- 20 -- -- -- 3c -- 3b 4f 50 -- 3a -- 2b -- -- -- 2e -- 6e -- f1 -- -- -- ab d7 -- -- -- -- -- ff 40 -- -- -- -- -- -- -- 78 -- -- 99 76 c3 9e e9 a0 -- -- -- 74 -- -- -- 56 8f -- -- -- 45 -- -- 5c -- -- -- dc -- -- 46 35  7 -- 6b -- -- -- -- 81 -- 79 49 -- -- -- -- -- f9 -- -- -- -- 29 -- 80 -- -- 94 -- -- -- -- -- -- -- -- -- -- -- cc f0 -- -- -- -- 7b e5 -- ec d4 51 -- eb 1c  5 62 97 -- -- -- -- cf -- -- e8 de -- -- -- -- -- 23 ac -- c9 -- -- -- -- -- -- a7 8a 9f -- -- -- -- b8 a4 -- -- -- -- -- -- 6f -- -- fa -- -- 8c -- 6a --  e 31 -- -- d6 -- -- -- -- 66 -- 4a -- -- d5 -- -- -- f2 -- 92 -- -- -- -- -- -- -- -- -- -- 33 25 -- -- f3 -- -- -- 7d -- -- 52 -- -- -- 

solutions so far:0 maxDepth:10 
iterations:70580580  skipped: 37 
Depth skipped: 
0 0 37 0 0 0 0 0 0 0 0 0 0 0 0 0 0 0 0 0 0 0 0 0 0 0 0 0 0 0 0 0 

running time: 6000 sec

Finished. Total running time: 6081 sec
