Search S-boxes invariant for matrices: 
{0x00,0x02,0x04,0x06,0x08,0x0a,0x0c,0x0e,0x10,0x12,0x14,0x16,0x18,0x1a,0x1c,0x1e,0x20,0x22,0x24,0x26,0x28,0x2a,0x2c,0x2e,0x30,0x32,0x34,0x36,0x38,0x3a,0x3c,0x3e,0x40,0x42,0x44,0x46,0x48,0x4a,0x4c,0x4e,0x50,0x52,0x54,0x56,0x58,0x5a,0x5c,0x5e,0x60,0x62,0x64,0x66,0x68,0x6a,0x6c,0x6e,0x70,0x72,0x74,0x76,0x78,0x7a,0x7c,0x7e,0x80,0x82,0x84,0x86,0x88,0x8a,0x8c,0x8e,0x90,0x92,0x94,0x96,0x98,0x9a,0x9c,0x9e,0xa0,0xa2,0xa4,0xa6,0xa8,0xaa,0xac,0xae,0xb0,0xb2,0xb4,0xb6,0xb8,0xba,0xbc,0xbe,0xc0,0xc2,0xc4,0xc6,0xc8,0xca,0xcc,0xce,0xd0,0xd2,0xd4,0xd6,0xd8,0xda,0xdc,0xde,0xe0,0xe2,0xe4,0xe6,0xe8,0xea,0xec,0xee,0xf0,0xf2,0xf4,0xf6,0xf8,0xfa,0xfc,0xfe,0x39,0x3b,0x3d,0x3f,0x31,0x33,0x35,0x37,0x29,0x2b,0x2d,0x2f,0x21,0x23,0x25,0x27,0x19,0x1b,0x1d,0x1f,0x11,0x13,0x15,0x17,0x09,0x0b,0x0d,0x0f,0x01,0x03,0x05,0x07,0x79,0x7b,0x7d,0x7f,0x71,0x73,0x75,0x77,0x69,0x6b,0x6d,0x6f,0x61,0x63,0x65,0x67,0x59,0x5b,0x5d,0x5f,0x51,0x53,0x55,0x57,0x49,0x4b,0x4d,0x4f,0x41,0x43,0x45,0x47,0xb9,0xbb,0xbd,0xbf,0xb1,0xb3,0xb5,0xb7,0xa9,0xab,0xad,0xaf,0xa1,0xa3,0xa5,0xa7,0x99,0x9b,0x9d,0x9f,0x91,0x93,0x95,0x97,0x89,0x8b,0x8d,0x8f,0x81,0x83,0x85,0x87,0xf9,0xfb,0xfd,0xff,0xf1,0xf3,0xf5,0xf7,0xe9,0xeb,0xed,0xef,0xe1,0xe3,0xe5,0xe7,0xd9,0xdb,0xdd,0xdf,0xd1,0xd3,0xd5,0xd7,0xc9,0xcb,0xcd,0xcf,0xc1,0xc3,0xc5,0xc7};
{0x00,0x02,0x04,0x06,0x08,0x0a,0x0c,0x0e,0x10,0x12,0x14,0x16,0x18,0x1a,0x1c,0x1e,0x20,0x22,0x24,0x26,0x28,0x2a,0x2c,0x2e,0x30,0x32,0x34,0x36,0x38,0x3a,0x3c,0x3e,0x40,0x42,0x44,0x46,0x48,0x4a,0x4c,0x4e,0x50,0x52,0x54,0x56,0x58,0x5a,0x5c,0x5e,0x60,0x62,0x64,0x66,0x68,0x6a,0x6c,0x6e,0x70,0x72,0x74,0x76,0x78,0x7a,0x7c,0x7e,0x80,0x82,0x84,0x86,0x88,0x8a,0x8c,0x8e,0x90,0x92,0x94,0x96,0x98,0x9a,0x9c,0x9e,0xa0,0xa2,0xa4,0xa6,0xa8,0xaa,0xac,0xae,0xb0,0xb2,0xb4,0xb6,0xb8,0xba,0xbc,0xbe,0xc0,0xc2,0xc4,0xc6,0xc8,0xca,0xcc,0xce,0xd0,0xd2,0xd4,0xd6,0xd8,0xda,0xdc,0xde,0xe0,0xe2,0xe4,0xe6,0xe8,0xea,0xec,0xee,0xf0,0xf2,0xf4,0xf6,0xf8,0xfa,0xfc,0xfe,0xd7,0xd5,0xd3,0xd1,0xdf,0xdd,0xdb,0xd9,0xc7,0xc5,0xc3,0xc1,0xcf,0xcd,0xcb,0xc9,0xf7,0xf5,0xf3,0xf1,0xff,0xfd,0xfb,0xf9,0xe7,0xe5,0xe3,0xe1,0xef,0xed,0xeb,0xe9,0x97,0x95,0x93,0x91,0x9f,0x9d,0x9b,0x99,0x87,0x85,0x83,0x81,0x8f,0x8d,0x8b,0x89,0xb7,0xb5,0xb3,0xb1,0xbf,0xbd,0xbb,0xb9,0xa7,0xa5,0xa3,0xa1,0xaf,0xad,0xab,0xa9,0x57,0x55,0x53,0x51,0x5f,0x5d,0x5b,0x59,0x47,0x45,0x43,0x41,0x4f,0x4d,0x4b,0x49,0x77,0x75,0x73,0x71,0x7f,0x7d,0x7b,0x79,0x67,0x65,0x63,0x61,0x6f,0x6d,0x6b,0x69,0x17,0x15,0x13,0x11,0x1f,0x1d,0x1b,0x19,0x07,0x05,0x03,0x01,0x0f,0x0d,0x0b,0x09,0x37,0x35,0x33,0x31,0x3f,0x3d,0x3b,0x39,0x27,0x25,0x23,0x21,0x2f,0x2d,0x2b,0x29};



 depth:7
 0  1  2  3  4  5  6  7  8  9  a  b  c  d  e  f 10 11 12 13 14 15 16 17 18 19 1a 1b 1c 1d 1e 1f 20 21 22 23 24 25 26 27 28 29 2a 2b 2c 2d 2e 2f 30 31 32 33 34 35 36 37 38 39 3a 3b 3c 3d 3e 3f 40 41 42 43 44 45 46 47 48 49 4a 4b 4c 4d 4e 4f 50 51 52 53 54 55 56 57 58 59 5a 5b 5c 5d 5e 5f 60 61 62 63 64 65 66 67 68 69 6a 6b 6c 6d 6e 6f 70 71 72 73 74 75 76 77 78 79 7a 7b 7c 7d 7e 7f 80 81 82 83 84 85 86 87 88 89 8a 8b 8c 8d 8e 8f 90 91 92 93 94 95 96 97 98 99 9a 9b 9c 9d 9e 9f a0 a1 a2 a3 a4 a5 a6 a7 a8 a9 aa ab ac ad ae af b0 b1 b2 b3 b4 b5 b6 b7 b8 b9 ba bb bc bd be bf c0 c1 c2 c3 c4 c5 c6 c7 c8 c9 ca cb cc cd ce cf d0 d1 d2 d3 d4 d5 d6 d7 d8 d9 da db dc dd de df e0 e1 e2 e3 e4 e5 e6 e7 e8 e9 ea eb ec ed ee ef f0 f1 f2 f3 f4 f5 f6 f7 f8 f9 fa fb fc fd fe ff 
 0  1  2 3c  4 f4 78 9b  8 a1 3f  5 f0 ff e1 84 10 -- 95 c6 7e 7b  a -- 37 b4 29 -- 15 -- df -- 20 -- -- -- fd -- 5b 4f fc -- f6 -- 14 -- -- 36 6e -- bf -- 52 -- -- -- 2a d7 -- -- 69 4b -- 5d 40 67 -- -- -- -- -- -- 2d -- -- 6b b6 4a 9e 3d 2f -- -- -- 3b -- -- -- 28 a0 -- -- -- f9 6c -- dc -- -- -- a9 -- -- ca a4 ec -- 6d -- -- -- -- 54 -- 79 db -- -- -- -- d2 bc 96 -- -- -- ba -- 80 -- ce c5 -- -- -- -- -- -- -- 1b -- -- -- cc 5a -- -- -- -- 63 d6 -- bb e9 94 42 eb 1e 7a a6 5e -- -- -- -- 86 -- -- 76 dd -- -- -- -- -- 65 50 -- 97 -- -- -- -- -- -- de 25 f5 d8 -- -- -- 6f 91 -- -- -- -- -- -- 85 -- -- d9 -- -- 43 -- 9f 21  f 53 -- -- da -- -- e6 -- 66 -- 89 -- -- a8 -- -- -- f2 -- 61 -- -- -- -- -- -- -- -- -- 73 33 af -- fb c2 -- -- -- 87 -- -- a3 -- -- -- 

solutions so far:0 maxDepth:9 
iterations:2707749  skipped: 2 
Depth skipped: 
0 0 2 0 0 0 0 0 0 0 0 0 0 0 0 0 0 0 0 0 0 0 0 0 0 0 0 0 0 0 0 0 

running time: 300 sec
 depth:6
 0  1  2  3  4  5  6  7  8  9  a  b  c  d  e  f 10 11 12 13 14 15 16 17 18 19 1a 1b 1c 1d 1e 1f 20 21 22 23 24 25 26 27 28 29 2a 2b 2c 2d 2e 2f 30 31 32 33 34 35 36 37 38 39 3a 3b 3c 3d 3e 3f 40 41 42 43 44 45 46 47 48 49 4a 4b 4c 4d 4e 4f 50 51 52 53 54 55 56 57 58 59 5a 5b 5c 5d 5e 5f 60 61 62 63 64 65 66 67 68 69 6a 6b 6c 6d 6e 6f 70 71 72 73 74 75 76 77 78 79 7a 7b 7c 7d 7e 7f 80 81 82 83 84 85 86 87 88 89 8a 8b 8c 8d 8e 8f 90 91 92 93 94 95 96 97 98 99 9a 9b 9c 9d 9e 9f a0 a1 a2 a3 a4 a5 a6 a7 a8 a9 aa ab ac ad ae af b0 b1 b2 b3 b4 b5 b6 b7 b8 b9 ba bb bc bd be bf c0 c1 c2 c3 c4 c5 c6 c7 c8 c9 ca cb cc cd ce cf d0 d1 d2 d3 d4 d5 d6 d7 d8 d9 da db dc dd de df e0 e1 e2 e3 e4 e5 e6 e7 e8 e9 ea eb ec ed ee ef f0 f1 f2 f3 f4 f5 f6 f7 f8 f9 fa fb fc fd fe ff 
 0  1  2 3c  4 ea 78 29  8 fa  3 11 f0 ad 52 -- 10 -- 23 ab  6 7b 22 -- 37 49 8d -- a4 -- -- -- 20 -- -- -- 46 -- 81 4f  c -- f6 -- 44 -- -- -- 6e -- 92 -- cd -- -- -- 9f d7 -- -- -- -- -- 8b 40 -- -- -- -- -- -- -- 8c -- -- 6b d5 b5 9e d1 18 -- -- -- 3b -- -- -- 88 59 -- -- -- b3 -- -- dc -- -- -- f3 -- -- 50 4d ec -- c4 -- -- -- -- e9 -- 79 f9 -- -- -- -- -- 60 -- -- -- -- c1 -- 80 -- -- ae -- -- -- -- -- -- -- -- -- -- -- cc cf -- -- -- -- be d6 -- 7d e3 bd -- eb 1e 75 ff 30 -- -- -- -- 97 -- -- 76 62 -- -- -- -- -- 28 c7 -- b2 -- -- -- -- -- -- de b1 83 -- -- -- -- 6f aa -- -- -- -- -- -- 31 -- -- 14 -- -- a0 -- 9a --  f 94 -- -- 5f -- -- -- -- 66 -- 57 -- --  5 -- -- -- f2 -- 25 -- -- -- -- -- -- -- -- -- -- 33 c0 -- -- 4a -- -- --  a -- -- 55 -- -- -- 

solutions so far:0 maxDepth:9 
iterations:4950344  skipped: 3 
Depth skipped: 
0 0 3 0 0 0 0 0 0 0 0 0 0 0 0 0 0 0 0 0 0 0 0 0 0 0 0 0 0 0 0 0 

running time: 600 sec
 depth:7
 0  1  2  3  4  5  6  7  8  9  a  b  c  d  e  f 10 11 12 13 14 15 16 17 18 19 1a 1b 1c 1d 1e 1f 20 21 22 23 24 25 26 27 28 29 2a 2b 2c 2d 2e 2f 30 31 32 33 34 35 36 37 38 39 3a 3b 3c 3d 3e 3f 40 41 42 43 44 45 46 47 48 49 4a 4b 4c 4d 4e 4f 50 51 52 53 54 55 56 57 58 59 5a 5b 5c 5d 5e 5f 60 61 62 63 64 65 66 67 68 69 6a 6b 6c 6d 6e 6f 70 71 72 73 74 75 76 77 78 79 7a 7b 7c 7d 7e 7f 80 81 82 83 84 85 86 87 88 89 8a 8b 8c 8d 8e 8f 90 91 92 93 94 95 96 97 98 99 9a 9b 9c 9d 9e 9f a0 a1 a2 a3 a4 a5 a6 a7 a8 a9 aa ab ac ad ae af b0 b1 b2 b3 b4 b5 b6 b7 b8 b9 ba bb bc bd be bf c0 c1 c2 c3 c4 c5 c6 c7 c8 c9 ca cb cc cd ce cf d0 d1 d2 d3 d4 d5 d6 d7 d8 d9 da db dc dd de df e0 e1 e2 e3 e4 e5 e6 e7 e8 e9 ea eb ec ed ee ef f0 f1 f2 f3 f4 f5 f6 f7 f8 f9 fa fb fc fd fe ff 
 0  1  2 3c  4 e4 78 30  8 1a 1f df f0 4b 60 ac 10 -- 34 a5 3e 7b 69 -- 37 ee 96 -- c0 -- 8f -- 20 -- -- -- 68 -- 9d 4f 7c -- f6 -- d2 -- -- a2 6e --  b -- fb -- -- -- 57 d7 -- -- c9 d4 -- 12 40 35 -- -- -- -- -- -- d0 -- -- 6b ed 67 9e 39 f8 -- -- -- 3b -- -- -- 73 1b -- -- -- 6c 93 -- dc -- -- -- 16 -- -- 83 21 ec -- b0 -- -- -- -- ae -- 79 ea -- -- -- -- 45 4e 7f -- -- -- 24 -- 80 -- 6a  9 -- -- -- -- -- -- -- 51 -- -- -- cc 77 -- -- -- -- b9 d6 --  d 84 ce 56 eb 1e 72 18 27 -- -- -- -- 75 -- -- 76 58 -- -- -- -- -- aa e6 -- 36 -- -- -- -- -- -- de d8 f7 f1 -- -- -- 6f 90 -- -- -- -- -- -- 2c -- -- 55 -- -- d1 -- 42 2b  f  c -- -- b7 -- -- c3 -- 66 -- ef -- -- 8b -- -- -- f2 --  3 -- -- -- -- -- -- -- -- -- 8a 33 9c -- fe  6 -- -- -- c1 -- -- 48 -- -- -- 

solutions so far:0 maxDepth:9 
iterations:7333789  skipped: 4 
Depth skipped: 
0 0 4 0 0 0 0 0 0 0 0 0 0 0 0 0 0 0 0 0 0 0 0 0 0 0 0 0 0 0 0 0 

running time: 900 sec
 depth:7
 0  1  2  3  4  5  6  7  8  9  a  b  c  d  e  f 10 11 12 13 14 15 16 17 18 19 1a 1b 1c 1d 1e 1f 20 21 22 23 24 25 26 27 28 29 2a 2b 2c 2d 2e 2f 30 31 32 33 34 35 36 37 38 39 3a 3b 3c 3d 3e 3f 40 41 42 43 44 45 46 47 48 49 4a 4b 4c 4d 4e 4f 50 51 52 53 54 55 56 57 58 59 5a 5b 5c 5d 5e 5f 60 61 62 63 64 65 66 67 68 69 6a 6b 6c 6d 6e 6f 70 71 72 73 74 75 76 77 78 79 7a 7b 7c 7d 7e 7f 80 81 82 83 84 85 86 87 88 89 8a 8b 8c 8d 8e 8f 90 91 92 93 94 95 96 97 98 99 9a 9b 9c 9d 9e 9f a0 a1 a2 a3 a4 a5 a6 a7 a8 a9 aa ab ac ad ae af b0 b1 b2 b3 b4 b5 b6 b7 b8 b9 ba bb bc bd be bf c0 c1 c2 c3 c4 c5 c6 c7 c8 c9 ca cb cc cd ce cf d0 d1 d2 d3 d4 d5 d6 d7 d8 d9 da db dc dd de df e0 e1 e2 e3 e4 e5 e6 e7 e8 e9 ea eb ec ed ee ef f0 f1 f2 f3 f4 f5 f6 f7 f8 f9 fa fb fc fd fe ff 
 0  1  2 3c  4 dd 78 af  8 f7 6d c2 f0 65 89 1a 10 -- 39 12 da 7b 53 -- 37 3e ca -- c5 -- 34 -- 20 -- -- -- 72 -- 24 4f 63 -- f6 -- a6 -- -- 16 6e -- 7c -- 43 -- -- -- 5d d7 -- -- 68 b9 -- fd 40 b0 -- -- -- -- -- -- e4 -- -- 6b 48 87 9e a9 c6 -- -- -- 3b -- -- -- 9b 15 -- -- -- 54 2c -- dc -- -- -- f8 -- -- 7a 86 ec -- 9c -- -- -- -- ba -- 79 7e -- -- -- -- d0 b6 a5 -- -- -- 2d -- 80 -- b7 95 -- -- -- -- -- -- --  b -- -- -- cc 1f -- -- -- --  9 d6 -- 90 61 d9  d eb 1e 85 bc 5b -- -- -- -- 3f -- -- 76 4e -- -- -- -- -- 3d e1 -- 2a -- -- -- -- -- -- de a8 bf 58 -- -- -- 6f b4 -- -- -- -- -- -- 27 -- -- f5 -- -- f4 -- db ed  f 5e -- -- ef -- -- ee -- 66 -- a1 -- -- a3 -- -- -- f2 -- fc -- -- -- -- -- -- -- -- -- 77 33 bb -- 9d 2f -- -- -- 91 -- -- 5a -- -- -- 

solutions so far:0 maxDepth:9 
iterations:9587620  skipped: 5 
Depth skipped: 
0 0 5 0 0 0 0 0 0 0 0 0 0 0 0 0 0 0 0 0 0 0 0 0 0 0 0 0 0 0 0 0 

running time: 1200 sec
 depth:7
 0  1  2  3  4  5  6  7  8  9  a  b  c  d  e  f 10 11 12 13 14 15 16 17 18 19 1a 1b 1c 1d 1e 1f 20 21 22 23 24 25 26 27 28 29 2a 2b 2c 2d 2e 2f 30 31 32 33 34 35 36 37 38 39 3a 3b 3c 3d 3e 3f 40 41 42 43 44 45 46 47 48 49 4a 4b 4c 4d 4e 4f 50 51 52 53 54 55 56 57 58 59 5a 5b 5c 5d 5e 5f 60 61 62 63 64 65 66 67 68 69 6a 6b 6c 6d 6e 6f 70 71 72 73 74 75 76 77 78 79 7a 7b 7c 7d 7e 7f 80 81 82 83 84 85 86 87 88 89 8a 8b 8c 8d 8e 8f 90 91 92 93 94 95 96 97 98 99 9a 9b 9c 9d 9e 9f a0 a1 a2 a3 a4 a5 a6 a7 a8 a9 aa ab ac ad ae af b0 b1 b2 b3 b4 b5 b6 b7 b8 b9 ba bb bc bd be bf c0 c1 c2 c3 c4 c5 c6 c7 c8 c9 ca cb cc cd ce cf d0 d1 d2 d3 d4 d5 d6 d7 d8 d9 da db dc dd de df e0 e1 e2 e3 e4 e5 e6 e7 e8 e9 ea eb ec ed ee ef f0 f1 f2 f3 f4 f5 f6 f7 f8 f9 fa fb fc fd fe ff 
 0  1  2 3c  4 d5 78 5b  8 1a 7d c9 f0 7f b6 5c 10 -- 34 a5 fa 7b 45 -- 37 ee fe -- bb -- b8 -- 20 -- -- -- 68 -- 9d 4f 23 -- f6 -- 8a -- -- 74 6e --  b -- 2b -- -- -- a1 d7 -- -- a7 38 -- 31 40  e -- -- -- -- -- -- d0 -- -- 6b ed 6a 9e ab 46 -- -- -- 3b -- -- -- c3 a2 -- -- -- f1 e8 -- dc -- -- -- 16 -- -- bf 56 ec -- b0 -- -- -- -- 95 -- 79 dd -- -- -- -- 99 cf 70 -- -- -- 62 -- 80 -- 1c f3 -- -- -- -- -- -- -- 3a -- -- -- cc 77 -- -- -- -- b9 d6 --  d 8f d4 2e eb 1e 81 c6 8c -- -- -- -- 85 -- -- 76 58 -- -- -- -- -- b4 51 -- 93 -- -- -- -- -- -- de 35 be  7 -- -- -- 6f 5f -- -- -- -- -- -- 2c -- -- 5a -- -- a9 -- ac 17  f 63 -- -- b7 -- -- 1d -- 66 -- 92 -- -- fd -- -- -- f2 -- 6d -- -- -- -- -- -- -- -- -- e5 33 49 -- e0 da -- -- -- 2d -- -- c4 -- -- -- 

solutions so far:0 maxDepth:9 
iterations:11705871  skipped: 6 
Depth skipped: 
0 0 6 0 0 0 0 0 0 0 0 0 0 0 0 0 0 0 0 0 0 0 0 0 0 0 0 0 0 0 0 0 

running time: 1500 sec
 depth:7
 0  1  2  3  4  5  6  7  8  9  a  b  c  d  e  f 10 11 12 13 14 15 16 17 18 19 1a 1b 1c 1d 1e 1f 20 21 22 23 24 25 26 27 28 29 2a 2b 2c 2d 2e 2f 30 31 32 33 34 35 36 37 38 39 3a 3b 3c 3d 3e 3f 40 41 42 43 44 45 46 47 48 49 4a 4b 4c 4d 4e 4f 50 51 52 53 54 55 56 57 58 59 5a 5b 5c 5d 5e 5f 60 61 62 63 64 65 66 67 68 69 6a 6b 6c 6d 6e 6f 70 71 72 73 74 75 76 77 78 79 7a 7b 7c 7d 7e 7f 80 81 82 83 84 85 86 87 88 89 8a 8b 8c 8d 8e 8f 90 91 92 93 94 95 96 97 98 99 9a 9b 9c 9d 9e 9f a0 a1 a2 a3 a4 a5 a6 a7 a8 a9 aa ab ac ad ae af b0 b1 b2 b3 b4 b5 b6 b7 b8 b9 ba bb bc bd be bf c0 c1 c2 c3 c4 c5 c6 c7 c8 c9 ca cb cc cd ce cf d0 d1 d2 d3 d4 d5 d6 d7 d8 d9 da db dc dd de df e0 e1 e2 e3 e4 e5 e6 e7 e8 e9 ea eb ec ed ee ef f0 f1 f2 f3 f4 f5 f6 f7 f8 f9 fa fb fc fd fe ff 
 0  1  2 3c  4 ce 78 b4  8 4d 4b f4 f0 ba bf 49 10 -- 9a bd 96 7b 3f -- 37 44 a3 -- a9 -- 92 -- 20 -- -- -- e3 -- ad 4f fb -- f6 -- 7e -- -- be 6e -- 88 -- 91 -- -- -- 85 d7 -- -- f3 fa -- 73 40 d5 -- -- -- -- -- -- 11 -- -- 6b 8d c5 9e d8 21 -- -- -- 3b -- -- -- fc 5e -- -- -- af ab -- dc -- -- -- c7 -- -- 5b f5 ec -- b3 -- -- -- -- dd -- 79 a1 -- -- -- -- 31 84 23 -- -- -- e6 -- 80 -- 7d d2 -- -- -- -- -- -- -- 5f -- -- -- cc 22 -- -- -- -- b5 d6 -- cd 7a 5d cf eb 1e 67 5a 42 -- -- -- -- bb -- -- 76 b2 -- -- -- -- -- c6 2f -- bc -- -- -- -- -- -- de 89 6c 81 -- -- -- 6f 36 -- -- -- -- -- -- 59 -- -- 63 -- -- b6 -- 3d 8c  f 2d -- -- b1 -- -- c4 -- 66 -- 69 -- -- 6d -- -- -- f2 -- 95 -- -- -- -- -- -- -- -- -- 62 33 df -- 46 fd -- -- -- da -- -- 1b -- -- -- 

solutions so far:0 maxDepth:10 
iterations:14473338  skipped: 6 
Depth skipped: 
0 0 6 0 0 0 0 0 0 0 0 0 0 0 0 0 0 0 0 0 0 0 0 0 0 0 0 0 0 0 0 0 

running time: 1800 sec
 depth:7
 0  1  2  3  4  5  6  7  8  9  a  b  c  d  e  f 10 11 12 13 14 15 16 17 18 19 1a 1b 1c 1d 1e 1f 20 21 22 23 24 25 26 27 28 29 2a 2b 2c 2d 2e 2f 30 31 32 33 34 35 36 37 38 39 3a 3b 3c 3d 3e 3f 40 41 42 43 44 45 46 47 48 49 4a 4b 4c 4d 4e 4f 50 51 52 53 54 55 56 57 58 59 5a 5b 5c 5d 5e 5f 60 61 62 63 64 65 66 67 68 69 6a 6b 6c 6d 6e 6f 70 71 72 73 74 75 76 77 78 79 7a 7b 7c 7d 7e 7f 80 81 82 83 84 85 86 87 88 89 8a 8b 8c 8d 8e 8f 90 91 92 93 94 95 96 97 98 99 9a 9b 9c 9d 9e 9f a0 a1 a2 a3 a4 a5 a6 a7 a8 a9 aa ab ac ad ae af b0 b1 b2 b3 b4 b5 b6 b7 b8 b9 ba bb bc bd be bf c0 c1 c2 c3 c4 c5 c6 c7 c8 c9 ca cb cc cd ce cf d0 d1 d2 d3 d4 d5 d6 d7 d8 d9 da db dc dd de df e0 e1 e2 e3 e4 e5 e6 e7 e8 e9 ea eb ec ed ee ef f0 f1 f2 f3 f4 f5 f6 f7 f8 f9 fa fb fc fd fe ff 
 0  1  2 3c  4 c2 78 35  8 d0 53 67 f0 73 6a b4 10 -- 77  d a6 7b ce -- 37 2c e6 -- d4 -- bf -- 20 -- -- -- ee -- 1a 4f 9b -- f6 -- 4b -- -- 63 6e -- 58 -- 1b -- -- -- 7f d7 -- -- a9 a1 -- d9 40 b6 -- -- -- -- -- --  b -- -- 6b 34 69 9e db e1 -- -- -- 3b -- -- -- 96 21 -- -- -- 84 c6 -- dc -- -- -- b0 -- -- c9 36 ec -- a5 -- -- -- -- fe -- 79 c3 -- -- -- -- 85 2a 95 -- -- -- 65 -- 80 -- bb 87 -- -- -- -- -- -- -- da -- -- -- cc 16 -- -- -- -- ed d6 -- 68 d8 d2 5a eb 1e 61 f1 15 -- -- -- -- 8a -- -- 76 b9 -- -- -- -- -- 8f fb -- 42 -- -- -- -- -- -- de df 86 5b -- -- -- 6f 43 -- -- -- -- -- -- b7 -- -- ac -- -- 45 -- 6c 2d  f 93 -- -- 9d -- -- 6d -- 66 -- a8 -- -- 2b -- -- -- f2 -- 51 -- -- -- -- -- -- -- -- -- dd 33 54 -- fd a2 -- -- -- 56 -- -- ca -- -- -- 

solutions so far:0 maxDepth:10 
iterations:17588800  skipped: 7 
Depth skipped: 
0 0 7 0 0 0 0 0 0 0 0 0 0 0 0 0 0 0 0 0 0 0 0 0 0 0 0 0 0 0 0 0 

running time: 2100 sec
 depth:7
 0  1  2  3  4  5  6  7  8  9  a  b  c  d  e  f 10 11 12 13 14 15 16 17 18 19 1a 1b 1c 1d 1e 1f 20 21 22 23 24 25 26 27 28 29 2a 2b 2c 2d 2e 2f 30 31 32 33 34 35 36 37 38 39 3a 3b 3c 3d 3e 3f 40 41 42 43 44 45 46 47 48 49 4a 4b 4c 4d 4e 4f 50 51 52 53 54 55 56 57 58 59 5a 5b 5c 5d 5e 5f 60 61 62 63 64 65 66 67 68 69 6a 6b 6c 6d 6e 6f 70 71 72 73 74 75 76 77 78 79 7a 7b 7c 7d 7e 7f 80 81 82 83 84 85 86 87 88 89 8a 8b 8c 8d 8e 8f 90 91 92 93 94 95 96 97 98 99 9a 9b 9c 9d 9e 9f a0 a1 a2 a3 a4 a5 a6 a7 a8 a9 aa ab ac ad ae af b0 b1 b2 b3 b4 b5 b6 b7 b8 b9 ba bb bc bd be bf c0 c1 c2 c3 c4 c5 c6 c7 c8 c9 ca cb cc cd ce cf d0 d1 d2 d3 d4 d5 d6 d7 d8 d9 da db dc dd de df e0 e1 e2 e3 e4 e5 e6 e7 e8 e9 ea eb ec ed ee ef f0 f1 f2 f3 f4 f5 f6 f7 f8 f9 fa fb fc fd fe ff 
 0  1  2 3c  4 b6 78 2f  8 aa bb b7 f0 ee 5e 13 10 -- 83 ae a1 7b b9 -- 37  3  b -- bc -- 26 -- 20 -- -- -- d1 -- 8b 4f 95 -- f6 -- a5 -- -- 64 6e --  6 -- 16 -- -- -- af d7 -- -- 4c 41 -- 85 40 8e -- -- -- -- -- -- 75 -- -- 6b c1 d0 9e c6 fd -- -- -- 3b -- -- -- 9d  d -- -- -- 34 c8 -- dc -- -- --  c -- -- 91 2c ec -- 60 -- -- -- -- 89 -- 79 7a -- -- -- -- 98 5a 82 -- -- -- dd -- 80 -- cb a9 -- -- -- -- -- -- -- 32 -- -- -- cc ea -- -- -- -- 57 d6 -- 55 b0 77 e2 eb 1e 5b fc 2d -- -- -- -- 3d -- -- 76 30 -- -- -- -- -- a3 ed -- 1a -- -- -- -- -- -- de 68 63 47 -- -- -- 6f da -- -- -- -- -- -- 18 -- -- ba -- -- f5 -- 58 71  f 7e -- -- c0 -- -- 19 -- 66 -- bf -- -- c5 -- -- -- f2 -- f4 -- -- -- -- -- -- -- -- -- e7 33 b4 -- d3 3f -- -- -- 5d -- -- 6d -- -- -- 

solutions so far:0 maxDepth:10 
iterations:21374177  skipped: 9 
Depth skipped: 
0 0 9 0 0 0 0 0 0 0 0 0 0 0 0 0 0 0 0 0 0 0 0 0 0 0 0 0 0 0 0 0 

running time: 2400 sec
 depth:7
 0  1  2  3  4  5  6  7  8  9  a  b  c  d  e  f 10 11 12 13 14 15 16 17 18 19 1a 1b 1c 1d 1e 1f 20 21 22 23 24 25 26 27 28 29 2a 2b 2c 2d 2e 2f 30 31 32 33 34 35 36 37 38 39 3a 3b 3c 3d 3e 3f 40 41 42 43 44 45 46 47 48 49 4a 4b 4c 4d 4e 4f 50 51 52 53 54 55 56 57 58 59 5a 5b 5c 5d 5e 5f 60 61 62 63 64 65 66 67 68 69 6a 6b 6c 6d 6e 6f 70 71 72 73 74 75 76 77 78 79 7a 7b 7c 7d 7e 7f 80 81 82 83 84 85 86 87 88 89 8a 8b 8c 8d 8e 8f 90 91 92 93 94 95 96 97 98 99 9a 9b 9c 9d 9e 9f a0 a1 a2 a3 a4 a5 a6 a7 a8 a9 aa ab ac ad ae af b0 b1 b2 b3 b4 b5 b6 b7 b8 b9 ba bb bc bd be bf c0 c1 c2 c3 c4 c5 c6 c7 c8 c9 ca cb cc cd ce cf d0 d1 d2 d3 d4 d5 d6 d7 d8 d9 da db dc dd de df e0 e1 e2 e3 e4 e5 e6 e7 e8 e9 ea eb ec ed ee ef f0 f1 f2 f3 f4 f5 f6 f7 f8 f9 fa fb fc fd fe ff 
 0  1  2 3c  4 ab 78 b3  8 57 81 ac f0 6a b1  a 10 -- ae 18 d5 7b 8f -- 37 aa d4 -- b5 -- 14 -- 20 -- -- -- 8b -- 30 4f 7d -- f6 -- c9 -- -- 25 6e -- 83 -- 7f -- -- -- bd d7 -- -- 28 52 -- 92 40 ff -- -- -- -- -- -- c1 -- -- 6b 60 f1 9e 5f fa -- -- -- 3b -- -- -- 45 c3 -- -- -- a2 4a -- dc -- -- -- d1 -- -- e3 fe ec --  3 -- -- -- -- ad -- 79 44 -- -- -- -- 50 46 a4 -- -- -- f3 -- 80 -- 29 49 -- -- -- -- -- -- -- f9 -- -- -- cc 55 -- -- -- --  c d6 -- c0 56 35  5 eb 1e be b2 23 -- -- -- -- 22 -- -- 76 ea -- -- -- -- -- 9a 8a -- 51 -- -- -- -- -- -- de 93 c4 94 -- -- -- 6f 62 -- -- -- -- -- -- 75 -- -- 4d -- -- 11 -- 2b e9  f 59 -- --  6 -- -- 97 -- 66 -- cf -- -- 8d -- -- -- f2 -- 88 -- -- -- -- -- -- -- -- -- a0 33 8c -- 9f c7 -- -- -- cd -- -- 31 -- -- -- 

solutions so far:0 maxDepth:10 
iterations:24537090  skipped: 12 
Depth skipped: 
0 0 12 0 0 0 0 0 0 0 0 0 0 0 0 0 0 0 0 0 0 0 0 0 0 0 0 0 0 0 0 0 

running time: 2700 sec
 depth:7
 0  1  2  3  4  5  6  7  8  9  a  b  c  d  e  f 10 11 12 13 14 15 16 17 18 19 1a 1b 1c 1d 1e 1f 20 21 22 23 24 25 26 27 28 29 2a 2b 2c 2d 2e 2f 30 31 32 33 34 35 36 37 38 39 3a 3b 3c 3d 3e 3f 40 41 42 43 44 45 46 47 48 49 4a 4b 4c 4d 4e 4f 50 51 52 53 54 55 56 57 58 59 5a 5b 5c 5d 5e 5f 60 61 62 63 64 65 66 67 68 69 6a 6b 6c 6d 6e 6f 70 71 72 73 74 75 76 77 78 79 7a 7b 7c 7d 7e 7f 80 81 82 83 84 85 86 87 88 89 8a 8b 8c 8d 8e 8f 90 91 92 93 94 95 96 97 98 99 9a 9b 9c 9d 9e 9f a0 a1 a2 a3 a4 a5 a6 a7 a8 a9 aa ab ac ad ae af b0 b1 b2 b3 b4 b5 b6 b7 b8 b9 ba bb bc bd be bf c0 c1 c2 c3 c4 c5 c6 c7 c8 c9 ca cb cc cd ce cf d0 d1 d2 d3 d4 d5 d6 d7 d8 d9 da db dc dd de df e0 e1 e2 e3 e4 e5 e6 e7 e8 e9 ea eb ec ed ee ef f0 f1 f2 f3 f4 f5 f6 f7 f8 f9 fa fb fc fd fe ff 
 0  1  2 3c  4 a0 78 cf  8 60 97 e0 f0 e8 49 73 10 -- c0  6 f9 7b 17 -- 37 c1  7 -- 92 -- e6 -- 20 -- -- -- 57 --  c 4f 25 -- f6 -- 2e -- -- ce 6e -- 55 --  e -- -- -- f3 d7 -- -- 1b 42 -- 9f 40 fb -- -- -- -- -- -- ae -- -- 6b 18 3a 9e 28 4a -- -- -- 3b -- -- -- 5c a7 -- -- -- e5 4b -- dc -- -- -- aa -- -- ab 1c ec -- 75 -- -- -- -- 31 -- 79 7d -- -- -- -- 36 ff 84 -- -- -- e9 -- 80 -- 21 a4 -- -- -- -- -- -- -- 67 -- -- -- cc 8b -- -- -- --  3 d6 -- 30 70 74 d2 eb 1e 50 8c 94 -- -- -- -- d5 -- -- 76 d1 -- -- -- -- -- be b8 -- 99 -- -- -- -- -- -- de 1d 14 96 -- -- -- 6f  a -- -- -- -- -- -- 83 -- -- 5f -- -- 81 -- 38 69  f 46 -- -- ea -- -- d8 -- 66 -- 52 -- -- 62 -- -- -- f2 -- fa -- -- -- -- -- -- -- -- -- 6c 33 29 -- df 23 -- -- -- c4 -- --  5 -- -- -- 

solutions so far:0 maxDepth:10 
iterations:28358768  skipped: 14 
Depth skipped: 
0 0 14 0 0 0 0 0 0 0 0 0 0 0 0 0 0 0 0 0 0 0 0 0 0 0 0 0 0 0 0 0 

running time: 3000 sec
 depth:5
 0  1  2  3  4  5  6  7  8  9  a  b  c  d  e  f 10 11 12 13 14 15 16 17 18 19 1a 1b 1c 1d 1e 1f 20 21 22 23 24 25 26 27 28 29 2a 2b 2c 2d 2e 2f 30 31 32 33 34 35 36 37 38 39 3a 3b 3c 3d 3e 3f 40 41 42 43 44 45 46 47 48 49 4a 4b 4c 4d 4e 4f 50 51 52 53 54 55 56 57 58 59 5a 5b 5c 5d 5e 5f 60 61 62 63 64 65 66 67 68 69 6a 6b 6c 6d 6e 6f 70 71 72 73 74 75 76 77 78 79 7a 7b 7c 7d 7e 7f 80 81 82 83 84 85 86 87 88 89 8a 8b 8c 8d 8e 8f 90 91 92 93 94 95 96 97 98 99 9a 9b 9c 9d 9e 9f a0 a1 a2 a3 a4 a5 a6 a7 a8 a9 aa ab ac ad ae af b0 b1 b2 b3 b4 b5 b6 b7 b8 b9 ba bb bc bd be bf c0 c1 c2 c3 c4 c5 c6 c7 c8 c9 ca cb cc cd ce cf d0 d1 d2 d3 d4 d5 d6 d7 d8 d9 da db dc dd de df e0 e1 e2 e3 e4 e5 e6 e7 e8 e9 ea eb ec ed ee ef f0 f1 f2 f3 f4 f5 f6 f7 f8 f9 fa fb fc fd fe ff 
 0  1  2 3c  4 94 78 ed  8 c6 ff -- f0 --  d -- 10 -- 5b dd 29 7b -- -- 37 95 -- -- 1a -- -- -- 20 -- -- -- b6 -- 6d 4f 52 -- f6 -- -- -- -- -- 6e -- fd -- -- -- -- -- 34 d7 -- -- -- -- -- 28 40 -- -- -- -- -- -- -- bb -- -- 6b da -- 9e 25 a4 -- -- -- 3b -- -- -- -- -- -- -- -- -- -- -- dc -- -- -- 2d -- -- 16 -- ec -- bf -- -- -- -- 68 -- 79 b0 -- -- -- -- -- e9 -- -- -- -- 50 -- 80 -- -- 14 -- -- -- -- -- -- -- -- -- -- -- cc a1 -- -- -- -- 85 d6 -- 63 -- -- -- eb 1e 4a 9d 9f -- -- -- -- 58 -- -- 76 b4 -- -- -- -- --  b -- -- -- -- -- -- -- -- -- de -- f9 -- -- -- -- 6f 97 -- -- -- -- -- -- 5a -- -- ee -- -- 2c -- -- --  f a5 -- -- a9 -- -- -- -- 66 --  a -- -- d0 -- -- -- f2 -- b7 -- -- -- -- -- -- -- -- -- -- 33  5 -- -- b9 -- -- -- 77 -- -- a0 -- -- -- 

solutions so far:0 maxDepth:10 
iterations:32082688  skipped: 15 
Depth skipped: 
0 0 15 0 0 0 0 0 0 0 0 0 0 0 0 0 0 0 0 0 0 0 0 0 0 0 0 0 0 0 0 0 

running time: 3300 sec
 depth:7
 0  1  2  3  4  5  6  7  8  9  a  b  c  d  e  f 10 11 12 13 14 15 16 17 18 19 1a 1b 1c 1d 1e 1f 20 21 22 23 24 25 26 27 28 29 2a 2b 2c 2d 2e 2f 30 31 32 33 34 35 36 37 38 39 3a 3b 3c 3d 3e 3f 40 41 42 43 44 45 46 47 48 49 4a 4b 4c 4d 4e 4f 50 51 52 53 54 55 56 57 58 59 5a 5b 5c 5d 5e 5f 60 61 62 63 64 65 66 67 68 69 6a 6b 6c 6d 6e 6f 70 71 72 73 74 75 76 77 78 79 7a 7b 7c 7d 7e 7f 80 81 82 83 84 85 86 87 88 89 8a 8b 8c 8d 8e 8f 90 91 92 93 94 95 96 97 98 99 9a 9b 9c 9d 9e 9f a0 a1 a2 a3 a4 a5 a6 a7 a8 a9 aa ab ac ad ae af b0 b1 b2 b3 b4 b5 b6 b7 b8 b9 ba bb bc bd be bf c0 c1 c2 c3 c4 c5 c6 c7 c8 c9 ca cb cc cd ce cf d0 d1 d2 d3 d4 d5 d6 d7 d8 d9 da db dc dd de df e0 e1 e2 e3 e4 e5 e6 e7 e8 e9 ea eb ec ed ee ef f0 f1 f2 f3 f4 f5 f6 f7 f8 f9 fa fb fc fd fe ff 
 0  1  2 3c  4 87 78 c3  8 df d9 5b f0 85 51 55 10 -- 69 fb 65 7b b6 -- 37 1b dd -- a2 -- aa -- 20 -- -- -- d2 -- 21 4f ca -- f6 -- bb -- --  6 6e -- 36 -- 6d -- -- -- 93 d7 -- -- 83 c0 -- a6 40 30 -- -- -- -- -- -- 73 -- -- 6b 42 bf 9e 54 43 -- -- -- 3b -- -- -- a1 fd -- -- -- 5a  c -- dc -- -- -- 6c -- -- fe da ec -- ce -- -- -- -- f1 -- 79 ac -- -- -- -- d1 db 57 -- -- -- 9b -- 80 -- 60 53 -- -- -- -- -- -- --  3 -- -- -- cc e6 -- -- -- -- 96 d6 -- 84 c6 a9 c1 eb 1e a8 8a 86 -- -- -- -- 56 -- -- 76 67 -- -- -- -- -- 7f 95 -- 2d -- -- -- -- -- -- de b4 2a 18 -- -- -- 6f 15 -- -- -- -- -- -- d8 -- -- d4 -- -- 2b -- 63 8b  f 45 -- -- 4b -- -- ea -- 66 -- c2 -- -- 35 -- -- -- f2 -- 8f -- -- -- -- -- -- -- -- -- 75 33 61 -- ae c9 -- -- -- 6a -- -- e1 -- -- -- 

solutions so far:0 maxDepth:10 
iterations:35986961  skipped: 17 
Depth skipped: 
0 0 17 0 0 0 0 0 0 0 0 0 0 0 0 0 0 0 0 0 0 0 0 0 0 0 0 0 0 0 0 0 

running time: 3600 sec
 depth:7
 0  1  2  3  4  5  6  7  8  9  a  b  c  d  e  f 10 11 12 13 14 15 16 17 18 19 1a 1b 1c 1d 1e 1f 20 21 22 23 24 25 26 27 28 29 2a 2b 2c 2d 2e 2f 30 31 32 33 34 35 36 37 38 39 3a 3b 3c 3d 3e 3f 40 41 42 43 44 45 46 47 48 49 4a 4b 4c 4d 4e 4f 50 51 52 53 54 55 56 57 58 59 5a 5b 5c 5d 5e 5f 60 61 62 63 64 65 66 67 68 69 6a 6b 6c 6d 6e 6f 70 71 72 73 74 75 76 77 78 79 7a 7b 7c 7d 7e 7f 80 81 82 83 84 85 86 87 88 89 8a 8b 8c 8d 8e 8f 90 91 92 93 94 95 96 97 98 99 9a 9b 9c 9d 9e 9f a0 a1 a2 a3 a4 a5 a6 a7 a8 a9 aa ab ac ad ae af b0 b1 b2 b3 b4 b5 b6 b7 b8 b9 ba bb bc bd be bf c0 c1 c2 c3 c4 c5 c6 c7 c8 c9 ca cb cc cd ce cf d0 d1 d2 d3 d4 d5 d6 d7 d8 d9 da db dc dd de df e0 e1 e2 e3 e4 e5 e6 e7 e8 e9 ea eb ec ed ee ef f0 f1 f2 f3 f4 f5 f6 f7 f8 f9 fa fb fc fd fe ff 
 0  1  2 3c  4 7a 78 62  8 15 f4 e8 f0 a7 c4 56 10 -- 2a 53 3f 7b  7 -- 37 d9 99 -- 5f -- ac -- 20 -- -- -- 54 -- a6 4f 7e -- f6 --  e -- -- 51 6e -- 65 -- e5 -- -- -- be d7 -- -- 8f 6a -- c5 40 f1 -- -- -- -- -- -- a8 -- -- 6b 9b 5c 9e f5 fc -- -- -- 3b -- -- -- 1c 70 -- -- -- 17 a2 -- dc -- -- -- ca -- -- 23 1d ec -- db -- -- -- -- ab -- 79 cf -- -- -- -- c9 5e d4 -- -- -- 5d -- 80 -- 35 89 -- -- -- -- -- -- -- c3 -- -- -- cc 87 -- -- -- -- c2 d6 -- e1 74 b8 2b eb 1e 3d 31 2f -- -- -- -- 8c -- -- 76 86 -- -- -- -- -- fa 38 -- e0 -- -- -- -- -- -- de 2e 91 93 -- -- -- 6f a3 -- -- -- -- -- -- 43 -- -- 7d -- -- 46 -- 3a fe  f f3 -- -- 61 -- -- 8a -- 66 -- af -- -- 81 -- -- -- f2 -- 49 -- -- -- -- -- -- -- -- -- 45 33 bc -- 7f 92 -- -- -- d5 -- -- ba -- -- -- 

solutions so far:0 maxDepth:10 
iterations:39488103  skipped: 20 
Depth skipped: 
0 0 20 0 0 0 0 0 0 0 0 0 0 0 0 0 0 0 0 0 0 0 0 0 0 0 0 0 0 0 0 0 

running time: 3900 sec
 depth:7
 0  1  2  3  4  5  6  7  8  9  a  b  c  d  e  f 10 11 12 13 14 15 16 17 18 19 1a 1b 1c 1d 1e 1f 20 21 22 23 24 25 26 27 28 29 2a 2b 2c 2d 2e 2f 30 31 32 33 34 35 36 37 38 39 3a 3b 3c 3d 3e 3f 40 41 42 43 44 45 46 47 48 49 4a 4b 4c 4d 4e 4f 50 51 52 53 54 55 56 57 58 59 5a 5b 5c 5d 5e 5f 60 61 62 63 64 65 66 67 68 69 6a 6b 6c 6d 6e 6f 70 71 72 73 74 75 76 77 78 79 7a 7b 7c 7d 7e 7f 80 81 82 83 84 85 86 87 88 89 8a 8b 8c 8d 8e 8f 90 91 92 93 94 95 96 97 98 99 9a 9b 9c 9d 9e 9f a0 a1 a2 a3 a4 a5 a6 a7 a8 a9 aa ab ac ad ae af b0 b1 b2 b3 b4 b5 b6 b7 b8 b9 ba bb bc bd be bf c0 c1 c2 c3 c4 c5 c6 c7 c8 c9 ca cb cc cd ce cf d0 d1 d2 d3 d4 d5 d6 d7 d8 d9 da db dc dd de df e0 e1 e2 e3 e4 e5 e6 e7 e8 e9 ea eb ec ed ee ef f0 f1 f2 f3 f4 f5 f6 f7 f8 f9 fa fb fc fd fe ff 
 0  1  2 3c  4 67 78 8b  8 b3 ce e9 f0 94 c1  9 10 -- b1 88 4b 7b  5 -- 37 8d ff -- 55 -- 12 -- 20 -- -- -- b5 -- c7 4f 96 -- f6 --  a -- -- 72 6e -- cd -- 29 -- -- -- aa d7 -- -- 24 f8 -- d2 40 3e -- -- -- -- -- -- bd -- -- 6b 59 25 9e 6c fb -- -- -- 3b -- -- -- 14 50 -- -- -- 97 e4 -- dc -- -- -- 4d -- --  6 52 ec -- 11 -- -- -- -- 83 -- 79 30 -- -- -- -- 48 42 27 -- -- -- 73 -- 80 -- 7c 69 -- -- -- -- -- -- -- 39 -- -- -- cc ad -- -- -- -- 44 d6 -- b2 9f 4a ef eb 1e d8 ae 21 -- -- -- -- 18 -- -- 76 e3 -- -- -- -- --  3 28 -- a0 -- -- -- -- -- -- de f9 36 1f -- -- -- 6f 1b -- -- -- -- -- -- 9a -- -- ea -- --  c -- a4 9c  f 57 -- -- 22 -- -- f7 -- 66 -- df -- -- d1 -- -- -- f2 -- 60 -- -- -- -- -- -- -- -- -- 90 33 84 -- 4e c0 -- -- -- 75 -- -- e6 -- -- -- 

solutions so far:0 maxDepth:10 
iterations:43338753  skipped: 21 
Depth skipped: 
0 0 21 0 0 0 0 0 0 0 0 0 0 0 0 0 0 0 0 0 0 0 0 0 0 0 0 0 0 0 0 0 

running time: 4200 sec
 depth:8
 0  1  2  3  4  5  6  7  8  9  a  b  c  d  e  f 10 11 12 13 14 15 16 17 18 19 1a 1b 1c 1d 1e 1f 20 21 22 23 24 25 26 27 28 29 2a 2b 2c 2d 2e 2f 30 31 32 33 34 35 36 37 38 39 3a 3b 3c 3d 3e 3f 40 41 42 43 44 45 46 47 48 49 4a 4b 4c 4d 4e 4f 50 51 52 53 54 55 56 57 58 59 5a 5b 5c 5d 5e 5f 60 61 62 63 64 65 66 67 68 69 6a 6b 6c 6d 6e 6f 70 71 72 73 74 75 76 77 78 79 7a 7b 7c 7d 7e 7f 80 81 82 83 84 85 86 87 88 89 8a 8b 8c 8d 8e 8f 90 91 92 93 94 95 96 97 98 99 9a 9b 9c 9d 9e 9f a0 a1 a2 a3 a4 a5 a6 a7 a8 a9 aa ab ac ad ae af b0 b1 b2 b3 b4 b5 b6 b7 b8 b9 ba bb bc bd be bf c0 c1 c2 c3 c4 c5 c6 c7 c8 c9 ca cb cc cd ce cf d0 d1 d2 d3 d4 d5 d6 d7 d8 d9 da db dc dd de df e0 e1 e2 e3 e4 e5 e6 e7 e8 e9 ea eb ec ed ee ef f0 f1 f2 f3 f4 f5 f6 f7 f8 f9 fa fb fc fd fe ff 
 0  1  2 3c  4 58 78 4c  8 38 b0 8d f0 b2 98 86 10 5f 70 e8 b7 7b cd -- 37 5c b3 -- e7 -- db -- 20 -- be -- e0 31  7 4f b9 d5 f6 -- 4d -- -- e1 6e -- b8 -- b1 -- -- -- 19 d7 -- -- 61 87 -- 68 40 54 -- -- ab -- -- 92 17 -- 62 6b  e c7 9e 16 a5 -- 7d -- 3b -- -- -- 9a 11 -- -- -- 44 15 -- dc -- -- -- a7 -- -- cb b5 ec -- 1d -- -- -- -- 32 23 79 d3 -- -- -- -- c2 ed d9 -- -- -- d0 -- 80 -- a8 34 -- -- -- -- 81 -- -- 9b -- -- f3 cc 2e -- -- -- c4 74 d6 -- 1c ad 59 43 eb 1e 2c 26 9d -- -- -- fa 82 -- -- 76 e5 -- -- -- -- -- 8e e3 -- 22 -- -- -- -- -- -- de 88  b 2a -- -- 49 6f ee -- cf -- -- -- -- 99 -- -- 47 -- -- 41 -- bd ca  f 13 -- -- 3a -- -- a6 -- 66 -- 1a -- -- 64 -- 46 -- f2 -- 71 -- -- -- -- -- -- -- -- -- 53 33  d -- 65 e2 -- -- -- c8 -- -- 77 8c -- -- 

solutions so far:0 maxDepth:10 
iterations:47864579  skipped: 25 
Depth skipped: 
0 0 25 0 0 0 0 0 0 0 0 0 0 0 0 0 0 0 0 0 0 0 0 0 0 0 0 0 0 0 0 0 

running time: 4500 sec
 depth:8
 0  1  2  3  4  5  6  7  8  9  a  b  c  d  e  f 10 11 12 13 14 15 16 17 18 19 1a 1b 1c 1d 1e 1f 20 21 22 23 24 25 26 27 28 29 2a 2b 2c 2d 2e 2f 30 31 32 33 34 35 36 37 38 39 3a 3b 3c 3d 3e 3f 40 41 42 43 44 45 46 47 48 49 4a 4b 4c 4d 4e 4f 50 51 52 53 54 55 56 57 58 59 5a 5b 5c 5d 5e 5f 60 61 62 63 64 65 66 67 68 69 6a 6b 6c 6d 6e 6f 70 71 72 73 74 75 76 77 78 79 7a 7b 7c 7d 7e 7f 80 81 82 83 84 85 86 87 88 89 8a 8b 8c 8d 8e 8f 90 91 92 93 94 95 96 97 98 99 9a 9b 9c 9d 9e 9f a0 a1 a2 a3 a4 a5 a6 a7 a8 a9 aa ab ac ad ae af b0 b1 b2 b3 b4 b5 b6 b7 b8 b9 ba bb bc bd be bf c0 c1 c2 c3 c4 c5 c6 c7 c8 c9 ca cb cc cd ce cf d0 d1 d2 d3 d4 d5 d6 d7 d8 d9 da db dc dd de df e0 e1 e2 e3 e4 e5 e6 e7 e8 e9 ea eb ec ed ee ef f0 f1 f2 f3 f4 f5 f6 f7 f8 f9 fa fb fc fd fe ff 
 0  1  2 3c  4 4c 78 2c  8 92 98 ce f0 e6 58 35 10 28 f3 46 e7 7b 4b -- 37 5f 1b -- b0 -- 6a -- 20 -- 50 -- 31  5 8c 4f 19 f9 f6 -- 96 -- -- ac 6e -- be -- 36 -- -- -- b7 d7 -- -- d4 c3 -- 41 40 45 -- -- a0 -- -- 9f 62 --  a 6b cf d2 9e 13 32 -- 25 -- 3b -- -- -- fb 42 -- -- -- df 8f -- dc -- -- -- ab -- -- 1a 6c ec -- 7d -- -- -- -- b9 94 79 d0 -- -- -- -- 7f c8 51 -- -- -- 82 -- 80 -- 8a cb -- -- -- -- 97 -- -- 56 -- -- e9 cc c4 -- -- -- 14 23 d6 -- 49 67 73 f1 eb 1e 26 16 64 -- -- -- 4a 68 -- -- 76 d5 -- -- -- -- --  d 21 -- 84 -- -- -- -- -- -- de 69 e2 c9 -- -- a4 6f 71 -- 52 -- -- -- -- 81 -- -- ed -- -- 34 -- d8 93  f  b -- -- fa -- -- 2b -- 66 -- 8e -- -- a5 -- ff -- f2 -- 77 -- -- -- -- -- -- -- -- -- fe 33 47 -- a2 ee -- -- -- 9d -- -- d3 29 -- -- 

solutions so far:0 maxDepth:10 
iterations:52249868  skipped: 27 
Depth skipped: 
0 0 27 0 0 0 0 0 0 0 0 0 0 0 0 0 0 0 0 0 0 0 0 0 0 0 0 0 0 0 0 0 

running time: 4800 sec
 depth:6
 0  1  2  3  4  5  6  7  8  9  a  b  c  d  e  f 10 11 12 13 14 15 16 17 18 19 1a 1b 1c 1d 1e 1f 20 21 22 23 24 25 26 27 28 29 2a 2b 2c 2d 2e 2f 30 31 32 33 34 35 36 37 38 39 3a 3b 3c 3d 3e 3f 40 41 42 43 44 45 46 47 48 49 4a 4b 4c 4d 4e 4f 50 51 52 53 54 55 56 57 58 59 5a 5b 5c 5d 5e 5f 60 61 62 63 64 65 66 67 68 69 6a 6b 6c 6d 6e 6f 70 71 72 73 74 75 76 77 78 79 7a 7b 7c 7d 7e 7f 80 81 82 83 84 85 86 87 88 89 8a 8b 8c 8d 8e 8f 90 91 92 93 94 95 96 97 98 99 9a 9b 9c 9d 9e 9f a0 a1 a2 a3 a4 a5 a6 a7 a8 a9 aa ab ac ad ae af b0 b1 b2 b3 b4 b5 b6 b7 b8 b9 ba bb bc bd be bf c0 c1 c2 c3 c4 c5 c6 c7 c8 c9 ca cb cc cd ce cf d0 d1 d2 d3 d4 d5 d6 d7 d8 d9 da db dc dd de df e0 e1 e2 e3 e4 e5 e6 e7 e8 e9 ea eb ec ed ee ef f0 f1 f2 f3 f4 f5 f6 f7 f8 f9 fa fb fc fd fe ff 
 0  1  2 3c  4 39 78 61  8 e2 72 77 f0 ed c2 -- 10 -- 13 41 e4 7b ee -- 37 e7  d -- 53 -- -- -- 20 -- -- -- 26 -- 82 4f 1f -- f6 --  b -- -- -- 6e -- 19 -- 1a -- -- -- a6 d7 -- -- -- -- -- ef 40 -- -- -- -- -- -- -- 4c -- -- 6b d3 a5 9e 90 3e -- -- -- 3b -- -- -- 16 58 -- -- -- b7 -- -- dc -- -- -- 32 -- -- a8 34 ec -- 47 -- -- -- -- 9b -- 79 65 -- -- -- -- -- f8 -- -- -- --  9 -- 80 -- -- 9c -- -- -- -- -- -- -- -- -- -- -- cc 98 -- -- -- -- cb d6 -- 71 d0 9d -- eb 1e f7 db 7c -- -- -- -- d9 -- -- 76 c8 -- -- -- -- -- 54 2c -- b0 -- -- -- -- -- -- de b9 48 -- -- -- -- 6f 24 -- -- -- -- -- -- 64 -- -- 2a -- -- 87 -- 68 --  f 86 -- -- 8e -- -- -- -- 66 -- 4e -- -- e1 -- -- -- f2 -- ca -- -- -- -- -- -- -- -- -- -- 33 27 -- -- 43 -- -- -- 15 -- -- 12 -- -- -- 

solutions so far:0 maxDepth:10 
iterations:56699876  skipped: 28 
Depth skipped: 
0 0 28 0 0 0 0 0 0 0 0 0 0 0 0 0 0 0 0 0 0 0 0 0 0 0 0 0 0 0 0 0 

running time: 5100 sec
 depth:7
 0  1  2  3  4  5  6  7  8  9  a  b  c  d  e  f 10 11 12 13 14 15 16 17 18 19 1a 1b 1c 1d 1e 1f 20 21 22 23 24 25 26 27 28 29 2a 2b 2c 2d 2e 2f 30 31 32 33 34 35 36 37 38 39 3a 3b 3c 3d 3e 3f 40 41 42 43 44 45 46 47 48 49 4a 4b 4c 4d 4e 4f 50 51 52 53 54 55 56 57 58 59 5a 5b 5c 5d 5e 5f 60 61 62 63 64 65 66 67 68 69 6a 6b 6c 6d 6e 6f 70 71 72 73 74 75 76 77 78 79 7a 7b 7c 7d 7e 7f 80 81 82 83 84 85 86 87 88 89 8a 8b 8c 8d 8e 8f 90 91 92 93 94 95 96 97 98 99 9a 9b 9c 9d 9e 9f a0 a1 a2 a3 a4 a5 a6 a7 a8 a9 aa ab ac ad ae af b0 b1 b2 b3 b4 b5 b6 b7 b8 b9 ba bb bc bd be bf c0 c1 c2 c3 c4 c5 c6 c7 c8 c9 ca cb cc cd ce cf d0 d1 d2 d3 d4 d5 d6 d7 d8 d9 da db dc dd de df e0 e1 e2 e3 e4 e5 e6 e7 e8 e9 ea eb ec ed ee ef f0 f1 f2 f3 f4 f5 f6 f7 f8 f9 fa fb fc fd fe ff 
 0  1  2 3c  4 26 78  e  8 9c 4c bd f0 c7 1c aa 10 -- ef 7c 98 7b ad -- 37 48 59 -- 38 -- 83 -- 20 -- -- --  9 -- f8 4f e7 -- f6 -- 8d -- --  c 6e -- 90 -- b2 -- -- -- 70 d7 -- -- d1 57 -- cb 40 60 -- -- -- -- -- -- 12 -- -- 6b 27 44 9e e2 19 -- -- -- 3b -- -- -- cd 9a -- -- -- 11 18 -- dc -- -- -- f7 -- -- a7 b3 ec -- e4 -- -- -- -- e0 -- 79 1d -- -- -- -- 75 64 ae -- -- -- 41 -- 80 -- c0 8e -- -- -- -- -- -- --  6 -- -- -- cc 24 -- -- -- -- 3e d6 -- 4e b5 88 55 eb 1e 13  7 32 -- -- -- -- e5 -- -- 76 72 -- -- -- -- -- b8 4d -- e3 -- -- -- -- -- -- de 22 71 30 -- -- -- 6f d3 -- -- -- -- -- -- 39 -- -- 5c -- -- 99 -- b1 c1  f e8 -- -- 1f -- --  3 -- 66 -- 47 -- -- 17 -- -- -- f2 -- 3a -- -- -- -- -- -- -- -- -- ea 33 c8 -- 8b 74 -- -- -- 2e -- -- 82 -- -- -- 

solutions so far:0 maxDepth:10 
iterations:61654272  skipped: 31 
Depth skipped: 
0 0 31 0 0 0 0 0 0 0 0 0 0 0 0 0 0 0 0 0 0 0 0 0 0 0 0 0 0 0 0 0 

running time: 5400 sec
 depth:7
 0  1  2  3  4  5  6  7  8  9  a  b  c  d  e  f 10 11 12 13 14 15 16 17 18 19 1a 1b 1c 1d 1e 1f 20 21 22 23 24 25 26 27 28 29 2a 2b 2c 2d 2e 2f 30 31 32 33 34 35 36 37 38 39 3a 3b 3c 3d 3e 3f 40 41 42 43 44 45 46 47 48 49 4a 4b 4c 4d 4e 4f 50 51 52 53 54 55 56 57 58 59 5a 5b 5c 5d 5e 5f 60 61 62 63 64 65 66 67 68 69 6a 6b 6c 6d 6e 6f 70 71 72 73 74 75 76 77 78 79 7a 7b 7c 7d 7e 7f 80 81 82 83 84 85 86 87 88 89 8a 8b 8c 8d 8e 8f 90 91 92 93 94 95 96 97 98 99 9a 9b 9c 9d 9e 9f a0 a1 a2 a3 a4 a5 a6 a7 a8 a9 aa ab ac ad ae af b0 b1 b2 b3 b4 b5 b6 b7 b8 b9 ba bb bc bd be bf c0 c1 c2 c3 c4 c5 c6 c7 c8 c9 ca cb cc cd ce cf d0 d1 d2 d3 d4 d5 d6 d7 d8 d9 da db dc dd de df e0 e1 e2 e3 e4 e5 e6 e7 e8 e9 ea eb ec ed ee ef f0 f1 f2 f3 f4 f5 f6 f7 f8 f9 fa fb fc fd fe ff 
 0  1  2 3c  4 14 78 65  8 11 28 73 f0 21 ca  c 10 -- 22 cd 50 7b e6 -- 37 59 42 -- 43 -- 18 -- 20 -- -- -- 44 -- 4d 4f a0 -- f6 -- 1b -- -- 8b 6e -- b2 -- 84 -- -- -- 86 d7 -- -- 30 d1 -- 29 40 aa -- -- -- -- -- -- 88 -- -- 6b 9a 96 9e  5 97 -- -- -- 3b -- -- -- 36 d8 -- -- -- ce c1 -- dc -- -- -- b3 -- -- 9b df ec -- bd -- -- -- -- db -- 79 2a -- -- -- -- 60 25 75 -- -- -- 52 -- 80 -- 83 ff -- -- -- -- -- -- -- ae -- -- -- cc c7 -- -- -- -- 8d d6 -- e3 d2 fb  6 eb 1e  a d9 f9 -- -- -- -- 15 -- -- 76 b5 -- -- -- -- -- a6 6c -- 67 -- -- -- -- -- -- de 4b e9 55 -- -- -- 6f 9f -- -- -- -- -- -- b1 -- -- 53 -- -- e1 -- 69  3  f 87 -- -- ad -- -- 57 -- 66 -- 94 -- -- 61 -- -- -- f2 -- 54 -- -- -- -- -- -- -- -- -- c0 33 4a -- ea a8 -- -- -- c2 -- -- a4 -- -- -- 

solutions so far:0 maxDepth:10 
iterations:66858535  skipped: 35 
Depth skipped: 
0 0 35 0 0 0 0 0 0 0 0 0 0 0 0 0 0 0 0 0 0 0 0 0 0 0 0 0 0 0 0 0 

running time: 5700 sec

Finished. Total running time: 5972 sec
