Search S-boxes invariant for matrices: 
{0x00,0x02,0x04,0x06,0x08,0x0a,0x0c,0x0e,0x10,0x12,0x14,0x16,0x18,0x1a,0x1c,0x1e,0x20,0x22,0x24,0x26,0x28,0x2a,0x2c,0x2e,0x30,0x32,0x34,0x36,0x38,0x3a,0x3c,0x3e,0x40,0x42,0x44,0x46,0x48,0x4a,0x4c,0x4e,0x50,0x52,0x54,0x56,0x58,0x5a,0x5c,0x5e,0x60,0x62,0x64,0x66,0x68,0x6a,0x6c,0x6e,0x70,0x72,0x74,0x76,0x78,0x7a,0x7c,0x7e,0x80,0x82,0x84,0x86,0x88,0x8a,0x8c,0x8e,0x90,0x92,0x94,0x96,0x98,0x9a,0x9c,0x9e,0xa0,0xa2,0xa4,0xa6,0xa8,0xaa,0xac,0xae,0xb0,0xb2,0xb4,0xb6,0xb8,0xba,0xbc,0xbe,0xc0,0xc2,0xc4,0xc6,0xc8,0xca,0xcc,0xce,0xd0,0xd2,0xd4,0xd6,0xd8,0xda,0xdc,0xde,0xe0,0xe2,0xe4,0xe6,0xe8,0xea,0xec,0xee,0xf0,0xf2,0xf4,0xf6,0xf8,0xfa,0xfc,0xfe,0x39,0x3b,0x3d,0x3f,0x31,0x33,0x35,0x37,0x29,0x2b,0x2d,0x2f,0x21,0x23,0x25,0x27,0x19,0x1b,0x1d,0x1f,0x11,0x13,0x15,0x17,0x09,0x0b,0x0d,0x0f,0x01,0x03,0x05,0x07,0x79,0x7b,0x7d,0x7f,0x71,0x73,0x75,0x77,0x69,0x6b,0x6d,0x6f,0x61,0x63,0x65,0x67,0x59,0x5b,0x5d,0x5f,0x51,0x53,0x55,0x57,0x49,0x4b,0x4d,0x4f,0x41,0x43,0x45,0x47,0xb9,0xbb,0xbd,0xbf,0xb1,0xb3,0xb5,0xb7,0xa9,0xab,0xad,0xaf,0xa1,0xa3,0xa5,0xa7,0x99,0x9b,0x9d,0x9f,0x91,0x93,0x95,0x97,0x89,0x8b,0x8d,0x8f,0x81,0x83,0x85,0x87,0xf9,0xfb,0xfd,0xff,0xf1,0xf3,0xf5,0xf7,0xe9,0xeb,0xed,0xef,0xe1,0xe3,0xe5,0xe7,0xd9,0xdb,0xdd,0xdf,0xd1,0xd3,0xd5,0xd7,0xc9,0xcb,0xcd,0xcf,0xc1,0xc3,0xc5,0xc7};
{0x00,0x02,0x04,0x06,0x08,0x0a,0x0c,0x0e,0x10,0x12,0x14,0x16,0x18,0x1a,0x1c,0x1e,0x20,0x22,0x24,0x26,0x28,0x2a,0x2c,0x2e,0x30,0x32,0x34,0x36,0x38,0x3a,0x3c,0x3e,0x40,0x42,0x44,0x46,0x48,0x4a,0x4c,0x4e,0x50,0x52,0x54,0x56,0x58,0x5a,0x5c,0x5e,0x60,0x62,0x64,0x66,0x68,0x6a,0x6c,0x6e,0x70,0x72,0x74,0x76,0x78,0x7a,0x7c,0x7e,0x80,0x82,0x84,0x86,0x88,0x8a,0x8c,0x8e,0x90,0x92,0x94,0x96,0x98,0x9a,0x9c,0x9e,0xa0,0xa2,0xa4,0xa6,0xa8,0xaa,0xac,0xae,0xb0,0xb2,0xb4,0xb6,0xb8,0xba,0xbc,0xbe,0xc0,0xc2,0xc4,0xc6,0xc8,0xca,0xcc,0xce,0xd0,0xd2,0xd4,0xd6,0xd8,0xda,0xdc,0xde,0xe0,0xe2,0xe4,0xe6,0xe8,0xea,0xec,0xee,0xf0,0xf2,0xf4,0xf6,0xf8,0xfa,0xfc,0xfe,0xd7,0xd5,0xd3,0xd1,0xdf,0xdd,0xdb,0xd9,0xc7,0xc5,0xc3,0xc1,0xcf,0xcd,0xcb,0xc9,0xf7,0xf5,0xf3,0xf1,0xff,0xfd,0xfb,0xf9,0xe7,0xe5,0xe3,0xe1,0xef,0xed,0xeb,0xe9,0x97,0x95,0x93,0x91,0x9f,0x9d,0x9b,0x99,0x87,0x85,0x83,0x81,0x8f,0x8d,0x8b,0x89,0xb7,0xb5,0xb3,0xb1,0xbf,0xbd,0xbb,0xb9,0xa7,0xa5,0xa3,0xa1,0xaf,0xad,0xab,0xa9,0x57,0x55,0x53,0x51,0x5f,0x5d,0x5b,0x59,0x47,0x45,0x43,0x41,0x4f,0x4d,0x4b,0x49,0x77,0x75,0x73,0x71,0x7f,0x7d,0x7b,0x79,0x67,0x65,0x63,0x61,0x6f,0x6d,0x6b,0x69,0x17,0x15,0x13,0x11,0x1f,0x1d,0x1b,0x19,0x07,0x05,0x03,0x01,0x0f,0x0d,0x0b,0x09,0x37,0x35,0x33,0x31,0x3f,0x3d,0x3b,0x39,0x27,0x25,0x23,0x21,0x2f,0x2d,0x2b,0x29};



 depth:7
 0  1  2  3  4  5  6  7  8  9  a  b  c  d  e  f 10 11 12 13 14 15 16 17 18 19 1a 1b 1c 1d 1e 1f 20 21 22 23 24 25 26 27 28 29 2a 2b 2c 2d 2e 2f 30 31 32 33 34 35 36 37 38 39 3a 3b 3c 3d 3e 3f 40 41 42 43 44 45 46 47 48 49 4a 4b 4c 4d 4e 4f 50 51 52 53 54 55 56 57 58 59 5a 5b 5c 5d 5e 5f 60 61 62 63 64 65 66 67 68 69 6a 6b 6c 6d 6e 6f 70 71 72 73 74 75 76 77 78 79 7a 7b 7c 7d 7e 7f 80 81 82 83 84 85 86 87 88 89 8a 8b 8c 8d 8e 8f 90 91 92 93 94 95 96 97 98 99 9a 9b 9c 9d 9e 9f a0 a1 a2 a3 a4 a5 a6 a7 a8 a9 aa ab ac ad ae af b0 b1 b2 b3 b4 b5 b6 b7 b8 b9 ba bb bc bd be bf c0 c1 c2 c3 c4 c5 c6 c7 c8 c9 ca cb cc cd ce cf d0 d1 d2 d3 d4 d5 d6 d7 d8 d9 da db dc dd de df e0 e1 e2 e3 e4 e5 e6 e7 e8 e9 ea eb ec ed ee ef f0 f1 f2 f3 f4 f5 f6 f7 f8 f9 fa fb fc fd fe ff 
 0  1  2 41  4 fa 82 43  8 b2 23 1b d3 84 86 58 10 -- b3 44 46 19 36 -- 71 ad df -- db -- b0 -- 20 -- -- -- b1 -- 88 4f 8c -- 32 -- 6c -- --  d e2 -- 8d -- 69 -- -- -- 61 d7 -- -- b7 77 -- c4 40 68 -- -- -- -- -- -- b5 -- -- 98 c7 21 9e d5 cf -- -- -- 64 -- -- -- d8 ce -- -- -- 96 1a -- 13 -- -- -- cd -- -- 15 d2 47 -- e3 -- -- -- -- c2 -- 79 a8 -- -- -- -- b9 92 ee -- -- -- 5f -- 80 -- d0 62 -- -- -- -- -- -- -- ed -- -- -- cc bd -- -- -- -- 22 e7 -- 59 e6 42 2c eb cb 7d ca 49 -- -- -- -- 54 -- -- c8 9a -- -- -- -- -- e1 67 -- 4b -- -- -- -- -- -- 4c fb 81 34 -- -- -- 26 ab -- -- -- -- -- -- 4d -- -- 9b -- -- 2a -- 73 16 8e 65 -- -- 11 -- -- 9d -- 66 -- 31 -- -- 53 -- -- -- f2 -- 87 -- -- -- -- -- -- -- -- -- a5 33 f3 --  b d9 -- -- -- a6 -- -- be -- -- -- 

solutions so far:0 maxDepth:9 
iterations:2450923  skipped: 0 
Depth skipped: 
0 0 0 0 0 0 0 0 0 0 0 0 0 0 0 0 0 0 0 0 0 0 0 0 0 0 0 0 0 0 0 0 

running time: 300 sec
 depth:7
 0  1  2  3  4  5  6  7  8  9  a  b  c  d  e  f 10 11 12 13 14 15 16 17 18 19 1a 1b 1c 1d 1e 1f 20 21 22 23 24 25 26 27 28 29 2a 2b 2c 2d 2e 2f 30 31 32 33 34 35 36 37 38 39 3a 3b 3c 3d 3e 3f 40 41 42 43 44 45 46 47 48 49 4a 4b 4c 4d 4e 4f 50 51 52 53 54 55 56 57 58 59 5a 5b 5c 5d 5e 5f 60 61 62 63 64 65 66 67 68 69 6a 6b 6c 6d 6e 6f 70 71 72 73 74 75 76 77 78 79 7a 7b 7c 7d 7e 7f 80 81 82 83 84 85 86 87 88 89 8a 8b 8c 8d 8e 8f 90 91 92 93 94 95 96 97 98 99 9a 9b 9c 9d 9e 9f a0 a1 a2 a3 a4 a5 a6 a7 a8 a9 aa ab ac ad ae af b0 b1 b2 b3 b4 b5 b6 b7 b8 b9 ba bb bc bd be bf c0 c1 c2 c3 c4 c5 c6 c7 c8 c9 ca cb cc cd ce cf d0 d1 d2 d3 d4 d5 d6 d7 d8 d9 da db dc dd de df e0 e1 e2 e3 e4 e5 e6 e7 e8 e9 ea eb ec ed ee ef f0 f1 f2 f3 f4 f5 f6 f7 f8 f9 fa fb fc fd fe ff 
 0  1  2 41  4 f5 82  6  8  d 3d 51 d3 ac  c 11 10 -- 1a b9 7a 19 a2 -- 71 77 8f -- 18 -- 22 -- 20 -- -- -- 34 -- a5 4f f4 -- 32 -- 93 -- -- b3 e2 -- ee -- c9 -- -- -- 30 d7 -- -- 44 8d -- af 40 bd -- -- -- -- -- -- 68 -- -- 98 9d 2b 9e a3 3f -- -- -- 64 -- -- -- f1 6a -- -- -- 7f b1 -- 13 -- -- --  b -- -- c1 45 47 -- 58 -- -- -- -- 60 -- 79 83 -- -- -- -- 88 fc cd -- -- -- 89 -- 80 -- ad bc -- -- -- -- -- -- -- b2 -- -- -- cc d0 -- -- -- -- b7 e7 -- ed c3 56 e3 eb cb 91  3 7e -- -- -- -- aa -- -- c8 2c -- -- -- -- -- 8b 35 -- d4 -- -- -- -- -- -- 4c fe ba b5 -- -- -- 26 5d -- -- -- -- -- -- 16 -- -- ae -- -- 55 -- 8a 9a 8e ea -- -- b0 -- -- 59 -- 66 -- 5e -- -- c0 -- -- -- f2 -- d1 -- -- -- -- -- -- -- -- -- c7 33 2f -- 4d 75 -- -- -- 57 -- -- c5 -- -- -- 

solutions so far:0 maxDepth:9 
iterations:4974420  skipped: 0 
Depth skipped: 
0 0 0 0 0 0 0 0 0 0 0 0 0 0 0 0 0 0 0 0 0 0 0 0 0 0 0 0 0 0 0 0 

running time: 600 sec
 depth:7
 0  1  2  3  4  5  6  7  8  9  a  b  c  d  e  f 10 11 12 13 14 15 16 17 18 19 1a 1b 1c 1d 1e 1f 20 21 22 23 24 25 26 27 28 29 2a 2b 2c 2d 2e 2f 30 31 32 33 34 35 36 37 38 39 3a 3b 3c 3d 3e 3f 40 41 42 43 44 45 46 47 48 49 4a 4b 4c 4d 4e 4f 50 51 52 53 54 55 56 57 58 59 5a 5b 5c 5d 5e 5f 60 61 62 63 64 65 66 67 68 69 6a 6b 6c 6d 6e 6f 70 71 72 73 74 75 76 77 78 79 7a 7b 7c 7d 7e 7f 80 81 82 83 84 85 86 87 88 89 8a 8b 8c 8d 8e 8f 90 91 92 93 94 95 96 97 98 99 9a 9b 9c 9d 9e 9f a0 a1 a2 a3 a4 a5 a6 a7 a8 a9 aa ab ac ad ae af b0 b1 b2 b3 b4 b5 b6 b7 b8 b9 ba bb bc bd be bf c0 c1 c2 c3 c4 c5 c6 c7 c8 c9 ca cb cc cd ce cf d0 d1 d2 d3 d4 d5 d6 d7 d8 d9 da db dc dd de df e0 e1 e2 e3 e4 e5 e6 e7 e8 e9 ea eb ec ed ee ef f0 f1 f2 f3 f4 f5 f6 f7 f8 f9 fa fb fc fd fe ff 
 0  1  2 41  4 ec 82 bc  8  e  f 95 d3 63 af 44 10 -- 1c 3a 1e 19 fd -- 71 17 c6 -- 89 -- 88 -- 20 -- -- -- 38 -- 74 4f 3c -- 32 -- 2d -- -- b5 e2 -- 2e -- 5b -- -- -- c5 d7 -- -- c7 4d -- de 40 8d -- -- -- -- -- -- 70 -- -- 98 e8 6d 9e 3b 78 -- -- -- 64 -- -- -- 5a bf -- -- -- 85 bd -- 13 -- -- -- 5c -- -- 3d b6 47 -- 99 -- -- -- -- 5d -- 79 3f -- -- -- -- 59 37 9a -- -- -- 6b -- 80 -- cd 6f -- -- -- -- -- -- -- b1 -- -- -- cc e0 -- -- -- -- 1d e7 --  7 a1 da 22 eb cb 76 5e f0 -- -- -- -- f4 -- -- c8 a7 -- -- -- -- -- f5 b4 -- a9 -- -- -- -- -- -- 4c dd f6 ad -- -- -- 26 7b -- -- -- -- -- -- b8 -- -- 91 -- -- 7a -- bb 11 8e 2f -- -- e5 -- -- b3 -- 66 -- dc -- -- ba -- -- -- f2 -- 7e -- -- -- -- -- -- -- -- -- b2 33 6e -- e3 fc -- -- -- a3 -- -- d6 -- -- -- 

solutions so far:0 maxDepth:9 
iterations:7133312  skipped: 3 
Depth skipped: 
0 0 3 0 0 0 0 0 0 0 0 0 0 0 0 0 0 0 0 0 0 0 0 0 0 0 0 0 0 0 0 0 

running time: 900 sec
 depth:7
 0  1  2  3  4  5  6  7  8  9  a  b  c  d  e  f 10 11 12 13 14 15 16 17 18 19 1a 1b 1c 1d 1e 1f 20 21 22 23 24 25 26 27 28 29 2a 2b 2c 2d 2e 2f 30 31 32 33 34 35 36 37 38 39 3a 3b 3c 3d 3e 3f 40 41 42 43 44 45 46 47 48 49 4a 4b 4c 4d 4e 4f 50 51 52 53 54 55 56 57 58 59 5a 5b 5c 5d 5e 5f 60 61 62 63 64 65 66 67 68 69 6a 6b 6c 6d 6e 6f 70 71 72 73 74 75 76 77 78 79 7a 7b 7c 7d 7e 7f 80 81 82 83 84 85 86 87 88 89 8a 8b 8c 8d 8e 8f 90 91 92 93 94 95 96 97 98 99 9a 9b 9c 9d 9e 9f a0 a1 a2 a3 a4 a5 a6 a7 a8 a9 aa ab ac ad ae af b0 b1 b2 b3 b4 b5 b6 b7 b8 b9 ba bb bc bd be bf c0 c1 c2 c3 c4 c5 c6 c7 c8 c9 ca cb cc cd ce cf d0 d1 d2 d3 d4 d5 d6 d7 d8 d9 da db dc dd de df e0 e1 e2 e3 e4 e5 e6 e7 e8 e9 ea eb ec ed ee ef f0 f1 f2 f3 f4 f5 f6 f7 f8 f9 fa fb fc fd fe ff 
 0  1  2 41  4 e5 82 2f  8 50 1d b9 d3  b 5e ac 10 -- a0  5 3a 19 a5 -- 71 4a 16 -- bc -- 8f -- 20 -- -- -- 97 --  a 4f 74 -- 32 -- 9d -- -- a2 e2 -- 94 -- 2c -- -- -- af d7 -- -- c9 d4 -- e0 40 35 -- -- -- -- -- -- f9 -- -- 98 14 77 9e a7 e8 -- -- -- 64 -- -- -- ed 1a -- -- -- 68 93 -- 13 -- -- -- ff -- -- 91 58 47 -- a4 -- -- -- -- 89 -- 79 7a -- -- -- -- 45  e 7f -- -- -- 17 -- 80 -- 6a 70 -- -- -- -- -- -- -- 51 -- -- -- cc 25 -- -- -- -- e9 e7 -- 28 b7 ee 56 eb cb 99 fc  7 -- -- -- -- 3d -- -- c8 52 -- -- -- -- -- a3  d -- 34 -- -- -- -- -- -- 4c d0 b8 f1 -- -- -- 26 5c -- -- -- -- -- -- 29 -- -- ba -- -- f5 -- b0 2b 8e 7e -- -- 9f -- -- c3 -- 66 -- 38 -- -- c5 -- -- -- f2 -- f4 -- -- -- -- -- -- -- -- -- 8a 33 1c -- fe 3f -- -- -- 5d -- -- 2e -- -- -- 

solutions so far:0 maxDepth:9 
iterations:9220928  skipped: 3 
Depth skipped: 
0 0 3 0 0 0 0 0 0 0 0 0 0 0 0 0 0 0 0 0 0 0 0 0 0 0 0 0 0 0 0 0 

running time: 1200 sec
 depth:7
 0  1  2  3  4  5  6  7  8  9  a  b  c  d  e  f 10 11 12 13 14 15 16 17 18 19 1a 1b 1c 1d 1e 1f 20 21 22 23 24 25 26 27 28 29 2a 2b 2c 2d 2e 2f 30 31 32 33 34 35 36 37 38 39 3a 3b 3c 3d 3e 3f 40 41 42 43 44 45 46 47 48 49 4a 4b 4c 4d 4e 4f 50 51 52 53 54 55 56 57 58 59 5a 5b 5c 5d 5e 5f 60 61 62 63 64 65 66 67 68 69 6a 6b 6c 6d 6e 6f 70 71 72 73 74 75 76 77 78 79 7a 7b 7c 7d 7e 7f 80 81 82 83 84 85 86 87 88 89 8a 8b 8c 8d 8e 8f 90 91 92 93 94 95 96 97 98 99 9a 9b 9c 9d 9e 9f a0 a1 a2 a3 a4 a5 a6 a7 a8 a9 aa ab ac ad ae af b0 b1 b2 b3 b4 b5 b6 b7 b8 b9 ba bb bc bd be bf c0 c1 c2 c3 c4 c5 c6 c7 c8 c9 ca cb cc cd ce cf d0 d1 d2 d3 d4 d5 d6 d7 d8 d9 da db dc dd de df e0 e1 e2 e3 e4 e5 e6 e7 e8 e9 ea eb ec ed ee ef f0 f1 f2 f3 f4 f5 f6 f7 f8 f9 fa fb fc fd fe ff 
 0  1  2 41  4 dc 82 62  8 3d 6f 28 d3 a4 c4 5c 10 -- 7a ba de 19 50 -- 71 fc 9f -- 5f -- b8 -- 20 -- -- -- f4 -- a3 4f 6b -- 32 -- a0 -- -- 74 e2 -- 2f -- e9 -- -- -- be d7 -- -- a7 38 --  f 40  e -- -- -- -- -- -- 3f -- -- 98 91 29 9e 37 d6 -- -- -- 64 -- -- -- 97 25 -- -- -- 94 e8 -- 13 -- -- -- 5e -- -- 23  5 47 -- 89 -- -- -- -- ab -- 79 cf -- -- -- -- 99 f6 70 -- -- -- 1e -- 80 -- 1c ec -- -- -- -- -- -- -- 3a -- -- -- cc 7e -- -- -- -- 5d e7 -- f5 14 52 2e eb cb 6e 31 7b -- -- -- -- 8c -- -- c8 af -- -- -- -- -- fa f9 -- 4a -- -- -- -- -- -- 4c ff f0  7 -- -- -- 26 78 -- -- -- -- -- -- bc -- -- 7d -- -- 46 --  a 17 8e f3 -- -- c5 -- -- 1d -- 66 -- 76 -- -- 81 -- -- -- f2 -- 49 -- -- -- -- -- -- -- -- -- e5 33 3b -- e0 92 -- -- -- d5 -- -- 3c -- -- -- 

solutions so far:0 maxDepth:9 
iterations:11663337  skipped: 5 
Depth skipped: 
0 0 5 0 0 0 0 0 0 0 0 0 0 0 0 0 0 0 0 0 0 0 0 0 0 0 0 0 0 0 0 0 

running time: 1500 sec
 depth:6
 0  1  2  3  4  5  6  7  8  9  a  b  c  d  e  f 10 11 12 13 14 15 16 17 18 19 1a 1b 1c 1d 1e 1f 20 21 22 23 24 25 26 27 28 29 2a 2b 2c 2d 2e 2f 30 31 32 33 34 35 36 37 38 39 3a 3b 3c 3d 3e 3f 40 41 42 43 44 45 46 47 48 49 4a 4b 4c 4d 4e 4f 50 51 52 53 54 55 56 57 58 59 5a 5b 5c 5d 5e 5f 60 61 62 63 64 65 66 67 68 69 6a 6b 6c 6d 6e 6f 70 71 72 73 74 75 76 77 78 79 7a 7b 7c 7d 7e 7f 80 81 82 83 84 85 86 87 88 89 8a 8b 8c 8d 8e 8f 90 91 92 93 94 95 96 97 98 99 9a 9b 9c 9d 9e 9f a0 a1 a2 a3 a4 a5 a6 a7 a8 a9 aa ab ac ad ae af b0 b1 b2 b3 b4 b5 b6 b7 b8 b9 ba bb bc bd be bf c0 c1 c2 c3 c4 c5 c6 c7 c8 c9 ca cb cc cd ce cf d0 d1 d2 d3 d4 d5 d6 d7 d8 d9 da db dc dd de df e0 e1 e2 e3 e4 e5 e6 e7 e8 e9 ea eb ec ed ee ef f0 f1 f2 f3 f4 f5 f6 f7 f8 f9 fa fb fc fd fe ff 
 0  1  2 41  4 d4 82  a  8 ea 7f bd d3 c7 14 -- 10 --  3 aa fe 19 ad -- 71 30 59 -- 28 -- -- -- 20 -- -- --  6 -- 83 4f 2b -- 32 -- 8d -- -- -- e2 -- 60 -- b2 -- -- -- 50 d7 -- -- -- -- -- c3 40 -- -- -- -- -- -- --  c -- -- 98 d1 44 9e 35 56 -- -- -- 64 -- -- -- cd 9a -- -- -- 11 -- -- 13 -- -- -- c0 -- -- 94 b3 47 -- 8b -- -- -- -- a0 -- 79 52 -- -- -- -- -- 8f -- -- -- -- 51 -- 80 -- -- 8a -- -- -- -- -- -- -- -- -- -- -- cc 18 -- -- -- -- 55 e7 -- 75 b5 88 -- eb cb 6a  5 ac -- -- -- -- 29 -- -- c8 ae -- -- -- -- -- 4a 4d -- e3 -- -- -- -- -- -- 4c 22 f1 -- -- -- -- 26 93 -- -- -- -- -- -- 57 -- -- 25 -- -- ff -- b1 -- 8e e9 -- -- c1 -- -- -- -- 66 -- 45 -- -- 97 -- -- -- f2 -- a4 -- -- -- -- -- -- -- -- -- -- 33 c9 -- -- 9f -- -- -- f9 -- -- a2 -- -- -- 

solutions so far:0 maxDepth:9 
iterations:14310640  skipped: 5 
Depth skipped: 
0 0 5 0 0 0 0 0 0 0 0 0 0 0 0 0 0 0 0 0 0 0 0 0 0 0 0 0 0 0 0 0 

running time: 1800 sec
 depth:6
 0  1  2  3  4  5  6  7  8  9  a  b  c  d  e  f 10 11 12 13 14 15 16 17 18 19 1a 1b 1c 1d 1e 1f 20 21 22 23 24 25 26 27 28 29 2a 2b 2c 2d 2e 2f 30 31 32 33 34 35 36 37 38 39 3a 3b 3c 3d 3e 3f 40 41 42 43 44 45 46 47 48 49 4a 4b 4c 4d 4e 4f 50 51 52 53 54 55 56 57 58 59 5a 5b 5c 5d 5e 5f 60 61 62 63 64 65 66 67 68 69 6a 6b 6c 6d 6e 6f 70 71 72 73 74 75 76 77 78 79 7a 7b 7c 7d 7e 7f 80 81 82 83 84 85 86 87 88 89 8a 8b 8c 8d 8e 8f 90 91 92 93 94 95 96 97 98 99 9a 9b 9c 9d 9e 9f a0 a1 a2 a3 a4 a5 a6 a7 a8 a9 aa ab ac ad ae af b0 b1 b2 b3 b4 b5 b6 b7 b8 b9 ba bb bc bd be bf c0 c1 c2 c3 c4 c5 c6 c7 c8 c9 ca cb cc cd ce cf d0 d1 d2 d3 d4 d5 d6 d7 d8 d9 da db dc dd de df e0 e1 e2 e3 e4 e5 e6 e7 e8 e9 ea eb ec ed ee ef f0 f1 f2 f3 f4 f5 f6 f7 f8 f9 fa fb fc fd fe ff 
 0  1  2 41  4 c7 82 16  8 91 59 23 d3 be 2c -- 10 -- f5 c5 b2 19 46 -- 71 3f ab -- 58 -- -- -- 20 -- -- -- 3d -- 5d 4f b3 -- 32 -- 8c -- -- -- e2 -- 7e -- 81 -- -- -- b0 d7 -- -- -- -- -- 4d 40 -- -- -- -- -- -- -- 7a -- -- 98 ba c4 9e 44 b1 -- -- -- 64 -- -- -- cf 92 -- -- -- 31 -- -- 13 -- -- -- fc -- --  d d5 47 -- bc -- -- -- -- b7 -- 79 68 -- -- -- -- -- bd -- -- -- -- 9a -- 80 -- -- cd -- -- -- -- -- -- -- -- -- -- -- cc f4 -- -- -- -- 89 e7 -- a3 fa 5f -- eb cb 88  b b5 -- -- -- -- 34 -- -- c8 5e -- -- -- -- -- ed 49 -- f3 -- -- -- -- -- -- 4c 62 22 -- -- -- -- 26 11 -- -- -- -- -- -- 2f -- -- 9d -- -- 1a -- 7d -- 8e ee -- -- af -- -- -- -- 66 -- 8d -- -- b9 -- -- -- f2 -- d0 -- -- -- -- -- -- -- -- -- -- 33 ad -- -- 77 -- -- -- a5 -- -- e3 -- -- -- 

solutions so far:0 maxDepth:9 
iterations:16912398  skipped: 7 
Depth skipped: 
0 0 7 0 0 0 0 0 0 0 0 0 0 0 0 0 0 0 0 0 0 0 0 0 0 0 0 0 0 0 0 0 

running time: 2100 sec
 depth:7
 0  1  2  3  4  5  6  7  8  9  a  b  c  d  e  f 10 11 12 13 14 15 16 17 18 19 1a 1b 1c 1d 1e 1f 20 21 22 23 24 25 26 27 28 29 2a 2b 2c 2d 2e 2f 30 31 32 33 34 35 36 37 38 39 3a 3b 3c 3d 3e 3f 40 41 42 43 44 45 46 47 48 49 4a 4b 4c 4d 4e 4f 50 51 52 53 54 55 56 57 58 59 5a 5b 5c 5d 5e 5f 60 61 62 63 64 65 66 67 68 69 6a 6b 6c 6d 6e 6f 70 71 72 73 74 75 76 77 78 79 7a 7b 7c 7d 7e 7f 80 81 82 83 84 85 86 87 88 89 8a 8b 8c 8d 8e 8f 90 91 92 93 94 95 96 97 98 99 9a 9b 9c 9d 9e 9f a0 a1 a2 a3 a4 a5 a6 a7 a8 a9 aa ab ac ad ae af b0 b1 b2 b3 b4 b5 b6 b7 b8 b9 ba bb bc bd be bf c0 c1 c2 c3 c4 c5 c6 c7 c8 c9 ca cb cc cd ce cf d0 d1 d2 d3 d4 d5 d6 d7 d8 d9 da db dc dd de df e0 e1 e2 e3 e4 e5 e6 e7 e8 e9 ea eb ec ed ee ef f0 f1 f2 f3 f4 f5 f6 f7 f8 f9 fa fb fc fd fe ff 
 0  1  2 41  4 bb 82  c  8 78 a1 f9 d3  a 18 9a 10 -- f0 ec 95 19 25 -- 71 6f 14 -- 30 -- e3 -- 20 -- -- -- 37 --  f 4f fd -- 32 -- 4a -- -- 59 e2 -- de -- 28 -- -- -- 60 d7 -- -- 11 bd -- dd 40 b1 -- -- -- -- -- -- 6e -- -- 98 1e e9 9e 5b 2d -- -- -- 64 -- -- -- 94 29 -- -- -- a4 b2 -- 13 -- -- -- 6b -- -- 55 50 47 -- f6 -- -- -- -- c0 -- 79 d1 -- -- -- -- 22 b4 ad -- -- -- 6d -- 80 -- b5 85 -- -- -- -- -- -- -- c7 -- -- -- cc dc -- -- -- -- 76 e7 -- 3c 97  5 4d eb cb b6  6 5a -- -- -- -- 83 -- -- c8 7b -- -- -- -- -- c1 ff -- 52 -- -- -- -- -- -- 4c 9f c6 b3 -- -- -- 26 63 -- -- -- -- -- -- d6 -- -- 8b -- -- aa -- a0 cd 8e  3 -- -- 3b -- -- 88 -- 66 -- a9 -- -- 57 -- -- -- f2 -- 75 -- -- -- -- -- -- -- -- -- 44 33 bf -- 8d ea -- -- -- ae -- -- da -- -- -- 

solutions so far:0 maxDepth:9 
iterations:19677214  skipped: 10 
Depth skipped: 
0 0 10 0 0 0 0 0 0 0 0 0 0 0 0 0 0 0 0 0 0 0 0 0 0 0 0 0 0 0 0 0 

running time: 2400 sec
 depth:6
 0  1  2  3  4  5  6  7  8  9  a  b  c  d  e  f 10 11 12 13 14 15 16 17 18 19 1a 1b 1c 1d 1e 1f 20 21 22 23 24 25 26 27 28 29 2a 2b 2c 2d 2e 2f 30 31 32 33 34 35 36 37 38 39 3a 3b 3c 3d 3e 3f 40 41 42 43 44 45 46 47 48 49 4a 4b 4c 4d 4e 4f 50 51 52 53 54 55 56 57 58 59 5a 5b 5c 5d 5e 5f 60 61 62 63 64 65 66 67 68 69 6a 6b 6c 6d 6e 6f 70 71 72 73 74 75 76 77 78 79 7a 7b 7c 7d 7e 7f 80 81 82 83 84 85 86 87 88 89 8a 8b 8c 8d 8e 8f 90 91 92 93 94 95 96 97 98 99 9a 9b 9c 9d 9e 9f a0 a1 a2 a3 a4 a5 a6 a7 a8 a9 aa ab ac ad ae af b0 b1 b2 b3 b4 b5 b6 b7 b8 b9 ba bb bc bd be bf c0 c1 c2 c3 c4 c5 c6 c7 c8 c9 ca cb cc cd ce cf d0 d1 d2 d3 d4 d5 d6 d7 d8 d9 da db dc dd de df e0 e1 e2 e3 e4 e5 e6 e7 e8 e9 ea eb ec ed ee ef f0 f1 f2 f3 f4 f5 f6 f7 f8 f9 fa fb fc fd fe ff 
 0  1  2 41  4 af 82 ea  8 56 89 7c d3 f7  3 -- 10 -- ac d4 c5 19 f8 -- 71 8a 39 --  6 -- -- -- 20 -- -- -- 8f -- 7f 4f 5d -- 32 -- 27 -- -- -- e2 -- c3 -- 72 -- -- --  c d7 -- -- -- -- -- f4 40 -- -- -- -- -- -- -- c9 -- -- 98 fe 48 9e 5e ba -- -- -- 64 -- -- -- 4e ef -- -- -- 12 -- -- 13 -- -- -- 51 -- -- ae e4 47 -- f1 -- -- -- -- 18 -- 79 55 -- -- -- -- -- 91 -- -- -- -- 3f -- 80 -- -- 7a -- -- -- -- -- -- -- -- -- -- -- cc 45 -- -- -- -- 6a e7 -- 2b 3e 90 -- eb cb bc 75 a3 -- -- -- -- c1 -- -- c8 93 -- -- -- -- -- 57 9c --  9 -- -- -- -- -- -- 4c 24 2f -- -- -- -- 26 fc -- -- -- -- -- -- a2 -- -- c0 -- -- 8b -- 1f -- 8e d1 -- -- 35 -- -- -- -- 66 -- 3d -- -- 30 -- -- -- f2 -- aa -- -- -- -- -- -- -- -- -- -- 33 f5 -- -- 83 -- -- -- 60 -- -- 7e -- -- -- 

solutions so far:0 maxDepth:9 
iterations:22693952  skipped: 13 
Depth skipped: 
0 0 13 0 0 0 0 0 0 0 0 0 0 0 0 0 0 0 0 0 0 0 0 0 0 0 0 0 0 0 0 0 

running time: 2700 sec
 depth:5
 0  1  2  3  4  5  6  7  8  9  a  b  c  d  e  f 10 11 12 13 14 15 16 17 18 19 1a 1b 1c 1d 1e 1f 20 21 22 23 24 25 26 27 28 29 2a 2b 2c 2d 2e 2f 30 31 32 33 34 35 36 37 38 39 3a 3b 3c 3d 3e 3f 40 41 42 43 44 45 46 47 48 49 4a 4b 4c 4d 4e 4f 50 51 52 53 54 55 56 57 58 59 5a 5b 5c 5d 5e 5f 60 61 62 63 64 65 66 67 68 69 6a 6b 6c 6d 6e 6f 70 71 72 73 74 75 76 77 78 79 7a 7b 7c 7d 7e 7f 80 81 82 83 84 85 86 87 88 89 8a 8b 8c 8d 8e 8f 90 91 92 93 94 95 96 97 98 99 9a 9b 9c 9d 9e 9f a0 a1 a2 a3 a4 a5 a6 a7 a8 a9 aa ab ac ad ae af b0 b1 b2 b3 b4 b5 b6 b7 b8 b9 ba bb bc bd be bf c0 c1 c2 c3 c4 c5 c6 c7 c8 c9 ca cb cc cd ce cf d0 d1 d2 d3 d4 d5 d6 d7 d8 d9 da db dc dd de df e0 e1 e2 e3 e4 e5 e6 e7 e8 e9 ea eb ec ed ee ef f0 f1 f2 f3 f4 f5 f6 f7 f8 f9 fa fb fc fd fe ff 
 0  1  2 41  4 a9 82 b5  8 e9 85 -- d3 -- bd -- 10 --  5 29 dd 19 -- -- 71 50 -- -- ad -- -- -- 20 -- -- --  a -- 52 4f 6d -- 32 -- -- -- -- -- e2 -- a0 -- -- -- -- -- 8d d7 -- -- -- -- -- a1 40 -- -- -- -- -- -- -- 14 -- -- 98 a4 -- 9e b4 da -- -- -- 64 -- -- -- -- -- -- -- -- -- -- -- 13 -- -- -- 97 -- -- 22 -- 47 -- 4a -- -- -- -- cd -- 79 c7 -- -- -- -- -- c6 -- -- -- -- 95 -- 80 -- -- bb -- -- -- -- -- -- -- -- -- -- -- cc 28 -- -- -- -- ff e7 -- 9f -- -- -- eb cb bf b1 63 -- -- -- -- 88 -- -- c8 25 -- -- -- -- -- 11 -- -- -- -- -- -- -- -- -- 4c -- 5a -- -- -- -- 26 2d -- -- -- -- -- -- f9 -- -- e3 -- -- 44 -- -- -- 8e b3 -- -- 94 -- -- -- -- 66 -- b6 -- -- 4d -- -- -- f2 -- 59 -- -- -- -- -- -- -- -- -- -- 33 5b -- -- b2 -- -- -- 9a -- -- fd -- -- -- 

solutions so far:0 maxDepth:9 
iterations:25622641  skipped: 13 
Depth skipped: 
0 0 13 0 0 0 0 0 0 0 0 0 0 0 0 0 0 0 0 0 0 0 0 0 0 0 0 0 0 0 0 0 

running time: 3000 sec
 depth:6
 0  1  2  3  4  5  6  7  8  9  a  b  c  d  e  f 10 11 12 13 14 15 16 17 18 19 1a 1b 1c 1d 1e 1f 20 21 22 23 24 25 26 27 28 29 2a 2b 2c 2d 2e 2f 30 31 32 33 34 35 36 37 38 39 3a 3b 3c 3d 3e 3f 40 41 42 43 44 45 46 47 48 49 4a 4b 4c 4d 4e 4f 50 51 52 53 54 55 56 57 58 59 5a 5b 5c 5d 5e 5f 60 61 62 63 64 65 66 67 68 69 6a 6b 6c 6d 6e 6f 70 71 72 73 74 75 76 77 78 79 7a 7b 7c 7d 7e 7f 80 81 82 83 84 85 86 87 88 89 8a 8b 8c 8d 8e 8f 90 91 92 93 94 95 96 97 98 99 9a 9b 9c 9d 9e 9f a0 a1 a2 a3 a4 a5 a6 a7 a8 a9 aa ab ac ad ae af b0 b1 b2 b3 b4 b5 b6 b7 b8 b9 ba bb bc bd be bf c0 c1 c2 c3 c4 c5 c6 c7 c8 c9 ca cb cc cd ce cf d0 d1 d2 d3 d4 d5 d6 d7 d8 d9 da db dc dd de df e0 e1 e2 e3 e4 e5 e6 e7 e8 e9 ea eb ec ed ee ef f0 f1 f2 f3 f4 f5 f6 f7 f8 f9 fa fb fc fd fe ff 
 0  1  2 41  4 a4 82 3d  8 86 9f  3 d3 55 7a -- 10 -- db d9 e9 19  6 -- 71 a6 aa -- f4 -- -- -- 20 -- -- -- 61 -- 65 4f  5 -- 32 --  c -- -- -- e2 -- 9b -- 83 -- -- -- 3f d7 -- -- -- -- -- f9 40 -- -- -- -- -- -- -- c2 -- -- 98 ca 8b 9e 29  a -- -- -- 64 -- -- -- 18 60 -- -- -- 57 -- -- 13 -- -- -- e1 -- -- af d1 47 -- 54 -- -- -- -- 7e -- 79 5d -- -- -- -- -- 28 -- -- -- -- 25 -- 80 -- -- 97 -- -- -- -- -- -- -- -- -- -- -- cc 53 -- -- -- -- 87 e7 -- 43 ea c1 -- eb cb 52 f5 14 -- -- -- -- c5 -- -- c8 2a -- -- -- -- -- bc 30 -- c0 -- -- -- -- -- -- 4c ae ff -- -- -- -- 26 94 -- -- -- -- -- -- 15 -- -- 5e -- -- 89 -- 75 -- 8e 91 -- -- a8 -- -- -- -- 66 -- a0 -- -- fc -- -- -- f2 -- ba -- -- -- -- -- -- -- -- -- -- 33 50 -- -- a3 -- -- -- 2f -- -- 4a -- -- -- 

solutions so far:0 maxDepth:9 
iterations:28357011  skipped: 13 
Depth skipped: 
0 0 13 0 0 0 0 0 0 0 0 0 0 0 0 0 0 0 0 0 0 0 0 0 0 0 0 0 0 0 0 0 

running time: 3300 sec
 depth:6
 0  1  2  3  4  5  6  7  8  9  a  b  c  d  e  f 10 11 12 13 14 15 16 17 18 19 1a 1b 1c 1d 1e 1f 20 21 22 23 24 25 26 27 28 29 2a 2b 2c 2d 2e 2f 30 31 32 33 34 35 36 37 38 39 3a 3b 3c 3d 3e 3f 40 41 42 43 44 45 46 47 48 49 4a 4b 4c 4d 4e 4f 50 51 52 53 54 55 56 57 58 59 5a 5b 5c 5d 5e 5f 60 61 62 63 64 65 66 67 68 69 6a 6b 6c 6d 6e 6f 70 71 72 73 74 75 76 77 78 79 7a 7b 7c 7d 7e 7f 80 81 82 83 84 85 86 87 88 89 8a 8b 8c 8d 8e 8f 90 91 92 93 94 95 96 97 98 99 9a 9b 9c 9d 9e 9f a0 a1 a2 a3 a4 a5 a6 a7 a8 a9 aa ab ac ad ae af b0 b1 b2 b3 b4 b5 b6 b7 b8 b9 ba bb bc bd be bf c0 c1 c2 c3 c4 c5 c6 c7 c8 c9 ca cb cc cd ce cf d0 d1 d2 d3 d4 d5 d6 d7 d8 d9 da db dc dd de df e0 e1 e2 e3 e4 e5 e6 e7 e8 e9 ea eb ec ed ee ef f0 f1 f2 f3 f4 f5 f6 f7 f8 f9 fa fb fc fd fe ff 
 0  1  2 41  4 95 82 e6  8 18 fd a3 d3 bc 1b -- 10 -- 30 ea 2d 19 91 -- 71 ae af -- 36 -- -- -- 20 -- -- -- 60 --  3 4f 5a -- 32 -- f5 -- -- -- e2 -- 8b -- 89 -- -- -- 6c d7 -- -- -- -- -- da 40 -- -- -- -- -- -- -- c0 -- -- 98  6 2f 9e bb b4 -- -- -- 64 -- -- -- 3d f4 -- -- -- 7e -- -- 13 -- -- -- c1 -- -- fb c5 47 -- 83 -- -- -- -- d8 -- 79 84 -- -- -- -- -- a9 -- -- -- -- 63 -- 80 -- -- 6d -- -- -- -- -- -- -- -- -- -- -- cc 57 -- -- -- -- 75 e7 --  c ba 5e -- eb cb a1 73 bf -- -- -- -- 42 -- -- c8 aa -- -- -- -- -- 96 7a -- 3f -- -- -- -- -- -- 4c fc b6 -- -- -- -- 26 5b -- -- -- -- -- -- 55 -- -- 4b -- -- 21 -- 5d -- 8e d2 -- -- d1 -- -- -- -- 66 -- dd -- -- 67 -- -- -- f2 -- df -- -- -- -- -- -- -- -- -- -- 33 85 -- -- 69 -- -- -- ce -- -- c6 -- -- -- 

solutions so far:0 maxDepth:9 
iterations:31727942  skipped: 16 
Depth skipped: 
0 0 16 0 0 0 0 0 0 0 0 0 0 0 0 0 0 0 0 0 0 0 0 0 0 0 0 0 0 0 0 0 

running time: 3600 sec
 depth:7
 0  1  2  3  4  5  6  7  8  9  a  b  c  d  e  f 10 11 12 13 14 15 16 17 18 19 1a 1b 1c 1d 1e 1f 20 21 22 23 24 25 26 27 28 29 2a 2b 2c 2d 2e 2f 30 31 32 33 34 35 36 37 38 39 3a 3b 3c 3d 3e 3f 40 41 42 43 44 45 46 47 48 49 4a 4b 4c 4d 4e 4f 50 51 52 53 54 55 56 57 58 59 5a 5b 5c 5d 5e 5f 60 61 62 63 64 65 66 67 68 69 6a 6b 6c 6d 6e 6f 70 71 72 73 74 75 76 77 78 79 7a 7b 7c 7d 7e 7f 80 81 82 83 84 85 86 87 88 89 8a 8b 8c 8d 8e 8f 90 91 92 93 94 95 96 97 98 99 9a 9b 9c 9d 9e 9f a0 a1 a2 a3 a4 a5 a6 a7 a8 a9 aa ab ac ad ae af b0 b1 b2 b3 b4 b5 b6 b7 b8 b9 ba bb bc bd be bf c0 c1 c2 c3 c4 c5 c6 c7 c8 c9 ca cb cc cd ce cf d0 d1 d2 d3 d4 d5 d6 d7 d8 d9 da db dc dd de df e0 e1 e2 e3 e4 e5 e6 e7 e8 e9 ea eb ec ed ee ef f0 f1 f2 f3 f4 f5 f6 f7 f8 f9 fa fb fc fd fe ff 
 0  1  2 41  4 88 82 a3  8 c3 c7 72 d3 12 91 43 10 -- 51 8f 59 19 e4 -- 71 35 24 -- f5 -- 86 -- 20 -- -- -- a2 -- c9 4f b2 -- 32 -- 1f -- -- 9b e2 -- 6a -- 48 -- -- -- 3d d7 -- -- db a8 -- cd 40 2a -- -- -- -- -- -- 93 -- -- 98 45 ef 9e 22 b3 -- -- -- 64 -- -- -- 3e f8 -- -- -- 4e e1 -- 13 -- -- -- d4 -- -- 2f 90 47 -- 2b -- -- -- -- 7a -- 79 af -- -- -- -- 61 b5 87 -- -- -- 4d -- 80 -- 54 8d -- -- -- -- -- -- -- a6 -- -- -- cc f1 -- -- -- -- ac e7 -- 8a 39  9 ca eb cb 44 ba b1 -- -- -- -- bc -- -- c8 fe -- -- -- -- -- fc 7c -- 27 -- -- -- -- -- -- 4c 9c 11 15 -- -- -- 26 e3 -- -- -- -- -- -- 7f -- -- 7e -- -- 5e -- f7 65 8e 5d -- -- 56 -- -- 53 -- 66 -- ad -- -- f4 -- -- -- f2 -- 89 -- -- -- -- -- -- -- -- -- c2 33 bd -- d9 c5 -- -- -- 3f -- -- 9a -- -- -- 

solutions so far:0 maxDepth:9 
iterations:35436606  skipped: 18 
Depth skipped: 
0 0 18 0 0 0 0 0 0 0 0 0 0 0 0 0 0 0 0 0 0 0 0 0 0 0 0 0 0 0 0 0 

running time: 3900 sec
 depth:7
 0  1  2  3  4  5  6  7  8  9  a  b  c  d  e  f 10 11 12 13 14 15 16 17 18 19 1a 1b 1c 1d 1e 1f 20 21 22 23 24 25 26 27 28 29 2a 2b 2c 2d 2e 2f 30 31 32 33 34 35 36 37 38 39 3a 3b 3c 3d 3e 3f 40 41 42 43 44 45 46 47 48 49 4a 4b 4c 4d 4e 4f 50 51 52 53 54 55 56 57 58 59 5a 5b 5c 5d 5e 5f 60 61 62 63 64 65 66 67 68 69 6a 6b 6c 6d 6e 6f 70 71 72 73 74 75 76 77 78 79 7a 7b 7c 7d 7e 7f 80 81 82 83 84 85 86 87 88 89 8a 8b 8c 8d 8e 8f 90 91 92 93 94 95 96 97 98 99 9a 9b 9c 9d 9e 9f a0 a1 a2 a3 a4 a5 a6 a7 a8 a9 aa ab ac ad ae af b0 b1 b2 b3 b4 b5 b6 b7 b8 b9 ba bb bc bd be bf c0 c1 c2 c3 c4 c5 c6 c7 c8 c9 ca cb cc cd ce cf d0 d1 d2 d3 d4 d5 d6 d7 d8 d9 da db dc dd de df e0 e1 e2 e3 e4 e5 e6 e7 e8 e9 ea eb ec ed ee ef f0 f1 f2 f3 f4 f5 f6 f7 f8 f9 fa fb fc fd fe ff 
 0  1  2 41  4 7c 82 7d  8 3f f8 aa d3 c0 fa dd 10 -- 7e f5 27 19 83 -- 71 bc 57 -- 23 -- 6d -- 20 -- -- -- fc -- 3d 4f 4e -- 32 -- d1 -- -- bb e2 -- af -- ae -- -- -- 46 d7 -- -- da 5a -- 90 40 fd -- -- -- -- -- -- 2f -- -- 98 7a 30 9e 1f 9c -- -- -- 64 -- -- -- 75  3 -- -- --  c a1 -- 13 -- -- -- 89 -- -- 31 8b 47 -- ba -- -- -- -- 8c -- 79 5f -- -- -- -- 63  9 b4 -- -- -- f7 -- 80 -- 2d 48 -- -- -- -- -- -- -- b6 -- -- -- cc 5e -- -- -- -- 91 e7 -- f4 55 60 85 eb cb 3e d5 ef -- -- -- -- c4 -- -- c8 5d -- -- -- -- -- f3 ea --  6 -- -- -- -- -- -- 4c 18 e4 95 -- -- -- 26 72 -- -- -- -- -- -- c5 -- -- 92 -- -- 62 -- c1 a9 8e 81 -- -- a3 -- -- 5b -- 66 -- 24 -- -- cf -- -- -- f2 -- be -- -- -- -- -- -- -- -- -- c6 33 12 -- bf ab -- -- -- 49 -- -- 39 -- -- -- 

solutions so far:0 maxDepth:9 
iterations:39066362  skipped: 19 
Depth skipped: 
0 0 19 0 0 0 0 0 0 0 0 0 0 0 0 0 0 0 0 0 0 0 0 0 0 0 0 0 0 0 0 0 

running time: 4200 sec
 depth:6
 0  1  2  3  4  5  6  7  8  9  a  b  c  d  e  f 10 11 12 13 14 15 16 17 18 19 1a 1b 1c 1d 1e 1f 20 21 22 23 24 25 26 27 28 29 2a 2b 2c 2d 2e 2f 30 31 32 33 34 35 36 37 38 39 3a 3b 3c 3d 3e 3f 40 41 42 43 44 45 46 47 48 49 4a 4b 4c 4d 4e 4f 50 51 52 53 54 55 56 57 58 59 5a 5b 5c 5d 5e 5f 60 61 62 63 64 65 66 67 68 69 6a 6b 6c 6d 6e 6f 70 71 72 73 74 75 76 77 78 79 7a 7b 7c 7d 7e 7f 80 81 82 83 84 85 86 87 88 89 8a 8b 8c 8d 8e 8f 90 91 92 93 94 95 96 97 98 99 9a 9b 9c 9d 9e 9f a0 a1 a2 a3 a4 a5 a6 a7 a8 a9 aa ab ac ad ae af b0 b1 b2 b3 b4 b5 b6 b7 b8 b9 ba bb bc bd be bf c0 c1 c2 c3 c4 c5 c6 c7 c8 c9 ca cb cc cd ce cf d0 d1 d2 d3 d4 d5 d6 d7 d8 d9 da db dc dd de df e0 e1 e2 e3 e4 e5 e6 e7 e8 e9 ea eb ec ed ee ef f0 f1 f2 f3 f4 f5 f6 f7 f8 f9 fa fb fc fd fe ff 
 0  1  2 41  4 6e 82 f5  8  d dc c4 d3 cf 3d -- 10 -- 1a b9 6f 19 5f -- 71 77 49 -- 7a -- -- -- 20 -- -- -- 34 -- a5 4f de -- 32 -- be -- -- -- e2 -- ee -- 92 -- -- -- f4 d7 -- -- -- -- -- ec 40 -- -- -- -- -- -- -- 68 -- -- 98 9d 46 9e f0 6b -- -- -- 64 -- -- -- ab d5 -- -- -- fa -- -- 13 -- -- --  b -- -- bc f3 47 -- 58 -- -- -- -- 3f -- 79 c5 -- -- -- -- -- 7b -- -- -- --  f -- 80 -- -- 76 -- -- -- -- -- -- -- -- -- -- -- cc d0 -- -- -- -- b7 e7 -- ed 62 8c -- eb cb 37 91 d6 -- -- -- -- 89 -- -- c8 2c -- -- -- -- -- 5e 81 -- 7d -- -- -- -- -- -- 4c 23 78 -- -- -- -- 26 3c -- -- -- -- -- -- 16 -- -- 2f -- -- af -- 31 -- 8e a3 -- -- b0 -- -- -- -- 66 -- 3b -- -- 7e -- -- -- f2 -- 5d -- -- -- -- -- -- -- -- -- -- 33 f6 -- -- ba -- -- -- fc -- -- 1e -- -- -- 

solutions so far:0 maxDepth:9 
iterations:42878609  skipped: 22 
Depth skipped: 
0 0 22 0 0 0 0 0 0 0 0 0 0 0 0 0 0 0 0 0 0 0 0 0 0 0 0 0 0 0 0 0 

running time: 4500 sec
 depth:7
 0  1  2  3  4  5  6  7  8  9  a  b  c  d  e  f 10 11 12 13 14 15 16 17 18 19 1a 1b 1c 1d 1e 1f 20 21 22 23 24 25 26 27 28 29 2a 2b 2c 2d 2e 2f 30 31 32 33 34 35 36 37 38 39 3a 3b 3c 3d 3e 3f 40 41 42 43 44 45 46 47 48 49 4a 4b 4c 4d 4e 4f 50 51 52 53 54 55 56 57 58 59 5a 5b 5c 5d 5e 5f 60 61 62 63 64 65 66 67 68 69 6a 6b 6c 6d 6e 6f 70 71 72 73 74 75 76 77 78 79 7a 7b 7c 7d 7e 7f 80 81 82 83 84 85 86 87 88 89 8a 8b 8c 8d 8e 8f 90 91 92 93 94 95 96 97 98 99 9a 9b 9c 9d 9e 9f a0 a1 a2 a3 a4 a5 a6 a7 a8 a9 aa ab ac ad ae af b0 b1 b2 b3 b4 b5 b6 b7 b8 b9 ba bb bc bd be bf c0 c1 c2 c3 c4 c5 c6 c7 c8 c9 ca cb cc cd ce cf d0 d1 d2 d3 d4 d5 d6 d7 d8 d9 da db dc dd de df e0 e1 e2 e3 e4 e5 e6 e7 e8 e9 ea eb ec ed ee ef f0 f1 f2 f3 f4 f5 f6 f7 f8 f9 fa fb fc fd fe ff 
 0  1  2 41  4 5c 82 fb  8 1a b8 b4 d3 bb 21 88 10 -- 34 a5 a7 19 bf -- 71 ee a1 -- 42 -- c7 -- 20 -- -- -- 68 -- 9d 4f 99 -- 32 -- a9 -- -- bd e2 --  b -- 95 -- -- -- 84 d7 -- -- 59 9a --  e 40 cd -- -- -- -- -- -- d0 -- -- 98 ed 5b 9e 17 e5 -- -- -- 64 -- -- -- 85 6d -- -- -- 63 ad -- 13 -- -- -- 16 -- -- 1b fd 47 -- b0 -- -- -- -- df -- 79 d8 -- -- -- -- b2 3a e3 -- -- -- 1c -- 80 -- 4d  7 -- -- -- -- -- -- -- b5 -- -- -- cc 77 -- -- -- -- b9 e7 --  d 5a b6 44 eb cb 2e 96 1d -- -- -- -- 6c -- -- c8 58 -- -- -- -- -- e6 dd -- da -- -- -- -- -- -- 4c c6 e0 8d -- -- -- 26 70 -- -- -- -- -- -- 2c -- -- 73 -- -- 36 -- 2d 22 8e 4b -- -- b7 -- -- b1 -- 66 -- e8 -- -- 69 -- -- -- f2 -- 67 -- -- -- -- -- -- -- -- -- b3 33 74 -- 11 ce -- -- -- d2 -- -- 38 -- -- -- 

solutions so far:0 maxDepth:9 
iterations:47322043  skipped: 25 
Depth skipped: 
0 0 25 0 0 0 0 0 0 0 0 0 0 0 0 0 0 0 0 0 0 0 0 0 0 0 0 0 0 0 0 0 

running time: 4800 sec
 depth:7
 0  1  2  3  4  5  6  7  8  9  a  b  c  d  e  f 10 11 12 13 14 15 16 17 18 19 1a 1b 1c 1d 1e 1f 20 21 22 23 24 25 26 27 28 29 2a 2b 2c 2d 2e 2f 30 31 32 33 34 35 36 37 38 39 3a 3b 3c 3d 3e 3f 40 41 42 43 44 45 46 47 48 49 4a 4b 4c 4d 4e 4f 50 51 52 53 54 55 56 57 58 59 5a 5b 5c 5d 5e 5f 60 61 62 63 64 65 66 67 68 69 6a 6b 6c 6d 6e 6f 70 71 72 73 74 75 76 77 78 79 7a 7b 7c 7d 7e 7f 80 81 82 83 84 85 86 87 88 89 8a 8b 8c 8d 8e 8f 90 91 92 93 94 95 96 97 98 99 9a 9b 9c 9d 9e 9f a0 a1 a2 a3 a4 a5 a6 a7 a8 a9 aa ab ac ad ae af b0 b1 b2 b3 b4 b5 b6 b7 b8 b9 ba bb bc bd be bf c0 c1 c2 c3 c4 c5 c6 c7 c8 c9 ca cb cc cd ce cf d0 d1 d2 d3 d4 d5 d6 d7 d8 d9 da db dc dd de df e0 e1 e2 e3 e4 e5 e6 e7 e8 e9 ea eb ec ed ee ef f0 f1 f2 f3 f4 f5 f6 f7 f8 f9 fa fb fc fd fe ff 
 0  1  2 41  4 4a 82 b5  8 5d 94 60 d3 ea bd 6d 10 -- ba bc ff 19 c0 -- 71 3d  3 -- ad -- da -- 20 -- -- -- a3 -- af 4f 29 -- 32 -- 57 -- -- a1 e2 -- 7a --  6 -- -- -- 8d d7 -- -- 63 b4 -- 14 40 2d -- -- -- -- -- -- 91 -- -- 98 89 d1 9e f9 52 -- -- -- 64 -- -- -- ae c1 -- -- -- aa 95 -- 13 -- -- -- f4 -- -- 22  c 47 -- fc -- -- -- -- cd -- 79 c7 -- -- -- -- c6 9f bf -- -- -- 28 -- 80 -- 5a  a -- -- -- -- -- -- -- bb -- -- -- cc f5 -- -- -- -- 5e e7 -- c5 30 75 dd eb cb 25 b1 a4 -- -- -- -- 88 -- -- c8 7e -- -- -- -- -- 11 8b -- 55 -- -- -- -- -- -- 4c 83 97 fd -- -- -- 26 a0 -- -- -- -- -- -- 3f -- -- e3 -- -- 44 -- 18 85 8e b3 -- -- 2f -- -- b6 -- 66 --  5 -- -- 4d -- -- -- f2 -- 59 -- -- -- -- -- -- -- -- -- 5b 33 e9 -- a9 b2 -- -- -- 9a -- -- 50 -- -- -- 

solutions so far:0 maxDepth:9 
iterations:52646668  skipped: 28 
Depth skipped: 
0 0 28 0 0 0 0 0 0 0 0 0 0 0 0 0 0 0 0 0 0 0 0 0 0 0 0 0 0 0 0 0 

running time: 5100 sec
 depth:7
 0  1  2  3  4  5  6  7  8  9  a  b  c  d  e  f 10 11 12 13 14 15 16 17 18 19 1a 1b 1c 1d 1e 1f 20 21 22 23 24 25 26 27 28 29 2a 2b 2c 2d 2e 2f 30 31 32 33 34 35 36 37 38 39 3a 3b 3c 3d 3e 3f 40 41 42 43 44 45 46 47 48 49 4a 4b 4c 4d 4e 4f 50 51 52 53 54 55 56 57 58 59 5a 5b 5c 5d 5e 5f 60 61 62 63 64 65 66 67 68 69 6a 6b 6c 6d 6e 6f 70 71 72 73 74 75 76 77 78 79 7a 7b 7c 7d 7e 7f 80 81 82 83 84 85 86 87 88 89 8a 8b 8c 8d 8e 8f 90 91 92 93 94 95 96 97 98 99 9a 9b 9c 9d 9e 9f a0 a1 a2 a3 a4 a5 a6 a7 a8 a9 aa ab ac ad ae af b0 b1 b2 b3 b4 b5 b6 b7 b8 b9 ba bb bc bd be bf c0 c1 c2 c3 c4 c5 c6 c7 c8 c9 ca cb cc cd ce cf d0 d1 d2 d3 d4 d5 d6 d7 d8 d9 da db dc dd de df e0 e1 e2 e3 e4 e5 e6 e7 e8 e9 ea eb ec ed ee ef f0 f1 f2 f3 f4 f5 f6 f7 f8 f9 fa fb fc fd fe ff 
 0  1  2 41  4 36 82 8b  8 2b 6c c5 d3 fc c1 e4 10 -- 56 6a d8 19 5d -- 71 45 2f -- 55 -- 1f -- 20 -- -- -- ac -- d4 4f 67 -- 32 -- ba -- -- 9c e2 -- 8a -- 5e -- -- -- aa d7 -- -- 3e 48 -- 84 40 12 -- -- -- -- -- -- 8f -- -- 98 7f 3f 9e e6 ce -- -- -- 64 -- -- -- a3 f5 -- -- -- 7a ef -- 13 -- -- -- c3 -- --  6 bc 47 -- 93 -- -- -- -- 83 -- 79 30 -- -- -- -- 7c 96 90 -- -- -- df -- 80 -- 24 42 -- -- -- -- -- -- -- 4e -- -- -- cc c9 -- -- -- -- 35 e7 -- fe 89 7e 72 eb cb 1b ae 4b -- -- -- -- 18 -- -- c8 a2 -- -- -- -- --  3 91 -- 3d -- -- -- -- -- -- 4c f4 73  9 -- -- -- 26 d2 -- -- -- -- -- -- 51 -- -- ea -- --  c -- af 39 8e 57 -- -- f1 -- -- 27 -- 66 -- 21 -- -- d1 -- -- -- f2 -- 60 -- -- -- -- -- -- -- -- -- f8 33 fb -- f7 c0 -- -- -- 75 -- -- 69 -- -- -- 

solutions so far:0 maxDepth:9 
iterations:58353500  skipped: 30 
Depth skipped: 
0 0 30 0 0 0 0 0 0 0 0 0 0 0 0 0 0 0 0 0 0 0 0 0 0 0 0 0 0 0 0 0 

running time: 5400 sec
 depth:7
 0  1  2  3  4  5  6  7  8  9  a  b  c  d  e  f 10 11 12 13 14 15 16 17 18 19 1a 1b 1c 1d 1e 1f 20 21 22 23 24 25 26 27 28 29 2a 2b 2c 2d 2e 2f 30 31 32 33 34 35 36 37 38 39 3a 3b 3c 3d 3e 3f 40 41 42 43 44 45 46 47 48 49 4a 4b 4c 4d 4e 4f 50 51 52 53 54 55 56 57 58 59 5a 5b 5c 5d 5e 5f 60 61 62 63 64 65 66 67 68 69 6a 6b 6c 6d 6e 6f 70 71 72 73 74 75 76 77 78 79 7a 7b 7c 7d 7e 7f 80 81 82 83 84 85 86 87 88 89 8a 8b 8c 8d 8e 8f 90 91 92 93 94 95 96 97 98 99 9a 9b 9c 9d 9e 9f a0 a1 a2 a3 a4 a5 a6 a7 a8 a9 aa ab ac ad ae af b0 b1 b2 b3 b4 b5 b6 b7 b8 b9 ba bb bc bd be bf c0 c1 c2 c3 c4 c5 c6 c7 c8 c9 ca cb cc cd ce cf d0 d1 d2 d3 d4 d5 d6 d7 d8 d9 da db dc dd de df e0 e1 e2 e3 e4 e5 e6 e7 e8 e9 ea eb ec ed ee ef f0 f1 f2 f3 f4 f5 f6 f7 f8 f9 fa fb fc fd fe ff 
 0  1  2 41  4 27 82 b0  8 fe 4e f3 d3 23 b7 1d 10 -- 2b 35 9c 19 31 -- 71 c9 46 -- b9 -- 3a -- 20 -- -- -- 56 -- 6a 4f ef -- 32 -- 62 -- -- 38 e2 -- 45 -- 8c -- -- -- a5 d7 -- -- 74 5c -- 39 40 17 -- -- -- -- -- -- ac -- -- 98 d4 7d 9e 7c  9 -- -- -- 64 -- -- -- c4 be -- -- -- 81 70 -- 13 -- -- -- 8a -- -- 68 cf 47 -- a2 -- -- -- -- 9d -- 79 ee -- -- -- -- e8 24 b8 -- -- -- 72 -- 80 -- 2e f7 -- -- -- -- -- -- -- 1c -- -- -- cc 8f -- -- -- -- f1 e7 -- 7f 92 fa e5 eb cb f8 58 12 -- -- -- -- 77 -- -- c8 51 -- -- -- -- -- 34 5f -- ab -- -- -- -- -- -- 4c d5 3e e0 -- -- -- 26 1f -- -- -- -- -- -- c3 -- -- 1a -- -- d0 -- 49 99 8e 2c -- -- 93 -- --  e -- 66 -- 90 -- -- ed -- -- -- f2 --  b -- -- -- -- -- -- -- -- --  7 33 48 -- a7 16 -- -- --  d -- -- e4 -- -- -- 

solutions so far:0 maxDepth:10 
iterations:63671879  skipped: 31 
Depth skipped: 
0 0 31 0 0 0 0 0 0 0 0 0 0 0 0 0 0 0 0 0 0 0 0 0 0 0 0 0 0 0 0 0 

running time: 5700 sec
 depth:7
 0  1  2  3  4  5  6  7  8  9  a  b  c  d  e  f 10 11 12 13 14 15 16 17 18 19 1a 1b 1c 1d 1e 1f 20 21 22 23 24 25 26 27 28 29 2a 2b 2c 2d 2e 2f 30 31 32 33 34 35 36 37 38 39 3a 3b 3c 3d 3e 3f 40 41 42 43 44 45 46 47 48 49 4a 4b 4c 4d 4e 4f 50 51 52 53 54 55 56 57 58 59 5a 5b 5c 5d 5e 5f 60 61 62 63 64 65 66 67 68 69 6a 6b 6c 6d 6e 6f 70 71 72 73 74 75 76 77 78 79 7a 7b 7c 7d 7e 7f 80 81 82 83 84 85 86 87 88 89 8a 8b 8c 8d 8e 8f 90 91 92 93 94 95 96 97 98 99 9a 9b 9c 9d 9e 9f a0 a1 a2 a3 a4 a5 a6 a7 a8 a9 aa ab ac ad ae af b0 b1 b2 b3 b4 b5 b6 b7 b8 b9 ba bb bc bd be bf c0 c1 c2 c3 c4 c5 c6 c7 c8 c9 ca cb cc cd ce cf d0 d1 d2 d3 d4 d5 d6 d7 d8 d9 da db dc dd de df e0 e1 e2 e3 e4 e5 e6 e7 e8 e9 ea eb ec ed ee ef f0 f1 f2 f3 f4 f5 f6 f7 f8 f9 fa fb fc fd fe ff 
 0  1  2 41  4 15 82 5c  8 e9 2a 1a d3 b7 b8 bf 10 --  5 29 54 19 34 -- 71 50 b9 -- a7 -- a9 -- 20 -- -- --  a -- 52 4f a8 -- 32 -- 68 -- -- c6 e2 -- a0 -- a5 -- -- -- 99 d7 -- -- 85 95 -- db 40 bb -- -- -- -- -- -- 14 -- -- 98 a4 58 9e 9b 87 -- -- -- 64 -- -- -- d0 ee -- -- -- 16 5b -- 13 -- -- -- 97 -- --  7 9d 47 -- 4a -- -- -- -- e5 -- 79 38 -- -- -- -- dd 65 fd -- -- -- 61 -- 80 -- a1 86 -- -- -- -- -- -- -- 63 -- -- -- cc 28 -- -- -- -- ff e7 -- 9f  d b0 b4 eb cb e1 2e d9 -- -- -- -- 1c -- -- c8 25 -- -- -- -- -- e8 77 --  b -- -- -- -- -- -- 4c 2c a6 b6 -- -- -- 26 53 -- -- -- -- -- -- f9 -- -- 74 -- --  e -- ed 5a 8e 17 -- -- 94 -- -- da -- 66 -- 43 -- -- 1d -- -- -- f2 -- 70 -- -- -- -- -- -- -- -- -- 6d 33 ca -- 2d e0 -- -- -- 3a -- -- c2 -- -- -- 

solutions so far:0 maxDepth:10 
iterations:69260128  skipped: 34 
Depth skipped: 
0 0 34 0 0 0 0 0 0 0 0 0 0 0 0 0 0 0 0 0 0 0 0 0 0 0 0 0 0 0 0 0 

running time: 6000 sec

Finished. Total running time: 6230 sec
