Search S-boxes invariant for matrices: 
{0x00,0x02,0x04,0x06,0x08,0x0a,0x0c,0x0e,0x10,0x12,0x14,0x16,0x18,0x1a,0x1c,0x1e,0x20,0x22,0x24,0x26,0x28,0x2a,0x2c,0x2e,0x30,0x32,0x34,0x36,0x38,0x3a,0x3c,0x3e,0x40,0x42,0x44,0x46,0x48,0x4a,0x4c,0x4e,0x50,0x52,0x54,0x56,0x58,0x5a,0x5c,0x5e,0x60,0x62,0x64,0x66,0x68,0x6a,0x6c,0x6e,0x70,0x72,0x74,0x76,0x78,0x7a,0x7c,0x7e,0x80,0x82,0x84,0x86,0x88,0x8a,0x8c,0x8e,0x90,0x92,0x94,0x96,0x98,0x9a,0x9c,0x9e,0xa0,0xa2,0xa4,0xa6,0xa8,0xaa,0xac,0xae,0xb0,0xb2,0xb4,0xb6,0xb8,0xba,0xbc,0xbe,0xc0,0xc2,0xc4,0xc6,0xc8,0xca,0xcc,0xce,0xd0,0xd2,0xd4,0xd6,0xd8,0xda,0xdc,0xde,0xe0,0xe2,0xe4,0xe6,0xe8,0xea,0xec,0xee,0xf0,0xf2,0xf4,0xf6,0xf8,0xfa,0xfc,0xfe,0x39,0x3b,0x3d,0x3f,0x31,0x33,0x35,0x37,0x29,0x2b,0x2d,0x2f,0x21,0x23,0x25,0x27,0x19,0x1b,0x1d,0x1f,0x11,0x13,0x15,0x17,0x09,0x0b,0x0d,0x0f,0x01,0x03,0x05,0x07,0x79,0x7b,0x7d,0x7f,0x71,0x73,0x75,0x77,0x69,0x6b,0x6d,0x6f,0x61,0x63,0x65,0x67,0x59,0x5b,0x5d,0x5f,0x51,0x53,0x55,0x57,0x49,0x4b,0x4d,0x4f,0x41,0x43,0x45,0x47,0xb9,0xbb,0xbd,0xbf,0xb1,0xb3,0xb5,0xb7,0xa9,0xab,0xad,0xaf,0xa1,0xa3,0xa5,0xa7,0x99,0x9b,0x9d,0x9f,0x91,0x93,0x95,0x97,0x89,0x8b,0x8d,0x8f,0x81,0x83,0x85,0x87,0xf9,0xfb,0xfd,0xff,0xf1,0xf3,0xf5,0xf7,0xe9,0xeb,0xed,0xef,0xe1,0xe3,0xe5,0xe7,0xd9,0xdb,0xdd,0xdf,0xd1,0xd3,0xd5,0xd7,0xc9,0xcb,0xcd,0xcf,0xc1,0xc3,0xc5,0xc7};
{0x00,0x02,0x04,0x06,0x08,0x0a,0x0c,0x0e,0x10,0x12,0x14,0x16,0x18,0x1a,0x1c,0x1e,0x20,0x22,0x24,0x26,0x28,0x2a,0x2c,0x2e,0x30,0x32,0x34,0x36,0x38,0x3a,0x3c,0x3e,0x40,0x42,0x44,0x46,0x48,0x4a,0x4c,0x4e,0x50,0x52,0x54,0x56,0x58,0x5a,0x5c,0x5e,0x60,0x62,0x64,0x66,0x68,0x6a,0x6c,0x6e,0x70,0x72,0x74,0x76,0x78,0x7a,0x7c,0x7e,0x80,0x82,0x84,0x86,0x88,0x8a,0x8c,0x8e,0x90,0x92,0x94,0x96,0x98,0x9a,0x9c,0x9e,0xa0,0xa2,0xa4,0xa6,0xa8,0xaa,0xac,0xae,0xb0,0xb2,0xb4,0xb6,0xb8,0xba,0xbc,0xbe,0xc0,0xc2,0xc4,0xc6,0xc8,0xca,0xcc,0xce,0xd0,0xd2,0xd4,0xd6,0xd8,0xda,0xdc,0xde,0xe0,0xe2,0xe4,0xe6,0xe8,0xea,0xec,0xee,0xf0,0xf2,0xf4,0xf6,0xf8,0xfa,0xfc,0xfe,0xd7,0xd5,0xd3,0xd1,0xdf,0xdd,0xdb,0xd9,0xc7,0xc5,0xc3,0xc1,0xcf,0xcd,0xcb,0xc9,0xf7,0xf5,0xf3,0xf1,0xff,0xfd,0xfb,0xf9,0xe7,0xe5,0xe3,0xe1,0xef,0xed,0xeb,0xe9,0x97,0x95,0x93,0x91,0x9f,0x9d,0x9b,0x99,0x87,0x85,0x83,0x81,0x8f,0x8d,0x8b,0x89,0xb7,0xb5,0xb3,0xb1,0xbf,0xbd,0xbb,0xb9,0xa7,0xa5,0xa3,0xa1,0xaf,0xad,0xab,0xa9,0x57,0x55,0x53,0x51,0x5f,0x5d,0x5b,0x59,0x47,0x45,0x43,0x41,0x4f,0x4d,0x4b,0x49,0x77,0x75,0x73,0x71,0x7f,0x7d,0x7b,0x79,0x67,0x65,0x63,0x61,0x6f,0x6d,0x6b,0x69,0x17,0x15,0x13,0x11,0x1f,0x1d,0x1b,0x19,0x07,0x05,0x03,0x01,0x0f,0x0d,0x0b,0x09,0x37,0x35,0x33,0x31,0x3f,0x3d,0x3b,0x39,0x27,0x25,0x23,0x21,0x2f,0x2d,0x2b,0x29};



 depth:6
 0  1  2  3  4  5  6  7  8  9  a  b  c  d  e  f 10 11 12 13 14 15 16 17 18 19 1a 1b 1c 1d 1e 1f 20 21 22 23 24 25 26 27 28 29 2a 2b 2c 2d 2e 2f 30 31 32 33 34 35 36 37 38 39 3a 3b 3c 3d 3e 3f 40 41 42 43 44 45 46 47 48 49 4a 4b 4c 4d 4e 4f 50 51 52 53 54 55 56 57 58 59 5a 5b 5c 5d 5e 5f 60 61 62 63 64 65 66 67 68 69 6a 6b 6c 6d 6e 6f 70 71 72 73 74 75 76 77 78 79 7a 7b 7c 7d 7e 7f 80 81 82 83 84 85 86 87 88 89 8a 8b 8c 8d 8e 8f 90 91 92 93 94 95 96 97 98 99 9a 9b 9c 9d 9e 9f a0 a1 a2 a3 a4 a5 a6 a7 a8 a9 aa ab ac ad ae af b0 b1 b2 b3 b4 b5 b6 b7 b8 b9 ba bb bc bd be bf c0 c1 c2 c3 c4 c5 c6 c7 c8 c9 ca cb cc cd ce cf d0 d1 d2 d3 d4 d5 d6 d7 d8 d9 da db dc dd de df e0 e1 e2 e3 e4 e5 e6 e7 e8 e9 ea eb ec ed ee ef f0 f1 f2 f3 f4 f5 f6 f7 f8 f9 fa fb fc fd fe ff 
 0  1  2 42  4 f6 84 52  8 68 3b 9b df 86 a4 -- 10 -- d0 ed 76 d8 e1 -- 69 16 db -- 9f -- -- -- 20 -- -- -- 77 --  d 4f ec -- 67 -- 15 -- -- -- d2 -- 2c -- 61 -- -- -- e9 d7 -- -- -- -- -- 6e 40 -- -- -- -- -- -- -- ee -- -- 36 1a ca 9e d6  f -- -- -- ce -- -- -- 2a a8 -- -- -- d9 -- -- 73 -- -- -- 58 -- -- a0 c2 96 -- b9 -- -- -- --  5 -- 79 25 -- -- -- -- -- 3c -- -- -- -- dc -- 80 -- -- 37 -- -- -- -- -- -- -- -- -- -- -- cc  b -- -- -- -- 9d 6c -- 34 a6 43 -- eb 21 7b 29 1e -- -- -- -- f9 -- -- 4b b7 -- -- -- -- -- 50 54 -- 87 -- -- -- -- -- -- 1b 65 6b -- -- -- -- e6 de -- -- -- -- -- -- b0 -- -- 28 -- -- 97 -- 53 -- fb ff -- -- a5 -- -- -- -- 66 -- f0 -- --  a -- -- -- f2 -- 4a -- -- -- -- -- -- -- -- -- -- 33 78 -- -- 94 -- -- -- 14 -- -- 6f -- -- -- 

solutions so far:0 maxDepth:9 
iterations:2762588  skipped: 3 
Depth skipped: 
0 0 3 0 0 0 0 0 0 0 0 0 0 0 0 0 0 0 0 0 0 0 0 0 0 0 0 0 0 0 0 0 

running time: 300 sec
 depth:7
 0  1  2  3  4  5  6  7  8  9  a  b  c  d  e  f 10 11 12 13 14 15 16 17 18 19 1a 1b 1c 1d 1e 1f 20 21 22 23 24 25 26 27 28 29 2a 2b 2c 2d 2e 2f 30 31 32 33 34 35 36 37 38 39 3a 3b 3c 3d 3e 3f 40 41 42 43 44 45 46 47 48 49 4a 4b 4c 4d 4e 4f 50 51 52 53 54 55 56 57 58 59 5a 5b 5c 5d 5e 5f 60 61 62 63 64 65 66 67 68 69 6a 6b 6c 6d 6e 6f 70 71 72 73 74 75 76 77 78 79 7a 7b 7c 7d 7e 7f 80 81 82 83 84 85 86 87 88 89 8a 8b 8c 8d 8e 8f 90 91 92 93 94 95 96 97 98 99 9a 9b 9c 9d 9e 9f a0 a1 a2 a3 a4 a5 a6 a7 a8 a9 aa ab ac ad ae af b0 b1 b2 b3 b4 b5 b6 b7 b8 b9 ba bb bc bd be bf c0 c1 c2 c3 c4 c5 c6 c7 c8 c9 ca cb cc cd ce cf d0 d1 d2 d3 d4 d5 d6 d7 d8 d9 da db dc dd de df e0 e1 e2 e3 e4 e5 e6 e7 e8 e9 ea eb ec ed ee ef f0 f1 f2 f3 f4 f5 f6 f7 f8 f9 fa fb fc fd fe ff 
 0  1  2 42  4 ea 84 e2  8 16  3 a2 df 8f 13 31 10 -- 2c d0  6 d8 93 -- 69 b9 c9 -- 26 -- 62 -- 20 -- -- -- 58 -- 77 4f  c -- 67 -- f1 -- -- d5 d2 -- a5 -- 45 -- -- -- 4c d7 -- -- c4 8c -- 8b 40 23 -- -- -- -- -- -- b0 -- -- 36 ee 56 9e d1 18 -- -- -- ce -- -- -- 35 d4 -- -- -- fe 7d -- 73 -- -- -- 9d -- -- c8 8a 96 -- 1a -- -- -- -- 98 -- 79 cb -- -- -- -- 5f 60 cf -- -- -- c1 -- 80 -- 46 ae -- -- -- -- -- -- -- 81 -- -- -- cc b7 -- -- -- -- 68 6c --  b 51 ac f3 eb 21 75 71 30 -- -- -- -- 8e -- -- 4b  d -- -- -- -- -- 64 6a -- 7f -- -- -- -- -- -- 1b 2b 83 fa -- -- -- e6 aa -- -- -- -- -- -- ed -- -- 32 -- -- 47 -- c3 92 fb d3 -- -- 34 -- -- ab -- 66 -- 57 -- -- e7 -- -- -- f2 -- 41 -- -- -- -- -- -- -- -- -- be 33 c0 -- 49 82 -- -- -- 19 -- -- 55 -- -- -- 

solutions so far:0 maxDepth:9 
iterations:5333137  skipped: 6 
Depth skipped: 
0 0 6 0 0 0 0 0 0 0 0 0 0 0 0 0 0 0 0 0 0 0 0 0 0 0 0 0 0 0 0 0 

running time: 600 sec
 depth:7
 0  1  2  3  4  5  6  7  8  9  a  b  c  d  e  f 10 11 12 13 14 15 16 17 18 19 1a 1b 1c 1d 1e 1f 20 21 22 23 24 25 26 27 28 29 2a 2b 2c 2d 2e 2f 30 31 32 33 34 35 36 37 38 39 3a 3b 3c 3d 3e 3f 40 41 42 43 44 45 46 47 48 49 4a 4b 4c 4d 4e 4f 50 51 52 53 54 55 56 57 58 59 5a 5b 5c 5d 5e 5f 60 61 62 63 64 65 66 67 68 69 6a 6b 6c 6d 6e 6f 70 71 72 73 74 75 76 77 78 79 7a 7b 7c 7d 7e 7f 80 81 82 83 84 85 86 87 88 89 8a 8b 8c 8d 8e 8f 90 91 92 93 94 95 96 97 98 99 9a 9b 9c 9d 9e 9f a0 a1 a2 a3 a4 a5 a6 a7 a8 a9 aa ab ac ad ae af b0 b1 b2 b3 b4 b5 b6 b7 b8 b9 ba bb bc bd be bf c0 c1 c2 c3 c4 c5 c6 c7 c8 c9 ca cb cc cd ce cf d0 d1 d2 d3 d4 d5 d6 d7 d8 d9 da db dc dd de df e0 e1 e2 e3 e4 e5 e6 e7 e8 e9 ea eb ec ed ee ef f0 f1 f2 f3 f4 f5 f6 f7 f8 f9 fa fb fc fd fe ff 
 0  1  2 42  4 e4 84 94  8 d5 1f a2 df 8f ff  3 10 -- 7d 5f 3e d8 93 -- 69 8c c9 -- 29 --  6 -- 20 -- -- -- fa -- be 4f 7c -- 67 -- f1 -- -- 57 d2 -- cf -- 45 -- -- -- 52 d7 -- --  c aa -- 12 40 c1 -- -- -- -- -- -- 23 -- -- 36 ab 56 9e 39 f8 -- -- -- ce -- -- -- 35 d4 -- -- -- fe ae -- 73 -- -- -- 49 -- -- 14 8a 96 -- 31 -- -- -- -- a4 -- 79 a0 -- -- -- -- 18 4e 83 -- -- -- 24 -- 80 -- 55  9 -- -- -- -- -- -- -- c0 -- -- -- cc 46 -- -- -- -- c4 6c -- 81 51 ac ea eb 21 72 4a 27 -- -- -- -- 50 -- -- 4b f3 -- -- -- -- --  a 6a -- 7f -- -- -- -- -- -- 1b 2b f7 8b -- -- -- e6 90 -- -- -- -- -- -- 92 -- --  5 -- -- 28 -- c3 75 fb 25 -- -- 62 -- -- 60 -- 66 -- ef -- -- 9f -- -- -- f2 -- 97 -- -- -- -- -- -- -- -- -- 30 33 9c -- d1 f9 -- -- -- e9 -- -- 48 -- -- -- 

solutions so far:0 maxDepth:9 
iterations:7776343  skipped: 6 
Depth skipped: 
0 0 6 0 0 0 0 0 0 0 0 0 0 0 0 0 0 0 0 0 0 0 0 0 0 0 0 0 0 0 0 0 

running time: 900 sec
 depth:7
 0  1  2  3  4  5  6  7  8  9  a  b  c  d  e  f 10 11 12 13 14 15 16 17 18 19 1a 1b 1c 1d 1e 1f 20 21 22 23 24 25 26 27 28 29 2a 2b 2c 2d 2e 2f 30 31 32 33 34 35 36 37 38 39 3a 3b 3c 3d 3e 3f 40 41 42 43 44 45 46 47 48 49 4a 4b 4c 4d 4e 4f 50 51 52 53 54 55 56 57 58 59 5a 5b 5c 5d 5e 5f 60 61 62 63 64 65 66 67 68 69 6a 6b 6c 6d 6e 6f 70 71 72 73 74 75 76 77 78 79 7a 7b 7c 7d 7e 7f 80 81 82 83 84 85 86 87 88 89 8a 8b 8c 8d 8e 8f 90 91 92 93 94 95 96 97 98 99 9a 9b 9c 9d 9e 9f a0 a1 a2 a3 a4 a5 a6 a7 a8 a9 aa ab ac ad ae af b0 b1 b2 b3 b4 b5 b6 b7 b8 b9 ba bb bc bd be bf c0 c1 c2 c3 c4 c5 c6 c7 c8 c9 ca cb cc cd ce cf d0 d1 d2 d3 d4 d5 d6 d7 d8 d9 da db dc dd de df e0 e1 e2 e3 e4 e5 e6 e7 e8 e9 ea eb ec ed ee ef f0 f1 f2 f3 f4 f5 f6 f7 f8 f9 fa fb fc fd fe ff 
 0  1  2 42  4 db 84  9  8 f1 61 5b df 85 12 c0 10 -- 35 c3 c2 d8 b6 -- 69 fe dd -- 24 -- 57 -- 20 -- -- -- 6a -- 51 4f 53 -- 67 -- bb -- -- 83 d2 -- 2b -- 6d -- -- -- 48 d7 -- -- ae  6 -- a8 40 ea -- -- -- -- -- -- d4 -- -- 36 a2 bf 9e 43 a6 -- -- -- ce -- -- -- a1 fd -- -- -- 5a d1 -- 73 -- -- -- 56 -- -- 1f da 96 -- c9 -- -- -- -- 90 -- 79 f8 -- -- -- -- 8b e1  c -- -- -- 87 -- 80 --  3 54 -- -- -- -- -- -- -- aa -- -- -- cc 7f -- -- -- -- 8a 6c -- 93 c6 a9 60 eb 21 86 ef 9b -- -- -- -- 7c -- -- 4b 8f -- -- -- -- -- e4 95 -- 2d -- -- -- -- -- -- 1b b4 ca 75 -- -- -- e6 65 -- -- -- -- -- -- ac -- -- 72 -- -- 3e -- 63 30 fb 9c -- -- 45 -- -- 55 -- 66 -- 2a -- -- f7 -- -- -- f2 -- 27 -- -- -- -- -- -- -- -- -- c1 33 15 -- 18 4e -- -- -- 39 -- -- d9 -- -- -- 

solutions so far:0 maxDepth:9 
iterations:10126148  skipped: 9 
Depth skipped: 
0 0 9 0 0 0 0 0 0 0 0 0 0 0 0 0 0 0 0 0 0 0 0 0 0 0 0 0 0 0 0 0 

running time: 1200 sec
 depth:6
 0  1  2  3  4  5  6  7  8  9  a  b  c  d  e  f 10 11 12 13 14 15 16 17 18 19 1a 1b 1c 1d 1e 1f 20 21 22 23 24 25 26 27 28 29 2a 2b 2c 2d 2e 2f 30 31 32 33 34 35 36 37 38 39 3a 3b 3c 3d 3e 3f 40 41 42 43 44 45 46 47 48 49 4a 4b 4c 4d 4e 4f 50 51 52 53 54 55 56 57 58 59 5a 5b 5c 5d 5e 5f 60 61 62 63 64 65 66 67 68 69 6a 6b 6c 6d 6e 6f 70 71 72 73 74 75 76 77 78 79 7a 7b 7c 7d 7e 7f 80 81 82 83 84 85 86 87 88 89 8a 8b 8c 8d 8e 8f 90 91 92 93 94 95 96 97 98 99 9a 9b 9c 9d 9e 9f a0 a1 a2 a3 a4 a5 a6 a7 a8 a9 aa ab ac ad ae af b0 b1 b2 b3 b4 b5 b6 b7 b8 b9 ba bb bc bd be bf c0 c1 c2 c3 c4 c5 c6 c7 c8 c9 ca cb cc cd ce cf d0 d1 d2 d3 d4 d5 d6 d7 d8 d9 da db dc dd de df e0 e1 e2 e3 e4 e5 e6 e7 e8 e9 ea eb ec ed ee ef f0 f1 f2 f3 f4 f5 f6 f7 f8 f9 fa fb fc fd fe ff 
 0  1  2 42  4 cf 84 18  8 3e 49 5b df 85 30 -- 10 -- 7c 39 92 d8 b6 -- 69 9c dd -- 60 -- -- -- 20 -- -- -- f8 -- 72 4f f3 -- 67 -- bb -- -- -- d2 -- ef -- 6d -- -- -- c0 d7 -- -- -- -- -- 81 40 -- -- -- -- -- -- -- 27 -- -- 36 e4 bf 9e 46 31 -- -- -- ce -- -- -- a1 fd -- -- -- 5a -- -- 73 -- -- --  9 -- -- aa da 96 -- 48 -- -- -- -- 57 -- 79 75 -- -- -- -- -- c4 -- -- -- -- d5 -- 80 -- -- ab -- -- -- -- -- -- -- -- -- -- -- cc 4e -- -- -- -- f7 6c -- 1f c6 a9 -- eb 21 8c  c 62 -- -- -- -- d1 -- -- 4b 24 -- -- -- -- -- 55 95 -- 2d -- -- -- -- -- -- 1b b4 23 -- -- -- -- e6 fa -- -- -- -- -- -- 12 -- -- c1 -- -- 83 -- 63 -- fb  6 -- -- 90 -- -- -- -- 66 -- be -- -- ae -- -- -- f2 -- ea -- -- -- -- -- -- -- -- -- -- 33 5f -- --  3 -- -- -- 8b -- -- 7d -- -- -- 

solutions so far:0 maxDepth:9 
iterations:12409244  skipped: 9 
Depth skipped: 
0 0 9 0 0 0 0 0 0 0 0 0 0 0 0 0 0 0 0 0 0 0 0 0 0 0 0 0 0 0 0 0 

running time: 1500 sec
 depth:6
 0  1  2  3  4  5  6  7  8  9  a  b  c  d  e  f 10 11 12 13 14 15 16 17 18 19 1a 1b 1c 1d 1e 1f 20 21 22 23 24 25 26 27 28 29 2a 2b 2c 2d 2e 2f 30 31 32 33 34 35 36 37 38 39 3a 3b 3c 3d 3e 3f 40 41 42 43 44 45 46 47 48 49 4a 4b 4c 4d 4e 4f 50 51 52 53 54 55 56 57 58 59 5a 5b 5c 5d 5e 5f 60 61 62 63 64 65 66 67 68 69 6a 6b 6c 6d 6e 6f 70 71 72 73 74 75 76 77 78 79 7a 7b 7c 7d 7e 7f 80 81 82 83 84 85 86 87 88 89 8a 8b 8c 8d 8e 8f 90 91 92 93 94 95 96 97 98 99 9a 9b 9c 9d 9e 9f a0 a1 a2 a3 a4 a5 a6 a7 a8 a9 aa ab ac ad ae af b0 b1 b2 b3 b4 b5 b6 b7 b8 b9 ba bb bc bd be bf c0 c1 c2 c3 c4 c5 c6 c7 c8 c9 ca cb cc cd ce cf d0 d1 d2 d3 d4 d5 d6 d7 d8 d9 da db dc dd de df e0 e1 e2 e3 e4 e5 e6 e7 e8 e9 ea eb ec ed ee ef f0 f1 f2 f3 f4 f5 f6 f7 f8 f9 fa fb fc fd fe ff 
 0  1  2 42  4 c3 84 1d  8  d 51 83 df 57 3a -- 10 -- 1a b9 a2 d8 d1 -- 69 77 ae -- 74 -- -- -- 20 -- -- -- 34 -- a5 4f 93 -- 67 -- 75 -- -- -- d2 -- ee -- 8b -- -- -- e8 d7 -- -- -- -- -- 2b 40 -- -- -- -- -- -- -- 68 -- -- 36 9d 60 9e 45 f1 -- -- -- ce -- -- -- ea  6 -- -- -- 18 -- -- 73 -- -- --  b -- -- e0 c1 96 -- 58 -- -- -- --  7 -- 79 5c -- -- -- -- -- 6a -- -- -- -- 56 -- 80 -- -- fe -- -- -- -- -- -- -- -- -- -- -- cc d0 -- -- -- -- b7 6c -- ed aa c0 -- eb 21 8a e5 35 -- -- -- -- 2e -- -- 4b 2c -- -- -- -- -- 70  3 --  c -- -- -- -- -- -- 1b 30 c9 -- -- -- -- e6 8f -- -- -- -- -- -- 16 -- -- 38 -- -- 17 -- 55 -- fb 99 -- -- b0 -- -- -- -- 66 -- 7f -- --  e -- -- -- f2 -- b8 -- -- -- -- -- -- -- -- -- -- 33 d4 -- -- a7 -- -- -- 1c -- -- ac -- -- -- 

solutions so far:0 maxDepth:9 
iterations:14618702  skipped: 11 
Depth skipped: 
0 0 11 0 0 0 0 0 0 0 0 0 0 0 0 0 0 0 0 0 0 0 0 0 0 0 0 0 0 0 0 0 

running time: 1800 sec
 depth:6
 0  1  2  3  4  5  6  7  8  9  a  b  c  d  e  f 10 11 12 13 14 15 16 17 18 19 1a 1b 1c 1d 1e 1f 20 21 22 23 24 25 26 27 28 29 2a 2b 2c 2d 2e 2f 30 31 32 33 34 35 36 37 38 39 3a 3b 3c 3d 3e 3f 40 41 42 43 44 45 46 47 48 49 4a 4b 4c 4d 4e 4f 50 51 52 53 54 55 56 57 58 59 5a 5b 5c 5d 5e 5f 60 61 62 63 64 65 66 67 68 69 6a 6b 6c 6d 6e 6f 70 71 72 73 74 75 76 77 78 79 7a 7b 7c 7d 7e 7f 80 81 82 83 84 85 86 87 88 89 8a 8b 8c 8d 8e 8f 90 91 92 93 94 95 96 97 98 99 9a 9b 9c 9d 9e 9f a0 a1 a2 a3 a4 a5 a6 a7 a8 a9 aa ab ac ad ae af b0 b1 b2 b3 b4 b5 b6 b7 b8 b9 ba bb bc bd be bf c0 c1 c2 c3 c4 c5 c6 c7 c8 c9 ca cb cc cd ce cf d0 d1 d2 d3 d4 d5 d6 d7 d8 d9 da db dc dd de df e0 e1 e2 e3 e4 e5 e6 e7 e8 e9 ea eb ec ed ee ef f0 f1 f2 f3 f4 f5 f6 f7 f8 f9 fa fb fc fd fe ff 
 0  1  2 42  4 be 84 2a  8 7f ab b5 df 88 54 -- 10 -- fe f1 81 d8 bd -- 69 8f c7 -- a8 -- -- -- 20 -- -- -- 2b -- 35 4f d5 -- 67 -- ad -- -- -- d2 -- c9 -- 59 -- -- -- 87 d7 -- -- -- -- -- 49 40 -- -- -- -- -- -- -- 56 -- -- 36 6a 22 9e c4 7d -- -- -- ce -- -- -- 8d 4d -- -- -- e3 -- -- 73 -- -- -- 45 -- -- db b2 96 -- 51 -- -- -- -- d9 -- 79 53 -- -- -- -- -- 23 -- -- -- -- 92 -- 80 -- -- cf -- -- -- -- -- -- -- -- -- -- -- cc ac -- -- -- -- 93 6c -- d4 b1 44 -- eb 21 5f 15 fa -- -- -- -- c2 -- -- 4b c3 -- -- -- -- -- 86 cd -- 9a -- -- -- -- -- -- 1b 11 62 -- -- -- -- e6 31 -- -- -- -- -- -- 8a -- -- 43 -- -- 61 -- b3 -- fb e1 -- -- a2 -- -- -- -- 66 -- 8c -- -- 65 -- -- -- f2 -- a6 -- -- -- -- -- -- -- -- -- -- 33 46 -- -- 9b -- -- -- ca -- -- f3 -- -- -- 

solutions so far:0 maxDepth:9 
iterations:16897692  skipped: 11 
Depth skipped: 
0 0 11 0 0 0 0 0 0 0 0 0 0 0 0 0 0 0 0 0 0 0 0 0 0 0 0 0 0 0 0 0 

running time: 2100 sec
 depth:7
 0  1  2  3  4  5  6  7  8  9  a  b  c  d  e  f 10 11 12 13 14 15 16 17 18 19 1a 1b 1c 1d 1e 1f 20 21 22 23 24 25 26 27 28 29 2a 2b 2c 2d 2e 2f 30 31 32 33 34 35 36 37 38 39 3a 3b 3c 3d 3e 3f 40 41 42 43 44 45 46 47 48 49 4a 4b 4c 4d 4e 4f 50 51 52 53 54 55 56 57 58 59 5a 5b 5c 5d 5e 5f 60 61 62 63 64 65 66 67 68 69 6a 6b 6c 6d 6e 6f 70 71 72 73 74 75 76 77 78 79 7a 7b 7c 7d 7e 7f 80 81 82 83 84 85 86 87 88 89 8a 8b 8c 8d 8e 8f 90 91 92 93 94 95 96 97 98 99 9a 9b 9c 9d 9e 9f a0 a1 a2 a3 a4 a5 a6 a7 a8 a9 aa ab ac ad ae af b0 b1 b2 b3 b4 b5 b6 b7 b8 b9 ba bb bc bd be bf c0 c1 c2 c3 c4 c5 c6 c7 c8 c9 ca cb cc cd ce cf d0 d1 d2 d3 d4 d5 d6 d7 d8 d9 da db dc dd de df e0 e1 e2 e3 e4 e5 e6 e7 e8 e9 ea eb ec ed ee ef f0 f1 f2 f3 f4 f5 f6 f7 f8 f9 fa fb fc fd fe ff 
 0  1  2 42  4 b2 84 6e  8 18 b3 53 df ca dc  9 10 -- 30 ea b1 d8 a6 -- 69 ae 43 -- 6f -- 12 -- 20 -- -- -- 60 --  3 4f b5 -- 67 -- 9b -- -- 72 d2 -- 8b -- 86 -- -- -- de d7 -- -- 24 f8 -- e3 40 3e -- -- -- -- -- -- c0 -- -- 36  6 d9 9e c7 bd -- -- -- ce -- -- -- e1 2a -- -- -- a8 e4 -- 73 -- -- -- c1 -- -- 76 db 96 -- 83 -- -- -- -- 6b -- 79 1e -- -- -- -- 48 8d 27 -- -- -- 11 -- 80 -- 7c 9a -- -- -- -- -- -- -- 39 -- -- -- cc 57 -- -- -- -- 75 6c --  c c2 65 ef eb 21 59 37 ad -- -- -- --  f -- -- 4b aa -- -- -- -- -- 3b 15 -- 54 -- -- -- -- -- -- 1b 87 88 1f -- -- -- e6 44 -- -- -- -- -- -- 55 -- -- f6 -- -- ec -- 61 9c fb f0 -- -- d1 -- -- f7 -- 66 -- 4d -- -- d6 -- -- -- f2 -- 3c -- -- -- -- -- -- -- -- -- 90 33 cd -- 4e 78 -- -- -- 7b -- -- 22 -- -- -- 

solutions so far:0 maxDepth:9 
iterations:19653666  skipped: 14 
Depth skipped: 
0 0 14 0 0 0 0 0 0 0 0 0 0 0 0 0 0 0 0 0 0 0 0 0 0 0 0 0 0 0 0 0 

running time: 2400 sec
 depth:6
 0  1  2  3  4  5  6  7  8  9  a  b  c  d  e  f 10 11 12 13 14 15 16 17 18 19 1a 1b 1c 1d 1e 1f 20 21 22 23 24 25 26 27 28 29 2a 2b 2c 2d 2e 2f 30 31 32 33 34 35 36 37 38 39 3a 3b 3c 3d 3e 3f 40 41 42 43 44 45 46 47 48 49 4a 4b 4c 4d 4e 4f 50 51 52 53 54 55 56 57 58 59 5a 5b 5c 5d 5e 5f 60 61 62 63 64 65 66 67 68 69 6a 6b 6c 6d 6e 6f 70 71 72 73 74 75 76 77 78 79 7a 7b 7c 7d 7e 7f 80 81 82 83 84 85 86 87 88 89 8a 8b 8c 8d 8e 8f 90 91 92 93 94 95 96 97 98 99 9a 9b 9c 9d 9e 9f a0 a1 a2 a3 a4 a5 a6 a7 a8 a9 aa ab ac ad ae af b0 b1 b2 b3 b4 b5 b6 b7 b8 b9 ba bb bc bd be bf c0 c1 c2 c3 c4 c5 c6 c7 c8 c9 ca cb cc cd ce cf d0 d1 d2 d3 d4 d5 d6 d7 d8 d9 da db dc dd de df e0 e1 e2 e3 e4 e5 e6 e7 e8 e9 ea eb ec ed ee ef f0 f1 f2 f3 f4 f5 f6 f7 f8 f9 fa fb fc fd fe ff 
 0  1  2 42  4 aa 84  d  8 11 83 51 df ac 1a -- 10 -- 22 cd d1 d8 a2 -- 69 59 8f -- 34 -- -- -- 20 -- -- -- 44 -- 4d 4f 75 -- 67 -- 93 -- -- -- d2 -- b2 -- c9 -- -- -- 68 d7 -- -- -- -- -- 60 40 -- -- -- -- -- -- -- 88 -- -- 36 9a 2b 9e c1 ea -- -- -- ce -- -- -- f1 6a -- -- -- 7f -- -- 73 -- -- -- b3 -- -- 2c 45 96 -- bd -- -- -- -- d0 -- 79 b7 -- -- -- -- --  6 -- -- -- -- c0 -- 80 -- -- 30 -- -- -- -- -- -- -- -- -- -- -- cc c7 -- -- -- -- 8d 6c -- e3 c3 56 -- eb 21 55 ed  3 -- -- -- -- b0 -- -- 4b b5 -- -- -- -- -- 16 35 -- d4 -- -- -- -- -- -- 1b fe 8b -- -- -- -- e6 ae -- -- -- -- -- -- b1 -- --  b -- -- 58 -- 8a -- fb 9d -- -- ad -- -- -- -- 66 -- 18 -- -- 77 -- -- -- f2 -- b9 -- -- -- -- -- -- -- -- -- -- 33  c -- -- a5 -- -- -- ee -- -- 57 -- -- -- 

solutions so far:0 maxDepth:9 
iterations:22607488  skipped: 15 
Depth skipped: 
0 0 15 0 0 0 0 0 0 0 0 0 0 0 0 0 0 0 0 0 0 0 0 0 0 0 0 0 0 0 0 0 

running time: 2700 sec
 depth:7
 0  1  2  3  4  5  6  7  8  9  a  b  c  d  e  f 10 11 12 13 14 15 16 17 18 19 1a 1b 1c 1d 1e 1f 20 21 22 23 24 25 26 27 28 29 2a 2b 2c 2d 2e 2f 30 31 32 33 34 35 36 37 38 39 3a 3b 3c 3d 3e 3f 40 41 42 43 44 45 46 47 48 49 4a 4b 4c 4d 4e 4f 50 51 52 53 54 55 56 57 58 59 5a 5b 5c 5d 5e 5f 60 61 62 63 64 65 66 67 68 69 6a 6b 6c 6d 6e 6f 70 71 72 73 74 75 76 77 78 79 7a 7b 7c 7d 7e 7f 80 81 82 83 84 85 86 87 88 89 8a 8b 8c 8d 8e 8f 90 91 92 93 94 95 96 97 98 99 9a 9b 9c 9d 9e 9f a0 a1 a2 a3 a4 a5 a6 a7 a8 a9 aa ab ac ad ae af b0 b1 b2 b3 b4 b5 b6 b7 b8 b9 ba bb bc bd be bf c0 c1 c2 c3 c4 c5 c6 c7 c8 c9 ca cb cc cd ce cf d0 d1 d2 d3 d4 d5 d6 d7 d8 d9 da db dc dd de df e0 e1 e2 e3 e4 e5 e6 e7 e8 e9 ea eb ec ed ee ef f0 f1 f2 f3 f4 f5 f6 f7 f8 f9 fa fb fc fd fe ff 
 0  1  2 42  4 9c 84 71  8 1a ef fe df 93 e2 75 10 -- 34 a5  9 d8 2b -- 69 ee f1 -- 13 -- ea -- 20 -- -- -- 68 -- 9d 4f 12 -- 67 -- 56 -- -- 60 d2 --  b -- 35 -- -- -- 26 d7 -- --  3 c1 -- e4 40 ae -- -- -- -- -- -- d0 -- -- 36 ed 51 9e 27 24 -- -- -- ce -- -- -- ac c9 -- -- -- 8a c0 -- 73 -- -- -- 16 -- -- 64 6a 96 -- b0 -- -- -- -- 4c -- 79 8e -- -- -- --  6 90 55 -- -- -- 1f -- 80 -- 8b 72 -- -- -- -- -- -- -- 30 -- -- -- cc 77 -- -- -- -- b9 6c --  d 7f a2 d1 eb 21 4e d3 48 -- -- -- -- 47 -- -- 4b 58 -- -- -- -- -- 32 8f -- 45 -- -- -- -- -- -- 1b c3 f8 57 -- -- -- e6 7c -- -- -- -- -- -- 2c -- -- 19 -- -- c8 -- d4 83 fb 82 -- -- b7 -- -- 18 -- 66 -- 39 -- -- 98 -- -- -- f2 -- cb -- -- -- -- -- -- -- -- --  c 33 f7 -- aa 41 -- -- -- e7 -- -- 3e -- -- -- 

solutions so far:0 maxDepth:9 
iterations:25685469  skipped: 18 
Depth skipped: 
0 0 18 0 0 0 0 0 0 0 0 0 0 0 0 0 0 0 0 0 0 0 0 0 0 0 0 0 0 0 0 0 

running time: 3000 sec
 depth:7
 0  1  2  3  4  5  6  7  8  9  a  b  c  d  e  f 10 11 12 13 14 15 16 17 18 19 1a 1b 1c 1d 1e 1f 20 21 22 23 24 25 26 27 28 29 2a 2b 2c 2d 2e 2f 30 31 32 33 34 35 36 37 38 39 3a 3b 3c 3d 3e 3f 40 41 42 43 44 45 46 47 48 49 4a 4b 4c 4d 4e 4f 50 51 52 53 54 55 56 57 58 59 5a 5b 5c 5d 5e 5f 60 61 62 63 64 65 66 67 68 69 6a 6b 6c 6d 6e 6f 70 71 72 73 74 75 76 77 78 79 7a 7b 7c 7d 7e 7f 80 81 82 83 84 85 86 87 88 89 8a 8b 8c 8d 8e 8f 90 91 92 93 94 95 96 97 98 99 9a 9b 9c 9d 9e 9f a0 a1 a2 a3 a4 a5 a6 a7 a8 a9 aa ab ac ad ae af b0 b1 b2 b3 b4 b5 b6 b7 b8 b9 ba bb bc bd be bf c0 c1 c2 c3 c4 c5 c6 c7 c8 c9 ca cb cc cd ce cf d0 d1 d2 d3 d4 d5 d6 d7 d8 d9 da db dc dd de df e0 e1 e2 e3 e4 e5 e6 e7 e8 e9 ea eb ec ed ee ef f0 f1 f2 f3 f4 f5 f6 f7 f8 f9 fa fb fc fd fe ff 
 0  1  2 42  4 91 84 64  8 5a f5 d4 df 51 c8 e0 10 -- b4 a1 3d d8 7f -- 69 dd a2 -- 47 -- 17 -- 20 -- -- -- bf -- 95 4f 7a -- 67 -- fe -- -- e5 d2 -- 6d -- 93 -- -- -- 8e d7 -- -- 2e  7 -- bc 40 74 -- -- -- -- -- -- a9 -- -- 36 fd 8a 9e ba f4 -- -- -- ce -- -- -- 2b ac -- -- -- c9 1d -- 73 -- -- -- da -- -- e2 f1 96 -- 5b -- -- -- -- cb -- 79 4c -- -- -- -- 5c 7e  e -- -- -- af -- 80 -- e8 5e -- -- -- -- -- -- -- 99 -- -- -- cc 85 -- -- -- -- bb 6c -- 2d 6a c3 70 eb 21 a3 32 3f -- -- -- -- 26 -- -- 4b c6 -- -- -- -- -- 71 56 -- 8f -- -- -- -- -- -- 1b 45 5d 3a -- -- -- e6 c5 -- -- -- -- -- -- 63 -- -- d3 -- -- 13 -- 35 38 fb 19 -- -- b6 -- -- a7 -- 66 -- 2f -- -- 41 -- -- -- f2 -- 98 -- -- -- -- -- -- -- -- -- b8 33 fc -- 1c e7 -- -- -- 82 -- -- 89 -- -- -- 

solutions so far:0 maxDepth:9 
iterations:29343024  skipped: 19 
Depth skipped: 
0 0 19 0 0 0 0 0 0 0 0 0 0 0 0 0 0 0 0 0 0 0 0 0 0 0 0 0 0 0 0 0 

running time: 3300 sec
 depth:7
 0  1  2  3  4  5  6  7  8  9  a  b  c  d  e  f 10 11 12 13 14 15 16 17 18 19 1a 1b 1c 1d 1e 1f 20 21 22 23 24 25 26 27 28 29 2a 2b 2c 2d 2e 2f 30 31 32 33 34 35 36 37 38 39 3a 3b 3c 3d 3e 3f 40 41 42 43 44 45 46 47 48 49 4a 4b 4c 4d 4e 4f 50 51 52 53 54 55 56 57 58 59 5a 5b 5c 5d 5e 5f 60 61 62 63 64 65 66 67 68 69 6a 6b 6c 6d 6e 6f 70 71 72 73 74 75 76 77 78 79 7a 7b 7c 7d 7e 7f 80 81 82 83 84 85 86 87 88 89 8a 8b 8c 8d 8e 8f 90 91 92 93 94 95 96 97 98 99 9a 9b 9c 9d 9e 9f a0 a1 a2 a3 a4 a5 a6 a7 a8 a9 aa ab ac ad ae af b0 b1 b2 b3 b4 b5 b6 b7 b8 b9 ba bb bc bd be bf c0 c1 c2 c3 c4 c5 c6 c7 c8 c9 ca cb cc cd ce cf d0 d1 d2 d3 d4 d5 d6 d7 d8 d9 da db dc dd de df e0 e1 e2 e3 e4 e5 e6 e7 e8 e9 ea eb ec ed ee ef f0 f1 f2 f3 f4 f5 f6 f7 f8 f9 fa fb fc fd fe ff 
 0  1  2 42  4 85 84 fe  8 5f dd 16 df 34 2b 1e 10 -- be f3 6d d8 2c -- 69 7d 68 -- 56 -- 3c -- 20 -- -- -- ab -- 31 4f da -- 67 -- 58 -- -- 6f d2 -- fa -- d0 -- -- -- ac d7 -- -- 78 f6 -- 95 40 d6 -- -- -- -- -- -- 81 -- -- 36 62  d 9e bf 63 -- -- -- ce -- -- -- b0 b9 -- -- -- 9d de -- 73 -- -- -- 23 -- -- 51 77 96 -- cf -- -- -- -- 8f -- 79 f1 -- -- -- -- f0 5b 3b -- -- -- fd -- 80 -- 7b a1 -- -- -- -- -- -- -- dc -- -- -- cc d5 -- -- -- -- 92 6c -- c4  b 1a  f eb 21 a9 7f c6 -- -- -- -- 93 -- -- 4b 8c -- -- -- -- -- c3 b7 -- a5 -- -- -- -- -- -- 1b ed b4 6b -- -- -- e6 5a -- -- -- -- -- -- 46 -- -- 8a -- -- a2 -- ee ec fb d4 -- -- 49 -- -- 6e -- 66 -- bb -- -- c9 -- -- -- f2 -- 35 -- -- -- -- -- -- -- -- -- 37 33 b6 -- 76 6a -- -- -- 45 -- -- 2d -- -- -- 

solutions so far:0 maxDepth:9 
iterations:32724177  skipped: 21 
Depth skipped: 
0 0 21 0 0 0 0 0 0 0 0 0 0 0 0 0 0 0 0 0 0 0 0 0 0 0 0 0 0 0 0 0 

running time: 3600 sec
 depth:6
 0  1  2  3  4  5  6  7  8  9  a  b  c  d  e  f 10 11 12 13 14 15 16 17 18 19 1a 1b 1c 1d 1e 1f 20 21 22 23 24 25 26 27 28 29 2a 2b 2c 2d 2e 2f 30 31 32 33 34 35 36 37 38 39 3a 3b 3c 3d 3e 3f 40 41 42 43 44 45 46 47 48 49 4a 4b 4c 4d 4e 4f 50 51 52 53 54 55 56 57 58 59 5a 5b 5c 5d 5e 5f 60 61 62 63 64 65 66 67 68 69 6a 6b 6c 6d 6e 6f 70 71 72 73 74 75 76 77 78 79 7a 7b 7c 7d 7e 7f 80 81 82 83 84 85 86 87 88 89 8a 8b 8c 8d 8e 8f 90 91 92 93 94 95 96 97 98 99 9a 9b 9c 9d 9e 9f a0 a1 a2 a3 a4 a5 a6 a7 a8 a9 aa ab ac ad ae af b0 b1 b2 b3 b4 b5 b6 b7 b8 b9 ba bb bc bd be bf c0 c1 c2 c3 c4 c5 c6 c7 c8 c9 ca cb cc cd ce cf d0 d1 d2 d3 d4 d5 d6 d7 d8 d9 da db dc dd de df e0 e1 e2 e3 e4 e5 e6 e7 e8 e9 ea eb ec ed ee ef f0 f1 f2 f3 f4 f5 f6 f7 f8 f9 fa fb fc fd fe ff 
 0  1  2 42  4 78 84 9c  8 fc f0 26 df 41 ef -- 10 -- 2f 7a 37 d8 4c -- 69 89 82 --  9 -- -- -- 20 -- -- -- 5e -- f4 4f 6e -- 67 -- 98 -- -- -- d2 -- c5 -- d3 -- -- -- 12 d7 -- -- -- -- -- f6 40 -- -- -- -- -- -- -- bc -- -- 36 3f 8e 9e 1e dc -- -- -- ce -- -- -- e7 32 -- -- -- c8 -- -- 73 -- -- -- 5d -- -- 72 71 96 -- 91 -- -- -- -- 24 -- 79 3e -- -- -- -- -- de -- -- -- -- 3b -- 80 -- -- 7b -- -- -- -- -- -- -- -- -- -- -- cc af -- -- -- -- 3d 6c -- 7e 13 cb -- eb 21 3c 4e 6f -- -- -- -- 1f -- -- 4b a3 -- -- -- -- -- 39 19 -- 64 -- -- -- -- -- -- 1b 47  f -- -- -- -- e6 ec -- -- -- -- -- -- ba -- -- f7 -- -- e4 -- e2 -- fb 27 -- -- f5 -- -- -- -- 66 -- d6 -- -- 48 -- -- -- f2 -- 7c -- -- -- -- -- -- -- -- -- -- 33 6b -- -- f8 -- -- -- 90 -- -- 76 -- -- -- 

solutions so far:0 maxDepth:10 
iterations:36572507  skipped: 23 
Depth skipped: 
0 0 23 0 0 0 0 0 0 0 0 0 0 0 0 0 0 0 0 0 0 0 0 0 0 0 0 0 0 0 0 0 

running time: 3900 sec
 depth:7
 0  1  2  3  4  5  6  7  8  9  a  b  c  d  e  f 10 11 12 13 14 15 16 17 18 19 1a 1b 1c 1d 1e 1f 20 21 22 23 24 25 26 27 28 29 2a 2b 2c 2d 2e 2f 30 31 32 33 34 35 36 37 38 39 3a 3b 3c 3d 3e 3f 40 41 42 43 44 45 46 47 48 49 4a 4b 4c 4d 4e 4f 50 51 52 53 54 55 56 57 58 59 5a 5b 5c 5d 5e 5f 60 61 62 63 64 65 66 67 68 69 6a 6b 6c 6d 6e 6f 70 71 72 73 74 75 76 77 78 79 7a 7b 7c 7d 7e 7f 80 81 82 83 84 85 86 87 88 89 8a 8b 8c 8d 8e 8f 90 91 92 93 94 95 96 97 98 99 9a 9b 9c 9d 9e 9f a0 a1 a2 a3 a4 a5 a6 a7 a8 a9 aa ab ac ad ae af b0 b1 b2 b3 b4 b5 b6 b7 b8 b9 ba bb bc bd be bf c0 c1 c2 c3 c4 c5 c6 c7 c8 c9 ca cb cc cd ce cf d0 d1 d2 d3 d4 d5 d6 d7 d8 d9 da db dc dd de df e0 e1 e2 e3 e4 e5 e6 e7 e8 e9 ea eb ec ed ee ef f0 f1 f2 f3 f4 f5 f6 f7 f8 f9 fa fb fc fd fe ff 
 0  1  2 42  4 6f 84 32  8 f4 de 29 df 97 64 c2 10 -- 3f 91 6b d8 52 -- 69 5e f9 -- c8 -- 53 -- 20 -- -- -- 7e -- f5 4f d6 -- 67 -- a4 -- -- 54 d2 -- bc -- 25 -- -- -- 47 d7 -- -- a6 ca -- 1e 40 d9 -- -- -- -- -- -- fc -- -- 36 3d 50 9e 6e 7b -- -- -- ce -- -- -- 9f  5 -- -- -- 14 a8 -- 73 -- -- -- af -- -- 71 4a 96 -- 5d -- -- -- -- 8e -- 79 26 -- -- -- -- 9b 3b 43 -- -- -- 3c -- 80 -- 65  f -- -- -- -- -- -- -- 2a -- -- -- cc 2f -- -- -- -- a3 6c -- 7a ff a0 61 eb 21 dc 19 f6 -- -- -- -- 13 -- -- 4b c5 -- -- -- -- -- d3 e9 --  a -- -- -- -- -- -- 1b 28 37 87 -- -- -- e6 f0 -- -- -- -- -- -- 89 -- -- 82 -- -- e2 -- 94 db fb e7 -- -- ba -- -- 15 -- 66 -- ec -- -- cb -- -- -- f2 -- 4c -- -- -- -- -- -- -- -- -- e1 33 76 -- 86 98 -- -- -- 41 -- -- 78 -- -- -- 

solutions so far:0 maxDepth:10 
iterations:40037407  skipped: 24 
Depth skipped: 
0 0 24 0 0 0 0 0 0 0 0 0 0 0 0 0 0 0 0 0 0 0 0 0 0 0 0 0 0 0 0 0 

running time: 4200 sec
 depth:6
 0  1  2  3  4  5  6  7  8  9  a  b  c  d  e  f 10 11 12 13 14 15 16 17 18 19 1a 1b 1c 1d 1e 1f 20 21 22 23 24 25 26 27 28 29 2a 2b 2c 2d 2e 2f 30 31 32 33 34 35 36 37 38 39 3a 3b 3c 3d 3e 3f 40 41 42 43 44 45 46 47 48 49 4a 4b 4c 4d 4e 4f 50 51 52 53 54 55 56 57 58 59 5a 5b 5c 5d 5e 5f 60 61 62 63 64 65 66 67 68 69 6a 6b 6c 6d 6e 6f 70 71 72 73 74 75 76 77 78 79 7a 7b 7c 7d 7e 7f 80 81 82 83 84 85 86 87 88 89 8a 8b 8c 8d 8e 8f 90 91 92 93 94 95 96 97 98 99 9a 9b 9c 9d 9e 9f a0 a1 a2 a3 a4 a5 a6 a7 a8 a9 aa ab ac ad ae af b0 b1 b2 b3 b4 b5 b6 b7 b8 b9 ba bb bc bd be bf c0 c1 c2 c3 c4 c5 c6 c7 c8 c9 ca cb cc cd ce cf d0 d1 d2 d3 d4 d5 d6 d7 d8 d9 da db dc dd de df e0 e1 e2 e3 e4 e5 e6 e7 e8 e9 ea eb ec ed ee ef f0 f1 f2 f3 f4 f5 f6 f7 f8 f9 fa fb fc fd fe ff 
 0  1  2 42  4 60 84 22  8 fa c0  f df d6 44 -- 10 -- 23 ab 57 d8 1e -- 69 49 7b -- 88 -- -- -- 20 -- -- -- 46 -- 81 4f ae -- 67 -- 3c -- -- -- d2 -- 92 -- f6 -- -- -- c7 d7 -- -- -- -- -- 75 40 -- -- -- -- -- -- -- 8c -- -- 36 d5 de 9e 18 8b -- -- -- ce -- -- -- 78 37 -- -- -- dc -- -- 73 -- -- -- f3 -- -- bd 3b 96 -- c4 -- -- -- -- 59 -- 79 cd -- -- -- -- -- 55 -- -- -- -- ea -- 80 -- -- d1 -- -- -- -- -- -- -- -- -- -- -- cc cf -- -- -- -- be 6c -- 7d ec 6b -- eb 21 30 11 c1 -- -- -- -- 8d -- -- 4b 62 -- -- -- -- -- b5 f0 -- 6e -- -- -- -- -- -- 1b 6f  c -- -- -- -- e6  6 -- -- -- -- -- -- 31 -- -- b1 -- -- ad -- 76 -- fb e3 -- -- 5f -- -- -- -- 66 -- 83 -- -- b2 -- -- -- f2 -- 4d -- -- -- -- -- -- -- -- -- -- 33 aa -- -- 9a -- -- -- b3 -- --  3 -- -- -- 

solutions so far:0 maxDepth:10 
iterations:43733801  skipped: 24 
Depth skipped: 
0 0 24 0 0 0 0 0 0 0 0 0 0 0 0 0 0 0 0 0 0 0 0 0 0 0 0 0 0 0 0 0 

running time: 4500 sec
 depth:7
 0  1  2  3  4  5  6  7  8  9  a  b  c  d  e  f 10 11 12 13 14 15 16 17 18 19 1a 1b 1c 1d 1e 1f 20 21 22 23 24 25 26 27 28 29 2a 2b 2c 2d 2e 2f 30 31 32 33 34 35 36 37 38 39 3a 3b 3c 3d 3e 3f 40 41 42 43 44 45 46 47 48 49 4a 4b 4c 4d 4e 4f 50 51 52 53 54 55 56 57 58 59 5a 5b 5c 5d 5e 5f 60 61 62 63 64 65 66 67 68 69 6a 6b 6c 6d 6e 6f 70 71 72 73 74 75 76 77 78 79 7a 7b 7c 7d 7e 7f 80 81 82 83 84 85 86 87 88 89 8a 8b 8c 8d 8e 8f 90 91 92 93 94 95 96 97 98 99 9a 9b 9c 9d 9e 9f a0 a1 a2 a3 a4 a5 a6 a7 a8 a9 aa ab ac ad ae af b0 b1 b2 b3 b4 b5 b6 b7 b8 b9 ba bb bc bd be bf c0 c1 c2 c3 c4 c5 c6 c7 c8 c9 ca cb cc cd ce cf d0 d1 d2 d3 d4 d5 d6 d7 d8 d9 da db dc dd de df e0 e1 e2 e3 e4 e5 e6 e7 e8 e9 ea eb ec ed ee ef f0 f1 f2 f3 f4 f5 f6 f7 f8 f9 fa fb fc fd fe ff 
 0  1  2 42  4 50 84 70  8  c a0 b7 df ee e0 65 10 -- 18 75 97 d8 b9 -- 69 57  b -- 17 -- ca -- 20 -- -- -- 30 -- ea 4f f9 -- 67 -- a5 -- -- 53 d2 -- ae -- 16 -- -- -- 2e d7 -- -- 43 2a -- a4 40 e1 -- -- -- -- -- -- 60 -- -- 36  3 d0 9e 14 25 -- -- -- ce -- -- -- 9d  d -- -- -- 34 a6 -- 73 -- -- -- 8b -- -- 1d 2c 96 -- aa -- -- -- -- 5c -- 79 e8 -- -- -- -- 86 94 54 -- -- -- 9f -- 80 -- 15 52 -- -- -- -- -- -- -- c2 -- -- -- cc c0 -- -- -- -- d1 6c --  6 b0 77 d9 eb 21 28 38 4a -- -- -- -- 74 -- -- 4b 55 -- -- -- -- -- e5 ed -- 1a -- -- -- -- -- -- 1b 68  a 9b -- -- -- e6  5 -- -- -- -- -- -- c1 -- -- 99 -- -- 3a -- 58 87 fb 1c -- -- 83 -- -- 61 -- 66 -- 29 -- -- b8 -- -- -- f2 --  7 -- -- -- -- -- -- -- -- -- db 33 ff -- a8  e -- -- -- a7 -- -- e9 -- -- -- 

solutions so far:0 maxDepth:10 
iterations:47957804  skipped: 28 
Depth skipped: 
0 0 28 0 0 0 0 0 0 0 0 0 0 0 0 0 0 0 0 0 0 0 0 0 0 0 0 0 0 0 0 0 

running time: 4800 sec
 depth:7
 0  1  2  3  4  5  6  7  8  9  a  b  c  d  e  f 10 11 12 13 14 15 16 17 18 19 1a 1b 1c 1d 1e 1f 20 21 22 23 24 25 26 27 28 29 2a 2b 2c 2d 2e 2f 30 31 32 33 34 35 36 37 38 39 3a 3b 3c 3d 3e 3f 40 41 42 43 44 45 46 47 48 49 4a 4b 4c 4d 4e 4f 50 51 52 53 54 55 56 57 58 59 5a 5b 5c 5d 5e 5f 60 61 62 63 64 65 66 67 68 69 6a 6b 6c 6d 6e 6f 70 71 72 73 74 75 76 77 78 79 7a 7b 7c 7d 7e 7f 80 81 82 83 84 85 86 87 88 89 8a 8b 8c 8d 8e 8f 90 91 92 93 94 95 96 97 98 99 9a 9b 9c 9d 9e 9f a0 a1 a2 a3 a4 a5 a6 a7 a8 a9 aa ab ac ad ae af b0 b1 b2 b3 b4 b5 b6 b7 b8 b9 ba bb bc bd be bf c0 c1 c2 c3 c4 c5 c6 c7 c8 c9 ca cb cc cd ce cf d0 d1 d2 d3 d4 d5 d6 d7 d8 d9 da db dc dd de df e0 e1 e2 e3 e4 e5 e6 e7 e8 e9 ea eb ec ed ee ef f0 f1 f2 f3 f4 f5 f6 f7 f8 f9 fa fb fc fd fe ff 
 0  1  2 42  4 38 84 81  8 83 70 63 df bf d5 c8 10 -- d1 8b e0 d8 c6 -- 69  6 a9 -- 7d -- 47 -- 20 -- -- -- 75 -- c1 4f 17 -- 67 -- 5b -- -- 71 d2 --  c -- 85 -- -- -- fa d7 -- -- 8e 98 -- 1d 40 26 -- -- -- -- -- -- ea -- -- 36 55 5a 9e  e 2e -- -- -- ce -- -- -- b6 a1 -- -- -- fd e2 -- 73 -- -- -- 18 -- -- 92 dd 96 -- c0 -- -- -- -- 23 -- 79 62 -- -- -- -- cb b8 e7 -- -- -- 3a -- 80 -- 4c e5 -- -- -- -- -- -- -- d3 -- -- -- cc  3 -- -- -- -- ae 6c -- aa da b4 64 eb 21 1c ab 5c -- -- -- -- 31 -- -- 4b 60 -- -- -- -- -- 49 bb -- 95 -- -- -- -- -- -- 1b 2d  7 13 -- -- -- e6 e8 -- -- -- -- -- -- 30 -- -- cf -- -- f3 -- 6d 32 fb be -- -- 57 -- -- 82 -- 66 -- 99 -- -- 46 -- -- -- f2 -- c4 -- -- -- -- -- -- -- -- -- 41 33 a7 -- 19 5f -- -- -- 8c -- -- 74 -- -- -- 

solutions so far:0 maxDepth:10 
iterations:53409193  skipped: 32 
Depth skipped: 
0 0 32 0 0 0 0 0 0 0 0 0 0 0 0 0 0 0 0 0 0 0 0 0 0 0 0 0 0 0 0 0 

running time: 5100 sec
 depth:7
 0  1  2  3  4  5  6  7  8  9  a  b  c  d  e  f 10 11 12 13 14 15 16 17 18 19 1a 1b 1c 1d 1e 1f 20 21 22 23 24 25 26 27 28 29 2a 2b 2c 2d 2e 2f 30 31 32 33 34 35 36 37 38 39 3a 3b 3c 3d 3e 3f 40 41 42 43 44 45 46 47 48 49 4a 4b 4c 4d 4e 4f 50 51 52 53 54 55 56 57 58 59 5a 5b 5c 5d 5e 5f 60 61 62 63 64 65 66 67 68 69 6a 6b 6c 6d 6e 6f 70 71 72 73 74 75 76 77 78 79 7a 7b 7c 7d 7e 7f 80 81 82 83 84 85 86 87 88 89 8a 8b 8c 8d 8e 8f 90 91 92 93 94 95 96 97 98 99 9a 9b 9c 9d 9e 9f a0 a1 a2 a3 a4 a5 a6 a7 a8 a9 aa ab ac ad ae af b0 b1 b2 b3 b4 b5 b6 b7 b8 b9 ba bb bc bd be bf c0 c1 c2 c3 c4 c5 c6 c7 c8 c9 ca cb cc cd ce cf d0 d1 d2 d3 d4 d5 d6 d7 d8 d9 da db dc dd de df e0 e1 e2 e3 e4 e5 e6 e7 e8 e9 ea eb ec ed ee ef f0 f1 f2 f3 f4 f5 f6 f7 f8 f9 fa fb fc fd fe ff 
 0  1  2 42  4 22 84 e9  8 d1 44 ba df 5e  5 34 10 -- 75 c1 88 d8 a3 -- 69  c bc --  a -- 68 -- 20 -- -- -- ea -- 55 4f c7 -- 67 -- 91 -- -- 2c d2 -- 18 -- af -- -- -- 14 d7 -- -- d0 a5 -- ad 40 b7 -- -- -- -- -- --  3 -- -- 36 aa fc 9e e3 59 -- -- -- ce -- -- -- f5 7a -- -- -- 3f 58 -- 73 -- -- -- 30 -- -- 25 89 96 -- 57 -- -- -- -- 28 -- 79 ff -- -- -- -- 77 b3 9d -- -- -- 8d -- 80 -- b9 bd -- -- -- -- -- -- -- 16 -- -- -- cc  6 -- -- -- -- 8b 6c -- 83 5d 2f 1a eb 21 11 9f b2 -- -- -- -- 94 -- -- 4b c0 -- -- -- -- -- f9 3d -- f4 -- -- -- -- -- -- 1b 7e 9a b0 -- -- -- e6 4d -- -- -- -- -- -- 60 -- -- 97 -- -- 4a -- c5  d fb a4 -- -- ae -- --  b -- 66 -- b5 -- -- 50 -- -- -- f2 -- 29 -- -- -- -- -- -- -- -- -- ee 33 b1 -- ed 52 -- -- -- a0 -- -- cd -- -- -- 

solutions so far:0 maxDepth:10 
iterations:58863666  skipped: 37 
Depth skipped: 
0 0 37 0 0 0 0 0 0 0 0 0 0 0 0 0 0 0 0 0 0 0 0 0 0 0 0 0 0 0 0 0 

running time: 5400 sec
 depth:7
 0  1  2  3  4  5  6  7  8  9  a  b  c  d  e  f 10 11 12 13 14 15 16 17 18 19 1a 1b 1c 1d 1e 1f 20 21 22 23 24 25 26 27 28 29 2a 2b 2c 2d 2e 2f 30 31 32 33 34 35 36 37 38 39 3a 3b 3c 3d 3e 3f 40 41 42 43 44 45 46 47 48 49 4a 4b 4c 4d 4e 4f 50 51 52 53 54 55 56 57 58 59 5a 5b 5c 5d 5e 5f 60 61 62 63 64 65 66 67 68 69 6a 6b 6c 6d 6e 6f 70 71 72 73 74 75 76 77 78 79 7a 7b 7c 7d 7e 7f 80 81 82 83 84 85 86 87 88 89 8a 8b 8c 8d 8e 8f 90 91 92 93 94 95 96 97 98 99 9a 9b 9c 9d 9e 9f a0 a1 a2 a3 a4 a5 a6 a7 a8 a9 aa ab ac ad ae af b0 b1 b2 b3 b4 b5 b6 b7 b8 b9 ba bb bc bd be bf c0 c1 c2 c3 c4 c5 c6 c7 c8 c9 ca cb cc cd ce cf d0 d1 d2 d3 d4 d5 d6 d7 d8 d9 da db dc dd de df e0 e1 e2 e3 e4 e5 e6 e7 e8 e9 ea eb ec ed ee ef f0 f1 f2 f3 f4 f5 f6 f7 f8 f9 fa fb fc fd fe ff 
 0  1  2 42  4  f 84 52  8 c7 1e 5f df 49 a4 e7 10 -- 59 11 3c d8 be -- 69 b5 92 -- 9f -- 19 -- 20 -- -- -- b2 -- 22 4f 78 -- 67 -- ab -- -- cb d2 -- bd -- f3 -- -- -- e9 d7 -- -- 32 e2 -- 6b 40 d3 -- -- -- -- -- -- b3 -- -- 36 44 8c 9e 76 f0 -- -- -- ce -- -- -- 81 7d -- -- -- 23 41 -- 73 -- -- -- ad -- -- a0 31 96 -- 4d -- -- -- --  5 -- 79 25 -- -- -- -- 64 6e 13 -- -- -- d6 -- 80 -- 71 de -- -- -- -- -- -- -- 8e -- -- -- cc b1 -- -- -- -- e3 6c -- 88 c4 cf 98 eb 21 ec 29 37 -- -- -- -- f9 -- -- 4b cd -- -- -- -- -- 50 d5 -- fa -- -- -- -- -- -- 1b 46 3b 82 -- -- -- e6 f6 -- -- -- -- -- -- 8d -- -- 28 -- -- 97 -- 62 4c fb ff -- -- 9a -- -- 47 -- 66 -- 6f -- --  a -- -- -- f2 -- 4a -- -- -- -- -- -- -- -- -- c8 33 dc -- 26 94 -- -- -- 14 -- -- 7b -- -- -- 

solutions so far:0 maxDepth:10 
iterations:64331034  skipped: 41 
Depth skipped: 
0 0 41 0 0 0 0 0 0 0 0 0 0 0 0 0 0 0 0 0 0 0 0 0 0 0 0 0 0 0 0 0 

running time: 5700 sec

Finished. Total running time: 5848 sec
