Search S-boxes invariant for matrices: 
{0x00,0x02,0x04,0x06,0x08,0x0a,0x0c,0x0e,0x10,0x12,0x14,0x16,0x18,0x1a,0x1c,0x1e,0x20,0x22,0x24,0x26,0x28,0x2a,0x2c,0x2e,0x30,0x32,0x34,0x36,0x38,0x3a,0x3c,0x3e,0x40,0x42,0x44,0x46,0x48,0x4a,0x4c,0x4e,0x50,0x52,0x54,0x56,0x58,0x5a,0x5c,0x5e,0x60,0x62,0x64,0x66,0x68,0x6a,0x6c,0x6e,0x70,0x72,0x74,0x76,0x78,0x7a,0x7c,0x7e,0x80,0x82,0x84,0x86,0x88,0x8a,0x8c,0x8e,0x90,0x92,0x94,0x96,0x98,0x9a,0x9c,0x9e,0xa0,0xa2,0xa4,0xa6,0xa8,0xaa,0xac,0xae,0xb0,0xb2,0xb4,0xb6,0xb8,0xba,0xbc,0xbe,0xc0,0xc2,0xc4,0xc6,0xc8,0xca,0xcc,0xce,0xd0,0xd2,0xd4,0xd6,0xd8,0xda,0xdc,0xde,0xe0,0xe2,0xe4,0xe6,0xe8,0xea,0xec,0xee,0xf0,0xf2,0xf4,0xf6,0xf8,0xfa,0xfc,0xfe,0x39,0x3b,0x3d,0x3f,0x31,0x33,0x35,0x37,0x29,0x2b,0x2d,0x2f,0x21,0x23,0x25,0x27,0x19,0x1b,0x1d,0x1f,0x11,0x13,0x15,0x17,0x09,0x0b,0x0d,0x0f,0x01,0x03,0x05,0x07,0x79,0x7b,0x7d,0x7f,0x71,0x73,0x75,0x77,0x69,0x6b,0x6d,0x6f,0x61,0x63,0x65,0x67,0x59,0x5b,0x5d,0x5f,0x51,0x53,0x55,0x57,0x49,0x4b,0x4d,0x4f,0x41,0x43,0x45,0x47,0xb9,0xbb,0xbd,0xbf,0xb1,0xb3,0xb5,0xb7,0xa9,0xab,0xad,0xaf,0xa1,0xa3,0xa5,0xa7,0x99,0x9b,0x9d,0x9f,0x91,0x93,0x95,0x97,0x89,0x8b,0x8d,0x8f,0x81,0x83,0x85,0x87,0xf9,0xfb,0xfd,0xff,0xf1,0xf3,0xf5,0xf7,0xe9,0xeb,0xed,0xef,0xe1,0xe3,0xe5,0xe7,0xd9,0xdb,0xdd,0xdf,0xd1,0xd3,0xd5,0xd7,0xc9,0xcb,0xcd,0xcf,0xc1,0xc3,0xc5,0xc7};
{0x00,0x02,0x04,0x06,0x08,0x0a,0x0c,0x0e,0x10,0x12,0x14,0x16,0x18,0x1a,0x1c,0x1e,0x20,0x22,0x24,0x26,0x28,0x2a,0x2c,0x2e,0x30,0x32,0x34,0x36,0x38,0x3a,0x3c,0x3e,0x40,0x42,0x44,0x46,0x48,0x4a,0x4c,0x4e,0x50,0x52,0x54,0x56,0x58,0x5a,0x5c,0x5e,0x60,0x62,0x64,0x66,0x68,0x6a,0x6c,0x6e,0x70,0x72,0x74,0x76,0x78,0x7a,0x7c,0x7e,0x80,0x82,0x84,0x86,0x88,0x8a,0x8c,0x8e,0x90,0x92,0x94,0x96,0x98,0x9a,0x9c,0x9e,0xa0,0xa2,0xa4,0xa6,0xa8,0xaa,0xac,0xae,0xb0,0xb2,0xb4,0xb6,0xb8,0xba,0xbc,0xbe,0xc0,0xc2,0xc4,0xc6,0xc8,0xca,0xcc,0xce,0xd0,0xd2,0xd4,0xd6,0xd8,0xda,0xdc,0xde,0xe0,0xe2,0xe4,0xe6,0xe8,0xea,0xec,0xee,0xf0,0xf2,0xf4,0xf6,0xf8,0xfa,0xfc,0xfe,0xd7,0xd5,0xd3,0xd1,0xdf,0xdd,0xdb,0xd9,0xc7,0xc5,0xc3,0xc1,0xcf,0xcd,0xcb,0xc9,0xf7,0xf5,0xf3,0xf1,0xff,0xfd,0xfb,0xf9,0xe7,0xe5,0xe3,0xe1,0xef,0xed,0xeb,0xe9,0x97,0x95,0x93,0x91,0x9f,0x9d,0x9b,0x99,0x87,0x85,0x83,0x81,0x8f,0x8d,0x8b,0x89,0xb7,0xb5,0xb3,0xb1,0xbf,0xbd,0xbb,0xb9,0xa7,0xa5,0xa3,0xa1,0xaf,0xad,0xab,0xa9,0x57,0x55,0x53,0x51,0x5f,0x5d,0x5b,0x59,0x47,0x45,0x43,0x41,0x4f,0x4d,0x4b,0x49,0x77,0x75,0x73,0x71,0x7f,0x7d,0x7b,0x79,0x67,0x65,0x63,0x61,0x6f,0x6d,0x6b,0x69,0x17,0x15,0x13,0x11,0x1f,0x1d,0x1b,0x19,0x07,0x05,0x03,0x01,0x0f,0x0d,0x0b,0x09,0x37,0x35,0x33,0x31,0x3f,0x3d,0x3b,0x39,0x27,0x25,0x23,0x21,0x2f,0x2d,0x2b,0x29};



 depth:7
 0  1  2  3  4  5  6  7  8  9  a  b  c  d  e  f 10 11 12 13 14 15 16 17 18 19 1a 1b 1c 1d 1e 1f 20 21 22 23 24 25 26 27 28 29 2a 2b 2c 2d 2e 2f 30 31 32 33 34 35 36 37 38 39 3a 3b 3c 3d 3e 3f 40 41 42 43 44 45 46 47 48 49 4a 4b 4c 4d 4e 4f 50 51 52 53 54 55 56 57 58 59 5a 5b 5c 5d 5e 5f 60 61 62 63 64 65 66 67 68 69 6a 6b 6c 6d 6e 6f 70 71 72 73 74 75 76 77 78 79 7a 7b 7c 7d 7e 7f 80 81 82 83 84 85 86 87 88 89 8a 8b 8c 8d 8e 8f 90 91 92 93 94 95 96 97 98 99 9a 9b 9c 9d 9e 9f a0 a1 a2 a3 a4 a5 a6 a7 a8 a9 aa ab ac ad ae af b0 b1 b2 b3 b4 b5 b6 b7 b8 b9 ba bb bc bd be bf c0 c1 c2 c3 c4 c5 c6 c7 c8 c9 ca cb cc cd ce cf d0 d1 d2 d3 d4 d5 d6 d7 d8 d9 da db dc dd de df e0 e1 e2 e3 e4 e5 e6 e7 e8 e9 ea eb ec ed ee ef f0 f1 f2 f3 f4 f5 f6 f7 f8 f9 fa fb fc fd fe ff 
 0  1  2 44  4 f4 88 c0  8 49 3f dc c7 1e 57 4a 10 -- 92 23 7e 8d 6f -- 59 c4 3c -- ae -- 94 -- 20 -- -- -- f3 -- 46 4f fc -- cd -- de -- -- e9 b2 -- 5f -- 78 -- -- -- 8b d7 -- -- ff 50 -- 5d 40 14 -- -- -- -- -- -- 31 -- -- bd 8c ec 9e 3d 2f -- -- -- 4d -- -- -- 6b 7b -- -- -- 3b  5 -- b3 -- -- -- be -- -- 75 f0 e3 -- d5 -- -- -- -- c1 -- 79  6 -- -- -- -- 29 bc a0 -- -- -- ba -- 80 -- 28 c5 -- -- -- -- -- -- -- 9f -- -- -- cc 62 -- -- -- -- fa ad -- cf 6e  f 25 eb 22 7a 60 5e -- -- -- --  3 -- -- 9a 81 -- -- -- -- -- d1 d6 -- f6 -- -- -- -- -- -- b5 76 f5  a -- -- -- b1 91 -- -- -- -- -- -- ab -- -- 83 -- -- ea -- 37 f9 11 30 -- -- 7d -- -- a4 -- 66 -- 89 -- -- 55 -- -- -- f2 --  c -- -- -- -- -- -- -- -- -- 52 33 af -- 97 18 -- -- -- aa -- -- a3 -- -- -- 

solutions so far:0 maxDepth:10 
iterations:2501172  skipped: 5 
Depth skipped: 
0 0 5 0 0 0 0 0 0 0 0 0 0 0 0 0 0 0 0 0 0 0 0 0 0 0 0 0 0 0 0 0 

running time: 300 sec
 depth:7
 0  1  2  3  4  5  6  7  8  9  a  b  c  d  e  f 10 11 12 13 14 15 16 17 18 19 1a 1b 1c 1d 1e 1f 20 21 22 23 24 25 26 27 28 29 2a 2b 2c 2d 2e 2f 30 31 32 33 34 35 36 37 38 39 3a 3b 3c 3d 3e 3f 40 41 42 43 44 45 46 47 48 49 4a 4b 4c 4d 4e 4f 50 51 52 53 54 55 56 57 58 59 5a 5b 5c 5d 5e 5f 60 61 62 63 64 65 66 67 68 69 6a 6b 6c 6d 6e 6f 70 71 72 73 74 75 76 77 78 79 7a 7b 7c 7d 7e 7f 80 81 82 83 84 85 86 87 88 89 8a 8b 8c 8d 8e 8f 90 91 92 93 94 95 96 97 98 99 9a 9b 9c 9d 9e 9f a0 a1 a2 a3 a4 a5 a6 a7 a8 a9 aa ab ac ad ae af b0 b1 b2 b3 b4 b5 b6 b7 b8 b9 ba bb bc bd be bf c0 c1 c2 c3 c4 c5 c6 c7 c8 c9 ca cb cc cd ce cf d0 d1 d2 d3 d4 d5 d6 d7 d8 d9 da db dc dd de df e0 e1 e2 e3 e4 e5 e6 e7 e8 e9 ea eb ec ed ee ef f0 f1 f2 f3 f4 f5 f6 f7 f8 f9 fa fb fc fd fe ff 
 0  1  2 44  4 ee 88 99  8 64  b 9f c7 4a e5 8f 10 -- c8 98 16 8d e9 -- 59 41 94 -- 1d -- c9 -- 20 -- -- -- 47 -- e7 4f 2c -- cd --  5 -- -- 93 b2 -- 82 -- ff -- -- -- 3a d7 -- -- 45 7f -- ed 40 6a -- -- -- -- -- -- 8e -- -- bd 19 f9 9e d0 58 -- -- -- 4d -- -- --  a 28 -- -- -- a0 f1 -- b3 -- -- -- d3 -- -- 38 29 e3 -- 13 -- -- -- -- 74 -- 79 17 -- -- -- -- 8a b7 fe -- -- --  d -- 80 -- d4 9d -- -- -- -- -- -- -- a2 -- -- -- cc cb -- -- -- -- 4c ad -- 32 a4 25 ac eb 22 77 a7 b0 -- -- -- -- e0 -- -- 9a e2 -- -- -- -- -- 1c 14 -- 50 -- -- -- -- -- -- b5 97 68 35 -- -- -- b1 34 -- -- -- -- -- -- 71 -- --  e -- -- 70 -- 52 56 11 b8 -- -- 26 -- -- 51 -- 66 -- a5 -- -- e8 -- -- -- f2 -- 2e -- -- -- -- -- -- -- -- -- c3 33 b9 -- 2b 5c -- -- --  7 -- -- 1a -- -- -- 

solutions so far:0 maxDepth:10 
iterations:5031084  skipped: 5 
Depth skipped: 
0 0 5 0 0 0 0 0 0 0 0 0 0 0 0 0 0 0 0 0 0 0 0 0 0 0 0 0 0 0 0 0 

running time: 600 sec
 depth:7
 0  1  2  3  4  5  6  7  8  9  a  b  c  d  e  f 10 11 12 13 14 15 16 17 18 19 1a 1b 1c 1d 1e 1f 20 21 22 23 24 25 26 27 28 29 2a 2b 2c 2d 2e 2f 30 31 32 33 34 35 36 37 38 39 3a 3b 3c 3d 3e 3f 40 41 42 43 44 45 46 47 48 49 4a 4b 4c 4d 4e 4f 50 51 52 53 54 55 56 57 58 59 5a 5b 5c 5d 5e 5f 60 61 62 63 64 65 66 67 68 69 6a 6b 6c 6d 6e 6f 70 71 72 73 74 75 76 77 78 79 7a 7b 7c 7d 7e 7f 80 81 82 83 84 85 86 87 88 89 8a 8b 8c 8d 8e 8f 90 91 92 93 94 95 96 97 98 99 9a 9b 9c 9d 9e 9f a0 a1 a2 a3 a4 a5 a6 a7 a8 a9 aa ab ac ad ae af b0 b1 b2 b3 b4 b5 b6 b7 b8 b9 ba bb bc bd be bf c0 c1 c2 c3 c4 c5 c6 c7 c8 c9 ca cb cc cd ce cf d0 d1 d2 d3 d4 d5 d6 d7 d8 d9 da db dc dd de df e0 e1 e2 e3 e4 e5 e6 e7 e8 e9 ea eb ec ed ee ef f0 f1 f2 f3 f4 f5 f6 f7 f8 f9 fa fb fc fd fe ff 
 0  1  2 44  4 e6 88 77  8 9c 1b 6a c7 c3 ee d9 10 -- ef 7c 36 8d d4 -- 59 48 51 --  b -- 65 -- 20 -- -- --  9 -- f8 4f 6c -- cd -- 7f -- -- c2 b2 -- 90 -- a2 -- -- -- 16 d7 -- -- ca 15 -- 21 40 9b -- -- -- -- -- -- 12 -- -- bd 27 45 9e d2 d8 -- -- -- 4d -- -- -- fe 56 -- -- -- 8f 53 -- b3 -- -- -- f7 -- -- a5 93 e3 -- e4 -- -- -- -- 2c -- 79  d -- -- -- -- 43 ce 2a -- -- -- 42 -- 80 -- e1 fb -- -- -- -- -- -- -- 61 -- -- -- cc 24 -- -- -- -- 3e ad -- 4e 35 8a 87 eb 22 73 d0 67 -- -- -- -- ed -- -- 9a 72 -- -- -- -- -- b9 2b -- ac -- -- -- -- -- -- b5 c9 69 a6 -- -- -- b1 df -- -- -- -- -- -- 39 -- -- b7 -- -- 9d -- f1 a8 11 68 -- -- 1f -- -- db -- 66 -- 96 -- -- 58 -- -- -- f2 -- 1a -- -- -- -- -- -- -- -- -- 86 33 4b -- 54 34 -- -- -- b0 -- -- 84 -- -- -- 

solutions so far:0 maxDepth:10 
iterations:8082746  skipped: 6 
Depth skipped: 
0 0 6 0 0 0 0 0 0 0 0 0 0 0 0 0 0 0 0 0 0 0 0 0 0 0 0 0 0 0 0 0 

running time: 900 sec
 depth:6
 0  1  2  3  4  5  6  7  8  9  a  b  c  d  e  f 10 11 12 13 14 15 16 17 18 19 1a 1b 1c 1d 1e 1f 20 21 22 23 24 25 26 27 28 29 2a 2b 2c 2d 2e 2f 30 31 32 33 34 35 36 37 38 39 3a 3b 3c 3d 3e 3f 40 41 42 43 44 45 46 47 48 49 4a 4b 4c 4d 4e 4f 50 51 52 53 54 55 56 57 58 59 5a 5b 5c 5d 5e 5f 60 61 62 63 64 65 66 67 68 69 6a 6b 6c 6d 6e 6f 70 71 72 73 74 75 76 77 78 79 7a 7b 7c 7d 7e 7f 80 81 82 83 84 85 86 87 88 89 8a 8b 8c 8d 8e 8f 90 91 92 93 94 95 96 97 98 99 9a 9b 9c 9d 9e 9f a0 a1 a2 a3 a4 a5 a6 a7 a8 a9 aa ab ac ad ae af b0 b1 b2 b3 b4 b5 b6 b7 b8 b9 ba bb bc bd be bf c0 c1 c2 c3 c4 c5 c6 c7 c8 c9 ca cb cc cd ce cf d0 d1 d2 d3 d4 d5 d6 d7 d8 d9 da db dc dd de df e0 e1 e2 e3 e4 e5 e6 e7 e8 e9 ea eb ec ed ee ef f0 f1 f2 f3 f4 f5 f6 f7 f8 f9 fa fb fc fd fe ff 
 0  1  2 44  4 de 88 fe  8  3 6b 27 c7 72 2b -- 10 --  6 83 d6 8d 4e -- 59 60 e4 -- 56 -- -- -- 20 -- -- --  c -- d1 4f 7b -- cd -- 9c -- -- -- b2 -- c0 -- 1f -- -- -- ac d7 -- -- -- -- -- 3c 40 -- -- -- -- -- -- -- 18 -- -- bd 75 f7 9e dc f6 -- -- -- 4d -- -- -- ef 12 -- -- -- 48 -- -- b3 -- -- -- 57 -- -- 51 3e e3 -- c1 -- -- -- -- 8f -- 79 f1 -- -- -- -- -- 76 -- -- -- -- 78 -- 80 -- -- 1e -- -- -- -- -- -- -- -- -- -- -- cc 30 -- -- -- -- aa ad -- ea f8 39 -- eb 22 6f 7f 3b -- -- -- -- 93 -- -- 9a 8b -- -- -- -- -- c3  9 -- 24 -- -- -- -- -- -- b5 90 6e -- -- -- -- b1 37 -- -- -- -- -- -- ae -- -- 8a -- -- a2 -- 7c -- 11 d4 -- -- 55 -- -- -- -- 66 --  f -- -- c9 -- -- -- f2 -- 35 -- -- -- -- -- -- -- -- -- -- 33 ec -- -- 6a -- -- -- 45 -- -- f0 -- -- -- 

solutions so far:0 maxDepth:10 
iterations:10077439  skipped: 8 
Depth skipped: 
0 0 8 0 0 0 0 0 0 0 0 0 0 0 0 0 0 0 0 0 0 0 0 0 0 0 0 0 0 0 0 0 

running time: 1200 sec
 depth:6
 0  1  2  3  4  5  6  7  8  9  a  b  c  d  e  f 10 11 12 13 14 15 16 17 18 19 1a 1b 1c 1d 1e 1f 20 21 22 23 24 25 26 27 28 29 2a 2b 2c 2d 2e 2f 30 31 32 33 34 35 36 37 38 39 3a 3b 3c 3d 3e 3f 40 41 42 43 44 45 46 47 48 49 4a 4b 4c 4d 4e 4f 50 51 52 53 54 55 56 57 58 59 5a 5b 5c 5d 5e 5f 60 61 62 63 64 65 66 67 68 69 6a 6b 6c 6d 6e 6f 70 71 72 73 74 75 76 77 78 79 7a 7b 7c 7d 7e 7f 80 81 82 83 84 85 86 87 88 89 8a 8b 8c 8d 8e 8f 90 91 92 93 94 95 96 97 98 99 9a 9b 9c 9d 9e 9f a0 a1 a2 a3 a4 a5 a6 a7 a8 a9 aa ab ac ad ae af b0 b1 b2 b3 b4 b5 b6 b7 b8 b9 ba bb bc bd be bf c0 c1 c2 c3 c4 c5 c6 c7 c8 c9 ca cb cc cd ce cf d0 d1 d2 d3 d4 d5 d6 d7 d8 d9 da db dc dd de df e0 e1 e2 e3 e4 e5 e6 e7 e8 e9 ea eb ec ed ee ef f0 f1 f2 f3 f4 f5 f6 f7 f8 f9 fa fb fc fd fe ff 
 0  1  2 44  4 d4 88 25  8 21 7f 74 c7 b8 4a -- 10 -- 42 ce fe 8d e8 -- 59 d2 a7 -- 94 -- -- -- 20 -- -- -- 84 -- 4b 4f 2b -- cd --  7 -- -- -- b2 -- 73 -- 99 -- -- -- ff d7 -- -- -- -- -- c3 40 -- -- -- -- -- -- -- df -- -- bd 96 2e 9e 35 56 -- -- -- 4d -- -- --  e 38 -- -- -- e0 -- -- b3 -- -- -- e6 -- --  5 e5 e3 -- 6c -- -- -- -- 29 -- 79 28 -- -- -- -- -- 8f -- -- -- -- 51 -- 80 -- -- 8a -- -- -- -- -- -- -- -- -- -- -- cc 69 -- -- -- -- 67 ad -- fb 3a 5c -- eb 22 6a f9 ac -- -- -- -- 14 -- -- 9a 36 -- -- -- -- -- e9 1c -- 70 -- -- -- -- -- -- b5 17 f1 -- -- -- -- b1 93 -- -- -- -- -- -- 1b -- -- 9f -- --  a -- 1d -- 11 97 -- -- d8 -- -- -- -- 66 -- 45 -- -- 52 -- -- -- f2 -- 50 -- -- -- -- -- -- -- -- -- -- 33 c9 -- -- a0 -- -- -- a4 -- -- a2 -- -- -- 

solutions so far:0 maxDepth:10 
iterations:12342597  skipped: 10 
Depth skipped: 
0 0 10 0 0 0 0 0 0 0 0 0 0 0 0 0 0 0 0 0 0 0 0 0 0 0 0 0 0 0 0 0 

running time: 1500 sec
 depth:6
 0  1  2  3  4  5  6  7  8  9  a  b  c  d  e  f 10 11 12 13 14 15 16 17 18 19 1a 1b 1c 1d 1e 1f 20 21 22 23 24 25 26 27 28 29 2a 2b 2c 2d 2e 2f 30 31 32 33 34 35 36 37 38 39 3a 3b 3c 3d 3e 3f 40 41 42 43 44 45 46 47 48 49 4a 4b 4c 4d 4e 4f 50 51 52 53 54 55 56 57 58 59 5a 5b 5c 5d 5e 5f 60 61 62 63 64 65 66 67 68 69 6a 6b 6c 6d 6e 6f 70 71 72 73 74 75 76 77 78 79 7a 7b 7c 7d 7e 7f 80 81 82 83 84 85 86 87 88 89 8a 8b 8c 8d 8e 8f 90 91 92 93 94 95 96 97 98 99 9a 9b 9c 9d 9e 9f a0 a1 a2 a3 a4 a5 a6 a7 a8 a9 aa ab ac ad ae af b0 b1 b2 b3 b4 b5 b6 b7 b8 b9 ba bb bc bd be bf c0 c1 c2 c3 c4 c5 c6 c7 c8 c9 ca cb cc cd ce cf d0 d1 d2 d3 d4 d5 d6 d7 d8 d9 da db dc dd de df e0 e1 e2 e3 e4 e5 e6 e7 e8 e9 ea eb ec ed ee ef f0 f1 f2 f3 f4 f5 f6 f7 f8 f9 fa fb fc fd fe ff 
 0  1  2 44  4 ca 88 92  8 fd 43 c5 c7 fc f3 -- 10 -- 2d b6 86 8d 5d -- 59 a9 2f -- 31 -- -- -- 20 -- -- -- 5a -- bb 4f db -- cd -- ba -- -- -- b2 -- 85 -- 5e -- -- -- 62 d7 -- -- -- -- -- 15 40 -- -- -- -- -- -- -- b4 -- -- bd a1 3f 9e d9 61 -- -- -- 4d -- -- -- a3 f5 -- -- -- 7a -- -- b3 -- -- -- dd -- -- d5 bc e3 -- 63 -- -- -- -- c4 -- 79 23 -- -- -- -- -- 53 -- -- -- -- 2a -- 80 -- -- e1 -- -- -- -- -- -- -- -- -- -- -- cc bf -- -- -- -- 5b ad -- 95 89 7e -- eb 22 65 49 c2 -- -- -- -- fa -- -- 9a da -- -- -- -- -- 81 91 -- 3d -- -- -- -- -- -- b5 f4 87 -- -- -- -- b1 a8 -- -- -- -- -- -- 6d -- -- ab -- -- 7d -- af -- 11 cf -- -- c6 -- -- -- -- 66 -- 9b -- -- 5f -- -- -- f2 -- 46 -- -- -- -- -- -- -- -- -- -- 33 a6 -- -- 8c -- -- -- be -- -- 54 -- -- -- 

solutions so far:0 maxDepth:10 
iterations:14482355  skipped: 11 
Depth skipped: 
0 0 11 0 0 0 0 0 0 0 0 0 0 0 0 0 0 0 0 0 0 0 0 0 0 0 0 0 0 0 0 0 

running time: 1800 sec
 depth:6
 0  1  2  3  4  5  6  7  8  9  a  b  c  d  e  f 10 11 12 13 14 15 16 17 18 19 1a 1b 1c 1d 1e 1f 20 21 22 23 24 25 26 27 28 29 2a 2b 2c 2d 2e 2f 30 31 32 33 34 35 36 37 38 39 3a 3b 3c 3d 3e 3f 40 41 42 43 44 45 46 47 48 49 4a 4b 4c 4d 4e 4f 50 51 52 53 54 55 56 57 58 59 5a 5b 5c 5d 5e 5f 60 61 62 63 64 65 66 67 68 69 6a 6b 6c 6d 6e 6f 70 71 72 73 74 75 76 77 78 79 7a 7b 7c 7d 7e 7f 80 81 82 83 84 85 86 87 88 89 8a 8b 8c 8d 8e 8f 90 91 92 93 94 95 96 97 98 99 9a 9b 9c 9d 9e 9f a0 a1 a2 a3 a4 a5 a6 a7 a8 a9 aa ab ac ad ae af b0 b1 b2 b3 b4 b5 b6 b7 b8 b9 ba bb bc bd be bf c0 c1 c2 c3 c4 c5 c6 c7 c8 c9 ca cb cc cd ce cf d0 d1 d2 d3 d4 d5 d6 d7 d8 d9 da db dc dd de df e0 e1 e2 e3 e4 e5 e6 e7 e8 e9 ea eb ec ed ee ef f0 f1 f2 f3 f4 f5 f6 f7 f8 f9 fa fb fc fd fe ff 
 0  1  2 44  4 c1 88 96  8 af 55 16 c7 34 fb -- 10 -- 89 fc aa 8d 2c -- 59 a3 68 -- 21 -- -- -- 20 -- -- -- c5 -- 2f 4f 83 -- cd -- 58 -- -- -- b2 -- 91 -- d0 -- -- -- 42 d7 -- -- -- -- -- 18 40 -- -- -- -- -- -- -- 5d -- -- bd 5e  d 9e ae d1 -- -- -- 4d -- -- -- b0 b9 -- -- -- 9d -- -- b3 -- -- -- f5 -- -- e6 77 e3 -- f4 -- -- -- -- 84 -- 79 6c -- -- -- -- -- ea -- -- -- -- 30 -- 80 -- --  c -- -- -- -- -- -- -- -- -- -- -- cc ba -- -- -- -- 7e ad -- bc  b 1a -- eb 22 8b 4b 75 -- -- -- -- 36 -- -- 9a 7a -- -- -- -- -- 73 b7 -- a5 -- -- -- -- -- -- b5 ed 57 -- -- -- -- b1 c0 -- -- -- -- -- -- 3d -- -- d2 -- -- 1b -- ee -- 11 ce -- -- 3f -- -- -- -- 66 --  6 -- -- df -- -- -- f2 -- d8 -- -- -- -- -- -- -- -- -- -- 33  3 -- -- 67 -- -- -- 69 -- -- 60 -- -- -- 

solutions so far:0 maxDepth:10 
iterations:17388355  skipped: 12 
Depth skipped: 
0 0 12 0 0 0 0 0 0 0 0 0 0 0 0 0 0 0 0 0 0 0 0 0 0 0 0 0 0 0 0 0 

running time: 2100 sec
 depth:7
 0  1  2  3  4  5  6  7  8  9  a  b  c  d  e  f 10 11 12 13 14 15 16 17 18 19 1a 1b 1c 1d 1e 1f 20 21 22 23 24 25 26 27 28 29 2a 2b 2c 2d 2e 2f 30 31 32 33 34 35 36 37 38 39 3a 3b 3c 3d 3e 3f 40 41 42 43 44 45 46 47 48 49 4a 4b 4c 4d 4e 4f 50 51 52 53 54 55 56 57 58 59 5a 5b 5c 5d 5e 5f 60 61 62 63 64 65 66 67 68 69 6a 6b 6c 6d 6e 6f 70 71 72 73 74 75 76 77 78 79 7a 7b 7c 7d 7e 7f 80 81 82 83 84 85 86 87 88 89 8a 8b 8c 8d 8e 8f 90 91 92 93 94 95 96 97 98 99 9a 9b 9c 9d 9e 9f a0 a1 a2 a3 a4 a5 a6 a7 a8 a9 aa ab ac ad ae af b0 b1 b2 b3 b4 b5 b6 b7 b8 b9 ba bb bc bd be bf c0 c1 c2 c3 c4 c5 c6 c7 c8 c9 ca cb cc cd ce cf d0 d1 d2 d3 d4 d5 d6 d7 d8 d9 da db dc dd de df e0 e1 e2 e3 e4 e5 e6 e7 e8 e9 ea eb ec ed ee ef f0 f1 f2 f3 f4 f5 f6 f7 f8 f9 fa fb fc fd fe ff 
 0  1  2 44  4 bb 88 db  8 ec a1 3d c7 c5 61 77 10 --  f 7b 95 8d 7a -- 59 f0 5d -- c2 -- ee -- 20 -- -- -- 1e -- f6 4f fd -- cd -- f4 -- -- b7 b2 -- 37 -- ba -- -- -- 53 d7 -- --  b  d -- dd 40 9d -- -- -- -- -- -- 3c -- -- bd 3b af 9e 5b 2d -- -- -- 4d -- -- -- 3f fc -- -- -- 5e b9 -- b3 -- -- -- 6e -- -- 54 a3 e3 -- de -- -- -- -- a6 -- 79 d9 -- -- -- -- 16 b4 1a -- -- -- 6d -- 80 -- ed 85 -- -- -- -- -- -- -- b0 -- -- -- cc 78 -- -- -- -- d6 ad -- 76 f5 89 d0 eb 22 b6 86 5a -- -- -- -- 87 -- -- 9a 6f -- -- -- -- -- 2a 7e -- 2f -- -- -- -- -- -- b5 bc c6 a5 -- -- -- b1 63 -- -- -- -- -- -- dc -- -- 15 -- -- a8 -- 91 68 11 43 -- -- 6b -- -- 58 -- 66 -- a9 -- -- 9b -- -- -- f2 -- 65 -- -- -- -- -- -- -- -- -- 2c 33 bf -- 34 ca -- -- -- e1 -- -- da -- -- -- 

solutions so far:0 maxDepth:10 
iterations:19638779  skipped: 12 
Depth skipped: 
0 0 12 0 0 0 0 0 0 0 0 0 0 0 0 0 0 0 0 0 0 0 0 0 0 0 0 0 0 0 0 0 

running time: 2400 sec
 depth:7
 0  1  2  3  4  5  6  7  8  9  a  b  c  d  e  f 10 11 12 13 14 15 16 17 18 19 1a 1b 1c 1d 1e 1f 20 21 22 23 24 25 26 27 28 29 2a 2b 2c 2d 2e 2f 30 31 32 33 34 35 36 37 38 39 3a 3b 3c 3d 3e 3f 40 41 42 43 44 45 46 47 48 49 4a 4b 4c 4d 4e 4f 50 51 52 53 54 55 56 57 58 59 5a 5b 5c 5d 5e 5f 60 61 62 63 64 65 66 67 68 69 6a 6b 6c 6d 6e 6f 70 71 72 73 74 75 76 77 78 79 7a 7b 7c 7d 7e 7f 80 81 82 83 84 85 86 87 88 89 8a 8b 8c 8d 8e 8f 90 91 92 93 94 95 96 97 98 99 9a 9b 9c 9d 9e 9f a0 a1 a2 a3 a4 a5 a6 a7 a8 a9 aa ab ac ad ae af b0 b1 b2 b3 b4 b5 b6 b7 b8 b9 ba bb bc bd be bf c0 c1 c2 c3 c4 c5 c6 c7 c8 c9 ca cb cc cd ce cf d0 d1 d2 d3 d4 d5 d6 d7 d8 d9 da db dc dd de df e0 e1 e2 e3 e4 e5 e6 e7 e8 e9 ea eb ec ed ee ef f0 f1 f2 f3 f4 f5 f6 f7 f8 f9 fa fb fc fd fe ff 
 0  1  2 44  4 aa 88 af  8 e8 83 41 c7 32 89 87 10 --  7 e5 d1 8d 82 -- 59 70 64 -- c5 -- d9 -- 20 -- -- --  e -- 1d 4f 75 -- cd -- d3 -- -- 61 b2 -- e0 -- c8 -- -- -- 5d d7 -- -- 65 e1 -- 60 40 a6 -- -- -- -- -- -- 1c -- -- bd 3a e7 9e c1 ea -- -- -- 4d -- -- -- 71 13 -- -- -- 4c c2 -- b3 -- -- -- 17 -- -- 7a 47 e3 -- b8 -- -- -- -- ba -- 79 7e -- -- -- -- ca  6 15 -- -- -- c0 -- 80 -- 9b 30 -- -- -- -- -- -- -- db -- -- -- cc 38 -- -- -- -- 99 ad -- 74 cb 19 a8 eb 22 55 bc  3 -- -- -- -- 3f -- -- 9a 5c -- -- -- -- -- 3d e2 -- 26 -- -- -- -- -- -- b5 98 8b 53 -- -- -- b1 ae -- -- -- -- -- -- 2e -- -- f5 -- -- f4 -- 8e 54 11 5e -- -- a7 -- -- 86 -- 66 -- 18 -- -- a3 -- -- -- f2 -- fc -- -- -- -- -- -- -- -- -- 43 33  c -- 2a 2f -- -- -- 91 -- -- 57 -- -- -- 

solutions so far:0 maxDepth:10 
iterations:22414087  skipped: 16 
Depth skipped: 
0 0 16 0 0 0 0 0 0 0 0 0 0 0 0 0 0 0 0 0 0 0 0 0 0 0 0 0 0 0 0 0 

running time: 2700 sec
 depth:6
 0  1  2  3  4  5  6  7  8  9  a  b  c  d  e  f 10 11 12 13 14 15 16 17 18 19 1a 1b 1c 1d 1e 1f 20 21 22 23 24 25 26 27 28 29 2a 2b 2c 2d 2e 2f 30 31 32 33 34 35 36 37 38 39 3a 3b 3c 3d 3e 3f 40 41 42 43 44 45 46 47 48 49 4a 4b 4c 4d 4e 4f 50 51 52 53 54 55 56 57 58 59 5a 5b 5c 5d 5e 5f 60 61 62 63 64 65 66 67 68 69 6a 6b 6c 6d 6e 6f 70 71 72 73 74 75 76 77 78 79 7a 7b 7c 7d 7e 7f 80 81 82 83 84 85 86 87 88 89 8a 8b 8c 8d 8e 8f 90 91 92 93 94 95 96 97 98 99 9a 9b 9c 9d 9e 9f a0 a1 a2 a3 a4 a5 a6 a7 a8 a9 aa ab ac ad ae af b0 b1 b2 b3 b4 b5 b6 b7 b8 b9 ba bb bc bd be bf c0 c1 c2 c3 c4 c5 c6 c7 c8 c9 ca cb cc cd ce cf d0 d1 d2 d3 d4 d5 d6 d7 d8 d9 da db dc dd de df e0 e1 e2 e3 e4 e5 e6 e7 e8 e9 ea eb ec ed ee ef f0 f1 f2 f3 f4 f5 f6 f7 f8 f9 fa fb fc fd fe ff 
 0  1  2 44  4 a0 88 9b  8 6b 97 c4 c7 cf e1 -- 10 -- d6 6e f9 8d 5f -- 59 76 49 -- 15 -- -- -- 20 -- -- -- 7b -- dc 4f 25 -- cd -- be -- -- -- b2 -- ec -- 92 -- -- -- 2a d7 -- -- -- -- -- 9f 40 -- -- -- -- -- -- -- f6 -- -- bd 6f 46 9e 28 4a -- -- -- 4d -- -- -- ab d5 -- -- -- fa -- -- b3 -- -- --  f -- -- ca f3 e3 -- 78 -- -- -- -- 54 -- 79 db -- -- -- -- -- ff -- -- -- -- e9 -- 80 -- -- a4 -- -- -- -- -- -- -- -- -- -- -- cc 3b -- -- -- -- 37 ad -- de 62 8c -- eb 22 50 a6 94 -- -- -- -- 86 -- -- 9a 3c -- -- -- -- -- 65 81 -- 7d -- -- -- -- -- -- b5 23 14 -- -- -- -- b1  a -- -- -- -- -- -- 1e -- -- d9 -- -- 43 -- 31 -- 11 53 -- -- f0 -- -- -- -- 66 -- 52 -- -- a8 -- -- -- f2 -- 61 -- -- -- -- -- -- -- -- -- -- 33 29 -- -- c2 -- -- -- 87 -- --  5 -- -- -- 

solutions so far:0 maxDepth:10 
iterations:25793025  skipped: 18 
Depth skipped: 
0 0 18 0 0 0 0 0 0 0 0 0 0 0 0 0 0 0 0 0 0 0 0 0 0 0 0 0 0 0 0 0 

running time: 3000 sec
 depth:7
 0  1  2  3  4  5  6  7  8  9  a  b  c  d  e  f 10 11 12 13 14 15 16 17 18 19 1a 1b 1c 1d 1e 1f 20 21 22 23 24 25 26 27 28 29 2a 2b 2c 2d 2e 2f 30 31 32 33 34 35 36 37 38 39 3a 3b 3c 3d 3e 3f 40 41 42 43 44 45 46 47 48 49 4a 4b 4c 4d 4e 4f 50 51 52 53 54 55 56 57 58 59 5a 5b 5c 5d 5e 5f 60 61 62 63 64 65 66 67 68 69 6a 6b 6c 6d 6e 6f 70 71 72 73 74 75 76 77 78 79 7a 7b 7c 7d 7e 7f 80 81 82 83 84 85 86 87 88 89 8a 8b 8c 8d 8e 8f 90 91 92 93 94 95 96 97 98 99 9a 9b 9c 9d 9e 9f a0 a1 a2 a3 a4 a5 a6 a7 a8 a9 aa ab ac ad ae af b0 b1 b2 b3 b4 b5 b6 b7 b8 b9 ba bb bc bd be bf c0 c1 c2 c3 c4 c5 c6 c7 c8 c9 ca cb cc cd ce cf d0 d1 d2 d3 d4 d5 d6 d7 d8 d9 da db dc dd de df e0 e1 e2 e3 e4 e5 e6 e7 e8 e9 ea eb ec ed ee ef f0 f1 f2 f3 f4 f5 f6 f7 f8 f9 fa fb fc fd fe ff 
 0  1  2 44  4 92 88 4a  8 6e f3 f5 c7 89 94  d 10 -- dc 3c 31 8d 3d -- 59 d6 c5 -- ff -- 1a -- 20 -- -- -- 6f -- 78 4f 62 -- cd -- 7a -- --  b b2 -- 7b -- 5d -- -- -- 29 d7 -- -- 34 b7 -- 7d 40 58 -- -- -- -- -- -- de -- -- bd f0 bc 9e cf c4 -- -- -- 4d -- -- -- f4 7e -- -- -- 2f 16 -- b3 -- -- -- f6 -- --  a ba e3 -- ec -- -- -- -- 52 -- 79 50 -- -- -- -- 68 be b9 -- -- -- fa -- 80 -- b0 d5 -- -- -- -- -- -- -- ee -- -- -- cc 6b -- -- -- -- 1e ad -- 37 91 af ed eb 22 49 25 5f -- -- -- -- 28 -- -- 9a 76 -- -- -- -- --  5 3f -- fc -- -- -- -- -- -- b5 5e 8c 2c -- -- -- b1 46 -- -- -- -- -- -- 3b -- -- e9 -- -- 14 -- a3 9d 11 f9 -- --  f -- -- 77 -- 66 -- 81 -- -- a4 -- -- -- f2 -- a0 -- -- -- -- -- -- -- -- -- d0 33 ab -- a5 97 -- -- -- 9f -- -- 23 -- -- -- 

solutions so far:0 maxDepth:10 
iterations:29129925  skipped: 20 
Depth skipped: 
0 0 20 0 0 0 0 0 0 0 0 0 0 0 0 0 0 0 0 0 0 0 0 0 0 0 0 0 0 0 0 0 

running time: 3300 sec
 depth:8
 0  1  2  3  4  5  6  7  8  9  a  b  c  d  e  f 10 11 12 13 14 15 16 17 18 19 1a 1b 1c 1d 1e 1f 20 21 22 23 24 25 26 27 28 29 2a 2b 2c 2d 2e 2f 30 31 32 33 34 35 36 37 38 39 3a 3b 3c 3d 3e 3f 40 41 42 43 44 45 46 47 48 49 4a 4b 4c 4d 4e 4f 50 51 52 53 54 55 56 57 58 59 5a 5b 5c 5d 5e 5f 60 61 62 63 64 65 66 67 68 69 6a 6b 6c 6d 6e 6f 70 71 72 73 74 75 76 77 78 79 7a 7b 7c 7d 7e 7f 80 81 82 83 84 85 86 87 88 89 8a 8b 8c 8d 8e 8f 90 91 92 93 94 95 96 97 98 99 9a 9b 9c 9d 9e 9f a0 a1 a2 a3 a4 a5 a6 a7 a8 a9 aa ab ac ad ae af b0 b1 b2 b3 b4 b5 b6 b7 b8 b9 ba bb bc bd be bf c0 c1 c2 c3 c4 c5 c6 c7 c8 c9 ca cb cc cd ce cf d0 d1 d2 d3 d4 d5 d6 d7 d8 d9 da db dc dd de df e0 e1 e2 e3 e4 e5 e6 e7 e8 e9 ea eb ec ed ee ef f0 f1 f2 f3 f4 f5 f6 f7 f8 f9 fa fb fc fd fe ff 
 0  1  2 44  4 81 88 d8  8 bc d5 f0 c7 76 67 8a 10 54 af 7e 7d 8d 37 -- 59 ba ec -- ce -- c3 -- 20 -- a8 -- 89 e1 fc 4f fa 65 cd -- 6e -- -- 6a b2 -- a3 --  f -- -- -- 4b d7 -- -- 51 56 -- f3 40 fe -- -- 87 -- -- a6 c5 -- 15 bd 2f f6 9e be 23 -- ca -- 4d -- -- -- dc de -- -- -- d6 d4 -- b3 -- -- -- 91 -- -- df 1e e3 -- 7a -- -- -- -- 96 86 79 73 -- -- -- -- a2 8c ac -- -- -- 31 -- 80 -- 2b 92 -- -- -- -- d9 -- -- 35 -- -- 9b cc 5d -- -- -- 2a 3f ad -- 5e 78 3b 45 eb 22 ab 6c 46 -- -- -- 43 d2 -- -- 9a 3d -- -- -- -- -- 84 6f -- 6b -- -- -- -- -- -- b5 7b 5f 7f -- -- 53 b1 c4 -- c2 -- -- -- -- f5 -- -- 42 -- -- 69 -- 3c c9 11 36 -- -- f4 -- -- f1 -- 66 -- 49 -- -- fb -- db -- f2 -- e6 -- -- -- -- -- -- -- -- -- 93 33 cf -- 8f 1b -- -- -- 21 -- -- 62 61 -- -- 

solutions so far:0 maxDepth:10 
iterations:32137611  skipped: 22 
Depth skipped: 
0 0 22 0 0 0 0 0 0 0 0 0 0 0 0 0 0 0 0 0 0 0 0 0 0 0 0 0 0 0 0 0 

running time: 3600 sec
 depth:7
 0  1  2  3  4  5  6  7  8  9  a  b  c  d  e  f 10 11 12 13 14 15 16 17 18 19 1a 1b 1c 1d 1e 1f 20 21 22 23 24 25 26 27 28 29 2a 2b 2c 2d 2e 2f 30 31 32 33 34 35 36 37 38 39 3a 3b 3c 3d 3e 3f 40 41 42 43 44 45 46 47 48 49 4a 4b 4c 4d 4e 4f 50 51 52 53 54 55 56 57 58 59 5a 5b 5c 5d 5e 5f 60 61 62 63 64 65 66 67 68 69 6a 6b 6c 6d 6e 6f 70 71 72 73 74 75 76 77 78 79 7a 7b 7c 7d 7e 7f 80 81 82 83 84 85 86 87 88 89 8a 8b 8c 8d 8e 8f 90 91 92 93 94 95 96 97 98 99 9a 9b 9c 9d 9e 9f a0 a1 a2 a3 a4 a5 a6 a7 a8 a9 aa ab ac ad ae af b0 b1 b2 b3 b4 b5 b6 b7 b8 b9 ba bb bc bd be bf c0 c1 c2 c3 c4 c5 c6 c7 c8 c9 ca cb cc cd ce cf d0 d1 d2 d3 d4 d5 d6 d7 d8 d9 da db dc dd de df e0 e1 e2 e3 e4 e5 e6 e7 e8 e9 ea eb ec ed ee ef f0 f1 f2 f3 f4 f5 f6 f7 f8 f9 fa fb fc fd fe ff 
 0  1  2 44  4 76 88 7a  8 df ec b9 c7  b f4  a 10 -- 69 fb  f 8d a5 -- 59 1b 16 -- 3f -- 14 -- 20 -- -- -- d2 -- 21 4f 1e -- cd -- 9d -- -- 25 b2 -- 36 -- 2c -- -- -- 7e d7 -- -- 28 52 -- 6f 40 ff -- -- -- -- -- -- 73 -- -- bd 42 77 9e f6 3c -- -- -- 4d -- -- -- ed 1a -- -- -- 68 4a -- b3 -- -- -- 6c -- -- 89 58 e3 -- ce -- -- -- -- fc -- 79 ba -- -- -- -- 50 f0 a4 -- -- -- de -- 80 -- 29 dc -- -- -- -- -- -- -- f9 -- -- -- cc e6 -- -- -- -- 96 ad -- 84 b7 ee  5 eb 22 3b 3d 78 -- -- -- -- 5d -- -- 9a 67 -- -- -- -- -- af  d -- 34 -- -- -- -- -- -- b5 d0 7b 94 -- -- -- b1 d6 -- -- -- -- -- -- d8 -- -- bc -- -- c5 -- b0 e9 11 f5 -- -- 4b -- -- 97 -- 66 -- 6e -- -- 2f -- -- -- f2 -- a3 -- -- -- -- -- -- -- -- -- a0 33 37 -- 9f 91 -- -- -- 5e -- -- 6b -- -- -- 

solutions so far:0 maxDepth:10 
iterations:35153595  skipped: 24 
Depth skipped: 
0 0 24 0 0 0 0 0 0 0 0 0 0 0 0 0 0 0 0 0 0 0 0 0 0 0 0 0 0 0 0 0 

running time: 3900 sec
 depth:6
 0  1  2  3  4  5  6  7  8  9  a  b  c  d  e  f 10 11 12 13 14 15 16 17 18 19 1a 1b 1c 1d 1e 1f 20 21 22 23 24 25 26 27 28 29 2a 2b 2c 2d 2e 2f 30 31 32 33 34 35 36 37 38 39 3a 3b 3c 3d 3e 3f 40 41 42 43 44 45 46 47 48 49 4a 4b 4c 4d 4e 4f 50 51 52 53 54 55 56 57 58 59 5a 5b 5c 5d 5e 5f 60 61 62 63 64 65 66 67 68 69 6a 6b 6c 6d 6e 6f 70 71 72 73 74 75 76 77 78 79 7a 7b 7c 7d 7e 7f 80 81 82 83 84 85 86 87 88 89 8a 8b 8c 8d 8e 8f 90 91 92 93 94 95 96 97 98 99 9a 9b 9c 9d 9e 9f a0 a1 a2 a3 a4 a5 a6 a7 a8 a9 aa ab ac ad ae af b0 b1 b2 b3 b4 b5 b6 b7 b8 b9 ba bb bc bd be bf c0 c1 c2 c3 c4 c5 c6 c7 c8 c9 ca cb cc cd ce cf d0 d1 d2 d3 d4 d5 d6 d7 d8 d9 da db dc dd de df e0 e1 e2 e3 e4 e5 e6 e7 e8 e9 ea eb ec ed ee ef f0 f1 f2 f3 f4 f5 f6 f7 f8 f9 fa fb fc fd fe ff 
 0  1  2 44  4 6c 88 a5  8 d4 d8 cb c7 19 9d -- 10 -- 7f 93 67 8d 41 -- 59 ac 32 -- ed -- -- -- 20 -- -- -- fe -- f1 4f ce -- cd -- 82 -- -- -- b2 -- 8f -- 64 -- -- --  d d7 -- -- -- -- -- df 40 -- -- -- -- -- -- -- 2b -- -- bd 35 98 9e 1b 4b -- -- -- 4d -- -- -- d3 e2 -- -- -- 26 -- -- b3 -- -- -- c9 -- -- ee c8 e3 -- c3 -- -- -- -- 1a -- 79 2c -- -- -- -- -- fb -- -- -- -- 69 -- 80 -- -- 84 -- -- -- -- -- -- -- -- -- -- -- cc 56 -- -- -- -- a2 ad -- 6a 8e e7 -- eb 22 36 b9 96 -- -- -- -- 16 -- -- 9a 8a -- -- -- -- -- 77 71 -- 13 -- -- -- -- -- -- b5 4c e6 -- -- -- -- b1 73 -- -- -- -- -- -- 45 -- -- d0 -- --  b -- 47 -- 11 b7 -- -- 51 -- -- -- -- 66 -- 42 -- -- 34 -- -- -- f2 -- 58 -- -- -- -- -- -- -- -- -- -- 33 21 -- -- b0 -- -- -- 68 -- -- d2 -- -- -- 

solutions so far:0 maxDepth:10 
iterations:38397240  skipped: 26 
Depth skipped: 
0 0 26 0 0 0 0 0 0 0 0 0 0 0 0 0 0 0 0 0 0 0 0 0 0 0 0 0 0 0 0 0 

running time: 4200 sec
 depth:7
 0  1  2  3  4  5  6  7  8  9  a  b  c  d  e  f 10 11 12 13 14 15 16 17 18 19 1a 1b 1c 1d 1e 1f 20 21 22 23 24 25 26 27 28 29 2a 2b 2c 2d 2e 2f 30 31 32 33 34 35 36 37 38 39 3a 3b 3c 3d 3e 3f 40 41 42 43 44 45 46 47 48 49 4a 4b 4c 4d 4e 4f 50 51 52 53 54 55 56 57 58 59 5a 5b 5c 5d 5e 5f 60 61 62 63 64 65 66 67 68 69 6a 6b 6c 6d 6e 6f 70 71 72 73 74 75 76 77 78 79 7a 7b 7c 7d 7e 7f 80 81 82 83 84 85 86 87 88 89 8a 8b 8c 8d 8e 8f 90 91 92 93 94 95 96 97 98 99 9a 9b 9c 9d 9e 9f a0 a1 a2 a3 a4 a5 a6 a7 a8 a9 aa ab ac ad ae af b0 b1 b2 b3 b4 b5 b6 b7 b8 b9 ba bb bc bd be bf c0 c1 c2 c3 c4 c5 c6 c7 c8 c9 ca cb cc cd ce cf d0 d1 d2 d3 d4 d5 d6 d7 d8 d9 da db dc dd de df e0 e1 e2 e3 e4 e5 e6 e7 e8 e9 ea eb ec ed ee ef f0 f1 f2 f3 f4 f5 f6 f7 f8 f9 fa fb fc fd fe ff 
 0  1  2 44  4 5e 88 26  8 ab bc 29 c7 97 4c ee 10 -- 81 62 af 8d 52 -- 59 23 f9 -- 98 --  b -- 20 -- -- -- d5 -- c4 4f 89 -- cd -- a4 -- -- b9 b2 -- 46 -- 25 -- -- -- e7 d7 -- -- 16 1a -- 3d 40 ed -- -- -- -- -- -- 7d -- -- bd 5f 50 9e fc c5 -- -- -- 4d -- -- -- 9f  5 -- -- -- 14 a5 -- b3 -- -- -- 8c -- -- 8e 4a e3 -- 92 -- -- -- -- 19 -- 79 82 -- -- -- -- 2c ba 34 -- -- -- 7a -- 80 --  d f5 -- -- -- -- -- -- -- b7 -- -- -- cc fa -- -- -- -- 31 ad -- be ff a0 77 eb 22 2f 13 5d -- -- -- -- 41 -- -- 9a 49 -- -- -- -- -- 47 e9 --  a -- -- -- -- -- -- b5 28 7e 9d -- -- -- b1 3f -- -- -- -- -- -- cf -- -- c8 -- -- cb -- 94 d0 11 e2 -- -- f3 -- -- b0 -- 66 -- 91 -- -- 32 -- -- -- f2 -- d3 -- -- -- -- -- -- -- -- -- 58 33 a3 -- 68 71 -- -- -- 64 -- -- f4 -- -- -- 

solutions so far:0 maxDepth:10 
iterations:42405748  skipped: 29 
Depth skipped: 
0 0 29 0 0 0 0 0 0 0 0 0 0 0 0 0 0 0 0 0 0 0 0 0 0 0 0 0 0 0 0 0 

running time: 4500 sec
 depth:8
 0  1  2  3  4  5  6  7  8  9  a  b  c  d  e  f 10 11 12 13 14 15 16 17 18 19 1a 1b 1c 1d 1e 1f 20 21 22 23 24 25 26 27 28 29 2a 2b 2c 2d 2e 2f 30 31 32 33 34 35 36 37 38 39 3a 3b 3c 3d 3e 3f 40 41 42 43 44 45 46 47 48 49 4a 4b 4c 4d 4e 4f 50 51 52 53 54 55 56 57 58 59 5a 5b 5c 5d 5e 5f 60 61 62 63 64 65 66 67 68 69 6a 6b 6c 6d 6e 6f 70 71 72 73 74 75 76 77 78 79 7a 7b 7c 7d 7e 7f 80 81 82 83 84 85 86 87 88 89 8a 8b 8c 8d 8e 8f 90 91 92 93 94 95 96 97 98 99 9a 9b 9c 9d 9e 9f a0 a1 a2 a3 a4 a5 a6 a7 a8 a9 aa ab ac ad ae af b0 b1 b2 b3 b4 b5 b6 b7 b8 b9 ba bb bc bd be bf c0 c1 c2 c3 c4 c5 c6 c7 c8 c9 ca cb cc cd ce cf d0 d1 d2 d3 d4 d5 d6 d7 d8 d9 da db dc dd de df e0 e1 e2 e3 e4 e5 e6 e7 e8 e9 ea eb ec ed ee ef f0 f1 f2 f3 f4 f5 f6 f7 f8 f9 fa fb fc fd fe ff 
 0  1  2 44  4 50 88 19  8 af a0 83 c7 57 32 46 10 1a 89 fc 97 8d d1 -- 59 a3 ae -- 64 -- 8c -- 20 -- 34 -- c5 9d 2f 4f f9 77 cd -- 75 -- -- 62 b2 -- 91 -- 8b -- -- -- c8 d7 -- -- cf 81 -- a4 40 be -- -- 68 -- -- b9 5d -- ed bd 5e 60 9e 14 25 -- ee -- 4d -- -- -- ea  6 -- -- -- 18 c4 -- b3 -- -- -- f5 -- -- d3 c1 e3 -- f4 -- -- -- -- 47 16 79 13 -- -- -- -- 49 94 d5 -- -- -- 9f -- 80 -- ab 52 -- -- -- -- d0 -- -- 31 -- -- a5 cc ba -- -- --  d 7e ad -- bc aa c0 23 eb 22 28 e7 4a -- -- --  b e2 -- -- 9a 7a -- -- -- -- -- 82  3 --  c -- -- -- -- -- -- b5 30  a 5f -- -- b7 b1  5 -- b0 -- -- -- -- 3d -- -- 41 -- -- 71 -- 55 fa 11 98 -- -- 3f -- -- f3 -- 66 -- 29 -- -- 8e -- 2c -- f2 -- 26 -- -- -- -- -- -- -- -- -- 92 33 ff -- 7d 4c -- -- -- cb -- -- e9 58 -- -- 

solutions so far:0 maxDepth:10 
iterations:46428403  skipped: 32 
Depth skipped: 
0 0 32 0 0 0 0 0 0 0 0 0 0 0 0 0 0 0 0 0 0 0 0 0 0 0 0 0 0 0 0 0 

running time: 4800 sec
 depth:7
 0  1  2  3  4  5  6  7  8  9  a  b  c  d  e  f 10 11 12 13 14 15 16 17 18 19 1a 1b 1c 1d 1e 1f 20 21 22 23 24 25 26 27 28 29 2a 2b 2c 2d 2e 2f 30 31 32 33 34 35 36 37 38 39 3a 3b 3c 3d 3e 3f 40 41 42 43 44 45 46 47 48 49 4a 4b 4c 4d 4e 4f 50 51 52 53 54 55 56 57 58 59 5a 5b 5c 5d 5e 5f 60 61 62 63 64 65 66 67 68 69 6a 6b 6c 6d 6e 6f 70 71 72 73 74 75 76 77 78 79 7a 7b 7c 7d 7e 7f 80 81 82 83 84 85 86 87 88 89 8a 8b 8c 8d 8e 8f 90 91 92 93 94 95 96 97 98 99 9a 9b 9c 9d 9e 9f a0 a1 a2 a3 a4 a5 a6 a7 a8 a9 aa ab ac ad ae af b0 b1 b2 b3 b4 b5 b6 b7 b8 b9 ba bb bc bd be bf c0 c1 c2 c3 c4 c5 c6 c7 c8 c9 ca cb cc cd ce cf d0 d1 d2 d3 d4 d5 d6 d7 d8 d9 da db dc dd de df e0 e1 e2 e3 e4 e5 e6 e7 e8 e9 ea eb ec ed ee ef f0 f1 f2 f3 f4 f5 f6 f7 f8 f9 fa fb fc fd fe ff 
 0  1  2 44  4 3d 88 ab  8 ca 7a 57 c7  6 81  5 10 -- 43 a8 f4 8d ae -- 59 c2  c -- d5 --  a -- 20 -- -- -- 86 -- 87 4f 3f -- cd -- 8b -- -- f9 b2 -- 53 -- 18 -- -- -- 7d d7 -- -- 14 29 -- 89 40 94 -- -- -- -- -- -- db -- -- bd d9 ea 9e 91 7e -- -- -- 4d -- -- -- c1 aa -- -- -- d1 25 -- b3 -- -- -- a6 -- -- 49 30 e3 -- 15 -- -- -- -- fa -- 79 31 -- -- -- -- 28 2f 52 -- -- -- c5 -- 80 -- ff af -- -- -- -- -- -- -- 97 -- -- -- cc 61 -- -- -- -- 54 ad -- 65 c0  3 e9 eb 22 f5 be fc -- -- -- -- f3 -- -- 9a e1 -- -- -- -- -- cf 55 -- 83 -- -- -- -- -- -- b5 75 a3 4a -- -- -- b1 ba -- -- -- -- -- -- 9b -- -- 8c -- -- 92 -- 60 9f 11 5f -- -- 2a -- -- a0 -- 66 -- bc -- -- 23 -- -- -- f2 -- 62 -- -- -- -- -- -- -- -- -- 50 33 5e -- a4 c4 -- -- -- 46 -- -- 5d -- -- -- 

solutions so far:0 maxDepth:10 
iterations:50804125  skipped: 33 
Depth skipped: 
0 0 33 0 0 0 0 0 0 0 0 0 0 0 0 0 0 0 0 0 0 0 0 0 0 0 0 0 0 0 0 0 

running time: 5100 sec
 depth:7
 0  1  2  3  4  5  6  7  8  9  a  b  c  d  e  f 10 11 12 13 14 15 16 17 18 19 1a 1b 1c 1d 1e 1f 20 21 22 23 24 25 26 27 28 29 2a 2b 2c 2d 2e 2f 30 31 32 33 34 35 36 37 38 39 3a 3b 3c 3d 3e 3f 40 41 42 43 44 45 46 47 48 49 4a 4b 4c 4d 4e 4f 50 51 52 53 54 55 56 57 58 59 5a 5b 5c 5d 5e 5f 60 61 62 63 64 65 66 67 68 69 6a 6b 6c 6d 6e 6f 70 71 72 73 74 75 76 77 78 79 7a 7b 7c 7d 7e 7f 80 81 82 83 84 85 86 87 88 89 8a 8b 8c 8d 8e 8f 90 91 92 93 94 95 96 97 98 99 9a 9b 9c 9d 9e 9f a0 a1 a2 a3 a4 a5 a6 a7 a8 a9 aa ab ac ad ae af b0 b1 b2 b3 b4 b5 b6 b7 b8 b9 ba bb bc bd be bf c0 c1 c2 c3 c4 c5 c6 c7 c8 c9 ca cb cc cd ce cf d0 d1 d2 d3 d4 d5 d6 d7 d8 d9 da db dc dd de df e0 e1 e2 e3 e4 e5 e6 e7 e8 e9 ea eb ec ed ee ef f0 f1 f2 f3 f4 f5 f6 f7 f8 f9 fa fb fc fd fe ff 
 0  1  2 44  4 2a 88 cb  8 ba 54 1a c7 b7 41 ce 10 -- a3 af a8 8d 34 -- 59 7a b9 -- 82 -- 4b -- 20 -- -- -- 91 -- 89 4f 87 -- cd -- 68 -- -- df b2 -- f4 -- a5 -- -- -- d3 d7 -- -- 96 1b -- 61 40 73 -- -- -- -- -- -- f5 -- -- bd c5 58 9e e1 d9 -- -- -- 4d -- -- -- d0 ee -- -- -- 16 69 -- b3 -- -- -- 3f -- -- 98 9d e3 -- 2f -- -- -- -- 71 -- 79 32 -- -- -- -- fb ca 36 -- -- -- c2 -- 80 -- e6 db -- -- -- -- -- -- -- 84 -- -- -- cc 3d -- -- -- -- bc ad -- 5d  d b0 67 eb 22 15 8e 65 -- -- -- -- 19 -- -- 9a fc -- -- -- -- -- 4c 77 --  b -- -- -- -- -- -- b5 2c 9b d2 -- -- -- b1 a6 -- -- -- -- -- -- 7e -- -- 26 -- -- e7 -- ed d8 11 47 -- -- 5e -- -- 42 -- 66 -- 86 -- -- e2 -- -- -- f2 -- 64 -- -- -- -- -- -- -- -- -- 21 33 43 -- 6c c8 -- -- -- 13 -- -- 53 -- -- -- 

solutions so far:0 maxDepth:10 
iterations:55824055  skipped: 39 
Depth skipped: 
0 0 39 0 0 0 0 0 0 0 0 0 0 0 0 0 0 0 0 0 0 0 0 0 0 0 0 0 0 0 0 0 

running time: 5400 sec
 depth:7
 0  1  2  3  4  5  6  7  8  9  a  b  c  d  e  f 10 11 12 13 14 15 16 17 18 19 1a 1b 1c 1d 1e 1f 20 21 22 23 24 25 26 27 28 29 2a 2b 2c 2d 2e 2f 30 31 32 33 34 35 36 37 38 39 3a 3b 3c 3d 3e 3f 40 41 42 43 44 45 46 47 48 49 4a 4b 4c 4d 4e 4f 50 51 52 53 54 55 56 57 58 59 5a 5b 5c 5d 5e 5f 60 61 62 63 64 65 66 67 68 69 6a 6b 6c 6d 6e 6f 70 71 72 73 74 75 76 77 78 79 7a 7b 7c 7d 7e 7f 80 81 82 83 84 85 86 87 88 89 8a 8b 8c 8d 8e 8f 90 91 92 93 94 95 96 97 98 99 9a 9b 9c 9d 9e 9f a0 a1 a2 a3 a4 a5 a6 a7 a8 a9 aa ab ac ad ae af b0 b1 b2 b3 b4 b5 b6 b7 b8 b9 ba bb bc bd be bf c0 c1 c2 c3 c4 c5 c6 c7 c8 c9 ca cb cc cd ce cf d0 d1 d2 d3 d4 d5 d6 d7 d8 d9 da db dc dd de df e0 e1 e2 e3 e4 e5 e6 e7 e8 e9 ea eb ec ed ee ef f0 f1 f2 f3 f4 f5 f6 f7 f8 f9 fa fb fc fd fe ff 
 0  1  2 44  4 15 88 12  8 70 2a 6e c7  f 24 41 10 -- e0  7 54 8d dc -- 59 b8 1e -- 48 -- 82 -- 20 -- -- -- 17 --  e 4f a8 -- cd -- 6f -- -- 4c b2 -- a7 -- 3c -- -- -- 90 d7 -- -- d3 64 -- db 40 19 -- -- -- -- -- -- 2e -- -- bd 1c 76 9e 9b 87 -- -- -- 4d -- -- -- de d6 -- -- -- f6 98 -- b3 -- -- -- 99 -- -- 3e 78 e3 -- 3a -- -- -- -- f7 -- 79 27 -- -- -- -- 71 65 c8 -- -- -- 61 -- 80 -- 32 86 -- -- -- -- -- -- -- 26 -- -- -- cc 5c -- -- -- -- e8 ad -- 38 37 ec cb eb 22 e1  9 d9 -- -- -- -- f8 -- -- 9a 1d -- -- -- -- -- 1f 6b -- 7b -- -- -- -- -- -- b5 3b a6 e7 -- -- -- b1 53 -- -- -- -- -- -- e5 -- -- e4 -- -- 7c -- f0 8e 11 ef -- -- 74 -- -- 13 -- 66 -- 43 -- -- 39 -- -- -- f2 -- 4e -- -- -- -- -- -- -- -- -- e2 33 ca -- 47 9c -- -- -- 72 -- -- c2 -- -- -- 

solutions so far:0 maxDepth:10 
iterations:61222312  skipped: 45 
Depth skipped: 
0 0 45 0 0 0 0 0 0 0 0 0 0 0 0 0 0 0 0 0 0 0 0 0 0 0 0 0 0 0 0 0 

running time: 5700 sec

Finished. Total running time: 5975 sec
