Search S-boxes invariant for matrices: 
{0x00,0x02,0x04,0x06,0x08,0x0a,0x0c,0x0e,0x10,0x12,0x14,0x16,0x18,0x1a,0x1c,0x1e,0x20,0x22,0x24,0x26,0x28,0x2a,0x2c,0x2e,0x30,0x32,0x34,0x36,0x38,0x3a,0x3c,0x3e,0x40,0x42,0x44,0x46,0x48,0x4a,0x4c,0x4e,0x50,0x52,0x54,0x56,0x58,0x5a,0x5c,0x5e,0x60,0x62,0x64,0x66,0x68,0x6a,0x6c,0x6e,0x70,0x72,0x74,0x76,0x78,0x7a,0x7c,0x7e,0x80,0x82,0x84,0x86,0x88,0x8a,0x8c,0x8e,0x90,0x92,0x94,0x96,0x98,0x9a,0x9c,0x9e,0xa0,0xa2,0xa4,0xa6,0xa8,0xaa,0xac,0xae,0xb0,0xb2,0xb4,0xb6,0xb8,0xba,0xbc,0xbe,0xc0,0xc2,0xc4,0xc6,0xc8,0xca,0xcc,0xce,0xd0,0xd2,0xd4,0xd6,0xd8,0xda,0xdc,0xde,0xe0,0xe2,0xe4,0xe6,0xe8,0xea,0xec,0xee,0xf0,0xf2,0xf4,0xf6,0xf8,0xfa,0xfc,0xfe,0x39,0x3b,0x3d,0x3f,0x31,0x33,0x35,0x37,0x29,0x2b,0x2d,0x2f,0x21,0x23,0x25,0x27,0x19,0x1b,0x1d,0x1f,0x11,0x13,0x15,0x17,0x09,0x0b,0x0d,0x0f,0x01,0x03,0x05,0x07,0x79,0x7b,0x7d,0x7f,0x71,0x73,0x75,0x77,0x69,0x6b,0x6d,0x6f,0x61,0x63,0x65,0x67,0x59,0x5b,0x5d,0x5f,0x51,0x53,0x55,0x57,0x49,0x4b,0x4d,0x4f,0x41,0x43,0x45,0x47,0xb9,0xbb,0xbd,0xbf,0xb1,0xb3,0xb5,0xb7,0xa9,0xab,0xad,0xaf,0xa1,0xa3,0xa5,0xa7,0x99,0x9b,0x9d,0x9f,0x91,0x93,0x95,0x97,0x89,0x8b,0x8d,0x8f,0x81,0x83,0x85,0x87,0xf9,0xfb,0xfd,0xff,0xf1,0xf3,0xf5,0xf7,0xe9,0xeb,0xed,0xef,0xe1,0xe3,0xe5,0xe7,0xd9,0xdb,0xdd,0xdf,0xd1,0xd3,0xd5,0xd7,0xc9,0xcb,0xcd,0xcf,0xc1,0xc3,0xc5,0xc7};
{0x00,0x02,0x04,0x06,0x08,0x0a,0x0c,0x0e,0x10,0x12,0x14,0x16,0x18,0x1a,0x1c,0x1e,0x20,0x22,0x24,0x26,0x28,0x2a,0x2c,0x2e,0x30,0x32,0x34,0x36,0x38,0x3a,0x3c,0x3e,0x40,0x42,0x44,0x46,0x48,0x4a,0x4c,0x4e,0x50,0x52,0x54,0x56,0x58,0x5a,0x5c,0x5e,0x60,0x62,0x64,0x66,0x68,0x6a,0x6c,0x6e,0x70,0x72,0x74,0x76,0x78,0x7a,0x7c,0x7e,0x80,0x82,0x84,0x86,0x88,0x8a,0x8c,0x8e,0x90,0x92,0x94,0x96,0x98,0x9a,0x9c,0x9e,0xa0,0xa2,0xa4,0xa6,0xa8,0xaa,0xac,0xae,0xb0,0xb2,0xb4,0xb6,0xb8,0xba,0xbc,0xbe,0xc0,0xc2,0xc4,0xc6,0xc8,0xca,0xcc,0xce,0xd0,0xd2,0xd4,0xd6,0xd8,0xda,0xdc,0xde,0xe0,0xe2,0xe4,0xe6,0xe8,0xea,0xec,0xee,0xf0,0xf2,0xf4,0xf6,0xf8,0xfa,0xfc,0xfe,0xd7,0xd5,0xd3,0xd1,0xdf,0xdd,0xdb,0xd9,0xc7,0xc5,0xc3,0xc1,0xcf,0xcd,0xcb,0xc9,0xf7,0xf5,0xf3,0xf1,0xff,0xfd,0xfb,0xf9,0xe7,0xe5,0xe3,0xe1,0xef,0xed,0xeb,0xe9,0x97,0x95,0x93,0x91,0x9f,0x9d,0x9b,0x99,0x87,0x85,0x83,0x81,0x8f,0x8d,0x8b,0x89,0xb7,0xb5,0xb3,0xb1,0xbf,0xbd,0xbb,0xb9,0xa7,0xa5,0xa3,0xa1,0xaf,0xad,0xab,0xa9,0x57,0x55,0x53,0x51,0x5f,0x5d,0x5b,0x59,0x47,0x45,0x43,0x41,0x4f,0x4d,0x4b,0x49,0x77,0x75,0x73,0x71,0x7f,0x7d,0x7b,0x79,0x67,0x65,0x63,0x61,0x6f,0x6d,0x6b,0x69,0x17,0x15,0x13,0x11,0x1f,0x1d,0x1b,0x19,0x07,0x05,0x03,0x01,0x0f,0x0d,0x0b,0x09,0x37,0x35,0x33,0x31,0x3f,0x3d,0x3b,0x39,0x27,0x25,0x23,0x21,0x2f,0x2d,0x2b,0x29};



 depth:6
 0  1  2  3  4  5  6  7  8  9  a  b  c  d  e  f 10 11 12 13 14 15 16 17 18 19 1a 1b 1c 1d 1e 1f 20 21 22 23 24 25 26 27 28 29 2a 2b 2c 2d 2e 2f 30 31 32 33 34 35 36 37 38 39 3a 3b 3c 3d 3e 3f 40 41 42 43 44 45 46 47 48 49 4a 4b 4c 4d 4e 4f 50 51 52 53 54 55 56 57 58 59 5a 5b 5c 5d 5e 5f 60 61 62 63 64 65 66 67 68 69 6a 6b 6c 6d 6e 6f 70 71 72 73 74 75 76 77 78 79 7a 7b 7c 7d 7e 7f 80 81 82 83 84 85 86 87 88 89 8a 8b 8c 8d 8e 8f 90 91 92 93 94 95 96 97 98 99 9a 9b 9c 9d 9e 9f a0 a1 a2 a3 a4 a5 a6 a7 a8 a9 aa ab ac ad ae af b0 b1 b2 b3 b4 b5 b6 b7 b8 b9 ba bb bc bd be bf c0 c1 c2 c3 c4 c5 c6 c7 c8 c9 ca cb cc cd ce cf d0 d1 d2 d3 d4 d5 d6 d7 d8 d9 da db dc dd de df e0 e1 e2 e3 e4 e5 e6 e7 e8 e9 ea eb ec ed ee ef f0 f1 f2 f3 f4 f5 f6 f7 f8 f9 fa fb fc fd fe ff 
 0  1  2 48  4 fa 90  6  8 71 23 e8 f7 a7  c -- 10 -- e2 cb 46 27  7 -- 39 98 99 -- 18 -- -- -- 20 -- -- -- 13 -- 41 4f 8c -- 4e --  e -- -- -- 72 -- e7 -- e5 -- -- -- 30 d7 -- -- -- -- -- c4 40 -- -- -- -- -- -- -- 26 -- -- 7c 82 5c 9e d5 cf -- -- -- 9c -- -- -- 1c 70 -- -- -- 17 -- -- e4 -- -- -- 19 -- -- c1 1d  9 -- c8 -- -- -- -- 60 -- 79 83 -- -- -- -- -- 92 -- -- -- -- 5f -- 80 -- -- 62 -- -- -- -- -- -- -- -- -- -- -- cc 4c -- -- -- -- 8e f8 -- d3 74 b8 -- eb 24 7d  3 49 -- -- -- -- aa -- -- ef 64 -- -- -- -- -- 8b 38 -- e0 -- -- -- -- -- -- 3e 2e 81 -- -- -- -- 1f ab -- -- -- -- -- -- 32 -- -- ae -- -- 55 -- 3a -- 12 ea -- -- 47 -- -- -- -- 66 -- 31 -- -- c0 -- -- -- f2 -- d1 -- -- -- -- -- -- -- -- -- -- 33 f3 -- -- 75 -- -- -- 57 -- -- be -- -- -- 

solutions so far:0 maxDepth:9 
iterations:2401985  skipped: 0 
Depth skipped: 
0 0 0 0 0 0 0 0 0 0 0 0 0 0 0 0 0 0 0 0 0 0 0 0 0 0 0 0 0 0 0 0 

running time: 300 sec
 depth:7
 0  1  2  3  4  5  6  7  8  9  a  b  c  d  e  f 10 11 12 13 14 15 16 17 18 19 1a 1b 1c 1d 1e 1f 20 21 22 23 24 25 26 27 28 29 2a 2b 2c 2d 2e 2f 30 31 32 33 34 35 36 37 38 39 3a 3b 3c 3d 3e 3f 40 41 42 43 44 45 46 47 48 49 4a 4b 4c 4d 4e 4f 50 51 52 53 54 55 56 57 58 59 5a 5b 5c 5d 5e 5f 60 61 62 63 64 65 66 67 68 69 6a 6b 6c 6d 6e 6f 70 71 72 73 74 75 76 77 78 79 7a 7b 7c 7d 7e 7f 80 81 82 83 84 85 86 87 88 89 8a 8b 8c 8d 8e 8f 90 91 92 93 94 95 96 97 98 99 9a 9b 9c 9d 9e 9f a0 a1 a2 a3 a4 a5 a6 a7 a8 a9 aa ab ac ad ae af b0 b1 b2 b3 b4 b5 b6 b7 b8 b9 ba bb bc bd be bf c0 c1 c2 c3 c4 c5 c6 c7 c8 c9 ca cb cc cd ce cf d0 d1 d2 d3 d4 d5 d6 d7 d8 d9 da db dc dd de df e0 e1 e2 e3 e4 e5 e6 e7 e8 e9 ea eb ec ed ee ef f0 f1 f2 f3 f4 f5 f6 f7 f8 f9 fa fb fc fd fe ff 
 0  1  2 48  4 ea 90 f4  8 22  3 e8 f7 a7 3f d5 10 -- 44 4d  6 27  7 -- 39 b2 99 -- 7e -- 7d -- 20 -- -- -- 88 -- 9a 4f  c -- 4e --  e -- -- 49 72 -- b3 -- e5 -- -- -- fc d7 -- -- fa c4 -- 8b 40 31 -- -- -- -- -- -- c7 -- -- 7c e3 5c 9e d1 18 -- -- -- 9c -- -- -- 1c 70 -- -- -- 17 92 -- e4 -- -- -- b1 -- -- c5 1d  9 -- ad -- -- -- -- 2f -- 79 a3 -- -- -- -- 23 60 5f -- -- -- c1 -- 80 -- 62 ae -- -- -- -- -- -- -- cf -- -- -- cc 59 -- -- -- -- cd f8 -- 11 74 b8 81 eb 24 75 7a 30 -- -- -- -- ba -- -- ef bd -- -- -- -- -- 89 38 -- e0 -- -- -- -- -- -- 3e 2e 83 f3 -- -- -- 1f aa -- -- -- -- -- -- b5 -- -- af -- -- 5d -- 3a ab 12 3d -- -- 8d -- -- 8c -- 66 -- 57 -- -- 5e -- -- -- f2 -- 91 -- -- -- -- -- -- -- -- -- 46 33 c0 -- be f5 -- -- -- bc -- -- 55 -- -- -- 

solutions so far:0 maxDepth:9 
iterations:4930290  skipped: 2 
Depth skipped: 
0 0 2 0 0 0 0 0 0 0 0 0 0 0 0 0 0 0 0 0 0 0 0 0 0 0 0 0 0 0 0 0 

running time: 600 sec
 depth:6
 0  1  2  3  4  5  6  7  8  9  a  b  c  d  e  f 10 11 12 13 14 15 16 17 18 19 1a 1b 1c 1d 1e 1f 20 21 22 23 24 25 26 27 28 29 2a 2b 2c 2d 2e 2f 30 31 32 33 34 35 36 37 38 39 3a 3b 3c 3d 3e 3f 40 41 42 43 44 45 46 47 48 49 4a 4b 4c 4d 4e 4f 50 51 52 53 54 55 56 57 58 59 5a 5b 5c 5d 5e 5f 60 61 62 63 64 65 66 67 68 69 6a 6b 6c 6d 6e 6f 70 71 72 73 74 75 76 77 78 79 7a 7b 7c 7d 7e 7f 80 81 82 83 84 85 86 87 88 89 8a 8b 8c 8d 8e 8f 90 91 92 93 94 95 96 97 98 99 9a 9b 9c 9d 9e 9f a0 a1 a2 a3 a4 a5 a6 a7 a8 a9 aa ab ac ad ae af b0 b1 b2 b3 b4 b5 b6 b7 b8 b9 ba bb bc bd be bf c0 c1 c2 c3 c4 c5 c6 c7 c8 c9 ca cb cc cd ce cf d0 d1 d2 d3 d4 d5 d6 d7 d8 d9 da db dc dd de df e0 e1 e2 e3 e4 e5 e6 e7 e8 e9 ea eb ec ed ee ef f0 f1 f2 f3 f4 f5 f6 f7 f8 f9 fa fb fc fd fe ff 
 0  1  2 48  4 e3 90 7e  8  7 11 84 f7 ce fc -- 10 --  e 1d 22 27 df -- 39 e0 4b -- 2f -- -- -- 20 -- -- -- 1c -- 3a 4f 44 -- 4e -- 69 -- -- -- 72 -- 17 -- 96 -- -- -- 5e d7 -- -- -- -- -- b5 40 -- -- -- -- -- -- -- 38 -- -- 7c 74 d8 9e 4d 88 -- -- -- 9c -- -- -- d2 e6 -- -- -- 36 -- -- e4 -- -- -- 2e -- -- ba fb  9 -- a7 -- -- -- -- bc -- 79 f5 -- -- -- -- -- 59 -- -- -- -- bd -- 80 -- -- b1 -- -- -- -- -- -- -- -- -- -- -- cc 70 -- -- -- -- e5 f8 -- e8 42 67 -- eb 24 9a 3f c7 -- -- -- -- 91 -- -- ef b8 -- -- -- -- -- 5d 73 -- 1b -- -- -- -- -- -- 3e 6c cd -- -- -- -- 1f 8d -- -- -- -- -- -- 5c -- -- c5 -- -- a3 -- 21 -- 12 f4 -- -- 99 -- -- -- -- 66 -- b3 -- -- af -- -- -- f2 -- 3d -- -- -- -- -- -- -- -- -- -- 33 b2 -- -- 7a -- -- -- 89 -- -- ad -- -- -- 

solutions so far:0 maxDepth:9 
iterations:7016492  skipped: 4 
Depth skipped: 
0 0 4 0 0 0 0 0 0 0 0 0 0 0 0 0 0 0 0 0 0 0 0 0 0 0 0 0 0 0 0 0 

running time: 900 sec
 depth:6
 0  1  2  3  4  5  6  7  8  9  a  b  c  d  e  f 10 11 12 13 14 15 16 17 18 19 1a 1b 1c 1d 1e 1f 20 21 22 23 24 25 26 27 28 29 2a 2b 2c 2d 2e 2f 30 31 32 33 34 35 36 37 38 39 3a 3b 3c 3d 3e 3f 40 41 42 43 44 45 46 47 48 49 4a 4b 4c 4d 4e 4f 50 51 52 53 54 55 56 57 58 59 5a 5b 5c 5d 5e 5f 60 61 62 63 64 65 66 67 68 69 6a 6b 6c 6d 6e 6f 70 71 72 73 74 75 76 77 78 79 7a 7b 7c 7d 7e 7f 80 81 82 83 84 85 86 87 88 89 8a 8b 8c 8d 8e 8f 90 91 92 93 94 95 96 97 98 99 9a 9b 9c 9d 9e 9f a0 a1 a2 a3 a4 a5 a6 a7 a8 a9 aa ab ac ad ae af b0 b1 b2 b3 b4 b5 b6 b7 b8 b9 ba bb bc bd be bf c0 c1 c2 c3 c4 c5 c6 c7 c8 c9 ca cb cc cd ce cf d0 d1 d2 d3 d4 d5 d6 d7 d8 d9 da db dc dd de df e0 e1 e2 e3 e4 e5 e6 e7 e8 e9 ea eb ec ed ee ef f0 f1 f2 f3 f4 f5 f6 f7 f8 f9 fa fb fc fd fe ff 
 0  1  2 48  4 d6 90 b2  8 ca 7b fd f7 c6 b3 -- 10 -- 43 a8 f6 27 2d -- 39 c2 5b -- b1 -- -- -- 20 -- -- -- 86 -- 87 4f 3b -- 4e -- 5a -- -- -- 72 -- 53 -- b6 -- -- -- b5 d7 -- -- -- -- -- f0 40 -- -- -- -- -- -- -- db -- -- 7c d9 da 9e de 76 -- -- -- 9c -- -- -- b4 a9 -- -- -- dd -- -- e4 -- -- -- a6 -- -- 9a bb  9 -- 15 -- -- -- -- bd -- 79 22 -- -- -- -- --  f -- -- -- -- 37 -- 80 -- -- 78 -- -- -- -- -- -- -- -- -- -- -- cc 61 -- -- -- -- 54 f8 -- 65 95 63 -- eb 24 6b 59 ec -- -- -- -- 11 -- -- ef e1 -- -- -- -- -- 4d bf -- 85 -- -- -- -- -- -- 3e 6d 6f -- -- -- -- 1f dc -- -- -- -- -- -- 9b -- -- cd -- -- e3 -- a1 -- 12 c7 -- -- 2a -- -- -- -- 66 -- 3c -- -- ad -- -- -- f2 -- 44 -- -- -- -- -- -- -- -- -- -- 33 1e -- -- 88 -- -- -- 8d -- -- 6e -- -- -- 

solutions so far:0 maxDepth:9 
iterations:9866120  skipped: 7 
Depth skipped: 
0 0 7 0 0 0 0 0 0 0 0 0 0 0 0 0 0 0 0 0 0 0 0 0 0 0 0 0 0 0 0 0 

running time: 1200 sec
 depth:7
 0  1  2  3  4  5  6  7  8  9  a  b  c  d  e  f 10 11 12 13 14 15 16 17 18 19 1a 1b 1c 1d 1e 1f 20 21 22 23 24 25 26 27 28 29 2a 2b 2c 2d 2e 2f 30 31 32 33 34 35 36 37 38 39 3a 3b 3c 3d 3e 3f 40 41 42 43 44 45 46 47 48 49 4a 4b 4c 4d 4e 4f 50 51 52 53 54 55 56 57 58 59 5a 5b 5c 5d 5e 5f 60 61 62 63 64 65 66 67 68 69 6a 6b 6c 6d 6e 6f 70 71 72 73 74 75 76 77 78 79 7a 7b 7c 7d 7e 7f 80 81 82 83 84 85 86 87 88 89 8a 8b 8c 8d 8e 8f 90 91 92 93 94 95 96 97 98 99 9a 9b 9c 9d 9e 9f a0 a1 a2 a3 a4 a5 a6 a7 a8 a9 aa ab ac ad ae af b0 b1 b2 b3 b4 b5 b6 b7 b8 b9 ba bb bc bd be bf c0 c1 c2 c3 c4 c5 c6 c7 c8 c9 ca cb cc cd ce cf d0 d1 d2 d3 d4 d5 d6 d7 d8 d9 da db dc dd de df e0 e1 e2 e3 e4 e5 e6 e7 e8 e9 ea eb ec ed ee ef f0 f1 f2 f3 f4 f5 f6 f7 f8 f9 fa fb fc fd fe ff 
 0  1  2 48  4 cf 90 47  8 76 49 b5 f7 88 8e 14 10 -- ec d6 92 27 bd -- 39 78 c7 -- cb -- 28 -- 20 -- -- --  f -- 7b 4f f3 -- 4e -- ad -- -- 4a 72 -- f0 -- 59 -- -- -- 41 d7 -- -- 50 a4 -- 81 40 29 -- -- -- -- -- -- 1e -- -- 7c f6 22 9e 46 31 -- -- -- 9c -- -- -- 8d 4d -- -- -- e3 94 -- e4 -- -- -- 37 -- -- 26 b2  9 -- 6f -- -- -- -- 82 -- 79 e7 -- -- -- -- a0 c4 9f -- -- -- d5 -- 80 -- 52 ab -- -- -- -- -- -- -- 25 -- -- -- cc 3c -- -- -- -- 6b f8 -- 3b b1 44  a eb 24 8c c8 62 -- -- -- -- 98 -- -- ef dc -- -- -- -- -- 13 cd -- 9a -- -- -- -- -- -- 3e 11 23 ff -- -- -- 1f fa -- -- -- -- -- -- 6e -- -- e2 -- -- 4c -- b3  5 12 64 -- -- de -- -- f9 -- 66 -- be -- -- d3 -- -- -- f2 -- 19 -- -- -- -- -- -- -- -- -- 97 33 5f -- e9 32 -- -- -- 71 -- -- 7d -- -- -- 

solutions so far:0 maxDepth:9 
iterations:13047259  skipped: 7 
Depth skipped: 
0 0 7 0 0 0 0 0 0 0 0 0 0 0 0 0 0 0 0 0 0 0 0 0 0 0 0 0 0 0 0 0 

running time: 1500 sec
 depth:6
 0  1  2  3  4  5  6  7  8  9  a  b  c  d  e  f 10 11 12 13 14 15 16 17 18 19 1a 1b 1c 1d 1e 1f 20 21 22 23 24 25 26 27 28 29 2a 2b 2c 2d 2e 2f 30 31 32 33 34 35 36 37 38 39 3a 3b 3c 3d 3e 3f 40 41 42 43 44 45 46 47 48 49 4a 4b 4c 4d 4e 4f 50 51 52 53 54 55 56 57 58 59 5a 5b 5c 5d 5e 5f 60 61 62 63 64 65 66 67 68 69 6a 6b 6c 6d 6e 6f 70 71 72 73 74 75 76 77 78 79 7a 7b 7c 7d 7e 7f 80 81 82 83 84 85 86 87 88 89 8a 8b 8c 8d 8e 8f 90 91 92 93 94 95 96 97 98 99 9a 9b 9c 9d 9e 9f a0 a1 a2 a3 a4 a5 a6 a7 a8 a9 aa ab ac ad ae af b0 b1 b2 b3 b4 b5 b6 b7 b8 b9 ba bb bc bd be bf c0 c1 c2 c3 c4 c5 c6 c7 c8 c9 ca cb cc cd ce cf d0 d1 d2 d3 d4 d5 d6 d7 d8 d9 da db dc dd de df e0 e1 e2 e3 e4 e5 e6 e7 e8 e9 ea eb ec ed ee ef f0 f1 f2 f3 f4 f5 f6 f7 f8 f9 fa fb fc fd fe ff 
 0  1  2 48  4 c0 90 f9  8 a9 57 ca f7 2a 25 -- 10 -- 85 2d ae 27 43 -- 39 63 54 -- 4a -- -- -- 20 -- -- -- dd -- 5a 4f 8b -- 4e -- 86 -- -- -- 72 -- c6 -- a8 -- -- -- 94 d7 -- -- -- -- -- ea 40 -- -- -- -- -- -- -- 6d -- -- 7c b4 e1 9e 30 c1 -- -- -- 9c -- -- -- db c2 -- -- -- a6 -- -- e4 -- -- -- 5b -- -- e9 87  9 -- a1 -- -- -- -- ff -- 79 14 -- -- -- -- -- aa -- -- -- --  3 -- 80 -- -- 75 -- -- -- -- -- -- -- -- -- -- -- cc da -- -- -- -- fd f8 -- bf 65 15 -- eb 24 60 97 55 -- -- -- --  a -- -- ef bb -- -- -- -- -- 9f 61 -- 53 -- -- -- -- -- -- 3e 9b 18 -- -- -- -- 1f  c -- -- -- -- -- -- b6 -- -- a4 -- --  5 -- d9 -- 12 a0 -- -- 95 -- -- -- -- 66 -- d1 -- -- 29 -- -- -- f2 -- 28 -- -- -- -- -- -- -- -- -- -- 33 83 -- -- 50 -- -- -- 52 -- --  6 -- -- -- 

solutions so far:0 maxDepth:9 
iterations:15431820  skipped: 11 
Depth skipped: 
0 0 11 0 0 0 0 0 0 0 0 0 0 0 0 0 0 0 0 0 0 0 0 0 0 0 0 0 0 0 0 0 

running time: 1800 sec
 depth:7
 0  1  2  3  4  5  6  7  8  9  a  b  c  d  e  f 10 11 12 13 14 15 16 17 18 19 1a 1b 1c 1d 1e 1f 20 21 22 23 24 25 26 27 28 29 2a 2b 2c 2d 2e 2f 30 31 32 33 34 35 36 37 38 39 3a 3b 3c 3d 3e 3f 40 41 42 43 44 45 46 47 48 49 4a 4b 4c 4d 4e 4f 50 51 52 53 54 55 56 57 58 59 5a 5b 5c 5d 5e 5f 60 61 62 63 64 65 66 67 68 69 6a 6b 6c 6d 6e 6f 70 71 72 73 74 75 76 77 78 79 7a 7b 7c 7d 7e 7f 80 81 82 83 84 85 86 87 88 89 8a 8b 8c 8d 8e 8f 90 91 92 93 94 95 96 97 98 99 9a 9b 9c 9d 9e 9f a0 a1 a2 a3 a4 a5 a6 a7 a8 a9 aa ab ac ad ae af b0 b1 b2 b3 b4 b5 b6 b7 b8 b9 ba bb bc bd be bf c0 c1 c2 c3 c4 c5 c6 c7 c8 c9 ca cb cc cd ce cf d0 d1 d2 d3 d4 d5 d6 d7 d8 d9 da db dc dd de df e0 e1 e2 e3 e4 e5 e6 e7 e8 e9 ea eb ec ed ee ef f0 f1 f2 f3 f4 f5 f6 f7 f8 f9 fa fb fc fd fe ff 
 0  1  2 48  4 b6 90 25  8 7e bb ab f7 f3 4a 71 10 -- fc 3d a1 27 81 -- 39 af 31 -- 94 -- e2 -- 20 -- -- -- 2f -- 7a 4f 95 -- 4e -- d5 -- -- 19 72 -- 89 -- 62 -- -- -- ff d7 -- -- 13 8e -- 85 40 c8 -- -- -- -- -- -- 5e -- -- 7c f4 49 9e c6 fd -- -- -- 9c -- -- -- 7d 23 -- -- -- 8c 32 -- e4 -- -- -- c5 -- --  5 c4  9 -- a3 -- -- -- -- 29 -- 79 28 -- -- -- -- 26 5a cb -- -- -- dd -- 80 -- 47 a9 -- -- -- -- -- -- -- e7 -- -- -- cc bc -- -- -- -- f5 f8 -- 3f be 92 d3 eb 24 5b f9 2d -- -- -- -- 14 -- -- ef ba -- -- -- -- -- e9 fa -- 46 -- -- -- -- -- -- 3e cf 63 64 -- -- -- 1f da -- -- -- -- -- -- 5d -- -- 9f -- --  a -- 5f 82 12 97 -- -- 91 -- -- 98 -- 66 -- bf -- -- 52 -- -- -- f2 -- 50 -- -- -- -- -- -- -- -- -- 4c 33 b4 -- 41 a0 -- -- -- a4 -- -- 6d -- -- -- 

solutions so far:0 maxDepth:9 
iterations:18292080  skipped: 14 
Depth skipped: 
0 0 14 0 0 0 0 0 0 0 0 0 0 0 0 0 0 0 0 0 0 0 0 0 0 0 0 0 0 0 0 0 

running time: 2100 sec
 depth:6
 0  1  2  3  4  5  6  7  8  9  a  b  c  d  e  f 10 11 12 13 14 15 16 17 18 19 1a 1b 1c 1d 1e 1f 20 21 22 23 24 25 26 27 28 29 2a 2b 2c 2d 2e 2f 30 31 32 33 34 35 36 37 38 39 3a 3b 3c 3d 3e 3f 40 41 42 43 44 45 46 47 48 49 4a 4b 4c 4d 4e 4f 50 51 52 53 54 55 56 57 58 59 5a 5b 5c 5d 5e 5f 60 61 62 63 64 65 66 67 68 69 6a 6b 6c 6d 6e 6f 70 71 72 73 74 75 76 77 78 79 7a 7b 7c 7d 7e 7f 80 81 82 83 84 85 86 87 88 89 8a 8b 8c 8d 8e 8f 90 91 92 93 94 95 96 97 98 99 9a 9b 9c 9d 9e 9f a0 a1 a2 a3 a4 a5 a6 a7 a8 a9 aa ab ac ad ae af b0 b1 b2 b3 b4 b5 b6 b7 b8 b9 ba bb bc bd be bf c0 c1 c2 c3 c4 c5 c6 c7 c8 c9 ca cb cc cd ce cf d0 d1 d2 d3 d4 d5 d6 d7 d8 d9 da db dc dd de df e0 e1 e2 e3 e4 e5 e6 e7 e8 e9 ea eb ec ed ee ef f0 f1 f2 f3 f4 f5 f6 f7 f8 f9 fa fb fc fd fe ff 
 0  1  2 48  4 b1 90 34  8 ce b5 3b f7 6f 68 -- 10 -- 4b 36 bd 27 76 -- 39 42 de -- d0 -- -- -- 20 -- -- -- 96 -- 6c 4f ad -- 4e -- ec -- -- -- 72 -- 84 -- 6b -- -- -- 77 d7 -- -- -- -- -- 22 40 -- -- -- -- -- -- -- fb -- -- 7c d8 6e 9e b2 8d -- -- -- 9c -- -- --  f 3c -- -- -- f0 -- -- e4 -- -- -- df -- -- b0 d6  9 -- 73 -- -- -- -- ee -- 79 a5 -- -- -- -- -- 4d -- -- -- -- 44 -- 80 -- -- 11 -- -- -- -- -- -- -- -- -- -- -- cc 21 -- -- -- -- 1b f8 -- 67 f6 dc -- eb 24 b3 1a cd -- -- -- -- b9 -- -- ef d2 -- -- -- -- -- 58 1e -- 78 -- -- -- -- -- -- 3e 37 59 -- -- -- -- 1f c7 -- -- -- -- -- -- 69 -- -- 2c -- -- b7 -- 7b -- 12  d -- -- e6 -- -- -- -- 66 -- e3 -- --  b -- -- -- f2 -- 9d -- -- -- -- -- -- -- -- -- -- 33 9a -- -- ed -- -- -- 16 -- -- 88 -- -- -- 

solutions so far:0 maxDepth:9 
iterations:20861769  skipped: 14 
Depth skipped: 
0 0 14 0 0 0 0 0 0 0 0 0 0 0 0 0 0 0 0 0 0 0 0 0 0 0 0 0 0 0 0 0 

running time: 2400 sec
 depth:7
 0  1  2  3  4  5  6  7  8  9  a  b  c  d  e  f 10 11 12 13 14 15 16 17 18 19 1a 1b 1c 1d 1e 1f 20 21 22 23 24 25 26 27 28 29 2a 2b 2c 2d 2e 2f 30 31 32 33 34 35 36 37 38 39 3a 3b 3c 3d 3e 3f 40 41 42 43 44 45 46 47 48 49 4a 4b 4c 4d 4e 4f 50 51 52 53 54 55 56 57 58 59 5a 5b 5c 5d 5e 5f 60 61 62 63 64 65 66 67 68 69 6a 6b 6c 6d 6e 6f 70 71 72 73 74 75 76 77 78 79 7a 7b 7c 7d 7e 7f 80 81 82 83 84 85 86 87 88 89 8a 8b 8c 8d 8e 8f 90 91 92 93 94 95 96 97 98 99 9a 9b 9c 9d 9e 9f a0 a1 a2 a3 a4 a5 a6 a7 a8 a9 aa ab ac ad ae af b0 b1 b2 b3 b4 b5 b6 b7 b8 b9 ba bb bc bd be bf c0 c1 c2 c3 c4 c5 c6 c7 c8 c9 ca cb cc cd ce cf d0 d1 d2 d3 d4 d5 d6 d7 d8 d9 da db dc dd de df e0 e1 e2 e3 e4 e5 e6 e7 e8 e9 ea eb ec ed ee ef f0 f1 f2 f3 f4 f5 f6 f7 f8 f9 fa fb fc fd fe ff 
 0  1  2 48  4 a6 90 bd  8 1b 9b ff f7 a0 ad 2b 10 -- 36 69 e1 27 29 -- 39 ce 97 -- 8d -- 56 -- 20 -- -- -- 6c -- d2 4f 15 -- 4e -- 52 -- -- c3 72 -- 4b -- f9 -- -- -- cd d7 -- -- ac 35 -- ca 40 93 -- -- -- -- -- -- d8 -- -- 7c 73 28 9e c2 2a -- -- -- 9c -- -- -- a4 e9 -- -- --  a 51 -- e4 -- -- -- 96 -- -- 44 25  9 -- 42 -- -- -- -- 4d -- 79 59 -- -- -- -- 8f a8 6a -- -- -- 43 -- 80 -- f1 65 -- -- -- -- -- -- -- 8a -- -- -- cc 67 -- -- -- -- df f8 -- e6 94 50 fe eb 24 53 b5 54 -- -- -- -- c7 -- -- ef 21 -- -- -- -- -- 22 9f --  5 -- -- -- -- -- -- 3e 14 61 a2 -- -- -- 1f db -- -- -- -- -- -- fb -- -- 11 -- -- 88 -- 4a 7f 12 b1 -- -- 84 -- -- 45 -- 66 -- d9 -- -- 9a -- -- -- f2 -- b2 -- -- -- -- -- -- -- -- -- c9 33 87 -- d4 b3 -- -- -- e3 -- -- 86 -- -- -- 

solutions so far:0 maxDepth:9 
iterations:22853786  skipped: 18 
Depth skipped: 
0 0 18 0 0 0 0 0 0 0 0 0 0 0 0 0 0 0 0 0 0 0 0 0 0 0 0 0 0 0 0 0 

running time: 2700 sec
 depth:6
 0  1  2  3  4  5  6  7  8  9  a  b  c  d  e  f 10 11 12 13 14 15 16 17 18 19 1a 1b 1c 1d 1e 1f 20 21 22 23 24 25 26 27 28 29 2a 2b 2c 2d 2e 2f 30 31 32 33 34 35 36 37 38 39 3a 3b 3c 3d 3e 3f 40 41 42 43 44 45 46 47 48 49 4a 4b 4c 4d 4e 4f 50 51 52 53 54 55 56 57 58 59 5a 5b 5c 5d 5e 5f 60 61 62 63 64 65 66 67 68 69 6a 6b 6c 6d 6e 6f 70 71 72 73 74 75 76 77 78 79 7a 7b 7c 7d 7e 7f 80 81 82 83 84 85 86 87 88 89 8a 8b 8c 8d 8e 8f 90 91 92 93 94 95 96 97 98 99 9a 9b 9c 9d 9e 9f a0 a1 a2 a3 a4 a5 a6 a7 a8 a9 aa ab ac ad ae af b0 b1 b2 b3 b4 b5 b6 b7 b8 b9 ba bb bc bd be bf c0 c1 c2 c3 c4 c5 c6 c7 c8 c9 ca cb cc cd ce cf d0 d1 d2 d3 d4 d5 d6 d7 d8 d9 da db dc dd de df e0 e1 e2 e3 e4 e5 e6 e7 e8 e9 ea eb ec ed ee ef f0 f1 f2 f3 f4 f5 f6 f7 f8 f9 fa fb fc fd fe ff 
 0  1  2 48  4 9b 90 41  8 ee e1 ce f7 e6 82 -- 10 --  b 34 15 27 4b -- 39 b0 1b -- d3 -- -- -- 20 -- -- -- 16 -- 68 4f 2a -- 4e -- 96 -- -- -- 72 -- b7 -- 36 -- -- -- 71 d7 -- -- -- -- -- 43 40 -- -- -- -- -- -- -- 2c -- -- 7c d0 d2 9e 53 54 -- -- -- 9c -- -- -- fb 42 -- -- -- df -- -- e4 -- -- -- b9 -- -- e7 6c  9 -- ed -- -- -- -- e2 -- 79 64 -- -- -- -- -- 87 -- -- -- -- 86 -- 80 -- -- ca -- -- -- -- -- -- -- -- -- -- -- cc 58 -- -- -- -- 1a f8 -- 77 67 73 -- eb 24 a6 cb a8 -- -- -- -- 32 -- -- ef 9d -- -- -- -- -- 98 21 -- 84 -- -- -- -- -- -- 3e 69 c2 -- -- -- -- 1f 61 -- -- -- -- -- -- a5 -- -- 4c -- -- 19 -- d8 -- 12 8e -- --  d -- -- -- -- 66 -- 65 -- -- 13 -- -- -- f2 -- c8 -- -- -- -- -- -- -- -- -- -- 33 d9 -- -- 47 -- -- -- 26 -- -- db -- -- -- 

solutions so far:0 maxDepth:10 
iterations:26410930  skipped: 19 
Depth skipped: 
0 0 19 0 0 0 0 0 0 0 0 0 0 0 0 0 0 0 0 0 0 0 0 0 0 0 0 0 0 0 0 0 

running time: 3000 sec
 depth:7
 0  1  2  3  4  5  6  7  8  9  a  b  c  d  e  f 10 11 12 13 14 15 16 17 18 19 1a 1b 1c 1d 1e 1f 20 21 22 23 24 25 26 27 28 29 2a 2b 2c 2d 2e 2f 30 31 32 33 34 35 36 37 38 39 3a 3b 3c 3d 3e 3f 40 41 42 43 44 45 46 47 48 49 4a 4b 4c 4d 4e 4f 50 51 52 53 54 55 56 57 58 59 5a 5b 5c 5d 5e 5f 60 61 62 63 64 65 66 67 68 69 6a 6b 6c 6d 6e 6f 70 71 72 73 74 75 76 77 78 79 7a 7b 7c 7d 7e 7f 80 81 82 83 84 85 86 87 88 89 8a 8b 8c 8d 8e 8f 90 91 92 93 94 95 96 97 98 99 9a 9b 9c 9d 9e 9f a0 a1 a2 a3 a4 a5 a6 a7 a8 a9 aa ab ac ad ae af b0 b1 b2 b3 b4 b5 b6 b7 b8 b9 ba bb bc bd be bf c0 c1 c2 c3 c4 c5 c6 c7 c8 c9 ca cb cc cd ce cf d0 d1 d2 d3 d4 d5 d6 d7 d8 d9 da db dc dd de df e0 e1 e2 e3 e4 e5 e6 e7 e8 e9 ea eb ec ed ee ef f0 f1 f2 f3 f4 f5 f6 f7 f8 f9 fa fb fc fd fe ff 
 0  1  2 48  4 92 90 5c  8 d1 f3 b0 f7 77 b8 4b 10 -- 75 c1 31 27 b7 -- 39  c ee -- a7 -- 96 -- 20 -- -- -- ea -- 55 4f 62 -- 4e -- b9 -- -- 69 72 -- 18 --  b -- -- -- 99 d7 -- -- fb 36 -- 7d 40 e6 -- -- -- -- -- --  3 -- -- 7c aa 68 9e cf c4 -- -- -- 9c -- -- -- a5 ed -- -- -- 1a d2 -- e4 -- -- -- 30 -- --  7 16  9 -- 57 -- -- -- -- e5 -- 79 38 -- -- -- -- 21 be 6c -- -- -- fa -- 80 -- 1b d5 -- -- -- -- -- -- -- df -- -- -- cc  6 -- -- -- -- 8b f8 -- 83 58 d0 ce eb 24 49 2e 5f -- -- -- -- 1c -- -- ef c0 -- -- -- -- -- e8 9d --  d -- -- -- -- -- -- 3e 34 8c 73 -- -- -- 1f 46 -- -- -- -- -- -- 60 -- -- 74 -- --  e -- 2c 67 12 17 -- -- ae -- -- 84 -- 66 -- 81 -- -- 1d -- -- -- f2 -- 70 -- -- -- -- -- -- -- -- -- 42 33 ab -- d8 e0 -- -- -- 3a -- -- 23 -- -- -- 

solutions so far:0 maxDepth:10 
iterations:29229356  skipped: 21 
Depth skipped: 
0 0 21 0 0 0 0 0 0 0 0 0 0 0 0 0 0 0 0 0 0 0 0 0 0 0 0 0 0 0 0 0 

running time: 3300 sec
 depth:6
 0  1  2  3  4  5  6  7  8  9  a  b  c  d  e  f 10 11 12 13 14 15 16 17 18 19 1a 1b 1c 1d 1e 1f 20 21 22 23 24 25 26 27 28 29 2a 2b 2c 2d 2e 2f 30 31 32 33 34 35 36 37 38 39 3a 3b 3c 3d 3e 3f 40 41 42 43 44 45 46 47 48 49 4a 4b 4c 4d 4e 4f 50 51 52 53 54 55 56 57 58 59 5a 5b 5c 5d 5e 5f 60 61 62 63 64 65 66 67 68 69 6a 6b 6c 6d 6e 6f 70 71 72 73 74 75 76 77 78 79 7a 7b 7c 7d 7e 7f 80 81 82 83 84 85 86 87 88 89 8a 8b 8c 8d 8e 8f 90 91 92 93 94 95 96 97 98 99 9a 9b 9c 9d 9e 9f a0 a1 a2 a3 a4 a5 a6 a7 a8 a9 aa ab ac ad ae af b0 b1 b2 b3 b4 b5 b6 b7 b8 b9 ba bb bc bd be bf c0 c1 c2 c3 c4 c5 c6 c7 c8 c9 ca cb cc cd ce cf d0 d1 d2 d3 d4 d5 d6 d7 d8 d9 da db dc dd de df e0 e1 e2 e3 e4 e5 e6 e7 e8 e9 ea eb ec ed ee ef f0 f1 f2 f3 f4 f5 f6 f7 f8 f9 fa fb fc fd fe ff 
 0  1  2 48  4 8a 90 43  8 73 c3 a4 f7 25 86 -- 10 -- e6 84 51 27 9f -- 39 d8 4a -- db -- -- -- 20 -- -- -- 1b -- df 4f a2 -- 4e -- e9 -- -- -- 72 -- 67 -- 94 -- -- -- 61 d7 -- -- -- -- -- fe 40 -- -- -- -- -- -- -- 36 -- -- 7c 69 97 9e c9 93 -- -- -- 9c -- -- --  5 14 -- -- -- 50 -- -- e4 -- -- -- ce -- -- 15 ff  9 -- fb -- -- -- -- c2 -- 79 a8 -- -- -- -- -- 35 -- -- -- -- 2b -- 80 -- -- 7f -- -- -- -- -- -- -- -- -- -- -- cc 6c -- -- -- -- 42 f8 -- d2 52 f9 -- eb 24 45 ca f1 -- -- -- -- 54 -- -- ef 96 -- -- -- -- -- e1  a -- 28 -- -- -- -- -- -- 3e a0 8f -- -- -- -- 1f ac -- -- -- -- -- -- 4b -- -- 9b -- -- 2a -- 29 -- 12 65 -- -- 21 -- -- -- -- 66 -- d4 -- -- 53 -- -- -- f2 -- 87 -- -- -- -- -- -- -- -- -- -- 33 6a -- -- d9 -- -- -- a6 -- -- 56 -- -- -- 

solutions so far:0 maxDepth:10 
iterations:32159150  skipped: 22 
Depth skipped: 
0 0 22 0 0 0 0 0 0 0 0 0 0 0 0 0 0 0 0 0 0 0 0 0 0 0 0 0 0 0 0 0 

running time: 3600 sec
 depth:6
 0  1  2  3  4  5  6  7  8  9  a  b  c  d  e  f 10 11 12 13 14 15 16 17 18 19 1a 1b 1c 1d 1e 1f 20 21 22 23 24 25 26 27 28 29 2a 2b 2c 2d 2e 2f 30 31 32 33 34 35 36 37 38 39 3a 3b 3c 3d 3e 3f 40 41 42 43 44 45 46 47 48 49 4a 4b 4c 4d 4e 4f 50 51 52 53 54 55 56 57 58 59 5a 5b 5c 5d 5e 5f 60 61 62 63 64 65 66 67 68 69 6a 6b 6c 6d 6e 6f 70 71 72 73 74 75 76 77 78 79 7a 7b 7c 7d 7e 7f 80 81 82 83 84 85 86 87 88 89 8a 8b 8c 8d 8e 8f 90 91 92 93 94 95 96 97 98 99 9a 9b 9c 9d 9e 9f a0 a1 a2 a3 a4 a5 a6 a7 a8 a9 aa ab ac ad ae af b0 b1 b2 b3 b4 b5 b6 b7 b8 b9 ba bb bc bd be bf c0 c1 c2 c3 c4 c5 c6 c7 c8 c9 ca cb cc cd ce cf d0 d1 d2 d3 d4 d5 d6 d7 d8 d9 da db dc dd de df e0 e1 e2 e3 e4 e5 e6 e7 e8 e9 ea eb ec ed ee ef f0 f1 f2 f3 f4 f5 f6 f7 f8 f9 fa fb fc fd fe ff 
 0  1  2 48  4 7b 90 ca  8 6a f6 13 f7 cb 43 -- 10 -- d4 a2 3b 27 26 -- 39 56 41 -- 86 -- -- -- 20 -- -- -- 7f -- 93 4f 76 -- 4e -- 4c -- -- -- 72 -- ac -- 82 -- -- -- db d7 -- -- -- -- -- 37 40 -- -- -- -- -- -- -- fe -- -- 7c f1 47 9e 6b ec -- -- -- 9c -- -- -- 98 19 -- -- -- 64 -- -- e4 -- -- -- 8f -- -- e1 d3  9 -- 8a -- -- -- -- 61 -- 79 54 -- -- -- -- -- 1e -- -- -- -- 6e -- 80 -- -- f0 -- -- -- -- -- -- -- -- -- -- -- cc 2b -- -- -- -- 51 f8 -- 35 e2 8e -- eb 24 d6 65  f -- -- -- -- 2a -- -- ef 45 -- -- -- -- -- 9b e7 -- 32 -- -- -- -- -- -- 3e c8 de -- -- -- -- 1f 6f -- -- -- -- -- -- c9 -- -- a6 -- -- 15 -- 71 -- 12 d9 -- -- c3 -- -- -- -- 66 -- 78 -- -- c2 -- -- -- f2 -- a8 -- -- -- -- -- -- -- -- -- -- 33 3c -- -- 87 -- -- -- 53 -- -- dc -- -- -- 

solutions so far:0 maxDepth:10 
iterations:35734313  skipped: 23 
Depth skipped: 
0 0 23 0 0 0 0 0 0 0 0 0 0 0 0 0 0 0 0 0 0 0 0 0 0 0 0 0 0 0 0 0 

running time: 3900 sec
 depth:6
 0  1  2  3  4  5  6  7  8  9  a  b  c  d  e  f 10 11 12 13 14 15 16 17 18 19 1a 1b 1c 1d 1e 1f 20 21 22 23 24 25 26 27 28 29 2a 2b 2c 2d 2e 2f 30 31 32 33 34 35 36 37 38 39 3a 3b 3c 3d 3e 3f 40 41 42 43 44 45 46 47 48 49 4a 4b 4c 4d 4e 4f 50 51 52 53 54 55 56 57 58 59 5a 5b 5c 5d 5e 5f 60 61 62 63 64 65 66 67 68 69 6a 6b 6c 6d 6e 6f 70 71 72 73 74 75 76 77 78 79 7a 7b 7c 7d 7e 7f 80 81 82 83 84 85 86 87 88 89 8a 8b 8c 8d 8e 8f 90 91 92 93 94 95 96 97 98 99 9a 9b 9c 9d 9e 9f a0 a1 a2 a3 a4 a5 a6 a7 a8 a9 aa ab ac ad ae af b0 b1 b2 b3 b4 b5 b6 b7 b8 b9 ba bb bc bd be bf c0 c1 c2 c3 c4 c5 c6 c7 c8 c9 ca cb cc cd ce cf d0 d1 d2 d3 d4 d5 d6 d7 d8 d9 da db dc dd de df e0 e1 e2 e3 e4 e5 e6 e7 e8 e9 ea eb ec ed ee ef f0 f1 f2 f3 f4 f5 f6 f7 f8 f9 fa fb fc fd fe ff 
 0  1  2 48  4 69 90 e7  8 ac d2 d9 f7 e1 19 -- 10 -- 8f 7f 73 27 65 -- 39 c3 15 -- 32 -- -- -- 20 -- -- -- c9 -- fe 4f e6 -- 4e -- ca -- -- -- 72 -- 51 -- 2a -- -- -- 64 d7 -- -- -- -- -- 4b 40 -- -- -- -- -- -- -- 45 -- -- 7c 2b a6 9e 84 1b -- -- -- 9c -- -- -- 43 db -- -- -- c2 -- -- e4 -- -- -- a2 -- -- 82 54  9 -- 35 -- -- -- -- c8 -- 79 e2 -- -- -- -- -- 6c -- -- -- -- 96 -- 80 -- -- ce -- -- -- -- -- -- -- -- -- -- -- cc 8a -- -- -- -- d4 f8 -- 56 87 9b -- eb 24 df 98 36 -- -- -- -- 71 -- -- ef f1 -- -- -- -- -- 41 86 -- 61 -- -- -- -- -- -- 3e 53 42 -- -- -- -- 1f 21 -- -- -- -- -- -- 93 -- -- cb -- -- d3 -- a8 -- 12 4c -- -- 6a -- -- -- -- 66 -- 67 -- -- 47 -- -- -- f2 -- 13 -- -- -- -- -- -- -- -- -- -- 33 d8 -- -- 26 -- -- -- 8e -- -- fb -- -- -- 

solutions so far:0 maxDepth:10 
iterations:39481901  skipped: 27 
Depth skipped: 
0 0 27 0 0 0 0 0 0 0 0 0 0 0 0 0 0 0 0 0 0 0 0 0 0 0 0 0 0 0 0 0 

running time: 4200 sec
 depth:6
 0  1  2  3  4  5  6  7  8  9  a  b  c  d  e  f 10 11 12 13 14 15 16 17 18 19 1a 1b 1c 1d 1e 1f 20 21 22 23 24 25 26 27 28 29 2a 2b 2c 2d 2e 2f 30 31 32 33 34 35 36 37 38 39 3a 3b 3c 3d 3e 3f 40 41 42 43 44 45 46 47 48 49 4a 4b 4c 4d 4e 4f 50 51 52 53 54 55 56 57 58 59 5a 5b 5c 5d 5e 5f 60 61 62 63 64 65 66 67 68 69 6a 6b 6c 6d 6e 6f 70 71 72 73 74 75 76 77 78 79 7a 7b 7c 7d 7e 7f 80 81 82 83 84 85 86 87 88 89 8a 8b 8c 8d 8e 8f 90 91 92 93 94 95 96 97 98 99 9a 9b 9c 9d 9e 9f a0 a1 a2 a3 a4 a5 a6 a7 a8 a9 aa ab ac ad ae af b0 b1 b2 b3 b4 b5 b6 b7 b8 b9 ba bb bc bd be bf c0 c1 c2 c3 c4 c5 c6 c7 c8 c9 ca cb cc cd ce cf d0 d1 d2 d3 d4 d5 d6 d7 d8 d9 da db dc dd de df e0 e1 e2 e3 e4 e5 e6 e7 e8 e9 ea eb ec ed ee ef f0 f1 f2 f3 f4 f5 f6 f7 f8 f9 fa fb fc fd fe ff 
 0  1  2 48  4 59 90 96  8 2a b2  5 f7 ff fb -- 10 -- 54 a6 b3 27  a -- 39 65 29 -- 21 -- -- -- 20 -- -- -- a8 -- 9b 4f b1 -- 4e -- 14 -- -- -- 72 -- ca -- 52 -- -- -- 42 d7 -- -- -- -- -- 9a 40 -- -- -- -- -- -- -- 87 -- -- 7c e1 4a 9e 88 b5 -- -- -- 9c -- -- -- 28 a0 -- -- -- f9 -- -- e4 -- -- -- 43 -- -- e6 a4  9 -- 61 -- -- -- -- 84 -- 79 6c -- -- -- -- -- ad -- -- -- -- e3 -- 80 -- -- 4d -- -- -- -- -- -- -- -- -- -- -- cc d9 -- -- -- -- 53 f8 -- 15 e9 94 -- eb 24 c7 4b bd -- -- -- -- 36 -- -- ef db -- -- -- -- -- 73 50 -- 97 -- -- -- -- -- -- 3e 25 44 -- -- -- -- 1f 22 -- -- -- -- -- -- 86 -- -- d2 -- -- 1b -- 9f -- 12 ce -- -- c2 -- -- -- -- 66 -- cd -- -- df -- -- -- f2 -- d8 -- -- -- -- -- -- -- -- -- -- 33 8d -- -- 67 -- -- -- 69 -- -- 11 -- -- -- 

solutions so far:0 maxDepth:10 
iterations:43481621  skipped: 33 
Depth skipped: 
0 0 33 0 0 0 0 0 0 0 0 0 0 0 0 0 0 0 0 0 0 0 0 0 0 0 0 0 0 0 0 0 

running time: 4500 sec
 depth:7
 0  1  2  3  4  5  6  7  8  9  a  b  c  d  e  f 10 11 12 13 14 15 16 17 18 19 1a 1b 1c 1d 1e 1f 20 21 22 23 24 25 26 27 28 29 2a 2b 2c 2d 2e 2f 30 31 32 33 34 35 36 37 38 39 3a 3b 3c 3d 3e 3f 40 41 42 43 44 45 46 47 48 49 4a 4b 4c 4d 4e 4f 50 51 52 53 54 55 56 57 58 59 5a 5b 5c 5d 5e 5f 60 61 62 63 64 65 66 67 68 69 6a 6b 6c 6d 6e 6f 70 71 72 73 74 75 76 77 78 79 7a 7b 7c 7d 7e 7f 80 81 82 83 84 85 86 87 88 89 8a 8b 8c 8d 8e 8f 90 91 92 93 94 95 96 97 98 99 9a 9b 9c 9d 9e 9f a0 a1 a2 a3 a4 a5 a6 a7 a8 a9 aa ab ac ad ae af b0 b1 b2 b3 b4 b5 b6 b7 b8 b9 ba bb bc bd be bf c0 c1 c2 c3 c4 c5 c6 c7 c8 c9 ca cb cc cd ce cf d0 d1 d2 d3 d4 d5 d6 d7 d8 d9 da db dc dd de df e0 e1 e2 e3 e4 e5 e6 e7 e8 e9 ea eb ec ed ee ef f0 f1 f2 f3 f4 f5 f6 f7 f8 f9 fa fb fc fd fe ff 
 0  1  2 48  4 47 90 c5  8 51 8e 22 f7 8d 5d 63 10 -- a2 c9 cb 27 44 -- 39 6a cd -- ba -- c6 -- 20 -- -- -- 93 -- 45 4f 41 -- 4e -- 88 -- -- fd 72 -- d4 -- 4d -- -- -- a3 d7 -- -- 5b a9 -- 4c 40 b4 -- -- -- -- -- -- f1 -- -- 7c 8a bd 9e 64 82 -- -- -- 9c -- -- -- c7 b2 -- -- -- b1 2d -- e4 -- -- -- 7f -- -- 3f 9a  9 -- 56 -- -- -- -- 91 -- 79 2f -- -- -- -- b6 71 85 -- -- -- 98 -- 80 -- bf 26 -- -- -- -- -- -- -- 95 -- -- -- cc 35 -- -- -- -- 8f f8 -- c3 11 ad da eb 24 c8 89 d3 -- -- -- -- fc -- -- ef 2b -- -- -- -- -- f4 59 -- b3 -- -- -- -- -- -- 3e b5 32 5a -- -- -- 1f 19 -- -- -- -- -- -- fe -- -- 7a -- -- 7e -- e3 6d 12 af -- -- ac -- -- a1 -- 66 -- 13 -- -- f5 -- -- -- f2 -- 5e -- -- -- -- -- -- -- -- -- bb 33 e2 -- dd bc -- -- -- 3d -- -- e7 -- -- -- 

solutions so far:0 maxDepth:10 
iterations:47579947  skipped: 37 
Depth skipped: 
0 0 37 0 0 0 0 0 0 0 0 0 0 0 0 0 0 0 0 0 0 0 0 0 0 0 0 0 0 0 0 0 

running time: 4800 sec
 depth:7
 0  1  2  3  4  5  6  7  8  9  a  b  c  d  e  f 10 11 12 13 14 15 16 17 18 19 1a 1b 1c 1d 1e 1f 20 21 22 23 24 25 26 27 28 29 2a 2b 2c 2d 2e 2f 30 31 32 33 34 35 36 37 38 39 3a 3b 3c 3d 3e 3f 40 41 42 43 44 45 46 47 48 49 4a 4b 4c 4d 4e 4f 50 51 52 53 54 55 56 57 58 59 5a 5b 5c 5d 5e 5f 60 61 62 63 64 65 66 67 68 69 6a 6b 6c 6d 6e 6f 70 71 72 73 74 75 76 77 78 79 7a 7b 7c 7d 7e 7f 80 81 82 83 84 85 86 87 88 89 8a 8b 8c 8d 8e 8f 90 91 92 93 94 95 96 97 98 99 9a 9b 9c 9d 9e 9f a0 a1 a2 a3 a4 a5 a6 a7 a8 a9 aa ab ac ad ae af b0 b1 b2 b3 b4 b5 b6 b7 b8 b9 ba bb bc bd be bf c0 c1 c2 c3 c4 c5 c6 c7 c8 c9 ca cb cc cd ce cf d0 d1 d2 d3 d4 d5 d6 d7 d8 d9 da db dc dd de df e0 e1 e2 e3 e4 e5 e6 e7 e8 e9 ea eb ec ed ee ef f0 f1 f2 f3 f4 f5 f6 f7 f8 f9 fa fb fc fd fe ff 
 0  1  2 48  4 36 90 ca  8 f3 6c d3 f7 c8 43 c0 10 -- 31 8c d8 27 71 -- 39 be 47 -- 86 -- 57 -- 20 -- -- -- 62 -- cf 4f 67 -- 4e -- e2 -- -- 83 72 -- ab -- 8e -- -- -- db d7 -- -- ae  6 -- 84 40 ea -- -- -- -- -- -- c4 -- -- 7c 49 32 9e e6 ce -- -- -- 9c -- -- -- 13 4c -- -- -- e7 d1 -- e4 -- -- -- 81 -- -- e1 cb  9 -- fa -- -- -- -- 61 -- 79 54 -- -- -- -- 8b 96  c -- -- -- df -- 80 --  3 42 -- -- -- -- -- -- -- aa -- -- -- cc 5f -- -- -- -- 46 f8 -- 92 82 64 60 eb 24 1b 65 4b -- -- -- -- 2a -- -- ef 7d -- -- -- -- -- 9b 26 -- 98 -- -- -- -- -- -- 3e 19 73 75 -- -- -- 1f d2 -- -- -- -- -- -- d5 -- -- a6 -- -- 15 -- 41 30 12 d9 -- -- 23 -- -- 55 -- 66 -- 21 -- -- c2 -- -- -- f2 -- a8 -- -- -- -- -- -- -- -- -- c1 33 fb -- 18 87 -- -- -- 53 -- -- 69 -- -- -- 

solutions so far:0 maxDepth:10 
iterations:51912855  skipped: 39 
Depth skipped: 
0 0 39 0 0 0 0 0 0 0 0 0 0 0 0 0 0 0 0 0 0 0 0 0 0 0 0 0 0 0 0 0 

running time: 5100 sec
 depth:6
 0  1  2  3  4  5  6  7  8  9  a  b  c  d  e  f 10 11 12 13 14 15 16 17 18 19 1a 1b 1c 1d 1e 1f 20 21 22 23 24 25 26 27 28 29 2a 2b 2c 2d 2e 2f 30 31 32 33 34 35 36 37 38 39 3a 3b 3c 3d 3e 3f 40 41 42 43 44 45 46 47 48 49 4a 4b 4c 4d 4e 4f 50 51 52 53 54 55 56 57 58 59 5a 5b 5c 5d 5e 5f 60 61 62 63 64 65 66 67 68 69 6a 6b 6c 6d 6e 6f 70 71 72 73 74 75 76 77 78 79 7a 7b 7c 7d 7e 7f 80 81 82 83 84 85 86 87 88 89 8a 8b 8c 8d 8e 8f 90 91 92 93 94 95 96 97 98 99 9a 9b 9c 9d 9e 9f a0 a1 a2 a3 a4 a5 a6 a7 a8 a9 aa ab ac ad ae af b0 b1 b2 b3 b4 b5 b6 b7 b8 b9 ba bb bc bd be bf c0 c1 c2 c3 c4 c5 c6 c7 c8 c9 ca cb cc cd ce cf d0 d1 d2 d3 d4 d5 d6 d7 d8 d9 da db dc dd de df e0 e1 e2 e3 e4 e5 e6 e7 e8 e9 ea eb ec ed ee ef f0 f1 f2 f3 f4 f5 f6 f7 f8 f9 fa fb fc fd fe ff 
 0  1  2 48  4 25 90 88  8 5c 4a 30 f7 75 c7 -- 10 -- b8 70 94 27 60 -- 39 1d ea -- 59 -- -- -- 20 -- -- -- a7 -- e0 4f ff -- 4e -- c0 -- -- -- 72 -- 3a --  3 -- -- -- b2 d7 -- -- -- -- --  a 40 -- -- -- -- -- -- -- 99 -- -- 7c 17 83 9e 97 29 -- -- -- 9c -- -- -- 57 8b -- -- -- 55 -- -- e4 -- -- -- 74 -- -- 8d  6  9 --  e -- -- -- -- b3 -- 79 9a -- -- -- -- -- a4 -- -- -- -- 14 -- 80 -- --  5 -- -- -- -- -- -- -- -- -- -- -- cc e5 -- -- -- -- 38 f8 -- 2e 18 d1 -- eb 24 f9 44 52 -- -- -- -- 4d -- -- ef  7 -- -- -- -- -- ad ae -- c1 -- -- -- -- -- -- 3e aa a0 -- -- -- -- 1f 50 -- -- -- -- -- -- e8 -- -- bd -- -- cd --  c -- 12 22 -- -- 1c -- -- -- -- 66 -- e9 -- -- b1 -- -- -- f2 -- e3 -- -- -- -- -- -- -- -- -- -- 33 9f -- -- 11 -- -- -- b5 -- -- 28 -- -- -- 

solutions so far:0 maxDepth:10 
iterations:56684332  skipped: 43 
Depth skipped: 
0 0 43 0 0 0 0 0 0 0 0 0 0 0 0 0 0 0 0 0 0 0 0 0 0 0 0 0 0 0 0 0 

running time: 5400 sec
 depth:6
 0  1  2  3  4  5  6  7  8  9  a  b  c  d  e  f 10 11 12 13 14 15 16 17 18 19 1a 1b 1c 1d 1e 1f 20 21 22 23 24 25 26 27 28 29 2a 2b 2c 2d 2e 2f 30 31 32 33 34 35 36 37 38 39 3a 3b 3c 3d 3e 3f 40 41 42 43 44 45 46 47 48 49 4a 4b 4c 4d 4e 4f 50 51 52 53 54 55 56 57 58 59 5a 5b 5c 5d 5e 5f 60 61 62 63 64 65 66 67 68 69 6a 6b 6c 6d 6e 6f 70 71 72 73 74 75 76 77 78 79 7a 7b 7c 7d 7e 7f 80 81 82 83 84 85 86 87 88 89 8a 8b 8c 8d 8e 8f 90 91 92 93 94 95 96 97 98 99 9a 9b 9c 9d 9e 9f a0 a1 a2 a3 a4 a5 a6 a7 a8 a9 aa ab ac ad ae af b0 b1 b2 b3 b4 b5 b6 b7 b8 b9 ba bb bc bd be bf c0 c1 c2 c3 c4 c5 c6 c7 c8 c9 ca cb cc cd ce cf d0 d1 d2 d3 d4 d5 d6 d7 d8 d9 da db dc dd de df e0 e1 e2 e3 e4 e5 e6 e7 e8 e9 ea eb ec ed ee ef f0 f1 f2 f3 f4 f5 f6 f7 f8 f9 fa fb fc fd fe ff 
 0  1  2 48  4 11 90 73  8 63 22 3a f7 5c e6 -- 10 -- c6 85 44 27 74 -- 39 a1 b8 -- 1b -- -- -- 20 -- -- -- 5b -- dd 4f 88 -- 4e -- e8 -- -- -- 72 -- 95 -- a7 -- -- -- 36 d7 -- -- -- -- -- bd 40 -- -- -- -- -- -- -- b6 -- -- 7c 6d 17 9e 9a c7 -- -- -- 9c -- -- --  7 1c -- -- -- 70 -- -- e4 -- -- -- fd -- -- 96 99  9 -- b4 -- -- -- -- 6c -- 79 42 -- -- -- -- -- b2 -- -- -- -- ad -- 80 -- -- b5 -- -- -- -- -- -- -- -- -- -- -- cc bb -- -- -- -- a9 f8 -- da 1d 2e -- eb 24 e3 d2 59 -- -- -- -- 21 -- -- ef 5a -- -- -- -- -- 4b  e -- 38 -- -- -- -- -- -- 3e e0 4d -- -- -- -- 1f cd -- -- -- -- -- -- 2d -- -- ce -- -- fb -- e5 -- 12 69 -- -- bf -- -- -- -- 66 -- b1 -- -- d8 -- -- -- f2 -- 84 -- -- -- -- -- -- -- -- -- -- 33 b3 -- -- df -- -- -- 67 -- -- 8d -- -- -- 

solutions so far:0 maxDepth:10 
iterations:61822951  skipped: 45 
Depth skipped: 
0 0 45 0 0 0 0 0 0 0 0 0 0 0 0 0 0 0 0 0 0 0 0 0 0 0 0 0 0 0 0 0 

running time: 5700 sec

Finished. Total running time: 5896 sec
