Search S-boxes invariant for matrices: 
{0x00,0x02,0x04,0x06,0x08,0x0a,0x0c,0x0e,0x10,0x12,0x14,0x16,0x18,0x1a,0x1c,0x1e,0x20,0x22,0x24,0x26,0x28,0x2a,0x2c,0x2e,0x30,0x32,0x34,0x36,0x38,0x3a,0x3c,0x3e,0x40,0x42,0x44,0x46,0x48,0x4a,0x4c,0x4e,0x50,0x52,0x54,0x56,0x58,0x5a,0x5c,0x5e,0x60,0x62,0x64,0x66,0x68,0x6a,0x6c,0x6e,0x70,0x72,0x74,0x76,0x78,0x7a,0x7c,0x7e,0x80,0x82,0x84,0x86,0x88,0x8a,0x8c,0x8e,0x90,0x92,0x94,0x96,0x98,0x9a,0x9c,0x9e,0xa0,0xa2,0xa4,0xa6,0xa8,0xaa,0xac,0xae,0xb0,0xb2,0xb4,0xb6,0xb8,0xba,0xbc,0xbe,0xc0,0xc2,0xc4,0xc6,0xc8,0xca,0xcc,0xce,0xd0,0xd2,0xd4,0xd6,0xd8,0xda,0xdc,0xde,0xe0,0xe2,0xe4,0xe6,0xe8,0xea,0xec,0xee,0xf0,0xf2,0xf4,0xf6,0xf8,0xfa,0xfc,0xfe,0x39,0x3b,0x3d,0x3f,0x31,0x33,0x35,0x37,0x29,0x2b,0x2d,0x2f,0x21,0x23,0x25,0x27,0x19,0x1b,0x1d,0x1f,0x11,0x13,0x15,0x17,0x09,0x0b,0x0d,0x0f,0x01,0x03,0x05,0x07,0x79,0x7b,0x7d,0x7f,0x71,0x73,0x75,0x77,0x69,0x6b,0x6d,0x6f,0x61,0x63,0x65,0x67,0x59,0x5b,0x5d,0x5f,0x51,0x53,0x55,0x57,0x49,0x4b,0x4d,0x4f,0x41,0x43,0x45,0x47,0xb9,0xbb,0xbd,0xbf,0xb1,0xb3,0xb5,0xb7,0xa9,0xab,0xad,0xaf,0xa1,0xa3,0xa5,0xa7,0x99,0x9b,0x9d,0x9f,0x91,0x93,0x95,0x97,0x89,0x8b,0x8d,0x8f,0x81,0x83,0x85,0x87,0xf9,0xfb,0xfd,0xff,0xf1,0xf3,0xf5,0xf7,0xe9,0xeb,0xed,0xef,0xe1,0xe3,0xe5,0xe7,0xd9,0xdb,0xdd,0xdf,0xd1,0xd3,0xd5,0xd7,0xc9,0xcb,0xcd,0xcf,0xc1,0xc3,0xc5,0xc7};
{0x00,0x02,0x04,0x06,0x08,0x0a,0x0c,0x0e,0x10,0x12,0x14,0x16,0x18,0x1a,0x1c,0x1e,0x20,0x22,0x24,0x26,0x28,0x2a,0x2c,0x2e,0x30,0x32,0x34,0x36,0x38,0x3a,0x3c,0x3e,0x40,0x42,0x44,0x46,0x48,0x4a,0x4c,0x4e,0x50,0x52,0x54,0x56,0x58,0x5a,0x5c,0x5e,0x60,0x62,0x64,0x66,0x68,0x6a,0x6c,0x6e,0x70,0x72,0x74,0x76,0x78,0x7a,0x7c,0x7e,0x80,0x82,0x84,0x86,0x88,0x8a,0x8c,0x8e,0x90,0x92,0x94,0x96,0x98,0x9a,0x9c,0x9e,0xa0,0xa2,0xa4,0xa6,0xa8,0xaa,0xac,0xae,0xb0,0xb2,0xb4,0xb6,0xb8,0xba,0xbc,0xbe,0xc0,0xc2,0xc4,0xc6,0xc8,0xca,0xcc,0xce,0xd0,0xd2,0xd4,0xd6,0xd8,0xda,0xdc,0xde,0xe0,0xe2,0xe4,0xe6,0xe8,0xea,0xec,0xee,0xf0,0xf2,0xf4,0xf6,0xf8,0xfa,0xfc,0xfe,0xd7,0xd5,0xd3,0xd1,0xdf,0xdd,0xdb,0xd9,0xc7,0xc5,0xc3,0xc1,0xcf,0xcd,0xcb,0xc9,0xf7,0xf5,0xf3,0xf1,0xff,0xfd,0xfb,0xf9,0xe7,0xe5,0xe3,0xe1,0xef,0xed,0xeb,0xe9,0x97,0x95,0x93,0x91,0x9f,0x9d,0x9b,0x99,0x87,0x85,0x83,0x81,0x8f,0x8d,0x8b,0x89,0xb7,0xb5,0xb3,0xb1,0xbf,0xbd,0xbb,0xb9,0xa7,0xa5,0xa3,0xa1,0xaf,0xad,0xab,0xa9,0x57,0x55,0x53,0x51,0x5f,0x5d,0x5b,0x59,0x47,0x45,0x43,0x41,0x4f,0x4d,0x4b,0x49,0x77,0x75,0x73,0x71,0x7f,0x7d,0x7b,0x79,0x67,0x65,0x63,0x61,0x6f,0x6d,0x6b,0x69,0x17,0x15,0x13,0x11,0x1f,0x1d,0x1b,0x19,0x07,0x05,0x03,0x01,0x0f,0x0d,0x0b,0x09,0x37,0x35,0x33,0x31,0x3f,0x3d,0x3b,0x39,0x27,0x25,0x23,0x21,0x2f,0x2d,0x2b,0x29};



 depth:6
 0  1  2  3  4  5  6  7  8  9  a  b  c  d  e  f 10 11 12 13 14 15 16 17 18 19 1a 1b 1c 1d 1e 1f 20 21 22 23 24 25 26 27 28 29 2a 2b 2c 2d 2e 2f 30 31 32 33 34 35 36 37 38 39 3a 3b 3c 3d 3e 3f 40 41 42 43 44 45 46 47 48 49 4a 4b 4c 4d 4e 4f 50 51 52 53 54 55 56 57 58 59 5a 5b 5c 5d 5e 5f 60 61 62 63 64 65 66 67 68 69 6a 6b 6c 6d 6e 6f 70 71 72 73 74 75 76 77 78 79 7a 7b 7c 7d 7e 7f 80 81 82 83 84 85 86 87 88 89 8a 8b 8c 8d 8e 8f 90 91 92 93 94 95 96 97 98 99 9a 9b 9c 9d 9e 9f a0 a1 a2 a3 a4 a5 a6 a7 a8 a9 aa ab ac ad ae af b0 b1 b2 b3 b4 b5 b6 b7 b8 b9 ba bb bc bd be bf c0 c1 c2 c3 c4 c5 c6 c7 c8 c9 ca cb cc cd ce cf d0 d1 d2 d3 d4 d5 d6 d7 d8 d9 da db dc dd de df e0 e1 e2 e3 e4 e5 e6 e7 e8 e9 ea eb ec ed ee ef f0 f1 f2 f3 f4 f5 f6 f7 f8 f9 fa fb fc fd fe ff 
 0  1  2 4e  4 f3 9c e6  8 88 31 55 ef 60 1b -- 10 -- c7 e3 62 72 aa --  9 b1 c0 -- 36 -- -- -- 20 -- -- -- 59 -- 11 4f c4 -- e4 -- 83 -- -- -- 12 -- b5 -- 57 -- -- -- 6c d7 -- -- -- -- -- fa 40 -- -- -- -- -- -- -- b2 -- -- f7 22 18 9e 49 5f -- -- -- 1f -- -- -- d1 ea -- -- --  6 -- -- 24 -- -- -- bd -- -- fb ae 7c -- cd -- -- -- -- d8 -- 79 84 -- -- -- -- -- ab -- -- -- -- 23 -- 80 -- -- 7d -- -- -- -- -- -- -- -- -- -- -- cc b3 -- -- -- -- 9a 39 -- 44 c1 30 -- eb 27 92 73 be -- -- -- -- 42 -- -- 3e 8d -- -- -- -- -- 96 75 --  3 -- -- -- -- -- -- 90  c cf -- -- -- -- 48 8c -- -- -- -- -- -- ad -- -- 4b -- -- 21 -- 8b -- f8 d2 -- -- 4d -- -- -- -- 66 -- d5 -- -- 67 -- -- -- f2 -- df -- -- -- -- -- -- -- -- -- -- 33 81 -- -- 69 -- -- -- ce -- -- 46 -- -- -- 

solutions so far:0 maxDepth:9 
iterations:2818830  skipped: 4 
Depth skipped: 
0 0 4 0 0 0 0 0 0 0 0 0 0 0 0 0 0 0 0 0 0 0 0 0 0 0 0 0 0 0 0 0 

running time: 300 sec
 depth:7
 0  1  2  3  4  5  6  7  8  9  a  b  c  d  e  f 10 11 12 13 14 15 16 17 18 19 1a 1b 1c 1d 1e 1f 20 21 22 23 24 25 26 27 28 29 2a 2b 2c 2d 2e 2f 30 31 32 33 34 35 36 37 38 39 3a 3b 3c 3d 3e 3f 40 41 42 43 44 45 46 47 48 49 4a 4b 4c 4d 4e 4f 50 51 52 53 54 55 56 57 58 59 5a 5b 5c 5d 5e 5f 60 61 62 63 64 65 66 67 68 69 6a 6b 6c 6d 6e 6f 70 71 72 73 74 75 76 77 78 79 7a 7b 7c 7d 7e 7f 80 81 82 83 84 85 86 87 88 89 8a 8b 8c 8d 8e 8f 90 91 92 93 94 95 96 97 98 99 9a 9b 9c 9d 9e 9f a0 a1 a2 a3 a4 a5 a6 a7 a8 a9 aa ab ac ad ae af b0 b1 b2 b3 b4 b5 b6 b7 b8 b9 ba bb bc bd be bf c0 c1 c2 c3 c4 c5 c6 c7 c8 c9 ca cb cc cd ce cf d0 d1 d2 d3 d4 d5 d6 d7 d8 d9 da db dc dd de df e0 e1 e2 e3 e4 e5 e6 e7 e8 e9 ea eb ec ed ee ef f0 f1 f2 f3 f4 f5 f6 f7 f8 f9 fa fb fc fd fe ff 
 0  1  2 4e  4 ec 9c 31  8 a2  f 82 ef 64 62 25 10 -- 93 45 1e 72 d3 --  9 d4 c8 -- c4 -- 4a -- 20 -- -- -- f1 -- 8a 4f 3c -- e4 -- 71 -- -- 9f 12 -- 7f -- 47 -- -- -- 5f d7 -- -- 94 28 -- de 40  a -- -- -- -- -- -- 35 -- -- f7 c3 19 9e 3b 78 -- -- -- 1f -- -- -- e2 26 -- -- -- 98 e9 -- 24 -- -- -- fe -- -- fa 8e 7c -- ac -- -- -- -- be -- 79 8c -- -- -- -- ff 37 50 -- -- -- 6b -- 80 -- 14 6f -- -- -- -- -- -- -- a4 -- -- -- cc 6a -- -- -- -- c9 39 -- 51 41 32 f9 eb 27 76 f3 f0 -- -- -- -- 46 -- -- 3e 56 -- -- -- -- -- 7d 13 -- 4c -- -- -- -- -- -- 90 e7 f6  5 -- -- -- 48 7b -- -- -- -- -- -- 2b -- -- d5 -- -- 23 -- cb 97 f8 92 -- -- 8f -- -- 52 -- 66 -- dc -- -- ab -- -- -- f2 -- cf -- -- -- -- -- -- -- -- -- 29 33 6e -- a0 49 -- -- -- 81 -- -- d6 -- -- -- 

solutions so far:0 maxDepth:10 
iterations:5076910  skipped: 5 
Depth skipped: 
0 0 5 0 0 0 0 0 0 0 0 0 0 0 0 0 0 0 0 0 0 0 0 0 0 0 0 0 0 0 0 0 

running time: 600 sec
 depth:7
 0  1  2  3  4  5  6  7  8  9  a  b  c  d  e  f 10 11 12 13 14 15 16 17 18 19 1a 1b 1c 1d 1e 1f 20 21 22 23 24 25 26 27 28 29 2a 2b 2c 2d 2e 2f 30 31 32 33 34 35 36 37 38 39 3a 3b 3c 3d 3e 3f 40 41 42 43 44 45 46 47 48 49 4a 4b 4c 4d 4e 4f 50 51 52 53 54 55 56 57 58 59 5a 5b 5c 5d 5e 5f 60 61 62 63 64 65 66 67 68 69 6a 6b 6c 6d 6e 6f 70 71 72 73 74 75 76 77 78 79 7a 7b 7c 7d 7e 7f 80 81 82 83 84 85 86 87 88 89 8a 8b 8c 8d 8e 8f 90 91 92 93 94 95 96 97 98 99 9a 9b 9c 9d 9e 9f a0 a1 a2 a3 a4 a5 a6 a7 a8 a9 aa ab ac ad ae af b0 b1 b2 b3 b4 b5 b6 b7 b8 b9 ba bb bc bd be bf c0 c1 c2 c3 c4 c5 c6 c7 c8 c9 ca cb cc cd ce cf d0 d1 d2 d3 d4 d5 d6 d7 d8 d9 da db dc dd de df e0 e1 e2 e3 e4 e5 e6 e7 e8 e9 ea eb ec ed ee ef f0 f1 f2 f3 f4 f5 f6 f7 f8 f9 fa fb fc fd fe ff 
 0  1  2 4e  4 e3 9c 36  8 60 11 76 ef de 6c 35 10 -- c0  6 22 72 ec --  9 c1 6b -- d8 -- 6a -- 20 -- -- -- 57 --  c 4f 44 -- e4 --  f -- -- ac 12 -- 55 -- d6 -- -- -- 67 d7 -- -- d4 c3 -- b5 40 45 -- -- -- -- -- -- ae -- -- f7 18 dc 9e 4d 88 -- -- -- 1f -- -- -- 1e 78 -- -- -- 37 8f -- 24 -- -- -- aa -- -- 42 7b 7c -- 75 -- -- -- -- ce -- 79 69 -- -- -- -- 7f 59 51 -- -- -- bd -- 80 -- 8a b1 -- -- -- -- -- -- -- 56 -- -- -- cc 8b -- -- -- --  3 39 -- 30 3b 6f f1 eb 27 9a 1b c7 -- -- -- -- df -- -- 3e d1 -- -- -- -- -- 21 3c -- f0 -- -- -- -- -- -- 90 6e cd c9 -- -- -- 48 8d -- -- -- -- -- -- 83 -- -- fb -- -- 84 -- f6 93 f8 e6 -- -- ea -- -- 2b -- 66 -- b3 -- -- 4b -- -- -- f2 -- d2 -- -- -- -- -- -- -- -- -- fe 33 b2 -- a2 73 -- -- -- 96 -- -- ad -- -- -- 

solutions so far:0 maxDepth:10 
iterations:7505533  skipped: 6 
Depth skipped: 
0 0 6 0 0 0 0 0 0 0 0 0 0 0 0 0 0 0 0 0 0 0 0 0 0 0 0 0 0 0 0 0 

running time: 900 sec
 depth:6
 0  1  2  3  4  5  6  7  8  9  a  b  c  d  e  f 10 11 12 13 14 15 16 17 18 19 1a 1b 1c 1d 1e 1f 20 21 22 23 24 25 26 27 28 29 2a 2b 2c 2d 2e 2f 30 31 32 33 34 35 36 37 38 39 3a 3b 3c 3d 3e 3f 40 41 42 43 44 45 46 47 48 49 4a 4b 4c 4d 4e 4f 50 51 52 53 54 55 56 57 58 59 5a 5b 5c 5d 5e 5f 60 61 62 63 64 65 66 67 68 69 6a 6b 6c 6d 6e 6f 70 71 72 73 74 75 76 77 78 79 7a 7b 7c 7d 7e 7f 80 81 82 83 84 85 86 87 88 89 8a 8b 8c 8d 8e 8f 90 91 92 93 94 95 96 97 98 99 9a 9b 9c 9d 9e 9f a0 a1 a2 a3 a4 a5 a6 a7 a8 a9 aa ab ac ad ae af b0 b1 b2 b3 b4 b5 b6 b7 b8 b9 ba bb bc bd be bf c0 c1 c2 c3 c4 c5 c6 c7 c8 c9 ca cb cc cd ce cf d0 d1 d2 d3 d4 d5 d6 d7 d8 d9 da db dc dd de df e0 e1 e2 e3 e4 e5 e6 e7 e8 e9 ea eb ec ed ee ef f0 f1 f2 f3 f4 f5 f6 f7 f8 f9 fa fb fc fd fe ff 
 0  1  2 4e  4 dc 9c ea  8 5a 6f 8e ef e7  3 -- 10 -- b4 a1 de 72 cb --  9 dd 19 --  6 -- -- -- 20 -- -- -- bf -- 95 4f 6b -- e4 -- 41 -- -- -- 12 -- 6d -- 32 -- -- --  c d7 -- -- -- -- --  f 40 -- -- -- -- -- -- -- a9 -- -- f7 fd 4c 9e 37 d6 -- -- -- 1f -- -- -- 82 71 -- -- -- 13 -- -- 24 -- -- -- da -- -- ae 64 7c -- 5b -- -- -- -- 18 -- 79 55 -- -- -- -- -- f6 -- -- -- -- 1e -- 80 -- -- ec -- -- -- -- -- -- -- -- -- -- -- cc 85 -- -- -- -- bb 39 -- 2d 47 98 -- eb 27 6e 75 7b -- -- -- -- c1 -- -- 3e c6 -- -- -- -- -- 57 d3 -- e2 -- -- -- -- -- -- 90 26 f0 -- -- -- -- 48 78 -- -- -- -- -- -- 63 -- -- c0 -- -- 8b -- c8 -- f8 d1 -- -- b6 -- -- -- -- 66 -- 76 -- -- 30 -- -- -- f2 -- aa -- -- -- -- -- -- -- -- -- -- 33 3b -- -- 83 -- -- -- 60 -- -- 3c -- -- -- 

solutions so far:0 maxDepth:10 
iterations:9506523  skipped: 8 
Depth skipped: 
0 0 8 0 0 0 0 0 0 0 0 0 0 0 0 0 0 0 0 0 0 0 0 0 0 0 0 0 0 0 0 0 

running time: 1200 sec
 depth:7
 0  1  2  3  4  5  6  7  8  9  a  b  c  d  e  f 10 11 12 13 14 15 16 17 18 19 1a 1b 1c 1d 1e 1f 20 21 22 23 24 25 26 27 28 29 2a 2b 2c 2d 2e 2f 30 31 32 33 34 35 36 37 38 39 3a 3b 3c 3d 3e 3f 40 41 42 43 44 45 46 47 48 49 4a 4b 4c 4d 4e 4f 50 51 52 53 54 55 56 57 58 59 5a 5b 5c 5d 5e 5f 60 61 62 63 64 65 66 67 68 69 6a 6b 6c 6d 6e 6f 70 71 72 73 74 75 76 77 78 79 7a 7b 7c 7d 7e 7f 80 81 82 83 84 85 86 87 88 89 8a 8b 8c 8d 8e 8f 90 91 92 93 94 95 96 97 98 99 9a 9b 9c 9d 9e 9f a0 a1 a2 a3 a4 a5 a6 a7 a8 a9 aa ab ac ad ae af b0 b1 b2 b3 b4 b5 b6 b7 b8 b9 ba bb bc bd be bf c0 c1 c2 c3 c4 c5 c6 c7 c8 c9 ca cb cc cd ce cf d0 d1 d2 d3 d4 d5 d6 d7 d8 d9 da db dc dd de df e0 e1 e2 e3 e4 e5 e6 e7 e8 e9 ea eb ec ed ee ef f0 f1 f2 f3 f4 f5 f6 f7 f8 f9 fa fb fc fd fe ff 
 0  1  2 4e  4 cf 9c ea  8 1b 49 bc ef f4  3 b2 10 -- 36 69 92 72 af --  9 ce 3f --  6 -- b3 -- 20 -- -- -- 6c -- d2 4f f3 -- e4 -- 89 -- -- cd 12 -- 4b -- 7e -- -- --  c d7 -- -- b1 22 -- 81 40 e3 -- -- -- -- -- -- d8 -- -- f7 73 3d 9e 46 31 -- -- -- 1f -- -- -- c5 ba -- -- -- 91 4d -- 24 -- -- -- 96 -- -- ae fc 7c -- 42 -- -- -- -- 18 -- 79 55 -- -- -- -- b5 c4 44 -- -- -- d5 -- 80 -- 11 ab -- -- -- -- -- -- -- 8d -- -- -- cc 67 -- -- -- -- df 39 -- e6 5e 7a 59 eb 27 8c 75 62 -- -- -- -- c1 -- -- 3e 21 -- -- -- -- -- 57 5d -- a3 -- -- -- -- -- -- 90 f5 23 9a -- -- -- 48 fa -- -- -- -- -- -- fb -- -- c0 -- -- 8b -- 2f c7 f8 d1 -- -- 84 -- -- ad -- 66 -- be -- -- 30 -- -- -- f2 -- aa -- -- -- -- -- -- -- -- -- bd 33 5f -- 88 83 -- -- -- 60 -- -- 7d -- -- -- 

solutions so far:0 maxDepth:10 
iterations:12342638  skipped: 11 
Depth skipped: 
0 0 11 0 0 0 0 0 0 0 0 0 0 0 0 0 0 0 0 0 0 0 0 0 0 0 0 0 0 0 0 0 

running time: 1500 sec
 depth:6
 0  1  2  3  4  5  6  7  8  9  a  b  c  d  e  f 10 11 12 13 14 15 16 17 18 19 1a 1b 1c 1d 1e 1f 20 21 22 23 24 25 26 27 28 29 2a 2b 2c 2d 2e 2f 30 31 32 33 34 35 36 37 38 39 3a 3b 3c 3d 3e 3f 40 41 42 43 44 45 46 47 48 49 4a 4b 4c 4d 4e 4f 50 51 52 53 54 55 56 57 58 59 5a 5b 5c 5d 5e 5f 60 61 62 63 64 65 66 67 68 69 6a 6b 6c 6d 6e 6f 70 71 72 73 74 75 76 77 78 79 7a 7b 7c 7d 7e 7f 80 81 82 83 84 85 86 87 88 89 8a 8b 8c 8d 8e 8f 90 91 92 93 94 95 96 97 98 99 9a 9b 9c 9d 9e 9f a0 a1 a2 a3 a4 a5 a6 a7 a8 a9 aa ab ac ad ae af b0 b1 b2 b3 b4 b5 b6 b7 b8 b9 ba bb bc bd be bf c0 c1 c2 c3 c4 c5 c6 c7 c8 c9 ca cb cc cd ce cf d0 d1 d2 d3 d4 d5 d6 d7 d8 d9 da db dc dd de df e0 e1 e2 e3 e4 e5 e6 e7 e8 e9 ea eb ec ed ee ef f0 f1 f2 f3 f4 f5 f6 f7 f8 f9 fa fb fc fd fe ff 
 0  1  2 4e  4 c5 9c c3  8 a8 5d 4a ef 28 51 -- 10 -- 87 e1 ba 72 94 --  9 43 50 -- a2 -- -- -- 20 -- -- -- d9 -- 15 4f a3 -- e4 -- ff -- -- -- 12 -- 86 -- a0 -- -- -- 93 d7 -- -- -- -- -- 7e 40 -- -- -- -- -- -- -- 65 -- -- f7 2a  a 9e af 91 -- -- -- 1f -- -- -- 29 a4 -- -- -- e9 -- -- 24 -- -- -- db -- -- fe 97 7c -- 53 -- -- -- -- f1 -- 79 ac -- -- -- -- -- 3d -- -- -- -- fc -- 80 -- -- 3f -- -- -- -- -- -- -- -- -- -- -- cc ca -- -- -- -- 9b 39 -- 54 25 14 -- eb 27 89 8a f5 -- -- -- -- 56 -- -- 3e c2 -- -- -- -- -- 7f 52 -- 9f -- -- -- -- -- -- 90  5 bc -- -- -- -- 48 5e -- -- -- -- -- -- 61 -- -- d4 -- -- 2b -- f9 -- f8 45 -- -- a6 -- -- -- -- 66 -- f4 -- -- 35 -- -- -- f2 -- 8f -- -- -- -- -- -- -- -- -- -- 33 7a -- -- c9 -- -- -- 6a -- -- 2f -- -- -- 

solutions so far:0 maxDepth:10 
iterations:14926584  skipped: 12 
Depth skipped: 
0 0 12 0 0 0 0 0 0 0 0 0 0 0 0 0 0 0 0 0 0 0 0 0 0 0 0 0 0 0 0 0 

running time: 1800 sec
 depth:6
 0  1  2  3  4  5  6  7  8  9  a  b  c  d  e  f 10 11 12 13 14 15 16 17 18 19 1a 1b 1c 1d 1e 1f 20 21 22 23 24 25 26 27 28 29 2a 2b 2c 2d 2e 2f 30 31 32 33 34 35 36 37 38 39 3a 3b 3c 3d 3e 3f 40 41 42 43 44 45 46 47 48 49 4a 4b 4c 4d 4e 4f 50 51 52 53 54 55 56 57 58 59 5a 5b 5c 5d 5e 5f 60 61 62 63 64 65 66 67 68 69 6a 6b 6c 6d 6e 6f 70 71 72 73 74 75 76 77 78 79 7a 7b 7c 7d 7e 7f 80 81 82 83 84 85 86 87 88 89 8a 8b 8c 8d 8e 8f 90 91 92 93 94 95 96 97 98 99 9a 9b 9c 9d 9e 9f a0 a1 a2 a3 a4 a5 a6 a7 a8 a9 aa ab ac ad ae af b0 b1 b2 b3 b4 b5 b6 b7 b8 b9 ba bb bc bd be bf c0 c1 c2 c3 c4 c5 c6 c7 c8 c9 ca cb cc cd ce cf d0 d1 d2 d3 d4 d5 d6 d7 d8 d9 da db dc dd de df e0 e1 e2 e3 e4 e5 e6 e7 e8 e9 ea eb ec ed ee ef f0 f1 f2 f3 f4 f5 f6 f7 f8 f9 fa fb fc fd fe ff 
 0  1  2 4e  4 b9 9c e0  8 4d a5 30 ef 75 17 -- 10 -- 9a bd 9d 72 60 --  9 44 ea -- 2e -- -- -- 20 -- -- -- e3 -- ad 4f ed -- e4 -- c0 -- -- -- 12 -- 88 --  3 -- -- -- 5c d7 -- -- -- -- -- ee 40 -- -- -- -- -- -- -- 11 -- -- f7 8d 83 9e b0  d -- -- -- 1f -- -- -- 57 8b -- -- -- 55 -- -- 24 -- -- -- c7 -- -- 3a  6 7c -- b3 -- -- -- -- b8 -- 79  7 -- -- -- -- -- 34 -- -- -- --  b -- 80 -- -- 77 -- -- -- -- -- -- -- -- -- -- -- cc 22 -- -- -- -- b5 39 -- cd 18 d1 -- eb 27 b7 70 1a -- -- -- -- e8 -- -- 3e b2 -- -- -- -- -- 1d ae -- c1 -- -- -- -- -- -- 90 aa 58 -- -- -- -- 48 2c -- -- -- -- -- -- 59 -- -- e5 -- -- 74 --  c -- f8 38 -- -- b1 -- -- -- -- 66 -- d0 -- -- a7 -- -- -- f2 --  e -- -- -- -- -- -- -- -- -- -- 33 68 -- -- 1c -- -- -- 99 -- -- 16 -- -- -- 

solutions so far:0 maxDepth:10 
iterations:18222125  skipped: 15 
Depth skipped: 
0 0 15 0 0 0 0 0 0 0 0 0 0 0 0 0 0 0 0 0 0 0 0 0 0 0 0 0 0 0 0 0 

running time: 2100 sec
 depth:7
 0  1  2  3  4  5  6  7  8  9  a  b  c  d  e  f 10 11 12 13 14 15 16 17 18 19 1a 1b 1c 1d 1e 1f 20 21 22 23 24 25 26 27 28 29 2a 2b 2c 2d 2e 2f 30 31 32 33 34 35 36 37 38 39 3a 3b 3c 3d 3e 3f 40 41 42 43 44 45 46 47 48 49 4a 4b 4c 4d 4e 4f 50 51 52 53 54 55 56 57 58 59 5a 5b 5c 5d 5e 5f 60 61 62 63 64 65 66 67 68 69 6a 6b 6c 6d 6e 6f 70 71 72 73 74 75 76 77 78 79 7a 7b 7c 7d 7e 7f 80 81 82 83 84 85 86 87 88 89 8a 8b 8c 8d 8e 8f 90 91 92 93 94 95 96 97 98 99 9a 9b 9c 9d 9e 9f a0 a1 a2 a3 a4 a5 a6 a7 a8 a9 aa ab ac ad ae af b0 b1 b2 b3 b4 b5 b6 b7 b8 b9 ba bb bc bd be bf c0 c1 c2 c3 c4 c5 c6 c7 c8 c9 ca cb cc cd ce cf d0 d1 d2 d3 d4 d5 d6 d7 d8 d9 da db dc dd de df e0 e1 e2 e3 e4 e5 e6 e7 e8 e9 ea eb ec ed ee ef f0 f1 f2 f3 f4 f5 f6 f7 f8 f9 fa fb fc fd fe ff 
 0  1  2 4e  4 ad 9c fa  8 ec 8d 1c ef 1d 23 ff 10 --  f 7b cd 72 38 --  9 f0 3a -- 46 -- 29 -- 20 -- -- -- 1e -- f6 4f 4d -- e4 -- 70 -- --  a 12 -- 37 -- 74 -- -- -- 8c d7 -- -- 52 97 -- c7 40 50 -- -- -- -- -- -- 3c -- -- f7 3b 99 9e b5 9a -- -- -- 1f -- -- -- e0 2e -- -- -- b8 14 -- 24 -- -- -- 6e -- -- 62 e8 7c -- de -- -- -- -- cf -- 79 be -- -- -- -- a4 11 f9 -- -- -- 59 -- 80 -- a0 88 -- -- -- -- -- -- --  5 -- -- -- cc 78 -- -- -- -- d6 39 -- 76  e e5 94 eb 27 bd 7d e3 -- -- -- -- 5f -- -- 3e 6f -- -- -- -- -- 31 17 -- 5c -- -- -- -- -- -- 90 a7 b1 28 -- -- -- 48 b3 -- -- -- -- -- -- dc -- -- f3 -- -- c4 --  7 4a f8 d5 -- -- 6b -- -- e9 -- 66 -- 44 -- -- 49 -- -- -- f2 -- ab -- -- -- -- -- -- -- -- -- 9f 33 22 -- 25 81 -- -- -- 92 -- -- b2 -- -- -- 

solutions so far:0 maxDepth:10 
iterations:21546230  skipped: 17 
Depth skipped: 
0 0 17 0 0 0 0 0 0 0 0 0 0 0 0 0 0 0 0 0 0 0 0 0 0 0 0 0 0 0 0 0 

running time: 2400 sec
 depth:7
 0  1  2  3  4  5  6  7  8  9  a  b  c  d  e  f 10 11 12 13 14 15 16 17 18 19 1a 1b 1c 1d 1e 1f 20 21 22 23 24 25 26 27 28 29 2a 2b 2c 2d 2e 2f 30 31 32 33 34 35 36 37 38 39 3a 3b 3c 3d 3e 3f 40 41 42 43 44 45 46 47 48 49 4a 4b 4c 4d 4e 4f 50 51 52 53 54 55 56 57 58 59 5a 5b 5c 5d 5e 5f 60 61 62 63 64 65 66 67 68 69 6a 6b 6c 6d 6e 6f 70 71 72 73 74 75 76 77 78 79 7a 7b 7c 7d 7e 7f 80 81 82 83 84 85 86 87 88 89 8a 8b 8c 8d 8e 8f 90 91 92 93 94 95 96 97 98 99 9a 9b 9c 9d 9e 9f a0 a1 a2 a3 a4 a5 a6 a7 a8 a9 aa ab ac ad ae af b0 b1 b2 b3 b4 b5 b6 b7 b8 b9 ba bb bc bd be bf c0 c1 c2 c3 c4 c5 c6 c7 c8 c9 ca cb cc cd ce cf d0 d1 d2 d3 d4 d5 d6 d7 d8 d9 da db dc dd de df e0 e1 e2 e3 e4 e5 e6 e7 e8 e9 ea eb ec ed ee ef f0 f1 f2 f3 f4 f5 f6 f7 f8 f9 fa fb fc fd fe ff 
 0  1  2 4e  4 a2 9c fd  8 c8 93 e9 ef 94 2d c0 10 -- 47 e7 f1 72  5 --  9 82 ff -- 5a -- 57 -- 20 -- -- -- 8e -- 19 4f 35 -- e4 --  a -- -- 83 12 -- d3 -- 29 -- -- -- b4 d7 -- -- ae  6 -- ac 40 ea -- -- -- -- -- -- cb -- -- f7 32 25 9e c3 6a -- -- -- 1f -- -- -- 14 50 -- -- -- 97 d1 -- 24 -- -- -- 71 -- -- da 52 7c -- 26 -- -- -- -- bf -- 79 5b -- -- -- -- 8b 7f  c -- -- -- 8f -- 80 --  3 56 -- -- -- -- -- -- -- aa -- -- -- cc 41 -- -- -- -- 98 39 -- 64 9f 4a 60 eb 27 51 95 d4 -- -- -- -- c6 -- -- 3e 13 -- -- -- -- -- 6d 28 -- a0 -- -- -- -- -- -- 90 f9 8a 75 -- -- -- 48 45 -- -- -- -- -- -- e2 -- -- dd -- -- 63 -- a4 30 f8 a1 -- -- 4c -- -- 55 -- 66 -- 2b -- -- a9 -- -- -- f2 -- b6 -- -- -- -- -- -- -- -- -- c1 33 fe -- 18 bb -- -- -- 85 -- -- c9 -- -- -- 

solutions so far:0 maxDepth:10 
iterations:24046705  skipped: 20 
Depth skipped: 
0 0 20 0 0 0 0 0 0 0 0 0 0 0 0 0 0 0 0 0 0 0 0 0 0 0 0 0 0 0 0 0 

running time: 2700 sec
 depth:6
 0  1  2  3  4  5  6  7  8  9  a  b  c  d  e  f 10 11 12 13 14 15 16 17 18 19 1a 1b 1c 1d 1e 1f 20 21 22 23 24 25 26 27 28 29 2a 2b 2c 2d 2e 2f 30 31 32 33 34 35 36 37 38 39 3a 3b 3c 3d 3e 3f 40 41 42 43 44 45 46 47 48 49 4a 4b 4c 4d 4e 4f 50 51 52 53 54 55 56 57 58 59 5a 5b 5c 5d 5e 5f 60 61 62 63 64 65 66 67 68 69 6a 6b 6c 6d 6e 6f 70 71 72 73 74 75 76 77 78 79 7a 7b 7c 7d 7e 7f 80 81 82 83 84 85 86 87 88 89 8a 8b 8c 8d 8e 8f 90 91 92 93 94 95 96 97 98 99 9a 9b 9c 9d 9e 9f a0 a1 a2 a3 a4 a5 a6 a7 a8 a9 aa ab ac ad ae af b0 b1 b2 b3 b4 b5 b6 b7 b8 b9 ba bb bc bd be bf c0 c1 c2 c3 c4 c5 c6 c7 c8 c9 ca cb cc cd ce cf d0 d1 d2 d3 d4 d5 d6 d7 d8 d9 da db dc dd de df e0 e1 e2 e3 e4 e5 e6 e7 e8 e9 ea eb ec ed ee ef f0 f1 f2 f3 f4 f5 f6 f7 f8 f9 fa fb fc fd fe ff 
 0  1  2 4e  4 98 9c 69  8 c7 e7 a8 ef a6 d2 -- 10 -- 59 11 19 72 87 --  9 b5 9b -- 73 -- -- -- 20 -- -- -- b2 -- 22 4f 32 -- e4 -- d9 -- -- -- 12 -- bd -- e1 -- -- -- e6 d7 -- -- -- -- -- 82 40 -- -- -- -- -- -- -- b3 -- -- f7 44 c2 9e 26 64 -- -- -- 1f -- -- -- 65 43 -- -- -- db -- -- 24 -- -- -- ad -- -- ce 15 7c -- 4d -- -- -- -- 1b -- 79 fb -- -- -- -- -- 47 -- -- -- -- d3 -- 80 -- -- 41 -- -- -- -- -- -- -- -- -- -- -- cc b1 -- -- -- -- e3 39 -- 88 54 53 -- eb 27 4c df c8 -- -- -- -- 96 -- -- 3e cd -- -- -- -- -- 67 ca -- 86 -- -- -- -- -- -- 90 61 13 -- -- -- -- 48 e2 -- -- -- -- -- -- 8d -- -- d8 -- -- 4b -- 2a -- f8 84 -- -- 9a -- -- -- -- 66 -- cb -- -- 36 -- -- -- f2 -- 21 -- -- -- -- -- -- -- -- -- -- 33 8e -- -- 42 -- -- -- 6c -- -- 71 -- -- -- 

solutions so far:0 maxDepth:10 
iterations:26921145  skipped: 21 
Depth skipped: 
0 0 21 0 0 0 0 0 0 0 0 0 0 0 0 0 0 0 0 0 0 0 0 0 0 0 0 0 0 0 0 0 

running time: 3000 sec
 depth:7
 0  1  2  3  4  5  6  7  8  9  a  b  c  d  e  f 10 11 12 13 14 15 16 17 18 19 1a 1b 1c 1d 1e 1f 20 21 22 23 24 25 26 27 28 29 2a 2b 2c 2d 2e 2f 30 31 32 33 34 35 36 37 38 39 3a 3b 3c 3d 3e 3f 40 41 42 43 44 45 46 47 48 49 4a 4b 4c 4d 4e 4f 50 51 52 53 54 55 56 57 58 59 5a 5b 5c 5d 5e 5f 60 61 62 63 64 65 66 67 68 69 6a 6b 6c 6d 6e 6f 70 71 72 73 74 75 76 77 78 79 7a 7b 7c 7d 7e 7f 80 81 82 83 84 85 86 87 88 89 8a 8b 8c 8d 8e 8f 90 91 92 93 94 95 96 97 98 99 9a 9b 9c 9d 9e 9f a0 a1 a2 a3 a4 a5 a6 a7 a8 a9 aa ab ac ad ae af b0 b1 b2 b3 b4 b5 b6 b7 b8 b9 ba bb bc bd be bf c0 c1 c2 c3 c4 c5 c6 c7 c8 c9 ca cb cc cd ce cf d0 d1 d2 d3 d4 d5 d6 d7 d8 d9 da db dc dd de df e0 e1 e2 e3 e4 e5 e6 e7 e8 e9 ea eb ec ed ee ef f0 f1 f2 f3 f4 f5 f6 f7 f8 f9 fa fb fc fd fe ff 
 0  1  2 4e  4 8b 9c bf  8 6f c1 a0 ef e9 a9 ba 10 -- de f0 55 72 97 --  9 f6  5 -- 85 -- a3 -- 20 -- -- -- 6b -- 37 4f aa -- e4 -- f9 -- -- 3f 12 -- 3b --  a -- -- -- dd d7 -- -- 91 bc --  c 40 2f -- -- -- -- -- -- d6 -- -- f7 6e a4 9e 57 83 -- -- -- 1f -- -- -- 25 94 -- -- -- 29 7e -- 24 -- -- -- 76 -- -- b6 14 7c -- 1e -- -- -- -- 6d -- 79 95 -- -- -- -- f5 75 af -- -- -- 18 -- 80 -- 5e  6 -- -- -- -- -- -- -- f4 -- -- -- cc 7b -- -- -- -- 78 39 -- dc 50 9f 5d eb 27 ae b4 d1 -- -- -- -- a1 -- -- 3e  f -- -- -- -- -- 5b 4a -- ff -- -- -- -- -- -- 90 52 c0 fc -- -- -- 48 60 -- -- -- -- -- -- ec -- -- c6 -- -- bb -- 28 c5 f8 5a -- -- 3c -- -- 7a -- 66 --  3 -- -- da -- -- -- f2 -- fd -- -- -- -- -- -- -- -- -- 3d 33 ea -- 89 2d -- -- -- 63 -- -- 30 -- -- -- 

solutions so far:0 maxDepth:10 
iterations:30197218  skipped: 26 
Depth skipped: 
0 0 26 0 0 0 0 0 0 0 0 0 0 0 0 0 0 0 0 0 0 0 0 0 0 0 0 0 0 0 0 0 

running time: 3300 sec
 depth:6
 0  1  2  3  4  5  6  7  8  9  a  b  c  d  e  f 10 11 12 13 14 15 16 17 18 19 1a 1b 1c 1d 1e 1f 20 21 22 23 24 25 26 27 28 29 2a 2b 2c 2d 2e 2f 30 31 32 33 34 35 36 37 38 39 3a 3b 3c 3d 3e 3f 40 41 42 43 44 45 46 47 48 49 4a 4b 4c 4d 4e 4f 50 51 52 53 54 55 56 57 58 59 5a 5b 5c 5d 5e 5f 60 61 62 63 64 65 66 67 68 69 6a 6b 6c 6d 6e 6f 70 71 72 73 74 75 76 77 78 79 7a 7b 7c 7d 7e 7f 80 81 82 83 84 85 86 87 88 89 8a 8b 8c 8d 8e 8f 90 91 92 93 94 95 96 97 98 99 9a 9b 9c 9d 9e 9f a0 a1 a2 a3 a4 a5 a6 a7 a8 a9 aa ab ac ad ae af b0 b1 b2 b3 b4 b5 b6 b7 b8 b9 ba bb bc bd be bf c0 c1 c2 c3 c4 c5 c6 c7 c8 c9 ca cb cc cd ce cf d0 d1 d2 d3 d4 d5 d6 d7 d8 d9 da db dc dd de df e0 e1 e2 e3 e4 e5 e6 e7 e8 e9 ea eb ec ed ee ef f0 f1 f2 f3 f4 f5 f6 f7 f8 f9 fa fb fc fd fe ff 
 0  1  2 4e  4 83 9c 17  8 8c d1 50 ef 9f 2e -- 10 -- cf 7d 75 72 a0 --  9 31 e9 -- 5c -- -- -- 20 -- -- -- 49 -- fa 4f ea -- e4 -- 97 -- -- -- 12 -- 62 --  5 -- -- -- b8 d7 -- -- -- -- -- c0 40 -- -- -- -- -- -- -- 92 -- -- f7 23 52 9e 55  3 -- -- -- 1f -- -- -- f9 4a -- -- -- ff -- -- 24 -- -- -- c4 -- -- 74  a 7c -- ab -- -- -- -- a7 -- 79  e -- -- -- -- --  c -- -- -- -- 57 -- 80 -- -- 60 -- -- -- -- -- -- -- -- -- -- -- cc f3 -- -- -- -- d5 39 -- 46 28 a4 -- eb 27 aa e0  6 -- -- -- --  7 -- -- 3e be -- -- -- -- -- 3a 25 -- 94 -- -- -- -- -- -- 90 29 c1 -- -- -- -- 48 8b -- -- -- -- -- -- 5f -- -- 1d -- -- e8 -- 14 -- f8 70 -- -- 81 -- -- -- -- 66 -- 30 -- -- 99 -- -- -- f2 -- 1c -- -- -- -- -- -- -- -- -- -- 33 18 -- -- 38 -- -- -- e5 -- -- ae -- -- -- 

solutions so far:0 maxDepth:10 
iterations:33049803  skipped: 28 
Depth skipped: 
0 0 28 0 0 0 0 0 0 0 0 0 0 0 0 0 0 0 0 0 0 0 0 0 0 0 0 0 0 0 0 0 

running time: 3600 sec
 depth:7
 0  1  2  3  4  5  6  7  8  9  a  b  c  d  e  f 10 11 12 13 14 15 16 17 18 19 1a 1b 1c 1d 1e 1f 20 21 22 23 24 25 26 27 28 29 2a 2b 2c 2d 2e 2f 30 31 32 33 34 35 36 37 38 39 3a 3b 3c 3d 3e 3f 40 41 42 43 44 45 46 47 48 49 4a 4b 4c 4d 4e 4f 50 51 52 53 54 55 56 57 58 59 5a 5b 5c 5d 5e 5f 60 61 62 63 64 65 66 67 68 69 6a 6b 6c 6d 6e 6f 70 71 72 73 74 75 76 77 78 79 7a 7b 7c 7d 7e 7f 80 81 82 83 84 85 86 87 88 89 8a 8b 8c 8d 8e 8f 90 91 92 93 94 95 96 97 98 99 9a 9b 9c 9d 9e 9f a0 a1 a2 a3 a4 a5 a6 a7 a8 a9 aa ab ac ad ae af b0 b1 b2 b3 b4 b5 b6 b7 b8 b9 ba bb bc bd be bf c0 c1 c2 c3 c4 c5 c6 c7 c8 c9 ca cb cc cd ce cf d0 d1 d2 d3 d4 d5 d6 d7 d8 d9 da db dc dd de df e0 e1 e2 e3 e4 e5 e6 e7 e8 e9 ea eb ec ed ee ef f0 f1 f2 f3 f4 f5 f6 f7 f8 f9 fa fb fc fd fe ff 
 0  1  2 4e  4 76 9c af  8 a1 ec 9a ef b5 89 29 10 -- 95 c6  f 72 e3 --  9 b4 bd -- c5 -- 52 -- 20 -- -- -- fd -- 5b 4f 1e -- e4 -- 11 -- -- 14 12 -- bf -- ad -- -- -- 5d d7 -- -- a4 f9 -- 6f 40 a0 -- -- -- -- -- -- 2d -- -- f7 b6 b3 9e f6 3c -- -- -- 1f -- -- -- 22 88 -- -- -- 59 28 -- 24 -- -- -- a9 -- -- 7a 8d 7c -- 6d -- -- -- -- ba -- 79 7e -- -- -- -- 9f f0 25 -- -- -- de -- 80 -- 97 dc -- -- -- -- -- -- --  a -- -- -- cc 5a -- -- -- -- 63 39 -- bb 4d b1 ff eb 27 3b bc 78 -- -- -- -- 3f -- -- 3e dd -- -- -- -- -- 3d 44 -- c7 -- -- -- -- -- -- 90 b2 7b 50 -- -- -- 48 d6 -- -- -- -- -- -- 85 -- -- f5 -- -- f4 -- cd 94 f8 5e -- -- da -- --  5 -- 66 -- 6e -- -- a3 -- -- -- f2 -- fc -- -- -- -- -- -- -- -- -- e9 33 37 -- 4a 2f -- -- -- 91 -- -- 6b -- -- -- 

solutions so far:0 maxDepth:10 
iterations:36683608  skipped: 30 
Depth skipped: 
0 0 30 0 0 0 0 0 0 0 0 0 0 0 0 0 0 0 0 0 0 0 0 0 0 0 0 0 0 0 0 0 

running time: 3900 sec
 depth:6
 0  1  2  3  4  5  6  7  8  9  a  b  c  d  e  f 10 11 12 13 14 15 16 17 18 19 1a 1b 1c 1d 1e 1f 20 21 22 23 24 25 26 27 28 29 2a 2b 2c 2d 2e 2f 30 31 32 33 34 35 36 37 38 39 3a 3b 3c 3d 3e 3f 40 41 42 43 44 45 46 47 48 49 4a 4b 4c 4d 4e 4f 50 51 52 53 54 55 56 57 58 59 5a 5b 5c 5d 5e 5f 60 61 62 63 64 65 66 67 68 69 6a 6b 6c 6d 6e 6f 70 71 72 73 74 75 76 77 78 79 7a 7b 7c 7d 7e 7f 80 81 82 83 84 85 86 87 88 89 8a 8b 8c 8d 8e 8f 90 91 92 93 94 95 96 97 98 99 9a 9b 9c 9d 9e 9f a0 a1 a2 a3 a4 a5 a6 a7 a8 a9 aa ab ac ad ae af b0 b1 b2 b3 b4 b5 b6 b7 b8 b9 ba bb bc bd be bf c0 c1 c2 c3 c4 c5 c6 c7 c8 c9 ca cb cc cd ce cf d0 d1 d2 d3 d4 d5 d6 d7 d8 d9 da db dc dd de df e0 e1 e2 e3 e4 e5 e6 e7 e8 e9 ea eb ec ed ee ef f0 f1 f2 f3 f4 f5 f6 f7 f8 f9 fa fb fc fd fe ff 
 0  1  2 4e  4 65 9c ab  8 7a ca 97 ef  5 81 -- 10 -- f4 a3 43 72 f9 --  9 2f  a -- d5 -- -- -- 20 -- -- -- 3f -- 91 4f 86 -- e4 -- 25 -- -- -- 12 -- 5e -- 14 -- -- -- 7d d7 -- -- -- -- -- e1 40 -- -- -- -- -- -- -- 7e -- -- f7 f5 9f 9e 87 db -- -- -- 1f -- -- -- 4a ff -- -- -- 52 -- -- 24 -- -- -- bc -- -- 49 28 7c -- c5 -- -- -- -- fa -- 79 31 -- -- -- -- -- c2 -- -- -- -- 15 -- 80 -- -- 9b -- -- -- -- -- -- -- -- -- -- -- cc fc -- -- -- -- ba 39 -- 3d a0 e9 -- eb 27 d9 be 61 -- -- -- -- f3 -- -- 3e 89 -- -- -- -- -- cf 94 -- 29 -- -- -- -- -- -- 90 a4 a8 -- -- -- -- 48 54 -- -- -- -- -- -- af -- -- 8c -- -- 92 -- 50 -- f8 5f -- -- 5d -- -- -- -- 66 -- a6 -- -- 23 -- -- -- f2 -- 62 -- -- -- -- -- -- -- -- -- -- 33 53 -- -- c4 -- -- -- 46 -- -- 2a -- -- -- 

solutions so far:0 maxDepth:10 
iterations:40680413  skipped: 30 
Depth skipped: 
0 0 30 0 0 0 0 0 0 0 0 0 0 0 0 0 0 0 0 0 0 0 0 0 0 0 0 0 0 0 0 0 

running time: 4200 sec
 depth:6
 0  1  2  3  4  5  6  7  8  9  a  b  c  d  e  f 10 11 12 13 14 15 16 17 18 19 1a 1b 1c 1d 1e 1f 20 21 22 23 24 25 26 27 28 29 2a 2b 2c 2d 2e 2f 30 31 32 33 34 35 36 37 38 39 3a 3b 3c 3d 3e 3f 40 41 42 43 44 45 46 47 48 49 4a 4b 4c 4d 4e 4f 50 51 52 53 54 55 56 57 58 59 5a 5b 5c 5d 5e 5f 60 61 62 63 64 65 66 67 68 69 6a 6b 6c 6d 6e 6f 70 71 72 73 74 75 76 77 78 79 7a 7b 7c 7d 7e 7f 80 81 82 83 84 85 86 87 88 89 8a 8b 8c 8d 8e 8f 90 91 92 93 94 95 96 97 98 99 9a 9b 9c 9d 9e 9f a0 a1 a2 a3 a4 a5 a6 a7 a8 a9 aa ab ac ad ae af b0 b1 b2 b3 b4 b5 b6 b7 b8 b9 ba bb bc bd be bf c0 c1 c2 c3 c4 c5 c6 c7 c8 c9 ca cb cc cd ce cf d0 d1 d2 d3 d4 d5 d6 d7 d8 d9 da db dc dd de df e0 e1 e2 e3 e4 e5 e6 e7 e8 e9 ea eb ec ed ee ef f0 f1 f2 f3 f4 f5 f6 f7 f8 f9 fa fb fc fd fe ff 
 0  1  2 4e  4 56 9c 86  8 3c ac 1c ef 1d db -- 10 -- 78 76 8f 72 38 --  9 dc 3a -- 61 -- -- -- 20 -- -- -- f0 -- ec 4f c9 -- e4 -- 70 -- -- -- 12 -- 6f -- 74 -- -- -- c2 d7 -- -- -- -- -- f1 40 -- -- -- -- -- -- -- 37 -- -- f7  f 99 9e fe 45 -- -- -- 1f -- -- -- e0 2e -- -- -- b8 -- -- 24 -- -- -- de -- -- 2a e8 7c -- 7b -- -- -- -- 53 -- 79 87 -- -- -- -- -- c3 -- -- -- -- 35 -- 80 -- -- 93 -- -- -- -- -- -- -- -- -- -- -- cc 6e -- -- -- -- 3b 39 -- 1e  e e5 -- eb 27 2b 43 8a -- -- -- -- a8 -- -- 3e d6 -- -- -- -- -- 15 17 -- 5c -- -- -- -- -- -- 90 a7 7f -- -- -- -- 48 d4 -- -- -- -- -- -- 6b -- -- e1 -- -- 54 --  7 -- f8 ca -- -- f6 -- -- -- -- 66 -- a2 -- -- a6 -- -- -- f2 -- d9 -- -- -- -- -- -- -- -- -- -- 33 51 -- -- 65 -- -- -- 9b -- -- 6a -- -- -- 

solutions so far:0 maxDepth:10 
iterations:44693274  skipped: 35 
Depth skipped: 
0 0 35 0 0 0 0 0 0 0 0 0 0 0 0 0 0 0 0 0 0 0 0 0 0 0 0 0 0 0 0 0 

running time: 4500 sec
 depth:6
 0  1  2  3  4  5  6  7  8  9  a  b  c  d  e  f 10 11 12 13 14 15 16 17 18 19 1a 1b 1c 1d 1e 1f 20 21 22 23 24 25 26 27 28 29 2a 2b 2c 2d 2e 2f 30 31 32 33 34 35 36 37 38 39 3a 3b 3c 3d 3e 3f 40 41 42 43 44 45 46 47 48 49 4a 4b 4c 4d 4e 4f 50 51 52 53 54 55 56 57 58 59 5a 5b 5c 5d 5e 5f 60 61 62 63 64 65 66 67 68 69 6a 6b 6c 6d 6e 6f 70 71 72 73 74 75 76 77 78 79 7a 7b 7c 7d 7e 7f 80 81 82 83 84 85 86 87 88 89 8a 8b 8c 8d 8e 8f 90 91 92 93 94 95 96 97 98 99 9a 9b 9c 9d 9e 9f a0 a1 a2 a3 a4 a5 a6 a7 a8 a9 aa ab ac ad ae af b0 b1 b2 b3 b4 b5 b6 b7 b8 b9 ba bb bc bd be bf c0 c1 c2 c3 c4 c5 c6 c7 c8 c9 ca cb cc cd ce cf d0 d1 d2 d3 d4 d5 d6 d7 d8 d9 da db dc dd de df e0 e1 e2 e3 e4 e5 e6 e7 e8 e9 ea eb ec ed ee ef f0 f1 f2 f3 f4 f5 f6 f7 f8 f9 fa fb fc fd fe ff 
 0  1  2 4e  4 43 9c f9  8 cd 86 e6 ef 42 25 -- 10 -- 4d b5 db 72 1b --  9 22 84 -- 4a -- -- -- 20 -- -- -- 9a -- bd 4f 61 -- e4 -- 36 -- -- -- 12 -- 44 -- df -- -- -- 94 d7 -- -- -- -- -- 2a 40 -- -- -- -- -- -- -- e3 -- -- f7 ad fb 9e 65 c2 -- -- -- 1f -- -- -- 6c 67 -- -- -- 4b -- -- 24 -- -- -- 88 -- -- e9 69 7c -- b2 -- -- -- -- ff -- 79 14 -- -- -- -- -- a6 -- -- -- -- 54 -- 80 -- -- 15 -- -- -- -- -- -- -- -- -- -- -- cc 11 -- -- -- -- b1 39 -- 8d 73 21 -- eb 27 ca 97 53 -- -- -- --  a -- -- 3e 59 -- -- -- -- -- 9f d8 -- ce -- -- -- -- -- -- 90 96 d9 -- -- -- -- 48 87 -- -- -- -- -- -- c7 -- -- a4 -- --  5 -- d2 -- f8 a0 -- -- b3 -- -- -- -- 66 -- e1 -- -- 29 -- -- -- f2 -- 28 -- -- -- -- -- -- -- -- -- -- 33 9b -- -- 50 -- -- -- 52 -- -- a8 -- -- -- 

solutions so far:0 maxDepth:10 
iterations:49150476  skipped: 37 
Depth skipped: 
0 0 37 0 0 0 0 0 0 0 0 0 0 0 0 0 0 0 0 0 0 0 0 0 0 0 0 0 0 0 0 0 

running time: 4800 sec
 depth:7
 0  1  2  3  4  5  6  7  8  9  a  b  c  d  e  f 10 11 12 13 14 15 16 17 18 19 1a 1b 1c 1d 1e 1f 20 21 22 23 24 25 26 27 28 29 2a 2b 2c 2d 2e 2f 30 31 32 33 34 35 36 37 38 39 3a 3b 3c 3d 3e 3f 40 41 42 43 44 45 46 47 48 49 4a 4b 4c 4d 4e 4f 50 51 52 53 54 55 56 57 58 59 5a 5b 5c 5d 5e 5f 60 61 62 63 64 65 66 67 68 69 6a 6b 6c 6d 6e 6f 70 71 72 73 74 75 76 77 78 79 7a 7b 7c 7d 7e 7f 80 81 82 83 84 85 86 87 88 89 8a 8b 8c 8d 8e 8f 90 91 92 93 94 95 96 97 98 99 9a 9b 9c 9d 9e 9f a0 a1 a2 a3 a4 a5 a6 a7 a8 a9 aa ab ac ad ae af b0 b1 b2 b3 b4 b5 b6 b7 b8 b9 ba bb bc bd be bf c0 c1 c2 c3 c4 c5 c6 c7 c8 c9 ca cb cc cd ce cf d0 d1 d2 d3 d4 d5 d6 d7 d8 d9 da db dc dd de df e0 e1 e2 e3 e4 e5 e6 e7 e8 e9 ea eb ec ed ee ef f0 f1 f2 f3 f4 f5 f6 f7 f8 f9 fa fb fc fd fe ff 
 0  1  2 4e  4 2c 9c 36  8 c7 58 a6 ef 43 6c 62 10 -- 59 11 b0 72 9b --  9 b5 86 -- d8 -- c4 -- 20 -- -- -- b2 -- 22 4f b7 -- e4 -- e1 -- -- 7d 12 -- bd -- db -- -- -- 67 d7 -- -- 5f cf -- 34 40 46 -- -- -- -- -- -- b3 -- -- f7 44 65 9e  b b9 -- -- -- 1f -- -- -- 15 54 -- -- -- 87 fa -- 24 -- -- -- ad -- -- 42 61 7c -- 4d -- -- -- -- ce -- 79 69 -- -- -- -- be 9d 49 -- -- -- 68 -- 80 -- 8c 1a -- -- -- -- -- -- -- d5 -- -- -- cc b1 -- -- -- -- e3 39 -- 88 53 ca 31 eb 27 16 1b a5 -- -- -- -- df -- -- 3e cd -- -- -- -- -- 21 2a -- a8 -- -- -- -- -- -- 90 d9 ee 23 -- -- -- 48 77 -- -- -- -- -- -- 8d -- -- fb -- -- 84 -- c2 f3 f8 e6 -- -- 9a -- -- 81 -- 66 --  d -- -- 4b -- -- -- f2 -- d2 -- -- -- -- -- -- -- -- -- ab 33 ed -- 92 73 -- -- -- 96 -- -- d0 -- -- -- 

solutions so far:0 maxDepth:10 
iterations:54427304  skipped: 45 
Depth skipped: 
0 0 45 0 0 0 0 0 0 0 0 0 0 0 0 0 0 0 0 0 0 0 0 0 0 0 0 0 0 0 0 0 

running time: 5100 sec
 depth:6
 0  1  2  3  4  5  6  7  8  9  a  b  c  d  e  f 10 11 12 13 14 15 16 17 18 19 1a 1b 1c 1d 1e 1f 20 21 22 23 24 25 26 27 28 29 2a 2b 2c 2d 2e 2f 30 31 32 33 34 35 36 37 38 39 3a 3b 3c 3d 3e 3f 40 41 42 43 44 45 46 47 48 49 4a 4b 4c 4d 4e 4f 50 51 52 53 54 55 56 57 58 59 5a 5b 5c 5d 5e 5f 60 61 62 63 64 65 66 67 68 69 6a 6b 6c 6d 6e 6f 70 71 72 73 74 75 76 77 78 79 7a 7b 7c 7d 7e 7f 80 81 82 83 84 85 86 87 88 89 8a 8b 8c 8d 8e 8f 90 91 92 93 94 95 96 97 98 99 9a 9b 9c 9d 9e 9f a0 a1 a2 a3 a4 a5 a6 a7 a8 a9 aa ab ac ad ae af b0 b1 b2 b3 b4 b5 b6 b7 b8 b9 ba bb bc bd be bf c0 c1 c2 c3 c4 c5 c6 c7 c8 c9 ca cb cc cd ce cf d0 d1 d2 d3 d4 d5 d6 d7 d8 d9 da db dc dd de df e0 e1 e2 e3 e4 e5 e6 e7 e8 e9 ea eb ec ed ee ef f0 f1 f2 f3 f4 f5 f6 f7 f8 f9 fa fb fc fd fe ff 
 0  1  2 4e  4 18 9c 37  8 26 30 70 ef 74 6e -- 10 -- 4c d3 60 72 e0 --  9 32 e8 -- dc -- -- -- 20 -- -- -- 98 -- 71 4f c0 -- e4 -- 17 -- -- -- 12 -- 64 --  7 -- -- -- 6f d7 -- -- -- -- -- 83 40 -- -- -- -- -- -- -- e7 -- -- f7 e2 1d 9e  6 57 -- -- -- 1f -- -- -- 2e b8 -- -- -- 99 -- -- 24 -- -- -- c8 -- -- 3b  e 7c -- cb -- -- -- -- de -- 79  f -- -- -- -- -- 8b -- -- -- -- d1 -- 80 -- -- aa -- -- -- -- -- -- -- -- -- -- -- cc 19 -- -- -- -- 82 39 -- 13 38 3a -- eb 27  c f0 ae -- -- -- -- ec -- -- 3e 8e -- -- -- -- -- f6 5c -- a7 -- -- -- -- -- -- 90 e5  3 -- -- -- -- 48 ea -- -- -- -- -- -- 47 -- -- 7b -- -- 76 -- 1c -- f8 78 -- -- 41 -- -- -- -- 66 -- 55 -- -- 6b -- -- -- f2 -- 1e -- -- -- -- -- -- -- -- -- -- 33 c1 -- -- 3c -- -- -- d6 -- -- 75 -- -- -- 

solutions so far:0 maxDepth:10 
iterations:59253154  skipped: 48 
Depth skipped: 
0 0 48 0 0 0 0 0 0 0 0 0 0 0 0 0 0 0 0 0 0 0 0 0 0 0 0 0 0 0 0 0 

running time: 5400 sec
 depth:6
 0  1  2  3  4  5  6  7  8  9  a  b  c  d  e  f 10 11 12 13 14 15 16 17 18 19 1a 1b 1c 1d 1e 1f 20 21 22 23 24 25 26 27 28 29 2a 2b 2c 2d 2e 2f 30 31 32 33 34 35 36 37 38 39 3a 3b 3c 3d 3e 3f 40 41 42 43 44 45 46 47 48 49 4a 4b 4c 4d 4e 4f 50 51 52 53 54 55 56 57 58 59 5a 5b 5c 5d 5e 5f 60 61 62 63 64 65 66 67 68 69 6a 6b 6c 6d 6e 6f 70 71 72 73 74 75 76 77 78 79 7a 7b 7c 7d 7e 7f 80 81 82 83 84 85 86 87 88 89 8a 8b 8c 8d 8e 8f 90 91 92 93 94 95 96 97 98 99 9a 9b 9c 9d 9e 9f a0 a1 a2 a3 a4 a5 a6 a7 a8 a9 aa ab ac ad ae af b0 b1 b2 b3 b4 b5 b6 b7 b8 b9 ba bb bc bd be bf c0 c1 c2 c3 c4 c5 c6 c7 c8 c9 ca cb cc cd ce cf d0 d1 d2 d3 d4 d5 d6 d7 d8 d9 da db dc dd de df e0 e1 e2 e3 e4 e5 e6 e7 e8 e9 ea eb ec ed ee ef f0 f1 f2 f3 f4 f5 f6 f7 f8 f9 fa fb fc fd fe ff 
 0  1  2 4e  4  7 9c 5d  8  6  e cb ef 19 ba -- 10 --  c d1 1c 72 41 --  9 c0 32 -- a3 -- -- -- 20 -- -- -- 18 -- 75 4f 38 -- e4 -- 82 -- -- -- 12 -- 57 -- 64 -- -- -- 91 d7 -- -- -- -- -- a7 40 -- -- -- -- -- -- -- 30 -- -- f7 ea 98 9e 74 70 -- -- -- 1f -- -- -- d3 e2 -- -- -- 26 -- -- 24 -- -- -- ae -- -- 7e c8 7c -- 55 -- -- -- -- f5 -- 79 5e -- -- -- -- -- 17 -- -- -- -- 99 -- 80 -- -- b8 -- -- -- -- -- -- -- -- -- -- -- cc 60 -- -- -- -- 83 39 --  3 8e e7 -- eb 27 e8 c5 e0 -- -- -- -- 2f -- -- 3e c1 -- -- -- -- -- 3f 71 -- 13 -- -- -- -- -- -- 90 4c 3a -- -- -- -- 48 1d -- -- -- -- -- -- 8b -- -- f4 -- -- fc -- 47 -- f8 89 -- -- aa -- -- -- -- 66 -- 5c -- -- 3d -- -- -- f2 -- bc -- -- -- -- -- -- -- -- -- -- 33 2e -- -- af -- -- -- 7a -- -- e5 -- -- -- 

solutions so far:0 maxDepth:10 
iterations:64598076  skipped: 49 
Depth skipped: 
0 0 49 0 0 0 0 0 0 0 0 0 0 0 0 0 0 0 0 0 0 0 0 0 0 0 0 0 0 0 0 0 

running time: 5700 sec

Finished. Total running time: 5735 sec
