Search S-boxes invariant for matrices: 
{0x00,0x02,0x04,0x06,0x08,0x0a,0x0c,0x0e,0x10,0x12,0x14,0x16,0x18,0x1a,0x1c,0x1e,0x20,0x22,0x24,0x26,0x28,0x2a,0x2c,0x2e,0x30,0x32,0x34,0x36,0x38,0x3a,0x3c,0x3e,0x40,0x42,0x44,0x46,0x48,0x4a,0x4c,0x4e,0x50,0x52,0x54,0x56,0x58,0x5a,0x5c,0x5e,0x60,0x62,0x64,0x66,0x68,0x6a,0x6c,0x6e,0x70,0x72,0x74,0x76,0x78,0x7a,0x7c,0x7e,0x80,0x82,0x84,0x86,0x88,0x8a,0x8c,0x8e,0x90,0x92,0x94,0x96,0x98,0x9a,0x9c,0x9e,0xa0,0xa2,0xa4,0xa6,0xa8,0xaa,0xac,0xae,0xb0,0xb2,0xb4,0xb6,0xb8,0xba,0xbc,0xbe,0xc0,0xc2,0xc4,0xc6,0xc8,0xca,0xcc,0xce,0xd0,0xd2,0xd4,0xd6,0xd8,0xda,0xdc,0xde,0xe0,0xe2,0xe4,0xe6,0xe8,0xea,0xec,0xee,0xf0,0xf2,0xf4,0xf6,0xf8,0xfa,0xfc,0xfe,0x39,0x3b,0x3d,0x3f,0x31,0x33,0x35,0x37,0x29,0x2b,0x2d,0x2f,0x21,0x23,0x25,0x27,0x19,0x1b,0x1d,0x1f,0x11,0x13,0x15,0x17,0x09,0x0b,0x0d,0x0f,0x01,0x03,0x05,0x07,0x79,0x7b,0x7d,0x7f,0x71,0x73,0x75,0x77,0x69,0x6b,0x6d,0x6f,0x61,0x63,0x65,0x67,0x59,0x5b,0x5d,0x5f,0x51,0x53,0x55,0x57,0x49,0x4b,0x4d,0x4f,0x41,0x43,0x45,0x47,0xb9,0xbb,0xbd,0xbf,0xb1,0xb3,0xb5,0xb7,0xa9,0xab,0xad,0xaf,0xa1,0xa3,0xa5,0xa7,0x99,0x9b,0x9d,0x9f,0x91,0x93,0x95,0x97,0x89,0x8b,0x8d,0x8f,0x81,0x83,0x85,0x87,0xf9,0xfb,0xfd,0xff,0xf1,0xf3,0xf5,0xf7,0xe9,0xeb,0xed,0xef,0xe1,0xe3,0xe5,0xe7,0xd9,0xdb,0xdd,0xdf,0xd1,0xd3,0xd5,0xd7,0xc9,0xcb,0xcd,0xcf,0xc1,0xc3,0xc5,0xc7};
{0x00,0x02,0x04,0x06,0x08,0x0a,0x0c,0x0e,0x10,0x12,0x14,0x16,0x18,0x1a,0x1c,0x1e,0x20,0x22,0x24,0x26,0x28,0x2a,0x2c,0x2e,0x30,0x32,0x34,0x36,0x38,0x3a,0x3c,0x3e,0x40,0x42,0x44,0x46,0x48,0x4a,0x4c,0x4e,0x50,0x52,0x54,0x56,0x58,0x5a,0x5c,0x5e,0x60,0x62,0x64,0x66,0x68,0x6a,0x6c,0x6e,0x70,0x72,0x74,0x76,0x78,0x7a,0x7c,0x7e,0x80,0x82,0x84,0x86,0x88,0x8a,0x8c,0x8e,0x90,0x92,0x94,0x96,0x98,0x9a,0x9c,0x9e,0xa0,0xa2,0xa4,0xa6,0xa8,0xaa,0xac,0xae,0xb0,0xb2,0xb4,0xb6,0xb8,0xba,0xbc,0xbe,0xc0,0xc2,0xc4,0xc6,0xc8,0xca,0xcc,0xce,0xd0,0xd2,0xd4,0xd6,0xd8,0xda,0xdc,0xde,0xe0,0xe2,0xe4,0xe6,0xe8,0xea,0xec,0xee,0xf0,0xf2,0xf4,0xf6,0xf8,0xfa,0xfc,0xfe,0xd7,0xd5,0xd3,0xd1,0xdf,0xdd,0xdb,0xd9,0xc7,0xc5,0xc3,0xc1,0xcf,0xcd,0xcb,0xc9,0xf7,0xf5,0xf3,0xf1,0xff,0xfd,0xfb,0xf9,0xe7,0xe5,0xe3,0xe1,0xef,0xed,0xeb,0xe9,0x97,0x95,0x93,0x91,0x9f,0x9d,0x9b,0x99,0x87,0x85,0x83,0x81,0x8f,0x8d,0x8b,0x89,0xb7,0xb5,0xb3,0xb1,0xbf,0xbd,0xbb,0xb9,0xa7,0xa5,0xa3,0xa1,0xaf,0xad,0xab,0xa9,0x57,0x55,0x53,0x51,0x5f,0x5d,0x5b,0x59,0x47,0x45,0x43,0x41,0x4f,0x4d,0x4b,0x49,0x77,0x75,0x73,0x71,0x7f,0x7d,0x7b,0x79,0x67,0x65,0x63,0x61,0x6f,0x6d,0x6b,0x69,0x17,0x15,0x13,0x11,0x1f,0x1d,0x1b,0x19,0x07,0x05,0x03,0x01,0x0f,0x0d,0x0b,0x09,0x37,0x35,0x33,0x31,0x3f,0x3d,0x3b,0x39,0x27,0x25,0x23,0x21,0x2f,0x2d,0x2b,0x29};



 depth:7
 0  1  2  3  4  5  6  7  8  9  a  b  c  d  e  f 10 11 12 13 14 15 16 17 18 19 1a 1b 1c 1d 1e 1f 20 21 22 23 24 25 26 27 28 29 2a 2b 2c 2d 2e 2f 30 31 32 33 34 35 36 37 38 39 3a 3b 3c 3d 3e 3f 40 41 42 43 44 45 46 47 48 49 4a 4b 4c 4d 4e 4f 50 51 52 53 54 55 56 57 58 59 5a 5b 5c 5d 5e 5f 60 61 62 63 64 65 66 67 68 69 6a 6b 6c 6d 6e 6f 70 71 72 73 74 75 76 77 78 79 7a 7b 7c 7d 7e 7f 80 81 82 83 84 85 86 87 88 89 8a 8b 8c 8d 8e 8f 90 91 92 93 94 95 96 97 98 99 9a 9b 9c 9d 9e 9f a0 a1 a2 a3 a4 a5 a6 a7 a8 a9 aa ab ac ad ae af b0 b1 b2 b3 b4 b5 b6 b7 b8 b9 ba bb bc bd be bf c0 c1 c2 c3 c4 c5 c6 c7 c8 c9 ca cb cc cd ce cf d0 d1 d2 d3 d4 d5 d6 d7 d8 d9 da db dc dd de df e0 e1 e2 e3 e4 e5 e6 e7 e8 e9 ea eb ec ed ee ef f0 f1 f2 f3 f4 f5 f6 f7 f8 f9 fa fb fc fd fe ff 
 0  1  2 50  4 f6 a0 5f  8 b2 3b e6 97 42 be a2 10 -- b3 44 76 a4 1b -- f9 ad 84 -- ab -- 93 -- 20 -- -- -- b1 -- 88 4f ec -- 9f -- 36 -- -- fe 25 -- 8d -- df -- -- -- 81 d7 -- -- f1 c9 -- 6e 40 ac -- -- -- -- -- -- b5 -- -- 29 c7 fb 9e d6  f -- -- -- e9 -- -- -- 6c 67 -- -- -- 4b 2b -- 4a -- -- -- cd -- -- 8c 69  a -- e3 -- -- -- -- d5 -- 79 92 -- -- -- -- 35 3c 45 -- -- -- dc -- 80 -- 8f 37 -- -- -- -- -- -- -- 7f -- -- -- cc bd -- -- -- -- 22 52 -- 59 73 21 51 eb 28 7b c4 1e -- -- -- -- 49 -- --  5 9a -- -- -- -- -- 46 d8 -- ce -- -- -- -- -- -- ff 96 6b 56 -- -- -- 94 de -- -- -- -- -- -- 4d -- -- 23 -- -- cf -- d2 c3 14 62 -- -- 11 -- -- d4 -- 66 -- f0 -- -- 7d -- -- -- f2 -- f3 -- -- -- -- -- -- -- -- -- 6a 33 78 -- 8a 31 -- -- -- fa -- -- 6f -- -- -- 

solutions so far:0 maxDepth:10 
iterations:2146889  skipped: 2 
Depth skipped: 
0 0 2 0 0 0 0 0 0 0 0 0 0 0 0 0 0 0 0 0 0 0 0 0 0 0 0 0 0 0 0 0 

running time: 300 sec
 depth:6
 0  1  2  3  4  5  6  7  8  9  a  b  c  d  e  f 10 11 12 13 14 15 16 17 18 19 1a 1b 1c 1d 1e 1f 20 21 22 23 24 25 26 27 28 29 2a 2b 2c 2d 2e 2f 30 31 32 33 34 35 36 37 38 39 3a 3b 3c 3d 3e 3f 40 41 42 43 44 45 46 47 48 49 4a 4b 4c 4d 4e 4f 50 51 52 53 54 55 56 57 58 59 5a 5b 5c 5d 5e 5f 60 61 62 63 64 65 66 67 68 69 6a 6b 6c 6d 6e 6f 70 71 72 73 74 75 76 77 78 79 7a 7b 7c 7d 7e 7f 80 81 82 83 84 85 86 87 88 89 8a 8b 8c 8d 8e 8f 90 91 92 93 94 95 96 97 98 99 9a 9b 9c 9d 9e 9f a0 a1 a2 a3 a4 a5 a6 a7 a8 a9 aa ab ac ad ae af b0 b1 b2 b3 b4 b5 b6 b7 b8 b9 ba bb bc bd be bf c0 c1 c2 c3 c4 c5 c6 c7 c8 c9 ca cb cc cd ce cf d0 d1 d2 d3 d4 d5 d6 d7 d8 d9 da db dc dd de df e0 e1 e2 e3 e4 e5 e6 e7 e8 e9 ea eb ec ed ee ef f0 f1 f2 f3 f4 f5 f6 f7 f8 f9 fa fb fc fd fe ff 
 0  1  2 50  4 ed a0  6  8 3d  d 67 97 73  c -- 10 -- 7a ba 1a a4 ce -- f9 fc e6 -- 18 -- -- -- 20 -- -- -- f4 -- a3 4f 34 -- 9f -- 4b -- -- -- 25 -- 2f -- 1b -- -- -- 30 d7 -- -- -- -- -- 2c 40 -- -- -- -- -- -- -- 3f -- -- 29 91 69 9e a5 68 -- -- -- e9 -- -- -- 96 21 -- -- -- 84 -- -- 4a -- -- -- 5e -- -- c1 36  a -- 89 -- -- -- -- 60 -- 79 83 -- -- -- -- -- 77 -- -- -- -- 58 -- 80 -- -- 16 -- -- -- -- -- -- -- -- -- -- -- cc 7e -- -- -- -- 5d 52 -- f5 d8 d2 -- eb 28 9d  3 d0 -- -- -- -- aa -- --  5 af -- -- -- -- -- 8b fb -- 42 -- -- -- -- -- -- ff df b9 -- -- -- -- 94 b7 -- -- -- -- -- -- bc -- -- ae -- -- 55 -- 6c -- 14 ea -- -- c5 -- -- -- -- 66 --  b -- -- c0 -- -- -- f2 -- d1 -- -- -- -- -- -- -- -- -- -- 33 ee -- -- 75 -- -- -- 57 -- -- b0 -- -- -- 

solutions so far:0 maxDepth:10 
iterations:4568891  skipped: 4 
Depth skipped: 
0 0 4 0 0 0 0 0 0 0 0 0 0 0 0 0 0 0 0 0 0 0 0 0 0 0 0 0 0 0 0 0 

running time: 600 sec
 depth:7
 0  1  2  3  4  5  6  7  8  9  a  b  c  d  e  f 10 11 12 13 14 15 16 17 18 19 1a 1b 1c 1d 1e 1f 20 21 22 23 24 25 26 27 28 29 2a 2b 2c 2d 2e 2f 30 31 32 33 34 35 36 37 38 39 3a 3b 3c 3d 3e 3f 40 41 42 43 44 45 46 47 48 49 4a 4b 4c 4d 4e 4f 50 51 52 53 54 55 56 57 58 59 5a 5b 5c 5d 5e 5f 60 61 62 63 64 65 66 67 68 69 6a 6b 6c 6d 6e 6f 70 71 72 73 74 75 76 77 78 79 7a 7b 7c 7d 7e 7f 80 81 82 83 84 85 86 87 88 89 8a 8b 8c 8d 8e 8f 90 91 92 93 94 95 96 97 98 99 9a 9b 9c 9d 9e 9f a0 a1 a2 a3 a4 a5 a6 a7 a8 a9 aa ab ac ad ae af b0 b1 b2 b3 b4 b5 b6 b7 b8 b9 ba bb bc bd be bf c0 c1 c2 c3 c4 c5 c6 c7 c8 c9 ca cb cc cd ce cf d0 d1 d2 d3 d4 d5 d6 d7 d8 d9 da db dc dd de df e0 e1 e2 e3 e4 e5 e6 e7 e8 e9 ea eb ec ed ee ef f0 f1 f2 f3 f4 f5 f6 f7 f8 f9 fa fb fc fd fe ff 
 0  1  2 50  4 e0 a0 16  8 91 17 cd 97 b3 2c 69 10 -- f5 c5 2e a4 4d -- f9 3f b1 -- 58 -- d2 -- 20 -- -- -- 3d -- 5d 4f 5c -- 9f -- 9a -- -- d8 25 -- 7e -- b5 -- -- -- b0 d7 -- -- 73 fb -- 74 40 4b -- -- -- -- -- -- 7a -- -- 29 ba 59 9e 38 b8 -- -- -- e9 -- -- -- e3 22 -- -- -- 88 67 -- 4a -- -- -- fc -- --  d bd  a -- bc -- -- -- -- b7 -- 79 68 -- -- -- -- e6 99 21 -- -- -- e8 -- 80 -- 96 3a -- -- -- -- -- -- -- 6c -- -- -- cc f4 -- -- -- -- 89 52 -- a3 8d b2 df eb 28 70  b a7 -- -- -- -- 34 -- --  5 5e -- -- -- -- -- ed 11 -- 44 -- -- -- -- -- -- ff c7 1c ce -- -- -- 94  e -- -- -- -- -- -- 2f -- -- 9d -- -- 1a -- ad 84 14 ee -- -- af -- -- 36 -- 66 -- 1d -- -- b9 -- -- -- f2 -- d0 -- -- -- -- -- -- -- -- -- 1b 33 e5 -- 42 77 -- -- -- a5 -- --  7 -- -- -- 

solutions so far:0 maxDepth:10 
iterations:7422809  skipped: 6 
Depth skipped: 
0 0 6 0 0 0 0 0 0 0 0 0 0 0 0 0 0 0 0 0 0 0 0 0 0 0 0 0 0 0 0 0 

running time: 900 sec
 depth:7
 0  1  2  3  4  5  6  7  8  9  a  b  c  d  e  f 10 11 12 13 14 15 16 17 18 19 1a 1b 1c 1d 1e 1f 20 21 22 23 24 25 26 27 28 29 2a 2b 2c 2d 2e 2f 30 31 32 33 34 35 36 37 38 39 3a 3b 3c 3d 3e 3f 40 41 42 43 44 45 46 47 48 49 4a 4b 4c 4d 4e 4f 50 51 52 53 54 55 56 57 58 59 5a 5b 5c 5d 5e 5f 60 61 62 63 64 65 66 67 68 69 6a 6b 6c 6d 6e 6f 70 71 72 73 74 75 76 77 78 79 7a 7b 7c 7d 7e 7f 80 81 82 83 84 85 86 87 88 89 8a 8b 8c 8d 8e 8f 90 91 92 93 94 95 96 97 98 99 9a 9b 9c 9d 9e 9f a0 a1 a2 a3 a4 a5 a6 a7 a8 a9 aa ab ac ad ae af b0 b1 b2 b3 b4 b5 b6 b7 b8 b9 ba bb bc bd be bf c0 c1 c2 c3 c4 c5 c6 c7 c8 c9 ca cb cc cd ce cf d0 d1 d2 d3 d4 d5 d6 d7 d8 d9 da db dc dd de df e0 e1 e2 e3 e4 e5 e6 e7 e8 e9 ea eb ec ed ee ef f0 f1 f2 f3 f4 f5 f6 f7 f8 f9 fa fb fc fd fe ff 
 0  1  2 50  4 d3 a0 b3  8 2c 71 3f 97 a3 b1 38 10 -- 58 77 e2 a4 7e -- f9 a5 91 -- b5 -- 70 -- 20 -- -- -- b0 -- ee 4f 13 -- 9f -- fc -- -- a7 25 -- 9d -- f5 -- -- -- bd d7 -- -- e0 74 -- 64 40 1d -- -- -- -- -- -- b7 -- -- 29  b 5d 9e 41 26 -- -- -- e9 -- -- -- 2f bc -- -- -- 89 99 -- 4a -- -- -- ed -- -- e3 3d  a -- 34 -- -- -- -- ad -- 79 44 -- -- -- -- 17 98 e8 -- -- -- c8 -- 80 -- 3a 32 -- -- -- -- -- -- -- b8 -- -- -- cc b9 -- -- -- -- d0 52 -- 16 f4 ba 1c eb 28 82 b2 4c -- -- -- -- 22 -- --  5 1a -- -- -- -- -- 9a 5e -- af -- -- -- -- -- -- ff c5 cb e5 -- -- -- 94 8e -- -- -- -- -- --  d -- -- 4d -- -- 11 -- 7a  e 14 59 -- -- 68 -- -- 5c -- 66 -- 19 -- -- 8d -- -- -- f2 -- 88 -- -- -- -- -- -- -- -- -- 2e 33 e7 --  7 c7 -- -- -- cd -- -- 47 -- -- -- 

solutions so far:0 maxDepth:10 
iterations:10007618  skipped: 10 
Depth skipped: 
0 0 10 0 0 0 0 0 0 0 0 0 0 0 0 0 0 0 0 0 0 0 0 0 0 0 0 0 0 0 0 0 

running time: 1200 sec
 depth:7
 0  1  2  3  4  5  6  7  8  9  a  b  c  d  e  f 10 11 12 13 14 15 16 17 18 19 1a 1b 1c 1d 1e 1f 20 21 22 23 24 25 26 27 28 29 2a 2b 2c 2d 2e 2f 30 31 32 33 34 35 36 37 38 39 3a 3b 3c 3d 3e 3f 40 41 42 43 44 45 46 47 48 49 4a 4b 4c 4d 4e 4f 50 51 52 53 54 55 56 57 58 59 5a 5b 5c 5d 5e 5f 60 61 62 63 64 65 66 67 68 69 6a 6b 6c 6d 6e 6f 70 71 72 73 74 75 76 77 78 79 7a 7b 7c 7d 7e 7f 80 81 82 83 84 85 86 87 88 89 8a 8b 8c 8d 8e 8f 90 91 92 93 94 95 96 97 98 99 9a 9b 9c 9d 9e 9f a0 a1 a2 a3 a4 a5 a6 a7 a8 a9 aa ab ac ad ae af b0 b1 b2 b3 b4 b5 b6 b7 b8 b9 ba bb bc bd be bf c0 c1 c2 c3 c4 c5 c6 c7 c8 c9 ca cb cc cd ce cf d0 d1 d2 d3 d4 d5 d6 d7 d8 d9 da db dc dd de df e0 e1 e2 e3 e4 e5 e6 e7 e8 e9 ea eb ec ed ee ef f0 f1 f2 f3 f4 f5 f6 f7 f8 f9 fa fb fc fd fe ff 
 0  1  2 50  4 c5 a0 81  8 d3 5d ea 97 c1 d5 b0 10 -- 71 8e ba a4  3 -- f9 4c 55 -- 7d -- b7 -- 20 -- -- -- e2 -- cb 4f a3 -- 9f --  6 -- -- 1a 25 -- 98 -- aa -- -- -- fa d7 -- -- b9 ee -- 7e 40 d0 -- -- -- -- -- -- 13 -- -- 29 41 ae 9e af 91 -- -- -- e9 -- -- --  c 30 -- -- -- c0 34 -- 4a -- -- -- e7 -- -- 92 83  a -- 64 -- -- -- -- 23 -- 79 62 -- -- -- -- a5 3d  b -- -- -- fc -- 80 -- 77 3f -- -- -- -- -- -- --  d -- -- -- cc 26 -- -- -- -- 47 52 -- 82 75 8b 58 eb 28 89 ab f5 -- -- -- -- 31 -- --  5 32 -- -- -- -- -- 49 18 -- 60 -- -- -- -- -- -- ff 57 bc 68 -- -- -- 94 5e -- -- -- -- -- -- 19 -- -- cf -- -- f3 -- d1 2c 14 be -- -- c8 -- -- ed -- 66 -- f4 -- -- 46 -- -- -- f2 -- c4 -- -- -- -- -- -- -- -- -- 9d 33 7a -- 16 5f -- -- -- 8c -- -- 2f -- -- -- 

solutions so far:0 maxDepth:10 
iterations:12371223  skipped: 13 
Depth skipped: 
0 0 13 0 0 0 0 0 0 0 0 0 0 0 0 0 0 0 0 0 0 0 0 0 0 0 0 0 0 0 0 0 

running time: 1500 sec
 depth:6
 0  1  2  3  4  5  6  7  8  9  a  b  c  d  e  f 10 11 12 13 14 15 16 17 18 19 1a 1b 1c 1d 1e 1f 20 21 22 23 24 25 26 27 28 29 2a 2b 2c 2d 2e 2f 30 31 32 33 34 35 36 37 38 39 3a 3b 3c 3d 3e 3f 40 41 42 43 44 45 46 47 48 49 4a 4b 4c 4d 4e 4f 50 51 52 53 54 55 56 57 58 59 5a 5b 5c 5d 5e 5f 60 61 62 63 64 65 66 67 68 69 6a 6b 6c 6d 6e 6f 70 71 72 73 74 75 76 77 78 79 7a 7b 7c 7d 7e 7f 80 81 82 83 84 85 86 87 88 89 8a 8b 8c 8d 8e 8f 90 91 92 93 94 95 96 97 98 99 9a 9b 9c 9d 9e 9f a0 a1 a2 a3 a4 a5 a6 a7 a8 a9 aa ab ac ad ae af b0 b1 b2 b3 b4 b5 b6 b7 b8 b9 ba bb bc bd be bf c0 c1 c2 c3 c4 c5 c6 c7 c8 c9 ca cb cc cd ce cf d0 d1 d2 d3 d4 d5 d6 d7 d8 d9 da db dc dd de df e0 e1 e2 e3 e4 e5 e6 e7 e8 e9 ea eb ec ed ee ef f0 f1 f2 f3 f4 f5 f6 f7 f8 f9 fa fb fc fd fe ff 
 0  1  2 50  4 c0 a0 69  8 b9 57 26 97 41 d2 -- 10 -- a5 2c ae a4 4c -- f9 1a 82 -- 73 -- -- -- 20 -- -- -- 9d -- 58 4f 8b -- 9f -- 98 -- -- -- 25 -- 34 -- d3 -- -- -- e6 d7 -- -- -- -- -- ea 40 -- -- -- -- -- -- -- ed -- -- 29 b0 8e 9e 30 c1 -- -- -- e9 -- -- -- e7 32 -- -- -- c8 -- -- 4a -- -- -- 68 -- -- ce 71  a -- ee -- -- -- -- 1b -- 79 fb -- -- -- -- -- aa -- -- -- --  3 -- 80 -- -- 75 -- -- -- -- -- -- -- -- -- -- -- cc  d -- -- -- -- 16 52 -- b7 13 cb -- eb 28 60 df 55 -- -- -- -- 96 -- --  5 77 -- -- -- -- -- 67 19 -- 64 -- -- -- -- -- -- ff 47 18 -- -- -- -- 94  c -- -- -- -- -- -- d0 -- -- d8 -- -- 4b -- e2 -- 14 84 -- --  b -- -- -- -- 66 -- d1 -- -- 36 -- -- -- f2 -- 21 -- -- -- -- -- -- -- -- -- -- 33 83 -- -- 42 -- -- -- 6c -- --  6 -- -- -- 

solutions so far:0 maxDepth:10 
iterations:14327425  skipped: 14 
Depth skipped: 
0 0 14 0 0 0 0 0 0 0 0 0 0 0 0 0 0 0 0 0 0 0 0 0 0 0 0 0 0 0 0 0 

running time: 1800 sec
 depth:7
 0  1  2  3  4  5  6  7  8  9  a  b  c  d  e  f 10 11 12 13 14 15 16 17 18 19 1a 1b 1c 1d 1e 1f 20 21 22 23 24 25 26 27 28 29 2a 2b 2c 2d 2e 2f 30 31 32 33 34 35 36 37 38 39 3a 3b 3c 3d 3e 3f 40 41 42 43 44 45 46 47 48 49 4a 4b 4c 4d 4e 4f 50 51 52 53 54 55 56 57 58 59 5a 5b 5c 5d 5e 5f 60 61 62 63 64 65 66 67 68 69 6a 6b 6c 6d 6e 6f 70 71 72 73 74 75 76 77 78 79 7a 7b 7c 7d 7e 7f 80 81 82 83 84 85 86 87 88 89 8a 8b 8c 8d 8e 8f 90 91 92 93 94 95 96 97 98 99 9a 9b 9c 9d 9e 9f a0 a1 a2 a3 a4 a5 a6 a7 a8 a9 aa ab ac ad ae af b0 b1 b2 b3 b4 b5 b6 b7 b8 b9 ba bb bc bd be bf c0 c1 c2 c3 c4 c5 c6 c7 c8 c9 ca cb cc cd ce cf d0 d1 d2 d3 d4 d5 d6 d7 d8 d9 da db dc dd de df e0 e1 e2 e3 e4 e5 e6 e7 e8 e9 ea eb ec ed ee ef f0 f1 f2 f3 f4 f5 f6 f7 f8 f9 fa fb fc fd fe ff 
 0  1  2 50  4 b8 a0 a6  8 c5 a7 ad 97 59 9b 82 10 -- 5d 5e 99 a4 8d -- f9 f5 b2 -- e1 -- d3 -- 20 -- -- -- ba -- bc 4f e5 -- 9f -- cd -- -- 98 25 -- 3d -- b3 -- -- -- 15 d7 -- -- 71 c8 -- 1c 40 32 -- -- -- -- -- -- a3 -- -- 29 af 88 9e 2e 1d -- -- -- e9 -- -- -- 4d e3 -- -- -- 22 e7 -- 4a -- -- -- 7a -- -- 65 b1  a -- 7e -- -- -- -- 2a -- 79 86 -- -- -- -- e2 74 47 -- -- -- 38 -- 80 -- 64  e -- -- -- -- -- -- -- 4c -- -- -- cc 91 -- -- -- -- 2f 52 -- 89 bd c7 41 eb 28 5c 53 3a -- -- -- -- 43 -- --  5 3f -- -- -- -- -- d9 9a -- 11 -- -- -- -- -- -- ff 44 17 19 -- -- -- 94 e0 -- -- -- -- -- -- f4 -- -- 87 -- -- ca -- b5 cb 14 c2 -- -- fc -- -- 26 -- 66 --  7 -- -- 54 -- -- -- f2 -- db -- -- -- -- -- -- -- -- -- 13 33 e8 -- 8e 61 -- -- -- a8 -- -- 70 -- -- -- 

solutions so far:0 maxDepth:10 
iterations:16998228  skipped: 16 
Depth skipped: 
0 0 16 0 0 0 0 0 0 0 0 0 0 0 0 0 0 0 0 0 0 0 0 0 0 0 0 0 0 0 0 0 

running time: 2100 sec
 depth:6
 0  1  2  3  4  5  6  7  8  9  a  b  c  d  e  f 10 11 12 13 14 15 16 17 18 19 1a 1b 1c 1d 1e 1f 20 21 22 23 24 25 26 27 28 29 2a 2b 2c 2d 2e 2f 30 31 32 33 34 35 36 37 38 39 3a 3b 3c 3d 3e 3f 40 41 42 43 44 45 46 47 48 49 4a 4b 4c 4d 4e 4f 50 51 52 53 54 55 56 57 58 59 5a 5b 5c 5d 5e 5f 60 61 62 63 64 65 66 67 68 69 6a 6b 6c 6d 6e 6f 70 71 72 73 74 75 76 77 78 79 7a 7b 7c 7d 7e 7f 80 81 82 83 84 85 86 87 88 89 8a 8b 8c 8d 8e 8f 90 91 92 93 94 95 96 97 98 99 9a 9b 9c 9d 9e 9f a0 a1 a2 a3 a4 a5 a6 a7 a8 a9 aa ab ac ad ae af b0 b1 b2 b3 b4 b5 b6 b7 b8 b9 ba bb bc bd be bf c0 c1 c2 c3 c4 c5 c6 c7 c8 c9 ca cb cc cd ce cf d0 d1 d2 d3 d4 d5 d6 d7 d8 d9 da db dc dd de df e0 e1 e2 e3 e4 e5 e6 e7 e8 e9 ea eb ec ed ee ef f0 f1 f2 f3 f4 f5 f6 f7 f8 f9 fa fb fc fd fe ff 
 0  1  2 50  4 ae a0 c9  8 2d 8b 6e 97  f 45 -- 10 -- 5a bb c1 a4 dc -- f9 85 1e -- 8a -- -- -- 20 -- -- -- b4 -- a1 4f 55 -- 9f -- 6f -- -- -- 25 -- dd -- 3c -- -- -- c3 d7 -- -- -- -- --  6 40 -- -- -- -- -- -- -- bf -- -- 29 95 76 9e c0 aa -- -- -- e9 -- -- -- de d6 -- -- -- f6 -- -- 4a -- -- -- 6d -- -- 6a 78  a -- c6 -- -- -- -- 51 -- 79 fe -- -- -- -- -- d1 -- -- -- --  c -- 80 -- --  3 -- -- -- -- -- -- -- -- -- -- -- cc a9 -- -- -- -- b6 52 -- fd 37 ec -- eb 28 57 8f 83 -- -- -- -- 7f -- --  5 63 -- -- -- -- -- 35 6b -- 7b -- -- -- -- -- -- ff 3b 60 -- -- -- -- 94 30 -- -- -- -- -- -- da -- -- f1 -- -- d4 -- f0 -- 14 ac -- -- 5b -- -- -- -- 66 -- ea -- -- a2 -- -- -- f2 -- 2b -- -- -- -- -- -- -- -- -- -- 33 75 -- -- 56 -- -- -- 93 -- -- 18 -- -- -- 

solutions so far:0 maxDepth:10 
iterations:19815113  skipped: 18 
Depth skipped: 
0 0 18 0 0 0 0 0 0 0 0 0 0 0 0 0 0 0 0 0 0 0 0 0 0 0 0 0 0 0 0 0 

running time: 2400 sec
 depth:7
 0  1  2  3  4  5  6  7  8  9  a  b  c  d  e  f 10 11 12 13 14 15 16 17 18 19 1a 1b 1c 1d 1e 1f 20 21 22 23 24 25 26 27 28 29 2a 2b 2c 2d 2e 2f 30 31 32 33 34 35 36 37 38 39 3a 3b 3c 3d 3e 3f 40 41 42 43 44 45 46 47 48 49 4a 4b 4c 4d 4e 4f 50 51 52 53 54 55 56 57 58 59 5a 5b 5c 5d 5e 5f 60 61 62 63 64 65 66 67 68 69 6a 6b 6c 6d 6e 6f 70 71 72 73 74 75 76 77 78 79 7a 7b 7c 7d 7e 7f 80 81 82 83 84 85 86 87 88 89 8a 8b 8c 8d 8e 8f 90 91 92 93 94 95 96 97 98 99 9a 9b 9c 9d 9e 9f a0 a1 a2 a3 a4 a5 a6 a7 a8 a9 aa ab ac ad ae af b0 b1 b2 b3 b4 b5 b6 b7 b8 b9 ba bb bc bd be bf c0 c1 c2 c3 c4 c5 c6 c7 c8 c9 ca cb cc cd ce cf d0 d1 d2 d3 d4 d5 d6 d7 d8 d9 da db dc dd de df e0 e1 e2 e3 e4 e5 e6 e7 e8 e9 ea eb ec ed ee ef f0 f1 f2 f3 f4 f5 f6 f7 f8 f9 fa fb fc fd fe ff 
 0  1  2 50  4 a6 a0 19  8 5e 9b e4 97 24 32  c 10 -- bc 3f e1 a4 1f -- f9 5d 48 -- 64 -- 18 -- 20 -- -- -- af -- 7e 4f 15 -- 9f -- 3e -- -- 8b 25 -- ba -- 90 -- -- -- c8 d7 -- -- 30 d1 -- ca 40 aa -- -- -- -- -- -- 89 -- -- 29 fc  9 9e c2 2a -- -- -- e9 -- -- -- 7c 27 -- -- -- 9c c1 -- 4a -- -- -- a3 -- -- d3 f7  a -- 3d -- -- -- -- 47 -- 79 13 -- -- -- -- 60 a8 75 -- -- -- 43 -- 80 -- 83 65 -- -- -- -- -- -- -- ae -- -- -- cc c5 -- -- -- -- f4 52 -- 2f 72 12  6 eb 28 53 e7 54 -- -- -- -- e2 -- --  5 f5 -- -- -- -- -- 82 f8 -- 4e -- -- -- -- -- -- ff ef 61 55 -- -- -- 94 db -- -- -- -- -- -- 91 -- -- 41 -- -- 71 -- 39  3 14 98 -- -- 7a -- -- 57 -- 66 -- d9 -- -- 8e -- -- -- f2 -- 26 -- -- -- -- -- -- -- -- -- c0 33 87 -- ea 4c -- -- -- cb -- -- 86 -- -- -- 

solutions so far:0 maxDepth:10 
iterations:22490229  skipped: 21 
Depth skipped: 
0 0 21 0 0 0 0 0 0 0 0 0 0 0 0 0 0 0 0 0 0 0 0 0 0 0 0 0 0 0 0 0 

running time: 2700 sec
 depth:7
 0  1  2  3  4  5  6  7  8  9  a  b  c  d  e  f 10 11 12 13 14 15 16 17 18 19 1a 1b 1c 1d 1e 1f 20 21 22 23 24 25 26 27 28 29 2a 2b 2c 2d 2e 2f 30 31 32 33 34 35 36 37 38 39 3a 3b 3c 3d 3e 3f 40 41 42 43 44 45 46 47 48 49 4a 4b 4c 4d 4e 4f 50 51 52 53 54 55 56 57 58 59 5a 5b 5c 5d 5e 5f 60 61 62 63 64 65 66 67 68 69 6a 6b 6c 6d 6e 6f 70 71 72 73 74 75 76 77 78 79 7a 7b 7c 7d 7e 7f 80 81 82 83 84 85 86 87 88 89 8a 8b 8c 8d 8e 8f 90 91 92 93 94 95 96 97 98 99 9a 9b 9c 9d 9e 9f a0 a1 a2 a3 a4 a5 a6 a7 a8 a9 aa ab ac ad ae af b0 b1 b2 b3 b4 b5 b6 b7 b8 b9 ba bb bc bd be bf c0 c1 c2 c3 c4 c5 c6 c7 c8 c9 ca cb cc cd ce cf d0 d1 d2 d3 d4 d5 d6 d7 d8 d9 da db dc dd de df e0 e1 e2 e3 e4 e5 e6 e7 e8 e9 ea eb ec ed ee ef f0 f1 f2 f3 f4 f5 f6 f7 f8 f9 fa fb fc fd fe ff 
 0  1  2 50  4 9a a0 2f  8 ca e3 f6 97 dc 5e 92 10 -- 43 a8 11 a4 3b -- f9 c2 6f -- bc -- f3 -- 20 -- -- -- 86 -- 87 4f 22 -- 9f -- 76 -- -- ab 25 -- 53 -- de -- -- -- af d7 -- -- 31 23 -- b1 40 7d -- -- -- -- -- -- db -- -- 29 d9 37 9e cd 44 -- -- -- e9 -- -- -- ec 1e -- -- -- 78 81 -- 4a -- -- -- a6 -- -- 91 6b  a -- 15 -- -- -- -- 89 -- 79 7a -- -- -- -- 62 c7 46 -- -- -- b5 -- 80 -- fa b3 -- -- -- -- -- -- -- be -- -- -- cc 61 -- -- -- -- 54 52 -- 65 7b 6e 49 eb 28 4d fc 88 -- -- -- -- 3d -- --  5 e1 -- -- -- -- -- a3  f -- 3c -- -- -- -- -- -- ff f0 8d d5 -- -- -- 94 ad -- -- -- -- -- -- 9b -- -- ba -- -- f5 -- d6 cf 14 7e -- -- 2a -- -- 5f -- 66 -- b2 -- -- c5 -- -- -- f2 -- f4 -- -- -- -- -- -- -- -- -- c4 33 59 -- 8c 3f -- -- -- 5d -- -- bd -- -- -- 

solutions so far:0 maxDepth:10 
iterations:24812418  skipped: 22 
Depth skipped: 
0 0 22 0 0 0 0 0 0 0 0 0 0 0 0 0 0 0 0 0 0 0 0 0 0 0 0 0 0 0 0 0 

running time: 3000 sec
 depth:6
 0  1  2  3  4  5  6  7  8  9  a  b  c  d  e  f 10 11 12 13 14 15 16 17 18 19 1a 1b 1c 1d 1e 1f 20 21 22 23 24 25 26 27 28 29 2a 2b 2c 2d 2e 2f 30 31 32 33 34 35 36 37 38 39 3a 3b 3c 3d 3e 3f 40 41 42 43 44 45 46 47 48 49 4a 4b 4c 4d 4e 4f 50 51 52 53 54 55 56 57 58 59 5a 5b 5c 5d 5e 5f 60 61 62 63 64 65 66 67 68 69 6a 6b 6c 6d 6e 6f 70 71 72 73 74 75 76 77 78 79 7a 7b 7c 7d 7e 7f 80 81 82 83 84 85 86 87 88 89 8a 8b 8c 8d 8e 8f 90 91 92 93 94 95 96 97 98 99 9a 9b 9c 9d 9e 9f a0 a1 a2 a3 a4 a5 a6 a7 a8 a9 aa ab ac ad ae af b0 b1 b2 b3 b4 b5 b6 b7 b8 b9 ba bb bc bd be bf c0 c1 c2 c3 c4 c5 c6 c7 c8 c9 ca cb cc cd ce cf d0 d1 d2 d3 d4 d5 d6 d7 d8 d9 da db dc dd de df e0 e1 e2 e3 e4 e5 e6 e7 e8 e9 ea eb ec ed ee ef f0 f1 f2 f3 f4 f5 f6 f7 f8 f9 fa fb fc fd fe ff 
 0  1  2 50  4 8f a0 7b  8 27 c9 62 97 8c f6 -- 10 -- 4e 1f 45 a4 c4 -- f9 12 cf -- 3b -- -- -- 20 -- -- -- 9c -- 3e 4f 8a -- 9f -- 5f -- -- -- 25 -- 24 -- 49 -- -- -- 76 d7 -- -- -- -- -- 6a 40 -- -- -- -- -- -- -- ef -- -- 29 7c 23 9e 56 c3 -- -- -- e9 -- -- -- be 81 -- -- -- 7d -- -- 4a -- -- -- 48 -- -- f0 92  a -- 39 -- -- -- -- ec -- 79 dc -- -- -- -- -- a2 -- -- -- -- d4 -- 80 -- -- 35 -- -- -- -- -- -- -- -- -- -- -- cc  9 -- -- -- -- e4 52 -- f8 31 46 -- eb 28 ac d6 51 -- -- -- -- 6e -- --  5 f7 -- -- -- -- -- 78 ab -- d5 -- -- -- -- -- -- ff fa 2b -- -- -- -- 94 fe -- -- -- -- -- -- 90 -- -- 3c -- -- 37 -- f3 -- 14 6b -- -- 72 -- -- -- -- 66 -- f1 -- --  f -- -- -- f2 -- 6f -- -- -- -- -- -- -- -- -- -- 33 93 -- -- de -- -- -- 1e -- -- 7f -- -- -- 

solutions so far:0 maxDepth:10 
iterations:28125073  skipped: 23 
Depth skipped: 
0 0 23 0 0 0 0 0 0 0 0 0 0 0 0 0 0 0 0 0 0 0 0 0 0 0 0 0 0 0 0 0 

running time: 3300 sec
 depth:6
 0  1  2  3  4  5  6  7  8  9  a  b  c  d  e  f 10 11 12 13 14 15 16 17 18 19 1a 1b 1c 1d 1e 1f 20 21 22 23 24 25 26 27 28 29 2a 2b 2c 2d 2e 2f 30 31 32 33 34 35 36 37 38 39 3a 3b 3c 3d 3e 3f 40 41 42 43 44 45 46 47 48 49 4a 4b 4c 4d 4e 4f 50 51 52 53 54 55 56 57 58 59 5a 5b 5c 5d 5e 5f 60 61 62 63 64 65 66 67 68 69 6a 6b 6c 6d 6e 6f 70 71 72 73 74 75 76 77 78 79 7a 7b 7c 7d 7e 7f 80 81 82 83 84 85 86 87 88 89 8a 8b 8c 8d 8e 8f 90 91 92 93 94 95 96 97 98 99 9a 9b 9c 9d 9e 9f a0 a1 a2 a3 a4 a5 a6 a7 a8 a9 aa ab ac ad ae af b0 b1 b2 b3 b4 b5 b6 b7 b8 b9 ba bb bc bd be bf c0 c1 c2 c3 c4 c5 c6 c7 c8 c9 ca cb cc cd ce cf d0 d1 d2 d3 d4 d5 d6 d7 d8 d9 da db dc dd de df e0 e1 e2 e3 e4 e5 e6 e7 e8 e9 ea eb ec ed ee ef f0 f1 f2 f3 f4 f5 f6 f7 f8 f9 fa fb fc fd fe ff 
 0  1  2 50  4 81 a0 a7  8 35 d5 84 97 ce 99 -- 10 -- 6a 51 7d a4 df -- f9 2b 4b -- e5 -- -- -- 20 -- -- -- d4 -- a2 4f fa -- 9f -- 69 -- -- -- 25 -- 56 -- 96 -- -- -- 1d d7 -- -- -- -- -- f3 40 -- -- -- -- -- -- -- 7f -- -- 29 93 d8 9e be 23 -- -- -- e9 -- -- -- d2 e6 -- -- -- 36 -- -- 4a -- -- -- ac -- -- 1c fb  a -- 45 -- -- -- -- 3a -- 79 e0 -- -- -- -- -- 8c -- -- -- -- 31 -- 80 -- -- 92 -- -- -- -- -- -- -- -- -- -- -- cc fe -- -- -- -- c3 52 -- f1 42 67 -- eb 28 ab b8 46 -- -- -- -- 70 -- --  5 c9 -- -- -- -- --  e 73 -- 1b -- -- -- -- -- -- ff 6c 5f -- -- -- -- 94 c4 -- -- -- -- -- -- 8f -- --  7 -- -- 38 -- 21 -- 14 5c -- -- 8a -- -- -- -- 66 -- 49 -- -- 74 -- -- -- f2 -- 17 -- -- -- -- -- -- -- -- -- -- 33 cf -- -- 2e -- -- -- e8 -- -- 62 -- -- -- 

solutions so far:0 maxDepth:10 
iterations:31842775  skipped: 27 
Depth skipped: 
0 0 27 0 0 0 0 0 0 0 0 0 0 0 0 0 0 0 0 0 0 0 0 0 0 0 0 0 0 0 0 0 

running time: 3600 sec
 depth:7
 0  1  2  3  4  5  6  7  8  9  a  b  c  d  e  f 10 11 12 13 14 15 16 17 18 19 1a 1b 1c 1d 1e 1f 20 21 22 23 24 25 26 27 28 29 2a 2b 2c 2d 2e 2f 30 31 32 33 34 35 36 37 38 39 3a 3b 3c 3d 3e 3f 40 41 42 43 44 45 46 47 48 49 4a 4b 4c 4d 4e 4f 50 51 52 53 54 55 56 57 58 59 5a 5b 5c 5d 5e 5f 60 61 62 63 64 65 66 67 68 69 6a 6b 6c 6d 6e 6f 70 71 72 73 74 75 76 77 78 79 7a 7b 7c 7d 7e 7f 80 81 82 83 84 85 86 87 88 89 8a 8b 8c 8d 8e 8f 90 91 92 93 94 95 96 97 98 99 9a 9b 9c 9d 9e 9f a0 a1 a2 a3 a4 a5 a6 a7 a8 a9 aa ab ac ad ae af b0 b1 b2 b3 b4 b5 b6 b7 b8 b9 ba bb bc bd be bf c0 c1 c2 c3 c4 c5 c6 c7 c8 c9 ca cb cc cd ce cf d0 d1 d2 d3 d4 d5 d6 d7 d8 d9 da db dc dd de df e0 e1 e2 e3 e4 e5 e6 e7 e8 e9 ea eb ec ed ee ef f0 f1 f2 f3 f4 f5 f6 f7 f8 f9 fa fb fc fd fe ff 
 0  1  2 50  4 76 a0 8e  8 81 ec 3f 97 a3 cb 9b 10 -- d5 c4  f a4 7e -- f9 46 91 -- 41 -- e1 -- 20 -- -- -- 7d -- 5f 4f 1e -- 9f -- fc -- -- d9 25 -- 8c -- f5 -- -- -- 82 d7 -- -- 15 db -- 6f 40 43 -- -- -- -- -- -- fa -- -- 29 be 5d 9e f6 3c -- -- -- e9 -- -- -- 2f bc -- -- -- 89 65 -- 4a -- -- -- cf -- -- 4c 3d  a -- f3 -- -- -- -- d3 -- 79 19 -- -- -- -- 2a f0 61 -- -- -- de -- 80 -- 86 dc -- -- -- -- -- -- -- 87 -- -- -- cc 23 -- -- -- -- 62 52 -- ab f4 ba a6 eb 28 3b 47 78 -- -- -- -- e7 -- --  5 92 -- -- -- -- -- 26 5e -- af -- -- -- -- -- -- ff c5 7b ca -- -- -- 94 d6 -- -- -- -- -- -- 49 -- -- 13 -- -- 98 -- 7a 53 14 c8 -- -- 31 -- -- a8 -- 66 -- 6e -- -- 71 -- -- -- f2 -- 32 -- -- -- -- -- -- -- -- -- 54 33 37 -- c2 64 -- -- -- e2 -- -- 6b -- -- -- 

solutions so far:0 maxDepth:10 
iterations:35311517  skipped: 29 
Depth skipped: 
0 0 29 0 0 0 0 0 0 0 0 0 0 0 0 0 0 0 0 0 0 0 0 0 0 0 0 0 0 0 0 0 

running time: 3900 sec
 depth:7
 0  1  2  3  4  5  6  7  8  9  a  b  c  d  e  f 10 11 12 13 14 15 16 17 18 19 1a 1b 1c 1d 1e 1f 20 21 22 23 24 25 26 27 28 29 2a 2b 2c 2d 2e 2f 30 31 32 33 34 35 36 37 38 39 3a 3b 3c 3d 3e 3f 40 41 42 43 44 45 46 47 48 49 4a 4b 4c 4d 4e 4f 50 51 52 53 54 55 56 57 58 59 5a 5b 5c 5d 5e 5f 60 61 62 63 64 65 66 67 68 69 6a 6b 6c 6d 6e 6f 70 71 72 73 74 75 76 77 78 79 7a 7b 7c 7d 7e 7f 80 81 82 83 84 85 86 87 88 89 8a 8b 8c 8d 8e 8f 90 91 92 93 94 95 96 97 98 99 9a 9b 9c 9d 9e 9f a0 a1 a2 a3 a4 a5 a6 a7 a8 a9 aa ab ac ad ae af b0 b1 b2 b3 b4 b5 b6 b7 b8 b9 ba bb bc bd be bf c0 c1 c2 c3 c4 c5 c6 c7 c8 c9 ca cb cc cd ce cf d0 d1 d2 d3 d4 d5 d6 d7 d8 d9 da db dc dd de df e0 e1 e2 e3 e4 e5 e6 e7 e8 e9 ea eb ec ed ee ef f0 f1 f2 f3 f4 f5 f6 f7 f8 f9 fa fb fc fd fe ff 
 0  1  2 50  4 63 a0 f0  8 93 c6 ab 97 f3 37 b0 10 -- f1 8a 5b a4 81 -- f9 7f 31 -- 6e -- b7 -- 20 -- -- -- 35 -- c3 4f b6 -- 9f -- d5 -- -- 1a 25 -- fe -- 62 -- -- -- dc d7 -- -- b9 ee -- b4 40 d0 -- -- -- -- -- -- 6a -- -- 29 51 49 9e 6d bb -- -- -- e9 -- -- -- 7d 23 -- -- -- 8c 34 -- 4a -- -- -- 2b -- -- f6 c4  a -- 8f -- -- -- -- 6f -- 79 ec -- -- -- -- a5 95  b -- -- -- bf -- 80 -- 77 5a -- -- -- -- -- -- --  d -- -- -- cc d4 -- -- -- -- 45 52 -- a2 be 92 58 eb 28 da 78 a1 -- -- -- -- 76 -- --  5 ac -- -- -- -- -- 7b fa -- 46 -- -- -- -- -- -- ff cf dd 68 -- -- -- 94 85 -- -- -- -- -- -- 56 -- -- d6 -- -- 3b -- 5f 2c 14 3c -- -- c9 -- -- ed -- 66 -- 2d -- -- de -- -- -- f2 --  f -- -- -- -- -- -- -- -- -- 9d 33 fd -- 16 1e -- -- -- 6b -- -- a9 -- -- -- 

solutions so far:0 maxDepth:10 
iterations:38910052  skipped: 35 
Depth skipped: 
0 0 35 0 0 0 0 0 0 0 0 0 0 0 0 0 0 0 0 0 0 0 0 0 0 0 0 0 0 0 0 0 

running time: 4200 sec
 depth:6
 0  1  2  3  4  5  6  7  8  9  a  b  c  d  e  f 10 11 12 13 14 15 16 17 18 19 1a 1b 1c 1d 1e 1f 20 21 22 23 24 25 26 27 28 29 2a 2b 2c 2d 2e 2f 30 31 32 33 34 35 36 37 38 39 3a 3b 3c 3d 3e 3f 40 41 42 43 44 45 46 47 48 49 4a 4b 4c 4d 4e 4f 50 51 52 53 54 55 56 57 58 59 5a 5b 5c 5d 5e 5f 60 61 62 63 64 65 66 67 68 69 6a 6b 6c 6d 6e 6f 70 71 72 73 74 75 76 77 78 79 7a 7b 7c 7d 7e 7f 80 81 82 83 84 85 86 87 88 89 8a 8b 8c 8d 8e 8f 90 91 92 93 94 95 96 97 98 99 9a 9b 9c 9d 9e 9f a0 a1 a2 a3 a4 a5 a6 a7 a8 a9 aa ab ac ad ae af b0 b1 b2 b3 b4 b5 b6 b7 b8 b9 ba bb bc bd be bf c0 c1 c2 c3 c4 c5 c6 c7 c8 c9 ca cb cc cd ce cf d0 d1 d2 d3 d4 d5 d6 d7 d8 d9 da db dc dd de df e0 e1 e2 e3 e4 e5 e6 e7 e8 e9 ea eb ec ed ee ef f0 f1 f2 f3 f4 f5 f6 f7 f8 f9 fa fb fc fd fe ff 
 0  1  2 50  4 5b a0 21  8 ad b6 81 97 31 42 -- 10 -- 8d b3 bb a4 d5 -- f9 e3 62 -- 84 -- -- -- 20 -- -- -- cd -- b1 4f a1 -- 9f -- 7d -- -- -- 25 -- 11 -- c4 -- -- -- df d7 -- -- -- -- -- a9 40 -- -- -- -- -- -- -- 4d -- -- 29 b5 92 9e 63 95 -- -- -- e9 -- -- -- fa 46 -- -- -- cf -- -- 4a -- -- -- 22 -- -- 36 5f  a -- c7 -- -- -- -- 69 -- 79 67 -- -- -- -- -- 2d -- -- -- -- 85 -- 80 -- -- bf -- -- -- -- -- -- -- -- -- -- -- cc 9a -- -- -- -- b2 52 -- bd ab f3 -- eb 28 c6 fb fd -- -- -- -- d8 -- --  5 88 -- -- -- -- -- 1b 23 -- 8c -- -- -- -- -- -- ff 49 da -- -- -- -- 94 6d -- -- -- -- -- -- 44 -- -- e6 -- -- 6c -- be -- 14 96 -- -- 59 -- -- -- -- 66 -- b4 -- -- d2 -- -- -- f2 -- ce -- -- -- -- -- -- -- -- -- -- 33 5a -- -- 4b -- -- -- 73 -- -- dd -- -- -- 

solutions so far:0 maxDepth:10 
iterations:42891552  skipped: 35 
Depth skipped: 
0 0 35 0 0 0 0 0 0 0 0 0 0 0 0 0 0 0 0 0 0 0 0 0 0 0 0 0 0 0 0 0 

running time: 4500 sec
 depth:7
 0  1  2  3  4  5  6  7  8  9  a  b  c  d  e  f 10 11 12 13 14 15 16 17 18 19 1a 1b 1c 1d 1e 1f 20 21 22 23 24 25 26 27 28 29 2a 2b 2c 2d 2e 2f 30 31 32 33 34 35 36 37 38 39 3a 3b 3c 3d 3e 3f 40 41 42 43 44 45 46 47 48 49 4a 4b 4c 4d 4e 4f 50 51 52 53 54 55 56 57 58 59 5a 5b 5c 5d 5e 5f 60 61 62 63 64 65 66 67 68 69 6a 6b 6c 6d 6e 6f 70 71 72 73 74 75 76 77 78 79 7a 7b 7c 7d 7e 7f 80 81 82 83 84 85 86 87 88 89 8a 8b 8c 8d 8e 8f 90 91 92 93 94 95 96 97 98 99 9a 9b 9c 9d 9e 9f a0 a1 a2 a3 a4 a5 a6 a7 a8 a9 aa ab ac ad ae af b0 b1 b2 b3 b4 b5 b6 b7 b8 b9 ba bb bc bd be bf c0 c1 c2 c3 c4 c5 c6 c7 c8 c9 ca cb cc cd ce cf d0 d1 d2 d3 d4 d5 d6 d7 d8 d9 da db dc dd de df e0 e1 e2 e3 e4 e5 e6 e7 e8 e9 ea eb ec ed ee ef f0 f1 f2 f3 f4 f5 f6 f7 f8 f9 fa fb fc fd fe ff 
 0  1  2 50  4 46 a0 a2  8 2d 8c 1b 97 84 93 6b 10 -- 5a bb cf a4 36 -- f9 85 df -- f1 -- d6 -- 20 -- -- -- b4 -- a1 4f 49 -- 9f -- 6c -- --  f 25 -- dd -- 69 -- -- -- 35 d7 -- -- 7b 37 -- be 40 78 -- -- -- -- -- -- bf -- -- 29 95 21 9e fa 92 -- -- -- e9 -- -- -- d8 ce -- -- -- 96 1e -- 4a -- -- -- 6d -- -- 56 d2  a -- c6 -- -- -- -- 6a -- 79 c9 -- -- -- -- f6 31 6e -- -- -- ab -- 80 -- f0 5f -- -- -- -- -- -- -- ec -- -- -- cc a9 -- -- -- -- b6 52 -- fd e6 42 de eb 28 23 51 f3 -- -- -- -- 8f -- --  5 63 -- -- -- -- -- 2b 67 -- 4b -- -- -- -- -- -- ff fb 7d 3c -- -- -- 94 d5 -- -- -- -- -- -- da -- -- fe -- -- ac -- 73 6f 14 c3 -- -- 5b -- -- 76 -- 66 -- c4 -- -- d4 -- -- -- f2 -- 45 -- -- -- -- -- -- -- -- -- 3b 33 62 -- dc 8a -- -- -- 7f -- -- 81 -- -- -- 

solutions so far:0 maxDepth:10 
iterations:46878253  skipped: 40 
Depth skipped: 
0 0 40 0 0 0 0 0 0 0 0 0 0 0 0 0 0 0 0 0 0 0 0 0 0 0 0 0 0 0 0 0 

running time: 4800 sec
 depth:6
 0  1  2  3  4  5  6  7  8  9  a  b  c  d  e  f 10 11 12 13 14 15 16 17 18 19 1a 1b 1c 1d 1e 1f 20 21 22 23 24 25 26 27 28 29 2a 2b 2c 2d 2e 2f 30 31 32 33 34 35 36 37 38 39 3a 3b 3c 3d 3e 3f 40 41 42 43 44 45 46 47 48 49 4a 4b 4c 4d 4e 4f 50 51 52 53 54 55 56 57 58 59 5a 5b 5c 5d 5e 5f 60 61 62 63 64 65 66 67 68 69 6a 6b 6c 6d 6e 6f 70 71 72 73 74 75 76 77 78 79 7a 7b 7c 7d 7e 7f 80 81 82 83 84 85 86 87 88 89 8a 8b 8c 8d 8e 8f 90 91 92 93 94 95 96 97 98 99 9a 9b 9c 9d 9e 9f a0 a1 a2 a3 a4 a5 a6 a7 a8 a9 aa ab ac ad ae af b0 b1 b2 b3 b4 b5 b6 b7 b8 b9 ba bb bc bd be bf c0 c1 c2 c3 c4 c5 c6 c7 c8 c9 ca cb cc cd ce cf d0 d1 d2 d3 d4 d5 d6 d7 d8 d9 da db dc dd de df e0 e1 e2 e3 e4 e5 e6 e7 e8 e9 ea eb ec ed ee ef f0 f1 f2 f3 f4 f5 f6 f7 f8 f9 fa fb fc fd fe ff 
 0  1  2 50  4 31 a0 77  8 22 62 8e 97 e7 ee -- 10 -- 44 4d c4 a4 cb -- f9 b2 19 --  b -- -- -- 20 -- -- -- 88 -- 9a 4f 5f -- 9f -- 41 -- -- -- 25 -- b3 -- 32 -- -- -- 16 d7 -- -- -- -- -- 23 40 -- -- -- -- -- -- -- c7 -- -- 29 e3 4c 9e 92 be -- -- -- e9 -- -- -- 82 71 -- -- -- 13 -- -- 4a -- -- -- b1 -- -- a5 64  a -- ad -- -- -- -- 2c -- 79  d -- -- -- -- -- 81 -- -- -- -- 46 -- 80 -- -- fa -- -- -- -- -- -- -- -- -- -- -- cc 59 -- -- -- -- cd 52 -- 11 47 98 -- eb 28 f3 d0 ab -- -- -- -- ed -- --  5 bd -- -- -- -- -- b9 d3 -- e2 -- -- -- -- -- -- ff 26 49 -- -- -- -- 94 cf -- -- -- -- -- -- b5 -- -- b7 -- -- 9d -- c8 -- 14 68 -- -- 8d -- -- -- -- 66 -- 7d -- -- 58 -- -- -- f2 -- 1a -- -- -- -- -- -- -- -- -- -- 33 d5 -- -- 34 -- -- -- b0 -- -- 8c -- -- -- 

solutions so far:0 maxDepth:10 
iterations:51257540  skipped: 47 
Depth skipped: 
0 0 47 0 0 0 0 0 0 0 0 0 0 0 0 0 0 0 0 0 0 0 0 0 0 0 0 0 0 0 0 0 

running time: 5100 sec
 depth:7
 0  1  2  3  4  5  6  7  8  9  a  b  c  d  e  f 10 11 12 13 14 15 16 17 18 19 1a 1b 1c 1d 1e 1f 20 21 22 23 24 25 26 27 28 29 2a 2b 2c 2d 2e 2f 30 31 32 33 34 35 36 37 38 39 3a 3b 3c 3d 3e 3f 40 41 42 43 44 45 46 47 48 49 4a 4b 4c 4d 4e 4f 50 51 52 53 54 55 56 57 58 59 5a 5b 5c 5d 5e 5f 60 61 62 63 64 65 66 67 68 69 6a 6b 6c 6d 6e 6f 70 71 72 73 74 75 76 77 78 79 7a 7b 7c 7d 7e 7f 80 81 82 83 84 85 86 87 88 89 8a 8b 8c 8d 8e 8f 90 91 92 93 94 95 96 97 98 99 9a 9b 9c 9d 9e 9f a0 a1 a2 a3 a4 a5 a6 a7 a8 a9 aa ab ac ad ae af b0 b1 b2 b3 b4 b5 b6 b7 b8 b9 ba bb bc bd be bf c0 c1 c2 c3 c4 c5 c6 c7 c8 c9 ca cb cc cd ce cf d0 d1 d2 d3 d4 d5 d6 d7 d8 d9 da db dc dd de df e0 e1 e2 e3 e4 e5 e6 e7 e8 e9 ea eb ec ed ee ef f0 f1 f2 f3 f4 f5 f6 f7 f8 f9 fa fb fc fd fe ff 
 0  1  2 50  4 1c a0 2f  8 a2 38 77 97 ed 5e 78 10 -- 93 45 70 a4 ee -- f9 d4  d -- bc -- f0 -- 20 -- -- -- f1 -- 8a 4f e0 -- 9f --  b -- -- 6b 25 -- 7f -- 1a -- -- -- af d7 -- -- 37 76 -- e5 40 f6 -- -- -- -- -- -- 35 -- -- 29 c3 a5 9e  7 17 -- -- -- e9 -- -- -- 16 58 -- -- -- b7 d6 -- 4a -- -- -- fe -- -- 91 34  a -- ac -- -- -- -- 89 -- 79 7a -- -- -- -- 6e 5c ec -- -- -- 1d -- 80 -- 3b 99 -- -- -- -- -- -- -- de -- -- -- cc 6a -- -- -- -- c9 52 -- 51 d0 9d 3c eb 28  e fc 2e -- -- -- -- 3d -- --  5 56 -- -- -- -- -- a3 2c -- b0 -- -- -- -- -- -- ff b9 e8 7b -- -- -- 94 74 -- -- -- -- -- -- 2b -- -- ba -- -- f5 -- 68 1e 14 7e -- -- 8f -- -- 6f -- 66 -- a7 -- -- c5 -- -- -- f2 -- f4 -- -- -- -- -- -- -- -- -- dc 33 b8 --  f 3f -- -- -- 5d -- -- 3a -- -- -- 

solutions so far:0 maxDepth:10 
iterations:56616474  skipped: 50 
Depth skipped: 
0 0 50 0 0 0 0 0 0 0 0 0 0 0 0 0 0 0 0 0 0 0 0 0 0 0 0 0 0 0 0 0 

running time: 5400 sec
 depth:6
 0  1  2  3  4  5  6  7  8  9  a  b  c  d  e  f 10 11 12 13 14 15 16 17 18 19 1a 1b 1c 1d 1e 1f 20 21 22 23 24 25 26 27 28 29 2a 2b 2c 2d 2e 2f 30 31 32 33 34 35 36 37 38 39 3a 3b 3c 3d 3e 3f 40 41 42 43 44 45 46 47 48 49 4a 4b 4c 4d 4e 4f 50 51 52 53 54 55 56 57 58 59 5a 5b 5c 5d 5e 5f 60 61 62 63 64 65 66 67 68 69 6a 6b 6c 6d 6e 6f 70 71 72 73 74 75 76 77 78 79 7a 7b 7c 7d 7e 7f 80 81 82 83 84 85 86 87 88 89 8a 8b 8c 8d 8e 8f 90 91 92 93 94 95 96 97 98 99 9a 9b 9c 9d 9e 9f a0 a1 a2 a3 a4 a5 a6 a7 a8 a9 aa ab ac ad ae af b0 b1 b2 b3 b4 b5 b6 b7 b8 b9 ba bb bc bd be bf c0 c1 c2 c3 c4 c5 c6 c7 c8 c9 ca cb cc cd ce cf d0 d1 d2 d3 d4 d5 d6 d7 d8 d9 da db dc dd de df e0 e1 e2 e3 e4 e5 e6 e7 e8 e9 ea eb ec ed ee ef f0 f1 f2 f3 f4 f5 f6 f7 f8 f9 fa fb fc fd fe ff 
 0  1  2 50  4  6 a0 41  8 3d  c 65 97 15 82 -- 10 -- 7a ba 18 a4 ca -- f9 fc 2a -- d3 -- -- -- 20 -- -- -- f4 -- a3 4f 30 -- 9f -- 43 -- -- -- 25 -- 2f -- 54 -- -- -- 71 d7 -- -- -- -- -- 55 40 -- -- -- -- -- -- -- 3f -- -- 29 91 9b 9e ea 60 -- -- -- e9 -- -- -- 86 61 -- -- -- 53 -- -- 4a -- -- -- 5e -- -- e7 a8  a -- 89 -- -- -- -- e2 -- 79 64 -- -- -- -- -- 57 -- -- -- -- aa -- 80 -- -- c1 -- -- -- -- -- -- -- -- -- -- -- cc 7e -- -- -- -- 5d 52 -- f5 d9 e1 -- eb 28  3 cb c0 -- -- -- -- 32 -- --  5 af -- -- -- -- -- 98 db -- c2 -- -- -- -- -- -- ff a6 75 -- -- -- -- 94 d1 -- -- -- -- -- -- bc -- -- 4c -- -- 19 -- 87 -- 14 8e -- -- c5 -- -- -- -- 66 -- 8b -- -- 13 -- -- -- f2 -- c8 -- -- -- -- -- -- -- -- -- -- 33 ae -- -- 47 -- -- -- 26 -- -- 83 -- -- -- 

solutions so far:0 maxDepth:10 
iterations:62121109  skipped: 53 
Depth skipped: 
0 0 53 0 0 0 0 0 0 0 0 0 0 0 0 0 0 0 0 0 0 0 0 0 0 0 0 0 0 0 0 0 

running time: 5700 sec

Finished. Total running time: 5705 sec
