Search S-boxes invariant for matrices: 
{0x00,0x02,0x04,0x06,0x08,0x0a,0x0c,0x0e,0x10,0x12,0x14,0x16,0x18,0x1a,0x1c,0x1e,0x20,0x22,0x24,0x26,0x28,0x2a,0x2c,0x2e,0x30,0x32,0x34,0x36,0x38,0x3a,0x3c,0x3e,0x40,0x42,0x44,0x46,0x48,0x4a,0x4c,0x4e,0x50,0x52,0x54,0x56,0x58,0x5a,0x5c,0x5e,0x60,0x62,0x64,0x66,0x68,0x6a,0x6c,0x6e,0x70,0x72,0x74,0x76,0x78,0x7a,0x7c,0x7e,0x80,0x82,0x84,0x86,0x88,0x8a,0x8c,0x8e,0x90,0x92,0x94,0x96,0x98,0x9a,0x9c,0x9e,0xa0,0xa2,0xa4,0xa6,0xa8,0xaa,0xac,0xae,0xb0,0xb2,0xb4,0xb6,0xb8,0xba,0xbc,0xbe,0xc0,0xc2,0xc4,0xc6,0xc8,0xca,0xcc,0xce,0xd0,0xd2,0xd4,0xd6,0xd8,0xda,0xdc,0xde,0xe0,0xe2,0xe4,0xe6,0xe8,0xea,0xec,0xee,0xf0,0xf2,0xf4,0xf6,0xf8,0xfa,0xfc,0xfe,0x39,0x3b,0x3d,0x3f,0x31,0x33,0x35,0x37,0x29,0x2b,0x2d,0x2f,0x21,0x23,0x25,0x27,0x19,0x1b,0x1d,0x1f,0x11,0x13,0x15,0x17,0x09,0x0b,0x0d,0x0f,0x01,0x03,0x05,0x07,0x79,0x7b,0x7d,0x7f,0x71,0x73,0x75,0x77,0x69,0x6b,0x6d,0x6f,0x61,0x63,0x65,0x67,0x59,0x5b,0x5d,0x5f,0x51,0x53,0x55,0x57,0x49,0x4b,0x4d,0x4f,0x41,0x43,0x45,0x47,0xb9,0xbb,0xbd,0xbf,0xb1,0xb3,0xb5,0xb7,0xa9,0xab,0xad,0xaf,0xa1,0xa3,0xa5,0xa7,0x99,0x9b,0x9d,0x9f,0x91,0x93,0x95,0x97,0x89,0x8b,0x8d,0x8f,0x81,0x83,0x85,0x87,0xf9,0xfb,0xfd,0xff,0xf1,0xf3,0xf5,0xf7,0xe9,0xeb,0xed,0xef,0xe1,0xe3,0xe5,0xe7,0xd9,0xdb,0xdd,0xdf,0xd1,0xd3,0xd5,0xd7,0xc9,0xcb,0xcd,0xcf,0xc1,0xc3,0xc5,0xc7};
{0x00,0x02,0x04,0x06,0x08,0x0a,0x0c,0x0e,0x10,0x12,0x14,0x16,0x18,0x1a,0x1c,0x1e,0x20,0x22,0x24,0x26,0x28,0x2a,0x2c,0x2e,0x30,0x32,0x34,0x36,0x38,0x3a,0x3c,0x3e,0x40,0x42,0x44,0x46,0x48,0x4a,0x4c,0x4e,0x50,0x52,0x54,0x56,0x58,0x5a,0x5c,0x5e,0x60,0x62,0x64,0x66,0x68,0x6a,0x6c,0x6e,0x70,0x72,0x74,0x76,0x78,0x7a,0x7c,0x7e,0x80,0x82,0x84,0x86,0x88,0x8a,0x8c,0x8e,0x90,0x92,0x94,0x96,0x98,0x9a,0x9c,0x9e,0xa0,0xa2,0xa4,0xa6,0xa8,0xaa,0xac,0xae,0xb0,0xb2,0xb4,0xb6,0xb8,0xba,0xbc,0xbe,0xc0,0xc2,0xc4,0xc6,0xc8,0xca,0xcc,0xce,0xd0,0xd2,0xd4,0xd6,0xd8,0xda,0xdc,0xde,0xe0,0xe2,0xe4,0xe6,0xe8,0xea,0xec,0xee,0xf0,0xf2,0xf4,0xf6,0xf8,0xfa,0xfc,0xfe,0xd7,0xd5,0xd3,0xd1,0xdf,0xdd,0xdb,0xd9,0xc7,0xc5,0xc3,0xc1,0xcf,0xcd,0xcb,0xc9,0xf7,0xf5,0xf3,0xf1,0xff,0xfd,0xfb,0xf9,0xe7,0xe5,0xe3,0xe1,0xef,0xed,0xeb,0xe9,0x97,0x95,0x93,0x91,0x9f,0x9d,0x9b,0x99,0x87,0x85,0x83,0x81,0x8f,0x8d,0x8b,0x89,0xb7,0xb5,0xb3,0xb1,0xbf,0xbd,0xbb,0xb9,0xa7,0xa5,0xa3,0xa1,0xaf,0xad,0xab,0xa9,0x57,0x55,0x53,0x51,0x5f,0x5d,0x5b,0x59,0x47,0x45,0x43,0x41,0x4f,0x4d,0x4b,0x49,0x77,0x75,0x73,0x71,0x7f,0x7d,0x7b,0x79,0x67,0x65,0x63,0x61,0x6f,0x6d,0x6b,0x69,0x17,0x15,0x13,0x11,0x1f,0x1d,0x1b,0x19,0x07,0x05,0x03,0x01,0x0f,0x0d,0x0b,0x09,0x37,0x35,0x33,0x31,0x3f,0x3d,0x3b,0x39,0x27,0x25,0x23,0x21,0x2f,0x2d,0x2b,0x29};



 depth:7
 0  1  2  3  4  5  6  7  8  9  a  b  c  d  e  f 10 11 12 13 14 15 16 17 18 19 1a 1b 1c 1d 1e 1f 20 21 22 23 24 25 26 27 28 29 2a 2b 2c 2d 2e 2f 30 31 32 33 34 35 36 37 38 39 3a 3b 3c 3d 3e 3f 40 41 42 43 44 45 46 47 48 49 4a 4b 4c 4d 4e 4f 50 51 52 53 54 55 56 57 58 59 5a 5b 5c 5d 5e 5f 60 61 62 63 64 65 66 67 68 69 6a 6b 6c 6d 6e 6f 70 71 72 73 74 75 76 77 78 79 7a 7b 7c 7d 7e 7f 80 81 82 83 84 85 86 87 88 89 8a 8b 8c 8d 8e 8f 90 91 92 93 94 95 96 97 98 99 9a 9b 9c 9d 9e 9f a0 a1 a2 a3 a4 a5 a6 a7 a8 a9 aa ab ac ad ae af b0 b1 b2 b3 b4 b5 b6 b7 b8 b9 ba bb bc bd be bf c0 c1 c2 c3 c4 c5 c6 c7 c8 c9 ca cb cc cd ce cf d0 d1 d2 d3 d4 d5 d6 d7 d8 d9 da db dc dd de df e0 e1 e2 e3 e4 e5 e6 e7 e8 e9 ea eb ec ed ee ef f0 f1 f2 f3 f4 f5 f6 f7 f8 f9 fa fb fc fd fe ff 
 0  1  2 55  4 f4 aa 4a  8 76 3f e4 83 24 94 69 10 -- ec d6 7e 30 1f -- d1 78 48 -- ff -- d2 -- 20 -- -- --  f -- 7b 4f fc -- 60 -- 3e -- -- d8 75 -- f0 -- 90 -- -- -- 29 d7 -- -- 73 fb -- 5d 40 4b -- -- -- -- -- -- 1e -- --  c f6  9 9e 3d 2f -- -- -- c0 -- -- -- 7c 27 -- -- -- 9c 67 -- ea -- -- -- 37 -- --  a f7 ae -- 6f -- -- -- -- 52 -- 79 50 -- -- -- -- e6 bc 21 -- -- -- ba -- 80 -- 96 c5 -- -- -- -- -- -- -- 6c -- -- -- cc 3c -- -- -- -- 6b 18 -- 3b 72 12 df eb c1 7a 25 5e -- -- -- -- 28 -- -- 57 dc -- -- -- -- --  5 f8 -- 4e -- -- -- -- -- --  6 ef f5 ce -- -- --  3 91 -- -- -- -- -- -- 6e -- -- e9 -- -- 14 -- 39 84 8b f9 -- -- de -- -- 36 -- 66 -- 89 -- -- a4 -- -- -- f2 -- a0 -- -- -- -- -- -- -- -- -- 1b 33 af -- 42 97 -- -- -- 9f -- -- a3 -- -- -- 

solutions so far:0 maxDepth:9 
iterations:2664610  skipped: 5 
Depth skipped: 
0 0 5 0 0 0 0 0 0 0 0 0 0 0 0 0 0 0 0 0 0 0 0 0 0 0 0 0 0 0 0 0 

running time: 300 sec
 depth:7
 0  1  2  3  4  5  6  7  8  9  a  b  c  d  e  f 10 11 12 13 14 15 16 17 18 19 1a 1b 1c 1d 1e 1f 20 21 22 23 24 25 26 27 28 29 2a 2b 2c 2d 2e 2f 30 31 32 33 34 35 36 37 38 39 3a 3b 3c 3d 3e 3f 40 41 42 43 44 45 46 47 48 49 4a 4b 4c 4d 4e 4f 50 51 52 53 54 55 56 57 58 59 5a 5b 5c 5d 5e 5f 60 61 62 63 64 65 66 67 68 69 6a 6b 6c 6d 6e 6f 70 71 72 73 74 75 76 77 78 79 7a 7b 7c 7d 7e 7f 80 81 82 83 84 85 86 87 88 89 8a 8b 8c 8d 8e 8f 90 91 92 93 94 95 96 97 98 99 9a 9b 9c 9d 9e 9f a0 a1 a2 a3 a4 a5 a6 a7 a8 a9 aa ab ac ad ae af b0 b1 b2 b3 b4 b5 b6 b7 b8 b9 ba bb bc bd be bf c0 c1 c2 c3 c4 c5 c6 c7 c8 c9 ca cb cc cd ce cf d0 d1 d2 d3 d4 d5 d6 d7 d8 d9 da db dc dd de df e0 e1 e2 e3 e4 e5 e6 e7 e8 e9 ea eb ec ed ee ef f0 f1 f2 f3 f4 f5 f6 f7 f8 f9 fa fb fc fd fe ff 
 0  1  2 55  4 ec aa 85  8 bc  f b0 83 77 dd 46 10 -- af 7e 1e 30 b7 -- d1 ba ee -- 6d -- 8c -- 20 -- -- -- 89 -- fc 4f 3c -- 60 -- b9 -- -- 62 75 -- a3 --  b -- -- -- da d7 -- -- cf 81 -- de 40 be -- -- -- -- -- -- c5 -- --  c 2f 68 9e 3b 78 -- -- -- c0 -- -- -- a5 ed -- -- -- 1a c4 -- ea -- -- -- 91 -- -- a1 16 ae -- 7a -- -- -- -- 63 -- 79 2d -- -- -- -- 49 37 d5 -- -- -- 6b -- 80 -- ab 6f -- -- -- -- -- -- -- 31 -- -- -- cc 5d -- -- -- -- 3f 18 -- 5e 58 d0 23 eb c1 76 a9 f0 -- -- -- -- fd -- -- 57 3d -- -- -- -- -- bb 9d --  d -- -- -- -- -- --  6 34 f6 5f -- -- --  3 7b -- -- -- -- -- -- f5 -- -- b6 -- -- 95 -- 2c fa 8b bf -- -- f4 -- -- f3 -- 66 -- dc -- -- c6 -- -- -- f2 -- 5a -- -- -- -- -- -- -- -- -- 92 33 6e -- 7d b4 -- -- -- 5b -- -- d6 -- -- -- 

solutions so far:0 maxDepth:9 
iterations:5001591  skipped: 6 
Depth skipped: 
0 0 6 0 0 0 0 0 0 0 0 0 0 0 0 0 0 0 0 0 0 0 0 0 0 0 0 0 0 0 0 0 

running time: 600 sec
 depth:6
 0  1  2  3  4  5  6  7  8  9  a  b  c  d  e  f 10 11 12 13 14 15 16 17 18 19 1a 1b 1c 1d 1e 1f 20 21 22 23 24 25 26 27 28 29 2a 2b 2c 2d 2e 2f 30 31 32 33 34 35 36 37 38 39 3a 3b 3c 3d 3e 3f 40 41 42 43 44 45 46 47 48 49 4a 4b 4c 4d 4e 4f 50 51 52 53 54 55 56 57 58 59 5a 5b 5c 5d 5e 5f 60 61 62 63 64 65 66 67 68 69 6a 6b 6c 6d 6e 6f 70 71 72 73 74 75 76 77 78 79 7a 7b 7c 7d 7e 7f 80 81 82 83 84 85 86 87 88 89 8a 8b 8c 8d 8e 8f 90 91 92 93 94 95 96 97 98 99 9a 9b 9c 9d 9e 9f a0 a1 a2 a3 a4 a5 a6 a7 a8 a9 aa ab ac ad ae af b0 b1 b2 b3 b4 b5 b6 b7 b8 b9 ba bb bc bd be bf c0 c1 c2 c3 c4 c5 c6 c7 c8 c9 ca cb cc cd ce cf d0 d1 d2 d3 d4 d5 d6 d7 d8 d9 da db dc dd de df e0 e1 e2 e3 e4 e5 e6 e7 e8 e9 ea eb ec ed ee ef f0 f1 f2 f3 f4 f5 f6 f7 f8 f9 fa fb fc fd fe ff 
 0  1  2 55  4 e1 aa 58  8 e0 15 6c 83 69 b0 -- 10 -- 17  e 2a 30 d8 -- d1 a7 d2 -- b7 -- -- -- 20 -- -- -- 2e -- 1c 4f 54 -- 60 -- 67 -- -- -- 75 -- 99 -- 73 -- -- -- b9 d7 -- -- -- -- -- 86 40 -- -- -- -- -- -- -- 5c -- --  c 38 84 9e a6 a8 -- -- -- c0 -- -- -- ce 96 -- -- -- 21 -- -- ea -- -- -- e5 -- -- 34 e6 ae -- 74 -- -- -- -- a5 -- 79 77 -- -- -- -- -- d9 -- -- -- -- db -- 80 -- -- 43 -- -- -- -- -- -- -- -- -- -- -- cc b8 -- -- -- --  7 18 -- 70 36 df -- eb c1 9b 2c 87 -- -- -- -- d0 -- -- 57 3a -- -- -- -- -- 1a 4b -- fb -- -- -- -- -- --  6 42 53 -- -- -- --  3 c2 -- -- -- -- -- -- 1d -- --  d -- -- 68 -- 1b -- 8b 16 -- -- e8 -- -- -- -- 66 -- ca -- -- 9d -- -- -- f2 -- ee -- -- -- -- -- -- -- -- -- -- 33 65 -- --  b -- -- -- ed -- -- 61 -- -- -- 

solutions so far:0 maxDepth:9 
iterations:7284279  skipped: 7 
Depth skipped: 
0 0 7 0 0 0 0 0 0 0 0 0 0 0 0 0 0 0 0 0 0 0 0 0 0 0 0 0 0 0 0 0 

running time: 900 sec
 depth:6
 0  1  2  3  4  5  6  7  8  9  a  b  c  d  e  f 10 11 12 13 14 15 16 17 18 19 1a 1b 1c 1d 1e 1f 20 21 22 23 24 25 26 27 28 29 2a 2b 2c 2d 2e 2f 30 31 32 33 34 35 36 37 38 39 3a 3b 3c 3d 3e 3f 40 41 42 43 44 45 46 47 48 49 4a 4b 4c 4d 4e 4f 50 51 52 53 54 55 56 57 58 59 5a 5b 5c 5d 5e 5f 60 61 62 63 64 65 66 67 68 69 6a 6b 6c 6d 6e 6f 70 71 72 73 74 75 76 77 78 79 7a 7b 7c 7d 7e 7f 80 81 82 83 84 85 86 87 88 89 8a 8b 8c 8d 8e 8f 90 91 92 93 94 95 96 97 98 99 9a 9b 9c 9d 9e 9f a0 a1 a2 a3 a4 a5 a6 a7 a8 a9 aa ab ac ad ae af b0 b1 b2 b3 b4 b5 b6 b7 b8 b9 ba bb bc bd be bf c0 c1 c2 c3 c4 c5 c6 c7 c8 c9 ca cb cc cd ce cf d0 d1 d2 d3 d4 d5 d6 d7 d8 d9 da db dc dd de df e0 e1 e2 e3 e4 e5 e6 e7 e8 e9 ea eb ec ed ee ef f0 f1 f2 f3 f4 f5 f6 f7 f8 f9 fa fb fc fd fe ff 
 0  1  2 55  4 da aa 65  8 96 63 17 83  7 ca -- 10 -- fb d8 c6 30 2e -- d1 df  e -- 43 -- -- -- 20 -- -- -- 21 -- 67 4f 5b -- 60 -- 5c -- -- -- 75 -- 69 -- 1c -- -- -- 86 d7 -- -- -- -- -- 5a 40 -- -- -- -- -- -- -- 42 -- --  c ce 74 9e dd b6 -- -- -- c0 -- -- -- b8 99 -- -- -- 1d -- -- ea -- -- -- d2 -- -- 9b 38 ae -- 1b -- -- -- -- db -- 79 2a -- -- -- -- -- a1 -- -- -- -- b4 -- 80 -- -- 2d -- -- -- -- -- -- -- -- -- -- -- cc 84 -- -- -- -- 6c 18 -- 4b e0 e8 -- eb c1 6d d9 bb -- -- -- -- 15 -- -- 57 e6 -- -- -- -- -- a6 a7 -- e5 -- -- -- -- -- --  6 3a 85 -- -- -- --  3 a9 -- -- -- -- -- -- 73 -- -- 53 -- -- e1 -- 70 -- 8b 87 -- -- 36 -- -- -- -- 66 -- fd -- -- 61 -- -- -- f2 -- 54 -- -- -- -- -- -- -- -- -- -- 33 95 -- -- a8 -- -- -- c2 -- -- bf -- -- -- 

solutions so far:0 maxDepth:9 
iterations:9578477  skipped: 9 
Depth skipped: 
0 0 9 0 0 0 0 0 0 0 0 0 0 0 0 0 0 0 0 0 0 0 0 0 0 0 0 0 0 0 0 0 

running time: 1200 sec
 depth:7
 0  1  2  3  4  5  6  7  8  9  a  b  c  d  e  f 10 11 12 13 14 15 16 17 18 19 1a 1b 1c 1d 1e 1f 20 21 22 23 24 25 26 27 28 29 2a 2b 2c 2d 2e 2f 30 31 32 33 34 35 36 37 38 39 3a 3b 3c 3d 3e 3f 40 41 42 43 44 45 46 47 48 49 4a 4b 4c 4d 4e 4f 50 51 52 53 54 55 56 57 58 59 5a 5b 5c 5d 5e 5f 60 61 62 63 64 65 66 67 68 69 6a 6b 6c 6d 6e 6f 70 71 72 73 74 75 76 77 78 79 7a 7b 7c 7d 7e 7f 80 81 82 83 84 85 86 87 88 89 8a 8b 8c 8d 8e 8f 90 91 92 93 94 95 96 97 98 99 9a 9b 9c 9d 9e 9f a0 a1 a2 a3 a4 a5 a6 a7 a8 a9 aa ab ac ad ae af b0 b1 b2 b3 b4 b5 b6 b7 b8 b9 ba bb bc bd be bf c0 c1 c2 c3 c4 c5 c6 c7 c8 c9 ca cb cc cd ce cf d0 d1 d2 d3 d4 d5 d6 d7 d8 d9 da db dc dd de df e0 e1 e2 e3 e4 e5 e6 e7 e8 e9 ea eb ec ed ee ef f0 f1 f2 f3 f4 f5 f6 f7 f8 f9 fa fb fc fd fe ff 
 0  1  2 55  4 d0 aa 12  8 84 77 62 83 8c 24 c5 10 -- df 96 ee 30 c4 -- d1 e6 cf -- 48 -- 5d -- 20 -- -- -- 69 -- fb 4f  b -- 60 -- 5f -- -- 7a 75 -- 1b -- 49 -- -- -- 90 d7 -- -- ba 2f -- a5 40 7e -- -- -- -- -- -- d2 -- --  c 21 23 9e 34 16 -- -- -- c0 -- -- -- be 81 -- -- -- 7d f4 -- ea -- -- -- 36 -- -- 3e 92 ae -- 67 -- -- -- -- f7 -- 79 27 -- -- -- -- a3 58 5e -- -- -- 9d -- 80 -- fc b9 -- -- -- -- -- -- -- 3d -- -- -- cc 73 -- -- -- -- 4b 18 -- 42 31 46 89 eb c1 68  9 2c -- -- -- -- f8 -- -- 57 d8 -- -- -- -- -- 1f ab -- d5 -- -- -- -- -- --  6 fa 1a 3f -- -- --  3  d -- -- -- -- -- -- 6c -- -- e4 -- -- 7c -- f3 af 8b ef -- -- ce -- -- f5 -- 66 -- b7 -- -- 39 -- -- -- f2 -- 4e -- -- -- -- -- -- -- -- -- 91 33 b0 -- bc 9c -- -- -- 72 -- -- ed -- -- -- 

solutions so far:0 maxDepth:9 
iterations:11529556  skipped: 12 
Depth skipped: 
0 0 12 0 0 0 0 0 0 0 0 0 0 0 0 0 0 0 0 0 0 0 0 0 0 0 0 0 0 0 0 0 

running time: 1500 sec
 depth:7
 0  1  2  3  4  5  6  7  8  9  a  b  c  d  e  f 10 11 12 13 14 15 16 17 18 19 1a 1b 1c 1d 1e 1f 20 21 22 23 24 25 26 27 28 29 2a 2b 2c 2d 2e 2f 30 31 32 33 34 35 36 37 38 39 3a 3b 3c 3d 3e 3f 40 41 42 43 44 45 46 47 48 49 4a 4b 4c 4d 4e 4f 50 51 52 53 54 55 56 57 58 59 5a 5b 5c 5d 5e 5f 60 61 62 63 64 65 66 67 68 69 6a 6b 6c 6d 6e 6f 70 71 72 73 74 75 76 77 78 79 7a 7b 7c 7d 7e 7f 80 81 82 83 84 85 86 87 88 89 8a 8b 8c 8d 8e 8f 90 91 92 93 94 95 96 97 98 99 9a 9b 9c 9d 9e 9f a0 a1 a2 a3 a4 a5 a6 a7 a8 a9 aa ab ac ad ae af b0 b1 b2 b3 b4 b5 b6 b7 b8 b9 ba bb bc bd be bf c0 c1 c2 c3 c4 c5 c6 c7 c8 c9 ca cb cc cd ce cf d0 d1 d2 d3 d4 d5 d6 d7 d8 d9 da db dc dd de df e0 e1 e2 e3 e4 e5 e6 e7 e8 e9 ea eb ec ed ee ef f0 f1 f2 f3 f4 f5 f6 f7 f8 f9 fa fb fc fd fe ff 
 0  1  2 55  4 c6 aa 42  8 e2 5b c9 83 7f 84 76 10 -- 13 41 b6 30 45 -- d1 e7 fe -- df -- ec -- 20 -- -- -- 26 -- 82 4f bb -- 60 -- 8a -- -- 37 75 -- 19 -- 2b -- -- -- 69 d7 -- --  f 6b -- bf 40 6f -- -- -- -- -- -- 4c -- --  c d3 6a 9e da a1 -- -- -- c0 -- -- -- c3 a2 -- -- -- f1 6e -- ea -- -- -- 32 -- -- 6c 56 ae -- 47 -- -- -- -- d2 -- 79 ce -- -- -- -- 1e fd d6 -- -- -- a9 -- 80 -- de b4 -- -- -- -- -- -- -- f0 -- -- -- cc 98 -- -- -- -- cb 18 -- 71 8f d4 3b eb c1 63 21 95 -- -- -- -- 67 -- -- 57 c8 -- -- -- -- -- 36 51 -- 93 -- -- -- -- -- --  6 35 6d dc -- -- --  3 dd -- -- -- -- -- -- 64 -- -- 1b -- -- d8 -- ac f6 8b fb -- -- 8e -- -- 78 -- 66 -- 5a -- -- 73 -- -- -- f2 -- 4b -- -- -- -- -- -- -- -- -- 3c 33 2d -- 7b 96 -- -- -- e6 -- -- 85 -- -- -- 

solutions so far:0 maxDepth:9 
iterations:13738724  skipped: 13 
Depth skipped: 
0 0 13 0 0 0 0 0 0 0 0 0 0 0 0 0 0 0 0 0 0 0 0 0 0 0 0 0 0 0 0 0 

running time: 1800 sec
 depth:6
 0  1  2  3  4  5  6  7  8  9  a  b  c  d  e  f 10 11 12 13 14 15 16 17 18 19 1a 1b 1c 1d 1e 1f 20 21 22 23 24 25 26 27 28 29 2a 2b 2c 2d 2e 2f 30 31 32 33 34 35 36 37 38 39 3a 3b 3c 3d 3e 3f 40 41 42 43 44 45 46 47 48 49 4a 4b 4c 4d 4e 4f 50 51 52 53 54 55 56 57 58 59 5a 5b 5c 5d 5e 5f 60 61 62 63 64 65 66 67 68 69 6a 6b 6c 6d 6e 6f 70 71 72 73 74 75 76 77 78 79 7a 7b 7c 7d 7e 7f 80 81 82 83 84 85 86 87 88 89 8a 8b 8c 8d 8e 8f 90 91 92 93 94 95 96 97 98 99 9a 9b 9c 9d 9e 9f a0 a1 a2 a3 a4 a5 a6 a7 a8 a9 aa ab ac ad ae af b0 b1 b2 b3 b4 b5 b6 b7 b8 b9 ba bb bc bd be bf c0 c1 c2 c3 c4 c5 c6 c7 c8 c9 ca cb cc cd ce cf d0 d1 d2 d3 d4 d5 d6 d7 d8 d9 da db dc dd de df e0 e1 e2 e3 e4 e5 e6 e7 e8 e9 ea eb ec ed ee ef f0 f1 f2 f3 f4 f5 f6 f7 f8 f9 fa fb fc fd fe ff 
 0  1  2 55  4 bc aa 77  8 d6 af 3a 83 5c ee -- 10 -- 7b dc 89 30 74 -- d1 ec b8 --  b -- -- -- 20 -- -- -- f6 -- 6f 4f c5 -- 60 -- e8 -- -- -- 75 --  f -- a7 -- -- -- 16 d7 -- -- -- -- -- 7a 40 -- -- -- -- -- -- -- 3b -- --  c de 17 9e 2f 5d -- -- -- c0 -- -- --  7 1c -- -- -- 70 -- -- ea -- -- -- 1e -- -- a5 99 ae -- f0 -- -- -- -- 2c -- 79  d -- -- -- -- -- a3 -- -- -- -- f4 -- 80 -- -- 3d -- -- -- -- -- -- -- -- -- -- -- cc 76 -- -- -- -- 6e 18 -- 6b 1d 2e -- eb c1 5e d0 ba -- -- -- -- ed -- -- 57 78 -- -- -- -- -- b9  e -- 38 -- -- -- -- -- --  6 e0 fc -- -- -- --  3 7e -- -- -- -- -- -- 3c -- -- b7 -- -- 9d -- e5 -- 8b 68 -- -- 37 -- -- -- -- 66 -- f5 -- -- 58 -- -- -- f2 -- 1a -- -- -- -- -- -- -- -- -- -- 33 91 -- -- 34 -- -- -- b0 -- -- 3f -- -- -- 

solutions so far:0 maxDepth:9 
iterations:15916028  skipped: 16 
Depth skipped: 
0 0 16 0 0 0 0 0 0 0 0 0 0 0 0 0 0 0 0 0 0 0 0 0 0 0 0 0 0 0 0 0 

running time: 2100 sec
 depth:7
 0  1  2  3  4  5  6  7  8  9  a  b  c  d  e  f 10 11 12 13 14 15 16 17 18 19 1a 1b 1c 1d 1e 1f 20 21 22 23 24 25 26 27 28 29 2a 2b 2c 2d 2e 2f 30 31 32 33 34 35 36 37 38 39 3a 3b 3c 3d 3e 3f 40 41 42 43 44 45 46 47 48 49 4a 4b 4c 4d 4e 4f 50 51 52 53 54 55 56 57 58 59 5a 5b 5c 5d 5e 5f 60 61 62 63 64 65 66 67 68 69 6a 6b 6c 6d 6e 6f 70 71 72 73 74 75 76 77 78 79 7a 7b 7c 7d 7e 7f 80 81 82 83 84 85 86 87 88 89 8a 8b 8c 8d 8e 8f 90 91 92 93 94 95 96 97 98 99 9a 9b 9c 9d 9e 9f a0 a1 a2 a3 a4 a5 a6 a7 a8 a9 aa ab ac ad ae af b0 b1 b2 b3 b4 b5 b6 b7 b8 b9 ba bb bc bd be bf c0 c1 c2 c3 c4 c5 c6 c7 c8 c9 ca cb cc cd ce cf d0 d1 d2 d3 d4 d5 d6 d7 d8 d9 da db dc dd de df e0 e1 e2 e3 e4 e5 e6 e7 e8 e9 ea eb ec ed ee ef f0 f1 f2 f3 f4 f5 f6 f7 f8 f9 fa fb fc fd fe ff 
 0  1  2 55  4 b5 aa 95  8  5 bd 32 83 13 fd ca 10 --  a 52 ad 30 64 -- d1 a0 26 -- 2d -- 43 -- 20 -- -- -- 14 -- a4 4f 8d -- 60 -- c8 -- -- a6 75 -- 97 -- 4c -- -- -- 5a d7 -- -- 86 54 -- 44 40 15 -- -- -- -- -- -- 28 -- --  c 9f 71 9e b3 cd -- -- -- c0 -- -- -- 47 cb -- -- -- 82 9b -- ea -- -- -- f9 -- -- 6d 98 ae -- 94 -- -- -- -- b4 -- 79 c6 -- -- -- -- db 9a a8 -- -- -- 88 -- 80 -- 2a 22 -- -- -- -- -- -- -- 53 -- -- -- cc 50 -- -- -- -- 29 18 -- e9 19 e2 65 eb c1 b1 a1 4d -- -- -- -- 63 -- -- 57 4a -- -- -- -- -- dd 8e -- 41 -- -- -- -- -- --  6 d3 b2 e1 -- -- --  3 59 -- -- -- -- -- -- 25 -- -- 85 -- -- da -- e7 d9 8b bb -- -- ff -- -- c2 -- 66 -- 11 -- -- bf -- -- -- f2 -- 5b -- -- -- -- -- -- -- -- -- 61 33 e3 -- 87 b6 -- -- -- a9 -- -- c7 -- -- -- 

solutions so far:0 maxDepth:9 
iterations:18139957  skipped: 18 
Depth skipped: 
0 0 18 0 0 0 0 0 0 0 0 0 0 0 0 0 0 0 0 0 0 0 0 0 0 0 0 0 0 0 0 0 

running time: 2400 sec
 depth:7
 0  1  2  3  4  5  6  7  8  9  a  b  c  d  e  f 10 11 12 13 14 15 16 17 18 19 1a 1b 1c 1d 1e 1f 20 21 22 23 24 25 26 27 28 29 2a 2b 2c 2d 2e 2f 30 31 32 33 34 35 36 37 38 39 3a 3b 3c 3d 3e 3f 40 41 42 43 44 45 46 47 48 49 4a 4b 4c 4d 4e 4f 50 51 52 53 54 55 56 57 58 59 5a 5b 5c 5d 5e 5f 60 61 62 63 64 65 66 67 68 69 6a 6b 6c 6d 6e 6f 70 71 72 73 74 75 76 77 78 79 7a 7b 7c 7d 7e 7f 80 81 82 83 84 85 86 87 88 89 8a 8b 8c 8d 8e 8f 90 91 92 93 94 95 96 97 98 99 9a 9b 9c 9d 9e 9f a0 a1 a2 a3 a4 a5 a6 a7 a8 a9 aa ab ac ad ae af b0 b1 b2 b3 b4 b5 b6 b7 b8 b9 ba bb bc bd be bf c0 c1 c2 c3 c4 c5 c6 c7 c8 c9 ca cb cc cd ce cf d0 d1 d2 d3 d4 d5 d6 d7 d8 d9 da db dc dd de df e0 e1 e2 e3 e4 e5 e6 e7 e8 e9 ea eb ec ed ee ef f0 f1 f2 f3 f4 f5 f6 f7 f8 f9 fa fb fc fd fe ff 
 0  1  2 55  4 a8 aa 11  8 6a 87 2f 83 3d 22 62 10 -- d4 a2 d9 30 5e -- d1 56 7a -- 44 -- c4 -- 20 -- -- -- 7f -- 93 4f 65 -- 60 -- bc -- -- 7d 75 -- ac -- f4 -- -- -- 88 d7 -- -- 5f cf -- 53 40 46 -- -- -- -- -- -- fe -- --  c f1 91 9e 2a ca -- -- -- c0 -- -- -- af c5 -- -- -- ba fa -- ea -- -- -- 8f -- -- b5 3f ae -- 8a -- -- -- -- c7 -- 79 8d -- -- -- -- be 86 49 -- -- -- a6 -- 80 -- 8c c2 -- -- -- -- -- -- -- d5 -- -- -- cc 2b -- -- -- -- 51 18 -- 35 fc f5 31 eb c1 54 e3 43 -- -- -- -- ad -- -- 57 45 -- -- -- -- -- b1 89 -- 5d -- -- -- -- -- --  6 a3 15 23 -- -- --  3 e1 -- -- -- -- -- -- c9 -- -- b3 -- -- bd -- 7e f3 8b 9a -- -- c3 -- -- 81 -- 66 -- 61 -- -- 59 -- -- -- f2 -- cd -- -- -- -- -- -- -- -- -- ab 33 db -- 92 4d -- -- -- b2 -- -- 9b -- -- -- 

solutions so far:0 maxDepth:9 
iterations:22094325  skipped: 20 
Depth skipped: 
0 0 20 0 0 0 0 0 0 0 0 0 0 0 0 0 0 0 0 0 0 0 0 0 0 0 0 0 0 0 0 0 

running time: 2700 sec
 depth:6
 0  1  2  3  4  5  6  7  8  9  a  b  c  d  e  f 10 11 12 13 14 15 16 17 18 19 1a 1b 1c 1d 1e 1f 20 21 22 23 24 25 26 27 28 29 2a 2b 2c 2d 2e 2f 30 31 32 33 34 35 36 37 38 39 3a 3b 3c 3d 3e 3f 40 41 42 43 44 45 46 47 48 49 4a 4b 4c 4d 4e 4f 50 51 52 53 54 55 56 57 58 59 5a 5b 5c 5d 5e 5f 60 61 62 63 64 65 66 67 68 69 6a 6b 6c 6d 6e 6f 70 71 72 73 74 75 76 77 78 79 7a 7b 7c 7d 7e 7f 80 81 82 83 84 85 86 87 88 89 8a 8b 8c 8d 8e 8f 90 91 92 93 94 95 96 97 98 99 9a 9b 9c 9d 9e 9f a0 a1 a2 a3 a4 a5 a6 a7 a8 a9 aa ab ac ad ae af b0 b1 b2 b3 b4 b5 b6 b7 b8 b9 ba bb bc bd be bf c0 c1 c2 c3 c4 c5 c6 c7 c8 c9 ca cb cc cd ce cf d0 d1 d2 d3 d4 d5 d6 d7 d8 d9 da db dc dd de df e0 e1 e2 e3 e4 e5 e6 e7 e8 e9 ea eb ec ed ee ef f0 f1 f2 f3 f4 f5 f6 f7 f8 f9 fa fb fc fd fe ff 
 0  1  2 55  4 9b aa  e  8 5a e1 91 83 af 1c -- 10 -- b4 a1 15 30 f5 -- d1 dd 89 -- 38 -- -- -- 20 -- -- -- bf -- 95 4f 2a -- 60 -- 3d -- -- -- 75 -- 6d -- c5 -- -- -- 70 d7 -- -- -- -- -- 43 40 -- -- -- -- -- -- -- a9 -- --  c fd 5e 9e 53 54 -- -- -- c0 -- -- -- 7a 3f -- -- -- fc -- -- ea -- -- -- da -- -- a7 5d ae -- 5b -- -- -- -- e0 -- 79 1d -- -- -- -- -- 87 -- -- -- -- 86 -- 80 -- -- ca -- -- -- -- -- -- -- -- -- -- -- cc 85 -- -- -- -- bb 18 -- 2d a3 bc -- eb c1 a6  7 a8 -- -- -- -- e5 -- -- 57 c6 -- -- -- -- -- b8 f4 -- 7e -- -- -- -- -- --  6 2f c2 -- -- -- --  3 61 -- -- -- -- -- -- 63 -- -- 5c -- -- 99 -- ba -- 8b e8 -- -- b6 -- -- -- -- 66 -- 65 -- -- 17 -- -- -- f2 -- 3a -- -- -- -- -- -- -- -- -- -- 33 d9 -- -- 74 -- -- -- 2e -- -- db -- -- -- 

solutions so far:0 maxDepth:9 
iterations:25835003  skipped: 23 
Depth skipped: 
0 0 23 0 0 0 0 0 0 0 0 0 0 0 0 0 0 0 0 0 0 0 0 0 0 0 0 0 0 0 0 0 

running time: 3000 sec
 depth:7
 0  1  2  3  4  5  6  7  8  9  a  b  c  d  e  f 10 11 12 13 14 15 16 17 18 19 1a 1b 1c 1d 1e 1f 20 21 22 23 24 25 26 27 28 29 2a 2b 2c 2d 2e 2f 30 31 32 33 34 35 36 37 38 39 3a 3b 3c 3d 3e 3f 40 41 42 43 44 45 46 47 48 49 4a 4b 4c 4d 4e 4f 50 51 52 53 54 55 56 57 58 59 5a 5b 5c 5d 5e 5f 60 61 62 63 64 65 66 67 68 69 6a 6b 6c 6d 6e 6f 70 71 72 73 74 75 76 77 78 79 7a 7b 7c 7d 7e 7f 80 81 82 83 84 85 86 87 88 89 8a 8b 8c 8d 8e 8f 90 91 92 93 94 95 96 97 98 99 9a 9b 9c 9d 9e 9f a0 a1 a2 a3 a4 a5 a6 a7 a8 a9 aa ab ac ad ae af b0 b1 b2 b3 b4 b5 b6 b7 b8 b9 ba bb bc bd be bf c0 c1 c2 c3 c4 c5 c6 c7 c8 c9 ca cb cc cd ce cf d0 d1 d2 d3 d4 d5 d6 d7 d8 d9 da db dc dd de df e0 e1 e2 e3 e4 e5 e6 e7 e8 e9 ea eb ec ed ee ef f0 f1 f2 f3 f4 f5 f6 f7 f8 f9 fa fb fc fd fe ff 
 0  1  2 55  4 86 aa e3  8 7b db 3e 83 90 11 91 10 -- f6 6f 61 30 7c -- d1  f f7 -- 22 -- f5 -- 20 -- -- -- 3b -- de 4f c2 -- 60 -- f8 -- -- fc 75 -- 1e -- 39 -- -- -- 44 d7 -- -- 3d 89 -- 54 40 bc -- -- -- -- -- -- 76 -- --  c 6b 24 9e ca 53 -- -- -- c0 -- -- -- 27 9c -- -- --  9 2f -- ea -- -- -- 3c -- -- b1 72 ae -- 37 -- -- -- -- 88 -- 79 ad -- -- -- -- 7a 9b c5 -- -- -- a8 -- 80 -- af 2a -- -- -- -- -- -- -- 7e -- -- -- cc ec -- -- -- -- dc 18 -- d6 1f 48 a3 eb c1 43 9a a6 -- -- -- -- bd -- -- 57 f0 -- -- -- -- -- b3 4e -- ef -- -- -- -- -- --  6 12 65 5e -- -- --  3 d9 -- -- -- -- -- -- 78 -- -- b2 -- -- b5 -- e4 ba 8b 4d -- -- 6e -- -- 3f -- 66 -- 15 -- -- c7 -- -- -- f2 -- 8d -- -- -- -- -- -- -- -- -- f4 33 e1 -- 5d cd -- -- -- 59 -- -- 87 -- -- -- 

solutions so far:0 maxDepth:9 
iterations:29445329  skipped: 28 
Depth skipped: 
0 0 28 0 0 0 0 0 0 0 0 0 0 0 0 0 0 0 0 0 0 0 0 0 0 0 0 0 0 0 0 0 

running time: 3300 sec
 depth:7
 0  1  2  3  4  5  6  7  8  9  a  b  c  d  e  f 10 11 12 13 14 15 16 17 18 19 1a 1b 1c 1d 1e 1f 20 21 22 23 24 25 26 27 28 29 2a 2b 2c 2d 2e 2f 30 31 32 33 34 35 36 37 38 39 3a 3b 3c 3d 3e 3f 40 41 42 43 44 45 46 47 48 49 4a 4b 4c 4d 4e 4f 50 51 52 53 54 55 56 57 58 59 5a 5b 5c 5d 5e 5f 60 61 62 63 64 65 66 67 68 69 6a 6b 6c 6d 6e 6f 70 71 72 73 74 75 76 77 78 79 7a 7b 7c 7d 7e 7f 80 81 82 83 84 85 86 87 88 89 8a 8b 8c 8d 8e 8f 90 91 92 93 94 95 96 97 98 99 9a 9b 9c 9d 9e 9f a0 a1 a2 a3 a4 a5 a6 a7 a8 a9 aa ab ac ad ae af b0 b1 b2 b3 b4 b5 b6 b7 b8 b9 ba bb bc bd be bf c0 c1 c2 c3 c4 c5 c6 c7 c8 c9 ca cb cc cd ce cf d0 d1 d2 d3 d4 d5 d6 d7 d8 d9 da db dc dd de df e0 e1 e2 e3 e4 e5 e6 e7 e8 e9 ea eb ec ed ee ef f0 f1 f2 f3 f4 f5 f6 f7 f8 f9 fa fb fc fd fe ff 
 0  1  2 55  4 7a aa 54  8 73 f4 a2 83 8f a8 63 10 -- e6 84 3f 30 93 -- d1 d8 c9 -- 87 -- c6 -- 20 -- -- -- 1b -- df 4f 7e -- 60 -- f1 -- -- fd 75 -- 67 -- 45 -- -- -- d9 d7 -- -- 5b a9 -- c5 40 b4 -- -- -- -- -- -- 36 -- --  c 69 56 9e f5 fc -- -- -- c0 -- -- -- 35 d4 -- -- -- fe 2d -- ea -- -- -- ce -- -- 61 8a ae -- fb -- -- -- -- 65 -- 79 a6 -- -- -- -- b6 5e 85 -- -- -- 5d -- 80 -- bf 89 -- -- -- -- -- -- -- 95 -- -- -- cc 6c -- -- -- -- 42 18 -- d2 51 ac da eb c1 3d 2a 2f -- -- -- -- 53 -- -- 57 96 -- -- -- -- -- db 6a -- 7f -- -- -- -- -- --  6 2b 91 5a -- -- --  3 a3 -- -- -- -- -- -- 4b -- -- 86 -- -- c2 -- c3 6d 8b 15 -- -- 21 -- -- a1 -- 66 -- af -- -- ca -- -- -- f2 -- 9b -- -- -- -- -- -- -- -- -- bb 33 bc -- dd e1 -- -- -- 43 -- -- ba -- -- -- 

solutions so far:0 maxDepth:9 
iterations:31873037  skipped: 32 
Depth skipped: 
0 0 32 0 0 0 0 0 0 0 0 0 0 0 0 0 0 0 0 0 0 0 0 0 0 0 0 0 0 0 0 0 

running time: 3600 sec
 depth:6
 0  1  2  3  4  5  6  7  8  9  a  b  c  d  e  f 10 11 12 13 14 15 16 17 18 19 1a 1b 1c 1d 1e 1f 20 21 22 23 24 25 26 27 28 29 2a 2b 2c 2d 2e 2f 30 31 32 33 34 35 36 37 38 39 3a 3b 3c 3d 3e 3f 40 41 42 43 44 45 46 47 48 49 4a 4b 4c 4d 4e 4f 50 51 52 53 54 55 56 57 58 59 5a 5b 5c 5d 5e 5f 60 61 62 63 64 65 66 67 68 69 6a 6b 6c 6d 6e 6f 70 71 72 73 74 75 76 77 78 79 7a 7b 7c 7d 7e 7f 80 81 82 83 84 85 86 87 88 89 8a 8b 8c 8d 8e 8f 90 91 92 93 94 95 96 97 98 99 9a 9b 9c 9d 9e 9f a0 a1 a2 a3 a4 a5 a6 a7 a8 a9 aa ab ac ad ae af b0 b1 b2 b3 b4 b5 b6 b7 b8 b9 ba bb bc bd be bf c0 c1 c2 c3 c4 c5 c6 c7 c8 c9 ca cb cc cd ce cf d0 d1 d2 d3 d4 d5 d6 d7 d8 d9 da db dc dd de df e0 e1 e2 e3 e4 e5 e6 e7 e8 e9 ea eb ec ed ee ef f0 f1 f2 f3 f4 f5 f6 f7 f8 f9 fa fb fc fd fe ff 
 0  1  2 55  4 64 aa f8  8 14 c8 6d 83 5a 27 -- 10 -- 28 9f 47 30 da -- d1 f9 b4 -- 4e -- -- -- 20 -- -- -- 50 -- e9 4f 8e -- 60 -- 63 -- -- -- 75 -- 25 -- bf -- -- -- 9c d7 -- -- -- -- -- 13 40 -- -- -- -- -- -- -- a0 -- --  c  5 fd 9e 19 cb -- -- -- c0 -- -- -- c6 b6 -- -- -- a1 -- -- ea -- -- -- 4a -- -- 90 a9 ae -- 29 -- -- -- -- ef -- 79 72 -- -- -- -- -- 82 -- -- -- -- 26 -- 80 -- -- e2 -- -- -- -- -- -- -- -- -- -- -- cc 97 -- -- -- -- a4 18 --  a dd 2d -- eb c1 32 7c 41 -- -- -- -- 39 -- -- 57 ff -- -- -- -- -- 48 5b -- bb -- -- -- -- -- --  6 95 e7 -- -- -- --  3 98 -- -- -- -- -- -- 94 -- -- 24 -- -- f7 -- 85 -- 8b 3e -- -- 52 -- -- -- -- 66 -- 71 -- --  9 -- -- -- f2 -- e4 -- -- -- -- -- -- -- -- -- -- 33 d3 -- -- 1f -- -- -- 12 -- -- 4c -- -- -- 

solutions so far:0 maxDepth:9 
iterations:35296018  skipped: 37 
Depth skipped: 
0 0 37 0 0 0 0 0 0 0 0 0 0 0 0 0 0 0 0 0 0 0 0 0 0 0 0 0 0 0 0 0 

running time: 3900 sec
 depth:7
 0  1  2  3  4  5  6  7  8  9  a  b  c  d  e  f 10 11 12 13 14 15 16 17 18 19 1a 1b 1c 1d 1e 1f 20 21 22 23 24 25 26 27 28 29 2a 2b 2c 2d 2e 2f 30 31 32 33 34 35 36 37 38 39 3a 3b 3c 3d 3e 3f 40 41 42 43 44 45 46 47 48 49 4a 4b 4c 4d 4e 4f 50 51 52 53 54 55 56 57 58 59 5a 5b 5c 5d 5e 5f 60 61 62 63 64 65 66 67 68 69 6a 6b 6c 6d 6e 6f 70 71 72 73 74 75 76 77 78 79 7a 7b 7c 7d 7e 7f 80 81 82 83 84 85 86 87 88 89 8a 8b 8c 8d 8e 8f 90 91 92 93 94 95 96 97 98 99 9a 9b 9c 9d 9e 9f a0 a1 a2 a3 a4 a5 a6 a7 a8 a9 aa ab ac ad ae af b0 b1 b2 b3 b4 b5 b6 b7 b8 b9 ba bb bc bd be bf c0 c1 c2 c3 c4 c5 c6 c7 c8 c9 ca cb cc cd ce cf d0 d1 d2 d3 d4 d5 d6 d7 d8 d9 da db dc dd de df e0 e1 e2 e3 e4 e5 e6 e7 e8 e9 ea eb ec ed ee ef f0 f1 f2 f3 f4 f5 f6 f7 f8 f9 fa fb fc fd fe ff 
 0  1  2 55  4 59 aa 32  8 42 b2 43 83 54 64 bb 10 -- 84 4b b3 30 86 -- d1 73 a8 -- c8 -- a1 -- 20 -- -- -- df -- 96 4f b1 -- 60 -- db -- -- bf 75 -- e6 -- 87 -- -- -- 47 d7 -- -- 95 da -- 9a 40 dd -- -- -- -- -- -- 69 -- --  c fb 15 9e 88 b5 -- -- -- c0 -- -- -- 61 53 -- -- -- 9b a9 -- ea -- -- -- 1b -- -- 71 d9 ae -- d8 -- -- -- -- 8e -- 79 26 -- -- -- -- fd ad 63 -- -- -- e3 -- 80 -- 6d 4d -- -- -- -- -- -- -- b4 -- -- -- cc d2 -- -- -- -- ce 18 -- 21 ca 2a b6 eb c1 c7 19 bd -- -- -- -- 13 -- -- 57 6c -- -- -- -- -- d3 c2 -- a6 -- -- -- -- -- --  6 e1 44 85 -- -- --  3 22 -- -- -- -- -- -- 36 -- -- 82 -- -- e2 -- 65 5b 8b e7 -- -- 67 -- -- 5a -- 66 -- cd -- -- cb -- -- -- f2 -- 4c -- -- -- -- -- -- -- -- -- 2d 33 8d -- c6 98 -- -- -- 41 -- -- 11 -- -- -- 

solutions so far:0 maxDepth:9 
iterations:39291314  skipped: 38 
Depth skipped: 
0 0 38 0 0 0 0 0 0 0 0 0 0 0 0 0 0 0 0 0 0 0 0 0 0 0 0 0 0 0 0 0 

running time: 4200 sec
 depth:8
 0  1  2  3  4  5  6  7  8  9  a  b  c  d  e  f 10 11 12 13 14 15 16 17 18 19 1a 1b 1c 1d 1e 1f 20 21 22 23 24 25 26 27 28 29 2a 2b 2c 2d 2e 2f 30 31 32 33 34 35 36 37 38 39 3a 3b 3c 3d 3e 3f 40 41 42 43 44 45 46 47 48 49 4a 4b 4c 4d 4e 4f 50 51 52 53 54 55 56 57 58 59 5a 5b 5c 5d 5e 5f 60 61 62 63 64 65 66 67 68 69 6a 6b 6c 6d 6e 6f 70 71 72 73 74 75 76 77 78 79 7a 7b 7c 7d 7e 7f 80 81 82 83 84 85 86 87 88 89 8a 8b 8c 8d 8e 8f 90 91 92 93 94 95 96 97 98 99 9a 9b 9c 9d 9e 9f a0 a1 a2 a3 a4 a5 a6 a7 a8 a9 aa ab ac ad ae af b0 b1 b2 b3 b4 b5 b6 b7 b8 b9 ba bb bc bd be bf c0 c1 c2 c3 c4 c5 c6 c7 c8 c9 ca cb cc cd ce cf d0 d1 d2 d3 d4 d5 d6 d7 d8 d9 da db dc dd de df e0 e1 e2 e3 e4 e5 e6 e7 e8 e9 ea eb ec ed ee ef f0 f1 f2 f3 f4 f5 f6 f7 f8 f9 fa fb fc fd fe ff 
 0  1  2 55  4 44 aa b9  8 6c 88 b6 83 dd a5 3b 10 87 d8 73 c7 30 bb -- d1 96 6d -- 9d -- 76 -- 20 -- d9 -- 67 2a e6 4f 59 43 60 -- a1 -- -- f0 75 -- fb -- da -- -- -- ed d7 -- -- ec de -- 8d 40 dc -- -- 65 -- -- e1 ce -- 54  c 1b a9 9e 11 b2 -- 86 -- c0 -- -- -- 95 2d -- -- -- b4 37 -- ea -- -- -- 21 -- -- 77 63 ae -- df -- -- -- --  d 61 79 16 -- -- -- --  f b1 6b -- -- -- cd -- 80 -- 6f ad -- -- -- -- ca -- -- 78 -- -- 15 cc 4b -- -- -- a8 d2 18 -- 36 5b 85 f6 eb c1 22 b7 b3 -- -- -- db  b -- -- 57 84 -- -- -- -- -- d0 fd -- 5a -- -- -- -- -- --  6 bf e3 6e -- -- 9b  3 9a -- a6 -- -- -- -- 42 -- -- 68 -- -- ee -- c6 7b 8b b0 -- -- 69 -- -- 3c -- 66 -- bd -- -- 1a -- c2 -- f2 -- 2c -- -- -- -- -- -- -- -- -- 1e 33 b5 -- d6 58 -- -- -- 34 -- -- 4d 53 -- -- 

solutions so far:0 maxDepth:9 
iterations:43131735  skipped: 44 
Depth skipped: 
0 0 44 0 0 0 0 0 0 0 0 0 0 0 0 0 0 0 0 0 0 0 0 0 0 0 0 0 0 0 0 0 

running time: 4500 sec
 depth:6
 0  1  2  3  4  5  6  7  8  9  a  b  c  d  e  f 10 11 12 13 14 15 16 17 18 19 1a 1b 1c 1d 1e 1f 20 21 22 23 24 25 26 27 28 29 2a 2b 2c 2d 2e 2f 30 31 32 33 34 35 36 37 38 39 3a 3b 3c 3d 3e 3f 40 41 42 43 44 45 46 47 48 49 4a 4b 4c 4d 4e 4f 50 51 52 53 54 55 56 57 58 59 5a 5b 5c 5d 5e 5f 60 61 62 63 64 65 66 67 68 69 6a 6b 6c 6d 6e 6f 70 71 72 73 74 75 76 77 78 79 7a 7b 7c 7d 7e 7f 80 81 82 83 84 85 86 87 88 89 8a 8b 8c 8d 8e 8f 90 91 92 93 94 95 96 97 98 99 9a 9b 9c 9d 9e 9f a0 a1 a2 a3 a4 a5 a6 a7 a8 a9 aa ab ac ad ae af b0 b1 b2 b3 b4 b5 b6 b7 b8 b9 ba bb bc bd be bf c0 c1 c2 c3 c4 c5 c6 c7 c8 c9 ca cb cc cd ce cf d0 d1 d2 d3 d4 d5 d6 d7 d8 d9 da db dc dd de df e0 e1 e2 e3 e4 e5 e6 e7 e8 e9 ea eb ec ed ee ef f0 f1 f2 f3 f4 f5 f6 f7 f8 f9 fa fb fc fd fe ff 
 0  1  2 55  4 37 aa c9  8 9b 6e 27 83 72 45 -- 10 -- e1 61 dc 30 4e -- d1 a8 e4 -- 8a -- -- -- 20 -- -- -- 15 -- c2 4f 6f -- 60 -- 9c -- -- -- 75 -- 87 -- 1f -- -- -- c3 d7 -- -- -- -- -- 76 40 -- -- -- -- -- -- -- 2a -- --  c 53 f7 9e 78 de -- -- -- c0 -- -- -- ef 12 -- -- -- 48 -- -- ea -- -- -- d9 -- -- 6a 3e ae -- 43 -- -- -- -- 51 -- 79 fe -- -- -- -- -- d6 -- -- -- -- ec -- 80 -- -- 3b -- -- -- -- -- -- -- -- -- -- -- cc 54 -- -- -- -- db 18 -- a6 f8 39 -- eb c1 f0 8f 6b -- -- -- -- 7f -- -- 57 ca -- -- -- -- -- 35  9 -- 24 -- -- -- -- -- --  6 90 3c -- -- -- --  3 1e -- -- -- -- -- -- 65 -- -- f1 -- -- d4 -- 7c -- 8b ac -- -- 86 -- -- -- -- 66 -- f6 -- -- a2 -- -- -- f2 -- 2b -- -- -- -- -- -- -- -- -- -- 33 7b -- -- 56 -- -- -- 93 -- --  f -- -- -- 

solutions so far:0 maxDepth:9 
iterations:47228100  skipped: 46 
Depth skipped: 
0 0 46 0 0 0 0 0 0 0 0 0 0 0 0 0 0 0 0 0 0 0 0 0 0 0 0 0 0 0 0 0 

running time: 4800 sec
 depth:7
 0  1  2  3  4  5  6  7  8  9  a  b  c  d  e  f 10 11 12 13 14 15 16 17 18 19 1a 1b 1c 1d 1e 1f 20 21 22 23 24 25 26 27 28 29 2a 2b 2c 2d 2e 2f 30 31 32 33 34 35 36 37 38 39 3a 3b 3c 3d 3e 3f 40 41 42 43 44 45 46 47 48 49 4a 4b 4c 4d 4e 4f 50 51 52 53 54 55 56 57 58 59 5a 5b 5c 5d 5e 5f 60 61 62 63 64 65 66 67 68 69 6a 6b 6c 6d 6e 6f 70 71 72 73 74 75 76 77 78 79 7a 7b 7c 7d 7e 7f 80 81 82 83 84 85 86 87 88 89 8a 8b 8c 8d 8e 8f 90 91 92 93 94 95 96 97 98 99 9a 9b 9c 9d 9e 9f a0 a1 a2 a3 a4 a5 a6 a7 a8 a9 aa ab ac ad ae af b0 b1 b2 b3 b4 b5 b6 b7 b8 b9 ba bb bc bd be bf c0 c1 c2 c3 c4 c5 c6 c7 c8 c9 ca cb cc cd ce cf d0 d1 d2 d3 d4 d5 d6 d7 d8 d9 da db dc dd de df e0 e1 e2 e3 e4 e5 e6 e7 e8 e9 ea eb ec ed ee ef f0 f1 f2 f3 f4 f5 f6 f7 f8 f9 fa fb fc fd fe ff 
 0  1  2 55  4 25 aa 70  8 65 4a 76 83 de e0 73 10 -- ca 54 94 30 ec -- d1 61 6b -- 17 -- e6 -- 20 -- -- -- 43 -- a8 4f ff -- 60 --  f -- -- ce 75 -- c2 -- d6 -- -- -- 2e d7 -- -- 1b 42 --  a 40 fb -- -- -- -- -- -- 86 -- --  c 87 dc 9e 97 29 -- -- -- c0 -- -- -- 1e 78 -- -- -- 37 4b -- ea -- -- -- 53 -- -- 1d 7b ae -- e1 -- -- -- -- 5c -- 79 e8 -- -- -- -- 36 a4 84 -- -- -- 14 -- 80 -- 21  5 -- -- -- -- -- -- -- 67 -- -- -- cc db -- -- -- -- 2a 18 -- d9 3b 6f d2 eb c1 f9 38 52 -- -- -- -- 74 -- -- 57 9b -- -- -- -- -- e5 3c -- f0 -- -- -- -- -- --  6 6e a0 96 -- -- --  3 50 -- -- -- -- -- -- a6 -- -- 99 -- -- 3a -- f6 69 8b 1c -- -- 15 -- -- d8 -- 66 -- e9 -- -- b8 -- -- -- f2 --  7 -- -- -- -- -- -- -- -- -- 6c 33 9f -- df  e -- -- -- a7 -- -- 28 -- -- -- 

solutions so far:0 maxDepth:9 
iterations:51615336  skipped: 50 
Depth skipped: 
0 0 50 0 0 0 0 0 0 0 0 0 0 0 0 0 0 0 0 0 0 0 0 0 0 0 0 0 0 0 0 0 

running time: 5100 sec
 depth:7
 0  1  2  3  4  5  6  7  8  9  a  b  c  d  e  f 10 11 12 13 14 15 16 17 18 19 1a 1b 1c 1d 1e 1f 20 21 22 23 24 25 26 27 28 29 2a 2b 2c 2d 2e 2f 30 31 32 33 34 35 36 37 38 39 3a 3b 3c 3d 3e 3f 40 41 42 43 44 45 46 47 48 49 4a 4b 4c 4d 4e 4f 50 51 52 53 54 55 56 57 58 59 5a 5b 5c 5d 5e 5f 60 61 62 63 64 65 66 67 68 69 6a 6b 6c 6d 6e 6f 70 71 72 73 74 75 76 77 78 79 7a 7b 7c 7d 7e 7f 80 81 82 83 84 85 86 87 88 89 8a 8b 8c 8d 8e 8f 90 91 92 93 94 95 96 97 98 99 9a 9b 9c 9d 9e 9f a0 a1 a2 a3 a4 a5 a6 a7 a8 a9 aa ab ac ad ae af b0 b1 b2 b3 b4 b5 b6 b7 b8 b9 ba bb bc bd be bf c0 c1 c2 c3 c4 c5 c6 c7 c8 c9 ca cb cc cd ce cf d0 d1 d2 d3 d4 d5 d6 d7 d8 d9 da db dc dd de df e0 e1 e2 e3 e4 e5 e6 e7 e8 e9 ea eb ec ed ee ef f0 f1 f2 f3 f4 f5 f6 f7 f8 f9 fa fb fc fd fe ff 
 0  1  2 55  4 11 aa 39  8 69 22 51 83 ac 72 2f 10 -- d2 21 44 30 a2 -- d1 36 8f -- e4 -- 5e -- 20 -- -- -- 73 -- 42 4f 88 -- 60 -- 93 -- -- ba 75 -- 6c -- c9 -- -- -- 1f d7 -- -- bc 7a -- bd 40 f5 -- -- -- -- -- -- e6 -- --  c 84 2b 9e 9a c7 -- -- -- c0 -- -- -- f1 6a -- -- -- 7f a3 -- ea -- -- -- d8 -- -- 9c 45 ae -- 4b -- -- -- -- 3e -- 79 12 -- -- -- -- af b2 f4 -- -- -- ad -- 80 -- 3d b5 -- -- -- -- -- -- -- 5d -- -- -- cc 1b -- -- -- -- fb 18 -- df c3 56 fc eb c1 e3 f7 59 -- -- -- --  9 -- -- 57 ce -- -- -- -- -- 4e 35 -- d4 -- -- -- -- -- --  6 fe 4d 91 -- -- --  3 cd -- -- -- -- -- -- 67 -- -- 27 -- -- ef -- 8a 7e 8b 90 -- -- 96 -- -- c5 -- 66 -- b1 -- -- 7c -- -- -- f2 -- 24 -- -- -- -- -- -- -- -- -- 89 33 b3 -- 3f 48 -- -- -- f8 -- -- 8d -- -- -- 

solutions so far:0 maxDepth:9 
iterations:57153913  skipped: 55 
Depth skipped: 
0 0 55 0 0 0 0 0 0 0 0 0 0 0 0 0 0 0 0 0 0 0 0 0 0 0 0 0 0 0 0 0 

running time: 5400 sec

Finished. Total running time: 5500 sec
