Search S-boxes invariant for matrices: 
{0x00,0x02,0x04,0x06,0x08,0x0a,0x0c,0x0e,0x10,0x12,0x14,0x16,0x18,0x1a,0x1c,0x1e,0x20,0x22,0x24,0x26,0x28,0x2a,0x2c,0x2e,0x30,0x32,0x34,0x36,0x38,0x3a,0x3c,0x3e,0x40,0x42,0x44,0x46,0x48,0x4a,0x4c,0x4e,0x50,0x52,0x54,0x56,0x58,0x5a,0x5c,0x5e,0x60,0x62,0x64,0x66,0x68,0x6a,0x6c,0x6e,0x70,0x72,0x74,0x76,0x78,0x7a,0x7c,0x7e,0x80,0x82,0x84,0x86,0x88,0x8a,0x8c,0x8e,0x90,0x92,0x94,0x96,0x98,0x9a,0x9c,0x9e,0xa0,0xa2,0xa4,0xa6,0xa8,0xaa,0xac,0xae,0xb0,0xb2,0xb4,0xb6,0xb8,0xba,0xbc,0xbe,0xc0,0xc2,0xc4,0xc6,0xc8,0xca,0xcc,0xce,0xd0,0xd2,0xd4,0xd6,0xd8,0xda,0xdc,0xde,0xe0,0xe2,0xe4,0xe6,0xe8,0xea,0xec,0xee,0xf0,0xf2,0xf4,0xf6,0xf8,0xfa,0xfc,0xfe,0x39,0x3b,0x3d,0x3f,0x31,0x33,0x35,0x37,0x29,0x2b,0x2d,0x2f,0x21,0x23,0x25,0x27,0x19,0x1b,0x1d,0x1f,0x11,0x13,0x15,0x17,0x09,0x0b,0x0d,0x0f,0x01,0x03,0x05,0x07,0x79,0x7b,0x7d,0x7f,0x71,0x73,0x75,0x77,0x69,0x6b,0x6d,0x6f,0x61,0x63,0x65,0x67,0x59,0x5b,0x5d,0x5f,0x51,0x53,0x55,0x57,0x49,0x4b,0x4d,0x4f,0x41,0x43,0x45,0x47,0xb9,0xbb,0xbd,0xbf,0xb1,0xb3,0xb5,0xb7,0xa9,0xab,0xad,0xaf,0xa1,0xa3,0xa5,0xa7,0x99,0x9b,0x9d,0x9f,0x91,0x93,0x95,0x97,0x89,0x8b,0x8d,0x8f,0x81,0x83,0x85,0x87,0xf9,0xfb,0xfd,0xff,0xf1,0xf3,0xf5,0xf7,0xe9,0xeb,0xed,0xef,0xe1,0xe3,0xe5,0xe7,0xd9,0xdb,0xdd,0xdf,0xd1,0xd3,0xd5,0xd7,0xc9,0xcb,0xcd,0xcf,0xc1,0xc3,0xc5,0xc7};
{0x00,0x02,0x04,0x06,0x08,0x0a,0x0c,0x0e,0x10,0x12,0x14,0x16,0x18,0x1a,0x1c,0x1e,0x20,0x22,0x24,0x26,0x28,0x2a,0x2c,0x2e,0x30,0x32,0x34,0x36,0x38,0x3a,0x3c,0x3e,0x40,0x42,0x44,0x46,0x48,0x4a,0x4c,0x4e,0x50,0x52,0x54,0x56,0x58,0x5a,0x5c,0x5e,0x60,0x62,0x64,0x66,0x68,0x6a,0x6c,0x6e,0x70,0x72,0x74,0x76,0x78,0x7a,0x7c,0x7e,0x80,0x82,0x84,0x86,0x88,0x8a,0x8c,0x8e,0x90,0x92,0x94,0x96,0x98,0x9a,0x9c,0x9e,0xa0,0xa2,0xa4,0xa6,0xa8,0xaa,0xac,0xae,0xb0,0xb2,0xb4,0xb6,0xb8,0xba,0xbc,0xbe,0xc0,0xc2,0xc4,0xc6,0xc8,0xca,0xcc,0xce,0xd0,0xd2,0xd4,0xd6,0xd8,0xda,0xdc,0xde,0xe0,0xe2,0xe4,0xe6,0xe8,0xea,0xec,0xee,0xf0,0xf2,0xf4,0xf6,0xf8,0xfa,0xfc,0xfe,0xd7,0xd5,0xd3,0xd1,0xdf,0xdd,0xdb,0xd9,0xc7,0xc5,0xc3,0xc1,0xcf,0xcd,0xcb,0xc9,0xf7,0xf5,0xf3,0xf1,0xff,0xfd,0xfb,0xf9,0xe7,0xe5,0xe3,0xe1,0xef,0xed,0xeb,0xe9,0x97,0x95,0x93,0x91,0x9f,0x9d,0x9b,0x99,0x87,0x85,0x83,0x81,0x8f,0x8d,0x8b,0x89,0xb7,0xb5,0xb3,0xb1,0xbf,0xbd,0xbb,0xb9,0xa7,0xa5,0xa3,0xa1,0xaf,0xad,0xab,0xa9,0x57,0x55,0x53,0x51,0x5f,0x5d,0x5b,0x59,0x47,0x45,0x43,0x41,0x4f,0x4d,0x4b,0x49,0x77,0x75,0x73,0x71,0x7f,0x7d,0x7b,0x79,0x67,0x65,0x63,0x61,0x6f,0x6d,0x6b,0x69,0x17,0x15,0x13,0x11,0x1f,0x1d,0x1b,0x19,0x07,0x05,0x03,0x01,0x0f,0x0d,0x0b,0x09,0x37,0x35,0x33,0x31,0x3f,0x3d,0x3b,0x39,0x27,0x25,0x23,0x21,0x2f,0x2d,0x2b,0x29};



 depth:7
 0  1  2  3  4  5  6  7  8  9  a  b  c  d  e  f 10 11 12 13 14 15 16 17 18 19 1a 1b 1c 1d 1e 1f 20 21 22 23 24 25 26 27 28 29 2a 2b 2c 2d 2e 2f 30 31 32 33 34 35 36 37 38 39 3a 3b 3c 3d 3e 3f 40 41 42 43 44 45 46 47 48 49 4a 4b 4c 4d 4e 4f 50 51 52 53 54 55 56 57 58 59 5a 5b 5c 5d 5e 5f 60 61 62 63 64 65 66 67 68 69 6a 6b 6c 6d 6e 6f 70 71 72 73 74 75 76 77 78 79 7a 7b 7c 7d 7e 7f 80 81 82 83 84 85 86 87 88 89 8a 8b 8c 8d 8e 8f 90 91 92 93 94 95 96 97 98 99 9a 9b 9c 9d 9e 9f a0 a1 a2 a3 a4 a5 a6 a7 a8 a9 aa ab ac ad ae af b0 b1 b2 b3 b4 b5 b6 b7 b8 b9 ba bb bc bd be bf c0 c1 c2 c3 c4 c5 c6 c7 c8 c9 ca cb cc cd ce cf d0 d1 d2 d3 d4 d5 d6 d7 d8 d9 da db dc dd de df e0 e1 e2 e3 e4 e5 e6 e7 e8 e9 ea eb ec ed ee ef f0 f1 f2 f3 f4 f5 f6 f7 f8 f9 fa fb fc fd fe ff 
 0  1  2 57  4 f4 ae 63  8 6b 3f 17 8b  7 c6 53 10 -- d6 6e 7e  3 2e -- c1 76  e -- 5b -- a6 -- 20 -- -- -- 7b -- dc 4f fc --  6 -- 5c -- -- a8 55 -- ec -- 1c -- -- -- b6 d7 -- -- 9b 43 -- 5d 40 65 -- -- -- -- -- -- f6 -- -- 75 6f 74 9e 3d 2f -- -- --  c -- -- -- b8 99 -- -- -- 1d 87 -- aa -- -- --  f -- -- 5a 38 30 -- 78 -- -- -- -- bb -- 79 a9 -- -- -- -- e1 bc 86 -- -- -- ba -- 80 -- ca c5 -- -- -- -- -- -- -- 54 -- -- -- cc 3b -- -- -- -- 37 ea -- de e0 e8 c2 eb c0 7a da 5e -- -- -- -- bf -- -- 18 3c -- -- -- -- -- 2d a7 -- e5 -- -- -- -- -- -- d1 3a f5 d9 -- -- -- 83 91 -- -- -- -- -- -- 1e -- -- fd -- -- b4 -- 70 61 60 6d -- -- f0 -- -- 2a -- 66 -- 89 -- -- a1 -- -- -- f2 -- 85 -- -- -- -- -- -- -- -- -- 15 33 af -- db dd -- -- -- 95 -- -- a3 -- -- -- 

solutions so far:0 maxDepth:9 
iterations:2997997  skipped: 3 
Depth skipped: 
0 0 3 0 0 0 0 0 0 0 0 0 0 0 0 0 0 0 0 0 0 0 0 0 0 0 0 0 0 0 0 0 

running time: 300 sec
 depth:6
 0  1  2  3  4  5  6  7  8  9  a  b  c  d  e  f 10 11 12 13 14 15 16 17 18 19 1a 1b 1c 1d 1e 1f 20 21 22 23 24 25 26 27 28 29 2a 2b 2c 2d 2e 2f 30 31 32 33 34 35 36 37 38 39 3a 3b 3c 3d 3e 3f 40 41 42 43 44 45 46 47 48 49 4a 4b 4c 4d 4e 4f 50 51 52 53 54 55 56 57 58 59 5a 5b 5c 5d 5e 5f 60 61 62 63 64 65 66 67 68 69 6a 6b 6c 6d 6e 6f 70 71 72 73 74 75 76 77 78 79 7a 7b 7c 7d 7e 7f 80 81 82 83 84 85 86 87 88 89 8a 8b 8c 8d 8e 8f 90 91 92 93 94 95 96 97 98 99 9a 9b 9c 9d 9e 9f a0 a1 a2 a3 a4 a5 a6 a7 a8 a9 aa ab ac ad ae af b0 b1 b2 b3 b4 b5 b6 b7 b8 b9 ba bb bc bd be bf c0 c1 c2 c3 c4 c5 c6 c7 c8 c9 ca cb cc cd ce cf d0 d1 d2 d3 d4 d5 d6 d7 d8 d9 da db dc dd de df e0 e1 e2 e3 e4 e5 e6 e7 e8 e9 ea eb ec ed ee ef f0 f1 f2 f3 f4 f5 f6 f7 f8 f9 fa fb fc fd fe ff 
 0  1  2 57  4 e9 ae 21  8 7e  5 be 8b 92 42 -- 10 -- fc 3d  a  3 ab -- c1 af f3 -- 84 -- -- -- 20 -- -- -- 2f -- 7a 4f 14 --  6 -- 81 -- -- -- 55 -- 89 -- 31 -- -- -- df d7 -- -- -- -- -- 4a 40 -- -- -- -- -- -- -- 5e -- -- 75 f4 cf 9e a4 28 -- -- --  c -- -- -- d5 fa -- -- -- 46 -- -- aa -- -- -- c5 -- -- 36 62 30 -- a3 -- -- -- -- 69 -- 79 67 -- -- -- -- -- a0 -- -- -- -- 94 -- 80 -- -- 25 -- -- -- -- -- -- -- -- -- -- -- cc bc -- -- -- -- f5 ea -- 3f 5f 49 -- eb c0 9f fb 50 -- -- -- -- d8 -- -- 18 ba -- -- -- -- -- 1b 7d -- 23 -- -- -- -- -- -- d1 8c 52 -- -- -- -- 83 29 -- -- -- -- -- -- 5d -- -- e6 -- -- 6c -- c4 -- 60 96 -- -- 91 -- -- -- -- 66 -- f9 -- -- d2 -- -- -- f2 -- ce -- -- -- -- -- -- -- -- -- -- 33 97 -- -- 4b -- -- -- 73 -- -- ff -- -- -- 

solutions so far:0 maxDepth:9 
iterations:5349204  skipped: 6 
Depth skipped: 
0 0 6 0 0 0 0 0 0 0 0 0 0 0 0 0 0 0 0 0 0 0 0 0 0 0 0 0 0 0 0 0 

running time: 600 sec
 depth:7
 0  1  2  3  4  5  6  7  8  9  a  b  c  d  e  f 10 11 12 13 14 15 16 17 18 19 1a 1b 1c 1d 1e 1f 20 21 22 23 24 25 26 27 28 29 2a 2b 2c 2d 2e 2f 30 31 32 33 34 35 36 37 38 39 3a 3b 3c 3d 3e 3f 40 41 42 43 44 45 46 47 48 49 4a 4b 4c 4d 4e 4f 50 51 52 53 54 55 56 57 58 59 5a 5b 5c 5d 5e 5f 60 61 62 63 64 65 66 67 68 69 6a 6b 6c 6d 6e 6f 70 71 72 73 74 75 76 77 78 79 7a 7b 7c 7d 7e 7f 80 81 82 83 84 85 86 87 88 89 8a 8b 8c 8d 8e 8f 90 91 92 93 94 95 96 97 98 99 9a 9b 9c 9d 9e 9f a0 a1 a2 a3 a4 a5 a6 a7 a8 a9 aa ab ac ad ae af b0 b1 b2 b3 b4 b5 b6 b7 b8 b9 ba bb bc bd be bf c0 c1 c2 c3 c4 c5 c6 c7 c8 c9 ca cb cc cd ce cf d0 d1 d2 d3 d4 d5 d6 d7 d8 d9 da db dc dd de df e0 e1 e2 e3 e4 e5 e6 e7 e8 e9 ea eb ec ed ee ef f0 f1 f2 f3 f4 f5 f6 f7 f8 f9 fa fb fc fd fe ff 
 0  1  2 57  4 d9 ae 96  8 b2 65 be 8b 92 fb 71 10 -- b3 44 ca  3 ab -- c1 ad f3 -- 21 -- e2 -- 20 -- -- -- b1 -- 88 4f 43 --  6 -- 81 -- -- 19 55 -- 8d -- 31 -- -- -- 42 d7 -- -- 13 8e -- 9b 40 c8 -- -- -- -- -- -- b5 -- -- 75 c7 cf 9e a8 86 -- -- --  c -- -- -- d5 fa -- -- -- 46 32 -- aa -- -- -- cd -- -- e6 62 30 -- e3 -- -- -- -- 84 -- 79 6c -- -- -- -- 26 61 cb -- -- -- e1 -- 80 -- 47 a6 -- -- -- -- -- -- -- e7 -- -- -- cc bd -- -- -- -- 22 ea -- 59 5f 49 d3 eb c0 87 4b db -- -- -- -- 36 -- -- 18 9a -- -- -- -- -- 73 7d -- 23 -- -- -- -- -- -- d1 8c 54 64 -- -- -- 83 2a -- -- -- -- -- -- 4d -- -- d2 -- -- 1b -- c4 82 60 ce -- -- 11 -- -- 98 -- 66 -- 53 -- -- df -- -- -- f2 -- d8 -- -- -- -- -- -- -- -- -- 4c 33 c2 -- 41 67 -- -- -- 69 -- -- 15 -- -- -- 

solutions so far:0 maxDepth:9 
iterations:8378234  skipped: 12 
Depth skipped: 
0 0 12 0 0 0 0 0 0 0 0 0 0 0 0 0 0 0 0 0 0 0 0 0 0 0 0 0 0 0 0 0 

running time: 900 sec
 depth:7
 0  1  2  3  4  5  6  7  8  9  a  b  c  d  e  f 10 11 12 13 14 15 16 17 18 19 1a 1b 1c 1d 1e 1f 20 21 22 23 24 25 26 27 28 29 2a 2b 2c 2d 2e 2f 30 31 32 33 34 35 36 37 38 39 3a 3b 3c 3d 3e 3f 40 41 42 43 44 45 46 47 48 49 4a 4b 4c 4d 4e 4f 50 51 52 53 54 55 56 57 58 59 5a 5b 5c 5d 5e 5f 60 61 62 63 64 65 66 67 68 69 6a 6b 6c 6d 6e 6f 70 71 72 73 74 75 76 77 78 79 7a 7b 7c 7d 7e 7f 80 81 82 83 84 85 86 87 88 89 8a 8b 8c 8d 8e 8f 90 91 92 93 94 95 96 97 98 99 9a 9b 9c 9d 9e 9f a0 a1 a2 a3 a4 a5 a6 a7 a8 a9 aa ab ac ad ae af b0 b1 b2 b3 b4 b5 b6 b7 b8 b9 ba bb bc bd be bf c0 c1 c2 c3 c4 c5 c6 c7 c8 c9 ca cb cc cd ce cf d0 d1 d2 d3 d4 d5 d6 d7 d8 d9 da db dc dd de df e0 e1 e2 e3 e4 e5 e6 e7 e8 e9 ea eb ec ed ee ef f0 f1 f2 f3 f4 f5 f6 f7 f8 f9 fa fb fc fd fe ff 
 0  1  2 57  4 ce ae 3c  8 b0 4b 5e 8b 7a 78 32 10 -- b7  b 96  3 bc -- c1 ed f4 -- f0 -- 64 -- 20 -- -- -- b9 -- 16 4f fb --  6 -- af -- -- 82 55 --  d -- 3f -- -- -- 37 d7 -- -- c8 26 -- 73 40 e2 -- -- -- -- -- -- a5 -- -- 75 2c f5 9e d8 21 -- -- --  c -- -- -- 89 5d -- -- -- a3 d3 -- aa -- -- -- 1a -- -- d6 7e 30 -- d0 -- -- -- -- 6e -- 79 3b -- -- -- -- 47 84 4c -- -- -- e6 -- 80 -- 13 d2 -- -- -- -- -- -- -- 41 -- -- -- cc 9d -- -- -- -- ee ea -- 58 2f 3d 19 eb c0 67 1e 42 -- -- -- -- f6 -- -- 18 68 -- -- -- -- -- 6b c5 -- ba -- -- -- -- -- -- d1 91 6c 71 -- -- -- 83 36 -- -- -- -- -- -- 34 -- -- de -- -- 7b -- fc e7 60  f -- -- 77 -- -- cb -- 66 -- 69 -- -- dc -- -- -- f2 -- 76 -- -- -- -- -- -- -- -- -- 8e 33 df -- 98 ec -- -- -- 6f -- -- 1b -- -- -- 

solutions so far:0 maxDepth:9 
iterations:11309309  skipped: 15 
Depth skipped: 
0 0 15 0 0 0 0 0 0 0 0 0 0 0 0 0 0 0 0 0 0 0 0 0 0 0 0 0 0 0 0 0 

running time: 1200 sec
 depth:7
 0  1  2  3  4  5  6  7  8  9  a  b  c  d  e  f 10 11 12 13 14 15 16 17 18 19 1a 1b 1c 1d 1e 1f 20 21 22 23 24 25 26 27 28 29 2a 2b 2c 2d 2e 2f 30 31 32 33 34 35 36 37 38 39 3a 3b 3c 3d 3e 3f 40 41 42 43 44 45 46 47 48 49 4a 4b 4c 4d 4e 4f 50 51 52 53 54 55 56 57 58 59 5a 5b 5c 5d 5e 5f 60 61 62 63 64 65 66 67 68 69 6a 6b 6c 6d 6e 6f 70 71 72 73 74 75 76 77 78 79 7a 7b 7c 7d 7e 7f 80 81 82 83 84 85 86 87 88 89 8a 8b 8c 8d 8e 8f 90 91 92 93 94 95 96 97 98 99 9a 9b 9c 9d 9e 9f a0 a1 a2 a3 a4 a5 a6 a7 a8 a9 aa ab ac ad ae af b0 b1 b2 b3 b4 b5 b6 b7 b8 b9 ba bb bc bd be bf c0 c1 c2 c3 c4 c5 c6 c7 c8 c9 ca cb cc cd ce cf d0 d1 d2 d3 d4 d5 d6 d7 d8 d9 da db dc dd de df e0 e1 e2 e3 e4 e5 e6 e7 e8 e9 ea eb ec ed ee ef f0 f1 f2 f3 f4 f5 f6 f7 f8 f9 fa fb fc fd fe ff 
 0  1  2 57  4 c4 ae ad  8 1b 5f ca 8b 2a 8d 68 10 -- 36 69 be  3 43 -- c1 ce 54 -- cd -- d0 -- 20 -- -- -- 6c -- d2 4f ab --  6 -- 86 -- -- 58 55 -- 4b -- a8 -- -- -- 4d d7 -- -- 77 9d -- 8c 40 b9 -- -- -- -- -- -- d8 -- -- 75 73 e1 9e 31 81 -- -- --  c -- -- -- db c2 -- -- -- a6 b0 -- aa -- -- -- 96 -- -- 88 87 30 -- 42 -- -- -- -- 9a -- 79 b2 -- -- -- -- ee 7d ed -- -- -- cf -- 80 -- a5 46 -- -- -- -- -- -- -- 2c -- -- -- cc 67 -- -- -- -- df ea -- e6 65 15 34 eb c0 62 bd d5 -- -- -- -- 59 -- -- 18 21 -- -- -- -- -- 44 61 -- 53 -- -- -- -- -- -- d1 9b f3 b7 -- -- -- 83 92 -- -- -- -- -- -- fb -- -- 22 -- -- c7 -- d9 1a 60 b5 -- -- 84 -- -- 16 -- 66 -- 23 -- -- e3 -- -- -- f2 -- b3 -- -- -- -- -- -- -- -- --  b 33 fa --  d b1 -- -- -- 11 -- -- 49 -- -- -- 

solutions so far:0 maxDepth:9 
iterations:13444478  skipped: 16 
Depth skipped: 
0 0 16 0 0 0 0 0 0 0 0 0 0 0 0 0 0 0 0 0 0 0 0 0 0 0 0 0 0 0 0 0 

running time: 1500 sec
 depth:7
 0  1  2  3  4  5  6  7  8  9  a  b  c  d  e  f 10 11 12 13 14 15 16 17 18 19 1a 1b 1c 1d 1e 1f 20 21 22 23 24 25 26 27 28 29 2a 2b 2c 2d 2e 2f 30 31 32 33 34 35 36 37 38 39 3a 3b 3c 3d 3e 3f 40 41 42 43 44 45 46 47 48 49 4a 4b 4c 4d 4e 4f 50 51 52 53 54 55 56 57 58 59 5a 5b 5c 5d 5e 5f 60 61 62 63 64 65 66 67 68 69 6a 6b 6c 6d 6e 6f 70 71 72 73 74 75 76 77 78 79 7a 7b 7c 7d 7e 7f 80 81 82 83 84 85 86 87 88 89 8a 8b 8c 8d 8e 8f 90 91 92 93 94 95 96 97 98 99 9a 9b 9c 9d 9e 9f a0 a1 a2 a3 a4 a5 a6 a7 a8 a9 aa ab ac ad ae af b0 b1 b2 b3 b4 b5 b6 b7 b8 b9 ba bb bc bd be bf c0 c1 c2 c3 c4 c5 c6 c7 c8 c9 ca cb cc cd ce cf d0 d1 d2 d3 d4 d5 d6 d7 d8 d9 da db dc dd de df e0 e1 e2 e3 e4 e5 e6 e7 e8 e9 ea eb ec ed ee ef f0 f1 f2 f3 f4 f5 f6 f7 f8 f9 fa fb fc fd fe ff 
 0  1  2 57  4 bc ae 39  8 fe af e0 8b e8 72 c2 10 -- 2b 35 89  3 17 -- c1 c9  7 -- e4 -- 53 -- 20 -- -- -- 56 -- 6a 4f c5 --  6 -- 2e -- -- 54 55 -- 45 --  e -- -- -- 1f d7 -- -- a6 ca -- 7a 40 d9 -- -- -- -- -- -- ac -- -- 75 d4 3a 9e 2f 5d -- -- --  c -- -- -- 5c a7 -- -- -- e5 a8 -- aa -- -- -- 8a -- -- 9c 1c 30 -- a2 -- -- -- -- 3e -- 79 12 -- -- -- -- 9b a3 43 -- -- -- f4 -- 80 -- 65 3d -- -- -- -- -- -- -- 2a -- -- -- cc 8f -- -- -- -- f1 ea -- 7f 70 74 61 eb c0 5e f7 ba -- -- -- --  9 -- -- 18 51 -- -- -- -- -- 4e b8 -- 99 -- -- -- -- -- -- d1 1d fc 87 -- -- -- 83 7e -- -- -- -- -- -- c3 -- -- 27 -- -- ef -- 38 db 60 90 -- -- 93 -- -- 15 -- 66 -- f5 -- -- 7c -- -- -- f2 -- 24 -- -- -- -- -- -- -- -- -- e1 33 91 -- 86 48 -- -- -- f8 -- -- 3f -- -- -- 

solutions so far:0 maxDepth:9 
iterations:15940275  skipped: 16 
Depth skipped: 
0 0 16 0 0 0 0 0 0 0 0 0 0 0 0 0 0 0 0 0 0 0 0 0 0 0 0 0 0 0 0 0 

running time: 1800 sec
 depth:6
 0  1  2  3  4  5  6  7  8  9  a  b  c  d  e  f 10 11 12 13 14 15 16 17 18 19 1a 1b 1c 1d 1e 1f 20 21 22 23 24 25 26 27 28 29 2a 2b 2c 2d 2e 2f 30 31 32 33 34 35 36 37 38 39 3a 3b 3c 3d 3e 3f 40 41 42 43 44 45 46 47 48 49 4a 4b 4c 4d 4e 4f 50 51 52 53 54 55 56 57 58 59 5a 5b 5c 5d 5e 5f 60 61 62 63 64 65 66 67 68 69 6a 6b 6c 6d 6e 6f 70 71 72 73 74 75 76 77 78 79 7a 7b 7c 7d 7e 7f 80 81 82 83 84 85 86 87 88 89 8a 8b 8c 8d 8e 8f 90 91 92 93 94 95 96 97 98 99 9a 9b 9c 9d 9e 9f a0 a1 a2 a3 a4 a5 a6 a7 a8 a9 aa ab ac ad ae af b0 b1 b2 b3 b4 b5 b6 b7 b8 b9 ba bb bc bd be bf c0 c1 c2 c3 c4 c5 c6 c7 c8 c9 ca cb cc cd ce cf d0 d1 d2 d3 d4 d5 d6 d7 d8 d9 da db dc dd de df e0 e1 e2 e3 e4 e5 e6 e7 e8 e9 ea eb ec ed ee ef f0 f1 f2 f3 f4 f5 f6 f7 f8 f9 fa fb fc fd fe ff 
 0  1  2 57  4 b2 ae d6  8 bc b3 a9 8b 95 7b -- 10 -- af 7e b1  3 85 -- c1 ba fd -- f6 -- -- -- 20 -- -- -- 89 -- fc 4f b5 --  6 -- dd -- -- -- 55 -- a3 -- 2d -- -- -- 3b d7 -- -- -- -- -- e3 40 -- -- -- -- -- -- -- c5 -- -- 75 2f bb 9e c7 bd -- -- --  c -- -- -- 6d 63 -- -- -- 5b -- -- aa -- -- -- 91 -- -- 78 5a 30 -- 7a -- -- -- -- 76 -- 79 6e -- -- -- -- -- 8d -- -- -- -- 11 -- 80 -- -- 9a -- -- -- -- -- -- -- -- -- -- -- cc 5d -- -- -- -- 3f ea -- 5e bf a1 -- eb c0 59 6b ad -- -- -- -- 37 -- -- 18 3d -- -- -- -- -- 3c da -- c6 -- -- -- -- -- -- d1 b6 88 -- -- -- -- 83 44 -- -- -- -- -- -- f5 -- -- 1e -- -- f0 -- b4 -- 60 de -- -- f4 -- -- -- -- 66 -- 4d -- -- ec -- -- -- f2 -- dc -- -- -- -- -- -- -- -- -- -- 33 cd -- -- 6f -- -- --  f -- -- 22 -- -- -- 

solutions so far:0 maxDepth:9 
iterations:18432293  skipped: 20 
Depth skipped: 
0 0 20 0 0 0 0 0 0 0 0 0 0 0 0 0 0 0 0 0 0 0 0 0 0 0 0 0 0 0 0 0 

running time: 2100 sec
 depth:7
 0  1  2  3  4  5  6  7  8  9  a  b  c  d  e  f 10 11 12 13 14 15 16 17 18 19 1a 1b 1c 1d 1e 1f 20 21 22 23 24 25 26 27 28 29 2a 2b 2c 2d 2e 2f 30 31 32 33 34 35 36 37 38 39 3a 3b 3c 3d 3e 3f 40 41 42 43 44 45 46 47 48 49 4a 4b 4c 4d 4e 4f 50 51 52 53 54 55 56 57 58 59 5a 5b 5c 5d 5e 5f 60 61 62 63 64 65 66 67 68 69 6a 6b 6c 6d 6e 6f 70 71 72 73 74 75 76 77 78 79 7a 7b 7c 7d 7e 7f 80 81 82 83 84 85 86 87 88 89 8a 8b 8c 8d 8e 8f 90 91 92 93 94 95 96 97 98 99 9a 9b 9c 9d 9e 9f a0 a1 a2 a3 a4 a5 a6 a7 a8 a9 aa ab ac ad ae af b0 b1 b2 b3 b4 b5 b6 b7 b8 b9 ba bb bc bd be bf c0 c1 c2 c3 c4 c5 c6 c7 c8 c9 ca cb cc cd ce cf d0 d1 d2 d3 d4 d5 d6 d7 d8 d9 da db dc dd de df e0 e1 e2 e3 e4 e5 e6 e7 e8 e9 ea eb ec ed ee ef f0 f1 f2 f3 f4 f5 f6 f7 f8 f9 fa fb fc fd fe ff 
 0  1  2 57  4 a5 ae 8a  8 81 9d 39 8b  9 c3 61 10 -- d5 c4 ed  3 72 -- c1 46 12 -- 51 -- c2 -- 20 -- -- -- 7d -- 5f 4f  d --  6 -- e4 -- -- 2a 55 -- 8c -- 24 -- -- -- a2 d7 -- -- 53 65 --  b 40 87 -- -- -- -- -- -- fa -- -- 75 be 9c 9e b7 1a -- -- --  c -- -- -- 1f 7c -- -- -- 27 54 -- aa -- -- -- cf -- -- 7f 48 30 -- f3 -- -- -- -- 93 -- 79 56 -- -- -- -- a6 68 ca -- -- -- 16 -- 80 -- d9 ee -- -- -- -- -- -- -- 15 -- -- -- cc 23 -- -- -- -- 62 ea -- ab f7 ef db eb c0 b9 45 34 -- -- -- -- 2b -- -- 18 92 -- -- -- -- -- d4 3e -- f8 -- -- -- -- -- -- d1 4e b0 a8 -- -- -- 83 58 -- -- -- -- -- -- 49 -- -- 6a -- -- fe -- 90 86 60 c9 -- -- 31 -- -- e1 -- 66 -- 77 -- -- f1 -- -- -- f2 -- ac -- -- -- -- -- -- -- -- -- 9b 33 d0 -- 43 8f -- -- -- 35 -- -- 2c -- -- -- 

solutions so far:0 maxDepth:9 
iterations:20854756  skipped: 24 
Depth skipped: 
0 0 24 0 0 0 0 0 0 0 0 0 0 0 0 0 0 0 0 0 0 0 0 0 0 0 0 0 0 0 0 0 

running time: 2400 sec
 depth:6
 0  1  2  3  4  5  6  7  8  9  a  b  c  d  e  f 10 11 12 13 14 15 16 17 18 19 1a 1b 1c 1d 1e 1f 20 21 22 23 24 25 26 27 28 29 2a 2b 2c 2d 2e 2f 30 31 32 33 34 35 36 37 38 39 3a 3b 3c 3d 3e 3f 40 41 42 43 44 45 46 47 48 49 4a 4b 4c 4d 4e 4f 50 51 52 53 54 55 56 57 58 59 5a 5b 5c 5d 5e 5f 60 61 62 63 64 65 66 67 68 69 6a 6b 6c 6d 6e 6f 70 71 72 73 74 75 76 77 78 79 7a 7b 7c 7d 7e 7f 80 81 82 83 84 85 86 87 88 89 8a 8b 8c 8d 8e 8f 90 91 92 93 94 95 96 97 98 99 9a 9b 9c 9d 9e 9f a0 a1 a2 a3 a4 a5 a6 a7 a8 a9 aa ab ac ad ae af b0 b1 b2 b3 b4 b5 b6 b7 b8 b9 ba bb bc bd be bf c0 c1 c2 c3 c4 c5 c6 c7 c8 c9 ca cb cc cd ce cf d0 d1 d2 d3 d4 d5 d6 d7 d8 d9 da db dc dd de df e0 e1 e2 e3 e4 e5 e6 e7 e8 e9 ea eb ec ed ee ef f0 f1 f2 f3 f4 f5 f6 f7 f8 f9 fa fb fc fd fe ff 
 0  1  2 57  4 9d ae 6b  8 89 ed 39 8b  9 d6 -- 10 -- c5 2f  d  3 72 -- c1 91 12 -- 7b -- -- -- 20 -- -- -- 5d -- 5e 4f 1a --  6 -- e4 -- -- -- 55 -- f5 -- 24 -- -- -- f6 d7 -- -- -- -- -- 16 40 -- -- -- -- -- -- -- ba -- -- 75 bc 9c 9e b9 34 -- -- --  c -- -- -- 1f 7c -- -- -- 27 -- -- aa -- -- -- 3d -- -- 3c 48 30 -- 3f -- -- -- -- 3b -- 79 37 -- -- -- -- -- d0 -- -- -- -- 2c -- 80 -- --  b -- -- -- -- -- -- -- -- -- -- -- cc a3 -- -- -- -- fc ea -- af f7 ef -- eb c0 a5 de 68 -- -- -- -- f0 -- -- 18 f4 -- -- -- -- -- 1e 3e -- f8 -- -- -- -- -- -- d1 4e b7 -- -- -- -- 83 b0 -- -- -- -- -- -- 7a -- --  f -- -- 78 -- 90 -- 60 6f -- -- 7e -- -- -- -- 66 -- ee -- -- 76 -- -- -- f2 -- 6e -- -- -- -- -- -- -- -- -- -- 33 77 -- -- dc -- -- -- ec -- -- 58 -- -- -- 

solutions so far:0 maxDepth:10 
iterations:24122509  skipped: 24 
Depth skipped: 
0 0 24 0 0 0 0 0 0 0 0 0 0 0 0 0 0 0 0 0 0 0 0 0 0 0 0 0 0 0 0 0 

running time: 2700 sec
 depth:8
 0  1  2  3  4  5  6  7  8  9  a  b  c  d  e  f 10 11 12 13 14 15 16 17 18 19 1a 1b 1c 1d 1e 1f 20 21 22 23 24 25 26 27 28 29 2a 2b 2c 2d 2e 2f 30 31 32 33 34 35 36 37 38 39 3a 3b 3c 3d 3e 3f 40 41 42 43 44 45 46 47 48 49 4a 4b 4c 4d 4e 4f 50 51 52 53 54 55 56 57 58 59 5a 5b 5c 5d 5e 5f 60 61 62 63 64 65 66 67 68 69 6a 6b 6c 6d 6e 6f 70 71 72 73 74 75 76 77 78 79 7a 7b 7c 7d 7e 7f 80 81 82 83 84 85 86 87 88 89 8a 8b 8c 8d 8e 8f 90 91 92 93 94 95 96 97 98 99 9a 9b 9c 9d 9e 9f a0 a1 a2 a3 a4 a5 a6 a7 a8 a9 aa ab ac ad ae af b0 b1 b2 b3 b4 b5 b6 b7 b8 b9 ba bb bc bd be bf c0 c1 c2 c3 c4 c5 c6 c7 c8 c9 ca cb cc cd ce cf d0 d1 d2 d3 d4 d5 d6 d7 d8 d9 da db dc dd de df e0 e1 e2 e3 e4 e5 e6 e7 e8 e9 ea eb ec ed ee ef f0 f1 f2 f3 f4 f5 f6 f7 f8 f9 fa fb fc fd fe ff 
 0  1  2 57  4 91 ae 97  8 d2 f5 e1 8b db f9  9 10 1c 73 42 3d  3 15 -- c1 6c 61 -- 25 -- 12 -- 20 -- 38 -- e6 e8 84 4f 7a 17  6 -- 2a -- -- 72 55 -- d8 -- c2 -- -- -- 4a d7 -- -- 24 f8 -- bc 40 3e -- -- 70 -- -- 3a 1b --  7 75 df 43 9e ba f4 -- 2e --  c -- -- -- 54 87 -- -- -- 65 e4 -- aa -- -- -- 67 -- -- 9f 53 30 -- 96 -- -- -- -- 94 b8 79  a -- -- -- -- 48 7e 27 -- -- -- af -- 80 -- 7c 5e -- -- -- -- e0 -- -- 39 -- -- 74 cc 36 -- -- --  e 21 ea -- 69 9b 86 ef eb c0 a3 a0 3f -- -- -- 5c  5 -- -- 18 4b -- -- -- -- -- a4 a8 -- d9 -- -- -- -- -- -- d1 ca 5d 1f -- -- 1d 83 c5 -- e5 -- -- -- -- ce -- -- 52 -- -- e9 -- a6 9c 60 50 -- -- fb -- -- f7 -- 66 -- 2f -- -- ff -- a7 -- f2 -- 14 -- -- -- -- -- -- -- -- -- 90 33 fc -- 4e 28 -- -- -- 29 -- -- 89 99 -- -- 

solutions so far:0 maxDepth:10 
iterations:27746966  skipped: 27 
Depth skipped: 
0 0 27 0 0 0 0 0 0 0 0 0 0 0 0 0 0 0 0 0 0 0 0 0 0 0 0 0 0 0 0 0 

running time: 3000 sec
 depth:6
 0  1  2  3  4  5  6  7  8  9  a  b  c  d  e  f 10 11 12 13 14 15 16 17 18 19 1a 1b 1c 1d 1e 1f 20 21 22 23 24 25 26 27 28 29 2a 2b 2c 2d 2e 2f 30 31 32 33 34 35 36 37 38 39 3a 3b 3c 3d 3e 3f 40 41 42 43 44 45 46 47 48 49 4a 4b 4c 4d 4e 4f 50 51 52 53 54 55 56 57 58 59 5a 5b 5c 5d 5e 5f 60 61 62 63 64 65 66 67 68 69 6a 6b 6c 6d 6e 6f 70 71 72 73 74 75 76 77 78 79 7a 7b 7c 7d 7e 7f 80 81 82 83 84 85 86 87 88 89 8a 8b 8c 8d 8e 8f 90 91 92 93 94 95 96 97 98 99 9a 9b 9c 9d 9e 9f a0 a1 a2 a3 a4 a5 a6 a7 a8 a9 aa ab ac ad ae af b0 b1 b2 b3 b4 b5 b6 b7 b8 b9 ba bb bc bd be bf c0 c1 c2 c3 c4 c5 c6 c7 c8 c9 ca cb cc cd ce cf d0 d1 d2 d3 d4 d5 d6 d7 d8 d9 da db dc dd de df e0 e1 e2 e3 e4 e5 e6 e7 e8 e9 ea eb ec ed ee ef f0 f1 f2 f3 f4 f5 f6 f7 f8 f9 fa fb fc fd fe ff 
 0  1  2 57  4 7e ae  9  8 45 fc 6e 8b  f 12 -- 10 -- 8a 56 2f  3 dc -- c1 93 1e -- 24 -- -- -- 20 -- -- -- c3 -- ac 4f 5e --  6 -- 6f -- -- -- 55 -- f1 -- 3c -- -- -- 48 d7 -- -- -- -- -- a3 40 -- -- -- -- -- -- -- 51 -- -- 75 8f 76 9e f4 bc -- -- --  c -- -- -- de d6 -- -- -- f6 -- -- aa -- -- -- 35 -- -- 1f 78 30 -- 7f -- -- -- -- 90 -- 79 f8 -- -- -- -- -- 89 -- -- -- -- 91 -- 80 -- -- ba -- -- -- -- -- -- -- -- -- -- -- cc a2 -- -- -- -- 2b ea -- c9 37 ec -- eb c0 3f ef af -- -- -- -- 7c -- -- 18 d4 -- -- -- -- -- e4 6b -- 7b -- -- -- -- -- -- d1 3b 7a -- -- -- -- 83 3d -- -- -- -- -- -- 6a -- -- 72 -- -- 3e -- f0 -- 60 9c -- -- fe -- -- -- -- 66 -- 5d -- -- f7 -- -- -- f2 -- 27 -- -- -- -- -- -- -- -- -- -- 33 c5 -- -- 4e -- -- -- 39 -- -- f5 -- -- -- 

solutions so far:0 maxDepth:10 
iterations:32213875  skipped: 29 
Depth skipped: 
0 0 29 0 0 0 0 0 0 0 0 0 0 0 0 0 0 0 0 0 0 0 0 0 0 0 0 0 0 0 0 0 

running time: 3300 sec
 depth:6
 0  1  2  3  4  5  6  7  8  9  a  b  c  d  e  f 10 11 12 13 14 15 16 17 18 19 1a 1b 1c 1d 1e 1f 20 21 22 23 24 25 26 27 28 29 2a 2b 2c 2d 2e 2f 30 31 32 33 34 35 36 37 38 39 3a 3b 3c 3d 3e 3f 40 41 42 43 44 45 46 47 48 49 4a 4b 4c 4d 4e 4f 50 51 52 53 54 55 56 57 58 59 5a 5b 5c 5d 5e 5f 60 61 62 63 64 65 66 67 68 69 6a 6b 6c 6d 6e 6f 70 71 72 73 74 75 76 77 78 79 7a 7b 7c 7d 7e 7f 80 81 82 83 84 85 86 87 88 89 8a 8b 8c 8d 8e 8f 90 91 92 93 94 95 96 97 98 99 9a 9b 9c 9d 9e 9f a0 a1 a2 a3 a4 a5 a6 a7 a8 a9 aa ab ac ad ae af b0 b1 b2 b3 b4 b5 b6 b7 b8 b9 ba bb bc bd be bf c0 c1 c2 c3 c4 c5 c6 c7 c8 c9 ca cb cc cd ce cf d0 d1 d2 d3 d4 d5 d6 d7 d8 d9 da db dc dd de df e0 e1 e2 e3 e4 e5 e6 e7 e8 e9 ea eb ec ed ee ef f0 f1 f2 f3 f4 f5 f6 f7 f8 f9 fa fb fc fd fe ff 
 0  1  2 57  4 6c ae 2c  8 ab d8 97 8b  5 58 -- 10 -- 81 62 67  3 f9 -- c1 23  a -- b0 -- -- -- 20 -- -- -- d5 -- c4 4f ce --  6 -- 25 -- -- -- 55 -- 46 -- 14 -- -- -- b7 d7 -- -- -- -- -- df 40 -- -- -- -- -- -- -- 7d -- -- 75 5f 9f 9e 1b 4b -- -- --  c -- -- -- 4a ff -- -- -- 52 -- -- aa -- -- -- 8c -- -- 1a 28 30 -- 92 -- -- -- -- b9 -- 79 d0 -- -- -- -- -- fb -- -- -- -- 69 -- 80 -- -- 84 -- -- -- -- -- -- -- -- -- -- -- cc fa -- -- -- -- 31 ea -- be a0 e9 -- eb c0 36 16 96 -- -- -- -- 68 -- -- 18 49 -- -- -- -- --  d 94 -- 29 -- -- -- -- -- -- d1 a4 e6 -- -- -- -- 83 73 -- -- -- -- -- -- cf -- -- ed -- -- 34 -- 50 -- 60  b -- -- f3 -- -- -- -- 66 -- 42 -- -- a5 -- -- -- f2 -- 77 -- -- -- -- -- -- -- -- -- -- 33 21 -- -- ee -- -- -- 9d -- -- d2 -- -- -- 

solutions so far:0 maxDepth:10 
iterations:35722510  skipped: 35 
Depth skipped: 
0 0 35 0 0 0 0 0 0 0 0 0 0 0 0 0 0 0 0 0 0 0 0 0 0 0 0 0 0 0 0 0 

running time: 3600 sec
 depth:6
 0  1  2  3  4  5  6  7  8  9  a  b  c  d  e  f 10 11 12 13 14 15 16 17 18 19 1a 1b 1c 1d 1e 1f 20 21 22 23 24 25 26 27 28 29 2a 2b 2c 2d 2e 2f 30 31 32 33 34 35 36 37 38 39 3a 3b 3c 3d 3e 3f 40 41 42 43 44 45 46 47 48 49 4a 4b 4c 4d 4e 4f 50 51 52 53 54 55 56 57 58 59 5a 5b 5c 5d 5e 5f 60 61 62 63 64 65 66 67 68 69 6a 6b 6c 6d 6e 6f 70 71 72 73 74 75 76 77 78 79 7a 7b 7c 7d 7e 7f 80 81 82 83 84 85 86 87 88 89 8a 8b 8c 8d 8e 8f 90 91 92 93 94 95 96 97 98 99 9a 9b 9c 9d 9e 9f a0 a1 a2 a3 a4 a5 a6 a7 a8 a9 aa ab ac ad ae af b0 b1 b2 b3 b4 b5 b6 b7 b8 b9 ba bb bc bd be bf c0 c1 c2 c3 c4 c5 c6 c7 c8 c9 ca cb cc cd ce cf d0 d1 d2 d3 d4 d5 d6 d7 d8 d9 da db dc dd de df e0 e1 e2 e3 e4 e5 e6 e7 e8 e9 ea eb ec ed ee ef f0 f1 f2 f3 f4 f5 f6 f7 f8 f9 fa fb fc fd fe ff 
 0  1  2 57  4 5c ae ee  8 de b8 b3 8b 22  b -- 10 -- 6b 37 a7  3 b1 -- c1 3b 44 -- 16 -- -- -- 20 -- -- -- d6 -- 6e 4f 99 --  6 -- b5 -- -- -- 55 -- 76 -- 88 -- -- -- 2c d7 -- -- -- -- --  e 40 -- -- -- -- -- -- -- 7b -- -- 75 dc e3 9e 17 e5 -- -- --  c -- -- -- bd 8d -- -- -- 4d -- -- aa -- -- -- ec -- -- 9d c7 30 -- 3c -- -- -- -- 58 -- 79 1a -- -- -- -- -- 3a -- -- -- -- 1c -- 80 -- --  7 -- -- -- -- -- -- -- -- -- -- -- cc f6 -- -- -- -- f0 ea -- 6f b2 11 -- eb c0 2e 77 1d -- -- -- --  d -- -- 18 1e -- -- -- -- -- a5 ad -- cd -- -- -- -- -- -- d1 9a e0 -- -- -- -- 83 70 -- -- -- -- -- --  f -- -- b9 -- -- ed -- 59 -- 60 d0 -- -- 78 -- -- -- -- 66 -- e8 -- -- b0 -- -- -- f2 -- 34 -- -- -- -- -- -- -- -- -- -- 33 74 -- -- 68 -- -- -- b7 -- -- 38 -- -- -- 

solutions so far:0 maxDepth:10 
iterations:39040392  skipped: 40 
Depth skipped: 
0 0 40 0 0 0 0 0 0 0 0 0 0 0 0 0 0 0 0 0 0 0 0 0 0 0 0 0 0 0 0 0 

running time: 3900 sec
 depth:7
 0  1  2  3  4  5  6  7  8  9  a  b  c  d  e  f 10 11 12 13 14 15 16 17 18 19 1a 1b 1c 1d 1e 1f 20 21 22 23 24 25 26 27 28 29 2a 2b 2c 2d 2e 2f 30 31 32 33 34 35 36 37 38 39 3a 3b 3c 3d 3e 3f 40 41 42 43 44 45 46 47 48 49 4a 4b 4c 4d 4e 4f 50 51 52 53 54 55 56 57 58 59 5a 5b 5c 5d 5e 5f 60 61 62 63 64 65 66 67 68 69 6a 6b 6c 6d 6e 6f 70 71 72 73 74 75 76 77 78 79 7a 7b 7c 7d 7e 7f 80 81 82 83 84 85 86 87 88 89 8a 8b 8c 8d 8e 8f 90 91 92 93 94 95 96 97 98 99 9a 9b 9c 9d 9e 9f a0 a1 a2 a3 a4 a5 a6 a7 a8 a9 aa ab ac ad ae af b0 b1 b2 b3 b4 b5 b6 b7 b8 b9 ba bb bc bd be bf c0 c1 c2 c3 c4 c5 c6 c7 c8 c9 ca cb cc cd ce cf d0 d1 d2 d3 d4 d5 d6 d7 d8 d9 da db dc dd de df e0 e1 e2 e3 e4 e5 e6 e7 e8 e9 ea eb ec ed ee ef f0 f1 f2 f3 f4 f5 f6 f7 f8 f9 fa fb fc fd fe ff 
 0  1  2 57  4 50 ae e7  8 1c a0 3f 8b a3 19 11 10 -- 38 74 97  3 7e -- c1 2e 91 -- 32 -- 22 -- 20 -- -- -- 70 -- e8 4f f9 --  6 -- fc -- -- b3 55 -- 5c -- f5 -- -- -- 64 d7 -- -- 44 8d -- a4 40 bd -- -- -- -- -- -- e0 -- -- 75  7 5d 9e 14 25 -- -- --  c -- -- -- 2f bc -- -- -- 89 b1 -- aa -- -- -- b8 -- -- 82 3d 30 -- e5 -- -- -- -- c8 -- 79 e2 -- -- -- -- 88 94 cd -- -- -- 9f -- 80 -- ad 52 -- -- -- -- -- -- -- b2 -- -- -- cc 17 -- -- -- -- 3a ea --  e f4 ba e3 eb c0 28 98 4a -- -- -- -- 71 -- -- 18 99 -- -- -- -- -- 41 5e -- af -- -- -- -- -- -- d1 c5  a b5 -- -- -- 83  5 -- -- -- -- -- -- a7 -- -- cb -- -- d3 -- 7a 9a 60 4c -- -- 1d -- -- 59 -- 66 -- 29 -- -- 47 -- -- -- f2 -- 13 -- -- -- -- -- -- -- -- -- c7 33 ff -- 4d 26 -- -- -- 8e -- -- e9 -- -- -- 

solutions so far:0 maxDepth:10 
iterations:42222131  skipped: 41 
Depth skipped: 
0 0 41 0 0 0 0 0 0 0 0 0 0 0 0 0 0 0 0 0 0 0 0 0 0 0 0 0 0 0 0 0 

running time: 4200 sec
 depth:6
 0  1  2  3  4  5  6  7  8  9  a  b  c  d  e  f 10 11 12 13 14 15 16 17 18 19 1a 1b 1c 1d 1e 1f 20 21 22 23 24 25 26 27 28 29 2a 2b 2c 2d 2e 2f 30 31 32 33 34 35 36 37 38 39 3a 3b 3c 3d 3e 3f 40 41 42 43 44 45 46 47 48 49 4a 4b 4c 4d 4e 4f 50 51 52 53 54 55 56 57 58 59 5a 5b 5c 5d 5e 5f 60 61 62 63 64 65 66 67 68 69 6a 6b 6c 6d 6e 6f 70 71 72 73 74 75 76 77 78 79 7a 7b 7c 7d 7e 7f 80 81 82 83 84 85 86 87 88 89 8a 8b 8c 8d 8e 8f 90 91 92 93 94 95 96 97 98 99 9a 9b 9c 9d 9e 9f a0 a1 a2 a3 a4 a5 a6 a7 a8 a9 aa ab ac ad ae af b0 b1 b2 b3 b4 b5 b6 b7 b8 b9 ba bb bc bd be bf c0 c1 c2 c3 c4 c5 c6 c7 c8 c9 ca cb cc cd ce cf d0 d1 d2 d3 d4 d5 d6 d7 d8 d9 da db dc dd de df e0 e1 e2 e3 e4 e5 e6 e7 e8 e9 ea eb ec ed ee ef f0 f1 f2 f3 f4 f5 f6 f7 f8 f9 fa fb fc fd fe ff 
 0  1  2 57  4 3f ae  b  8 a9 7e d9 8b e1 16 -- 10 -- 85 2d fc  3 65 -- c1 63 15 -- 2c -- -- -- 20 -- -- -- dd -- 5a 4f 2f --  6 -- ca -- -- -- 55 -- c6 -- 2a -- -- -- 58 d7 -- -- -- -- -- ba 40 -- -- -- -- -- -- -- 6d -- -- 75 b4 a6 9e 7a 5e -- -- --  c -- -- -- 43 db -- -- -- c2 -- -- aa -- -- -- 5b -- -- ed 54 30 -- a1 -- -- -- -- b0 -- 79 34 -- -- -- -- -- af -- -- -- -- a3 -- 80 -- -- 5d -- -- -- -- -- -- -- -- -- -- -- cc da -- -- -- -- fd ea -- bf 87 9b -- eb c0 f4 ee bc -- -- -- -- 1a -- -- 18 bb -- -- -- -- -- 9d 86 -- 61 -- -- -- -- -- -- d1 53 3d -- -- -- -- 83 f5 -- -- -- -- -- -- b6 -- -- a5 -- --  d -- a8 -- 60 77 -- -- 95 -- -- -- -- 66 -- c5 -- -- b7 -- -- -- f2 -- 68 -- -- -- -- -- -- -- -- -- -- 33 89 -- -- d0 -- -- -- b9 -- -- 91 -- -- -- 

solutions so far:0 maxDepth:10 
iterations:46347852  skipped: 45 
Depth skipped: 
0 0 45 0 0 0 0 0 0 0 0 0 0 0 0 0 0 0 0 0 0 0 0 0 0 0 0 0 0 0 0 0 

running time: 4500 sec
 depth:5
 0  1  2  3  4  5  6  7  8  9  a  b  c  d  e  f 10 11 12 13 14 15 16 17 18 19 1a 1b 1c 1d 1e 1f 20 21 22 23 24 25 26 27 28 29 2a 2b 2c 2d 2e 2f 30 31 32 33 34 35 36 37 38 39 3a 3b 3c 3d 3e 3f 40 41 42 43 44 45 46 47 48 49 4a 4b 4c 4d 4e 4f 50 51 52 53 54 55 56 57 58 59 5a 5b 5c 5d 5e 5f 60 61 62 63 64 65 66 67 68 69 6a 6b 6c 6d 6e 6f 70 71 72 73 74 75 76 77 78 79 7a 7b 7c 7d 7e 7f 80 81 82 83 84 85 86 87 88 89 8a 8b 8c 8d 8e 8f 90 91 92 93 94 95 96 97 98 99 9a 9b 9c 9d 9e 9f a0 a1 a2 a3 a4 a5 a6 a7 a8 a9 aa ab ac ad ae af b0 b1 b2 b3 b4 b5 b6 b7 b8 b9 ba bb bc bd be bf c0 c1 c2 c3 c4 c5 c6 c7 c8 c9 ca cb cc cd ce cf d0 d1 d2 d3 d4 d5 d6 d7 d8 d9 da db dc dd de df e0 e1 e2 e3 e4 e5 e6 e7 e8 e9 ea eb ec ed ee ef f0 f1 f2 f3 f4 f5 f6 f7 f8 f9 fa fb fc fd fe ff 
 0  1  2 57  4 2a ae f7  8 3c 54 -- 8b -- 39 -- 10 -- 78 76 a8  3 -- -- c1 dc -- -- 72 -- -- -- 20 -- -- -- f0 -- ec 4f 87 --  6 -- -- -- -- -- 55 -- 6f -- -- -- -- -- e4 d7 -- -- -- -- -- 61 40 -- -- -- -- -- -- -- 37 -- -- 75  f -- 9e e1 d9 -- -- --  c -- -- -- -- -- -- -- -- -- -- -- aa -- -- -- de -- -- 4e -- 30 -- 7b -- -- -- -- 1f -- 79  9 -- -- -- -- -- ca -- -- -- -- c2 -- 80 -- -- db -- -- -- -- -- -- -- -- -- -- -- cc 6e -- -- -- -- 3b ea -- 1e -- -- -- eb c0 15 90 65 -- -- -- -- ef -- -- 18 d6 -- -- -- -- -- 27 -- -- -- -- -- -- -- -- -- d1 -- 9b -- -- -- -- 83 a6 -- -- -- -- -- -- 6b -- -- f8 -- -- 9c -- -- -- 60 48 -- -- f6 -- -- -- -- 66 -- 86 -- -- 3e -- -- -- f2 -- 12 -- -- -- -- -- -- -- -- -- -- 33 43 -- -- 24 -- -- -- 7c -- -- 53 -- -- -- 

solutions so far:0 maxDepth:10 
iterations:50467387  skipped: 49 
Depth skipped: 
0 0 49 0 0 0 0 0 0 0 0 0 0 0 0 0 0 0 0 0 0 0 0 0 0 0 0 0 0 0 0 0 

running time: 4800 sec
 depth:7
 0  1  2  3  4  5  6  7  8  9  a  b  c  d  e  f 10 11 12 13 14 15 16 17 18 19 1a 1b 1c 1d 1e 1f 20 21 22 23 24 25 26 27 28 29 2a 2b 2c 2d 2e 2f 30 31 32 33 34 35 36 37 38 39 3a 3b 3c 3d 3e 3f 40 41 42 43 44 45 46 47 48 49 4a 4b 4c 4d 4e 4f 50 51 52 53 54 55 56 57 58 59 5a 5b 5c 5d 5e 5f 60 61 62 63 64 65 66 67 68 69 6a 6b 6c 6d 6e 6f 70 71 72 73 74 75 76 77 78 79 7a 7b 7c 7d 7e 7f 80 81 82 83 84 85 86 87 88 89 8a 8b 8c 8d 8e 8f 90 91 92 93 94 95 96 97 98 99 9a 9b 9c 9d 9e 9f a0 a1 a2 a3 a4 a5 a6 a7 a8 a9 aa ab ac ad ae af b0 b1 b2 b3 b4 b5 b6 b7 b8 b9 ba bb bc bd be bf c0 c1 c2 c3 c4 c5 c6 c7 c8 c9 ca cb cc cd ce cf d0 d1 d2 d3 d4 d5 d6 d7 d8 d9 da db dc dd de df e0 e1 e2 e3 e4 e5 e6 e7 e8 e9 ea eb ec ed ee ef f0 f1 f2 f3 f4 f5 f6 f7 f8 f9 fa fb fc fd fe ff 
 0  1  2 57  4 16 ae 5c  8 64 2c 23 8b be b8 7f 10 -- c8 98 58  3 46 -- c1 41 ab -- a7 -- fe -- 20 -- -- -- 47 -- e7 4f b0 --  6 -- 8c -- -- 45 55 -- 82 -- 81 -- -- -- 99 d7 -- -- 2b 93 -- 1a 40 51 -- -- -- -- -- -- 8e -- -- 75 19 c4 9e ee b7 -- -- --  c -- -- -- cf 92 -- -- -- 31 8a -- aa -- -- -- d3 -- --  7 d5 30 -- 13 -- -- -- -- e5 -- 79 38 -- -- -- -- 56 a5 f1 -- -- -- 34 -- 80 -- a2  d -- -- -- -- -- -- -- c9 -- -- -- cc cb -- -- -- -- 4c ea -- 32 fa 5f d4 eb c0  b 2e b9 -- -- -- -- 1c -- -- 18 e2 -- -- -- -- -- e8 49 -- f3 -- -- -- -- -- -- d1 62 77 c3 -- -- -- 83 d0 -- -- -- -- -- -- 71 -- -- 74 -- --  e -- 7d 6a 60 17 -- -- 26 -- -- 8f -- 66 -- ed -- -- 1d -- -- -- f2 -- 70 -- -- -- -- -- -- -- -- -- ac 33 9d -- 35 e0 -- -- -- 3a -- -- 68 -- -- -- 

solutions so far:0 maxDepth:10 
iterations:54844559  skipped: 57 
Depth skipped: 
0 0 57 0 0 0 0 0 0 0 0 0 0 0 0 0 0 0 0 0 0 0 0 0 0 0 0 0 0 0 0 0 

running time: 5100 sec

Finished. Total running time: 5324 sec
