Search S-boxes invariant for matrices: 
{0x00,0x02,0x04,0x06,0x08,0x0a,0x0c,0x0e,0x10,0x12,0x14,0x16,0x18,0x1a,0x1c,0x1e,0x20,0x22,0x24,0x26,0x28,0x2a,0x2c,0x2e,0x30,0x32,0x34,0x36,0x38,0x3a,0x3c,0x3e,0x40,0x42,0x44,0x46,0x48,0x4a,0x4c,0x4e,0x50,0x52,0x54,0x56,0x58,0x5a,0x5c,0x5e,0x60,0x62,0x64,0x66,0x68,0x6a,0x6c,0x6e,0x70,0x72,0x74,0x76,0x78,0x7a,0x7c,0x7e,0x80,0x82,0x84,0x86,0x88,0x8a,0x8c,0x8e,0x90,0x92,0x94,0x96,0x98,0x9a,0x9c,0x9e,0xa0,0xa2,0xa4,0xa6,0xa8,0xaa,0xac,0xae,0xb0,0xb2,0xb4,0xb6,0xb8,0xba,0xbc,0xbe,0xc0,0xc2,0xc4,0xc6,0xc8,0xca,0xcc,0xce,0xd0,0xd2,0xd4,0xd6,0xd8,0xda,0xdc,0xde,0xe0,0xe2,0xe4,0xe6,0xe8,0xea,0xec,0xee,0xf0,0xf2,0xf4,0xf6,0xf8,0xfa,0xfc,0xfe,0x39,0x3b,0x3d,0x3f,0x31,0x33,0x35,0x37,0x29,0x2b,0x2d,0x2f,0x21,0x23,0x25,0x27,0x19,0x1b,0x1d,0x1f,0x11,0x13,0x15,0x17,0x09,0x0b,0x0d,0x0f,0x01,0x03,0x05,0x07,0x79,0x7b,0x7d,0x7f,0x71,0x73,0x75,0x77,0x69,0x6b,0x6d,0x6f,0x61,0x63,0x65,0x67,0x59,0x5b,0x5d,0x5f,0x51,0x53,0x55,0x57,0x49,0x4b,0x4d,0x4f,0x41,0x43,0x45,0x47,0xb9,0xbb,0xbd,0xbf,0xb1,0xb3,0xb5,0xb7,0xa9,0xab,0xad,0xaf,0xa1,0xa3,0xa5,0xa7,0x99,0x9b,0x9d,0x9f,0x91,0x93,0x95,0x97,0x89,0x8b,0x8d,0x8f,0x81,0x83,0x85,0x87,0xf9,0xfb,0xfd,0xff,0xf1,0xf3,0xf5,0xf7,0xe9,0xeb,0xed,0xef,0xe1,0xe3,0xe5,0xe7,0xd9,0xdb,0xdd,0xdf,0xd1,0xd3,0xd5,0xd7,0xc9,0xcb,0xcd,0xcf,0xc1,0xc3,0xc5,0xc7};
{0x00,0x02,0x04,0x06,0x08,0x0a,0x0c,0x0e,0x10,0x12,0x14,0x16,0x18,0x1a,0x1c,0x1e,0x20,0x22,0x24,0x26,0x28,0x2a,0x2c,0x2e,0x30,0x32,0x34,0x36,0x38,0x3a,0x3c,0x3e,0x40,0x42,0x44,0x46,0x48,0x4a,0x4c,0x4e,0x50,0x52,0x54,0x56,0x58,0x5a,0x5c,0x5e,0x60,0x62,0x64,0x66,0x68,0x6a,0x6c,0x6e,0x70,0x72,0x74,0x76,0x78,0x7a,0x7c,0x7e,0x80,0x82,0x84,0x86,0x88,0x8a,0x8c,0x8e,0x90,0x92,0x94,0x96,0x98,0x9a,0x9c,0x9e,0xa0,0xa2,0xa4,0xa6,0xa8,0xaa,0xac,0xae,0xb0,0xb2,0xb4,0xb6,0xb8,0xba,0xbc,0xbe,0xc0,0xc2,0xc4,0xc6,0xc8,0xca,0xcc,0xce,0xd0,0xd2,0xd4,0xd6,0xd8,0xda,0xdc,0xde,0xe0,0xe2,0xe4,0xe6,0xe8,0xea,0xec,0xee,0xf0,0xf2,0xf4,0xf6,0xf8,0xfa,0xfc,0xfe,0xd7,0xd5,0xd3,0xd1,0xdf,0xdd,0xdb,0xd9,0xc7,0xc5,0xc3,0xc1,0xcf,0xcd,0xcb,0xc9,0xf7,0xf5,0xf3,0xf1,0xff,0xfd,0xfb,0xf9,0xe7,0xe5,0xe3,0xe1,0xef,0xed,0xeb,0xe9,0x97,0x95,0x93,0x91,0x9f,0x9d,0x9b,0x99,0x87,0x85,0x83,0x81,0x8f,0x8d,0x8b,0x89,0xb7,0xb5,0xb3,0xb1,0xbf,0xbd,0xbb,0xb9,0xa7,0xa5,0xa3,0xa1,0xaf,0xad,0xab,0xa9,0x57,0x55,0x53,0x51,0x5f,0x5d,0x5b,0x59,0x47,0x45,0x43,0x41,0x4f,0x4d,0x4b,0x49,0x77,0x75,0x73,0x71,0x7f,0x7d,0x7b,0x79,0x67,0x65,0x63,0x61,0x6f,0x6d,0x6b,0x69,0x17,0x15,0x13,0x11,0x1f,0x1d,0x1b,0x19,0x07,0x05,0x03,0x01,0x0f,0x0d,0x0b,0x09,0x37,0x35,0x33,0x31,0x3f,0x3d,0x3b,0x39,0x27,0x25,0x23,0x21,0x2f,0x2d,0x2b,0x29};



 depth:7
 0  1  2  3  4  5  6  7  8  9  a  b  c  d  e  f 10 11 12 13 14 15 16 17 18 19 1a 1b 1c 1d 1e 1f 20 21 22 23 24 25 26 27 28 29 2a 2b 2c 2d 2e 2f 30 31 32 33 34 35 36 37 38 39 3a 3b 3c 3d 3e 3f 40 41 42 43 44 45 46 47 48 49 4a 4b 4c 4d 4e 4f 50 51 52 53 54 55 56 57 58 59 5a 5b 5c 5d 5e 5f 60 61 62 63 64 65 66 67 68 69 6a 6b 6c 6d 6e 6f 70 71 72 73 74 75 76 77 78 79 7a 7b 7c 7d 7e 7f 80 81 82 83 84 85 86 87 88 89 8a 8b 8c 8d 8e 8f 90 91 92 93 94 95 96 97 98 99 9a 9b 9c 9d 9e 9f a0 a1 a2 a3 a4 a5 a6 a7 a8 a9 aa ab ac ad ae af b0 b1 b2 b3 b4 b5 b6 b7 b8 b9 ba bb bc bd be bf c0 c1 c2 c3 c4 c5 c6 c7 c8 c9 ca cb cc cd ce cf d0 d1 d2 d3 d4 d5 d6 d7 d8 d9 da db dc dd de df e0 e1 e2 e3 e4 e5 e6 e7 e8 e9 ea eb ec ed ee ef f0 f1 f2 f3 f4 f5 f6 f7 f8 f9 fa fb fc fd fe ff 
 0  1  2 5e  4 fa bc b3  8 28 23 e8 af a7 b1 96 10 -- 50 e9 46 3d  7 -- 89 25 99 -- b5 -- fb -- 20 -- -- -- a0 --  5 4f 8c -- 7a --  e -- -- d2 c5 -- 4a -- e5 -- -- -- bd d7 -- -- 21 6c -- c4 40 1b -- -- -- -- -- -- 97 -- -- 91  a 5c 9e d5 cf -- -- -- f4 -- -- -- 1c 70 -- -- -- 17 73 -- 5d -- -- -- 94 -- -- e3 1d 7e -- 52 -- -- -- -- ad -- 79 44 -- -- -- -- 42 92 d8 -- -- -- 5f -- 80 -- 36 62 -- -- -- -- -- -- -- 69 -- -- -- cc f9 -- -- -- -- 9f f5 -- 14 74 b8 4b eb 2f 7d b2 49 -- -- -- -- 22 -- -- 3f 29 -- -- -- -- -- 9a 38 -- e0 -- -- -- -- -- -- a3 2e 81 e6 -- -- -- ba ab -- -- -- -- -- -- ff -- -- 4d -- -- 11 -- 3a ce fc 59 -- -- a4 -- -- df -- 66 -- 31 -- -- 8d -- -- -- f2 -- 88 -- -- -- -- -- -- -- -- -- 84 33 f3 -- 67 c7 -- -- -- cd -- -- be -- -- -- 

solutions so far:0 maxDepth:9 
iterations:2056049  skipped: 0 
Depth skipped: 
0 0 0 0 0 0 0 0 0 0 0 0 0 0 0 0 0 0 0 0 0 0 0 0 0 0 0 0 0 0 0 0 

running time: 300 sec
 depth:7
 0  1  2  3  4  5  6  7  8  9  a  b  c  d  e  f 10 11 12 13 14 15 16 17 18 19 1a 1b 1c 1d 1e 1f 20 21 22 23 24 25 26 27 28 29 2a 2b 2c 2d 2e 2f 30 31 32 33 34 35 36 37 38 39 3a 3b 3c 3d 3e 3f 40 41 42 43 44 45 46 47 48 49 4a 4b 4c 4d 4e 4f 50 51 52 53 54 55 56 57 58 59 5a 5b 5c 5d 5e 5f 60 61 62 63 64 65 66 67 68 69 6a 6b 6c 6d 6e 6f 70 71 72 73 74 75 76 77 78 79 7a 7b 7c 7d 7e 7f 80 81 82 83 84 85 86 87 88 89 8a 8b 8c 8d 8e 8f 90 91 92 93 94 95 96 97 98 99 9a 9b 9c 9d 9e 9f a0 a1 a2 a3 a4 a5 a6 a7 a8 a9 aa ab ac ad ae af b0 b1 b2 b3 b4 b5 b6 b7 b8 b9 ba bb bc bd be bf c0 c1 c2 c3 c4 c5 c6 c7 c8 c9 ca cb cc cd ce cf d0 d1 d2 d3 d4 d5 d6 d7 d8 d9 da db dc dd de df e0 e1 e2 e3 e4 e5 e6 e7 e8 e9 ea eb ec ed ee ef f0 f1 f2 f3 f4 f5 f6 f7 f8 f9 fa fb fc fd fe ff 
 0  1  2 5e  4 ed bc c7  8 60  d 6a af c3 59 63 10 -- c0  6 1a 3d d4 -- 89 c1 51 -- b2 -- c6 -- 20 -- -- -- 57 --  c 4f 34 -- 7a -- 7f -- -- fd c5 -- 55 -- a2 -- -- -- b3 d7 -- -- 5b a9 -- 2c 40 b4 -- -- -- -- -- -- ae -- -- 91 18 45 9e a5 68 -- -- -- f4 -- -- -- fe 56 -- -- -- 8f 2d -- 5d -- -- -- aa -- -- cd 93 7e -- 75 -- -- -- -- b1 -- 79 e3 -- -- -- -- b6 77 85 -- -- -- 58 -- 80 -- bf 16 -- -- -- -- -- -- -- 95 -- -- -- cc 8b -- -- -- --  3 f5 -- 30 35 8a da eb 2f 9d 88 d0 -- -- -- -- 9a -- -- 3f d1 -- -- -- -- -- 8d 2b -- ac -- -- -- -- -- -- a3 c9 b9 5a -- -- -- ba b7 -- -- -- -- -- -- 83 -- -- ad -- -- 4d -- f1 6d fc 44 -- -- ea -- -- a1 -- 66 --  b -- -- b5 -- -- -- f2 -- 11 -- -- -- -- -- -- -- -- -- bb 33 ee -- dd 22 -- -- -- bd -- -- b0 -- -- -- 

solutions so far:0 maxDepth:9 
iterations:4223334  skipped: 5 
Depth skipped: 
0 0 5 0 0 0 0 0 0 0 0 0 0 0 0 0 0 0 0 0 0 0 0 0 0 0 0 0 0 0 0 0 

running time: 600 sec
 depth:6
 0  1  2  3  4  5  6  7  8  9  a  b  c  d  e  f 10 11 12 13 14 15 16 17 18 19 1a 1b 1c 1d 1e 1f 20 21 22 23 24 25 26 27 28 29 2a 2b 2c 2d 2e 2f 30 31 32 33 34 35 36 37 38 39 3a 3b 3c 3d 3e 3f 40 41 42 43 44 45 46 47 48 49 4a 4b 4c 4d 4e 4f 50 51 52 53 54 55 56 57 58 59 5a 5b 5c 5d 5e 5f 60 61 62 63 64 65 66 67 68 69 6a 6b 6c 6d 6e 6f 70 71 72 73 74 75 76 77 78 79 7a 7b 7c 7d 7e 7f 80 81 82 83 84 85 86 87 88 89 8a 8b 8c 8d 8e 8f 90 91 92 93 94 95 96 97 98 99 9a 9b 9c 9d 9e 9f a0 a1 a2 a3 a4 a5 a6 a7 a8 a9 aa ab ac ad ae af b0 b1 b2 b3 b4 b5 b6 b7 b8 b9 ba bb bc bd be bf c0 c1 c2 c3 c4 c5 c6 c7 c8 c9 ca cb cc cd ce cf d0 d1 d2 d3 d4 d5 d6 d7 d8 d9 da db dc dd de df e0 e1 e2 e3 e4 e5 e6 e7 e8 e9 ea eb ec ed ee ef f0 f1 f2 f3 f4 f5 f6 f7 f8 f9 fa fb fc fd fe ff 
 0  1  2 5e  4 e7 bc e8  8 8a 19 d0 af 9d  7 -- 10 -- c3 ac 32 3d 77 -- 89 f1 ed --  e -- -- -- 20 -- -- -- 51 -- 8f 4f 64 -- 7a -- ee -- -- -- c5 -- 35 --  d -- -- -- 1c d7 -- -- -- -- -- d3 40 -- -- -- -- -- -- -- a2 -- -- 91 c9 b9 9e 4c c8 -- -- -- f4 -- -- --  b 2c -- -- -- b0 -- -- 5d -- -- -- 6a -- -- 5c 1a 7e -- fe -- -- -- -- 38 -- 79 99 -- -- -- -- -- 8e -- -- -- -- 71 -- 80 -- -- 82 -- -- -- -- -- -- -- -- -- -- -- cc 93 -- -- -- -- 56 f5 -- 45 68 a5 -- eb 2f 98 74 47 -- -- -- -- a7 -- -- 3f 7f -- -- -- -- -- 2e 16 -- 58 -- -- -- -- -- -- a3 b7 26 -- -- -- -- ba 13 -- -- -- -- -- -- d4 -- -- 17 -- -- b8 -- 34 -- fc 3a -- -- 2b -- -- -- -- 66 -- 41 -- -- 70 -- -- -- f2 -- e5 -- -- -- -- -- -- -- -- -- -- 33 cb -- -- 1d -- -- -- e0 -- -- e2 -- -- -- 

solutions so far:0 maxDepth:9 
iterations:6396473  skipped: 5 
Depth skipped: 
0 0 5 0 0 0 0 0 0 0 0 0 0 0 0 0 0 0 0 0 0 0 0 0 0 0 0 0 0 0 0 0 

running time: 900 sec
 depth:8
 0  1  2  3  4  5  6  7  8  9  a  b  c  d  e  f 10 11 12 13 14 15 16 17 18 19 1a 1b 1c 1d 1e 1f 20 21 22 23 24 25 26 27 28 29 2a 2b 2c 2d 2e 2f 30 31 32 33 34 35 36 37 38 39 3a 3b 3c 3d 3e 3f 40 41 42 43 44 45 46 47 48 49 4a 4b 4c 4d 4e 4f 50 51 52 53 54 55 56 57 58 59 5a 5b 5c 5d 5e 5f 60 61 62 63 64 65 66 67 68 69 6a 6b 6c 6d 6e 6f 70 71 72 73 74 75 76 77 78 79 7a 7b 7c 7d 7e 7f 80 81 82 83 84 85 86 87 88 89 8a 8b 8c 8d 8e 8f 90 91 92 93 94 95 96 97 98 99 9a 9b 9c 9d 9e 9f a0 a1 a2 a3 a4 a5 a6 a7 a8 a9 aa ab ac ad ae af b0 b1 b2 b3 b4 b5 b6 b7 b8 b9 ba bb bc bd be bf c0 c1 c2 c3 c4 c5 c6 c7 c8 c9 ca cb cc cd ce cf d0 d1 d2 d3 d4 d5 d6 d7 d8 d9 da db dc dd de df e0 e1 e2 e3 e4 e5 e6 e7 e8 e9 ea eb ec ed ee ef f0 f1 f2 f3 f4 f5 f6 f7 f8 f9 fa fb fc fd fe ff 
 0  1  2 5e  4 da bc 14  8 44 63 d6 af 37 28 a2 10 b9 88 9a c6 3d 7b -- 89 b3 6e -- 50 -- 93 -- 20 -- a5 -- c7 58 e3 4f 5b  d 7a -- f6 -- -- fe c5 -- b1 -- dc -- -- -- a0 d7 -- -- f1 c9 -- 5a 40 ac -- -- 9d -- -- 16 59 -- b0 91 11 78 9e dd b6 -- 1a -- f4 -- -- -- 3b ec -- -- -- 1e 2b -- 5d -- -- -- b5 -- -- ff 6f 7e -- 8d -- -- -- -- 97 68 79 a4 -- -- -- -- 35 a1 45 -- -- -- b4 -- 80 -- 8f 2d -- -- -- -- ed -- -- 7f -- -- 2c cc b2 -- -- -- b7 4d f5 -- 22 6b f0 51 eb 2f 6d  a bb -- -- -- 34 52 -- -- 3f ad -- -- -- -- -- 94 76 --  f -- -- -- -- -- -- a3 3c 85 56 -- --  b ba a9 -- ee -- -- -- -- bd -- -- 4a -- -- 29 -- de c3 fc  5 -- -- cd -- -- d4 -- 66 -- fd -- -- f9 -- d0 -- f2 -- 9f -- -- -- -- -- -- -- -- -- 6a 33 95 -- 8a e9 -- -- -- 25 -- -- bf 77 -- -- 

solutions so far:0 maxDepth:9 
iterations:9868477  skipped: 9 
Depth skipped: 
0 0 9 0 0 0 0 0 0 0 0 0 0 0 0 0 0 0 0 0 0 0 0 0 0 0 0 0 0 0 0 0 

running time: 1200 sec
 depth:7
 0  1  2  3  4  5  6  7  8  9  a  b  c  d  e  f 10 11 12 13 14 15 16 17 18 19 1a 1b 1c 1d 1e 1f 20 21 22 23 24 25 26 27 28 29 2a 2b 2c 2d 2e 2f 30 31 32 33 34 35 36 37 38 39 3a 3b 3c 3d 3e 3f 40 41 42 43 44 45 46 47 48 49 4a 4b 4c 4d 4e 4f 50 51 52 53 54 55 56 57 58 59 5a 5b 5c 5d 5e 5f 60 61 62 63 64 65 66 67 68 69 6a 6b 6c 6d 6e 6f 70 71 72 73 74 75 76 77 78 79 7a 7b 7c 7d 7e 7f 80 81 82 83 84 85 86 87 88 89 8a 8b 8c 8d 8e 8f 90 91 92 93 94 95 96 97 98 99 9a 9b 9c 9d 9e 9f a0 a1 a2 a3 a4 a5 a6 a7 a8 a9 aa ab ac ad ae af b0 b1 b2 b3 b4 b5 b6 b7 b8 b9 ba bb bc bd be bf c0 c1 c2 c3 c4 c5 c6 c7 c8 c9 ca cb cc cd ce cf d0 d1 d2 d3 d4 d5 d6 d7 d8 d9 da db dc dd de df e0 e1 e2 e3 e4 e5 e6 e7 e8 e9 ea eb ec ed ee ef f0 f1 f2 f3 f4 f5 f6 f7 f8 f9 fa fb fc fd fe ff 
 0  1  2 5e  4 cb bc 17  8 d4 41 4d af b1 2e 2a 10 -- 7f 93 82 3d 9a -- 89 ac b5 -- 5c -- 54 -- 20 -- -- -- fe -- f1 4f d3 -- 7a -- e3 -- -- 43 c5 -- 8f -- bd -- -- -- b8 d7 -- -- a8 53 -- e7 40 61 -- -- -- -- -- -- 2b -- -- 91 35 b2 9e 47 71 -- -- -- f4 -- -- -- 11 44 -- -- -- c7 86 -- 5d -- -- -- c9 -- -- 74 ad 7e -- c3 -- -- -- -- a7 -- 79  e -- -- -- -- 87 13 a6 -- -- -- 19 -- 80 -- c2 98 -- -- -- -- -- -- -- ca -- -- -- cc 56 -- -- -- -- a2 f5 -- 6a cd b3 15 eb 2f 8e e0 e2 -- -- -- --  7 -- -- 3f 8a -- -- -- -- -- 3a 22 -- 88 -- -- -- -- -- -- a3 59 c8 db -- -- -- ba 64 -- -- -- -- -- -- 45 -- -- 1d -- -- e8 -- 8d e1 fc 70 -- -- 51 -- -- 65 -- 66 -- 4c -- -- 99 -- -- -- f2 -- 1c -- -- -- -- -- -- -- -- -- d9 33 26 -- 9b 38 -- -- -- e5 -- -- 32 -- -- -- 

solutions so far:0 maxDepth:9 
iterations:12721412  skipped: 12 
Depth skipped: 
0 0 12 0 0 0 0 0 0 0 0 0 0 0 0 0 0 0 0 0 0 0 0 0 0 0 0 0 0 0 0 0 

running time: 1500 sec
 depth:5
 0  1  2  3  4  5  6  7  8  9  a  b  c  d  e  f 10 11 12 13 14 15 16 17 18 19 1a 1b 1c 1d 1e 1f 20 21 22 23 24 25 26 27 28 29 2a 2b 2c 2d 2e 2f 30 31 32 33 34 35 36 37 38 39 3a 3b 3c 3d 3e 3f 40 41 42 43 44 45 46 47 48 49 4a 4b 4c 4d 4e 4f 50 51 52 53 54 55 56 57 58 59 5a 5b 5c 5d 5e 5f 60 61 62 63 64 65 66 67 68 69 6a 6b 6c 6d 6e 6f 70 71 72 73 74 75 76 77 78 79 7a 7b 7c 7d 7e 7f 80 81 82 83 84 85 86 87 88 89 8a 8b 8c 8d 8e 8f 90 91 92 93 94 95 96 97 98 99 9a 9b 9c 9d 9e 9f a0 a1 a2 a3 a4 a5 a6 a7 a8 a9 aa ab ac ad ae af b0 b1 b2 b3 b4 b5 b6 b7 b8 b9 ba bb bc bd be bf c0 c1 c2 c3 c4 c5 c6 c7 c8 c9 ca cb cc cd ce cf d0 d1 d2 d3 d4 d5 d6 d7 d8 d9 da db dc dd de df e0 e1 e2 e3 e4 e5 e6 e7 e8 e9 ea eb ec ed ee ef f0 f1 f2 f3 f4 f5 f6 f7 f8 f9 fa fb fc fd fe ff 
 0  1  2 5e  4 b9 bc 1b  8 46 a5 -- af -- 36 -- 10 -- 8c d5 9d 3d -- -- 89 f3 -- -- 6c -- -- -- 20 -- -- -- cf -- 7d 4f ed -- 7a -- -- -- -- -- c5 -- 31 -- -- -- -- -- d8 d7 -- -- -- -- -- ee 40 -- -- -- -- -- -- -- 49 -- -- 91 fa -- 9e b0  d -- -- -- f4 -- -- -- -- -- -- -- -- -- -- -- 5d -- -- -- 62 -- -- 21 -- 7e -- be -- -- -- -- 67 -- 79 df -- -- -- -- -- 34 -- -- -- --  b -- 80 -- -- 77 -- -- -- -- -- -- -- -- -- -- -- cc 92 -- -- -- -- 81 f5 -- 23 -- -- -- eb 2f b7 e6 1a -- -- -- -- 84 -- -- 3f 5f -- -- -- -- -- fb -- -- -- -- -- -- -- -- -- a3 -- 58 -- -- -- -- ba 2c -- -- -- -- -- -- c4 -- -- 96 -- -- 42 -- -- -- fc 73 -- -- ab -- -- -- -- 66 -- d0 -- -- ce -- -- -- f2 -- 69 -- -- -- -- -- -- -- -- -- -- 33 68 -- -- d2 -- -- -- 4b -- -- 16 -- -- -- 

solutions so far:0 maxDepth:9 
iterations:15050489  skipped: 18 
Depth skipped: 
0 0 18 0 0 0 0 0 0 0 0 0 0 0 0 0 0 0 0 0 0 0 0 0 0 0 0 0 0 0 0 0 

running time: 1800 sec
 depth:7
 0  1  2  3  4  5  6  7  8  9  a  b  c  d  e  f 10 11 12 13 14 15 16 17 18 19 1a 1b 1c 1d 1e 1f 20 21 22 23 24 25 26 27 28 29 2a 2b 2c 2d 2e 2f 30 31 32 33 34 35 36 37 38 39 3a 3b 3c 3d 3e 3f 40 41 42 43 44 45 46 47 48 49 4a 4b 4c 4d 4e 4f 50 51 52 53 54 55 56 57 58 59 5a 5b 5c 5d 5e 5f 60 61 62 63 64 65 66 67 68 69 6a 6b 6c 6d 6e 6f 70 71 72 73 74 75 76 77 78 79 7a 7b 7c 7d 7e 7f 80 81 82 83 84 85 86 87 88 89 8a 8b 8c 8d 8e 8f 90 91 92 93 94 95 96 97 98 99 9a 9b 9c 9d 9e 9f a0 a1 a2 a3 a4 a5 a6 a7 a8 a9 aa ab ac ad ae af b0 b1 b2 b3 b4 b5 b6 b7 b8 b9 ba bb bc bd be bf c0 c1 c2 c3 c4 c5 c6 c7 c8 c9 ca cb cc cd ce cf d0 d1 d2 d3 d4 d5 d6 d7 d8 d9 da db dc dd de df e0 e1 e2 e3 e4 e5 e6 e7 e8 e9 ea eb ec ed ee ef f0 f1 f2 f3 f4 f5 f6 f7 f8 f9 fa fb fc fd fe ff 
 0  1  2 5e  4 b2 bc 8c  8 55 b3 61 af d9 cf cb 10 -- aa 57 b1 3d c2 -- 89 ea 65 -- 49 -- 41 -- 20 -- -- -- 83 -- ae 4f b5 -- 7a -- 53 -- -- 26 c5 --  3 -- ca -- -- -- 92 d7 -- -- 82 32 -- e3 40 e7 -- -- -- -- -- -- d1 -- -- 91 8b a8 9e c7 bd -- -- -- f4 -- -- -- a6 e1 -- -- -- 2a 4c -- 5d -- -- --  6 -- -- be 43 7e -- 30 -- -- -- -- f3 -- 79 d5 -- -- -- -- d3 8d 64 -- -- -- 11 -- 80 -- 19 9a -- -- -- -- -- -- -- 13 -- -- -- cc 75 -- -- -- -- c0 f5 -- c1 db 87 8e eb 2f 59 46 ad -- -- -- -- 81 -- -- 3f 18 -- -- -- -- -- 5f 9b -- 15 -- -- -- -- -- -- a3 54 88 98 -- -- -- ba 44 -- -- -- -- -- --  c -- -- c4 -- -- ab -- 86 47 fc 23 -- -- 60 -- -- e2 -- 66 -- 4d -- -- 31 -- -- -- f2 -- 7d -- -- -- -- -- -- -- -- -- 71 33 cd -- c8 fa -- -- -- 62 -- -- 22 -- -- -- 

solutions so far:0 maxDepth:9 
iterations:18096328  skipped: 18 
Depth skipped: 
0 0 18 0 0 0 0 0 0 0 0 0 0 0 0 0 0 0 0 0 0 0 0 0 0 0 0 0 0 0 0 0 

running time: 2100 sec
 depth:6
 0  1  2  3  4  5  6  7  8  9  a  b  c  d  e  f 10 11 12 13 14 15 16 17 18 19 1a 1b 1c 1d 1e 1f 20 21 22 23 24 25 26 27 28 29 2a 2b 2c 2d 2e 2f 30 31 32 33 34 35 36 37 38 39 3a 3b 3c 3d 3e 3f 40 41 42 43 44 45 46 47 48 49 4a 4b 4c 4d 4e 4f 50 51 52 53 54 55 56 57 58 59 5a 5b 5c 5d 5e 5f 60 61 62 63 64 65 66 67 68 69 6a 6b 6c 6d 6e 6f 70 71 72 73 74 75 76 77 78 79 7a 7b 7c 7d 7e 7f 80 81 82 83 84 85 86 87 88 89 8a 8b 8c 8d 8e 8f 90 91 92 93 94 95 96 97 98 99 9a 9b 9c 9d 9e 9f a0 a1 a2 a3 a4 a5 a6 a7 a8 a9 aa ab ac ad ae af b0 b1 b2 b3 b4 b5 b6 b7 b8 b9 ba bb bc bd be bf c0 c1 c2 c3 c4 c5 c6 c7 c8 c9 ca cb cc cd ce cf d0 d1 d2 d3 d4 d5 d6 d7 d8 d9 da db dc dd de df e0 e1 e2 e3 e4 e5 e6 e7 e8 e9 ea eb ec ed ee ef f0 f1 f2 f3 f4 f5 f6 f7 f8 f9 fa fb fc fd fe ff 
 0  1  2 5e  4 a7 bc 2b  8 fa 99 c8 af 4c 56 -- 10 -- 23 ab e5 3d 47 -- 89 49 98 -- ac -- -- -- 20 -- -- -- 46 -- 81 4f 1d -- 7a -- 8e -- -- -- c5 -- 92 -- e7 -- -- -- 8f d7 -- -- -- -- -- 38 40 -- -- -- -- -- -- -- 8c -- -- 91 d5 13 9e 5c 3a -- -- -- f4 -- -- -- cb 82 -- -- -- 71 -- -- 5d -- -- -- f3 -- -- a2 19 7e -- c4 -- -- -- -- c9 -- 79 35 -- -- -- -- -- e8 -- -- -- -- 70 -- 80 -- -- 1c -- -- -- -- -- -- -- -- -- -- -- cc cf -- -- -- -- be f5 -- 7d 64 26 -- eb 2f b8 fe 74 -- -- -- -- f1 -- -- 3f 62 -- -- -- -- -- 51 41 -- d3 -- -- -- -- -- -- a3 e2 2e -- -- -- -- ba 17 -- -- -- -- -- -- 31 -- -- c3 -- -- 93 -- 32 -- fc 7f -- -- 5f -- -- -- -- 66 --  e -- -- 45 -- -- -- f2 -- 6a -- -- -- -- -- -- -- -- -- -- 33  7 -- -- d4 -- -- -- 8a -- -- e0 -- -- -- 

solutions so far:0 maxDepth:9 
iterations:20631567  skipped: 22 
Depth skipped: 
0 0 22 0 0 0 0 0 0 0 0 0 0 0 0 0 0 0 0 0 0 0 0 0 0 0 0 0 0 0 0 0 

running time: 2400 sec
 depth:6
 0  1  2  3  4  5  6  7  8  9  a  b  c  d  e  f 10 11 12 13 14 15 16 17 18 19 1a 1b 1c 1d 1e 1f 20 21 22 23 24 25 26 27 28 29 2a 2b 2c 2d 2e 2f 30 31 32 33 34 35 36 37 38 39 3a 3b 3c 3d 3e 3f 40 41 42 43 44 45 46 47 48 49 4a 4b 4c 4d 4e 4f 50 51 52 53 54 55 56 57 58 59 5a 5b 5c 5d 5e 5f 60 61 62 63 64 65 66 67 68 69 6a 6b 6c 6d 6e 6f 70 71 72 73 74 75 76 77 78 79 7a 7b 7c 7d 7e 7f 80 81 82 83 84 85 86 87 88 89 8a 8b 8c 8d 8e 8f 90 91 92 93 94 95 96 97 98 99 9a 9b 9c 9d 9e 9f a0 a1 a2 a3 a4 a5 a6 a7 a8 a9 aa ab ac ad ae af b0 b1 b2 b3 b4 b5 b6 b7 b8 b9 ba bb bc bd be bf c0 c1 c2 c3 c4 c5 c6 c7 c8 c9 ca cb cc cd ce cf d0 d1 d2 d3 d4 d5 d6 d7 d8 d9 da db dc dd de df e0 e1 e2 e3 e4 e5 e6 e7 e8 e9 ea eb ec ed ee ef f0 f1 f2 f3 f4 f5 f6 f7 f8 f9 fa fb fc fd fe ff 
 0  1  2 5e  4 9f bc 3e  8 fe e9 b0 af 77 7c -- 10 -- 2b 35  5 3d b7 -- 89 c9 ee -- f8 -- -- -- 20 -- -- -- 56 -- 6a 4f  a -- 7a -- b9 -- -- -- c5 -- 45 --  b -- -- -- 27 d7 -- -- -- -- -- 25 40 -- -- -- -- -- -- -- ac -- -- 91 d4 68 9e 52 14 -- -- -- f4 -- -- -- a5 ed -- -- -- 1a -- -- 5d -- -- -- 8a -- -- 24 16 7e -- a2 -- -- -- -- 4e -- 79 f7 -- -- -- -- -- 50 -- -- -- -- 4a -- 80 -- -- f9 -- -- -- -- -- -- -- -- -- -- -- cc 8f -- -- -- -- f1 f5 -- 7f 58 d0 -- eb 2f a4 1f 28 -- -- -- -- 90 -- -- 3f 51 -- -- -- -- -- 12 9d --  d -- -- -- -- -- -- a3 34 29 -- -- -- -- ba ff -- -- -- -- -- -- c3 -- --  9 -- -- 48 -- 2c -- fc e4 -- -- 93 -- -- -- -- 66 -- 97 -- -- 9c -- -- -- f2 -- 39 -- -- -- -- -- -- -- -- -- -- 33 a0 -- -- 72 -- -- -- ef -- -- 94 -- -- -- 

solutions so far:0 maxDepth:9 
iterations:22950534  skipped: 22 
Depth skipped: 
0 0 22 0 0 0 0 0 0 0 0 0 0 0 0 0 0 0 0 0 0 0 0 0 0 0 0 0 0 0 0 0 

running time: 2700 sec
 depth:6
 0  1  2  3  4  5  6  7  8  9  a  b  c  d  e  f 10 11 12 13 14 15 16 17 18 19 1a 1b 1c 1d 1e 1f 20 21 22 23 24 25 26 27 28 29 2a 2b 2c 2d 2e 2f 30 31 32 33 34 35 36 37 38 39 3a 3b 3c 3d 3e 3f 40 41 42 43 44 45 46 47 48 49 4a 4b 4c 4d 4e 4f 50 51 52 53 54 55 56 57 58 59 5a 5b 5c 5d 5e 5f 60 61 62 63 64 65 66 67 68 69 6a 6b 6c 6d 6e 6f 70 71 72 73 74 75 76 77 78 79 7a 7b 7c 7d 7e 7f 80 81 82 83 84 85 86 87 88 89 8a 8b 8c 8d 8e 8f 90 91 92 93 94 95 96 97 98 99 9a 9b 9c 9d 9e 9f a0 a1 a2 a3 a4 a5 a6 a7 a8 a9 aa ab ac ad ae af b0 b1 b2 b3 b4 b5 b6 b7 b8 b9 ba bb bc bd be bf c0 c1 c2 c3 c4 c5 c6 c7 c8 c9 ca cb cc cd ce cf d0 d1 d2 d3 d4 d5 d6 d7 d8 d9 da db dc dd de df e0 e1 e2 e3 e4 e5 e6 e7 e8 e9 ea eb ec ed ee ef f0 f1 f2 f3 f4 f5 f6 f7 f8 f9 fa fb fc fd fe ff 
 0  1  2 5e  4 90 bc 55  8  b f7 29 af 97 aa -- 10 -- 16 68 39 3d 52 -- 89 b7 f9 -- 83 -- -- -- 20 -- -- -- 2c -- d0 4f 72 -- 7a -- a4 -- -- -- c5 -- b9 -- 25 -- -- -- d1 d7 -- -- -- -- -- 4e 40 -- -- -- -- -- -- -- 58 -- -- 91 77 50 9e 24 e4 -- -- -- f4 -- -- -- 9f  5 -- -- -- 14 -- -- 5d -- -- -- a5 -- -- 18 4a 7e --  d -- -- -- -- 75 -- 79 c0 -- -- -- -- -- 3e -- -- -- -- 9c -- 80 -- -- 27 -- -- -- -- -- -- -- -- -- -- -- cc b0 -- -- -- -- 34 f5 -- ee ff a0 -- eb 2f 48 c1 1f -- -- -- -- 60 -- -- 3f ed -- -- -- -- --  c e9 --  a -- -- -- -- -- -- a3 28 12 -- -- -- -- ba  9 -- -- -- -- -- -- 9d -- --  6 -- -- 30 -- 94 -- fc 8b -- -- 1a -- -- -- -- 66 -- f8 -- -- ea -- -- -- f2 -- 57 -- -- -- -- -- -- -- -- -- -- 33 7c -- -- ae -- -- --  3 -- -- ef -- -- -- 

solutions so far:0 maxDepth:9 
iterations:25560442  skipped: 28 
Depth skipped: 
0 0 28 0 0 0 0 0 0 0 0 0 0 0 0 0 0 0 0 0 0 0 0 0 0 0 0 0 0 0 0 0 

running time: 3000 sec
 depth:6
 0  1  2  3  4  5  6  7  8  9  a  b  c  d  e  f 10 11 12 13 14 15 16 17 18 19 1a 1b 1c 1d 1e 1f 20 21 22 23 24 25 26 27 28 29 2a 2b 2c 2d 2e 2f 30 31 32 33 34 35 36 37 38 39 3a 3b 3c 3d 3e 3f 40 41 42 43 44 45 46 47 48 49 4a 4b 4c 4d 4e 4f 50 51 52 53 54 55 56 57 58 59 5a 5b 5c 5d 5e 5f 60 61 62 63 64 65 66 67 68 69 6a 6b 6c 6d 6e 6f 70 71 72 73 74 75 76 77 78 79 7a 7b 7c 7d 7e 7f 80 81 82 83 84 85 86 87 88 89 8a 8b 8c 8d 8e 8f 90 91 92 93 94 95 96 97 98 99 9a 9b 9c 9d 9e 9f a0 a1 a2 a3 a4 a5 a6 a7 a8 a9 aa ab ac ad ae af b0 b1 b2 b3 b4 b5 b6 b7 b8 b9 ba bb bc bd be bf c0 c1 c2 c3 c4 c5 c6 c7 c8 c9 ca cb cc cd ce cf d0 d1 d2 d3 d4 d5 d6 d7 d8 d9 da db dc dd de df e0 e1 e2 e3 e4 e5 e6 e7 e8 e9 ea eb ec ed ee ef f0 f1 f2 f3 f4 f5 f6 f7 f8 f9 fa fb fc fd fe ff 
 0  1  2 5e  4 77 bc 92  8 3c ee 9b af 86 f3 -- 10 -- 78 76  b 3d e1 -- 89 dc db -- 31 -- -- -- 20 -- -- -- f0 -- ec 4f 16 -- 7a -- 15 -- -- -- c5 -- 6f -- 61 -- -- -- 62 d7 -- -- -- -- -- 9d 40 -- -- -- -- -- -- -- 37 -- -- 91  f ca 9e 68 2c -- -- -- f4 -- -- -- 2a a8 -- -- -- d9 -- -- 5d -- -- -- de -- -- d5 c2 7e -- 7b -- -- -- -- c4 -- 79 23 -- -- -- -- -- b0 -- -- -- -- ed -- 80 -- -- a5 -- -- -- -- -- -- -- -- -- -- -- cc 6e -- -- -- -- 3b f5 -- 1e a6 43 -- eb 2f d0 49 58 -- -- -- -- fa -- -- 3f d6 -- -- -- -- -- 81 54 -- 87 -- -- -- -- -- -- a3 65 34 -- -- -- -- ba 1a -- -- -- -- -- -- 6b -- -- ab -- -- 7d -- 53 -- fc cf -- -- f6 -- -- -- -- 66 -- b9 -- -- 5f -- -- -- f2 -- 46 -- -- -- -- -- -- -- -- -- -- 33 b7 -- -- 8c -- -- -- be -- --  d -- -- -- 

solutions so far:0 maxDepth:9 
iterations:29711485  skipped: 36 
Depth skipped: 
0 0 36 0 0 0 0 0 0 0 0 0 0 0 0 0 0 0 0 0 0 0 0 0 0 0 0 0 0 0 0 0 

running time: 3300 sec
 depth:6
 0  1  2  3  4  5  6  7  8  9  a  b  c  d  e  f 10 11 12 13 14 15 16 17 18 19 1a 1b 1c 1d 1e 1f 20 21 22 23 24 25 26 27 28 29 2a 2b 2c 2d 2e 2f 30 31 32 33 34 35 36 37 38 39 3a 3b 3c 3d 3e 3f 40 41 42 43 44 45 46 47 48 49 4a 4b 4c 4d 4e 4f 50 51 52 53 54 55 56 57 58 59 5a 5b 5c 5d 5e 5f 60 61 62 63 64 65 66 67 68 69 6a 6b 6c 6d 6e 6f 70 71 72 73 74 75 76 77 78 79 7a 7b 7c 7d 7e 7f 80 81 82 83 84 85 86 87 88 89 8a 8b 8c 8d 8e 8f 90 91 92 93 94 95 96 97 98 99 9a 9b 9c 9d 9e 9f a0 a1 a2 a3 a4 a5 a6 a7 a8 a9 aa ab ac ad ae af b0 b1 b2 b3 b4 b5 b6 b7 b8 b9 ba bb bc bd be bf c0 c1 c2 c3 c4 c5 c6 c7 c8 c9 ca cb cc cd ce cf d0 d1 d2 d3 d4 d5 d6 d7 d8 d9 da db dc dd de df e0 e1 e2 e3 e4 e5 e6 e7 e8 e9 ea eb ec ed ee ef f0 f1 f2 f3 f4 f5 f6 f7 f8 f9 fa fb fc fd fe ff 
 0  1  2 5e  4 6e bc 51  8 9d dc 36 af df a2 -- 10 -- ed b0 6f 3d 6c -- 89 68 69 -- 93 -- -- -- 20 -- -- --  d -- b7 4f de -- 7a -- d8 -- -- -- c5 -- d0 -- d2 -- -- -- f1 d7 -- -- -- -- -- ec 40 -- -- -- -- -- -- -- 1a -- -- 91 b9 42 9e f0 6b -- -- -- f4 -- -- -- 67 4b -- -- -- fb -- -- 5d -- -- -- 77 -- -- 2b 73 7e -- 16 -- -- -- -- 35 -- 79 8f -- -- -- -- -- 7b -- -- -- --  f -- 80 -- -- 76 -- -- -- -- -- -- -- -- -- -- -- cc 34 -- -- -- -- 58 f5 -- a5 1b 84 -- eb 2f 37 c3 d6 -- -- -- -- ac -- -- 3f  b -- -- -- -- -- fe ce -- 96 -- -- -- -- -- -- a3 21 78 -- -- -- -- ba 3c -- -- -- -- -- -- ee -- -- 7f -- -- 56 -- e6 -- fc 8a -- -- 2c -- -- -- -- 66 -- 3b -- -- 6a -- -- -- f2 -- c9 -- -- -- -- -- -- -- -- -- -- 33 f6 -- -- 45 -- -- -- d4 -- -- 1e -- -- -- 

solutions so far:0 maxDepth:9 
iterations:33352767  skipped: 36 
Depth skipped: 
0 0 36 0 0 0 0 0 0 0 0 0 0 0 0 0 0 0 0 0 0 0 0 0 0 0 0 0 0 0 0 0 

running time: 3600 sec
 depth:6
 0  1  2  3  4  5  6  7  8  9  a  b  c  d  e  f 10 11 12 13 14 15 16 17 18 19 1a 1b 1c 1d 1e 1f 20 21 22 23 24 25 26 27 28 29 2a 2b 2c 2d 2e 2f 30 31 32 33 34 35 36 37 38 39 3a 3b 3c 3d 3e 3f 40 41 42 43 44 45 46 47 48 49 4a 4b 4c 4d 4e 4f 50 51 52 53 54 55 56 57 58 59 5a 5b 5c 5d 5e 5f 60 61 62 63 64 65 66 67 68 69 6a 6b 6c 6d 6e 6f 70 71 72 73 74 75 76 77 78 79 7a 7b 7c 7d 7e 7f 80 81 82 83 84 85 86 87 88 89 8a 8b 8c 8d 8e 8f 90 91 92 93 94 95 96 97 98 99 9a 9b 9c 9d 9e 9f a0 a1 a2 a3 a4 a5 a6 a7 a8 a9 aa ab ac ad ae af b0 b1 b2 b3 b4 b5 b6 b7 b8 b9 ba bb bc bd be bf c0 c1 c2 c3 c4 c5 c6 c7 c8 c9 ca cb cc cd ce cf d0 d1 d2 d3 d4 d5 d6 d7 d8 d9 da db dc dd de df e0 e1 e2 e3 e4 e5 e6 e7 e8 e9 ea eb ec ed ee ef f0 f1 f2 f3 f4 f5 f6 f7 f8 f9 fa fb fc fd fe ff 
 0  1  2 5e  4 5a bc  f  8 42 b4 99 af e0 1e -- 10 -- 84 4b bf 3d e5 -- 89 73 17 -- 3c -- -- -- 20 -- -- -- df -- 96 4f a9 -- 7a -- 1d -- -- -- c5 -- e6 -- 2e -- -- -- 78 d7 -- -- -- -- -- 5b 40 -- -- -- -- -- -- -- 69 -- -- 91 fb 38 9e fd 85 -- -- -- f4 -- -- -- 3a e8 -- -- --  e -- -- 5d -- -- -- 1b -- -- de 5c 7e -- d8 -- -- -- -- f0 -- 79 7b -- -- -- -- -- 6d -- -- -- -- b6 -- 80 -- -- c6 -- -- -- -- -- -- -- -- -- -- -- cc d2 -- -- -- -- ce f5 -- 21 a7 70 -- eb 2f 2d ec dd -- -- -- -- d6 -- -- 3f 6c -- -- -- -- -- 6f 74 --  7 -- -- -- -- -- -- a3 1c 95 -- -- -- -- ba a1 -- -- -- -- -- -- 36 -- -- dc -- -- 6b -- b8 -- fc 76 -- -- 67 -- -- -- -- 66 -- 63 -- -- 37 -- -- -- f2 -- f6 -- -- -- -- -- -- -- -- -- -- 33 da -- -- 3b -- -- -- 6e -- -- bb -- -- -- 

solutions so far:0 maxDepth:9 
iterations:37148047  skipped: 40 
Depth skipped: 
0 0 40 0 0 0 0 0 0 0 0 0 0 0 0 0 0 0 0 0 0 0 0 0 0 0 0 0 0 0 0 0 

running time: 3900 sec
 depth:7
 0  1  2  3  4  5  6  7  8  9  a  b  c  d  e  f 10 11 12 13 14 15 16 17 18 19 1a 1b 1c 1d 1e 1f 20 21 22 23 24 25 26 27 28 29 2a 2b 2c 2d 2e 2f 30 31 32 33 34 35 36 37 38 39 3a 3b 3c 3d 3e 3f 40 41 42 43 44 45 46 47 48 49 4a 4b 4c 4d 4e 4f 50 51 52 53 54 55 56 57 58 59 5a 5b 5c 5d 5e 5f 60 61 62 63 64 65 66 67 68 69 6a 6b 6c 6d 6e 6f 70 71 72 73 74 75 76 77 78 79 7a 7b 7c 7d 7e 7f 80 81 82 83 84 85 86 87 88 89 8a 8b 8c 8d 8e 8f 90 91 92 93 94 95 96 97 98 99 9a 9b 9c 9d 9e 9f a0 a1 a2 a3 a4 a5 a6 a7 a8 a9 aa ab ac ad ae af b0 b1 b2 b3 b4 b5 b6 b7 b8 b9 ba bb bc bd be bf c0 c1 c2 c3 c4 c5 c6 c7 c8 c9 ca cb cc cd ce cf d0 d1 d2 d3 d4 d5 d6 d7 d8 d9 da db dc dd de df e0 e1 e2 e3 e4 e5 e6 e7 e8 e9 ea eb ec ed ee ef f0 f1 f2 f3 f4 f5 f6 f7 f8 f9 fa fb fc fd fe ff 
 0  1  2 5e  4 49 bc f0  8 7f 92 5a af b6 37 90 10 -- fe f1 f3 3d b4 -- 89 8f bb -- 6e -- f7 -- 20 -- -- -- 2b -- 35 4f 31 -- 7a -- bf -- -- 7c c5 -- c9 -- a1 -- -- -- dc d7 -- -- 39 ef -- d5 40 4e -- -- -- -- -- -- 56 -- -- 91 6a c6 9e 8c 62 -- -- -- f4 -- -- -- a9 dd -- -- -- da f8 -- 5d -- -- -- 45 -- -- f6 95 7e -- 51 -- -- -- -- 6f -- 79 ec -- -- -- -- 72 5f  9 -- -- -- 7d -- 80 -- 9c 81 -- -- -- -- -- -- -- 3e -- -- -- cc ac -- -- -- -- 93 f5 -- d4 2d 5b 48 eb 2f cf 78 c4 -- -- -- -- 76 -- -- 3f c3 -- -- -- -- -- 7b 85 -- 6d -- -- -- -- -- -- a3 63 46 27 -- -- -- ba 23 -- -- -- -- -- -- 8a -- -- d6 -- -- 3b -- fd 24 fc 3c -- -- a2 -- -- 1f -- 66 -- ab -- -- de -- -- -- f2 --  f -- -- -- -- -- -- -- -- -- e4 33 be -- 12 1e -- -- -- 6b -- -- fa -- -- -- 

solutions so far:0 maxDepth:9 
iterations:40940304  skipped: 46 
Depth skipped: 
0 0 46 0 0 0 0 0 0 0 0 0 0 0 0 0 0 0 0 0 0 0 0 0 0 0 0 0 0 0 0 0 

running time: 4200 sec
 depth:7
 0  1  2  3  4  5  6  7  8  9  a  b  c  d  e  f 10 11 12 13 14 15 16 17 18 19 1a 1b 1c 1d 1e 1f 20 21 22 23 24 25 26 27 28 29 2a 2b 2c 2d 2e 2f 30 31 32 33 34 35 36 37 38 39 3a 3b 3c 3d 3e 3f 40 41 42 43 44 45 46 47 48 49 4a 4b 4c 4d 4e 4f 50 51 52 53 54 55 56 57 58 59 5a 5b 5c 5d 5e 5f 60 61 62 63 64 65 66 67 68 69 6a 6b 6c 6d 6e 6f 70 71 72 73 74 75 76 77 78 79 7a 7b 7c 7d 7e 7f 80 81 82 83 84 85 86 87 88 89 8a 8b 8c 8d 8e 8f 90 91 92 93 94 95 96 97 98 99 9a 9b 9c 9d 9e 9f a0 a1 a2 a3 a4 a5 a6 a7 a8 a9 aa ab ac ad ae af b0 b1 b2 b3 b4 b5 b6 b7 b8 b9 ba bb bc bd be bf c0 c1 c2 c3 c4 c5 c6 c7 c8 c9 ca cb cc cd ce cf d0 d1 d2 d3 d4 d5 d6 d7 d8 d9 da db dc dd de df e0 e1 e2 e3 e4 e5 e6 e7 e8 e9 ea eb ec ed ee ef f0 f1 f2 f3 f4 f5 f6 f7 f8 f9 fa fb fc fd fe ff 
 0  1  2 5e  4 3c bc 22  8 1d 78 e1 af db 44 92 10 -- 3a b8 f0 3d 15 -- 89  e 61 -- 88 -- f3 -- 20 -- -- -- 74 -- a7 4f 37 -- 7a -- 2a -- -- ab c5 -- 1c -- c2 -- -- -- c7 d7 -- -- 31 23 -- 7b 40 7d -- -- -- -- -- -- e8 -- -- 91 99 43 9e  f 6e -- -- -- f4 -- -- -- 54 87 -- -- -- 65 81 -- 5d -- -- -- 38 -- -- bd 53 7e -- 17 -- -- -- -- 59 -- 79 cd -- -- -- -- 62 6f 46 -- -- -- f6 -- 80 -- fa d6 -- -- -- -- -- -- -- be -- -- -- cc  7 -- -- -- -- 5c f5 -- e5 9b 86 49 eb 2f 1e 11 dc -- -- -- -- 8d -- -- 3f e0 -- -- -- -- -- b5 a8 -- d9 -- -- -- -- -- -- a3 ca ec d5 -- -- -- ba 76 -- -- -- -- -- -- 70 -- -- b1 -- -- ad -- a6 cf fc e3 -- -- 2e -- -- 5f -- 66 -- 6b -- -- b2 -- -- -- f2 -- 4d -- -- -- -- -- -- -- -- -- c4 33 de -- 8c 9a -- -- -- b3 -- -- 3b -- -- -- 

solutions so far:0 maxDepth:9 
iterations:45431287  skipped: 46 
Depth skipped: 
0 0 46 0 0 0 0 0 0 0 0 0 0 0 0 0 0 0 0 0 0 0 0 0 0 0 0 0 0 0 0 0 

running time: 4500 sec
 depth:6
 0  1  2  3  4  5  6  7  8  9  a  b  c  d  e  f 10 11 12 13 14 15 16 17 18 19 1a 1b 1c 1d 1e 1f 20 21 22 23 24 25 26 27 28 29 2a 2b 2c 2d 2e 2f 30 31 32 33 34 35 36 37 38 39 3a 3b 3c 3d 3e 3f 40 41 42 43 44 45 46 47 48 49 4a 4b 4c 4d 4e 4f 50 51 52 53 54 55 56 57 58 59 5a 5b 5c 5d 5e 5f 60 61 62 63 64 65 66 67 68 69 6a 6b 6c 6d 6e 6f 70 71 72 73 74 75 76 77 78 79 7a 7b 7c 7d 7e 7f 80 81 82 83 84 85 86 87 88 89 8a 8b 8c 8d 8e 8f 90 91 92 93 94 95 96 97 98 99 9a 9b 9c 9d 9e 9f a0 a1 a2 a3 a4 a5 a6 a7 a8 a9 aa ab ac ad ae af b0 b1 b2 b3 b4 b5 b6 b7 b8 b9 ba bb bc bd be bf c0 c1 c2 c3 c4 c5 c6 c7 c8 c9 ca cb cc cd ce cf d0 d1 d2 d3 d4 d5 d6 d7 d8 d9 da db dc dd de df e0 e1 e2 e3 e4 e5 e6 e7 e8 e9 ea eb ec ed ee ef f0 f1 f2 f3 f4 f5 f6 f7 f8 f9 fa fb fc fd fe ff 
 0  1  2 5e  4 22 bc cb  8 1d 44 6f af 3c 41 -- 10 -- 3a b8 88 3d de -- 89  e 78 -- 82 -- -- -- 20 -- -- -- 74 -- a7 4f c7 -- 7a -- 6b -- -- -- c5 -- 1c -- f0 -- -- -- d3 d7 -- -- -- -- -- ad 40 -- -- -- -- -- -- -- e8 -- -- 91 99  f 9e e3 59 -- -- -- f4 -- -- -- d6 f6 -- -- -- 76 -- -- 5d -- -- -- 38 -- -- 98 37 7e -- 17 -- -- -- -- 71 -- 79 32 -- -- -- -- -- b3 -- -- -- -- 8d -- 80 -- -- bd -- -- -- -- -- -- -- -- -- -- -- cc  7 -- -- -- -- 5c f5 -- e5 dc 1e -- eb 2f 11 8e b2 -- -- -- -- 19 -- -- 3f e0 -- -- -- -- -- 4c 7b -- 3b -- -- -- -- -- -- a3 ec 9a -- -- -- -- ba 4d -- -- -- -- -- -- 70 -- -- 26 -- -- e7 -- 6e -- fc 47 -- -- 2e -- -- -- -- 66 -- b5 -- -- e2 -- -- -- f2 -- 64 -- -- -- -- -- -- -- -- -- -- 33 b1 -- -- c8 -- -- -- 13 -- -- cd -- -- -- 

solutions so far:0 maxDepth:9 
iterations:49668305  skipped: 53 
Depth skipped: 
0 0 53 0 0 0 0 0 0 0 0 0 0 0 0 0 0 0 0 0 0 0 0 0 0 0 0 0 0 0 0 0 

running time: 4800 sec
 depth:7
 0  1  2  3  4  5  6  7  8  9  a  b  c  d  e  f 10 11 12 13 14 15 16 17 18 19 1a 1b 1c 1d 1e 1f 20 21 22 23 24 25 26 27 28 29 2a 2b 2c 2d 2e 2f 30 31 32 33 34 35 36 37 38 39 3a 3b 3c 3d 3e 3f 40 41 42 43 44 45 46 47 48 49 4a 4b 4c 4d 4e 4f 50 51 52 53 54 55 56 57 58 59 5a 5b 5c 5d 5e 5f 60 61 62 63 64 65 66 67 68 69 6a 6b 6c 6d 6e 6f 70 71 72 73 74 75 76 77 78 79 7a 7b 7c 7d 7e 7f 80 81 82 83 84 85 86 87 88 89 8a 8b 8c 8d 8e 8f 90 91 92 93 94 95 96 97 98 99 9a 9b 9c 9d 9e 9f a0 a1 a2 a3 a4 a5 a6 a7 a8 a9 aa ab ac ad ae af b0 b1 b2 b3 b4 b5 b6 b7 b8 b9 ba bb bc bd be bf c0 c1 c2 c3 c4 c5 c6 c7 c8 c9 ca cb cc cd ce cf d0 d1 d2 d3 d4 d5 d6 d7 d8 d9 da db dc dd de df e0 e1 e2 e3 e4 e5 e6 e7 e8 e9 ea eb ec ed ee ef f0 f1 f2 f3 f4 f5 f6 f7 f8 f9 fa fb fc fd fe ff 
 0  1  2 5e  4  a bc c4  8  d 14 59 af e3 5f 55 10 -- 1a b9 28 3d b2 -- 89 77 11 -- be -- aa -- 20 -- -- -- 34 -- a5 4f 50 -- 7a -- b3 -- --  6 c5 -- ee -- 22 -- -- -- ab d7 -- -- 83 c0 -- ff 40 30 -- -- -- -- -- -- 68 -- -- 91 9d 4d 9e e9 a0 -- -- -- f4 -- -- -- b1 bd -- -- -- 8d  c -- 5d -- -- --  b -- -- 46 44 7e -- 58 -- -- -- -- 81 -- 79 49 -- -- -- -- d1 f9 57 -- -- -- 29 -- 80 -- 60 94 -- -- -- -- -- -- --  3 -- -- -- cc d0 -- -- -- -- b7 f5 -- ed c7 9a c1 eb 2f  5 62 97 -- -- -- -- cf -- -- 3f 2c -- -- -- -- -- 23 b5 -- ad -- -- -- -- -- -- a3 cd 9f 18 -- -- -- ba a4 -- -- -- -- -- -- 16 -- -- fa -- -- 8c -- 88 8b fc 31 -- -- b0 -- -- ea -- 66 -- 4a -- -- d5 -- -- -- f2 -- 92 -- -- -- -- -- -- -- -- -- 75 33 25 -- ae f3 -- -- -- 7d -- -- 52 -- -- -- 

solutions so far:0 maxDepth:9 
iterations:55214616  skipped: 59 
Depth skipped: 
0 0 59 0 0 0 0 0 0 0 0 0 0 0 0 0 0 0 0 0 0 0 0 0 0 0 0 0 0 0 0 0 

running time: 5100 sec

Finished. Total running time: 5137 sec
