Search S-boxes invariant for matrix: 
{0x00,0x02,0x04,0x06,0x08,0x0a,0x0c,0x0e,0x10,0x12,0x14,0x16,0x18,0x1a,0x1c,0x1e,0x20,0x22,0x24,0x26,0x28,0x2a,0x2c,0x2e,0x30,0x32,0x34,0x36,0x38,0x3a,0x3c,0x3e,0x40,0x42,0x44,0x46,0x48,0x4a,0x4c,0x4e,0x50,0x52,0x54,0x56,0x58,0x5a,0x5c,0x5e,0x60,0x62,0x64,0x66,0x68,0x6a,0x6c,0x6e,0x70,0x72,0x74,0x76,0x78,0x7a,0x7c,0x7e,0x01,0x03,0x05,0x07,0x09,0x0b,0x0d,0x0f,0x11,0x13,0x15,0x17,0x19,0x1b,0x1d,0x1f,0x21,0x23,0x25,0x27,0x29,0x2b,0x2d,0x2f,0x31,0x33,0x35,0x37,0x39,0x3b,0x3d,0x3f,0x41,0x43,0x45,0x47,0x49,0x4b,0x4d,0x4f,0x51,0x53,0x55,0x57,0x59,0x5b,0x5d,0x5f,0x61,0x63,0x65,0x67,0x69,0x6b,0x6d,0x6f,0x71,0x73,0x75,0x77,0x79,0x7b,0x7d,0x7f};



 depth:9
 0  1  2  3  4  5  6  7  8  9  a  b  c  d  e  f 10 11 12 13 14 15 16 17 18 19 1a 1b 1c 1d 1e 1f 20 21 22 23 24 25 26 27 28 29 2a 2b 2c 2d 2e 2f 30 31 32 33 34 35 36 37 38 39 3a 3b 3c 3d 3e 3f 40 41 42 43 44 45 46 47 48 49 4a 4b 4c 4d 4e 4f 50 51 52 53 54 55 56 57 58 59 5a 5b 5c 5d 5e 5f 60 61 62 63 64 65 66 67 68 69 6a 6b 6c 6d 6e 6f 70 71 72 73 74 75 76 77 78 79 7a 7b 7c 7d 7e 7f 
 0  b 16 69 2c 1c 53 68 58 3c 38 72 27 40 51 19 31 47 78  5 70 -- 65 -- 4e 28  1 -- 23 -- 32 -- 62  7  f 10 71 --  a -- 61 -- -- -- 4b -- -- -- 1d 2e 50 --  2 -- -- -- 46 -- -- -- 64 -- -- -- 45 74  e 34 1e 39 20 4c 63 42 -- -- 14 -- -- -- 43  8 -- -- -- -- -- -- 17 -- -- -- -- -- -- -- 3a 1a 5c 26 21 -- -- --  4 -- -- -- -- -- -- --  d 13 -- -- -- -- -- -- 49 -- -- -- -- -- -- 7f 

solutions so far:0 maxDepth:13 
iterations:21625221  skipped: 102 
Depth skipped: 
0 0 86 16 0 0 0 0 0 0 0 0 0 0 0 0 0 0 0 0 0 0 0 0 0 0 0 0 0 0 0 0 

running time: 300 sec
 depth:10
 0  1  2  3  4  5  6  7  8  9  a  b  c  d  e  f 10 11 12 13 14 15 16 17 18 19 1a 1b 1c 1d 1e 1f 20 21 22 23 24 25 26 27 28 29 2a 2b 2c 2d 2e 2f 30 31 32 33 34 35 36 37 38 39 3a 3b 3c 3d 3e 3f 40 41 42 43 44 45 46 47 48 49 4a 4b 4c 4d 4e 4f 50 51 52 53 54 55 56 57 58 59 5a 5b 5c 5d 5e 5f 60 61 62 63 64 65 66 67 68 69 6a 6b 6c 6d 6e 6f 70 71 72 73 74 75 76 77 78 79 7a 7b 7c 7d 7e 7f 
 0  b 16 69 2c 1c 53 5c 58 5b 38 40 27 55 39 49 31 3b 37  f 70 34  1 -- 4e 78 2b -- 72 -- 13 -- 62  7 76 35 6e  d 1e -- 61 23 68 --  2 -- -- -- 1d  8 71 -- 56 -- -- -- 65 -- -- -- 26 -- -- -- 45 74  e 2e 6d 20 6a 64 5d 47 1a -- 3c -- -- -- 43 5a 46 -- 51 -- -- --  4 -- -- -- -- -- -- -- 3a 17 10 32 63 -- -- -- 2d -- -- -- -- -- -- -- 4b 19 -- -- -- -- -- -- 4c -- -- -- -- -- -- 7f 

solutions so far:0 maxDepth:13 
iterations:45732764  skipped: 108 
Depth skipped: 
0 0 86 22 0 0 0 0 0 0 0 0 0 0 0 0 0 0 0 0 0 0 0 0 0 0 0 0 0 0 0 0 

running time: 600 sec
 depth:10
 0  1  2  3  4  5  6  7  8  9  a  b  c  d  e  f 10 11 12 13 14 15 16 17 18 19 1a 1b 1c 1d 1e 1f 20 21 22 23 24 25 26 27 28 29 2a 2b 2c 2d 2e 2f 30 31 32 33 34 35 36 37 38 39 3a 3b 3c 3d 3e 3f 40 41 42 43 44 45 46 47 48 49 4a 4b 4c 4d 4e 4f 50 51 52 53 54 55 56 57 58 59 5a 5b 5c 5d 5e 5f 60 61 62 63 64 65 66 67 68 69 6a 6b 6c 6d 6e 6f 70 71 72 73 74 75 76 77 78 79 7a 7b 7c 7d 7e 7f 
 0  b 16 69 2c 1c 53 51 58 18 38 11 27 40 23 59 31  3 30 2e 70 35 22 -- 4e 72  1 -- 46 -- 33 -- 62  7  6 10 60 2d 5c -- 61 2b 6a -- 44 -- -- -- 1d 12 65 --  2 -- -- --  d -- -- -- 66 -- -- -- 45 74  e 68  c 48 20 6c 41 17 5a -- 39 -- -- -- 43  8 56 -- 55 -- -- --  9 -- -- -- -- -- -- -- 3a 34 24 36 4b -- -- --  4 -- -- -- -- -- -- -- 1a 1b -- -- -- -- -- -- 4d -- -- -- -- -- -- 7f 

solutions so far:0 maxDepth:13 
iterations:68427622  skipped: 114 
Depth skipped: 
0 0 86 28 0 0 0 0 0 0 0 0 0 0 0 0 0 0 0 0 0 0 0 0 0 0 0 0 0 0 0 0 

running time: 900 sec
 depth:10
 0  1  2  3  4  5  6  7  8  9  a  b  c  d  e  f 10 11 12 13 14 15 16 17 18 19 1a 1b 1c 1d 1e 1f 20 21 22 23 24 25 26 27 28 29 2a 2b 2c 2d 2e 2f 30 31 32 33 34 35 36 37 38 39 3a 3b 3c 3d 3e 3f 40 41 42 43 44 45 46 47 48 49 4a 4b 4c 4d 4e 4f 50 51 52 53 54 55 56 57 58 59 5a 5b 5c 5d 5e 5f 60 61 62 63 64 65 66 67 68 69 6a 6b 6c 6d 6e 6f 70 71 72 73 74 75 76 77 78 79 7a 7b 7c 7d 7e 7f 
 0  b 16 69 2c 1c 53 46 58 41 38 12 27 2b  d 75 31 18  3 1f 70 17 24 -- 4e 79 56 -- 1a -- 6b -- 62  7 30 6a  6 65 3e -- 61 39 2e -- 48 -- -- -- 1d 22 73 -- 2d -- -- -- 34 -- -- -- 57 -- -- -- 45 74  e 23 60  9 55 7a  c 4f 4b -- 7c -- -- -- 43 35 72 -- 5c -- -- -- 11 -- -- -- -- -- -- -- 3a 51 44 3d 67 -- -- -- 5a -- -- -- -- -- -- -- 68 5e -- -- -- -- -- -- 2f -- -- -- -- -- -- 7f 

solutions so far:0 maxDepth:13 
iterations:91774948  skipped: 122 
Depth skipped: 
0 0 86 36 0 0 0 0 0 0 0 0 0 0 0 0 0 0 0 0 0 0 0 0 0 0 0 0 0 0 0 0 

running time: 1200 sec
 depth:10
 0  1  2  3  4  5  6  7  8  9  a  b  c  d  e  f 10 11 12 13 14 15 16 17 18 19 1a 1b 1c 1d 1e 1f 20 21 22 23 24 25 26 27 28 29 2a 2b 2c 2d 2e 2f 30 31 32 33 34 35 36 37 38 39 3a 3b 3c 3d 3e 3f 40 41 42 43 44 45 46 47 48 49 4a 4b 4c 4d 4e 4f 50 51 52 53 54 55 56 57 58 59 5a 5b 5c 5d 5e 5f 60 61 62 63 64 65 66 67 68 69 6a 6b 6c 6d 6e 6f 70 71 72 73 74 75 76 77 78 79 7a 7b 7c 7d 7e 7f 
 0  b 16 69 2c 1c 53 34 58 1b 38 18 27 29 68 13 31 33 36 67 70 14 30 -- 4e 3e 52 -- 51 -- 26 -- 62  7 66 2a 6c  5 4f -- 61 21 28 -- 60 -- -- -- 1d  3 7c -- 25 -- -- -- 23 -- -- -- 4c -- -- -- 45 74  e 1a 4d  c 54 49 59 73  a -- 1f -- -- -- 43 15 42 -- 50 -- -- -- 41 -- -- -- -- -- -- -- 3a  d  6 64 79 -- -- -- 4a -- -- -- -- -- -- -- 46 32 -- -- -- -- -- -- 19 -- -- -- -- -- -- 7f 

solutions so far:0 maxDepth:13 
iterations:122255339  skipped: 133 
Depth skipped: 
0 0 86 47 0 0 0 0 0 0 0 0 0 0 0 0 0 0 0 0 0 0 0 0 0 0 0 0 0 0 0 0 

running time: 1500 sec
 depth:10
 0  1  2  3  4  5  6  7  8  9  a  b  c  d  e  f 10 11 12 13 14 15 16 17 18 19 1a 1b 1c 1d 1e 1f 20 21 22 23 24 25 26 27 28 29 2a 2b 2c 2d 2e 2f 30 31 32 33 34 35 36 37 38 39 3a 3b 3c 3d 3e 3f 40 41 42 43 44 45 46 47 48 49 4a 4b 4c 4d 4e 4f 50 51 52 53 54 55 56 57 58 59 5a 5b 5c 5d 5e 5f 60 61 62 63 64 65 66 67 68 69 6a 6b 6c 6d 6e 6f 70 71 72 73 74 75 76 77 78 79 7a 7b 7c 7d 7e 7f 
 0  b 16 69 2c 1c 53 23 58 4a 38 7b 27 36 46 3c 31 29 15  8 70 13 77 -- 4e 40 6c --  d -- 78 -- 62  7 52 4d 2a 64 10 -- 61 19 26 -- 6f -- -- -- 1d 3f  1 -- 59 -- -- -- 1a -- -- -- 71 -- -- -- 45 74  e 51 25 7d 1b 1e 54  4 49 -- 20 -- -- -- 43 66 32 -- 4c -- -- -- 5f -- -- -- -- -- -- -- 3a 68 7e  f  2 -- -- -- 33 -- -- -- -- -- -- -- 34 47 -- -- -- -- -- -- 63 -- -- -- -- -- -- 7f 

solutions so far:0 maxDepth:13 
iterations:146415926  skipped: 144 
Depth skipped: 
0 0 86 58 0 0 0 0 0 0 0 0 0 0 0 0 0 0 0 0 0 0 0 0 0 0 0 0 0 0 0 0 

running time: 1800 sec
 depth:10
 0  1  2  3  4  5  6  7  8  9  a  b  c  d  e  f 10 11 12 13 14 15 16 17 18 19 1a 1b 1c 1d 1e 1f 20 21 22 23 24 25 26 27 28 29 2a 2b 2c 2d 2e 2f 30 31 32 33 34 35 36 37 38 39 3a 3b 3c 3d 3e 3f 40 41 42 43 44 45 46 47 48 49 4a 4b 4c 4d 4e 4f 50 51 52 53 54 55 56 57 58 59 5a 5b 5c 5d 5e 5f 60 61 62 63 64 65 66 67 68 69 6a 6b 6c 6d 6e 6f 70 71 72 73 74 75 76 77 78 79 7a 7b 7c 7d 7e 7f 
 0  b 16 69 2c 1c 53 1a 58  2 38 5b 27  9 34  6 31 20  4 50 70 29 37 -- 4e  5 12 -- 68 --  c -- 62  7 40 22  8 2a 21 -- 61 4a 52 -- 6e -- -- -- 1d 3b  a -- 24 -- -- -- 51 -- -- -- 18 -- -- -- 45 74  e  d  1 6d 44  3 10 28 54 -- 42 -- -- -- 43 11 15 -- 25 -- -- -- 5d -- -- -- -- -- -- -- 3a 46 76 41 14 -- -- -- 48 -- -- -- -- -- -- -- 23 60 -- -- -- -- -- -- 30 -- -- -- -- -- -- 7f 

solutions so far:0 maxDepth:13 
iterations:167993486  skipped: 149 
Depth skipped: 
0 0 86 63 0 0 0 0 0 0 0 0 0 0 0 0 0 0 0 0 0 0 0 0 0 0 0 0 0 0 0 0 

running time: 2100 sec
 depth:10
 0  1  2  3  4  5  6  7  8  9  a  b  c  d  e  f 10 11 12 13 14 15 16 17 18 19 1a 1b 1c 1d 1e 1f 20 21 22 23 24 25 26 27 28 29 2a 2b 2c 2d 2e 2f 30 31 32 33 34 35 36 37 38 39 3a 3b 3c 3d 3e 3f 40 41 42 43 44 45 46 47 48 49 4a 4b 4c 4d 4e 4f 50 51 52 53 54 55 56 57 58 59 5a 5b 5c 5d 5e 5f 60 61 62 63 64 65 66 67 68 69 6a 6b 6c 6d 6e 6f 70 71 72 73 74 75 76 77 78 79 7a 7b 7c 7d 7e 7f 
 0  b 16 69 2c 1c 53  d 58 4b 38 6c 27 24 1a 77 31 39 17  1 70 14 59 -- 4e  8 48 -- 34 -- 6f -- 62  7 72  9 2e  5  2 -- 61 21 28 -- 33 -- -- -- 1d 4d 10 -- 11 -- -- -- 68 -- -- -- 5f -- -- -- 45 74  e 46 65 36 12 7b 5c 40  a --  4 -- -- -- 43 44 42 -- 50 -- -- -- 66 -- -- -- -- -- -- -- 3a 23 1b 7d 20 -- -- -- 22 -- -- -- -- -- -- -- 51 7e -- -- -- -- -- -- 3f -- -- -- -- -- -- 7f 

solutions so far:0 maxDepth:13 
iterations:188934282  skipped: 157 
Depth skipped: 
0 0 86 71 0 0 0 0 0 0 0 0 0 0 0 0 0 0 0 0 0 0 0 0 0 0 0 0 0 0 0 0 

running time: 2400 sec
 depth:9
 0  1  2  3  4  5  6  7  8  9  a  b  c  d  e  f 10 11 12 13 14 15 16 17 18 19 1a 1b 1c 1d 1e 1f 20 21 22 23 24 25 26 27 28 29 2a 2b 2c 2d 2e 2f 30 31 32 33 34 35 36 37 38 39 3a 3b 3c 3d 3e 3f 40 41 42 43 44 45 46 47 48 49 4a 4b 4c 4d 4e 4f 50 51 52 53 54 55 56 57 58 59 5a 5b 5c 5d 5e 5f 60 61 62 63 64 65 66 67 68 69 6a 6b 6c 6d 6e 6f 70 71 72 73 74 75 76 77 78 79 7a 7b 7c 7d 7e 7f 
 0  b 16 69 2c 17 53 51 58  f 2e 7e 27 3b 23 79 31 71 1e 18 5c -- 7d -- 4e 41 76 -- 46 -- 73 -- 62 65 63 6e 3c -- 30 -- 39 -- -- -- 7b -- -- -- 1d 6f  3 -- 6d -- -- --  d -- -- -- 67 -- -- -- 45 74 4b 68 47 3f 5d 7c 78  c -- -- 60 -- -- -- 72 37 -- -- -- -- -- -- 77 -- -- -- -- -- -- -- 3a 34 5f 3e  6 -- -- -- 5b -- -- -- -- -- -- -- 1a 1f -- -- -- -- -- -- 4f -- -- -- -- -- -- 7f 

solutions so far:0 maxDepth:13 
iterations:211494001  skipped: 202 
Depth skipped: 
0 0 90 112 0 0 0 0 0 0 0 0 0 0 0 0 0 0 0 0 0 0 0 0 0 0 0 0 0 0 0 0 

running time: 2700 sec
 depth:11
 0  1  2  3  4  5  6  7  8  9  a  b  c  d  e  f 10 11 12 13 14 15 16 17 18 19 1a 1b 1c 1d 1e 1f 20 21 22 23 24 25 26 27 28 29 2a 2b 2c 2d 2e 2f 30 31 32 33 34 35 36 37 38 39 3a 3b 3c 3d 3e 3f 40 41 42 43 44 45 46 47 48 49 4a 4b 4c 4d 4e 4f 50 51 52 53 54 55 56 57 58 59 5a 5b 5c 5d 5e 5f 60 61 62 63 64 65 66 67 68 69 6a 6b 6c 6d 6e 6f 70 71 72 73 74 75 76 77 78 79 7a 7b 7c 7d 7e 7f 
 0  b 16 69 2c 17 53 23 58 5d 2e 47 27 67 46 25 31 5b 3b 5f 5c  5  f  c 4e 7d 4f --  d -- 4a -- 62 65 37 79 76 21 3f -- 39 28  a -- 1e -- 18 -- 1d 78 7b -- 1f -- -- -- 1a 60 -- -- 15 -- -- -- 45 74 4b 51 6e 63 73 52 6d 6f 42  6 7e -- -- -- 72 7c 50 -- 14 -- -- -- 3c -- -- -- 30 -- -- -- 3a 68 71 29 77  3 -- -- 3e -- -- -- -- -- -- -- 34 54 41 -- -- -- -- -- 2a -- -- -- -- -- -- 7f 

solutions so far:0 maxDepth:13 
iterations:235311167  skipped: 234 
Depth skipped: 
0 0 90 144 0 0 0 0 0 0 0 0 0 0 0 0 0 0 0 0 0 0 0 0 0 0 0 0 0 0 0 0 

running time: 3000 sec
 depth:8
 0  1  2  3  4  5  6  7  8  9  a  b  c  d  e  f 10 11 12 13 14 15 16 17 18 19 1a 1b 1c 1d 1e 1f 20 21 22 23 24 25 26 27 28 29 2a 2b 2c 2d 2e 2f 30 31 32 33 34 35 36 37 38 39 3a 3b 3c 3d 3e 3f 40 41 42 43 44 45 46 47 48 49 4a 4b 4c 4d 4e 4f 50 51 52 53 54 55 56 57 58 59 5a 5b 5c 5d 5e 5f 60 61 62 63 64 65 66 67 68 69 6a 6b 6c 6d 6e 6f 70 71 72 73 74 75 76 77 78 79 7a 7b 7c 7d 7e 7f 
 0  b 16 69 2c 17 53 1a 58 13 2e 2a 27 55 34 1f 31 32 26 -- 5c -- 54 -- 4e -- 2b -- 68 -- 3e -- 62 65 64 35 4c -- -- -- 39 -- -- -- 29 -- -- -- 1d 25 -- -- 56 -- -- -- 51 -- -- -- 7c -- -- -- 45 74 4b  d 49 15 6a 4f 19 -- -- -- -- -- -- -- 72 5a -- -- -- -- -- -- 52 -- -- -- -- -- -- -- 3a 46 4a 67 -- -- -- -- 2d -- -- -- -- -- -- -- 23 73 -- -- -- -- -- -- 79 -- -- -- -- -- -- 7f 

solutions so far:0 maxDepth:13 
iterations:258144472  skipped: 241 
Depth skipped: 
0 0 90 151 0 0 0 0 0 0 0 0 0 0 0 0 0 0 0 0 0 0 0 0 0 0 0 0 0 0 0 0 

running time: 3300 sec
 depth:8
 0  1  2  3  4  5  6  7  8  9  a  b  c  d  e  f 10 11 12 13 14 15 16 17 18 19 1a 1b 1c 1d 1e 1f 20 21 22 23 24 25 26 27 28 29 2a 2b 2c 2d 2e 2f 30 31 32 33 34 35 36 37 38 39 3a 3b 3c 3d 3e 3f 40 41 42 43 44 45 46 47 48 49 4a 4b 4c 4d 4e 4f 50 51 52 53 54 55 56 57 58 59 5a 5b 5c 5d 5e 5f 60 61 62 63 64 65 66 67 68 69 6a 6b 6c 6d 6e 6f 70 71 72 73 74 75 76 77 78 79 7a 7b 7c 7d 7e 7f 
 0  b 16 69 2c  f 53 72 58 4a 1e  a 27 75 65 61 31 29 15 -- 3c -- 14 -- 4e -- 6b -- 4b -- 43 -- 62 63 52 3d 2a -- -- -- 78 -- -- -- 28 -- -- -- 1d 21 -- -- 57 -- -- -- 17 -- -- --  7 -- -- -- 45 74 47 39 25  5 7a 70 54 -- -- -- -- -- -- -- 71 5e -- -- -- -- -- -- 50 -- -- -- -- -- -- -- 3a 5c 42 38 -- -- -- -- 2f -- -- -- -- -- -- -- 2e 1c -- -- -- -- -- --  e -- -- -- -- -- -- 7f 

solutions so far:0 maxDepth:13 
iterations:280657953  skipped: 271 
Depth skipped: 
0 0 96 175 0 0 0 0 0 0 0 0 0 0 0 0 0 0 0 0 0 0 0 0 0 0 0 0 0 0 0 0 

running time: 3600 sec
 depth:9
 0  1  2  3  4  5  6  7  8  9  a  b  c  d  e  f 10 11 12 13 14 15 16 17 18 19 1a 1b 1c 1d 1e 1f 20 21 22 23 24 25 26 27 28 29 2a 2b 2c 2d 2e 2f 30 31 32 33 34 35 36 37 38 39 3a 3b 3c 3d 3e 3f 40 41 42 43 44 45 46 47 48 49 4a 4b 4c 4d 4e 4f 50 51 52 53 54 55 56 57 58 59 5a 5b 5c 5d 5e 5f 60 61 62 63 64 65 66 67 68 69 6a 6b 6c 6d 6e 6f 70 71 72 73 74 75 76 77 78 79 7a 7b 7c 7d 7e 7f 
 0  b 16 69 2c  f 53 68 58  2 1e 5f 27 52 51  9 31 20  4 1b 3c -- 3f -- 4e 59 25 -- 23 -- 12 -- 62 63 40 54  8 -- 36 -- 78 -- -- -- 7e -- -- -- 1d 7b 33 -- 4a -- -- -- 46 -- -- -- 24 -- -- -- 45 74 47 34  1 6f 29 44 10 4d -- -- 6c -- -- -- 71 2a -- -- -- -- -- -- 7d -- -- -- -- -- -- -- 3a 1a 77 22 66 -- -- -- 15 -- -- -- -- -- -- --  d 11 -- -- -- -- -- -- 48 -- -- -- -- -- -- 7f 

solutions so far:0 maxDepth:13 
iterations:303067580  skipped: 276 
Depth skipped: 
0 0 96 180 0 0 0 0 0 0 0 0 0 0 0 0 0 0 0 0 0 0 0 0 0 0 0 0 0 0 0 0 

running time: 3900 sec
 depth:10
 0  1  2  3  4  5  6  7  8  9  a  b  c  d  e  f 10 11 12 13 14 15 16 17 18 19 1a 1b 1c 1d 1e 1f 20 21 22 23 24 25 26 27 28 29 2a 2b 2c 2d 2e 2f 30 31 32 33 34 35 36 37 38 39 3a 3b 3c 3d 3e 3f 40 41 42 43 44 45 46 47 48 49 4a 4b 4c 4d 4e 4f 50 51 52 53 54 55 56 57 58 59 5a 5b 5c 5d 5e 5f 60 61 62 63 64 65 66 67 68 69 6a 6b 6c 6d 6e 6f 70 71 72 73 74 75 76 77 78 79 7a 7b 7c 7d 7e 7f 
 0  b 16 69 2c  f 53 5c 58 2f 1e 6a 27 3f 39 52 31 75 5e 6c 3c  3 55 -- 4e 66 7e -- 72 -- 25 -- 62 63 6b 6f 3d 60 59 -- 78 18  6 -- 2b -- -- -- 1d 2d 4d -- 7d -- -- -- 65 -- -- -- 4a -- -- -- 45 74 47 2e 57 35 5f 29 7a 36 41 -- 33 -- -- -- 71 77 30 --  c -- -- -- 56 -- -- -- -- -- -- -- 3a 17 5a 54 1b -- -- -- 7b -- -- -- -- -- -- -- 4b 2a -- -- -- -- -- -- 15 -- -- -- -- -- -- 7f 

solutions so far:0 maxDepth:13 
iterations:323420484  skipped: 282 
Depth skipped: 
0 0 96 186 0 0 0 0 0 0 0 0 0 0 0 0 0 0 0 0 0 0 0 0 0 0 0 0 0 0 0 0 

running time: 4200 sec
 depth:8
 0  1  2  3  4  5  6  7  8  9  a  b  c  d  e  f 10 11 12 13 14 15 16 17 18 19 1a 1b 1c 1d 1e 1f 20 21 22 23 24 25 26 27 28 29 2a 2b 2c 2d 2e 2f 30 31 32 33 34 35 36 37 38 39 3a 3b 3c 3d 3e 3f 40 41 42 43 44 45 46 47 48 49 4a 4b 4c 4d 4e 4f 50 51 52 53 54 55 56 57 58 59 5a 5b 5c 5d 5e 5f 60 61 62 63 64 65 66 67 68 69 6a 6b 6c 6d 6e 6f 70 71 72 73 74 75 76 77 78 79 7a 7b 7c 7d 7e 7f 
 0  b 16 69 2c  f 53 46 58 4c 1e 2b 27 40  d 73 31 49 19 -- 3c -- 56 -- 4e --  1 -- 1a -- 67 -- 62 63 13 10 32 -- -- -- 78 -- -- -- 2d -- -- -- 1d 35 -- --  2 -- -- -- 34 -- -- -- 4f -- -- -- 45 74 47 23 26 55 20 79 64 -- -- -- -- -- -- -- 71  8 -- -- -- -- -- -- 5a -- -- -- -- -- -- -- 3a 51 6a 7c -- -- -- --  4 -- -- -- -- -- -- -- 68 3e -- -- -- -- -- -- 1f -- -- -- -- -- -- 7f 

solutions so far:0 maxDepth:13 
iterations:358348255  skipped: 295 
Depth skipped: 
0 0 96 199 0 0 0 0 0 0 0 0 0 0 0 0 0 0 0 0 0 0 0 0 0 0 0 0 0 0 0 0 

running time: 4500 sec
 depth:8
 0  1  2  3  4  5  6  7  8  9  a  b  c  d  e  f 10 11 12 13 14 15 16 17 18 19 1a 1b 1c 1d 1e 1f 20 21 22 23 24 25 26 27 28 29 2a 2b 2c 2d 2e 2f 30 31 32 33 34 35 36 37 38 39 3a 3b 3c 3d 3e 3f 40 41 42 43 44 45 46 47 48 49 4a 4b 4c 4d 4e 4f 50 51 52 53 54 55 56 57 58 59 5a 5b 5c 5d 5e 5f 60 61 62 63 64 65 66 67 68 69 6a 6b 6c 6d 6e 6f 70 71 72 73 74 75 76 77 78 79 7a 7b 7c 7d 7e 7f 
 0  b 16 69 2c  f 53 34 58 21 1e 5d 27 24 68 60 31 14 42 -- 3c -- 3b -- 4e -- 48 -- 51 -- 41 -- 62 63 28  9  5 -- -- -- 78 -- -- -- 76 -- -- -- 1d 5b -- -- 11 -- -- -- 23 -- -- --  3 -- -- -- 45 74 47 1a 50 6e 12 30  a -- -- -- -- -- -- -- 71 44 -- -- -- -- -- -- 6d -- -- -- -- -- -- -- 3a  d 37 18 -- -- -- -- 22 -- -- -- -- -- -- -- 46  c -- -- -- -- -- --  6 -- -- -- -- -- -- 7f 

solutions so far:0 maxDepth:13 
iterations:389117362  skipped: 308 
Depth skipped: 
0 0 96 212 0 0 0 0 0 0 0 0 0 0 0 0 0 0 0 0 0 0 0 0 0 0 0 0 0 0 0 0 

running time: 4800 sec
 depth:8
 0  1  2  3  4  5  6  7  8  9  a  b  c  d  e  f 10 11 12 13 14 15 16 17 18 19 1a 1b 1c 1d 1e 1f 20 21 22 23 24 25 26 27 28 29 2a 2b 2c 2d 2e 2f 30 31 32 33 34 35 36 37 38 39 3a 3b 3c 3d 3e 3f 40 41 42 43 44 45 46 47 48 49 4a 4b 4c 4d 4e 4f 50 51 52 53 54 55 56 57 58 59 5a 5b 5c 5d 5e 5f 60 61 62 63 64 65 66 67 68 69 6a 6b 6c 6d 6e 6f 70 71 72 73 74 75 76 77 78 79 7a 7b 7c 7d 7e 7f 
 0  b 16 69 2c  f 53 23 58 3f 1e 2d 27  2 46 5b 31 77 7e -- 3c -- 5a -- 4e --  4 --  d -- 37 -- 62 63 6f 40 7d -- -- -- 78 -- -- -- 35 -- -- -- 1d 55 -- --  8 -- -- -- 1a -- -- -- 6e -- -- -- 45 74 47 51 5f 56  1 6d 7b -- -- -- -- -- -- -- 71 20 -- -- -- -- -- -- 6a -- -- -- -- -- -- -- 3a 68 2b 76 -- -- -- -- 10 -- -- -- -- -- -- -- 34 3b -- -- -- -- -- -- 5d -- -- -- -- -- -- 7f 

solutions so far:0 maxDepth:13 
iterations:410529656  skipped: 318 
Depth skipped: 
0 0 96 222 0 0 0 0 0 0 0 0 0 0 0 0 0 0 0 0 0 0 0 0 0 0 0 0 0 0 0 0 

running time: 5100 sec
 depth:10
 0  1  2  3  4  5  6  7  8  9  a  b  c  d  e  f 10 11 12 13 14 15 16 17 18 19 1a 1b 1c 1d 1e 1f 20 21 22 23 24 25 26 27 28 29 2a 2b 2c 2d 2e 2f 30 31 32 33 34 35 36 37 38 39 3a 3b 3c 3d 3e 3f 40 41 42 43 44 45 46 47 48 49 4a 4b 4c 4d 4e 4f 50 51 52 53 54 55 56 57 58 59 5a 5b 5c 5d 5e 5f 60 61 62 63 64 65 66 67 68 69 6a 6b 6c 6d 6e 6f 70 71 72 73 74 75 76 77 78 79 7a 7b 7c 7d 7e 7f 
 0  b 16 69 2c  f 53 17 58 41 1e 4a 27 4d 2e 3d 31 18  3 49 3c 48 15 -- 4e 4c 1b -- 5c -- 7a -- 62 63 30 33  6 12 13 -- 78 44 11 -- 2a -- -- -- 1d 29 19 -- 36 -- -- -- 39 -- -- -- 75 -- -- -- 45 74 47 4b 60 25 66 5e  c 64 24 -- 26 -- -- -- 71 59  9 -- 22 -- -- -- 54 -- -- -- -- -- -- -- 3a 65 52 2f 32 -- -- -- 6c -- -- -- -- -- -- -- 72 57 -- -- -- -- -- -- 6b -- -- -- -- -- -- 7f 

solutions so far:0 maxDepth:13 
iterations:437576960  skipped: 323 
Depth skipped: 
0 0 96 227 0 0 0 0 0 0 0 0 0 0 0 0 0 0 0 0 0 0 0 0 0 0 0 0 0 0 0 0 

running time: 5400 sec
 depth:10
 0  1  2  3  4  5  6  7  8  9  a  b  c  d  e  f 10 11 12 13 14 15 16 17 18 19 1a 1b 1c 1d 1e 1f 20 21 22 23 24 25 26 27 28 29 2a 2b 2c 2d 2e 2f 30 31 32 33 34 35 36 37 38 39 3a 3b 3c 3d 3e 3f 40 41 42 43 44 45 46 47 48 49 4a 4b 4c 4d 4e 4f 50 51 52 53 54 55 56 57 58 59 5a 5b 5c 5d 5e 5f 60 61 62 63 64 65 66 67 68 69 6a 6b 6c 6d 6e 6f 70 71 72 73 74 75 76 77 78 79 7a 7b 7c 7d 7e 7f 
 0  b 16 69 2c  e 53 5c 58 48 1c 59 27 3c 39 5f 31  9 11 67 38  4 33 -- 4e 3e 78 -- 72 -- 3f -- 62 43 12  f 22  1 4f -- 70 20  8 -- 66 -- -- -- 1d 1b 7c -- 71 -- -- -- 65 -- -- -- 7e -- -- -- 45 74  7 2e 24 6c 1e 6f 44 73  2 -- 1f -- -- -- 61 47 40 -- 10 -- -- -- 4d -- -- -- -- -- -- -- 3a 17 36 77 79 -- -- -- 63 -- -- -- -- -- -- -- 4b 7b -- -- -- -- -- -- 7d -- -- -- -- -- -- 7f 

solutions so far:0 maxDepth:13 
iterations:477795537  skipped: 361 
Depth skipped: 
0 0 96 265 0 0 0 0 0 0 0 0 0 0 0 0 0 0 0 0 0 0 0 0 0 0 0 0 0 0 0 0 

running time: 5700 sec
 depth:9
 0  1  2  3  4  5  6  7  8  9  a  b  c  d  e  f 10 11 12 13 14 15 16 17 18 19 1a 1b 1c 1d 1e 1f 20 21 22 23 24 25 26 27 28 29 2a 2b 2c 2d 2e 2f 30 31 32 33 34 35 36 37 38 39 3a 3b 3c 3d 3e 3f 40 41 42 43 44 45 46 47 48 49 4a 4b 4c 4d 4e 4f 50 51 52 53 54 55 56 57 58 59 5a 5b 5c 5d 5e 5f 60 61 62 63 64 65 66 67 68 69 6a 6b 6c 6d 6e 6f 70 71 72 73 74 75 76 77 78 79 7a 7b 7c 7d 7e 7f 
 0  b 16 69 2c  e 53 4b 58 73 1c 49 27 41 17  9 31 3e 67 25 38 -- 13 -- 4e 2a  3 -- 2e -- 12 -- 62 43 7c 30 4f -- 4a -- 70 -- -- -- 26 -- -- -- 1d 19 54 --  6 -- -- -- 5c -- -- -- 24 -- -- -- 45 74  7 65 79 64 60 44 1f 52 -- -- 15 -- -- -- 61 18 -- -- -- -- -- -- 4c -- -- -- -- -- -- -- 3a 72 32 22 29 -- -- --  c -- -- -- -- -- -- -- 39 11 -- -- -- -- -- -- 48 -- -- -- -- -- -- 7f 

solutions so far:0 maxDepth:13 
iterations:499805876  skipped: 372 
Depth skipped: 
0 0 96 276 0 0 0 0 0 0 0 0 0 0 0 0 0 0 0 0 0 0 0 0 0 0 0 0 0 0 0 0 

running time: 6000 sec
 depth:10
 0  1  2  3  4  5  6  7  8  9  a  b  c  d  e  f 10 11 12 13 14 15 16 17 18 19 1a 1b 1c 1d 1e 1f 20 21 22 23 24 25 26 27 28 29 2a 2b 2c 2d 2e 2f 30 31 32 33 34 35 36 37 38 39 3a 3b 3c 3d 3e 3f 40 41 42 43 44 45 46 47 48 49 4a 4b 4c 4d 4e 4f 50 51 52 53 54 55 56 57 58 59 5a 5b 5c 5d 5e 5f 60 61 62 63 64 65 66 67 68 69 6a 6b 6c 6d 6e 6f 70 71 72 73 74 75 76 77 78 79 7a 7b 7c 7d 7e 7f 
 0  b 16 69 2c  e 53 46 58 24 1c 52 27 37  d 20 31 44 48 66 38 60 25 -- 4e 36 6e -- 1a -- 40 -- 62 43  9 6d 11 18 4d -- 70  6 41 -- 4a -- -- -- 1d 2a 6c -- 5d -- -- -- 34 -- -- --  1 -- -- -- 45 74  7 23 12 29 5b 10 22 33 30 -- 1b -- -- -- 61 76  c --  3 -- -- -- 15 -- -- -- -- -- -- -- 3a 51 54  8 59 -- -- -- 3b -- -- -- -- -- -- -- 68  4 -- -- -- -- -- --  2 -- -- -- -- -- -- 7f 

solutions so far:0 maxDepth:13 
iterations:523660006  skipped: 375 
Depth skipped: 
0 0 96 279 0 0 0 0 0 0 0 0 0 0 0 0 0 0 0 0 0 0 0 0 0 0 0 0 0 0 0 0 

running time: 6300 sec
 depth:9
 0  1  2  3  4  5  6  7  8  9  a  b  c  d  e  f 10 11 12 13 14 15 16 17 18 19 1a 1b 1c 1d 1e 1f 20 21 22 23 24 25 26 27 28 29 2a 2b 2c 2d 2e 2f 30 31 32 33 34 35 36 37 38 39 3a 3b 3c 3d 3e 3f 40 41 42 43 44 45 46 47 48 49 4a 4b 4c 4d 4e 4f 50 51 52 53 54 55 56 57 58 59 5a 5b 5c 5d 5e 5f 60 61 62 63 64 65 66 67 68 69 6a 6b 6c 6d 6e 6f 70 71 72 73 74 75 76 77 78 79 7a 7b 7c 7d 7e 7f 
 0  b 16 69 2c  e 53 34 58 3c 1c  8 27 3f 68 11 31 47 78 52 38 -- 10 -- 4e 15 7e -- 51 -- 22 -- 62 43  f 6f 71 -- 25 -- 70 -- -- -- 20 -- -- -- 1d  1 2a -- 7d -- -- -- 23 -- -- -- 44 -- -- -- 45 74  7 1a 1e  4 5f 48 63 29 -- -- 4a -- -- -- 61 77 -- -- -- -- -- -- 40 -- -- -- -- -- -- -- 3a  d  2 24 54 -- -- -- 7b -- -- -- -- -- -- -- 46 12 -- -- -- -- -- --  9 -- -- -- -- -- -- 7f 

solutions so far:0 maxDepth:13 
iterations:546784275  skipped: 387 
Depth skipped: 
0 0 96 291 0 0 0 0 0 0 0 0 0 0 0 0 0 0 0 0 0 0 0 0 0 0 0 0 0 0 0 0 

running time: 6600 sec
 depth:9
 0  1  2  3  4  5  6  7  8  9  a  b  c  d  e  f 10 11 12 13 14 15 16 17 18 19 1a 1b 1c 1d 1e 1f 20 21 22 23 24 25 26 27 28 29 2a 2b 2c 2d 2e 2f 30 31 32 33 34 35 36 37 38 39 3a 3b 3c 3d 3e 3f 40 41 42 43 44 45 46 47 48 49 4a 4b 4c 4d 4e 4f 50 51 52 53 54 55 56 57 58 59 5a 5b 5c 5d 5e 5f 60 61 62 63 64 65 66 67 68 69 6a 6b 6c 6d 6e 6f 70 71 72 73 74 75 76 77 78 79 7a 7b 7c 7d 7e 7f 
 0  b 16 69 2c  e 53 23 58 4b 1c 4d 27 19 46 2b 31 39 17 44 38 -- 1b -- 4e 24 32 --  d -- 56 -- 62 43 72 26 2e --  9 -- 70 -- -- -- 36 -- -- -- 1d 59 48 -- 64 -- -- -- 1a -- -- -- 2d -- -- -- 45 74  7 51 65 66 4c 55 5c 22 -- -- 12 -- -- -- 61 13 -- -- -- -- -- -- 6c -- -- -- -- -- -- -- 3a 68 33 6a 11 -- -- -- 49 -- -- -- -- -- -- -- 34 35 -- -- -- -- -- -- 5a -- -- -- -- -- -- 7f 

solutions so far:0 maxDepth:13 
iterations:570668010  skipped: 398 
Depth skipped: 
0 0 96 302 0 0 0 0 0 0 0 0 0 0 0 0 0 0 0 0 0 0 0 0 0 0 0 0 0 0 0 0 

running time: 6900 sec
 depth:9
 0  1  2  3  4  5  6  7  8  9  a  b  c  d  e  f 10 11 12 13 14 15 16 17 18 19 1a 1b 1c 1d 1e 1f 20 21 22 23 24 25 26 27 28 29 2a 2b 2c 2d 2e 2f 30 31 32 33 34 35 36 37 38 39 3a 3b 3c 3d 3e 3f 40 41 42 43 44 45 46 47 48 49 4a 4b 4c 4d 4e 4f 50 51 52 53 54 55 56 57 58 59 5a 5b 5c 5d 5e 5f 60 61 62 63 64 65 66 67 68 69 6a 6b 6c 6d 6e 6f 70 71 72 73 74 75 76 77 78 79 7a 7b 7c 7d 7e 7f 
 0  b 16 69 2c  e 53 17 58 25 1c  2 27 64 2e 36 31 54 4a 1e 38 --  4 -- 4e 71 49 -- 5c -- 6c -- 62 43 29 19 15 -- 3c -- 70 -- -- --  8 -- -- -- 1d 20 63 -- 13 -- -- -- 39 -- -- -- 59 -- -- -- 45 74  7 4b 52  1 32 1b 2a  f -- -- 78 -- -- -- 61 4c -- -- -- -- -- -- 10 -- -- -- -- -- -- -- 3a 65 40 4d 47 -- -- -- 26 -- -- -- -- -- -- -- 72 66 -- -- -- -- -- -- 33 -- -- -- -- -- -- 7f 

solutions so far:0 maxDepth:13 
iterations:598977441  skipped: 405 
Depth skipped: 
0 0 96 309 0 0 0 0 0 0 0 0 0 0 0 0 0 0 0 0 0 0 0 0 0 0 0 0 0 0 0 0 

running time: 7200 sec
 depth:10
 0  1  2  3  4  5  6  7  8  9  a  b  c  d  e  f 10 11 12 13 14 15 16 17 18 19 1a 1b 1c 1d 1e 1f 20 21 22 23 24 25 26 27 28 29 2a 2b 2c 2d 2e 2f 30 31 32 33 34 35 36 37 38 39 3a 3b 3c 3d 3e 3f 40 41 42 43 44 45 46 47 48 49 4a 4b 4c 4d 4e 4f 50 51 52 53 54 55 56 57 58 59 5a 5b 5c 5d 5e 5f 60 61 62 63 64 65 66 67 68 69 6a 6b 6c 6d 6e 6f 70 71 72 73 74 75 76 77 78 79 7a 7b 7c 7d 7e 7f 
 0  b 16 69 2c  d 53 65 58  2 1a 5e 27 7e 4b 63 31 20  4 60 34 13 3d -- 4e  6 7d -- 17 -- 47 -- 62 23 40 5f  8 64 41 -- 68 19 26 -- 7a -- -- -- 1d 6b  c -- 7b -- -- -- 2e -- -- --  f -- -- -- 45 74 46 72  1 2f 3f 71 10 30 49 --  3 -- -- -- 51 6f 32 -- 4c -- -- -- 75 -- -- -- -- -- -- -- 3a 39 57 78 18 -- -- -- 77 -- -- -- -- -- -- -- 5c 3c -- -- -- -- -- -- 1e -- -- -- -- -- -- 7f 

solutions so far:0 maxDepth:13 
iterations:635008574  skipped: 440 
Depth skipped: 
0 0 96 344 0 0 0 0 0 0 0 0 0 0 0 0 0 0 0 0 0 0 0 0 0 0 0 0 0 0 0 0 

running time: 7500 sec
 depth:10
 0  1  2  3  4  5  6  7  8  9  a  b  c  d  e  f 10 11 12 13 14 15 16 17 18 19 1a 1b 1c 1d 1e 1f 20 21 22 23 24 25 26 27 28 29 2a 2b 2c 2d 2e 2f 30 31 32 33 34 35 36 37 38 39 3a 3b 3c 3d 3e 3f 40 41 42 43 44 45 46 47 48 49 4a 4b 4c 4d 4e 4f 50 51 52 53 54 55 56 57 58 59 5a 5b 5c 5d 5e 5f 60 61 62 63 64 65 66 67 68 69 6a 6b 6c 6d 6e 6f 70 71 72 73 74 75 76 77 78 79 7a 7b 7c 7d 7e 7f 
 0  b 16 69 2c  d 53 4b 58 56 1a 59 27 2f 17  6 31 6a 2d 3f 34 21 33 -- 4e 7b 5e -- 2e --  c -- 62 23 55 6b 5a 28 7e -- 68  a 42 -- 66 -- -- -- 1d 1b 77 -- 3d -- -- -- 5c -- -- -- 18 -- -- -- 45 74 46 65 2b 6c 57  3 35 5f 50 -- 7d -- -- -- 51 75 14 --  5 -- -- -- 4d -- -- -- -- -- -- -- 3a 72 36 41 6f -- -- -- 7a -- -- -- -- -- -- -- 39 60 -- -- -- -- -- -- 30 -- -- -- -- -- -- 7f 

solutions so far:0 maxDepth:13 
iterations:658936864  skipped: 458 
Depth skipped: 
0 0 96 362 0 0 0 0 0 0 0 0 0 0 0 0 0 0 0 0 0 0 0 0 0 0 0 0 0 0 0 0 

running time: 7800 sec
 depth:9
 0  1  2  3  4  5  6  7  8  9  a  b  c  d  e  f 10 11 12 13 14 15 16 17 18 19 1a 1b 1c 1d 1e 1f 20 21 22 23 24 25 26 27 28 29 2a 2b 2c 2d 2e 2f 30 31 32 33 34 35 36 37 38 39 3a 3b 3c 3d 3e 3f 40 41 42 43 44 45 46 47 48 49 4a 4b 4c 4d 4e 4f 50 51 52 53 54 55 56 57 58 59 5a 5b 5c 5d 5e 5f 60 61 62 63 64 65 66 67 68 69 6a 6b 6c 6d 6e 6f 70 71 72 73 74 75 76 77 78 79 7a 7b 7c 7d 7e 7f 
 0  b 16 69 2c  d 53 17 58 7c 1a 22 27 21 2e 36 31 4f 79 18 34 -- 44 -- 4e 41 42 -- 5c -- 6c -- 62 23 1f 28 73 -- 30 -- 68 -- -- --  9 -- -- -- 1d 24  3 --  5 -- -- -- 39 -- -- -- 59 -- -- -- 45 74 46 4b 3e 11 50 1b 67  c -- -- 60 -- -- -- 51 14 -- -- -- -- -- -- 12 -- -- -- -- -- -- -- 3a 65 48 4d  6 -- -- --  a -- -- -- -- -- -- -- 72 66 -- -- -- -- -- -- 33 -- -- -- -- -- -- 7f 

solutions so far:0 maxDepth:13 
iterations:688793080  skipped: 494 
Depth skipped: 
0 0 96 398 0 0 0 0 0 0 0 0 0 0 0 0 0 0 0 0 0 0 0 0 0 0 0 0 0 0 0 0 

running time: 8100 sec
 depth:9
 0  1  2  3  4  5  6  7  8  9  a  b  c  d  e  f 10 11 12 13 14 15 16 17 18 19 1a 1b 1c 1d 1e 1f 20 21 22 23 24 25 26 27 28 29 2a 2b 2c 2d 2e 2f 30 31 32 33 34 35 36 37 38 39 3a 3b 3c 3d 3e 3f 40 41 42 43 44 45 46 47 48 49 4a 4b 4c 4d 4e 4f 50 51 52 53 54 55 56 57 58 59 5a 5b 5c 5d 5e 5f 60 61 62 63 64 65 66 67 68 69 6a 6b 6c 6d 6e 6f 70 71 72 73 74 75 76 77 78 79 7a 7b 7c 7d 7e 7f 
 0  b 16 69 2c  c 53 72 58 38 18 34 27  5 65 11 31  7 70 29 30 -- 68 -- 4e 4a  a -- 4b -- 22 -- 62  3  e 21 61 -- 52 -- 60 -- -- -- 51 -- -- -- 1d 46 15 -- 14 -- -- -- 17 -- -- -- 44 -- -- -- 45 74  6 39 1c 1a 42 48 43 54 -- -- 25 -- -- -- 41 50 -- -- -- -- -- -- 23 -- -- -- -- -- -- -- 3a 5c  d 24 2a -- -- -- 28 -- -- -- -- -- -- -- 2e 12 -- -- -- -- -- --  9 -- -- -- -- -- -- 7f 

solutions so far:0 maxDepth:13 
iterations:712551394  skipped: 521 
Depth skipped: 
0 0 96 425 0 0 0 0 0 0 0 0 0 0 0 0 0 0 0 0 0 0 0 0 0 0 0 0 0 0 0 0 

running time: 8400 sec
 depth:9
 0  1  2  3  4  5  6  7  8  9  a  b  c  d  e  f 10 11 12 13 14 15 16 17 18 19 1a 1b 1c 1d 1e 1f 20 21 22 23 24 25 26 27 28 29 2a 2b 2c 2d 2e 2f 30 31 32 33 34 35 36 37 38 39 3a 3b 3c 3d 3e 3f 40 41 42 43 44 45 46 47 48 49 4a 4b 4c 4d 4e 4f 50 51 52 53 54 55 56 57 58 59 5a 5b 5c 5d 5e 5f 60 61 62 63 64 65 66 67 68 69 6a 6b 6c 6d 6e 6f 70 71 72 73 74 75 76 77 78 79 7a 7b 7c 7d 7e 7f 
 0  b 16 69 2c  c 53 5c 58 56 18 3c 27 3b 39  d 31 6a 2d 7a 30 -- 78 -- 4e 57 76 -- 72 -- 1a -- 62  3 55 6e 5a -- 75 -- 60 -- -- -- 71 -- -- -- 1d 47 2f -- 6d -- -- -- 65 -- -- -- 34 -- -- -- 45 74  6 2e 2b 1e 5d 46 35 3d -- -- 6b -- -- -- 41 37 -- -- -- -- -- -- 63 -- -- -- -- -- -- -- 3a 17  f 23 5e -- -- -- 5b -- -- -- -- -- -- -- 4b 51 -- -- -- -- -- -- 68 -- -- -- -- -- -- 7f 

solutions so far:0 maxDepth:13 
iterations:735620559  skipped: 534 
Depth skipped: 
0 0 96 438 0 0 0 0 0 0 0 0 0 0 0 0 0 0 0 0 0 0 0 0 0 0 0 0 0 0 0 0 

running time: 8700 sec
 depth:9
 0  1  2  3  4  5  6  7  8  9  a  b  c  d  e  f 10 11 12 13 14 15 16 17 18 19 1a 1b 1c 1d 1e 1f 20 21 22 23 24 25 26 27 28 29 2a 2b 2c 2d 2e 2f 30 31 32 33 34 35 36 37 38 39 3a 3b 3c 3d 3e 3f 40 41 42 43 44 45 46 47 48 49 4a 4b 4c 4d 4e 4f 50 51 52 53 54 55 56 57 58 59 5a 5b 5c 5d 5e 5f 60 61 62 63 64 65 66 67 68 69 6a 6b 6c 6d 6e 6f 70 71 72 73 74 75 76 77 78 79 7a 7b 7c 7d 7e 7f 
 0  b 16 69 2c  c 53 4b 58 75 18 3b 27  8 17 23 31 5e 6b 59 30 -- 76 -- 4e 4d 10 -- 2e -- 46 -- 62  3 3d  2 57 -- 33 -- 60 -- -- -- 6d -- -- -- 1d 37 1b -- 20 -- -- -- 5c -- -- --  d -- -- -- 45 74  6 65 7a 5d  4 51 2f 6c -- -- 66 -- -- -- 41  1 -- -- -- -- -- -- 5b -- -- -- -- -- -- -- 3a 72 6e 68 36 -- -- -- 40 -- -- -- -- -- -- -- 39 34 -- -- -- -- -- -- 1a -- -- -- -- -- -- 7f 

solutions so far:0 maxDepth:13 
iterations:760065451  skipped: 543 
Depth skipped: 
0 0 96 447 0 0 0 0 0 0 0 0 0 0 0 0 0 0 0 0 0 0 0 0 0 0 0 0 0 0 0 0 

running time: 9000 sec
 depth:9
 0  1  2  3  4  5  6  7  8  9  a  b  c  d  e  f 10 11 12 13 14 15 16 17 18 19 1a 1b 1c 1d 1e 1f 20 21 22 23 24 25 26 27 28 29 2a 2b 2c 2d 2e 2f 30 31 32 33 34 35 36 37 38 39 3a 3b 3c 3d 3e 3f 40 41 42 43 44 45 46 47 48 49 4a 4b 4c 4d 4e 4f 50 51 52 53 54 55 56 57 58 59 5a 5b 5c 5d 5e 5f 60 61 62 63 64 65 66 67 68 69 6a 6b 6c 6d 6e 6f 70 71 72 73 74 75 76 77 78 79 7a 7b 7c 7d 7e 7f 
 0  b 16 69 2c  c 53 39 58 76 18 56 27 1f 72 21 31 6e 6d 33 30 -- 2d -- 4e 1b 3e -- 65 -- 42 -- 62  3 5d 67 5b -- 66 -- 60 -- -- -- 5a -- -- -- 1d 6a 36 -- 7c -- -- -- 4b -- -- --  5 -- -- -- 45 74  6 5c 3b 2b 4f 50 37 59 -- -- 4d -- -- -- 41 73 -- -- -- -- -- -- 35 -- -- -- -- -- -- -- 3a 2e 55 28 6c -- -- -- 79 -- -- -- -- -- -- -- 17 14 -- -- -- -- -- --  a -- -- -- -- -- -- 7f 

solutions so far:0 maxDepth:13 
iterations:785173880  skipped: 556 
Depth skipped: 
0 0 96 460 0 0 0 0 0 0 0 0 0 0 0 0 0 0 0 0 0 0 0 0 0 0 0 0 0 0 0 0 

running time: 9300 sec
 depth:11
 0  1  2  3  4  5  6  7  8  9  a  b  c  d  e  f 10 11 12 13 14 15 16 17 18 19 1a 1b 1c 1d 1e 1f 20 21 22 23 24 25 26 27 28 29 2a 2b 2c 2d 2e 2f 30 31 32 33 34 35 36 37 38 39 3a 3b 3c 3d 3e 3f 40 41 42 43 44 45 46 47 48 49 4a 4b 4c 4d 4e 4f 50 51 52 53 54 55 56 57 58 59 5a 5b 5c 5d 5e 5f 60 61 62 63 64 65 66 67 68 69 6a 6b 6c 6d 6e 6f 70 71 72 73 74 75 76 77 78 79 7a 7b 7c 7d 7e 7f 
 0  b 16 69 2c  c 53 2e 58  e 18 20 27 32 5c 46 31 61 1c 42 30 54 40 3e 4e 14 64 -- 39 --  d -- 62  3 43 4c 38 15  5 -- 60 25 29 --  1 -- 7c -- 1d  4 28 -- 49 -- -- -- 72 73 -- -- 1a -- -- -- 45 74  6 17  7 10 19 23 70 21 2a 1f  a -- -- -- 41 26 4a -- 52 -- -- --  2 -- -- -- 79 -- -- -- 3a 4b  8 51 50 4f -- -- 13 -- -- -- -- -- -- -- 65 68 67 -- -- -- -- -- 34 -- -- -- -- -- -- 7f 

solutions so far:0 maxDepth:13 
iterations:808928653  skipped: 561 
Depth skipped: 
0 0 96 465 0 0 0 0 0 0 0 0 0 0 0 0 0 0 0 0 0 0 0 0 0 0 0 0 0 0 0 0 

running time: 9600 sec
 depth:8
 0  1  2  3  4  5  6  7  8  9  a  b  c  d  e  f 10 11 12 13 14 15 16 17 18 19 1a 1b 1c 1d 1e 1f 20 21 22 23 24 25 26 27 28 29 2a 2b 2c 2d 2e 2f 30 31 32 33 34 35 36 37 38 39 3a 3b 3c 3d 3e 3f 40 41 42 43 44 45 46 47 48 49 4a 4b 4c 4d 4e 4f 50 51 52 53 54 55 56 57 58 59 5a 5b 5c 5d 5e 5f 60 61 62 63 64 65 66 67 68 69 6a 6b 6c 6d 6e 6f 70 71 72 73 74 75 76 77 78 79 7a 7b 7c 7d 7e 7f 
 0  b 16 69 2c  c 53  d 58 75 18 1e 27 10 1a 4d 31 5e 6b -- 30 -- 3c -- 4e -- 20 -- 34 -- 1b -- 62  3 3d  4 57 -- -- -- 60 -- -- -- 78 -- -- -- 1d 63 -- -- 40 -- -- -- 68 -- -- -- 36 -- -- -- 45 74  6 46 7a  f  8 66 2f -- -- -- -- -- -- -- 41  2 -- -- -- -- -- -- 71 -- -- -- -- -- -- -- 3a 23 47 33 -- -- -- --  1 -- -- -- -- -- -- -- 51 59 -- -- -- -- -- -- 6c -- -- -- -- -- -- 7f 

solutions so far:0 maxDepth:13 
iterations:834743500  skipped: 583 
Depth skipped: 
0 0 96 487 0 0 0 0 0 0 0 0 0 0 0 0 0 0 0 0 0 0 0 0 0 0 0 0 0 0 0 0 

running time: 9900 sec
 depth:9
 0  1  2  3  4  5  6  7  8  9  a  b  c  d  e  f 10 11 12 13 14 15 16 17 18 19 1a 1b 1c 1d 1e 1f 20 21 22 23 24 25 26 27 28 29 2a 2b 2c 2d 2e 2f 30 31 32 33 34 35 36 37 38 39 3a 3b 3c 3d 3e 3f 40 41 42 43 44 45 46 47 48 49 4a 4b 4c 4d 4e 4f 50 51 52 53 54 55 56 57 58 59 5a 5b 5c 5d 5e 5f 60 61 62 63 64 65 66 67 68 69 6a 6b 6c 6d 6e 6f 70 71 72 73 74 75 76 77 78 79 7a 7b 7c 7d 7e 7f 
 0  b 16 69 2c  a 53 72 58  e 14 15 27 5a 65 68 31 61 1c 5f 28 -- 2a -- 4e 7d 35 -- 4b -- 51 -- 62 42 43 56 38 -- 3f -- 50 -- -- -- 54 -- -- -- 1d 52 7b -- 6a -- -- -- 17 -- -- -- 23 -- -- -- 45 74  5 39  7 4a 2d 34 70 6f -- -- 7e -- -- -- 21 2b -- -- -- -- -- -- 29 -- -- -- -- -- -- -- 3a 5c 25 1a 77 -- -- -- 55 -- -- -- -- -- -- -- 2e  d -- -- -- -- -- -- 46 -- -- -- -- -- -- 7f 

solutions so far:0 maxDepth:13 
iterations:858853225  skipped: 600 
Depth skipped: 
0 0 96 504 0 0 0 0 0 0 0 0 0 0 0 0 0 0 0 0 0 0 0 0 0 0 0 0 0 0 0 0 

running time: 10200 sec
 depth:9
 0  1  2  3  4  5  6  7  8  9  a  b  c  d  e  f 10 11 12 13 14 15 16 17 18 19 1a 1b 1c 1d 1e 1f 20 21 22 23 24 25 26 27 28 29 2a 2b 2c 2d 2e 2f 30 31 32 33 34 35 36 37 38 39 3a 3b 3c 3d 3e 3f 40 41 42 43 44 45 46 47 48 49 4a 4b 4c 4d 4e 4f 50 51 52 53 54 55 56 57 58 59 5a 5b 5c 5d 5e 5f 60 61 62 63 64 65 66 67 68 69 6a 6b 6c 6d 6e 6f 70 71 72 73 74 75 76 77 78 79 7a 7b 7c 7d 7e 7f 
 0  b 16 69 2c  a 53 51 58 13 14 78 27 55 23 48 31 32 26 15 28 -- 71 -- 4e 29 2b -- 46 -- 11 -- 62 42 64 35 4c -- 2a -- 50 -- -- -- 63 -- -- -- 1d  f 52 -- 56 -- -- --  d -- -- -- 22 -- -- -- 45 74  5 68 49 3c 6a 24 19 4a -- -- 54 -- -- -- 21 5a -- -- -- -- -- -- 47 -- -- -- -- -- -- -- 3a 34 1e 12 25 -- -- -- 2d -- -- -- -- -- -- -- 1a  9 -- -- -- -- -- -- 44 -- -- -- -- -- -- 7f 

solutions so far:0 maxDepth:13 
iterations:898125614  skipped: 620 
Depth skipped: 
0 0 96 524 0 0 0 0 0 0 0 0 0 0 0 0 0 0 0 0 0 0 0 0 0 0 0 0 0 0 0 0 

running time: 10500 sec
 depth:9
 0  1  2  3  4  5  6  7  8  9  a  b  c  d  e  f 10 11 12 13 14 15 16 17 18 19 1a 1b 1c 1d 1e 1f 20 21 22 23 24 25 26 27 28 29 2a 2b 2c 2d 2e 2f 30 31 32 33 34 35 36 37 38 39 3a 3b 3c 3d 3e 3f 40 41 42 43 44 45 46 47 48 49 4a 4b 4c 4d 4e 4f 50 51 52 53 54 55 56 57 58 59 5a 5b 5c 5d 5e 5f 60 61 62 63 64 65 66 67 68 69 6a 6b 6c 6d 6e 6f 70 71 72 73 74 75 76 77 78 79 7a 7b 7c 7d 7e 7f 
 0  b 16 69 2c  a 53 34 58 20 14 3d 27  f 68 37 31  4 40 52 28 -- 7a -- 4e 15 1e -- 51 -- 6e -- 62 42  8 63  1 -- 25 -- 50 -- -- -- 75 -- -- -- 1d 57 2a -- 3c -- -- -- 23 -- -- -- 5d -- -- -- 45 74  5 1a 10 5e 47 5b  2 29 -- -- 4a -- -- -- 21 71 -- -- -- -- -- -- 6b -- -- -- -- -- -- -- 3a  d 2f 6d 54 -- -- -- 78 -- -- -- -- -- -- -- 46 76 -- -- -- -- -- -- 3b -- -- -- -- -- -- 7f 

solutions so far:0 maxDepth:13 
iterations:935329197  skipped: 638 
Depth skipped: 
0 0 96 542 0 0 0 0 0 0 0 0 0 0 0 0 0 0 0 0 0 0 0 0 0 0 0 0 0 0 0 0 

running time: 10800 sec
 depth:9
 0  1  2  3  4  5  6  7  8  9  a  b  c  d  e  f 10 11 12 13 14 15 16 17 18 19 1a 1b 1c 1d 1e 1f 20 21 22 23 24 25 26 27 28 29 2a 2b 2c 2d 2e 2f 30 31 32 33 34 35 36 37 38 39 3a 3b 3c 3d 3e 3f 40 41 42 43 44 45 46 47 48 49 4a 4b 4c 4d 4e 4f 50 51 52 53 54 55 56 57 58 59 5a 5b 5c 5d 5e 5f 60 61 62 63 64 65 66 67 68 69 6a 6b 6c 6d 6e 6f 70 71 72 73 74 75 76 77 78 79 7a 7b 7c 7d 7e 7f 
 0  b 16 69 2c  a 53 23 58 24 14 19 27 6c 46 6e 31 44 48 2e 28 -- 32 -- 4e 72 59 --  d -- 5d -- 62 42  9 1b 11 -- 5c -- 50 -- -- -- 64 -- -- -- 1d 13 65 -- 33 -- -- -- 1a -- -- -- 3b -- -- -- 45 74  5 51 12 4c 36 37 22 17 -- -- 39 -- -- -- 21 4d -- -- -- -- -- -- 49 -- -- -- -- -- -- -- 3a 68 26 5b 4b -- -- -- 66 -- -- -- -- -- -- -- 34 6d -- -- -- -- -- -- 76 -- -- -- -- -- -- 7f 

solutions so far:0 maxDepth:13 
iterations:962317313  skipped: 648 
Depth skipped: 
0 0 96 552 0 0 0 0 0 0 0 0 0 0 0 0 0 0 0 0 0 0 0 0 0 0 0 0 0 0 0 0 

running time: 11100 sec
 depth:9
 0  1  2  3  4  5  6  7  8  9  a  b  c  d  e  f 10 11 12 13 14 15 16 17 18 19 1a 1b 1c 1d 1e 1f 20 21 22 23 24 25 26 27 28 29 2a 2b 2c 2d 2e 2f 30 31 32 33 34 35 36 37 38 39 3a 3b 3c 3d 3e 3f 40 41 42 43 44 45 46 47 48 49 4a 4b 4c 4d 4e 4f 50 51 52 53 54 55 56 57 58 59 5a 5b 5c 5d 5e 5f 60 61 62 63 64 65 66 67 68 69 6a 6b 6c 6d 6e 6f 70 71 72 73 74 75 76 77 78 79 7a 7b 7c 7d 7e 7f 
 0  b 16 69 2c  a 53 17 58  4 14 52 27 70 2e 3f 31 40  8 1b 28 -- 25 -- 4e 59 61 -- 5c -- 7e -- 62 42  1 1c 10 -- 36 -- 50 -- -- -- 4a -- -- -- 1d 2a 33 -- 43 -- -- -- 39 -- -- -- 7d -- -- -- 45 74  5 4b  2 29 38 5f 20 4d -- -- 6c -- -- -- 21  e -- -- -- -- -- -- 15 -- -- -- -- -- -- -- 3a 65 54 6f 66 -- -- --  7 -- -- -- -- -- -- -- 72 77 -- -- -- -- -- -- 7b -- -- -- -- -- -- 7f 

solutions so far:0 maxDepth:13 
iterations:991165316  skipped: 654 
Depth skipped: 
0 0 96 558 0 0 0 0 0 0 0 0 0 0 0 0 0 0 0 0 0 0 0 0 0 0 0 0 0 0 0 0 

running time: 11400 sec
 depth:9
 0  1  2  3  4  5  6  7  8  9  a  b  c  d  e  f 10 11 12 13 14 15 16 17 18 19 1a 1b 1c 1d 1e 1f 20 21 22 23 24 25 26 27 28 29 2a 2b 2c 2d 2e 2f 30 31 32 33 34 35 36 37 38 39 3a 3b 3c 3d 3e 3f 40 41 42 43 44 45 46 47 48 49 4a 4b 4c 4d 4e 4f 50 51 52 53 54 55 56 57 58 59 5a 5b 5c 5d 5e 5f 60 61 62 63 64 65 66 67 68 69 6a 6b 6c 6d 6e 6f 70 71 72 73 74 75 76 77 78 79 7a 7b 7c 7d 7e 7f 
 0  b 16 69 2c  9 53 72 58 2d 12 4a 27 6d 65 36 31 55 5a  f 24 -- 15 -- 4e 78 5b -- 4b -- 6c -- 62 22 2b 3b 35 -- 1e -- 48 -- -- -- 2a -- -- -- 1d 29 71 -- 37 -- -- -- 17 -- -- -- 59 -- -- -- 45 74 44 39 56 25 76 1b 6a 47 -- -- 3c -- -- -- 11 5d -- -- -- -- -- -- 54 -- -- -- -- -- -- -- 3a 5c 52 4d 63 -- -- -- 6e -- -- -- -- -- -- -- 2e 66 -- -- -- -- -- -- 33 -- -- -- -- -- -- 7f 

solutions so far:0 maxDepth:13 
iterations:1013995023  skipped: 678 
Depth skipped: 
0 0 96 582 0 0 0 0 0 0 0 0 0 0 0 0 0 0 0 0 0 0 0 0 0 0 0 0 0 0 0 0 

running time: 11700 sec
 depth:9
 0  1  2  3  4  5  6  7  8  9  a  b  c  d  e  f 10 11 12 13 14 15 16 17 18 19 1a 1b 1c 1d 1e 1f 20 21 22 23 24 25 26 27 28 29 2a 2b 2c 2d 2e 2f 30 31 32 33 34 35 36 37 38 39 3a 3b 3c 3d 3e 3f 40 41 42 43 44 45 46 47 48 49 4a 4b 4c 4d 4e 4f 50 51 52 53 54 55 56 57 58 59 5a 5b 5c 5d 5e 5f 60 61 62 63 64 65 66 67 68 69 6a 6b 6c 6d 6e 6f 70 71 72 73 74 75 76 77 78 79 7a 7b 7c 7d 7e 7f 
 0  b 16 69 2c  9 53 5c 58 3d 12  c 27 70 39 42 31 57 7a 15 24 -- 18 -- 4e 29 61 -- 72 --  5 -- 62 22 2f 1c 75 -- 2a -- 48 -- -- -- 30 -- -- -- 1d 41 52 -- 43 -- -- -- 65 -- -- --  a -- -- -- 45 74 44 2e 5e  6 38 21 6b 4a -- -- 54 -- -- -- 11  e -- -- -- -- -- -- 60 -- -- -- -- -- -- -- 3a 17  3 50 25 -- -- --  7 -- -- -- -- -- -- -- 4b 28 -- -- -- -- -- -- 14 -- -- -- -- -- -- 7f 

solutions so far:0 maxDepth:13 
iterations:1038170074  skipped: 694 
Depth skipped: 
0 0 96 598 0 0 0 0 0 0 0 0 0 0 0 0 0 0 0 0 0 0 0 0 0 0 0 0 0 0 0 0 

running time: 12000 sec
 depth:9
 0  1  2  3  4  5  6  7  8  9  a  b  c  d  e  f 10 11 12 13 14 15 16 17 18 19 1a 1b 1c 1d 1e 1f 20 21 22 23 24 25 26 27 28 29 2a 2b 2c 2d 2e 2f 30 31 32 33 34 35 36 37 38 39 3a 3b 3c 3d 3e 3f 40 41 42 43 44 45 46 47 48 49 4a 4b 4c 4d 4e 4f 50 51 52 53 54 55 56 57 58 59 5a 5b 5c 5d 5e 5f 60 61 62 63 64 65 66 67 68 69 6a 6b 6c 6d 6e 6f 70 71 72 73 74 75 76 77 78 79 7a 7b 7c 7d 7e 7f 
 0  b 16 69 2c  9 53 4b 58 5e 12 34 27 28 17 43 31 6b 3d 77 24 -- 68 -- 4e 3f 50 -- 2e --  7 -- 62 22 57  a 7a -- 6f -- 48 -- -- -- 51 -- -- -- 1d 46 7e -- 21 -- -- -- 5c -- -- --  e -- -- -- 45 74 44 65 2f 1a 14 61 75 7b -- -- 5f -- -- -- 11  5 -- -- -- -- -- -- 23 -- -- -- -- -- -- -- 3a 72  d 70 7d -- -- -- 42 -- -- -- -- -- -- -- 39 38 -- -- -- -- -- -- 1c -- -- -- -- -- -- 7f 

solutions so far:0 maxDepth:13 
iterations:1060845965  skipped: 704 
Depth skipped: 
0 0 96 608 0 0 0 0 0 0 0 0 0 0 0 0 0 0 0 0 0 0 0 0 0 0 0 0 0 0 0 0 

running time: 12300 sec
 depth:8
 0  1  2  3  4  5  6  7  8  9  a  b  c  d  e  f 10 11 12 13 14 15 16 17 18 19 1a 1b 1c 1d 1e 1f 20 21 22 23 24 25 26 27 28 29 2a 2b 2c 2d 2e 2f 30 31 32 33 34 35 36 37 38 39 3a 3b 3c 3d 3e 3f 40 41 42 43 44 45 46 47 48 49 4a 4b 4c 4d 4e 4f 50 51 52 53 54 55 56 57 58 59 5a 5b 5c 5d 5e 5f 60 61 62 63 64 65 66 67 68 69 6a 6b 6c 6d 6e 6f 70 71 72 73 74 75 76 77 78 79 7a 7b 7c 7d 7e 7f 
 0  b 16 69 2c  9 53 46 58  3 12 76 27 1f  d  2 31 30  6 -- 24 -- 6d -- 4e -- 3e -- 1a --  4 -- 62 22 60 67  c -- -- -- 48 -- -- -- 5b -- -- -- 1d 6e -- -- 7c -- -- -- 34 -- -- --  8 -- -- -- 45 74 44 23 41 3b 4f  1 18 -- -- -- -- -- -- -- 11 73 -- -- -- -- -- -- 37 -- -- -- -- -- -- -- 3a 51 5d 40 -- -- -- -- 79 -- -- -- -- -- -- -- 68 20 -- -- -- -- -- -- 10 -- -- -- -- -- -- 7f 

solutions so far:0 maxDepth:13 
iterations:1084851787  skipped: 707 
Depth skipped: 
0 0 96 611 0 0 0 0 0 0 0 0 0 0 0 0 0 0 0 0 0 0 0 0 0 0 0 0 0 0 0 0 

running time: 12600 sec
 depth:10
 0  1  2  3  4  5  6  7  8  9  a  b  c  d  e  f 10 11 12 13 14 15 16 17 18 19 1a 1b 1c 1d 1e 1f 20 21 22 23 24 25 26 27 28 29 2a 2b 2c 2d 2e 2f 30 31 32 33 34 35 36 37 38 39 3a 3b 3c 3d 3e 3f 40 41 42 43 44 45 46 47 48 49 4a 4b 4c 4d 4e 4f 50 51 52 53 54 55 56 57 58 59 5a 5b 5c 5d 5e 5f 60 61 62 63 64 65 66 67 68 69 6a 6b 6c 6d 6e 6f 70 71 72 73 74 75 76 77 78 79 7a 7b 7c 7d 7e 7f 
 0  b 16 69 2c  9 53 2e 58 79 12 7a 27 2b 5c 66 31 1f 73 25 24 3f 75 -- 4e 2a 56 -- 39 -- 4d -- 62 22 3e 6a 67 6f 4a -- 48 7b 7e -- 6b -- -- -- 1d 2f 54 -- 2d -- -- -- 72 -- -- -- 1b -- -- -- 45 74 44 17 7c 3d 55 33 4f 52 5f -- 15 -- -- -- 11 35 77 -- 7d -- -- -- 57 -- -- -- -- -- -- -- 3a 4b 5e 59 29 -- -- -- 5a -- -- -- -- -- -- -- 65 6c -- -- -- -- -- -- 36 -- -- -- -- -- -- 7f 

solutions so far:0 maxDepth:13 
iterations:1111895703  skipped: 722 
Depth skipped: 
0 0 96 626 0 0 0 0 0 0 0 0 0 0 0 0 0 0 0 0 0 0 0 0 0 0 0 0 0 0 0 0 

running time: 12900 sec
 depth:9
 0  1  2  3  4  5  6  7  8  9  a  b  c  d  e  f 10 11 12 13 14 15 16 17 18 19 1a 1b 1c 1d 1e 1f 20 21 22 23 24 25 26 27 28 29 2a 2b 2c 2d 2e 2f 30 31 32 33 34 35 36 37 38 39 3a 3b 3c 3d 3e 3f 40 41 42 43 44 45 46 47 48 49 4a 4b 4c 4d 4e 4f 50 51 52 53 54 55 56 57 58 59 5a 5b 5c 5d 5e 5f 60 61 62 63 64 65 66 67 68 69 6a 6b 6c 6d 6e 6f 70 71 72 73 74 75 76 77 78 79 7a 7b 7c 7d 7e 7f 
 0  b 16 69 2c  9 53 23 58  7 12 25 27 73 46 37 31 70  e  a 24 -- 4a -- 4e 50 67 --  d -- 6e -- 62 22 61 7c 1c -- 14 -- 48 -- -- -- 15 -- -- -- 1d 54 21 -- 4f -- -- -- 1a -- -- -- 5d -- -- -- 45 74 44 51 43 52 79 5b 38  5 -- -- 28 -- -- -- 11 3e -- -- -- -- -- -- 2a -- -- -- -- -- -- -- 3a 68 29 6d 42 -- -- -- 1f -- -- -- -- -- -- -- 34 76 -- -- -- -- -- -- 3b -- -- -- -- -- -- 7f 

solutions so far:0 maxDepth:13 
iterations:1138040621  skipped: 727 
Depth skipped: 
0 0 96 631 0 0 0 0 0 0 0 0 0 0 0 0 0 0 0 0 0 0 0 0 0 0 0 0 0 0 0 0 

running time: 13200 sec
 depth:9
 0  1  2  3  4  5  6  7  8  9  a  b  c  d  e  f 10 11 12 13 14 15 16 17 18 19 1a 1b 1c 1d 1e 1f 20 21 22 23 24 25 26 27 28 29 2a 2b 2c 2d 2e 2f 30 31 32 33 34 35 36 37 38 39 3a 3b 3c 3d 3e 3f 40 41 42 43 44 45 46 47 48 49 4a 4b 4c 4d 4e 4f 50 51 52 53 54 55 56 57 58 59 5a 5b 5c 5d 5e 5f 60 61 62 63 64 65 66 67 68 69 6a 6b 6c 6d 6e 6f 70 71 72 73 74 75 76 77 78 79 7a 7b 7c 7d 7e 7f 
 0  b 16 69 2c  9 53  d 58  4 12 25 27 2f 1a 26 31 40  8 59 24 -- 4a -- 4e 4d 5e -- 34 -- 4c -- 62 22  1 6b 10 -- 33 -- 48 -- -- -- 15 -- -- -- 1d 54 1b -- 3d -- -- -- 68 -- -- -- 19 -- -- -- 45 74 44 46  2 52 57 13 20 6c -- -- 66 -- -- -- 11 75 -- -- -- -- -- -- 2a -- -- -- -- -- -- -- 3a 23 29 49 36 -- -- -- 7a -- -- -- -- -- -- -- 51 64 -- -- -- -- -- -- 32 -- -- -- -- -- -- 7f 

solutions so far:0 maxDepth:13 
iterations:1163965698  skipped: 738 
Depth skipped: 
0 0 96 642 0 0 0 0 0 0 0 0 0 0 0 0 0 0 0 0 0 0 0 0 0 0 0 0 0 0 0 0 

running time: 13500 sec
 depth:11
 0  1  2  3  4  5  6  7  8  9  a  b  c  d  e  f 10 11 12 13 14 15 16 17 18 19 1a 1b 1c 1d 1e 1f 20 21 22 23 24 25 26 27 28 29 2a 2b 2c 2d 2e 2f 30 31 32 33 34 35 36 37 38 39 3a 3b 3c 3d 3e 3f 40 41 42 43 44 45 46 47 48 49 4a 4b 4c 4d 4e 4f 50 51 52 53 54 55 56 57 58 59 5a 5b 5c 5d 5e 5f 60 61 62 63 64 65 66 67 68 69 6a 6b 6c 6d 6e 6f 70 71 72 73 74 75 76 77 78 79 7a 7b 7c 7d 7e 7f 
 0  b 16 69 2c  8 53 68 58 11 10 19 27 41 51 3c 31 12 22 38 20 17 32 5d 4e 43  3 -- 23 -- 78 -- 62  2 24 30 44 65 70 -- 40 39 2e -- 64 -- 3b -- 1d 13  7 --  6 -- -- -- 46 6d -- -- 71 -- -- -- 45 74  4 34 48 4c 60 1e  9 1c 4b 6e 61 -- -- --  1 18 72 -- 5c -- -- -- 49 -- -- -- 76 -- -- -- 3a 1a 26  f  e 37 -- --  c -- -- -- -- -- -- --  d 47 5b -- -- -- -- -- 63 -- -- -- -- -- -- 7f 

solutions so far:0 maxDepth:13 
iterations:1192379863  skipped: 763 
Depth skipped: 
0 0 96 667 0 0 0 0 0 0 0 0 0 0 0 0 0 0 0 0 0 0 0 0 0 0 0 0 0 0 0 0 

running time: 13800 sec
 depth:10
 0  1  2  3  4  5  6  7  8  9  a  b  c  d  e  f 10 11 12 13 14 15 16 17 18 19 1a 1b 1c 1d 1e 1f 20 21 22 23 24 25 26 27 28 29 2a 2b 2c 2d 2e 2f 30 31 32 33 34 35 36 37 38 39 3a 3b 3c 3d 3e 3f 40 41 42 43 44 45 46 47 48 49 4a 4b 4c 4d 4e 4f 50 51 52 53 54 55 56 57 58 59 5a 5b 5c 5d 5e 5f 60 61 62 63 64 65 66 67 68 69 6a 6b 6c 6d 6e 6f 70 71 72 73 74 75 76 77 78 79 7a 7b 7c 7d 7e 7f 
 0  b 16 69 2c  8 53 51 58 37 10  5 27 49 23 35 31 76 6e 59 20 48  a -- 4e 4d 13 -- 46 -- 6a -- 62  2 6d 32 5d 12 33 -- 40 44 11 -- 14 -- -- -- 1d 50 1b -- 26 -- -- --  d -- -- -- 55 -- -- -- 45 74  4 68 5b 42 64 5a 3b 6c 24 -- 66 -- -- --  1 19  9 -- 22 -- -- -- 28 -- -- -- -- -- -- -- 3a 34 21 2d 36 -- -- -- 4c -- -- -- -- -- -- -- 1a 56 -- -- -- -- -- -- 2b -- -- -- -- -- -- 7f 

solutions so far:0 maxDepth:13 
iterations:1219007269  skipped: 780 
Depth skipped: 
0 0 96 684 0 0 0 0 0 0 0 0 0 0 0 0 0 0 0 0 0 0 0 0 0 0 0 0 0 0 0 0 

running time: 14100 sec
 depth:8
 0  1  2  3  4  5  6  7  8  9  a  b  c  d  e  f 10 11 12 13 14 15 16 17 18 19 1a 1b 1c 1d 1e 1f 20 21 22 23 24 25 26 27 28 29 2a 2b 2c 2d 2e 2f 30 31 32 33 34 35 36 37 38 39 3a 3b 3c 3d 3e 3f 40 41 42 43 44 45 46 47 48 49 4a 4b 4c 4d 4e 4f 50 51 52 53 54 55 56 57 58 59 5a 5b 5c 5d 5e 5f 60 61 62 63 64 65 66 67 68 69 6a 6b 6c 6d 6e 6f 70 71 72 73 74 75 76 77 78 79 7a 7b 7c 7d 7e 7f 
 0  b 16 69 2c  8 53 39 58 7d 10 23 27 5a 72 33 31 5f 7b -- 20 -- 46 -- 4e -- 35 -- 65 -- 66 -- 62  2 3f 56 77 -- -- -- 40 -- -- --  d -- -- -- 1d 34 -- -- 6a -- -- -- 4b -- -- -- 4d -- -- -- 45 74  4 5c 7e 51 2d 59 6f -- -- -- -- -- -- --  1 2b -- -- -- -- -- -- 1a -- -- -- -- -- -- -- 3a 2e 68 6c -- -- -- -- 55 -- -- -- -- -- -- -- 17 36 -- -- -- -- -- -- 1b -- -- -- -- -- -- 7f 

solutions so far:0 maxDepth:13 
iterations:1255617845  skipped: 793 
Depth skipped: 
0 0 96 697 0 0 0 0 0 0 0 0 0 0 0 0 0 0 0 0 0 0 0 0 0 0 0 0 0 0 0 0 

running time: 14400 sec
 depth:9
 0  1  2  3  4  5  6  7  8  9  a  b  c  d  e  f 10 11 12 13 14 15 16 17 18 19 1a 1b 1c 1d 1e 1f 20 21 22 23 24 25 26 27 28 29 2a 2b 2c 2d 2e 2f 30 31 32 33 34 35 36 37 38 39 3a 3b 3c 3d 3e 3f 40 41 42 43 44 45 46 47 48 49 4a 4b 4c 4d 4e 4f 50 51 52 53 54 55 56 57 58 59 5a 5b 5c 5d 5e 5f 60 61 62 63 64 65 66 67 68 69 6a 6b 6c 6d 6e 6f 70 71 72 73 74 75 76 77 78 79 7a 7b 7c 7d 7e 7f 
 0  b 16 69 2c  8 53 34 58 25 10 71 27 38 68 14 31 54 4a 4f 20 -- 63 -- 4e 7c 70 -- 51 -- 28 -- 62  2 29  e 15 -- 1f -- 40 -- -- -- 47 -- -- -- 1d 1e 79 -- 61 -- -- -- 23 -- -- -- 50 -- -- -- 45 74  4 1a 52 78 1c  a 2a 67 -- -- 3e -- -- --  1  7 -- -- -- -- -- --  f -- -- -- -- -- -- -- 3a  d 3c  5 73 -- -- -- 43 -- -- -- -- -- -- -- 46 42 -- -- -- -- -- -- 21 -- -- -- -- -- -- 7f 

solutions so far:0 maxDepth:13 
iterations:1280130648  skipped: 797 
Depth skipped: 
0 0 96 701 0 0 0 0 0 0 0 0 0 0 0 0 0 0 0 0 0 0 0 0 0 0 0 0 0 0 0 0 

running time: 14700 sec
 depth:10
 0  1  2  3  4  5  6  7  8  9  a  b  c  d  e  f 10 11 12 13 14 15 16 17 18 19 1a 1b 1c 1d 1e 1f 20 21 22 23 24 25 26 27 28 29 2a 2b 2c 2d 2e 2f 30 31 32 33 34 35 36 37 38 39 3a 3b 3c 3d 3e 3f 40 41 42 43 44 45 46 47 48 49 4a 4b 4c 4d 4e 4f 50 51 52 53 54 55 56 57 58 59 5a 5b 5c 5d 5e 5f 60 61 62 63 64 65 66 67 68 69 6a 6b 6c 6d 6e 6f 70 71 72 73 74 75 76 77 78 79 7a 7b 7c 7d 7e 7f 
 0  b 16 69 2c  8 53 23 58 48 10 6c 27 5f 46 6b 31  9 11 17 20 38 59 -- 4e 39 3f --  d -- 57 -- 62  2 12 77 22  e 2e -- 40 43 70 -- 33 -- -- -- 1d 4d 72 -- 7e -- -- -- 1a -- -- -- 2f -- -- -- 45 74  4 51 24 36 6f 75 44 4b 1c -- 5c -- -- --  1 7b  7 -- 61 -- -- -- 66 -- -- -- -- -- -- -- 3a 68 1b 7a 65 -- -- -- 7d -- -- -- -- -- -- -- 34 3d -- -- -- -- -- -- 5e -- -- -- -- -- -- 7f 

solutions so far:0 maxDepth:13 
iterations:1307167055  skipped: 808 
Depth skipped: 
0 0 96 712 0 0 0 0 0 0 0 0 0 0 0 0 0 0 0 0 0 0 0 0 0 0 0 0 0 0 0 0 

running time: 15000 sec
 depth:9
 0  1  2  3  4  5  6  7  8  9  a  b  c  d  e  f 10 11 12 13 14 15 16 17 18 19 1a 1b 1c 1d 1e 1f 20 21 22 23 24 25 26 27 28 29 2a 2b 2c 2d 2e 2f 30 31 32 33 34 35 36 37 38 39 3a 3b 3c 3d 3e 3f 40 41 42 43 44 45 46 47 48 49 4a 4b 4c 4d 4e 4f 50 51 52 53 54 55 56 57 58 59 5a 5b 5c 5d 5e 5f 60 61 62 63 64 65 66 67 68 69 6a 6b 6c 6d 6e 6f 70 71 72 73 74 75 76 77 78 79 7a 7b 7c 7d 7e 7f 
 0  b 16 69 2c  8 53  d 58 77 10 5a 27 33 1a  5 31 7e 6f 54 20 -- 35 -- 4e 25 66 -- 34 --  a -- 62  2 7d 6c 5f -- 29 -- 40 -- -- -- 6a -- -- -- 1d 2b 4a -- 4d -- -- -- 68 -- -- -- 14 -- -- -- 45 74  4 46 7b 2d 59 42 3f 2a -- -- 52 -- -- --  1 36 -- -- -- -- -- -- 55 -- -- -- -- -- -- -- 3a 23 56 21 15 -- -- -- 1b -- -- -- -- -- -- -- 51 50 -- -- -- -- -- -- 28 -- -- -- -- -- -- 7f 

solutions so far:0 maxDepth:13 
iterations:1344530525  skipped: 822 
Depth skipped: 
0 0 96 726 0 0 0 0 0 0 0 0 0 0 0 0 0 0 0 0 0 0 0 0 0 0 0 0 0 0 0 0 

running time: 15300 sec
 depth:10
 0  1  2  3  4  5  6  7  8  9  a  b  c  d  e  f 10 11 12 13 14 15 16 17 18 19 1a 1b 1c 1d 1e 1f 20 21 22 23 24 25 26 27 28 29 2a 2b 2c 2d 2e 2f 30 31 32 33 34 35 36 37 38 39 3a 3b 3c 3d 3e 3f 40 41 42 43 44 45 46 47 48 49 4a 4b 4c 4d 4e 4f 50 51 52 53 54 55 56 57 58 59 5a 5b 5c 5d 5e 5f 60 61 62 63 64 65 66 67 68 69 6a 6b 6c 6d 6e 6f 70 71 72 73 74 75 76 77 78 79 7a 7b 7c 7d 7e 7f 
 0  b 16 69 2c  7 53 72 58 30  e 78 27 54 65 6f 31  6 60 2f 1c 44 71 -- 4e 7a 29 -- 4b -- 5f -- 62 61  c 15 41 11 5e -- 38 24  9 -- 63 -- -- -- 1d  f 75 -- 52 -- -- -- 17 -- -- -- 3f -- -- -- 45 74 43 39 18 3c 2a 77  3 57 22 -- 3d -- -- -- 70 4a 48 -- 12 -- -- -- 47 -- -- -- -- -- -- -- 3a 5c 1e 7b 6b -- -- -- 25 -- -- -- -- -- -- -- 2e 7d -- -- -- -- -- -- 7e -- -- -- -- -- -- 7f 

solutions so far:0 maxDepth:13 
iterations:1366413433  skipped: 839 
Depth skipped: 
0 0 96 743 0 0 0 0 0 0 0 0 0 0 0 0 0 0 0 0 0 0 0 0 0 0 0 0 0 0 0 0 

running time: 15600 sec
 depth:10
 0  1  2  3  4  5  6  7  8  9  a  b  c  d  e  f 10 11 12 13 14 15 16 17 18 19 1a 1b 1c 1d 1e 1f 20 21 22 23 24 25 26 27 28 29 2a 2b 2c 2d 2e 2f 30 31 32 33 34 35 36 37 38 39 3a 3b 3c 3d 3e 3f 40 41 42 43 44 45 46 47 48 49 4a 4b 4c 4d 4e 4f 50 51 52 53 54 55 56 57 58 59 5a 5b 5c 5d 5e 5f 60 61 62 63 64 65 66 67 68 69 6a 6b 6c 6d 6e 6f 70 71 72 73 74 75 76 77 78 79 7a 7b 7c 7d 7e 7f 
 0  b 16 69 2c  7 53 5c 58 6e  e  a 27 19 39 7a 31 6d 5d 5f 1c 4d 14 -- 4e 7d 32 -- 72 -- 75 -- 62 61 5b 26 3b 33 3f -- 38 6c 1b -- 28 -- -- -- 1d 21 7b -- 64 -- -- -- 65 -- -- -- 6b -- -- -- 45 74 43 2e 37  5 4c 3d 76 6f 66 -- 7e -- -- -- 70 13 59 -- 36 -- -- -- 50 -- -- -- -- -- -- -- 3a 17 42 5e 77 -- -- -- 49 -- -- -- -- -- -- -- 4b 2f -- -- -- -- -- -- 57 -- -- -- -- -- -- 7f 

solutions so far:0 maxDepth:13 
iterations:1389701241  skipped: 854 
Depth skipped: 
0 0 96 758 0 0 0 0 0 0 0 0 0 0 0 0 0 0 0 0 0 0 0 0 0 0 0 0 0 0 0 0 

running time: 15900 sec
 depth:10
 0  1  2  3  4  5  6  7  8  9  a  b  c  d  e  f 10 11 12 13 14 15 16 17 18 19 1a 1b 1c 1d 1e 1f 20 21 22 23 24 25 26 27 28 29 2a 2b 2c 2d 2e 2f 30 31 32 33 34 35 36 37 38 39 3a 3b 3c 3d 3e 3f 40 41 42 43 44 45 46 47 48 49 4a 4b 4c 4d 4e 4f 50 51 52 53 54 55 56 57 58 59 5a 5b 5c 5d 5e 5f 60 61 62 63 64 65 66 67 68 69 6a 6b 6c 6d 6e 6f 70 71 72 73 74 75 76 77 78 79 7a 7b 7c 7d 7e 7f 
 0  b 16 69 2c  7 53 4b 58 56  e 5d 27 1e 17 1b 31 6a 2d 24 1c 41 3b -- 4e 22 3c -- 2e -- 36 -- 62 61 55 47 5a 30 48 -- 38  c  3 -- 76 -- -- -- 1d 5b 44 -- 78 -- -- -- 5c -- -- -- 6c -- -- -- 45 74 43 65 2b 6e  f 4d 35 12 60 -- 11 -- -- -- 70 63 18 --  6 -- -- -- 6d -- -- -- -- -- -- -- 3a 72 37 66  9 -- -- -- 71 -- -- -- -- -- -- -- 39 33 -- -- -- -- -- -- 59 -- -- -- -- -- -- 7f 

solutions so far:0 maxDepth:13 
iterations:1407772086  skipped: 865 
Depth skipped: 
0 0 96 769 0 0 0 0 0 0 0 0 0 0 0 0 0 0 0 0 0 0 0 0 0 0 0 0 0 0 0 0 

running time: 16200 sec
 depth:9
 0  1  2  3  4  5  6  7  8  9  a  b  c  d  e  f 10 11 12 13 14 15 16 17 18 19 1a 1b 1c 1d 1e 1f 20 21 22 23 24 25 26 27 28 29 2a 2b 2c 2d 2e 2f 30 31 32 33 34 35 36 37 38 39 3a 3b 3c 3d 3e 3f 40 41 42 43 44 45 46 47 48 49 4a 4b 4c 4d 4e 4f 50 51 52 53 54 55 56 57 58 59 5a 5b 5c 5d 5e 5f 60 61 62 63 64 65 66 67 68 69 6a 6b 6c 6d 6e 6f 70 71 72 73 74 75 76 77 78 79 7a 7b 7c 7d 7e 7f 
 0  b 16 69 2c  7 53 46 58 1f  e 6a 27 6e  d 63 31 73 3e 2a 1c -- 55 -- 4e 52 5d -- 1a -- 47 -- 62 61 67 5b 7c -- 54 -- 38 -- -- -- 2b -- -- -- 1d 2d 25 -- 3b -- -- -- 34 -- -- --  f -- -- -- 45 74 43 23 4f 35 37 71 79 15 -- -- 29 -- -- -- 70 6d -- -- -- -- -- -- 56 -- -- -- -- -- -- -- 3a 51 5a 78 4a -- -- -- 76 -- -- -- -- -- -- -- 68 3c -- -- -- -- -- -- 1e -- -- -- -- -- -- 7f 

solutions so far:0 maxDepth:13 
iterations:1428672843  skipped: 868 
Depth skipped: 
0 0 96 772 0 0 0 0 0 0 0 0 0 0 0 0 0 0 0 0 0 0 0 0 0 0 0 0 0 0 0 0 

running time: 16500 sec
 depth:9
 0  1  2  3  4  5  6  7  8  9  a  b  c  d  e  f 10 11 12 13 14 15 16 17 18 19 1a 1b 1c 1d 1e 1f 20 21 22 23 24 25 26 27 28 29 2a 2b 2c 2d 2e 2f 30 31 32 33 34 35 36 37 38 39 3a 3b 3c 3d 3e 3f 40 41 42 43 44 45 46 47 48 49 4a 4b 4c 4d 4e 4f 50 51 52 53 54 55 56 57 58 59 5a 5b 5c 5d 5e 5f 60 61 62 63 64 65 66 67 68 69 6a 6b 6c 6d 6e 6f 70 71 72 73 74 75 76 77 78 79 7a 7b 7c 7d 7e 7f 
 0  b 16 69 2c  7 53 34 58 4b  e 3c 27 79 68 15 31 39 17 3b 1c -- 78 -- 4e 5b 73 -- 51 -- 2a -- 62 61 72 3e 2e -- 76 -- 38 -- -- -- 71 -- -- -- 1d 47 37 -- 67 -- -- -- 23 -- -- -- 54 -- -- -- 45 74 43 1a 65 1e 7c 4a 5c 5d -- -- 6d -- -- -- 70 1f -- -- -- -- -- -- 63 -- -- -- -- -- -- -- 3a  d  f 25 6e -- -- -- 4f -- -- -- -- -- -- -- 46 52 -- -- -- -- -- -- 29 -- -- -- -- -- -- 7f 

solutions so far:0 maxDepth:13 
iterations:1454329004  skipped: 878 
Depth skipped: 
0 0 96 782 0 0 0 0 0 0 0 0 0 0 0 0 0 0 0 0 0 0 0 0 0 0 0 0 0 0 0 0 

running time: 16800 sec
 depth:8
 0  1  2  3  4  5  6  7  8  9  a  b  c  d  e  f 10 11 12 13 14 15 16 17 18 19 1a 1b 1c 1d 1e 1f 20 21 22 23 24 25 26 27 28 29 2a 2b 2c 2d 2e 2f 30 31 32 33 34 35 36 37 38 39 3a 3b 3c 3d 3e 3f 40 41 42 43 44 45 46 47 48 49 4a 4b 4c 4d 4e 4f 50 51 52 53 54 55 56 57 58 59 5a 5b 5c 5d 5e 5f 60 61 62 63 64 65 66 67 68 69 6a 6b 6c 6d 6e 6f 70 71 72 73 74 75 76 77 78 79 7a 7b 7c 7d 7e 7f 
 0  b 16 69 2c  7 53 23 58 6a  e 11 27 3d 46 7c 31 2d 55 -- 1c -- 22 -- 4e -- 7a --  d -- 79 -- 62 61 5a 2f 2b -- -- -- 38 -- -- -- 44 -- -- -- 1d 12 -- -- 75 -- -- -- 1a -- -- -- 73 -- -- -- 45 74 43 51 35 48 5e 3e 56 -- -- -- -- -- -- -- 70 57 -- -- -- -- -- --  9 -- -- -- -- -- -- -- 3a 68 24 1f -- -- -- -- 6b -- -- -- -- -- -- -- 34 4f -- -- -- -- -- -- 67 -- -- -- -- -- -- 7f 

solutions so far:0 maxDepth:13 
iterations:1480428152  skipped: 890 
Depth skipped: 
0 0 96 794 0 0 0 0 0 0 0 0 0 0 0 0 0 0 0 0 0 0 0 0 0 0 0 0 0 0 0 0 

running time: 17100 sec
 depth:10
 0  1  2  3  4  5  6  7  8  9  a  b  c  d  e  f 10 11 12 13 14 15 16 17 18 19 1a 1b 1c 1d 1e 1f 20 21 22 23 24 25 26 27 28 29 2a 2b 2c 2d 2e 2f 30 31 32 33 34 35 36 37 38 39 3a 3b 3c 3d 3e 3f 40 41 42 43 44 45 46 47 48 49 4a 4b 4c 4d 4e 4f 50 51 52 53 54 55 56 57 58 59 5a 5b 5c 5d 5e 5f 60 61 62 63 64 65 66 67 68 69 6a 6b 6c 6d 6e 6f 70 71 72 73 74 75 76 77 78 79 7a 7b 7c 7d 7e 7f 
 0  b 16 69 2c  7 53 17 58 7a  e 23 27 18 2e 54 31 2f 75 49 1c 42 46 -- 4e 4c 30 -- 5c -- 29 -- 62 61 5e  6 6b 50 13 -- 38 14  5 --  d -- -- -- 1d 34 19 -- 60 -- -- -- 39 -- -- -- 52 -- -- -- 45 74 43 4b 3d 51  c 2a 57 64 21 -- 26 -- -- -- 70  3 28 --  a -- -- -- 1a -- -- -- -- -- -- -- 3a 65 68 15 32 -- -- -- 41 -- -- -- -- -- -- -- 72 4a -- -- -- -- -- -- 25 -- -- -- -- -- -- 7f 

solutions so far:0 maxDepth:13 
iterations:1505720579  skipped: 896 
Depth skipped: 
0 0 96 800 0 0 0 0 0 0 0 0 0 0 0 0 0 0 0 0 0 0 0 0 0 0 0 0 0 0 0 0 

running time: 17400 sec
 depth:8
 0  1  2  3  4  5  6  7  8  9  a  b  c  d  e  f 10 11 12 13 14 15 16 17 18 19 1a 1b 1c 1d 1e 1f 20 21 22 23 24 25 26 27 28 29 2a 2b 2c 2d 2e 2f 30 31 32 33 34 35 36 37 38 39 3a 3b 3c 3d 3e 3f 40 41 42 43 44 45 46 47 48 49 4a 4b 4c 4d 4e 4f 50 51 52 53 54 55 56 57 58 59 5a 5b 5c 5d 5e 5f 60 61 62 63 64 65 66 67 68 69 6a 6b 6c 6d 6e 6f 70 71 72 73 74 75 76 77 78 79 7a 7b 7c 7d 7e 7f 
 0  b 16 69 2c  7 53  d 58 28  e 72 27 1e 1a 5a 31  5 50 -- 1c -- 65 -- 4e -- 3c -- 34 -- 35 -- 62 61  a 47 21 -- -- -- 38 -- -- -- 4b -- -- -- 1d 2e -- -- 78 -- -- -- 68 -- -- -- 6a -- -- -- 45 74 43 46 14 39  f 2d 42 -- -- -- -- -- -- -- 70 63 -- -- -- -- -- -- 17 -- -- -- -- -- -- -- 3a 23 5c 56 -- -- -- -- 71 -- -- -- -- -- -- -- 51 2b -- -- -- -- -- -- 55 -- -- -- -- -- -- 7f 

solutions so far:0 maxDepth:13 
iterations:1529280710  skipped: 902 
Depth skipped: 
0 0 96 806 0 0 0 0 0 0 0 0 0 0 0 0 0 0 0 0 0 0 0 0 0 0 0 0 0 0 0 0 

running time: 17700 sec
 depth:9
 0  1  2  3  4  5  6  7  8  9  a  b  c  d  e  f 10 11 12 13 14 15 16 17 18 19 1a 1b 1c 1d 1e 1f 20 21 22 23 24 25 26 27 28 29 2a 2b 2c 2d 2e 2f 30 31 32 33 34 35 36 37 38 39 3a 3b 3c 3d 3e 3f 40 41 42 43 44 45 46 47 48 49 4a 4b 4c 4d 4e 4f 50 51 52 53 54 55 56 57 58 59 5a 5b 5c 5d 5e 5f 60 61 62 63 64 65 66 67 68 69 6a 6b 6c 6d 6e 6f 70 71 72 73 74 75 76 77 78 79 7a 7b 7c 7d 7e 7f 
 0  b 16 69 2c  6 53 68 58 26  c  8 27 6f 51 52 31 64 4c 1e 18 -- 10 -- 4e 71 5f -- 23 -- 25 -- 62 41 49 7b 19 -- 3c -- 30 -- -- -- 20 -- -- -- 1d  1 63 -- 3f -- -- -- 46 -- -- -- 4a -- -- -- 45 74  3 34 13  4 77 29 32  f -- -- 78 -- -- -- 60 7d -- -- -- -- -- -- 40 -- -- -- -- -- -- -- 3a 1a  2 54 47 -- -- -- 7e -- -- -- -- -- -- --  d 2a -- -- -- -- -- -- 15 -- -- -- -- -- -- 7f 

solutions so far:0 maxDepth:13 
iterations:1555901080  skipped: 928 
Depth skipped: 
0 0 96 832 0 0 0 0 0 0 0 0 0 0 0 0 0 0 0 0 0 0 0 0 0 0 0 0 0 0 0 0 

running time: 18000 sec
 depth:11
 0  1  2  3  4  5  6  7  8  9  a  b  c  d  e  f 10 11 12 13 14 15 16 17 18 19 1a 1b 1c 1d 1e 1f 20 21 22 23 24 25 26 27 28 29 2a 2b 2c 2d 2e 2f 30 31 32 33 34 35 36 37 38 39 3a 3b 3c 3d 3e 3f 40 41 42 43 44 45 46 47 48 49 4a 4b 4c 4d 4e 4f 50 51 52 53 54 55 56 57 58 59 5a 5b 5c 5d 5e 5f 60 61 62 63 64 65 66 67 68 69 6a 6b 6c 6d 6e 6f 70 71 72 73 74 75 76 77 78 79 7a 7b 7c 7d 7e 7f 
 0  b 16 69 2c  6 53 51 58 3c  c 5b 27 3f 23 4d 31 47 78 55 18 28 37 38 4e 2d 7e -- 46 -- 1b -- 62 41  f 6f 71  a 2b -- 30 42 50 -- 6e -- 70 -- 1d 3b 5a -- 7d -- -- --  d 43 -- -- 36 -- -- -- 45 74  3 68 1e 6d 5f 66 63 6a 14 1c 56 -- -- -- 60 77  5 -- 21 -- -- -- 5d -- -- -- 61 -- -- -- 3a 34 76 33 35  e -- -- 7b -- -- -- -- -- -- -- 1a 59  7 -- -- -- -- -- 6c -- -- -- -- -- -- 7f 

solutions so far:0 maxDepth:13 
iterations:1582082869  skipped: 941 
Depth skipped: 
0 0 96 845 0 0 0 0 0 0 0 0 0 0 0 0 0 0 0 0 0 0 0 0 0 0 0 0 0 0 0 0 

running time: 18300 sec
 depth:10
 0  1  2  3  4  5  6  7  8  9  a  b  c  d  e  f 10 11 12 13 14 15 16 17 18 19 1a 1b 1c 1d 1e 1f 20 21 22 23 24 25 26 27 28 29 2a 2b 2c 2d 2e 2f 30 31 32 33 34 35 36 37 38 39 3a 3b 3c 3d 3e 3f 40 41 42 43 44 45 46 47 48 49 4a 4b 4c 4d 4e 4f 50 51 52 53 54 55 56 57 58 59 5a 5b 5c 5d 5e 5f 60 61 62 63 64 65 66 67 68 69 6a 6b 6c 6d 6e 6f 70 71 72 73 74 75 76 77 78 79 7a 7b 7c 7d 7e 7f 
 0  b 16 69 2c  6 53 46 58 3e  c 24 27 21  d 52 31 67 7c 2e 18 1c 48 -- 4e 72 42 -- 1a -- 25 -- 62 41 4f 28 79  7 5c -- 30 61 38 -- 11 -- -- -- 1d 44 65 --  5 -- -- -- 34 -- -- -- 4a -- -- -- 45 74  3 23 1f 12 50 29 73 17  e -- 39 -- -- -- 60 14 43 -- 70 -- -- -- 22 -- -- -- -- -- -- -- 3a 51  9 54 4b -- -- --  a -- -- -- -- -- -- -- 68 2a -- -- -- -- -- -- 15 -- -- -- -- -- -- 7f 

solutions so far:0 maxDepth:13 
iterations:1609848157  skipped: 948 
Depth skipped: 
0 0 96 852 0 0 0 0 0 0 0 0 0 0 0 0 0 0 0 0 0 0 0 0 0 0 0 0 0 0 0 0 

running time: 18600 sec
 depth:9
 0  1  2  3  4  5  6  7  8  9  a  b  c  d  e  f 10 11 12 13 14 15 16 17 18 19 1a 1b 1c 1d 1e 1f 20 21 22 23 24 25 26 27 28 29 2a 2b 2c 2d 2e 2f 30 31 32 33 34 35 36 37 38 39 3a 3b 3c 3d 3e 3f 40 41 42 43 44 45 46 47 48 49 4a 4b 4c 4d 4e 4f 50 51 52 53 54 55 56 57 58 59 5a 5b 5c 5d 5e 5f 60 61 62 63 64 65 66 67 68 69 6a 6b 6c 6d 6e 6f 70 71 72 73 74 75 76 77 78 79 7a 7b 7c 7d 7e 7f 
 0  b 16 69 2c  6 53 34 58 36  c 6d 27 5f 68 55 31 66 6c  a 18 -- 5b -- 4e 50 3f -- 51 -- 2b -- 62 41 4d 77 59 -- 14 -- 30 -- -- -- 37 -- -- -- 1d 5d 21 -- 7e -- -- -- 23 -- -- -- 56 -- -- -- 45 74  3 1a 1b 76 6f 6a 33  5 -- -- 28 -- -- -- 60 7b -- -- -- -- -- -- 6e -- -- -- -- -- -- -- 3a  d 3b 35 42 -- -- -- 7d -- -- -- -- -- -- -- 46 5a -- -- -- -- -- -- 2d -- -- -- -- -- -- 7f 

solutions so far:0 maxDepth:13 
iterations:1635193461  skipped: 960 
Depth skipped: 
0 0 96 864 0 0 0 0 0 0 0 0 0 0 0 0 0 0 0 0 0 0 0 0 0 0 0 0 0 0 0 0 

running time: 18900 sec
 depth:8
 0  1  2  3  4  5  6  7  8  9  a  b  c  d  e  f 10 11 12 13 14 15 16 17 18 19 1a 1b 1c 1d 1e 1f 20 21 22 23 24 25 26 27 28 29 2a 2b 2c 2d 2e 2f 30 31 32 33 34 35 36 37 38 39 3a 3b 3c 3d 3e 3f 40 41 42 43 44 45 46 47 48 49 4a 4b 4c 4d 4e 4f 50 51 52 53 54 55 56 57 58 59 5a 5b 5c 5d 5e 5f 60 61 62 63 64 65 66 67 68 69 6a 6b 6c 6d 6e 6f 70 71 72 73 74 75 76 77 78 79 7a 7b 7c 7d 7e 7f 
 0  b 16 69 2c  6 53 1a 58 55  c 3f 27 24 34 61 31 5a 2b -- 18 -- 7e -- 4e -- 48 -- 68 -- 43 -- 62 41 35  9 56 -- -- -- 30 -- -- -- 7d -- -- -- 1d 77 -- -- 11 -- -- -- 51 -- -- --  7 -- -- -- 45 74  3  d 6a 5f 12 70 2d -- -- -- -- -- -- -- 60 44 -- -- -- -- -- -- 7b -- -- -- -- -- -- -- 3a 46 6f 38 -- -- -- -- 22 -- -- -- -- -- -- -- 23 1c -- -- -- -- -- --  e -- -- -- -- -- -- 7f 

solutions so far:0 maxDepth:13 
iterations:1660795821  skipped: 975 
Depth skipped: 
0 0 96 879 0 0 0 0 0 0 0 0 0 0 0 0 0 0 0 0 0 0 0 0 0 0 0 0 0 0 0 0 

running time: 19200 sec
 depth:9
 0  1  2  3  4  5  6  7  8  9  a  b  c  d  e  f 10 11 12 13 14 15 16 17 18 19 1a 1b 1c 1d 1e 1f 20 21 22 23 24 25 26 27 28 29 2a 2b 2c 2d 2e 2f 30 31 32 33 34 35 36 37 38 39 3a 3b 3c 3d 3e 3f 40 41 42 43 44 45 46 47 48 49 4a 4b 4c 4d 4e 4f 50 51 52 53 54 55 56 57 58 59 5a 5b 5c 5d 5e 5f 60 61 62 63 64 65 66 67 68 69 6a 6b 6c 6d 6e 6f 70 71 72 73 74 75 76 77 78 79 7a 7b 7c 7d 7e 7f 
 0  b 16 69 2c  6 53  d 58 6c  c 7c 27 64 1a 54 31 4d 59 3c 18 -- 79 -- 4e 63 49 -- 34 -- 29 -- 62 41 1b 19 33 -- 78 -- 30 -- -- -- 73 -- -- -- 1d 4f 47 -- 13 -- -- -- 68 -- -- -- 52 -- -- -- 45 74  3 46 36 3e 32 2a 66 1e -- -- 71 -- -- -- 60 4c -- -- -- -- -- -- 67 -- -- -- -- -- -- -- 3a 23 1f 15  f -- -- -- 26 -- -- -- -- -- -- -- 51 4a -- -- -- -- -- -- 25 -- -- -- -- -- -- 7f 

solutions so far:0 maxDepth:13 
iterations:1686427175  skipped: 983 
Depth skipped: 
0 0 96 887 0 0 0 0 0 0 0 0 0 0 0 0 0 0 0 0 0 0 0 0 0 0 0 0 0 0 0 0 

running time: 19500 sec
 depth:10
 0  1  2  3  4  5  6  7  8  9  a  b  c  d  e  f 10 11 12 13 14 15 16 17 18 19 1a 1b 1c 1d 1e 1f 20 21 22 23 24 25 26 27 28 29 2a 2b 2c 2d 2e 2f 30 31 32 33 34 35 36 37 38 39 3a 3b 3c 3d 3e 3f 40 41 42 43 44 45 46 47 48 49 4a 4b 4c 4d 4e 4f 50 51 52 53 54 55 56 57 58 59 5a 5b 5c 5d 5e 5f 60 61 62 63 64 65 66 67 68 69 6a 6b 6c 6d 6e 6f 70 71 72 73 74 75 76 77 78 79 7a 7b 7c 7d 7e 7f 
 0  b 16 69 2c  5 53 68 58 73  a 55 27 70 51 7d 31 3e 67  6 14 64 2b -- 4e 30 61 -- 23 -- 7b -- 62 21 7c 1c 4f 19  c -- 28 26 49 -- 56 -- -- -- 1d 5a 60 -- 43 -- -- -- 46 -- -- -- 77 -- -- -- 45 74 42 34 79 6a 38 7e 1f  3 32 -- 18 -- -- -- 50  e 4c -- 13 -- -- -- 2d -- -- -- -- -- -- -- 3a 1a 35 3f 41 -- -- --  7 -- -- -- -- -- -- --  d 5f -- -- -- -- -- -- 6f -- -- -- -- -- -- 7f 

solutions so far:0 maxDepth:13 
iterations:1711861545  skipped: 1008 
Depth skipped: 
0 0 96 912 0 0 0 0 0 0 0 0 0 0 0 0 0 0 0 0 0 0 0 0 0 0 0 0 0 0 0 0 

running time: 19800 sec
 depth:10
 0  1  2  3  4  5  6  7  8  9  a  b  c  d  e  f 10 11 12 13 14 15 16 17 18 19 1a 1b 1c 1d 1e 1f 20 21 22 23 24 25 26 27 28 29 2a 2b 2c 2d 2e 2f 30 31 32 33 34 35 36 37 38 39 3a 3b 3c 3d 3e 3f 40 41 42 43 44 45 46 47 48 49 4a 4b 4c 4d 4e 4f 50 51 52 53 54 55 56 57 58 59 5a 5b 5c 5d 5e 5f 60 61 62 63 64 65 66 67 68 69 6a 6b 6c 6d 6e 6f 70 71 72 73 74 75 76 77 78 79 7a 7b 7c 7d 7e 7f 
 0  b 16 69 2c  5 53 5c 58 24  a 52 27 7e 39  d 31 44 48 38 14 3e 25 -- 4e 43 7d -- 72 -- 1a -- 62 21  9 5f 11 4f 70 -- 28 73 7c -- 4a -- -- -- 1d 2a  7 -- 7b -- -- -- 65 -- -- -- 34 -- -- -- 45 74 42 2e 12 29 3f 46 22 1c 1f -- 61 -- -- -- 50 6f 67 -- 79 -- -- -- 15 -- -- -- -- -- -- -- 3a 17 54 23  e -- -- -- 77 -- -- -- -- -- -- -- 4b 51 -- -- -- -- -- -- 68 -- -- -- -- -- -- 7f 

solutions so far:0 maxDepth:13 
iterations:1746470275  skipped: 1014 
Depth skipped: 
0 0 96 918 0 0 0 0 0 0 0 0 0 0 0 0 0 0 0 0 0 0 0 0 0 0 0 0 0 0 0 0 

running time: 20100 sec
 depth:9
 0  1  2  3  4  5  6  7  8  9  a  b  c  d  e  f 10 11 12 13 14 15 16 17 18 19 1a 1b 1c 1d 1e 1f 20 21 22 23 24 25 26 27 28 29 2a 2b 2c 2d 2e 2f 30 31 32 33 34 35 36 37 38 39 3a 3b 3c 3d 3e 3f 40 41 42 43 44 45 46 47 48 49 4a 4b 4c 4d 4e 4f 50 51 52 53 54 55 56 57 58 59 5a 5b 5c 5d 5e 5f 60 61 62 63 64 65 66 67 68 69 6a 6b 6c 6d 6e 6f 70 71 72 73 74 75 76 77 78 79 7a 7b 7c 7d 7e 7f 
 0  b 16 69 2c  5 53 4b 58  8  a 33 27 56 17 15 31  1 10 44 14 -- 66 -- 4e 24 2d -- 2e -- 2a -- 62 21  2 55 20 --  9 -- 28 -- -- -- 4d -- -- -- 1d 36 48 -- 5a -- -- -- 5c -- -- -- 54 -- -- -- 45 74 42 65  4 59 2b 4a 40 22 -- -- 12 -- -- -- 50 6a -- -- -- -- -- -- 1b -- -- -- -- -- -- -- 3a 72 6c 25 11 -- -- -- 35 -- -- -- -- -- -- -- 39 52 -- -- -- -- -- -- 29 -- -- -- -- -- -- 7f 

solutions so far:0 maxDepth:13 
iterations:1779214459  skipped: 1023 
Depth skipped: 
0 0 96 927 0 0 0 0 0 0 0 0 0 0 0 0 0 0 0 0 0 0 0 0 0 0 0 0 0 0 0 0 

running time: 20400 sec
 depth:9
 0  1  2  3  4  5  6  7  8  9  a  b  c  d  e  f 10 11 12 13 14 15 16 17 18 19 1a 1b 1c 1d 1e 1f 20 21 22 23 24 25 26 27 28 29 2a 2b 2c 2d 2e 2f 30 31 32 33 34 35 36 37 38 39 3a 3b 3c 3d 3e 3f 40 41 42 43 44 45 46 47 48 49 4a 4b 4c 4d 4e 4f 50 51 52 53 54 55 56 57 58 59 5a 5b 5c 5d 5e 5f 60 61 62 63 64 65 66 67 68 69 6a 6b 6c 6d 6e 6f 70 71 72 73 74 75 76 77 78 79 7a 7b 7c 7d 7e 7f 
 0  b 16 69 2c  5 53 34 58 4a  a 22 27 33 68 55 31 29 15 49 14 -- 44 -- 4e 4c 66 -- 51 -- 2b -- 62 21 52 6c 2a -- 13 -- 28 -- -- --  9 -- -- -- 1d 24 19 -- 4d -- -- -- 23 -- -- -- 56 -- -- -- 45 74 42 1a 25 11 59 6a 54 64 -- -- 26 -- -- -- 50 36 -- -- -- -- -- -- 12 -- -- -- -- -- -- -- 3a  d 48 35 32 -- -- -- 1b -- -- -- -- -- -- -- 46 5a -- -- -- -- -- -- 2d -- -- -- -- -- -- 7f 

solutions so far:0 maxDepth:13 
iterations:1809018310  skipped: 1040 
Depth skipped: 
0 0 96 944 0 0 0 0 0 0 0 0 0 0 0 0 0 0 0 0 0 0 0 0 0 0 0 0 0 0 0 0 

running time: 20700 sec
 depth:9
 0  1  2  3  4  5  6  7  8  9  a  b  c  d  e  f 10 11 12 13 14 15 16 17 18 19 1a 1b 1c 1d 1e 1f 20 21 22 23 24 25 26 27 28 29 2a 2b 2c 2d 2e 2f 30 31 32 33 34 35 36 37 38 39 3a 3b 3c 3d 3e 3f 40 41 42 43 44 45 46 47 48 49 4a 4b 4c 4d 4e 4f 50 51 52 53 54 55 56 57 58 59 5a 5b 5c 5d 5e 5f 60 61 62 63 64 65 66 67 68 69 6a 6b 6c 6d 6e 6f 70 71 72 73 74 75 76 77 78 79 7a 7b 7c 7d 7e 7f 
 0  b 16 69 2c  5 53 17 58 7b  a 3e 27 6c 2e 52 31 3f 77 10 14 -- 7c -- 4e  1 59 -- 5c -- 25 -- 62 21 7e 1b 6f -- 20 -- 28 -- -- -- 79 -- -- -- 1d 67  2 -- 33 -- -- -- 39 -- -- -- 4a -- -- -- 45 74 42 4b 7d 1f 36 29 5f  8 -- -- 40 -- -- -- 50 4d -- -- -- -- -- -- 73 -- -- -- -- -- -- -- 3a 65 4f 54  4 -- -- -- 66 -- -- -- -- -- -- -- 72 2a -- -- -- -- -- -- 15 -- -- -- -- -- -- 7f 

solutions so far:0 maxDepth:13 
iterations:1845549228  skipped: 1057 
Depth skipped: 
0 0 96 961 0 0 0 0 0 0 0 0 0 0 0 0 0 0 0 0 0 0 0 0 0 0 0 0 0 0 0 0 

running time: 21000 sec
 depth:10
 0  1  2  3  4  5  6  7  8  9  a  b  c  d  e  f 10 11 12 13 14 15 16 17 18 19 1a 1b 1c 1d 1e 1f 20 21 22 23 24 25 26 27 28 29 2a 2b 2c 2d 2e 2f 30 31 32 33 34 35 36 37 38 39 3a 3b 3c 3d 3e 3f 40 41 42 43 44 45 46 47 48 49 4a 4b 4c 4d 4e 4f 50 51 52 53 54 55 56 57 58 59 5a 5b 5c 5d 5e 5f 60 61 62 63 64 65 66 67 68 69 6a 6b 6c 6d 6e 6f 70 71 72 73 74 75 76 77 78 79 7a 7b 7c 7d 7e 7f 
 0  b 16 69 2c  4 53 72 58 7b  8 3b 27 73 65 25 31 3f 77 21 10 48 76 -- 4e  a 67 -- 4b -- 4a -- 62  1 7e 7c 6f 12 42 -- 20 44 11 -- 6d -- -- -- 1d 37 14 -- 4f -- -- -- 17 -- -- -- 15 -- -- -- 45 74  2 39 7d 5d 79 52 5f 50 24 --  5 -- -- -- 40 3e  9 -- 22 -- -- -- 5b -- -- -- -- -- -- -- 3a 5c 6e 29 28 -- -- -- 1f -- -- -- -- -- -- -- 2e 54 -- -- -- -- -- -- 2a -- -- -- -- -- -- 7f 

solutions so far:0 maxDepth:13 
iterations:1875572310  skipped: 1079 
Depth skipped: 
0 0 96 983 0 0 0 0 0 0 0 0 0 0 0 0 0 0 0 0 0 0 0 0 0 0 0 0 0 0 0 0 

running time: 21300 sec
 depth:7
 0  1  2  3  4  5  6  7  8  9  a  b  c  d  e  f 10 11 12 13 14 15 16 17 18 19 1a 1b 1c 1d 1e 1f 20 21 22 23 24 25 26 27 28 29 2a 2b 2c 2d 2e 2f 30 31 32 33 34 35 36 37 38 39 3a 3b 3c 3d 3e 3f 40 41 42 43 44 45 46 47 48 49 4a 4b 4c 4d 4e 4f 50 51 52 53 54 55 56 57 58 59 5a 5b 5c 5d 5e 5f 60 61 62 63 64 65 66 67 68 69 6a 6b 6c 6d 6e 6f 70 71 72 73 74 75 76 77 78 79 7a 7b 7c 7d 7e 7f 
 0  b 16 69 2c  4 53 68 58 2f  8 1e 27 2b 51 -- 31 75 5e -- 10 -- 3c -- 4e -- 56 -- 23 -- -- -- 62  1 6b 6a 3d -- -- -- 20 -- -- -- 78 -- -- -- 1d 63 -- -- 2d -- -- -- 46 -- -- -- -- -- -- -- 45 74  2 34 57  f 55 -- 7a -- -- -- -- -- -- -- 40 35 -- -- -- -- -- -- 71 -- -- -- -- -- -- -- 3a 1a 47 -- -- -- -- -- 5a -- -- -- -- -- -- --  d -- -- -- -- -- -- -- -- -- -- -- -- -- -- 7f 

solutions so far:0 maxDepth:13 
iterations:1899374997  skipped: 1087 
Depth skipped: 
0 0 96 991 0 0 0 0 0 0 0 0 0 0 0 0 0 0 0 0 0 0 0 0 0 0 0 0 0 0 0 0 

running time: 21600 sec
 depth:10
 0  1  2  3  4  5  6  7  8  9  a  b  c  d  e  f 10 11 12 13 14 15 16 17 18 19 1a 1b 1c 1d 1e 1f 20 21 22 23 24 25 26 27 28 29 2a 2b 2c 2d 2e 2f 30 31 32 33 34 35 36 37 38 39 3a 3b 3c 3d 3e 3f 40 41 42 43 44 45 46 47 48 49 4a 4b 4c 4d 4e 4f 50 51 52 53 54 55 56 57 58 59 5a 5b 5c 5d 5e 5f 60 61 62 63 64 65 66 67 68 69 6a 6b 6c 6d 6e 6f 70 71 72 73 74 75 76 77 78 79 7a 7b 7c 7d 7e 7f 
 0  b 16 69 2c  4 53 5c 58 37  8 1a 27 7e 39 55 31 76 6e 3d 10 66 34 -- 4e 6b 7d -- 72 -- 2b -- 62  1 6d 5f 5d 59 7a -- 20 36 4d -- 68 -- -- -- 1d 23 57 -- 7b -- -- -- 65 -- -- -- 56 -- -- -- 45 74  2 2e 5b  d 3f 6a 3b 5e 33 -- 75 -- -- -- 40 6f 6c -- 1b -- -- -- 51 -- -- -- -- -- -- -- 3a 17 46 35 2f -- -- -- 77 -- -- -- -- -- -- -- 4b 5a -- -- -- -- -- -- 2d -- -- -- -- -- -- 7f 

solutions so far:0 maxDepth:13 
iterations:1926435940  skipped: 1094 
Depth skipped: 
0 0 96 998 0 0 0 0 0 0 0 0 0 0 0 0 0 0 0 0 0 0 0 0 0 0 0 0 0 0 0 0 

running time: 21900 sec
 depth:8
 0  1  2  3  4  5  6  7  8  9  a  b  c  d  e  f 10 11 12 13 14 15 16 17 18 19 1a 1b 1c 1d 1e 1f 20 21 22 23 24 25 26 27 28 29 2a 2b 2c 2d 2e 2f 30 31 32 33 34 35 36 37 38 39 3a 3b 3c 3d 3e 3f 40 41 42 43 44 45 46 47 48 49 4a 4b 4c 4d 4e 4f 50 51 52 53 54 55 56 57 58 59 5a 5b 5c 5d 5e 5f 60 61 62 63 64 65 66 67 68 69 6a 6b 6c 6d 6e 6f 70 71 72 73 74 75 76 77 78 79 7a 7b 7c 7d 7e 7f 
 0  b 16 69 2c  4 53 4b 58 57  8 47 27 4c 17 29 31 7a 2f -- 10 --  f -- 4e -- 19 -- 2e -- 52 -- 62  1 75 13 5e -- -- -- 20 -- -- -- 1e -- -- -- 1d 78 -- -- 32 -- -- -- 5c -- -- -- 25 -- -- -- 45 74  2 65 6b 63 26 54 3d -- -- -- -- -- -- -- 40 49 -- -- -- -- -- -- 3c -- -- -- -- -- -- -- 3a 72 71 2a -- -- -- -- 64 -- -- -- -- -- -- -- 39 15 -- -- -- -- -- -- 4a -- -- -- -- -- -- 7f 

solutions so far:0 maxDepth:13 
iterations:1952392901  skipped: 1104 
Depth skipped: 
0 0 96 1008 0 0 0 0 0 0 0 0 0 0 0 0 0 0 0 0 0 0 0 0 0 0 0 0 0 0 0 0 

running time: 22200 sec
 depth:9
 0  1  2  3  4  5  6  7  8  9  a  b  c  d  e  f 10 11 12 13 14 15 16 17 18 19 1a 1b 1c 1d 1e 1f 20 21 22 23 24 25 26 27 28 29 2a 2b 2c 2d 2e 2f 30 31 32 33 34 35 36 37 38 39 3a 3b 3c 3d 3e 3f 40 41 42 43 44 45 46 47 48 49 4a 4b 4c 4d 4e 4f 50 51 52 53 54 55 56 57 58 59 5a 5b 5c 5d 5e 5f 60 61 62 63 64 65 66 67 68 69 6a 6b 6c 6d 6e 6f 70 71 72 73 74 75 76 77 78 79 7a 7b 7c 7d 7e 7f 
 0  b 16 69 2c  4 53 46 58  6  8 1b 27 12  d 3d 31 60  c 5a 10 -- 36 -- 4e 55 24 -- 1a -- 7a -- 62  1 41 44 18 -- 35 -- 20 -- -- -- 6c -- -- -- 1d 33 2b -- 48 -- -- -- 34 -- -- -- 75 -- -- -- 45 74  2 23  3 4d  9 5e 30 2d -- -- 6a -- -- -- 40 22 -- -- -- -- -- -- 59 -- -- -- -- -- -- -- 3a 51 66 2f 56 -- -- -- 11 -- -- -- -- -- -- -- 68 57 -- -- -- -- -- -- 6b -- -- -- -- -- -- 7f 

solutions so far:0 maxDepth:13 
iterations:1979246188  skipped: 1107 
Depth skipped: 
0 0 96 1011 0 0 0 0 0 0 0 0 0 0 0 0 0 0 0 0 0 0 0 0 0 0 0 0 0 0 0 0 

running time: 22500 sec
 depth:8
 0  1  2  3  4  5  6  7  8  9  a  b  c  d  e  f 10 11 12 13 14 15 16 17 18 19 1a 1b 1c 1d 1e 1f 20 21 22 23 24 25 26 27 28 29 2a 2b 2c 2d 2e 2f 30 31 32 33 34 35 36 37 38 39 3a 3b 3c 3d 3e 3f 40 41 42 43 44 45 46 47 48 49 4a 4b 4c 4d 4e 4f 50 51 52 53 54 55 56 57 58 59 5a 5b 5c 5d 5e 5f 60 61 62 63 64 65 66 67 68 69 6a 6b 6c 6d 6e 6f 70 71 72 73 74 75 76 77 78 79 7a 7b 7c 7d 7e 7f 
 0  b 16 69 2c  4 53 34 58 36  8 70 27  6 68 47 31 66 6c -- 10 -- 61 -- 4e --  c -- 51 --  f -- 62  1 4d 41 59 -- -- -- 20 -- -- -- 43 -- -- -- 1d  e -- -- 18 -- -- -- 23 -- -- -- 1e -- -- -- 45 74  2 1a 1b 38  3 63 33 -- -- -- -- -- -- -- 40 60 -- -- -- -- -- --  7 -- -- -- -- -- -- -- 3a  d 1c 71 -- -- -- -- 30 -- -- -- -- -- -- -- 46 78 -- -- -- -- -- -- 3c -- -- -- -- -- -- 7f 

solutions so far:0 maxDepth:13 
iterations:2004146114  skipped: 1119 
Depth skipped: 
0 0 96 1023 0 0 0 0 0 0 0 0 0 0 0 0 0 0 0 0 0 0 0 0 0 0 0 0 0 0 0 0 

running time: 22800 sec
 depth:10
 0  1  2  3  4  5  6  7  8  9  a  b  c  d  e  f 10 11 12 13 14 15 16 17 18 19 1a 1b 1c 1d 1e 1f 20 21 22 23 24 25 26 27 28 29 2a 2b 2c 2d 2e 2f 30 31 32 33 34 35 36 37 38 39 3a 3b 3c 3d 3e 3f 40 41 42 43 44 45 46 47 48 49 4a 4b 4c 4d 4e 4f 50 51 52 53 54 55 56 57 58 59 5a 5b 5c 5d 5e 5f 60 61 62 63 64 65 66 67 68 69 6a 6b 6c 6d 6e 6f 70 71 72 73 74 75 76 77 78 79 7a 7b 7c 7d 7e 7f 
 0  b 16 69 2c  4 53 23 58 56  8  e 27  6 46 5f 31 6a 2d 4c 10 14 1c -- 4e 64  c --  d -- 3f -- 62  1 55 41 5a  5 19 -- 20 21 28 -- 38 -- -- -- 1d 61 49 -- 18 -- -- -- 1a -- -- -- 7e -- -- -- 45 74  2 51 2b  7  3 6f 35 26  a -- 32 -- -- -- 40 60 42 -- 50 -- -- -- 70 -- -- -- -- -- -- -- 3a 68 43 77 13 -- -- -- 30 -- -- -- -- -- -- -- 34 7b -- -- -- -- -- -- 7d -- -- -- -- -- -- 7f 

solutions so far:0 maxDepth:13 
iterations:2029453587  skipped: 1129 
Depth skipped: 
0 0 96 1033 0 0 0 0 0 0 0 0 0 0 0 0 0 0 0 0 0 0 0 0 0 0 0 0 0 0 0 0 

running time: 23100 sec
 depth:6
 0  1  2  3  4  5  6  7  8  9  a  b  c  d  e  f 10 11 12 13 14 15 16 17 18 19 1a 1b 1c 1d 1e 1f 20 21 22 23 24 25 26 27 28 29 2a 2b 2c 2d 2e 2f 30 31 32 33 34 35 36 37 38 39 3a 3b 3c 3d 3e 3f 40 41 42 43 44 45 46 47 48 49 4a 4b 4c 4d 4e 4f 50 51 52 53 54 55 56 57 58 59 5a 5b 5c 5d 5e 5f 60 61 62 63 64 65 66 67 68 69 6a 6b 6c 6d 6e 6f 70 71 72 73 74 75 76 77 78 79 7a 7b 7c 7d 7e 7f 
 0  b 16 69 2c  4 53 17 58 4f  8 43 27 -- 2e -- 31 79 1f -- 10 --  7 -- 4e -- -- -- 5c -- -- -- 62  1 73 -- 3e -- -- -- 20 -- -- --  e -- -- -- 1d 38 -- -- -- -- -- -- 39 -- -- -- -- -- -- -- 45 74  2 4b 67 61 -- -- 7c -- -- -- -- -- -- -- 40 -- -- -- -- -- -- -- 1c -- -- -- -- -- -- -- 3a 65 70 -- -- -- -- -- -- -- -- -- -- -- -- -- 72 -- -- -- -- -- -- -- -- -- -- -- -- -- -- 7f 

solutions so far:0 maxDepth:13 
iterations:2056415999  skipped: 1136 
Depth skipped: 
0 0 96 1040 0 0 0 0 0 0 0 0 0 0 0 0 0 0 0 0 0 0 0 0 0 0 0 0 0 0 0 0 

running time: 23400 sec
 depth:8
 0  1  2  3  4  5  6  7  8  9  a  b  c  d  e  f 10 11 12 13 14 15 16 17 18 19 1a 1b 1c 1d 1e 1f 20 21 22 23 24 25 26 27 28 29 2a 2b 2c 2d 2e 2f 30 31 32 33 34 35 36 37 38 39 3a 3b 3c 3d 3e 3f 40 41 42 43 44 45 46 47 48 49 4a 4b 4c 4d 4e 4f 50 51 52 53 54 55 56 57 58 59 5a 5b 5c 5d 5e 5f 60 61 62 63 64 65 66 67 68 69 6a 6b 6c 6d 6e 6f 70 71 72 73 74 75 76 77 78 79 7a 7b 7c 7d 7e 7f 
 0  b 16 69 2c  3 53 72 58 6b  6 71 27 1f 65 23 31 3d 57 --  c -- 63 -- 4e -- 3e -- 4b -- 46 -- 62 60 7a 67 2f -- -- -- 18 -- -- -- 47 -- -- -- 1d 1e -- -- 7c -- -- -- 17 -- -- --  d -- -- -- 45 74 41 39 75 78 4f 51 5e -- -- -- -- -- -- -- 30 73 -- -- -- -- -- --  f -- -- -- -- -- -- -- 3a 5c 3c 68 -- -- -- -- 79 -- -- -- -- -- -- -- 2e 34 -- -- -- -- -- -- 1a -- -- -- -- -- -- 7f 

solutions so far:0 maxDepth:13 
iterations:2081545148  skipped: 1159 
Depth skipped: 
0 0 96 1063 0 0 0 0 0 0 0 0 0 0 0 0 0 0 0 0 0 0 0 0 0 0 0 0 0 0 0 0 

running time: 23700 sec
 depth:10
 0  1  2  3  4  5  6  7  8  9  a  b  c  d  e  f 10 11 12 13 14 15 16 17 18 19 1a 1b 1c 1d 1e 1f 20 21 22 23 24 25 26 27 28 29 2a 2b 2c 2d 2e 2f 30 31 32 33 34 35 36 37 38 39 3a 3b 3c 3d 3e 3f 40 41 42 43 44 45 46 47 48 49 4a 4b 4c 4d 4e 4f 50 51 52 53 54 55 56 57 58 59 5a 5b 5c 5d 5e 5f 60 61 62 63 64 65 66 67 68 69 6a 6b 6c 6d 6e 6f 70 71 72 73 74 75 76 77 78 79 7a 7b 7c 7d 7e 7f 
 0  b 16 69 2c  3 53 68 58  1  6 5d 27 35 51 3d 31 10  2 3c  c 50 3b -- 4e 63 6a -- 23 -- 7a -- 62 60 20 2d  4 14 78 -- 18  5 21 -- 76 -- -- -- 1d 5b 47 -- 55 -- -- -- 46 -- -- -- 75 -- -- -- 45 74 41 34 40 6e 5a 5e  8 1e 28 -- 71 -- -- -- 30 56  a -- 42 -- -- -- 6d -- -- -- -- -- -- -- 3a 1a 37 2f  f -- -- -- 2b -- -- -- -- -- -- --  d 57 -- -- -- -- -- -- 6b -- -- -- -- -- -- 7f 

solutions so far:0 maxDepth:13 
iterations:2107103228  skipped: 1167 
Depth skipped: 
0 0 96 1071 0 0 0 0 0 0 0 0 0 0 0 0 0 0 0 0 0 0 0 0 0 0 0 0 0 0 0 0 

running time: 24000 sec
 depth:8
 0  1  2  3  4  5  6  7  8  9  a  b  c  d  e  f 10 11 12 13 14 15 16 17 18 19 1a 1b 1c 1d 1e 1f 20 21 22 23 24 25 26 27 28 29 2a 2b 2c 2d 2e 2f 30 31 32 33 34 35 36 37 38 39 3a 3b 3c 3d 3e 3f 40 41 42 43 44 45 46 47 48 49 4a 4b 4c 4d 4e 4f 50 51 52 53 54 55 56 57 58 59 5a 5b 5c 5d 5e 5f 60 61 62 63 64 65 66 67 68 69 6a 6b 6c 6d 6e 6f 70 71 72 73 74 75 76 77 78 79 7a 7b 7c 7d 7e 7f 
 0  b 16 69 2c  3 53 5c 58  4  6 6c 27 3c 39 4f 31 40  8 --  c -- 59 -- 4e -- 78 -- 72 -- 1f -- 62 60  1  f 10 -- -- -- 18 -- -- -- 33 -- -- -- 1d 4d -- -- 71 -- -- -- 65 -- -- -- 3e -- -- -- 45 74 41 2e  2 36 1e 67 20 -- -- -- -- -- -- -- 30 47 -- -- -- -- -- -- 66 -- -- -- -- -- -- -- 3a 17 1b 73 -- -- -- -- 63 -- -- -- -- -- -- -- 4b 79 -- -- -- -- -- -- 7c -- -- -- -- -- -- 7f 

solutions so far:0 maxDepth:13 
iterations:2133788729  skipped: 1172 
Depth skipped: 
0 0 96 1076 0 0 0 0 0 0 0 0 0 0 0 0 0 0 0 0 0 0 0 0 0 0 0 0 0 0 0 0 

running time: 24300 sec
 depth:9
 0  1  2  3  4  5  6  7  8  9  a  b  c  d  e  f 10 11 12 13 14 15 16 17 18 19 1a 1b 1c 1d 1e 1f 20 21 22 23 24 25 26 27 28 29 2a 2b 2c 2d 2e 2f 30 31 32 33 34 35 36 37 38 39 3a 3b 3c 3d 3e 3f 40 41 42 43 44 45 46 47 48 49 4a 4b 4c 4d 4e 4f 50 51 52 53 54 55 56 57 58 59 5a 5b 5c 5d 5e 5f 60 61 62 63 64 65 66 67 68 69 6a 6b 6c 6d 6e 6f 70 71 72 73 74 75 76 77 78 79 7a 7b 7c 7d 7e 7f 
 0  b 16 69 2c  3 53 46 58 12  6 26 27 35  d 52 31 22 24  1  c -- 4c -- 4e  8 6a -- 1a -- 25 -- 62 60 44 2d 48 --  2 -- 18 -- -- -- 19 -- -- -- 1d 64 10 -- 55 -- -- -- 34 -- -- -- 4a -- -- -- 45 74 41 23  9 13 5a 29 11 40 -- --  4 -- -- -- 30 56 -- -- -- -- -- -- 32 -- -- -- -- -- -- -- 3a 51 49 54 20 -- -- -- 2b -- -- -- -- -- -- -- 68 2a -- -- -- -- -- -- 15 -- -- -- -- -- -- 7f 

solutions so far:0 maxDepth:13 
iterations:2159923680  skipped: 1185 
Depth skipped: 
0 0 96 1089 0 0 0 0 0 0 0 0 0 0 0 0 0 0 0 0 0 0 0 0 0 0 0 0 0 0 0 0 

running time: 24600 sec
 depth:10
 0  1  2  3  4  5  6  7  8  9  a  b  c  d  e  f 10 11 12 13 14 15 16 17 18 19 1a 1b 1c 1d 1e 1f 20 21 22 23 24 25 26 27 28 29 2a 2b 2c 2d 2e 2f 30 31 32 33 34 35 36 37 38 39 3a 3b 3c 3d 3e 3f 40 41 42 43 44 45 46 47 48 49 4a 4b 4c 4d 4e 4f 50 51 52 53 54 55 56 57 58 59 5a 5b 5c 5d 5e 5f 60 61 62 63 64 65 66 67 68 69 6a 6b 6c 6d 6e 6f 70 71 72 73 74 75 76 77 78 79 7a 7b 7c 7d 7e 7f 
 0  b 16 69 2c  3 53 34 58  4  6  a 27 47 68 2e 31 40  8 4a  c 1b 14 -- 4e 54  f -- 51 -- 5c -- 62 60  1 71 10 66 15 -- 18 59 36 -- 28 -- -- -- 1d 21 29 -- 1e -- -- -- 23 -- -- -- 39 -- -- -- 45 74 41 1a  2  5 63 17 20 25 4d -- 2a -- -- -- 30 78 33 -- 6c -- -- -- 50 -- -- -- -- -- -- -- 3a  d 42 4b 52 -- -- -- 3c -- -- -- -- -- -- -- 46 65 -- -- -- -- -- -- 72 -- -- -- -- -- -- 7f 

solutions so far:0 maxDepth:13 
iterations:2187797068  skipped: 1198 
Depth skipped: 
0 0 96 1102 0 0 0 0 0 0 0 0 0 0 0 0 0 0 0 0 0 0 0 0 0 0 0 0 0 0 0 0 

running time: 24900 sec
 depth:9
 0  1  2  3  4  5  6  7  8  9  a  b  c  d  e  f 10 11 12 13 14 15 16 17 18 19 1a 1b 1c 1d 1e 1f 20 21 22 23 24 25 26 27 28 29 2a 2b 2c 2d 2e 2f 30 31 32 33 34 35 36 37 38 39 3a 3b 3c 3d 3e 3f 40 41 42 43 44 45 46 47 48 49 4a 4b 4c 4d 4e 4f 50 51 52 53 54 55 56 57 58 59 5a 5b 5c 5d 5e 5f 60 61 62 63 64 65 66 67 68 69 6a 6b 6c 6d 6e 6f 70 71 72 73 74 75 76 77 78 79 7a 7b 7c 7d 7e 7f 
 0  b 16 69 2c  3 53 23 58 1f  6  5 27 78 46 5a 31 73 3e 1b  c --  a -- 4e 59 71 --  d -- 35 -- 62 60 67 1e 7c -- 36 -- 18 -- -- -- 14 -- -- -- 1d 50 33 -- 63 -- -- -- 1a -- -- -- 6a -- -- -- 45 74 41 51 4f 42 3c 2d 79 4d -- -- 6c -- -- -- 30  f -- -- -- -- -- -- 28 -- -- -- -- -- -- -- 3a 68 21 56 66 -- -- -- 47 -- -- -- -- -- -- -- 34 2b -- -- -- -- -- -- 55 -- -- -- -- -- -- 7f 

solutions so far:0 maxDepth:13 
iterations:2214580328  skipped: 1206 
Depth skipped: 
0 0 96 1110 0 0 0 0 0 0 0 0 0 0 0 0 0 0 0 0 0 0 0 0 0 0 0 0 0 0 0 0 

running time: 25200 sec
 depth:11
 0  1  2  3  4  5  6  7  8  9  a  b  c  d  e  f 10 11 12 13 14 15 16 17 18 19 1a 1b 1c 1d 1e 1f 20 21 22 23 24 25 26 27 28 29 2a 2b 2c 2d 2e 2f 30 31 32 33 34 35 36 37 38 39 3a 3b 3c 3d 3e 3f 40 41 42 43 44 45 46 47 48 49 4a 4b 4c 4d 4e 4f 50 51 52 53 54 55 56 57 58 59 5a 5b 5c 5d 5e 5f 60 61 62 63 64 65 66 67 68 69 6a 6b 6c 6d 6e 6f 70 71 72 73 74 75 76 77 78 79 7a 7b 7c 7d 7e 7f 
 0  b 16 69 2c  3 53  d 58 5d  6 5a 27 47 1a 29 31 5b 3b 17  c  5 35  9 4e 39  f -- 34 -- 52 -- 62 60 37 71 76 21 2e -- 18 28  a -- 6a -- 12 -- 1d 2b 72 -- 1e -- -- -- 68 48 -- -- 25 -- -- -- 45 74 41 46 6e 2d 63 54 6d 4b 42 44 5c -- -- -- 30 78 50 -- 14 -- -- -- 55 -- -- -- 24 -- -- -- 3a 23 56 2a 65 22 -- -- 3c -- -- -- -- -- -- -- 51 15 11 -- -- -- -- -- 4a -- -- -- -- -- -- 7f 

solutions so far:0 maxDepth:13 
iterations:2247384605  skipped: 1219 
Depth skipped: 
0 0 96 1123 0 0 0 0 0 0 0 0 0 0 0 0 0 0 0 0 0 0 0 0 0 0 0 0 0 0 0 0 

running time: 25500 sec
 depth:8
 0  1  2  3  4  5  6  7  8  9  a  b  c  d  e  f 10 11 12 13 14 15 16 17 18 19 1a 1b 1c 1d 1e 1f 20 21 22 23 24 25 26 27 28 29 2a 2b 2c 2d 2e 2f 30 31 32 33 34 35 36 37 38 39 3a 3b 3c 3d 3e 3f 40 41 42 43 44 45 46 47 48 49 4a 4b 4c 4d 4e 4f 50 51 52 53 54 55 56 57 58 59 5a 5b 5c 5d 5e 5f 60 61 62 63 64 65 66 67 68 69 6a 6b 6c 6d 6e 6f 70 71 72 73 74 75 76 77 78 79 7a 7b 7c 7d 7e 7f 
 0  b 16 69 2c  2 53 68 58 67  4  3 27 3f 51 57 31 7c 4f --  8 --  6 -- 4e -- 7e -- 23 -- 2f -- 62 40 79 6f 1f -- -- -- 10 -- -- --  c -- -- -- 1d 30 -- -- 7d -- -- -- 46 -- -- -- 5e -- -- -- 45 74  1 34 73 41 5f 6b 3e -- -- -- -- -- -- -- 20 77 -- -- -- -- -- -- 18 -- -- -- -- -- -- -- 3a 1a 60 75 -- -- -- -- 7b -- -- -- -- -- -- --  d 7a -- -- -- -- -- -- 3d -- -- -- -- -- -- 7f 

solutions so far:0 maxDepth:13 
iterations:2275831764  skipped: 1243 
Depth skipped: 
0 0 96 1147 0 0 0 0 0 0 0 0 0 0 0 0 0 0 0 0 0 0 0 0 0 0 0 0 0 0 0 0 

running time: 25800 sec
 depth:9
 0  1  2  3  4  5  6  7  8  9  a  b  c  d  e  f 10 11 12 13 14 15 16 17 18 19 1a 1b 1c 1d 1e 1f 20 21 22 23 24 25 26 27 28 29 2a 2b 2c 2d 2e 2f 30 31 32 33 34 35 36 37 38 39 3a 3b 3c 3d 3e 3f 40 41 42 43 44 45 46 47 48 49 4a 4b 4c 4d 4e 4f 50 51 52 53 54 55 56 57 58 59 5a 5b 5c 5d 5e 5f 60 61 62 63 64 65 66 67 68 69 6a 6b 6c 6d 6e 6f 70 71 72 73 74 75 76 77 78 79 7a 7b 7c 7d 7e 7f 
 0  b 16 69 2c  2 53 65 58  5  4 24 27 33 4b 57 31 50  a  e  8 -- 48 -- 4e 70 66 -- 17 -- 2f -- 62 40 21 6c 14 -- 1c -- 10 -- -- -- 11 -- -- -- 1d 44 61 -- 4d -- -- -- 2e -- -- -- 5e -- -- -- 45 74  1 72 42 12 59 6b 28  7 -- -- 38 -- -- -- 20 36 -- -- -- -- -- -- 22 -- -- -- -- -- -- -- 3a 39  9 75 43 -- -- -- 1b -- -- -- -- -- -- -- 5c 7a -- -- -- -- -- -- 3d -- -- -- -- -- -- 7f 

solutions so far:0 maxDepth:13 
iterations:2300036423  skipped: 1245 
Depth skipped: 
0 0 96 1149 0 0 0 0 0 0 0 0 0 0 0 0 0 0 0 0 0 0 0 0 0 0 0 0 0 0 0 0 

running time: 26100 sec
 depth:10
 0  1  2  3  4  5  6  7  8  9  a  b  c  d  e  f 10 11 12 13 14 15 16 17 18 19 1a 1b 1c 1d 1e 1f 20 21 22 23 24 25 26 27 28 29 2a 2b 2c 2d 2e 2f 30 31 32 33 34 35 36 37 38 39 3a 3b 3c 3d 3e 3f 40 41 42 43 44 45 46 47 48 49 4a 4b 4c 4d 4e 4f 50 51 52 53 54 55 56 57 58 59 5a 5b 5c 5d 5e 5f 60 61 62 63 64 65 66 67 68 69 6a 6b 6c 6d 6e 6f 70 71 72 73 74 75 76 77 78 79 7a 7b 7c 7d 7e 7f 
 0  b 16 69 2c  2 53 51 58 17  4 7c 27 43 23 24 31 72 2e 35  8 30 79 -- 4e 2b  7 -- 46 -- 48 -- 62 40 65 70 5c  c 6a -- 10  3 60 -- 73 -- -- -- 1d 4f 56 --  e -- -- --  d -- -- -- 11 -- -- -- 45 74  1 68 4b 3e 61 12 39 5a 18 -- 55 -- -- -- 20 38  6 -- 41 -- -- -- 67 -- -- -- -- -- -- -- 3a 34 1f  9 2d -- -- -- 1c -- -- -- -- -- -- -- 1a 44 -- -- -- -- -- -- 22 -- -- -- -- -- -- 7f 

solutions so far:0 maxDepth:13 
iterations:2326179190  skipped: 1257 
Depth skipped: 
0 0 96 1161 0 0 0 0 0 0 0 0 0 0 0 0 0 0 0 0 0 0 0 0 0 0 0 0 0 0 0 0 

running time: 26400 sec
 depth:10
 0  1  2  3  4  5  6  7  8  9  a  b  c  d  e  f 10 11 12 13 14 15 16 17 18 19 1a 1b 1c 1d 1e 1f 20 21 22 23 24 25 26 27 28 29 2a 2b 2c 2d 2e 2f 30 31 32 33 34 35 36 37 38 39 3a 3b 3c 3d 3e 3f 40 41 42 43 44 45 46 47 48 49 4a 4b 4c 4d 4e 4f 50 51 52 53 54 55 56 57 58 59 5a 5b 5c 5d 5e 5f 60 61 62 63 64 65 66 67 68 69 6a 6b 6c 6d 6e 6f 70 71 72 73 74 75 76 77 78 79 7a 7b 7c 7d 7e 7f 
 0  b 16 69 2c  2 53 39 58 33  4 30 27 3e 72 14 31 36 66 3c  8 3d 60 -- 4e 63 7c -- 65 -- 28 -- 62 40 6c 4f 4d 2f 78 -- 10 6b 7a -- 41 -- -- -- 1d  6 47 -- 79 -- -- -- 4b -- -- -- 50 -- -- -- 45 74  1 5c 59 18 1f  a 1b 1e 5e -- 71 -- -- -- 20 67 57 -- 75 -- -- --  3 -- -- -- -- -- -- -- 3a 2e  c  5  f -- -- -- 73 -- -- -- -- -- -- -- 17 42 -- -- -- -- -- -- 21 -- -- -- -- -- -- 7f 

solutions so far:0 maxDepth:13 
iterations:2353002206  skipped: 1272 
Depth skipped: 
0 0 96 1176 0 0 0 0 0 0 0 0 0 0 0 0 0 0 0 0 0 0 0 0 0 0 0 0 0 0 0 0 

running time: 26700 sec
 depth:9
 0  1  2  3  4  5  6  7  8  9  a  b  c  d  e  f 10 11 12 13 14 15 16 17 18 19 1a 1b 1c 1d 1e 1f 20 21 22 23 24 25 26 27 28 29 2a 2b 2c 2d 2e 2f 30 31 32 33 34 35 36 37 38 39 3a 3b 3c 3d 3e 3f 40 41 42 43 44 45 46 47 48 49 4a 4b 4c 4d 4e 4f 50 51 52 53 54 55 56 57 58 59 5a 5b 5c 5d 5e 5f 60 61 62 63 64 65 66 67 68 69 6a 6b 6c 6d 6e 6f 70 71 72 73 74 75 76 77 78 79 7a 7b 7c 7d 7e 7f 
 0  b 16 69 2c  2 53 2e 58 59  4 60 27 49 5c 67 31 1b 33 48  8 -- 41 -- 4e 44 13 -- 39 -- 4f -- 62 40 36 32 66 -- 11 -- 10 -- -- --  3 -- -- -- 1d  c  9 -- 26 -- -- -- 72 -- -- -- 1f -- -- -- 45 74  1 17 6c 30 64 73 4d 24 -- -- 22 -- -- -- 20 19 -- -- -- -- -- --  6 -- -- -- -- -- -- -- 3a 4b 18 79 12 -- -- -- 4c -- -- -- -- -- -- -- 65 7c -- -- -- -- -- -- 3e -- -- -- -- -- -- 7f 

solutions so far:0 maxDepth:13 
iterations:2377089410  skipped: 1279 
Depth skipped: 
0 0 96 1183 0 0 0 0 0 0 0 0 0 0 0 0 0 0 0 0 0 0 0 0 0 0 0 0 0 0 0 0 

running time: 27000 sec
 depth:10
 0  1  2  3  4  5  6  7  8  9  a  b  c  d  e  f 10 11 12 13 14 15 16 17 18 19 1a 1b 1c 1d 1e 1f 20 21 22 23 24 25 26 27 28 29 2a 2b 2c 2d 2e 2f 30 31 32 33 34 35 36 37 38 39 3a 3b 3c 3d 3e 3f 40 41 42 43 44 45 46 47 48 49 4a 4b 4c 4d 4e 4f 50 51 52 53 54 55 56 57 58 59 5a 5b 5c 5d 5e 5f 60 61 62 63 64 65 66 67 68 69 6a 6b 6c 6d 6e 6f 70 71 72 73 74 75 76 77 78 79 7a 7b 7c 7d 7e 7f 
 0  b 16 69 2c  2 53 1a 58 3d  4 28 27 4c 34 2b 31 57 7a 7c  8 15 50 -- 4e 67 19 -- 68 -- 56 -- 62 40 2f 13 75 25 79 -- 10 29 2a -- 21 -- -- -- 1d  5 4f -- 32 -- -- -- 51 -- -- -- 2d -- -- -- 45 74  1  d 5e 14 26 55 6b 3e 4a -- 73 -- -- -- 20 49 52 -- 54 -- -- -- 42 -- -- -- -- -- -- -- 3a 46  a 6a 1f -- -- -- 64 -- -- -- -- -- -- -- 23 35 -- -- -- -- -- -- 5a -- -- -- -- -- -- 7f 

solutions so far:0 maxDepth:13 
iterations:2409829599  skipped: 1292 
Depth skipped: 
0 0 96 1196 0 0 0 0 0 0 0 0 0 0 0 0 0 0 0 0 0 0 0 0 0 0 0 0 0 0 0 0 

running time: 27300 sec
 depth:9
 0  1  2  3  4  5  6  7  8  9  a  b  c  d  e  f 10 11 12 13 14 15 16 17 18 19 1a 1b 1c 1d 1e 1f 20 21 22 23 24 25 26 27 28 29 2a 2b 2c 2d 2e 2f 30 31 32 33 34 35 36 37 38 39 3a 3b 3c 3d 3e 3f 40 41 42 43 44 45 46 47 48 49 4a 4b 4c 4d 4e 4f 50 51 52 53 54 55 56 57 58 59 5a 5b 5c 5d 5e 5f 60 61 62 63 64 65 66 67 68 69 6a 6b 6c 6d 6e 6f 70 71 72 73 74 75 76 77 78 79 7a 7b 7c 7d 7e 7f 
 0  b 16 69 2c  2 53  d 58 28  4 54 27 1b 1a 32 31  5 50 5f  8 -- 29 -- 4e 7d 36 -- 34 -- 64 -- 62 40  a 66 21 -- 3f -- 10 -- -- -- 52 -- -- -- 1d 4a 7b -- 6c -- -- -- 68 -- -- -- 49 -- -- -- 45 74  1 46 14 2a 4d 19 42 6f -- -- 7e -- -- -- 20 33 -- -- -- -- -- -- 25 -- -- -- -- -- -- -- 3a 23 15 4c 77 -- -- -- 59 -- -- -- -- -- -- -- 51 26 -- -- -- -- -- -- 13 -- -- -- -- -- -- 7f 

solutions so far:0 maxDepth:13 
iterations:2441081931  skipped: 1300 
Depth skipped: 
0 0 96 1204 0 0 0 0 0 0 0 0 0 0 0 0 0 0 0 0 0 0 0 0 0 0 0 0 0 0 0 0 

running time: 27600 sec
 depth:11
 0  1  2  3  4  5  6  7  8  9  a  b  c  d  e  f 10 11 12 13 14 15 16 17 18 19 1a 1b 1c 1d 1e 1f 20 21 22 23 24 25 26 27 28 29 2a 2b 2c 2d 2e 2f 30 31 32 33 34 35 36 37 38 39 3a 3b 3c 3d 3e 3f 40 41 42 43 44 45 46 47 48 49 4a 4b 4c 4d 4e 4f 50 51 52 53 54 55 56 57 58 59 5a 5b 5c 5d 5e 5f 60 61 62 63 64 65 66 67 68 69 6a 6b 6c 6d 6e 6f 70 71 72 73 74 75 76 77 78 79 7a 7b 7c 7d 7e 7f 
 0  b 16 69 2c  1 53 65 58 4d  2  c 27 50 4b 61 31 59 1b 46  4 56 18 47 4e 34 21 -- 17 -- 43 -- 62 20 33 14 36 55  d --  8 35 2d -- 30 --  f -- 1d 41 68 -- 42 -- -- -- 2e 3c -- --  7 -- -- -- 45 74 40 72 66  6 28 70 6c 23 2b 63 1a -- -- -- 10  a 6a -- 5a -- -- -- 60 -- -- -- 1e -- -- -- 3a 39  3 38 51 71 -- --  5 -- -- -- -- -- -- -- 5c 1c 78 -- -- -- -- --  e -- -- -- -- -- -- 7f 

solutions so far:0 maxDepth:13 
iterations:2483092627  skipped: 1326 
Depth skipped: 
0 0 96 1230 0 0 0 0 0 0 0 0 0 0 0 0 0 0 0 0 0 0 0 0 0 0 0 0 0 0 0 0 

running time: 27900 sec
 depth:9
 0  1  2  3  4  5  6  7  8  9  a  b  c  d  e  f 10 11 12 13 14 15 16 17 18 19 1a 1b 1c 1d 1e 1f 20 21 22 23 24 25 26 27 28 29 2a 2b 2c 2d 2e 2f 30 31 32 33 34 35 36 37 38 39 3a 3b 3c 3d 3e 3f 40 41 42 43 44 45 46 47 48 49 4a 4b 4c 4d 4e 4f 50 51 52 53 54 55 56 57 58 59 5a 5b 5c 5d 5e 5f 60 61 62 63 64 65 66 67 68 69 6a 6b 6c 6d 6e 6f 70 71 72 73 74 75 76 77 78 79 7a 7b 7c 7d 7e 7f 
 0  b 16 69 2c  1 53 4b 58 18  2 3d 27 3c 17 1b 31  3 30 4a  4 -- 7a -- 4e 54 78 -- 2e -- 36 -- 62 20  6  f 60 -- 15 --  8 -- -- -- 75 -- -- -- 1d 57 29 -- 71 -- -- -- 5c -- -- -- 6c -- -- -- 45 74 40 65  c 5e 1e 4d 41 25 -- -- 2a -- -- -- 10 47 -- -- -- -- -- -- 6b -- -- -- -- -- -- -- 3a 72 2f 66 52 -- -- -- 63 -- -- -- -- -- -- -- 39 33 -- -- -- -- -- -- 59 -- -- -- -- -- -- 7f 

solutions so far:0 maxDepth:13 
iterations:2518512111  skipped: 1343 
Depth skipped: 
0 0 96 1247 0 0 0 0 0 0 0 0 0 0 0 0 0 0 0 0 0 0 0 0 0 0 0 0 0 0 0 0 

running time: 28200 sec
 depth:10
 0  1  2  3  4  5  6  7  8  9  a  b  c  d  e  f 10 11 12 13 14 15 16 17 18 19 1a 1b 1c 1d 1e 1f 20 21 22 23 24 25 26 27 28 29 2a 2b 2c 2d 2e 2f 30 31 32 33 34 35 36 37 38 39 3a 3b 3c 3d 3e 3f 40 41 42 43 44 45 46 47 48 49 4a 4b 4c 4d 4e 4f 50 51 52 53 54 55 56 57 58 59 5a 5b 5c 5d 5e 5f 60 61 62 63 64 65 66 67 68 69 6a 6b 6c 6d 6e 6f 70 71 72 73 74 75 76 77 78 79 7a 7b 7c 7d 7e 7f 
 0  b 16 69 2c  1 53 39 58 52  2 42 27 36 72 41 31 2a 25 19  4 7c  5 -- 4e 49 6c -- 65 --  3 -- 62 20 54 4d 4a 1f 32 --  8 67 79 --  a -- -- -- 1d 28 13 -- 59 -- -- -- 4b -- -- --  6 -- -- -- 45 74 40 5c 29 21 1b 60 15 4c 3e -- 64 -- -- -- 10 66 4f -- 73 -- -- -- 14 -- -- -- -- -- -- -- 3a 2e 50 30 26 -- -- -- 33 -- -- -- -- -- -- -- 17 18 -- -- -- -- -- --  c -- -- -- -- -- -- 7f 

solutions so far:0 maxDepth:13 
iterations:2543734740  skipped: 1356 
Depth skipped: 
0 0 96 1260 0 0 0 0 0 0 0 0 0 0 0 0 0 0 0 0 0 0 0 0 0 0 0 0 0 0 0 0 

running time: 28500 sec
 depth:9
 0  1  2  3  4  5  6  7  8  9  a  b  c  d  e  f 10 11 12 13 14 15 16 17 18 19 1a 1b 1c 1d 1e 1f 20 21 22 23 24 25 26 27 28 29 2a 2b 2c 2d 2e 2f 30 31 32 33 34 35 36 37 38 39 3a 3b 3c 3d 3e 3f 40 41 42 43 44 45 46 47 48 49 4a 4b 4c 4d 4e 4f 50 51 52 53 54 55 56 57 58 59 5a 5b 5c 5d 5e 5f 60 61 62 63 64 65 66 67 68 69 6a 6b 6c 6d 6e 6f 70 71 72 73 74 75 76 77 78 79 7a 7b 7c 7d 7e 7f 
 0  b 16 69 2c  1 53 34 58  6  2 11 27 63 68 37 31 60  c 2a  4 -- 22 -- 4e 52 47 -- 51 -- 6e -- 62 20 41 78 18 -- 54 --  8 -- -- -- 44 -- -- -- 1d 12 25 --  f -- -- -- 23 -- -- -- 5d -- -- -- 45 74 40 1a  3 48 71 5b 30 15 -- -- 29 -- -- -- 10 3c -- -- -- -- -- --  9 -- -- -- -- -- -- -- 3a  d 24 6d 4a -- -- -- 1e -- -- -- -- -- -- -- 46 76 -- -- -- -- -- -- 3b -- -- -- -- -- -- 7f 

solutions so far:0 maxDepth:13 
iterations:2567885773  skipped: 1360 
Depth skipped: 
0 0 96 1264 0 0 0 0 0 0 0 0 0 0 0 0 0 0 0 0 0 0 0 0 0 0 0 0 0 0 0 0 

running time: 28800 sec
 depth:10
 0  1  2  3  4  5  6  7  8  9  a  b  c  d  e  f 10 11 12 13 14 15 16 17 18 19 1a 1b 1c 1d 1e 1f 20 21 22 23 24 25 26 27 28 29 2a 2b 2c 2d 2e 2f 30 31 32 33 34 35 36 37 38 39 3a 3b 3c 3d 3e 3f 40 41 42 43 44 45 46 47 48 49 4a 4b 4c 4d 4e 4f 50 51 52 53 54 55 56 57 58 59 5a 5b 5c 5d 5e 5f 60 61 62 63 64 65 66 67 68 69 6a 6b 6c 6d 6e 6f 70 71 72 73 74 75 76 77 78 79 7a 7b 7c 7d 7e 7f 
 0  b 16 69 2c  1 53 1a 58 18  2 65 27  e 34 78 31  3 30 52  4  a 4b -- 4e 15 1c -- 68 -- 71 -- 62 20  6 43 60 42 25 --  8 50 14 -- 17 -- -- -- 1d 5c 2a -- 38 -- -- -- 51 -- -- -- 63 -- -- -- 45 74 40  d  c 72  7 3c 41 29  5 -- 4a -- -- -- 10 61 21 -- 28 -- -- -- 2e -- -- -- -- -- -- -- 3a 46 39 1e 54 -- -- -- 70 -- -- -- -- -- -- -- 23  f -- -- -- -- -- -- 47 -- -- -- -- -- -- 7f 

solutions so far:0 maxDepth:13 
iterations:2592720007  skipped: 1378 
Depth skipped: 
0 0 96 1282 0 0 0 0 0 0 0 0 0 0 0 0 0 0 0 0 0 0 0 0 0 0 0 0 0 0 0 0 

running time: 29100 sec

Finished. Total running time: 29286 sec
