Search S-boxes invariant for matrix: 
{0x00,0x02,0x04,0x06,0x08,0x0a,0x0c,0x0e,0x10,0x12,0x14,0x16,0x18,0x1a,0x1c,0x1e,0x20,0x22,0x24,0x26,0x28,0x2a,0x2c,0x2e,0x30,0x32,0x34,0x36,0x38,0x3a,0x3c,0x3e,0x40,0x42,0x44,0x46,0x48,0x4a,0x4c,0x4e,0x50,0x52,0x54,0x56,0x58,0x5a,0x5c,0x5e,0x60,0x62,0x64,0x66,0x68,0x6a,0x6c,0x6e,0x70,0x72,0x74,0x76,0x78,0x7a,0x7c,0x7e,0x01,0x03,0x05,0x07,0x09,0x0b,0x0d,0x0f,0x11,0x13,0x15,0x17,0x19,0x1b,0x1d,0x1f,0x21,0x23,0x25,0x27,0x29,0x2b,0x2d,0x2f,0x31,0x33,0x35,0x37,0x39,0x3b,0x3d,0x3f,0x41,0x43,0x45,0x47,0x49,0x4b,0x4d,0x4f,0x51,0x53,0x55,0x57,0x59,0x5b,0x5d,0x5f,0x61,0x63,0x65,0x67,0x69,0x6b,0x6d,0x6f,0x71,0x73,0x75,0x77,0x79,0x7b,0x7d,0x7f};



 depth:9
 0  1  2  3  4  5  6  7  8  9  a  b  c  d  e  f 10 11 12 13 14 15 16 17 18 19 1a 1b 1c 1d 1e 1f 20 21 22 23 24 25 26 27 28 29 2a 2b 2c 2d 2e 2f 30 31 32 33 34 35 36 37 38 39 3a 3b 3c 3d 3e 3f 40 41 42 43 44 45 46 47 48 49 4a 4b 4c 4d 4e 4f 50 51 52 53 54 55 56 57 58 59 5a 5b 5c 5d 5e 5f 60 61 62 63 64 65 66 67 68 69 6a 6b 6c 6d 6e 6f 70 71 72 73 74 75 76 77 78 79 7a 7b 7c 7d 7e 7f 
 0  b 16 74 2c 1c 69 68 58 48 38 19 53  5 51 4a 31  9 11  c 70 -- 32 -- 27 60  a -- 23 -- 15 -- 62  7 12 21 22 -- 18 -- 61 -- -- -- 64 -- -- -- 4e 13 41 -- 14 -- -- -- 46 -- -- -- 2a -- -- -- 45 3a  e 34 24 4c 42 25 44  6 -- -- 30 -- -- -- 43 50 -- -- -- -- -- -- 49 -- -- -- -- -- -- -- 1d 1a 26 52  3 -- -- -- 28 -- -- -- -- -- -- --  d 29 -- -- -- -- -- -- 54 -- -- -- -- -- -- 7f 

solutions so far:0 maxDepth:13 
iterations:22566534  skipped: 103 
Depth skipped: 
0 0 86 17 0 0 0 0 0 0 0 0 0 0 0 0 0 0 0 0 0 0 0 0 0 0 0 0 0 0 0 0 

running time: 300 sec
 depth:10
 0  1  2  3  4  5  6  7  8  9  a  b  c  d  e  f 10 11 12 13 14 15 16 17 18 19 1a 1b 1c 1d 1e 1f 20 21 22 23 24 25 26 27 28 29 2a 2b 2c 2d 2e 2f 30 31 32 33 34 35 36 37 38 39 3a 3b 3c 3d 3e 3f 40 41 42 43 44 45 46 47 48 49 4a 4b 4c 4d 4e 4f 50 51 52 53 54 55 56 57 58 59 5a 5b 5c 5d 5e 5f 60 61 62 63 64 65 66 67 68 69 6a 6b 6c 6d 6e 6f 70 71 72 73 74 75 76 77 78 79 7a 7b 7c 7d 7e 7f 
 0  b 16 74 2c 1c 69 5c 58 60 38 21 53  8 39 57 31  c 41 2b 70 52 42 -- 27 5a 10 -- 72 -- 2f -- 62  7 18  2  3 54 56 -- 61 15 25 --  5 -- -- -- 4e 14 35 -- 20 -- -- -- 65 -- -- -- 5e -- -- -- 45 3a  e 2e 30 50  4 6b  6 55 29 -- 2d -- -- -- 43  1 2a -- 4a -- -- --  a -- -- -- -- -- -- -- 1d 17 28 75 6a -- -- -- 40 -- -- -- -- -- -- -- 4b 7a -- -- -- -- -- -- 3d -- -- -- -- -- -- 7f 

solutions so far:0 maxDepth:13 
iterations:46950964  skipped: 108 
Depth skipped: 
0 0 86 22 0 0 0 0 0 0 0 0 0 0 0 0 0 0 0 0 0 0 0 0 0 0 0 0 0 0 0 0 

running time: 600 sec
 depth:8
 0  1  2  3  4  5  6  7  8  9  a  b  c  d  e  f 10 11 12 13 14 15 16 17 18 19 1a 1b 1c 1d 1e 1f 20 21 22 23 24 25 26 27 28 29 2a 2b 2c 2d 2e 2f 30 31 32 33 34 35 36 37 38 39 3a 3b 3c 3d 3e 3f 40 41 42 43 44 45 46 47 48 49 4a 4b 4c 4d 4e 4f 50 51 52 53 54 55 56 57 58 59 5a 5b 5c 5d 5e 5f 60 61 62 63 64 65 66 67 68 69 6a 6b 6c 6d 6e 6f 70 71 72 73 74 75 76 77 78 79 7a 7b 7c 7d 7e 7f 
 0  b 16 74 2c 1c 69 4b 58 79 38 64 53 6d 17 18 31 1f 73 -- 70 -- 49 -- 27 -- 5b -- 2e -- 30 -- 62  7 3e 3b 67 -- -- -- 61 -- -- -- 13 -- -- -- 4e 4c -- -- 37 -- -- -- 5c -- -- -- 60 -- -- -- 45 3a  e 65 7c 32 76  c 4f -- -- -- -- -- -- -- 43 5d -- -- -- -- -- -- 26 -- -- -- -- -- -- -- 1d 72 19  6 -- -- -- -- 6e -- -- -- -- -- -- -- 39  3 -- -- -- -- -- -- 41 -- -- -- -- -- -- 7f 

solutions so far:0 maxDepth:13 
iterations:72628357  skipped: 118 
Depth skipped: 
0 0 86 32 0 0 0 0 0 0 0 0 0 0 0 0 0 0 0 0 0 0 0 0 0 0 0 0 0 0 0 0 

running time: 900 sec
 depth:8
 0  1  2  3  4  5  6  7  8  9  a  b  c  d  e  f 10 11 12 13 14 15 16 17 18 19 1a 1b 1c 1d 1e 1f 20 21 22 23 24 25 26 27 28 29 2a 2b 2c 2d 2e 2f 30 31 32 33 34 35 36 37 38 39 3a 3b 3c 3d 3e 3f 40 41 42 43 44 45 46 47 48 49 4a 4b 4c 4d 4e 4f 50 51 52 53 54 55 56 57 58 59 5a 5b 5c 5d 5e 5f 60 61 62 63 64 65 66 67 68 69 6a 6b 6c 6d 6e 6f 70 71 72 73 74 75 76 77 78 79 7a 7b 7c 7d 7e 7f 
 0  b 16 74 2c 1c 69 39 58 64 38 48 53 5d 72 77 31 4c 49 -- 70 -- 11 -- 27 -- 3b -- 65 -- 6f -- 62  7 19 37 13 -- -- -- 61 -- -- -- 22 -- -- -- 4e  9 -- -- 76 -- -- -- 4b -- -- -- 5f -- -- -- 45 3a  e 5c 32 24 6e 7b 26 -- -- -- -- -- -- -- 43 5b -- -- -- -- -- -- 44 -- -- -- -- -- -- -- 1d 2e 12 7d -- -- -- -- 6d -- -- -- -- -- -- -- 17 7e -- -- -- -- -- -- 3f -- -- -- -- -- -- 7f 

solutions so far:0 maxDepth:13 
iterations:104841623  skipped: 131 
Depth skipped: 
0 0 86 45 0 0 0 0 0 0 0 0 0 0 0 0 0 0 0 0 0 0 0 0 0 0 0 0 0 0 0 0 

running time: 1200 sec
 depth:12
 0  1  2  3  4  5  6  7  8  9  a  b  c  d  e  f 10 11 12 13 14 15 16 17 18 19 1a 1b 1c 1d 1e 1f 20 21 22 23 24 25 26 27 28 29 2a 2b 2c 2d 2e 2f 30 31 32 33 34 35 36 37 38 39 3a 3b 3c 3d 3e 3f 40 41 42 43 44 45 46 47 48 49 4a 4b 4c 4d 4e 4f 50 51 52 53 54 55 56 57 58 59 5a 5b 5c 5d 5e 5f 60 61 62 63 64 65 66 67 68 69 6a 6b 6c 6d 6e 6f 70 71 72 73 74 75 76 77 78 79 7a 7b 7c 7d 7e 7f 
 0  b 16 74 2c 1c 69 34 58 13 38 6f 53 3c 68 65 31 32 26  8 70 59 5f 11 27 40 78 30 51 -- 4b -- 62  7 64  f 4c 36 10 -- 61 4d 33 -- 3f -- 22 -- 4e 7d  1  6 71 -- 60 -- 23  9 -- -- 17 -- -- -- 45 3a  e 1a 49 77 1e 72 19  4 6c 48 20 18 -- -- 43 47 1b -- 66 -- -- -- 7e  3 -- -- 44 -- -- -- 1d  d 7b 39  2 24  c -- 63 -- -- -- 41 -- -- -- 46 5c 12 -- -- -- -- -- 2e -- -- -- -- -- -- 7f 

solutions so far:0 maxDepth:13 
iterations:127415106  skipped: 133 
Depth skipped: 
0 0 86 47 0 0 0 0 0 0 0 0 0 0 0 0 0 0 0 0 0 0 0 0 0 0 0 0 0 0 0 0 

running time: 1500 sec
 depth:10
 0  1  2  3  4  5  6  7  8  9  a  b  c  d  e  f 10 11 12 13 14 15 16 17 18 19 1a 1b 1c 1d 1e 1f 20 21 22 23 24 25 26 27 28 29 2a 2b 2c 2d 2e 2f 30 31 32 33 34 35 36 37 38 39 3a 3b 3c 3d 3e 3f 40 41 42 43 44 45 46 47 48 49 4a 4b 4c 4d 4e 4f 50 51 52 53 54 55 56 57 58 59 5a 5b 5c 5d 5e 5f 60 61 62 63 64 65 66 67 68 69 6a 6b 6c 6d 6e 6f 70 71 72 73 74 75 76 77 78 79 7a 7b 7c 7d 7e 7f 
 0  b 16 74 2c 1c 69 23 58 47 38 55 53 2f 46 4a 31 78  f 21 70  3 2b -- 27  a 5e --  d -- 15 -- 62  7 71 6b 1e 60 42 -- 61 18  6 -- 56 -- -- -- 4e 5a 14 -- 3d -- -- -- 1a -- -- -- 2a -- -- -- 45 3a  e 51 63 6a 57 25 3c 50 41 --  5 -- -- -- 43 75 30 --  c -- -- -- 2d -- -- -- -- -- -- -- 1d 68 35 52 28 -- -- -- 7a -- -- -- -- -- -- -- 34 29 -- -- -- -- -- -- 54 -- -- -- -- -- -- 7f 

solutions so far:0 maxDepth:13 
iterations:150892947  skipped: 145 
Depth skipped: 
0 0 86 59 0 0 0 0 0 0 0 0 0 0 0 0 0 0 0 0 0 0 0 0 0 0 0 0 0 0 0 0 

running time: 1800 sec
 depth:10
 0  1  2  3  4  5  6  7  8  9  a  b  c  d  e  f 10 11 12 13 14 15 16 17 18 19 1a 1b 1c 1d 1e 1f 20 21 22 23 24 25 26 27 28 29 2a 2b 2c 2d 2e 2f 30 31 32 33 34 35 36 37 38 39 3a 3b 3c 3d 3e 3f 40 41 42 43 44 45 46 47 48 49 4a 4b 4c 4d 4e 4f 50 51 52 53 54 55 56 57 58 59 5a 5b 5c 5d 5e 5f 60 61 62 63 64 65 66 67 68 69 6a 6b 6c 6d 6e 6f 70 71 72 73 74 75 76 77 78 79 7a 7b 7c 7d 7e 7f 
 0  b 16 74 2c 1c 69 17 58 2f 38 6f 53 6d 2e 1a 31 75 5e 66 70 4c 5f -- 27 36 5b -- 5c -- 34 -- 62  7 6b 3b 3d 13 4d -- 61 64 19 -- 3f -- -- -- 4e 7d 6c -- 37 -- -- -- 39 -- -- -- 68 -- -- -- 45 3a  e 4b 57 77 76  d 7a 33 26 -- 1b -- -- -- 43 5d 49 -- 32 -- -- -- 7e -- -- -- -- -- -- -- 1d 65 7b 46 59 -- -- -- 6e -- -- -- -- -- -- -- 72 23 -- -- -- -- -- -- 51 -- -- -- -- -- -- 7f 

solutions so far:0 maxDepth:13 
iterations:180386574  skipped: 151 
Depth skipped: 
0 0 86 65 0 0 0 0 0 0 0 0 0 0 0 0 0 0 0 0 0 0 0 0 0 0 0 0 0 0 0 0 

running time: 2100 sec
 depth:9
 0  1  2  3  4  5  6  7  8  9  a  b  c  d  e  f 10 11 12 13 14 15 16 17 18 19 1a 1b 1c 1d 1e 1f 20 21 22 23 24 25 26 27 28 29 2a 2b 2c 2d 2e 2f 30 31 32 33 34 35 36 37 38 39 3a 3b 3c 3d 3e 3f 40 41 42 43 44 45 46 47 48 49 4a 4b 4c 4d 4e 4f 50 51 52 53 54 55 56 57 58 59 5a 5b 5c 5d 5e 5f 60 61 62 63 64 65 66 67 68 69 6a 6b 6c 6d 6e 6f 70 71 72 73 74 75 76 77 78 79 7a 7b 7c 7d 7e 7f 
 0  b 16 74 2c 17 69 51 58 2b 2e  9 53 77 23 52 31 35 56  7 5c -- 12 -- 27 38 6f -- 46 -- 25 -- 62 65 6a 7d 2d --  e -- 39 -- -- -- 24 -- -- -- 4e 11 70 -- 5f -- -- --  d -- -- -- 4a -- -- -- 45 3a 4b 68 55 44 7b 29 5a 43 -- -- 1c -- -- -- 72 7e -- -- -- -- -- -- 48 -- -- -- -- -- -- -- 1d 34 22 54 61 -- -- -- 3f -- -- -- -- -- -- -- 1a 2a -- -- -- -- -- -- 15 -- -- -- -- -- -- 7f 

solutions so far:0 maxDepth:13 
iterations:212565281  skipped: 201 
Depth skipped: 
0 0 90 111 0 0 0 0 0 0 0 0 0 0 0 0 0 0 0 0 0 0 0 0 0 0 0 0 0 0 0 0 

running time: 2400 sec
 depth:9
 0  1  2  3  4  5  6  7  8  9  a  b  c  d  e  f 10 11 12 13 14 15 16 17 18 19 1a 1b 1c 1d 1e 1f 20 21 22 23 24 25 26 27 28 29 2a 2b 2c 2d 2e 2f 30 31 32 33 34 35 36 37 38 39 3a 3b 3c 3d 3e 3f 40 41 42 43 44 45 46 47 48 49 4a 4b 4c 4d 4e 4f 50 51 52 53 54 55 56 57 58 59 5a 5b 5c 5d 5e 5f 60 61 62 63 64 65 66 67 68 69 6a 6b 6c 6d 6e 6f 70 71 72 73 74 75 76 77 78 79 7a 7b 7c 7d 7e 7f 
 0  b 16 74 2c 17 69 23 58 6a 2e 1b 53  a 46 5b 31 2d 55 2f 5c -- 36 -- 27 7a 14 --  d -- 37 -- 62 65 5a 42 2b -- 5e -- 39 -- -- -- 6c -- -- -- 4e 33 75 -- 28 -- -- -- 1a -- -- -- 6e -- -- -- 45 3a 4b 51 35 4d  5 6d 56 57 -- -- 3d -- -- -- 72 21 -- -- -- -- -- -- 59 -- -- -- -- -- -- -- 1d 68 66 76 6b -- -- -- 50 -- -- -- -- -- -- -- 34 3b -- -- -- -- -- -- 5d -- -- -- -- -- -- 7f 

solutions so far:0 maxDepth:13 
iterations:237815974  skipped: 231 
Depth skipped: 
0 0 90 141 0 0 0 0 0 0 0 0 0 0 0 0 0 0 0 0 0 0 0 0 0 0 0 0 0 0 0 0 

running time: 2700 sec
 depth:8
 0  1  2  3  4  5  6  7  8  9  a  b  c  d  e  f 10 11 12 13 14 15 16 17 18 19 1a 1b 1c 1d 1e 1f 20 21 22 23 24 25 26 27 28 29 2a 2b 2c 2d 2e 2f 30 31 32 33 34 35 36 37 38 39 3a 3b 3c 3d 3e 3f 40 41 42 43 44 45 46 47 48 49 4a 4b 4c 4d 4e 4f 50 51 52 53 54 55 56 57 58 59 5a 5b 5c 5d 5e 5f 60 61 62 63 64 65 66 67 68 69 6a 6b 6c 6d 6e 6f 70 71 72 73 74 75 76 77 78 79 7a 7b 7c 7d 7e 7f 
 0  b 16 74 2c 17 69 1a 58 12 2e  e 53 50 34 3b 31 22 24 -- 5c -- 1c -- 27 -- 21 -- 68 -- 76 -- 62 65 44 14 48 -- -- -- 39 -- -- -- 38 -- -- -- 4e 61 -- -- 42 -- -- -- 51 -- -- -- 6d -- -- -- 45 3a 4b  d  9  7 28 5d 11 -- -- -- -- -- -- -- 72  a -- -- -- -- -- -- 70 -- -- -- -- -- -- -- 1d 46 43 6e -- -- -- --  5 -- -- -- -- -- -- -- 23 37 -- -- -- -- -- -- 5b -- -- -- -- -- -- 7f 

solutions so far:0 maxDepth:13 
iterations:267064443  skipped: 238 
Depth skipped: 
0 0 90 148 0 0 0 0 0 0 0 0 0 0 0 0 0 0 0 0 0 0 0 0 0 0 0 0 0 0 0 0 

running time: 3000 sec
 depth:9
 0  1  2  3  4  5  6  7  8  9  a  b  c  d  e  f 10 11 12 13 14 15 16 17 18 19 1a 1b 1c 1d 1e 1f 20 21 22 23 24 25 26 27 28 29 2a 2b 2c 2d 2e 2f 30 31 32 33 34 35 36 37 38 39 3a 3b 3c 3d 3e 3f 40 41 42 43 44 45 46 47 48 49 4a 4b 4c 4d 4e 4f 50 51 52 53 54 55 56 57 58 59 5a 5b 5c 5d 5e 5f 60 61 62 63 64 65 66 67 68 69 6a 6b 6c 6d 6e 6f 70 71 72 73 74 75 76 77 78 79 7a 7b 7c 7d 7e 7f 
 0  b 16 74 2c  f 69 72 58 13 1e 5b 53  c 65 4f 31 32 26 28 3c -- 37 -- 27 42 18 -- 4b -- 1f -- 62 63 64  3 4c -- 50 -- 78 -- -- -- 6e -- -- -- 4e 3b  5 -- 30 -- -- -- 17 -- -- -- 3e -- -- -- 45 3a 47 39 49 6d  6 67 19 14 -- -- 21 -- -- -- 71 41 -- -- -- -- -- -- 5d -- -- -- -- -- -- -- 1d 5c 76 73  a -- -- -- 60 -- -- -- -- -- -- -- 2e 79 -- -- -- -- -- -- 7c -- -- -- -- -- -- 7f 

solutions so far:0 maxDepth:13 
iterations:296000834  skipped: 271 
Depth skipped: 
0 0 96 175 0 0 0 0 0 0 0 0 0 0 0 0 0 0 0 0 0 0 0 0 0 0 0 0 0 0 0 0 

running time: 3300 sec
 depth:9
 0  1  2  3  4  5  6  7  8  9  a  b  c  d  e  f 10 11 12 13 14 15 16 17 18 19 1a 1b 1c 1d 1e 1f 20 21 22 23 24 25 26 27 28 29 2a 2b 2c 2d 2e 2f 30 31 32 33 34 35 36 37 38 39 3a 3b 3c 3d 3e 3f 40 41 42 43 44 45 46 47 48 49 4a 4b 4c 4d 4e 4f 50 51 52 53 54 55 56 57 58 59 5a 5b 5c 5d 5e 5f 60 61 62 63 64 65 66 67 68 69 6a 6b 6c 6d 6e 6f 70 71 72 73 74 75 76 77 78 79 7a 7b 7c 7d 7e 7f 
 0  b 16 74 2c  f 69 39 58 20 1e 7e 53 3e 72 3b 31  4 40 13 3c -- 7d -- 27 19 7c -- 65 -- 76 -- 62 63  8 4f  1 -- 26 -- 78 -- -- -- 7b -- -- -- 4e 6f 32 -- 79 -- -- -- 4b -- -- -- 6d -- -- -- 45 3a 47 5c 10 3f 1f 5d  2 49 -- -- 4c -- -- -- 71 67 -- -- -- -- -- -- 77 -- -- -- -- -- -- -- 1d 2e 5f 6e 64 -- -- -- 73 -- -- -- -- -- -- -- 17 37 -- -- -- -- -- -- 5b -- -- -- -- -- -- 7f 

solutions so far:0 maxDepth:13 
iterations:335879440  skipped: 306 
Depth skipped: 
0 0 96 210 0 0 0 0 0 0 0 0 0 0 0 0 0 0 0 0 0 0 0 0 0 0 0 0 0 0 0 0 

running time: 3600 sec
 depth:8
 0  1  2  3  4  5  6  7  8  9  a  b  c  d  e  f 10 11 12 13 14 15 16 17 18 19 1a 1b 1c 1d 1e 1f 20 21 22 23 24 25 26 27 28 29 2a 2b 2c 2d 2e 2f 30 31 32 33 34 35 36 37 38 39 3a 3b 3c 3d 3e 3f 40 41 42 43 44 45 46 47 48 49 4a 4b 4c 4d 4e 4f 50 51 52 53 54 55 56 57 58 59 5a 5b 5c 5d 5e 5f 60 61 62 63 64 65 66 67 68 69 6a 6b 6c 6d 6e 6f 70 71 72 73 74 75 76 77 78 79 7a 7b 7c 7d 7e 7f 
 0  b 16 74 2c  f 69 1a 58 52 1e 40 53  9 34 19 31 2a 25 -- 3c --  1 -- 27 -- 12 -- 68 -- 32 -- 62 63 54 22 4a -- -- -- 78 -- -- --  2 -- -- -- 4e  8 -- -- 24 -- -- -- 51 -- -- -- 64 -- -- -- 45 3a 47  d 29 20 44 4c 15 -- -- -- -- -- -- -- 71 11 -- -- -- -- -- --  4 -- -- -- -- -- -- -- 1d 46 10 26 -- -- -- -- 48 -- -- -- -- -- -- -- 23 13 -- -- -- -- -- -- 49 -- -- -- -- -- -- 7f 

solutions so far:0 maxDepth:13 
iterations:370436473  skipped: 327 
Depth skipped: 
0 0 96 231 0 0 0 0 0 0 0 0 0 0 0 0 0 0 0 0 0 0 0 0 0 0 0 0 0 0 0 0 

running time: 3900 sec
 depth:9
 0  1  2  3  4  5  6  7  8  9  a  b  c  d  e  f 10 11 12 13 14 15 16 17 18 19 1a 1b 1c 1d 1e 1f 20 21 22 23 24 25 26 27 28 29 2a 2b 2c 2d 2e 2f 30 31 32 33 34 35 36 37 38 39 3a 3b 3c 3d 3e 3f 40 41 42 43 44 45 46 47 48 49 4a 4b 4c 4d 4e 4f 50 51 52 53 54 55 56 57 58 59 5a 5b 5c 5d 5e 5f 60 61 62 63 64 65 66 67 68 69 6a 6b 6c 6d 6e 6f 70 71 72 73 74 75 76 77 78 79 7a 7b 7c 7d 7e 7f 
 0  b 16 74 2c  f 69 17 58  8 1e 32 53 4d 2e 52 31  1 10 4f 3c -- 64 -- 27 7c 1b -- 5c -- 25 -- 62 63  2 33 20 -- 1f -- 78 -- -- -- 49 -- -- -- 4e 26 79 -- 36 -- -- -- 39 -- -- -- 4a -- -- -- 45 3a 47 4b  4 19 66 29 40 67 -- -- 3e -- -- -- 71 59 -- -- -- -- -- -- 13 -- -- -- -- -- -- -- 1d 65 4c 54 73 -- -- -- 6c -- -- -- -- -- -- -- 72 2a -- -- -- -- -- -- 15 -- -- -- -- -- -- 7f 

solutions so far:0 maxDepth:13 
iterations:390908935  skipped: 328 
Depth skipped: 
0 0 96 232 0 0 0 0 0 0 0 0 0 0 0 0 0 0 0 0 0 0 0 0 0 0 0 0 0 0 0 0 

running time: 4200 sec
 depth:9
 0  1  2  3  4  5  6  7  8  9  a  b  c  d  e  f 10 11 12 13 14 15 16 17 18 19 1a 1b 1c 1d 1e 1f 20 21 22 23 24 25 26 27 28 29 2a 2b 2c 2d 2e 2f 30 31 32 33 34 35 36 37 38 39 3a 3b 3c 3d 3e 3f 40 41 42 43 44 45 46 47 48 49 4a 4b 4c 4d 4e 4f 50 51 52 53 54 55 56 57 58 59 5a 5b 5c 5d 5e 5f 60 61 62 63 64 65 66 67 68 69 6a 6b 6c 6d 6e 6f 70 71 72 73 74 75 76 77 78 79 7a 7b 7c 7d 7e 7f 
 0  b 16 74 2c  e 69 68 58 4a 1c 5b 53 50 51 10 31 29 15 4b 38 -- 37 -- 27 5c 21 -- 23 -- 20 -- 62 43 52 14 2a -- 17 -- 70 -- -- -- 6e -- -- -- 4e 3b 39 -- 42 -- -- -- 46 -- -- -- 40 -- -- -- 45 3a  7 34 25 6d 28  8 54 65 -- -- 2e -- -- -- 61  a -- -- -- -- -- -- 5d -- -- -- -- -- -- -- 1d 1a 76  4 72 -- -- --  5 -- -- -- -- -- -- --  d  2 -- -- -- -- -- --  1 -- -- -- -- -- -- 7f 

solutions so far:0 maxDepth:13 
iterations:412923069  skipped: 360 
Depth skipped: 
0 0 96 264 0 0 0 0 0 0 0 0 0 0 0 0 0 0 0 0 0 0 0 0 0 0 0 0 0 0 0 0 

running time: 4500 sec
 depth:8
 0  1  2  3  4  5  6  7  8  9  a  b  c  d  e  f 10 11 12 13 14 15 16 17 18 19 1a 1b 1c 1d 1e 1f 20 21 22 23 24 25 26 27 28 29 2a 2b 2c 2d 2e 2f 30 31 32 33 34 35 36 37 38 39 3a 3b 3c 3d 3e 3f 40 41 42 43 44 45 46 47 48 49 4a 4b 4c 4d 4e 4f 50 51 52 53 54 55 56 57 58 59 5a 5b 5c 5d 5e 5f 60 61 62 63 64 65 66 67 68 69 6a 6b 6c 6d 6e 6f 70 71 72 73 74 75 76 77 78 79 7a 7b 7c 7d 7e 7f 
 0  b 16 74 2c  e 69 5c 58 2f 1c  5 53 3b 39 19 31 75 5e -- 38 --  a -- 27 -- 76 -- 72 -- 32 -- 62 43 6b 6e 3d -- -- -- 70 -- -- -- 14 -- -- -- 4e 50 -- -- 6d -- -- -- 65 -- -- -- 64 -- -- -- 45 3a  7 2e 57 42 5d 4c 7a -- -- -- -- -- -- -- 61 37 -- -- -- -- -- -- 28 -- -- -- -- -- -- -- 1d 17 21 26 -- -- -- -- 5b -- -- -- -- -- -- -- 4b 13 -- -- -- -- -- -- 49 -- -- -- -- -- -- 7f 

solutions so far:0 maxDepth:13 
iterations:443006677  skipped: 368 
Depth skipped: 
0 0 96 272 0 0 0 0 0 0 0 0 0 0 0 0 0 0 0 0 0 0 0 0 0 0 0 0 0 0 0 0 

running time: 4800 sec
 depth:10
 0  1  2  3  4  5  6  7  8  9  a  b  c  d  e  f 10 11 12 13 14 15 16 17 18 19 1a 1b 1c 1d 1e 1f 20 21 22 23 24 25 26 27 28 29 2a 2b 2c 2d 2e 2f 30 31 32 33 34 35 36 37 38 39 3a 3b 3c 3d 3e 3f 40 41 42 43 44 45 46 47 48 49 4a 4b 4c 4d 4e 4f 50 51 52 53 54 55 56 57 58 59 5a 5b 5c 5d 5e 5f 60 61 62 63 64 65 66 67 68 69 6a 6b 6c 6d 6e 6f 70 71 72 73 74 75 76 77 78 79 7a 7b 7c 7d 7e 7f 
 0  b 16 74 2c  e 69 39 58 75 1c 76 53  f 72 2a 31 5e 6b 23 38  3 6d -- 27 1a 1e -- 65 -- 54 -- 62 43 3d 63 57 60 46 -- 70 18  6 -- 5b -- -- -- 4e 6e 34 -- 3c -- -- -- 4b -- -- -- 29 -- -- -- 45 3a  7 5c 7a 3b 47 15 2f 51 41 --  d -- -- -- 61 71 30 --  c -- -- -- 37 -- -- -- -- -- -- -- 1d 2e 5d 4a 68 -- -- -- 78 -- -- -- -- -- -- -- 17 25 -- -- -- -- -- -- 52 -- -- -- -- -- -- 7f 

solutions so far:0 maxDepth:13 
iterations:476382588  skipped: 389 
Depth skipped: 
0 0 96 293 0 0 0 0 0 0 0 0 0 0 0 0 0 0 0 0 0 0 0 0 0 0 0 0 0 0 0 0 

running time: 5100 sec
 depth:9
 0  1  2  3  4  5  6  7  8  9  a  b  c  d  e  f 10 11 12 13 14 15 16 17 18 19 1a 1b 1c 1d 1e 1f 20 21 22 23 24 25 26 27 28 29 2a 2b 2c 2d 2e 2f 30 31 32 33 34 35 36 37 38 39 3a 3b 3c 3d 3e 3f 40 41 42 43 44 45 46 47 48 49 4a 4b 4c 4d 4e 4f 50 51 52 53 54 55 56 57 58 59 5a 5b 5c 5d 5e 5f 60 61 62 63 64 65 66 67 68 69 6a 6b 6c 6d 6e 6f 70 71 72 73 74 75 76 77 78 79 7a 7b 7c 7d 7e 7f 
 0  b 16 74 2c  e 69 34 58 12 1c 2d 53 4c 68 7d 31 22 24 4b 38 -- 5a -- 27 5c 19 -- 51 -- 7b -- 62 43 44 13 48 -- 17 -- 70 -- -- -- 35 -- -- -- 4e 55 39 -- 32 -- -- -- 23 -- -- -- 77 -- -- -- 45 3a  7 1a  9 56 26 7e 11 65 -- -- 2e -- -- -- 61 49 -- -- -- -- -- -- 6a -- -- -- -- -- -- -- 1d  d 2b 3f 72 -- -- -- 64 -- -- -- -- -- -- -- 46 5f -- -- -- -- -- -- 6f -- -- -- -- -- -- 7f 

solutions so far:0 maxDepth:13 
iterations:500243854  skipped: 392 
Depth skipped: 
0 0 96 296 0 0 0 0 0 0 0 0 0 0 0 0 0 0 0 0 0 0 0 0 0 0 0 0 0 0 0 0 

running time: 5400 sec
 depth:10
 0  1  2  3  4  5  6  7  8  9  a  b  c  d  e  f 10 11 12 13 14 15 16 17 18 19 1a 1b 1c 1d 1e 1f 20 21 22 23 24 25 26 27 28 29 2a 2b 2c 2d 2e 2f 30 31 32 33 34 35 36 37 38 39 3a 3b 3c 3d 3e 3f 40 41 42 43 44 45 46 47 48 49 4a 4b 4c 4d 4e 4f 50 51 52 53 54 55 56 57 58 59 5a 5b 5c 5d 5e 5f 60 61 62 63 64 65 66 67 68 69 6a 6b 6c 6d 6e 6f 70 71 72 73 74 75 76 77 78 79 7a 7b 7c 7d 7e 7f 
 0  b 16 74 2c  e 69 23 58 4b 1c 29 53 10 46  a 31 39 17 11 38  c 52 -- 27  9 20 --  d -- 14 -- 62 43 72  4 2e  3 22 -- 70 60 18 -- 25 -- -- -- 4e 15 12 -- 40 -- -- -- 1a -- -- -- 28 -- -- -- 45 3a  7 51 65 54  8  5 5c 48  6 -- 44 -- -- -- 61  2 41 -- 30 -- -- -- 4a -- -- -- -- -- -- -- 1d 68 2a 42 24 -- -- --  1 -- -- -- -- -- -- -- 34 21 -- -- -- -- -- -- 50 -- -- -- -- -- -- 7f 

solutions so far:0 maxDepth:13 
iterations:521623211  skipped: 404 
Depth skipped: 
0 0 96 308 0 0 0 0 0 0 0 0 0 0 0 0 0 0 0 0 0 0 0 0 0 0 0 0 0 0 0 0 

running time: 5700 sec
 depth:9
 0  1  2  3  4  5  6  7  8  9  a  b  c  d  e  f 10 11 12 13 14 15 16 17 18 19 1a 1b 1c 1d 1e 1f 20 21 22 23 24 25 26 27 28 29 2a 2b 2c 2d 2e 2f 30 31 32 33 34 35 36 37 38 39 3a 3b 3c 3d 3e 3f 40 41 42 43 44 45 46 47 48 49 4a 4b 4c 4d 4e 4f 50 51 52 53 54 55 56 57 58 59 5a 5b 5c 5d 5e 5f 60 61 62 63 64 65 66 67 68 69 6a 6b 6c 6d 6e 6f 70 71 72 73 74 75 76 77 78 79 7a 7b 7c 7d 7e 7f 
 0  b 16 74 2c  e 69 17 58 6d 1c 60 53 7d 2e 20 31 5d 5b 54 38 -- 41 -- 27 25 7b -- 5c -- 40 -- 62 43 3b 3f 37 -- 29 -- 70 -- -- --  3 -- -- -- 4e  c 4a -- 77 -- -- -- 39 -- -- --  1 -- -- -- 45 3a  7 4b 76 30 7e 10 6e 2a -- -- 52 -- -- -- 61 5f -- -- -- -- -- --  6 -- -- -- -- -- -- -- 1d 65 18  8 15 -- -- -- 6f -- -- -- -- -- -- -- 72  4 -- -- -- -- -- --  2 -- -- -- -- -- -- 7f 

solutions so far:0 maxDepth:13 
iterations:543558839  skipped: 411 
Depth skipped: 
0 0 96 315 0 0 0 0 0 0 0 0 0 0 0 0 0 0 0 0 0 0 0 0 0 0 0 0 0 0 0 0 

running time: 6000 sec
 depth:8
 0  1  2  3  4  5  6  7  8  9  a  b  c  d  e  f 10 11 12 13 14 15 16 17 18 19 1a 1b 1c 1d 1e 1f 20 21 22 23 24 25 26 27 28 29 2a 2b 2c 2d 2e 2f 30 31 32 33 34 35 36 37 38 39 3a 3b 3c 3d 3e 3f 40 41 42 43 44 45 46 47 48 49 4a 4b 4c 4d 4e 4f 50 51 52 53 54 55 56 57 58 59 5a 5b 5c 5d 5e 5f 60 61 62 63 64 65 66 67 68 69 6a 6b 6c 6d 6e 6f 70 71 72 73 74 75 76 77 78 79 7a 7b 7c 7d 7e 7f 
 0  b 16 74 2c  e 69  d 58 1e 1c 35 53 22 1a 54 31 63 3c -- 38 -- 6a -- 27 -- 44 -- 34 -- 29 -- 62 43 47 48 78 -- -- -- 70 -- -- -- 55 -- -- -- 4e 56 -- --  9 -- -- -- 68 -- -- -- 52 -- -- -- 45 3a  7 46  f 5a 11 2a 71 -- -- -- -- -- -- -- 61 24 -- -- -- -- -- -- 2b -- -- -- -- -- -- -- 1d 23 2d 15 -- -- -- -- 12 -- -- -- -- -- -- -- 51 4a -- -- -- -- -- -- 25 -- -- -- -- -- -- 7f 

solutions so far:0 maxDepth:13 
iterations:567846620  skipped: 417 
Depth skipped: 
0 0 96 321 0 0 0 0 0 0 0 0 0 0 0 0 0 0 0 0 0 0 0 0 0 0 0 0 0 0 0 0 

running time: 6300 sec
 depth:10
 0  1  2  3  4  5  6  7  8  9  a  b  c  d  e  f 10 11 12 13 14 15 16 17 18 19 1a 1b 1c 1d 1e 1f 20 21 22 23 24 25 26 27 28 29 2a 2b 2c 2d 2e 2f 30 31 32 33 34 35 36 37 38 39 3a 3b 3c 3d 3e 3f 40 41 42 43 44 45 46 47 48 49 4a 4b 4c 4d 4e 4f 50 51 52 53 54 55 56 57 58 59 5a 5b 5c 5d 5e 5f 60 61 62 63 64 65 66 67 68 69 6a 6b 6c 6d 6e 6f 70 71 72 73 74 75 76 77 78 79 7a 7b 7c 7d 7e 7f 
 0  b 16 74 2c  d 69 4b 58 63 1a 70 53 10 17 19 31 3c 47 77 34 54 61 -- 27 3f 20 -- 2e -- 32 -- 62 23 78  4  f 15 6f -- 68 25 29 -- 43 -- -- -- 4e  e 7e -- 40 -- -- -- 5c -- -- -- 64 -- -- -- 45 3a 46 65 71 38  8 4c 1e 7b 2a -- 5f -- -- -- 51  2 4a -- 52 -- -- --  7 -- -- -- -- -- -- -- 1d 72 1c 26 7d -- -- --  1 -- -- -- -- -- -- -- 39 13 -- -- -- -- -- -- 49 -- -- -- -- -- -- 7f 

solutions so far:0 maxDepth:13 
iterations:610298500  skipped: 464 
Depth skipped: 
0 0 96 368 0 0 0 0 0 0 0 0 0 0 0 0 0 0 0 0 0 0 0 0 0 0 0 0 0 0 0 0 

running time: 6600 sec
 depth:9
 0  1  2  3  4  5  6  7  8  9  a  b  c  d  e  f 10 11 12 13 14 15 16 17 18 19 1a 1b 1c 1d 1e 1f 20 21 22 23 24 25 26 27 28 29 2a 2b 2c 2d 2e 2f 30 31 32 33 34 35 36 37 38 39 3a 3b 3c 3d 3e 3f 40 41 42 43 44 45 46 47 48 49 4a 4b 4c 4d 4e 4f 50 51 52 53 54 55 56 57 58 59 5a 5b 5c 5d 5e 5f 60 61 62 63 64 65 66 67 68 69 6a 6b 6c 6d 6e 6f 70 71 72 73 74 75 76 77 78 79 7a 7b 7c 7d 7e 7f 
 0  b 16 74 2c  d 69 2e 58 1c 1a 1b 53 35 5c 6f 31 43 38 28 34 -- 36 -- 27 42 6a -- 39 -- 5f -- 62 23  7 2d 70 -- 50 -- 68 -- -- -- 6c -- -- -- 4e 33  5 -- 55 -- -- -- 72 -- -- -- 3f -- -- -- 45 3a 46 17  e 4d 5a 77 61 14 -- -- 21 -- -- -- 51 56 -- -- -- -- -- -- 59 -- -- -- -- -- -- -- 1d 4b 66 7b  a -- -- -- 2b -- -- -- -- -- -- -- 65 7d -- -- -- -- -- -- 7e -- -- -- -- -- -- 7f 

solutions so far:0 maxDepth:13 
iterations:639482202  skipped: 484 
Depth skipped: 
0 0 96 388 0 0 0 0 0 0 0 0 0 0 0 0 0 0 0 0 0 0 0 0 0 0 0 0 0 0 0 0 

running time: 6900 sec
 depth:9
 0  1  2  3  4  5  6  7  8  9  a  b  c  d  e  f 10 11 12 13 14 15 16 17 18 19 1a 1b 1c 1d 1e 1f 20 21 22 23 24 25 26 27 28 29 2a 2b 2c 2d 2e 2f 30 31 32 33 34 35 36 37 38 39 3a 3b 3c 3d 3e 3f 40 41 42 43 44 45 46 47 48 49 4a 4b 4c 4d 4e 4f 50 51 52 53 54 55 56 57 58 59 5a 5b 5c 5d 5e 5f 60 61 62 63 64 65 66 67 68 69 6a 6b 6c 6d 6e 6f 70 71 72 73 74 75 76 77 78 79 7a 7b 7c 7d 7e 7f 
 0  b 16 74 2c  c 69 72 58 49 18 1c 53 44 65 4f 31 19 13 29 30 -- 38 -- 27 4a  9 -- 4b -- 1f -- 62  3 32 11 26 -- 52 -- 60 -- -- -- 70 -- -- -- 4e 43 15 -- 12 -- -- -- 17 -- -- -- 3e -- -- -- 45 3a  6 39 64  e 22 67 4c 54 -- -- 25 -- -- -- 41 48 -- -- -- -- -- -- 61 -- -- -- -- -- -- -- 1d 5c  7 73 2a -- -- -- 24 -- -- -- -- -- -- -- 2e 79 -- -- -- -- -- -- 7c -- -- -- -- -- -- 7f 

solutions so far:0 maxDepth:13 
iterations:664011133  skipped: 526 
Depth skipped: 
0 0 96 430 0 0 0 0 0 0 0 0 0 0 0 0 0 0 0 0 0 0 0 0 0 0 0 0 0 0 0 0 

running time: 7200 sec
 depth:9
 0  1  2  3  4  5  6  7  8  9  a  b  c  d  e  f 10 11 12 13 14 15 16 17 18 19 1a 1b 1c 1d 1e 1f 20 21 22 23 24 25 26 27 28 29 2a 2b 2c 2d 2e 2f 30 31 32 33 34 35 36 37 38 39 3a 3b 3c 3d 3e 3f 40 41 42 43 44 45 46 47 48 49 4a 4b 4c 4d 4e 4f 50 51 52 53 54 55 56 57 58 59 5a 5b 5c 5d 5e 5f 60 61 62 63 64 65 66 67 68 69 6a 6b 6c 6d 6e 6f 70 71 72 73 74 75 76 77 78 79 7a 7b 7c 7d 7e 7f 
 0  b 16 74 2c  c 69 65 58 3f 18 3e 53 6b 4b 11 31 77 7e 2b 30 -- 7c -- 27 5a 57 -- 17 -- 22 -- 62  3 6f 7a 7d -- 56 -- 60 -- -- -- 79 -- -- -- 4e 67 35 -- 2f -- -- -- 2e -- -- -- 44 -- -- -- 45 3a  6 72 5f 1f 75 48 7b 55 -- -- 2d -- -- -- 41 3d -- -- -- -- -- -- 73 -- -- -- -- -- -- -- 1d 39 4f 24 6a -- -- -- 5e -- -- -- -- -- -- -- 5c 12 -- -- -- -- -- --  9 -- -- -- -- -- -- 7f 

solutions so far:0 maxDepth:13 
iterations:691524548  skipped: 536 
Depth skipped: 
0 0 96 440 0 0 0 0 0 0 0 0 0 0 0 0 0 0 0 0 0 0 0 0 0 0 0 0 0 0 0 0 

running time: 7500 sec
 depth:9
 0  1  2  3  4  5  6  7  8  9  a  b  c  d  e  f 10 11 12 13 14 15 16 17 18 19 1a 1b 1c 1d 1e 1f 20 21 22 23 24 25 26 27 28 29 2a 2b 2c 2d 2e 2f 30 31 32 33 34 35 36 37 38 39 3a 3b 3c 3d 3e 3f 40 41 42 43 44 45 46 47 48 49 4a 4b 4c 4d 4e 4f 50 51 52 53 54 55 56 57 58 59 5a 5b 5c 5d 5e 5f 60 61 62 63 64 65 66 67 68 69 6a 6b 6c 6d 6e 6f 70 71 72 73 74 75 76 77 78 79 7a 7b 7c 7d 7e 7f 
 0  b 16 74 2c  c 69 51 58 4d 18 2e 53  7 23 54 31 59 1b 20 30 -- 5c -- 27  2  e -- 46 -- 29 -- 62  3 33 61 36 -- 40 -- 60 -- -- -- 39 -- -- -- 4e 65  4 -- 1c -- -- --  d -- -- -- 52 -- -- -- 45 3a  6 68 66 17 43 2a 6c 10 -- --  1 -- -- -- 41 70 -- -- -- -- -- -- 72 -- -- -- -- -- -- -- 1d 34 4b 15  8 -- -- -- 38 -- -- -- -- -- -- -- 1a 4a -- -- -- -- -- -- 25 -- -- -- -- -- -- 7f 

solutions so far:0 maxDepth:13 
iterations:714214105  skipped: 548 
Depth skipped: 
0 0 96 452 0 0 0 0 0 0 0 0 0 0 0 0 0 0 0 0 0 0 0 0 0 0 0 0 0 0 0 0 

running time: 7800 sec
 depth:9
 0  1  2  3  4  5  6  7  8  9  a  b  c  d  e  f 10 11 12 13 14 15 16 17 18 19 1a 1b 1c 1d 1e 1f 20 21 22 23 24 25 26 27 28 29 2a 2b 2c 2d 2e 2f 30 31 32 33 34 35 36 37 38 39 3a 3b 3c 3d 3e 3f 40 41 42 43 44 45 46 47 48 49 4a 4b 4c 4d 4e 4f 50 51 52 53 54 55 56 57 58 59 5a 5b 5c 5d 5e 5f 60 61 62 63 64 65 66 67 68 69 6a 6b 6c 6d 6e 6f 70 71 72 73 74 75 76 77 78 79 7a 7b 7c 7d 7e 7f 
 0  b 16 74 2c  c 69 46 58 5e 18  4 53 19  d 70 31 6b 3d  9 30 --  8 -- 27 48 32 -- 1a -- 61 -- 62  3 57 26 7a -- 12 -- 60 -- -- -- 10 -- -- -- 4e 40 11 -- 64 -- -- -- 34 -- -- -- 43 -- -- -- 45 3a  6 23 2f  2 4c 38 75 44 -- -- 24 -- -- -- 41 13 -- -- -- -- -- -- 20 -- -- -- -- -- -- -- 1d 51  1 1c 22 -- -- -- 49 -- -- -- -- -- -- -- 68  e -- -- -- -- -- --  7 -- -- -- -- -- -- 7f 

solutions so far:0 maxDepth:13 
iterations:737327496  skipped: 552 
Depth skipped: 
0 0 96 456 0 0 0 0 0 0 0 0 0 0 0 0 0 0 0 0 0 0 0 0 0 0 0 0 0 0 0 0 

running time: 8100 sec
 depth:9
 0  1  2  3  4  5  6  7  8  9  a  b  c  d  e  f 10 11 12 13 14 15 16 17 18 19 1a 1b 1c 1d 1e 1f 20 21 22 23 24 25 26 27 28 29 2a 2b 2c 2d 2e 2f 30 31 32 33 34 35 36 37 38 39 3a 3b 3c 3d 3e 3f 40 41 42 43 44 45 46 47 48 49 4a 4b 4c 4d 4e 4f 50 51 52 53 54 55 56 57 58 59 5a 5b 5c 5d 5e 5f 60 61 62 63 64 65 66 67 68 69 6a 6b 6c 6d 6e 6f 70 71 72 73 74 75 76 77 78 79 7a 7b 7c 7d 7e 7f 
 0  b 16 74 2c  c 69 2e 58 7a 18 20 53 6a 5c 34 31 2f 75 1c 30 -- 40 -- 27 61 55 -- 39 -- 68 -- 62  3 5e 5a 6b -- 38 -- 60 -- -- --  1 -- -- -- 4e  4 43 -- 2b -- -- -- 72 -- -- -- 51 -- -- -- 45 3a  6 17 3d 10 35 1a 57  e -- -- 70 -- -- -- 41 2d -- -- -- -- -- --  2 -- -- -- -- -- -- -- 1d 4b  8  d  7 -- -- -- 56 -- -- -- -- -- -- -- 65 46 -- -- -- -- -- -- 23 -- -- -- -- -- -- 7f 

solutions so far:0 maxDepth:13 
iterations:774026366  skipped: 566 
Depth skipped: 
0 0 96 470 0 0 0 0 0 0 0 0 0 0 0 0 0 0 0 0 0 0 0 0 0 0 0 0 0 0 0 0 

running time: 8400 sec
 depth:9
 0  1  2  3  4  5  6  7  8  9  a  b  c  d  e  f 10 11 12 13 14 15 16 17 18 19 1a 1b 1c 1d 1e 1f 20 21 22 23 24 25 26 27 28 29 2a 2b 2c 2d 2e 2f 30 31 32 33 34 35 36 37 38 39 3a 3b 3c 3d 3e 3f 40 41 42 43 44 45 46 47 48 49 4a 4b 4c 4d 4e 4f 50 51 52 53 54 55 56 57 58 59 5a 5b 5c 5d 5e 5f 60 61 62 63 64 65 66 67 68 69 6a 6b 6c 6d 6e 6f 70 71 72 73 74 75 76 77 78 79 7a 7b 7c 7d 7e 7f 
 0  b 16 74 2c  c 69 23 58  a 18 56 53 61 46 4a 31 21 14 72 30 -- 2d -- 27 17 43 --  d -- 15 -- 62  3 42 38 28 -- 65 -- 60 -- -- -- 5a -- -- -- 4e 6a 2e --  7 -- -- -- 1a -- -- -- 2a -- -- -- 45 3a  6 51  5 2b 70 25 50 39 -- -- 4b -- -- -- 41 1c -- -- -- -- -- -- 35 -- -- -- -- -- -- -- 1d 68 55 52 5c -- -- --  e -- -- -- -- -- -- -- 34 29 -- -- -- -- -- -- 54 -- -- -- -- -- -- 7f 

solutions so far:0 maxDepth:13 
iterations:797348709  skipped: 573 
Depth skipped: 
0 0 96 477 0 0 0 0 0 0 0 0 0 0 0 0 0 0 0 0 0 0 0 0 0 0 0 0 0 0 0 0 

running time: 8700 sec
 depth:10
 0  1  2  3  4  5  6  7  8  9  a  b  c  d  e  f 10 11 12 13 14 15 16 17 18 19 1a 1b 1c 1d 1e 1f 20 21 22 23 24 25 26 27 28 29 2a 2b 2c 2d 2e 2f 30 31 32 33 34 35 36 37 38 39 3a 3b 3c 3d 3e 3f 40 41 42 43 44 45 46 47 48 49 4a 4b 4c 4d 4e 4f 50 51 52 53 54 55 56 57 58 59 5a 5b 5c 5d 5e 5f 60 61 62 63 64 65 66 67 68 69 6a 6b 6c 6d 6e 6f 70 71 72 73 74 75 76 77 78 79 7a 7b 7c 7d 7e 7f 
 0  b 16 74 2c  a 69 72 58 7b 14 5e 53 60 65 38 31 3f 77 35 28 44 3d -- 27 2b 41 -- 4b -- 70 -- 62 42 7e 18 6f 11 6a -- 50 24  9 -- 7a -- -- -- 4e 6b 56 --  3 -- -- -- 17 -- -- -- 61 -- -- -- 45 3a  5 39 7d 2f 30 1c 5f 5a 22 -- 55 -- -- -- 21  c 48 -- 12 -- -- -- 75 -- -- -- -- -- -- -- 1d 5c 57  e 2d -- -- --  6 -- -- -- -- -- -- -- 2e  7 -- -- -- -- -- -- 43 -- -- -- -- -- -- 7f 

solutions so far:0 maxDepth:13 
iterations:822767920  skipped: 604 
Depth skipped: 
0 0 96 508 0 0 0 0 0 0 0 0 0 0 0 0 0 0 0 0 0 0 0 0 0 0 0 0 0 0 0 0 

running time: 9000 sec
 depth:7
 0  1  2  3  4  5  6  7  8  9  a  b  c  d  e  f 10 11 12 13 14 15 16 17 18 19 1a 1b 1c 1d 1e 1f 20 21 22 23 24 25 26 27 28 29 2a 2b 2c 2d 2e 2f 30 31 32 33 34 35 36 37 38 39 3a 3b 3c 3d 3e 3f 40 41 42 43 44 45 46 47 48 49 4a 4b 4c 4d 4e 4f 50 51 52 53 54 55 56 57 58 59 5a 5b 5c 5d 5e 5f 60 61 62 63 64 65 66 67 68 69 6a 6b 6c 6d 6e 6f 70 71 72 73 74 75 76 77 78 79 7a 7b 7c 7d 7e 7f 
 0  b 16 74 2c  a 69 65 58 66 14  8 53 25 4b -- 31 6c 4d -- 28 -- 10 -- 27 -- 4a -- 17 -- -- -- 62 42 59 29 1b -- -- -- 50 -- -- -- 20 -- -- -- 4e  1 -- -- 15 -- -- -- 2e -- -- -- -- -- -- -- 45 3a  5 72 33  4 52 -- 36 -- -- -- -- -- -- -- 21 54 -- -- -- -- -- -- 40 -- -- -- -- -- -- -- 1d 39  2 -- -- -- -- -- 2a -- -- -- -- -- -- -- 5c -- -- -- -- -- -- -- -- -- -- -- -- -- -- 7f 

solutions so far:0 maxDepth:13 
iterations:852059125  skipped: 612 
Depth skipped: 
0 0 96 516 0 0 0 0 0 0 0 0 0 0 0 0 0 0 0 0 0 0 0 0 0 0 0 0 0 0 0 0 

running time: 9300 sec
 depth:8
 0  1  2  3  4  5  6  7  8  9  a  b  c  d  e  f 10 11 12 13 14 15 16 17 18 19 1a 1b 1c 1d 1e 1f 20 21 22 23 24 25 26 27 28 29 2a 2b 2c 2d 2e 2f 30 31 32 33 34 35 36 37 38 39 3a 3b 3c 3d 3e 3f 40 41 42 43 44 45 46 47 48 49 4a 4b 4c 4d 4e 4f 50 51 52 53 54 55 56 57 58 59 5a 5b 5c 5d 5e 5f 60 61 62 63 64 65 66 67 68 69 6a 6b 6c 6d 6e 6f 70 71 72 73 74 75 76 77 78 79 7a 7b 7c 7d 7e 7f 
 0  b 16 74 2c  a 69 51 58 6c 14 71 53 41 23 3d 31 4d 59 -- 28 -- 63 -- 27 --  3 -- 46 -- 7a -- 62 42 1b 30 33 -- -- -- 50 -- -- -- 47 -- -- -- 4e 1e -- --  6 -- -- --  d -- -- -- 75 -- -- -- 45 3a  5 68 36 78 60 5e 66 -- -- -- -- -- -- -- 21 18 -- -- -- -- -- --  f -- -- -- -- -- -- -- 1d 34 3c 2f -- -- -- --  c -- -- -- -- -- -- -- 1a 57 -- -- -- -- -- -- 6b -- -- -- -- -- -- 7f 

solutions so far:0 maxDepth:13 
iterations:878496782  skipped: 626 
Depth skipped: 
0 0 96 530 0 0 0 0 0 0 0 0 0 0 0 0 0 0 0 0 0 0 0 0 0 0 0 0 0 0 0 0 

running time: 9600 sec
 depth:10
 0  1  2  3  4  5  6  7  8  9  a  b  c  d  e  f 10 11 12 13 14 15 16 17 18 19 1a 1b 1c 1d 1e 1f 20 21 22 23 24 25 26 27 28 29 2a 2b 2c 2d 2e 2f 30 31 32 33 34 35 36 37 38 39 3a 3b 3c 3d 3e 3f 40 41 42 43 44 45 46 47 48 49 4a 4b 4c 4d 4e 4f 50 51 52 53 54 55 56 57 58 59 5a 5b 5c 5d 5e 5f 60 61 62 63 64 65 66 67 68 69 6a 6b 6c 6d 6e 6f 70 71 72 73 74 75 76 77 78 79 7a 7b 7c 7d 7e 7f 
 0  b 16 74 2c  a 69 4b 58 1c 14 71 53 12 17 1a 31 43 38  1 28 4c 63 -- 27  8 24 -- 2e -- 34 -- 62 42  7 44 70 13  2 -- 50 64 19 -- 47 -- -- -- 4e 1e 10 -- 48 -- -- -- 5c -- -- -- 68 -- -- -- 45 3a  5 65  e 78  9  d 61 40 26 --  4 -- -- -- 21 22 49 -- 32 -- -- --  f -- -- -- -- -- -- -- 1d 72 3c 46 20 -- -- -- 11 -- -- -- -- -- -- -- 39 23 -- -- -- -- -- -- 51 -- -- -- -- -- -- 7f 

solutions so far:0 maxDepth:13 
iterations:902014179  skipped: 627 
Depth skipped: 
0 0 96 531 0 0 0 0 0 0 0 0 0 0 0 0 0 0 0 0 0 0 0 0 0 0 0 0 0 0 0 0 

running time: 9900 sec
 depth:10
 0  1  2  3  4  5  6  7  8  9  a  b  c  d  e  f 10 11 12 13 14 15 16 17 18 19 1a 1b 1c 1d 1e 1f 20 21 22 23 24 25 26 27 28 29 2a 2b 2c 2d 2e 2f 30 31 32 33 34 35 36 37 38 39 3a 3b 3c 3d 3e 3f 40 41 42 43 44 45 46 47 48 49 4a 4b 4c 4d 4e 4f 50 51 52 53 54 55 56 57 58 59 5a 5b 5c 5d 5e 5f 60 61 62 63 64 65 66 67 68 69 6a 6b 6c 6d 6e 6f 70 71 72 73 74 75 76 77 78 79 7a 7b 7c 7d 7e 7f 
 0  b 16 74 2c  a 69 34 58 3d 14 6a 53 47 68 60 31 57 7a 6d 28 1f 55 -- 27 6e  f -- 51 -- 41 -- 62 42 2f 71 75 67 5b -- 50 79 3e -- 2b -- -- -- 4e 2d 5d -- 1e -- -- -- 23 -- -- --  3 -- -- -- 45 3a  5 1a 5e 35 63 30 6b 76 4f -- 37 -- -- -- 21 78 73 -- 7c -- -- -- 56 -- -- -- -- -- -- -- 1d  d 5a 18 3b -- -- -- 3c -- -- -- -- -- -- -- 46  c -- -- -- -- -- --  6 -- -- -- -- -- -- 7f 

solutions so far:0 maxDepth:13 
iterations:925195746  skipped: 640 
Depth skipped: 
0 0 96 544 0 0 0 0 0 0 0 0 0 0 0 0 0 0 0 0 0 0 0 0 0 0 0 0 0 0 0 0 

running time: 10200 sec
 depth:9
 0  1  2  3  4  5  6  7  8  9  a  b  c  d  e  f 10 11 12 13 14 15 16 17 18 19 1a 1b 1c 1d 1e 1f 20 21 22 23 24 25 26 27 28 29 2a 2b 2c 2d 2e 2f 30 31 32 33 34 35 36 37 38 39 3a 3b 3c 3d 3e 3f 40 41 42 43 44 45 46 47 48 49 4a 4b 4c 4d 4e 4f 50 51 52 53 54 55 56 57 58 59 5a 5b 5c 5d 5e 5f 60 61 62 63 64 65 66 67 68 69 6a 6b 6c 6d 6e 6f 70 71 72 73 74 75 76 77 78 79 7a 7b 7c 7d 7e 7f 
 0  b 16 74 2c  a 69 23 58 30 14 6e 53 77 46 57 31  6 60 55 28 -- 5d -- 27 2d 6f --  d -- 2f -- 62 42  c 7d 41 -- 2b -- 50 -- -- -- 3b -- -- -- 4e 6d 5a -- 5f -- -- -- 1a -- -- -- 5e -- -- -- 45 3a  5 51 18 37 7b 6b  3 6a -- -- 56 -- -- -- 21 7e -- -- -- -- -- -- 76 -- -- -- -- -- -- -- 1d 68 5b 75 35 -- -- -- 3f -- -- -- -- -- -- -- 34 7a -- -- -- -- -- -- 3d -- -- -- -- -- -- 7f 

solutions so far:0 maxDepth:13 
iterations:954256126  skipped: 651 
Depth skipped: 
0 0 96 555 0 0 0 0 0 0 0 0 0 0 0 0 0 0 0 0 0 0 0 0 0 0 0 0 0 0 0 0 

running time: 10500 sec
 depth:10
 0  1  2  3  4  5  6  7  8  9  a  b  c  d  e  f 10 11 12 13 14 15 16 17 18 19 1a 1b 1c 1d 1e 1f 20 21 22 23 24 25 26 27 28 29 2a 2b 2c 2d 2e 2f 30 31 32 33 34 35 36 37 38 39 3a 3b 3c 3d 3e 3f 40 41 42 43 44 45 46 47 48 49 4a 4b 4c 4d 4e 4f 50 51 52 53 54 55 56 57 58 59 5a 5b 5c 5d 5e 5f 60 61 62 63 64 65 66 67 68 69 6a 6b 6c 6d 6e 6f 70 71 72 73 74 75 76 77 78 79 7a 7b 7c 7d 7e 7f 
 0  b 16 74 2c  a 69  d 58 71 14 56 53  3 1a  2 31 1e 63 22 28 43 2d -- 27 12  6 -- 34 --  4 -- 62 42 3c 60 47 70 44 -- 50 1c  7 -- 5a -- -- -- 4e 6a 24 --  c -- -- -- 68 -- -- --  8 -- -- -- 45 3a  5 46 78 2b 41  1  f 11 61 --  9 -- -- -- 21 30 38 --  e -- -- -- 35 -- -- -- -- -- -- -- 1d 23 55 40 48 -- -- -- 18 -- -- -- -- -- -- -- 51 20 -- -- -- -- -- -- 10 -- -- -- -- -- -- 7f 

solutions so far:0 maxDepth:13 
iterations:987878205  skipped: 662 
Depth skipped: 
0 0 96 566 0 0 0 0 0 0 0 0 0 0 0 0 0 0 0 0 0 0 0 0 0 0 0 0 0 0 0 0 

running time: 10800 sec
 depth:9
 0  1  2  3  4  5  6  7  8  9  a  b  c  d  e  f 10 11 12 13 14 15 16 17 18 19 1a 1b 1c 1d 1e 1f 20 21 22 23 24 25 26 27 28 29 2a 2b 2c 2d 2e 2f 30 31 32 33 34 35 36 37 38 39 3a 3b 3c 3d 3e 3f 40 41 42 43 44 45 46 47 48 49 4a 4b 4c 4d 4e 4f 50 51 52 53 54 55 56 57 58 59 5a 5b 5c 5d 5e 5f 60 61 62 63 64 65 66 67 68 69 6a 6b 6c 6d 6e 6f 70 71 72 73 74 75 76 77 78 79 7a 7b 7c 7d 7e 7f 
 0  b 16 74 2c  9 69 68 58 60 12  f 53 6f 51 38 31  c 41  8 24 -- 1e -- 27 40 5f -- 23 -- 70 -- 62 22 18 7b  3 -- 10 -- 48 -- -- -- 3c -- -- -- 4e 71  1 -- 3f -- -- -- 46 -- -- -- 61 -- -- -- 45 3a 44 34 30 47 77 1c  6  4 -- -- 20 -- -- -- 11 7d -- -- -- -- -- -- 78 -- -- -- -- -- -- -- 1d 1a 63  e  2 -- -- -- 7e -- -- -- -- -- -- --  d  7 -- -- -- -- -- -- 43 -- -- -- -- -- -- 7f 

solutions so far:0 maxDepth:13 
iterations:1015333923  skipped: 689 
Depth skipped: 
0 0 96 593 0 0 0 0 0 0 0 0 0 0 0 0 0 0 0 0 0 0 0 0 0 0 0 0 0 0 0 0 

running time: 11100 sec
 depth:9
 0  1  2  3  4  5  6  7  8  9  a  b  c  d  e  f 10 11 12 13 14 15 16 17 18 19 1a 1b 1c 1d 1e 1f 20 21 22 23 24 25 26 27 28 29 2a 2b 2c 2d 2e 2f 30 31 32 33 34 35 36 37 38 39 3a 3b 3c 3d 3e 3f 40 41 42 43 44 45 46 47 48 49 4a 4b 4c 4d 4e 4f 50 51 52 53 54 55 56 57 58 59 5a 5b 5c 5d 5e 5f 60 61 62 63 64 65 66 67 68 69 6a 6b 6c 6d 6e 6f 70 71 72 73 74 75 76 77 78 79 7a 7b 7c 7d 7e 7f 
 0  b 16 74 2c  9 69 5c 58 1b 12 7d 53 5b 39 49 31 33 36 1a 24 -- 7b -- 27 51 37 -- 72 -- 13 -- 62 22 66 76 6c -- 34 -- 48 -- -- -- 77 -- -- -- 4e 5f 23 -- 6e -- -- -- 65 -- -- -- 26 -- -- -- 45 3a 44 2e 4d 7e 6d 64 59  d -- -- 68 -- -- -- 11 3b -- -- -- -- -- -- 6f -- -- -- -- -- -- -- 1d 17 3f 32 46 -- -- -- 5d -- -- -- -- -- -- -- 4b 19 -- -- -- -- -- -- 4c -- -- -- -- -- -- 7f 

solutions so far:0 maxDepth:13 
iterations:1048587567  skipped: 696 
Depth skipped: 
0 0 96 600 0 0 0 0 0 0 0 0 0 0 0 0 0 0 0 0 0 0 0 0 0 0 0 0 0 0 0 0 

running time: 11400 sec
 depth:10
 0  1  2  3  4  5  6  7  8  9  a  b  c  d  e  f 10 11 12 13 14 15 16 17 18 19 1a 1b 1c 1d 1e 1f 20 21 22 23 24 25 26 27 28 29 2a 2b 2c 2d 2e 2f 30 31 32 33 34 35 36 37 38 39 3a 3b 3c 3d 3e 3f 40 41 42 43 44 45 46 47 48 49 4a 4b 4c 4d 4e 4f 50 51 52 53 54 55 56 57 58 59 5a 5b 5c 5d 5e 5f 60 61 62 63 64 65 66 67 68 69 6a 6b 6c 6d 6e 6f 70 71 72 73 74 75 76 77 78 79 7a 7b 7c 7d 7e 7f 
 0  b 16 74 2c  9 69 4b 58 47 12 1c 53 7c 17 6d 31 78  f  5 24 36 38 -- 27 28 79 -- 2e -- 5b -- 62 22 71 1f 1e 4d  a -- 48 33 6c -- 70 -- -- -- 4e 43 50 -- 73 -- -- -- 5c -- -- -- 37 -- -- -- 45 3a 44 65 63  e 3e 76 3c 42 1b -- 14 -- -- -- 11 4f 66 -- 59 -- -- -- 61 -- -- -- -- -- -- -- 1d 72  7 3b 21 -- -- -- 67 -- -- -- -- -- -- -- 39 5d -- -- -- -- -- -- 6e -- -- -- -- -- -- 7f 

solutions so far:0 maxDepth:13 
iterations:1072115411  skipped: 705 
Depth skipped: 
0 0 96 609 0 0 0 0 0 0 0 0 0 0 0 0 0 0 0 0 0 0 0 0 0 0 0 0 0 0 0 0 

running time: 11700 sec
 depth:10
 0  1  2  3  4  5  6  7  8  9  a  b  c  d  e  f 10 11 12 13 14 15 16 17 18 19 1a 1b 1c 1d 1e 1f 20 21 22 23 24 25 26 27 28 29 2a 2b 2c 2d 2e 2f 30 31 32 33 34 35 36 37 38 39 3a 3b 3c 3d 3e 3f 40 41 42 43 44 45 46 47 48 49 4a 4b 4c 4d 4e 4f 50 51 52 53 54 55 56 57 58 59 5a 5b 5c 5d 5e 5f 60 61 62 63 64 65 66 67 68 69 6a 6b 6c 6d 6e 6f 70 71 72 73 74 75 76 77 78 79 7a 7b 7c 7d 7e 7f 
 0  b 16 74 2c  9 69 39 58 5f 12 28 53 66 72 4f 31 7b 3f 60 24  8 50 -- 27  6 4d -- 65 -- 1f -- 62 22 77 59 7e  2 41 -- 48 40 10 -- 21 -- -- -- 4e  5  c -- 1b -- -- -- 4b -- -- -- 3e -- -- -- 45 3a 44 5c 6f 14 33 67 7d 30  4 --  3 -- -- -- 11 6c  1 -- 20 -- -- -- 42 -- -- -- -- -- -- -- 1d 2e  a 73 18 -- -- -- 36 -- -- -- -- -- -- -- 17 79 -- -- -- -- -- -- 7c -- -- -- -- -- -- 7f 

solutions so far:0 maxDepth:13 
iterations:1096631176  skipped: 714 
Depth skipped: 
0 0 96 618 0 0 0 0 0 0 0 0 0 0 0 0 0 0 0 0 0 0 0 0 0 0 0 0 0 0 0 0 

running time: 12000 sec
 depth:9
 0  1  2  3  4  5  6  7  8  9  a  b  c  d  e  f 10 11 12 13 14 15 16 17 18 19 1a 1b 1c 1d 1e 1f 20 21 22 23 24 25 26 27 28 29 2a 2b 2c 2d 2e 2f 30 31 32 33 34 35 36 37 38 39 3a 3b 3c 3d 3e 3f 40 41 42 43 44 45 46 47 48 49 4a 4b 4c 4d 4e 4f 50 51 52 53 54 55 56 57 58 59 5a 5b 5c 5d 5e 5f 60 61 62 63 64 65 66 67 68 69 6a 6b 6c 6d 6e 6f 70 71 72 73 74 75 76 77 78 79 7a 7b 7c 7d 7e 7f 
 0  b 16 74 2c  9 69 2e 58 7b 12  2 53 73 5c 5a 31 3f 77 50 24 --  4 -- 27  5 67 -- 39 -- 35 -- 62 22 7e 7c 6f -- 21 -- 48 -- -- --  8 -- -- -- 4e 20  a -- 4f -- -- -- 72 -- -- -- 6a -- -- -- 45 3a 44 17 7d  1 79 2d 5f 28 -- -- 42 -- -- -- 11 3e -- -- -- -- -- -- 10 -- -- -- -- -- -- -- 1d 4b 40 56 14 -- -- -- 1f -- -- -- -- -- -- -- 65 2b -- -- -- -- -- -- 55 -- -- -- -- -- -- 7f 

solutions so far:0 maxDepth:13 
iterations:1121498840  skipped: 721 
Depth skipped: 
0 0 96 625 0 0 0 0 0 0 0 0 0 0 0 0 0 0 0 0 0 0 0 0 0 0 0 0 0 0 0 0 

running time: 12300 sec
 depth:9
 0  1  2  3  4  5  6  7  8  9  a  b  c  d  e  f 10 11 12 13 14 15 16 17 18 19 1a 1b 1c 1d 1e 1f 20 21 22 23 24 25 26 27 28 29 2a 2b 2c 2d 2e 2f 30 31 32 33 34 35 36 37 38 39 3a 3b 3c 3d 3e 3f 40 41 42 43 44 45 46 47 48 49 4a 4b 4c 4d 4e 4f 50 51 52 53 54 55 56 57 58 59 5a 5b 5c 5d 5e 5f 60 61 62 63 64 65 66 67 68 69 6a 6b 6c 6d 6e 6f 70 71 72 73 74 75 76 77 78 79 7a 7b 7c 7d 7e 7f 
 0  b 16 74 2c  9 69 23 58 1f 12 13 53 36 46 7a 31 73 3e 61 24 -- 26 -- 27  e 6c --  d -- 75 -- 62 22 67 4d 7c -- 43 -- 48 -- -- -- 4c -- -- -- 4e 32 1c -- 59 -- -- -- 1a -- -- -- 6b -- -- -- 45 3a 44 51 4f 49 1b 3d 79 70 -- --  7 -- -- -- 11 66 -- -- -- -- -- -- 19 -- -- -- -- -- -- -- 1d 68 64 5e 38 -- -- -- 33 -- -- -- -- -- -- -- 34 2f -- -- -- -- -- -- 57 -- -- -- -- -- -- 7f 

solutions so far:0 maxDepth:13 
iterations:1144714116  skipped: 726 
Depth skipped: 
0 0 96 630 0 0 0 0 0 0 0 0 0 0 0 0 0 0 0 0 0 0 0 0 0 0 0 0 0 0 0 0 

running time: 12600 sec
 depth:10
 0  1  2  3  4  5  6  7  8  9  a  b  c  d  e  f 10 11 12 13 14 15 16 17 18 19 1a 1b 1c 1d 1e 1f 20 21 22 23 24 25 26 27 28 29 2a 2b 2c 2d 2e 2f 30 31 32 33 34 35 36 37 38 39 3a 3b 3c 3d 3e 3f 40 41 42 43 44 45 46 47 48 49 4a 4b 4c 4d 4e 4f 50 51 52 53 54 55 56 57 58 59 5a 5b 5c 5d 5e 5f 60 61 62 63 64 65 66 67 68 69 6a 6b 6c 6d 6e 6f 70 71 72 73 74 75 76 77 78 79 7a 7b 7c 7d 7e 7f 
 0  b 16 74 2c  9 69 17 58 2d 12 29 53 6d 2e 7c 31 55 5a  d 24 1b 52 -- 27 68 5b -- 5c -- 79 -- 62 22 2b 3b 35 66 1a -- 48 59 36 -- 25 -- -- -- 4e 15 51 -- 37 -- -- -- 39 -- -- -- 73 -- -- -- 45 3a 44 4b 56 54 76 3e 6a 46 4d -- 34 -- -- -- 11 5d 33 -- 6c -- -- -- 4a -- -- -- -- -- -- -- 1d 65 2a 1f 23 -- -- -- 6e -- -- -- -- -- -- -- 72 4f -- -- -- -- -- -- 67 -- -- -- -- -- -- 7f 

solutions so far:0 maxDepth:13 
iterations:1168902337  skipped: 733 
Depth skipped: 
0 0 96 637 0 0 0 0 0 0 0 0 0 0 0 0 0 0 0 0 0 0 0 0 0 0 0 0 0 0 0 0 

running time: 12900 sec
 depth:8
 0  1  2  3  4  5  6  7  8  9  a  b  c  d  e  f 10 11 12 13 14 15 16 17 18 19 1a 1b 1c 1d 1e 1f 20 21 22 23 24 25 26 27 28 29 2a 2b 2c 2d 2e 2f 30 31 32 33 34 35 36 37 38 39 3a 3b 3c 3d 3e 3f 40 41 42 43 44 45 46 47 48 49 4a 4b 4c 4d 4e 4f 50 51 52 53 54 55 56 57 58 59 5a 5b 5c 5d 5e 5f 60 61 62 63 64 65 66 67 68 69 6a 6b 6c 6d 6e 6f 70 71 72 73 74 75 76 77 78 79 7a 7b 7c 7d 7e 7f 
 0  b 16 74 2c  8 69 72 58 2f 10  e 53 22 65 54 31 75 5e -- 20 -- 1c -- 27 -- 44 -- 4b -- 29 -- 62  2 6b 48 3d -- -- -- 40 -- -- -- 38 -- -- -- 4e 61 -- --  9 -- -- -- 17 -- -- -- 52 -- -- -- 45 3a  4 39 57  7 11 2a 7a -- -- -- -- -- -- --  1 24 -- -- -- -- -- -- 70 -- -- -- -- -- -- -- 1d 5c 43 15 -- -- -- -- 12 -- -- -- -- -- -- -- 2e 4a -- -- -- -- -- -- 25 -- -- -- -- -- -- 7f 

solutions so far:0 maxDepth:13 
iterations:1195067880  skipped: 758 
Depth skipped: 
0 0 96 662 0 0 0 0 0 0 0 0 0 0 0 0 0 0 0 0 0 0 0 0 0 0 0 0 0 0 0 0 

running time: 13200 sec
 depth:9
 0  1  2  3  4  5  6  7  8  9  a  b  c  d  e  f 10 11 12 13 14 15 16 17 18 19 1a 1b 1c 1d 1e 1f 20 21 22 23 24 25 26 27 28 29 2a 2b 2c 2d 2e 2f 30 31 32 33 34 35 36 37 38 39 3a 3b 3c 3d 3e 3f 40 41 42 43 44 45 46 47 48 49 4a 4b 4c 4d 4e 4f 50 51 52 53 54 55 56 57 58 59 5a 5b 5c 5d 5e 5f 60 61 62 63 64 65 66 67 68 69 6a 6b 6c 6d 6e 6f 70 71 72 73 74 75 76 77 78 79 7a 7b 7c 7d 7e 7f 
 0  b 16 74 2c  8 69 5c 58 37 10 5e 53 54 39  6 31 76 6e 56 20 -- 3d -- 27 35 29 -- 72 --  c -- 62  2 6d 15 5d -- 2d -- 40 -- -- -- 7a -- -- -- 4e 6b 6a -- 52 -- -- -- 65 -- -- -- 18 -- -- -- 45 3a  4 2e 5b 2f 2a  3 3b 2b -- -- 5a -- -- --  1 4a -- -- -- -- -- -- 75 -- -- -- -- -- -- -- 1d 17 57 41 55 -- -- -- 25 -- -- -- -- -- -- -- 4b 60 -- -- -- -- -- -- 30 -- -- -- -- -- -- 7f 

solutions so far:0 maxDepth:13 
iterations:1220904237  skipped: 775 
Depth skipped: 
0 0 96 679 0 0 0 0 0 0 0 0 0 0 0 0 0 0 0 0 0 0 0 0 0 0 0 0 0 0 0 0 

running time: 13500 sec
 depth:11
 0  1  2  3  4  5  6  7  8  9  a  b  c  d  e  f 10 11 12 13 14 15 16 17 18 19 1a 1b 1c 1d 1e 1f 20 21 22 23 24 25 26 27 28 29 2a 2b 2c 2d 2e 2f 30 31 32 33 34 35 36 37 38 39 3a 3b 3c 3d 3e 3f 40 41 42 43 44 45 46 47 48 49 4a 4b 4c 4d 4e 4f 50 51 52 53 54 55 56 57 58 59 5a 5b 5c 5d 5e 5f 60 61 62 63 64 65 66 67 68 69 6a 6b 6c 6d 6e 6f 70 71 72 73 74 75 76 77 78 79 7a 7b 7c 7d 7e 7f 
 0  b 16 74 2c  8 69 4b 58 4a 10 6c 53 3b 17 2f 31 29 15 7c 20 7b 59  7 27 67 76 -- 2e -- 5e -- 62  2 52 6e 2a 7e 79 -- 40 5f 77 -- 33 --  e -- 4e 4d 4f -- 6d -- -- -- 5c 38 -- -- 3d -- -- -- 45 3a  4 65 25 36 5d 57 54 3e 7d 43 73 -- -- --  1 37 3f -- 6f -- -- -- 66 -- -- -- 1c -- -- -- 1d 72 1b 6b 1f 61 -- -- 5b -- -- -- -- -- -- -- 39 75 70 -- -- -- -- -- 7a -- -- -- -- -- -- 7f 

solutions so far:0 maxDepth:13 
iterations:1248210369  skipped: 786 
Depth skipped: 
0 0 96 690 0 0 0 0 0 0 0 0 0 0 0 0 0 0 0 0 0 0 0 0 0 0 0 0 0 0 0 0 

running time: 13800 sec
 depth:7
 0  1  2  3  4  5  6  7  8  9  a  b  c  d  e  f 10 11 12 13 14 15 16 17 18 19 1a 1b 1c 1d 1e 1f 20 21 22 23 24 25 26 27 28 29 2a 2b 2c 2d 2e 2f 30 31 32 33 34 35 36 37 38 39 3a 3b 3c 3d 3e 3f 40 41 42 43 44 45 46 47 48 49 4a 4b 4c 4d 4e 4f 50 51 52 53 54 55 56 57 58 59 5a 5b 5c 5d 5e 5f 60 61 62 63 64 65 66 67 68 69 6a 6b 6c 6d 6e 6f 70 71 72 73 74 75 76 77 78 79 7a 7b 7c 7d 7e 7f 
 0  b 16 74 2c  8 69 39 58 59 10 29 53 73 72 -- 31 1b 33 -- 20 -- 52 -- 27 -- 67 -- 65 -- -- -- 62  2 36 7c 66 -- -- -- 40 -- -- -- 25 -- -- -- 4e 15 -- -- 4f -- -- -- 4b -- -- -- -- -- -- -- 45 3a  4 5c 6c 54 79 -- 4d -- -- -- -- -- -- --  1 3e -- -- -- -- -- -- 4a -- -- -- -- -- -- -- 1d 2e 2a -- -- -- -- -- 1f -- -- -- -- -- -- -- 17 -- -- -- -- -- -- -- -- -- -- -- -- -- -- 7f 

solutions so far:0 maxDepth:13 
iterations:1275084825  skipped: 795 
Depth skipped: 
0 0 96 699 0 0 0 0 0 0 0 0 0 0 0 0 0 0 0 0 0 0 0 0 0 0 0 0 0 0 0 0 

running time: 14100 sec
 depth:10
 0  1  2  3  4  5  6  7  8  9  a  b  c  d  e  f 10 11 12 13 14 15 16 17 18 19 1a 1b 1c 1d 1e 1f 20 21 22 23 24 25 26 27 28 29 2a 2b 2c 2d 2e 2f 30 31 32 33 34 35 36 37 38 39 3a 3b 3c 3d 3e 3f 40 41 42 43 44 45 46 47 48 49 4a 4b 4c 4d 4e 4f 50 51 52 53 54 55 56 57 58 59 5a 5b 5c 5d 5e 5f 60 61 62 63 64 65 66 67 68 69 6a 6b 6c 6d 6e 6f 70 71 72 73 74 75 76 77 78 79 7a 7b 7c 7d 7e 7f 
 0  b 16 74 2c  8 69 34 58  c 10 5d 53 61 68 2d 31 41 18 66 20 1e 3b -- 27 36 43 -- 51 -- 5a -- 62  2  3 38 30 47 4d -- 40 71 3c -- 76 -- -- -- 4e 5b 6c --  7 -- -- -- 23 -- -- -- 35 -- -- -- 45 3a  4 1a  6 6e 70 56 60 33  f -- 1b -- -- --  1 1c 63 -- 78 -- -- -- 6d -- -- -- -- -- -- -- 1d  d 37 2b 59 -- -- --  e -- -- -- -- -- -- -- 46 55 -- -- -- -- -- -- 6a -- -- -- -- -- -- 7f 

solutions so far:0 maxDepth:13 
iterations:1300051688  skipped: 799 
Depth skipped: 
0 0 96 703 0 0 0 0 0 0 0 0 0 0 0 0 0 0 0 0 0 0 0 0 0 0 0 0 0 0 0 0 

running time: 14400 sec
 depth:10
 0  1  2  3  4  5  6  7  8  9  a  b  c  d  e  f 10 11 12 13 14 15 16 17 18 19 1a 1b 1c 1d 1e 1f 20 21 22 23 24 25 26 27 28 29 2a 2b 2c 2d 2e 2f 30 31 32 33 34 35 36 37 38 39 3a 3b 3c 3d 3e 3f 40 41 42 43 44 45 46 47 48 49 4a 4b 4c 4d 4e 4f 50 51 52 53 54 55 56 57 58 59 5a 5b 5c 5d 5e 5f 60 61 62 63 64 65 66 67 68 69 6a 6b 6c 6d 6e 6f 70 71 72 73 74 75 76 77 78 79 7a 7b 7c 7d 7e 7f 
 0  b 16 74 2c  8 69 23 58 43 10 3d 53 44 46 29 31 38  7 3b 20  c 7a -- 27 5b  9 --  d -- 52 -- 62  2 70 11  e  3 76 -- 40 60 18 -- 75 -- -- -- 4e 57 37 -- 12 -- -- -- 1a -- -- -- 25 -- -- -- 45 3a  4 51 61 5e 22 54 1c 5d  6 -- 6d -- -- --  1 48 41 -- 30 -- -- -- 6b -- -- -- -- -- -- -- 1d 68 2f 2a 6e -- -- -- 24 -- -- -- -- -- -- -- 34 15 -- -- -- -- -- -- 4a -- -- -- -- -- -- 7f 

solutions so far:0 maxDepth:13 
iterations:1324059451  skipped: 811 
Depth skipped: 
0 0 96 715 0 0 0 0 0 0 0 0 0 0 0 0 0 0 0 0 0 0 0 0 0 0 0 0 0 0 0 0 

running time: 14700 sec
 depth:9
 0  1  2  3  4  5  6  7  8  9  a  b  c  d  e  f 10 11 12 13 14 15 16 17 18 19 1a 1b 1c 1d 1e 1f 20 21 22 23 24 25 26 27 28 29 2a 2b 2c 2d 2e 2f 30 31 32 33 34 35 36 37 38 39 3a 3b 3c 3d 3e 3f 40 41 42 43 44 45 46 47 48 49 4a 4b 4c 4d 4e 4f 50 51 52 53 54 55 56 57 58 59 5a 5b 5c 5d 5e 5f 60 61 62 63 64 65 66 67 68 69 6a 6b 6c 6d 6e 6f 70 71 72 73 74 75 76 77 78 79 7a 7b 7c 7d 7e 7f 
 0  b 16 74 2c  8 69 17 58 41 10 7d 53 5b 2e 7a 31 18  3  9 20 -- 7b -- 27 48 37 -- 5c -- 75 -- 62  2 30 76  6 -- 12 -- 40 -- -- -- 77 -- -- -- 4e 5f 11 -- 6e -- -- -- 39 -- -- -- 6b -- -- -- 45 3a  4 4b 60 7e 6d 3d  c 44 -- -- 24 -- -- --  1 3b -- -- -- -- -- -- 6f -- -- -- -- -- -- -- 1d 65 3f 5e 22 -- -- -- 5d -- -- -- -- -- -- -- 72 2f -- -- -- -- -- -- 57 -- -- -- -- -- -- 7f 

solutions so far:0 maxDepth:13 
iterations:1351925673  skipped: 818 
Depth skipped: 
0 0 96 722 0 0 0 0 0 0 0 0 0 0 0 0 0 0 0 0 0 0 0 0 0 0 0 0 0 0 0 0 

running time: 15000 sec
 depth:10
 0  1  2  3  4  5  6  7  8  9  a  b  c  d  e  f 10 11 12 13 14 15 16 17 18 19 1a 1b 1c 1d 1e 1f 20 21 22 23 24 25 26 27 28 29 2a 2b 2c 2d 2e 2f 30 31 32 33 34 35 36 37 38 39 3a 3b 3c 3d 3e 3f 40 41 42 43 44 45 46 47 48 49 4a 4b 4c 4d 4e 4f 50 51 52 53 54 55 56 57 58 59 5a 5b 5c 5d 5e 5f 60 61 62 63 64 65 66 67 68 69 6a 6b 6c 6d 6e 6f 70 71 72 73 74 75 76 77 78 79 7a 7b 7c 7d 7e 7f 
 0  b 16 74 2c  7 69 68 58 75  e 33 53 13 51 44 31 5e 6b 3b 1c 35 66 -- 27 5b 26 -- 23 --  9 -- 62 61 3d 64 57 2d 76 -- 38 2b 6a -- 4d -- -- -- 4e 36 37 -- 4c -- -- -- 46 -- -- -- 12 -- -- -- 45 3a 43 34 7a 59 49 22 2f 5d 5a -- 6d -- -- -- 70 32 56 -- 55 -- -- -- 1b -- -- -- -- -- -- -- 1d 1a 6c 11 6e -- -- -- 19 -- -- -- -- -- -- --  d 48 -- -- -- -- -- -- 24 -- -- -- -- -- -- 7f 

solutions so far:0 maxDepth:13 
iterations:1390018429  skipped: 846 
Depth skipped: 
0 0 96 750 0 0 0 0 0 0 0 0 0 0 0 0 0 0 0 0 0 0 0 0 0 0 0 0 0 0 0 0 

running time: 15300 sec
 depth:9
 0  1  2  3  4  5  6  7  8  9  a  b  c  d  e  f 10 11 12 13 14 15 16 17 18 19 1a 1b 1c 1d 1e 1f 20 21 22 23 24 25 26 27 28 29 2a 2b 2c 2d 2e 2f 30 31 32 33 34 35 36 37 38 39 3a 3b 3c 3d 3e 3f 40 41 42 43 44 45 46 47 48 49 4a 4b 4c 4d 4e 4f 50 51 52 53 54 55 56 57 58 59 5a 5b 5c 5d 5e 5f 60 61 62 63 64 65 66 67 68 69 6a 6b 6c 6d 6e 6f 70 71 72 73 74 75 76 77 78 79 7a 7b 7c 7d 7e 7f 
 0  b 16 74 2c  7 69 65 58  d  e 50 53 64 4b 5f 31 51 1a 40 1c -- 21 -- 27  4 49 -- 17 -- 3f -- 62 61 23 19 34 --  1 -- 38 -- -- -- 42 -- -- -- 4e  a  8 -- 13 -- -- -- 2e -- -- -- 7e -- -- -- 45 3a 43 72 46 28 32 6f 68 20 -- --  2 -- -- -- 70 4c -- -- -- -- -- --  5 -- -- -- -- -- -- -- 1d 39 14 77 10 -- -- -- 26 -- -- -- -- -- -- -- 5c 7b -- -- -- -- -- -- 7d -- -- -- -- -- -- 7f 

solutions so far:0 maxDepth:13 
iterations:1413045588  skipped: 848 
Depth skipped: 
0 0 96 752 0 0 0 0 0 0 0 0 0 0 0 0 0 0 0 0 0 0 0 0 0 0 0 0 0 0 0 0 

running time: 15600 sec
 depth:9
 0  1  2  3  4  5  6  7  8  9  a  b  c  d  e  f 10 11 12 13 14 15 16 17 18 19 1a 1b 1c 1d 1e 1f 20 21 22 23 24 25 26 27 28 29 2a 2b 2c 2d 2e 2f 30 31 32 33 34 35 36 37 38 39 3a 3b 3c 3d 3e 3f 40 41 42 43 44 45 46 47 48 49 4a 4b 4c 4d 4e 4f 50 51 52 53 54 55 56 57 58 59 5a 5b 5c 5d 5e 5f 60 61 62 63 64 65 66 67 68 69 6a 6b 6c 6d 6e 6f 70 71 72 73 74 75 76 77 78 79 7a 7b 7c 7d 7e 7f 
 0  b 16 74 2c  7 69 4b 58 5d  e 23 53 28 17  3 31 5b 3b 3c 1c -- 46 -- 27 63 50 -- 2e --  6 -- 62 61 37  a 76 -- 78 -- 38 -- -- --  d -- -- -- 4e 34 47 -- 21 -- -- -- 5c -- -- --  c -- -- -- 45 3a 43 65 6e 51 14 41 6d 1e -- -- 71 -- -- -- 70  5 -- -- -- -- -- -- 1a -- -- -- -- -- -- -- 1d 72 68 60  f -- -- -- 42 -- -- -- -- -- -- -- 39 30 -- -- -- -- -- -- 18 -- -- -- -- -- -- 7f 

solutions so far:0 maxDepth:13 
iterations:1432462311  skipped: 863 
Depth skipped: 
0 0 96 767 0 0 0 0 0 0 0 0 0 0 0 0 0 0 0 0 0 0 0 0 0 0 0 0 0 0 0 0 

running time: 15900 sec
 depth:8
 0  1  2  3  4  5  6  7  8  9  a  b  c  d  e  f 10 11 12 13 14 15 16 17 18 19 1a 1b 1c 1d 1e 1f 20 21 22 23 24 25 26 27 28 29 2a 2b 2c 2d 2e 2f 30 31 32 33 34 35 36 37 38 39 3a 3b 3c 3d 3e 3f 40 41 42 43 44 45 46 47 48 49 4a 4b 4c 4d 4e 4f 50 51 52 53 54 55 56 57 58 59 5a 5b 5c 5d 5e 5f 60 61 62 63 64 65 66 67 68 69 6a 6b 6c 6d 6e 6f 70 71 72 73 74 75 76 77 78 79 7a 7b 7c 7d 7e 7f 
 0  b 16 74 2c  7 69 46 58 33  e 79 53 77  d 2d 31 36 66 -- 1c -- 73 -- 27 -- 6f -- 1a -- 5a -- 62 61 6c 7d 4d -- -- -- 38 -- -- -- 67 -- -- -- 4e 1f -- -- 5f -- -- -- 34 -- -- -- 35 -- -- -- 45 3a 43 23 59 7c 7b 56 1b -- -- -- -- -- -- -- 70 7e -- -- -- -- -- -- 4f -- -- -- -- -- -- -- 1d 51 3e 2b -- -- -- -- 3f -- -- -- -- -- -- -- 68 55 -- -- -- -- -- -- 6a -- -- -- -- -- -- 7f 

solutions so far:0 maxDepth:13 
iterations:1451190774  skipped: 866 
Depth skipped: 
0 0 96 770 0 0 0 0 0 0 0 0 0 0 0 0 0 0 0 0 0 0 0 0 0 0 0 0 0 0 0 0 

running time: 16200 sec
 depth:9
 0  1  2  3  4  5  6  7  8  9  a  b  c  d  e  f 10 11 12 13 14 15 16 17 18 19 1a 1b 1c 1d 1e 1f 20 21 22 23 24 25 26 27 28 29 2a 2b 2c 2d 2e 2f 30 31 32 33 34 35 36 37 38 39 3a 3b 3c 3d 3e 3f 40 41 42 43 44 45 46 47 48 49 4a 4b 4c 4d 4e 4f 50 51 52 53 54 55 56 57 58 59 5a 5b 5c 5d 5e 5f 60 61 62 63 64 65 66 67 68 69 6a 6b 6c 6d 6e 6f 70 71 72 73 74 75 76 77 78 79 7a 7b 7c 7d 7e 7f 
 0  b 16 74 2c  7 69 34 58 7b  e 20 53 67 68 52 31 3f 77 24 1c -- 40 -- 27 22 4f -- 51 -- 25 -- 62 61 7e 79 6f -- 48 -- 38 -- -- --  1 -- -- -- 4e  4 44 -- 1f -- -- -- 23 -- -- -- 4a -- -- -- 45 3a 43 1a 7d 10 73 29 5f 12 -- -- 11 -- -- -- 70 7c -- -- -- -- -- --  2 -- -- -- -- -- -- -- 1d  d  8 54  9 -- -- -- 3e -- -- -- -- -- -- -- 46 2a -- -- -- -- -- -- 15 -- -- -- -- -- -- 7f 

solutions so far:0 maxDepth:13 
iterations:1472140524  skipped: 876 
Depth skipped: 
0 0 96 780 0 0 0 0 0 0 0 0 0 0 0 0 0 0 0 0 0 0 0 0 0 0 0 0 0 0 0 0 

running time: 16500 sec
 depth:10
 0  1  2  3  4  5  6  7  8  9  a  b  c  d  e  f 10 11 12 13 14 15 16 17 18 19 1a 1b 1c 1d 1e 1f 20 21 22 23 24 25 26 27 28 29 2a 2b 2c 2d 2e 2f 30 31 32 33 34 35 36 37 38 39 3a 3b 3c 3d 3e 3f 40 41 42 43 44 45 46 47 48 49 4a 4b 4c 4d 4e 4f 50 51 52 53 54 55 56 57 58 59 5a 5b 5c 5d 5e 5f 60 61 62 63 64 65 66 67 68 69 6a 6b 6c 6d 6e 6f 70 71 72 73 74 75 76 77 78 79 7a 7b 7c 7d 7e 7f 
 0  b 16 74 2c  7 69 2e 58  1  e 7a 53 6d 5c 7e 31 10  2 78 1c 30 75 -- 27 47 5b -- 39 -- 7d -- 62 61 20 3b  4  c 71 -- 38  3 60 -- 6b -- -- -- 4e 2f  f -- 37 -- -- -- 72 -- -- -- 7b -- -- -- 45 3a 43 17 40 3d 76 3f  8 3c 18 -- 63 -- -- -- 70 5d  6 -- 41 -- -- -- 57 -- -- -- -- -- -- -- 1d 4b 5e 5f 1e -- -- -- 6e -- -- -- -- -- -- -- 65 6f -- -- -- -- -- -- 77 -- -- -- -- -- -- 7f 

solutions so far:0 maxDepth:13 
iterations:1498105589  skipped: 880 
Depth skipped: 
0 0 96 784 0 0 0 0 0 0 0 0 0 0 0 0 0 0 0 0 0 0 0 0 0 0 0 0 0 0 0 0 

running time: 16800 sec
 depth:8
 0  1  2  3  4  5  6  7  8  9  a  b  c  d  e  f 10 11 12 13 14 15 16 17 18 19 1a 1b 1c 1d 1e 1f 20 21 22 23 24 25 26 27 28 29 2a 2b 2c 2d 2e 2f 30 31 32 33 34 35 36 37 38 39 3a 3b 3c 3d 3e 3f 40 41 42 43 44 45 46 47 48 49 4a 4b 4c 4d 4e 4f 50 51 52 53 54 55 56 57 58 59 5a 5b 5c 5d 5e 5f 60 61 62 63 64 65 66 67 68 69 6a 6b 6c 6d 6e 6f 70 71 72 73 74 75 76 77 78 79 7a 7b 7c 7d 7e 7f 
 0  b 16 74 2c  7 69 17 58 56  e 32 53 7c 2e  8 31 6a 2d -- 1c -- 64 -- 27 -- 79 -- 5c -- 10 -- 62 61 55 1f 5a -- -- -- 38 -- -- -- 49 -- -- -- 4e 26 -- -- 73 -- -- -- 39 -- -- -- 20 -- -- -- 45 3a 43 4b 2b 19 3e  4 35 -- -- -- -- -- -- -- 70 4f -- -- -- -- -- -- 13 -- -- -- -- -- -- -- 1d 65 4c  2 -- -- -- -- 67 -- -- -- -- -- -- -- 72  1 -- -- -- -- -- -- 40 -- -- -- -- -- -- 7f 

solutions so far:0 maxDepth:13 
iterations:1525833304  skipped: 896 
Depth skipped: 
0 0 96 800 0 0 0 0 0 0 0 0 0 0 0 0 0 0 0 0 0 0 0 0 0 0 0 0 0 0 0 0 

running time: 17100 sec
 depth:9
 0  1  2  3  4  5  6  7  8  9  a  b  c  d  e  f 10 11 12 13 14 15 16 17 18 19 1a 1b 1c 1d 1e 1f 20 21 22 23 24 25 26 27 28 29 2a 2b 2c 2d 2e 2f 30 31 32 33 34 35 36 37 38 39 3a 3b 3c 3d 3e 3f 40 41 42 43 44 45 46 47 48 49 4a 4b 4c 4d 4e 4f 50 51 52 53 54 55 56 57 58 59 5a 5b 5c 5d 5e 5f 60 61 62 63 64 65 66 67 68 69 6a 6b 6c 6d 6e 6f 70 71 72 73 74 75 76 77 78 79 7a 7b 7c 7d 7e 7f 
 0  b 16 74 2c  6 69 72 58 26  c 12 53 5a 65 29 31 64 4c 3f 18 -- 24 -- 27 7b 35 -- 4b -- 52 -- 62 41 49 56 19 -- 7e -- 30 -- -- -- 48 -- -- -- 4e 22 77 -- 6a -- -- -- 17 -- -- -- 25 -- -- -- 45 3a  3 39 13  9 2d 54 32 5f -- -- 7d -- -- -- 60 2b -- -- -- -- -- -- 11 -- -- -- -- -- -- -- 1d 5c 44 2a 6f -- -- -- 55 -- -- -- -- -- -- -- 2e 15 -- -- -- -- -- -- 4a -- -- -- -- -- -- 7f 

solutions so far:0 maxDepth:13 
iterations:1555920989  skipped: 921 
Depth skipped: 
0 0 96 825 0 0 0 0 0 0 0 0 0 0 0 0 0 0 0 0 0 0 0 0 0 0 0 0 0 0 0 0 

running time: 17400 sec
 depth:7
 0  1  2  3  4  5  6  7  8  9  a  b  c  d  e  f 10 11 12 13 14 15 16 17 18 19 1a 1b 1c 1d 1e 1f 20 21 22 23 24 25 26 27 28 29 2a 2b 2c 2d 2e 2f 30 31 32 33 34 35 36 37 38 39 3a 3b 3c 3d 3e 3f 40 41 42 43 44 45 46 47 48 49 4a 4b 4c 4d 4e 4f 50 51 52 53 54 55 56 57 58 59 5a 5b 5c 5d 5e 5f 60 61 62 63 64 65 66 67 68 69 6a 6b 6c 6d 6e 6f 70 71 72 73 74 75 76 77 78 79 7a 7b 7c 7d 7e 7f 
 0  b 16 74 2c  6 69 5c 58 66  c 42 53 4c 39 -- 31 6c 4d -- 18 --  5 -- 27 -- 19 -- 72 -- -- -- 62 41 59 13 1b -- -- -- 30 -- -- --  a -- -- -- 4e 28 -- -- 32 -- -- -- 65 -- -- -- -- -- -- -- 45 3a  3 2e 33 21 26 -- 36 -- -- -- -- -- -- -- 60 49 -- -- -- -- -- -- 14 -- -- -- -- -- -- -- 1d 17 50 -- -- -- -- -- 64 -- -- -- -- -- -- -- 4b -- -- -- -- -- -- -- -- -- -- -- -- -- -- 7f 

solutions so far:0 maxDepth:13 
iterations:1589884803  skipped: 936 
Depth skipped: 
0 0 96 840 0 0 0 0 0 0 0 0 0 0 0 0 0 0 0 0 0 0 0 0 0 0 0 0 0 0 0 0 

running time: 17700 sec
 depth:9
 0  1  2  3  4  5  6  7  8  9  a  b  c  d  e  f 10 11 12 13 14 15 16 17 18 19 1a 1b 1c 1d 1e 1f 20 21 22 23 24 25 26 27 28 29 2a 2b 2c 2d 2e 2f 30 31 32 33 34 35 36 37 38 39 3a 3b 3c 3d 3e 3f 40 41 42 43 44 45 46 47 48 49 4a 4b 4c 4d 4e 4f 50 51 52 53 54 55 56 57 58 59 5a 5b 5c 5d 5e 5f 60 61 62 63 64 65 66 67 68 69 6a 6b 6c 6d 6e 6f 70 71 72 73 74 75 76 77 78 79 7a 7b 7c 7d 7e 7f 
 0  b 16 74 2c  6 69 51 58  1  c 22 53 76 23 57 31 10  2 66 18 -- 44 -- 27 36 6d -- 46 -- 2f -- 62 41 20 5d  4 -- 4d -- 30 -- -- --  9 -- -- -- 4e 24 6c -- 5b -- -- --  d -- -- -- 5e -- -- -- 45 3a  3 68 40 11 3b 6b  8 33 -- -- 1b -- -- -- 60 6e -- -- -- -- -- -- 12 -- -- -- -- -- -- -- 1d 34 48 75 59 -- -- -- 37 -- -- -- -- -- -- -- 1a 7a -- -- -- -- -- -- 3d -- -- -- -- -- -- 7f 

solutions so far:0 maxDepth:13 
iterations:1616438055  skipped: 941 
Depth skipped: 
0 0 96 845 0 0 0 0 0 0 0 0 0 0 0 0 0 0 0 0 0 0 0 0 0 0 0 0 0 0 0 0 

running time: 18000 sec
 depth:9
 0  1  2  3  4  5  6  7  8  9  a  b  c  d  e  f 10 11 12 13 14 15 16 17 18 19 1a 1b 1c 1d 1e 1f 20 21 22 23 24 25 26 27 28 29 2a 2b 2c 2d 2e 2f 30 31 32 33 34 35 36 37 38 39 3a 3b 3c 3d 3e 3f 40 41 42 43 44 45 46 47 48 49 4a 4b 4c 4d 4e 4f 50 51 52 53 54 55 56 57 58 59 5a 5b 5c 5d 5e 5f 60 61 62 63 64 65 66 67 68 69 6a 6b 6c 6d 6e 6f 70 71 72 73 74 75 76 77 78 79 7a 7b 7c 7d 7e 7f 
 0  b 16 74 2c  6 69 39 58 73  c 24 53  8 72  e 31 3e 67 23 18 -- 48 -- 27 1a 10 -- 65 -- 1c -- 62 41 7c  2 4f -- 46 -- 30 -- -- -- 11 -- -- -- 4e 44 34 -- 20 -- -- -- 4b -- -- -- 38 -- -- -- 45 3a  3 5c 79 12  4  7 1f 51 -- --  d -- -- -- 60  1 -- -- -- -- -- -- 22 -- -- -- -- -- -- -- 1d 2e  9 43 68 -- -- -- 40 -- -- -- -- -- -- -- 17 61 -- -- -- -- -- -- 70 -- -- -- -- -- -- 7f 

solutions so far:0 maxDepth:13 
iterations:1642576220  skipped: 953 
Depth skipped: 
0 0 96 857 0 0 0 0 0 0 0 0 0 0 0 0 0 0 0 0 0 0 0 0 0 0 0 0 0 0 0 0 

running time: 18300 sec
 depth:10
 0  1  2  3  4  5  6  7  8  9  a  b  c  d  e  f 10 11 12 13 14 15 16 17 18 19 1a 1b 1c 1d 1e 1f 20 21 22 23 24 25 26 27 28 29 2a 2b 2c 2d 2e 2f 30 31 32 33 34 35 36 37 38 39 3a 3b 3c 3d 3e 3f 40 41 42 43 44 45 46 47 48 49 4a 4b 4c 4d 4e 4f 50 51 52 53 54 55 56 57 58 59 5a 5b 5c 5d 5e 5f 60 61 62 63 64 65 66 67 68 69 6a 6b 6c 6d 6e 6f 70 71 72 73 74 75 76 77 78 79 7a 7b 7c 7d 7e 7f 
 0  b 16 74 2c  6 69 2e 58 7e  c 13 53 35 5c 6e 31 6f 7d 15 18 6b 26 -- 27 29 6a -- 39 -- 5d -- 62 41 5f 2d 7b 7a 2a -- 30 5e 57 -- 4c -- -- -- 4e 32 52 -- 55 -- -- -- 72 -- -- -- 3b -- -- -- 45 3a  3 17 3f 49 5a 37 77 4a 75 -- 54 -- -- -- 60 56 3d -- 2f -- -- -- 19 -- -- -- -- -- -- -- 1d 4b 64 5b 25 -- -- -- 2b -- -- -- -- -- -- -- 65 6d -- -- -- -- -- -- 76 -- -- -- -- -- -- 7f 

solutions so far:0 maxDepth:13 
iterations:1667501367  skipped: 958 
Depth skipped: 
0 0 96 862 0 0 0 0 0 0 0 0 0 0 0 0 0 0 0 0 0 0 0 0 0 0 0 0 0 0 0 0 

running time: 18600 sec
 depth:8
 0  1  2  3  4  5  6  7  8  9  a  b  c  d  e  f 10 11 12 13 14 15 16 17 18 19 1a 1b 1c 1d 1e 1f 20 21 22 23 24 25 26 27 28 29 2a 2b 2c 2d 2e 2f 30 31 32 33 34 35 36 37 38 39 3a 3b 3c 3d 3e 3f 40 41 42 43 44 45 46 47 48 49 4a 4b 4c 4d 4e 4f 50 51 52 53 54 55 56 57 58 59 5a 5b 5c 5d 5e 5f 60 61 62 63 64 65 66 67 68 69 6a 6b 6c 6d 6e 6f 70 71 72 73 74 75 76 77 78 79 7a 7b 7c 7d 7e 7f 
 0  b 16 74 2c  6 69 23 58  9  c 66 53 6a 46 1e 31 11 12 -- 18 -- 4d -- 27 -- 55 --  d -- 3c -- 62 41 22 5a 24 -- -- -- 30 -- -- -- 1b -- -- -- 4e 6c -- -- 2b -- -- -- 1a -- -- -- 78 -- -- -- 45 3a  3 51 44 33 35  f 48 -- -- -- -- -- -- -- 60 2d -- -- -- -- -- -- 36 -- -- -- -- -- -- -- 1d 68 59 47 -- -- -- -- 56 -- -- -- -- -- -- -- 34 63 -- -- -- -- -- -- 71 -- -- -- -- -- -- 7f 

solutions so far:0 maxDepth:13 
iterations:1692733188  skipped: 965 
Depth skipped: 
0 0 96 869 0 0 0 0 0 0 0 0 0 0 0 0 0 0 0 0 0 0 0 0 0 0 0 0 0 0 0 0 

running time: 18900 sec
 depth:9
 0  1  2  3  4  5  6  7  8  9  a  b  c  d  e  f 10 11 12 13 14 15 16 17 18 19 1a 1b 1c 1d 1e 1f 20 21 22 23 24 25 26 27 28 29 2a 2b 2c 2d 2e 2f 30 31 32 33 34 35 36 37 38 39 3a 3b 3c 3d 3e 3f 40 41 42 43 44 45 46 47 48 49 4a 4b 4c 4d 4e 4f 50 51 52 53 54 55 56 57 58 59 5a 5b 5c 5d 5e 5f 60 61 62 63 64 65 66 67 68 69 6a 6b 6c 6d 6e 6f 70 71 72 73 74 75 76 77 78 79 7a 7b 7c 7d 7e 7f 
 0  b 16 74 2c  6 69 17 58 1b  c 34 53 3c 2e 5b 31 33 36 64 18 -- 68 -- 27 26 78 -- 5c -- 37 -- 62 41 66  f 6c -- 49 -- 30 -- -- -- 51 -- -- -- 4e 46 4c -- 71 -- -- -- 39 -- -- -- 6e -- -- -- 45 3a  3 4b 4d 1a 1e 6d 59 32 -- -- 13 -- -- -- 60 47 -- -- -- -- -- -- 23 -- -- -- -- -- -- -- 1d 65  d 76 19 -- -- -- 63 -- -- -- -- -- -- -- 72 3b -- -- -- -- -- -- 5d -- -- -- -- -- -- 7f 

solutions so far:0 maxDepth:13 
iterations:1718299287  skipped: 973 
Depth skipped: 
0 0 96 877 0 0 0 0 0 0 0 0 0 0 0 0 0 0 0 0 0 0 0 0 0 0 0 0 0 0 0 0 

running time: 19200 sec
 depth:8
 0  1  2  3  4  5  6  7  8  9  a  b  c  d  e  f 10 11 12 13 14 15 16 17 18 19 1a 1b 1c 1d 1e 1f 20 21 22 23 24 25 26 27 28 29 2a 2b 2c 2d 2e 2f 30 31 32 33 34 35 36 37 38 39 3a 3b 3c 3d 3e 3f 40 41 42 43 44 45 46 47 48 49 4a 4b 4c 4d 4e 4f 50 51 52 53 54 55 56 57 58 59 5a 5b 5c 5d 5e 5f 60 61 62 63 64 65 66 67 68 69 6a 6b 6c 6d 6e 6f 70 71 72 73 74 75 76 77 78 79 7a 7b 7c 7d 7e 7f 
 0  b 16 74 2c  5 69 72 58 2a  a 7c 53 5b 65 3c 31 25 54 -- 14 -- 79 -- 27 -- 37 -- 4b -- 78 -- 62 21 4a 76 29 -- -- -- 28 -- -- -- 73 -- -- -- 4e 4f -- -- 6e -- -- -- 17 -- -- -- 71 -- -- -- 45 3a 42 39 15 3e 6d 1e 52 -- -- -- -- -- -- -- 50 3b -- -- -- -- -- -- 67 -- -- -- -- -- -- -- 1d 5c 1f  f -- -- -- -- 5d -- -- -- -- -- -- -- 2e 47 -- -- -- -- -- -- 63 -- -- -- -- -- -- 7f 

solutions so far:0 maxDepth:13 
iterations:1743600972  skipped: 996 
Depth skipped: 
0 0 96 900 0 0 0 0 0 0 0 0 0 0 0 0 0 0 0 0 0 0 0 0 0 0 0 0 0 0 0 0 

running time: 19500 sec
 depth:9
 0  1  2  3  4  5  6  7  8  9  a  b  c  d  e  f 10 11 12 13 14 15 16 17 18 19 1a 1b 1c 1d 1e 1f 20 21 22 23 24 25 26 27 28 29 2a 2b 2c 2d 2e 2f 30 31 32 33 34 35 36 37 38 39 3a 3b 3c 3d 3e 3f 40 41 42 43 44 45 46 47 48 49 4a 4b 4c 4d 4e 4f 50 51 52 53 54 55 56 57 58 59 5a 5b 5c 5d 5e 5f 60 61 62 63 64 65 66 67 68 69 6a 6b 6c 6d 6e 6f 70 71 72 73 74 75 76 77 78 79 7a 7b 7c 7d 7e 7f 
 0  b 16 74 2c  5 69 65 58 40  a 2b 53 41 4b 77 31  8  1 64 14 -- 56 -- 27 26  3 -- 17 -- 6f -- 62 21 10 30  2 -- 49 -- 28 -- -- -- 2d -- -- -- 4e 35 4c --  6 -- -- -- 2e -- -- -- 5f -- -- -- 45 3a 42 72 20 55 60 7b  4 32 -- -- 13 -- -- -- 50 18 -- -- -- -- -- -- 5a -- -- -- -- -- -- -- 1d 39 6a 7d 19 -- -- --  c -- -- -- -- -- -- -- 5c 7e -- -- -- -- -- -- 3f -- -- -- -- -- -- 7f 

solutions so far:0 maxDepth:13 
iterations:1767336807  skipped: 1006 
Depth skipped: 
0 0 96 910 0 0 0 0 0 0 0 0 0 0 0 0 0 0 0 0 0 0 0 0 0 0 0 0 0 0 0 0 

running time: 19800 sec
 depth:9
 0  1  2  3  4  5  6  7  8  9  a  b  c  d  e  f 10 11 12 13 14 15 16 17 18 19 1a 1b 1c 1d 1e 1f 20 21 22 23 24 25 26 27 28 29 2a 2b 2c 2d 2e 2f 30 31 32 33 34 35 36 37 38 39 3a 3b 3c 3d 3e 3f 40 41 42 43 44 45 46 47 48 49 4a 4b 4c 4d 4e 4f 50 51 52 53 54 55 56 57 58 59 5a 5b 5c 5d 5e 5f 60 61 62 63 64 65 66 67 68 69 6a 6b 6c 6d 6e 6f 70 71 72 73 74 75 76 77 78 79 7a 7b 7c 7d 7e 7f 
 0  b 16 74 2c  5 69 4b 58 34  a 59 53 4a 17  7 31 46 68 3c 14 -- 33 -- 27 63 15 -- 2e --  e -- 62 21  d 52 51 -- 78 -- 28 -- -- -- 66 -- -- -- 4e 1b 47 -- 2a -- -- -- 5c -- -- -- 1c -- -- -- 45 3a 42 65 1a 6c 25 43 23 1e -- -- 71 -- -- -- 50 29 -- -- -- -- -- -- 4d -- -- -- -- -- -- -- 1d 72 36 61  f -- -- -- 54 -- -- -- -- -- -- -- 39 70 -- -- -- -- -- -- 38 -- -- -- -- -- -- 7f 

solutions so far:0 maxDepth:13 
iterations:1793732076  skipped: 1019 
Depth skipped: 
0 0 96 923 0 0 0 0 0 0 0 0 0 0 0 0 0 0 0 0 0 0 0 0 0 0 0 0 0 0 0 0 

running time: 20100 sec
 depth:9
 0  1  2  3  4  5  6  7  8  9  a  b  c  d  e  f 10 11 12 13 14 15 16 17 18 19 1a 1b 1c 1d 1e 1f 20 21 22 23 24 25 26 27 28 29 2a 2b 2c 2d 2e 2f 30 31 32 33 34 35 36 37 38 39 3a 3b 3c 3d 3e 3f 40 41 42 43 44 45 46 47 48 49 4a 4b 4c 4d 4e 4f 50 51 52 53 54 55 56 57 58 59 5a 5b 5c 5d 5e 5f 60 61 62 63 64 65 66 67 68 69 6a 6b 6c 6d 6e 6f 70 71 72 73 74 75 76 77 78 79 7a 7b 7c 7d 7e 7f 
 0  b 16 74 2c  5 69 39 58 2d  a 37 53 18 72 36 31 55 5a 7d 14 -- 6e -- 27 6f 30 -- 65 -- 6c -- 62 21 2b  6 35 -- 7b -- 28 -- -- -- 5d -- -- -- 4e 76 5f -- 60 -- -- -- 4b -- -- -- 59 -- -- -- 45 3a 42 5c 56 5b  c 1b 6a 7e -- -- 77 -- -- -- 50  3 -- -- -- -- -- -- 3b -- -- -- -- -- -- -- 1d 2e 6d 4d 3f -- -- -- 41 -- -- -- -- -- -- -- 17 66 -- -- -- -- -- -- 33 -- -- -- -- -- -- 7f 

solutions so far:0 maxDepth:13 
iterations:1818000627  skipped: 1031 
Depth skipped: 
0 0 96 935 0 0 0 0 0 0 0 0 0 0 0 0 0 0 0 0 0 0 0 0 0 0 0 0 0 0 0 0 

running time: 20400 sec
 depth:8
 0  1  2  3  4  5  6  7  8  9  a  b  c  d  e  f 10 11 12 13 14 15 16 17 18 19 1a 1b 1c 1d 1e 1f 20 21 22 23 24 25 26 27 28 29 2a 2b 2c 2d 2e 2f 30 31 32 33 34 35 36 37 38 39 3a 3b 3c 3d 3e 3f 40 41 42 43 44 45 46 47 48 49 4a 4b 4c 4d 4e 4f 50 51 52 53 54 55 56 57 58 59 5a 5b 5c 5d 5e 5f 60 61 62 63 64 65 66 67 68 69 6a 6b 6c 6d 6e 6f 70 71 72 73 74 75 76 77 78 79 7a 7b 7c 7d 7e 7f 
 0  b 16 74 2c  5 69 2e 58 23  a 2f 53  4 5c 1c 31 34 46 -- 14 -- 5e -- 27 --  8 -- 39 -- 38 -- 62 21 68  1  d -- -- -- 28 -- -- -- 3d -- -- -- 4e 75 -- -- 10 -- -- -- 72 -- -- -- 70 -- -- -- 45 3a 42 17 51 57  2  e 1a -- -- -- -- -- -- -- 50 40 -- -- -- -- -- -- 7a -- -- -- -- -- -- -- 1d 4b 6b  7 -- -- -- -- 20 -- -- -- -- -- -- -- 65 43 -- -- -- -- -- -- 61 -- -- -- -- -- -- 7f 

solutions so far:0 maxDepth:13 
iterations:1844374247  skipped: 1038 
Depth skipped: 
0 0 96 942 0 0 0 0 0 0 0 0 0 0 0 0 0 0 0 0 0 0 0 0 0 0 0 0 0 0 0 0 

running time: 20700 sec
 depth:10
 0  1  2  3  4  5  6  7  8  9  a  b  c  d  e  f 10 11 12 13 14 15 16 17 18 19 1a 1b 1c 1d 1e 1f 20 21 22 23 24 25 26 27 28 29 2a 2b 2c 2d 2e 2f 30 31 32 33 34 35 36 37 38 39 3a 3b 3c 3d 3e 3f 40 41 42 43 44 45 46 47 48 49 4a 4b 4c 4d 4e 4f 50 51 52 53 54 55 56 57 58 59 5a 5b 5c 5d 5e 5f 60 61 62 63 64 65 66 67 68 69 6a 6b 6c 6d 6e 6f 70 71 72 73 74 75 76 77 78 79 7a 7b 7c 7d 7e 7f 
 0  b 16 74 2c  5 69 1a 58 30  a 25 53  1 34 71 31  6 60 2e 14 35 4a -- 27 72  2 -- 68 -- 63 -- 62 21  c 20 41 2d 5c -- 28 2b 6a -- 15 -- -- -- 4e 54 65 --  4 -- -- -- 51 -- -- -- 47 -- -- -- 45 3a 42  d 18 52 40 78  3 17 5a -- 39 -- -- -- 50 10 56 -- 55 -- -- -- 2a -- -- -- -- -- -- -- 1d 46 29 3c 4b -- -- --  8 -- -- -- -- -- -- -- 23 1e -- -- -- -- -- --  f -- -- -- -- -- -- 7f 

solutions so far:0 maxDepth:13 
iterations:1869190122  skipped: 1050 
Depth skipped: 
0 0 96 954 0 0 0 0 0 0 0 0 0 0 0 0 0 0 0 0 0 0 0 0 0 0 0 0 0 0 0 0 

running time: 21000 sec
 depth:9
 0  1  2  3  4  5  6  7  8  9  a  b  c  d  e  f 10 11 12 13 14 15 16 17 18 19 1a 1b 1c 1d 1e 1f 20 21 22 23 24 25 26 27 28 29 2a 2b 2c 2d 2e 2f 30 31 32 33 34 35 36 37 38 39 3a 3b 3c 3d 3e 3f 40 41 42 43 44 45 46 47 48 49 4a 4b 4c 4d 4e 4f 50 51 52 53 54 55 56 57 58 59 5a 5b 5c 5d 5e 5f 60 61 62 63 64 65 66 67 68 69 6a 6b 6c 6d 6e 6f 70 71 72 73 74 75 76 77 78 79 7a 7b 7c 7d 7e 7f 
 0  b 16 74 2c  5 69  d 58 39  a 4f 53 77 1a 52 31 17 72 48 14 -- 1f -- 27 44 6f -- 34 -- 25 -- 62 21 2e 7d 65 -- 11 -- 28 -- -- -- 3e -- -- -- 4e 79  9 -- 5f -- -- -- 68 -- -- -- 4a -- -- -- 45 3a 42 46 5c 67 7b 29 4b 24 -- -- 22 -- -- -- 50 7e -- -- -- -- -- -- 7c -- -- -- -- -- -- -- 1d 23 73 54 12 -- -- -- 3f -- -- -- -- -- -- -- 51 2a -- -- -- -- -- -- 15 -- -- -- -- -- -- 7f 

solutions so far:0 maxDepth:13 
iterations:1895750392  skipped: 1058 
Depth skipped: 
0 0 96 962 0 0 0 0 0 0 0 0 0 0 0 0 0 0 0 0 0 0 0 0 0 0 0 0 0 0 0 0 

running time: 21300 sec
 depth:10
 0  1  2  3  4  5  6  7  8  9  a  b  c  d  e  f 10 11 12 13 14 15 16 17 18 19 1a 1b 1c 1d 1e 1f 20 21 22 23 24 25 26 27 28 29 2a 2b 2c 2d 2e 2f 30 31 32 33 34 35 36 37 38 39 3a 3b 3c 3d 3e 3f 40 41 42 43 44 45 46 47 48 49 4a 4b 4c 4d 4e 4f 50 51 52 53 54 55 56 57 58 59 5a 5b 5c 5d 5e 5f 60 61 62 63 64 65 66 67 68 69 6a 6b 6c 6d 6e 6f 70 71 72 73 74 75 76 77 78 79 7a 7b 7c 7d 7e 7f 
 0  b 16 74 2c  4 69 68 58 6a  8 4a 53 63 51 28 31 2d 55 44 10 59 15 -- 27 24 47 -- 23 -- 50 -- 62  1 5a 78 2b 36  9 -- 20 4d 33 -- 2a -- -- -- 4e 29 48 --  f -- -- -- 46 -- -- -- 21 -- -- -- 45 3a  2 34 35 25 71 14 56 22 6c -- 12 -- -- -- 40 3c 1b -- 66 -- -- -- 54 -- -- -- -- -- -- -- 1d 1a 52  a 11 -- -- -- 1e -- -- -- -- -- -- --  d  5 -- -- -- -- -- -- 42 -- -- -- -- -- -- 7f 

solutions so far:0 maxDepth:14 
iterations:1920210775  skipped: 1083 
Depth skipped: 
0 0 96 987 0 0 0 0 0 0 0 0 0 0 0 0 0 0 0 0 0 0 0 0 0 0 0 0 0 0 0 0 

running time: 21600 sec
 depth:10
 0  1  2  3  4  5  6  7  8  9  a  b  c  d  e  f 10 11 12 13 14 15 16 17 18 19 1a 1b 1c 1d 1e 1f 20 21 22 23 24 25 26 27 28 29 2a 2b 2c 2d 2e 2f 30 31 32 33 34 35 36 37 38 39 3a 3b 3c 3d 3e 3f 40 41 42 43 44 45 46 47 48 49 4a 4b 4c 4d 4e 4f 50 51 52 53 54 55 56 57 58 59 5a 5b 5c 5d 5e 5f 60 61 62 63 64 65 66 67 68 69 6a 6b 6c 6d 6e 6f 70 71 72 73 74 75 76 77 78 79 7a 7b 7c 7d 7e 7f 
 0  b 16 74 2c  4 69 5c 58 73  8 54 53  e 39 3c 31 3e 67 1b 10 3d 29 -- 27 59 1c -- 72 -- 78 -- 62  1 7c 43 4f 2f 36 -- 20 6b 7a -- 52 -- -- -- 4e 4a 33 -- 38 -- -- -- 65 -- -- -- 71 -- -- -- 45 3a  2 2e 79 2a  7 1e 1f 4d 5e -- 6c -- -- -- 40 61 57 -- 75 -- -- -- 25 -- -- -- -- -- -- -- 1d 17 15  f 66 -- -- -- 70 -- -- -- -- -- -- -- 4b 47 -- -- -- -- -- -- 63 -- -- -- -- -- -- 7f 

solutions so far:0 maxDepth:14 
iterations:1946578992  skipped: 1091 
Depth skipped: 
0 0 96 995 0 0 0 0 0 0 0 0 0 0 0 0 0 0 0 0 0 0 0 0 0 0 0 0 0 0 0 0 

running time: 21900 sec
 depth:10
 0  1  2  3  4  5  6  7  8  9  a  b  c  d  e  f 10 11 12 13 14 15 16 17 18 19 1a 1b 1c 1d 1e 1f 20 21 22 23 24 25 26 27 28 29 2a 2b 2c 2d 2e 2f 30 31 32 33 34 35 36 37 38 39 3a 3b 3c 3d 3e 3f 40 41 42 43 44 45 46 47 48 49 4a 4b 4c 4d 4e 4f 50 51 52 53 54 55 56 57 58 59 5a 5b 5c 5d 5e 5f 60 61 62 63 64 65 66 67 68 69 6a 6b 6c 6d 6e 6f 70 71 72 73 74 75 76 77 78 79 7a 7b 7c 7d 7e 7f 
 0  b 16 74 2c  4 69 4b 58 78  8 19 53 7e 17 3d 31  f 71 54 10  3 32 -- 27 25 7d -- 2e -- 7a -- 62  1 1e 5f 63 60 29 -- 20 18  6 -- 64 -- -- -- 4e 13 4a -- 7b -- -- -- 5c -- -- -- 75 -- -- -- 45 3a  2 65 3c 4c 3f 5e 47 2a 41 -- 52 -- -- -- 40 6f 30 --  c -- -- -- 49 -- -- -- -- -- -- -- 1d 72 26 2f 15 -- -- -- 77 -- -- -- -- -- -- -- 39 57 -- -- -- -- -- -- 6b -- -- -- -- -- -- 7f 

solutions so far:0 maxDepth:14 
iterations:1974983750  skipped: 1100 
Depth skipped: 
0 0 96 1004 0 0 0 0 0 0 0 0 0 0 0 0 0 0 0 0 0 0 0 0 0 0 0 0 0 0 0 0 

running time: 22200 sec
 depth:9
 0  1  2  3  4  5  6  7  8  9  a  b  c  d  e  f 10 11 12 13 14 15 16 17 18 19 1a 1b 1c 1d 1e 1f 20 21 22 23 24 25 26 27 28 29 2a 2b 2c 2d 2e 2f 30 31 32 33 34 35 36 37 38 39 3a 3b 3c 3d 3e 3f 40 41 42 43 44 45 46 47 48 49 4a 4b 4c 4d 4e 4f 50 51 52 53 54 55 56 57 58 59 5a 5b 5c 5d 5e 5f 60 61 62 63 64 65 66 67 68 69 6a 6b 6c 6d 6e 6f 70 71 72 73 74 75 76 77 78 79 7a 7b 7c 7d 7e 7f 
 0  b 16 74 2c  4 69 39 58 1a  8 50 53 63 72 67 31 23 34 7a 10 -- 21 -- 27 57 47 -- 65 -- 4f -- 62  1 46 78 68 -- 75 -- 20 -- -- -- 42 -- -- -- 4e  a 2f --  f -- -- -- 4b -- -- -- 1f -- -- -- 45 3a  2 5c  d 28 71 73 51 3d -- -- 6b -- -- -- 40 3c -- -- -- -- -- --  5 -- -- -- -- -- -- -- 1d 2e 14 79 5e -- -- -- 1e -- -- -- -- -- -- -- 17 7c -- -- -- -- -- -- 3e -- -- -- -- -- -- 7f 

solutions so far:0 maxDepth:14 
iterations:2016204656  skipped: 1111 
Depth skipped: 
0 0 96 1015 0 0 0 0 0 0 0 0 0 0 0 0 0 0 0 0 0 0 0 0 0 0 0 0 0 0 0 0 

running time: 22500 sec
 depth:9
 0  1  2  3  4  5  6  7  8  9  a  b  c  d  e  f 10 11 12 13 14 15 16 17 18 19 1a 1b 1c 1d 1e 1f 20 21 22 23 24 25 26 27 28 29 2a 2b 2c 2d 2e 2f 30 31 32 33 34 35 36 37 38 39 3a 3b 3c 3d 3e 3f 40 41 42 43 44 45 46 47 48 49 4a 4b 4c 4d 4e 4f 50 51 52 53 54 55 56 57 58 59 5a 5b 5c 5d 5e 5f 60 61 62 63 64 65 66 67 68 69 6a 6b 6c 6d 6e 6f 70 71 72 73 74 75 76 77 78 79 7a 7b 7c 7d 7e 7f 
 0  b 16 74 2c  4 69 2e 58 47  8 73 53 15 5c 75 31 78  f 32 10 -- 67 -- 27 13 2a -- 39 -- 6b -- 62  1 71 25 1e -- 64 -- 20 -- -- -- 4f -- -- -- 4e 3e 26 -- 54 -- -- -- 72 -- -- -- 57 -- -- -- 45 3a  2 17 63 79 4a 7a 3c 19 -- -- 49 -- -- -- 40 52 -- -- -- -- -- -- 1f -- -- -- -- -- -- -- 1d 4b 7c 3d 4c -- -- -- 29 -- -- -- -- -- -- -- 65 5e -- -- -- -- -- -- 2f -- -- -- -- -- -- 7f 

solutions so far:0 maxDepth:14 
iterations:2040465510  skipped: 1119 
Depth skipped: 
0 0 96 1023 0 0 0 0 0 0 0 0 0 0 0 0 0 0 0 0 0 0 0 0 0 0 0 0 0 0 0 0 

running time: 22800 sec
 depth:8
 0  1  2  3  4  5  6  7  8  9  a  b  c  d  e  f 10 11 12 13 14 15 16 17 18 19 1a 1b 1c 1d 1e 1f 20 21 22 23 24 25 26 27 28 29 2a 2b 2c 2d 2e 2f 30 31 32 33 34 35 36 37 38 39 3a 3b 3c 3d 3e 3f 40 41 42 43 44 45 46 47 48 49 4a 4b 4c 4d 4e 4f 50 51 52 53 54 55 56 57 58 59 5a 5b 5c 5d 5e 5f 60 61 62 63 64 65 66 67 68 69 6a 6b 6c 6d 6e 6f 70 71 72 73 74 75 76 77 78 79 7a 7b 7c 7d 7e 7f 
 0  b 16 74 2c  4 69 1a 58 6f  8 3c 53 26 34 17 31 7d 5f -- 10 -- 78 -- 27 -- 4c -- 68 -- 2e -- 62  1 7b 49 3f -- -- -- 20 -- -- -- 71 -- -- -- 4e 47 -- -- 19 -- -- -- 51 -- -- -- 5c -- -- -- 45 3a  2  d 77 1e 13 4b 7e -- -- -- -- -- -- -- 40 64 -- -- -- -- -- -- 63 -- -- -- -- -- -- -- 1d 46  f 65 -- -- -- -- 32 -- -- -- -- -- -- -- 23 72 -- -- -- -- -- -- 39 -- -- -- -- -- -- 7f 

solutions so far:0 maxDepth:14 
iterations:2064900560  skipped: 1132 
Depth skipped: 
0 0 96 1036 0 0 0 0 0 0 0 0 0 0 0 0 0 0 0 0 0 0 0 0 0 0 0 0 0 0 0 0 

running time: 23100 sec
 depth:9
 0  1  2  3  4  5  6  7  8  9  a  b  c  d  e  f 10 11 12 13 14 15 16 17 18 19 1a 1b 1c 1d 1e 1f 20 21 22 23 24 25 26 27 28 29 2a 2b 2c 2d 2e 2f 30 31 32 33 34 35 36 37 38 39 3a 3b 3c 3d 3e 3f 40 41 42 43 44 45 46 47 48 49 4a 4b 4c 4d 4e 4f 50 51 52 53 54 55 56 57 58 59 5a 5b 5c 5d 5e 5f 60 61 62 63 64 65 66 67 68 69 6a 6b 6c 6d 6e 6f 70 71 72 73 74 75 76 77 78 79 7a 7b 7c 7d 7e 7f 
 0  b 16 74 2c  4 69 17 58  d  8 2b 53 67 2e 38 31 51 1a 3d 10 -- 56 -- 27 6b 4f -- 5c -- 70 -- 62  1 23 79 34 -- 7a -- 20 -- -- -- 2d -- -- -- 4e 35 57 -- 1f -- -- -- 39 -- -- -- 61 -- -- -- 45 3a  2 4b 46 55 73 1c 68 5e -- -- 75 -- -- -- 40 7c -- -- -- -- -- -- 5a -- -- -- -- -- -- -- 1d 65 6a  e 2f -- -- -- 3e -- -- -- -- -- -- -- 72  7 -- -- -- -- -- -- 43 -- -- -- -- -- -- 7f 

solutions so far:0 maxDepth:14 
iterations:2092137351  skipped: 1134 
Depth skipped: 
0 0 96 1038 0 0 0 0 0 0 0 0 0 0 0 0 0 0 0 0 0 0 0 0 0 0 0 0 0 0 0 0 

running time: 23400 sec
 depth:8
 0  1  2  3  4  5  6  7  8  9  a  b  c  d  e  f 10 11 12 13 14 15 16 17 18 19 1a 1b 1c 1d 1e 1f 20 21 22 23 24 25 26 27 28 29 2a 2b 2c 2d 2e 2f 30 31 32 33 34 35 36 37 38 39 3a 3b 3c 3d 3e 3f 40 41 42 43 44 45 46 47 48 49 4a 4b 4c 4d 4e 4f 50 51 52 53 54 55 56 57 58 59 5a 5b 5c 5d 5e 5f 60 61 62 63 64 65 66 67 68 69 6a 6b 6c 6d 6e 6f 70 71 72 73 74 75 76 77 78 79 7a 7b 7c 7d 7e 7f 
 0  b 16 74 2c  3 69 68 58 10  6 13 53 66 51 75 31  2 20 --  c -- 26 -- 27 -- 4d -- 23 -- 6b -- 62 60  4 59 40 -- -- -- 18 -- -- -- 4c -- -- -- 4e 32 -- -- 1b -- -- -- 46 -- -- -- 57 -- -- -- 45 3a 41 34  8 49 33 7a  1 -- -- -- -- -- -- -- 30 6c -- -- -- -- -- -- 19 -- -- -- -- -- -- -- 1d 1a 64 3d -- -- -- -- 36 -- -- -- -- -- -- --  d 5e -- -- -- -- -- -- 2f -- -- -- -- -- -- 7f 

solutions so far:0 maxDepth:14 
iterations:2131581366  skipped: 1162 
Depth skipped: 
0 0 96 1066 0 0 0 0 0 0 0 0 0 0 0 0 0 0 0 0 0 0 0 0 0 0 0 0 0 0 0 0 

running time: 23700 sec
 depth:10
 0  1  2  3  4  5  6  7  8  9  a  b  c  d  e  f 10 11 12 13 14 15 16 17 18 19 1a 1b 1c 1d 1e 1f 20 21 22 23 24 25 26 27 28 29 2a 2b 2c 2d 2e 2f 30 31 32 33 34 35 36 37 38 39 3a 3b 3c 3d 3e 3f 40 41 42 43 44 45 46 47 48 49 4a 4b 4c 4d 4e 4f 50 51 52 53 54 55 56 57 58 59 5a 5b 5c 5d 5e 5f 60 61 62 63 64 65 66 67 68 69 6a 6b 6c 6d 6e 6f 70 71 72 73 74 75 76 77 78 79 7a 7b 7c 7d 7e 7f 
 0  b 16 74 2c  3 69 39 58 76  6 51 53 78 72  2 31 6e 6d 77  c 38 23 -- 27 3f 71 -- 65 --  4 -- 62 60 5d 1e 5b  e 6f -- 18 43 70 -- 46 -- -- -- 4e 1a 7e -- 63 -- -- -- 4b -- -- --  8 -- -- -- 45 3a 41 5c 3b 68 3c  1 37 7b 1c -- 5f -- -- -- 30  f  7 -- 61 -- -- --  d -- -- -- -- -- -- -- 1d 2e 34 40 7d -- -- -- 47 -- -- -- -- -- -- -- 17 20 -- -- -- -- -- -- 10 -- -- -- -- -- -- 7f 

solutions so far:0 maxDepth:14 
iterations:2169040616  skipped: 1190 
Depth skipped: 
0 0 96 1094 0 0 0 0 0 0 0 0 0 0 0 0 0 0 0 0 0 0 0 0 0 0 0 0 0 0 0 0 

running time: 24000 sec
 depth:9
 0  1  2  3  4  5  6  7  8  9  a  b  c  d  e  f 10 11 12 13 14 15 16 17 18 19 1a 1b 1c 1d 1e 1f 20 21 22 23 24 25 26 27 28 29 2a 2b 2c 2d 2e 2f 30 31 32 33 34 35 36 37 38 39 3a 3b 3c 3d 3e 3f 40 41 42 43 44 45 46 47 48 49 4a 4b 4c 4d 4e 4f 50 51 52 53 54 55 56 57 58 59 5a 5b 5c 5d 5e 5f 60 61 62 63 64 65 66 67 68 69 6a 6b 6c 6d 6e 6f 70 71 72 73 74 75 76 77 78 79 7a 7b 7c 7d 7e 7f 
 0  b 16 74 2c  3 69 23 58 37  6 6c 53 5f 46  9 31 76 6e 1e  c -- 59 -- 27 71 3f --  d -- 12 -- 62 60 6d 77 5d -- 3c -- 18 -- -- -- 33 -- -- -- 4e 4d 63 -- 7e -- -- -- 1a -- -- -- 24 -- -- -- 45 3a 41 51 5b 36 6f 44 3b  f -- -- 78 -- -- -- 30 7b -- -- -- -- -- -- 66 -- -- -- -- -- -- -- 1d 68 1b 22 47 -- -- -- 7d -- -- -- -- -- -- -- 34 11 -- -- -- -- -- -- 48 -- -- -- -- -- -- 7f 

solutions so far:0 maxDepth:14 
iterations:2198999526  skipped: 1204 
Depth skipped: 
0 0 96 1108 0 0 0 0 0 0 0 0 0 0 0 0 0 0 0 0 0 0 0 0 0 0 0 0 0 0 0 0 

running time: 24300 sec
 depth:9
 0  1  2  3  4  5  6  7  8  9  a  b  c  d  e  f 10 11 12 13 14 15 16 17 18 19 1a 1b 1c 1d 1e 1f 20 21 22 23 24 25 26 27 28 29 2a 2b 2c 2d 2e 2f 30 31 32 33 34 35 36 37 38 39 3a 3b 3c 3d 3e 3f 40 41 42 43 44 45 46 47 48 49 4a 4b 4c 4d 4e 4f 50 51 52 53 54 55 56 57 58 59 5a 5b 5c 5d 5e 5f 60 61 62 63 64 65 66 67 68 69 6a 6b 6c 6d 6e 6f 70 71 72 73 74 75 76 77 78 79 7a 7b 7c 7d 7e 7f 
 0  b 16 74 2c  3 69  d 58 1e  6 5c 53 29 1a 6e 31 63 3c 14  c -- 39 -- 27 21 52 -- 34 -- 5d -- 62 60 47 2a 78 -- 28 -- 18 -- -- -- 72 -- -- -- 4e 4b 42 -- 25 -- -- -- 68 -- -- -- 3b -- -- -- 45 3a 41 46  f 2e 54 37 71  a -- -- 50 -- -- -- 30 15 -- -- -- -- -- -- 65 -- -- -- -- -- -- -- 1d 23 17 5b  5 -- -- -- 4a -- -- -- -- -- -- -- 51 6d -- -- -- -- -- -- 76 -- -- -- -- -- -- 7f 

solutions so far:0 maxDepth:14 
iterations:2239034823  skipped: 1219 
Depth skipped: 
0 0 96 1123 0 0 0 0 0 0 0 0 0 0 0 0 0 0 0 0 0 0 0 0 0 0 0 0 0 0 0 0 

running time: 24600 sec
 depth:9
 0  1  2  3  4  5  6  7  8  9  a  b  c  d  e  f 10 11 12 13 14 15 16 17 18 19 1a 1b 1c 1d 1e 1f 20 21 22 23 24 25 26 27 28 29 2a 2b 2c 2d 2e 2f 30 31 32 33 34 35 36 37 38 39 3a 3b 3c 3d 3e 3f 40 41 42 43 44 45 46 47 48 49 4a 4b 4c 4d 4e 4f 50 51 52 53 54 55 56 57 58 59 5a 5b 5c 5d 5e 5f 60 61 62 63 64 65 66 67 68 69 6a 6b 6c 6d 6e 6f 70 71 72 73 74 75 76 77 78 79 7a 7b 7c 7d 7e 7f 
 0  b 16 74 2c  2 69 68 58 14  4 78 53 18 51 3f 31 42 28 6e  8 -- 71 -- 27 76 30 -- 23 -- 7e -- 62 40  5  6 50 -- 5d -- 10 -- -- -- 63 -- -- -- 4e  f 6d -- 60 -- -- -- 46 -- -- -- 7d -- -- -- 45 3a  1 34  a 3c  c 5f 21 37 -- -- 3b -- -- -- 20  3 -- -- -- -- -- -- 47 -- -- -- -- -- -- -- 1d 1a 1e 6f 5b -- -- -- 41 -- -- -- -- -- -- --  d 77 -- -- -- -- -- -- 7b -- -- -- -- -- -- 7f 

solutions so far:0 maxDepth:14 
iterations:2265987851  skipped: 1244 
Depth skipped: 
0 0 96 1148 0 0 0 0 0 0 0 0 0 0 0 0 0 0 0 0 0 0 0 0 0 0 0 0 0 0 0 0 

running time: 24900 sec
 depth:9
 0  1  2  3  4  5  6  7  8  9  a  b  c  d  e  f 10 11 12 13 14 15 16 17 18 19 1a 1b 1c 1d 1e 1f 20 21 22 23 24 25 26 27 28 29 2a 2b 2c 2d 2e 2f 30 31 32 33 34 35 36 37 38 39 3a 3b 3c 3d 3e 3f 40 41 42 43 44 45 46 47 48 49 4a 4b 4c 4d 4e 4f 50 51 52 53 54 55 56 57 58 59 5a 5b 5c 5d 5e 5f 60 61 62 63 64 65 66 67 68 69 6a 6b 6c 6d 6e 6f 70 71 72 73 74 75 76 77 78 79 7a 7b 7c 7d 7e 7f 
 0  b 16 74 2c  2 69 51 58 36  4 6e 53 35 23 13 31 66 6c 1f  8 -- 5d -- 27 79 6a -- 46 -- 26 -- 62 40 4d 2d 59 -- 3e -- 10 -- -- -- 3b -- -- -- 4e 6d 73 -- 55 -- -- --  d -- -- -- 4c -- -- -- 45 3a  1 68 1b 37 5a 49 33 4f -- -- 7c -- -- -- 20 56 -- -- -- -- -- -- 76 -- -- -- -- -- -- -- 1d 34 5b 64 67 -- -- -- 2b -- -- -- -- -- -- -- 1a 32 -- -- -- -- -- -- 19 -- -- -- -- -- -- 7f 

solutions so far:0 maxDepth:14 
iterations:2292523060  skipped: 1260 
Depth skipped: 
0 0 96 1164 0 0 0 0 0 0 0 0 0 0 0 0 0 0 0 0 0 0 0 0 0 0 0 0 0 0 0 0 

running time: 25200 sec
 depth:9
 0  1  2  3  4  5  6  7  8  9  a  b  c  d  e  f 10 11 12 13 14 15 16 17 18 19 1a 1b 1c 1d 1e 1f 20 21 22 23 24 25 26 27 28 29 2a 2b 2c 2d 2e 2f 30 31 32 33 34 35 36 37 38 39 3a 3b 3c 3d 3e 3f 40 41 42 43 44 45 46 47 48 49 4a 4b 4c 4d 4e 4f 50 51 52 53 54 55 56 57 58 59 5a 5b 5c 5d 5e 5f 60 61 62 63 64 65 66 67 68 69 6a 6b 6c 6d 6e 6f 70 71 72 73 74 75 76 77 78 79 7a 7b 7c 7d 7e 7f 
 0  b 16 74 2c  2 69 34 58 36  4 78 53  9 68 67 31 66 6c 2b  8 -- 71 -- 27 5a 12 -- 51 -- 4f -- 62 40 4d 22 59 -- 56 -- 10 -- -- -- 63 -- -- -- 4e  f 35 -- 24 -- -- -- 23 -- -- -- 1f -- -- -- 45 3a  1 1a 1b 3c 44 73 33 55 -- -- 2d -- -- -- 20 11 -- -- -- -- -- -- 47 -- -- -- -- -- -- -- 1d  d 1e 79 6a -- -- -- 48 -- -- -- -- -- -- -- 46 7c -- -- -- -- -- -- 3e -- -- -- -- -- -- 7f 

solutions so far:0 maxDepth:14 
iterations:2321075685  skipped: 1278 
Depth skipped: 
0 0 96 1182 0 0 0 0 0 0 0 0 0 0 0 0 0 0 0 0 0 0 0 0 0 0 0 0 0 0 0 0 

running time: 25500 sec
 depth:9
 0  1  2  3  4  5  6  7  8  9  a  b  c  d  e  f 10 11 12 13 14 15 16 17 18 19 1a 1b 1c 1d 1e 1f 20 21 22 23 24 25 26 27 28 29 2a 2b 2c 2d 2e 2f 30 31 32 33 34 35 36 37 38 39 3a 3b 3c 3d 3e 3f 40 41 42 43 44 45 46 47 48 49 4a 4b 4c 4d 4e 4f 50 51 52 53 54 55 56 57 58 59 5a 5b 5c 5d 5e 5f 60 61 62 63 64 65 66 67 68 69 6a 6b 6c 6d 6e 6f 70 71 72 73 74 75 76 77 78 79 7a 7b 7c 7d 7e 7f 
 0  b 16 74 2c  2 69 23 58 57  4 50 53 4c 46 17 31 7a 2f 4f  8 -- 21 -- 27 7c 19 --  d -- 2e -- 62 40 75 13 5e -- 1f -- 10 -- -- -- 42 -- -- -- 4e  a 79 -- 32 -- -- -- 1a -- -- -- 5c -- -- -- 45 3a  1 51 6b 28 26 4b 3d 67 -- -- 3e -- -- -- 20 49 -- -- -- -- -- --  5 -- -- -- -- -- -- -- 1d 68 14 65 73 -- -- -- 64 -- -- -- -- -- -- -- 34 72 -- -- -- -- -- -- 39 -- -- -- -- -- -- 7f 

solutions so far:0 maxDepth:14 
iterations:2346753404  skipped: 1289 
Depth skipped: 
0 0 96 1193 0 0 0 0 0 0 0 0 0 0 0 0 0 0 0 0 0 0 0 0 0 0 0 0 0 0 0 0 

running time: 25800 sec
 depth:10
 0  1  2  3  4  5  6  7  8  9  a  b  c  d  e  f 10 11 12 13 14 15 16 17 18 19 1a 1b 1c 1d 1e 1f 20 21 22 23 24 25 26 27 28 29 2a 2b 2c 2d 2e 2f 30 31 32 33 34 35 36 37 38 39 3a 3b 3c 3d 3e 3f 40 41 42 43 44 45 46 47 48 49 4a 4b 4c 4d 4e 4f 50 51 52 53 54 55 56 57 58 59 5a 5b 5c 5d 5e 5f 60 61 62 63 64 65 66 67 68 69 6a 6b 6c 6d 6e 6f 70 71 72 73 74 75 76 77 78 79 7a 7b 7c 7d 7e 7f 
 0  b 16 74 2c  2 69 1a 58  6  4 52 53  e 34 67 31 60  c 19  8 14 25 -- 27 49 1c -- 68 -- 4f -- 62 40 41 43 18  5 32 -- 10 21 28 -- 4a -- -- -- 4e 2a 13 -- 38 -- -- -- 51 -- -- -- 1f -- -- -- 45 3a  1  d  3 29  7 73 30 4c  a -- 64 -- -- -- 20 61 42 -- 50 -- -- -- 15 -- -- -- -- -- -- -- 1d 46 54 79 26 -- -- -- 70 -- -- -- -- -- -- -- 23 7c -- -- -- -- -- -- 3e -- -- -- -- -- -- 7f 

solutions so far:0 maxDepth:14 
iterations:2371433236  skipped: 1295 
Depth skipped: 
0 0 96 1199 0 0 0 0 0 0 0 0 0 0 0 0 0 0 0 0 0 0 0 0 0 0 0 0 0 0 0 0 

running time: 26100 sec
 depth:11
 0  1  2  3  4  5  6  7  8  9  a  b  c  d  e  f 10 11 12 13 14 15 16 17 18 19 1a 1b 1c 1d 1e 1f 20 21 22 23 24 25 26 27 28 29 2a 2b 2c 2d 2e 2f 30 31 32 33 34 35 36 37 38 39 3a 3b 3c 3d 3e 3f 40 41 42 43 44 45 46 47 48 49 4a 4b 4c 4d 4e 4f 50 51 52 53 54 55 56 57 58 59 5a 5b 5c 5d 5e 5f 60 61 62 63 64 65 66 67 68 69 6a 6b 6c 6d 6e 6f 70 71 72 73 74 75 76 77 78 79 7a 7b 7c 7d 7e 7f 
 0  b 16 74 2c  1 69 72 58 1b  2 46 53 5f 65 19 31 33 36  7  4 25  d 73 27 38 3f -- 4b -- 32 -- 62 20 66 77 6c 29  e --  8 2a 4a -- 1a -- 67 -- 4e 68 70 -- 7e -- -- -- 17 1f -- -- 64 -- -- -- 45 3a 40 39 4d 23 6f 4c 59 43 52 79 1c -- -- -- 10 7b 54 -- 15 -- -- -- 34 -- -- -- 4f -- -- -- 1d 5c 51 26 61 7c -- -- 7d -- -- -- -- -- -- -- 2e 13 3e -- -- -- -- -- 49 -- -- -- -- -- -- 7f 

solutions so far:0 maxDepth:14 
iterations:2397257014  skipped: 1320 
Depth skipped: 
0 0 96 1224 0 0 0 0 0 0 0 0 0 0 0 0 0 0 0 0 0 0 0 0 0 0 0 0 0 0 0 0 

running time: 26400 sec
 depth:9
 0  1  2  3  4  5  6  7  8  9  a  b  c  d  e  f 10 11 12 13 14 15 16 17 18 19 1a 1b 1c 1d 1e 1f 20 21 22 23 24 25 26 27 28 29 2a 2b 2c 2d 2e 2f 30 31 32 33 34 35 36 37 38 39 3a 3b 3c 3d 3e 3f 40 41 42 43 44 45 46 47 48 49 4a 4b 4c 4d 4e 4f 50 51 52 53 54 55 56 57 58 59 5a 5b 5c 5d 5e 5f 60 61 62 63 64 65 66 67 68 69 6a 6b 6c 6d 6e 6f 70 71 72 73 74 75 76 77 78 79 7a 7b 7c 7d 7e 7f 
 0  b 16 74 2c  1 69 65 58 32  2 5e 53 47 4b 18 31 26 64 2d  4 -- 3d -- 27 6a  f -- 17 -- 30 -- 62 20 4c 71 49 -- 5a --  8 -- -- -- 7a -- -- -- 4e 6b 55 -- 1e -- -- -- 2e -- -- -- 60 -- -- -- 45 3a 40 72 19 2f 63  c 13 56 -- -- 35 -- -- -- 10 78 -- -- -- -- -- -- 75 -- -- -- -- -- -- -- 1d 39 57  6 2b -- -- -- 3c -- -- -- -- -- -- -- 5c  3 -- -- -- -- -- -- 41 -- -- -- -- -- -- 7f 

solutions so far:0 maxDepth:14 
iterations:2423602300  skipped: 1329 
Depth skipped: 
0 0 96 1233 0 0 0 0 0 0 0 0 0 0 0 0 0 0 0 0 0 0 0 0 0 0 0 0 0 0 0 0 

running time: 26700 sec
 depth:9
 0  1  2  3  4  5  6  7  8  9  a  b  c  d  e  f 10 11 12 13 14 15 16 17 18 19 1a 1b 1c 1d 1e 1f 20 21 22 23 24 25 26 27 28 29 2a 2b 2c 2d 2e 2f 30 31 32 33 34 35 36 37 38 39 3a 3b 3c 3d 3e 3f 40 41 42 43 44 45 46 47 48 49 4a 4b 4c 4d 4e 4f 50 51 52 53 54 55 56 57 58 59 5a 5b 5c 5d 5e 5f 60 61 62 63 64 65 66 67 68 69 6a 6b 6c 6d 6e 6f 70 71 72 73 74 75 76 77 78 79 7a 7b 7c 7d 7e 7f 
 0  b 16 74 2c  1 69 51 58 63  2 14 53 32 23 36 31 3c 47 5f  4 -- 28 -- 27 7d 64 -- 46 -- 6c -- 62 20 78 4c  f -- 3f --  8 -- -- -- 50 -- -- -- 4e 42 7b -- 49 -- -- --  d -- -- -- 59 -- -- -- 45 3a 40 68 71  a 19 1b 1e 6f -- -- 7e -- -- -- 10 26 -- -- -- -- -- -- 21 -- -- -- -- -- -- -- 1d 34  5 4d 77 -- -- -- 13 -- -- -- -- -- -- -- 1a 66 -- -- -- -- -- -- 33 -- -- -- -- -- -- 7f 

solutions so far:0 maxDepth:14 
iterations:2447428023  skipped: 1341 
Depth skipped: 
0 0 96 1245 0 0 0 0 0 0 0 0 0 0 0 0 0 0 0 0 0 0 0 0 0 0 0 0 0 0 0 0 

running time: 27000 sec
 depth:10
 0  1  2  3  4  5  6  7  8  9  a  b  c  d  e  f 10 11 12 13 14 15 16 17 18 19 1a 1b 1c 1d 1e 1f 20 21 22 23 24 25 26 27 28 29 2a 2b 2c 2d 2e 2f 30 31 32 33 34 35 36 37 38 39 3a 3b 3c 3d 3e 3f 40 41 42 43 44 45 46 47 48 49 4a 4b 4c 4d 4e 4f 50 51 52 53 54 55 56 57 58 59 5a 5b 5c 5d 5e 5f 60 61 62 63 64 65 66 67 68 69 6a 6b 6c 6d 6e 6f 70 71 72 73 74 75 76 77 78 79 7a 7b 7c 7d 7e 7f 
 0  b 16 74 2c  1 69 4b 58 11  2 1b 53 79 17  c 31 12 22 1a  4 5b 36 -- 27 51 73 -- 2e -- 18 -- 62 20 24 3e 44 76 34 --  8 5d 37 -- 6c -- -- -- 4e 33 23 -- 67 -- -- -- 5c -- -- -- 30 -- -- -- 45 3a 40 65 48 4d 7c  6  9  d 6d -- 68 -- -- -- 10 1f 3b -- 6e -- -- -- 59 -- -- -- -- -- -- -- 1d 72 66  3 46 -- -- -- 4f -- -- -- -- -- -- -- 39 41 -- -- -- -- -- -- 60 -- -- -- -- -- -- 7f 

solutions so far:0 maxDepth:14 
iterations:2471512846  skipped: 1345 
Depth skipped: 
0 0 96 1249 0 0 0 0 0 0 0 0 0 0 0 0 0 0 0 0 0 0 0 0 0 0 0 0 0 0 0 0 

running time: 27300 sec
 depth:9
 0  1  2  3  4  5  6  7  8  9  a  b  c  d  e  f 10 11 12 13 14 15 16 17 18 19 1a 1b 1c 1d 1e 1f 20 21 22 23 24 25 26 27 28 29 2a 2b 2c 2d 2e 2f 30 31 32 33 34 35 36 37 38 39 3a 3b 3c 3d 3e 3f 40 41 42 43 44 45 46 47 48 49 4a 4b 4c 4d 4e 4f 50 51 52 53 54 55 56 57 58 59 5a 5b 5c 5d 5e 5f 60 61 62 63 64 65 66 67 68 69 6a 6b 6c 6d 6e 6f 70 71 72 73 74 75 76 77 78 79 7a 7b 7c 7d 7e 7f 
 0  b 16 74 2c  1 69 39 58 3f  2 48 53 70 72 60 31 77 7e 15  4 -- 11 -- 27 29 61 -- 65 -- 41 -- 62 20 6f 1c 7d -- 2a --  8 -- -- -- 22 -- -- -- 4e  9 52 -- 43 -- -- -- 4b -- -- --  3 -- -- -- 45 3a 40 5c 5f 24 38 30 7b 4a -- -- 54 -- -- -- 10  e -- -- -- -- -- -- 44 -- -- -- -- -- -- -- 1d 2e 12 18 25 -- -- --  7 -- -- -- -- -- -- -- 17  c -- -- -- -- -- --  6 -- -- -- -- -- -- 7f 

solutions so far:0 maxDepth:14 
iterations:2495764608  skipped: 1356 
Depth skipped: 
0 0 96 1260 0 0 0 0 0 0 0 0 0 0 0 0 0 0 0 0 0 0 0 0 0 0 0 0 0 0 0 0 

running time: 27600 sec
 depth:10
 0  1  2  3  4  5  6  7  8  9  a  b  c  d  e  f 10 11 12 13 14 15 16 17 18 19 1a 1b 1c 1d 1e 1f 20 21 22 23 24 25 26 27 28 29 2a 2b 2c 2d 2e 2f 30 31 32 33 34 35 36 37 38 39 3a 3b 3c 3d 3e 3f 40 41 42 43 44 45 46 47 48 49 4a 4b 4c 4d 4e 4f 50 51 52 53 54 55 56 57 58 59 5a 5b 5c 5d 5e 5f 60 61 62 63 64 65 66 67 68 69 6a 6b 6c 6d 6e 6f 70 71 72 73 74 75 76 77 78 79 7a 7b 7c 7d 7e 7f 
 0  b 16 74 2c  1 69 2e 58 41  2 68 53 37 5c 6c 31 18  3 5f  4 15 51 -- 27 7d 6e -- 39 -- 59 -- 62 20 30 6d  6 25 3f --  8 29 2a -- 23 -- -- -- 4e  d 7b -- 5d -- -- -- 72 -- -- -- 33 -- -- -- 45 3a 40 17 60 34 5b 36  c 6f 4a -- 7e -- -- -- 10 76 52 -- 54 -- -- -- 46 -- -- -- -- -- -- -- 1d 4b 1a 1b 77 -- -- -- 3b -- -- -- -- -- -- -- 65 4d -- -- -- -- -- -- 66 -- -- -- -- -- -- 7f 

solutions so far:0 maxDepth:14 
iterations:2524712530  skipped: 1364 
Depth skipped: 
0 0 96 1268 0 0 0 0 0 0 0 0 0 0 0 0 0 0 0 0 0 0 0 0 0 0 0 0 0 0 0 0 

running time: 27900 sec
 depth:10
 0  1  2  3  4  5  6  7  8  9  a  b  c  d  e  f 10 11 12 13 14 15 16 17 18 19 1a 1b 1c 1d 1e 1f 20 21 22 23 24 25 26 27 28 29 2a 2b 2c 2d 2e 2f 30 31 32 33 34 35 36 37 38 39 3a 3b 3c 3d 3e 3f 40 41 42 43 44 45 46 47 48 49 4a 4b 4c 4d 4e 4f 50 51 52 53 54 55 56 57 58 59 5a 5b 5c 5d 5e 5f 60 61 62 63 64 65 66 67 68 69 6a 6b 6c 6d 6e 6f 70 71 72 73 74 75 76 77 78 79 7a 7b 7c 7d 7e 7f 
 0  b 16 74 2c  1 69 1a 58  e  2 5f 53  c 34 6d 31 61 1c 75  4 47 3f -- 27 2f 18 -- 68 -- 5b -- 62 20 43  3 38 71 6b --  8 3c  f -- 7e -- -- -- 4e 7b 5e -- 30 -- -- -- 51 -- -- -- 37 -- -- -- 45 3a 40  d  7 6f  6 76 70 7a 63 -- 57 -- -- -- 10 41 78 -- 1e -- -- -- 7d -- -- -- -- -- -- -- 1d 46 77 3b 3d -- -- -- 60 -- -- -- -- -- -- -- 23 5d -- -- -- -- -- -- 6e -- -- -- -- -- -- 7f 

solutions so far:0 maxDepth:14 
iterations:2559422192  skipped: 1377 
Depth skipped: 
0 0 96 1281 0 0 0 0 0 0 0 0 0 0 0 0 0 0 0 0 0 0 0 0 0 0 0 0 0 0 0 0 

running time: 28200 sec

Finished. Total running time: 28370 sec
