Search S-boxes invariant for matrix: 
{0x00,0x02,0x04,0x06,0x08,0x0a,0x0c,0x0e,0x10,0x12,0x14,0x16,0x18,0x1a,0x1c,0x1e,0x20,0x22,0x24,0x26,0x28,0x2a,0x2c,0x2e,0x30,0x32,0x34,0x36,0x38,0x3a,0x3c,0x3e,0x40,0x42,0x44,0x46,0x48,0x4a,0x4c,0x4e,0x50,0x52,0x54,0x56,0x58,0x5a,0x5c,0x5e,0x60,0x62,0x64,0x66,0x68,0x6a,0x6c,0x6e,0x70,0x72,0x74,0x76,0x78,0x7a,0x7c,0x7e,0x01,0x03,0x05,0x07,0x09,0x0b,0x0d,0x0f,0x11,0x13,0x15,0x17,0x19,0x1b,0x1d,0x1f,0x21,0x23,0x25,0x27,0x29,0x2b,0x2d,0x2f,0x31,0x33,0x35,0x37,0x39,0x3b,0x3d,0x3f,0x41,0x43,0x45,0x47,0x49,0x4b,0x4d,0x4f,0x51,0x53,0x55,0x57,0x59,0x5b,0x5d,0x5f,0x61,0x63,0x65,0x67,0x69,0x6b,0x6d,0x6f,0x71,0x73,0x75,0x77,0x79,0x7b,0x7d,0x7f};



 depth:10
 0  1  2  3  4  5  6  7  8  9  a  b  c  d  e  f 10 11 12 13 14 15 16 17 18 19 1a 1b 1c 1d 1e 1f 20 21 22 23 24 25 26 27 28 29 2a 2b 2c 2d 2e 2f 30 31 32 33 34 35 36 37 38 39 3a 3b 3c 3d 3e 3f 40 41 42 43 44 45 46 47 48 49 4a 4b 4c 4d 4e 4f 50 51 52 53 54 55 56 57 58 59 5a 5b 5c 5d 5e 5f 60 61 62 63 64 65 66 67 68 69 6a 6b 6c 6d 6e 6f 70 71 72 73 74 75 76 77 78 79 7a 7b 7c 7d 7e 7f 
 0  d 1a 4b 34 10 17 69 68 3c 20 7c 2e 1c 53 7e 51 47 78 32 40 33 79 -- 5c 13 38 -- 27 -- 7d -- 23  4  f  7 71 6c 64 --  1 1b 66 -- 73 -- -- -- 39 4f 26 -- 70 -- -- -- 4e -- -- -- 7b -- -- -- 46 65  8 74 1e 3e  e 3f 63 19 59 -- 49 -- -- --  2 43 36 -- 4d -- -- -- 67 -- -- -- -- -- -- -- 72 3a 1f 5f 4c -- -- -- 61 -- -- -- -- -- -- -- 1d 6f -- -- -- -- -- -- 77 -- -- -- -- -- -- 7f 

solutions so far:0 maxDepth:13 
iterations:23579933  skipped: 206 
Depth skipped: 
0 0 96 110 0 0 0 0 0 0 0 0 0 0 0 0 0 0 0 0 0 0 0 0 0 0 0 0 0 0 0 0 

running time: 300 sec
 depth:9
 0  1  2  3  4  5  6  7  8  9  a  b  c  d  e  f 10 11 12 13 14 15 16 17 18 19 1a 1b 1c 1d 1e 1f 20 21 22 23 24 25 26 27 28 29 2a 2b 2c 2d 2e 2f 30 31 32 33 34 35 36 37 38 39 3a 3b 3c 3d 3e 3f 40 41 42 43 44 45 46 47 48 49 4a 4b 4c 4d 4e 4f 50 51 52 53 54 55 56 57 58 59 5a 5b 5c 5d 5e 5f 60 61 62 63 64 65 66 67 68 69 6a 6b 6c 6d 6e 6f 70 71 72 73 74 75 76 77 78 79 7a 7b 7c 7d 7e 7f 
 0  d 1a 4b 34 10 17 53 68 24 20 73 2e  e 27 4a 51 44 48 5f 40 -- 67 -- 5c 7d 1c -- 4e -- 15 -- 23  4  9 43 11 -- 3f --  1 -- -- -- 4f -- -- -- 39 3e 7b -- 38 -- -- -- 1d -- -- -- 2a -- -- -- 46 65  8 69 12 79  7 25 22 6f -- -- 7e -- -- --  2 61 -- -- -- -- -- -- 1f -- -- -- -- -- -- -- 72 74 7c 52 77 -- -- -- 70 -- -- -- -- -- -- -- 3a 29 -- -- -- -- -- -- 54 -- -- -- -- -- -- 7f 

solutions so far:0 maxDepth:13 
iterations:43290915  skipped: 219 
Depth skipped: 
0 0 96 123 0 0 0 0 0 0 0 0 0 0 0 0 0 0 0 0 0 0 0 0 0 0 0 0 0 0 0 0 

running time: 600 sec
 depth:10
 0  1  2  3  4  5  6  7  8  9  a  b  c  d  e  f 10 11 12 13 14 15 16 17 18 19 1a 1b 1c 1d 1e 1f 20 21 22 23 24 25 26 27 28 29 2a 2b 2c 2d 2e 2f 30 31 32 33 34 35 36 37 38 39 3a 3b 3c 3d 3e 3f 40 41 42 43 44 45 46 47 48 49 4a 4b 4c 4d 4e 4f 50 51 52 53 54 55 56 57 58 59 5a 5b 5c 5d 5e 5f 60 61 62 63 64 65 66 67 68 69 6a 6b 6c 6d 6e 6f 70 71 72 73 74 75 76 77 78 79 7a 7b 7c 7d 7e 7f 
 0  d 1a 4b 34 10 17 27 68 6e 20 21 2e 2d 4e 22 51 6d 5d 29 40 3c 42 -- 5c 4a 5a -- 1d -- 44 -- 23  4 5b 2b 3b  f 52 --  1 63 78 --  5 -- -- -- 39 14 15 -- 35 -- -- -- 3a -- -- --  9 -- -- -- 46 65  8 53 37 50 56 11 76 54 1e -- 25 -- -- --  2 55 47 -- 71 -- -- --  a -- -- -- -- -- -- -- 72 69 28 48 2a -- -- -- 6a -- -- -- -- -- -- -- 74 24 -- -- -- -- -- -- 12 -- -- -- -- -- -- 7f 

solutions so far:0 maxDepth:13 
iterations:80839012  skipped: 251 
Depth skipped: 
0 0 96 155 0 0 0 0 0 0 0 0 0 0 0 0 0 0 0 0 0 0 0 0 0 0 0 0 0 0 0 0 

running time: 900 sec
 depth:11
 0  1  2  3  4  5  6  7  8  9  a  b  c  d  e  f 10 11 12 13 14 15 16 17 18 19 1a 1b 1c 1d 1e 1f 20 21 22 23 24 25 26 27 28 29 2a 2b 2c 2d 2e 2f 30 31 32 33 34 35 36 37 38 39 3a 3b 3c 3d 3e 3f 40 41 42 43 44 45 46 47 48 49 4a 4b 4c 4d 4e 4f 50 51 52 53 54 55 56 57 58 59 5a 5b 5c 5d 5e 5f 60 61 62 63 64 65 66 67 68 69 6a 6b 6c 6d 6e 6f 70 71 72 73 74 75 76 77 78 79 7a 7b 7c 7d 7e 7f 
 0  d 1a 4b 34  f 17 74 68 7e 1e 6a 2e 62 69 20 51 6f 7d  3 3c 4a 55 57 5c 18 45 -- 53 -- 40 -- 23 63 5f 58 7b 52  6 -- 78 54 15 -- 2b -- 2f -- 39 2d 30 --  b -- -- -- 27 3d -- --  1 -- -- -- 46 65 47 3a 3f 35 31 10 77 41 25 6b  c -- -- -- 71 2c 29 -- 2a -- -- -- 56 -- -- -- 5e -- -- -- 72 1d 5a  8 60 75 -- -- 16 -- -- -- -- -- -- -- 4e  4 7a -- -- -- -- --  2 -- -- -- -- -- -- 7f 

solutions so far:0 maxDepth:13 
iterations:111001515  skipped: 283 
Depth skipped: 
0 0 96 187 0 0 0 0 0 0 0 0 0 0 0 0 0 0 0 0 0 0 0 0 0 0 0 0 0 0 0 0 

running time: 1200 sec
 depth:11
 0  1  2  3  4  5  6  7  8  9  a  b  c  d  e  f 10 11 12 13 14 15 16 17 18 19 1a 1b 1c 1d 1e 1f 20 21 22 23 24 25 26 27 28 29 2a 2b 2c 2d 2e 2f 30 31 32 33 34 35 36 37 38 39 3a 3b 3c 3d 3e 3f 40 41 42 43 44 45 46 47 48 49 4a 4b 4c 4d 4e 4f 50 51 52 53 54 55 56 57 58 59 5a 5b 5c 5d 5e 5f 60 61 62 63 64 65 66 67 68 69 6a 6b 6c 6d 6e 6f 70 71 72 73 74 75 76 77 78 79 7a 7b 7c 7d 7e 7f 
 0  d 1a 4b 34  f 17 69 68 2b 1e  3 2e  7 53 33 51 35 56 76 3c 6f  6 13 5c 37  e -- 27 -- 66 -- 23 63 6a 61 2d 7b 6d -- 78 7e 5f --  c -- 26 -- 39 30 6e -- 1c -- -- -- 4e 19 -- -- 4d -- -- -- 46 65 47 74 55 41 43 59 5a 3b 77 49 5b -- -- -- 71 70 7d -- 3f -- -- -- 18 -- -- -- 4c -- -- -- 72 3a 60 6c 5d 64 -- -- 38 -- -- -- -- -- -- -- 1d 36 32 -- -- -- -- -- 1b -- -- -- -- -- -- 7f 

solutions so far:0 maxDepth:13 
iterations:135588738  skipped: 291 
Depth skipped: 
0 0 96 195 0 0 0 0 0 0 0 0 0 0 0 0 0 0 0 0 0 0 0 0 0 0 0 0 0 0 0 0 

running time: 1500 sec
 depth:9
 0  1  2  3  4  5  6  7  8  9  a  b  c  d  e  f 10 11 12 13 14 15 16 17 18 19 1a 1b 1c 1d 1e 1f 20 21 22 23 24 25 26 27 28 29 2a 2b 2c 2d 2e 2f 30 31 32 33 34 35 36 37 38 39 3a 3b 3c 3d 3e 3f 40 41 42 43 44 45 46 47 48 49 4a 4b 4c 4d 4e 4f 50 51 52 53 54 55 56 57 58 59 5a 5b 5c 5d 5e 5f 60 61 62 63 64 65 66 67 68 69 6a 6b 6c 6d 6e 6f 70 71 72 73 74 75 76 77 78 79 7a 7b 7c 7d 7e 7f 
 0  d 1a 4b 34  f 17 3a 68 6b 1e  3 2e 37 74 24 51 3d 57 32 3c --  6 -- 5c 13 6e -- 69 -- 48 -- 23 63 7a 6d 2f -- 64 -- 78 -- -- --  c -- -- -- 39 30 26 -- 5d -- -- -- 53 -- -- -- 11 -- -- -- 46 65 47 1d 75 41 5b 12 5e 19 -- -- 49 -- -- -- 71 76 -- -- -- -- -- -- 18 -- -- -- -- -- -- -- 72 4e 60  9 4c -- -- -- 3b -- -- -- -- -- -- -- 27 44 -- -- -- -- -- -- 22 -- -- -- -- -- -- 7f 

solutions so far:0 maxDepth:13 
iterations:170199718  skipped: 321 
Depth skipped: 
0 0 96 225 0 0 0 0 0 0 0 0 0 0 0 0 0 0 0 0 0 0 0 0 0 0 0 0 0 0 0 0 

running time: 1800 sec
 depth:9
 0  1  2  3  4  5  6  7  8  9  a  b  c  d  e  f 10 11 12 13 14 15 16 17 18 19 1a 1b 1c 1d 1e 1f 20 21 22 23 24 25 26 27 28 29 2a 2b 2c 2d 2e 2f 30 31 32 33 34 35 36 37 38 39 3a 3b 3c 3d 3e 3f 40 41 42 43 44 45 46 47 48 49 4a 4b 4c 4d 4e 4f 50 51 52 53 54 55 56 57 58 59 5a 5b 5c 5d 5e 5f 60 61 62 63 64 65 66 67 68 69 6a 6b 6c 6d 6e 6f 70 71 72 73 74 75 76 77 78 79 7a 7b 7c 7d 7e 7f 
 0  d 1a 4b 34  f 17 1d 68 4c 1e 29 2e 40 3a 3d 51 49 19  7 3c -- 52 -- 5c 38  1 -- 74 -- 7a -- 23 63 13 10 32 --  e -- 78 -- -- -- 25 -- -- -- 39 15 70 --  2 -- -- -- 69 -- -- -- 75 -- -- -- 46 65 47 4e 26 54 20 5e 64 43 -- -- 1c -- -- -- 71  8 -- -- -- -- -- -- 4a -- -- -- -- -- -- -- 72 27 2a 2f 61 -- -- --  4 -- -- -- -- -- -- -- 53 57 -- -- -- -- -- -- 6b -- -- -- -- -- -- 7f 

solutions so far:0 maxDepth:13 
iterations:200031492  skipped: 339 
Depth skipped: 
0 0 96 243 0 0 0 0 0 0 0 0 0 0 0 0 0 0 0 0 0 0 0 0 0 0 0 0 0 0 0 0 

running time: 2100 sec
 depth:10
 0  1  2  3  4  5  6  7  8  9  a  b  c  d  e  f 10 11 12 13 14 15 16 17 18 19 1a 1b 1c 1d 1e 1f 20 21 22 23 24 25 26 27 28 29 2a 2b 2c 2d 2e 2f 30 31 32 33 34 35 36 37 38 39 3a 3b 3c 3d 3e 3f 40 41 42 43 44 45 46 47 48 49 4a 4b 4c 4d 4e 4f 50 51 52 53 54 55 56 57 58 59 5a 5b 5c 5d 5e 5f 60 61 62 63 64 65 66 67 68 69 6a 6b 6c 6d 6e 6f 70 71 72 73 74 75 76 77 78 79 7a 7b 7c 7d 7e 7f 
 0  d 1a 4b 34  e 17 69 68 3e 1c 33 2e 6e 53 2b 51 67 7c 19 38 20 66 -- 5c 49 5d -- 27 -- 56 -- 23 43 4f 5b 79  8 32 -- 70  2 40 -- 4d -- -- -- 39 36 13 -- 3b -- -- -- 4e -- -- -- 2d -- -- -- 46 65  7 74 1f 59 37 55 73 4c 10 -- 64 -- -- -- 61 6d  4 --  1 -- -- -- 1b -- -- -- -- -- -- -- 72 3a 6c 6a 26 -- -- -- 76 -- -- -- -- -- -- -- 1d 35 -- -- -- -- -- -- 5a -- -- -- -- -- -- 7f 

solutions so far:0 maxDepth:13 
iterations:230045376  skipped: 374 
Depth skipped: 
0 0 96 278 0 0 0 0 0 0 0 0 0 0 0 0 0 0 0 0 0 0 0 0 0 0 0 0 0 0 0 0 

running time: 2400 sec
 depth:8
 0  1  2  3  4  5  6  7  8  9  a  b  c  d  e  f 10 11 12 13 14 15 16 17 18 19 1a 1b 1c 1d 1e 1f 20 21 22 23 24 25 26 27 28 29 2a 2b 2c 2d 2e 2f 30 31 32 33 34 35 36 37 38 39 3a 3b 3c 3d 3e 3f 40 41 42 43 44 45 46 47 48 49 4a 4b 4c 4d 4e 4f 50 51 52 53 54 55 56 57 58 59 5a 5b 5c 5d 5e 5f 60 61 62 63 64 65 66 67 68 69 6a 6b 6c 6d 6e 6f 70 71 72 73 74 75 76 77 78 79 7a 7b 7c 7d 7e 7f 
 0  d 1a 4b 34  e 17 4e 68 25 1c 75 2e 64 1d 6f 51 54 4a -- 38 -- 6b -- 5c -- 49 -- 3a -- 5f -- 23 43 29 19 15 -- -- -- 70 -- -- -- 57 -- -- -- 39 5e -- -- 13 -- -- -- 74 -- -- -- 3f -- -- -- 46 65  7 27 52 7a 32 77 2a -- -- -- -- -- -- -- 61 4c -- -- -- -- -- -- 2f -- -- -- -- -- -- -- 72 53 3d 7b -- -- -- -- 26 -- -- -- -- -- -- -- 69 7d -- -- -- -- -- -- 7e -- -- -- -- -- -- 7f 

solutions so far:0 maxDepth:13 
iterations:264546503  skipped: 392 
Depth skipped: 
0 0 96 296 0 0 0 0 0 0 0 0 0 0 0 0 0 0 0 0 0 0 0 0 0 0 0 0 0 0 0 0 

running time: 2700 sec
 depth:9
 0  1  2  3  4  5  6  7  8  9  a  b  c  d  e  f 10 11 12 13 14 15 16 17 18 19 1a 1b 1c 1d 1e 1f 20 21 22 23 24 25 26 27 28 29 2a 2b 2c 2d 2e 2f 30 31 32 33 34 35 36 37 38 39 3a 3b 3c 3d 3e 3f 40 41 42 43 44 45 46 47 48 49 4a 4b 4c 4d 4e 4f 50 51 52 53 54 55 56 57 58 59 5a 5b 5c 5d 5e 5f 60 61 62 63 64 65 66 67 68 69 6a 6b 6c 6d 6e 6f 70 71 72 73 74 75 76 77 78 79 7a 7b 7c 7d 7e 7f 
 0  d 1a 4b 34  e 17 1d 68 1e 1c 12 2e 7a 3a 4a 51 63 3c 21 38 -- 24 -- 5c  a 75 -- 74 -- 15 -- 23 43 47 5e 78 -- 42 -- 70 -- -- -- 48 -- -- -- 39 22 14 -- 6b -- -- -- 69 -- -- -- 2a -- -- -- 46 65  7 4e  f  9 3d 25 71 50 -- --  5 -- -- -- 61 2f -- -- -- -- -- -- 11 -- -- -- -- -- -- -- 72 27 44 52 28 -- -- -- 57 -- -- -- -- -- -- -- 53 29 -- -- -- -- -- -- 54 -- -- -- -- -- -- 7f 

solutions so far:0 maxDepth:13 
iterations:310506071  skipped: 426 
Depth skipped: 
0 0 96 330 0 0 0 0 0 0 0 0 0 0 0 0 0 0 0 0 0 0 0 0 0 0 0 0 0 0 0 0 

running time: 3000 sec
 depth:9
 0  1  2  3  4  5  6  7  8  9  a  b  c  d  e  f 10 11 12 13 14 15 16 17 18 19 1a 1b 1c 1d 1e 1f 20 21 22 23 24 25 26 27 28 29 2a 2b 2c 2d 2e 2f 30 31 32 33 34 35 36 37 38 39 3a 3b 3c 3d 3e 3f 40 41 42 43 44 45 46 47 48 49 4a 4b 4c 4d 4e 4f 50 51 52 53 54 55 56 57 58 59 5a 5b 5c 5d 5e 5f 60 61 62 63 64 65 66 67 68 69 6a 6b 6c 6d 6e 6f 70 71 72 73 74 75 76 77 78 79 7a 7b 7c 7d 7e 7f 
 0  d 1a 4b 34  c 17 53 68  8 18 21 2e 78 27 6a 51  1 10 58 30 -- 42 -- 5c 45 71 -- 4e -- 55 -- 23  3  2 1e 20 -- 31 -- 60 -- -- --  5 -- -- -- 39 14  b -- 63 -- -- -- 1d -- -- -- 2b -- -- -- 46 65  6 69  4 50 3c 35 40 2c -- -- 62 -- -- -- 41  f -- -- -- -- -- --  a -- -- -- -- -- -- -- 72 74 28 5a 16 -- -- -- 47 -- -- -- -- -- -- -- 3a 2d -- -- -- -- -- -- 56 -- -- -- -- -- -- 7f 

solutions so far:0 maxDepth:13 
iterations:356396529  skipped: 478 
Depth skipped: 
0 0 96 382 0 0 0 0 0 0 0 0 0 0 0 0 0 0 0 0 0 0 0 0 0 0 0 0 0 0 0 0 

running time: 3300 sec
 depth:9
 0  1  2  3  4  5  6  7  8  9  a  b  c  d  e  f 10 11 12 13 14 15 16 17 18 19 1a 1b 1c 1d 1e 1f 20 21 22 23 24 25 26 27 28 29 2a 2b 2c 2d 2e 2f 30 31 32 33 34 35 36 37 38 39 3a 3b 3c 3d 3e 3f 40 41 42 43 44 45 46 47 48 49 4a 4b 4c 4d 4e 4f 50 51 52 53 54 55 56 57 58 59 5a 5b 5c 5d 5e 5f 60 61 62 63 64 65 66 67 68 69 6a 6b 6c 6d 6e 6f 70 71 72 73 74 75 76 77 78 79 7a 7b 7c 7d 7e 7f 
 0  d 1a 4b 34  b 17 74 68 5b 16 18 2e  1 69 3e 51 3b 37  5 2c -- 30 -- 5c 28  2 -- 53 -- 7c -- 23 62 76 20 6e --  a -- 58 -- -- -- 60 -- -- -- 39  3 50 --  4 -- -- -- 27 -- -- -- 79 -- -- -- 46 65 45 3a 6d  c 40 1f 5d 42 -- -- 14 -- -- -- 31 10 -- -- -- -- -- -- 41 -- -- -- -- -- -- -- 72 1d  6 4f 21 -- -- --  8 -- -- -- -- -- -- -- 4e 67 -- -- -- -- -- -- 73 -- -- -- -- -- -- 7f 

solutions so far:0 maxDepth:13 
iterations:403140173  skipped: 539 
Depth skipped: 
0 0 96 443 0 0 0 0 0 0 0 0 0 0 0 0 0 0 0 0 0 0 0 0 0 0 0 0 0 0 0 0 

running time: 3600 sec
 depth:9
 0  1  2  3  4  5  6  7  8  9  a  b  c  d  e  f 10 11 12 13 14 15 16 17 18 19 1a 1b 1c 1d 1e 1f 20 21 22 23 24 25 26 27 28 29 2a 2b 2c 2d 2e 2f 30 31 32 33 34 35 36 37 38 39 3a 3b 3c 3d 3e 3f 40 41 42 43 44 45 46 47 48 49 4a 4b 4c 4d 4e 4f 50 51 52 53 54 55 56 57 58 59 5a 5b 5c 5d 5e 5f 60 61 62 63 64 65 66 67 68 69 6a 6b 6c 6d 6e 6f 70 71 72 73 74 75 76 77 78 79 7a 7b 7c 7d 7e 7f 
 0  d 1a 4b 34  b 17 3a 68 7e 16 3c 2e 37 74  7 51 6f 7d 59 2c -- 78 -- 5c 4d 6e -- 69 --  e -- 23 62 5f 6d 7b -- 33 -- 58 -- -- -- 71 -- -- -- 39 47 1b -- 5d -- -- -- 53 -- -- -- 1c -- -- -- 46 65 45 1d 3f 1e 5b 43 77 6c -- -- 66 -- -- -- 31 76 -- -- -- -- -- -- 63 -- -- -- -- -- -- -- 72 4e  f 61 36 -- -- -- 3b -- -- -- -- -- -- -- 27 70 -- -- -- -- -- -- 38 -- -- -- -- -- -- 7f 

solutions so far:0 maxDepth:13 
iterations:451582822  skipped: 581 
Depth skipped: 
0 0 96 485 0 0 0 0 0 0 0 0 0 0 0 0 0 0 0 0 0 0 0 0 0 0 0 0 0 0 0 0 

running time: 3900 sec
 depth:9
 0  1  2  3  4  5  6  7  8  9  a  b  c  d  e  f 10 11 12 13 14 15 16 17 18 19 1a 1b 1c 1d 1e 1f 20 21 22 23 24 25 26 27 28 29 2a 2b 2c 2d 2e 2f 30 31 32 33 34 35 36 37 38 39 3a 3b 3c 3d 3e 3f 40 41 42 43 44 45 46 47 48 49 4a 4b 4c 4d 4e 4f 50 51 52 53 54 55 56 57 58 59 5a 5b 5c 5d 5e 5f 60 61 62 63 64 65 66 67 68 69 6a 6b 6c 6d 6e 6f 70 71 72 73 74 75 76 77 78 79 7a 7b 7c 7d 7e 7f 
 0  d 1a 4b 34  b 17 1d 68 24 16 5b 2e 21 3a 4f 51 44 48 49 2c -- 37 -- 5c 4c 42 -- 74 -- 1f -- 23 62  9 28 11 -- 13 -- 58 -- -- -- 6e -- -- -- 39 3b 19 --  5 -- -- -- 69 -- -- -- 3e -- -- -- 46 65 45 4e 12 6d 50 67 22 64 -- -- 26 -- -- -- 31 14 -- -- -- -- -- -- 5d -- -- -- -- -- -- -- 72 27 76 73 32 -- -- --  a -- -- -- -- -- -- -- 53 79 -- -- -- -- -- -- 7c -- -- -- -- -- -- 7f 

solutions so far:0 maxDepth:13 
iterations:499074321  skipped: 599 
Depth skipped: 
0 0 96 503 0 0 0 0 0 0 0 0 0 0 0 0 0 0 0 0 0 0 0 0 0 0 0 0 0 0 0 0 

running time: 4200 sec
 depth:10
 0  1  2  3  4  5  6  7  8  9  a  b  c  d  e  f 10 11 12 13 14 15 16 17 18 19 1a 1b 1c 1d 1e 1f 20 21 22 23 24 25 26 27 28 29 2a 2b 2c 2d 2e 2f 30 31 32 33 34 35 36 37 38 39 3a 3b 3c 3d 3e 3f 40 41 42 43 44 45 46 47 48 49 4a 4b 4c 4d 4e 4f 50 51 52 53 54 55 56 57 58 59 5a 5b 5c 5d 5e 5f 60 61 62 63 64 65 66 67 68 69 6a 6b 6c 6d 6e 6f 70 71 72 73 74 75 76 77 78 79 7a 7b 7c 7d 7e 7f 
 0  d 1a 4b 34  a 17 53 68 79 14 66 2e  2 27 60 51 1f 73 6f 28 5d 4d -- 5c 7e  4 -- 4e -- 41 -- 23 42 3e 40 67 37 5f -- 50 6d 3b -- 1b -- -- -- 39 6c 7d --  8 -- -- -- 1d -- -- --  3 -- -- -- 46 65  5 69 7c 33  1 30 4f 77 6e -- 3f -- -- -- 21 20 5b -- 76 -- -- -- 36 -- -- -- -- -- -- -- 72 74 59 18 7b -- -- -- 10 -- -- -- -- -- -- -- 3a  c -- -- -- -- -- --  6 -- -- -- -- -- -- 7f 

solutions so far:0 maxDepth:13 
iterations:531497628  skipped: 652 
Depth skipped: 
0 0 96 556 0 0 0 0 0 0 0 0 0 0 0 0 0 0 0 0 0 0 0 0 0 0 0 0 0 0 0 0 

running time: 4500 sec
 depth:9
 0  1  2  3  4  5  6  7  8  9  a  b  c  d  e  f 10 11 12 13 14 15 16 17 18 19 1a 1b 1c 1d 1e 1f 20 21 22 23 24 25 26 27 28 29 2a 2b 2c 2d 2e 2f 30 31 32 33 34 35 36 37 38 39 3a 3b 3c 3d 3e 3f 40 41 42 43 44 45 46 47 48 49 4a 4b 4c 4d 4e 4f 50 51 52 53 54 55 56 57 58 59 5a 5b 5c 5d 5e 5f 60 61 62 63 64 65 66 67 68 69 6a 6b 6c 6d 6e 6f 70 71 72 73 74 75 76 77 78 79 7a 7b 7c 7d 7e 7f 
 0  d 1a 4b 34  a 17 4e 68 33 14 5d 2e 35 1d 79 51 36 66  e 28 -- 3b -- 5c 70 6a -- 3a -- 73 -- 23 42 6c 2d 4d -- 1c -- 50 -- -- -- 76 -- -- -- 39 5b 61 -- 55 -- -- -- 74 -- -- -- 67 -- -- -- 46 65  5 27 59 6e 5a 7c 1b  7 -- -- 38 -- -- -- 21 56 -- -- -- -- -- -- 6d -- -- -- -- -- -- -- 72 53 37 3e 43 -- -- -- 2b -- -- -- -- -- -- -- 69 1f -- -- -- -- -- -- 4f -- -- -- -- -- -- 7f 

solutions so far:0 maxDepth:13 
iterations:551563704  skipped: 654 
Depth skipped: 
0 0 96 558 0 0 0 0 0 0 0 0 0 0 0 0 0 0 0 0 0 0 0 0 0 0 0 0 0 0 0 0 

running time: 4800 sec
 depth:9
 0  1  2  3  4  5  6  7  8  9  a  b  c  d  e  f 10 11 12 13 14 15 16 17 18 19 1a 1b 1c 1d 1e 1f 20 21 22 23 24 25 26 27 28 29 2a 2b 2c 2d 2e 2f 30 31 32 33 34 35 36 37 38 39 3a 3b 3c 3d 3e 3f 40 41 42 43 44 45 46 47 48 49 4a 4b 4c 4d 4e 4f 50 51 52 53 54 55 56 57 58 59 5a 5b 5c 5d 5e 5f 60 61 62 63 64 65 66 67 68 69 6a 6b 6c 6d 6e 6f 70 71 72 73 74 75 76 77 78 79 7a 7b 7c 7d 7e 7f 
 0  d 1a 4b 34  a 17 3a 68 13 14  7 2e 6c 74 77 51 32 26 54 28 --  e -- 5c 25 59 -- 69 -- 6f -- 23 42 64 1b 4c -- 29 -- 50 -- -- -- 1c -- -- -- 39 70 4a -- 33 -- -- -- 53 -- -- -- 5f -- -- -- 46 65  5 1d 49 43 36 7b 19 2a -- -- 52 -- -- -- 21 4d -- -- -- -- -- -- 38 -- -- -- -- -- -- -- 72 4e 61 7d 15 -- -- -- 66 -- -- -- -- -- -- -- 27 7e -- -- -- -- -- -- 3f -- -- -- -- -- -- 7f 

solutions so far:0 maxDepth:13 
iterations:568220103  skipped: 667 
Depth skipped: 
0 0 96 571 0 0 0 0 0 0 0 0 0 0 0 0 0 0 0 0 0 0 0 0 0 0 0 0 0 0 0 0 

running time: 5100 sec
 depth:10
 0  1  2  3  4  5  6  7  8  9  a  b  c  d  e  f 10 11 12 13 14 15 16 17 18 19 1a 1b 1c 1d 1e 1f 20 21 22 23 24 25 26 27 28 29 2a 2b 2c 2d 2e 2f 30 31 32 33 34 35 36 37 38 39 3a 3b 3c 3d 3e 3f 40 41 42 43 44 45 46 47 48 49 4a 4b 4c 4d 4e 4f 50 51 52 53 54 55 56 57 58 59 5a 5b 5c 5d 5e 5f 60 61 62 63 64 65 66 67 68 69 6a 6b 6c 6d 6e 6f 70 71 72 73 74 75 76 77 78 79 7a 7b 7c 7d 7e 7f 
 0  d 1a 4b 34  a 17 1d 68 78 14 6b 2e 58 3a 60 51  f 71 7e 28 1b 57 -- 5c 77 31 -- 74 -- 41 -- 23 42 1e 16 63 66 7d -- 50 59 36 -- 2f -- -- -- 39 3d 6f -- 62 -- -- -- 69 -- -- --  3 -- -- -- 46 65  5 4e 3c 75 2c 30 47 3f 4d -- 7b -- -- -- 21  b 33 -- 6c -- -- -- 5e -- -- -- -- -- -- -- 72 27 7a 18 5f -- -- -- 45 -- -- -- -- -- -- -- 53  c -- -- -- -- -- --  6 -- -- -- -- -- -- 7f 

solutions so far:0 maxDepth:13 
iterations:583646692  skipped: 684 
Depth skipped: 
0 0 96 588 0 0 0 0 0 0 0 0 0 0 0 0 0 0 0 0 0 0 0 0 0 0 0 0 0 0 0 0 

running time: 5400 sec
 depth:9
 0  1  2  3  4  5  6  7  8  9  a  b  c  d  e  f 10 11 12 13 14 15 16 17 18 19 1a 1b 1c 1d 1e 1f 20 21 22 23 24 25 26 27 28 29 2a 2b 2c 2d 2e 2f 30 31 32 33 34 35 36 37 38 39 3a 3b 3c 3d 3e 3f 40 41 42 43 44 45 46 47 48 49 4a 4b 4c 4d 4e 4f 50 51 52 53 54 55 56 57 58 59 5a 5b 5c 5d 5e 5f 60 61 62 63 64 65 66 67 68 69 6a 6b 6c 6d 6e 6f 70 71 72 73 74 75 76 77 78 79 7a 7b 7c 7d 7e 7f 
 0  d 1a 4b 34  9 17 74 68 70 12 63 2e  a 69 7a 51  e 61 40 24 -- 47 -- 5c  4 14 -- 53 -- 75 -- 23 22 1c 42 43 --  1 -- 48 -- -- --  f -- -- -- 39 3c  8 -- 28 -- -- -- 27 -- -- -- 6b -- -- -- 46 65 44 3a 38 71  5 3d  7 20 -- --  2 -- -- -- 11 21 -- -- -- -- -- -- 1e -- -- -- -- -- -- -- 72 1d 78 5e 10 -- -- -- 50 -- -- -- -- -- -- -- 4e 2f -- -- -- -- -- -- 57 -- -- -- -- -- -- 7f 

solutions so far:0 maxDepth:13 
iterations:597877450  skipped: 713 
Depth skipped: 
0 0 96 617 0 0 0 0 0 0 0 0 0 0 0 0 0 0 0 0 0 0 0 0 0 0 0 0 0 0 0 0 

running time: 5700 sec
 depth:11
 0  1  2  3  4  5  6  7  8  9  a  b  c  d  e  f 10 11 12 13 14 15 16 17 18 19 1a 1b 1c 1d 1e 1f 20 21 22 23 24 25 26 27 28 29 2a 2b 2c 2d 2e 2f 30 31 32 33 34 35 36 37 38 39 3a 3b 3c 3d 3e 3f 40 41 42 43 44 45 46 47 48 49 4a 4b 4c 4d 4e 4f 50 51 52 53 54 55 56 57 58 59 5a 5b 5c 5d 5e 5f 60 61 62 63 64 65 66 67 68 69 6a 6b 6c 6d 6e 6f 70 71 72 73 74 75 76 77 78 79 7a 7b 7c 7d 7e 7f 
 0  d 1a 4b 34  9 17 69 68 4c 12  5 2e 1c 53 15 51 49 19 55 24 18  a 6c 5c 2d 38 -- 27 -- 2a -- 23 22 13  7 32  6 2b -- 48 41 30 -- 14 -- 59 -- 39 50 5a -- 70 -- -- -- 4e 66 -- -- 54 -- -- -- 46 65 44 74 26 42  e 4a 64 6a  c 36 56 -- -- -- 11 43  3 -- 60 -- -- -- 28 -- -- -- 33 -- -- -- 72 3a 21 25 35 1b -- -- 61 -- -- -- -- -- -- -- 1d 52 4d -- -- -- -- -- 29 -- -- -- -- -- -- 7f 

solutions so far:0 maxDepth:13 
iterations:613270977  skipped: 721 
Depth skipped: 
0 0 96 625 0 0 0 0 0 0 0 0 0 0 0 0 0 0 0 0 0 0 0 0 0 0 0 0 0 0 0 0 

running time: 6000 sec
 depth:10
 0  1  2  3  4  5  6  7  8  9  a  b  c  d  e  f 10 11 12 13 14 15 16 17 18 19 1a 1b 1c 1d 1e 1f 20 21 22 23 24 25 26 27 28 29 2a 2b 2c 2d 2e 2f 30 31 32 33 34 35 36 37 38 39 3a 3b 3c 3d 3e 3f 40 41 42 43 44 45 46 47 48 49 4a 4b 4c 4d 4e 4f 50 51 52 53 54 55 56 57 58 59 5a 5b 5c 5d 5e 5f 60 61 62 63 64 65 66 67 68 69 6a 6b 6c 6d 6e 6f 70 71 72 73 74 75 76 77 78 79 7a 7b 7c 7d 7e 7f 
 0  d 1a 4b 34  9 17 53 68 37 12 63 2e 6f 27 6a 51 76 6e 3d 24  5 47 -- 5c 6b 5f -- 4e -- 55 -- 23 22 6d 7b 5d 21 7a -- 48 28  a --  f -- -- -- 39 3c 57 -- 3f -- -- -- 1d -- -- -- 2b -- -- -- 46 65 44 69 5b 71 77 35 3b 5e 42 -- 75 -- -- -- 11 7d 50 -- 14 -- -- -- 1e -- -- -- -- -- -- -- 72 74 78 5a 2f -- -- -- 7e -- -- -- -- -- -- -- 3a 2d -- -- -- -- -- -- 56 -- -- -- -- -- -- 7f 

solutions so far:0 maxDepth:13 
iterations:627441737  skipped: 737 
Depth skipped: 
0 0 96 641 0 0 0 0 0 0 0 0 0 0 0 0 0 0 0 0 0 0 0 0 0 0 0 0 0 0 0 0 

running time: 6300 sec
 depth:9
 0  1  2  3  4  5  6  7  8  9  a  b  c  d  e  f 10 11 12 13 14 15 16 17 18 19 1a 1b 1c 1d 1e 1f 20 21 22 23 24 25 26 27 28 29 2a 2b 2c 2d 2e 2f 30 31 32 33 34 35 36 37 38 39 3a 3b 3c 3d 3e 3f 40 41 42 43 44 45 46 47 48 49 4a 4b 4c 4d 4e 4f 50 51 52 53 54 55 56 57 58 59 5a 5b 5c 5d 5e 5f 60 61 62 63 64 65 66 67 68 69 6a 6b 6c 6d 6e 6f 70 71 72 73 74 75 76 77 78 79 7a 7b 7c 7d 7e 7f 
 0  d 1a 4b 34  9 17 3a 68 38 12 55 2e 18 74 45 51  7 70 36 24 -- 2b -- 5c 33 30 -- 69 --  b -- 23 22  e  6 61 -- 6c -- 48 -- -- -- 56 -- -- -- 39 5a 66 -- 60 -- -- -- 53 -- -- -- 16 -- -- -- 46 65 44 1d 1c 6a  c 62 43 1b -- -- 59 -- -- -- 11  3 -- -- -- -- -- -- 2d -- -- -- -- -- -- -- 72 4e 35 31 4d -- -- -- 41 -- -- -- -- -- -- -- 27 58 -- -- -- -- -- -- 2c -- -- -- -- -- -- 7f 

solutions so far:0 maxDepth:13 
iterations:652961717  skipped: 753 
Depth skipped: 
0 0 96 657 0 0 0 0 0 0 0 0 0 0 0 0 0 0 0 0 0 0 0 0 0 0 0 0 0 0 0 0 

running time: 6600 sec
 depth:9
 0  1  2  3  4  5  6  7  8  9  a  b  c  d  e  f 10 11 12 13 14 15 16 17 18 19 1a 1b 1c 1d 1e 1f 20 21 22 23 24 25 26 27 28 29 2a 2b 2c 2d 2e 2f 30 31 32 33 34 35 36 37 38 39 3a 3b 3c 3d 3e 3f 40 41 42 43 44 45 46 47 48 49 4a 4b 4c 4d 4e 4f 50 51 52 53 54 55 56 57 58 59 5a 5b 5c 5d 5e 5f 60 61 62 63 64 65 66 67 68 69 6a 6b 6c 6d 6e 6f 70 71 72 73 74 75 76 77 78 79 7a 7b 7c 7d 7e 7f 
 0  d 1a 4b 34  8 17 74 68 5a 10  a 2e  c 69 12 51 2b 35 5b 20 -- 14 -- 5c 5d 18 -- 53 -- 24 -- 23  2 56  3 6a -- 37 -- 40 -- -- -- 28 -- -- -- 39 21 3b -- 30 -- -- -- 27 -- -- -- 48 -- -- -- 46 65  4 3a 2d  5  6  9 55 6d -- -- 6e -- -- --  1 41 -- -- -- -- -- -- 50 -- -- -- -- -- -- -- 72 1d 42 44 76 -- -- -- 60 -- -- -- -- -- -- -- 4e 22 -- -- -- -- -- -- 11 -- -- -- -- -- -- 7f 

solutions so far:0 maxDepth:13 
iterations:674477114  skipped: 798 
Depth skipped: 
0 0 96 702 0 0 0 0 0 0 0 0 0 0 0 0 0 0 0 0 0 0 0 0 0 0 0 0 0 0 0 0 

running time: 6900 sec
 depth:9
 0  1  2  3  4  5  6  7  8  9  a  b  c  d  e  f 10 11 12 13 14 15 16 17 18 19 1a 1b 1c 1d 1e 1f 20 21 22 23 24 25 26 27 28 29 2a 2b 2c 2d 2e 2f 30 31 32 33 34 35 36 37 38 39 3a 3b 3c 3d 3e 3f 40 41 42 43 44 45 46 47 48 49 4a 4b 4c 4d 4e 4f 50 51 52 53 54 55 56 57 58 59 5a 5b 5c 5d 5e 5f 60 61 62 63 64 65 66 67 68 69 6a 6b 6c 6d 6e 6f 70 71 72 73 74 75 76 77 78 79 7a 7b 7c 7d 7e 7f 
 0  d 1a 4b 34  8 17 27 68 4d 10 64 2e 7e 4e 6a 51 59 1b 48 20 -- 49 -- 5c 44 7d -- 1d -- 55 -- 23  2 33 5f 36 -- 11 -- 40 -- -- -- 13 -- -- -- 39 4c  9 -- 7b -- -- -- 3a -- -- -- 2b -- -- -- 46 65  4 53 66 32 3f 35 6c 24 -- -- 22 -- -- --  1 6f -- -- -- -- -- -- 26 -- -- -- -- -- -- -- 72 69 19 5a 12 -- -- -- 77 -- -- -- -- -- -- -- 74 2d -- -- -- -- -- -- 56 -- -- -- -- -- -- 7f 

solutions so far:0 maxDepth:13 
iterations:722350985  skipped: 851 
Depth skipped: 
0 0 96 755 0 0 0 0 0 0 0 0 0 0 0 0 0 0 0 0 0 0 0 0 0 0 0 0 0 0 0 0 

running time: 7200 sec
 depth:10
 0  1  2  3  4  5  6  7  8  9  a  b  c  d  e  f 10 11 12 13 14 15 16 17 18 19 1a 1b 1c 1d 1e 1f 20 21 22 23 24 25 26 27 28 29 2a 2b 2c 2d 2e 2f 30 31 32 33 34 35 36 37 38 39 3a 3b 3c 3d 3e 3f 40 41 42 43 44 45 46 47 48 49 4a 4b 4c 4d 4e 4f 50 51 52 53 54 55 56 57 58 59 5a 5b 5c 5d 5e 5f 60 61 62 63 64 65 66 67 68 69 6a 6b 6c 6d 6e 6f 70 71 72 73 74 75 76 77 78 79 7a 7b 7c 7d 7e 7f 
 0  d 1a 4b 34  7 17 69 68 32  e 57 2e 76 53 28 51 26 64 7e 1c 3c 2f -- 5c 77 6d -- 27 -- 50 -- 23 61 4c 5d 49  f 7d -- 38 63 78 -- 5e -- -- -- 39 7a 6f -- 5b -- -- -- 4e -- -- -- 21 -- -- -- 46 65 43 74 19 6b 3b 14 13 3f 1e -- 7b -- -- -- 70 6e 47 -- 71 -- -- -- 3d -- -- -- -- -- -- -- 72 3a 75  a 5f -- -- -- 37 -- -- -- -- -- -- -- 1d  5 -- -- -- -- -- -- 42 -- -- -- -- -- -- 7f 

solutions so far:0 maxDepth:13 
iterations:769968349  skipped: 895 
Depth skipped: 
0 0 96 799 0 0 0 0 0 0 0 0 0 0 0 0 0 0 0 0 0 0 0 0 0 0 0 0 0 0 0 0 

running time: 7500 sec
 depth:9
 0  1  2  3  4  5  6  7  8  9  a  b  c  d  e  f 10 11 12 13 14 15 16 17 18 19 1a 1b 1c 1d 1e 1f 20 21 22 23 24 25 26 27 28 29 2a 2b 2c 2d 2e 2f 30 31 32 33 34 35 36 37 38 39 3a 3b 3c 3d 3e 3f 40 41 42 43 44 45 46 47 48 49 4a 4b 4c 4d 4e 4f 50 51 52 53 54 55 56 57 58 59 5a 5b 5c 5d 5e 5f 60 61 62 63 64 65 66 67 68 69 6a 6b 6c 6d 6e 6f 70 71 72 73 74 75 76 77 78 79 7a 7b 7c 7d 7e 7f 
 0  d 1a 4b 34  7 17 3a 68  5  e 6f 2e 3e 74 55 51 50  a 18 1c -- 5f -- 5c 41 7c -- 69 -- 2b -- 23 61 21 4f 14 -- 30 -- 38 -- -- -- 3f -- -- -- 39 7d  3 -- 79 -- -- -- 53 -- -- -- 56 -- -- -- 46 65 43 1d 42 77 1f 6a 28  c -- -- 60 -- -- -- 70 67 -- -- -- -- -- -- 7e -- -- -- -- -- -- -- 72 4e 7b 35  6 -- -- -- 73 -- -- -- -- -- -- -- 27 5a -- -- -- -- -- -- 2d -- -- -- -- -- -- 7f 

solutions so far:0 maxDepth:13 
iterations:817663368  skipped: 928 
Depth skipped: 
0 0 96 832 0 0 0 0 0 0 0 0 0 0 0 0 0 0 0 0 0 0 0 0 0 0 0 0 0 0 0 0 

running time: 7800 sec
 depth:10
 0  1  2  3  4  5  6  7  8  9  a  b  c  d  e  f 10 11 12 13 14 15 16 17 18 19 1a 1b 1c 1d 1e 1f 20 21 22 23 24 25 26 27 28 29 2a 2b 2c 2d 2e 2f 30 31 32 33 34 35 36 37 38 39 3a 3b 3c 3d 3e 3f 40 41 42 43 44 45 46 47 48 49 4a 4b 4c 4d 4e 4f 50 51 52 53 54 55 56 57 58 59 5a 5b 5c 5d 5e 5f 60 61 62 63 64 65 66 67 68 69 6a 6b 6c 6d 6e 6f 70 71 72 73 74 75 76 77 78 79 7a 7b 7c 7d 7e 7f 
 0  d 1a 4b 34  6 17 53 68 2d  c 19 2e 6f 27 61 51 55 5a 33 18 29 32 -- 5c 1b 5f -- 4e -- 43 -- 23 41 2b 7b 35 2a 66 -- 30 4a 52 -- 64 -- -- -- 39 13 36 -- 3f -- -- -- 1d -- -- --  7 -- -- -- 46 65  3 69 56 4c 77 70 6a 59 54 -- 4d -- -- -- 60 7d 15 -- 25 -- -- -- 49 -- -- -- -- -- -- -- 72 74 26 38 6c -- -- -- 7e -- -- -- -- -- -- -- 3a 1c -- -- -- -- -- --  e -- -- -- -- -- -- 7f 

solutions so far:0 maxDepth:13 
iterations:866735741  skipped: 999 
Depth skipped: 
0 0 96 903 0 0 0 0 0 0 0 0 0 0 0 0 0 0 0 0 0 0 0 0 0 0 0 0 0 0 0 0 

running time: 8100 sec
 depth:9
 0  1  2  3  4  5  6  7  8  9  a  b  c  d  e  f 10 11 12 13 14 15 16 17 18 19 1a 1b 1c 1d 1e 1f 20 21 22 23 24 25 26 27 28 29 2a 2b 2c 2d 2e 2f 30 31 32 33 34 35 36 37 38 39 3a 3b 3c 3d 3e 3f 40 41 42 43 44 45 46 47 48 49 4a 4b 4c 4d 4e 4f 50 51 52 53 54 55 56 57 58 59 5a 5b 5c 5d 5e 5f 60 61 62 63 64 65 66 67 68 69 6a 6b 6c 6d 6e 6f 70 71 72 73 74 75 76 77 78 79 7a 7b 7c 7d 7e 7f 
 0  d 1a 4b 34  6 17 1d 68 38  c 6c 2e  9 3a 32 51  7 70 76 18 -- 59 -- 5c 37 12 -- 74 -- 64 -- 23 41  e 22 61 -- 6d -- 30 -- -- -- 33 -- -- -- 39 4d 6e -- 24 -- -- -- 69 -- -- -- 49 -- -- -- 46 65  3 4e 1c 36 44 19 43 3b -- -- 5b -- -- -- 60 11 -- -- -- -- -- -- 66 -- -- -- -- -- -- -- 72 27 1b 4c 5d -- -- -- 48 -- -- -- -- -- -- -- 53 26 -- -- -- -- -- -- 13 -- -- -- -- -- -- 7f 

solutions so far:0 maxDepth:13 
iterations:917058226  skipped: 1032 
Depth skipped: 
0 0 96 936 0 0 0 0 0 0 0 0 0 0 0 0 0 0 0 0 0 0 0 0 0 0 0 0 0 0 0 0 

running time: 8400 sec
 depth:10
 0  1  2  3  4  5  6  7  8  9  a  b  c  d  e  f 10 11 12 13 14 15 16 17 18 19 1a 1b 1c 1d 1e 1f 20 21 22 23 24 25 26 27 28 29 2a 2b 2c 2d 2e 2f 30 31 32 33 34 35 36 37 38 39 3a 3b 3c 3d 3e 3f 40 41 42 43 44 45 46 47 48 49 4a 4b 4c 4d 4e 4f 50 51 52 53 54 55 56 57 58 59 5a 5b 5c 5d 5e 5f 60 61 62 63 64 65 66 67 68 69 6a 6b 6c 6d 6e 6f 70 71 72 73 74 75 76 77 78 79 7a 7b 7c 7d 7e 7f 
 0  d 1a 4b 34  5 17 69 68  c  a 24 2e 1c 53 6f 51 41 18 4c 14 1b 48 -- 5c 64 38 -- 27 -- 5f -- 23 21  3  7 30 66 19 -- 28 59 36 -- 11 -- -- -- 39 44 49 -- 70 -- -- -- 4e -- -- -- 3f -- -- -- 46 65 42 74  6 12  e 77 60 26 4d -- 32 -- -- -- 50 43 33 -- 6c -- -- -- 22 -- -- -- -- -- -- -- 72 3a  9 7b 13 -- -- -- 61 -- -- -- -- -- -- -- 1d 7d -- -- -- -- -- -- 7e -- -- -- -- -- -- 7f 

solutions so far:0 maxDepth:13 
iterations:948292941  skipped: 1069 
Depth skipped: 
0 0 96 973 0 0 0 0 0 0 0 0 0 0 0 0 0 0 0 0 0 0 0 0 0 0 0 0 0 0 0 0 

running time: 8700 sec
 depth:10
 0  1  2  3  4  5  6  7  8  9  a  b  c  d  e  f 10 11 12 13 14 15 16 17 18 19 1a 1b 1c 1d 1e 1f 20 21 22 23 24 25 26 27 28 29 2a 2b 2c 2d 2e 2f 30 31 32 33 34 35 36 37 38 39 3a 3b 3c 3d 3e 3f 40 41 42 43 44 45 46 47 48 49 4a 4b 4c 4d 4e 4f 50 51 52 53 54 55 56 57 58 59 5a 5b 5c 5d 5e 5f 60 61 62 63 64 65 66 67 68 69 6a 6b 6c 6d 6e 6f 70 71 72 73 74 75 76 77 78 79 7a 7b 7c 7d 7e 7f 
 0  d 1a 4b 34  5 17 4e 68 52  a 11 2e 5e 1d  1 51 2a 25 47 14  c 22 -- 5c 3c 3d -- 3a --  2 -- 23 21 54 57 4a  3  f -- 28 60 18 -- 44 -- -- -- 39 12 78 -- 7a -- -- -- 74 -- -- --  4 -- -- -- 46 65 42 27 29 48 2f 40 15 63  6 -- 1e -- -- -- 50 6b 41 -- 30 -- -- --  9 -- -- -- -- -- -- -- 72 53 24 20 71 -- -- -- 75 -- -- -- -- -- -- -- 69 10 -- -- -- -- -- --  8 -- -- -- -- -- -- 7f 

solutions so far:0 maxDepth:13 
iterations:966763561  skipped: 1087 
Depth skipped: 
0 0 96 991 0 0 0 0 0 0 0 0 0 0 0 0 0 0 0 0 0 0 0 0 0 0 0 0 0 0 0 0 

running time: 9000 sec
 depth:9
 0  1  2  3  4  5  6  7  8  9  a  b  c  d  e  f 10 11 12 13 14 15 16 17 18 19 1a 1b 1c 1d 1e 1f 20 21 22 23 24 25 26 27 28 29 2a 2b 2c 2d 2e 2f 30 31 32 33 34 35 36 37 38 39 3a 3b 3c 3d 3e 3f 40 41 42 43 44 45 46 47 48 49 4a 4b 4c 4d 4e 4f 50 51 52 53 54 55 56 57 58 59 5a 5b 5c 5d 5e 5f 60 61 62 63 64 65 66 67 68 69 6a 6b 6c 6d 6e 6f 70 71 72 73 74 75 76 77 78 79 7a 7b 7c 7d 7e 7f 
 0  d 1a 4b 34  5 17 27 68 63  a 6c 2e 79 4e 2f 51 3c 47 70 14 -- 59 -- 5c  7 73 -- 1d -- 5e -- 23 21 78 3e  f -- 61 -- 28 -- -- -- 33 -- -- -- 39 4d  e -- 67 -- -- -- 3a -- -- -- 3d -- -- -- 46 65 42 53 71 36 7c 57 1e 38 -- -- 43 -- -- -- 50 1f -- -- -- -- -- -- 66 -- -- -- -- -- -- -- 72 69 1b 6b 1c -- -- -- 4f -- -- -- -- -- -- -- 74 75 -- -- -- -- -- -- 7a -- -- -- -- -- -- 7f 

solutions so far:0 maxDepth:13 
iterations:988990318  skipped: 1113 
Depth skipped: 
0 0 96 1017 0 0 0 0 0 0 0 0 0 0 0 0 0 0 0 0 0 0 0 0 0 0 0 0 0 0 0 0 

running time: 9300 sec
 depth:9
 0  1  2  3  4  5  6  7  8  9  a  b  c  d  e  f 10 11 12 13 14 15 16 17 18 19 1a 1b 1c 1d 1e 1f 20 21 22 23 24 25 26 27 28 29 2a 2b 2c 2d 2e 2f 30 31 32 33 34 35 36 37 38 39 3a 3b 3c 3d 3e 3f 40 41 42 43 44 45 46 47 48 49 4a 4b 4c 4d 4e 4f 50 51 52 53 54 55 56 57 58 59 5a 5b 5c 5d 5e 5f 60 61 62 63 64 65 66 67 68 69 6a 6b 6c 6d 6e 6f 70 71 72 73 74 75 76 77 78 79 7a 7b 7c 7d 7e 7f 
 0  d 1a 4b 34  4 17 74 68 6e  8 42 2e 6f 69 47 51 6d 5d 6a 10 --  5 -- 5c 56 5f -- 53 --  f -- 23  1 5b 7b 3b -- 55 -- 20 -- -- --  a -- -- -- 39 28 2d -- 3f -- -- -- 27 -- -- -- 1e -- -- -- 46 65  2 3a 37 21 77 63 76 35 -- -- 2b -- -- -- 40 7d -- -- -- -- -- -- 14 -- -- -- -- -- -- -- 72 1d 50 71 5a -- -- -- 7e -- -- -- -- -- -- -- 4e 78 -- -- -- -- -- -- 3c -- -- -- -- -- -- 7f 

solutions so far:0 maxDepth:13 
iterations:1011230036  skipped: 1144 
Depth skipped: 
0 0 96 1048 0 0 0 0 0 0 0 0 0 0 0 0 0 0 0 0 0 0 0 0 0 0 0 0 0 0 0 0 

running time: 9600 sec
 depth:8
 0  1  2  3  4  5  6  7  8  9  a  b  c  d  e  f 10 11 12 13 14 15 16 17 18 19 1a 1b 1c 1d 1e 1f 20 21 22 23 24 25 26 27 28 29 2a 2b 2c 2d 2e 2f 30 31 32 33 34 35 36 37 38 39 3a 3b 3c 3d 3e 3f 40 41 42 43 44 45 46 47 48 49 4a 4b 4c 4d 4e 4f 50 51 52 53 54 55 56 57 58 59 5a 5b 5c 5d 5e 5f 60 61 62 63 64 65 66 67 68 69 6a 6b 6c 6d 6e 6f 70 71 72 73 74 75 76 77 78 79 7a 7b 7c 7d 7e 7f 
 0  d 1a 4b 34  4 17 4e 68 32  8 6d 2e 29 1d 11 51 26 64 -- 10 -- 5b -- 5c -- 52 -- 3a -- 22 -- 23  1 4c 2a 49 -- -- -- 20 -- -- -- 37 -- -- -- 39 5d -- -- 25 -- -- -- 74 -- -- -- 44 -- -- -- 46 65  2 27 19 76 54 48 13 -- -- -- -- -- -- -- 40 15 -- -- -- -- -- -- 6e -- -- -- -- -- -- -- 72 53 3b 24 -- -- -- -- 4a -- -- -- -- -- -- -- 69 12 -- -- -- -- -- --  9 -- -- -- -- -- -- 7f 

solutions so far:0 maxDepth:13 
iterations:1046731635  skipped: 1172 
Depth skipped: 
0 0 96 1076 0 0 0 0 0 0 0 0 0 0 0 0 0 0 0 0 0 0 0 0 0 0 0 0 0 0 0 0 

running time: 9900 sec
 depth:9
 0  1  2  3  4  5  6  7  8  9  a  b  c  d  e  f 10 11 12 13 14 15 16 17 18 19 1a 1b 1c 1d 1e 1f 20 21 22 23 24 25 26 27 28 29 2a 2b 2c 2d 2e 2f 30 31 32 33 34 35 36 37 38 39 3a 3b 3c 3d 3e 3f 40 41 42 43 44 45 46 47 48 49 4a 4b 4c 4d 4e 4f 50 51 52 53 54 55 56 57 58 59 5a 5b 5c 5d 5e 5f 60 61 62 63 64 65 66 67 68 69 6a 6b 6c 6d 6e 6f 70 71 72 73 74 75 76 77 78 79 7a 7b 7c 7d 7e 7f 
 0  d 1a 4b 34  4 17 1d 68 6b  8 67 2e  3 3a 38 51 3d 57 37 10 -- 4f -- 5c 3b  6 -- 74 -- 70 -- 23  1 7a 60 2f -- 6e -- 20 -- -- -- 1f -- -- -- 39 7c 76 --  c -- -- -- 69 -- -- -- 61 -- -- -- 46 65  2 4e 75 73 41 1c 5e 5b -- -- 5d -- -- -- 40 30 -- -- -- -- -- -- 3e -- -- -- -- -- -- -- 72 27 79  e 6d -- -- -- 18 -- -- -- -- -- -- -- 53  7 -- -- -- -- -- -- 43 -- -- -- -- -- -- 7f 

solutions so far:0 maxDepth:13 
iterations:1067779586  skipped: 1205 
Depth skipped: 
0 0 96 1109 0 0 0 0 0 0 0 0 0 0 0 0 0 0 0 0 0 0 0 0 0 0 0 0 0 0 0 0 

running time: 10200 sec
 depth:11
 0  1  2  3  4  5  6  7  8  9  a  b  c  d  e  f 10 11 12 13 14 15 16 17 18 19 1a 1b 1c 1d 1e 1f 20 21 22 23 24 25 26 27 28 29 2a 2b 2c 2d 2e 2f 30 31 32 33 34 35 36 37 38 39 3a 3b 3c 3d 3e 3f 40 41 42 43 44 45 46 47 48 49 4a 4b 4c 4d 4e 4f 50 51 52 53 54 55 56 57 58 59 5a 5b 5c 5d 5e 5f 60 61 62 63 64 65 66 67 68 69 6a 6b 6c 6d 6e 6f 70 71 72 73 74 75 76 77 78 79 7a 7b 7c 7d 7e 7f 
 0  d 1a 4b 34  3 17 74 68 37  6  f 2e 26 69 43 51 76 6e 7e  c 35 1e  4 5c 77 4c -- 53 --  7 -- 23 60 6d 49 5d 2d 7d -- 18 2b 6a -- 3c --  8 -- 39 71 6f -- 19 -- -- -- 27 20 -- --  e -- -- -- 46 65 41 3a 5b 47 13 61 3b 3f 5a  2 7b -- -- -- 30 64 56 -- 55 -- -- -- 78 -- -- -- 10 -- -- -- 72 1d 63 70 5f  1 -- -- 32 -- -- -- -- -- -- -- 4e 38 40 -- -- -- -- -- 1c -- -- -- -- -- -- 7f 

solutions so far:0 maxDepth:13 
iterations:1088543014  skipped: 1234 
Depth skipped: 
0 0 96 1138 0 0 0 0 0 0 0 0 0 0 0 0 0 0 0 0 0 0 0 0 0 0 0 0 0 0 0 0 

running time: 10500 sec
 depth:9
 0  1  2  3  4  5  6  7  8  9  a  b  c  d  e  f 10 11 12 13 14 15 16 17 18 19 1a 1b 1c 1d 1e 1f 20 21 22 23 24 25 26 27 28 29 2a 2b 2c 2d 2e 2f 30 31 32 33 34 35 36 37 38 39 3a 3b 3c 3d 3e 3f 40 41 42 43 44 45 46 47 48 49 4a 4b 4c 4d 4e 4f 50 51 52 53 54 55 56 57 58 59 5a 5b 5c 5d 5e 5f 60 61 62 63 64 65 66 67 68 69 6a 6b 6c 6d 6e 6f 70 71 72 73 74 75 76 77 78 79 7a 7b 7c 7d 7e 7f 
 0  d 1a 4b 34  3 17 4e 68 3e  6  e 2e 62 1d 3b 51 67 7c 32  c -- 1c -- 5c 13 45 -- 3a -- 76 -- 23 60 4f 58 79 -- 64 -- 18 -- -- -- 38 -- -- -- 39 61 26 --  b -- -- -- 74 -- -- -- 6d -- -- -- 46 65 41 27 1f  7 31 5d 73 19 -- -- 49 -- -- -- 30 2c -- -- -- -- -- -- 70 -- -- -- -- -- -- -- 72 53 43 6e 4c -- -- -- 16 -- -- -- -- -- -- -- 69 37 -- -- -- -- -- -- 5b -- -- -- -- -- -- 7f 

solutions so far:0 maxDepth:13 
iterations:1127483932  skipped: 1259 
Depth skipped: 
0 0 96 1163 0 0 0 0 0 0 0 0 0 0 0 0 0 0 0 0 0 0 0 0 0 0 0 0 0 0 0 0 

running time: 10800 sec
 depth:9
 0  1  2  3  4  5  6  7  8  9  a  b  c  d  e  f 10 11 12 13 14 15 16 17 18 19 1a 1b 1c 1d 1e 1f 20 21 22 23 24 25 26 27 28 29 2a 2b 2c 2d 2e 2f 30 31 32 33 34 35 36 37 38 39 3a 3b 3c 3d 3e 3f 40 41 42 43 44 45 46 47 48 49 4a 4b 4c 4d 4e 4f 50 51 52 53 54 55 56 57 58 59 5a 5b 5c 5d 5e 5f 60 61 62 63 64 65 66 67 68 69 6a 6b 6c 6d 6e 6f 70 71 72 73 74 75 76 77 78 79 7a 7b 7c 7d 7e 7f 
 0  d 1a 4b 34  3 17 1d 68  4  6 43 2e 66 3a 7d 51 40  8 1e  c --  7 -- 5c 71 4d -- 74 -- 7b -- 23 60  1 59 10 -- 3c -- 18 -- -- --  e -- -- -- 39 38 63 -- 1b -- -- -- 69 -- -- -- 77 -- -- -- 46 65 41 4e  2 61 33 7e 20  f -- -- 78 -- -- -- 30 6c -- -- -- -- -- -- 1c -- -- -- -- -- -- -- 72 27 70 3f 47 -- -- -- 36 -- -- -- -- -- -- -- 53 5f -- -- -- -- -- -- 6f -- -- -- -- -- -- 7f 

solutions so far:0 maxDepth:13 
iterations:1172060587  skipped: 1291 
Depth skipped: 
0 0 96 1195 0 0 0 0 0 0 0 0 0 0 0 0 0 0 0 0 0 0 0 0 0 0 0 0 0 0 0 0 

running time: 11100 sec
 depth:9
 0  1  2  3  4  5  6  7  8  9  a  b  c  d  e  f 10 11 12 13 14 15 16 17 18 19 1a 1b 1c 1d 1e 1f 20 21 22 23 24 25 26 27 28 29 2a 2b 2c 2d 2e 2f 30 31 32 33 34 35 36 37 38 39 3a 3b 3c 3d 3e 3f 40 41 42 43 44 45 46 47 48 49 4a 4b 4c 4d 4e 4f 50 51 52 53 54 55 56 57 58 59 5a 5b 5c 5d 5e 5f 60 61 62 63 64 65 66 67 68 69 6a 6b 6c 6d 6e 6f 70 71 72 73 74 75 76 77 78 79 7a 7b 7c 7d 7e 7f 
 0  d 1a 4b 34  2 17 4e 68 52  4 75 2e 38 1d 31 51 2a 25 6f  8 -- 6b -- 5c 7e 70 -- 3a -- 62 -- 23 40 54  e 4a -- 5f -- 10 -- -- -- 57 -- -- -- 39 5e 7d -- 61 -- -- -- 74 -- -- -- 45 -- -- -- 46 65  1 27 29 7a 1c 58 15 77 -- -- 3f -- -- -- 20  7 -- -- -- -- -- -- 2f -- -- -- -- -- -- -- 72 53 3d 2c 7b -- -- -- 43 -- -- -- -- -- -- -- 69 16 -- -- -- -- -- --  b -- -- -- -- -- -- 7f 

solutions so far:0 maxDepth:13 
iterations:1206156598  skipped: 1344 
Depth skipped: 
0 0 96 1248 0 0 0 0 0 0 0 0 0 0 0 0 0 0 0 0 0 0 0 0 0 0 0 0 0 0 0 0 

running time: 11400 sec
 depth:9
 0  1  2  3  4  5  6  7  8  9  a  b  c  d  e  f 10 11 12 13 14 15 16 17 18 19 1a 1b 1c 1d 1e 1f 20 21 22 23 24 25 26 27 28 29 2a 2b 2c 2d 2e 2f 30 31 32 33 34 35 36 37 38 39 3a 3b 3c 3d 3e 3f 40 41 42 43 44 45 46 47 48 49 4a 4b 4c 4d 4e 4f 50 51 52 53 54 55 56 57 58 59 5a 5b 5c 5d 5e 5f 60 61 62 63 64 65 66 67 68 69 6a 6b 6c 6d 6e 6f 70 71 72 73 74 75 76 77 78 79 7a 7b 7c 7d 7e 7f 
 0  d 1a 4b 34  2 17 1d 68 7d  4 24 2e 58 3a 54 51 5f 7b 6c  8 -- 48 -- 5c 66 31 -- 74 -- 29 -- 23 40 3f 16 77 -- 59 -- 10 -- -- -- 11 -- -- -- 39 44 4d -- 62 -- -- -- 69 -- -- -- 52 -- -- -- 46 65  1 4e 7e 12 2c 2a 6f 36 -- -- 33 -- -- -- 20  b -- -- -- -- -- -- 22 -- -- -- -- -- -- -- 72 27  9 15 1b -- -- -- 45 -- -- -- -- -- -- -- 53 4a -- -- -- -- -- -- 25 -- -- -- -- -- -- 7f 

solutions so far:0 maxDepth:13 
iterations:1228888347  skipped: 1378 
Depth skipped: 
0 0 96 1282 0 0 0 0 0 0 0 0 0 0 0 0 0 0 0 0 0 0 0 0 0 0 0 0 0 0 0 0 

running time: 11700 sec
 depth:10
 0  1  2  3  4  5  6  7  8  9  a  b  c  d  e  f 10 11 12 13 14 15 16 17 18 19 1a 1b 1c 1d 1e 1f 20 21 22 23 24 25 26 27 28 29 2a 2b 2c 2d 2e 2f 30 31 32 33 34 35 36 37 38 39 3a 3b 3c 3d 3e 3f 40 41 42 43 44 45 46 47 48 49 4a 4b 4c 4d 4e 4f 50 51 52 53 54 55 56 57 58 59 5a 5b 5c 5d 5e 5f 60 61 62 63 64 65 66 67 68 69 6a 6b 6c 6d 6e 6f 70 71 72 73 74 75 76 77 78 79 7a 7b 7c 7d 7e 7f 
 0  d 1a 4b 34  1 17 74 68 41  2 7b 2e 3b 69 43 51 18  3 58  4 63 77 -- 5c 45 76 -- 53 --  7 -- 23 20 30 6e  6 78 31 --  8 1e 47 -- 6f -- -- -- 39 3f  b -- 6d -- -- -- 27 -- -- --  e -- -- -- 46 65 40 3a 60 7d 5d 61  c 2c 71 -- 62 -- -- -- 10 37 3c --  f -- -- -- 5f -- -- -- -- -- -- -- 72 1d 7e 70 16 -- -- -- 5b -- -- -- -- -- -- -- 4e 38 -- -- -- -- -- -- 1c -- -- -- -- -- -- 7f 

solutions so far:0 maxDepth:13 
iterations:1250121923  skipped: 1406 
Depth skipped: 
0 0 96 1310 0 0 0 0 0 0 0 0 0 0 0 0 0 0 0 0 0 0 0 0 0 0 0 0 0 0 0 0 

running time: 12000 sec
 depth:8
 0  1  2  3  4  5  6  7  8  9  a  b  c  d  e  f 10 11 12 13 14 15 16 17 18 19 1a 1b 1c 1d 1e 1f 20 21 22 23 24 25 26 27 28 29 2a 2b 2c 2d 2e 2f 30 31 32 33 34 35 36 37 38 39 3a 3b 3c 3d 3e 3f 40 41 42 43 44 45 46 47 48 49 4a 4b 4c 4d 4e 4f 50 51 52 53 54 55 56 57 58 59 5a 5b 5c 5d 5e 5f 60 61 62 63 64 65 66 67 68 69 6a 6b 6c 6d 6e 6f 70 71 72 73 74 75 76 77 78 79 7a 7b 7c 7d 7e 7f 
 0  d 1a 4b 34  1 17 69 68  e  2 54 2e 3f 53 11 51 61 1c --  4 -- 29 -- 5c -- 7e -- 27 -- 22 -- 23 20 43 6f 38 -- -- --  8 -- -- -- 52 -- -- -- 39 4a -- -- 7d -- -- -- 4e -- -- -- 44 -- -- -- 46 65 40 74  7 2a 5f 48 70 -- -- -- -- -- -- -- 10 77 -- -- -- -- -- -- 25 -- -- -- -- -- -- -- 72 3a 15 24 -- -- -- -- 7b -- -- -- -- -- -- -- 1d 12 -- -- -- -- -- --  9 -- -- -- -- -- -- 7f 

solutions so far:0 maxDepth:13 
iterations:1270706044  skipped: 1414 
Depth skipped: 
0 0 96 1318 0 0 0 0 0 0 0 0 0 0 0 0 0 0 0 0 0 0 0 0 0 0 0 0 0 0 0 0 

running time: 12300 sec
 depth:9
 0  1  2  3  4  5  6  7  8  9  a  b  c  d  e  f 10 11 12 13 14 15 16 17 18 19 1a 1b 1c 1d 1e 1f 20 21 22 23 24 25 26 27 28 29 2a 2b 2c 2d 2e 2f 30 31 32 33 34 35 36 37 38 39 3a 3b 3c 3d 3e 3f 40 41 42 43 44 45 46 47 48 49 4a 4b 4c 4d 4e 4f 50 51 52 53 54 55 56 57 58 59 5a 5b 5c 5d 5e 5f 60 61 62 63 64 65 66 67 68 69 6a 6b 6c 6d 6e 6f 70 71 72 73 74 75 76 77 78 79 7a 7b 7c 7d 7e 7f 
 0  d 1a 4b 34  1 17 4e 68 50  2 18 2e 12 1d 57 51  a 21 55  4 -- 30 -- 5c 2d 24 -- 3a -- 2f -- 23 20 14 44 42 -- 2b --  8 -- -- -- 60 -- -- -- 39  3 5a -- 48 -- -- -- 74 -- -- -- 5e -- -- -- 46 65 40 27 28  c  9 6b  5 6a -- -- 56 -- -- -- 10 22 -- -- -- -- -- -- 41 -- -- -- -- -- -- -- 72 53  6 75 35 -- -- -- 11 -- -- -- -- -- -- -- 69 7a -- -- -- -- -- -- 3d -- -- -- -- -- -- 7f 

solutions so far:0 maxDepth:13 
iterations:1293115097  skipped: 1434 
Depth skipped: 
0 0 96 1338 0 0 0 0 0 0 0 0 0 0 0 0 0 0 0 0 0 0 0 0 0 0 0 0 0 0 0 0 

running time: 12600 sec
 depth:11
 0  1  2  3  4  5  6  7  8  9  a  b  c  d  e  f 10 11 12 13 14 15 16 17 18 19 1a 1b 1c 1d 1e 1f 20 21 22 23 24 25 26 27 28 29 2a 2b 2c 2d 2e 2f 30 31 32 33 34 35 36 37 38 39 3a 3b 3c 3d 3e 3f 40 41 42 43 44 45 46 47 48 49 4a 4b 4c 4d 4e 4f 50 51 52 53 54 55 56 57 58 59 5a 5b 5c 5d 5e 5f 60 61 62 63 64 65 66 67 68 69 6a 6b 6c 6d 6e 6f 70 71 72 73 74 75 76 77 78 79 7a 7b 7c 7d 7e 7f 
 0  d 1a 4b 34  1 17 3a 68 13  2 3d 2e 7b 74 18 51 32 26 2d  4 2a 7a 67 5c 6a 77 -- 69 -- 30 -- 23 20 64 7e 4c 4a 5a --  8 52 54 -- 75 -- 4f -- 39 57 55 -- 6f -- -- -- 53 3e -- -- 60 -- -- -- 46 65 40 1d 49 5e 7d  c 19 56 15 73 35 -- -- -- 10 3f 25 -- 29 -- -- -- 6b -- -- -- 1f -- -- -- 72 4e 2f  6 2b 79 -- -- 5f -- -- -- -- -- -- -- 27  3 7c -- -- -- -- -- 41 -- -- -- -- -- -- 7f 

solutions so far:0 maxDepth:13 
iterations:1315273774  skipped: 1449 
Depth skipped: 
0 0 96 1353 0 0 0 0 0 0 0 0 0 0 0 0 0 0 0 0 0 0 0 0 0 0 0 0 0 0 0 0 

running time: 12900 sec
 depth:8
 0  1  2  3  4  5  6  7  8  9  a  b  c  d  e  f 10 11 12 13 14 15 16 17 18 19 1a 1b 1c 1d 1e 1f 20 21 22 23 24 25 26 27 28 29 2a 2b 2c 2d 2e 2f 30 31 32 33 34 35 36 37 38 39 3a 3b 3c 3d 3e 3f 40 41 42 43 44 45 46 47 48 49 4a 4b 4c 4d 4e 4f 50 51 52 53 54 55 56 57 58 59 5a 5b 5c 5d 5e 5f 60 61 62 63 64 65 66 67 68 69 6a 6b 6c 6d 6e 6f 70 71 72 73 74 75 76 77 78 79 7a 7b 7c 7d 7e 7f 
 0  d 1a 4b 34  1 17 1d 68 47  2 44 2e 26 3a 3e 51 78  f --  4 --  9 -- 5c -- 4c -- 74 -- 7c -- 23 20 71 49 1e -- -- --  8 -- -- -- 12 -- -- -- 39 48 -- -- 19 -- -- -- 69 -- -- -- 79 -- -- -- 46 65 40 4e 63 22 13 1f 3c -- -- -- -- -- -- -- 10 64 -- -- -- -- -- -- 24 -- -- -- -- -- -- -- 72 27 11 4f -- -- -- -- 32 -- -- -- -- -- -- -- 53 67 -- -- -- -- -- -- 73 -- -- -- -- -- -- 7f 

solutions so far:0 maxDepth:13 
iterations:1339331741  skipped: 1468 
Depth skipped: 
0 0 96 1372 0 0 0 0 0 0 0 0 0 0 0 0 0 0 0 0 0 0 0 0 0 0 0 0 0 0 0 0 

running time: 13200 sec

Finished. Total running time: 13312 sec
