Search S-boxes invariant for matrix: 
{0x00,0x02,0x04,0x06,0x08,0x0a,0x0c,0x0e,0x10,0x12,0x14,0x16,0x18,0x1a,0x1c,0x1e,0x20,0x22,0x24,0x26,0x28,0x2a,0x2c,0x2e,0x30,0x32,0x34,0x36,0x38,0x3a,0x3c,0x3e,0x40,0x42,0x44,0x46,0x48,0x4a,0x4c,0x4e,0x50,0x52,0x54,0x56,0x58,0x5a,0x5c,0x5e,0x60,0x62,0x64,0x66,0x68,0x6a,0x6c,0x6e,0x70,0x72,0x74,0x76,0x78,0x7a,0x7c,0x7e,0x01,0x03,0x05,0x07,0x09,0x0b,0x0d,0x0f,0x11,0x13,0x15,0x17,0x19,0x1b,0x1d,0x1f,0x21,0x23,0x25,0x27,0x29,0x2b,0x2d,0x2f,0x31,0x33,0x35,0x37,0x39,0x3b,0x3d,0x3f,0x41,0x43,0x45,0x47,0x49,0x4b,0x4d,0x4f,0x51,0x53,0x55,0x57,0x59,0x5b,0x5d,0x5f,0x61,0x63,0x65,0x67,0x69,0x6b,0x6d,0x6f,0x71,0x73,0x75,0x77,0x79,0x7b,0x7d,0x7f};



 depth:11
 0  1  2  3  4  5  6  7  8  9  a  b  c  d  e  f 10 11 12 13 14 15 16 17 18 19 1a 1b 1c 1d 1e 1f 20 21 22 23 24 25 26 27 28 29 2a 2b 2c 2d 2e 2f 30 31 32 33 34 35 36 37 38 39 3a 3b 3c 3d 3e 3f 40 41 42 43 44 45 46 47 48 49 4a 4b 4c 4d 4e 4f 50 51 52 53 54 55 56 57 58 59 5a 5b 5c 5d 5e 5f 60 61 62 63 64 65 66 67 68 69 6a 6b 6c 6d 6e 6f 70 71 72 73 74 75 76 77 78 79 7a 7b 7c 7d 7e 7f 
 0 17 2e  d 5c 10 1a 69 39 2b 20 6b 34 62 53 29 72 35 56 66 40 71 57 3f 68 36 45 -- 27 -- 52 -- 65  4 6a 58 2d 3c 4d --  1  f 63 -- 2f -- 7e -- 51 3d 6c --  b -- -- -- 4e 7b -- -- 25 -- -- -- 4b 46  8 74 55 75 31 54 5a 33 78 5f 1b -- -- --  2 2c 1e -- 47 -- -- -- 5e -- -- -- 7d -- -- -- 23 3a 7a 2a 59 6f -- -- 16 -- -- -- -- -- -- -- 1d 15 77 -- -- -- -- -- 4a -- -- -- -- -- -- 7f 

solutions so far:0 maxDepth:13 
iterations:20274520  skipped: 208 
Depth skipped: 
0 0 96 112 0 0 0 0 0 0 0 0 0 0 0 0 0 0 0 0 0 0 0 0 0 0 0 0 0 0 0 0 

running time: 300 sec
 depth:11
 0  1  2  3  4  5  6  7  8  9  a  b  c  d  e  f 10 11 12 13 14 15 16 17 18 19 1a 1b 1c 1d 1e 1f 20 21 22 23 24 25 26 27 28 29 2a 2b 2c 2d 2e 2f 30 31 32 33 34 35 36 37 38 39 3a 3b 3c 3d 3e 3f 40 41 42 43 44 45 46 47 48 49 4a 4b 4c 4d 4e 4f 50 51 52 53 54 55 56 57 58 59 5a 5b 5c 5d 5e 5f 60 61 62 63 64 65 66 67 68 69 6a 6b 6c 6d 6e 6f 70 71 72 73 74 75 76 77 78 79 7a 7b 7c 7d 7e 7f 
 0 17 2e  d 5c 10 1a 3a 39 5b 20 3d 34 67 74  6 72 3b 37 35 40 16 7a 25 68 2b 4f -- 69 --  c -- 65  4 76 79 6e 45 6a --  1 31 2c -- 75 -- 4a -- 51 57 56 -- 1f -- -- -- 53 2a -- -- 18 -- -- -- 4b 46  8 1d 6d 5e 73  3 5d 5a  b 52 55 -- -- --  2 7c 62 -- 58 -- -- -- 6b -- -- -- 15 -- -- -- 23 4e 2f 41 2d 29 -- -- 3e -- -- -- -- -- -- -- 27 60 54 -- -- -- -- -- 30 -- -- -- -- -- -- 7f 

solutions so far:0 maxDepth:13 
iterations:40352713  skipped: 240 
Depth skipped: 
0 0 96 144 0 0 0 0 0 0 0 0 0 0 0 0 0 0 0 0 0 0 0 0 0 0 0 0 0 0 0 0 

running time: 600 sec
 depth:9
 0  1  2  3  4  5  6  7  8  9  a  b  c  d  e  f 10 11 12 13 14 15 16 17 18 19 1a 1b 1c 1d 1e 1f 20 21 22 23 24 25 26 27 28 29 2a 2b 2c 2d 2e 2f 30 31 32 33 34 35 36 37 38 39 3a 3b 3c 3d 3e 3f 40 41 42 43 44 45 46 47 48 49 4a 4b 4c 4d 4e 4f 50 51 52 53 54 55 56 57 58 59 5a 5b 5c 5d 5e 5f 60 61 62 63 64 65 66 67 68 69 6a 6b 6c 6d 6e 6f 70 71 72 73 74 75 76 77 78 79 7a 7b 7c 7d 7e 7f 
 0 17 2e  d 5c 10 1a 1d 39 5f 20 32 34 6e 3a 5e 72 7b 3f 56 40 -- 64 -- 68 35 5d -- 74 -- 3d -- 65  4 77 5b 7e -- 2d --  1 -- -- -- 49 -- -- -- 51 26 6a -- 3b -- -- -- 69 -- -- -- 7a -- -- -- 4b 46  8 4e 6f 19 37 2f 7d 2b -- -- 5a -- -- --  2 6d -- -- -- -- -- -- 13 -- -- -- -- -- -- -- 23 27 4c 57 55 -- -- -- 76 -- -- -- -- -- -- -- 53 6b -- -- -- -- -- -- 75 -- -- -- -- -- -- 7f 

solutions so far:0 maxDepth:13 
iterations:62456343  skipped: 262 
Depth skipped: 
0 0 96 166 0 0 0 0 0 0 0 0 0 0 0 0 0 0 0 0 0 0 0 0 0 0 0 0 0 0 0 0 

running time: 900 sec
 depth:9
 0  1  2  3  4  5  6  7  8  9  a  b  c  d  e  f 10 11 12 13 14 15 16 17 18 19 1a 1b 1c 1d 1e 1f 20 21 22 23 24 25 26 27 28 29 2a 2b 2c 2d 2e 2f 30 31 32 33 34 35 36 37 38 39 3a 3b 3c 3d 3e 3f 40 41 42 43 44 45 46 47 48 49 4a 4b 4c 4d 4e 4f 50 51 52 53 54 55 56 57 58 59 5a 5b 5c 5d 5e 5f 60 61 62 63 64 65 66 67 68 69 6a 6b 6c 6d 6e 6f 70 71 72 73 74 75 76 77 78 79 7a 7b 7c 7d 7e 7f 
 0 17 2e  d 5c  f 1a 74 39 12 1e  6 34 42 69 5b 72 22 24 58 3c --  c -- 68 45  5 -- 53 -- 37 -- 65 63 44 50 48 -- 31 -- 78 -- -- -- 18 -- -- -- 51 60  b --  a -- -- -- 27 -- -- -- 6e -- -- -- 4b 46 47 3a  9  3 21 6d 11 2c -- -- 62 -- -- -- 71 28 -- -- -- -- -- -- 30 -- -- -- -- -- -- -- 23 1d 41 76 16 -- -- -- 14 -- -- -- -- -- -- -- 4e 3b -- -- -- -- -- -- 5d -- -- -- -- -- -- 7f 

solutions so far:0 maxDepth:13 
iterations:82879897  skipped: 284 
Depth skipped: 
0 0 96 188 0 0 0 0 0 0 0 0 0 0 0 0 0 0 0 0 0 0 0 0 0 0 0 0 0 0 0 0 

running time: 1200 sec
 depth:9
 0  1  2  3  4  5  6  7  8  9  a  b  c  d  e  f 10 11 12 13 14 15 16 17 18 19 1a 1b 1c 1d 1e 1f 20 21 22 23 24 25 26 27 28 29 2a 2b 2c 2d 2e 2f 30 31 32 33 34 35 36 37 38 39 3a 3b 3c 3d 3e 3f 40 41 42 43 44 45 46 47 48 49 4a 4b 4c 4d 4e 4f 50 51 52 53 54 55 56 57 58 59 5a 5b 5c 5d 5e 5f 60 61 62 63 64 65 66 67 68 69 6a 6b 6c 6d 6e 6f 70 71 72 73 74 75 76 77 78 79 7a 7b 7c 7d 7e 7f 
 0 17 2e  d 5c  f 1a 53 39 6b 1e 79 34 7e 27 28 72 3d 57 52 3c -- 73 -- 68 15 7d -- 4e -- 50 -- 65 63 7a 5f 2f -- 25 -- 78 -- -- -- 67 -- -- -- 51 1f 2a -- 7b -- -- -- 1d -- -- -- 21 -- -- -- 4b 46 47 69 75 7c 3f 14 5e 29 -- -- 4a -- -- -- 71 6f -- -- -- -- -- -- 4f -- -- -- -- -- -- -- 23 74 3e  a 54 -- -- -- 77 -- -- -- -- -- -- -- 3a  5 -- -- -- -- -- -- 42 -- -- -- -- -- -- 7f 

solutions so far:0 maxDepth:13 
iterations:102885150  skipped: 308 
Depth skipped: 
0 0 96 212 0 0 0 0 0 0 0 0 0 0 0 0 0 0 0 0 0 0 0 0 0 0 0 0 0 0 0 0 

running time: 1500 sec
 depth:11
 0  1  2  3  4  5  6  7  8  9  a  b  c  d  e  f 10 11 12 13 14 15 16 17 18 19 1a 1b 1c 1d 1e 1f 20 21 22 23 24 25 26 27 28 29 2a 2b 2c 2d 2e 2f 30 31 32 33 34 35 36 37 38 39 3a 3b 3c 3d 3e 3f 40 41 42 43 44 45 46 47 48 49 4a 4b 4c 4d 4e 4f 50 51 52 53 54 55 56 57 58 59 5a 5b 5c 5d 5e 5f 60 61 62 63 64 65 66 67 68 69 6a 6b 6c 6d 6e 6f 70 71 72 73 74 75 76 77 78 79 7a 7b 7c 7d 7e 7f 
 0 17 2e  d 5c  f 1a 4e 39 25 1e  4 34 4c 1d 61 72 54 4a 6a 3c 3e  8 4d 68 56 19 -- 3a -- 43 -- 65 63 29 13 15 4f 55 -- 78 73 7c -- 10 -- 1b -- 51 40 2d -- 32 -- -- -- 74 6c -- --  7 -- -- -- 4b 46 47 27 52  2 26 70 2a 35 1f 66 2b -- -- -- 71 49 67 -- 79 -- -- -- 20 -- -- -- 36 -- -- -- 23 53  1 38 5a 33 -- -- 64 -- -- -- -- -- -- -- 69 1c 59 -- -- -- -- --  e -- -- -- -- -- -- 7f 

solutions so far:0 maxDepth:13 
iterations:123954413  skipped: 311 
Depth skipped: 
0 0 96 215 0 0 0 0 0 0 0 0 0 0 0 0 0 0 0 0 0 0 0 0 0 0 0 0 0 0 0 0 

running time: 1800 sec
 depth:11
 0  1  2  3  4  5  6  7  8  9  a  b  c  d  e  f 10 11 12 13 14 15 16 17 18 19 1a 1b 1c 1d 1e 1f 20 21 22 23 24 25 26 27 28 29 2a 2b 2c 2d 2e 2f 30 31 32 33 34 35 36 37 38 39 3a 3b 3c 3d 3e 3f 40 41 42 43 44 45 46 47 48 49 4a 4b 4c 4d 4e 4f 50 51 52 53 54 55 56 57 58 59 5a 5b 5c 5d 5e 5f 60 61 62 63 64 65 66 67 68 69 6a 6b 6c 6d 6e 6f 70 71 72 73 74 75 76 77 78 79 7a 7b 7c 7d 7e 7f 
 0 17 2e  d 5c  f 1a 1d 39 7b 1e 1f 34 5d 3a  2 72 3f 77 52 3c 62 3e 61 68 15 3b -- 74 --  4 -- 65 63 7e 37 6f 58 25 -- 78 16 45 -- 7c -- 43 -- 51 73 2a -- 76 -- -- -- 69  e -- --  8 -- -- -- 4b 46 47 4e 7d 4f 6e  1 5f 29 31 70 4a -- -- -- 71 5b 2c --  b -- -- -- 79 -- -- --  7 -- -- -- 23 27 67 40 54 38 -- -- 6d -- -- -- -- -- -- -- 53 20 1c -- -- -- -- -- 10 -- -- -- -- -- -- 7f 

solutions so far:0 maxDepth:13 
iterations:155025534  skipped: 343 
Depth skipped: 
0 0 96 247 0 0 0 0 0 0 0 0 0 0 0 0 0 0 0 0 0 0 0 0 0 0 0 0 0 0 0 0 

running time: 2100 sec
 depth:10
 0  1  2  3  4  5  6  7  8  9  a  b  c  d  e  f 10 11 12 13 14 15 16 17 18 19 1a 1b 1c 1d 1e 1f 20 21 22 23 24 25 26 27 28 29 2a 2b 2c 2d 2e 2f 30 31 32 33 34 35 36 37 38 39 3a 3b 3c 3d 3e 3f 40 41 42 43 44 45 46 47 48 49 4a 4b 4c 4d 4e 4f 50 51 52 53 54 55 56 57 58 59 5a 5b 5c 5d 5e 5f 60 61 62 63 64 65 66 67 68 69 6a 6b 6c 6d 6e 6f 70 71 72 73 74 75 76 77 78 79 7a 7b 7c 7d 7e 7f 
 0 17 2e  d 5c  e 1a 74 39 3c 1c 57 34 59 69 40 72 47 78 7b 38 54 2f -- 68 5f 33 -- 53 --  1 -- 65 43  f 36 71 15 77 -- 70 25 29 -- 5e -- -- -- 51 7a 3f -- 66 -- -- -- 27 -- -- --  2 -- -- -- 4b 46  7 3a 1e 6b 6c 20 63 7d 2a -- 6f -- -- -- 61 1b 4a -- 52 -- -- -- 3d -- -- -- -- -- -- -- 23 1d 75 10 7e -- -- -- 4d -- -- -- -- -- -- -- 4e  8 -- -- -- -- -- --  4 -- -- -- -- -- -- 7f 

solutions so far:0 maxDepth:13 
iterations:178443806  skipped: 373 
Depth skipped: 
0 0 96 277 0 0 0 0 0 0 0 0 0 0 0 0 0 0 0 0 0 0 0 0 0 0 0 0 0 0 0 0 

running time: 2400 sec
 depth:9
 0  1  2  3  4  5  6  7  8  9  a  b  c  d  e  f 10 11 12 13 14 15 16 17 18 19 1a 1b 1c 1d 1e 1f 20 21 22 23 24 25 26 27 28 29 2a 2b 2c 2d 2e 2f 30 31 32 33 34 35 36 37 38 39 3a 3b 3c 3d 3e 3f 40 41 42 43 44 45 46 47 48 49 4a 4b 4c 4d 4e 4f 50 51 52 53 54 55 56 57 58 59 5a 5b 5c 5d 5e 5f 60 61 62 63 64 65 66 67 68 69 6a 6b 6c 6d 6e 6f 70 71 72 73 74 75 76 77 78 79 7a 7b 7c 7d 7e 7f 
 0 17 2e  d 5c  e 1a 3a 39 3c 1c 50 34  4 74 4d 72 47 78 5a 38 -- 21 -- 68 55  8 -- 69 -- 1b -- 65 43  f  1 71 -- 35 -- 70 -- -- -- 42 -- -- -- 51  a 2b -- 10 -- -- -- 53 -- -- -- 36 -- -- -- 4b 46  7 1d 1e 28  2 66 63 2d -- -- 6a -- -- -- 61 40 -- -- -- -- -- --  5 -- -- -- -- -- -- -- 23 4e 14 33 56 -- -- -- 20 -- -- -- -- -- -- -- 27 59 -- -- -- -- -- -- 6c -- -- -- -- -- -- 7f 

solutions so far:0 maxDepth:13 
iterations:214454062  skipped: 411 
Depth skipped: 
0 0 96 315 0 0 0 0 0 0 0 0 0 0 0 0 0 0 0 0 0 0 0 0 0 0 0 0 0 0 0 0 

running time: 2700 sec
 depth:10
 0  1  2  3  4  5  6  7  8  9  a  b  c  d  e  f 10 11 12 13 14 15 16 17 18 19 1a 1b 1c 1d 1e 1f 20 21 22 23 24 25 26 27 28 29 2a 2b 2c 2d 2e 2f 30 31 32 33 34 35 36 37 38 39 3a 3b 3c 3d 3e 3f 40 41 42 43 44 45 46 47 48 49 4a 4b 4c 4d 4e 4f 50 51 52 53 54 55 56 57 58 59 5a 5b 5c 5d 5e 5f 60 61 62 63 64 65 66 67 68 69 6a 6b 6c 6d 6e 6f 70 71 72 73 74 75 76 77 78 79 7a 7b 7c 7d 7e 7f 
 0 17 2e  d 5c  c 1a 69 39  4 18 13 34 25 53 43 72 40  8 71 30 11 26 -- 68  f 4a -- 27 --  7 -- 65  3  1 29 10 24 63 -- 60  9 22 -- 4c -- -- -- 51 32 1e -- 15 -- -- -- 4e -- -- --  e -- -- -- 4b 46  6 74  2 49 52 61 20 78 48 -- 47 -- -- -- 41 54 12 -- 44 -- -- -- 19 -- -- -- -- -- -- -- 23 3a 64 70 3c -- -- -- 2a -- -- -- -- -- -- -- 1d 38 -- -- -- -- -- -- 1c -- -- -- -- -- -- 7f 

solutions so far:0 maxDepth:13 
iterations:260193895  skipped: 467 
Depth skipped: 
0 0 96 371 0 0 0 0 0 0 0 0 0 0 0 0 0 0 0 0 0 0 0 0 0 0 0 0 0 0 0 0 

running time: 3000 sec
 depth:9
 0  1  2  3  4  5  6  7  8  9  a  b  c  d  e  f 10 11 12 13 14 15 16 17 18 19 1a 1b 1c 1d 1e 1f 20 21 22 23 24 25 26 27 28 29 2a 2b 2c 2d 2e 2f 30 31 32 33 34 35 36 37 38 39 3a 3b 3c 3d 3e 3f 40 41 42 43 44 45 46 47 48 49 4a 4b 4c 4d 4e 4f 50 51 52 53 54 55 56 57 58 59 5a 5b 5c 5d 5e 5f 60 61 62 63 64 65 66 67 68 69 6a 6b 6c 6d 6e 6f 70 71 72 73 74 75 76 77 78 79 7a 7b 7c 7d 7e 7f 
 0 17 2e  d 5c  c 1a 27 39 6a 18 19 34 12 4e 3f 72 2d 55 3c 30 -- 32 -- 68 63 24 -- 1d -- 7e -- 65  3 5a 44 2b -- 78 -- 60 -- -- -- 64 -- -- -- 51 13 47 -- 48 -- -- -- 3a -- -- -- 7d -- -- -- 4b 46  6 53 35 4c  9 5f 56 1e -- -- 71 -- -- -- 41 22 -- -- -- -- -- -- 49 -- -- -- -- -- -- -- 23 69 26 6f  f -- -- -- 11 -- -- -- -- -- -- -- 74 77 -- -- -- -- -- -- 7b -- -- -- -- -- -- 7f 

solutions so far:0 maxDepth:13 
iterations:305762635  skipped: 512 
Depth skipped: 
0 0 96 416 0 0 0 0 0 0 0 0 0 0 0 0 0 0 0 0 0 0 0 0 0 0 0 0 0 0 0 0 

running time: 3300 sec
 depth:9
 0  1  2  3  4  5  6  7  8  9  a  b  c  d  e  f 10 11 12 13 14 15 16 17 18 19 1a 1b 1c 1d 1e 1f 20 21 22 23 24 25 26 27 28 29 2a 2b 2c 2d 2e 2f 30 31 32 33 34 35 36 37 38 39 3a 3b 3c 3d 3e 3f 40 41 42 43 44 45 46 47 48 49 4a 4b 4c 4d 4e 4f 50 51 52 53 54 55 56 57 58 59 5a 5b 5c 5d 5e 5f 60 61 62 63 64 65 66 67 68 69 6a 6b 6c 6d 6e 6f 70 71 72 73 74 75 76 77 78 79 7a 7b 7c 7d 7e 7f 
 0 17 2e  d 5c  b 1a 4e 39 5f 16 6e 34 18 1d 42 72 7b 3f 20 2c -- 5d -- 68  2 30 -- 3a --  5 -- 65 62 77  6 7e -- 40 -- 58 -- -- -- 3b -- -- -- 51 6d  4 -- 60 -- -- -- 74 -- -- --  a -- -- -- 4b 46 45 27 6f 37  c 21 7d 10 -- --  1 -- -- -- 31  3 -- -- -- -- -- -- 76 -- -- -- -- -- -- -- 23 53 5b 50  8 -- -- -- 41 -- -- -- -- -- -- -- 69 28 -- -- -- -- -- -- 14 -- -- -- -- -- -- 7f 

solutions so far:0 maxDepth:13 
iterations:352885606  skipped: 572 
Depth skipped: 
0 0 96 476 0 0 0 0 0 0 0 0 0 0 0 0 0 0 0 0 0 0 0 0 0 0 0 0 0 0 0 0 

running time: 3600 sec
 depth:9
 0  1  2  3  4  5  6  7  8  9  a  b  c  d  e  f 10 11 12 13 14 15 16 17 18 19 1a 1b 1c 1d 1e 1f 20 21 22 23 24 25 26 27 28 29 2a 2b 2c 2d 2e 2f 30 31 32 33 34 35 36 37 38 39 3a 3b 3c 3d 3e 3f 40 41 42 43 44 45 46 47 48 49 4a 4b 4c 4d 4e 4f 50 51 52 53 54 55 56 57 58 59 5a 5b 5c 5d 5e 5f 60 61 62 63 64 65 66 67 68 69 6a 6b 6c 6d 6e 6f 70 71 72 73 74 75 76 77 78 79 7a 7b 7c 7d 7e 7f 
 0 17 2e  d 5c  a 1a 74 39 16 14 1c 34 29 69 30 72 62 2c  2 28 -- 38 -- 68 10 52 -- 53 -- 60 -- 65 42 45 2a 58 --  4 -- 50 -- -- -- 70 -- -- -- 51 43 20 -- 25 -- -- -- 27 -- -- -- 41 -- -- -- 4b 46  5 3a  b  e 54 18 31  1 -- --  8 -- -- -- 21 15 -- -- -- -- -- -- 61 -- -- -- -- -- -- -- 23 1d  7  c 40 -- -- -- 4a -- -- -- -- -- -- -- 4e  6 -- -- -- -- -- --  3 -- -- -- -- -- -- 7f 

solutions so far:0 maxDepth:13 
iterations:400746046  skipped: 634 
Depth skipped: 
0 0 96 538 0 0 0 0 0 0 0 0 0 0 0 0 0 0 0 0 0 0 0 0 0 0 0 0 0 0 0 0 

running time: 3900 sec
 depth:10
 0  1  2  3  4  5  6  7  8  9  a  b  c  d  e  f 10 11 12 13 14 15 16 17 18 19 1a 1b 1c 1d 1e 1f 20 21 22 23 24 25 26 27 28 29 2a 2b 2c 2d 2e 2f 30 31 32 33 34 35 36 37 38 39 3a 3b 3c 3d 3e 3f 40 41 42 43 44 45 46 47 48 49 4a 4b 4c 4d 4e 4f 50 51 52 53 54 55 56 57 58 59 5a 5b 5c 5d 5e 5f 60 61 62 63 64 65 66 67 68 69 6a 6b 6c 6d 6e 6f 70 71 72 73 74 75 76 77 78 79 7a 7b 7c 7d 7e 7f 
 0 17 2e  d 5c  a 1a 3a 39 5d 14 57 34 48 74 73 72 5b 3b  6 28  2 2f -- 68 30 11 -- 69 -- 67 -- 65 42 37 12 76 40  c -- 50 10  4 -- 5e -- -- -- 51 7a 60 -- 22 -- -- -- 53 -- -- -- 4f -- -- -- 4b 46  5 1d 6e 6b 24 79 6d  3  1 -- 18 -- -- -- 21  9 20 --  8 -- -- -- 3d -- -- -- -- -- -- -- 23 4e 75 7c 41 -- -- -- 44 -- -- -- -- -- -- -- 27 3e -- -- -- -- -- -- 1f -- -- -- -- -- -- 7f 

solutions so far:0 maxDepth:13 
iterations:447287962  skipped: 674 
Depth skipped: 
0 0 96 578 0 0 0 0 0 0 0 0 0 0 0 0 0 0 0 0 0 0 0 0 0 0 0 0 0 0 0 0 

running time: 4200 sec
 depth:10
 0  1  2  3  4  5  6  7  8  9  a  b  c  d  e  f 10 11 12 13 14 15 16 17 18 19 1a 1b 1c 1d 1e 1f 20 21 22 23 24 25 26 27 28 29 2a 2b 2c 2d 2e 2f 30 31 32 33 34 35 36 37 38 39 3a 3b 3c 3d 3e 3f 40 41 42 43 44 45 46 47 48 49 4a 4b 4c 4d 4e 4f 50 51 52 53 54 55 56 57 58 59 5a 5b 5c 5d 5e 5f 60 61 62 63 64 65 66 67 68 69 6a 6b 6c 6d 6e 6f 70 71 72 73 74 75 76 77 78 79 7a 7b 7c 7d 7e 7f 
 0 17 2e  d 5c  9 1a 69 39 2f 12 67 34 45 53  8 72 75 5e 71 24 21 4f -- 68  f  b -- 27 -- 10 -- 65 22 6b 31 3d 28 63 -- 48  a 42 -- 1f -- -- -- 51 7c 1e -- 16 -- -- -- 4e -- -- -- 20 -- -- -- 4b 46 44 74 57 73 62  4 7a 78 50 -- 47 -- -- -- 11 58 14 --  5 -- -- -- 3e -- -- -- -- -- -- -- 23 3a 79  2 3c -- -- -- 2c -- -- -- -- -- -- -- 1d  1 -- -- -- -- -- -- 40 -- -- -- -- -- -- 7f 

solutions so far:0 maxDepth:13 
iterations:493281439  skipped: 731 
Depth skipped: 
0 0 96 635 0 0 0 0 0 0 0 0 0 0 0 0 0 0 0 0 0 0 0 0 0 0 0 0 0 0 0 0 

running time: 4500 sec
 depth:8
 0  1  2  3  4  5  6  7  8  9  a  b  c  d  e  f 10 11 12 13 14 15 16 17 18 19 1a 1b 1c 1d 1e 1f 20 21 22 23 24 25 26 27 28 29 2a 2b 2c 2d 2e 2f 30 31 32 33 34 35 36 37 38 39 3a 3b 3c 3d 3e 3f 40 41 42 43 44 45 46 47 48 49 4a 4b 4c 4d 4e 4f 50 51 52 53 54 55 56 57 58 59 5a 5b 5c 5d 5e 5f 60 61 62 63 64 65 66 67 68 69 6a 6b 6c 6d 6e 6f 70 71 72 73 74 75 76 77 78 79 7a 7b 7c 7d 7e 7f 
 0 17 2e  d 5c  9 1a 3a 39 49 12 71 34 18 74 6e 72 19 13 -- 24 -- 63 -- 68 -- 30 -- 69 -- 5d -- 65 22 32  6 26 -- -- -- 48 -- -- -- 47 -- -- -- 51 1e -- -- 60 -- -- -- 53 -- -- -- 3b -- -- -- 4b 46 44 1d 64 78  c 37 4c -- -- -- -- -- -- -- 11  3 -- -- -- -- -- --  f -- -- -- -- -- -- -- 23 4e 3c 5b -- -- -- -- 41 -- -- -- -- -- -- -- 27 6d -- -- -- -- -- -- 76 -- -- -- -- -- -- 7f 

solutions so far:0 maxDepth:13 
iterations:531448578  skipped: 762 
Depth skipped: 
0 0 96 666 0 0 0 0 0 0 0 0 0 0 0 0 0 0 0 0 0 0 0 0 0 0 0 0 0 0 0 0 

running time: 4800 sec
 depth:10
 0  1  2  3  4  5  6  7  8  9  a  b  c  d  e  f 10 11 12 13 14 15 16 17 18 19 1a 1b 1c 1d 1e 1f 20 21 22 23 24 25 26 27 28 29 2a 2b 2c 2d 2e 2f 30 31 32 33 34 35 36 37 38 39 3a 3b 3c 3d 3e 3f 40 41 42 43 44 45 46 47 48 49 4a 4b 4c 4d 4e 4f 50 51 52 53 54 55 56 57 58 59 5a 5b 5c 5d 5e 5f 60 61 62 63 64 65 66 67 68 69 6a 6b 6c 6d 6e 6f 70 71 72 73 74 75 76 77 78 79 7a 7b 7c 7d 7e 7f 
 0 17 2e  d 5c  9 1a 1d 39 21 12 63 34 55 3a  6 72 14 42 7c 24 52 47 -- 68 67 2b -- 74 --  c -- 65 22 28 35  5 54 79 -- 48 15 25 --  f -- -- -- 51 3c 4f -- 56 -- -- -- 69 -- -- -- 18 -- -- -- 4b 46 44 4e 50 71 6a  3  a 3e 29 -- 73 -- -- -- 11 5a 2a -- 4a -- -- -- 1e -- -- -- -- -- -- -- 23 27 78 41 1f -- -- -- 2d -- -- -- -- -- -- -- 53 60 -- -- -- -- -- -- 30 -- -- -- -- -- -- 7f 

solutions so far:0 maxDepth:13 
iterations:547824421  skipped: 781 
Depth skipped: 
0 0 96 685 0 0 0 0 0 0 0 0 0 0 0 0 0 0 0 0 0 0 0 0 0 0 0 0 0 0 0 0 

running time: 5100 sec
 depth:10
 0  1  2  3  4  5  6  7  8  9  a  b  c  d  e  f 10 11 12 13 14 15 16 17 18 19 1a 1b 1c 1d 1e 1f 20 21 22 23 24 25 26 27 28 29 2a 2b 2c 2d 2e 2f 30 31 32 33 34 35 36 37 38 39 3a 3b 3c 3d 3e 3f 40 41 42 43 44 45 46 47 48 49 4a 4b 4c 4d 4e 4f 50 51 52 53 54 55 56 57 58 59 5a 5b 5c 5d 5e 5f 60 61 62 63 64 65 66 67 68 69 6a 6b 6c 6d 6e 6f 70 71 72 73 74 75 76 77 78 79 7a 7b 7c 7d 7e 7f 
 0 17 2e  d 5c  8 1a 69 39  3 10 7a 34 63 53 37 72 30  6 58 20  e 75 -- 68 45 47 -- 27 -- 6e -- 65  2 60 78  c 43 31 -- 40 70 1c -- 6b -- -- -- 51 2f  b --  f -- -- -- 4e -- -- -- 5d -- -- -- 4b 46  4 74 41 3d 71 5b 18 2c  7 -- 62 -- -- --  1 3c 61 -- 38 -- -- -- 57 -- -- -- -- -- -- -- 23 3a 5e 6d 16 -- -- -- 1e -- -- -- -- -- -- -- 1d 76 -- -- -- -- -- -- 3b -- -- -- -- -- -- 7f 

solutions so far:0 maxDepth:13 
iterations:563466039  skipped: 818 
Depth skipped: 
0 0 96 722 0 0 0 0 0 0 0 0 0 0 0 0 0 0 0 0 0 0 0 0 0 0 0 0 0 0 0 0 

running time: 5400 sec
 depth:11
 0  1  2  3  4  5  6  7  8  9  a  b  c  d  e  f 10 11 12 13 14 15 16 17 18 19 1a 1b 1c 1d 1e 1f 20 21 22 23 24 25 26 27 28 29 2a 2b 2c 2d 2e 2f 30 31 32 33 34 35 36 37 38 39 3a 3b 3c 3d 3e 3f 40 41 42 43 44 45 46 47 48 49 4a 4b 4c 4d 4e 4f 50 51 52 53 54 55 56 57 58 59 5a 5b 5c 5d 5e 5f 60 61 62 63 64 65 66 67 68 69 6a 6b 6c 6d 6e 6f 70 71 72 73 74 75 76 77 78 79 7a 7b 7c 7d 7e 7f 
 0 17 2e  d 5c  8 1a 3a 39 73 10 7a 34  f 74 35 72 3e 67 58 20 24 75 14 68 45 1e -- 69 -- 6a -- 65  2 7c 63 4f  9 31 -- 40 22 48 -- 6b -- 28 -- 51 2f  b -- 3c -- -- -- 53 21 -- -- 55 -- -- -- 4b 46  4 1d 79 3d 47 5a 1f 2c 12  a 62 -- -- --  1 71 44 -- 11 -- -- -- 57 -- -- -- 50 -- -- -- 23 4e 5e 2d 16  5 -- -- 78 -- -- -- -- -- -- -- 27 56 42 -- -- -- -- -- 2b -- -- -- -- -- -- 7f 

solutions so far:0 maxDepth:13 
iterations:577680498  skipped: 851 
Depth skipped: 
0 0 96 755 0 0 0 0 0 0 0 0 0 0 0 0 0 0 0 0 0 0 0 0 0 0 0 0 0 0 0 0 

running time: 5700 sec
 depth:9
 0  1  2  3  4  5  6  7  8  9  a  b  c  d  e  f 10 11 12 13 14 15 16 17 18 19 1a 1b 1c 1d 1e 1f 20 21 22 23 24 25 26 27 28 29 2a 2b 2c 2d 2e 2f 30 31 32 33 34 35 36 37 38 39 3a 3b 3c 3d 3e 3f 40 41 42 43 44 45 46 47 48 49 4a 4b 4c 4d 4e 4f 50 51 52 53 54 55 56 57 58 59 5a 5b 5c 5d 5e 5f 60 61 62 63 64 65 66 67 68 69 6a 6b 6c 6d 6e 6f 70 71 72 73 74 75 76 77 78 79 7a 7b 7c 7d 7e 7f 
 0 17 2e  d 5c  8 1a 27 39 5b 10 1c 34 79 4e  5 72 3b 37 32 20 -- 38 -- 68 13 73 -- 1d --  a -- 65  2 76 3e 6e -- 64 -- 40 -- -- -- 70 -- -- -- 51 43 26 -- 67 -- -- -- 3a -- -- -- 14 -- -- -- 4b 46  4 53 6d  e 7c 42 5d 19 -- -- 49 -- -- --  1 1f -- -- -- -- -- -- 61 -- -- -- -- -- -- -- 23 69  7 21 4c -- -- -- 4f -- -- -- -- -- -- -- 74 50 -- -- -- -- -- -- 28 -- -- -- -- -- -- 7f 

solutions so far:0 maxDepth:13 
iterations:592762562  skipped: 865 
Depth skipped: 
0 0 96 769 0 0 0 0 0 0 0 0 0 0 0 0 0 0 0 0 0 0 0 0 0 0 0 0 0 0 0 0 

running time: 6000 sec
 depth:8
 0  1  2  3  4  5  6  7  8  9  a  b  c  d  e  f 10 11 12 13 14 15 16 17 18 19 1a 1b 1c 1d 1e 1f 20 21 22 23 24 25 26 27 28 29 2a 2b 2c 2d 2e 2f 30 31 32 33 34 35 36 37 38 39 3a 3b 3c 3d 3e 3f 40 41 42 43 44 45 46 47 48 49 4a 4b 4c 4d 4e 4f 50 51 52 53 54 55 56 57 58 59 5a 5b 5c 5d 5e 5f 60 61 62 63 64 65 66 67 68 69 6a 6b 6c 6d 6e 6f 70 71 72 73 74 75 76 77 78 79 7a 7b 7c 7d 7e 7f 
 0 17 2e  d 5c  8 1a 1d 39 24 10 4d 34 1c 3a 54 72 44 48 -- 20 -- 1b -- 68 -- 38 -- 74 -- 29 -- 65  2  9  7 11 -- -- -- 40 -- -- -- 36 -- -- -- 51 59 -- -- 70 -- -- -- 69 -- -- -- 52 -- -- -- 4b 46  4 4e 12 66  e 2a 22 -- -- -- -- -- -- --  1 43 -- -- -- -- -- -- 6c -- -- -- -- -- -- -- 23 27 33 15 -- -- -- -- 61 -- -- -- -- -- -- -- 53 4a -- -- -- -- -- -- 25 -- -- -- -- -- -- 7f 

solutions so far:0 maxDepth:13 
iterations:609335771  skipped: 869 
Depth skipped: 
0 0 96 773 0 0 0 0 0 0 0 0 0 0 0 0 0 0 0 0 0 0 0 0 0 0 0 0 0 0 0 0 

running time: 6300 sec
 depth:9
 0  1  2  3  4  5  6  7  8  9  a  b  c  d  e  f 10 11 12 13 14 15 16 17 18 19 1a 1b 1c 1d 1e 1f 20 21 22 23 24 25 26 27 28 29 2a 2b 2c 2d 2e 2f 30 31 32 33 34 35 36 37 38 39 3a 3b 3c 3d 3e 3f 40 41 42 43 44 45 46 47 48 49 4a 4b 4c 4d 4e 4f 50 51 52 53 54 55 56 57 58 59 5a 5b 5c 5d 5e 5f 60 61 62 63 64 65 66 67 68 69 6a 6b 6c 6d 6e 6f 70 71 72 73 74 75 76 77 78 79 7a 7b 7c 7d 7e 7f 
 0 17 2e  d 5c  7 1a 74 39 22  e 4f 34 52 69 20 72 24 44 50 1c -- 1f -- 68  5 25 -- 53 -- 40 -- 65 61 48 54  9 -- 21 -- 38 -- -- -- 3e -- -- -- 51 79  a -- 4a -- -- -- 27 -- -- --  1 -- -- -- 4b 46 43 3a 11 67 29 10 12 28 -- -- 42 -- -- -- 70 2a -- -- -- -- -- -- 7c -- -- -- -- -- -- -- 23 1d 73  8 14 -- -- -- 15 -- -- -- -- -- -- -- 4e  4 -- -- -- -- -- --  2 -- -- -- -- -- -- 7f 

solutions so far:0 maxDepth:13 
iterations:621974343  skipped: 895 
Depth skipped: 
0 0 96 799 0 0 0 0 0 0 0 0 0 0 0 0 0 0 0 0 0 0 0 0 0 0 0 0 0 0 0 0 

running time: 6600 sec
 depth:9
 0  1  2  3  4  5  6  7  8  9  a  b  c  d  e  f 10 11 12 13 14 15 16 17 18 19 1a 1b 1c 1d 1e 1f 20 21 22 23 24 25 26 27 28 29 2a 2b 2c 2d 2e 2f 30 31 32 33 34 35 36 37 38 39 3a 3b 3c 3d 3e 3f 40 41 42 43 44 45 46 47 48 49 4a 4b 4c 4d 4e 4f 50 51 52 53 54 55 56 57 58 59 5a 5b 5c 5d 5e 5f 60 61 62 63 64 65 66 67 68 69 6a 6b 6c 6d 6e 6f 70 71 72 73 74 75 76 77 78 79 7a 7b 7c 7d 7e 7f 
 0 17 2e  d 5c  7 1a 53 39 6d  e  2 34 7c 27 7d 72 5d 5b  a 1c --  4 -- 68 50 79 -- 4e -- 7b -- 65 61 3b 1f 37 -- 14 -- 38 -- -- --  8 -- -- -- 51 20 21 -- 73 -- -- -- 1d -- -- -- 77 -- -- -- 4b 46 43 69 76  1 3e 7e 6e  5 -- -- 28 -- -- -- 70 4f -- -- -- -- -- -- 10 -- -- -- -- -- -- -- 23 74 40 3f 42 -- -- -- 67 -- -- -- -- -- -- -- 3a 5f -- -- -- -- -- -- 6f -- -- -- -- -- -- 7f 

solutions so far:0 maxDepth:13 
iterations:638303991  skipped: 917 
Depth skipped: 
0 0 96 821 0 0 0 0 0 0 0 0 0 0 0 0 0 0 0 0 0 0 0 0 0 0 0 0 0 0 0 0 

running time: 6900 sec
 depth:8
 0  1  2  3  4  5  6  7  8  9  a  b  c  d  e  f 10 11 12 13 14 15 16 17 18 19 1a 1b 1c 1d 1e 1f 20 21 22 23 24 25 26 27 28 29 2a 2b 2c 2d 2e 2f 30 31 32 33 34 35 36 37 38 39 3a 3b 3c 3d 3e 3f 40 41 42 43 44 45 46 47 48 49 4a 4b 4c 4d 4e 4f 50 51 52 53 54 55 56 57 58 59 5a 5b 5c 5d 5e 5f 60 61 62 63 64 65 66 67 68 69 6a 6b 6c 6d 6e 6f 70 71 72 73 74 75 76 77 78 79 7a 7b 7c 7d 7e 7f 
 0 17 2e  d 5c  7 1a 4e 39 45  e 42 34 20 1d 1f 72 58  b -- 1c --  5 -- 68 -- 40 -- 3a -- 3e -- 65 61 31  8 16 -- -- -- 38 -- -- --  a -- -- -- 51 28 -- --  1 -- -- -- 74 -- -- -- 7c -- -- -- 4b 46 43 27 62 21 10 4f 2c -- -- -- -- -- -- -- 70  4 -- -- -- -- -- -- 14 -- -- -- -- -- -- -- 23 53 50 67 -- -- -- --  2 -- -- -- -- -- -- -- 69 73 -- -- -- -- -- -- 79 -- -- -- -- -- -- 7f 

solutions so far:0 maxDepth:13 
iterations:653176206  skipped: 920 
Depth skipped: 
0 0 96 824 0 0 0 0 0 0 0 0 0 0 0 0 0 0 0 0 0 0 0 0 0 0 0 0 0 0 0 0 

running time: 7200 sec
 depth:10
 0  1  2  3  4  5  6  7  8  9  a  b  c  d  e  f 10 11 12 13 14 15 16 17 18 19 1a 1b 1c 1d 1e 1f 20 21 22 23 24 25 26 27 28 29 2a 2b 2c 2d 2e 2f 30 31 32 33 34 35 36 37 38 39 3a 3b 3c 3d 3e 3f 40 41 42 43 44 45 46 47 48 49 4a 4b 4c 4d 4e 4f 50 51 52 53 54 55 56 57 58 59 5a 5b 5c 5d 5e 5f 60 61 62 63 64 65 66 67 68 69 6a 6b 6c 6d 6e 6f 70 71 72 73 74 75 76 77 78 79 7a 7b 7c 7d 7e 7f 
 0 17 2e  d 5c  7 1a 3a 39 3b  e 6b 34 54 74 6c 72 37 76 5a 1c 73 57 -- 68 55 29 -- 69 -- 59 -- 65 61 6e 15 6d 7c 35 -- 38 1f 67 -- 2f -- -- -- 51 3d 2b -- 52 -- -- -- 53 -- -- -- 33 -- -- -- 4b 46 43 1d 5d 75 2a 36 5b 2d 79 -- 6a -- -- -- 70 4a 3e -- 4f -- -- -- 5e -- -- -- -- -- -- -- 23 4e 7a 1b 56 -- -- -- 25 -- -- -- -- -- -- -- 27 4d -- -- -- -- -- -- 66 -- -- -- -- -- -- 7f 

solutions so far:0 maxDepth:13 
iterations:667085937  skipped: 934 
Depth skipped: 
0 0 96 838 0 0 0 0 0 0 0 0 0 0 0 0 0 0 0 0 0 0 0 0 0 0 0 0 0 0 0 0 

running time: 7500 sec
 depth:10
 0  1  2  3  4  5  6  7  8  9  a  b  c  d  e  f 10 11 12 13 14 15 16 17 18 19 1a 1b 1c 1d 1e 1f 20 21 22 23 24 25 26 27 28 29 2a 2b 2c 2d 2e 2f 30 31 32 33 34 35 36 37 38 39 3a 3b 3c 3d 3e 3f 40 41 42 43 44 45 46 47 48 49 4a 4b 4c 4d 4e 4f 50 51 52 53 54 55 56 57 58 59 5a 5b 5c 5d 5e 5f 60 61 62 63 64 65 66 67 68 69 6a 6b 6c 6d 6e 6f 70 71 72 73 74 75 76 77 78 79 7a 7b 7c 7d 7e 7f 
 0 17 2e  d 5c  6 1a 74 39 77  c 19 34 35 69 15 72 7e 6f 22 18 6d 32 -- 68 12 6a -- 53 -- 2a -- 65 41 7d 2d 5f 3b 44 -- 30 6e 5b -- 64 -- -- -- 51 13 24 -- 55 -- -- -- 27 -- -- -- 54 -- -- -- 4b 46  3 3a 7b 4c 5a 4a 3f 11 76 --  9 -- -- -- 60 56 5d -- 37 -- -- -- 49 -- -- -- -- -- -- -- 23 1d 26 25 48 -- -- -- 2b -- -- -- -- -- -- -- 4e 52 -- -- -- -- -- -- 29 -- -- -- -- -- -- 7f 

solutions so far:0 maxDepth:13 
iterations:684734063  skipped: 980 
Depth skipped: 
0 0 96 884 0 0 0 0 0 0 0 0 0 0 0 0 0 0 0 0 0 0 0 0 0 0 0 0 0 0 0 0 

running time: 7800 sec
 depth:9
 0  1  2  3  4  5  6  7  8  9  a  b  c  d  e  f 10 11 12 13 14 15 16 17 18 19 1a 1b 1c 1d 1e 1f 20 21 22 23 24 25 26 27 28 29 2a 2b 2c 2d 2e 2f 30 31 32 33 34 35 36 37 38 39 3a 3b 3c 3d 3e 3f 40 41 42 43 44 45 46 47 48 49 4a 4b 4c 4d 4e 4f 50 51 52 53 54 55 56 57 58 59 5a 5b 5c 5d 5e 5f 60 61 62 63 64 65 66 67 68 69 6a 6b 6c 6d 6e 6f 70 71 72 73 74 75 76 77 78 79 7a 7b 7c 7d 7e 7f 
 0 17 2e  d 5c  6 1a 69 39 4c  c 36 34 2f 53  8 72 49 19 21 18 -- 6c -- 68  a 5e -- 27 -- 10 -- 65 41 13 6b 32 -- 42 -- 30 -- -- -- 59 -- -- -- 51 66 14 -- 3d -- -- -- 4e -- -- -- 20 -- -- -- 4b 46  3 74 26 1b 57  4 64 50 -- --  5 -- -- -- 60 75 -- -- -- -- -- -- 33 -- -- -- -- -- -- -- 23 3a 4d  2 28 -- -- -- 7a -- -- -- -- -- -- -- 1d  1 -- -- -- -- -- -- 40 -- -- -- -- -- -- 7f 

solutions so far:0 maxDepth:13 
iterations:702731332  skipped: 989 
Depth skipped: 
0 0 96 893 0 0 0 0 0 0 0 0 0 0 0 0 0 0 0 0 0 0 0 0 0 0 0 0 0 0 0 0 

running time: 8100 sec
 depth:10
 0  1  2  3  4  5  6  7  8  9  a  b  c  d  e  f 10 11 12 13 14 15 16 17 18 19 1a 1b 1c 1d 1e 1f 20 21 22 23 24 25 26 27 28 29 2a 2b 2c 2d 2e 2f 30 31 32 33 34 35 36 37 38 39 3a 3b 3c 3d 3e 3f 40 41 42 43 44 45 46 47 48 49 4a 4b 4c 4d 4e 4f 50 51 52 53 54 55 56 57 58 59 5a 5b 5c 5d 5e 5f 60 61 62 63 64 65 66 67 68 69 6a 6b 6c 6d 6e 6f 70 71 72 73 74 75 76 77 78 79 7a 7b 7c 7d 7e 7f 
 0 17 2e  d 5c  6 1a 53 39 2c  c 1e 34 42 27 22 72 45 58 5a 18 29 3c -- 68 55  5 -- 4e -- 44 -- 65 41  b 50 31 2a 35 -- 30 4a 52 -- 78 -- -- -- 51 63 2b --  a -- -- -- 1d -- -- --  9 -- -- -- 4b 46  3 69 16  f 21 11 62 2d 54 -- 6a -- -- -- 60 28 15 -- 25 -- -- -- 71 -- -- -- -- -- -- -- 23 74 47 48 56 -- -- -- 14 -- -- -- -- -- -- -- 3a 24 -- -- -- -- -- -- 12 -- -- -- -- -- -- 7f 

solutions so far:0 maxDepth:13 
iterations:720837657  skipped: 1005 
Depth skipped: 
0 0 96 909 0 0 0 0 0 0 0 0 0 0 0 0 0 0 0 0 0 0 0 0 0 0 0 0 0 0 0 0 

running time: 8400 sec
 depth:9
 0  1  2  3  4  5  6  7  8  9  a  b  c  d  e  f 10 11 12 13 14 15 16 17 18 19 1a 1b 1c 1d 1e 1f 20 21 22 23 24 25 26 27 28 29 2a 2b 2c 2d 2e 2f 30 31 32 33 34 35 36 37 38 39 3a 3b 3c 3d 3e 3f 40 41 42 43 44 45 46 47 48 49 4a 4b 4c 4d 4e 4f 50 51 52 53 54 55 56 57 58 59 5a 5b 5c 5d 5e 5f 60 61 62 63 64 65 66 67 68 69 6a 6b 6c 6d 6e 6f 70 71 72 73 74 75 76 77 78 79 7a 7b 7c 7d 7e 7f 
 0 17 2e  d 5c  6 1a 3a 39  a  c  9 34 62 74 2f 72 21 14  1 18 -- 12 -- 68  8 45 -- 69 -- 5e -- 65 41 42 58 28 --  2 -- 30 -- -- -- 24 -- -- -- 51 11 10 --  b -- -- -- 53 -- -- -- 3d -- -- -- 4b 46  3 1d  5 44 31 57 50 40 -- --  4 -- -- -- 60 2c -- -- -- -- -- -- 48 -- -- -- -- -- -- -- 23 4e 22 6b 20 -- -- -- 16 -- -- -- -- -- -- -- 27 75 -- -- -- -- -- -- 7a -- -- -- -- -- -- 7f 

solutions so far:0 maxDepth:13 
iterations:740143876  skipped: 1021 
Depth skipped: 
0 0 96 925 0 0 0 0 0 0 0 0 0 0 0 0 0 0 0 0 0 0 0 0 0 0 0 0 0 0 0 0 

running time: 8700 sec
 depth:9
 0  1  2  3  4  5  6  7  8  9  a  b  c  d  e  f 10 11 12 13 14 15 16 17 18 19 1a 1b 1c 1d 1e 1f 20 21 22 23 24 25 26 27 28 29 2a 2b 2c 2d 2e 2f 30 31 32 33 34 35 36 37 38 39 3a 3b 3c 3d 3e 3f 40 41 42 43 44 45 46 47 48 49 4a 4b 4c 4d 4e 4f 50 51 52 53 54 55 56 57 58 59 5a 5b 5c 5d 5e 5f 60 61 62 63 64 65 66 67 68 69 6a 6b 6c 6d 6e 6f 70 71 72 73 74 75 76 77 78 79 7a 7b 7c 7d 7e 7f 
 0 17 2e  d 5c  6 1a 1d 39 5f  c 43 34  4 3a 12 72 7b 3f  a 18 --  7 -- 68 50  8 -- 74 -- 24 -- 65 41 77  1 7e -- 14 -- 30 -- -- --  e -- -- -- 51 38 21 -- 10 -- -- -- 69 -- -- -- 48 -- -- -- 4b 46  3 4e 6f 61  2  9 7d  5 -- -- 28 -- -- -- 60 40 -- -- -- -- -- -- 1c -- -- -- -- -- -- -- 23 27 70 44 42 -- -- -- 20 -- -- -- -- -- -- -- 53 22 -- -- -- -- -- -- 11 -- -- -- -- -- -- 7f 

solutions so far:0 maxDepth:13 
iterations:758290820  skipped: 1040 
Depth skipped: 
0 0 96 944 0 0 0 0 0 0 0 0 0 0 0 0 0 0 0 0 0 0 0 0 0 0 0 0 0 0 0 0 

running time: 9000 sec
 depth:8
 0  1  2  3  4  5  6  7  8  9  a  b  c  d  e  f 10 11 12 13 14 15 16 17 18 19 1a 1b 1c 1d 1e 1f 20 21 22 23 24 25 26 27 28 29 2a 2b 2c 2d 2e 2f 30 31 32 33 34 35 36 37 38 39 3a 3b 3c 3d 3e 3f 40 41 42 43 44 45 46 47 48 49 4a 4b 4c 4d 4e 4f 50 51 52 53 54 55 56 57 58 59 5a 5b 5c 5d 5e 5f 60 61 62 63 64 65 66 67 68 69 6a 6b 6c 6d 6e 6f 70 71 72 73 74 75 76 77 78 79 7a 7b 7c 7d 7e 7f 
 0 17 2e  d 5c  5 1a 74 39  b  a 36 34 1e 69 7c 72 31 16 -- 14 -- 6c -- 68 -- 3c -- 53 -- 79 -- 65 21 62 47 2c -- -- -- 28 -- -- -- 59 -- -- -- 51 66 -- -- 78 -- -- -- 27 -- -- -- 73 -- -- -- 4b 46 42 3a 45 1b  f 3e 58 -- -- -- -- -- -- -- 50 63 -- -- -- -- -- -- 33 -- -- -- -- -- -- -- 23 1d 4d 1f -- -- -- -- 71 -- -- -- -- -- -- -- 4e 4f -- -- -- -- -- -- 67 -- -- -- -- -- -- 7f 

solutions so far:0 maxDepth:13 
iterations:781067158  skipped: 1068 
Depth skipped: 
0 0 96 972 0 0 0 0 0 0 0 0 0 0 0 0 0 0 0 0 0 0 0 0 0 0 0 0 0 0 0 0 

running time: 9300 sec
 depth:10
 0  1  2  3  4  5  6  7  8  9  a  b  c  d  e  f 10 11 12 13 14 15 16 17 18 19 1a 1b 1c 1d 1e 1f 20 21 22 23 24 25 26 27 28 29 2a 2b 2c 2d 2e 2f 30 31 32 33 34 35 36 37 38 39 3a 3b 3c 3d 3e 3f 40 41 42 43 44 45 46 47 48 49 4a 4b 4c 4d 4e 4f 50 51 52 53 54 55 56 57 58 59 5a 5b 5c 5d 5e 5f 60 61 62 63 64 65 66 67 68 69 6a 6b 6c 6d 6e 6f 70 71 72 73 74 75 76 77 78 79 7a 7b 7c 7d 7e 7f 
 0 17 2e  d 5c  5 1a 53 39 22  a 32 34 37 27 57 72 24 44 52 14 71 64 -- 68 15 6e -- 4e -- 2f -- 65 21 48 6d  9 3c 25 -- 28  f 63 -- 49 -- -- -- 51 26 2a -- 5d -- -- -- 1d -- -- -- 5e -- -- -- 4b 46 42 69 11 19 5b 6b 12 29 78 -- 4a -- -- -- 50 76 1e -- 47 -- -- -- 13 -- -- -- -- -- -- -- 23 74 4c 75 54 -- -- -- 3b -- -- -- -- -- -- -- 3a 7a -- -- -- -- -- -- 3d -- -- -- -- -- -- 7f 

solutions so far:0 maxDepth:13 
iterations:807070021  skipped: 1092 
Depth skipped: 
0 0 96 996 0 0 0 0 0 0 0 0 0 0 0 0 0 0 0 0 0 0 0 0 0 0 0 0 0 0 0 0 

running time: 9600 sec
 depth:9
 0  1  2  3  4  5  6  7  8  9  a  b  c  d  e  f 10 11 12 13 14 15 16 17 18 19 1a 1b 1c 1d 1e 1f 20 21 22 23 24 25 26 27 28 29 2a 2b 2c 2d 2e 2f 30 31 32 33 34 35 36 37 38 39 3a 3b 3c 3d 3e 3f 40 41 42 43 44 45 46 47 48 49 4a 4b 4c 4d 4e 4f 50 51 52 53 54 55 56 57 58 59 5a 5b 5c 5d 5e 5f 60 61 62 63 64 65 66 67 68 69 6a 6b 6c 6d 6e 6f 70 71 72 73 74 75 76 77 78 79 7a 7b 7c 7d 7e 7f 
 0 17 2e  d 5c  5 1a 3a 39 5b  a 5a 34 71 74 1f 72 3b 37 1c 14 -- 35 -- 68 61 63 -- 69 -- 3e -- 65 21 76 3c 6e -- 38 -- 28 -- -- -- 6a -- -- -- 51 2b 43 -- 47 -- -- -- 53 -- -- -- 7c -- -- -- 4b 46 42 1d 6d 2d 78 4f 5d  e -- -- 70 -- -- -- 50 1e -- -- -- -- -- -- 55 -- -- -- -- -- -- -- 23 4e 56 67  7 -- -- --  f -- -- -- -- -- -- -- 27 73 -- -- -- -- -- -- 79 -- -- -- -- -- -- 7f 

solutions so far:0 maxDepth:13 
iterations:828226651  skipped: 1109 
Depth skipped: 
0 0 96 1013 0 0 0 0 0 0 0 0 0 0 0 0 0 0 0 0 0 0 0 0 0 0 0 0 0 0 0 0 

running time: 9900 sec
 depth:9
 0  1  2  3  4  5  6  7  8  9  a  b  c  d  e  f 10 11 12 13 14 15 16 17 18 19 1a 1b 1c 1d 1e 1f 20 21 22 23 24 25 26 27 28 29 2a 2b 2c 2d 2e 2f 30 31 32 33 34 35 36 37 38 39 3a 3b 3c 3d 3e 3f 40 41 42 43 44 45 46 47 48 49 4a 4b 4c 4d 4e 4f 50 51 52 53 54 55 56 57 58 59 5a 5b 5c 5d 5e 5f 60 61 62 63 64 65 66 67 68 69 6a 6b 6c 6d 6e 6f 70 71 72 73 74 75 76 77 78 79 7a 7b 7c 7d 7e 7f 
 0 17 2e  d 5c  5 1a 1d 39 61  a 6c 34 54 3a 10 72 1c 43  b 14 -- 59 -- 68 58 29 -- 74 -- 20 -- 65 21 38 15  7 -- 16 -- 28 -- -- -- 33 -- -- -- 51 4d 31 -- 52 -- -- -- 69 -- -- -- 40 -- -- -- 4b 46 42 4e 70 36 2a  8  e 45 -- -- 2c -- -- -- 50 4a -- -- -- -- -- -- 66 -- -- -- -- -- -- -- 23 27 1b  4 62 -- -- -- 25 -- -- -- -- -- -- -- 53  2 -- -- -- -- -- --  1 -- -- -- -- -- -- 7f 

solutions so far:0 maxDepth:13 
iterations:856984856  skipped: 1126 
Depth skipped: 
0 0 96 1030 0 0 0 0 0 0 0 0 0 0 0 0 0 0 0 0 0 0 0 0 0 0 0 0 0 0 0 0 

running time: 10200 sec
 depth:9
 0  1  2  3  4  5  6  7  8  9  a  b  c  d  e  f 10 11 12 13 14 15 16 17 18 19 1a 1b 1c 1d 1e 1f 20 21 22 23 24 25 26 27 28 29 2a 2b 2c 2d 2e 2f 30 31 32 33 34 35 36 37 38 39 3a 3b 3c 3d 3e 3f 40 41 42 43 44 45 46 47 48 49 4a 4b 4c 4d 4e 4f 50 51 52 53 54 55 56 57 58 59 5a 5b 5c 5d 5e 5f 60 61 62 63 64 65 66 67 68 69 6a 6b 6c 6d 6e 6f 70 71 72 73 74 75 76 77 78 79 7a 7b 7c 7d 7e 7f 
 0 17 2e  d 5c  4 1a 69 39 7d  8 6e 34 29 53 36 72 5f 7b 6a 10 -- 5d -- 68 56 52 -- 27 -- 6c -- 65  1 3f 2a 77 -- 55 -- 20 -- -- -- 3b -- -- -- 51 6d 2d -- 25 -- -- -- 4e -- -- -- 59 -- -- -- 4b 46  2 74 7e 37 54 1b 6f 35 -- -- 2b -- -- -- 40 15 -- -- -- -- -- -- 76 -- -- -- -- -- -- -- 23 3a 5b 4d 5a -- -- -- 4a -- -- -- -- -- -- -- 1d 66 -- -- -- -- -- -- 33 -- -- -- -- -- -- 7f 

solutions so far:0 maxDepth:13 
iterations:877676141  skipped: 1162 
Depth skipped: 
0 0 96 1066 0 0 0 0 0 0 0 0 0 0 0 0 0 0 0 0 0 0 0 0 0 0 0 0 0 0 0 0 

running time: 10500 sec
 depth:9
 0  1  2  3  4  5  6  7  8  9  a  b  c  d  e  f 10 11 12 13 14 15 16 17 18 19 1a 1b 1c 1d 1e 1f 20 21 22 23 24 25 26 27 28 29 2a 2b 2c 2d 2e 2f 30 31 32 33 34 35 36 37 38 39 3a 3b 3c 3d 3e 3f 40 41 42 43 44 45 46 47 48 49 4a 4b 4c 4d 4e 4f 50 51 52 53 54 55 56 57 58 59 5a 5b 5c 5d 5e 5f 60 61 62 63 64 65 66 67 68 69 6a 6b 6c 6d 6e 6f 70 71 72 73 74 75 76 77 78 79 7a 7b 7c 7d 7e 7f 
 0 17 2e  d 5c  4 1a 4e 39 4a  8 61 34 55 1d 44 72 29 15 37 10 -- 43 -- 68 3b 2b -- 3a --  9 -- 65  1 52 35 2a -- 6e -- 20 -- -- --  7 -- -- -- 51 1c 76 -- 56 -- -- -- 74 -- -- -- 12 -- -- -- 4b 46  2 27 25 70 6a 22 54 5b -- -- 5d -- -- -- 40 5a -- -- -- -- -- --  e -- -- -- -- -- -- -- 23 53 38 11 6d -- -- -- 2d -- -- -- -- -- -- -- 69 48 -- -- -- -- -- -- 24 -- -- -- -- -- -- 7f 

solutions so far:0 maxDepth:13 
iterations:907982971  skipped: 1182 
Depth skipped: 
0 0 96 1086 0 0 0 0 0 0 0 0 0 0 0 0 0 0 0 0 0 0 0 0 0 0 0 0 0 0 0 0 

running time: 10800 sec
 depth:9
 0  1  2  3  4  5  6  7  8  9  a  b  c  d  e  f 10 11 12 13 14 15 16 17 18 19 1a 1b 1c 1d 1e 1f 20 21 22 23 24 25 26 27 28 29 2a 2b 2c 2d 2e 2f 30 31 32 33 34 35 36 37 38 39 3a 3b 3c 3d 3e 3f 40 41 42 43 44 45 46 47 48 49 4a 4b 4c 4d 4e 4f 50 51 52 53 54 55 56 57 58 59 5a 5b 5c 5d 5e 5f 60 61 62 63 64 65 66 67 68 69 6a 6b 6c 6d 6e 6f 70 71 72 73 74 75 76 77 78 79 7a 7b 7c 7d 7e 7f 
 0 17 2e  d 5c  4 1a 3a 39  6  8 57 34 5d 74 4a 72 60  c 1f 10 -- 2f -- 68 79 3b -- 69 -- 15 -- 65  1 41 37 18 -- 3e -- 20 -- -- -- 5e -- -- -- 51 7a 73 -- 76 -- -- -- 53 -- -- -- 2a -- -- -- 4b 46  2 1d  3 6b 6e 25 30 4f -- -- 7c -- -- -- 40 5b -- -- -- -- -- -- 3d -- -- -- -- -- -- -- 23 4e 75 52 67 -- -- -- 6d -- -- -- -- -- -- -- 27 29 -- -- -- -- -- -- 54 -- -- -- -- -- -- 7f 

solutions so far:0 maxDepth:13 
iterations:927040702  skipped: 1196 
Depth skipped: 
0 0 96 1100 0 0 0 0 0 0 0 0 0 0 0 0 0 0 0 0 0 0 0 0 0 0 0 0 0 0 0 0 

running time: 11100 sec
 depth:8
 0  1  2  3  4  5  6  7  8  9  a  b  c  d  e  f 10 11 12 13 14 15 16 17 18 19 1a 1b 1c 1d 1e 1f 20 21 22 23 24 25 26 27 28 29 2a 2b 2c 2d 2e 2f 30 31 32 33 34 35 36 37 38 39 3a 3b 3c 3d 3e 3f 40 41 42 43 44 45 46 47 48 49 4a 4b 4c 4d 4e 4f 50 51 52 53 54 55 56 57 58 59 5a 5b 5c 5d 5e 5f 60 61 62 63 64 65 66 67 68 69 6a 6b 6c 6d 6e 6f 70 71 72 73 74 75 76 77 78 79 7a 7b 7c 7d 7e 7f 
 0 17 2e  d 5c  3 1a 74 39 6b  6 1b 34 26 69 55 72 3d 57 --  c -- 36 -- 68 -- 4c -- 53 -- 2b -- 65 60 7a 49 2f -- -- -- 18 -- -- -- 6c -- -- -- 51 33 -- -- 19 -- -- -- 27 -- -- -- 56 -- -- -- 4b 46 41 3a 75 4d 13 6a 5e -- -- -- -- -- -- -- 30 64 -- -- -- -- -- -- 59 -- -- -- -- -- -- -- 23 1d 66 35 -- -- -- -- 32 -- -- -- -- -- -- -- 4e 5a -- -- -- -- -- -- 2d -- -- -- -- -- -- 7f 

solutions so far:0 maxDepth:13 
iterations:952373415  skipped: 1241 
Depth skipped: 
0 0 96 1145 0 0 0 0 0 0 0 0 0 0 0 0 0 0 0 0 0 0 0 0 0 0 0 0 0 0 0 0 

running time: 11400 sec
 depth:9
 0  1  2  3  4  5  6  7  8  9  a  b  c  d  e  f 10 11 12 13 14 15 16 17 18 19 1a 1b 1c 1d 1e 1f 20 21 22 23 24 25 26 27 28 29 2a 2b 2c 2d 2e 2f 30 31 32 33 34 35 36 37 38 39 3a 3b 3c 3d 3e 3f 40 41 42 43 44 45 46 47 48 49 4a 4b 4c 4d 4e 4f 50 51 52 53 54 55 56 57 58 59 5a 5b 5c 5d 5e 5f 60 61 62 63 64 65 66 67 68 69 6a 6b 6c 6d 6e 6f 70 71 72 73 74 75 76 77 78 79 7a 7b 7c 7d 7e 7f 
 0 17 2e  d 5c  3 1a 69 39 11  6 37 34 7c 53  2 72 12 22 55  c -- 6e -- 68 2d 79 -- 27 --  4 -- 65 60 24 1f 44 -- 2b -- 18 -- -- -- 5d -- -- -- 51 76 5a -- 73 -- -- -- 4e -- -- --  8 -- -- -- 4b 46 41 74 48 5b 3e  1  9 6a -- -- 56 -- -- -- 30 4f -- -- -- -- -- -- 3b -- -- -- -- -- -- -- 23 3a 6d 40 35 -- -- -- 67 -- -- -- -- -- -- -- 1d 20 -- -- -- -- -- -- 10 -- -- -- -- -- -- 7f 

solutions so far:0 maxDepth:13 
iterations:974261286  skipped: 1249 
Depth skipped: 
0 0 96 1153 0 0 0 0 0 0 0 0 0 0 0 0 0 0 0 0 0 0 0 0 0 0 0 0 0 0 0 0 

running time: 11700 sec
 depth:12
 0  1  2  3  4  5  6  7  8  9  a  b  c  d  e  f 10 11 12 13 14 15 16 17 18 19 1a 1b 1c 1d 1e 1f 20 21 22 23 24 25 26 27 28 29 2a 2b 2c 2d 2e 2f 30 31 32 33 34 35 36 37 38 39 3a 3b 3c 3d 3e 3f 40 41 42 43 44 45 46 47 48 49 4a 4b 4c 4d 4e 4f 50 51 52 53 54 55 56 57 58 59 5a 5b 5c 5d 5e 5f 60 61 62 63 64 65 66 67 68 69 6a 6b 6c 6d 6e 6f 70 71 72 73 74 75 76 77 78 79 7a 7b 7c 7d 7e 7f 
 0 17 2e  d 5c  3 1a 4e 39 45  6 54 34 78 1d 79 72 58  b 40  c 35 29 6f 68  4 71 36 3a -- 73 -- 65 60 31 1e 16 2d  1 -- 18 2b 6a -- 52 -- 5f -- 51 4a  8 66 63 -- 6c -- 74 7e -- -- 67 -- -- -- 4b 46 41 27 62 2a 3c 7c 2c 20 5a 77  2 1b -- -- 30  f 56 -- 55 -- -- -- 25 33 -- -- 3f -- -- -- 23 53 15 3e 10 7b 4d -- 47 -- -- -- 59 -- -- -- 69 1f 7d -- -- -- -- -- 4f -- -- -- -- -- -- 7f 

solutions so far:0 maxDepth:13 
iterations:995917882  skipped: 1267 
Depth skipped: 
0 0 96 1171 0 0 0 0 0 0 0 0 0 0 0 0 0 0 0 0 0 0 0 0 0 0 0 0 0 0 0 0 

running time: 12000 sec
 depth:10
 0  1  2  3  4  5  6  7  8  9  a  b  c  d  e  f 10 11 12 13 14 15 16 17 18 19 1a 1b 1c 1d 1e 1f 20 21 22 23 24 25 26 27 28 29 2a 2b 2c 2d 2e 2f 30 31 32 33 34 35 36 37 38 39 3a 3b 3c 3d 3e 3f 40 41 42 43 44 45 46 47 48 49 4a 4b 4c 4d 4e 4f 50 51 52 53 54 55 56 57 58 59 5a 5b 5c 5d 5e 5f 60 61 62 63 64 65 66 67 68 69 6a 6b 6c 6d 6e 6f 70 71 72 73 74 75 76 77 78 79 7a 7b 7c 7d 7e 7f 
 0 17 2e  d 5c  3 1a 3a 39  9  6 5d 34 50 74 32 72 11 12 3e  c  8 3b -- 68 73 21 -- 69 -- 64 -- 65 60 22 14 24  2 7c -- 18 40 10 -- 76 -- -- -- 51 5b 67 -- 42 -- -- -- 53 -- -- -- 49 -- -- -- 4b 46 41 1d 44 6e 28 19 48 1f  4 -- 79 -- -- -- 30  a  1 -- 20 -- -- -- 6d -- -- -- -- -- -- -- 23 4e 37 4c 4f -- -- --  5 -- -- -- -- -- -- -- 27 26 -- -- -- -- -- -- 13 -- -- -- -- -- -- 7f 

solutions so far:0 maxDepth:13 
iterations:1016393395  skipped: 1281 
Depth skipped: 
0 0 96 1185 0 0 0 0 0 0 0 0 0 0 0 0 0 0 0 0 0 0 0 0 0 0 0 0 0 0 0 0 

running time: 12300 sec
 depth:10
 0  1  2  3  4  5  6  7  8  9  a  b  c  d  e  f 10 11 12 13 14 15 16 17 18 19 1a 1b 1c 1d 1e 1f 20 21 22 23 24 25 26 27 28 29 2a 2b 2c 2d 2e 2f 30 31 32 33 34 35 36 37 38 39 3a 3b 3c 3d 3e 3f 40 41 42 43 44 45 46 47 48 49 4a 4b 4c 4d 4e 4f 50 51 52 53 54 55 56 57 58 59 5a 5b 5c 5d 5e 5f 60 61 62 63 64 65 66 67 68 69 6a 6b 6c 6d 6e 6f 70 71 72 73 74 75 76 77 78 79 7a 7b 7c 7d 7e 7f 
 0 17 2e  d 5c  2 1a 74 39 6c  4 29 34 6d 69  e 72 4d 59 5f  8 12 52 -- 68 7d 5b -- 53 -- 1c -- 65 40 1b 3b 33 44 3f -- 10 11 24 -- 25 -- -- -- 51 15 7b -- 37 -- -- -- 27 -- -- -- 38 -- -- -- 4b 46  1 3a 36 54 76  7 66 6f  9 -- 7e -- -- -- 20 5d 22 -- 48 -- -- -- 4a -- -- -- -- -- -- -- 23 1d 2a 43 77 -- -- -- 6e -- -- -- -- -- -- -- 4e 61 -- -- -- -- -- -- 70 -- -- -- -- -- -- 7f 

solutions so far:0 maxDepth:13 
iterations:1047627412  skipped: 1326 
Depth skipped: 
0 0 96 1230 0 0 0 0 0 0 0 0 0 0 0 0 0 0 0 0 0 0 0 0 0 0 0 0 0 0 0 0 

running time: 12600 sec
 depth:8
 0  1  2  3  4  5  6  7  8  9  a  b  c  d  e  f 10 11 12 13 14 15 16 17 18 19 1a 1b 1c 1d 1e 1f 20 21 22 23 24 25 26 27 28 29 2a 2b 2c 2d 2e 2f 30 31 32 33 34 35 36 37 38 39 3a 3b 3c 3d 3e 3f 40 41 42 43 44 45 46 47 48 49 4a 4b 4c 4d 4e 4f 50 51 52 53 54 55 56 57 58 59 5a 5b 5c 5d 5e 5f 60 61 62 63 64 65 66 67 68 69 6a 6b 6c 6d 6e 6f 70 71 72 73 74 75 76 77 78 79 7a 7b 7c 7d 7e 7f 
 0 17 2e  d 5c  2 1a 53 39 63  4 6a 34 61 27 75 72 3c 47 --  8 -- 55 -- 68 -- 43 -- 4e -- 6b -- 65 40 78 38  f -- -- -- 10 -- -- -- 2b -- -- -- 51 2d -- --  7 -- -- -- 1d -- -- -- 57 -- -- -- 4b 46  1 69 71 35 70 7a 1e -- -- -- -- -- -- -- 20 1c -- -- -- -- -- -- 56 -- -- -- -- -- -- -- 23 74 5a 3d -- -- -- --  e -- -- -- -- -- -- -- 3a 5e -- -- -- -- -- -- 2f -- -- -- -- -- -- 7f 

solutions so far:0 maxDepth:13 
iterations:1072696495  skipped: 1352 
Depth skipped: 
0 0 96 1256 0 0 0 0 0 0 0 0 0 0 0 0 0 0 0 0 0 0 0 0 0 0 0 0 0 0 0 0 

running time: 12900 sec
 depth:10
 0  1  2  3  4  5  6  7  8  9  a  b  c  d  e  f 10 11 12 13 14 15 16 17 18 19 1a 1b 1c 1d 1e 1f 20 21 22 23 24 25 26 27 28 29 2a 2b 2c 2d 2e 2f 30 31 32 33 34 35 36 37 38 39 3a 3b 3c 3d 3e 3f 40 41 42 43 44 45 46 47 48 49 4a 4b 4c 4d 4e 4f 50 51 52 53 54 55 56 57 58 59 5a 5b 5c 5d 5e 5f 60 61 62 63 64 65 66 67 68 69 6a 6b 6c 6d 6e 6f 70 71 72 73 74 75 76 77 78 79 7a 7b 7c 7d 7e 7f 
 0 17 2e  d 5c  2 1a 3a 39 3e  4 49 34 58 74 71 72 67 7c 44  8 6c 13 -- 68 24 31 -- 69 -- 63 -- 65 40 4f 16 79 1b  9 -- 10 66 59 -- 26 -- -- -- 51 19 48 -- 62 -- -- -- 53 -- -- -- 47 -- -- -- 4b 46  1 1d 1f 64 2c 78 73 22 36 -- 12 -- -- -- 20  b 4d -- 33 -- -- -- 4c -- -- -- -- -- -- -- 23 4e 32 3c 11 -- -- -- 45 -- -- -- -- -- -- -- 27 1e -- -- -- -- -- --  f -- -- -- -- -- -- 7f 

solutions so far:0 maxDepth:13 
iterations:1100902296  skipped: 1367 
Depth skipped: 
0 0 96 1271 0 0 0 0 0 0 0 0 0 0 0 0 0 0 0 0 0 0 0 0 0 0 0 0 0 0 0 0 

running time: 13200 sec
 depth:9
 0  1  2  3  4  5  6  7  8  9  a  b  c  d  e  f 10 11 12 13 14 15 16 17 18 19 1a 1b 1c 1d 1e 1f 20 21 22 23 24 25 26 27 28 29 2a 2b 2c 2d 2e 2f 30 31 32 33 34 35 36 37 38 39 3a 3b 3c 3d 3e 3f 40 41 42 43 44 45 46 47 48 49 4a 4b 4c 4d 4e 4f 50 51 52 53 54 55 56 57 58 59 5a 5b 5c 5d 5e 5f 60 61 62 63 64 65 66 67 68 69 6a 6b 6c 6d 6e 6f 70 71 72 73 74 75 76 77 78 79 7a 7b 7c 7d 7e 7f 
 0 17 2e  d 5c  1 1a 74 39 24  2 28 34 5b 69 62 72 44 48 79  4 -- 50 -- 68 4f 37 -- 53 -- 45 -- 65 20  9 76 11 -- 73 --  8 -- -- -- 21 -- -- -- 51  5 1f -- 6e -- -- -- 27 -- -- --  b -- -- -- 4b 46 40 3a 12 14 6d 31 22 7c -- -- 67 -- -- -- 10 3b -- -- -- -- -- -- 42 -- -- -- -- -- -- -- 23 1d  a 58 3e -- -- -- 5d -- -- -- -- -- -- -- 4e 2c -- -- -- -- -- -- 16 -- -- -- -- -- -- 7f 

solutions so far:0 maxDepth:13 
iterations:1127960623  skipped: 1411 
Depth skipped: 
0 0 96 1315 0 0 0 0 0 0 0 0 0 0 0 0 0 0 0 0 0 0 0 0 0 0 0 0 0 0 0 0 

running time: 13500 sec
 depth:9
 0  1  2  3  4  5  6  7  8  9  a  b  c  d  e  f 10 11 12 13 14 15 16 17 18 19 1a 1b 1c 1d 1e 1f 20 21 22 23 24 25 26 27 28 29 2a 2b 2c 2d 2e 2f 30 31 32 33 34 35 36 37 38 39 3a 3b 3c 3d 3e 3f 40 41 42 43 44 45 46 47 48 49 4a 4b 4c 4d 4e 4f 50 51 52 53 54 55 56 57 58 59 5a 5b 5c 5d 5e 5f 60 61 62 63 64 65 66 67 68 69 6a 6b 6c 6d 6e 6f 70 71 72 73 74 75 76 77 78 79 7a 7b 7c 7d 7e 7f 
 0 17 2e  d 5c  1 1a 53 39 38  2 54 34 4f 27 1e 72  7 70 21  4 -- 29 -- 68  a 1f -- 4e -- 3c -- 65 20  e 73 61 -- 42 --  8 -- -- -- 52 -- -- -- 51 4a 14 -- 3e -- -- -- 1d -- -- -- 78 -- -- -- 4b 46 40 69 1c 2a 67  f 43 50 -- --  5 -- -- -- 10 79 -- -- -- -- -- -- 25 -- -- -- -- -- -- -- 23 74 15 47 28 -- -- -- 7c -- -- -- -- -- -- -- 3a 63 -- -- -- -- -- -- 71 -- -- -- -- -- -- 7f 

solutions so far:0 maxDepth:13 
iterations:1151884643  skipped: 1434 
Depth skipped: 
0 0 96 1338 0 0 0 0 0 0 0 0 0 0 0 0 0 0 0 0 0 0 0 0 0 0 0 0 0 0 0 0 

running time: 13800 sec
 depth:9
 0  1  2  3  4  5  6  7  8  9  a  b  c  d  e  f 10 11 12 13 14 15 16 17 18 19 1a 1b 1c 1d 1e 1f 20 21 22 23 24 25 26 27 28 29 2a 2b 2c 2d 2e 2f 30 31 32 33 34 35 36 37 38 39 3a 3b 3c 3d 3e 3f 40 41 42 43 44 45 46 47 48 49 4a 4b 4c 4d 4e 4f 50 51 52 53 54 55 56 57 58 59 5a 5b 5c 5d 5e 5f 60 61 62 63 64 65 66 67 68 69 6a 6b 6c 6d 6e 6f 70 71 72 73 74 75 76 77 78 79 7a 7b 7c 7d 7e 7f 
 0 17 2e  d 5c  1 1a 27 39 71  2 33 34 79 4e 30 72 1e 63 28  4 -- 66 -- 68 42 73 -- 1d -- 60 -- 65 20 3c 3e 47 -- 50 --  8 -- -- -- 4d -- -- -- 51 36  5 -- 67 -- -- -- 3a -- -- -- 41 -- -- -- 4b 46 40 53 78 59 7c 18  f 14 -- -- 21 -- -- -- 10 1f -- -- -- -- -- -- 1b -- -- -- -- -- -- -- 23 69 6c  c  a -- -- -- 4f -- -- -- -- -- -- -- 74  6 -- -- -- -- -- --  3 -- -- -- -- -- -- 7f 

solutions so far:0 maxDepth:13 
iterations:1173803200  skipped: 1466 
Depth skipped: 
0 0 96 1370 0 0 0 0 0 0 0 0 0 0 0 0 0 0 0 0 0 0 0 0 0 0 0 0 0 0 0 0 

running time: 14100 sec
 depth:8
 0  1  2  3  4  5  6  7  8  9  a  b  c  d  e  f 10 11 12 13 14 15 16 17 18 19 1a 1b 1c 1d 1e 1f 20 21 22 23 24 25 26 27 28 29 2a 2b 2c 2d 2e 2f 30 31 32 33 34 35 36 37 38 39 3a 3b 3c 3d 3e 3f 40 41 42 43 44 45 46 47 48 49 4a 4b 4c 4d 4e 4f 50 51 52 53 54 55 56 57 58 59 5a 5b 5c 5d 5e 5f 60 61 62 63 64 65 66 67 68 69 6a 6b 6c 6d 6e 6f 70 71 72 73 74 75 76 77 78 79 7a 7b 7c 7d 7e 7f 
 0 17 2e  d 5c  1 1a 1d 39 2d  2 6d 34 7a 3a  9 72 55 5a --  4 -- 5b -- 68 -- 75 -- 74 -- 12 -- 65 20 2b 5e 35 -- -- --  8 -- -- -- 37 -- -- -- 51 5d -- -- 6b -- -- -- 69 -- -- -- 24 -- -- -- 4b 46 40 4e 56 76 3d 44 6a -- -- -- -- -- -- -- 10 2f -- -- -- -- -- -- 6e -- -- -- -- -- -- -- 23 27 3b 22 -- -- -- -- 57 -- -- -- -- -- -- -- 53 11 -- -- -- -- -- -- 48 -- -- -- -- -- -- 7f 

solutions so far:0 maxDepth:13 
iterations:1195720214  skipped: 1472 
Depth skipped: 
0 0 96 1376 0 0 0 0 0 0 0 0 0 0 0 0 0 0 0 0 0 0 0 0 0 0 0 0 0 0 0 0 

running time: 14400 sec

Finished. Total running time: 14461 sec
