Search S-boxes invariant for matrix: 
{0x00,0x02,0x04,0x06,0x08,0x0a,0x0c,0x0e,0x10,0x12,0x14,0x16,0x18,0x1a,0x1c,0x1e,0x20,0x22,0x24,0x26,0x28,0x2a,0x2c,0x2e,0x30,0x32,0x34,0x36,0x38,0x3a,0x3c,0x3e,0x40,0x42,0x44,0x46,0x48,0x4a,0x4c,0x4e,0x50,0x52,0x54,0x56,0x58,0x5a,0x5c,0x5e,0x60,0x62,0x64,0x66,0x68,0x6a,0x6c,0x6e,0x70,0x72,0x74,0x76,0x78,0x7a,0x7c,0x7e,0x80,0x82,0x84,0x86,0x88,0x8a,0x8c,0x8e,0x90,0x92,0x94,0x96,0x98,0x9a,0x9c,0x9e,0xa0,0xa2,0xa4,0xa6,0xa8,0xaa,0xac,0xae,0xb0,0xb2,0xb4,0xb6,0xb8,0xba,0xbc,0xbe,0xc0,0xc2,0xc4,0xc6,0xc8,0xca,0xcc,0xce,0xd0,0xd2,0xd4,0xd6,0xd8,0xda,0xdc,0xde,0xe0,0xe2,0xe4,0xe6,0xe8,0xea,0xec,0xee,0xf0,0xf2,0xf4,0xf6,0xf8,0xfa,0xfc,0xfe,0xd7,0xd5,0xd3,0xd1,0xdf,0xdd,0xdb,0xd9,0xc7,0xc5,0xc3,0xc1,0xcf,0xcd,0xcb,0xc9,0xf7,0xf5,0xf3,0xf1,0xff,0xfd,0xfb,0xf9,0xe7,0xe5,0xe3,0xe1,0xef,0xed,0xeb,0xe9,0x97,0x95,0x93,0x91,0x9f,0x9d,0x9b,0x99,0x87,0x85,0x83,0x81,0x8f,0x8d,0x8b,0x89,0xb7,0xb5,0xb3,0xb1,0xbf,0xbd,0xbb,0xb9,0xa7,0xa5,0xa3,0xa1,0xaf,0xad,0xab,0xa9,0x57,0x55,0x53,0x51,0x5f,0x5d,0x5b,0x59,0x47,0x45,0x43,0x41,0x4f,0x4d,0x4b,0x49,0x77,0x75,0x73,0x71,0x7f,0x7d,0x7b,0x79,0x67,0x65,0x63,0x61,0x6f,0x6d,0x6b,0x69,0x17,0x15,0x13,0x11,0x1f,0x1d,0x1b,0x19,0x07,0x05,0x03,0x01,0x0f,0x0d,0x0b,0x09,0x37,0x35,0x33,0x31,0x3f,0x3d,0x3b,0x39,0x27,0x25,0x23,0x21,0x2f,0x2d,0x2b,0x29};



 depth:7
 0  1  2  3  4  5  6  7  8  9  a  b  c  d  e  f 10 11 12 13 14 15 16 17 18 19 1a 1b 1c 1d 1e 1f 20 21 22 23 24 25 26 27 28 29 2a 2b 2c 2d 2e 2f 30 31 32 33 34 35 36 37 38 39 3a 3b 3c 3d 3e 3f 40 41 42 43 44 45 46 47 48 49 4a 4b 4c 4d 4e 4f 50 51 52 53 54 55 56 57 58 59 5a 5b 5c 5d 5e 5f 60 61 62 63 64 65 66 67 68 69 6a 6b 6c 6d 6e 6f 70 71 72 73 74 75 76 77 78 79 7a 7b 7c 7d 7e 7f 80 81 82 83 84 85 86 87 88 89 8a 8b 8c 8d 8e 8f 90 91 92 93 94 95 96 97 98 99 9a 9b 9c 9d 9e 9f a0 a1 a2 a3 a4 a5 a6 a7 a8 a9 aa ab ac ad ae af b0 b1 b2 b3 b4 b5 b6 b7 b8 b9 ba bb bc bd be bf c0 c1 c2 c3 c4 c5 c6 c7 c8 c9 ca cb cc cd ce cf d0 d1 d2 d3 d4 d5 d6 d7 d8 d9 da db dc dd de df e0 e1 e2 e3 e4 e5 e6 e7 e8 e9 ea eb ec ed ee ef f0 f1 f2 f3 f4 f5 f6 f7 f8 f9 fa fb fc fd fe ff 
 0  1  2 6b  4 fa d6 2a  8 84 23 fd 7b 63 54 99 10 -- df -- 46 -- 2d ca f6 -- c6 -- a8 a6 e5 d8 20 -- -- -- 69 31 -- 96 8c be -- -- 5a -- 43 -- 3b -- -- 33 5b -- -- e8 87 1b 9b 5c 1d -- 67 -- 40 -- -- -- -- -- -- -- d2 -- 62 -- -- -- fb 4f cf -- ab -- -- f0 --  f b4 -- -- -- 86 -- -- -- 76 -- -- -- -- -- 66 -- b6 -- -- 70 -- --  7 1c d9 -- 36 -- e1 6f b8 a1 3a 79 -- 17 ce -- -- -- 80 -- -- 6e -- -- -- -- -- -- -- 3c -- -- -- -- 73 -- -- -- c4 -- -- 92 -- c2 -- -- 21 6d 9e d5 49 -- -- -- 81 dd -- 61 -- -- 37 -- -- -- 1e -- bf -- -- -- -- -- -- a9 db 85 -- -- -- -- -- -- ec 78 -- -- -- -- -- -- -- -- -- -- cc -- -- -- bb dc -- -- -- -- e0 d7 -- -- -- --  e -- 38 -- 65 -- -- -- 6c 53 -- -- 15 7d de eb a7 da 95 42 74 -- f2 -- -- -- 2e e6 4b f3 -- -- -- -- -- 5f 

solutions so far:0 maxDepth:9 
iterations:1984762  skipped: 3 
Depth skipped: 
0 0 3 0 0 0 0 0 0 0 0 0 0 0 0 0 0 0 0 0 0 0 0 0 0 0 0 0 0 0 0 0 

running time: 300 sec
 depth:8
 0  1  2  3  4  5  6  7  8  9  a  b  c  d  e  f 10 11 12 13 14 15 16 17 18 19 1a 1b 1c 1d 1e 1f 20 21 22 23 24 25 26 27 28 29 2a 2b 2c 2d 2e 2f 30 31 32 33 34 35 36 37 38 39 3a 3b 3c 3d 3e 3f 40 41 42 43 44 45 46 47 48 49 4a 4b 4c 4d 4e 4f 50 51 52 53 54 55 56 57 58 59 5a 5b 5c 5d 5e 5f 60 61 62 63 64 65 66 67 68 69 6a 6b 6c 6d 6e 6f 70 71 72 73 74 75 76 77 78 79 7a 7b 7c 7d 7e 7f 80 81 82 83 84 85 86 87 88 89 8a 8b 8c 8d 8e 8f 90 91 92 93 94 95 96 97 98 99 9a 9b 9c 9d 9e 9f a0 a1 a2 a3 a4 a5 a6 a7 a8 a9 aa ab ac ad ae af b0 b1 b2 b3 b4 b5 b6 b7 b8 b9 ba bb bc bd be bf c0 c1 c2 c3 c4 c5 c6 c7 c8 c9 ca cb cc cd ce cf d0 d1 d2 d3 d4 d5 d6 d7 d8 d9 da db dc dd de df e0 e1 e2 e3 e4 e5 e6 e7 e8 e9 ea eb ec ed ee ef f0 f1 f2 f3 f4 f5 f6 f7 f8 f9 fa fb fc fd fe ff 
 0  1  2 6b  4 f5 d6 34  8 db 3d 4c 7b 41 68 b2 10 ae 61 -- 7a -- 98 16 f6 -- 82 -- d0 9d b3 54 20 -- 8b -- c2 5e -- 65 f4 c5 -- -- e7 -- 2c -- 3b -- -- 33 d3 -- -- ad 77 e1 ed 88 b1 -- a8 -- 40 -- -- -- c1 -- -- -- 53 -- bc -- -- 60 ca 4f 3f -- 5d -- -- f0 --  f 19 83 -- -- 58 -- -- -- 76 -- -- -- -- -- 66 -- 71 -- -- e3 -- -- 8d 4d ee -- 15 --  d 6f c7 13 b5 79 -- 22 87 -- -- -- 80 -- -- 6e -- -- -- -- 55 -- -- 3c -- 18 -- -- a6 -- -- -- af -- -- fc -- b9 c0 -- 43 8e 9e a3 7e -- -- -- ba 47 -- b7 -- -- 37 -- --  c 1e -- 32 ea d1 75 --  3 -- 64 b0 c8 -- -- --  6 -- -- ec 78 -- -- -- -- -- aa -- -- -- -- cc 30 -- -- e2 dc -- -- -- -- 11 d7 -- -- -- -- cd -- 9a --  b -- -- 57 2a a5 -- -- 1a 91 de eb 59 cb 26 86 bd -- f2 -- -- -- 44 9b d9 2f -- -- -- -- -- 89 

solutions so far:0 maxDepth:9 
iterations:4066050  skipped: 4 
Depth skipped: 
0 0 4 0 0 0 0 0 0 0 0 0 0 0 0 0 0 0 0 0 0 0 0 0 0 0 0 0 0 0 0 0 

running time: 600 sec
 depth:8
 0  1  2  3  4  5  6  7  8  9  a  b  c  d  e  f 10 11 12 13 14 15 16 17 18 19 1a 1b 1c 1d 1e 1f 20 21 22 23 24 25 26 27 28 29 2a 2b 2c 2d 2e 2f 30 31 32 33 34 35 36 37 38 39 3a 3b 3c 3d 3e 3f 40 41 42 43 44 45 46 47 48 49 4a 4b 4c 4d 4e 4f 50 51 52 53 54 55 56 57 58 59 5a 5b 5c 5d 5e 5f 60 61 62 63 64 65 66 67 68 69 6a 6b 6c 6d 6e 6f 70 71 72 73 74 75 76 77 78 79 7a 7b 7c 7d 7e 7f 80 81 82 83 84 85 86 87 88 89 8a 8b 8c 8d 8e 8f 90 91 92 93 94 95 96 97 98 99 9a 9b 9c 9d 9e 9f a0 a1 a2 a3 a4 a5 a6 a7 a8 a9 aa ab ac ad ae af b0 b1 b2 b3 b4 b5 b6 b7 b8 b9 ba bb bc bd be bf c0 c1 c2 c3 c4 c5 c6 c7 c8 c9 ca cb cc cd ce cf d0 d1 d2 d3 d4 d5 d6 d7 d8 d9 da db dc dd de df e0 e1 e2 e3 e4 e5 e6 e7 e8 e9 ea eb ec ed ee ef f0 f1 f2 f3 f4 f5 f6 f7 f8 f9 fa fb fc fd fe ff 
 0  1  2 6b  4 ee d6 7d  8 8a  b 9b 7b 43 fa c5 10 48 c3 -- 16 -- e1 49 f6 -- 86 -- 23 be 5d 7f 20 -- 90 -- 51 a5 -- ac 2c 1a -- -- 15 -- 92 -- 3b -- -- 33 db -- -- f5 46 35 ab bc ba -- fe -- 40 -- -- -- f7 -- -- -- a2 -- 9d -- --  9 8f 4f 58 -- 34 -- -- f0 --  f 2a e4 -- -- f3 -- -- -- 76 -- -- -- -- -- 66 -- 61 -- -- 7e -- -- 3d f4 8c -- 6a -- 81 6f af 53 a3 79 -- 2f 2b -- -- -- 80 -- -- 6e -- -- -- -- 39 -- -- 3c -- 9c -- -- 93 -- -- -- ed -- -- b7 -- c4 12 -- c9 65 9e d0 b0 -- -- -- 68 d9 -- 62 -- -- 37 -- -- 4e 1e -- 54 7c 1f 3e -- f8 -- a8 31 87 -- -- -- 27 -- -- ec 78 -- -- -- -- -- 72 -- -- -- -- cc ef -- -- c2 dc -- -- -- -- fc d7 -- -- -- -- 7a -- 3f -- cf -- -- 24 d4 5f -- -- d5 77 de eb 89 ca a6 45 91 -- f2 -- -- -- 5e f1 56 b9 -- -- -- -- --  d 

solutions so far:0 maxDepth:9 
iterations:6816906  skipped: 5 
Depth skipped: 
0 0 5 0 0 0 0 0 0 0 0 0 0 0 0 0 0 0 0 0 0 0 0 0 0 0 0 0 0 0 0 0 

running time: 900 sec
 depth:7
 0  1  2  3  4  5  6  7  8  9  a  b  c  d  e  f 10 11 12 13 14 15 16 17 18 19 1a 1b 1c 1d 1e 1f 20 21 22 23 24 25 26 27 28 29 2a 2b 2c 2d 2e 2f 30 31 32 33 34 35 36 37 38 39 3a 3b 3c 3d 3e 3f 40 41 42 43 44 45 46 47 48 49 4a 4b 4c 4d 4e 4f 50 51 52 53 54 55 56 57 58 59 5a 5b 5c 5d 5e 5f 60 61 62 63 64 65 66 67 68 69 6a 6b 6c 6d 6e 6f 70 71 72 73 74 75 76 77 78 79 7a 7b 7c 7d 7e 7f 80 81 82 83 84 85 86 87 88 89 8a 8b 8c 8d 8e 8f 90 91 92 93 94 95 96 97 98 99 9a 9b 9c 9d 9e 9f a0 a1 a2 a3 a4 a5 a6 a7 a8 a9 aa ab ac ad ae af b0 b1 b2 b3 b4 b5 b6 b7 b8 b9 ba bb bc bd be bf c0 c1 c2 c3 c4 c5 c6 c7 c8 c9 ca cb cc cd ce cf d0 d1 d2 d3 d4 d5 d6 d7 d8 d9 da db dc dd de df e0 e1 e2 e3 e4 e5 e6 e7 e8 e9 ea eb ec ed ee ef f0 f1 f2 f3 f4 f5 f6 f7 f8 f9 fa fb fc fd fe ff 
 0  1  2 6b  4 e8 d6 7e  8 ab  7 84 7b 67 fc 5a 10 -- 81 --  e -- df 89 f6 -- ce -- 2f 3d b4 49 20 -- -- -- d5 2e -- 62 1c 99 -- -- 69 -- c5 -- 3b -- -- 33 4b -- -- dd 5e 46 7a 95 bf -- 92 -- 40 -- -- -- -- -- -- -- 7d -- 5c -- -- -- c4 4f 38 -- e5 -- -- f0 --  f d2 -- -- -- 5d -- -- -- 76 -- -- -- -- -- 66 -- 96 -- -- 5b -- -- 6d 63 bc -- 8c -- f4 6f fd 21 a9 79 -- bb f3 -- -- -- 80 -- -- 6e -- -- -- -- -- -- -- 3c -- -- -- -- fa -- -- -- b8 -- -- e0 -- 91 -- -- 5f 6c 9e 3a 70 -- -- -- 1d 36 -- a3 -- -- 37 -- -- -- 1e -- 73 -- -- -- -- -- -- e6 ba 1b -- -- -- -- -- -- ec 78 -- -- -- -- -- -- -- -- -- -- cc -- -- -- fb dc -- -- -- -- b6 d7 -- -- -- -- da -- c6 -- af -- -- -- cf f5 -- -- 3f 74 de eb 2d d8 42 be 85 -- f2 -- -- -- a1 23 31 17 -- -- -- -- -- a7 

solutions so far:0 maxDepth:9 
iterations:8878321  skipped: 6 
Depth skipped: 
0 0 6 0 0 0 0 0 0 0 0 0 0 0 0 0 0 0 0 0 0 0 0 0 0 0 0 0 0 0 0 0 

running time: 1200 sec
 depth:6
 0  1  2  3  4  5  6  7  8  9  a  b  c  d  e  f 10 11 12 13 14 15 16 17 18 19 1a 1b 1c 1d 1e 1f 20 21 22 23 24 25 26 27 28 29 2a 2b 2c 2d 2e 2f 30 31 32 33 34 35 36 37 38 39 3a 3b 3c 3d 3e 3f 40 41 42 43 44 45 46 47 48 49 4a 4b 4c 4d 4e 4f 50 51 52 53 54 55 56 57 58 59 5a 5b 5c 5d 5e 5f 60 61 62 63 64 65 66 67 68 69 6a 6b 6c 6d 6e 6f 70 71 72 73 74 75 76 77 78 79 7a 7b 7c 7d 7e 7f 80 81 82 83 84 85 86 87 88 89 8a 8b 8c 8d 8e 8f 90 91 92 93 94 95 96 97 98 99 9a 9b 9c 9d 9e 9f a0 a1 a2 a3 a4 a5 a6 a7 a8 a9 aa ab ac ad ae af b0 b1 b2 b3 b4 b5 b6 b7 b8 b9 ba bb bc bd be bf c0 c1 c2 c3 c4 c5 c6 c7 c8 c9 ca cb cc cd ce cf d0 d1 d2 d3 d4 d5 d6 d7 d8 d9 da db dc dd de df e0 e1 e2 e3 e4 e5 e6 e7 e8 e9 ea eb ec ed ee ef f0 f1 f2 f3 f4 f5 f6 f7 f8 f9 fa fb fc fd fe ff 
 0  1  2 6b  4 e2 d6 57  8 5a 13 53 7b 65 ae -- 10 -- b4 -- 26 -- a6 83 f6 -- ca -- 8b 18 -- c6 20 -- -- -- bf 64 -- a1 4c cb -- -- 9b -- d1 -- 3b -- -- 33 43 -- -- -- c1 6d 30 -- -- -- 5b -- 40 -- -- -- -- -- -- -- a9 -- c8 -- -- -- 95 4f 98 -- 41 -- -- f0 --  f e1 -- -- -- 75 -- -- -- 76 -- -- -- -- -- 66 -- 86 -- -- -- -- -- -- -- 55 -- da -- 60 6f -- 61 -- 79 -- -- b6 -- -- -- 80 -- -- 6e -- -- -- -- -- -- -- 3c -- -- -- -- 85 -- -- -- 47 -- -- 19 --  6 -- -- fd 87 9e d3 e7 -- -- -- 82 a8 --  3 -- -- 37 -- -- -- 1e -- 15 -- -- -- -- -- -- 2a ea 54 -- -- -- -- -- -- ec 78 -- -- -- -- -- -- -- -- -- -- cc -- -- -- db dc -- -- -- -- -- d7 -- -- -- -- -- -- -- -- aa -- -- -- 63  c -- -- c0 71 de eb -- d9 c2 2d -- -- f2 -- -- -- -- dd bb 32 -- -- -- -- -- 8e 

solutions so far:0 maxDepth:9 
iterations:11091529  skipped: 7 
Depth skipped: 
0 0 7 0 0 0 0 0 0 0 0 0 0 0 0 0 0 0 0 0 0 0 0 0 0 0 0 0 0 0 0 0 

running time: 1500 sec
 depth:8
 0  1  2  3  4  5  6  7  8  9  a  b  c  d  e  f 10 11 12 13 14 15 16 17 18 19 1a 1b 1c 1d 1e 1f 20 21 22 23 24 25 26 27 28 29 2a 2b 2c 2d 2e 2f 30 31 32 33 34 35 36 37 38 39 3a 3b 3c 3d 3e 3f 40 41 42 43 44 45 46 47 48 49 4a 4b 4c 4d 4e 4f 50 51 52 53 54 55 56 57 58 59 5a 5b 5c 5d 5e 5f 60 61 62 63 64 65 66 67 68 69 6a 6b 6c 6d 6e 6f 70 71 72 73 74 75 76 77 78 79 7a 7b 7c 7d 7e 7f 80 81 82 83 84 85 86 87 88 89 8a 8b 8c 8d 8e 8f 90 91 92 93 94 95 96 97 98 99 9a 9b 9c 9d 9e 9f a0 a1 a2 a3 a4 a5 a6 a7 a8 a9 aa ab ac ad ae af b0 b1 b2 b3 b4 b5 b6 b7 b8 b9 ba bb bc bd be bf c0 c1 c2 c3 c4 c5 c6 c7 c8 c9 ca cb cc cd ce cf d0 d1 d2 d3 d4 d5 d6 d7 d8 d9 da db dc dd de df e0 e1 e2 e3 e4 e5 e6 e7 e8 e9 ea eb ec ed ee ef f0 f1 f2 f3 f4 f5 f6 f7 f8 f9 fa fb fc fd fe ff 
 0  1  2 6b  4 d4 d6 b4  8 57 7f 89 7b 3f bf a7 10 b2 ae -- fe -- c5 da f6 -- 7e -- a9 95 99 ea 20 -- b3 -- 8b 45 -- 18 2b a2 -- -- 5d -- 63 -- 3b -- -- 33 fc -- -- 74 85 83 fd 2e e5 --  3 -- 40 -- -- -- b1 -- -- -- c1 -- 8a -- -- 88 30 4f 56 -- 93 -- -- f0 --  f ba ad -- -- c6 -- -- -- 76 -- -- -- -- -- 66 -- 2f -- -- 38 -- -- e8  e dd -- d1 -- 2d 6f 5c bc 1d 79 -- e0  6 -- -- -- 80 -- -- 6e -- -- -- -- b5 -- -- 3c -- 22 -- -- 55 -- -- -- c3 -- -- 8f -- bb c7 -- 60 7a 9e 35 ac -- -- -- f1 3d -- b6 -- -- 37 -- -- 11 1e -- a3 4d 8d cd -- 9a -- 91 5b f5 -- -- -- e3 -- -- ec 78 -- -- -- -- -- bd -- -- -- -- cc 44 -- -- 5e dc -- -- -- -- 70 d7 -- -- -- --  7 -- 1c -- 6d -- -- 59 75 a1 -- -- 5a 6a de eb b8 f4 af c0 3a -- f2 -- -- -- 17 aa  c c9 -- -- -- -- -- 51 

solutions so far:0 maxDepth:9 
iterations:14364534  skipped: 10 
Depth skipped: 
0 0 10 0 0 0 0 0 0 0 0 0 0 0 0 0 0 0 0 0 0 0 0 0 0 0 0 0 0 0 0 0 

running time: 1800 sec
 depth:8
 0  1  2  3  4  5  6  7  8  9  a  b  c  d  e  f 10 11 12 13 14 15 16 17 18 19 1a 1b 1c 1d 1e 1f 20 21 22 23 24 25 26 27 28 29 2a 2b 2c 2d 2e 2f 30 31 32 33 34 35 36 37 38 39 3a 3b 3c 3d 3e 3f 40 41 42 43 44 45 46 47 48 49 4a 4b 4c 4d 4e 4f 50 51 52 53 54 55 56 57 58 59 5a 5b 5c 5d 5e 5f 60 61 62 63 64 65 66 67 68 69 6a 6b 6c 6d 6e 6f 70 71 72 73 74 75 76 77 78 79 7a 7b 7c 7d 7e 7f 80 81 82 83 84 85 86 87 88 89 8a 8b 8c 8d 8e 8f 90 91 92 93 94 95 96 97 98 99 9a 9b 9c 9d 9e 9f a0 a1 a2 a3 a4 a5 a6 a7 a8 a9 aa ab ac ad ae af b0 b1 b2 b3 b4 b5 b6 b7 b8 b9 ba bb bc bd be bf c0 c1 c2 c3 c4 c5 c6 c7 c8 c9 ca cb cc cd ce cf d0 d1 d2 d3 d4 d5 d6 d7 d8 d9 da db dc dd de df e0 e1 e2 e3 e4 e5 e6 e7 e8 e9 ea eb ec ed ee ef f0 f1 f2 f3 f4 f5 f6 f7 f8 f9 fa fb fc fd fe ff 
 0  1  2 6b  4 cf d6 fb  8 14 49 7f 7b 51 21 61 10 98 28 -- 92 -- fe d2 f6 -- a2 -- 42 67 c2 ff 20 -- e7 -- 50 be -- 9f f3 7d -- -- 2b -- 73 -- 3b -- -- 33 93 -- -- e1 84 25 ce 43 53 -- 29 -- 40 -- -- -- 19 -- -- -- a0 -- ab -- -- 13 e9 4f 31 -- fa -- -- f0 --  f 56 c8 -- -- e6 -- -- -- 76 -- -- -- -- -- 66 -- f1 -- -- 87 -- -- 15 54 df -- 4a -- 4b 6f 86 6a a6 79 -- 65 52 -- -- -- 80 -- -- 6e -- -- -- -- 32 -- -- 3c -- 71 -- -- 97 -- -- -- 81 -- -- c4 -- 6c 26 --  5 8a 9e 46 62 -- -- -- 23 45 -- 36 -- -- 37 -- -- d3 1e -- ac cb 47 8e -- 41 -- 8f 1b c9 -- -- -- 82 -- -- ec 78 -- -- -- -- -- 64 -- -- -- -- cc e2 -- -- 35 dc -- -- -- -- d9 d7 -- -- -- -- 2a -- a8 -- 69 -- -- 4c 94 d8 -- -- 96 8c de eb db c3 d4  a 9b -- f2 -- -- -- ca f9 a4 5f -- -- -- -- -- d5 

solutions so far:0 maxDepth:9 
iterations:17021118  skipped: 11 
Depth skipped: 
0 0 11 0 0 0 0 0 0 0 0 0 0 0 0 0 0 0 0 0 0 0 0 0 0 0 0 0 0 0 0 0 

running time: 2100 sec
 depth:6
 0  1  2  3  4  5  6  7  8  9  a  b  c  d  e  f 10 11 12 13 14 15 16 17 18 19 1a 1b 1c 1d 1e 1f 20 21 22 23 24 25 26 27 28 29 2a 2b 2c 2d 2e 2f 30 31 32 33 34 35 36 37 38 39 3a 3b 3c 3d 3e 3f 40 41 42 43 44 45 46 47 48 49 4a 4b 4c 4d 4e 4f 50 51 52 53 54 55 56 57 58 59 5a 5b 5c 5d 5e 5f 60 61 62 63 64 65 66 67 68 69 6a 6b 6c 6d 6e 6f 70 71 72 73 74 75 76 77 78 79 7a 7b 7c 7d 7e 7f 80 81 82 83 84 85 86 87 88 89 8a 8b 8c 8d 8e 8f 90 91 92 93 94 95 96 97 98 99 9a 9b 9c 9d 9e 9f a0 a1 a2 a3 a4 a5 a6 a7 a8 a9 aa ab ac ad ae af b0 b1 b2 b3 b4 b5 b6 b7 b8 b9 ba bb bc bd be bf c0 c1 c2 c3 c4 c5 c6 c7 c8 c9 ca cb cc cd ce cf d0 d1 d2 d3 d4 d5 d6 d7 d8 d9 da db dc dd de df e0 e1 e2 e3 e4 e5 e6 e7 e8 e9 ea eb ec ed ee ef f0 f1 f2 f3 f4 f5 f6 f7 f8 f9 fa fb fc fd fe ff 
 0  1  2 6b  4 c9 d6 1f  8 aa 45 9b 7b 43 3e -- 10 -- 83 -- 8a -- e1 9c f6 -- 86 -- 7c f7 -- 30 20 -- -- -- d1 35 -- ae c3 fe -- -- 15 -- ef -- 3b -- -- 33 db -- -- -- f8  6 39 -- -- -- 60 -- 40 -- -- -- -- -- -- -- 75 -- 6a -- -- -- 8b 4f 51 -- 2b -- -- f0 --  f 2a -- -- --  9 -- -- -- 76 -- -- -- -- -- 66 -- 61 -- -- -- -- -- -- -- 27 --  c -- 72 6f -- 53 -- 79 -- -- c0 -- -- -- 80 -- -- 6e -- -- -- -- -- -- -- 3c -- -- -- -- ea -- -- -- d4 -- -- 93 -- 48 -- -- c1 65 9e ac a2 -- -- -- 56 d9 -- 24 -- -- 37 -- -- -- 1e -- 54 -- -- -- -- -- -- a8 12 87 -- -- -- -- -- -- ec 78 -- -- -- -- -- -- -- -- -- -- cc -- -- -- c2 dc -- -- -- -- -- d7 -- -- -- -- -- -- -- -- 4e -- -- -- 18 90 -- -- e4 8f de eb -- ca a6 55 -- -- f2 -- -- -- --  3 57 f1 -- -- -- -- -- 7f 

solutions so far:0 maxDepth:10 
iterations:19810748  skipped: 13 
Depth skipped: 
0 0 13 0 0 0 0 0 0 0 0 0 0 0 0 0 0 0 0 0 0 0 0 0 0 0 0 0 0 0 0 0 

running time: 2400 sec
 depth:8
 0  1  2  3  4  5  6  7  8  9  a  b  c  d  e  f 10 11 12 13 14 15 16 17 18 19 1a 1b 1c 1d 1e 1f 20 21 22 23 24 25 26 27 28 29 2a 2b 2c 2d 2e 2f 30 31 32 33 34 35 36 37 38 39 3a 3b 3c 3d 3e 3f 40 41 42 43 44 45 46 47 48 49 4a 4b 4c 4d 4e 4f 50 51 52 53 54 55 56 57 58 59 5a 5b 5c 5d 5e 5f 60 61 62 63 64 65 66 67 68 69 6a 6b 6c 6d 6e 6f 70 71 72 73 74 75 76 77 78 79 7a 7b 7c 7d 7e 7f 80 81 82 83 84 85 86 87 88 89 8a 8b 8c 8d 8e 8f 90 91 92 93 94 95 96 97 98 99 9a 9b 9c 9d 9e 9f a0 a1 a2 a3 a4 a5 a6 a7 a8 a9 aa ab ac ad ae af b0 b1 b2 b3 b4 b5 b6 b7 b8 b9 ba bb bc bd be bf c0 c1 c2 c3 c4 c5 c6 c7 c8 c9 ca cb cc cd ce cf d0 d1 d2 d3 d4 d5 d6 d7 d8 d9 da db dc dd de df e0 e1 e2 e3 e4 e5 e6 e7 e8 e9 ea eb ec ed ee ef f0 f1 f2 f3 f4 f5 f6 f7 f8 f9 fa fb fc fd fe ff 
 0  1  2 6b  4 c3 d6 61  8 84 51 97 7b e9 c2 9c 10 77 df -- a2 -- f9 15 f6 --  5 -- 53 ca ef d8 20 -- ee -- 69 7f -- 96 93 ac -- -- 25 -- 2a -- 3b -- -- 33  a -- -- 48 a6 1b 43 f8  9 -- 67 -- 40 -- -- --  b -- -- -- d2 -- fe -- -- 34 fb 4f f1 -- 8f -- -- f0 --  f 4a 58 -- -- 54 -- -- -- 76 -- -- -- -- -- 66 -- 14 -- -- e4 -- -- 90 39 9b -- 36 -- 86 6f 27 50 12 79 -- 3e ce -- -- -- 80 -- -- 6e -- -- -- -- 16 -- -- 3c --  d -- -- 73 -- -- -- 2b -- -- 6a -- d9 68 -- 21 a4 9e 45 35 -- -- -- c9 52 -- 87 -- -- 37 -- -- ed 1e -- 94 b9 b0 b7 -- a5 -- ff a8 29 -- -- -- 9d -- -- ec 78 -- -- -- -- -- 2c -- -- -- -- cc 1a -- -- 28 dc -- -- -- -- 1f d7 -- -- -- -- f7 -- 72 -- e1 -- -- d0 6c 65 -- -- db 8a de eb 4e 9f a0 42 24 -- f2 -- -- -- 7c e6 4b d4 -- -- -- -- -- 56 

solutions so far:0 maxDepth:10 
iterations:22532470  skipped: 15 
Depth skipped: 
0 0 15 0 0 0 0 0 0 0 0 0 0 0 0 0 0 0 0 0 0 0 0 0 0 0 0 0 0 0 0 0 

running time: 2700 sec
 depth:8
 0  1  2  3  4  5  6  7  8  9  a  b  c  d  e  f 10 11 12 13 14 15 16 17 18 19 1a 1b 1c 1d 1e 1f 20 21 22 23 24 25 26 27 28 29 2a 2b 2c 2d 2e 2f 30 31 32 33 34 35 36 37 38 39 3a 3b 3c 3d 3e 3f 40 41 42 43 44 45 46 47 48 49 4a 4b 4c 4d 4e 4f 50 51 52 53 54 55 56 57 58 59 5a 5b 5c 5d 5e 5f 60 61 62 63 64 65 66 67 68 69 6a 6b 6c 6d 6e 6f 70 71 72 73 74 75 76 77 78 79 7a 7b 7c 7d 7e 7f 80 81 82 83 84 85 86 87 88 89 8a 8b 8c 8d 8e 8f 90 91 92 93 94 95 96 97 98 99 9a 9b 9c 9d 9e 9f a0 a1 a2 a3 a4 a5 a6 a7 a8 a9 aa ab ac ad ae af b0 b1 b2 b3 b4 b5 b6 b7 b8 b9 ba bb bc bd be bf c0 c1 c2 c3 c4 c5 c6 c7 c8 c9 ca cb cc cd ce cf d0 d1 d2 d3 d4 d5 d6 d7 d8 d9 da db dc dd de df e0 e1 e2 e3 e4 e5 e6 e7 e8 e9 ea eb ec ed ee ef f0 f1 f2 f3 f4 f5 f6 f7 f8 f9 fa fb fc fd fe ff 
 0  1  2 6b  4 be d6 4d  8 4b ab b7 7b 77 9a 17 10 2a 96 -- 81 -- b9 88 f6 -- ee -- e3 bd 2e 73 20 -- 54 -- fb 8c -- 6c d5 f3 -- -- a5 -- c7 -- 3b -- -- 33  b -- -- 99 11 df ad 38 5c -- e6 -- 40 -- -- -- a8 -- -- -- 21 -- cf -- -- 9b d8 4f 7d -- 31 -- -- f0 --  f 9d 65 -- -- 59 -- -- -- 76 -- -- -- -- -- 66 -- 16 -- -- e8 -- -- e5 3a 22 -- 69 -- 8d 6f 70 58 b8 79 --  e 1b -- -- -- 80 -- -- 6e -- -- -- -- 87 -- -- 3c -- 53 -- -- 42 -- -- -- 49 -- -- 23 -- b1 e1 -- 67 68 9e c4 fa -- -- -- 62 34 -- b3 -- -- 37 -- -- c2 1e -- ed 86 ca 43 -- db --  d b2 1a -- -- -- 61 -- -- ec 78 -- -- -- -- -- d9 -- -- -- -- cc a6 -- -- 2c dc -- -- -- --  7 d7 -- -- -- -- 1d -- 74 -- 44 -- -- 15 d2 b5 -- -- cd 5f de eb e0 d0 b0 ce a7 -- f2 -- -- -- 1c 84 36 46 -- -- -- -- -- 92 

solutions so far:0 maxDepth:10 
iterations:25359636  skipped: 16 
Depth skipped: 
0 0 16 0 0 0 0 0 0 0 0 0 0 0 0 0 0 0 0 0 0 0 0 0 0 0 0 0 0 0 0 0 

running time: 3000 sec
 depth:6
 0  1  2  3  4  5  6  7  8  9  a  b  c  d  e  f 10 11 12 13 14 15 16 17 18 19 1a 1b 1c 1d 1e 1f 20 21 22 23 24 25 26 27 28 29 2a 2b 2c 2d 2e 2f 30 31 32 33 34 35 36 37 38 39 3a 3b 3c 3d 3e 3f 40 41 42 43 44 45 46 47 48 49 4a 4b 4c 4d 4e 4f 50 51 52 53 54 55 56 57 58 59 5a 5b 5c 5d 5e 5f 60 61 62 63 64 65 66 67 68 69 6a 6b 6c 6d 6e 6f 70 71 72 73 74 75 76 77 78 79 7a 7b 7c 7d 7e 7f 80 81 82 83 84 85 86 87 88 89 8a 8b 8c 8d 8e 8f 90 91 92 93 94 95 96 97 98 99 9a 9b 9c 9d 9e 9f a0 a1 a2 a3 a4 a5 a6 a7 a8 a9 aa ab ac ad ae af b0 b1 b2 b3 b4 b5 b6 b7 b8 b9 ba bb bc bd be bf c0 c1 c2 c3 c4 c5 c6 c7 c8 c9 ca cb cc cd ce cf d0 d1 d2 d3 d4 d5 d6 d7 d8 d9 da db dc dd de df e0 e1 e2 e3 e4 e5 e6 e7 e8 e9 ea eb ec ed ee ef f0 f1 f2 f3 f4 f5 f6 f7 f8 f9 fa fb fc fd fe ff 
 0  1  2 6b  4 af d6 d5  8 17 89 f1 7b c9 7d -- 10 -- 2e -- c5 -- 35 cf f6 -- 45 -- fa 5f -- 74 20 -- -- -- 5c 3d -- 1c 5d 7e -- -- 6a -- 49 -- 3b -- -- 33 8a -- -- -- 23 e5 be -- -- -- e8 -- 40 -- -- -- -- -- -- -- b8 -- 7a -- -- -- 38 4f ba -- fc -- -- f0 --  f d4 -- -- -- 92 -- -- -- 76 -- -- -- -- -- 66 -- c3 -- -- -- -- -- -- -- 46 -- 1d -- ab 6f -- a2 -- 79 -- --  7 -- -- -- 80 -- -- 6e -- -- -- -- -- -- -- 3c -- -- -- -- a7 -- -- -- f4 -- -- 91 -- 62 -- -- 70 ac 9e 5e a3 -- -- -- 2f 56 -- 31 -- -- 37 -- -- -- 1e -- 7f -- -- -- -- -- -- fe f3 2b -- -- -- -- -- -- ec 78 -- -- -- -- -- -- -- -- -- -- cc -- -- -- 51 dc -- -- -- -- -- d7 -- -- -- -- -- -- -- -- 8c -- -- -- 3a c4 -- -- 81 bc de eb -- 8f 93 e0 -- -- f2 -- -- -- -- 99  e f5 -- -- -- -- -- 3f 

solutions so far:0 maxDepth:10 
iterations:29157947  skipped: 21 
Depth skipped: 
0 0 21 0 0 0 0 0 0 0 0 0 0 0 0 0 0 0 0 0 0 0 0 0 0 0 0 0 0 0 0 0 

running time: 3300 sec
 depth:5
 0  1  2  3  4  5  6  7  8  9  a  b  c  d  e  f 10 11 12 13 14 15 16 17 18 19 1a 1b 1c 1d 1e 1f 20 21 22 23 24 25 26 27 28 29 2a 2b 2c 2d 2e 2f 30 31 32 33 34 35 36 37 38 39 3a 3b 3c 3d 3e 3f 40 41 42 43 44 45 46 47 48 49 4a 4b 4c 4d 4e 4f 50 51 52 53 54 55 56 57 58 59 5a 5b 5c 5d 5e 5f 60 61 62 63 64 65 66 67 68 69 6a 6b 6c 6d 6e 6f 70 71 72 73 74 75 76 77 78 79 7a 7b 7c 7d 7e 7f 80 81 82 83 84 85 86 87 88 89 8a 8b 8c 8d 8e 8f 90 91 92 93 94 95 96 97 98 99 9a 9b 9c 9d 9e 9f a0 a1 a2 a3 a4 a5 a6 a7 a8 a9 aa ab ac ad ae af b0 b1 b2 b3 b4 b5 b6 b7 b8 b9 ba bb bc bd be bf c0 c1 c2 c3 c4 c5 c6 c7 c8 c9 ca cb cc cd ce cf d0 d1 d2 d3 d4 d5 d6 d7 d8 d9 da db dc dd de df e0 e1 e2 e3 e4 e5 e6 e7 e8 e9 ea eb ec ed ee ef f0 f1 f2 f3 f4 f5 f6 f7 f8 f9 fa fb fc fd fe ff 
 0  1  2 6b  4 a9 d6 a3  8 9b 85 -- 7b -- 91 -- 10 -- e1 -- dd -- -- 3f f6 -- -- -- f5 89 -- ca 20 -- -- -- 15 b6 -- 61 6d fd -- -- -- -- 7e -- 3b -- -- 33 -- -- -- -- 3d 87 c5 -- -- -- 43 -- 40 -- -- -- -- -- -- -- 2a -- bb -- -- -- c2 4f da -- 2d -- -- f0 --  f -- -- -- -- fc -- -- -- 76 -- -- -- -- -- 66 -- -- -- -- -- -- -- -- -- 7a -- d9 -- 5d 6f -- -- -- 79 -- -- 86 -- -- -- 80 -- -- 6e -- -- -- -- -- -- -- 3c -- -- -- -- 54 -- -- -- a1 -- -- c6 -- bc -- -- 53 -- 9e b4 63 -- -- -- 5a -- -- 5e -- -- 37 -- -- -- 1e -- -- -- -- -- -- -- -- -- 2f -- -- -- -- -- -- -- ec 78 -- -- -- -- -- -- -- -- -- -- cc -- -- -- -- dc -- -- -- -- -- d7 -- -- -- -- -- -- -- -- f4 -- -- -- 65 af -- -- ba bf de eb -- -- -- a6 -- -- f2 -- -- -- -- a8 db 5b -- -- -- -- -- 95 

solutions so far:0 maxDepth:10 
iterations:31353361  skipped: 24 
Depth skipped: 
0 0 24 0 0 0 0 0 0 0 0 0 0 0 0 0 0 0 0 0 0 0 0 0 0 0 0 0 0 0 0 0 

running time: 3600 sec
 depth:7
 0  1  2  3  4  5  6  7  8  9  a  b  c  d  e  f 10 11 12 13 14 15 16 17 18 19 1a 1b 1c 1d 1e 1f 20 21 22 23 24 25 26 27 28 29 2a 2b 2c 2d 2e 2f 30 31 32 33 34 35 36 37 38 39 3a 3b 3c 3d 3e 3f 40 41 42 43 44 45 46 47 48 49 4a 4b 4c 4d 4e 4f 50 51 52 53 54 55 56 57 58 59 5a 5b 5c 5d 5e 5f 60 61 62 63 64 65 66 67 68 69 6a 6b 6c 6d 6e 6f 70 71 72 73 74 75 76 77 78 79 7a 7b 7c 7d 7e 7f 80 81 82 83 84 85 86 87 88 89 8a 8b 8c 8d 8e 8f 90 91 92 93 94 95 96 97 98 99 9a 9b 9c 9d 9e 9f a0 a1 a2 a3 a4 a5 a6 a7 a8 a9 aa ab ac ad ae af b0 b1 b2 b3 b4 b5 b6 b7 b8 b9 ba bb bc bd be bf c0 c1 c2 c3 c4 c5 c6 c7 c8 c9 ca cb cc cd ce cf d0 d1 d2 d3 d4 d5 d6 d7 d8 d9 da db dc dd de df e0 e1 e2 e3 e4 e5 e6 e7 e8 e9 ea eb ec ed ee ef f0 f1 f2 f3 f4 f5 f6 f7 f8 f9 fa fb fc fd fe ff 
 0  1  2 6b  4 a3 d6 97  8  7 91 31 7b 23 f9 65 10 --  e -- f5 -- 62 29 f6 -- 46 -- 25 14 ca b8 20 -- -- -- 1c fc -- 1d 3d af -- -- c4 -- 52 -- 3b -- -- 33 8c -- -- 61 4a 17 28 a8 43 -- a7 -- 40 -- -- -- -- -- -- -- 38 -- 2f -- -- -- 3a 4f 7a -- 89 -- -- f0 --  f 5f -- -- -- a4 -- -- -- 76 -- -- -- -- -- 66 -- cf -- -- e1 -- -- c2 a6 94 -- 2e -- 50 6f 87 92 86 79 -- 2a 99 -- -- -- 80 -- -- 6e -- -- -- -- -- -- -- 3c -- -- -- -- 70 -- -- -- 5e -- -- 3f --  5 -- -- 74 7d 9e 5d f4 -- -- -- c5 d5 -- e9 -- -- 37 -- -- -- 1e -- be -- -- -- -- -- -- ab 9f 81 -- -- -- -- -- -- ec 78 -- -- -- -- -- -- -- -- -- -- cc -- -- -- 49 dc -- -- -- -- 15 d7 -- -- -- -- 53 -- 9b -- ff -- -- -- 5c  a -- -- a0 ba de eb d9 fa f3 e8 db -- f2 -- -- -- 54 e0 e5 7e -- -- -- -- -- bc 

solutions so far:0 maxDepth:10 
iterations:33525045  skipped: 26 
Depth skipped: 
0 0 26 0 0 0 0 0 0 0 0 0 0 0 0 0 0 0 0 0 0 0 0 0 0 0 0 0 0 0 0 0 

running time: 3900 sec
 depth:8
 0  1  2  3  4  5  6  7  8  9  a  b  c  d  e  f 10 11 12 13 14 15 16 17 18 19 1a 1b 1c 1d 1e 1f 20 21 22 23 24 25 26 27 28 29 2a 2b 2c 2d 2e 2f 30 31 32 33 34 35 36 37 38 39 3a 3b 3c 3d 3e 3f 40 41 42 43 44 45 46 47 48 49 4a 4b 4c 4d 4e 4f 50 51 52 53 54 55 56 57 58 59 5a 5b 5c 5d 5e 5f 60 61 62 63 64 65 66 67 68 69 6a 6b 6c 6d 6e 6f 70 71 72 73 74 75 76 77 78 79 7a 7b 7c 7d 7e 7f 80 81 82 83 84 85 86 87 88 89 8a 8b 8c 8d 8e 8f 90 91 92 93 94 95 96 97 98 99 9a 9b 9c 9d 9e 9f a0 a1 a2 a3 a4 a5 a6 a7 a8 a9 aa ab ac ad ae af b0 b1 b2 b3 b4 b5 b6 b7 b8 b9 ba bb bc bd be bf c0 c1 c2 c3 c4 c5 c6 c7 c8 c9 ca cb cc cd ce cf d0 d1 d2 d3 d4 d5 d6 d7 d8 d9 da db dc dd de df e0 e1 e2 e3 e4 e5 e6 e7 e8 e9 ea eb ec ed ee ef f0 f1 f2 f3 f4 f5 f6 f7 f8 f9 fa fb fc fd fe ff 
 0  1  2 6b  4 99 d6 d8  8 43 e5 ba 7b 2f 67 cf 10 71 86 -- 1d -- a3 21 f6 -- 5e -- ce e6 49 15 20 -- e2 -- db 1c -- 87 3a 17 -- -- 91 -- 42 -- 3b -- -- 33 bc -- -- 62 4b a6 1b 23 92 -- 2a -- 40 -- -- -- 13 -- -- -- 61 -- 38 -- -- 41 d9 4f 74 -- 2e -- -- f0 --  f f5 98 -- -- 84 -- -- -- 76 -- -- -- -- -- 66 -- af -- -- 81 -- -- c4 be 96 -- 9b -- 36 6f 46 c5 f3 79 -- 7d 54 -- -- -- 80 -- -- 6e -- -- -- -- 26 -- -- 3c -- 8e -- -- c2 -- -- -- 70 -- --  7 -- d2 82 -- 65 7e 9e b8 e8 -- -- -- 5c 3f -- 69 -- -- 37 -- -- 47 1e -- 3d 32 e7 19 -- 64 -- 7a df f4 -- -- -- c8 -- -- ec 78 -- -- -- -- -- 4c -- -- -- -- cc cb -- -- 89 dc -- -- -- -- d5 d7 -- -- -- -- 5f -- ab -- fb -- -- d3 e1 73 -- -- 6c a7 de eb 8c fc 5d ca 31 -- f2 -- -- -- fa 53 a8  e -- -- -- -- -- e0 

solutions so far:0 maxDepth:10 
iterations:36237967  skipped: 30 
Depth skipped: 
0 0 30 0 0 0 0 0 0 0 0 0 0 0 0 0 0 0 0 0 0 0 0 0 0 0 0 0 0 0 0 0 

running time: 4200 sec
 depth:6
 0  1  2  3  4  5  6  7  8  9  a  b  c  d  e  f 10 11 12 13 14 15 16 17 18 19 1a 1b 1c 1d 1e 1f 20 21 22 23 24 25 26 27 28 29 2a 2b 2c 2d 2e 2f 30 31 32 33 34 35 36 37 38 39 3a 3b 3c 3d 3e 3f 40 41 42 43 44 45 46 47 48 49 4a 4b 4c 4d 4e 4f 50 51 52 53 54 55 56 57 58 59 5a 5b 5c 5d 5e 5f 60 61 62 63 64 65 66 67 68 69 6a 6b 6c 6d 6e 6f 70 71 72 73 74 75 76 77 78 79 7a 7b 7c 7d 7e 7f 80 81 82 83 84 85 86 87 88 89 8a 8b 8c 8d 8e 8f 90 91 92 93 94 95 96 97 98 99 9a 9b 9c 9d 9e 9f a0 a1 a2 a3 a4 a5 a6 a7 a8 a9 aa ab ac ad ae af b0 b1 b2 b3 b4 b5 b6 b7 b8 b9 ba bb bc bd be bf c0 c1 c2 c3 c4 c5 c6 c7 c8 c9 ca cb cc cd ce cf d0 d1 d2 d3 d4 d5 d6 d7 d8 d9 da db dc dd de df e0 e1 e2 e3 e4 e5 e6 e7 e8 e9 ea eb ec ed ee ef f0 f1 f2 f3 f4 f5 f6 f7 f8 f9 fa fb fc fd fe ff 
 0  1  2 6b  4 93 d6 d9  8 59 f1 2f 7b f5 65 -- 10 -- b2 -- 35 -- 5e 61 f6 -- 3d -- ca 2a -- 4d 20 -- -- -- b3 56 -- 22 6a 45 -- -- bc -- c2 -- 3b -- -- 33 7a -- -- -- 43 ad 54 -- -- -- 9a -- 40 -- -- -- -- -- -- -- b1 -- ac -- -- -- 44 4f d4 -- 8a -- -- f0 --  f af -- -- -- 53 -- -- -- 76 -- -- -- -- -- 66 -- f4 -- -- -- -- -- -- -- 86 -- 8d -- a8 6f -- 7e -- 79 -- -- e3 -- -- -- 80 -- -- 6e -- -- -- -- -- -- -- 3c -- -- -- -- b5 -- -- -- 8f -- -- fe -- e1 -- -- 88 a3 9e 51 7f -- -- -- c3 ba -- 9b -- -- 37 -- -- -- 1e -- 89 -- -- -- -- -- -- c5 a6 5d -- -- -- -- -- -- ec 78 -- -- -- -- -- -- -- -- -- -- cc -- -- -- 3f dc -- -- -- -- -- d7 -- -- -- -- -- -- -- -- db -- -- -- cd 15 -- -- 87 a2 de eb -- 91 fc c7 -- -- f2 -- -- -- -- bd 11 2b -- -- -- -- -- c9 

solutions so far:0 maxDepth:10 
iterations:39140847  skipped: 32 
Depth skipped: 
0 0 32 0 0 0 0 0 0 0 0 0 0 0 0 0 0 0 0 0 0 0 0 0 0 0 0 0 0 0 0 0 

running time: 4500 sec
 depth:6
 0  1  2  3  4  5  6  7  8  9  a  b  c  d  e  f 10 11 12 13 14 15 16 17 18 19 1a 1b 1c 1d 1e 1f 20 21 22 23 24 25 26 27 28 29 2a 2b 2c 2d 2e 2f 30 31 32 33 34 35 36 37 38 39 3a 3b 3c 3d 3e 3f 40 41 42 43 44 45 46 47 48 49 4a 4b 4c 4d 4e 4f 50 51 52 53 54 55 56 57 58 59 5a 5b 5c 5d 5e 5f 60 61 62 63 64 65 66 67 68 69 6a 6b 6c 6d 6e 6f 70 71 72 73 74 75 76 77 78 79 7a 7b 7c 7d 7e 7f 80 81 82 83 84 85 86 87 88 89 8a 8b 8c 8d 8e 8f 90 91 92 93 94 95 96 97 98 99 9a 9b 9c 9d 9e 9f a0 a1 a2 a3 a4 a5 a6 a7 a8 a9 aa ab ac ad ae af b0 b1 b2 b3 b4 b5 b6 b7 b8 b9 ba bb bc bd be bf c0 c1 c2 c3 c4 c5 c6 c7 c8 c9 ca cb cc cd ce cf d0 d1 d2 d3 d4 d5 d6 d7 d8 d9 da db dc dd de df e0 e1 e2 e3 e4 e5 e6 e7 e8 e9 ea eb ec ed ee ef f0 f1 f2 f3 f4 f5 f6 f7 f8 f9 fa fb fc fd fe ff 
 0  1  2 6b  4 8e d6 7c  8 21 cb 53 7b 65 f8 -- 10 -- 42 -- 41 -- a6  9 f6 -- ca -- 27 72 -- 36 20 -- -- -- 84 26 -- ce 82 19 -- -- 9b -- 12 -- 3b -- -- 33 43 -- -- -- 4e 73 e4 -- -- -- 6c -- 40 -- -- -- -- -- -- -- df -- 4c -- -- -- 4b 4f d3 -- 32 -- -- f0 --  f e1 -- -- -- 24 -- -- -- 76 -- -- -- -- -- 66 -- 86 -- -- -- -- -- -- -- 9c -- e6 -- 1f 6f -- 61 -- 79 -- -- d8 -- -- -- 80 -- -- 6e -- -- -- -- -- -- -- 3c -- -- -- -- 69 -- -- -- 98 -- -- e2 -- f7 -- -- 96 87 9e c8 71 -- -- -- 64 a8 -- 90 -- -- 37 -- -- -- 1e -- 15 -- -- -- -- -- -- 2a 48 54 -- -- -- -- -- -- ec 78 -- -- -- -- -- -- -- -- -- -- cc -- -- -- db dc -- -- -- -- -- d7 -- -- -- -- -- -- -- -- ef -- -- -- 1b 39 -- -- 3e 47 de eb -- d9 c2 fb -- -- f2 -- -- -- -- d2 67 13 -- -- -- -- -- e7 

solutions so far:0 maxDepth:10 
iterations:42282814  skipped: 32 
Depth skipped: 
0 0 32 0 0 0 0 0 0 0 0 0 0 0 0 0 0 0 0 0 0 0 0 0 0 0 0 0 0 0 0 0 

running time: 4800 sec
 depth:6
 0  1  2  3  4  5  6  7  8  9  a  b  c  d  e  f 10 11 12 13 14 15 16 17 18 19 1a 1b 1c 1d 1e 1f 20 21 22 23 24 25 26 27 28 29 2a 2b 2c 2d 2e 2f 30 31 32 33 34 35 36 37 38 39 3a 3b 3c 3d 3e 3f 40 41 42 43 44 45 46 47 48 49 4a 4b 4c 4d 4e 4f 50 51 52 53 54 55 56 57 58 59 5a 5b 5c 5d 5e 5f 60 61 62 63 64 65 66 67 68 69 6a 6b 6c 6d 6e 6f 70 71 72 73 74 75 76 77 78 79 7a 7b 7c 7d 7e 7f 80 81 82 83 84 85 86 87 88 89 8a 8b 8c 8d 8e 8f 90 91 92 93 94 95 96 97 98 99 9a 9b 9c 9d 9e 9f a0 a1 a2 a3 a4 a5 a6 a7 a8 a9 aa ab ac ad ae af b0 b1 b2 b3 b4 b5 b6 b7 b8 b9 ba bb bc bd be bf c0 c1 c2 c3 c4 c5 c6 c7 c8 c9 ca cb cc cd ce cf d0 d1 d2 d3 d4 d5 d6 d7 d8 d9 da db dc dd de df e0 e1 e2 e3 e4 e5 e6 e7 e8 e9 ea eb ec ed ee ef f0 f1 f2 f3 f4 f5 f6 f7 f8 f9 fa fb fc fd fe ff 
 0  1  2 6b  4 82 d6 6c  8 91 d3 be 7b 49 d8 -- 10 -- f5 -- 71 -- ab fb f6 -- 92 -- 67 73 -- 5e 20 -- -- -- 3d e7 -- c5 e2 c8 -- -- 81 -- 21 -- 3b -- -- 33 f3 -- -- -- ce 7e e6 -- -- -- bc -- 40 -- -- -- -- -- -- -- 7a -- 19 -- -- -- 5d 4f 13 -- 47 -- -- f0 --  f d5 -- -- -- 42 -- -- -- 76 -- -- -- -- -- 66 -- 31 -- -- -- -- -- -- -- 4b -- fc -- 1b 6f -- c4 -- 79 -- -- af -- -- -- 80 -- -- 6e -- -- -- -- -- -- -- 3c -- -- -- -- f4 -- -- -- 32 -- -- 4c -- 69 -- -- ba 8c 9e cb 26 -- -- -- 8e 46 -- df -- -- 37 -- -- -- 1e -- 7d -- -- -- -- -- -- fa 84 23 -- -- -- -- -- -- ec 78 -- -- -- -- -- -- -- -- -- -- cc -- -- -- 62 dc -- -- -- -- -- d7 -- -- -- -- -- -- -- -- 96 -- -- -- 2f d2 -- -- 36 41 de eb -- cf 5f a3 -- -- f2 -- -- -- -- 3f 89 98 -- -- -- -- -- 64 

solutions so far:0 maxDepth:10 
iterations:46542330  skipped: 38 
Depth skipped: 
0 0 38 0 0 0 0 0 0 0 0 0 0 0 0 0 0 0 0 0 0 0 0 0 0 0 0 0 0 0 0 0 

running time: 5100 sec
 depth:8
 0  1  2  3  4  5  6  7  8  9  a  b  c  d  e  f 10 11 12 13 14 15 16 17 18 19 1a 1b 1c 1d 1e 1f 20 21 22 23 24 25 26 27 28 29 2a 2b 2c 2d 2e 2f 30 31 32 33 34 35 36 37 38 39 3a 3b 3c 3d 3e 3f 40 41 42 43 44 45 46 47 48 49 4a 4b 4c 4d 4e 4f 50 51 52 53 54 55 56 57 58 59 5a 5b 5c 5d 5e 5f 60 61 62 63 64 65 66 67 68 69 6a 6b 6c 6d 6e 6f 70 71 72 73 74 75 76 77 78 79 7a 7b 7c 7d 7e 7f 80 81 82 83 84 85 86 87 88 89 8a 8b 8c 8d 8e 8f 90 91 92 93 94 95 96 97 98 99 9a 9b 9c 9d 9e 9f a0 a1 a2 a3 a4 a5 a6 a7 a8 a9 aa ab ac ad ae af b0 b1 b2 b3 b4 b5 b6 b7 b8 b9 ba bb bc bd be bf c0 c1 c2 c3 c4 c5 c6 c7 c8 c9 ca cb cc cd ce cf d0 d1 d2 d3 d4 d5 d6 d7 d8 d9 da db dc dd de df e0 e1 e2 e3 e4 e5 e6 e7 e8 e9 ea eb ec ed ee ef f0 f1 f2 f3 f4 f5 f6 f7 f8 f9 fa fb fc fd fe ff 
 0  1  2 6b  4 77 d6 7e  8 d4 ee 9b 7b 43 fc 88 10 e0 7f --  b -- e1 89 f6 -- 86 -- 2f 3d c7 8a 20 -- 17 -- fe b9 -- 93 16  d -- -- 15 -- c5 -- 3b -- -- 33 db -- -- b1 5e 8f 7a 11 59 -- c3 -- 40 -- -- -- 2e -- -- -- 2b -- a5 -- -- 1c f1 4f 2c -- 1a -- -- f0 --  f 2a a7 -- -- 5d -- -- -- 76 -- -- -- -- -- 66 -- 61 -- -- cd -- -- b5 ad bc -- c9 -- f4 6f 22 53 b2 79 -- 9a 51 -- -- -- 80 -- -- 6e -- -- -- -- 5c -- -- 3c --  7 -- -- 56 -- -- -- 9d -- -- b0 -- 91 38 -- 35 65 9e 68 58 -- -- -- 34 d9 -- a3 -- -- 37 -- -- e8 1e -- 54 1d 99 e5 -- 3a -- a8 ba 87 -- -- -- 74 -- -- ec 78 -- -- -- -- -- b8 -- -- -- -- cc  e -- -- c2 dc -- -- -- -- 4d d7 -- -- -- -- bd -- 8d -- af -- -- 70 45 f5 -- -- 3f d0 de eb 44 ca a6 6a b3 -- f2 -- -- -- e3 ac a2 b7 -- -- -- -- -- ed 

solutions so far:0 maxDepth:10 
iterations:49943355  skipped: 40 
Depth skipped: 
0 0 40 0 0 0 0 0 0 0 0 0 0 0 0 0 0 0 0 0 0 0 0 0 0 0 0 0 0 0 0 0 

running time: 5400 sec
 depth:8
 0  1  2  3  4  5  6  7  8  9  a  b  c  d  e  f 10 11 12 13 14 15 16 17 18 19 1a 1b 1c 1d 1e 1f 20 21 22 23 24 25 26 27 28 29 2a 2b 2c 2d 2e 2f 30 31 32 33 34 35 36 37 38 39 3a 3b 3c 3d 3e 3f 40 41 42 43 44 45 46 47 48 49 4a 4b 4c 4d 4e 4f 50 51 52 53 54 55 56 57 58 59 5a 5b 5c 5d 5e 5f 60 61 62 63 64 65 66 67 68 69 6a 6b 6c 6d 6e 6f 70 71 72 73 74 75 76 77 78 79 7a 7b 7c 7d 7e 7f 80 81 82 83 84 85 86 87 88 89 8a 8b 8c 8d 8e 8f 90 91 92 93 94 95 96 97 98 99 9a 9b 9c 9d 9e 9f a0 a1 a2 a3 a4 a5 a6 a7 a8 a9 aa ab ac ad ae af b0 b1 b2 b3 b4 b5 b6 b7 b8 b9 ba bb bc bd be bf c0 c1 c2 c3 c4 c5 c6 c7 c8 c9 ca cb cc cd ce cf d0 d1 d2 d3 d4 d5 d6 d7 d8 d9 da db dc dd de df e0 e1 e2 e3 e4 e5 e6 e7 e8 e9 ea eb ec ed ee ef f0 f1 f2 f3 f4 f5 f6 f7 f8 f9 fa fb fc fd fe ff 
 0  1  2 6b  4 69 d6 5a  8 46 d2 db 7b a8 b4 a0 10 4d 8c -- 73 -- 61 6d f6 -- 87 -- bf a1 97 5f 20 -- 9a -- cf 67 -- d5 e6 fb -- -- c2 -- da -- 3b -- -- 33 d9 -- -- 94 a9 31 95 14 f9 -- be -- 40 -- -- -- e3 -- -- -- 49 -- ce -- -- ad 7d 4f 1b -- 21 -- -- f0 --  f 53 44 -- -- 63 -- -- -- 76 -- -- -- -- -- 66 -- 65 -- -- 9f -- -- ff 52 85 -- 62 -- fd 6f 28 43 25 79 --  5 ab -- -- -- 80 -- -- 6e -- -- -- -- 11 -- -- 3c -- b5 -- -- 92 -- -- -- 4b -- -- 6c -- b6 8d -- fa 2a 9e 84 36 -- -- -- 42 15 -- 5b -- -- 37 -- -- b1 1e -- a6 59 88 c7 -- b2 -- 9b c6 e1 -- -- -- b3 -- -- ec 78 -- -- -- -- -- 22 -- -- -- -- cc bd -- -- ca dc -- -- -- -- e9 d7 -- -- -- -- 29 -- a4 -- dd -- -- cd c4 bb -- -- 2d df de eb 50 54 86 23 4a -- f2 -- -- --  a f3 81 d8 -- -- -- -- -- 96 

solutions so far:0 maxDepth:10 
iterations:52933610  skipped: 44 
Depth skipped: 
0 0 44 0 0 0 0 0 0 0 0 0 0 0 0 0 0 0 0 0 0 0 0 0 0 0 0 0 0 0 0 0 

running time: 5700 sec
 depth:6
 0  1  2  3  4  5  6  7  8  9  a  b  c  d  e  f 10 11 12 13 14 15 16 17 18 19 1a 1b 1c 1d 1e 1f 20 21 22 23 24 25 26 27 28 29 2a 2b 2c 2d 2e 2f 30 31 32 33 34 35 36 37 38 39 3a 3b 3c 3d 3e 3f 40 41 42 43 44 45 46 47 48 49 4a 4b 4c 4d 4e 4f 50 51 52 53 54 55 56 57 58 59 5a 5b 5c 5d 5e 5f 60 61 62 63 64 65 66 67 68 69 6a 6b 6c 6d 6e 6f 70 71 72 73 74 75 76 77 78 79 7a 7b 7c 7d 7e 7f 80 81 82 83 84 85 86 87 88 89 8a 8b 8c 8d 8e 8f 90 91 92 93 94 95 96 97 98 99 9a 9b 9c 9d 9e 9f a0 a1 a2 a3 a4 a5 a6 a7 a8 a9 aa ab ac ad ae af b0 b1 b2 b3 b4 b5 b6 b7 b8 b9 ba bb bc bd be bf c0 c1 c2 c3 c4 c5 c6 c7 c8 c9 ca cb cc cd ce cf d0 d1 d2 d3 d4 d5 d6 d7 d8 d9 da db dc dd de df e0 e1 e2 e3 e4 e5 e6 e7 e8 e9 ea eb ec ed ee ef f0 f1 f2 f3 f4 f5 f6 f7 f8 f9 fa fb fc fd fe ff 
 0  1  2 6b  4 62 d6 c1  8 2f c4  d 7b 58 55 -- 10 -- 5e -- 5f -- 1a ea f6 -- b0 -- aa c0 -- 91 20 -- -- -- bc fa -- f4 be cf -- -- 34 --  3 -- 3b -- -- 33 b7 -- -- -- 83 5d 57 -- -- -- f5 -- 40 -- -- -- -- -- -- -- af -- 23 -- -- -- 3f 4f ab -- 49 -- -- f0 --  f 68 -- -- --  6 -- -- -- 76 -- -- -- -- -- 66 -- b9 -- -- -- -- -- -- -- d1 -- ba -- ae 6f -- 9d -- 79 -- -- 3d -- -- -- 80 -- -- 6e -- -- -- -- -- -- -- 3c -- -- -- -- 89 -- -- -- 46 -- -- d5 -- 30 -- -- 7e 16 9e f3 81 -- -- -- 92  b -- 18 -- -- 37 -- -- -- 1e -- d0 -- -- -- -- -- -- 77  c ee -- -- -- -- -- -- ec 78 -- -- -- -- -- -- -- -- -- -- cc -- -- -- a5 dc -- -- -- -- -- d7 -- -- -- -- -- -- -- -- 75 -- -- -- a3 60 -- -- 8b 31 de eb -- 2c ed fc -- -- f2 -- -- -- -- c5 7a 7d -- -- -- -- -- 8c 

solutions so far:0 maxDepth:10 
iterations:56817152  skipped: 44 
Depth skipped: 
0 0 44 0 0 0 0 0 0 0 0 0 0 0 0 0 0 0 0 0 0 0 0 0 0 0 0 0 0 0 0 0 

running time: 6000 sec
 depth:7
 0  1  2  3  4  5  6  7  8  9  a  b  c  d  e  f 10 11 12 13 14 15 16 17 18 19 1a 1b 1c 1d 1e 1f 20 21 22 23 24 25 26 27 28 29 2a 2b 2c 2d 2e 2f 30 31 32 33 34 35 36 37 38 39 3a 3b 3c 3d 3e 3f 40 41 42 43 44 45 46 47 48 49 4a 4b 4c 4d 4e 4f 50 51 52 53 54 55 56 57 58 59 5a 5b 5c 5d 5e 5f 60 61 62 63 64 65 66 67 68 69 6a 6b 6c 6d 6e 6f 70 71 72 73 74 75 76 77 78 79 7a 7b 7c 7d 7e 7f 80 81 82 83 84 85 86 87 88 89 8a 8b 8c 8d 8e 8f 90 91 92 93 94 95 96 97 98 99 9a 9b 9c 9d 9e 9f a0 a1 a2 a3 a4 a5 a6 a7 a8 a9 aa ab ac ad ae af b0 b1 b2 b3 b4 b5 b6 b7 b8 b9 ba bb bc bd be bf c0 c1 c2 c3 c4 c5 c6 c7 c8 c9 ca cb cc cd ce cf d0 d1 d2 d3 d4 d5 d6 d7 d8 d9 da db dc dd de df e0 e1 e2 e3 e4 e5 e6 e7 e8 e9 ea eb ec ed ee ef f0 f1 f2 f3 f4 f5 f6 f7 f8 f9 fa fb fc fd fe ff 
 0  1  2 6b  4 55 d6 88  8 32 aa 12 7b 7c c7 35 10 -- 64 -- 83 -- 24 b5 f6 -- f8 -- 59 e3 6a 71 20 -- -- -- c8  c -- 4c d1 c0 -- -- 48 -- bd -- 3b -- -- 33 27 -- -- 2b b2 41 11 a2 d4 -- e2 -- 40 -- -- -- -- -- -- -- 47 -- 18 -- -- -- 98 4f 75 -- 57 -- -- f0 --  f 90 -- -- -- ad -- -- -- 76 -- -- -- -- -- 66 -- 4e -- -- 45 -- -- 56 8f b3 -- 82 -- 22 6f 93 ef 7f 79 -- c3 13 -- -- -- 80 -- -- 6e -- -- -- -- -- -- -- 3c -- -- -- -- 8e -- -- -- 30 -- --  3 -- 4d -- -- e7 1f 9e 8b ea -- -- -- ae e4 -- cd -- -- 37 -- -- -- 1e -- f7 -- -- -- -- -- -- 39 8d 72 -- -- -- -- -- -- ec 78 -- -- -- -- -- -- -- -- -- -- cc -- -- -- 9c dc -- -- -- -- 8a d7 -- -- -- -- ac -- c9 -- b1 -- -- -- d3 9a -- -- 44 c1 de eb f1 3e  9 19 fe -- f2 -- -- -- 51 cb 26  6 -- -- -- -- -- 60 

solutions so far:0 maxDepth:10 
iterations:60655463  skipped: 49 
Depth skipped: 
0 0 49 0 0 0 0 0 0 0 0 0 0 0 0 0 0 0 0 0 0 0 0 0 0 0 0 0 0 0 0 0 

running time: 6300 sec
 depth:7
 0  1  2  3  4  5  6  7  8  9  a  b  c  d  e  f 10 11 12 13 14 15 16 17 18 19 1a 1b 1c 1d 1e 1f 20 21 22 23 24 25 26 27 28 29 2a 2b 2c 2d 2e 2f 30 31 32 33 34 35 36 37 38 39 3a 3b 3c 3d 3e 3f 40 41 42 43 44 45 46 47 48 49 4a 4b 4c 4d 4e 4f 50 51 52 53 54 55 56 57 58 59 5a 5b 5c 5d 5e 5f 60 61 62 63 64 65 66 67 68 69 6a 6b 6c 6d 6e 6f 70 71 72 73 74 75 76 77 78 79 7a 7b 7c 7d 7e 7f 80 81 82 83 84 85 86 87 88 89 8a 8b 8c 8d 8e 8f 90 91 92 93 94 95 96 97 98 99 9a 9b 9c 9d 9e 9f a0 a1 a2 a3 a4 a5 a6 a7 a8 a9 aa ab ac ad ae af b0 b1 b2 b3 b4 b5 b6 b7 b8 b9 ba bb bc bd be bf c0 c1 c2 c3 c4 c5 c6 c7 c8 c9 ca cb cc cd ce cf d0 d1 d2 d3 d4 d5 d6 d7 d8 d9 da db dc dd de df e0 e1 e2 e3 e4 e5 e6 e7 e8 e9 ea eb ec ed ee ef f0 f1 f2 f3 f4 f5 f6 f7 f8 f9 fa fb fc fd fe ff 
 0  1  2 6b  4 47 d6 ab  8 2b 8e f4 7b 5d 81 d2 10 -- 56 -- cb -- 3f 46 f6 -- ba -- d5 62 73 a2 20 -- -- -- ac 13 -- 6a 41 e7 -- -- 7e -- 8c -- 3b -- -- 33 a3 -- -- 6c 7d 8a c4 84 e6 -- 93 -- 40 -- -- -- -- -- -- -- 8f -- 26 -- -- -- d4 4f 82 -- 19 -- -- f0 --  f fc -- -- -- cf -- -- -- 76 -- -- -- -- -- 66 -- 91 -- -- 96 -- -- d8 ce fa -- c3 -- 5f 6f df 3d 1b 79 -- 21 f1 -- -- -- 80 -- -- 6e -- -- -- -- -- -- -- 3c -- -- -- -- c9 -- -- -- 4c -- -- 71 -- f3 -- -- 7f 89 9e 64 d3 -- -- -- 32 af -- 92 -- -- 37 -- -- -- 1e -- 2f -- -- -- -- -- -- 5e 49 bc -- -- -- -- -- -- ec 78 -- -- -- -- -- -- -- -- -- -- cc -- -- -- f5 dc -- -- -- -- fb d7 -- -- -- -- 67 -- 4b -- 23 -- -- -- 51 31 -- -- be c8 de eb 69 c5 7a fe 36 -- f2 -- -- -- 42 45 35 e2 -- -- -- -- -- 98 

solutions so far:0 maxDepth:10 
iterations:64744936  skipped: 54 
Depth skipped: 
0 0 54 0 0 0 0 0 0 0 0 0 0 0 0 0 0 0 0 0 0 0 0 0 0 0 0 0 0 0 0 0 

running time: 6600 sec
 depth:7
 0  1  2  3  4  5  6  7  8  9  a  b  c  d  e  f 10 11 12 13 14 15 16 17 18 19 1a 1b 1c 1d 1e 1f 20 21 22 23 24 25 26 27 28 29 2a 2b 2c 2d 2e 2f 30 31 32 33 34 35 36 37 38 39 3a 3b 3c 3d 3e 3f 40 41 42 43 44 45 46 47 48 49 4a 4b 4c 4d 4e 4f 50 51 52 53 54 55 56 57 58 59 5a 5b 5c 5d 5e 5f 60 61 62 63 64 65 66 67 68 69 6a 6b 6c 6d 6e 6f 70 71 72 73 74 75 76 77 78 79 7a 7b 7c 7d 7e 7f 80 81 82 83 84 85 86 87 88 89 8a 8b 8c 8d 8e 8f 90 91 92 93 94 95 96 97 98 99 9a 9b 9c 9d 9e 9f a0 a1 a2 a3 a4 a5 a6 a7 a8 a9 aa ab ac ad ae af b0 b1 b2 b3 b4 b5 b6 b7 b8 b9 ba bb bc bd be bf c0 c1 c2 c3 c4 c5 c6 c7 c8 c9 ca cb cc cd ce cf d0 d1 d2 d3 d4 d5 d6 d7 d8 d9 da db dc dd de df e0 e1 e2 e3 e4 e5 e6 e7 e8 e9 ea eb ec ed ee ef f0 f1 f2 f3 f4 f5 f6 f7 f8 f9 fa fb fc fd fe ff 
 0  1  2 6b  4 3e d6 47  8 ed 7c 6a 7b 8a 8e a0 10 --  d -- f8 -- d4 71 f6 -- c3 -- cb 19 97 16 20 -- -- -- 1a 12 -- b7 27 f7 -- -- 7f -- e2 -- 3b -- -- 33 51 -- -- 94 41 77 32 14 f9 -- 2c -- 40 -- -- -- -- -- -- -- 34 -- 24 -- -- -- b9 4f 4e -- 39 -- -- f0 --  f fe -- -- -- 13 -- -- -- 76 -- -- -- -- -- 66 -- a2 -- -- 9f -- -- ff 52 82 -- ee -- 64 6f 28 f1 25 79 --  5 58 -- -- -- 80 -- -- 6e -- -- -- -- -- -- -- 3c -- -- -- -- 68 -- -- -- 48 -- -- ef -- 98 -- -- a5 c9 9e e4 9c -- -- -- 72 8f -- 4c -- -- 37 -- -- -- 1e -- 2b -- -- -- -- -- -- 56 26 ac -- -- -- -- -- -- ec 78 -- -- -- -- -- -- -- -- -- -- cc -- -- -- 93 dc -- -- -- -- e9 d7 -- -- -- -- 29 -- a4 -- d3 -- -- --  b e7 -- -- c8 1f de eb 50 45 35 9d 4a -- f2 -- -- --  a d0 b0  9 -- -- -- -- -- 90 

solutions so far:0 maxDepth:10 
iterations:68834690  skipped: 56 
Depth skipped: 
0 0 56 0 0 0 0 0 0 0 0 0 0 0 0 0 0 0 0 0 0 0 0 0 0 0 0 0 0 0 0 0 

running time: 6900 sec
 depth:8
 0  1  2  3  4  5  6  7  8  9  a  b  c  d  e  f 10 11 12 13 14 15 16 17 18 19 1a 1b 1c 1d 1e 1f 20 21 22 23 24 25 26 27 28 29 2a 2b 2c 2d 2e 2f 30 31 32 33 34 35 36 37 38 39 3a 3b 3c 3d 3e 3f 40 41 42 43 44 45 46 47 48 49 4a 4b 4c 4d 4e 4f 50 51 52 53 54 55 56 57 58 59 5a 5b 5c 5d 5e 5f 60 61 62 63 64 65 66 67 68 69 6a 6b 6c 6d 6e 6f 70 71 72 73 74 75 76 77 78 79 7a 7b 7c 7d 7e 7f 80 81 82 83 84 85 86 87 88 89 8a 8b 8c 8d 8e 8f 90 91 92 93 94 95 96 97 98 99 9a 9b 9c 9d 9e 9f a0 a1 a2 a3 a4 a5 a6 a7 a8 a9 aa ab ac ad ae af b0 b1 b2 b3 b4 b5 b6 b7 b8 b9 ba bb bc bd be bf c0 c1 c2 c3 c4 c5 c6 c7 c8 c9 ca cb cc cd ce cf d0 d1 d2 d3 d4 d5 d6 d7 d8 d9 da db dc dd de df e0 e1 e2 e3 e4 e5 e6 e7 e8 e9 ea eb ec ed ee ef f0 f1 f2 f3 f4 f5 f6 f7 f8 f9 fa fb fc fd fe ff 
 0  1  2 6b  4 2c d6 21  8 8a 58 7d 7b 62 42 14 10 c1 c3 -- b0 -- fa 73 f6 -- c4 -- 84 ce 28 7f 20 -- 55 -- 51  d -- ac b7 d0 -- -- 23 -- e6 -- 3b -- -- 33 5f -- -- f9 df 35 4b e9 50 -- fe -- 40 -- -- -- aa -- -- -- a2 -- 1a -- -- 57 8f 4f b9 -- 77 -- -- f0 --  f 46 75 -- -- 1b -- -- -- 76 -- -- -- -- -- 66 -- be -- -- 29 -- -- 25 94 69 -- 6a -- 96 6f  5 81 a0 79 -- a4 2b -- -- -- 80 -- -- 6e -- -- -- -- 83 -- -- 3c -- 60 -- -- 93 -- -- -- 34 -- -- 9d -- d8 ae -- c9 f3 9e  b a5 -- -- -- ee 92 -- 6c -- -- 37 -- -- 30 1e -- 8c  6 ea  3 --  c -- cf 36 49 -- -- -- 18 -- -- ec 78 -- -- -- -- -- d1 -- -- -- -- cc c0 -- -- ab dc -- -- -- -- 52 d7 -- -- -- -- 4a -- ff -- d2 -- -- 8b d4 67 -- -- fb 16 de eb  a 31 d5 45 97 -- f2 -- -- -- 9f f1 56 ed -- -- -- -- -- 68 

solutions so far:0 maxDepth:10 
iterations:73900649  skipped: 61 
Depth skipped: 
0 0 61 0 0 0 0 0 0 0 0 0 0 0 0 0 0 0 0 0 0 0 0 0 0 0 0 0 0 0 0 0 

running time: 7200 sec
 depth:7
 0  1  2  3  4  5  6  7  8  9  a  b  c  d  e  f 10 11 12 13 14 15 16 17 18 19 1a 1b 1c 1d 1e 1f 20 21 22 23 24 25 26 27 28 29 2a 2b 2c 2d 2e 2f 30 31 32 33 34 35 36 37 38 39 3a 3b 3c 3d 3e 3f 40 41 42 43 44 45 46 47 48 49 4a 4b 4c 4d 4e 4f 50 51 52 53 54 55 56 57 58 59 5a 5b 5c 5d 5e 5f 60 61 62 63 64 65 66 67 68 69 6a 6b 6c 6d 6e 6f 70 71 72 73 74 75 76 77 78 79 7a 7b 7c 7d 7e 7f 80 81 82 83 84 85 86 87 88 89 8a 8b 8c 8d 8e 8f 90 91 92 93 94 95 96 97 98 99 9a 9b 9c 9d 9e 9f a0 a1 a2 a3 a4 a5 a6 a7 a8 a9 aa ab ac ad ae af b0 b1 b2 b3 b4 b5 b6 b7 b8 b9 ba bb bc bd be bf c0 c1 c2 c3 c4 c5 c6 c7 c8 c9 ca cb cc cd ce cf d0 d1 d2 d3 d4 d5 d6 d7 d8 d9 da db dc dd de df e0 e1 e2 e3 e4 e5 e6 e7 e8 e9 ea eb ec ed ee ef f0 f1 f2 f3 f4 f5 f6 f7 f8 f9 fa fb fc fd fe ff 
 0  1  2 6b  4 1c d6 a1  8 16 38 15 7b db 95 e4 10 -- 2c -- 70 -- 2a bf f6 -- 61 -- fd c6 1f  d 20 -- -- -- 58 a7 -- d0 e0 3a -- -- 54 -- a9 -- 3b -- -- 33 c2 -- -- 27 2d a5 5b f7 3e -- 1a -- 40 -- -- -- -- -- -- -- b0 -- 99 -- -- -- 77 4f 17 -- 74 -- -- f0 --  f a8 -- -- -- 85 -- -- -- 76 -- -- -- -- -- 66 -- 53 -- -- 12 -- -- 4e ef 5a -- 9d -- b6 6f 39 9b 7c 79 -- 48 34 -- -- -- 80 -- -- 6e -- -- -- -- -- -- -- 3c -- -- -- -- b7 -- -- -- e5 -- -- 5c -- da -- -- ee 43 9e  7 2e -- -- -- e8 ca -- 6d -- -- 37 -- -- -- 1e -- 87 -- -- -- -- -- -- d9 dd 65 -- -- -- -- -- -- ec 78 -- -- -- -- -- -- -- -- -- -- cc -- -- -- a6 dc -- -- -- -- 24 d7 -- -- -- -- 9c --  9 -- b4 -- -- -- ed 63 -- -- bb  e de eb 72 86 e1  b f8 -- f2 -- -- -- 90 b9 68 b8 -- -- -- -- -- 1d 

solutions so far:0 maxDepth:10 
iterations:78565392  skipped: 67 
Depth skipped: 
0 0 67 0 0 0 0 0 0 0 0 0 0 0 0 0 0 0 0 0 0 0 0 0 0 0 0 0 0 0 0 0 

running time: 7500 sec
 depth:6
 0  1  2  3  4  5  6  7  8  9  a  b  c  d  e  f 10 11 12 13 14 15 16 17 18 19 1a 1b 1c 1d 1e 1f 20 21 22 23 24 25 26 27 28 29 2a 2b 2c 2d 2e 2f 30 31 32 33 34 35 36 37 38 39 3a 3b 3c 3d 3e 3f 40 41 42 43 44 45 46 47 48 49 4a 4b 4c 4d 4e 4f 50 51 52 53 54 55 56 57 58 59 5a 5b 5c 5d 5e 5f 60 61 62 63 64 65 66 67 68 69 6a 6b 6c 6d 6e 6f 70 71 72 73 74 75 76 77 78 79 7a 7b 7c 7d 7e 7f 80 81 82 83 84 85 86 87 88 89 8a 8b 8c 8d 8e 8f 90 91 92 93 94 95 96 97 98 99 9a 9b 9c 9d 9e 9f a0 a1 a2 a3 a4 a5 a6 a7 a8 a9 aa ab ac ad ae af b0 b1 b2 b3 b4 b5 b6 b7 b8 b9 ba bb bc bd be bf c0 c1 c2 c3 c4 c5 c6 c7 c8 c9 ca cb cc cd ce cf d0 d1 d2 d3 d4 d5 d6 d7 d8 d9 da db dc dd de df e0 e1 e2 e3 e4 e5 e6 e7 e8 e9 ea eb ec ed ee ef f0 f1 f2 f3 f4 f5 f6 f7 f8 f9 fa fb fc fd fe ff 
 0  1  2 6b  4  e d6 3d  8 8f 1c 9a 7b b1 7a -- 10 -- c9 -- 38 -- e3 2f f6 -- b5 -- f4 ba -- 35 20 -- -- -- 45 b8 -- fe 70 1d -- -- 11 -- 5e -- 3b -- -- 33 bd -- -- -- 3f a2 a3 -- -- -- 6a -- 40 -- -- -- -- -- -- -- 8a -- a7 -- -- -- 2b 4f e0 -- 3a -- -- f0 --  f 22 -- -- -- bc -- -- -- 76 -- -- -- -- -- 66 -- ad -- -- -- -- -- -- -- 7e -- 93 -- 91 6f -- cd -- 79 -- -- d4 -- -- -- 80 -- -- 6e -- -- -- -- -- -- -- 3c -- -- -- -- c3 -- -- -- 99 -- -- 2e -- c5 -- -- 56 b2 9e e8 17 -- -- -- 74 59 -- 89 -- -- 37 -- -- -- 1e -- 44 -- -- -- -- -- -- 88 af c7 -- -- -- -- -- -- ec 78 -- -- -- -- -- -- -- -- -- -- cc -- -- -- 8d dc -- -- -- -- -- d7 -- -- -- -- -- -- -- -- fc -- -- -- f1 5d -- -- f5  7 de eb -- b3 4d ac -- -- f2 -- -- -- -- 51 7f 5c -- -- -- -- -- e5 

solutions so far:0 maxDepth:10 
iterations:83171599  skipped: 70 
Depth skipped: 
0 0 70 0 0 0 0 0 0 0 0 0 0 0 0 0 0 0 0 0 0 0 0 0 0 0 0 0 0 0 0 0 

running time: 7800 sec

Finished. Total running time: 7897 sec
