Search S-boxes invariant for matrix: 
{0x00,0x02,0x04,0x06,0x08,0x0a,0x0c,0x0e,0x10,0x12,0x14,0x16,0x18,0x1a,0x1c,0x1e,0x20,0x22,0x24,0x26,0x28,0x2a,0x2c,0x2e,0x30,0x32,0x34,0x36,0x38,0x3a,0x3c,0x3e,0x40,0x42,0x44,0x46,0x48,0x4a,0x4c,0x4e,0x50,0x52,0x54,0x56,0x58,0x5a,0x5c,0x5e,0x60,0x62,0x64,0x66,0x68,0x6a,0x6c,0x6e,0x70,0x72,0x74,0x76,0x78,0x7a,0x7c,0x7e,0x80,0x82,0x84,0x86,0x88,0x8a,0x8c,0x8e,0x90,0x92,0x94,0x96,0x98,0x9a,0x9c,0x9e,0xa0,0xa2,0xa4,0xa6,0xa8,0xaa,0xac,0xae,0xb0,0xb2,0xb4,0xb6,0xb8,0xba,0xbc,0xbe,0xc0,0xc2,0xc4,0xc6,0xc8,0xca,0xcc,0xce,0xd0,0xd2,0xd4,0xd6,0xd8,0xda,0xdc,0xde,0xe0,0xe2,0xe4,0xe6,0xe8,0xea,0xec,0xee,0xf0,0xf2,0xf4,0xf6,0xf8,0xfa,0xfc,0xfe,0xd7,0xd5,0xd3,0xd1,0xdf,0xdd,0xdb,0xd9,0xc7,0xc5,0xc3,0xc1,0xcf,0xcd,0xcb,0xc9,0xf7,0xf5,0xf3,0xf1,0xff,0xfd,0xfb,0xf9,0xe7,0xe5,0xe3,0xe1,0xef,0xed,0xeb,0xe9,0x97,0x95,0x93,0x91,0x9f,0x9d,0x9b,0x99,0x87,0x85,0x83,0x81,0x8f,0x8d,0x8b,0x89,0xb7,0xb5,0xb3,0xb1,0xbf,0xbd,0xbb,0xb9,0xa7,0xa5,0xa3,0xa1,0xaf,0xad,0xab,0xa9,0x57,0x55,0x53,0x51,0x5f,0x5d,0x5b,0x59,0x47,0x45,0x43,0x41,0x4f,0x4d,0x4b,0x49,0x77,0x75,0x73,0x71,0x7f,0x7d,0x7b,0x79,0x67,0x65,0x63,0x61,0x6f,0x6d,0x6b,0x69,0x17,0x15,0x13,0x11,0x1f,0x1d,0x1b,0x19,0x07,0x05,0x03,0x01,0x0f,0x0d,0x0b,0x09,0x37,0x35,0x33,0x31,0x3f,0x3d,0x3b,0x39,0x27,0x25,0x23,0x21,0x2f,0x2d,0x2b,0x29};



 depth:8
 0  1  2  3  4  5  6  7  8  9  a  b  c  d  e  f 10 11 12 13 14 15 16 17 18 19 1a 1b 1c 1d 1e 1f 20 21 22 23 24 25 26 27 28 29 2a 2b 2c 2d 2e 2f 30 31 32 33 34 35 36 37 38 39 3a 3b 3c 3d 3e 3f 40 41 42 43 44 45 46 47 48 49 4a 4b 4c 4d 4e 4f 50 51 52 53 54 55 56 57 58 59 5a 5b 5c 5d 5e 5f 60 61 62 63 64 65 66 67 68 69 6a 6b 6c 6d 6e 6f 70 71 72 73 74 75 76 77 78 79 7a 7b 7c 7d 7e 7f 80 81 82 83 84 85 86 87 88 89 8a 8b 8c 8d 8e 8f 90 91 92 93 94 95 96 97 98 99 9a 9b 9c 9d 9e 9f a0 a1 a2 a3 a4 a5 a6 a7 a8 a9 aa ab ac ad ae af b0 b1 b2 b3 b4 b5 b6 b7 b8 b9 ba bb bc bd be bf c0 c1 c2 c3 c4 c5 c6 c7 c8 c9 ca cb cc cd ce cf d0 d1 d2 d3 d4 d5 d6 d7 d8 d9 da db dc dd de df e0 e1 e2 e3 e4 e5 e6 e7 e8 e9 ea eb ec ed ee ef f0 f1 f2 f3 f4 f5 f6 f7 f8 f9 fa fb fc fd fe ff 
 0  1  2 68  4 fb d0 ec  8 5c 21 56 77 f1  f 81 10 a0 b8 -- 42 -- ac 37 ee -- 35 -- 1e 7b d5  7 20 -- 97 -- a7 e6 -- 70 84 d8 -- -- 8f -- 6e --  b -- -- 33 6a -- -- 46 3c 3a f6 5f 7d --  e -- 40 -- -- -- f9 -- -- -- 99 -- 1b -- -- 14 e0 4f df -- 67 -- -- a5 -- 58 c9 94 -- -- dc -- -- -- 16 -- -- -- -- -- 66 -- d4 -- -- f3 -- -- 8c 49 78 -- 74 -- 3b 1a be fe fa 79 -- 62 1c -- -- -- 80 -- -- ed -- -- -- -- 25 -- -- b7 --  5 -- -- e5 -- -- -- 36 -- -- d2 -- 6b 28 -- 17 a2 9e 4b 69 -- -- -- ce 51 -- de -- -- 9d -- -- e9 b0 -- 45 52 ff 29 -- a4 -- 8a 6f c3 -- -- -- 9f -- -- 2c b9 -- -- -- -- -- 4a -- -- -- -- cc  a -- -- 7f  d -- -- -- -- 31 d7 -- -- -- -- cf -- 92 -- f0 -- -- 50 e8 d6 -- -- 76 96 34 eb ab 93 2b 2e 23 -- f2 -- -- -- c4 1d 38 73 -- -- -- -- -- 6c 

solutions so far:0 maxDepth:9 
iterations:2060353  skipped: 1 
Depth skipped: 
0 0 1 0 0 0 0 0 0 0 0 0 0 0 0 0 0 0 0 0 0 0 0 0 0 0 0 0 0 0 0 0 

running time: 300 sec
 depth:7
 0  1  2  3  4  5  6  7  8  9  a  b  c  d  e  f 10 11 12 13 14 15 16 17 18 19 1a 1b 1c 1d 1e 1f 20 21 22 23 24 25 26 27 28 29 2a 2b 2c 2d 2e 2f 30 31 32 33 34 35 36 37 38 39 3a 3b 3c 3d 3e 3f 40 41 42 43 44 45 46 47 48 49 4a 4b 4c 4d 4e 4f 50 51 52 53 54 55 56 57 58 59 5a 5b 5c 5d 5e 5f 60 61 62 63 64 65 66 67 68 69 6a 6b 6c 6d 6e 6f 70 71 72 73 74 75 76 77 78 79 7a 7b 7c 7d 7e 7f 80 81 82 83 84 85 86 87 88 89 8a 8b 8c 8d 8e 8f 90 91 92 93 94 95 96 97 98 99 9a 9b 9c 9d 9e 9f a0 a1 a2 a3 a4 a5 a6 a7 a8 a9 aa ab ac ad ae af b0 b1 b2 b3 b4 b5 b6 b7 b8 b9 ba bb bc bd be bf c0 c1 c2 c3 c4 c5 c6 c7 c8 c9 ca cb cc cd ce cf d0 d1 d2 d3 d4 d5 d6 d7 d8 d9 da db dc dd de df e0 e1 e2 e3 e4 e5 e6 e7 e8 e9 ea eb ec ed ee ef f0 f1 f2 f3 f4 f5 f6 f7 f8 f9 fa fb fc fd fe ff 
 0  1  2 68  4 f6 d0 55  8 48 3b 19 77 71 aa 87 10 -- 90 -- 76 -- 32  3 ee -- e2 -- 83 57 d9 f8 20 -- -- -- f7 f0 -- ef ec 6f -- -- 64 --  6 --  b -- -- 33 13 -- -- 86 d1 1f ae 2a 65 -- 27 -- 40 -- -- -- -- -- -- -- 39 -- 37 -- -- --  9 4f  f -- de -- -- a5 -- 58 c8 -- -- --  c -- -- -- 16 -- -- -- -- -- 66 -- 26 -- -- a6 -- -- db c2 75 -- 3e -- 8b 1a 54 98 ca 79 -- e1 4e -- -- -- 80 -- -- ed -- -- -- -- -- -- -- b7 -- -- -- -- 72 -- -- -- 6e -- -- 3c -- 60 -- -- 12 82 9e d6 1e -- -- -- 6b 41 -- 30 -- -- 9d -- -- -- b0 -- 47 -- -- -- -- -- -- 8e 18 cb -- -- -- -- -- -- 2c b9 -- -- -- -- -- -- -- -- -- -- cc -- -- -- 4c  d -- -- -- -- 9b d7 -- -- -- -- 61 -- 53 -- ea -- -- -- 7c c0 -- -- c1 7b 34 eb a8 d3 e7 24 43 -- f2 -- -- -- 15 e4 9c 78 -- -- -- -- -- dc 

solutions so far:0 maxDepth:9 
iterations:3851576  skipped: 4 
Depth skipped: 
0 0 4 0 0 0 0 0 0 0 0 0 0 0 0 0 0 0 0 0 0 0 0 0 0 0 0 0 0 0 0 0 

running time: 600 sec
 depth:6
 0  1  2  3  4  5  6  7  8  9  a  b  c  d  e  f 10 11 12 13 14 15 16 17 18 19 1a 1b 1c 1d 1e 1f 20 21 22 23 24 25 26 27 28 29 2a 2b 2c 2d 2e 2f 30 31 32 33 34 35 36 37 38 39 3a 3b 3c 3d 3e 3f 40 41 42 43 44 45 46 47 48 49 4a 4b 4c 4d 4e 4f 50 51 52 53 54 55 56 57 58 59 5a 5b 5c 5d 5e 5f 60 61 62 63 64 65 66 67 68 69 6a 6b 6c 6d 6e 6f 70 71 72 73 74 75 76 77 78 79 7a 7b 7c 7d 7e 7f 80 81 82 83 84 85 86 87 88 89 8a 8b 8c 8d 8e 8f 90 91 92 93 94 95 96 97 98 99 9a 9b 9c 9d 9e 9f a0 a1 a2 a3 a4 a5 a6 a7 a8 a9 aa ab ac ad ae af b0 b1 b2 b3 b4 b5 b6 b7 b8 b9 ba bb bc bd be bf c0 c1 c2 c3 c4 c5 c6 c7 c8 c9 ca cb cc cd ce cf d0 d1 d2 d3 d4 d5 d6 d7 d8 d9 da db dc dd de df e0 e1 e2 e3 e4 e5 e6 e7 e8 e9 ea eb ec ed ee ef f0 f1 f2 f3 f4 f5 f6 f7 f8 f9 fa fb fc fd fe ff 
 0  1  2 68  4 e6 d0 f9  8 56 1b f4 77 5d 25 -- 10 -- ac -- 36 -- 3f 52 ee -- ba -- 4a 28 -- 93 20 -- -- -- 8f 96 -- d4 6c 84 -- -- 7e -- a4 --  b -- -- 33 a3 -- -- -- 94 c3 50 -- -- -- f1 -- 40 -- -- -- -- -- -- -- c9 -- fb -- -- -- 7f 4f d8 -- df -- -- a5 -- 58 fc -- -- -- 9f -- -- -- 16 -- -- -- -- -- 66 -- 91 -- -- -- -- -- -- -- ff -- 51 -- a0 1a -- 3d -- 79 -- -- 35 -- -- -- 80 -- -- ed -- -- -- -- -- -- -- b7 -- -- -- -- 45 -- -- -- 21 -- -- ce --  a -- -- fe 89 9e d2 67 -- -- -- 69 af --  5 -- -- 9d -- -- -- b0 -- 2f -- -- -- -- -- -- 5e e9 bc -- -- -- -- -- -- 2c b9 -- -- -- -- -- -- -- -- -- -- cc -- -- -- f5  d -- -- -- -- -- d7 -- -- -- -- -- -- -- -- 29 -- -- -- a2 14 -- -- 97 73 34 eb -- c5 7a 2b -- -- f2 -- -- -- -- 8a 6a 4b -- -- -- -- -- 42 

solutions so far:0 maxDepth:9 
iterations:6115671  skipped: 9 
Depth skipped: 
0 0 9 0 0 0 0 0 0 0 0 0 0 0 0 0 0 0 0 0 0 0 0 0 0 0 0 0 0 0 0 0 

running time: 900 sec
 depth:7
 0  1  2  3  4  5  6  7  8  9  a  b  c  d  e  f 10 11 12 13 14 15 16 17 18 19 1a 1b 1c 1d 1e 1f 20 21 22 23 24 25 26 27 28 29 2a 2b 2c 2d 2e 2f 30 31 32 33 34 35 36 37 38 39 3a 3b 3c 3d 3e 3f 40 41 42 43 44 45 46 47 48 49 4a 4b 4c 4d 4e 4f 50 51 52 53 54 55 56 57 58 59 5a 5b 5c 5d 5e 5f 60 61 62 63 64 65 66 67 68 69 6a 6b 6c 6d 6e 6f 70 71 72 73 74 75 76 77 78 79 7a 7b 7c 7d 7e 7f 80 81 82 83 84 85 86 87 88 89 8a 8b 8c 8d 8e 8f 90 91 92 93 94 95 96 97 98 99 9a 9b 9c 9d 9e 9f a0 a1 a2 a3 a4 a5 a6 a7 a8 a9 aa ab ac ad ae af b0 b1 b2 b3 b4 b5 b6 b7 b8 b9 ba bb bc bd be bf c0 c1 c2 c3 c4 c5 c6 c7 c8 c9 ca cb cc cd ce cf d0 d1 d2 d3 d4 d5 d6 d7 d8 d9 da db dc dd de df e0 e1 e2 e3 e4 e5 e6 e7 e8 e9 ea eb ec ed ee ef f0 f1 f2 f3 f4 f5 f6 f7 f8 f9 fa fb fc fd fe ff 
 0  1  2 68  4 e0 d0 27  8  5 17 d8 77 69 4e 78 10 --  a -- 2e -- 67 24 ee -- d2 -- 9c 1f f0 4a 20 -- -- -- 14 1d -- 52 5c  7 -- -- ce -- 48 --  b -- -- 33 73 -- -- 6f ef 97 3e  f 37 -- 94 -- 40 -- -- -- -- -- -- -- 28 -- 3a -- -- -- a4 4f b8 --  e -- -- a5 -- 58 4b -- -- -- 90 -- -- -- 16 -- -- -- -- -- 66 -- e6 -- -- f6 -- -- de d6  9 -- f9 -- 7c 1a 1e 36 6e 79 -- 76 ff -- -- -- 80 -- -- ed -- -- -- -- -- -- -- b7 -- -- -- -- 50 -- -- -- 74 -- -- 99 -- 72 -- -- 9f 84 9e 38 a7 -- -- -- 1c 42 -- 39 -- -- 9d -- -- -- b0 -- 96 -- -- -- -- -- -- fb f7 21 -- -- -- -- -- -- 2c b9 -- -- -- -- -- -- -- -- -- -- cc -- -- -- 1b  d -- -- -- -- 3b d7 -- -- -- -- 6b -- 7b -- 12 -- -- -- 25 e4 -- -- f8 70 34 eb 3c df 6c e9 dc -- f2 -- -- -- ec a0 29 e5 -- -- -- -- -- e8 

solutions so far:0 maxDepth:10 
iterations:9577490  skipped: 11 
Depth skipped: 
0 0 11 0 0 0 0 0 0 0 0 0 0 0 0 0 0 0 0 0 0 0 0 0 0 0 0 0 0 0 0 0 

running time: 1200 sec
 depth:7
 0  1  2  3  4  5  6  7  8  9  a  b  c  d  e  f 10 11 12 13 14 15 16 17 18 19 1a 1b 1c 1d 1e 1f 20 21 22 23 24 25 26 27 28 29 2a 2b 2c 2d 2e 2f 30 31 32 33 34 35 36 37 38 39 3a 3b 3c 3d 3e 3f 40 41 42 43 44 45 46 47 48 49 4a 4b 4c 4d 4e 4f 50 51 52 53 54 55 56 57 58 59 5a 5b 5c 5d 5e 5f 60 61 62 63 64 65 66 67 68 69 6a 6b 6c 6d 6e 6f 70 71 72 73 74 75 76 77 78 79 7a 7b 7c 7d 7e 7f 80 81 82 83 84 85 86 87 88 89 8a 8b 8c 8d 8e 8f 90 91 92 93 94 95 96 97 98 99 9a 9b 9c 9d 9e 9f a0 a1 a2 a3 a4 a5 a6 a7 a8 a9 aa ab ac ad ae af b0 b1 b2 b3 b4 b5 b6 b7 b8 b9 ba bb bc bd be bf c0 c1 c2 c3 c4 c5 c6 c7 c8 c9 ca cb cc cd ce cf d0 d1 d2 d3 d4 d5 d6 d7 d8 d9 da db dc dd de df e0 e1 e2 e3 e4 e5 e6 e7 e8 e9 ea eb ec ed ee ef f0 f1 f2 f3 f4 f5 f6 f7 f8 f9 fa fb fc fd fe ff 
 0  1  2 68  4 d5 d0 cb  8 60 7d a3 77 5e 41 56 10 -- c0 -- fa -- 91 13 ee -- bc -- 82 64 ac d1 20 -- -- -- 57 92 --  6 23 c4 -- -- f5 -- 26 --  b -- -- 33 af -- -- 8a d3 55 c8 7f 8f -- 75 -- 40 -- -- -- -- -- -- -- ae -- f3 -- -- --  c 4f 46 -- 5f -- -- a5 -- 58 3d -- -- -- 4c -- -- -- 16 -- -- -- -- -- 66 -- 89 -- -- f1 -- -- c3 a2 71 -- aa -- 47 1a fe 5d c9 79 -- 6a ea -- -- -- 80 -- -- ed -- -- -- -- -- -- -- b7 -- -- -- -- 8b -- -- -- 31 -- -- cf -- 19 -- -- 18 fc 9e ab 8c -- -- -- be 7e -- e7 -- -- 9d -- -- -- b0 -- 7a -- -- -- -- -- -- f4 98 3f -- -- -- -- -- -- 2c b9 -- -- -- -- -- -- -- -- -- -- cc -- -- -- c5  d -- -- -- -- 35 d7 -- -- -- -- 51 -- 93 -- e2 -- -- -- 83 32 -- -- 8e 81 34 eb 2b 2f ba 30 45 -- f2 -- -- -- d4 c1  3 49 -- -- -- -- -- 62 

solutions so far:0 maxDepth:10 
iterations:12634323  skipped: 14 
Depth skipped: 
0 0 14 0 0 0 0 0 0 0 0 0 0 0 0 0 0 0 0 0 0 0 0 0 0 0 0 0 0 0 0 0 

running time: 1500 sec
 depth:7
 0  1  2  3  4  5  6  7  8  9  a  b  c  d  e  f 10 11 12 13 14 15 16 17 18 19 1a 1b 1c 1d 1e 1f 20 21 22 23 24 25 26 27 28 29 2a 2b 2c 2d 2e 2f 30 31 32 33 34 35 36 37 38 39 3a 3b 3c 3d 3e 3f 40 41 42 43 44 45 46 47 48 49 4a 4b 4c 4d 4e 4f 50 51 52 53 54 55 56 57 58 59 5a 5b 5c 5d 5e 5f 60 61 62 63 64 65 66 67 68 69 6a 6b 6c 6d 6e 6f 70 71 72 73 74 75 76 77 78 79 7a 7b 7c 7d 7e 7f 80 81 82 83 84 85 86 87 88 89 8a 8b 8c 8d 8e 8f 90 91 92 93 94 95 96 97 98 99 9a 9b 9c 9d 9e 9f a0 a1 a2 a3 a4 a5 a6 a7 a8 a9 aa ab ac ad ae af b0 b1 b2 b3 b4 b5 b6 b7 b8 b9 ba bb bc bd be bf c0 c1 c2 c3 c4 c5 c6 c7 c8 c9 ca cb cc cd ce cf d0 d1 d2 d3 d4 d5 d6 d7 d8 d9 da db dc dd de df e0 e1 e2 e3 e4 e5 e6 e7 e8 e9 ea eb ec ed ee ef f0 f1 f2 f3 f4 f5 f6 f7 f8 f9 fa fb fc fd fe ff 
 0  1  2 68  4 ce d0 6d  8 cb 4b c0 77 ea da 86 10 -- 41 -- 96 -- 57 bb ee --  3 -- 63 bf db 98 20 -- -- -- 82 69 -- 64 fb 1b -- -- ae -- a1 --  b -- -- 33  6 -- -- a6 c6 13 a9 65 61 -- e7 -- 40 -- -- -- -- -- -- -- d3 -- d2 -- -- -- c8 4f 21 -- 36 -- -- a5 -- 58 8b -- -- -- 95 -- -- -- 16 -- -- -- -- -- 66 --  c -- -- 54 -- -- 9b 15 5b -- 26 -- 85 1a ca 30 c2 79 -- 87 19 -- -- -- 80 -- -- ed -- -- -- -- -- -- -- b7 -- -- -- -- 71 -- -- -- 73 -- -- 84 -- 5a -- -- 47 d1 9e d8 42 -- -- -- 6c 83 -- 2d -- -- 9d -- -- -- b0 -- c1 -- -- -- -- -- -- 55 fd aa -- -- -- -- -- -- 2c b9 -- -- -- -- -- -- -- -- -- -- cc -- -- -- 18  d -- -- -- -- a8 d7 -- -- -- -- e1 -- 2a -- b6 -- -- -- 4c b4 -- -- dd 67 34 eb 43 75 60 8e 53 -- f2 -- -- -- d9 e2 32 df -- -- -- -- -- e6 

solutions so far:0 maxDepth:10 
iterations:15025739  skipped: 16 
Depth skipped: 
0 0 16 0 0 0 0 0 0 0 0 0 0 0 0 0 0 0 0 0 0 0 0 0 0 0 0 0 0 0 0 0 

running time: 1800 sec
 depth:7
 0  1  2  3  4  5  6  7  8  9  a  b  c  d  e  f 10 11 12 13 14 15 16 17 18 19 1a 1b 1c 1d 1e 1f 20 21 22 23 24 25 26 27 28 29 2a 2b 2c 2d 2e 2f 30 31 32 33 34 35 36 37 38 39 3a 3b 3c 3d 3e 3f 40 41 42 43 44 45 46 47 48 49 4a 4b 4c 4d 4e 4f 50 51 52 53 54 55 56 57 58 59 5a 5b 5c 5d 5e 5f 60 61 62 63 64 65 66 67 68 69 6a 6b 6c 6d 6e 6f 70 71 72 73 74 75 76 77 78 79 7a 7b 7c 7d 7e 7f 80 81 82 83 84 85 86 87 88 89 8a 8b 8c 8d 8e 8f 90 91 92 93 94 95 96 97 98 99 9a 9b 9c 9d 9e 9f a0 a1 a2 a3 a4 a5 a6 a7 a8 a9 aa ab ac ad ae af b0 b1 b2 b3 b4 b5 b6 b7 b8 b9 ba bb bc bd be bf c0 c1 c2 c3 c4 c5 c6 c7 c8 c9 ca cb cc cd ce cf d0 d1 d2 d3 d4 d5 d6 d7 d8 d9 da db dc dd de df e0 e1 e2 e3 e4 e5 e6 e7 e8 e9 ea eb ec ed ee ef f0 f1 f2 f3 f4 f5 f6 f7 f8 f9 fa fb fc fd fe ff 
 0  1  2 68  4 c8 d0 57  8 1f 47 6b 77 78 ae 5d 10 -- 3e -- 8e -- d6 83 ee -- f0 -- 8b 18 ba 12 20 -- -- -- 7c e2 -- f7 cb 98 -- -- 7b -- d1 --  b -- -- 33 37 -- -- 3d c1 9c 30 af a3 -- 24 -- 40 -- -- -- -- -- -- -- f8 -- 13 -- -- -- 39 4f 41 -- e7 -- -- a5 -- 58 f6 -- -- -- 75 -- -- -- 16 -- -- -- -- -- 66 -- 6e -- -- fc -- -- 7a 3f 55 -- ef -- 60 1a 89 6f 91 79 -- 5e 48 -- -- -- 80 -- -- ed -- -- -- -- -- -- -- b7 -- -- -- -- 27 -- -- -- 26 -- -- d3 --  6 -- -- 72 1e 9e 32 82 -- -- -- 19  f --  3 -- -- 9d -- -- -- b0 -- 3b -- -- -- -- -- -- 76 ea ec -- -- -- -- -- -- 2c b9 -- -- -- -- -- -- -- -- -- -- cc -- -- -- dc  d -- -- -- -- 2f d7 -- -- -- -- f4 -- 7e -- aa -- -- --  9  c -- -- c0 64 34 eb c5 3c de e4 f5 -- f2 -- -- -- bc 4e 90 71 -- -- -- -- -- 4c 

solutions so far:0 maxDepth:10 
iterations:17195306  skipped: 18 
Depth skipped: 
0 0 18 0 0 0 0 0 0 0 0 0 0 0 0 0 0 0 0 0 0 0 0 0 0 0 0 0 0 0 0 0 

running time: 2100 sec
 depth:7
 0  1  2  3  4  5  6  7  8  9  a  b  c  d  e  f 10 11 12 13 14 15 16 17 18 19 1a 1b 1c 1d 1e 1f 20 21 22 23 24 25 26 27 28 29 2a 2b 2c 2d 2e 2f 30 31 32 33 34 35 36 37 38 39 3a 3b 3c 3d 3e 3f 40 41 42 43 44 45 46 47 48 49 4a 4b 4c 4d 4e 4f 50 51 52 53 54 55 56 57 58 59 5a 5b 5c 5d 5e 5f 60 61 62 63 64 65 66 67 68 69 6a 6b 6c 6d 6e 6f 70 71 72 73 74 75 76 77 78 79 7a 7b 7c 7d 7e 7f 80 81 82 83 84 85 86 87 88 89 8a 8b 8c 8d 8e 8f 90 91 92 93 94 95 96 97 98 99 9a 9b 9c 9d 9e 9f a0 a1 a2 a3 a4 a5 a6 a7 a8 a9 aa ab ac ad ae af b0 b1 b2 b3 b4 b5 b6 b7 b8 b9 ba bb bc bd be bf c0 c1 c2 c3 c4 c5 c6 c7 c8 c9 ca cb cc cd ce cf d0 d1 d2 d3 d4 d5 d6 d7 d8 d9 da db dc dd de df e0 e1 e2 e3 e4 e5 e6 e7 e8 e9 ea eb ec ed ee ef f0 f1 f2 f3 f4 f5 f6 f7 f8 f9 fa fb fc fd fe ff 
 0  1  2 68  4 c3 d0 61  8 8b 51 36 77 84 c2 3e 10 -- c1 -- a2 -- 6c 15 ee -- df -- 53 ca 7c  6 20 -- -- -- 55 7f -- 60 93 ac -- -- d8 -- 2a --  b -- -- 33 69 -- -- 9c a6 75 43 72 f8 --  c -- 40 -- -- -- -- -- -- -- aa -- fe -- -- -- c0 4f f1 -- 8f -- -- a5 -- 58 67 -- -- -- 54 -- -- -- 16 -- -- -- -- -- 66 -- d2 -- -- 48 -- -- ef 12 9b -- ea -- 86 1a e4 e6 27 79 -- f7 18 -- -- -- 80 -- -- ed -- -- -- -- -- -- -- b7 -- -- -- -- 83 -- -- -- 2b -- -- 6a -- d9 -- -- 57 21 9e 45 35 -- -- -- c9 fb -- 87 -- -- 9d -- -- -- b0 -- ce -- -- -- -- -- -- 4b a8 96 -- -- -- -- -- -- 2c b9 -- -- -- -- -- -- -- -- -- -- cc -- -- -- 73  d -- -- -- -- 90 d7 -- -- -- --  9 -- 24 -- e1 -- -- --  3 65 -- -- db 8a 34 eb 1f 42 1b ae 4e -- f2 -- -- -- 39 d1 30 d4 -- -- -- -- -- 56 

solutions so far:0 maxDepth:10 
iterations:19146606  skipped: 20 
Depth skipped: 
0 0 20 0 0 0 0 0 0 0 0 0 0 0 0 0 0 0 0 0 0 0 0 0 0 0 0 0 0 0 0 0 

running time: 2400 sec
 depth:7
 0  1  2  3  4  5  6  7  8  9  a  b  c  d  e  f 10 11 12 13 14 15 16 17 18 19 1a 1b 1c 1d 1e 1f 20 21 22 23 24 25 26 27 28 29 2a 2b 2c 2d 2e 2f 30 31 32 33 34 35 36 37 38 39 3a 3b 3c 3d 3e 3f 40 41 42 43 44 45 46 47 48 49 4a 4b 4c 4d 4e 4f 50 51 52 53 54 55 56 57 58 59 5a 5b 5c 5d 5e 5f 60 61 62 63 64 65 66 67 68 69 6a 6b 6c 6d 6e 6f 70 71 72 73 74 75 76 77 78 79 7a 7b 7c 7d 7e 7f 80 81 82 83 84 85 86 87 88 89 8a 8b 8c 8d 8e 8f 90 91 92 93 94 95 96 97 98 99 9a 9b 9c 9d 9e 9f a0 a1 a2 a3 a4 a5 a6 a7 a8 a9 aa ab ac ad ae af b0 b1 b2 b3 b4 b5 b6 b7 b8 b9 ba bb bc bd be bf c0 c1 c2 c3 c4 c5 c6 c7 c8 c9 ca cb cc cd ce cf d0 d1 d2 d3 d4 d5 d6 d7 d8 d9 da db dc dd de df e0 e1 e2 e3 e4 e5 e6 e7 e8 e9 ea eb ec ed ee ef f0 f1 f2 f3 f4 f5 f6 f7 f8 f9 fa fb fc fd fe ff 
 0  1  2 68  4 bf d0 49  8 86 a9 c5 77 7e 92 55 10 -- db -- 85 -- 5d 5f ee -- fc -- f3 23 aa 2a 20 -- -- -- 61 5b -- d9 dd 95 -- -- ba -- be --  b -- -- 33 2f -- -- ea 31 9b 46 ae 83 -- 54 -- 40 -- -- -- -- -- -- -- c2 -- b6 -- -- -- 65 4f 6d -- fd -- -- a5 -- 58 a3 -- -- -- ab -- -- -- 16 -- -- -- -- -- 66 -- 5e -- -- 30 -- --  3  c 62 -- e1 -- 8c 1a 8b af d1 79 -- c0 a8 -- -- -- 80 -- -- ed -- -- -- -- -- -- -- b7 -- -- -- -- 53 -- -- -- bb -- -- 63 -- 7d -- -- ca f4 9e 5a da -- -- -- 2d 7a -- d5 -- -- 9d -- -- -- b0 -- 91 -- -- -- -- -- -- f5 81 3d -- -- -- -- -- -- 2c b9 -- -- -- -- -- -- -- -- -- -- cc -- -- -- bc  d -- -- -- -- 60 d7 -- -- -- --  6 -- 18 -- c4 -- -- -- 15 fa -- -- cf b4 34 eb c1 3f 89 43 75 -- f2 -- -- -- 57 a6 87 c6 -- -- -- -- -- a1 

solutions so far:0 maxDepth:10 
iterations:21221015  skipped: 21 
Depth skipped: 
0 0 21 0 0 0 0 0 0 0 0 0 0 0 0 0 0 0 0 0 0 0 0 0 0 0 0 0 0 0 0 0 

running time: 2700 sec
 depth:7
 0  1  2  3  4  5  6  7  8  9  a  b  c  d  e  f 10 11 12 13 14 15 16 17 18 19 1a 1b 1c 1d 1e 1f 20 21 22 23 24 25 26 27 28 29 2a 2b 2c 2d 2e 2f 30 31 32 33 34 35 36 37 38 39 3a 3b 3c 3d 3e 3f 40 41 42 43 44 45 46 47 48 49 4a 4b 4c 4d 4e 4f 50 51 52 53 54 55 56 57 58 59 5a 5b 5c 5d 5e 5f 60 61 62 63 64 65 66 67 68 69 6a 6b 6c 6d 6e 6f 70 71 72 73 74 75 76 77 78 79 7a 7b 7c 7d 7e 7f 80 81 82 83 84 85 86 87 88 89 8a 8b 8c 8d 8e 8f 90 91 92 93 94 95 96 97 98 99 9a 9b 9c 9d 9e 9f a0 a1 a2 a3 a4 a5 a6 a7 a8 a9 aa ab ac ad ae af b0 b1 b2 b3 b4 b5 b6 b7 b8 b9 ba bb bc bd be bf c0 c1 c2 c3 c4 c5 c6 c7 c8 c9 ca cb cc cd ce cf d0 d1 d2 d3 d4 d5 d6 d7 d8 d9 da db dc dd de df e0 e1 e2 e3 e4 e5 e6 e7 e8 e9 ea eb ec ed ee ef f0 f1 f2 f3 f4 f5 f6 f7 f8 f9 fa fb fc fd fe ff 
 0  1  2 68  4 af d0 d5  8 88 89 54 77 c2 7d 36 10 -- c7 -- c5 -- a8 cf ee -- 53 -- fa 5f 6c 8d 20 -- -- -- 59 3d -- e3 5d 7e -- -- 87 -- 49 --  b -- -- 33 a6 -- -- 4b 23 b5 be 73 d8 -- cd -- 40 -- -- -- -- -- -- -- b2 -- 7a -- -- -- 11 4f ba -- fc -- -- a5 -- 58 d9 -- -- -- 92 -- -- -- 16 -- -- -- -- -- 66 -- 9b -- -- 84 -- -- 96 21 46 -- bd -- ab 1a e6 15 67 79 -- 69 4d -- -- -- 80 -- -- ed -- -- -- -- -- -- -- b7 -- -- -- -- b3 -- -- -- f4 -- -- 91 -- 62 -- -- 22 db 9e 5e a3 -- -- -- 2f 86 -- 31 -- -- 9d -- -- -- b0 -- 65 -- -- -- -- -- -- ca f3 43 -- -- -- -- -- -- 2c b9 -- -- -- -- -- -- -- -- -- -- cc -- -- -- e1  d -- -- -- -- df d7 -- -- -- -- fb -- 42 -- 8c -- -- -- ad c4 -- -- 81 bc 34 eb 1b 61 2a 44 ce -- f2 -- -- -- d2 b1 9a f5 -- -- -- -- -- 3f 

solutions so far:0 maxDepth:10 
iterations:24261026  skipped: 26 
Depth skipped: 
0 0 26 0 0 0 0 0 0 0 0 0 0 0 0 0 0 0 0 0 0 0 0 0 0 0 0 0 0 0 0 0 

running time: 3000 sec
 depth:7
 0  1  2  3  4  5  6  7  8  9  a  b  c  d  e  f 10 11 12 13 14 15 16 17 18 19 1a 1b 1c 1d 1e 1f 20 21 22 23 24 25 26 27 28 29 2a 2b 2c 2d 2e 2f 30 31 32 33 34 35 36 37 38 39 3a 3b 3c 3d 3e 3f 40 41 42 43 44 45 46 47 48 49 4a 4b 4c 4d 4e 4f 50 51 52 53 54 55 56 57 58 59 5a 5b 5c 5d 5e 5f 60 61 62 63 64 65 66 67 68 69 6a 6b 6c 6d 6e 6f 70 71 72 73 74 75 76 77 78 79 7a 7b 7c 7d 7e 7f 80 81 82 83 84 85 86 87 88 89 8a 8b 8c 8d 8e 8f 90 91 92 93 94 95 96 97 98 99 9a 9b 9c 9d 9e 9f a0 a1 a2 a3 a4 a5 a6 a7 a8 a9 aa ab ac ad ae af b0 b1 b2 b3 b4 b5 b6 b7 b8 b9 ba bb bc bd be bf c0 c1 c2 c3 c4 c5 c6 c7 c8 c9 ca cb cc cd ce cf d0 d1 d2 d3 d4 d5 d6 d7 d8 d9 da db dc dd de df e0 e1 e2 e3 e4 e5 e6 e7 e8 e9 ea eb ec ed ee ef f0 f1 f2 f3 f4 f5 f6 f7 f8 f9 fa fb fc fd fe ff 
 0  1  2 68  4 a9 d0 46  8 70 85 69 77 4b 8c 7b 10 -- e0 -- dd -- d2 31 ee -- 96 -- cf d5 f6 1d 20 -- -- -- 17 b6 --  7 6d fd -- -- 73 -- 62 --  b -- -- 33 fb -- --  f 49 a7 7d de 3b -- 3a -- 40 -- -- -- -- -- -- -- 2e -- bb -- -- --  e 4f da -- 2d -- -- a5 -- 58 e6 -- -- -- c4 -- -- -- 16 -- -- -- -- -- 66 -- 21 -- -- 37 -- -- 1e 78 92 -- 99 -- fa 1a 6b 84 76 79 -- dc 74 -- -- -- 80 -- -- ed -- -- -- -- -- -- -- b7 -- -- -- -- 5c -- -- -- a1 -- -- c6 -- ab -- -- 1c 67 9e b4 63 -- -- -- 5a d8 -- be -- -- 9d -- -- -- b0 -- 1b -- -- -- -- -- -- 36 5f 6c -- -- -- -- -- -- 2c b9 -- -- -- -- -- -- -- -- -- -- cc -- -- -- 42  d -- -- -- -- 6e d7 -- -- -- -- 3c -- f0 -- f3 -- -- -- e5 81 -- -- 23 bf 34 eb d6 ce df 38 ec -- f2 -- -- -- 6f b8 e8 5b -- -- -- -- -- 95 

solutions so far:0 maxDepth:10 
iterations:26865342  skipped: 29 
Depth skipped: 
0 0 29 0 0 0 0 0 0 0 0 0 0 0 0 0 0 0 0 0 0 0 0 0 0 0 0 0 0 0 0 0 

running time: 3300 sec
 depth:7
 0  1  2  3  4  5  6  7  8  9  a  b  c  d  e  f 10 11 12 13 14 15 16 17 18 19 1a 1b 1c 1d 1e 1f 20 21 22 23 24 25 26 27 28 29 2a 2b 2c 2d 2e 2f 30 31 32 33 34 35 36 37 38 39 3a 3b 3c 3d 3e 3f 40 41 42 43 44 45 46 47 48 49 4a 4b 4c 4d 4e 4f 50 51 52 53 54 55 56 57 58 59 5a 5b 5c 5d 5e 5f 60 61 62 63 64 65 66 67 68 69 6a 6b 6c 6d 6e 6f 70 71 72 73 74 75 76 77 78 79 7a 7b 7c 7d 7e 7f 80 81 82 83 84 85 86 87 88 89 8a 8b 8c 8d 8e 8f 90 91 92 93 94 95 96 97 98 99 9a 9b 9c 9d 9e 9f a0 a1 a2 a3 a4 a5 a6 a7 a8 a9 aa ab ac ad ae af b0 b1 b2 b3 b4 b5 b6 b7 b8 b9 ba bb bc bd be bf c0 c1 c2 c3 c4 c5 c6 c7 c8 c9 ca cb cc cd ce cf d0 d1 d2 d3 d4 d5 d6 d7 d8 d9 da db dc dd de df e0 e1 e2 e3 e4 e5 e6 e7 e8 e9 ea eb ec ed ee ef f0 f1 f2 f3 f4 f5 f6 f7 f8 f9 fa fb fc fd fe ff 
 0  1  2 68  4 a2 d0 d6  8 e0 93 bc 77 7a 7b ad 10 -- 17 -- f1 -- af  f ee -- f4 -- f6 dc 8d 3a 20 -- -- -- 2e 2b --  e 35 c9 -- -- 89 -- 1e --  b -- -- 33 3f -- -- e3 3b 99 6f b1 cd -- 74 -- 40 -- -- -- -- -- -- -- 5c -- 56 -- -- -- 1c 4f 6a -- 45 -- -- a5 -- 58 c5 -- -- -- 3c -- -- -- 16 -- -- -- -- -- 66 -- 7e -- -- c7 -- -- 11 44 76 -- e5 -- de 1a b5 2f 4d 79 -- b2 e8 -- -- -- 80 -- -- ed -- -- -- -- -- -- -- b7 -- -- -- -- b8 -- -- -- ac -- -- 7f -- 37 -- -- 38 f5 9e c3 d4 -- -- -- 8a 91 -- f0 -- -- 9d -- -- -- b0 -- 5d -- -- -- -- -- -- ba 78 a3 -- -- -- -- -- -- 2c b9 -- -- -- -- -- -- -- -- -- -- cc -- -- -- fc  d -- -- -- -- 59 d7 -- -- -- -- 22 -- 88 -- ec -- -- -- 1d 6e -- -- 6b 51 34 eb bd 3d 5e 70 9a -- f2 -- -- -- b3 a7  7 fe -- -- -- -- -- 8f 

solutions so far:0 maxDepth:10 
iterations:30113283  skipped: 30 
Depth skipped: 
0 0 30 0 0 0 0 0 0 0 0 0 0 0 0 0 0 0 0 0 0 0 0 0 0 0 0 0 0 0 0 0 

running time: 3600 sec
 depth:6
 0  1  2  3  4  5  6  7  8  9  a  b  c  d  e  f 10 11 12 13 14 15 16 17 18 19 1a 1b 1c 1d 1e 1f 20 21 22 23 24 25 26 27 28 29 2a 2b 2c 2d 2e 2f 30 31 32 33 34 35 36 37 38 39 3a 3b 3c 3d 3e 3f 40 41 42 43 44 45 46 47 48 49 4a 4b 4c 4d 4e 4f 50 51 52 53 54 55 56 57 58 59 5a 5b 5c 5d 5e 5f 60 61 62 63 64 65 66 67 68 69 6a 6b 6c 6d 6e 6f 70 71 72 73 74 75 76 77 78 79 7a 7b 7c 7d 7e 7f 80 81 82 83 84 85 86 87 88 89 8a 8b 8c 8d 8e 8f 90 91 92 93 94 95 96 97 98 99 9a 9b 9c 9d 9e 9f a0 a1 a2 a3 a4 a5 a6 a7 a8 a9 aa ab ac ad ae af b0 b1 b2 b3 b4 b5 b6 b7 b8 b9 ba bb bc bd be bf c0 c1 c2 c3 c4 c5 c6 c7 c8 c9 ca cb cc cd ce cf d0 d1 d2 d3 d4 d5 d6 d7 d8 d9 da db dc dd de df e0 e1 e2 e3 e4 e5 e6 e7 e8 e9 ea eb ec ed ee ef f0 f1 f2 f3 f4 f5 f6 f7 f8 f9 fa fb fc fd fe ff 
 0  1  2 68  4 9a d0 49  8 9f e3 57 77  3 92 -- 10 -- e9 -- 11 -- ae 5f ee --  6 -- f3 23 -- f9 20 -- -- --  5 b2 -- ff 22 bd -- -- 8b -- be --  b -- -- 33  c -- -- -- 31 50 46 -- -- -- 25 -- 40 -- -- -- -- -- -- --  a -- b3 -- -- -- 29 4f 44 -- ad -- -- a5 -- 58 c1 -- -- -- ab -- -- -- 16 -- -- -- -- -- 66 -- 18 -- -- -- -- -- -- -- 62 -- a0 -- 8c 1a -- 60 -- 79 -- -- 4a -- -- -- 80 -- -- ed -- -- -- -- -- -- -- b7 -- -- -- -- 14 -- -- -- b1 -- -- c7 -- 7d -- -- 52 75 9e cd 88 -- -- -- 8d d1 -- d5 -- -- 9d -- -- -- b0 -- 55 -- -- -- -- -- -- aa 81 83 -- -- -- -- -- -- 2c b9 -- -- -- -- -- -- -- -- -- -- cc -- -- -- 30  d -- -- -- -- -- d7 -- -- -- -- -- -- -- -- c4 -- -- -- 97 fa -- -- cf 4d 34 eb -- ea c0 a4 -- -- f2 -- -- -- -- 28 94 59 -- -- -- -- -- b5 

solutions so far:0 maxDepth:10 
iterations:32636370  skipped: 33 
Depth skipped: 
0 0 33 0 0 0 0 0 0 0 0 0 0 0 0 0 0 0 0 0 0 0 0 0 0 0 0 0 0 0 0 0 

running time: 3900 sec
 depth:6
 0  1  2  3  4  5  6  7  8  9  a  b  c  d  e  f 10 11 12 13 14 15 16 17 18 19 1a 1b 1c 1d 1e 1f 20 21 22 23 24 25 26 27 28 29 2a 2b 2c 2d 2e 2f 30 31 32 33 34 35 36 37 38 39 3a 3b 3c 3d 3e 3f 40 41 42 43 44 45 46 47 48 49 4a 4b 4c 4d 4e 4f 50 51 52 53 54 55 56 57 58 59 5a 5b 5c 5d 5e 5f 60 61 62 63 64 65 66 67 68 69 6a 6b 6c 6d 6e 6f 70 71 72 73 74 75 76 77 78 79 7a 7b 7c 7d 7e 7f 80 81 82 83 84 85 86 87 88 89 8a 8b 8c 8d 8e 8f 90 91 92 93 94 95 96 97 98 99 9a 9b 9c 9d 9e 9f a0 a1 a2 a3 a4 a5 a6 a7 a8 a9 aa ab ac ad ae af b0 b1 b2 b3 b4 b5 b6 b7 b8 b9 ba bb bc bd be bf c0 c1 c2 c3 c4 c5 c6 c7 c8 c9 ca cb cc cd ce cf d0 d1 d2 d3 d4 d5 d6 d7 d8 d9 da db dc dd de df e0 e1 e2 e3 e4 e5 e6 e7 e8 e9 ea eb ec ed ee ef f0 f1 f2 f3 f4 f5 f6 f7 f8 f9 fa fb fc fd fe ff 
 0  1  2 68  4 93 d0 67  8 19 f1 f6 77 6e ce -- 10 -- 32 -- 35 -- 3b 42 ee -- dc -- 4b 1b -- d3 20 -- -- -- 64 56 -- 26 6a 45 -- -- 76 -- 84 --  b -- -- 33 6f -- -- -- 96 cb 36 -- -- -- 71 -- 40 -- -- -- -- -- -- -- c8 -- ac -- -- -- 4c 4f d4 -- 8a -- -- a5 -- 58 ec -- -- -- df -- -- -- 16 -- -- -- -- -- 66 -- de -- -- -- -- -- -- -- fb -- 41 -- 6c 1a -- d6 -- 79 -- -- e2 -- -- -- 80 -- -- ed -- -- -- -- -- -- -- b7 -- -- -- -- 47 -- -- -- 8f -- -- fe -- 73 -- -- 98 f0 9e 51 7f -- -- -- c3 78 -- d2 -- -- 9d -- -- -- b0 --  f -- -- -- -- -- -- 1e 69 3c -- -- -- -- -- -- 2c b9 -- -- -- -- -- -- -- -- -- -- cc -- -- -- 6b  d -- -- -- -- -- d7 -- -- -- -- -- -- -- -- 21 -- -- -- 82 e6 -- -- d8 a2 34 eb -- 37 7b e7 -- -- f2 -- -- -- -- 8e 13 2b -- -- -- -- -- c9 

solutions so far:0 maxDepth:10 
iterations:36107898  skipped: 35 
Depth skipped: 
0 0 35 0 0 0 0 0 0 0 0 0 0 0 0 0 0 0 0 0 0 0 0 0 0 0 0 0 0 0 0 0 

running time: 4200 sec
 depth:7
 0  1  2  3  4  5  6  7  8  9  a  b  c  d  e  f 10 11 12 13 14 15 16 17 18 19 1a 1b 1c 1d 1e 1f 20 21 22 23 24 25 26 27 28 29 2a 2b 2c 2d 2e 2f 30 31 32 33 34 35 36 37 38 39 3a 3b 3c 3d 3e 3f 40 41 42 43 44 45 46 47 48 49 4a 4b 4c 4d 4e 4f 50 51 52 53 54 55 56 57 58 59 5a 5b 5c 5d 5e 5f 60 61 62 63 64 65 66 67 68 69 6a 6b 6c 6d 6e 6f 70 71 72 73 74 75 76 77 78 79 7a 7b 7c 7d 7e 7f 80 81 82 83 84 85 86 87 88 89 8a 8b 8c 8d 8e 8f 90 91 92 93 94 95 96 97 98 99 9a 9b 9c 9d 9e 9f a0 a1 a2 a3 a4 a5 a6 a7 a8 a9 aa ab ac ad ae af b0 b1 b2 b3 b4 b5 b6 b7 b8 b9 ba bb bc bd be bf c0 c1 c2 c3 c4 c5 c6 c7 c8 c9 ca cb cc cd ce cf d0 d1 d2 d3 d4 d5 d6 d7 d8 d9 da db dc dd de df e0 e1 e2 e3 e4 e5 e6 e7 e8 e9 ea eb ec ed ee ef f0 f1 f2 f3 f4 f5 f6 f7 f8 f9 fa fb fc fd fe ff 
 0  1  2 68  4 87 d0 bc  8  5 d9  c 77 aa af 2d 10 --  a -- 65 -- 18 a3 ee -- 83 -- 89 7e 5a 4a 20 -- -- -- 14 c2 -- 52 ca e1 -- -- 30 -- 91 --  b -- -- 33 d1 -- -- 85 c5 97 fc a1 b4 -- 94 -- 40 -- -- -- -- -- -- -- 28 -- 53 -- -- -- a4 4f 43 -- 15 -- -- a5 -- 58 60 -- -- -- f5 -- -- -- 16 -- -- -- -- -- 66 -- 75 -- -- c6 -- -- dd da 5d -- f9 -- 2f 1a 95  3 bf 79 -- b6 ff -- -- -- 80 -- -- ed -- -- -- -- -- -- -- b7 -- -- -- -- 50 -- -- -- a6 -- -- db -- f4 -- -- 9f c1 9e 54 86 -- -- -- 2a 8b -- 7a -- -- 9d -- -- -- b0 -- c0 -- -- -- -- -- -- 57 3d ae -- -- -- -- -- -- 2c b9 -- -- -- -- -- -- -- -- -- -- cc -- -- -- ea  d -- -- -- -- 5b d7 -- -- -- -- 6d -- 63 -- ba -- -- -- 25 3f -- -- 5e a8 34 eb fd 55  6 e9 a9 -- f2 -- -- -- bb a0 29 61 -- -- -- -- -- 9b 

solutions so far:0 maxDepth:10 
iterations:39505610  skipped: 40 
Depth skipped: 
0 0 40 0 0 0 0 0 0 0 0 0 0 0 0 0 0 0 0 0 0 0 0 0 0 0 0 0 0 0 0 0 

running time: 4500 sec
 depth:7
 0  1  2  3  4  5  6  7  8  9  a  b  c  d  e  f 10 11 12 13 14 15 16 17 18 19 1a 1b 1c 1d 1e 1f 20 21 22 23 24 25 26 27 28 29 2a 2b 2c 2d 2e 2f 30 31 32 33 34 35 36 37 38 39 3a 3b 3c 3d 3e 3f 40 41 42 43 44 45 46 47 48 49 4a 4b 4c 4d 4e 4f 50 51 52 53 54 55 56 57 58 59 5a 5b 5c 5d 5e 5f 60 61 62 63 64 65 66 67 68 69 6a 6b 6c 6d 6e 6f 70 71 72 73 74 75 76 77 78 79 7a 7b 7c 7d 7e 7f 80 81 82 83 84 85 86 87 88 89 8a 8b 8c 8d 8e 8f 90 91 92 93 94 95 96 97 98 99 9a 9b 9c 9d 9e 9f a0 a1 a2 a3 a4 a5 a6 a7 a8 a9 aa ab ac ad ae af b0 b1 b2 b3 b4 b5 b6 b7 b8 b9 ba bb bc bd be bf c0 c1 c2 c3 c4 c5 c6 c7 c8 c9 ca cb cc cd ce cf d0 d1 d2 d3 d4 d5 d6 d7 d8 d9 da db dc dd de df e0 e1 e2 e3 e4 e5 e6 e7 e8 e9 ea eb ec ed ee ef f0 f1 f2 f3 f4 f5 f6 f7 f8 f9 fa fb fc fd fe ff 
 0  1  2 68  4 7b d0 ae  8 39 f6 97 77 e9 8b 4c 10 -- 72 -- 3b -- f9 d1 ee --  5 -- c1 30 98 9c 20 -- -- -- e4 78 -- 24 76 dc -- -- 25 -- 75 --  b -- -- 33  a -- -- 64 55 f8 60 e2 e7 -- ef -- 40 -- -- -- -- -- -- -- 1f -- f0 -- -- -- 48 4f ec -- 6f -- -- a5 -- 58 4a -- -- -- ea -- -- -- 16 -- -- -- -- -- 66 -- 14 -- -- 41 -- -- c8 8e aa -- 27 -- c0 1a 13 50 19 79 -- d3  9 -- -- -- 80 -- -- ed -- -- -- -- -- -- -- b7 -- -- -- -- 3e -- -- -- 37 -- -- 1e --  c -- -- 90 a4 9e 6b  f -- -- -- de 52 --  6 -- -- 9d -- -- -- b0 -- 94 -- -- -- -- -- -- ff  3 29 -- -- -- -- -- -- 2c b9 -- -- -- -- -- -- -- -- -- -- cc -- -- -- 28  d -- -- -- -- 82 d7 -- -- -- -- 47 -- cb -- 83 -- -- -- 4e 18 -- -- 57 d6 34 eb 26 9f a0 f7 32 -- f2 -- -- -- 71 7c 12 3c -- -- -- -- -- 6e 

solutions so far:0 maxDepth:10 
iterations:43146065  skipped: 44 
Depth skipped: 
0 0 44 0 0 0 0 0 0 0 0 0 0 0 0 0 0 0 0 0 0 0 0 0 0 0 0 0 0 0 0 0 

running time: 4800 sec
 depth:6
 0  1  2  3  4  5  6  7  8  9  a  b  c  d  e  f 10 11 12 13 14 15 16 17 18 19 1a 1b 1c 1d 1e 1f 20 21 22 23 24 25 26 27 28 29 2a 2b 2c 2d 2e 2f 30 31 32 33 34 35 36 37 38 39 3a 3b 3c 3d 3e 3f 40 41 42 43 44 45 46 47 48 49 4a 4b 4c 4d 4e 4f 50 51 52 53 54 55 56 57 58 59 5a 5b 5c 5d 5e 5f 60 61 62 63 64 65 66 67 68 69 6a 6b 6c 6d 6e 6f 70 71 72 73 74 75 76 77 78 79 7a 7b 7c 7d 7e 7f 80 81 82 83 84 85 86 87 88 89 8a 8b 8c 8d 8e 8f 90 91 92 93 94 95 96 97 98 99 9a 9b 9c 9d 9e 9f a0 a1 a2 a3 a4 a5 a6 a7 a8 a9 aa ab ac ad ae af b0 b1 b2 b3 b4 b5 b6 b7 b8 b9 ba bb bc bd be bf c0 c1 c2 c3 c4 c5 c6 c7 c8 c9 ca cb cc cd ce cf d0 d1 d2 d3 d4 d5 d6 d7 d8 d9 da db dc dd de df e0 e1 e2 e3 e4 e5 e6 e7 e8 e9 ea eb ec ed ee ef f0 f1 f2 f3 f4 f5 f6 f7 f8 f9 fa fb fc fd fe ff 
 0  1  2 68  4 72 d0 87  8 51 e4  f 77 6b d9 -- 10 -- a2 -- 1f -- 1e db ee -- d6 -- 65 15 -- 2b 20 -- -- -- 93 9c -- c9 3e 24 -- -- 3c -- 61 --  b -- -- 33 7b -- -- -- ca d4 2a -- -- -- 56 -- 40 -- -- -- -- -- -- -- f1 -- ef -- -- -- 45 4f 7c -- 48 -- -- a5 -- 58 78 -- -- -- c2 -- -- -- 16 -- -- -- -- -- 66 -- f6 -- -- -- -- -- -- -- 43 -- 7f -- 54 1a -- 76 -- 79 -- -- ac -- -- -- 80 -- -- ed -- -- -- -- -- -- -- b7 -- -- -- -- 35 -- -- --  9 -- -- 27 -- 9b -- -- 8a 6f 9e f7 f8 -- -- -- 90 dc -- a6 -- -- 9d -- -- -- b0 -- f0 -- -- -- -- -- -- 37 53 6e -- -- -- -- -- -- 2c b9 -- -- -- -- -- -- -- -- -- -- cc -- -- -- 3b  d -- -- -- -- -- d7 -- -- -- -- -- -- -- -- 86 -- -- -- fe e1 -- -- a8 39 34 eb -- de ec c3 -- -- f2 -- -- -- -- 6a 8f 4e -- -- -- -- -- 12 

solutions so far:0 maxDepth:10 
iterations:46842570  skipped: 46 
Depth skipped: 
0 0 46 0 0 0 0 0 0 0 0 0 0 0 0 0 0 0 0 0 0 0 0 0 0 0 0 0 0 0 0 0 

running time: 5100 sec
 depth:6
 0  1  2  3  4  5  6  7  8  9  a  b  c  d  e  f 10 11 12 13 14 15 16 17 18 19 1a 1b 1c 1d 1e 1f 20 21 22 23 24 25 26 27 28 29 2a 2b 2c 2d 2e 2f 30 31 32 33 34 35 36 37 38 39 3a 3b 3c 3d 3e 3f 40 41 42 43 44 45 46 47 48 49 4a 4b 4c 4d 4e 4f 50 51 52 53 54 55 56 57 58 59 5a 5b 5c 5d 5e 5f 60 61 62 63 64 65 66 67 68 69 6a 6b 6c 6d 6e 6f 70 71 72 73 74 75 76 77 78 79 7a 7b 7c 7d 7e 7f 80 81 82 83 84 85 86 87 88 89 8a 8b 8c 8d 8e 8f 90 91 92 93 94 95 96 97 98 99 9a 9b 9c 9d 9e 9f a0 a1 a2 a3 a4 a5 a6 a7 a8 a9 aa ab ac ad ae af b0 b1 b2 b3 b4 b5 b6 b7 b8 b9 ba bb bc bd be bf c0 c1 c2 c3 c4 c5 c6 c7 c8 c9 ca cb cc cd ce cf d0 d1 d2 d3 d4 d5 d6 d7 d8 d9 da db dc dd de df e0 e1 e2 e3 e4 e5 e6 e7 e8 e9 ea eb ec ed ee ef f0 f1 f2 f3 f4 f5 f6 f7 f8 f9 fa fb fc fd fe ff 
 0  1  2 68  4 6c d0 25  8 2a d8 11 77 bd 4a -- 10 -- 54 -- 67 -- 22 a4 ee -- ad -- 94 50 -- db 20 -- -- -- a8 42 -- a6 ce d2 -- -- 44 -- 9f --  b -- -- 33 8d -- -- -- ff ca a0 -- -- -- 61 -- 40 -- -- -- -- -- -- -- 87 -- 84 -- -- -- 9b 4f 4b -- 73 -- -- a5 -- 58 88 -- -- -- e9 -- -- -- 16 -- -- -- -- -- 66 -- cd -- -- -- -- -- -- -- 29 -- 43 -- 97 1a -- 9a -- 79 -- -- c2 -- -- -- 80 -- -- ed -- -- -- -- -- -- -- b7 -- -- -- -- d9 -- -- -- df -- -- fb -- 14 -- -- e1 b1 9e 1b 96 -- -- -- e6 b3 --  a -- -- 9d -- -- -- b0 -- c7 -- -- -- -- -- -- 59  5 b2 -- -- -- -- -- -- 2c b9 -- -- -- -- -- -- -- -- -- -- cc -- -- -- 4d  d -- -- -- -- -- d7 -- -- -- -- -- -- -- -- 52 -- -- -- 86 28 -- -- f9 36 34 eb -- b5 e3 15 -- -- f2 -- -- -- -- 65 53 21 -- -- -- -- -- 69 

solutions so far:0 maxDepth:10 
iterations:49845803  skipped: 47 
Depth skipped: 
0 0 47 0 0 0 0 0 0 0 0 0 0 0 0 0 0 0 0 0 0 0 0 0 0 0 0 0 0 0 0 0 

running time: 5400 sec
 depth:7
 0  1  2  3  4  5  6  7  8  9  a  b  c  d  e  f 10 11 12 13 14 15 16 17 18 19 1a 1b 1c 1d 1e 1f 20 21 22 23 24 25 26 27 28 29 2a 2b 2c 2d 2e 2f 30 31 32 33 34 35 36 37 38 39 3a 3b 3c 3d 3e 3f 40 41 42 43 44 45 46 47 48 49 4a 4b 4c 4d 4e 4f 50 51 52 53 54 55 56 57 58 59 5a 5b 5c 5d 5e 5f 60 61 62 63 64 65 66 67 68 69 6a 6b 6c 6d 6e 6f 70 71 72 73 74 75 76 77 78 79 7a 7b 7c 7d 7e 7f 80 81 82 83 84 85 86 87 88 89 8a 8b 8c 8d 8e 8f 90 91 92 93 94 95 96 97 98 99 9a 9b 9c 9d 9e 9f a0 a1 a2 a3 a4 a5 a6 a7 a8 a9 aa ab ac ad ae af b0 b1 b2 b3 b4 b5 b6 b7 b8 b9 ba bb bc bd be bf c0 c1 c2 c3 c4 c5 c6 c7 c8 c9 ca cb cc cd ce cf d0 d1 d2 d3 d4 d5 d6 d7 d8 d9 da db dc dd de df e0 e1 e2 e3 e4 e5 e6 e7 e8 e9 ea eb ec ed ee ef f0 f1 f2 f3 f4 f5 f6 f7 f8 f9 fa fb fc fd fe ff 
 0  1  2 68  4 62 d0 3a  8 51 c4 4a 77 14 74 22 10 -- a2 -- 5f -- 94 38 ee -- 28 -- e8 a7 44 2b 20 -- -- -- 93 fa -- c9 be cf -- -- ff -- 70 --  b -- -- 33 50 -- -- b2  7 d4 99 9a 88 -- 56 -- 40 -- -- -- -- -- -- -- f1 -- 23 -- -- -- 45 4f ab -- 49 -- -- a5 -- 58 29 -- -- -- e0 -- -- -- 16 -- -- -- -- -- 66 -- a0 -- -- ad -- -- b3 b5  e -- 7f -- e5 1a e3 f9 c7 79 -- cd ac -- -- -- 80 -- -- ed -- -- -- -- -- -- -- b7 -- -- -- -- 35 -- -- -- 46 -- -- d5 -- 5c -- -- 8a  5 9e f3 81 -- -- -- 92 e9 -- 2e -- -- 9d -- -- -- b0 -- 52 -- -- -- -- -- -- a4 17 9f -- -- -- -- -- -- 2c b9 -- -- -- -- -- -- -- -- -- -- cc -- -- -- 97  d -- -- -- -- 8d d7 -- -- -- -- b1 -- bd -- 1c -- -- -- fe b8 -- -- 1d 31 34 eb 11  a 25 c3 59 -- f2 -- -- -- 4d 6a 8f 7d -- -- -- -- -- 8c 

solutions so far:0 maxDepth:10 
iterations:53231978  skipped: 50 
Depth skipped: 
0 0 50 0 0 0 0 0 0 0 0 0 0 0 0 0 0 0 0 0 0 0 0 0 0 0 0 0 0 0 0 0 

running time: 5700 sec
 depth:7
 0  1  2  3  4  5  6  7  8  9  a  b  c  d  e  f 10 11 12 13 14 15 16 17 18 19 1a 1b 1c 1d 1e 1f 20 21 22 23 24 25 26 27 28 29 2a 2b 2c 2d 2e 2f 30 31 32 33 34 35 36 37 38 39 3a 3b 3c 3d 3e 3f 40 41 42 43 44 45 46 47 48 49 4a 4b 4c 4d 4e 4f 50 51 52 53 54 55 56 57 58 59 5a 5b 5c 5d 5e 5f 60 61 62 63 64 65 66 67 68 69 6a 6b 6c 6d 6e 6f 70 71 72 73 74 75 76 77 78 79 7a 7b 7c 7d 7e 7f 80 81 82 83 84 85 86 87 88 89 8a 8b 8c 8d 8e 8f 90 91 92 93 94 95 96 97 98 99 9a 9b 9c 9d 9e 9f a0 a1 a2 a3 a4 a5 a6 a7 a8 a9 aa ab ac ad ae af b0 b1 b2 b3 b4 b5 b6 b7 b8 b9 ba bb bc bd be bf c0 c1 c2 c3 c4 c5 c6 c7 c8 c9 ca cb cc cd ce cf d0 d1 d2 d3 d4 d5 d6 d7 d8 d9 da db dc dd de df e0 e1 e2 e3 e4 e5 e6 e7 e8 e9 ea eb ec ed ee ef f0 f1 f2 f3 f4 f5 f6 f7 f8 f9 fa fb fc fd fe ff 
 0  1  2 68  4 55 d0 f4  8 b6 aa 6c 77 df 3f b3 10 -- bb -- 83 -- d8 bc ee -- 69 -- 7e 91 b1 a9 20 -- -- -- a1  c -- da d1 c0 -- -- 67 -- af --  b -- -- 33 d2 -- -- 8d fc 5a f5 c7 b5 -- 85 -- 40 -- -- -- -- -- -- -- 95 -- 18 -- -- -- 63 4f 75 -- 57 -- -- a5 -- 58 ce -- -- -- 89 -- -- -- 16 -- -- -- -- -- 66 -- 73 -- -- 11 -- -- cd 9a 2f -- b4 -- 3d 1a 59 1b bd 79 -- 44 dd -- -- -- 80 -- -- ed -- -- -- -- -- -- -- b7 -- -- -- -- fd -- -- -- 30 -- --  3 -- ba -- -- c6 42 9e 8b ea -- -- -- ae 21 -- 5d -- -- 9d -- -- -- b0 -- 4b -- -- -- -- -- -- 96 c5 fb -- -- -- -- -- -- 2c b9 -- -- -- -- -- -- -- -- -- -- cc -- -- -- e6  d -- -- -- -- 22 d7 -- -- -- -- 4d -- e3 -- 5e -- -- -- bf a3 -- -- 7a c1 34 eb b2 84 36 5b ad -- f2 -- -- -- 88 2d 6d  6 -- -- -- -- -- 60 

solutions so far:0 maxDepth:10 
iterations:56988262  skipped: 55 
Depth skipped: 
0 0 55 0 0 0 0 0 0 0 0 0 0 0 0 0 0 0 0 0 0 0 0 0 0 0 0 0 0 0 0 0 

running time: 6000 sec
 depth:7
 0  1  2  3  4  5  6  7  8  9  a  b  c  d  e  f 10 11 12 13 14 15 16 17 18 19 1a 1b 1c 1d 1e 1f 20 21 22 23 24 25 26 27 28 29 2a 2b 2c 2d 2e 2f 30 31 32 33 34 35 36 37 38 39 3a 3b 3c 3d 3e 3f 40 41 42 43 44 45 46 47 48 49 4a 4b 4c 4d 4e 4f 50 51 52 53 54 55 56 57 58 59 5a 5b 5c 5d 5e 5f 60 61 62 63 64 65 66 67 68 69 6a 6b 6c 6d 6e 6f 70 71 72 73 74 75 76 77 78 79 7a 7b 7c 7d 7e 7f 80 81 82 83 84 85 86 87 88 89 8a 8b 8c 8d 8e 8f 90 91 92 93 94 95 96 97 98 99 9a 9b 9c 9d 9e 9f a0 a1 a2 a3 a4 a5 a6 a7 a8 a9 aa ab ac ad ae af b0 b1 b2 b3 b4 b5 b6 b7 b8 b9 ba bb bc bd be bf c0 c1 c2 c3 c4 c5 c6 c7 c8 c9 ca cb cc cd ce cf d0 d1 d2 d3 d4 d5 d6 d7 d8 d9 da db dc dd de df e0 e1 e2 e3 e4 e5 e6 e7 e8 e9 ea eb ec ed ee ef f0 f1 f2 f3 f4 f5 f6 f7 f8 f9 fa fb fc fd fe ff 
 0  1  2 68  4 46 d0 e1  8 ba 8c ff 77 50 15 b3 10 -- a3 -- cf -- 29 d9 ee -- a0 -- 2a c2 b1 fc 20 -- -- -- 91 c4 -- af 49 81 -- -- 52 -- 65 --  b -- -- 33 97 -- -- 8d 54 f4 53 c7 b5 -- 2f -- 40 -- -- -- -- -- -- -- f5 -- 5f -- -- -- 89 4f 92 -- d5 -- -- a5 -- 58 a4 -- -- -- ca -- -- -- 16 -- -- -- -- -- 66 -- f9 -- -- 11 -- -- cd 9a a8 -- 3f -- a6 1a 59 4a bd 79 -- 44 5e -- -- -- 80 -- -- ed -- -- -- -- -- -- -- b7 -- -- -- -- 3d -- -- -- be -- -- 31 -- db -- -- c5 14 9e fa f3 -- -- -- 7d  a -- 86 -- -- 9d -- -- -- b0 -- 9f -- -- -- -- -- -- e9 43  5 -- -- -- -- -- -- 2c b9 -- -- -- -- -- -- -- -- -- -- cc -- -- -- 25  d -- -- -- -- 22 d7 -- -- -- -- 4d -- e3 -- 87 -- -- -- 7e 61 -- -- 9b 23 34 eb b2 28 94 5d ad -- f2 -- -- -- 88 7a bc 62 -- -- -- -- -- ab 

solutions so far:0 maxDepth:10 
iterations:61396996  skipped: 61 
Depth skipped: 
0 0 61 0 0 0 0 0 0 0 0 0 0 0 0 0 0 0 0 0 0 0 0 0 0 0 0 0 0 0 0 0 

running time: 6300 sec
 depth:6
 0  1  2  3  4  5  6  7  8  9  a  b  c  d  e  f 10 11 12 13 14 15 16 17 18 19 1a 1b 1c 1d 1e 1f 20 21 22 23 24 25 26 27 28 29 2a 2b 2c 2d 2e 2f 30 31 32 33 34 35 36 37 38 39 3a 3b 3c 3d 3e 3f 40 41 42 43 44 45 46 47 48 49 4a 4b 4c 4d 4e 4f 50 51 52 53 54 55 56 57 58 59 5a 5b 5c 5d 5e 5f 60 61 62 63 64 65 66 67 68 69 6a 6b 6c 6d 6e 6f 70 71 72 73 74 75 76 77 78 79 7a 7b 7c 7d 7e 7f 80 81 82 83 84 85 86 87 88 89 8a 8b 8c 8d 8e 8f 90 91 92 93 94 95 96 97 98 99 9a 9b 9c 9d 9e 9f a0 a1 a2 a3 a4 a5 a6 a7 a8 a9 aa ab ac ad ae af b0 b1 b2 b3 b4 b5 b6 b7 b8 b9 ba bb bc bd be bf c0 c1 c2 c3 c4 c5 c6 c7 c8 c9 ca cb cc cd ce cf d0 d1 d2 d3 d4 d5 d6 d7 d8 d9 da db dc dd de df e0 e1 e2 e3 e4 e5 e6 e7 e8 e9 ea eb ec ed ee ef f0 f1 f2 f3 f4 f5 f6 f7 f8 f9 fa fb fc fd fe ff 
 0  1  2 68  4 3b d0 ea  8 41 76 23 77 5f  3 -- 10 -- 82 -- ec -- 46 60 ee -- be --  6 aa -- e7 20 -- -- -- d3 37 -- c8  f de -- -- 8c -- c0 --  b -- -- 33 ab -- -- --  c 26 83 -- -- -- 19 -- 40 -- -- -- -- -- -- -- 71 -- 6e -- -- -- 47 4f 1e -- 6b -- -- a5 -- 58 cf -- -- -- 57 -- -- -- 16 -- -- -- -- -- 66 -- 81 -- -- -- -- -- -- -- 18 -- 4c -- d1 1a -- 7d -- 79 -- -- 32 -- -- -- 80 -- -- ed -- -- -- -- -- -- -- b7 -- -- -- -- e2 -- -- -- dc -- -- 78 -- c1 -- -- 8e 62 9e 7b 3c -- -- -- d6 31 -- 8b -- -- 9d -- -- -- b0 -- 49 -- -- -- -- -- -- 92 ae f3 -- -- -- -- -- -- 2c b9 -- -- -- -- -- -- -- -- -- -- cc -- -- -- d5  d -- -- -- -- -- d7 -- -- -- -- -- -- -- -- 30 -- -- -- 98 55 -- -- 75 f6 34 eb -- c4 fa cb -- -- f2 -- -- -- -- 13 64 f0 -- -- -- -- -- 6f 

solutions so far:0 maxDepth:10 
iterations:64916781  skipped: 65 
Depth skipped: 
0 0 65 0 0 0 0 0 0 0 0 0 0 0 0 0 0 0 0 0 0 0 0 0 0 0 0 0 0 0 0 0 

running time: 6600 sec
 depth:8
 0  1  2  3  4  5  6  7  8  9  a  b  c  d  e  f 10 11 12 13 14 15 16 17 18 19 1a 1b 1c 1d 1e 1f 20 21 22 23 24 25 26 27 28 29 2a 2b 2c 2d 2e 2f 30 31 32 33 34 35 36 37 38 39 3a 3b 3c 3d 3e 3f 40 41 42 43 44 45 46 47 48 49 4a 4b 4c 4d 4e 4f 50 51 52 53 54 55 56 57 58 59 5a 5b 5c 5d 5e 5f 60 61 62 63 64 65 66 67 68 69 6a 6b 6c 6d 6e 6f 70 71 72 73 74 75 76 77 78 79 7a 7b 7c 7d 7e 7f 80 81 82 83 84 85 86 87 88 89 8a 8b 8c 8d 8e 8f 90 91 92 93 94 95 96 97 98 99 9a 9b 9c 9d 9e 9f a0 a1 a2 a3 a4 a5 a6 a7 a8 a9 aa ab ac ad ae af b0 b1 b2 b3 b4 b5 b6 b7 b8 b9 ba bb bc bd be bf c0 c1 c2 c3 c4 c5 c6 c7 c8 c9 ca cb cc cd ce cf d0 d1 d2 d3 d4 d5 d6 d7 d8 d9 da db dc dd de df e0 e1 e2 e3 e4 e5 e6 e7 e8 e9 ea eb ec ed ee ef f0 f1 f2 f3 f4 f5 f6 f7 f8 f9 fa fb fc fd fe ff 
 0  1  2 68  4 2e d0 7f  8 21 5c ff 77 50 fe b4 10 f7 42 -- b8 -- 29 c9 ee -- a0 -- 2b f1 bf 36 20 -- 39 -- 84 74 -- ce a7 1c -- -- 52 -- 45 --  b -- -- 33 97 -- -- 6d 56 73 35 fd a9 -- 6c -- 40 -- -- -- 72 -- -- -- df -- e8 -- -- 24 4b 4f 99 -- 38 -- -- a5 -- 58 a4 3e -- -- 8a -- -- -- 16 -- -- -- -- -- 66 -- f9 -- -- b6 -- -- da c6 ac -- e6 -- 6a 1a 2d 4a 85 79 -- a1 d8 -- -- -- 80 -- -- ed -- -- -- -- e4 -- -- b7 --  9 -- -- 69 -- -- --  7 -- -- 1d -- a2 48 -- 96 14 9e e0 e5 -- -- -- 70  a -- 51 -- -- 9d -- -- ef b0 -- 9f 27 7c f8 -- 4e -- e9 c3  5 -- -- -- 9c -- -- 2c b9 -- -- -- -- -- 1f -- -- -- -- cc 12 -- -- 25  d -- -- -- -- bb d7 -- -- -- -- 63 -- 5b -- 8f -- -- 90 1b 93 -- -- d4 17 34 eb 5a 28 94 fb dd -- f2 -- -- -- 95 d2 67 3a -- -- -- -- --  e 

solutions so far:0 maxDepth:10 
iterations:68840739  skipped: 69 
Depth skipped: 
0 0 69 0 0 0 0 0 0 0 0 0 0 0 0 0 0 0 0 0 0 0 0 0 0 0 0 0 0 0 0 0 

running time: 6900 sec
 depth:5
 0  1  2  3  4  5  6  7  8  9  a  b  c  d  e  f 10 11 12 13 14 15 16 17 18 19 1a 1b 1c 1d 1e 1f 20 21 22 23 24 25 26 27 28 29 2a 2b 2c 2d 2e 2f 30 31 32 33 34 35 36 37 38 39 3a 3b 3c 3d 3e 3f 40 41 42 43 44 45 46 47 48 49 4a 4b 4c 4d 4e 4f 50 51 52 53 54 55 56 57 58 59 5a 5b 5c 5d 5e 5f 60 61 62 63 64 65 66 67 68 69 6a 6b 6c 6d 6e 6f 70 71 72 73 74 75 76 77 78 79 7a 7b 7c 7d 7e 7f 80 81 82 83 84 85 86 87 88 89 8a 8b 8c 8d 8e 8f 90 91 92 93 94 95 96 97 98 99 9a 9b 9c 9d 9e 9f a0 a1 a2 a3 a4 a5 a6 a7 a8 a9 aa ab ac ad ae af b0 b1 b2 b3 b4 b5 b6 b7 b8 b9 ba bb bc bd be bf c0 c1 c2 c3 c4 c5 c6 c7 c8 c9 ca cb cc cd ce cf d0 d1 d2 d3 d4 d5 d6 d7 d8 d9 da db dc dd de df e0 e1 e2 e3 e4 e5 e6 e7 e8 e9 ea eb ec ed ee ef f0 f1 f2 f3 f4 f5 f6 f7 f8 f9 fa fb fc fd fe ff 
 0  1  2 68  4 22 d0 6f  8 30 44 -- 77 -- de -- 10 -- 60 -- 88 -- -- 3b ee -- -- -- 6b f0 -- 83 20 -- -- -- c0 b5 --  3 c7 cd -- -- -- -- 76 --  b -- -- 33 -- -- -- -- d6 c1 37 -- -- -- d1 -- 40 -- -- -- -- -- -- -- 57 -- bd -- -- --  6 4f 59 -- 4d -- -- a5 -- 58 -- -- -- -- ec -- -- -- 16 -- -- -- -- -- 66 -- -- -- -- -- -- -- -- -- 7b -- 55 -- 6e 1a -- -- -- 79 -- -- 75 -- -- -- 80 -- -- ed -- -- -- -- -- -- -- b7 -- -- -- -- ae -- -- -- ad -- -- b3 -- 3c -- --  c -- 9e e3 b2 -- -- -- 9a -- -- 1e -- -- 9d -- -- -- b0 -- -- -- -- -- -- -- -- --  f -- -- -- -- -- -- -- 2c b9 -- -- -- -- -- -- -- -- -- -- cc -- -- -- --  d -- -- -- -- -- d7 -- -- -- -- -- -- -- -- f6 -- -- -- aa 78 -- -- dc 11 34 eb -- -- -- 18 -- -- f2 -- -- -- -- 8b ea b1 -- -- -- -- -- 8d 

solutions so far:0 maxDepth:10 
iterations:73042632  skipped: 73 
Depth skipped: 
0 0 73 0 0 0 0 0 0 0 0 0 0 0 0 0 0 0 0 0 0 0 0 0 0 0 0 0 0 0 0 0 

running time: 7200 sec
 depth:7
 0  1  2  3  4  5  6  7  8  9  a  b  c  d  e  f 10 11 12 13 14 15 16 17 18 19 1a 1b 1c 1d 1e 1f 20 21 22 23 24 25 26 27 28 29 2a 2b 2c 2d 2e 2f 30 31 32 33 34 35 36 37 38 39 3a 3b 3c 3d 3e 3f 40 41 42 43 44 45 46 47 48 49 4a 4b 4c 4d 4e 4f 50 51 52 53 54 55 56 57 58 59 5a 5b 5c 5d 5e 5f 60 61 62 63 64 65 66 67 68 69 6a 6b 6c 6d 6e 6f 70 71 72 73 74 75 76 77 78 79 7a 7b 7c 7d 7e 7f 80 81 82 83 84 85 86 87 88 89 8a 8b 8c 8d 8e 8f 90 91 92 93 94 95 96 97 98 99 9a 9b 9c 9d 9e 9f a0 a1 a2 a3 a4 a5 a6 a7 a8 a9 aa ab ac ad ae af b0 b1 b2 b3 b4 b5 b6 b7 b8 b9 ba bb bc bd be bf c0 c1 c2 c3 c4 c5 c6 c7 c8 c9 ca cb cc cd ce cf d0 d1 d2 d3 d4 d5 d6 d7 d8 d9 da db dc dd de df e0 e1 e2 e3 e4 e5 e6 e7 e8 e9 ea eb ec ed ee ef f0 f1 f2 f3 f4 f5 f6 f7 f8 f9 fa fb fc fd fe ff 
 0  1  2 68  4  e d0 1b  8 78 1c  a 77 ff 36 6d 10 -- f0 -- 38 -- 14 4b ee -- 29 -- 6c 69 da 7b 20 -- -- -- 37 b8 -- ec 70 1d -- -- 28 -- 96 --  b -- -- 33 52 -- -- b6 d8 de d2 a9 63 -- f6 -- 40 -- -- -- -- -- -- -- 6e -- a7 -- -- --  f 4f e0 -- 3a -- -- a5 -- 58 50 -- -- -- fb -- -- -- 16 -- -- -- -- -- 66 -- a4 -- -- 2d -- -- bb 95 67 -- 6b -- 73 1a 85 e9 c6 79 -- b4 3b -- -- -- 80 -- -- ed -- -- -- -- -- -- -- b7 -- -- -- -- dc -- -- -- 99 -- -- 2e -- 84 -- -- 1e 4a 9e e8 17 -- -- -- 74 25 -- 42 -- -- 9d -- -- -- b0 -- a0 -- -- -- -- -- -- 97 21 f9 -- -- -- -- -- -- 2c b9 -- -- -- -- -- -- -- -- -- -- cc -- -- -- 9f  d -- -- -- -- 5a d7 -- -- -- -- a1 -- fd -- ce -- -- -- d6 df -- -- e6  7 34 eb dd 94  5 3c 5b -- f2 -- -- -- bf 6f 76 5c -- -- -- -- -- e5 

solutions so far:0 maxDepth:10 
iterations:77312978  skipped: 78 
Depth skipped: 
0 0 78 0 0 0 0 0 0 0 0 0 0 0 0 0 0 0 0 0 0 0 0 0 0 0 0 0 0 0 0 0 

running time: 7500 sec

Finished. Total running time: 7649 sec
