Search S-boxes invariant for matrix: 
{0x00,0x02,0x04,0x06,0x08,0x0a,0x0c,0x0e,0x10,0x12,0x14,0x16,0x18,0x1a,0x1c,0x1e,0x20,0x22,0x24,0x26,0x28,0x2a,0x2c,0x2e,0x30,0x32,0x34,0x36,0x38,0x3a,0x3c,0x3e,0x40,0x42,0x44,0x46,0x48,0x4a,0x4c,0x4e,0x50,0x52,0x54,0x56,0x58,0x5a,0x5c,0x5e,0x60,0x62,0x64,0x66,0x68,0x6a,0x6c,0x6e,0x70,0x72,0x74,0x76,0x78,0x7a,0x7c,0x7e,0x80,0x82,0x84,0x86,0x88,0x8a,0x8c,0x8e,0x90,0x92,0x94,0x96,0x98,0x9a,0x9c,0x9e,0xa0,0xa2,0xa4,0xa6,0xa8,0xaa,0xac,0xae,0xb0,0xb2,0xb4,0xb6,0xb8,0xba,0xbc,0xbe,0xc0,0xc2,0xc4,0xc6,0xc8,0xca,0xcc,0xce,0xd0,0xd2,0xd4,0xd6,0xd8,0xda,0xdc,0xde,0xe0,0xe2,0xe4,0xe6,0xe8,0xea,0xec,0xee,0xf0,0xf2,0xf4,0xf6,0xf8,0xfa,0xfc,0xfe,0xd7,0xd5,0xd3,0xd1,0xdf,0xdd,0xdb,0xd9,0xc7,0xc5,0xc3,0xc1,0xcf,0xcd,0xcb,0xc9,0xf7,0xf5,0xf3,0xf1,0xff,0xfd,0xfb,0xf9,0xe7,0xe5,0xe3,0xe1,0xef,0xed,0xeb,0xe9,0x97,0x95,0x93,0x91,0x9f,0x9d,0x9b,0x99,0x87,0x85,0x83,0x81,0x8f,0x8d,0x8b,0x89,0xb7,0xb5,0xb3,0xb1,0xbf,0xbd,0xbb,0xb9,0xa7,0xa5,0xa3,0xa1,0xaf,0xad,0xab,0xa9,0x57,0x55,0x53,0x51,0x5f,0x5d,0x5b,0x59,0x47,0x45,0x43,0x41,0x4f,0x4d,0x4b,0x49,0x77,0x75,0x73,0x71,0x7f,0x7d,0x7b,0x79,0x67,0x65,0x63,0x61,0x6f,0x6d,0x6b,0x69,0x17,0x15,0x13,0x11,0x1f,0x1d,0x1b,0x19,0x07,0x05,0x03,0x01,0x0f,0x0d,0x0b,0x09,0x37,0x35,0x33,0x31,0x3f,0x3d,0x3b,0x39,0x27,0x25,0x23,0x21,0x2f,0x2d,0x2b,0x29};



 depth:6
 0  1  2  3  4  5  6  7  8  9  a  b  c  d  e  f 10 11 12 13 14 15 16 17 18 19 1a 1b 1c 1d 1e 1f 20 21 22 23 24 25 26 27 28 29 2a 2b 2c 2d 2e 2f 30 31 32 33 34 35 36 37 38 39 3a 3b 3c 3d 3e 3f 40 41 42 43 44 45 46 47 48 49 4a 4b 4c 4d 4e 4f 50 51 52 53 54 55 56 57 58 59 5a 5b 5c 5d 5e 5f 60 61 62 63 64 65 66 67 68 69 6a 6b 6c 6d 6e 6f 70 71 72 73 74 75 76 77 78 79 7a 7b 7c 7d 7e 7f 80 81 82 83 84 85 86 87 88 89 8a 8b 8c 8d 8e 8f 90 91 92 93 94 95 96 97 98 99 9a 9b 9c 9d 9e 9f a0 a1 a2 a3 a4 a5 a6 a7 a8 a9 aa ab ac ad ae af b0 b1 b2 b3 b4 b5 b6 b7 b8 b9 ba bb bc bd be bf c0 c1 c2 c3 c4 c5 c6 c7 c8 c9 ca cb cc cd ce cf d0 d1 d2 d3 d4 d5 d6 d7 d8 d9 da db dc dd de df e0 e1 e2 e3 e4 e5 e6 e7 e8 e9 ea eb ec ed ee ef f0 f1 f2 f3 f4 f5 f6 f7 f8 f9 fa fb fc fd fe ff 
 0  1  2 69  4 f5 d2 6a  8 88 3d f3 73 fa d4 -- 10 -- c7 -- 7a -- 31 ac e6 -- 23 -- 7f a2 -- 8d 20 -- -- -- 59 5e -- e3 f4 c5 -- -- 62 -- 8f -- 1b -- -- 33 46 -- -- -- fe b5 93 -- -- -- cd -- 40 -- -- -- -- -- -- -- b2 -- bc -- -- -- 11 4f 3f -- 5d -- -- 96 -- d8 c4 -- -- -- c9 -- -- -- 36 -- -- -- -- -- 66 -- 8c -- -- -- -- -- -- -- 2b -- bd -- f1 84 -- 49 -- 79 -- -- 4d -- -- -- 80 -- -- 21 -- -- -- -- -- -- -- ce -- -- -- -- b3 -- -- -- af -- -- fc -- c3 -- -- 22 d5 9e a3 7e -- -- -- ba 81 -- 8a -- -- fb -- -- -- 67 -- 5f -- -- -- -- -- -- be 45 ab -- -- -- -- -- -- 6c 4b -- -- -- -- -- -- -- -- -- -- cc -- -- -- cf 42 -- -- -- -- -- d7 -- -- -- -- -- -- -- -- 56 -- -- -- ad 51 -- -- 35 91 df eb -- 7d 92 44 -- -- f2 -- -- -- -- b1 9a 2f -- -- -- -- -- 89 

solutions so far:0 maxDepth:10 
iterations:1859875  skipped: 5 
Depth skipped: 
0 0 5 0 0 0 0 0 0 0 0 0 0 0 0 0 0 0 0 0 0 0 0 0 0 0 0 0 0 0 0 0 

running time: 300 sec
 depth:6
 0  1  2  3  4  5  6  7  8  9  a  b  c  d  e  f 10 11 12 13 14 15 16 17 18 19 1a 1b 1c 1d 1e 1f 20 21 22 23 24 25 26 27 28 29 2a 2b 2c 2d 2e 2f 30 31 32 33 34 35 36 37 38 39 3a 3b 3c 3d 3e 3f 40 41 42 43 44 45 46 47 48 49 4a 4b 4c 4d 4e 4f 50 51 52 53 54 55 56 57 58 59 5a 5b 5c 5d 5e 5f 60 61 62 63 64 65 66 67 68 69 6a 6b 6c 6d 6e 6f 70 71 72 73 74 75 76 77 78 79 7a 7b 7c 7d 7e 7f 80 81 82 83 84 85 86 87 88 89 8a 8b 8c 8d 8e 8f 90 91 92 93 94 95 96 97 98 99 9a 9b 9c 9d 9e 9f a0 a1 a2 a3 a4 a5 a6 a7 a8 a9 aa ab ac ad ae af b0 b1 b2 b3 b4 b5 b6 b7 b8 b9 ba bb bc bd be bf c0 c1 c2 c3 c4 c5 c6 c7 c8 c9 ca cb cc cd ce cf d0 d1 d2 d3 d4 d5 d6 d7 d8 d9 da db dc dd de df e0 e1 e2 e3 e4 e5 e6 e7 e8 e9 ea eb ec ed ee ef f0 f1 f2 f3 f4 f5 f6 f7 f8 f9 fa fb fc fd fe ff 
 0  1  2 69  4 f1 d2 62  8 95 35 ca 73 15 c4 -- 10 -- fd -- 6a -- 43 d5 e6 -- 2a -- 5f 49 -- 6d 20 -- -- -- 2d ac -- 5b d4 8a -- -- 86 -- 7d -- 1b -- -- 33 54 -- -- -- be a9 92 -- -- -- da -- 40 -- -- -- -- -- -- -- 5a -- 8f -- -- -- b6 4f 7f -- c3 -- -- 96 -- d8 db -- -- -- fa -- -- -- 36 -- -- -- -- -- 66 -- a8 -- -- -- -- -- -- -- ab -- 85 -- f3 84 -- d9 -- 79 -- -- 63 -- -- -- 80 -- -- 21 -- -- -- -- -- -- -- ce -- -- -- -- b4 -- -- -- c9 -- -- 2b -- 8c -- -- bb 9b 9e a2 fe -- -- -- 51 a6 -- 46 -- -- fb -- -- -- 67 -- 61 -- -- -- -- -- -- c2 23 53 -- -- -- -- -- -- 6c 4b -- -- -- -- -- -- -- -- -- -- cc -- -- -- 87 42 -- -- -- -- -- d7 -- -- -- -- -- -- -- -- 81 -- -- -- dd cf -- -- 31 93 df eb -- e1 65 a1 -- -- f2 -- -- -- -- bf c6 56 -- -- -- -- -- 45 

solutions so far:0 maxDepth:10 
iterations:3942876  skipped: 5 
Depth skipped: 
0 0 5 0 0 0 0 0 0 0 0 0 0 0 0 0 0 0 0 0 0 0 0 0 0 0 0 0 0 0 0 0 

running time: 600 sec
 depth:8
 0  1  2  3  4  5  6  7  8  9  a  b  c  d  e  f 10 11 12 13 14 15 16 17 18 19 1a 1b 1c 1d 1e 1f 20 21 22 23 24 25 26 27 28 29 2a 2b 2c 2d 2e 2f 30 31 32 33 34 35 36 37 38 39 3a 3b 3c 3d 3e 3f 40 41 42 43 44 45 46 47 48 49 4a 4b 4c 4d 4e 4f 50 51 52 53 54 55 56 57 58 59 5a 5b 5c 5d 5e 5f 60 61 62 63 64 65 66 67 68 69 6a 6b 6c 6d 6e 6f 70 71 72 73 74 75 76 77 78 79 7a 7b 7c 7d 7e 7f 80 81 82 83 84 85 86 87 88 89 8a 8b 8c 8d 8e 8f 90 91 92 93 94 95 96 97 98 99 9a 9b 9c 9d 9e 9f a0 a1 a2 a3 a4 a5 a6 a7 a8 a9 aa ab ac ad ae af b0 b1 b2 b3 b4 b5 b6 b7 b8 b9 ba bb bc bd be bf c0 c1 c2 c3 c4 c5 c6 c7 c8 c9 ca cb cc cd ce cf d0 d1 d2 d3 d4 d5 d6 d7 d8 d9 da db dc dd de df e0 e1 e2 e3 e4 e5 e6 e7 e8 e9 ea eb ec ed ee ef f0 f1 f2 f3 f4 f5 f6 f7 f8 f9 fa fb fc fd fe ff 
 0  1  2 69  4 ee d2 71  8 c7  b 63 73 b4 e2 a7 10 5f 59 -- 16 -- c6 e7 e6 -- bf -- 13 cb 99 cd 20 -- be -- b2 a5 -- 11 2c 1a -- -- 5b -- 19 -- 1b -- -- 33 a9 -- -- 74 26 bd 41 2e e5 -- 4d -- 40 -- -- -- ab -- -- -- b3 -- 9d -- -- 31 22 4f 58 -- 34 -- -- 96 -- d8 b6 7d -- -- 32 -- -- -- 36 -- -- -- -- -- 66 -- 85 -- -- 38 -- -- e8  e 4c -- ad -- 82 84 5c 6d 1d 79 -- e0 9a -- -- -- 80 -- -- 21 -- -- -- -- 81 -- -- ce -- 92 -- -- b1 -- -- -- ed -- -- b7 -- 47 62 -- 44 2d 9e d0 b0 -- -- -- 68 fd -- c8 -- -- fb -- -- 49 67 -- bb 46 fa 23 -- 8c -- a1 64 95 -- -- -- cf -- -- 6c 4b -- -- -- -- -- d5 -- -- -- -- cc f3 -- -- dd 42 -- -- -- -- 70 d7 -- -- -- --  7 -- 1c -- 98 -- -- c4 8d 8e -- -- d3 77 df eb b8 5a da 88 3a -- f2 -- -- -- 17 b5 e3 b9 -- -- -- -- --  d 

solutions so far:0 maxDepth:10 
iterations:5942435  skipped: 5 
Depth skipped: 
0 0 5 0 0 0 0 0 0 0 0 0 0 0 0 0 0 0 0 0 0 0 0 0 0 0 0 0 0 0 0 0 

running time: 900 sec
 depth:6
 0  1  2  3  4  5  6  7  8  9  a  b  c  d  e  f 10 11 12 13 14 15 16 17 18 19 1a 1b 1c 1d 1e 1f 20 21 22 23 24 25 26 27 28 29 2a 2b 2c 2d 2e 2f 30 31 32 33 34 35 36 37 38 39 3a 3b 3c 3d 3e 3f 40 41 42 43 44 45 46 47 48 49 4a 4b 4c 4d 4e 4f 50 51 52 53 54 55 56 57 58 59 5a 5b 5c 5d 5e 5f 60 61 62 63 64 65 66 67 68 69 6a 6b 6c 6d 6e 6f 70 71 72 73 74 75 76 77 78 79 7a 7b 7c 7d 7e 7f 80 81 82 83 84 85 86 87 88 89 8a 8b 8c 8d 8e 8f 90 91 92 93 94 95 96 97 98 99 9a 9b 9c 9d 9e 9f a0 a1 a2 a3 a4 a5 a6 a7 a8 a9 aa ab ac ad ae af b0 b1 b2 b3 b4 b5 b6 b7 b8 b9 ba bb bc bd be bf c0 c1 c2 c3 c4 c5 c6 c7 c8 c9 ca cb cc cd ce cf d0 d1 d2 d3 d4 d5 d6 d7 d8 d9 da db dc dd de df e0 e1 e2 e3 e4 e5 e6 e7 e8 e9 ea eb ec ed ee ef f0 f1 f2 f3 f4 f5 f6 f7 f8 f9 fa fb fc fd fe ff 
 0  1  2 69  4 e9 d2 d1  8 8a  5 b3 73 11 75 -- 10 -- c3 --  a -- b1 18 e6 -- 22 -- ea c1 -- 7f 20 -- -- -- 51 f9 -- ac 14 ff -- -- b5 -- 30 -- 1b -- -- 33 44 -- -- --  3 35 55 -- -- -- fe -- 40 -- -- -- -- -- -- -- a2 -- 25 -- -- -- 8f 4f 28 -- 29 -- -- 96 -- d8 bd -- -- -- 60 -- -- -- 36 -- -- -- -- -- 66 -- 88 -- -- -- -- -- -- --  6 -- 6a -- aa 84 -- 59 -- 79 -- -- 2b -- -- -- 80 -- -- 21 -- -- -- -- -- -- -- ce -- -- -- -- 93 -- -- -- 4a -- -- a0 -- ae -- -- c9 9a 9e a4 50 -- -- -- 52 4d -- 57 -- -- fb -- -- -- 67 -- ad -- -- -- -- -- -- 8d c0 cd -- -- -- -- -- -- 6c 4b -- -- -- -- -- -- -- -- -- -- cc -- -- -- c7 42 -- -- -- -- -- d7 -- -- -- -- -- -- -- --  c -- -- -- d4 8b -- -- 83 9f df eb -- e3 b2 45 -- -- f2 -- -- -- -- f1 56 97 -- -- -- -- -- 94 

solutions so far:0 maxDepth:10 
iterations:8331442  skipped: 5 
Depth skipped: 
0 0 5 0 0 0 0 0 0 0 0 0 0 0 0 0 0 0 0 0 0 0 0 0 0 0 0 0 0 0 0 0 

running time: 1200 sec
 depth:6
 0  1  2  3  4  5  6  7  8  9  a  b  c  d  e  f 10 11 12 13 14 15 16 17 18 19 1a 1b 1c 1d 1e 1f 20 21 22 23 24 25 26 27 28 29 2a 2b 2c 2d 2e 2f 30 31 32 33 34 35 36 37 38 39 3a 3b 3c 3d 3e 3f 40 41 42 43 44 45 46 47 48 49 4a 4b 4c 4d 4e 4f 50 51 52 53 54 55 56 57 58 59 5a 5b 5c 5d 5e 5f 60 61 62 63 64 65 66 67 68 69 6a 6b 6c 6d 6e 6f 70 71 72 73 74 75 76 77 78 79 7a 7b 7c 7d 7e 7f 80 81 82 83 84 85 86 87 88 89 8a 8b 8c 8d 8e 8f 90 91 92 93 94 95 96 97 98 99 9a 9b 9c 9d 9e 9f a0 a1 a2 a3 a4 a5 a6 a7 a8 a9 aa ab ac ad ae af b0 b1 b2 b3 b4 b5 b6 b7 b8 b9 ba bb bc bd be bf c0 c1 c2 c3 c4 c5 c6 c7 c8 c9 ca cb cc cd ce cf d0 d1 d2 d3 d4 d5 d6 d7 d8 d9 da db dc dd de df e0 e1 e2 e3 e4 e5 e6 e7 e8 e9 ea eb ec ed ee ef f0 f1 f2 f3 f4 f5 f6 f7 f8 f9 fa fb fc fd fe ff 
 0  1  2 69  4 e0 d2  6  8 c3 17 39 73 ef  c -- 10 -- 51 -- 2e -- 72 57 e6 --  9 -- 18 d1 -- fe 20 -- -- -- a2 1d -- 8f 5c  7 -- -- e4 -- ae -- 1b -- -- 33 12 -- -- -- 30 6a 75 -- -- -- 2b -- 40 -- -- -- -- -- -- -- 93 -- 3a -- -- -- c9 4f b8 --  e -- -- 96 -- d8 1f -- -- -- 8b -- -- -- 36 -- -- -- -- -- 66 -- 24 -- -- -- -- -- -- -- 60 -- d4 -- ea 84 -- 90 -- 79 -- -- 56 -- -- -- 80 -- -- 21 -- -- -- -- -- -- -- ce -- -- -- -- f1 -- -- -- 74 -- -- 99 -- aa -- -- 45 4e 9e 38 a7 -- -- -- 1c 27 -- 55 -- -- fb -- -- -- 67 -- 3e -- -- -- -- -- -- 7c c1 f8 -- -- -- -- -- -- 6c 4b -- -- -- -- -- -- -- -- -- -- cc -- -- -- 48 42 -- -- -- -- -- d7 -- -- -- -- -- -- -- -- c0 -- -- -- 7f 83 -- --  3 70 df eb -- 9c f7 8a -- -- f2 -- -- -- -- 35 ac e5 -- -- -- -- -- e8 

solutions so far:0 maxDepth:10 
iterations:10337407  skipped: 10 
Depth skipped: 
0 0 10 0 0 0 0 0 0 0 0 0 0 0 0 0 0 0 0 0 0 0 0 0 0 0 0 0 0 0 0 0 

running time: 1500 sec
 depth:6
 0  1  2  3  4  5  6  7  8  9  a  b  c  d  e  f 10 11 12 13 14 15 16 17 18 19 1a 1b 1c 1d 1e 1f 20 21 22 23 24 25 26 27 28 29 2a 2b 2c 2d 2e 2f 30 31 32 33 34 35 36 37 38 39 3a 3b 3c 3d 3e 3f 40 41 42 43 44 45 46 47 48 49 4a 4b 4c 4d 4e 4f 50 51 52 53 54 55 56 57 58 59 5a 5b 5c 5d 5e 5f 60 61 62 63 64 65 66 67 68 69 6a 6b 6c 6d 6e 6f 70 71 72 73 74 75 76 77 78 79 7a 7b 7c 7d 7e 7f 80 81 82 83 84 85 86 87 88 89 8a 8b 8c 8d 8e 8f 90 91 92 93 94 95 96 97 98 99 9a 9b 9c 9d 9e 9f a0 a1 a2 a3 a4 a5 a6 a7 a8 a9 aa ab ac ad ae af b0 b1 b2 b3 b4 b5 b6 b7 b8 b9 ba bb bc bd be bf c0 c1 c2 c3 c4 c5 c6 c7 c8 c9 ca cb cc cd ce cf d0 d1 d2 d3 d4 d5 d6 d7 d8 d9 da db dc dd de df e0 e1 e2 e3 e4 e5 e6 e7 e8 e9 ea eb ec ed ee ef f0 f1 f2 f3 f4 f5 f6 f7 f8 f9 fa fb fc fd fe ff 
 0  1  2 69  4 db d2 68  8 dc 61 39 73 ef d0 -- 10 -- 6f -- c2 -- 72 2c e6 --  9 -- 77 ed -- ec 20 -- -- -- de 2a -- 78 53 d9 -- -- e4 -- 58 -- 1b -- -- 33 12 -- -- -- ee f6  d -- -- --  f -- 40 -- -- -- -- -- -- -- 6b -- 54 -- -- -- f0 4f a6 -- 65 -- -- 96 -- d8 1f -- -- -- b0 -- -- -- 36 -- -- -- -- -- 66 -- 24 -- -- -- -- -- -- --  b -- 3b -- 1a 84 -- 90 -- 79 -- -- 1e -- -- -- 80 -- -- 21 -- -- -- -- -- -- -- ce -- -- -- -- d6 -- -- -- a8 -- -- e1 -- a5 -- -- 37 4e 9e 43 9b -- -- -- ca 27 -- b9 -- -- fb -- -- -- 67 -- 3e -- -- -- -- -- -- 7c b7 f8 -- -- -- -- -- -- 6c 4b -- -- -- -- -- -- -- -- -- -- cc -- -- -- 48 42 -- -- -- -- -- d7 -- -- -- -- -- -- -- -- 16 -- -- -- 76 9d -- -- 34 86 df eb -- 9c f7 6e -- -- f2 -- -- -- -- 7b 3c 15 -- -- -- -- -- 87 

solutions so far:0 maxDepth:10 
iterations:12892445  skipped: 10 
Depth skipped: 
0 0 10 0 0 0 0 0 0 0 0 0 0 0 0 0 0 0 0 0 0 0 0 0 0 0 0 0 0 0 0 0 

running time: 1800 sec
 depth:7
 0  1  2  3  4  5  6  7  8  9  a  b  c  d  e  f 10 11 12 13 14 15 16 17 18 19 1a 1b 1c 1d 1e 1f 20 21 22 23 24 25 26 27 28 29 2a 2b 2c 2d 2e 2f 30 31 32 33 34 35 36 37 38 39 3a 3b 3c 3d 3e 3f 40 41 42 43 44 45 46 47 48 49 4a 4b 4c 4d 4e 4f 50 51 52 53 54 55 56 57 58 59 5a 5b 5c 5d 5e 5f 60 61 62 63 64 65 66 67 68 69 6a 6b 6c 6d 6e 6f 70 71 72 73 74 75 76 77 78 79 7a 7b 7c 7d 7e 7f 80 81 82 83 84 85 86 87 88 89 8a 8b 8c 8d 8e 8f 90 91 92 93 94 95 96 97 98 99 9a 9b 9c 9d 9e 9f a0 a1 a2 a3 a4 a5 a6 a7 a8 a9 aa ab ac ad ae af b0 b1 b2 b3 b4 b5 b6 b7 b8 b9 ba bb bc bd be bf c0 c1 c2 c3 c4 c5 c6 c7 c8 c9 ca cb cc cd ce cf d0 d1 d2 d3 d4 d5 d6 d7 d8 d9 da db dc dd de df e0 e1 e2 e3 e4 e5 e6 e7 e8 e9 ea eb ec ed ee ef f0 f1 f2 f3 f4 f5 f6 f7 f8 f9 fa fb fc fd fe ff 
 0  1  2 69  4 d5 d2  9  8 8a 7d af 73 f4 12 60 10 -- c3 -- fa -- 89 39 e6 -- 3f -- 24 27 c0 7f 20 -- -- -- 51 92 -- ac 23 c4 -- -- c5 -- 72 -- 1b -- -- 33 7e -- -- c1 48 35 4e  c 57 -- fe -- 40 -- -- -- -- -- -- -- a2 -- f3 -- -- -- 8f 4f 46 -- 5f -- -- 96 -- d8 5d -- -- -- e4 -- -- -- 36 -- -- -- -- -- 66 -- fc -- -- 75 -- -- 55 83 90 -- 6a -- 9c 84 18 5e ae 79 --  3 2b -- -- -- 80 -- -- 21 -- -- -- -- -- -- -- ce -- -- -- -- 93 -- -- -- 31 -- -- cf -- 7c -- -- c9 3d 9e ab 8c -- -- -- be f5 -- 3e -- -- fb -- -- -- 67 -- ba -- -- -- -- -- -- a3 1f 91 -- -- -- -- -- -- 6c 4b -- -- -- -- -- -- -- -- -- -- cc -- -- -- 2f 42 -- -- -- -- ea d7 -- -- -- -- aa -- d1 -- f7 -- -- -- d4 f8 -- -- ef 81 df eb 30 7a bc 45 8b -- f2 -- -- --  6 f1 56 49 -- -- -- -- -- 62 

solutions so far:0 maxDepth:10 
iterations:15282076  skipped: 11 
Depth skipped: 
0 0 11 0 0 0 0 0 0 0 0 0 0 0 0 0 0 0 0 0 0 0 0 0 0 0 0 0 0 0 0 0 

running time: 2100 sec
 depth:7
 0  1  2  3  4  5  6  7  8  9  a  b  c  d  e  f 10 11 12 13 14 15 16 17 18 19 1a 1b 1c 1d 1e 1f 20 21 22 23 24 25 26 27 28 29 2a 2b 2c 2d 2e 2f 30 31 32 33 34 35 36 37 38 39 3a 3b 3c 3d 3e 3f 40 41 42 43 44 45 46 47 48 49 4a 4b 4c 4d 4e 4f 50 51 52 53 54 55 56 57 58 59 5a 5b 5c 5d 5e 5f 60 61 62 63 64 65 66 67 68 69 6a 6b 6c 6d 6e 6f 70 71 72 73 74 75 76 77 78 79 7a 7b 7c 7d 7e 7f 80 81 82 83 84 85 86 87 88 89 8a 8b 8c 8d 8e 8f 90 91 92 93 94 95 96 97 98 99 9a 9b 9c 9d 9e 9f a0 a1 a2 a3 a4 a5 a6 a7 a8 a9 aa ab ac ad ae af b0 b1 b2 b3 b4 b5 b6 b7 b8 b9 ba bb bc bd be bf c0 c1 c2 c3 c4 c5 c6 c7 c8 c9 ca cb cc cd ce cf d0 d1 d2 d3 d4 d5 d6 d7 d8 d9 da db dc dd de df e0 e1 e2 e3 e4 e5 e6 e7 e8 e9 ea eb ec ed ee ef f0 f1 f2 f3 f4 f5 f6 f7 f8 f9 fa fb fc fd fe ff 
 0  1  2 69  4 c7 d2 16  8 7a 59 3a 73 2e 2c b4 10 -- f4 -- b2 -- 74 a5 e6 -- 5c -- 58 d0 bf 89 20 -- -- -- 3f 8d -- a3 b3 e3 -- -- e8 -- 9d -- 1b -- -- 33 b8 -- -- 6d b0 5e 77 fd a9 -- c5 -- 40 -- -- -- -- -- -- -- 7e -- cd -- -- -- 91 4f b1 -- 11 -- -- 96 -- d8  7 -- -- -- ed -- -- -- 36 -- -- -- -- -- 66 -- a7 -- -- b6 -- -- da c6 b7 -- bc -- ee 84 2d e5 85 79 -- a1 5d -- -- -- 80 -- -- 21 -- -- -- -- -- -- -- ce -- -- -- -- fc -- -- -- 4d -- -- bd -- 34 -- -- f5 e0 9e 44 b5 -- -- -- 22 70 -- 1a -- -- fb -- -- -- 67 --  e -- -- -- -- -- -- 1c  d 38 -- -- -- -- -- -- 6c 4b -- -- -- -- -- -- -- -- -- -- cc -- -- -- 99 42 -- -- -- -- bb d7 -- -- -- -- 63 -- 5b -- b9 -- -- -- af 68 -- --  b 88 df eb 5a 17 1d 3d dd -- f2 -- -- -- 95 2f ba ad -- -- -- -- -- 9a 

solutions so far:0 maxDepth:10 
iterations:17273630  skipped: 17 
Depth skipped: 
0 0 17 0 0 0 0 0 0 0 0 0 0 0 0 0 0 0 0 0 0 0 0 0 0 0 0 0 0 0 0 0 

running time: 2400 sec
 depth:7
 0  1  2  3  4  5  6  7  8  9  a  b  c  d  e  f 10 11 12 13 14 15 16 17 18 19 1a 1b 1c 1d 1e 1f 20 21 22 23 24 25 26 27 28 29 2a 2b 2c 2d 2e 2f 30 31 32 33 34 35 36 37 38 39 3a 3b 3c 3d 3e 3f 40 41 42 43 44 45 46 47 48 49 4a 4b 4c 4d 4e 4f 50 51 52 53 54 55 56 57 58 59 5a 5b 5c 5d 5e 5f 60 61 62 63 64 65 66 67 68 69 6a 6b 6c 6d 6e 6f 70 71 72 73 74 75 76 77 78 79 7a 7b 7c 7d 7e 7f 80 81 82 83 84 85 86 87 88 89 8a 8b 8c 8d 8e 8f 90 91 92 93 94 95 96 97 98 99 9a 9b 9c 9d 9e 9f a0 a1 a2 a3 a4 a5 a6 a7 a8 a9 aa ab ac ad ae af b0 b1 b2 b3 b4 b5 b6 b7 b8 b9 ba bb bc bd be bf c0 c1 c2 c3 c4 c5 c6 c7 c8 c9 ca cb cc cd ce cf d0 d1 d2 d3 d4 d5 d6 d7 d8 d9 da db dc dd de df e0 e1 e2 e3 e4 e5 e6 e7 e8 e9 ea eb ec ed ee ef f0 f1 f2 f3 f4 f5 f6 f7 f8 f9 fa fb fc fd fe ff 
 0  1  2 69  4 c2 d2 c7  8 9c 53 6a 73 8a 59 46 10 -- ef -- a6 -- d4 bd e6 -- c3 -- b2 11 8c 72 20 -- -- --  9 a8 -- 7c 9b ca -- -- 7f -- ad -- 1b -- -- 33 51 -- -- f3 b3 90 22 7d cf -- e4 -- 40 -- -- -- -- -- -- -- 12 -- 87 -- -- -- f8 4f e1 -- 43 -- -- 96 -- d8 fe -- -- -- 8d -- -- -- 36 -- -- -- -- -- 66 -- a2 -- -- be -- -- 31 c4 b1 -- f7 -- 44 84 fa f1 49 79 -- 81 1f -- -- -- 80 -- -- 21 -- -- -- -- -- -- -- ce -- -- -- -- 24 -- -- -- d9 -- -- 2a -- 9a -- -- 27 c9 9e db 15 -- -- -- 86 8f -- 4d -- -- fb -- -- -- 67 -- 2b -- -- -- -- -- -- 56 cd ac -- -- -- -- -- -- 6c 4b -- -- -- -- -- -- -- -- -- -- cc -- -- -- 93 42 -- -- -- -- ab d7 -- -- -- -- 62 -- 5f -- b5 -- -- -- 39 e3 -- -- 88 61 df eb 23 45 35 4e 92 -- f2 -- -- -- d5 48 3e 54 -- -- -- -- -- 65 

solutions so far:0 maxDepth:10 
iterations:19559013  skipped: 17 
Depth skipped: 
0 0 17 0 0 0 0 0 0 0 0 0 0 0 0 0 0 0 0 0 0 0 0 0 0 0 0 0 0 0 0 0 

running time: 2700 sec
 depth:7
 0  1  2  3  4  5  6  7  8  9  a  b  c  d  e  f 10 11 12 13 14 15 16 17 18 19 1a 1b 1c 1d 1e 1f 20 21 22 23 24 25 26 27 28 29 2a 2b 2c 2d 2e 2f 30 31 32 33 34 35 36 37 38 39 3a 3b 3c 3d 3e 3f 40 41 42 43 44 45 46 47 48 49 4a 4b 4c 4d 4e 4f 50 51 52 53 54 55 56 57 58 59 5a 5b 5c 5d 5e 5f 60 61 62 63 64 65 66 67 68 69 6a 6b 6c 6d 6e 6f 70 71 72 73 74 75 76 77 78 79 7a 7b 7c 7d 7e 7f 80 81 82 83 84 85 86 87 88 89 8a 8b 8c 8d 8e 8f 90 91 92 93 94 95 96 97 98 99 9a 9b 9c 9d 9e 9f a0 a1 a2 a3 a4 a5 a6 a7 a8 a9 aa ab ac ad ae af b0 b1 b2 b3 b4 b5 b6 b7 b8 b9 ba bb bc bd be bf c0 c1 c2 c3 c4 c5 c6 c7 c8 c9 ca cb cc cd ce cf d0 d1 d2 d3 d4 d5 d6 d7 d8 d9 da db dc dd de df e0 e1 e2 e3 e4 e5 e6 e7 e8 e9 ea eb ec ed ee ef f0 f1 f2 f3 f4 f5 f6 f7 f8 f9 fa fb fc fd fe ff 
 0  1  2 69  4 bd d2 da  8 99 ad 58 73 68 63 9b 10 -- e5 -- 8d -- b0 a1 e6 -- d0 -- c6 a9 e1 38 20 -- -- -- 1d 22 -- 2e cd 59 -- -- b7 -- 95 -- 1b -- -- 33 77 -- -- a8 5b  7 85 c2 15 -- 70 -- 40 -- -- -- -- -- -- -- 3a -- 44 -- -- -- 5c 4f 4d -- b2 -- -- 96 -- d8 b9 -- -- -- fd -- -- -- 36 -- -- -- -- -- 66 -- ee -- -- 43 -- -- 87 65 b6 --  e -- dd 84 53 16 2a 79 -- db e0 -- -- -- 80 -- -- 21 -- -- -- -- -- -- -- ce -- -- -- -- 74 -- -- -- 88 -- -- e3 -- b4 -- -- b8 1a 9e b1 9a -- -- -- b3  d -- 5a -- -- fb -- -- -- 67 -- a5 -- -- -- -- -- -- 9d 2d ed -- -- -- -- -- -- 6c 4b -- -- -- -- -- -- -- -- -- -- cc -- -- --  b 42 -- -- -- -- 86 d7 -- -- -- -- d9 -- ca -- bb -- -- -- 1c bf -- -- 6d b5 df eb a6 34 2c a7 54 -- f2 -- -- -- 61 e8 17 11 -- -- -- -- -- c7 

solutions so far:0 maxDepth:10 
iterations:21518649  skipped: 19 
Depth skipped: 
0 0 19 0 0 0 0 0 0 0 0 0 0 0 0 0 0 0 0 0 0 0 0 0 0 0 0 0 0 0 0 0 

running time: 3000 sec
 depth:7
 0  1  2  3  4  5  6  7  8  9  a  b  c  d  e  f 10 11 12 13 14 15 16 17 18 19 1a 1b 1c 1d 1e 1f 20 21 22 23 24 25 26 27 28 29 2a 2b 2c 2d 2e 2f 30 31 32 33 34 35 36 37 38 39 3a 3b 3c 3d 3e 3f 40 41 42 43 44 45 46 47 48 49 4a 4b 4c 4d 4e 4f 50 51 52 53 54 55 56 57 58 59 5a 5b 5c 5d 5e 5f 60 61 62 63 64 65 66 67 68 69 6a 6b 6c 6d 6e 6f 70 71 72 73 74 75 76 77 78 79 7a 7b 7c 7d 7e 7f 80 81 82 83 84 85 86 87 88 89 8a 8b 8c 8d 8e 8f 90 91 92 93 94 95 96 97 98 99 9a 9b 9c 9d 9e 9f a0 a1 a2 a3 a4 a5 a6 a7 a8 a9 aa ab ac ad ae af b0 b1 b2 b3 b4 b5 b6 b7 b8 b9 ba bb bc bd be bf c0 c1 c2 c3 c4 c5 c6 c7 c8 c9 ca cb cc cd ce cf d0 d1 d2 d3 d4 d5 d6 d7 d8 d9 da db dc dd de df e0 e1 e2 e3 e4 e5 e6 e7 e8 e9 ea eb ec ed ee ef f0 f1 f2 f3 f4 f5 f6 f7 f8 f9 fa fb fc fd fe ff 
 0  1  2 69  4 b5 d2 78  8 b4 bd 77 73 9d f0 f4 10 -- bf -- ad -- ee de e6 -- ed -- 37 ec 3f 5b 20 -- -- -- a9 11 -- 95 8d c7 -- --  b -- 6b -- 1b -- -- 33  d -- -- 5e 6e da  f f5 7e -- b6 -- 40 -- -- -- -- -- -- -- 85 -- 22 -- -- -- fd 4f cd -- 59 -- -- 96 -- d8 16 -- -- -- d6 -- -- -- 36 -- -- -- -- -- 66 -- 1a -- -- 5d -- -- bc 89 dc -- 63 -- 1e 84 3d 68 fc 79 -- a3 bb -- -- -- 80 -- -- 21 -- -- -- -- -- -- -- ce -- -- -- -- dd -- -- -- 44 -- -- 9a -- 3b -- -- 2d b9 9e b3 4d -- -- -- b2 b7 -- f6 -- -- fb -- -- -- 67 -- 2c -- -- -- -- -- -- 58 7b b0 -- -- -- -- -- -- 6c 4b -- -- -- -- -- -- -- -- -- -- cc -- -- -- 34 42 -- -- -- -- ba d7 -- -- -- -- af -- c5 -- 6f -- -- -- c6 76 -- -- 3c b1 df eb 7a a5 d0 5a 2f -- f2 -- -- -- 91 6d a1 e3 -- -- -- -- -- 88 

solutions so far:0 maxDepth:10 
iterations:23818885  skipped: 23 
Depth skipped: 
0 0 23 0 0 0 0 0 0 0 0 0 0 0 0 0 0 0 0 0 0 0 0 0 0 0 0 0 0 0 0 0 

running time: 3300 sec
 depth:7
 0  1  2  3  4  5  6  7  8  9  a  b  c  d  e  f 10 11 12 13 14 15 16 17 18 19 1a 1b 1c 1d 1e 1f 20 21 22 23 24 25 26 27 28 29 2a 2b 2c 2d 2e 2f 30 31 32 33 34 35 36 37 38 39 3a 3b 3c 3d 3e 3f 40 41 42 43 44 45 46 47 48 49 4a 4b 4c 4d 4e 4f 50 51 52 53 54 55 56 57 58 59 5a 5b 5c 5d 5e 5f 60 61 62 63 64 65 66 67 68 69 6a 6b 6c 6d 6e 6f 70 71 72 73 74 75 76 77 78 79 7a 7b 7c 7d 7e 7f 80 81 82 83 84 85 86 87 88 89 8a 8b 8c 8d 8e 8f 90 91 92 93 94 95 96 97 98 99 9a 9b 9c 9d 9e 9f a0 a1 a2 a3 a4 a5 a6 a7 a8 a9 aa ab ac ad ae af b0 b1 b2 b3 b4 b5 b6 b7 b8 b9 ba bb bc bd be bf c0 c1 c2 c3 c4 c5 c6 c7 c8 c9 ca cb cc cd ce cf d0 d1 d2 d3 d4 d5 d6 d7 d8 d9 da db dc dd de df e0 e1 e2 e3 e4 e5 e6 e7 e8 e9 ea eb ec ed ee ef f0 f1 f2 f3 f4 f5 f6 f7 f8 f9 fa fb fc fd fe ff 
 0  1  2 69  4 b1 d2 1e  8 b8 b5 14 73 29 3c 62 10 -- a7 -- bd -- 28 dc e6 -- 52 -- 78 3b c4  e 20 -- -- -- 99 e3 -- e0 ad 88 -- -- 50 -- 6f -- 1b -- -- 33 a4 -- -- 81 f0 74 76 92 5f -- 1c -- 40 -- -- -- -- -- -- -- e5 -- 11 -- -- -- 17 4f 8d -- c7 -- -- 96 -- d8 a0 -- -- -- de -- -- -- 36 -- -- -- -- -- 66 -- 9f -- -- 46 -- -- d5 fa 37 -- e8 -- ec 84 f3  5 be 79 -- cf 38 -- -- -- 80 -- -- 21 -- -- -- -- -- -- -- ce -- -- -- -- 1d -- -- -- 22 -- -- 4d -- 7b -- -- 2e 94 9e b2 cd -- -- -- 59 4a -- d6 -- -- fb -- -- -- 67 -- 97 -- -- -- -- -- -- f9 6b 25 -- -- -- -- -- -- 6c 4b -- -- -- -- -- -- -- -- -- -- cc -- -- -- e9 42 -- -- -- -- 8c d7 -- -- -- -- 7d -- 23 -- 6e -- -- --  7 f6 -- --  f b3 df eb 31 ff  a 5c ab -- f2 -- -- -- 49 3a 70 9a -- -- -- -- -- 44 

solutions so far:0 maxDepth:10 
iterations:26127877  skipped: 23 
Depth skipped: 
0 0 23 0 0 0 0 0 0 0 0 0 0 0 0 0 0 0 0 0 0 0 0 0 0 0 0 0 0 0 0 0 

running time: 3600 sec
 depth:6
 0  1  2  3  4  5  6  7  8  9  a  b  c  d  e  f 10 11 12 13 14 15 16 17 18 19 1a 1b 1c 1d 1e 1f 20 21 22 23 24 25 26 27 28 29 2a 2b 2c 2d 2e 2f 30 31 32 33 34 35 36 37 38 39 3a 3b 3c 3d 3e 3f 40 41 42 43 44 45 46 47 48 49 4a 4b 4c 4d 4e 4f 50 51 52 53 54 55 56 57 58 59 5a 5b 5c 5d 5e 5f 60 61 62 63 64 65 66 67 68 69 6a 6b 6c 6d 6e 6f 70 71 72 73 74 75 76 77 78 79 7a 7b 7c 7d 7e 7f 80 81 82 83 84 85 86 87 88 89 8a 8b 8c 8d 8e 8f 90 91 92 93 94 95 96 97 98 99 9a 9b 9c 9d 9e 9f a0 a1 a2 a3 a4 a5 a6 a7 a8 a9 aa ab ac ad ae af b0 b1 b2 b3 b4 b5 b6 b7 b8 b9 ba bb bc bd be bf c0 c1 c2 c3 c4 c5 c6 c7 c8 c9 ca cb cc cd ce cf d0 d1 d2 d3 d4 d5 d6 d7 d8 d9 da db dc dd de df e0 e1 e2 e3 e4 e5 e6 e7 e8 e9 ea eb ec ed ee ef f0 f1 f2 f3 f4 f5 f6 f7 f8 f9 fa fb fc fd fe ff 
 0  1  2 69  4 ac d2 97  8 44 8f 5f 73 cf f9 -- 10 -- 88 -- c9 -- be 29 e6 -- 49 -- 25 14 -- ad 20 -- -- -- c7 93 -- 9a 45 d4 -- -- ab -- 52 -- 1b -- -- 33 92 -- -- -- 4a b1 28 -- -- -- 8d -- 40 -- -- -- -- -- -- -- 59 -- f1 -- -- -- e3 4f 8a -- 7f -- -- 96 -- d8 81 -- -- -- a4 -- -- -- 36 -- -- -- -- -- 66 -- f3 -- -- -- -- -- -- -- 94 -- b5 -- 50 84 -- 62 -- 79 -- -- cd -- -- -- 80 -- -- 21 -- -- -- -- -- -- -- ce -- -- -- -- b2 -- -- -- 35 -- -- 51 --  5 -- -- 11 46 9e 2b c3 -- -- -- fe 23 -- e9 -- -- fb -- -- -- 67 -- d5 -- -- -- -- -- -- 7d 9f fa -- -- -- -- -- -- 6c 4b -- -- -- -- -- -- -- -- -- -- cc -- -- -- 31 42 -- -- -- -- -- d7 -- -- -- -- -- -- -- -- ff -- -- -- bd  a -- -- a0 56 df eb -- 8c c4 22 -- -- f2 -- -- -- -- b3 4d a2 -- -- -- -- -- 6a 

solutions so far:0 maxDepth:10 
iterations:29123603  skipped: 23 
Depth skipped: 
0 0 23 0 0 0 0 0 0 0 0 0 0 0 0 0 0 0 0 0 0 0 0 0 0 0 0 0 0 0 0 0 

running time: 3900 sec
 depth:7
 0  1  2  3  4  5  6  7  8  9  a  b  c  d  e  f 10 11 12 13 14 15 16 17 18 19 1a 1b 1c 1d 1e 1f 20 21 22 23 24 25 26 27 28 29 2a 2b 2c 2d 2e 2f 30 31 32 33 34 35 36 37 38 39 3a 3b 3c 3d 3e 3f 40 41 42 43 44 45 46 47 48 49 4a 4b 4c 4d 4e 4f 50 51 52 53 54 55 56 57 58 59 5a 5b 5c 5d 5e 5f 60 61 62 63 64 65 66 67 68 69 6a 6b 6c 6d 6e 6f 70 71 72 73 74 75 76 77 78 79 7a 7b 7c 7d 7e 7f 80 81 82 83 84 85 86 87 88 89 8a 8b 8c 8d 8e 8f 90 91 92 93 94 95 96 97 98 99 9a 9b 9c 9d 9e 9f a0 a1 a2 a3 a4 a5 a6 a7 a8 a9 aa ab ac ad ae af b0 b1 b2 b3 b4 b5 b6 b7 b8 b9 ba bb bc bd be bf c0 c1 c2 c3 c4 c5 c6 c7 c8 c9 ca cb cc cd ce cf d0 d1 d2 d3 d4 d5 d6 d7 d8 d9 da db dc dd de df e0 e1 e2 e3 e4 e5 e6 e7 e8 e9 ea eb ec ed ee ef f0 f1 f2 f3 f4 f5 f6 f7 f8 f9 fa fb fc fd fe ff 
 0  1  2 69  4 a8 d2 47  8 f1 87 74 73 5c 8e 31 10 -- 35 -- d9 -- e8 71 e6 -- b8 -- cb 19 62 8f 20 -- -- -- 6a 61 -- c3 65 9b -- --  7 -- e2 -- 1b -- -- 33 a7 -- -- ab 41 2b 32 49 c4 -- c9 -- 40 -- -- -- -- -- -- -- d4 -- c2 -- -- -- 51 4f ca -- e1 -- -- 96 -- d8  e -- -- -- 13 -- -- -- 36 -- -- -- -- -- 66 -- 99 -- -- 23 -- -- 81 7d 82 -- 56 -- 64 84 92 1d 5f 79 -- 8c 45 -- -- -- 80 -- -- 21 -- -- -- -- -- -- -- ce -- -- -- -- 7f -- -- -- 53 -- -- 86 -- 98 -- -- a2 17 9e 2a 43 -- -- -- 15 e0 -- 4c -- -- fb -- -- -- 67 -- 1c -- -- -- -- -- -- 38 26 70 -- -- -- -- -- -- 6c 4b -- -- -- -- -- -- -- -- -- -- cc -- -- -- e5 42 -- -- -- -- 46 d7 -- -- -- -- d5 -- fa -- d3 -- -- -- ac e7 -- -- c8 54 df eb f3 2e 3a 93 be -- f2 -- -- -- cf fe 8a db -- -- -- -- -- a6 

solutions so far:0 maxDepth:10 
iterations:31523567  skipped: 23 
Depth skipped: 
0 0 23 0 0 0 0 0 0 0 0 0 0 0 0 0 0 0 0 0 0 0 0 0 0 0 0 0 0 0 0 0 

running time: 4200 sec
 depth:7
 0  1  2  3  4  5  6  7  8  9  a  b  c  d  e  f 10 11 12 13 14 15 16 17 18 19 1a 1b 1c 1d 1e 1f 20 21 22 23 24 25 26 27 28 29 2a 2b 2c 2d 2e 2f 30 31 32 33 34 35 36 37 38 39 3a 3b 3c 3d 3e 3f 40 41 42 43 44 45 46 47 48 49 4a 4b 4c 4d 4e 4f 50 51 52 53 54 55 56 57 58 59 5a 5b 5c 5d 5e 5f 60 61 62 63 64 65 66 67 68 69 6a 6b 6c 6d 6e 6f 70 71 72 73 74 75 76 77 78 79 7a 7b 7c 7d 7e 7f 80 81 82 83 84 85 86 87 88 89 8a 8b 8c 8d 8e 8f 90 91 92 93 94 95 96 97 98 99 9a 9b 9c 9d 9e 9f a0 a1 a2 a3 a4 a5 a6 a7 a8 a9 aa ab ac ad ae af b0 b1 b2 b3 b4 b5 b6 b7 b8 b9 ba bb bc bd be bf c0 c1 c2 c3 c4 c5 c6 c7 c8 c9 ca cb cc cd ce cf d0 d1 d2 d3 d4 d5 d6 d7 d8 d9 da db dc dd de df e0 e1 e2 e3 e4 e5 e6 e7 e8 e9 ea eb ec ed ee ef f0 f1 f2 f3 f4 f5 f6 f7 f8 f9 fa fb fc fd fe ff 
 0  1  2 69  4 9c d2 f3  8 fe ef 14 73 29 31 26 10 -- 2b --  9 -- 28 ab e6 -- 52 -- 62 8c 4c 51 20 -- -- -- 56 39 -- 35 12 3e -- -- 50 -- 81 -- 1b -- -- 33 a4 -- -- 32 c4 45 cf 71 98 -- a2 -- 40 -- -- -- -- -- -- -- ac -- 72 -- -- -- 6a 4f 24 -- 7c -- -- 96 -- d8 a0 -- -- -- d5 -- -- -- 36 -- -- -- -- -- 66 -- 9f -- -- cb -- -- 64 47 5f -- 8a -- 49 84 e2  5 e7 79 -- 82 93 -- -- -- 80 -- -- 21 -- -- -- -- -- -- -- ce -- -- -- -- 8f -- -- -- e4 -- -- 90 -- 23 -- -- d4 94 9e 27 48 -- -- -- f8 4a -- fa -- -- fb -- -- -- 67 -- 97 -- -- -- -- -- -- f9 7d 25 -- -- -- -- -- -- 6c 4b -- -- -- -- -- -- -- -- -- -- cc -- -- -- e9 42 -- -- -- -- 41 d7 -- -- -- -- c8 -- 8e -- be -- -- -- c3 46 -- -- 92 4e df eb 13 ff  a 7f 19 -- f2 -- -- -- d3 c9 f1 f7 -- -- -- -- -- 1f 

solutions so far:0 maxDepth:10 
iterations:33907735  skipped: 28 
Depth skipped: 
0 0 28 0 0 0 0 0 0 0 0 0 0 0 0 0 0 0 0 0 0 0 0 0 0 0 0 0 0 0 0 0 

running time: 4500 sec
 depth:7
 0  1  2  3  4  5  6  7  8  9  a  b  c  d  e  f 10 11 12 13 14 15 16 17 18 19 1a 1b 1c 1d 1e 1f 20 21 22 23 24 25 26 27 28 29 2a 2b 2c 2d 2e 2f 30 31 32 33 34 35 36 37 38 39 3a 3b 3c 3d 3e 3f 40 41 42 43 44 45 46 47 48 49 4a 4b 4c 4d 4e 4f 50 51 52 53 54 55 56 57 58 59 5a 5b 5c 5d 5e 5f 60 61 62 63 64 65 66 67 68 69 6a 6b 6c 6d 6e 6f 70 71 72 73 74 75 76 77 78 79 7a 7b 7c 7d 7e 7f 80 81 82 83 84 85 86 87 88 89 8a 8b 8c 8d 8e 8f 90 91 92 93 94 95 96 97 98 99 9a 9b 9c 9d 9e 9f a0 a1 a2 a3 a4 a5 a6 a7 a8 a9 aa ab ac ad ae af b0 b1 b2 b3 b4 b5 b6 b7 b8 b9 ba bb bc bd be bf c0 c1 c2 c3 c4 c5 c6 c7 c8 c9 ca cb cc cd ce cf d0 d1 d2 d3 d4 d5 d6 d7 d8 d9 da db dc dd de df e0 e1 e2 e3 e4 e5 e6 e7 e8 e9 ea eb ec ed ee ef f0 f1 f2 f3 f4 f5 f6 f7 f8 f9 fa fb fc fd fe ff 
 0  1  2 69  4 93 d2 6f  8  7 f1 72 73  9 de ed 10 --  e -- 35 -- e4 3b e6 -- 12 -- 6b f0  d b8 20 -- -- -- 1c 56 -- 1d 6a 45 -- -- 1f -- 76 -- 1b -- -- 33 24 -- -- d0 d6 17 37 b9 1a -- a7 -- 40 -- -- -- -- -- -- -- 38 -- ac -- -- -- 3a 4f d4 -- 8a -- -- 96 -- d8 3e -- -- -- ec -- -- -- 36 -- -- -- -- -- 66 -- 48 -- -- 2c -- -- 77  b 7b -- 2e -- 6e 84 a5 f7 34 79 -- b0 99 -- -- -- 80 -- -- 21 -- -- -- -- -- -- -- ce -- -- -- -- 70 -- -- -- 8f -- -- fe -- 3c -- -- 74 9c 9e 51 7f -- -- -- c3 4e -- 1e -- -- fb -- -- -- 67 -- 7c -- -- -- -- -- -- f8  f 27 -- -- -- -- -- -- 6c 4b -- -- -- -- -- -- -- -- -- -- cc -- -- -- 90 42 -- -- -- -- 58 d7 -- -- -- -- ee -- 16 -- f6 -- -- -- 5c 78 -- -- dc a2 df eb 9d ef 39 e8 68 -- f2 -- -- -- b7 e0 e5 2b -- -- -- -- -- c9 

solutions so far:0 maxDepth:10 
iterations:37564016  skipped: 30 
Depth skipped: 
0 0 30 0 0 0 0 0 0 0 0 0 0 0 0 0 0 0 0 0 0 0 0 0 0 0 0 0 0 0 0 0 

running time: 4800 sec
 depth:7
 0  1  2  3  4  5  6  7  8  9  a  b  c  d  e  f 10 11 12 13 14 15 16 17 18 19 1a 1b 1c 1d 1e 1f 20 21 22 23 24 25 26 27 28 29 2a 2b 2c 2d 2e 2f 30 31 32 33 34 35 36 37 38 39 3a 3b 3c 3d 3e 3f 40 41 42 43 44 45 46 47 48 49 4a 4b 4c 4d 4e 4f 50 51 52 53 54 55 56 57 58 59 5a 5b 5c 5d 5e 5f 60 61 62 63 64 65 66 67 68 69 6a 6b 6c 6d 6e 6f 70 71 72 73 74 75 76 77 78 79 7a 7b 7c 7d 7e 7f 80 81 82 83 84 85 86 87 88 89 8a 8b 8c 8d 8e 8f 90 91 92 93 94 95 96 97 98 99 9a 9b 9c 9d 9e 9f a0 a1 a2 a3 a4 a5 a6 a7 a8 a9 aa ab ac ad ae af b0 b1 b2 b3 b4 b5 b6 b7 b8 b9 ba bb bc bd be bf c0 c1 c2 c3 c4 c5 c6 c7 c8 c9 ca cb cc cd ce cf d0 d1 d2 d3 d4 d5 d6 d7 d8 d9 da db dc dd de df e0 e1 e2 e3 e4 e5 e6 e7 e8 e9 ea eb ec ed ee ef f0 f1 f2 f3 f4 f5 f6 f7 f8 f9 fa fb fc fd fe ff 
 0  1  2 69  4 81 d2 9b  8 b9 d5  5 73 94 e1 a2 10 -- a5 -- 7d --  a 87 e6 -- ff -- 15 61 93 77 20 -- -- -- 9d 49 -- 2c fa 62 -- -- 14 -- d9 -- 1b -- -- 33 29 -- -- d4 2a 34 c2 8a f1 -- ee -- 40 -- -- -- -- -- -- -- ed -- 92 -- -- -- 58 4f 23 -- c4 -- -- 96 -- d8 28 -- -- -- 65 -- -- -- 36 -- -- -- -- -- 66 -- 52 -- -- ac -- -- 7f 2b 54 -- 68 -- 53 84 c3 9f 35 79 -- c9  b -- -- -- 80 -- -- 21 -- -- -- -- -- -- -- ce -- -- -- --  d -- -- -- f3 -- -- 8c -- 86 -- -- b0 25 9e be 46 -- -- -- 5f f9 -- 43 -- -- fb -- -- -- 67 -- 50 -- -- -- -- -- -- a0 ca 97 -- -- -- -- -- -- 6c 4b -- -- -- -- -- -- -- -- -- -- cc -- -- -- a4 42 -- -- -- -- 8f d7 -- -- -- -- fe -- 56 -- a8 -- -- -- d0 db -- -- a6 ab df eb 51 4a e9 b7 6a -- f2 -- -- -- 45 1a 16 cf -- -- -- -- -- 31 

solutions so far:0 maxDepth:10 
iterations:41575265  skipped: 38 
Depth skipped: 
0 0 38 0 0 0 0 0 0 0 0 0 0 0 0 0 0 0 0 0 0 0 0 0 0 0 0 0 0 0 0 0 

running time: 5100 sec
 depth:7
 0  1  2  3  4  5  6  7  8  9  a  b  c  d  e  f 10 11 12 13 14 15 16 17 18 19 1a 1b 1c 1d 1e 1f 20 21 22 23 24 25 26 27 28 29 2a 2b 2c 2d 2e 2f 30 31 32 33 34 35 36 37 38 39 3a 3b 3c 3d 3e 3f 40 41 42 43 44 45 46 47 48 49 4a 4b 4c 4d 4e 4f 50 51 52 53 54 55 56 57 58 59 5a 5b 5c 5d 5e 5f 60 61 62 63 64 65 66 67 68 69 6a 6b 6c 6d 6e 6f 70 71 72 73 74 75 76 77 78 79 7a 7b 7c 7d 7e 7f 80 81 82 83 84 85 86 87 88 89 8a 8b 8c 8d 8e 8f 90 91 92 93 94 95 96 97 98 99 9a 9b 9c 9d 9e 9f a0 a1 a2 a3 a4 a5 a6 a7 a8 a9 aa ab ac ad ae af b0 b1 b2 b3 b4 b5 b6 b7 b8 b9 ba bb bc bd be bf c0 c1 c2 c3 c4 c5 c6 c7 c8 c9 ca cb cc cd ce cf d0 d1 d2 d3 d4 d5 d6 d7 d8 d9 da db dc dd de df e0 e1 e2 e3 e4 e5 e6 e7 e8 e9 ea eb ec ed ee ef f0 f1 f2 f3 f4 f5 f6 f7 f8 f9 fa fb fc fd fe ff 
 0  1  2 69  4 75 d2 74  8 f6 ea cb 73 e7 e8  d 10 -- 3b --  3 -- 41 70 e6 -- 19 --  7 99 1a 37 20 -- -- -- 76 c0 -- de  6 c1 -- -- 82 -- e0 -- 1b -- -- 33 32 -- -- 77  e 3c e5 a5 34 -- 6e -- 40 -- -- -- -- -- -- -- ec -- 57 -- -- -- 6b 4f  c -- 55 -- -- 96 -- d8 d3 -- -- -- 17 -- -- -- 36 -- -- -- -- -- 66 -- 64 -- -- 58 -- -- ee 16 1c -- 78 -- 1d 84 9d 47 68 79 -- b7 dc -- -- -- 80 -- -- 21 -- -- -- -- -- -- -- ce -- -- -- --  f -- -- -- ae -- -- 30 -- b8 -- -- d6 4c 9e 83 18 -- -- -- aa 26 -- 5c -- -- fb -- -- -- 67 -- 71 -- -- -- -- -- -- e2 2e 13 -- -- -- -- -- -- 6c 4b -- -- -- -- -- -- -- -- -- -- cc -- -- -- c8 42 -- -- -- -- b0 d7 -- -- -- --  b -- 2c -- 38 -- -- -- f0 a7 -- -- 3a d1 df eb ed 98 8e 7b d0 -- f2 -- -- -- b9 1e 6f 60 -- -- -- -- -- 8b 

solutions so far:0 maxDepth:10 
iterations:45843004  skipped: 40 
Depth skipped: 
0 0 40 0 0 0 0 0 0 0 0 0 0 0 0 0 0 0 0 0 0 0 0 0 0 0 0 0 0 0 0 0 

running time: 5400 sec
 depth:6
 0  1  2  3  4  5  6  7  8  9  a  b  c  d  e  f 10 11 12 13 14 15 16 17 18 19 1a 1b 1c 1d 1e 1f 20 21 22 23 24 25 26 27 28 29 2a 2b 2c 2d 2e 2f 30 31 32 33 34 35 36 37 38 39 3a 3b 3c 3d 3e 3f 40 41 42 43 44 45 46 47 48 49 4a 4b 4c 4d 4e 4f 50 51 52 53 54 55 56 57 58 59 5a 5b 5c 5d 5e 5f 60 61 62 63 64 65 66 67 68 69 6a 6b 6c 6d 6e 6f 70 71 72 73 74 75 76 77 78 79 7a 7b 7c 7d 7e 7f 80 81 82 83 84 85 86 87 88 89 8a 8b 8c 8d 8e 8f 90 91 92 93 94 95 96 97 98 99 9a 9b 9c 9d 9e 9f a0 a1 a2 a3 a4 a5 a6 a7 a8 a9 aa ab ac ad ae af b0 b1 b2 b3 b4 b5 b6 b7 b8 b9 ba bb bc bd be bf c0 c1 c2 c3 c4 c5 c6 c7 c8 c9 ca cb cc cd ce cf d0 d1 d2 d3 d4 d5 d6 d7 d8 d9 da db dc dd de df e0 e1 e2 e3 e4 e5 e6 e7 e8 e9 ea eb ec ed ee ef f0 f1 f2 f3 f4 f5 f6 f7 f8 f9 fa fb fc fd fe ff 
 0  1  2 69  4 62 d2 ec  8 43 c4 59 73 9a  f -- 10 -- 86 -- 5f -- b2 37 e6 -- e3 -- 1e 7b -- 15 20 -- -- -- db fa -- 87 be cf -- -- b3 -- 6e -- 1b -- -- 33 11 -- -- -- 3c a6 f6 -- -- -- 2a -- 40 -- -- -- -- -- -- -- 61 -- 23 -- -- -- d9 4f ab -- 49 -- -- 96 -- d8 b1 -- -- -- dc -- -- -- 36 -- -- -- -- -- 66 -- 22 -- -- -- -- -- -- -- 78 -- 9b -- 3b 84 -- 88 -- 79 -- -- 54 -- -- -- 80 -- -- 21 -- -- -- -- -- -- -- ce -- -- -- -- c2 -- -- -- 46 -- -- d5 -- 6b -- -- 65 cd 9e f3 81 -- -- -- 92 8d -- de -- -- fb -- -- -- 67 -- b5 -- -- -- -- -- -- bd 6f ad -- -- -- -- -- -- 6c 4b -- -- -- -- -- -- -- -- -- -- cc -- -- -- 44 42 -- -- -- -- -- d7 -- -- -- -- -- -- -- -- f0 -- -- -- e1 d6 -- -- 76 31 df eb -- 4d c7 ca -- -- f2 -- -- -- -- 53 a8 7d -- -- -- -- -- 8c 

solutions so far:0 maxDepth:10 
iterations:49621042  skipped: 46 
Depth skipped: 
0 0 46 0 0 0 0 0 0 0 0 0 0 0 0 0 0 0 0 0 0 0 0 0 0 0 0 0 0 0 0 0 

running time: 5700 sec
 depth:7
 0  1  2  3  4  5  6  7  8  9  a  b  c  d  e  f 10 11 12 13 14 15 16 17 18 19 1a 1b 1c 1d 1e 1f 20 21 22 23 24 25 26 27 28 29 2a 2b 2c 2d 2e 2f 30 31 32 33 34 35 36 37 38 39 3a 3b 3c 3d 3e 3f 40 41 42 43 44 45 46 47 48 49 4a 4b 4c 4d 4e 4f 50 51 52 53 54 55 56 57 58 59 5a 5b 5c 5d 5e 5f 60 61 62 63 64 65 66 67 68 69 6a 6b 6c 6d 6e 6f 70 71 72 73 74 75 76 77 78 79 7a 7b 7c 7d 7e 7f 80 81 82 83 84 85 86 87 88 89 8a 8b 8c 8d 8e 8f 90 91 92 93 94 95 96 97 98 99 9a 9b 9c 9d 9e 9f a0 a1 a2 a3 a4 a5 a6 a7 a8 a9 aa ab ac ad ae af b0 b1 b2 b3 b4 b5 b6 b7 b8 b9 ba bb bc bd be bf c0 c1 c2 c3 c4 c5 c6 c7 c8 c9 ca cb cc cd ce cf d0 d1 d2 d3 d4 d5 d6 d7 d8 d9 da db dc dd de df e0 e1 e2 e3 e4 e5 e6 e7 e8 e9 ea eb ec ed ee ef f0 f1 f2 f3 f4 f5 f6 f7 f8 f9 fa fb fc fd fe ff 
 0  1  2 69  4 55 d2 a6  8 25 aa cf 73 81 9b 12 10 -- 4a -- 83 -- 49 a8 e6 -- d5 -- e1 db 24  5 20 -- -- -- 94  c -- 50 d1 c0 -- -- 92 -- 87 -- 1b -- -- 33 7d -- -- 39 15 a4 61 9c 48 --  a -- 40 -- -- -- -- -- -- -- ff -- 18 -- -- -- a0 4f 75 -- 57 -- -- 96 -- d8 f3 -- -- -- d9 -- -- -- 36 -- -- -- -- -- 66 -- fa -- -- 7c -- -- 72 1f 2a -- 9f -- c2 84 ef 46 90 79 -- 27 14 -- -- -- 80 -- -- 21 -- -- -- -- -- -- -- ce -- -- -- -- 29 -- -- -- 30 -- --  3 -- 43 -- -- 97 be 9e 8b ea -- -- -- ae 5f -- ca -- -- fb -- -- -- 67 -- 31 -- -- -- -- -- -- 62 65 c4 -- -- -- -- -- -- 6c 4b -- -- -- -- -- -- -- -- -- -- cc -- -- -- 23 42 -- -- -- -- f8 d7 -- -- -- -- e4 -- 3e -- 54 -- -- -- e9 86 -- -- 53 c1 df eb  9 ab 8c f9 f7 -- f2 -- -- -- 4e 52 28  6 -- -- -- -- -- 60 

solutions so far:0 maxDepth:10 
iterations:53975950  skipped: 52 
Depth skipped: 
0 0 52 0 0 0 0 0 0 0 0 0 0 0 0 0 0 0 0 0 0 0 0 0 0 0 0 0 0 0 0 0 

running time: 6000 sec
 depth:7
 0  1  2  3  4  5  6  7  8  9  a  b  c  d  e  f 10 11 12 13 14 15 16 17 18 19 1a 1b 1c 1d 1e 1f 20 21 22 23 24 25 26 27 28 29 2a 2b 2c 2d 2e 2f 30 31 32 33 34 35 36 37 38 39 3a 3b 3c 3d 3e 3f 40 41 42 43 44 45 46 47 48 49 4a 4b 4c 4d 4e 4f 50 51 52 53 54 55 56 57 58 59 5a 5b 5c 5d 5e 5f 60 61 62 63 64 65 66 67 68 69 6a 6b 6c 6d 6e 6f 70 71 72 73 74 75 76 77 78 79 7a 7b 7c 7d 7e 7f 80 81 82 83 84 85 86 87 88 89 8a 8b 8c 8d 8e 8f 90 91 92 93 94 95 96 97 98 99 9a 9b 9c 9d 9e 9f a0 a1 a2 a3 a4 a5 a6 a7 a8 a9 aa ab ac ad ae af b0 b1 b2 b3 b4 b5 b6 b7 b8 b9 ba bb bc bd be bf c0 c1 c2 c3 c4 c5 c6 c7 c8 c9 ca cb cc cd ce cf d0 d1 d2 d3 d4 d5 d6 d7 d8 d9 da db dc dd de df e0 e1 e2 e3 e4 e5 e6 e7 e8 e9 ea eb ec ed ee ef f0 f1 f2 f3 f4 f5 f6 f7 f8 f9 fa fb fc fd fe ff 
 0  1  2 69  4 4e d2 9b  8 c7 9c  f 73 6b e1 34 10 -- 59 -- ef -- 1e 87 e6 -- d6 -- 15 61 68 cd 20 -- -- -- b2 f7 -- 11  9 1f -- -- 3c -- d9 -- 1b -- -- 33 7b -- --  b 2a bd c2 ed d0 -- 4d -- 40 -- -- -- -- -- -- -- b3 -- 39 -- -- -- 22 4f 12 -- 3e -- -- 96 -- d8 78 -- -- -- 65 -- -- -- 36 -- -- -- -- -- 66 -- f6 -- -- b7 -- -- 16 58 54 -- ad -- 53 84  d 76 77 79 -- a5 9a -- -- -- 80 -- -- 21 -- -- -- -- -- -- -- ce -- -- -- -- b1 -- -- -- 72 -- -- 48 -- 86 -- -- 44 6f 9e f8 24 -- -- -- 7c dc -- 43 -- -- fb -- -- -- 67 -- f0 -- -- -- -- -- -- 37 ca 6e -- -- -- -- -- -- 6c 4b -- -- -- -- -- -- -- -- -- -- cc -- -- -- 3b 42 -- -- -- -- b9 d7 -- -- -- -- 2c -- b0 -- a8 -- -- -- 8d db -- -- a6 27 df eb 1a de ec 88 ee -- f2 -- -- -- 9d b5 e3 90 -- -- -- -- -- e4 

solutions so far:0 maxDepth:10 
iterations:57589874  skipped: 52 
Depth skipped: 
0 0 52 0 0 0 0 0 0 0 0 0 0 0 0 0 0 0 0 0 0 0 0 0 0 0 0 0 0 0 0 0 

running time: 6300 sec
 depth:6
 0  1  2  3  4  5  6  7  8  9  a  b  c  d  e  f 10 11 12 13 14 15 16 17 18 19 1a 1b 1c 1d 1e 1f 20 21 22 23 24 25 26 27 28 29 2a 2b 2c 2d 2e 2f 30 31 32 33 34 35 36 37 38 39 3a 3b 3c 3d 3e 3f 40 41 42 43 44 45 46 47 48 49 4a 4b 4c 4d 4e 4f 50 51 52 53 54 55 56 57 58 59 5a 5b 5c 5d 5e 5f 60 61 62 63 64 65 66 67 68 69 6a 6b 6c 6d 6e 6f 70 71 72 73 74 75 76 77 78 79 7a 7b 7c 7d 7e 7f 80 81 82 83 84 85 86 87 88 89 8a 8b 8c 8d 8e 8f 90 91 92 93 94 95 96 97 98 99 9a 9b 9c 9d 9e 9f a0 a1 a2 a3 a4 a5 a6 a7 a8 a9 aa ab ac ad ae af b0 b1 b2 b3 b4 b5 b6 b7 b8 b9 ba bb bc bd be bf c0 c1 c2 c3 c4 c5 c6 c7 c8 c9 ca cb cc cd ce cf d0 d1 d2 d3 d4 d5 d6 d7 d8 d9 da db dc dd de df e0 e1 e2 e3 e4 e5 e6 e7 e8 e9 ea eb ec ed ee ef f0 f1 f2 f3 f4 f5 f6 f7 f8 f9 fa fb fc fd fe ff 
 0  1  2 69  4 48 d2 99  8 9f 90 11 73 bd e5 -- 10 -- e9 -- f7 -- 22  7 e6 -- ad -- 1d 2e -- f9 20 -- -- --  5 7c -- ff 39 9c -- -- 44 --  e -- 1b -- -- 33 8d -- -- -- 3a 50 5c -- -- -- 25 -- 40 -- -- -- -- -- -- --  a -- f8 -- -- -- 29 4f 72 -- ef -- -- 96 -- d8 88 -- -- -- 1c -- -- -- 36 -- -- -- -- -- 66 -- cd -- -- -- -- -- -- -- 74 -- a0 -- b8 84 -- 9a -- 79 -- -- 4a -- -- -- 80 -- -- 21 -- -- -- -- -- -- -- ce -- -- -- -- 14 -- -- -- 27 -- -- 1f -- e0 -- -- 52 b1 9e 12 e4 -- -- --  9 b3 -- 70 -- -- fb -- -- -- 67 -- c7 -- -- -- -- -- -- 59 38 b2 -- -- -- -- -- -- 6c 4b -- -- -- -- -- -- -- -- -- -- cc -- -- -- 4d 42 -- -- -- -- -- d7 -- -- -- -- -- -- -- -- e8 -- -- -- 97 17 -- -- a7 24 df eb -- b5 e3 a4 -- -- f2 -- -- -- -- 28 94 3e -- -- -- -- -- 4e 

solutions so far:0 maxDepth:10 
iterations:61070754  skipped: 52 
Depth skipped: 
0 0 52 0 0 0 0 0 0 0 0 0 0 0 0 0 0 0 0 0 0 0 0 0 0 0 0 0 0 0 0 0 

running time: 6600 sec
 depth:7
 0  1  2  3  4  5  6  7  8  9  a  b  c  d  e  f 10 11 12 13 14 15 16 17 18 19 1a 1b 1c 1d 1e 1f 20 21 22 23 24 25 26 27 28 29 2a 2b 2c 2d 2e 2f 30 31 32 33 34 35 36 37 38 39 3a 3b 3c 3d 3e 3f 40 41 42 43 44 45 46 47 48 49 4a 4b 4c 4d 4e 4f 50 51 52 53 54 55 56 57 58 59 5a 5b 5c 5d 5e 5f 60 61 62 63 64 65 66 67 68 69 6a 6b 6c 6d 6e 6f 70 71 72 73 74 75 76 77 78 79 7a 7b 7c 7d 7e 7f 80 81 82 83 84 85 86 87 88 89 8a 8b 8c 8d 8e 8f 90 91 92 93 94 95 96 97 98 99 9a 9b 9c 9d 9e 9f a0 a1 a2 a3 a4 a5 a6 a7 a8 a9 aa ab ac ad ae af b0 b1 b2 b3 b4 b5 b6 b7 b8 b9 ba bb bc bd be bf c0 c1 c2 c3 c4 c5 c6 c7 c8 c9 ca cb cc cd ce cf d0 d1 d2 d3 d4 d5 d6 d7 d8 d9 da db dc dd de df e0 e1 e2 e3 e4 e5 e6 e7 e8 e9 ea eb ec ed ee ef f0 f1 f2 f3 f4 f5 f6 f7 f8 f9 fa fb fc fd fe ff 
 0  1  2 69  4 3b d2 a3  8 6d 76 75 73 ae 91 1f 10 -- da -- ec -- ea 3f e6 -- 8b -- f5 89 3e fd 20 -- -- -- 63 37 -- bf  f de -- --  3 -- 7e -- 1b -- -- 33 c1 -- -- 4e 3d bb c5 39 7c -- 2d -- 40 -- -- -- -- -- -- -- c6 -- 6e -- -- -- a9 4f 1e -- 6b -- -- 96 -- d8  6 -- -- -- fc -- -- -- 36 -- -- -- -- -- 66 -- 55 -- -- 24 -- -- 9c  9 7a -- a1 -- 5d 84 72 83 f8 79 -- 90 5a -- -- -- 80 -- -- 21 -- -- -- -- -- -- -- ce -- -- -- -- 5b -- -- -- dc -- -- 78 -- bc -- -- 85 c0 9e 7b 3c -- -- -- d6 60 -- 5e -- -- fb -- -- -- 67 --  c -- -- -- -- -- -- 18 2f 30 -- -- -- -- -- -- 6c 4b -- -- -- -- -- -- -- -- -- -- cc -- -- -- aa 42 -- -- -- -- 48 d7 -- -- -- -- ef -- 12 -- f4 -- -- -- 95 af -- -- ba f6 df eb e4 57 d1 dd 27 -- f2 -- -- -- f7 b6 b4 f0 -- -- -- -- -- 6f 

solutions so far:0 maxDepth:10 
iterations:65050469  skipped: 57 
Depth skipped: 
0 0 57 0 0 0 0 0 0 0 0 0 0 0 0 0 0 0 0 0 0 0 0 0 0 0 0 0 0 0 0 0 

running time: 6900 sec
 depth:6
 0  1  2  3  4  5  6  7  8  9  a  b  c  d  e  f 10 11 12 13 14 15 16 17 18 19 1a 1b 1c 1d 1e 1f 20 21 22 23 24 25 26 27 28 29 2a 2b 2c 2d 2e 2f 30 31 32 33 34 35 36 37 38 39 3a 3b 3c 3d 3e 3f 40 41 42 43 44 45 46 47 48 49 4a 4b 4c 4d 4e 4f 50 51 52 53 54 55 56 57 58 59 5a 5b 5c 5d 5e 5f 60 61 62 63 64 65 66 67 68 69 6a 6b 6c 6d 6e 6f 70 71 72 73 74 75 76 77 78 79 7a 7b 7c 7d 7e 7f 80 81 82 83 84 85 86 87 88 89 8a 8b 8c 8d 8e 8f 90 91 92 93 94 95 96 97 98 99 9a 9b 9c 9d 9e 9f a0 a1 a2 a3 a4 a5 a6 a7 a8 a9 aa ab ac ad ae af b0 b1 b2 b3 b4 b5 b6 b7 b8 b9 ba bb bc bd be bf c0 c1 c2 c3 c4 c5 c6 c7 c8 c9 ca cb cc cd ce cf d0 d1 d2 d3 d4 d5 d6 d7 d8 d9 da db dc dd de df e0 e1 e2 e3 e4 e5 e6 e7 e8 e9 ea eb ec ed ee ef f0 f1 f2 f3 f4 f5 f6 f7 f8 f9 fa fb fc fd fe ff 
 0  1  2 69  4 26 d2 9f  8 ad 4c 2b 73 93 e9 -- 10 -- 8d -- 98 -- 56 50 e6 -- f1 --  5 ff -- 88 20 -- -- -- cd 47 -- b3 e7 82 -- -- ac -- a0 -- 1b -- -- 33 35 -- -- --  a 11 29 -- -- -- c7 -- 40 -- -- -- -- -- -- -- 4d -- 8e -- -- -- b1 4f 19 -- d3 -- -- 96 -- d8 8f -- -- -- 97 -- -- -- 36 -- -- -- -- -- 66 -- 6a -- -- -- -- -- -- -- 14 -- 22 -- 52 84 -- 7f -- 79 -- -- 59 -- -- -- 80 -- -- 21 -- -- -- -- -- -- -- ce -- -- -- -- 9a -- -- -- cb -- -- 64 -- 4a -- -- b5 51 9e e2 32 -- -- -- 71 c3 -- 25 -- -- fb -- -- -- 67 -- c9 -- -- -- -- -- -- 45 f9 8a -- -- -- -- -- -- 6c 4b -- -- -- -- -- -- -- -- -- -- cc -- -- -- d4 42 -- -- -- -- -- d7 -- -- -- -- -- -- -- -- 28 -- -- -- 44 94 -- -- a4 13 df eb -- a2 fe bd -- -- f2 -- -- -- -- e3 b2 c8 -- -- -- -- -- 41 

solutions so far:0 maxDepth:10 
iterations:69236447  skipped: 67 
Depth skipped: 
0 0 67 0 0 0 0 0 0 0 0 0 0 0 0 0 0 0 0 0 0 0 0 0 0 0 0 0 0 0 0 0 

running time: 7200 sec
 depth:8
 0  1  2  3  4  5  6  7  8  9  a  b  c  d  e  f 10 11 12 13 14 15 16 17 18 19 1a 1b 1c 1d 1e 1f 20 21 22 23 24 25 26 27 28 29 2a 2b 2c 2d 2e 2f 30 31 32 33 34 35 36 37 38 39 3a 3b 3c 3d 3e 3f 40 41 42 43 44 45 46 47 48 49 4a 4b 4c 4d 4e 4f 50 51 52 53 54 55 56 57 58 59 5a 5b 5c 5d 5e 5f 60 61 62 63 64 65 66 67 68 69 6a 6b 6c 6d 6e 6f 70 71 72 73 74 75 76 77 78 79 7a 7b 7c 7d 7e 7f 80 81 82 83 84 85 86 87 88 89 8a 8b 8c 8d 8e 8f 90 91 92 93 94 95 96 97 98 99 9a 9b 9c 9d 9e 9f a0 a1 a2 a3 a4 a5 a6 a7 a8 a9 aa ab ac ad ae af b0 b1 b2 b3 b4 b5 b6 b7 b8 b9 ba bb bc bd be bf c0 c1 c2 c3 c4 c5 c6 c7 c8 c9 ca cb cc cd ce cf d0 d1 d2 d3 d4 d5 d6 d7 d8 d9 da db dc dd de df e0 e1 e2 e3 e4 e5 e6 e7 e8 e9 ea eb ec ed ee ef f0 f1 f2 f3 f4 f5 f6 f7 f8 f9 fa fb fc fd fe ff 
 0  1  2 69  4 15 d2 8b  8 46 2a a1 73 6d c1 9f 10  d 8c -- 54 -- 95 75 e6 -- da -- 55 60 e9 5f 20 -- 1a -- cf 43 -- d5 a8 c2 -- -- fd -- ea -- 1b -- -- 33 63 -- -- 28 aa 31 c0 29  5 -- be -- 40 -- -- -- 34 -- -- -- 49 -- 86 -- -- a5 7d 4f 87 -- 53 -- -- 96 -- d8 2d 77 -- --  3 -- -- -- 36 -- -- -- -- -- 66 -- c6 -- -- 25 -- -- 50 97 83 -- 62 -- 57 84 52 b6  a 79 -- 94 ab -- -- -- 80 -- -- 21 -- -- -- -- 68 -- -- ce -- b7 -- -- 92 -- -- -- db -- -- 65 -- 18 9d -- fa 85 9e 9b d9 -- -- -- a6 a9 --  c -- -- fb -- -- b0 67 -- 5a 16 ee  b -- 2c -- b4  6 bf -- -- -- 58 -- -- 6c 4b -- -- -- -- -- d0 -- -- -- -- cc b9 -- -- 5b 42 -- -- -- -- 4a d7 -- -- -- -- a0 -- f9 -- d1 -- -- ed c4 30 -- -- ae e1 df eb a4 dd bb 23 14 -- f2 -- -- -- ff f3 81 ca -- -- -- -- -- 61 

solutions so far:0 maxDepth:10 
iterations:74008859  skipped: 72 
Depth skipped: 
0 0 72 0 0 0 0 0 0 0 0 0 0 0 0 0 0 0 0 0 0 0 0 0 0 0 0 0 0 0 0 0 

running time: 7500 sec
 depth:8
 0  1  2  3  4  5  6  7  8  9  a  b  c  d  e  f 10 11 12 13 14 15 16 17 18 19 1a 1b 1c 1d 1e 1f 20 21 22 23 24 25 26 27 28 29 2a 2b 2c 2d 2e 2f 30 31 32 33 34 35 36 37 38 39 3a 3b 3c 3d 3e 3f 40 41 42 43 44 45 46 47 48 49 4a 4b 4c 4d 4e 4f 50 51 52 53 54 55 56 57 58 59 5a 5b 5c 5d 5e 5f 60 61 62 63 64 65 66 67 68 69 6a 6b 6c 6d 6e 6f 70 71 72 73 74 75 76 77 78 79 7a 7b 7c 7d 7e 7f 80 81 82 83 84 85 86 87 88 89 8a 8b 8c 8d 8e 8f 90 91 92 93 94 95 96 97 98 99 9a 9b 9c 9d 9e 9f a0 a1 a2 a3 a4 a5 a6 a7 a8 a9 aa ab ac ad ae af b0 b1 b2 b3 b4 b5 b6 b7 b8 b9 ba bb bc bd be bf c0 c1 c2 c3 c4 c5 c6 c7 c8 c9 ca cb cc cd ce cf d0 d1 d2 d3 d4 d5 d6 d7 d8 d9 da db dc dd de df e0 e1 e2 e3 e4 e5 e6 e7 e8 e9 ea eb ec ed ee ef f0 f1 f2 f3 f4 f5 f6 f7 f8 f9 fa fb fc fd fe ff 
 0  1  2 69  4  c d2 59  8 b6 18 91 73 bc b2 de 10 b0 bb -- 30 -- f5 ad e6 -- af -- b3 22 6b a9 20 -- b7 -- a1 c1 -- da 60 d1 -- -- 3d -- 8d -- 1b -- -- 33 89 -- -- 3b b1 5a 44 6e d6 -- 85 -- 40 -- -- -- b9 -- -- -- 95 -- 55 -- -- 16 63 4f c0 -- 75 -- -- 96 -- d8 7a ed -- -- cd -- -- -- 36 -- -- -- -- -- 66 -- c5 -- -- 3c -- -- 76  f b5 -- b4 -- 88 84 dc ba 7b 79 -- f0 dd -- -- -- 80 -- -- 21 -- -- -- -- a5 -- -- ce -- ee -- -- fd -- -- -- aa -- -- ae -- e3 2c -- c6 2f 9e  3 57 -- -- -- ea fc -- 9a -- -- fb -- -- 77 67 -- f4 34  d 1a -- 68 -- 3f 4d 7e -- -- -- d0 -- -- 6c 4b -- -- -- -- -- 9d -- -- -- -- cc  b -- -- 5d 42 -- -- -- -- 78 d7 -- -- -- -- ec -- 1e -- bd -- -- 58 bf 11 -- -- c7  6 df eb 6f 5e a3 5b f6 -- f2 -- -- -- 37 2d 6d 8b -- -- -- -- -- 83 

solutions so far:0 maxDepth:10 
iterations:79438146  skipped: 72 
Depth skipped: 
0 0 72 0 0 0 0 0 0 0 0 0 0 0 0 0 0 0 0 0 0 0 0 0 0 0 0 0 0 0 0 0 

running time: 7800 sec

Finished. Total running time: 8018 sec
