Search S-boxes invariant for matrix: 
{0x00,0x02,0x04,0x06,0x08,0x0a,0x0c,0x0e,0x10,0x12,0x14,0x16,0x18,0x1a,0x1c,0x1e,0x20,0x22,0x24,0x26,0x28,0x2a,0x2c,0x2e,0x30,0x32,0x34,0x36,0x38,0x3a,0x3c,0x3e,0x40,0x42,0x44,0x46,0x48,0x4a,0x4c,0x4e,0x50,0x52,0x54,0x56,0x58,0x5a,0x5c,0x5e,0x60,0x62,0x64,0x66,0x68,0x6a,0x6c,0x6e,0x70,0x72,0x74,0x76,0x78,0x7a,0x7c,0x7e,0x80,0x82,0x84,0x86,0x88,0x8a,0x8c,0x8e,0x90,0x92,0x94,0x96,0x98,0x9a,0x9c,0x9e,0xa0,0xa2,0xa4,0xa6,0xa8,0xaa,0xac,0xae,0xb0,0xb2,0xb4,0xb6,0xb8,0xba,0xbc,0xbe,0xc0,0xc2,0xc4,0xc6,0xc8,0xca,0xcc,0xce,0xd0,0xd2,0xd4,0xd6,0xd8,0xda,0xdc,0xde,0xe0,0xe2,0xe4,0xe6,0xe8,0xea,0xec,0xee,0xf0,0xf2,0xf4,0xf6,0xf8,0xfa,0xfc,0xfe,0xd7,0xd5,0xd3,0xd1,0xdf,0xdd,0xdb,0xd9,0xc7,0xc5,0xc3,0xc1,0xcf,0xcd,0xcb,0xc9,0xf7,0xf5,0xf3,0xf1,0xff,0xfd,0xfb,0xf9,0xe7,0xe5,0xe3,0xe1,0xef,0xed,0xeb,0xe9,0x97,0x95,0x93,0x91,0x9f,0x9d,0x9b,0x99,0x87,0x85,0x83,0x81,0x8f,0x8d,0x8b,0x89,0xb7,0xb5,0xb3,0xb1,0xbf,0xbd,0xbb,0xb9,0xa7,0xa5,0xa3,0xa1,0xaf,0xad,0xab,0xa9,0x57,0x55,0x53,0x51,0x5f,0x5d,0x5b,0x59,0x47,0x45,0x43,0x41,0x4f,0x4d,0x4b,0x49,0x77,0x75,0x73,0x71,0x7f,0x7d,0x7b,0x79,0x67,0x65,0x63,0x61,0x6f,0x6d,0x6b,0x69,0x17,0x15,0x13,0x11,0x1f,0x1d,0x1b,0x19,0x07,0x05,0x03,0x01,0x0f,0x0d,0x0b,0x09,0x37,0x35,0x33,0x31,0x3f,0x3d,0x3b,0x39,0x27,0x25,0x23,0x21,0x2f,0x2d,0x2b,0x29};



 depth:8
 0  1  2  3  4  5  6  7  8  9  a  b  c  d  e  f 10 11 12 13 14 15 16 17 18 19 1a 1b 1c 1d 1e 1f 20 21 22 23 24 25 26 27 28 29 2a 2b 2c 2d 2e 2f 30 31 32 33 34 35 36 37 38 39 3a 3b 3c 3d 3e 3f 40 41 42 43 44 45 46 47 48 49 4a 4b 4c 4d 4e 4f 50 51 52 53 54 55 56 57 58 59 5a 5b 5c 5d 5e 5f 60 61 62 63 64 65 66 67 68 69 6a 6b 6c 6d 6e 6f 70 71 72 73 74 75 76 77 78 79 7a 7b 7c 7d 7e 7f 80 81 82 83 84 85 86 87 88 89 8a 8b 8c 8d 8e 8f 90 91 92 93 94 95 96 97 98 99 9a 9b 9c 9d 9e 9f a0 a1 a2 a3 a4 a5 a6 a7 a8 a9 aa ab ac ad ae af b0 b1 b2 b3 b4 b5 b6 b7 b8 b9 ba bb bc bd be bf c0 c1 c2 c3 c4 c5 c6 c7 c8 c9 ca cb cc cd ce cf d0 d1 d2 d3 d4 d5 d6 d7 d8 d9 da db dc dd de df e0 e1 e2 e3 e4 e5 e6 e7 e8 e9 ea eb ec ed ee ef f0 f1 f2 f3 f4 f5 f6 f7 f8 f9 fa fb fc fd fe ff 
 0  1  2 64  4 fc c8 f7  8 a6 2f d0 47 a5 39 bd 10 23 9b -- 5e -- 77 7c 8e -- 9d -- 72 12 ad 65 20 -- 46 -- e1 ba -- db bc 3d -- -- ee -- f8 -- cb -- -- 33 ed -- -- 9a e4 a8 24 b3 8d -- ca -- 40 -- -- -- 8c -- -- -- 15 -- a3 -- -- d5 61 4f af -- 7a -- -- 26 -- d3  b 92 -- -- 27 -- -- -- 41 -- -- -- -- -- 66 --  d -- -- 88 -- -- e3 22 1f -- 87 -- 48 19 b1 34 cd 79 -- 59 43 -- -- -- 80 -- -- 98 -- -- -- -- cf -- -- e2 -- ab -- -- 2a -- -- -- 91 -- -- c5 -- ef 7d -- c2 b7 9e 3f 89 -- -- -- f4 b0 -- 9c -- -- 4c -- -- be 71 -- 16 62 f3 31 -- c4 -- 2c 4e 58 -- -- -- 5f -- -- 82 13 -- -- -- -- -- 49 -- -- -- -- cc 81 -- -- 1a e7 -- -- -- -- c7 d7 -- -- -- -- 11 -- 44 -- 3e -- -- fa d9  9 -- -- 90 7e 32 eb b5 b9 68 53 4d -- f2 -- -- -- b2 54 86 5d -- -- -- -- -- f5 

solutions so far:0 maxDepth:9 
iterations:2046281  skipped: 0 
Depth skipped: 
0 0 0 0 0 0 0 0 0 0 0 0 0 0 0 0 0 0 0 0 0 0 0 0 0 0 0 0 0 0 0 0 

running time: 300 sec
 depth:7
 0  1  2  3  4  5  6  7  8  9  a  b  c  d  e  f 10 11 12 13 14 15 16 17 18 19 1a 1b 1c 1d 1e 1f 20 21 22 23 24 25 26 27 28 29 2a 2b 2c 2d 2e 2f 30 31 32 33 34 35 36 37 38 39 3a 3b 3c 3d 3e 3f 40 41 42 43 44 45 46 47 48 49 4a 4b 4c 4d 4e 4f 50 51 52 53 54 55 56 57 58 59 5a 5b 5c 5d 5e 5f 60 61 62 63 64 65 66 67 68 69 6a 6b 6c 6d 6e 6f 70 71 72 73 74 75 76 77 78 79 7a 7b 7c 7d 7e 7f 80 81 82 83 84 85 86 87 88 89 8a 8b 8c 8d 8e 8f 90 91 92 93 94 95 96 97 98 99 9a 9b 9c 9d 9e 9f a0 a1 a2 a3 a4 a5 a6 a7 a8 a9 aa ab ac ad ae af b0 b1 b2 b3 b4 b5 b6 b7 b8 b9 ba bb bc bd be bf c0 c1 c2 c3 c4 c5 c6 c7 c8 c9 ca cb cc cd ce cf d0 d1 d2 d3 d4 d5 d6 d7 d8 d9 da db dc dd de df e0 e1 e2 e3 e4 e5 e6 e7 e8 e9 ea eb ec ed ee ef f0 f1 f2 f3 f4 f5 f6 f7 f8 f9 fa fb fc fd fe ff 
 0  1  2 64  4 f9 c8 ab  8 e0 25 f8 47 f7 81 b5 10 -- 17 -- 4a -- 27 46 8e -- 39 -- d5 62 bd 3a 20 -- -- -- 2e 9f --  e 94 14 -- -- 4e -- 8c -- cb -- -- 33 72 -- -- 4d 7d 99 c4 b2 ad -- 74 -- 40 -- -- -- -- -- -- -- 5c -- e9 -- -- -- 1c 4f ff -- 28 -- -- 26 -- d3 9c -- -- -- cf -- -- -- 41 -- -- -- -- -- 66 -- e4 -- -- 44 -- -- 9a 11 fa -- e5 -- 5f 19 b3 3e 8d 79 -- c7 e8 -- -- -- 80 -- -- 98 -- -- -- -- -- -- -- e2 -- -- -- -- b8 -- -- --  5 -- -- 52 -- f3 -- -- 38 48 9e a0 29 -- -- -- 50 24 -- 92 -- -- 4c -- -- -- 71 -- ef -- -- -- -- -- --  9 49 12 -- -- -- -- -- -- 82 13 -- -- -- -- -- -- -- -- -- -- cc -- -- -- 1f e7 -- -- -- -- 88 d7 -- -- -- -- e3 -- 22 -- 23 -- -- -- 1d 31 -- -- be 97 32 eb b1 90 7c 70 cd -- f2 -- -- -- 59 a7  7 a4 -- -- -- -- --  a 

solutions so far:0 maxDepth:9 
iterations:4372146  skipped: 0 
Depth skipped: 
0 0 0 0 0 0 0 0 0 0 0 0 0 0 0 0 0 0 0 0 0 0 0 0 0 0 0 0 0 0 0 0 

running time: 600 sec
 depth:7
 0  1  2  3  4  5  6  7  8  9  a  b  c  d  e  f 10 11 12 13 14 15 16 17 18 19 1a 1b 1c 1d 1e 1f 20 21 22 23 24 25 26 27 28 29 2a 2b 2c 2d 2e 2f 30 31 32 33 34 35 36 37 38 39 3a 3b 3c 3d 3e 3f 40 41 42 43 44 45 46 47 48 49 4a 4b 4c 4d 4e 4f 50 51 52 53 54 55 56 57 58 59 5a 5b 5c 5d 5e 5f 60 61 62 63 64 65 66 67 68 69 6a 6b 6c 6d 6e 6f 70 71 72 73 74 75 76 77 78 79 7a 7b 7c 7d 7e 7f 80 81 82 83 84 85 86 87 88 89 8a 8b 8c 8d 8e 8f 90 91 92 93 94 95 96 97 98 99 9a 9b 9c 9d 9e 9f a0 a1 a2 a3 a4 a5 a6 a7 a8 a9 aa ab ac ad ae af b0 b1 b2 b3 b4 b5 b6 b7 b8 b9 ba bb bc bd be bf c0 c1 c2 c3 c4 c5 c6 c7 c8 c9 ca cb cc cd ce cf d0 d1 d2 d3 d4 d5 d6 d7 d8 d9 da db dc dd de df e0 e1 e2 e3 e4 e5 e6 e7 e8 e9 ea eb ec ed ee ef f0 f1 f2 f3 f4 f5 f6 f7 f8 f9 fa fb fc fd fe ff 
 0  1  2 64  4 f6 c8 8f  8 aa 3b e5 47 e0 c9 28 10 -- 83 -- 76 -- 1d a2 8e -- 17 -- 45 fe 50 30 20 -- -- -- d1 f0 -- ae ec 6f -- -- 3a -- 93 -- cb -- -- 33 2e -- -- 25 8a  6 2b  5 a0 -- 60 -- 40 -- -- -- -- -- -- -- 75 -- 37 -- -- -- 8b 4f  f -- de -- -- 26 -- d3 74 -- -- -- f1 -- -- -- 41 -- -- -- -- -- 66 -- 5c -- -- 52 -- -- 4a ff c3 --  c -- 56 19  a a7 97 79 -- 9f c0 -- -- -- 80 -- -- 98 -- -- -- -- -- -- -- e2 -- -- -- -- ea -- -- -- 6e -- -- 3c -- d4 -- -- c1 38 9e d6 1e -- -- -- 6b 1c -- 6a -- -- 4c -- -- -- 71 -- e8 -- -- -- -- -- --  7 35  e -- -- -- -- -- -- 82 13 -- -- -- -- -- -- -- -- -- -- cc -- -- -- b8 e7 -- -- -- -- a4 d7 -- -- -- -- 94 -- 29 -- 51 -- -- -- 18 7f -- -- ac 7b 32 eb 14 70 99 55 f9 -- f2 -- -- -- e9  3 57 78 -- -- -- -- -- dc 

solutions so far:0 maxDepth:9 
iterations:6506899  skipped: 0 
Depth skipped: 
0 0 0 0 0 0 0 0 0 0 0 0 0 0 0 0 0 0 0 0 0 0 0 0 0 0 0 0 0 0 0 0 

running time: 900 sec
 depth:5
 0  1  2  3  4  5  6  7  8  9  a  b  c  d  e  f 10 11 12 13 14 15 16 17 18 19 1a 1b 1c 1d 1e 1f 20 21 22 23 24 25 26 27 28 29 2a 2b 2c 2d 2e 2f 30 31 32 33 34 35 36 37 38 39 3a 3b 3c 3d 3e 3f 40 41 42 43 44 45 46 47 48 49 4a 4b 4c 4d 4e 4f 50 51 52 53 54 55 56 57 58 59 5a 5b 5c 5d 5e 5f 60 61 62 63 64 65 66 67 68 69 6a 6b 6c 6d 6e 6f 70 71 72 73 74 75 76 77 78 79 7a 7b 7c 7d 7e 7f 80 81 82 83 84 85 86 87 88 89 8a 8b 8c 8d 8e 8f 90 91 92 93 94 95 96 97 98 99 9a 9b 9c 9d 9e 9f a0 a1 a2 a3 a4 a5 a6 a7 a8 a9 aa ab ac ad ae af b0 b1 b2 b3 b4 b5 b6 b7 b8 b9 ba bb bc bd be bf c0 c1 c2 c3 c4 c5 c6 c7 c8 c9 ca cb cc cd ce cf d0 d1 d2 d3 d4 d5 d6 d7 d8 d9 da db dc dd de df e0 e1 e2 e3 e4 e5 e6 e7 e8 e9 ea eb ec ed ee ef f0 f1 f2 f3 f4 f5 f6 f7 f8 f9 fa fb fc fd fe ff 
 0  1  2 64  4 f3 c8 51  8 5e 31 -- 47 -- a2 -- 10 -- bc -- 62 -- -- d4 8e -- -- -- 93 c9 -- f5 20 -- -- -- af d5 -- 3f c4 46 -- -- -- -- 7f -- cb -- -- 33 -- -- -- -- f1 ba 45 -- -- -- 3d -- 40 -- -- -- -- -- -- -- 89 -- 7d -- -- -- 7e 4f 5f -- 8c -- -- 26 -- d3 -- -- -- -- fe -- -- -- 41 -- -- -- -- -- 66 -- -- -- -- -- -- -- -- -- 35 -- a3 -- 8a 19 -- -- -- 79 -- -- 7a -- -- -- 80 -- -- 98 -- -- -- -- -- -- -- e2 -- -- -- -- c5 -- -- -- fa -- -- ab -- ac -- -- fc -- 9e 49 be -- -- -- cf -- -- 56 -- -- 4c -- -- -- 71 -- -- -- -- -- -- -- -- -- 2b -- -- -- -- -- -- -- 82 13 -- -- -- -- -- -- -- -- -- -- cc -- -- -- -- e7 -- -- -- -- -- d7 -- -- -- -- -- -- -- -- 6a -- -- -- 91 8f -- -- c3 92 32 eb -- -- -- 2f -- -- f2 -- -- -- -- 5d f4 81 -- -- -- -- -- 23 

solutions so far:0 maxDepth:9 
iterations:8755642  skipped: 0 
Depth skipped: 
0 0 0 0 0 0 0 0 0 0 0 0 0 0 0 0 0 0 0 0 0 0 0 0 0 0 0 0 0 0 0 0 

running time: 1200 sec
 depth:6
 0  1  2  3  4  5  6  7  8  9  a  b  c  d  e  f 10 11 12 13 14 15 16 17 18 19 1a 1b 1c 1d 1e 1f 20 21 22 23 24 25 26 27 28 29 2a 2b 2c 2d 2e 2f 30 31 32 33 34 35 36 37 38 39 3a 3b 3c 3d 3e 3f 40 41 42 43 44 45 46 47 48 49 4a 4b 4c 4d 4e 4f 50 51 52 53 54 55 56 57 58 59 5a 5b 5c 5d 5e 5f 60 61 62 63 64 65 66 67 68 69 6a 6b 6c 6d 6e 6f 70 71 72 73 74 75 76 77 78 79 7a 7b 7c 7d 7e 7f 80 81 82 83 84 85 86 87 88 89 8a 8b 8c 8d 8e 8f 90 91 92 93 94 95 96 97 98 99 9a 9b 9c 9d 9e 9f a0 a1 a2 a3 a4 a5 a6 a7 a8 a9 aa ab ac ad ae af b0 b1 b2 b3 b4 b5 b6 b7 b8 b9 ba bb bc bd be bf c0 c1 c2 c3 c4 c5 c6 c7 c8 c9 ca cb cc cd ce cf d0 d1 d2 d3 d4 d5 d6 d7 d8 d9 da db dc dd de df e0 e1 e2 e3 e4 e5 e6 e7 e8 e9 ea eb ec ed ee ef f0 f1 f2 f3 f4 f5 f6 f7 f8 f9 fa fb fc fd fe ff 
 0  1  2 64  4 e3 c8 7f  8  3 11 12 47 7c fe -- 10 --  6 -- 22 -- 24 c9 8e -- f8 -- 2b f1 -- 8b 20 -- -- --  c b3 -- 83 44 ad -- -- 48 -- 45 -- cb -- -- 33 27 -- -- -- 56 c0 35 -- -- -- c1 -- 40 -- -- -- -- -- -- -- 18 -- b1 -- -- -- d1 4f 88 -- 8d -- -- 26 -- d3 90 -- -- -- 8a -- -- -- 41 -- -- -- -- -- 66 -- 4e -- -- -- -- -- -- -- ac -- 57 -- 6a 19 -- ef -- 79 -- -- 55 -- -- -- 80 -- -- 98 -- -- -- -- -- -- -- e2 -- -- -- -- 30 -- -- -- b5 -- -- 59 -- a2 -- -- 75 1f 9e 4d c7 -- -- -- cd e4 -- 51 -- -- 4c -- -- -- 71 -- f7 -- -- -- -- -- -- 39 c3 72 -- -- -- -- -- -- 82 13 -- -- -- -- -- -- -- -- -- -- cc -- -- -- 9c e7 -- -- -- -- -- d7 -- -- -- -- -- -- -- -- 8f -- -- -- ae 93 -- -- d4 9a 32 eb -- 3e  9 ea -- -- f2 -- -- -- -- 60 aa b2 -- -- -- -- -- bd 

solutions so far:0 maxDepth:9 
iterations:10747279  skipped: 10 
Depth skipped: 
0 0 10 0 0 0 0 0 0 0 0 0 0 0 0 0 0 0 0 0 0 0 0 0 0 0 0 0 0 0 0 0 

running time: 1500 sec
 depth:7
 0  1  2  3  4  5  6  7  8  9  a  b  c  d  e  f 10 11 12 13 14 15 16 17 18 19 1a 1b 1c 1d 1e 1f 20 21 22 23 24 25 26 27 28 29 2a 2b 2c 2d 2e 2f 30 31 32 33 34 35 36 37 38 39 3a 3b 3c 3d 3e 3f 40 41 42 43 44 45 46 47 48 49 4a 4b 4c 4d 4e 4f 50 51 52 53 54 55 56 57 58 59 5a 5b 5c 5d 5e 5f 60 61 62 63 64 65 66 67 68 69 6a 6b 6c 6d 6e 6f 70 71 72 73 74 75 76 77 78 79 7a 7b 7c 7d 7e 7f 80 81 82 83 84 85 86 87 88 89 8a 8b 8c 8d 8e 8f 90 91 92 93 94 95 96 97 98 99 9a 9b 9c 9d 9e 9f a0 a1 a2 a3 a4 a5 a6 a7 a8 a9 aa ab ac ad ae af b0 b1 b2 b3 b4 b5 b6 b7 b8 b9 ba bb bc bd be bf c0 c1 c2 c3 c4 c5 c6 c7 c8 c9 ca cb cc cd ce cf d0 d1 d2 d3 d4 d5 d6 d7 d8 d9 da db dc dd de df e0 e1 e2 e3 e4 e5 e6 e7 e8 e9 ea eb ec ed ee ef f0 f1 f2 f3 f4 f5 f6 f7 f8 f9 fa fb fc fd fe ff 
 0  1  2 64  4 de c8 2c  8 6d 6b 7d 47 62 58 22 10 -- da -- d6 -- fa 9d 8e -- c4 -- b0 77 44 fd 20 -- -- -- 63  f -- bf 7b f0 -- -- 23 -- ed -- cb -- -- 33 5f -- -- b2 b7 bb ee 9a 88 -- 2d -- 40 -- -- -- -- -- -- -- c6 -- 1e -- -- -- a9 4f f6 -- 37 -- -- 26 -- d3 46 -- -- --  d -- -- -- 41 -- -- -- -- -- 66 -- be -- -- ad -- -- b3 b5 b9 -- a1 --  b 19 e3 81 c7 79 -- cd 5a -- -- -- 80 -- -- 98 -- -- -- -- -- -- -- e2 -- -- -- -- 5b -- -- -- 3c -- -- 76 -- 68 -- -- 85 f3 9e dc 3b -- -- -- 6e 92 -- 34 -- -- 4c -- -- -- 71 -- 8c -- -- -- -- -- -- cf 1a 49 -- -- -- -- -- -- 82 13 -- -- -- -- -- -- -- -- -- -- cc -- -- -- ab e7 -- -- -- -- 8d d7 -- -- -- -- b1 -- bd -- a5 -- -- -- 95 d0 -- -- 16 6f 32 eb 11 31 d5 dd 59 -- f2 -- -- -- 4d b6 b4 ec -- -- -- -- -- 78 

solutions so far:0 maxDepth:9 
iterations:13170700  skipped: 10 
Depth skipped: 
0 0 10 0 0 0 0 0 0 0 0 0 0 0 0 0 0 0 0 0 0 0 0 0 0 0 0 0 0 0 0 0 

running time: 1800 sec
 depth:7
 0  1  2  3  4  5  6  7  8  9  a  b  c  d  e  f 10 11 12 13 14 15 16 17 18 19 1a 1b 1c 1d 1e 1f 20 21 22 23 24 25 26 27 28 29 2a 2b 2c 2d 2e 2f 30 31 32 33 34 35 36 37 38 39 3a 3b 3c 3d 3e 3f 40 41 42 43 44 45 46 47 48 49 4a 4b 4c 4d 4e 4f 50 51 52 53 54 55 56 57 58 59 5a 5b 5c 5d 5e 5f 60 61 62 63 64 65 66 67 68 69 6a 6b 6c 6d 6e 6f 70 71 72 73 74 75 76 77 78 79 7a 7b 7c 7d 7e 7f 80 81 82 83 84 85 86 87 88 89 8a 8b 8c 8d 8e 8f 90 91 92 93 94 95 96 97 98 99 9a 9b 9c 9d 9e 9f a0 a1 a2 a3 a4 a5 a6 a7 a8 a9 aa ab ac ad ae af b0 b1 b2 b3 b4 b5 b6 b7 b8 b9 ba bb bc bd be bf c0 c1 c2 c3 c4 c5 c6 c7 c8 c9 ca cb cc cd ce cf d0 d1 d2 d3 d4 d5 d6 d7 d8 d9 da db dc dd de df e0 e1 e2 e3 e4 e5 e6 e7 e8 e9 ea eb ec ed ee ef f0 f1 f2 f3 f4 f5 f6 f7 f8 f9 fa fb fc fd fe ff 
 0  1  2 64  4 d9 c8 1f  8 3b 65  a 47 ff 3e 7d 10 -- 76 -- ca -- 14 9c 8e -- 29 -- 7c f7 fa 6e 20 -- -- -- ec 53 -- 6b 43 15 -- -- 28 -- ef -- cb -- -- 33 52 -- -- cf f8 78 39 ab 23 -- dc -- 40 -- -- -- -- -- -- --  f -- a6 -- -- -- d6 4f 86 -- 2a -- -- 26 -- d3 50 -- -- --  9 -- -- -- 41 -- -- -- -- -- 66 -- a4 -- -- 62 -- -- 49 f3 27 -- f0 -- 72 19 81 e9 46 79 -- 5f 6f -- -- -- 80 -- -- 98 -- -- -- -- -- -- -- e2 -- -- -- -- 1e -- -- -- 9b -- -- 61 -- 48 -- -- 7b 4a 9e a8 db -- -- -- 54 25 -- 24 -- -- 4c -- -- -- 71 -- a0 -- -- -- -- -- -- 97 12 f9 -- -- -- -- -- -- 82 13 -- -- -- -- -- -- -- -- -- -- cc -- -- -- 9f e7 -- -- -- -- c4 d7 -- -- -- -- 92 -- 31 -- 4e -- -- -- 37 90 -- -- e4 87 32 eb d5 94  5 f6 8c -- f2 -- -- -- be 3c de c2 -- -- -- -- -- e1 

solutions so far:0 maxDepth:9 
iterations:15397783  skipped: 10 
Depth skipped: 
0 0 10 0 0 0 0 0 0 0 0 0 0 0 0 0 0 0 0 0 0 0 0 0 0 0 0 0 0 0 0 0 

running time: 2100 sec
 depth:7
 0  1  2  3  4  5  6  7  8  9  a  b  c  d  e  f 10 11 12 13 14 15 16 17 18 19 1a 1b 1c 1d 1e 1f 20 21 22 23 24 25 26 27 28 29 2a 2b 2c 2d 2e 2f 30 31 32 33 34 35 36 37 38 39 3a 3b 3c 3d 3e 3f 40 41 42 43 44 45 46 47 48 49 4a 4b 4c 4d 4e 4f 50 51 52 53 54 55 56 57 58 59 5a 5b 5c 5d 5e 5f 60 61 62 63 64 65 66 67 68 69 6a 6b 6c 6d 6e 6f 70 71 72 73 74 75 76 77 78 79 7a 7b 7c 7d 7e 7f 80 81 82 83 84 85 86 87 88 89 8a 8b 8c 8d 8e 8f 90 91 92 93 94 95 96 97 98 99 9a 9b 9c 9d 9e 9f a0 a1 a2 a3 a4 a5 a6 a7 a8 a9 aa ab ac ad ae af b0 b1 b2 b3 b4 b5 b6 b7 b8 b9 ba bb bc bd be bf c0 c1 c2 c3 c4 c5 c6 c7 c8 c9 ca cb cc cd ce cf d0 d1 d2 d3 d4 d5 d6 d7 d8 d9 da db dc dd de df e0 e1 e2 e3 e4 e5 e6 e7 e8 e9 ea eb ec ed ee ef f0 f1 f2 f3 f4 f5 f6 f7 f8 f9 fa fb fc fd fe ff 
 0  1  2 64  4 d4 c8 5d  8  e 7f cf 47 81 ba 86 10 -- 1c -- fe -- 49 7a 8e -- d5 -- a3 bc db a7 20 -- -- -- 38 45 -- 3a 2b a2 -- -- 92 -- f4 -- cb -- -- 33 7d -- -- a6 91 2e af 65 61 -- 99 -- 40 -- -- -- -- -- -- -- 70 -- 8a -- -- -- 74 4f 56 -- 93 -- -- 26 -- d3 f3 -- -- -- 3f -- -- -- 41 -- -- -- -- -- 66 -- fa -- -- 54 -- -- 9b 15 f5 -- 5c -- 89 19 ca 46 c2 79 -- 87 e5 -- -- -- 80 -- -- 98 -- -- -- -- -- -- -- e2 -- -- -- -- e0 -- -- -- c3 -- -- 8f -- 2f -- -- e8 be 9e 35 ac -- -- -- f1 5f -- fc -- -- 4c -- -- -- 71 -- 31 -- -- -- -- -- -- 62 7e c4 -- -- -- -- -- -- 82 13 -- -- -- -- -- -- -- -- -- -- cc -- -- -- 23 e7 -- -- -- -- a8 d7 -- -- -- -- e1 -- 2a -- 3d -- -- -- b8 5e -- -- c5 6a 32 eb 43 ab 8c  7 53 -- f2 -- -- -- d9 17 1d c9 -- -- -- -- -- 51 

solutions so far:0 maxDepth:9 
iterations:17447344  skipped: 10 
Depth skipped: 
0 0 10 0 0 0 0 0 0 0 0 0 0 0 0 0 0 0 0 0 0 0 0 0 0 0 0 0 0 0 0 0 

running time: 2400 sec
 depth:7
 0  1  2  3  4  5  6  7  8  9  a  b  c  d  e  f 10 11 12 13 14 15 16 17 18 19 1a 1b 1c 1d 1e 1f 20 21 22 23 24 25 26 27 28 29 2a 2b 2c 2d 2e 2f 30 31 32 33 34 35 36 37 38 39 3a 3b 3c 3d 3e 3f 40 41 42 43 44 45 46 47 48 49 4a 4b 4c 4d 4e 4f 50 51 52 53 54 55 56 57 58 59 5a 5b 5c 5d 5e 5f 60 61 62 63 64 65 66 67 68 69 6a 6b 6c 6d 6e 6f 70 71 72 73 74 75 76 77 78 79 7a 7b 7c 7d 7e 7f 80 81 82 83 84 85 86 87 88 89 8a 8b 8c 8d 8e 8f 90 91 92 93 94 95 96 97 98 99 9a 9b 9c 9d 9e 9f a0 a1 a2 a3 a4 a5 a6 a7 a8 a9 aa ab ac ad ae af b0 b1 b2 b3 b4 b5 b6 b7 b8 b9 ba bb bc bd be bf c0 c1 c2 c3 c4 c5 c6 c7 c8 c9 ca cb cc cd ce cf d0 d1 d2 d3 d4 d5 d6 d7 d8 d9 da db dc dd de df e0 e1 e2 e3 e4 e5 e6 e7 e8 e9 ea eb ec ed ee ef f0 f1 f2 f3 f4 f5 f6 f7 f8 f9 fa fb fc fd fe ff 
 0  1  2 64  4 c1 c8 f0  8 7a 55 93 47 8f 37 cf 10 -- f4 -- aa -- f1 6b 8e -- c9 -- 6e  f 49 89 20 -- -- -- 3f  6 -- a3 83 60 -- -- 35 -- d6 -- cb -- -- 33 45 -- -- 62 dc 5e 1e 23 92 -- c5 -- 40 -- -- -- -- -- -- -- 7e --  c -- -- -- 91 4f d1 -- c0 -- -- 26 -- d3 6a -- -- -- 7b -- -- -- 41 -- -- -- -- -- 66 -- 8a -- -- 81 -- -- c4 be 6f -- bc -- 3c 19 46 51 f3 79 -- 7d 5d -- -- -- 80 -- -- 98 -- -- -- -- -- -- -- e2 -- -- -- -- fc -- -- -- 18 -- -- ea -- 76 -- -- f5 56 9e ae 75 -- -- -- 57 2b -- 3b -- -- 4c -- -- -- 71 -- d4 -- -- -- -- -- -- 7f f6 fe -- -- -- -- -- -- 82 13 -- -- -- -- -- -- -- -- -- -- cc -- -- -- c3 e7 -- -- -- -- d5 d7 -- -- -- -- 5f -- ab -- de -- -- -- af ec -- -- 78 8b 32 eb 8c ac a2 3d 31 -- f2 -- -- -- fa 2f ba  3 -- -- -- -- -- 30 

solutions so far:0 maxDepth:10 
iterations:19907767  skipped: 20 
Depth skipped: 
0 0 20 0 0 0 0 0 0 0 0 0 0 0 0 0 0 0 0 0 0 0 0 0 0 0 0 0 0 0 0 0 

running time: 2700 sec
 depth:6
 0  1  2  3  4  5  6  7  8  9  a  b  c  d  e  f 10 11 12 13 14 15 16 17 18 19 1a 1b 1c 1d 1e 1f 20 21 22 23 24 25 26 27 28 29 2a 2b 2c 2d 2e 2f 30 31 32 33 34 35 36 37 38 39 3a 3b 3c 3d 3e 3f 40 41 42 43 44 45 46 47 48 49 4a 4b 4c 4d 4e 4f 50 51 52 53 54 55 56 57 58 59 5a 5b 5c 5d 5e 5f 60 61 62 63 64 65 66 67 68 69 6a 6b 6c 6d 6e 6f 70 71 72 73 74 75 76 77 78 79 7a 7b 7c 7d 7e 7f 80 81 82 83 84 85 86 87 88 89 8a 8b 8c 8d 8e 8f 90 91 92 93 94 95 96 97 98 99 9a 9b 9c 9d 9e 9f a0 a1 a2 a3 a4 a5 a6 a7 a8 a9 aa ab ac ad ae af b0 b1 b2 b3 b4 b5 b6 b7 b8 b9 ba bb bc bd be bf c0 c1 c2 c3 c4 c5 c6 c7 c8 c9 ca cb cc cd ce cf d0 d1 d2 d3 d4 d5 d6 d7 d8 d9 da db dc dd de df e0 e1 e2 e3 e4 e5 e6 e7 e8 e9 ea eb ec ed ee ef f0 f1 f2 f3 f4 f5 f6 f7 f8 f9 fa fb fc fd fe ff 
 0  1  2 64  4 bd c8 57  8 1c ad bb 47 dd ae -- 10 -- 38 -- 8d -- a1 83 8e -- 6d -- 8b 18 -- 99 20 -- -- -- 70 22 -- 74 cd 59 -- -- 95 -- d1 -- cb -- -- 33 da -- -- -- c1 5c 30 -- -- -- e5 -- 40 -- -- -- -- -- -- -- e0 -- 44 -- -- -- e8 4f 4d -- b2 -- -- 26 -- d3 fd -- -- -- 75 -- -- -- 41 -- -- -- -- -- 66 -- 63 -- -- -- -- -- -- -- 55 -- b8 -- 60 19 -- 5b -- 79 -- -- 1d -- -- -- 80 -- -- 98 -- -- -- -- -- -- -- e2 -- -- -- -- 17 -- -- -- 88 -- -- e3 --  6 -- --  7 a9 9e b1 9a -- -- -- b3 bf --  3 -- -- 4c -- -- -- 71 -- 2d -- -- -- -- -- -- 5a ea b4 -- -- -- -- -- -- 82 13 -- -- -- -- -- -- -- -- -- -- cc -- -- -- c6 e7 -- -- -- -- -- d7 -- -- -- -- -- -- -- -- aa -- -- -- a7  c -- -- c0 b5 32 eb -- 85 b6  e -- -- f2 -- -- -- -- 2e 3a 11 -- -- -- -- -- c7 

solutions so far:0 maxDepth:10 
iterations:22547181  skipped: 20 
Depth skipped: 
0 0 20 0 0 0 0 0 0 0 0 0 0 0 0 0 0 0 0 0 0 0 0 0 0 0 0 0 0 0 0 0 

running time: 3000 sec
 depth:6
 0  1  2  3  4  5  6  7  8  9  a  b  c  d  e  f 10 11 12 13 14 15 16 17 18 19 1a 1b 1c 1d 1e 1f 20 21 22 23 24 25 26 27 28 29 2a 2b 2c 2d 2e 2f 30 31 32 33 34 35 36 37 38 39 3a 3b 3c 3d 3e 3f 40 41 42 43 44 45 46 47 48 49 4a 4b 4c 4d 4e 4f 50 51 52 53 54 55 56 57 58 59 5a 5b 5c 5d 5e 5f 60 61 62 63 64 65 66 67 68 69 6a 6b 6c 6d 6e 6f 70 71 72 73 74 75 76 77 78 79 7a 7b 7c 7d 7e 7f 80 81 82 83 84 85 86 87 88 89 8a 8b 8c 8d 8e 8f 90 91 92 93 94 95 96 97 98 99 9a 9b 9c 9d 9e 9f a0 a1 a2 a3 a4 a5 a6 a7 a8 a9 aa ab ac ad ae af b0 b1 b2 b3 b4 b5 b6 b7 b8 b9 ba bb bc bd be bf c0 c1 c2 c3 c4 c5 c6 c7 c8 c9 ca cb cc cd ce cf d0 d1 d2 d3 d4 d5 d6 d7 d8 d9 da db dc dd de df e0 e1 e2 e3 e4 e5 e6 e7 e8 e9 ea eb ec ed ee ef f0 f1 f2 f3 f4 f5 f6 f7 f8 f9 fa fb fc fd fe ff 
 0  1  2 64  4 ba c8 67  8 7f a3 97 47 e9 ce -- 10 -- fe -- 91 -- f9 42 8e --  5 -- 4b 1b -- c3 20 -- -- -- 2b 7e -- f1 f5 bc -- -- 25 -- 84 -- cb -- -- 33  a -- -- -- 96 c9 36 -- -- -- 51 -- 40 -- -- -- -- -- -- -- 56 -- fc -- -- -- 35 4f 3d -- af -- -- 26 -- d3 4a -- -- -- df -- -- -- 41 -- -- -- -- -- 66 -- 14 -- -- -- -- -- -- -- fb -- 45 -- 6c 19 -- 50 -- 79 -- -- a2 -- -- -- 80 -- -- 98 -- -- -- -- -- -- -- e2 -- -- -- -- ac -- -- -- 2f -- -- f4 -- 73 -- -- 6a a4 9e c5 7a -- -- -- 89 52 -- d2 -- -- 4c -- -- -- 71 -- 94 -- -- -- -- -- -- ff 69 29 -- -- -- -- -- -- 82 13 -- -- -- -- -- -- -- -- -- -- cc -- -- -- 28 e7 -- -- -- -- -- d7 -- -- -- -- -- -- -- -- 21 -- -- -- 8a e6 -- -- d8 5d 32 eb -- 9f a0 d4 -- -- f2 -- -- -- -- 8f 93 3f -- -- -- -- -- 5e 

solutions so far:0 maxDepth:10 
iterations:24630358  skipped: 20 
Depth skipped: 
0 0 20 0 0 0 0 0 0 0 0 0 0 0 0 0 0 0 0 0 0 0 0 0 0 0 0 0 0 0 0 0 

running time: 3300 sec
 depth:6
 0  1  2  3  4  5  6  7  8  9  a  b  c  d  e  f 10 11 12 13 14 15 16 17 18 19 1a 1b 1c 1d 1e 1f 20 21 22 23 24 25 26 27 28 29 2a 2b 2c 2d 2e 2f 30 31 32 33 34 35 36 37 38 39 3a 3b 3c 3d 3e 3f 40 41 42 43 44 45 46 47 48 49 4a 4b 4c 4d 4e 4f 50 51 52 53 54 55 56 57 58 59 5a 5b 5c 5d 5e 5f 60 61 62 63 64 65 66 67 68 69 6a 6b 6c 6d 6e 6f 70 71 72 73 74 75 76 77 78 79 7a 7b 7c 7d 7e 7f 80 81 82 83 84 85 86 87 88 89 8a 8b 8c 8d 8e 8f 90 91 92 93 94 95 96 97 98 99 9a 9b 9c 9d 9e 9f a0 a1 a2 a3 a4 a5 a6 a7 a8 a9 aa ab ac ad ae af b0 b1 b2 b3 b4 b5 b6 b7 b8 b9 ba bb bc bd be bf c0 c1 c2 c3 c4 c5 c6 c7 c8 c9 ca cb cc cd ce cf d0 d1 d2 d3 d4 d5 d6 d7 d8 d9 da db dc dd de df e0 e1 e2 e3 e4 e5 e6 e7 e8 e9 ea eb ec ed ee ef f0 f1 f2 f3 f4 f5 f6 f7 f8 f9 fa fb fc fd fe ff 
 0  1  2 64  4 b7 c8 12  8 22 b9 c4 47 8c 24 -- 10 -- 44 -- a5 -- 5f 72 8e -- cf -- 48 4e -- bd 20 -- -- -- 88 68 -- 4d 9d  b -- -- be -- e4 -- cb -- -- 33 49 -- -- -- 90 b3 9c -- -- -- ad -- 40 -- -- -- -- -- -- -- c7 -- d0 -- -- -- 9a 4f ed -- 16 -- -- 26 -- d3 ab -- -- -- 1f -- -- -- 41 -- -- -- -- -- 66 -- 92 -- -- -- -- -- -- -- f7 -- b1 -- ef 19 -- 31 -- 79 -- -- 8d -- -- -- 80 -- -- 98 -- -- -- -- -- -- -- e2 -- -- -- -- 59 -- -- -- 77 -- -- 1a -- f8 -- -- e3 23 9e 58  d -- -- -- 2c fa -- 7c -- -- 4c -- -- -- 71 -- 81 -- -- -- -- -- -- d5 3e 7d -- -- -- -- -- -- 82 13 -- -- -- -- -- -- -- -- -- -- cc -- -- -- f3 e7 -- -- -- -- -- d7 -- -- -- -- -- -- -- -- 39 -- -- -- b5 27 -- --  9 b0 32 eb -- 46 62 11 -- -- f2 -- -- -- -- b2 cd 34 -- -- -- -- -- ee 

solutions so far:0 maxDepth:10 
iterations:26975163  skipped: 20 
Depth skipped: 
0 0 20 0 0 0 0 0 0 0 0 0 0 0 0 0 0 0 0 0 0 0 0 0 0 0 0 0 0 0 0 0 

running time: 3600 sec
 depth:8
 0  1  2  3  4  5  6  7  8  9  a  b  c  d  e  f 10 11 12 13 14 15 16 17 18 19 1a 1b 1c 1d 1e 1f 20 21 22 23 24 25 26 27 28 29 2a 2b 2c 2d 2e 2f 30 31 32 33 34 35 36 37 38 39 3a 3b 3c 3d 3e 3f 40 41 42 43 44 45 46 47 48 49 4a 4b 4c 4d 4e 4f 50 51 52 53 54 55 56 57 58 59 5a 5b 5c 5d 5e 5f 60 61 62 63 64 65 66 67 68 69 6a 6b 6c 6d 6e 6f 70 71 72 73 74 75 76 77 78 79 7a 7b 7c 7d 7e 7f 80 81 82 83 84 85 86 87 88 89 8a 8b 8c 8d 8e 8f 90 91 92 93 94 95 96 97 98 99 9a 9b 9c 9d 9e 9f a0 a1 a2 a3 a4 a5 a6 a7 a8 a9 aa ab ac ad ae af b0 b1 b2 b3 b4 b5 b6 b7 b8 b9 ba bb bc bd be bf c0 c1 c2 c3 c4 c5 c6 c7 c8 c9 ca cb cc cd ce cf d0 d1 d2 d3 d4 d5 d6 d7 d8 d9 da db dc dd de df e0 e1 e2 e3 e4 e5 e6 e7 e8 e9 ea eb ec ed ee ef f0 f1 f2 f3 f4 f5 f6 f7 f8 f9 fa fb fc fd fe ff 
 0  1  2 64  4 b2 c8 21  8 ed b3 5b 47 a9 42 d6 10 ab  d -- b1 -- b6 73 8e -- 85 -- 84 ce 7b 16 20 -- 81 -- 1a 4d -- b7 b5 22 -- -- bb -- e6 -- cb -- -- 33 dd -- -- ec df 77 4b 6f f6 -- 2c -- 40 -- -- -- d5 -- -- -- 34 -- 9a -- -- c4 b9 4f bd -- 44 -- -- 26 -- d3 a1 23 -- -- 1b -- -- -- 41 -- -- -- -- -- 66 -- 6d -- -- f0 -- --  f 3c 69 -- ee -- 96 19 de 63 3b 79 -- 6e 58 -- -- -- 80 -- -- 98 -- -- -- -- 7d -- -- e2 -- 31 -- -- 68 -- -- -- e3 -- -- 8d -- d8 5f -- a5 b4 9e c7 ad -- -- -- 88 5a -- 6c -- -- 4c -- -- f3 71 -- 95 cf 46 8c -- 49 -- fd 36 2d -- -- -- 92 -- -- 82 13 -- -- -- -- -- fa -- -- -- -- cc 62 -- -- da e7 -- -- -- -- 37 d7 -- -- -- -- 1e -- 78 -- d2 -- -- be  b 67 -- -- fb 59 32 eb 6b bf c6 9d 76 -- f2 -- -- -- dc d0 b0 cd -- -- -- -- -- 11 

solutions so far:0 maxDepth:10 
iterations:29641069  skipped: 20 
Depth skipped: 
0 0 20 0 0 0 0 0 0 0 0 0 0 0 0 0 0 0 0 0 0 0 0 0 0 0 0 0 0 0 0 0 

running time: 3900 sec
 depth:7
 0  1  2  3  4  5  6  7  8  9  a  b  c  d  e  f 10 11 12 13 14 15 16 17 18 19 1a 1b 1c 1d 1e 1f 20 21 22 23 24 25 26 27 28 29 2a 2b 2c 2d 2e 2f 30 31 32 33 34 35 36 37 38 39 3a 3b 3c 3d 3e 3f 40 41 42 43 44 45 46 47 48 49 4a 4b 4c 4d 4e 4f 50 51 52 53 54 55 56 57 58 59 5a 5b 5c 5d 5e 5f 60 61 62 63 64 65 66 67 68 69 6a 6b 6c 6d 6e 6f 70 71 72 73 74 75 76 77 78 79 7a 7b 7c 7d 7e 7f 80 81 82 83 84 85 86 87 88 89 8a 8b 8c 8d 8e 8f 90 91 92 93 94 95 96 97 98 99 9a 9b 9c 9d 9e 9f a0 a1 a2 a3 a4 a5 a6 a7 a8 a9 aa ab ac ad ae af b0 b1 b2 b3 b4 b5 b6 b7 b8 b9 ba bb bc bd be bf c0 c1 c2 c3 c4 c5 c6 c7 c8 c9 ca cb cc cd ce cf d0 d1 d2 d3 d4 d5 d6 d7 d8 d9 da db dc dd de df e0 e1 e2 e3 e4 e5 e6 e7 e8 e9 ea eb ec ed ee ef f0 f1 f2 f3 f4 f5 f6 f7 f8 f9 fa fb fc fd fe ff 
 0  1  2 64  4 a4 c8 21  8 af 9f a6 47 ca 42 63 10 -- 89 -- e9 -- 9b 73 8e -- 43 -- 84 ce c6 7a 20 -- -- -- c5 a0 -- fc  5 4a -- -- e1 -- e6 -- cb -- -- 33 86 -- -- a1 df 91 4b dd 5b -- f4 -- 40 -- -- -- -- -- -- -- 5d -- 97 -- -- -- 2f 4f  a -- 94 -- -- 26 -- d3 15 -- -- -- 1b -- -- -- 41 -- -- -- -- -- 66 -- db -- -- b4 -- -- 95 2d 69 -- f5 -- 96 19 6d c2 b6 79 -- a9 3f -- -- -- 80 -- -- 98 -- -- -- -- -- -- -- e2 -- -- -- -- ba -- -- -- f9 -- -- 28 -- d8 -- -- 5e d9 9e 29 14 -- -- -- ff 87 -- 6c -- -- 4c -- -- -- 71 -- 2a -- -- -- -- -- -- 54 36 a8 -- -- -- -- -- -- 82 13 -- -- -- -- -- -- -- -- -- -- cc -- -- -- 61 e7 -- -- -- -- bf d7 -- -- -- -- fd -- 5a -- d2 -- -- -- 3d 67 -- -- fb 52 32 eb da 65 53 bc bb -- f2 -- -- -- 85 a3 7e 50 -- -- -- -- -- 25 

solutions so far:0 maxDepth:10 
iterations:32395949  skipped: 28 
Depth skipped: 
0 0 28 0 0 0 0 0 0 0 0 0 0 0 0 0 0 0 0 0 0 0 0 0 0 0 0 0 0 0 0 0 

running time: 4200 sec
 depth:7
 0  1  2  3  4  5  6  7  8  9  a  b  c  d  e  f 10 11 12 13 14 15 16 17 18 19 1a 1b 1c 1d 1e 1f 20 21 22 23 24 25 26 27 28 29 2a 2b 2c 2d 2e 2f 30 31 32 33 34 35 36 37 38 39 3a 3b 3c 3d 3e 3f 40 41 42 43 44 45 46 47 48 49 4a 4b 4c 4d 4e 4f 50 51 52 53 54 55 56 57 58 59 5a 5b 5c 5d 5e 5f 60 61 62 63 64 65 66 67 68 69 6a 6b 6c 6d 6e 6f 70 71 72 73 74 75 76 77 78 79 7a 7b 7c 7d 7e 7f 80 81 82 83 84 85 86 87 88 89 8a 8b 8c 8d 8e 8f 90 91 92 93 94 95 96 97 98 99 9a 9b 9c 9d 9e 9f a0 a1 a2 a3 a4 a5 a6 a7 a8 a9 aa ab ac ad ae af b0 b1 b2 b3 b4 b5 b6 b7 b8 b9 ba bb bc bd be bf c0 c1 c2 c3 c4 c5 c6 c7 c8 c9 ca cb cc cd ce cf d0 d1 d2 d3 d4 d5 d6 d7 d8 d9 da db dc dd de df e0 e1 e2 e3 e4 e5 e6 e7 e8 e9 ea eb ec ed ee ef f0 f1 f2 f3 f4 f5 f6 f7 f8 f9 fa fb fc fd fe ff 
 0  1  2 64  4 9b c8 1d  8  f e1 45 47 7f 3a 77 10 -- 1e -- 15 -- 8a 1c 8e -- fe -- 74 b8 ee de 20 -- -- -- 3c 65 -- f6 2a db -- -- c3 -- 38 -- cb -- -- 33 2b -- -- 58 e8 6e a7 34  b -- 6b -- 40 -- -- -- -- -- -- -- 78 -- ca -- -- -- 3b 4f 54 -- 61 -- -- 26 -- d3 51 -- -- -- 70 -- -- -- 41 -- -- -- -- -- 66 -- 56 -- -- 9d -- -- b0 b9  7 -- dc -- 99 19 68 8f 16 79 --  d d6 -- -- -- 80 -- -- 98 -- -- -- -- -- -- -- e2 -- -- -- -- f0 -- -- -- 43 -- -- 87 -- 2e -- -- 76 6a 9e 53 a8 -- -- -- c2 35 -- 17 -- -- 4c -- -- -- 71 -- a2 -- -- -- -- -- -- 93 e0 f1 -- -- -- -- -- -- 82 13 -- -- -- -- -- -- -- -- -- -- cc -- -- -- ac e7 -- -- -- -- ed d7 -- -- -- -- b7 -- a5 --  e -- -- -- 6f 5c -- -- e5 a6 32 eb d0 d4 c9 ec 2c -- f2 -- -- -- 1a 37 7b d9 -- -- -- -- -- 86 

solutions so far:0 maxDepth:10 
iterations:35144414  skipped: 32 
Depth skipped: 
0 0 32 0 0 0 0 0 0 0 0 0 0 0 0 0 0 0 0 0 0 0 0 0 0 0 0 0 0 0 0 0 

running time: 4500 sec
 depth:7
 0  1  2  3  4  5  6  7  8  9  a  b  c  d  e  f 10 11 12 13 14 15 16 17 18 19 1a 1b 1c 1d 1e 1f 20 21 22 23 24 25 26 27 28 29 2a 2b 2c 2d 2e 2f 30 31 32 33 34 35 36 37 38 39 3a 3b 3c 3d 3e 3f 40 41 42 43 44 45 46 47 48 49 4a 4b 4c 4d 4e 4f 50 51 52 53 54 55 56 57 58 59 5a 5b 5c 5d 5e 5f 60 61 62 63 64 65 66 67 68 69 6a 6b 6c 6d 6e 6f 70 71 72 73 74 75 76 77 78 79 7a 7b 7c 7d 7e 7f 80 81 82 83 84 85 86 87 88 89 8a 8b 8c 8d 8e 8f 90 91 92 93 94 95 96 97 98 99 9a 9b 9c 9d 9e 9f a0 a1 a2 a3 a4 a5 a6 a7 a8 a9 aa ab ac ad ae af b0 b1 b2 b3 b4 b5 b6 b7 b8 b9 ba bb bc bd be bf c0 c1 c2 c3 c4 c5 c6 c7 c8 c9 ca cb cc cd ce cf d0 d1 d2 d3 d4 d5 d6 d7 d8 d9 da db dc dd de df e0 e1 e2 e3 e4 e5 e6 e7 e8 e9 ea eb ec ed ee ef f0 f1 f2 f3 f4 f5 f6 f7 f8 f9 fa fb fc fd fe ff 
 0  1  2 64  4 94 c8 5f  8 84 ff c7 47 4d be 65 10 -- df -- 29 -- 59 fa 8e -- 9a -- ab f3 ca d8 20 -- -- -- 69  a -- 96 52 a0 -- -- b2 -- 23 -- cb -- -- 33 e3 -- -- 61 81 1b 31 a8 43 -- 67 -- 40 -- -- -- -- -- -- -- d2 -- 14 -- -- -- fb 4f a4 -- 97 -- -- 26 -- d3 b3 -- -- -- 46 -- -- -- 41 -- -- -- -- -- 66 -- 11 -- -- e1 -- -- c2 a6 d5 -- 36 -- 62 19 87 44 86 79 -- 2a ce -- -- -- 80 -- -- 98 -- -- -- -- -- -- -- e2 -- -- -- -- 73 -- -- -- 28 -- -- e9 -- 49 -- -- 21 8d 9e 25 9f -- -- -- f9 ad -- cf -- -- 4c -- -- -- 71 -- b1 -- -- -- -- -- -- b5 8c bd -- -- -- -- -- -- 82 13 -- -- -- -- -- -- -- -- -- -- cc -- -- -- 22 e7 -- -- -- -- 15 d7 -- -- -- -- 53 -- 9b -- 7d -- -- -- 6c 92 -- -- c4 4a 32 eb d9 cd 88 42 db -- f2 -- -- -- 54 e6 4b  5 -- -- -- -- -- 50 

solutions so far:0 maxDepth:10 
iterations:38254420  skipped: 32 
Depth skipped: 
0 0 32 0 0 0 0 0 0 0 0 0 0 0 0 0 0 0 0 0 0 0 0 0 0 0 0 0 0 0 0 0 

running time: 4800 sec
 depth:7
 0  1  2  3  4  5  6  7  8  9  a  b  c  d  e  f 10 11 12 13 14 15 16 17 18 19 1a 1b 1c 1d 1e 1f 20 21 22 23 24 25 26 27 28 29 2a 2b 2c 2d 2e 2f 30 31 32 33 34 35 36 37 38 39 3a 3b 3c 3d 3e 3f 40 41 42 43 44 45 46 47 48 49 4a 4b 4c 4d 4e 4f 50 51 52 53 54 55 56 57 58 59 5a 5b 5c 5d 5e 5f 60 61 62 63 64 65 66 67 68 69 6a 6b 6c 6d 6e 6f 70 71 72 73 74 75 76 77 78 79 7a 7b 7c 7d 7e 7f 80 81 82 83 84 85 86 87 88 89 8a 8b 8c 8d 8e 8f 90 91 92 93 94 95 96 97 98 99 9a 9b 9c 9d 9e 9f a0 a1 a2 a3 a4 a5 a6 a7 a8 a9 aa ab ac ad ae af b0 b1 b2 b3 b4 b5 b6 b7 b8 b9 ba bb bc bd be bf c0 c1 c2 c3 c4 c5 c6 c7 c8 c9 ca cb cc cd ce cf d0 d1 d2 d3 d4 d5 d6 d7 d8 d9 da db dc dd de df e0 e1 e2 e3 e4 e5 e6 e7 e8 e9 ea eb ec ed ee ef f0 f1 f2 f3 f4 f5 f6 f7 f8 f9 fa fb fc fd fe ff 
 0  1  2 64  4 87 c8 b9  8 24 d9 7e 47 a3 a5 55 10 -- 48 -- 65 -- fc 34 8e -- 91 -- 9d 2c aa 7c 20 -- -- -- 90 c2 -- 9c ca e1 -- -- 2f -- 68 -- cb -- -- 33 f5 -- -- ea ed e4 58 ae 83 -- f8 -- 40 -- -- -- -- -- -- -- f7 -- 53 -- -- -- ef 4f 43 -- 15 -- -- 26 -- d3 5e -- -- -- d0 -- -- -- 41 -- -- -- -- -- 66 -- 3d -- -- 30 -- --  3  c  d -- 1f -- b0 19 8b f4 d1 79 -- c0 27 -- -- -- 80 -- -- 98 -- -- -- -- -- -- -- e2 -- -- -- -- 39 -- -- -- a6 -- -- db --  b -- --  9 5d 9e 54 86 -- -- -- 2a c5 -- ee -- -- 4c -- -- -- 71 -- bc -- -- -- -- -- -- af 77 89 -- -- -- -- -- -- 82 13 -- -- -- -- -- -- -- -- -- -- cc -- -- -- 7a e7 -- -- -- -- 60 d7 -- -- -- --  6 -- 18 -- 1a -- -- -- 3e 16 -- -- b7 a8 32 eb c1 ba 3f 12 75 -- f2 -- -- -- 57 72 4e 61 -- -- -- -- -- 9b 

solutions so far:0 maxDepth:10 
iterations:40858062  skipped: 38 
Depth skipped: 
0 0 38 0 0 0 0 0 0 0 0 0 0 0 0 0 0 0 0 0 0 0 0 0 0 0 0 0 0 0 0 0 

running time: 5100 sec
 depth:7
 0  1  2  3  4  5  6  7  8  9  a  b  c  d  e  f 10 11 12 13 14 15 16 17 18 19 1a 1b 1c 1d 1e 1f 20 21 22 23 24 25 26 27 28 29 2a 2b 2c 2d 2e 2f 30 31 32 33 34 35 36 37 38 39 3a 3b 3c 3d 3e 3f 40 41 42 43 44 45 46 47 48 49 4a 4b 4c 4d 4e 4f 50 51 52 53 54 55 56 57 58 59 5a 5b 5c 5d 5e 5f 60 61 62 63 64 65 66 67 68 69 6a 6b 6c 6d 6e 6f 70 71 72 73 74 75 76 77 78 79 7a 7b 7c 7d 7e 7f 80 81 82 83 84 85 86 87 88 89 8a 8b 8c 8d 8e 8f 90 91 92 93 94 95 96 97 98 99 9a 9b 9c 9d 9e 9f a0 a1 a2 a3 a4 a5 a6 a7 a8 a9 aa ab ac ad ae af b0 b1 b2 b3 b4 b5 b6 b7 b8 b9 ba bb bc bd be bf c0 c1 c2 c3 c4 c5 c6 c7 c8 c9 ca cb cc cd ce cf d0 d1 d2 d3 d4 d5 d6 d7 d8 d9 da db dc dd de df e0 e1 e2 e3 e4 e5 e6 e7 e8 e9 ea eb ec ed ee ef f0 f1 f2 f3 f4 f5 f6 f7 f8 f9 fa fb fc fd fe ff 
 0  1  2 64  4 7e c8 42  8 75 fc 63 47 b4 84 b3 10 -- ea -- 2f -- c6 e6 8e -- bf -- df 4b b1 57 20 -- -- --  3 5d -- 55 5e f5 -- -- 5b -- 1b -- cb -- -- 33 a9 -- -- 8d 69 30 96 c7 b5 -- ae -- 40 -- -- -- -- -- -- --  6 -- ba -- -- -- aa 4f bc -- 3d -- -- 26 -- d3 b6 -- -- -- 36 -- -- -- 41 -- -- -- -- -- 66 -- 85 -- -- 11 -- -- cd 9a d2 -- 60 -- fb 19 59 6d bd 79 -- 44 8b -- -- -- 80 -- -- 98 -- -- -- -- -- -- -- e2 -- -- -- --  c -- -- -- a3 -- -- 89 -- 67 -- -- 83 2d 9e f4 af -- -- -- 7a fd -- d8 -- -- 4c -- -- -- 71 -- bb -- -- -- -- -- -- a1 6c 95 -- -- -- -- -- -- 82 13 -- -- -- -- -- -- -- -- -- -- cc -- -- -- dd e7 -- -- -- -- 22 d7 -- -- -- -- 4d -- e3 -- 73 -- -- -- c0 ce -- -- 21 3f 32 eb b2 5a da d1 ad -- f2 -- -- -- 88 18 c1 c5 -- -- -- -- -- 91 

solutions so far:0 maxDepth:10 
iterations:44583129  skipped: 39 
Depth skipped: 
0 0 39 0 0 0 0 0 0 0 0 0 0 0 0 0 0 0 0 0 0 0 0 0 0 0 0 0 0 0 0 0 

running time: 5400 sec
 depth:7
 0  1  2  3  4  5  6  7  8  9  a  b  c  d  e  f 10 11 12 13 14 15 16 17 18 19 1a 1b 1c 1d 1e 1f 20 21 22 23 24 25 26 27 28 29 2a 2b 2c 2d 2e 2f 30 31 32 33 34 35 36 37 38 39 3a 3b 3c 3d 3e 3f 40 41 42 43 44 45 46 47 48 49 4a 4b 4c 4d 4e 4f 50 51 52 53 54 55 56 57 58 59 5a 5b 5c 5d 5e 5f 60 61 62 63 64 65 66 67 68 69 6a 6b 6c 6d 6e 6f 70 71 72 73 74 75 76 77 78 79 7a 7b 7c 7d 7e 7f 80 81 82 83 84 85 86 87 88 89 8a 8b 8c 8d 8e 8f 90 91 92 93 94 95 96 97 98 99 9a 9b 9c 9d 9e 9f a0 a1 a2 a3 a4 a5 a6 a7 a8 a9 aa ab ac ad ae af b0 b1 b2 b3 b4 b5 b6 b7 b8 b9 ba bb bc bd be bf c0 c1 c2 c3 c4 c5 c6 c7 c8 c9 ca cb cc cd ce cf d0 d1 d2 d3 d4 d5 d6 d7 d8 d9 da db dc dd de df e0 e1 e2 e3 e4 e5 e6 e7 e8 e9 ea eb ec ed ee ef f0 f1 f2 f3 f4 f5 f6 f7 f8 f9 fa fb fc fd fe ff 
 0  1  2 64  4 78 c8 9d  8  6 f0 a3 47 5e ed 67 10 --  c -- 37 -- 91 d0 8e -- bc --  d b0 ce c1 20 -- -- -- 18 d6 -- d1 6e 76 -- -- f5 -- 77 -- cb -- -- 33 af -- -- 21 1a 57 b7 36 4b -- 55 -- 40 -- -- -- -- -- -- -- 30 -- 7b -- -- -- 75 4f dc -- ec -- -- 26 -- d3 3d -- -- -- ee -- -- -- 41 -- -- -- -- -- 66 -- 89 -- -- d2 -- -- 42 df 34 -- ae -- b9 19 6c 5d 96 79 -- e6 aa -- -- -- 80 -- -- 98 -- -- -- -- -- -- -- e2 -- -- -- -- 60 -- -- -- f6 -- -- de -- 2c -- -- ea fc 9e 1e 6f -- -- --  f 7e -- 16 -- -- 4c -- -- -- 71 -- 7a -- -- -- -- -- -- f4  b 3f -- -- -- -- -- -- 82 13 -- -- -- -- -- -- -- -- -- -- cc -- -- -- c5 e7 -- -- -- -- 73 d7 -- -- -- -- 84 -- 69 -- 68 -- -- -- 8b 58 -- -- a5 3c 32 eb d8 2f ba  3 fb -- f2 -- -- -- 1b c0 83 6b -- -- -- -- -- 3b 

solutions so far:0 maxDepth:10 
iterations:47841265  skipped: 39 
Depth skipped: 
0 0 39 0 0 0 0 0 0 0 0 0 0 0 0 0 0 0 0 0 0 0 0 0 0 0 0 0 0 0 0 0 

running time: 5700 sec
 depth:7
 0  1  2  3  4  5  6  7  8  9  a  b  c  d  e  f 10 11 12 13 14 15 16 17 18 19 1a 1b 1c 1d 1e 1f 20 21 22 23 24 25 26 27 28 29 2a 2b 2c 2d 2e 2f 30 31 32 33 34 35 36 37 38 39 3a 3b 3c 3d 3e 3f 40 41 42 43 44 45 46 47 48 49 4a 4b 4c 4d 4e 4f 50 51 52 53 54 55 56 57 58 59 5a 5b 5c 5d 5e 5f 60 61 62 63 64 65 66 67 68 69 6a 6b 6c 6d 6e 6f 70 71 72 73 74 75 76 77 78 79 7a 7b 7c 7d 7e 7f 80 81 82 83 84 85 86 87 88 89 8a 8b 8c 8d 8e 8f 90 91 92 93 94 95 96 97 98 99 9a 9b 9c 9d 9e 9f a0 a1 a2 a3 a4 a5 a6 a7 a8 a9 aa ab ac ad ae af b0 b1 b2 b3 b4 b5 b6 b7 b8 b9 ba bb bc bd be bf c0 c1 c2 c3 c4 c5 c6 c7 c8 c9 ca cb cc cd ce cf d0 d1 d2 d3 d4 d5 d6 d7 d8 d9 da db dc dd de df e0 e1 e2 e3 e4 e5 e6 e7 e8 e9 ea eb ec ed ee ef f0 f1 f2 f3 f4 f5 f6 f7 f8 f9 fa fb fc fd fe ff 
 0  1  2 64  4 72 c8 78  8 a9 e4 25 47  a f0 5c 10 -- 85 -- 1f -- 4a de 8e -- 14 -- 37 ec b8 bb 20 -- -- -- dd 9c -- 2d 3e 24 -- -- 94 -- 6b -- cb -- -- 33 28 -- -- 1d 6e c6  f e0 a7 -- a1 -- 40 -- -- -- -- -- -- -- 6d -- ef -- -- -- 5a 4f 7c -- 48 -- -- 26 -- d3 ff -- -- -- d6 -- -- -- 41 -- -- -- -- -- 66 -- 50 -- --  e -- -- 3a e8 dc -- 5b -- 1e 19 17 97 99 79 -- 38 95 -- -- -- 80 -- -- 98 -- -- -- -- -- -- -- e2 -- -- -- -- da -- -- --  9 -- -- 27 -- 3b -- -- b4 e9 9e f7 f8 -- -- -- 90 9f -- f6 -- -- 4c -- -- -- 71 -- 29 -- -- -- -- -- -- 52 7b a4 -- -- -- -- -- -- 82 13 -- -- -- -- -- -- -- -- -- -- cc -- -- -- a0 e7 -- -- -- -- 1c d7 -- -- -- -- 74 --  7 -- 6f -- -- -- b6 76 -- -- 3c 39 32 eb 2e  5 f9 bf e5 -- f2 -- -- -- 70 63 fd 4e -- -- -- -- -- 12 

solutions so far:0 maxDepth:10 
iterations:51504299  skipped: 39 
Depth skipped: 
0 0 39 0 0 0 0 0 0 0 0 0 0 0 0 0 0 0 0 0 0 0 0 0 0 0 0 0 0 0 0 0 

running time: 6000 sec
 depth:6
 0  1  2  3  4  5  6  7  8  9  a  b  c  d  e  f 10 11 12 13 14 15 16 17 18 19 1a 1b 1c 1d 1e 1f 20 21 22 23 24 25 26 27 28 29 2a 2b 2c 2d 2e 2f 30 31 32 33 34 35 36 37 38 39 3a 3b 3c 3d 3e 3f 40 41 42 43 44 45 46 47 48 49 4a 4b 4c 4d 4e 4f 50 51 52 53 54 55 56 57 58 59 5a 5b 5c 5d 5e 5f 60 61 62 63 64 65 66 67 68 69 6a 6b 6c 6d 6e 6f 70 71 72 73 74 75 76 77 78 79 7a 7b 7c 7d 7e 7f 80 81 82 83 84 85 86 87 88 89 8a 8b 8c 8d 8e 8f 90 91 92 93 94 95 96 97 98 99 9a 9b 9c 9d 9e 9f a0 a1 a2 a3 a4 a5 a6 a7 a8 a9 aa ab ac ad ae af b0 b1 b2 b3 b4 b5 b6 b7 b8 b9 ba bb bc bd be bf c0 c1 c2 c3 c4 c5 c6 c7 c8 c9 ca cb cc cd ce cf d0 d1 d2 d3 d4 d5 d6 d7 d8 d9 da db dc dd de df e0 e1 e2 e3 e4 e5 e6 e7 e8 e9 ea eb ec ed ee ef f0 f1 f2 f3 f4 f5 f6 f7 f8 f9 fa fb fc fd fe ff 
 0  1  2 64  4 5d c8 d0  8 14 ba e4 47 12 77 -- 10 -- 28 -- a3 -- 1f 58 8e -- 24 -- ee  d -- ff 20 -- -- -- 50 3f -- 9f 91 5e -- -- 3e -- b0 -- cb -- -- 33 48 -- -- --  b 25 1a -- -- -- 29 -- 40 -- -- -- -- -- -- -- a0 -- 7e -- -- -- e9 4f f5 -- bc -- -- 26 -- d3 7c -- -- -- b7 -- -- -- 41 -- -- -- -- -- 66 -- 90 -- -- -- -- -- -- -- 16 -- 4a -- 34 19 -- 39 -- 79 -- -- 52 -- -- -- 80 -- -- 98 -- -- -- -- -- -- -- e2 -- -- -- -- 97 -- -- -- fc -- -- 7a -- 9d -- --  5 ef 9e 89 3d -- -- -- af 9c -- a5 -- -- 4c -- -- -- 71 -- f8 -- -- -- -- -- -- 27 b9 4e -- -- -- -- -- -- 82 13 -- -- -- -- -- -- -- -- -- -- cc -- -- -- f7 e7 -- -- -- -- -- d7 -- -- -- -- -- -- -- -- 2c -- -- -- 94 ed -- -- 68 c5 32 eb --  9 72  a -- -- f2 -- -- -- -- f9 a4 f4 -- -- -- -- -- 2f 

solutions so far:0 maxDepth:10 
iterations:55367366  skipped: 49 
Depth skipped: 
0 0 49 0 0 0 0 0 0 0 0 0 0 0 0 0 0 0 0 0 0 0 0 0 0 0 0 0 0 0 0 0 

running time: 6300 sec
 depth:7
 0  1  2  3  4  5  6  7  8  9  a  b  c  d  e  f 10 11 12 13 14 15 16 17 18 19 1a 1b 1c 1d 1e 1f 20 21 22 23 24 25 26 27 28 29 2a 2b 2c 2d 2e 2f 30 31 32 33 34 35 36 37 38 39 3a 3b 3c 3d 3e 3f 40 41 42 43 44 45 46 47 48 49 4a 4b 4c 4d 4e 4f 50 51 52 53 54 55 56 57 58 59 5a 5b 5c 5d 5e 5f 60 61 62 63 64 65 66 67 68 69 6a 6b 6c 6d 6e 6f 70 71 72 73 74 75 76 77 78 79 7a 7b 7c 7d 7e 7f 80 81 82 83 84 85 86 87 88 89 8a 8b 8c 8d 8e 8f 90 91 92 93 94 95 96 97 98 99 9a 9b 9c 9d 9e 9f a0 a1 a2 a3 a4 a5 a6 a7 a8 a9 aa ab ac ad ae af b0 b1 b2 b3 b4 b5 b6 b7 b8 b9 ba bb bc bd be bf c0 c1 c2 c3 c4 c5 c6 c7 c8 c9 ca cb cc cd ce cf d0 d1 d2 d3 d4 d5 d6 d7 d8 d9 da db dc dd de df e0 e1 e2 e3 e4 e5 e6 e7 e8 e9 ea eb ec ed ee ef f0 f1 f2 f3 f4 f5 f6 f7 f8 f9 fa fb fc fd fe ff 
 0  1  2 64  4 58 c8 9a  8 c5 b0 54 47 c2 e3 30 10 -- 5d -- b7 -- a8 c7 8e -- 53 -- 11 ad 60 3f 20 -- -- -- ba 1a -- 5e b9 77 -- -- 87 -- 59 -- cb -- -- 33 a6 -- -- 8b 22 3d 8d  6 c0 -- 7e -- 40 -- -- -- -- -- -- -- a3 -- 34 -- -- -- bc 4f a5 -- ee -- -- 26 -- d3 d9 -- -- -- b2 -- -- -- 41 -- -- -- -- -- 66 -- 9b -- -- d1 -- -- c1 aa 44 -- 7a -- cd 19  c 15 57 79 -- ea fc -- -- -- 80 -- -- 98 -- -- -- -- -- -- -- e2 -- -- -- -- 91 -- -- -- 68 -- -- ed -- b5 -- -- af db 9e 16 9d -- -- --  b 86 -- b1 -- -- 4c -- -- -- 71 -- 65 -- -- -- -- -- -- ca b3 43 -- -- -- -- -- -- 82 13 -- -- -- -- -- -- -- -- -- -- cc -- -- -- e1 e7 -- -- -- -- 75 d7 -- -- -- -- 55 -- 83 -- 88 -- -- -- f4 bd -- -- 4d 2c 32 eb 18 61 2a 89 ae -- f2 -- -- --  3 f5 2f  d -- -- -- -- -- d0 

solutions so far:0 maxDepth:10 
iterations:59133862  skipped: 49 
Depth skipped: 
0 0 49 0 0 0 0 0 0 0 0 0 0 0 0 0 0 0 0 0 0 0 0 0 0 0 0 0 0 0 0 0 

running time: 6600 sec
 depth:8
 0  1  2  3  4  5  6  7  8  9  a  b  c  d  e  f 10 11 12 13 14 15 16 17 18 19 1a 1b 1c 1d 1e 1f 20 21 22 23 24 25 26 27 28 29 2a 2b 2c 2d 2e 2f 30 31 32 33 34 35 36 37 38 39 3a 3b 3c 3d 3e 3f 40 41 42 43 44 45 46 47 48 49 4a 4b 4c 4d 4e 4f 50 51 52 53 54 55 56 57 58 59 5a 5b 5c 5d 5e 5f 60 61 62 63 64 65 66 67 68 69 6a 6b 6c 6d 6e 6f 70 71 72 73 74 75 76 77 78 79 7a 7b 7c 7d 7e 7f 80 81 82 83 84 85 86 87 88 89 8a 8b 8c 8d 8e 8f 90 91 92 93 94 95 96 97 98 99 9a 9b 9c 9d 9e 9f a0 a1 a2 a3 a4 a5 a6 a7 a8 a9 aa ab ac ad ae af b0 b1 b2 b3 b4 b5 b6 b7 b8 b9 ba bb bc bd be bf c0 c1 c2 c3 c4 c5 c6 c7 c8 c9 ca cb cc cd ce cf d0 d1 d2 d3 d4 d5 d6 d7 d8 d9 da db dc dd de df e0 e1 e2 e3 e4 e5 e6 e7 e8 e9 ea eb ec ed ee ef f0 f1 f2 f3 f4 f5 f6 f7 f8 f9 fa fb fc fd fe ff 
 0  1  2 64  4 50 c8 9b  8 a2 a0 63 47 b4 e1 34 10 7c 93 -- 97 -- c6 87 8e -- bf -- 15 61 68 56 20 -- f8 -- f1 29 -- 45 f9 e9 -- -- 5b -- d9 -- cb -- -- 33 a9 -- --  b 2a 7f c2 ed d0 -- ac -- 40 -- -- -- 27 -- -- -- 35 -- 52 -- -- e4 8a 4f 25 --  5 -- -- 26 -- d3 b6 ef -- -- 65 -- -- -- 41 -- -- -- -- -- 66 -- 85 -- -- b7 -- -- 16 58 54 -- fe -- 53 19  d 6d 77 79 -- a5 8f -- -- -- 80 -- -- 98 -- -- -- -- 4e -- -- e2 -- 39 -- -- 6a -- -- -- a4 -- -- 94 -- 86 1f -- c3 2d 9e 14 4a -- -- --  a fd -- 43 -- -- 4c -- -- f7 71 -- bb 24  9 12 -- 48 -- a1 ca 95 -- -- -- 90 -- -- 82 13 -- -- -- -- -- 9c -- -- -- -- cc 72 -- -- dd e7 -- -- -- -- b9 d7 -- -- -- -- 2c -- b0 -- a8 -- -- 3e 2b db -- -- a6 28 32 eb 1a 5a da 51 ee -- f2 -- -- -- 9d d4 c9 ff -- -- -- -- -- 9f 

solutions so far:0 maxDepth:10 
iterations:63187311  skipped: 49 
Depth skipped: 
0 0 49 0 0 0 0 0 0 0 0 0 0 0 0 0 0 0 0 0 0 0 0 0 0 0 0 0 0 0 0 0 

running time: 6900 sec
 depth:6
 0  1  2  3  4  5  6  7  8  9  a  b  c  d  e  f 10 11 12 13 14 15 16 17 18 19 1a 1b 1c 1d 1e 1f 20 21 22 23 24 25 26 27 28 29 2a 2b 2c 2d 2e 2f 30 31 32 33 34 35 36 37 38 39 3a 3b 3c 3d 3e 3f 40 41 42 43 44 45 46 47 48 49 4a 4b 4c 4d 4e 4f 50 51 52 53 54 55 56 57 58 59 5a 5b 5c 5d 5e 5f 60 61 62 63 64 65 66 67 68 69 6a 6b 6c 6d 6e 6f 70 71 72 73 74 75 76 77 78 79 7a 7b 7c 7d 7e 7f 80 81 82 83 84 85 86 87 88 89 8a 8b 8c 8d 8e 8f 90 91 92 93 94 95 96 97 98 99 9a 9b 9c 9d 9e 9f a0 a1 a2 a3 a4 a5 a6 a7 a8 a9 aa ab ac ad ae af b0 b1 b2 b3 b4 b5 b6 b7 b8 b9 ba bb bc bd be bf c0 c1 c2 c3 c4 c5 c6 c7 c8 c9 ca cb cc cd ce cf d0 d1 d2 d3 d4 d5 d6 d7 d8 d9 da db dc dd de df e0 e1 e2 e3 e4 e5 e6 e7 e8 e9 ea eb ec ed ee ef f0 f1 f2 f3 f4 f5 f6 f7 f8 f9 fa fb fc fd fe ff 
 0  1  2 64  4 3a c8 a5  8 93 74  3 47 c1 9d -- 10 -- f1 -- e8 --  6 68 8e -- 55 -- ed 58 -- ac 20 -- -- -- 35 e0 -- 8a  7 b8 -- --  c -- d0 -- cb -- -- 33 aa -- -- --  d fe b0 -- -- -- 8f -- 40 -- -- -- -- -- -- -- 6a -- 17 -- -- -- c3 4f  e -- a7 -- -- 26 -- d3 18 -- -- -- 77 -- -- -- 41 -- -- -- -- -- 66 -- 83 -- -- -- -- -- -- -- 1a -- 2b -- b7 19 -- 75 -- 79 -- -- c9 -- -- -- 80 -- -- 98 -- -- -- -- -- -- -- e2 -- -- -- -- d4 -- -- -- 2e -- -- 38 -- 16 -- -- 51 ae 9e e5 1c -- -- -- 99 57 --  b -- -- 4c -- -- -- 71 -- 30 -- -- -- -- -- -- 60 ee c0 -- -- -- -- -- -- 82 13 -- -- -- -- -- -- -- -- -- -- cc -- -- -- d1 e7 -- -- -- -- -- d7 -- -- -- -- -- -- -- -- 34 -- -- -- 56 2c -- -- b9 1d 32 eb -- 8b ea a2 -- -- f2 -- -- -- -- 7f 45 70 -- -- -- -- -- 5c 

solutions so far:0 maxDepth:10 
iterations:67420923  skipped: 56 
Depth skipped: 
0 0 56 0 0 0 0 0 0 0 0 0 0 0 0 0 0 0 0 0 0 0 0 0 0 0 0 0 0 0 0 0 

running time: 7200 sec
 depth:7
 0  1  2  3  4  5  6  7  8  9  a  b  c  d  e  f 10 11 12 13 14 15 16 17 18 19 1a 1b 1c 1d 1e 1f 20 21 22 23 24 25 26 27 28 29 2a 2b 2c 2d 2e 2f 30 31 32 33 34 35 36 37 38 39 3a 3b 3c 3d 3e 3f 40 41 42 43 44 45 46 47 48 49 4a 4b 4c 4d 4e 4f 50 51 52 53 54 55 56 57 58 59 5a 5b 5c 5d 5e 5f 60 61 62 63 64 65 66 67 68 69 6a 6b 6c 6d 6e 6f 70 71 72 73 74 75 76 77 78 79 7a 7b 7c 7d 7e 7f 80 81 82 83 84 85 86 87 88 89 8a 8b 8c 8d 8e 8f 90 91 92 93 94 95 96 97 98 99 9a 9b 9c 9d 9e 9f a0 a1 a2 a3 a4 a5 a6 a7 a8 a9 aa ab ac ad ae af b0 b1 b2 b3 b4 b5 b6 b7 b8 b9 ba bb bc bd be bf c0 c1 c2 c3 c4 c5 c6 c7 c8 c9 ca cb cc cd ce cf d0 d1 d2 d3 d4 d5 d6 d7 d8 d9 da db dc dd de df e0 e1 e2 e3 e4 e5 e6 e7 e8 e9 ea eb ec ed ee ef f0 f1 f2 f3 f4 f5 f6 f7 f8 f9 fa fb fc fd fe ff 
 0  1  2 64  4 31 c8 a1  8  d 62 a0 47 9f 95 11 10 -- 1a -- c4 -- 97 bf 8e -- e9 -- fd c6 22 2c 20 -- -- -- 34 7d -- b9 5f 8c -- -- f9 -- a9 -- cb -- -- 33  5 -- -- 59 2d ee 5b 4d 44 -- 58 -- 40 -- -- -- -- -- -- -- 68 -- fa -- -- -- a5 4f be -- cf -- -- 26 -- d3 25 -- -- -- 85 -- -- -- 41 -- -- -- -- -- 66 --  a -- -- bd -- -- b2 b1 5a --  b -- b6 19 9a 28 88 79 -- 8d b0 -- -- -- 80 -- -- 98 -- -- -- -- -- -- -- e2 -- -- -- -- d0 -- -- -- 23 -- -- 81 -- da -- -- 9d 52 9e 92 ab -- -- -- 49 29 -- 6d -- -- 4c -- -- -- 71 -- 4a -- -- -- -- -- -- 94 dd ff -- -- -- -- -- -- 82 13 -- -- -- -- -- -- -- -- -- -- cc -- -- -- 14 e7 -- -- -- -- ad d7 -- -- -- -- b3 -- b5 -- b4 -- -- -- 16 63 -- -- bb f3 32 eb e3 a4 50 ed c7 -- f2 -- -- -- cd 77 b7 d5 -- -- -- -- -- 46 

solutions so far:0 maxDepth:10 
iterations:71502638  skipped: 56 
Depth skipped: 
0 0 56 0 0 0 0 0 0 0 0 0 0 0 0 0 0 0 0 0 0 0 0 0 0 0 0 0 0 0 0 0 

running time: 7500 sec
 depth:6
 0  1  2  3  4  5  6  7  8  9  a  b  c  d  e  f 10 11 12 13 14 15 16 17 18 19 1a 1b 1c 1d 1e 1f 20 21 22 23 24 25 26 27 28 29 2a 2b 2c 2d 2e 2f 30 31 32 33 34 35 36 37 38 39 3a 3b 3c 3d 3e 3f 40 41 42 43 44 45 46 47 48 49 4a 4b 4c 4d 4e 4f 50 51 52 53 54 55 56 57 58 59 5a 5b 5c 5d 5e 5f 60 61 62 63 64 65 66 67 68 69 6a 6b 6c 6d 6e 6f 70 71 72 73 74 75 76 77 78 79 7a 7b 7c 7d 7e 7f 80 81 82 83 84 85 86 87 88 89 8a 8b 8c 8d 8e 8f 90 91 92 93 94 95 96 97 98 99 9a 9b 9c 9d 9e 9f a0 a1 a2 a3 a4 a5 a6 a7 a8 a9 aa ab ac ad ae af b0 b1 b2 b3 b4 b5 b6 b7 b8 b9 ba bb bc bd be bf c0 c1 c2 c3 c4 c5 c6 c7 c8 c9 ca cb cc cd ce cf d0 d1 d2 d3 d4 d5 d6 d7 d8 d9 da db dc dd de df e0 e1 e2 e3 e4 e5 e6 e7 e8 e9 ea eb ec ed ee ef f0 f1 f2 f3 f4 f5 f6 f7 f8 f9 fa fb fc fd fe ff 
 0  1  2 64  4 1d c8  d  8 1b 3a b4 47 b6 1a -- 10 -- 36 -- 74 -- bf ee 8e -- bb -- 34 b9 -- 21 20 -- -- -- 6c 70 -- 69 e8 5c -- -- a9 --  b -- cb -- -- 33 a1 -- -- -- 68 4b a5 -- -- -- 42 -- 40 -- -- -- -- -- -- -- d8 -- e0 -- -- -- d2 4f  7 -- b8 -- -- 26 -- d3 85 -- -- -- 16 -- -- -- 41 -- -- -- -- -- 66 -- 95 -- -- -- -- -- -- -- d0 -- 96 -- 9d 19 -- 2d -- 79 -- -- 84 -- -- -- 80 -- -- 98 -- -- -- -- -- -- -- e2 -- -- -- -- 67 -- -- -- 17 -- -- 1c -- b0 -- -- 73 c6 9e 99  e -- -- -- a7 63 -- 58 -- -- 4c -- -- -- 71 -- dd -- -- -- -- -- -- 6d 2c da -- -- -- -- -- -- 82 13 -- -- -- -- -- -- -- -- -- -- cc -- -- -- fd e7 -- -- -- -- -- d7 -- -- -- -- -- -- -- -- 77 -- -- -- fb b7 -- -- ed e5 32 eb -- 5b 5a e6 -- -- f2 -- -- -- -- ce df 38 -- -- -- -- -- 2e 

solutions so far:0 maxDepth:10 
iterations:75667347  skipped: 66 
Depth skipped: 
0 0 66 0 0 0 0 0 0 0 0 0 0 0 0 0 0 0 0 0 0 0 0 0 0 0 0 0 0 0 0 0 

running time: 7800 sec
 depth:8
 0  1  2  3  4  5  6  7  8  9  a  b  c  d  e  f 10 11 12 13 14 15 16 17 18 19 1a 1b 1c 1d 1e 1f 20 21 22 23 24 25 26 27 28 29 2a 2b 2c 2d 2e 2f 30 31 32 33 34 35 36 37 38 39 3a 3b 3c 3d 3e 3f 40 41 42 43 44 45 46 47 48 49 4a 4b 4c 4d 4e 4f 50 51 52 53 54 55 56 57 58 59 5a 5b 5c 5d 5e 5f 60 61 62 63 64 65 66 67 68 69 6a 6b 6c 6d 6e 6f 70 71 72 73 74 75 76 77 78 79 7a 7b 7c 7d 7e 7f 80 81 82 83 84 85 86 87 88 89 8a 8b 8c 8d 8e 8f 90 91 92 93 94 95 96 97 98 99 9a 9b 9c 9d 9e 9f a0 a1 a2 a3 a4 a5 a6 a7 a8 a9 aa ab ac ad ae af b0 b1 b2 b3 b4 b5 b6 b7 b8 b9 ba bb bc bd be bf c0 c1 c2 c3 c4 c5 c6 c7 c8 c9 ca cb cc cd ce cf d0 d1 d2 d3 d4 d5 d6 d7 d8 d9 da db dc dd de df e0 e1 e2 e3 e4 e5 e6 e7 e8 e9 ea eb ec ed ee ef f0 f1 f2 f3 f4 f5 f6 f7 f8 f9 fa fb fc fd fe ff 
 0  1  2 64  4 14 c8 7b  8 87 28 cf 47 81 f6 9a 10 42 d9 -- 50 -- 49 1e 8e -- d5 -- 3b 6f e3 53 20 -- 84 -- 65 94 -- 15 a0 a4 -- -- 92 -- 3c -- cb -- -- 33 7d -- -- 88 76 db de 8d 11 -- a6 -- 40 -- -- -- df -- -- -- ca -- ff -- -- 96 2a 4f 97 -- 9f -- -- 26 -- d3 f3 73 -- -- 78 -- -- -- 41 -- -- -- -- -- 66 -- fa -- -- b1 -- -- c7 b2 ec -- 61 -- 6b 19 cd 46 22 79 -- bd 9b -- -- -- 80 -- -- 98 -- -- -- -- 69 -- -- e2 -- ce -- -- 43 -- -- -- 29 -- -- 25 -- 6e fb -- 54 be 9e  5 f9 -- -- -- e9 5f -- 37 -- -- 4c -- -- 67 71 -- 31 36 e6 1b -- 6c -- 62 f0 c4 -- -- -- d8 -- -- 82 13 -- -- -- -- -- d2 -- -- -- -- cc 4b -- -- 23 e7 -- -- -- -- b5 d7 -- -- -- -- 59 -- b3 --  f -- -- 21 c2 dc -- -- d6  a 32 eb 4d ab 8c a8 44 -- f2 -- -- -- ad 86 e1 4a -- -- -- -- -- 52 

solutions so far:0 maxDepth:10 
iterations:80398288  skipped: 66 
Depth skipped: 
0 0 66 0 0 0 0 0 0 0 0 0 0 0 0 0 0 0 0 0 0 0 0 0 0 0 0 0 0 0 0 0 

running time: 8100 sec

Finished. Total running time: 8277 sec
