Search S-boxes invariant for matrix: 
{0x00,0x02,0x04,0x06,0x08,0x0a,0x0c,0x0e,0x10,0x12,0x14,0x16,0x18,0x1a,0x1c,0x1e,0x20,0x22,0x24,0x26,0x28,0x2a,0x2c,0x2e,0x30,0x32,0x34,0x36,0x38,0x3a,0x3c,0x3e,0x40,0x42,0x44,0x46,0x48,0x4a,0x4c,0x4e,0x50,0x52,0x54,0x56,0x58,0x5a,0x5c,0x5e,0x60,0x62,0x64,0x66,0x68,0x6a,0x6c,0x6e,0x70,0x72,0x74,0x76,0x78,0x7a,0x7c,0x7e,0x80,0x82,0x84,0x86,0x88,0x8a,0x8c,0x8e,0x90,0x92,0x94,0x96,0x98,0x9a,0x9c,0x9e,0xa0,0xa2,0xa4,0xa6,0xa8,0xaa,0xac,0xae,0xb0,0xb2,0xb4,0xb6,0xb8,0xba,0xbc,0xbe,0xc0,0xc2,0xc4,0xc6,0xc8,0xca,0xcc,0xce,0xd0,0xd2,0xd4,0xd6,0xd8,0xda,0xdc,0xde,0xe0,0xe2,0xe4,0xe6,0xe8,0xea,0xec,0xee,0xf0,0xf2,0xf4,0xf6,0xf8,0xfa,0xfc,0xfe,0xd7,0xd5,0xd3,0xd1,0xdf,0xdd,0xdb,0xd9,0xc7,0xc5,0xc3,0xc1,0xcf,0xcd,0xcb,0xc9,0xf7,0xf5,0xf3,0xf1,0xff,0xfd,0xfb,0xf9,0xe7,0xe5,0xe3,0xe1,0xef,0xed,0xeb,0xe9,0x97,0x95,0x93,0x91,0x9f,0x9d,0x9b,0x99,0x87,0x85,0x83,0x81,0x8f,0x8d,0x8b,0x89,0xb7,0xb5,0xb3,0xb1,0xbf,0xbd,0xbb,0xb9,0xa7,0xa5,0xa3,0xa1,0xaf,0xad,0xab,0xa9,0x57,0x55,0x53,0x51,0x5f,0x5d,0x5b,0x59,0x47,0x45,0x43,0x41,0x4f,0x4d,0x4b,0x49,0x77,0x75,0x73,0x71,0x7f,0x7d,0x7b,0x79,0x67,0x65,0x63,0x61,0x6f,0x6d,0x6b,0x69,0x17,0x15,0x13,0x11,0x1f,0x1d,0x1b,0x19,0x07,0x05,0x03,0x01,0x0f,0x0d,0x0b,0x09,0x37,0x35,0x33,0x31,0x3f,0x3d,0x3b,0x39,0x27,0x25,0x23,0x21,0x2f,0x2d,0x2b,0x29};



 depth:7
 0  1  2  3  4  5  6  7  8  9  a  b  c  d  e  f 10 11 12 13 14 15 16 17 18 19 1a 1b 1c 1d 1e 1f 20 21 22 23 24 25 26 27 28 29 2a 2b 2c 2d 2e 2f 30 31 32 33 34 35 36 37 38 39 3a 3b 3c 3d 3e 3f 40 41 42 43 44 45 46 47 48 49 4a 4b 4c 4d 4e 4f 50 51 52 53 54 55 56 57 58 59 5a 5b 5c 5d 5e 5f 60 61 62 63 64 65 66 67 68 69 6a 6b 6c 6d 6e 6f 70 71 72 73 74 75 76 77 78 79 7a 7b 7c 7d 7e 7f 80 81 82 83 84 85 86 87 88 89 8a 8b 8c 8d 8e 8f 90 91 92 93 94 95 96 97 98 99 9a 9b 9c 9d 9e 9f a0 a1 a2 a3 a4 a5 a6 a7 a8 a9 aa ab ac ad ae af b0 b1 b2 b3 b4 b5 b6 b7 b8 b9 ba bb bc bd be bf c0 c1 c2 c3 c4 c5 c6 c7 c8 c9 ca cb cc cd ce cf d0 d1 d2 d3 d4 d5 d6 d7 d8 d9 da db dc dd de df e0 e1 e2 e3 e4 e5 e6 e7 e8 e9 ea eb ec ed ee ef f0 f1 f2 f3 f4 f5 f6 f7 f8 f9 fa fb fc fd fe ff 
 0  1  2 65  4 fb ca 28  8 81 21 56 43 f1 50 5a 10 -- d5 -- 42 -- ac 4a 86 -- 35 -- a0 e9 b4 92 20 -- -- -- 7d e6 -- c4 84 d8 -- -- 8f -- 94 -- db -- -- 33 6a -- -- dd 97 8c  5 95 bf -- f3 -- 40 -- -- -- -- -- -- -- fa -- 1b -- -- -- 5f 4f df -- 67 -- -- 15 -- 53 c9 -- -- -- ff -- -- -- 61 -- -- -- -- -- 66 -- d4 -- -- 5b -- -- 6d 63 f9 -- cf --  a 87 fd fe a9 79 -- bb 31 -- -- -- 80 -- -- 54 -- -- -- -- -- -- -- 9b -- -- -- -- 23 -- -- -- 36 -- -- d2 -- a4 -- -- be a2 9e 4b 69 -- -- -- ce 51 -- 52 -- -- 2a -- -- -- a6 -- 45 -- -- -- -- -- -- 8a 29 c3 -- -- -- -- -- -- c2 e1 -- -- -- -- -- -- -- -- -- -- cc -- -- -- 7f a8 -- -- -- -- b6 d7 -- -- -- -- da -- c6 -- 25 -- -- -- 49 9f -- -- 14 96 d9 eb 2d 93 2b ab 85 -- f2 -- -- -- a1 46 62 73 -- -- -- -- -- 6c 

solutions so far:0 maxDepth:9 
iterations:2592304  skipped: 1 
Depth skipped: 
0 0 1 0 0 0 0 0 0 0 0 0 0 0 0 0 0 0 0 0 0 0 0 0 0 0 0 0 0 0 0 0 

running time: 300 sec
 depth:8
 0  1  2  3  4  5  6  7  8  9  a  b  c  d  e  f 10 11 12 13 14 15 16 17 18 19 1a 1b 1c 1d 1e 1f 20 21 22 23 24 25 26 27 28 29 2a 2b 2c 2d 2e 2f 30 31 32 33 34 35 36 37 38 39 3a 3b 3c 3d 3e 3f 40 41 42 43 44 45 46 47 48 49 4a 4b 4c 4d 4e 4f 50 51 52 53 54 55 56 57 58 59 5a 5b 5c 5d 5e 5f 60 61 62 63 64 65 66 67 68 69 6a 6b 6c 6d 6e 6f 70 71 72 73 74 75 76 77 78 79 7a 7b 7c 7d 7e 7f 80 81 82 83 84 85 86 87 88 89 8a 8b 8c 8d 8e 8f 90 91 92 93 94 95 96 97 98 99 9a 9b 9c 9d 9e 9f a0 a1 a2 a3 a4 a5 a6 a7 a8 a9 aa ab ac ad ae af b0 b1 b2 b3 b4 b5 b6 b7 b8 b9 ba bb bc bd be bf c0 c1 c2 c3 c4 c5 c6 c7 c8 c9 ca cb cc cd ce cf d0 d1 d2 d3 d4 d5 d6 d7 d8 d9 da db dc dd de df e0 e1 e2 e3 e4 e5 e6 e7 e8 e9 ea eb ec ed ee ef f0 f1 f2 f3 f4 f5 f6 f7 f8 f9 fa fb fc fd fe ff 
 0  1  2 65  4 f4 ca 5c  8 16 3f 6c 43 df b8 13 10 dd 2c -- 7e -- d8 3a 86 -- 69 -- a7 70 26  d 20 -- 6d -- 58 89 -- d0 fc a3 -- -- 67 -- 74 -- db -- -- 33 d2 -- -- 19 99 a5 e0 d3 4c -- 1a -- 40 -- -- -- da -- -- -- b0 -- c5 -- -- bf 77 4f 2f -- 91 -- -- 15 -- 53 ce 5b -- -- e8 -- -- -- 61 -- -- -- -- -- 66 -- 73 -- -- 8e -- -- 32 c8 e5 -- 9d -- 17 87 71 1b 98 79 -- 41 34 -- -- -- 80 -- -- 54 -- -- -- -- 63 -- -- 9b -- 5a -- -- b7 -- -- -- 5d -- -- bc -- 1c a9 -- ee 42 9e 3d 5e -- -- -- f5 21 --  e -- -- 2a -- -- 2d a6 -- 4b a1 b6 bb -- 95 -- 96  7 fb -- -- -- fd -- -- c2 e1 -- -- -- -- -- c6 -- -- -- -- cc b4 -- -- e6 a8 -- -- -- -- cb d7 -- -- -- -- 64 -- 47 -- 1d -- -- 85 ed 38 -- -- 2e 7a d9 eb e2 84 36  b e7 -- f2 -- -- -- 82 b9 68 af -- -- -- -- -- ba 

solutions so far:0 maxDepth:9 
iterations:4523682  skipped: 3 
Depth skipped: 
0 0 3 0 0 0 0 0 0 0 0 0 0 0 0 0 0 0 0 0 0 0 0 0 0 0 0 0 0 0 0 0 

running time: 600 sec
 depth:8
 0  1  2  3  4  5  6  7  8  9  a  b  c  d  e  f 10 11 12 13 14 15 16 17 18 19 1a 1b 1c 1d 1e 1f 20 21 22 23 24 25 26 27 28 29 2a 2b 2c 2d 2e 2f 30 31 32 33 34 35 36 37 38 39 3a 3b 3c 3d 3e 3f 40 41 42 43 44 45 46 47 48 49 4a 4b 4c 4d 4e 4f 50 51 52 53 54 55 56 57 58 59 5a 5b 5c 5d 5e 5f 60 61 62 63 64 65 66 67 68 69 6a 6b 6c 6d 6e 6f 70 71 72 73 74 75 76 77 78 79 7a 7b 7c 7d 7e 7f 80 81 82 83 84 85 86 87 88 89 8a 8b 8c 8d 8e 8f 90 91 92 93 94 95 96 97 98 99 9a 9b 9c 9d 9e 9f a0 a1 a2 a3 a4 a5 a6 a7 a8 a9 aa ab ac ad ae af b0 b1 b2 b3 b4 b5 b6 b7 b8 b9 ba bb bc bd be bf c0 c1 c2 c3 c4 c5 c6 c7 c8 c9 ca cb cc cd ce cf d0 d1 d2 d3 d4 d5 d6 d7 d8 d9 da db dc dd de df e0 e1 e2 e3 e4 e5 e6 e7 e8 e9 ea eb ec ed ee ef f0 f1 f2 f3 f4 f5 f6 f7 f8 f9 fa fb fc fd fe ff 
 0  1  2 65  4 ee ca c5  8 14  b 8b 43  c 5d 7c 10 1b 28 -- 16 -- c1 3d 86 -- 18 -- ba 5e f8 ff 20 -- 36 -- 50 a5 -- 9f 2c 1a -- -- 55 -- 7a -- db -- -- 33 30 -- -- ef a3 25 bc e4 27 -- 29 -- 40 -- -- -- 6c -- -- -- a0 -- 9d -- -- d2 e9 4f 58 -- 34 -- -- 15 -- 53 aa ce -- -- f4 -- -- -- 61 -- -- -- -- -- 66 -- 60 -- -- 90 -- --  9 24 91 -- 4a -- af 87 1f 57 4e 79 -- 39 52 -- -- -- 80 -- -- 54 -- -- -- -- d8 -- -- 9b -- df -- -- 97 -- -- -- ed -- -- b7 -- fc 73 --  5  3 9e d0 b0 -- -- -- 68 ea -- 7e -- -- 2a -- -- 84 a6 -- 83 fb 4b 96 -- 21 -- d1 3f 75 -- -- -- 42 -- -- c2 e1 -- -- -- -- -- 67 -- -- -- -- cc 69 -- -- c0 a8 -- -- -- -- f7 d7 -- -- -- -- 12 -- 48 -- f5 -- -- e6 94 2f -- -- 89 77 d9 eb 3e  6 ae  a 9c -- f2 -- -- -- 72 f9 a4 b9 -- -- -- -- --  d 

solutions so far:0 maxDepth:10 
iterations:6848004  skipped: 3 
Depth skipped: 
0 0 3 0 0 0 0 0 0 0 0 0 0 0 0 0 0 0 0 0 0 0 0 0 0 0 0 0 0 0 0 0 

running time: 900 sec
 depth:6
 0  1  2  3  4  5  6  7  8  9  a  b  c  d  e  f 10 11 12 13 14 15 16 17 18 19 1a 1b 1c 1d 1e 1f 20 21 22 23 24 25 26 27 28 29 2a 2b 2c 2d 2e 2f 30 31 32 33 34 35 36 37 38 39 3a 3b 3c 3d 3e 3f 40 41 42 43 44 45 46 47 48 49 4a 4b 4c 4d 4e 4f 50 51 52 53 54 55 56 57 58 59 5a 5b 5c 5d 5e 5f 60 61 62 63 64 65 66 67 68 69 6a 6b 6c 6d 6e 6f 70 71 72 73 74 75 76 77 78 79 7a 7b 7c 7d 7e 7f 80 81 82 83 84 85 86 87 88 89 8a 8b 8c 8d 8e 8f 90 91 92 93 94 95 96 97 98 99 9a 9b 9c 9d 9e 9f a0 a1 a2 a3 a4 a5 a6 a7 a8 a9 aa ab ac ad ae af b0 b1 b2 b3 b4 b5 b6 b7 b8 b9 ba bb bc bd be bf c0 c1 c2 c3 c4 c5 c6 c7 c8 c9 ca cb cc cd ce cf d0 d1 d2 d3 d4 d5 d6 d7 d8 d9 da db dc dd de df e0 e1 e2 e3 e4 e5 e6 e7 e8 e9 ea eb ec ed ee ef f0 f1 f2 f3 f4 f5 f6 f7 f8 f9 fa fb fc fd fe ff 
 0  1  2 65  4 e9 ca 51  8 6b  5 8b 43  c a2 -- 10 -- d6 --  a -- c1 d4 86 -- 18 -- 93 c9 -- 3c 20 -- -- -- 7b f9 -- 6e 14 ff -- -- 55 -- 7f -- db -- -- 33 30 -- -- -- f1 ec 45 -- -- -- 78 -- 40 -- -- -- -- -- -- -- f6 -- 25 -- -- -- dc 4f 28 -- 29 -- -- 15 -- 53 aa -- -- -- fe -- -- -- 61 -- -- -- -- -- 66 -- 60 -- -- -- -- -- -- -- 35 --  f -- 8a 87 -- 57 -- 79 -- -- f0 -- -- -- 80 -- -- 54 -- -- -- -- -- -- -- 9b -- -- -- -- 3b -- -- -- 4a -- -- a0 -- ac -- -- 6f  3 9e a4 50 -- -- -- 52 ea -- 56 -- -- 2a -- -- -- a6 -- 83 -- -- -- -- -- -- d1 2b 75 -- -- -- -- -- -- c2 e1 -- -- -- -- -- -- -- -- -- -- cc -- -- -- c0 a8 -- -- -- -- -- d7 -- -- -- -- -- -- -- -- 6a -- -- -- 1e 8f -- -- c3 9f d9 eb --  6 ae de -- -- f2 -- -- -- -- 76 37 97 -- -- -- -- -- 94 

solutions so far:0 maxDepth:10 
iterations:9166189  skipped: 4 
Depth skipped: 
0 0 4 0 0 0 0 0 0 0 0 0 0 0 0 0 0 0 0 0 0 0 0 0 0 0 0 0 0 0 0 0 

running time: 1200 sec
 depth:8
 0  1  2  3  4  5  6  7  8  9  a  b  c  d  e  f 10 11 12 13 14 15 16 17 18 19 1a 1b 1c 1d 1e 1f 20 21 22 23 24 25 26 27 28 29 2a 2b 2c 2d 2e 2f 30 31 32 33 34 35 36 37 38 39 3a 3b 3c 3d 3e 3f 40 41 42 43 44 45 46 47 48 49 4a 4b 4c 4d 4e 4f 50 51 52 53 54 55 56 57 58 59 5a 5b 5c 5d 5e 5f 60 61 62 63 64 65 66 67 68 69 6a 6b 6c 6d 6e 6f 70 71 72 73 74 75 76 77 78 79 7a 7b 7c 7d 7e 7f 80 81 82 83 84 85 86 87 88 89 8a 8b 8c 8d 8e 8f 90 91 92 93 94 95 96 97 98 99 9a 9b 9c 9d 9e 9f a0 a1 a2 a3 a4 a5 a6 a7 a8 a9 aa ab ac ad ae af b0 b1 b2 b3 b4 b5 b6 b7 b8 b9 ba bb bc bd be bf c0 c1 c2 c3 c4 c5 c6 c7 c8 c9 ca cb cc cd ce cf d0 d1 d2 d3 d4 d5 d6 d7 d8 d9 da db dc dd de df e0 e1 e2 e3 e4 e5 e6 e7 e8 e9 ea eb ec ed ee ef f0 f1 f2 f3 f4 f5 f6 f7 f8 f9 fa fb fc fd fe ff 
 0  1  2 65  4 de ca 23  8 e7 6b  3 43 c1 46 84 10 a0 19 -- d6 --  6 f3 86 -- 55 -- 8c 81 df 82 20 -- 97 -- 32  f -- 13 7b f0 -- --  c -- 31 -- db -- -- 33 aa -- -- e6 cf 8e d5 fb 69 -- d3 -- 40 -- -- -- f9 -- -- -- 64 -- 1e -- -- 14 26 4f f6 -- 37 -- -- 15 -- 53 18 94 -- -- 62 -- -- -- 61 -- -- -- -- -- 66 -- 83 -- -- 67 -- -- 1b 6c 49 -- cb -- 7d 87 21 75 d2 79 -- 4b 71 -- -- -- 80 -- -- 54 -- -- -- -- 25 -- -- 9b --  5 -- -- c8 -- -- -- 3c -- -- 76 -- be 28 -- 4c ae 9e dc 3b -- -- -- 6e 57 -- 5f -- -- 2a -- -- e9 a6 -- 30 52 ff 29 -- a4 -- 60 c4 c0 -- -- -- 9f -- -- c2 e1 -- -- -- -- -- 4a -- -- -- -- cc  a -- -- d1 a8 -- -- -- -- ce d7 -- -- -- -- 36 -- d8 -- 92 -- -- 50 41 ab -- -- fa 6f d9 eb 42 8b ea 98 73 -- f2 -- -- -- 96 47 e2 ec -- -- -- -- -- 78 

solutions so far:0 maxDepth:10 
iterations:11360061  skipped: 10 
Depth skipped: 
0 0 10 0 0 0 0 0 0 0 0 0 0 0 0 0 0 0 0 0 0 0 0 0 0 0 0 0 0 0 0 0 

running time: 1500 sec
 depth:7
 0  1  2  3  4  5  6  7  8  9  a  b  c  d  e  f 10 11 12 13 14 15 16 17 18 19 1a 1b 1c 1d 1e 1f 20 21 22 23 24 25 26 27 28 29 2a 2b 2c 2d 2e 2f 30 31 32 33 34 35 36 37 38 39 3a 3b 3c 3d 3e 3f 40 41 42 43 44 45 46 47 48 49 4a 4b 4c 4d 4e 4f 50 51 52 53 54 55 56 57 58 59 5a 5b 5c 5d 5e 5f 60 61 62 63 64 65 66 67 68 69 6a 6b 6c 6d 6e 6f 70 71 72 73 74 75 76 77 78 79 7a 7b 7c 7d 7e 7f 80 81 82 83 84 85 86 87 88 89 8a 8b 8c 8d 8e 8f 90 91 92 93 94 95 96 97 98 99 9a 9b 9c 9d 9e 9f a0 a1 a2 a3 a4 a5 a6 a7 a8 a9 aa ab ac ad ae af b0 b1 b2 b3 b4 b5 b6 b7 b8 b9 ba bb bc bd be bf c0 c1 c2 c3 c4 c5 c6 c7 c8 c9 ca cb cc cd ce cf d0 d1 d2 d3 d4 d5 d6 d7 d8 d9 da db dc dd de df e0 e1 e2 e3 e4 e5 e6 e7 e8 e9 ea eb ec ed ee ef f0 f1 f2 f3 f4 f5 f6 f7 f8 f9 fa fb fc fd fe ff 
 0  1  2 65  4 d6 ca c4  8 38 7b 55 43 30 5f bf 10 -- 70 -- f6 -- aa 7d 86 -- 60 -- be 92 a9 e5 20 -- -- -- e0 3c -- e8 3b 6e -- -- 83 -- fa -- db -- -- 33 c0 -- -- da ab b8 f3 2d 85 -- 1d -- 40 -- -- -- -- -- -- -- 17 -- 78 -- -- --  7 4f 76 -- dc -- -- 15 -- 53 d1 -- -- -- 23 -- -- -- 61 -- -- -- -- -- 66 -- 57 -- -- bb -- -- 63 5b 81 -- a7 -- 31 87 5a 8b dd 79 -- 95 3a -- -- -- 80 -- -- 54 -- -- -- -- -- -- -- 9b -- -- -- -- 2e -- -- -- f0 -- --  f -- cf -- --  e  c 9e de ec -- -- -- 6f  6 -- 8c -- -- 2a -- -- -- a6 -- 75 -- -- -- -- -- -- ea 46  3 -- -- -- -- -- -- c2 e1 -- -- -- -- -- -- -- -- -- -- cc -- -- -- ae a8 -- -- -- -- a1 d7 -- -- -- -- c6 -- b6 -- d5 -- -- -- 99 49 -- -- 62 6b d9 eb b4 18 c1 1c 6d -- f2 -- -- -- fd 5c 74 1e -- -- -- -- -- 37 

solutions so far:0 maxDepth:10 
iterations:13752326  skipped: 11 
Depth skipped: 
0 0 11 0 0 0 0 0 0 0 0 0 0 0 0 0 0 0 0 0 0 0 0 0 0 0 0 0 0 0 0 0 

running time: 1800 sec
 depth:6
 0  1  2  3  4  5  6  7  8  9  a  b  c  d  e  f 10 11 12 13 14 15 16 17 18 19 1a 1b 1c 1d 1e 1f 20 21 22 23 24 25 26 27 28 29 2a 2b 2c 2d 2e 2f 30 31 32 33 34 35 36 37 38 39 3a 3b 3c 3d 3e 3f 40 41 42 43 44 45 46 47 48 49 4a 4b 4c 4d 4e 4f 50 51 52 53 54 55 56 57 58 59 5a 5b 5c 5d 5e 5f 60 61 62 63 64 65 66 67 68 69 6a 6b 6c 6d 6e 6f 70 71 72 73 74 75 76 77 78 79 7a 7b 7c 7d 7e 7f 80 81 82 83 84 85 86 87 88 89 8a 8b 8c 8d 8e 8f 90 91 92 93 94 95 96 97 98 99 9a 9b 9c 9d 9e 9f a0 a1 a2 a3 a4 a5 a6 a7 a8 a9 aa ab ac ad ae af b0 b1 b2 b3 b4 b5 b6 b7 b8 b9 ba bb bc bd be bf c0 c1 c2 c3 c4 c5 c6 c7 c8 c9 ca cb cc cd ce cf d0 d1 d2 d3 d4 d5 d6 d7 d8 d9 da db dc dd de df e0 e1 e2 e3 e4 e5 e6 e7 e8 e9 ea eb ec ed ee ef f0 f1 f2 f3 f4 f5 f6 f7 f8 f9 fa fb fc fd fe ff 
 0  1  2 65  4 d1 ca c7  8 99 75 28 43 52 59 -- 10 -- e5 -- ea -- 50 bd 86 -- a4 -- b2 11 -- 38 20 -- -- -- 1d 60 -- 2e  3 8b -- -- a0 -- ad -- db -- -- 33 9f -- -- -- b3  7 22 -- -- -- 70 -- 40 -- -- -- -- -- -- -- 3a -- c0 -- -- -- 5c 4f  6 -- c1 -- -- 15 -- 53 97 -- -- -- 8d -- -- -- 61 -- -- -- -- -- 66 -- e9 -- -- -- -- -- -- -- b1 --  e -- 44 87 --  a -- 79 -- -- e0 -- -- -- 80 -- -- 54 -- -- -- -- -- -- -- 9b -- -- -- -- 74 -- -- -- 57 -- -- 18 -- 9a -- -- b8 ff 9e aa  c -- -- -- 55 94 -- 4d -- -- 2a -- -- -- a6 -- f9 -- -- -- -- -- -- 25 cd 4a -- -- -- -- -- -- c2 e1 -- -- -- -- -- -- -- -- -- -- cc -- -- --  5 a8 -- -- -- -- -- d7 -- -- -- -- -- -- -- -- b5 -- -- -- 1c e3 -- -- 88 83 d9 eb -- 29 14 a7 -- -- f2 -- -- -- -- e8 17 30 -- -- -- -- -- ae 

solutions so far:0 maxDepth:10 
iterations:15773524  skipped: 13 
Depth skipped: 
0 0 13 0 0 0 0 0 0 0 0 0 0 0 0 0 0 0 0 0 0 0 0 0 0 0 0 0 0 0 0 0 

running time: 2100 sec
 depth:7
 0  1  2  3  4  5  6  7  8  9  a  b  c  d  e  f 10 11 12 13 14 15 16 17 18 19 1a 1b 1c 1d 1e 1f 20 21 22 23 24 25 26 27 28 29 2a 2b 2c 2d 2e 2f 30 31 32 33 34 35 36 37 38 39 3a 3b 3c 3d 3e 3f 40 41 42 43 44 45 46 47 48 49 4a 4b 4c 4d 4e 4f 50 51 52 53 54 55 56 57 58 59 5a 5b 5c 5d 5e 5f 60 61 62 63 64 65 66 67 68 69 6a 6b 6c 6d 6e 6f 70 71 72 73 74 75 76 77 78 79 7a 7b 7c 7d 7e 7f 80 81 82 83 84 85 86 87 88 89 8a 8b 8c 8d 8e 8f 90 91 92 93 94 95 96 97 98 99 9a 9b 9c 9d 9e 9f a0 a1 a2 a3 a4 a5 a6 a7 a8 a9 aa ab ac ad ae af b0 b1 b2 b3 b4 b5 b6 b7 b8 b9 ba bb bc bd be bf c0 c1 c2 c3 c4 c5 c6 c7 c8 c9 ca cb cc cd ce cf d0 d1 d2 d3 d4 d5 d6 d7 d8 d9 da db dc dd de df e0 e1 e2 e3 e4 e5 e6 e7 e8 e9 ea eb ec ed ee ef f0 f1 f2 f3 f4 f5 f6 f7 f8 f9 fa fb fc fd fe ff 
 0  1  2 65  4 c8 ca 59  8 a1 47 5c 43  e b2 37 10 -- 95 -- 8e -- b8 ad 86 -- 1c -- b3 22 6e dd 20 -- -- -- fd e2 -- c6 cb 98 -- -- a7 -- 8d -- db -- -- 33 38 -- -- 6b b1 bf 44 3c dc -- 6d -- 40 -- -- -- -- -- -- -- 2d -- 13 -- -- -- 5b 4f 41 -- e7 -- -- 15 -- 53 99 -- -- -- cd -- -- -- 61 -- -- -- -- -- 66 -- 70 -- -- 76 -- -- d6 f6 b5 -- a9 -- 88 87 78 17 6f 79 --  f da -- -- -- 80 -- -- 54 -- -- -- -- -- -- -- 9b -- -- -- -- 5a -- -- -- 26 -- -- d3 -- e3 -- -- b6 e8 9e 32 82 -- -- -- 19 74 -- 9a -- -- 2a -- -- -- a6 -- e5 -- -- -- -- -- -- 1d 4d 3a -- -- -- -- -- -- c2 e1 -- -- -- -- -- -- -- -- -- -- cc -- -- -- e0 a8 -- -- -- -- ec d7 -- -- -- -- 7b -- 3b -- bd -- -- -- 85 11 -- -- c7 64 d9 eb f0  7 2e bb de -- f2 -- -- -- 1e b4 63 71 -- -- -- -- -- 4c 

solutions so far:0 maxDepth:10 
iterations:18151724  skipped: 16 
Depth skipped: 
0 0 16 0 0 0 0 0 0 0 0 0 0 0 0 0 0 0 0 0 0 0 0 0 0 0 0 0 0 0 0 0 

running time: 2400 sec
 depth:6
 0  1  2  3  4  5  6  7  8  9  a  b  c  d  e  f 10 11 12 13 14 15 16 17 18 19 1a 1b 1c 1d 1e 1f 20 21 22 23 24 25 26 27 28 29 2a 2b 2c 2d 2e 2f 30 31 32 33 34 35 36 37 38 39 3a 3b 3c 3d 3e 3f 40 41 42 43 44 45 46 47 48 49 4a 4b 4c 4d 4e 4f 50 51 52 53 54 55 56 57 58 59 5a 5b 5c 5d 5e 5f 60 61 62 63 64 65 66 67 68 69 6a 6b 6c 6d 6e 6f 70 71 72 73 74 75 76 77 78 79 7a 7b 7c 7d 7e 7f 80 81 82 83 84 85 86 87 88 89 8a 8b 8c 8d 8e 8f 90 91 92 93 94 95 96 97 98 99 9a 9b 9c 9d 9e 9f a0 a1 a2 a3 a4 a5 a6 a7 a8 a9 aa ab ac ad ae af b0 b1 b2 b3 b4 b5 b6 b7 b8 b9 ba bb bc bd be bf c0 c1 c2 c3 c4 c5 c6 c7 c8 c9 ca cb cc cd ce cf d0 d1 d2 d3 d4 d5 d6 d7 d8 d9 da db dc dd de df e0 e1 e2 e3 e4 e5 e6 e7 e8 e9 ea eb ec ed ee ef f0 f1 f2 f3 f4 f5 f6 f7 f8 f9 fa fb fc fd fe ff 
 0  1  2 65  4 c0 ca 46  8 e5 57 72 43  9 8c -- 10 -- 1d -- ae -- e4 31 86 -- 12 -- cf d5 -- 70 20 -- -- -- 3a d1 -- 5c 8b  6 -- -- 1f -- 62 -- db -- -- 33 24 -- -- -- 49  e 7d -- -- -- e0 -- 40 -- -- -- -- -- -- -- 74 -- 75 -- -- -- b8 4f c1 --  c -- -- 15 -- 53 3e -- -- -- c4 -- -- -- 61 -- -- -- -- -- 66 -- 48 -- -- -- -- -- -- -- 92 -- 1c -- fa 87 -- f7 -- 79 -- -- 17 -- -- -- 80 -- -- 54 -- -- -- -- -- -- -- 9b -- -- -- -- e8 -- -- -- ea -- -- aa -- ab -- -- a7 9c 9e 30 55 -- -- -- 18 4e -- be -- -- 2a -- -- -- a6 -- 7c -- -- -- -- -- -- f8 5f 27 -- -- -- -- -- -- c2 e1 -- -- -- -- -- -- -- -- -- -- cc -- -- -- 90 a8 -- -- -- -- -- d7 -- -- -- -- -- -- -- -- f3 -- -- -- 38 81 -- -- 23 60 d9 eb -- ef 39 99 -- -- f2 -- -- -- --  7 2e 83 -- -- -- -- --  3 

solutions so far:0 maxDepth:10 
iterations:20257170  skipped: 19 
Depth skipped: 
0 0 19 0 0 0 0 0 0 0 0 0 0 0 0 0 0 0 0 0 0 0 0 0 0 0 0 0 0 0 0 0 

running time: 2700 sec
 depth:7
 0  1  2  3  4  5  6  7  8  9  a  b  c  d  e  f 10 11 12 13 14 15 16 17 18 19 1a 1b 1c 1d 1e 1f 20 21 22 23 24 25 26 27 28 29 2a 2b 2c 2d 2e 2f 30 31 32 33 34 35 36 37 38 39 3a 3b 3c 3d 3e 3f 40 41 42 43 44 45 46 47 48 49 4a 4b 4c 4d 4e 4f 50 51 52 53 54 55 56 57 58 59 5a 5b 5c 5d 5e 5f 60 61 62 63 64 65 66 67 68 69 6a 6b 6c 6d 6e 6f 70 71 72 73 74 75 76 77 78 79 7a 7b 7c 7d 7e 7f 80 81 82 83 84 85 86 87 88 89 8a 8b 8c 8d 8e 8f 90 91 92 93 94 95 96 97 98 99 9a 9b 9c 9d 9e 9f a0 a1 a2 a3 a4 a5 a6 a7 a8 a9 aa ab ac ad ae af b0 b1 b2 b3 b4 b5 b6 b7 b8 b9 ba bb bc bd be bf c0 c1 c2 c3 c4 c5 c6 c7 c8 c9 ca cb cc cd ce cf d0 d1 d2 d3 d4 d5 d6 d7 d8 d9 da db dc dd de df e0 e1 e2 e3 e4 e5 e6 e7 e8 e9 ea eb ec ed ee ef f0 f1 f2 f3 f4 f5 f6 f7 f8 f9 fa fb fc fd fe ff 
 0  1  2 65  4 b7 ca fe  8 89 b9 f7 43 9c 2b 5f 10 -- c5 -- a5 -- 39 45 86 -- ef -- 56 35 be f4 20 -- -- -- 5d 68 -- 2f 9d  b -- -- 72 -- 8a -- db -- -- 33  9 -- -- 7d ac f5 6a 31 ab -- 3f -- 40 -- -- -- -- -- -- -- ba -- d0 -- -- -- 5e 4f ed -- 16 -- -- 15 -- 53 e4 -- -- -- c3 -- -- -- 61 -- -- -- -- -- 66 -- 12 -- -- cf -- -- fa 46 8f -- 3d -- d4 87 62 48 81 79 -- 92 7e -- -- -- 80 -- -- 54 -- -- -- -- -- -- -- 9b -- -- -- -- a3 -- -- -- 77 -- -- 1a -- 93 -- -- bc 27 9e 58  d -- -- -- 2c f8 -- a2 -- -- 2a -- -- -- a6 -- 1f -- -- -- -- -- -- 3e 51 7c -- -- -- -- -- -- c2 e1 -- -- -- -- -- -- -- -- -- -- cc -- -- -- 24 a8 -- -- -- -- 49 d7 -- -- -- -- 23 -- 8c -- c9 -- -- -- 7a f1 -- -- 7f b0 d9 eb c4 4e 90 af d5 -- f2 -- -- -- f3 91 fc 34 -- -- -- -- -- ee 

solutions so far:0 maxDepth:10 
iterations:23744284  skipped: 22 
Depth skipped: 
0 0 22 0 0 0 0 0 0 0 0 0 0 0 0 0 0 0 0 0 0 0 0 0 0 0 0 0 0 0 0 0 

running time: 3000 sec
 depth:7
 0  1  2  3  4  5  6  7  8  9  a  b  c  d  e  f 10 11 12 13 14 15 16 17 18 19 1a 1b 1c 1d 1e 1f 20 21 22 23 24 25 26 27 28 29 2a 2b 2c 2d 2e 2f 30 31 32 33 34 35 36 37 38 39 3a 3b 3c 3d 3e 3f 40 41 42 43 44 45 46 47 48 49 4a 4b 4c 4d 4e 4f 50 51 52 53 54 55 56 57 58 59 5a 5b 5c 5d 5e 5f 60 61 62 63 64 65 66 67 68 69 6a 6b 6c 6d 6e 6f 70 71 72 73 74 75 76 77 78 79 7a 7b 7c 7d 7e 7f 80 81 82 83 84 85 86 87 88 89 8a 8b 8c 8d 8e 8f 90 91 92 93 94 95 96 97 98 99 9a 9b 9c 9d 9e 9f a0 a1 a2 a3 a4 a5 a6 a7 a8 a9 aa ab ac ad ae af b0 b1 b2 b3 b4 b5 b6 b7 b8 b9 ba bb bc bd be bf c0 c1 c2 c3 c4 c5 c6 c7 c8 c9 ca cb cc cd ce cf d0 d1 d2 d3 d4 d5 d6 d7 d8 d9 da db dc dd de df e0 e1 e2 e3 e4 e5 e6 e7 e8 e9 ea eb ec ed ee ef f0 f1 f2 f3 f4 f5 f6 f7 f8 f9 fa fb fc fd fe ff 
 0  1  2 65  4 b0 ca 5c  8 ff b7 ef 43 1f b8 8c 10 -- 29 -- b9 --  9 3a 86 -- 3e -- a7 70 cf 28 20 -- -- -- 52 34 -- f9 a5 ee -- -- 12 -- 74 -- db -- -- 33 7c -- -- 31 99  5 e0 fa 49 -- 50 -- 40 -- -- -- -- -- -- -- a4 -- 68 -- -- -- 25 4f 9d --  b -- -- 15 -- 53 24 -- -- -- e8 -- -- -- 61 -- -- -- -- -- 66 -- f8 -- -- ab -- -- 62 5f e5 --  a -- 17 87 23 4e 92 79 -- d5 a0 -- -- -- 80 -- -- 54 -- -- -- -- -- -- -- 9b -- -- -- -- 9f -- -- -- d0 -- --  d -- 1c -- -- 4a 72 9e 2c ed -- -- -- 16 39 --  e -- -- 2a -- -- -- a6 -- 48 -- -- -- -- -- -- 90  7 f7 -- -- -- -- -- -- c2 e1 -- -- -- -- -- -- -- -- -- -- cc -- -- -- 27 a8 -- -- -- -- 81 d7 -- -- -- -- c4 -- be -- 1d -- -- -- 14 38 -- -- 2e 58 d9 eb 46 e4 9c 94 f3 -- f2 -- -- -- 7d e9 97 1a -- -- -- -- -- 77 

solutions so far:0 maxDepth:10 
iterations:26950478  skipped: 25 
Depth skipped: 
0 0 25 0 0 0 0 0 0 0 0 0 0 0 0 0 0 0 0 0 0 0 0 0 0 0 0 0 0 0 0 0 

running time: 3300 sec
 depth:6
 0  1  2  3  4  5  6  7  8  9  a  b  c  d  e  f 10 11 12 13 14 15 16 17 18 19 1a 1b 1c 1d 1e 1f 20 21 22 23 24 25 26 27 28 29 2a 2b 2c 2d 2e 2f 30 31 32 33 34 35 36 37 38 39 3a 3b 3c 3d 3e 3f 40 41 42 43 44 45 46 47 48 49 4a 4b 4c 4d 4e 4f 50 51 52 53 54 55 56 57 58 59 5a 5b 5c 5d 5e 5f 60 61 62 63 64 65 66 67 68 69 6a 6b 6c 6d 6e 6f 70 71 72 73 74 75 76 77 78 79 7a 7b 7c 7d 7e 7f 80 81 82 83 84 85 86 87 88 89 8a 8b 8c 8d 8e 8f 90 91 92 93 94 95 96 97 98 99 9a 9b 9c 9d 9e 9f a0 a1 a2 a3 a4 a5 a6 a7 a8 a9 aa ab ac ad ae af b0 b1 b2 b3 b4 b5 b6 b7 b8 b9 ba bb bc bd be bf c0 c1 c2 c3 c4 c5 c6 c7 c8 c9 ca cb cc cd ce cf d0 d1 d2 d3 d4 d5 d6 d7 d8 d9 da db dc dd de df e0 e1 e2 e3 e4 e5 e6 e7 e8 e9 ea eb ec ed ee ef f0 f1 f2 f3 f4 f5 f6 f7 f8 f9 fa fb fc fd fe ff 
 0  1  2 65  4 a9 ca 57  8 90 85 21 43 6c ae -- 10 -- f7 -- dd -- 42 83 86 -- d8 -- 8b 18 -- 27 20 -- -- -- 39 b6 --  9 6d fd -- -- 84 -- d1 -- db -- -- 33 67 -- -- -- c1 3e 30 -- -- -- 4e -- 40 -- -- -- -- -- -- -- 72 -- bb -- -- -- 12 4f da -- 2d -- -- 15 -- 53 df -- -- -- 75 -- -- -- 61 -- -- -- -- -- 66 -- ce -- -- -- -- -- -- -- 55 -- 7c -- 60 87 -- 96 -- 79 -- -- 9c -- -- -- 80 -- -- 54 -- -- -- -- -- -- -- 9b -- -- -- -- e4 -- -- -- a1 -- -- c6 --  6 -- -- 24 1b 9e b4 63 -- -- -- 5a e6 --  3 -- -- 2a -- -- -- a6 -- 69 -- -- -- -- -- -- d2 ea 73 -- -- -- -- -- -- c2 e1 -- -- -- -- -- -- -- -- -- -- cc -- -- -- 4b a8 -- -- -- -- -- d7 -- -- -- -- -- -- -- -- aa -- -- -- f8  c -- -- c0 bf d9 eb -- 36 fb 48 -- -- f2 -- -- -- -- 1f ef 5b -- -- -- -- -- 95 

solutions so far:0 maxDepth:10 
iterations:30216194  skipped: 25 
Depth skipped: 
0 0 25 0 0 0 0 0 0 0 0 0 0 0 0 0 0 0 0 0 0 0 0 0 0 0 0 0 0 0 0 0 

running time: 3600 sec
 depth:7
 0  1  2  3  4  5  6  7  8  9  a  b  c  d  e  f 10 11 12 13 14 15 16 17 18 19 1a 1b 1c 1d 1e 1f 20 21 22 23 24 25 26 27 28 29 2a 2b 2c 2d 2e 2f 30 31 32 33 34 35 36 37 38 39 3a 3b 3c 3d 3e 3f 40 41 42 43 44 45 46 47 48 49 4a 4b 4c 4d 4e 4f 50 51 52 53 54 55 56 57 58 59 5a 5b 5c 5d 5e 5f 60 61 62 63 64 65 66 67 68 69 6a 6b 6c 6d 6e 6f 70 71 72 73 74 75 76 77 78 79 7a 7b 7c 7d 7e 7f 80 81 82 83 84 85 86 87 88 89 8a 8b 8c 8d 8e 8f 90 91 92 93 94 95 96 97 98 99 9a 9b 9c 9d 9e 9f a0 a1 a2 a3 a4 a5 a6 a7 a8 a9 aa ab ac ad ae af b0 b1 b2 b3 b4 b5 b6 b7 b8 b9 ba bb bc bd be bf c0 c1 c2 c3 c4 c5 c6 c7 c8 c9 ca cb cc cd ce cf d0 d1 d2 d3 d4 d5 d6 d7 d8 d9 da db dc dd de df e0 e1 e2 e3 e4 e5 e6 e7 e8 e9 ea eb ec ed ee ef f0 f1 f2 f3 f4 f5 f6 f7 f8 f9 fa fb fc fd fe ff 
 0  1  2 65  4 9d ca a7  8 7e ed f1 43 c9 99 f8 10 -- fc --  d -- 35 e8 86 -- 45 -- e5 17 27 ba 20 -- -- -- 2f ee -- 3d 1a 58 -- -- 6a --  7 -- db -- -- 33 8a -- --  9 1d 89 2e 1f 4e -- a3 -- 40 -- -- -- -- -- -- -- 5e --  b -- -- -- 7a 4f 34 -- b0 -- -- 15 -- 53 d4 -- -- --  e -- -- -- 61 -- -- -- -- -- 66 -- c3 -- -- f7 -- -- 12 48 3a -- c5 -- 5c 87 3e a2 9c 79 -- 72 91 -- -- -- 80 -- -- 54 -- -- -- -- -- -- -- 9b -- -- -- -- bc -- -- -- 16 -- -- d0 -- 70 -- -- f4 ac 9e b9 68 -- -- -- b7 56 -- 38 -- -- 2a -- -- -- a6 -- 7f -- -- -- -- -- -- fe 1c 2b -- -- -- -- -- -- c2 e1 -- -- -- -- -- -- -- -- -- -- cc -- -- -- 51 a8 -- -- -- -- 39 d7 -- -- -- -- 24 -- 90 -- 74 -- -- -- 5d e0 -- -- b8 a5 d9 eb 7c 8f 93 3f ef -- f2 -- -- -- e4 af f5 77 -- -- -- -- -- 2c 

solutions so far:0 maxDepth:10 
iterations:32152040  skipped: 30 
Depth skipped: 
0 0 30 0 0 0 0 0 0 0 0 0 0 0 0 0 0 0 0 0 0 0 0 0 0 0 0 0 0 0 0 0 

running time: 3900 sec
 depth:5
 0  1  2  3  4  5  6  7  8  9  a  b  c  d  e  f 10 11 12 13 14 15 16 17 18 19 1a 1b 1c 1d 1e 1f 20 21 22 23 24 25 26 27 28 29 2a 2b 2c 2d 2e 2f 30 31 32 33 34 35 36 37 38 39 3a 3b 3c 3d 3e 3f 40 41 42 43 44 45 46 47 48 49 4a 4b 4c 4d 4e 4f 50 51 52 53 54 55 56 57 58 59 5a 5b 5c 5d 5e 5f 60 61 62 63 64 65 66 67 68 69 6a 6b 6c 6d 6e 6f 70 71 72 73 74 75 76 77 78 79 7a 7b 7c 7d 7e 7f 80 81 82 83 84 85 86 87 88 89 8a 8b 8c 8d 8e 8f 90 91 92 93 94 95 96 97 98 99 9a 9b 9c 9d 9e 9f a0 a1 a2 a3 a4 a5 a6 a7 a8 a9 aa ab ac ad ae af b0 b1 b2 b3 b4 b5 b6 b7 b8 b9 ba bb bc bd be bf c0 c1 c2 c3 c4 c5 c6 c7 c8 c9 ca cb cc cd ce cf d0 d1 d2 d3 d4 d5 d6 d7 d8 d9 da db dc dd de df e0 e1 e2 e3 e4 e5 e6 e7 e8 e9 ea eb ec ed ee ef f0 f1 f2 f3 f4 f5 f6 f7 f8 f9 fa fb fc fd fe ff 
 0  1  2 65  4 94 ca cf  8 7a ff -- 43 -- 49 -- 10 -- f4 -- 29 -- -- c4 86 -- -- -- 92 fa -- 89 20 -- -- -- 3f  a -- a3 52 a0 -- -- -- -- 5f -- db -- -- 33 -- -- -- -- f3 5e 23 -- -- -- c5 -- 40 -- -- -- -- -- -- -- 7e -- 14 -- -- -- 91 4f a4 -- 97 -- -- 15 -- 53 -- -- -- -- be -- -- -- 61 -- -- -- -- -- 66 -- -- -- -- -- -- -- -- -- 31 -- bc -- 46 87 -- -- -- 79 -- -- 5d -- -- -- 80 -- -- 54 -- -- -- -- -- -- -- 9b -- -- -- -- fc -- -- -- 28 -- -- e9 -- d5 -- -- f5 -- 9e 25 9f -- -- -- f9 -- -- 81 -- -- 2a -- -- -- a6 -- -- -- -- -- -- -- -- -- ab -- -- -- -- -- -- -- c2 e1 -- -- -- -- -- -- -- -- -- -- cc -- -- -- -- a8 -- -- -- -- -- d7 -- -- -- -- -- -- -- -- 62 -- -- -- af 7d -- -- 8c 4a d9 eb -- -- -- 3d -- -- f2 -- -- -- -- 2f ba  5 -- -- -- -- -- 50 

solutions so far:0 maxDepth:10 
iterations:35506603  skipped: 33 
Depth skipped: 
0 0 33 0 0 0 0 0 0 0 0 0 0 0 0 0 0 0 0 0 0 0 0 0 0 0 0 0 0 0 0 0 

running time: 4200 sec
 depth:6
 0  1  2  3  4  5  6  7  8  9  a  b  c  d  e  f 10 11 12 13 14 15 16 17 18 19 1a 1b 1c 1d 1e 1f 20 21 22 23 24 25 26 27 28 29 2a 2b 2c 2d 2e 2f 30 31 32 33 34 35 36 37 38 39 3a 3b 3c 3d 3e 3f 40 41 42 43 44 45 46 47 48 49 4a 4b 4c 4d 4e 4f 50 51 52 53 54 55 56 57 58 59 5a 5b 5c 5d 5e 5f 60 61 62 63 64 65 66 67 68 69 6a 6b 6c 6d 6e 6f 70 71 72 73 74 75 76 77 78 79 7a 7b 7c 7d 7e 7f 80 81 82 83 84 85 86 87 88 89 8a 8b 8c 8d 8e 8f 90 91 92 93 94 95 96 97 98 99 9a 9b 9c 9d 9e 9f a0 a1 a2 a3 a4 a5 a6 a7 a8 a9 aa ab ac ad ae af b0 b1 b2 b3 b4 b5 b6 b7 b8 b9 ba bb bc bd be bf c0 c1 c2 c3 c4 c5 c6 c7 c8 c9 ca cb cc cd ce cf d0 d1 d2 d3 d4 d5 d6 d7 d8 d9 da db dc dd de df e0 e1 e2 e3 e4 e5 e6 e7 e8 e9 ea eb ec ed ee ef f0 f1 f2 f3 f4 f5 f6 f7 f8 f9 fa fb fc fd fe ff 
 0  1  2 65  4 8f ca 83  8 a4 c9 84 43 67 d1 -- 10 -- 9f -- 45 -- df  c 86 -- ce -- 75 8b -- 97 20 -- -- -- e9 f1 -- 94 8a 7f -- -- 69 -- 18 -- db -- -- 33 4b -- -- -- ea 28 c1 -- -- -- f9 -- 40 -- -- -- -- -- -- --  5 -- 35 -- -- -- ff 4f c3 -- fe -- -- 15 -- 53 d2 -- -- -- 30 -- -- -- 61 -- -- -- -- -- 66 -- 96 -- -- -- -- -- -- --  3 -- 50 -- 55 87 -- 21 -- 79 -- -- 25 -- -- -- 80 -- -- 54 -- -- -- -- -- -- -- 9b -- -- -- --  a -- -- -- 6a -- -- a2 -- 57 -- -- 29 6c 9e 56 51 -- -- -- 2b 36 -- c0 -- -- 2a -- -- -- a6 -- 73 -- -- -- -- -- -- e6 60 1b -- -- -- -- -- -- c2 e1 -- -- -- -- -- -- -- -- -- -- cc -- -- -- fb a8 -- -- -- -- -- d7 -- -- -- -- -- -- -- --  6 -- -- -- a0 ae -- -- aa ac d9 eb -- d8 42 52 -- -- f2 -- -- -- -- 14 4a 93 -- -- -- -- -- d4 

solutions so far:0 maxDepth:10 
iterations:37788249  skipped: 35 
Depth skipped: 
0 0 35 0 0 0 0 0 0 0 0 0 0 0 0 0 0 0 0 0 0 0 0 0 0 0 0 0 0 0 0 0 

running time: 4500 sec
 depth:7
 0  1  2  3  4  5  6  7  8  9  a  b  c  d  e  f 10 11 12 13 14 15 16 17 18 19 1a 1b 1c 1d 1e 1f 20 21 22 23 24 25 26 27 28 29 2a 2b 2c 2d 2e 2f 30 31 32 33 34 35 36 37 38 39 3a 3b 3c 3d 3e 3f 40 41 42 43 44 45 46 47 48 49 4a 4b 4c 4d 4e 4f 50 51 52 53 54 55 56 57 58 59 5a 5b 5c 5d 5e 5f 60 61 62 63 64 65 66 67 68 69 6a 6b 6c 6d 6e 6f 70 71 72 73 74 75 76 77 78 79 7a 7b 7c 7d 7e 7f 80 81 82 83 84 85 86 87 88 89 8a 8b 8c 8d 8e 8f 90 91 92 93 94 95 96 97 98 99 9a 9b 9c 9d 9e 9f a0 a1 a2 a3 a4 a5 a6 a7 a8 a9 aa ab ac ad ae af b0 b1 b2 b3 b4 b5 b6 b7 b8 b9 ba bb bc bd be bf c0 c1 c2 c3 c4 c5 c6 c7 c8 c9 ca cb cc cd ce cf d0 d1 d2 d3 d4 d5 d6 d7 d8 d9 da db dc dd de df e0 e1 e2 e3 e4 e5 e6 e7 e8 e9 ea eb ec ed ee ef f0 f1 f2 f3 f4 f5 f6 f7 f8 f9 fa fb fc fd fe ff 
 0  1  2 65  4 88 ca 6c  8 c3 c7 de 43 3c d8 19 10 -- 51 -- 59 -- 6b fb 86 -- 78 -- 67 73 32 fe 20 -- -- -- a2 ad -- 8f b2 9a -- -- d6 -- 21 -- db -- -- 33 f0 -- -- 8e ce 6a e6 4c 64 -- 2b -- 40 -- -- -- -- -- -- -- 93 -- 8d -- -- -- c9 4f b3 -- e3 -- -- 15 -- 53 7b -- -- -- 42 -- -- -- 61 -- -- -- -- -- 66 -- 37 -- -- 71 -- -- cb 82 4b -- d4 -- 1b 87 98 dc c8 79 -- 13 56 -- -- -- 80 -- -- 54 -- -- -- -- -- -- -- 9b -- -- -- -- f1 -- -- -- cd -- -- b5 -- 69 -- -- 45  f 9e 22 b1 -- -- -- 11 ec -- df -- -- 2a -- -- -- a6 -- f6 -- -- -- -- -- -- 3b 84 76 -- -- -- -- -- -- c2 e1 -- -- -- -- -- -- -- -- -- -- cc -- -- -- 6e a8 -- -- -- -- e2 d7 -- -- -- -- 41 -- d3 -- 96 -- -- -- 7f d2 -- -- 36 44 d9 eb e7 1e 6f 8a 47 -- f2 -- -- -- 26 35 ac bd -- -- -- -- -- 4d 

solutions so far:0 maxDepth:10 
iterations:40477047  skipped: 37 
Depth skipped: 
0 0 37 0 0 0 0 0 0 0 0 0 0 0 0 0 0 0 0 0 0 0 0 0 0 0 0 0 0 0 0 0 

running time: 4800 sec
 depth:7
 0  1  2  3  4  5  6  7  8  9  a  b  c  d  e  f 10 11 12 13 14 15 16 17 18 19 1a 1b 1c 1d 1e 1f 20 21 22 23 24 25 26 27 28 29 2a 2b 2c 2d 2e 2f 30 31 32 33 34 35 36 37 38 39 3a 3b 3c 3d 3e 3f 40 41 42 43 44 45 46 47 48 49 4a 4b 4c 4d 4e 4f 50 51 52 53 54 55 56 57 58 59 5a 5b 5c 5d 5e 5f 60 61 62 63 64 65 66 67 68 69 6a 6b 6c 6d 6e 6f 70 71 72 73 74 75 76 77 78 79 7a 7b 7c 7d 7e 7f 80 81 82 83 84 85 86 87 88 89 8a 8b 8c 8d 8e 8f 90 91 92 93 94 95 96 97 98 99 9a 9b 9c 9d 9e 9f a0 a1 a2 a3 a4 a5 a6 a7 a8 a9 aa ab ac ad ae af b0 b1 b2 b3 b4 b5 b6 b7 b8 b9 ba bb bc bd be bf c0 c1 c2 c3 c4 c5 c6 c7 c8 c9 ca cb cc cd ce cf d0 d1 d2 d3 d4 d5 d6 d7 d8 d9 da db dc dd de df e0 e1 e2 e3 e4 e5 e6 e7 e8 e9 ea eb ec ed ee ef f0 f1 f2 f3 f4 f5 f6 f7 f8 f9 fa fb fc fd fe ff 
 0  1  2 65  4 83 ca 89  8 96 d1 e9 43 4a c5 cf 10 -- fb -- 75 --  5 f5 86 -- 94 -- 5d 2f 49 e6 20 -- -- -- 21 30 -- d8 ea ae -- --  a -- 3d -- db -- -- 33 ff -- -- 62 ba 69 5e 23 92 -- 1b -- 40 -- -- -- -- -- -- -- 42 -- 60 -- -- -- 67 4f  3 -- 8b -- -- 15 -- 53 14 -- -- -- 7a -- -- -- 61 -- -- -- -- -- 66 -- 29 -- -- 81 -- -- c4 be a3 -- d2 -- bc 87 46 a4 f3 79 -- 7d 36 -- -- -- 80 -- -- 54 -- -- -- -- -- -- -- 9b -- -- -- -- 84 -- -- -- c0 -- --  c -- 7e -- -- ce f9 9e 55  6 -- -- -- c1 97 -- 3f -- -- 2a -- -- -- a6 -- 28 -- -- -- -- -- -- 50 f4 a0 -- -- -- -- -- -- c2 e1 -- -- -- -- -- -- -- -- -- -- cc -- -- -- 52 a8 -- -- -- -- d5 d7 -- -- -- -- 5f -- ab -- 91 -- -- -- 73 fc -- -- af aa d9 eb 8c 25 9f 4b 31 -- f2 -- -- -- fa df 6c 18 -- -- -- -- -- 57 

solutions so far:0 maxDepth:10 
iterations:42495558  skipped: 37 
Depth skipped: 
0 0 37 0 0 0 0 0 0 0 0 0 0 0 0 0 0 0 0 0 0 0 0 0 0 0 0 0 0 0 0 0 

running time: 5100 sec
 depth:7
 0  1  2  3  4  5  6  7  8  9  a  b  c  d  e  f 10 11 12 13 14 15 16 17 18 19 1a 1b 1c 1d 1e 1f 20 21 22 23 24 25 26 27 28 29 2a 2b 2c 2d 2e 2f 30 31 32 33 34 35 36 37 38 39 3a 3b 3c 3d 3e 3f 40 41 42 43 44 45 46 47 48 49 4a 4b 4c 4d 4e 4f 50 51 52 53 54 55 56 57 58 59 5a 5b 5c 5d 5e 5f 60 61 62 63 64 65 66 67 68 69 6a 6b 6c 6d 6e 6f 70 71 72 73 74 75 76 77 78 79 7a 7b 7c 7d 7e 7f 80 81 82 83 84 85 86 87 88 89 8a 8b 8c 8d 8e 8f 90 91 92 93 94 95 96 97 98 99 9a 9b 9c 9d 9e 9f a0 a1 a2 a3 a4 a5 a6 a7 a8 a9 aa ab ac ad ae af b0 b1 b2 b3 b4 b5 b6 b7 b8 b9 ba bb bc bd be bf c0 c1 c2 c3 c4 c5 c6 c7 c8 c9 ca cb cc cd ce cf d0 d1 d2 d3 d4 d5 d6 d7 d8 d9 da db dc dd de df e0 e1 e2 e3 e4 e5 e6 e7 e8 e9 ea eb ec ed ee ef f0 f1 f2 f3 f4 f5 f6 f7 f8 f9 fa fb fc fd fe ff 
 0  1  2 65  4 78 ca b0  8 35 f0 24 43 f8 b7 99 10 -- 6a -- 37 -- 48  d 86 -- 27 -- b9  b e5 c9 20 -- -- -- d4 d6 -- 51 6e 76 -- -- 90 -- 1a -- db -- -- 33 4e -- -- e8 a5 56 16 5c 1d -- 45 -- 40 -- -- -- -- -- -- -- 7f -- 7b -- -- -- a2 4f dc -- ec -- -- 15 -- 53 f7 -- -- -- 34 -- -- -- 61 -- -- -- -- -- 66 -- 9c -- -- 70 -- --  7 1c 9d -- ac -- 2c 87 b8  9 3a 79 -- 17 8a -- -- -- 80 -- -- 54 -- -- -- -- -- -- -- 9b -- -- -- -- fe -- -- -- f6 -- -- de -- 77 -- -- 93 3e 9e 1e 6f -- -- --  f 1f -- d0 -- -- 2a -- -- -- a6 -- 39 -- -- -- -- -- -- 72 68 e4 -- -- -- -- -- -- c2 e1 -- -- -- -- -- -- -- -- -- -- cc -- -- -- ef a8 -- -- -- -- e0 d7 -- -- -- --  e -- 38 -- ed -- -- -- 8f ee -- -- 58 3c d9 eb a7 7c 12 f1 74 -- f2 -- -- -- 2e 2b c3 6b -- -- -- -- -- 3b 

solutions so far:0 maxDepth:10 
iterations:45086095  skipped: 42 
Depth skipped: 
0 0 42 0 0 0 0 0 0 0 0 0 0 0 0 0 0 0 0 0 0 0 0 0 0 0 0 0 0 0 0 0 

running time: 5400 sec
 depth:7
 0  1  2  3  4  5  6  7  8  9  a  b  c  d  e  f 10 11 12 13 14 15 16 17 18 19 1a 1b 1c 1d 1e 1f 20 21 22 23 24 25 26 27 28 29 2a 2b 2c 2d 2e 2f 30 31 32 33 34 35 36 37 38 39 3a 3b 3c 3d 3e 3f 40 41 42 43 44 45 46 47 48 49 4a 4b 4c 4d 4e 4f 50 51 52 53 54 55 56 57 58 59 5a 5b 5c 5d 5e 5f 60 61 62 63 64 65 66 67 68 69 6a 6b 6c 6d 6e 6f 70 71 72 73 74 75 76 77 78 79 7a 7b 7c 7d 7e 7f 80 81 82 83 84 85 86 87 88 89 8a 8b 8c 8d 8e 8f 90 91 92 93 94 95 96 97 98 99 9a 9b 9c 9d 9e 9f a0 a1 a2 a3 a4 a5 a6 a7 a8 a9 aa ab ac ad ae af b0 b1 b2 b3 b4 b5 b6 b7 b8 b9 ba bb bc bd be bf c0 c1 c2 c3 c4 c5 c6 c7 c8 c9 ca cb cc cd ce cf d0 d1 d2 d3 d4 d5 d6 d7 d8 d9 da db dc dd de df e0 e1 e2 e3 e4 e5 e6 e7 e8 e9 ea eb ec ed ee ef f0 f1 f2 f3 f4 f5 f6 f7 f8 f9 fa fb fc fd fe ff 
 0  1  2 65  4 71 ca c1  8 9f e2 b2 43 e3 55 e5 10 -- e9 -- 13 -- b3 ea 86 -- 11 -- aa c0 1d f9 20 -- -- --  5 32 -- ff 26 8e -- -- b1 --  3 -- db -- -- 33 22 -- --  7 83 50 57 b8 3a -- 25 -- 40 -- -- -- -- -- -- --  a -- 64 -- -- -- 29 4f 4c -- cb -- -- 15 -- 53 b5 -- -- --  6 -- -- -- 61 -- -- -- -- -- 66 -- 44 -- -- e0 -- --  e 38 d1 -- a0 -- ae 87 a7 c7 74 79 -- 2e 4a -- -- -- 80 -- -- 54 -- -- -- -- -- -- -- 9b -- -- -- -- 14 -- -- -- c8 -- -- e7 -- 30 -- -- 52 4d 9e 82 98 -- -- -- 41 cd -- 18 -- -- 2a -- -- -- a6 -- bd -- -- -- -- -- -- ad  c 8d -- -- -- -- -- -- c2 e1 -- -- -- -- -- -- -- -- -- -- cc -- -- -- 88 a8 -- -- -- -- 17 d7 -- -- -- -- 1c -- 70 -- 75 -- -- -- 97 60 -- -- 8b d3 d9 eb 99 9a 59 a4 e8 -- f2 -- -- -- 5c 28 94 19 -- -- -- -- -- 47 

solutions so far:0 maxDepth:10 
iterations:48450214  skipped: 44 
Depth skipped: 
0 0 44 0 0 0 0 0 0 0 0 0 0 0 0 0 0 0 0 0 0 0 0 0 0 0 0 0 0 0 0 0 

running time: 5700 sec
 depth:8
 0  1  2  3  4  5  6  7  8  9  a  b  c  d  e  f 10 11 12 13 14 15 16 17 18 19 1a 1b 1c 1d 1e 1f 20 21 22 23 24 25 26 27 28 29 2a 2b 2c 2d 2e 2f 30 31 32 33 34 35 36 37 38 39 3a 3b 3c 3d 3e 3f 40 41 42 43 44 45 46 47 48 49 4a 4b 4c 4d 4e 4f 50 51 52 53 54 55 56 57 58 59 5a 5b 5c 5d 5e 5f 60 61 62 63 64 65 66 67 68 69 6a 6b 6c 6d 6e 6f 70 71 72 73 74 75 76 77 78 79 7a 7b 7c 7d 7e 7f 80 81 82 83 84 85 86 87 88 89 8a 8b 8c 8d 8e 8f 90 91 92 93 94 95 96 97 98 99 9a 9b 9c 9d 9e 9f a0 a1 a2 a3 a4 a5 a6 a7 a8 a9 aa ab ac ad ae af b0 b1 b2 b3 b4 b5 b6 b7 b8 b9 ba bb bc bd be bf c0 c1 c2 c3 c4 c5 c6 c7 c8 c9 ca cb cc cd ce cf d0 d1 d2 d3 d4 d5 d6 d7 d8 d9 da db dc dd de df e0 e1 e2 e3 e4 e5 e6 e7 e8 e9 ea eb ec ed ee ef f0 f1 f2 f3 f4 f5 f6 f7 f8 f9 fa fb fc fd fe ff 
 0  1  2 65  4 67 ca 39  8 89 ce 57 43  3 72 49 10 a7 c5 -- 4b -- ae f8 86 --  6 -- e4 24 92 f4 20 -- 99 -- 5d df -- 2f 96 e6 -- -- 8b -- 27 -- db -- -- 33  c -- -- c4 1f f5 48 46 f3 -- 3f -- 40 -- -- -- e5 -- -- -- ba -- 69 -- -- 2e 5e 4f fb -- 1b -- -- 15 -- 53 c1 74 -- -- 4e -- -- -- 61 -- -- -- -- -- 66 -- 18 -- -- d5 -- -- 5f ab 3e -- 3d -- 90 87 8c 60 31 79 -- fa 7e -- -- -- 80 -- -- 54 -- -- -- -- 1d -- -- 9b -- e0 -- -- a3 -- -- -- d2 -- -- 42 --  9 5c -- bc 75 9e 6c 21 -- -- -- 36 d1 -- ef -- -- 2a -- -- 70 a6 -- 55  e e8  7 -- 1c -- aa 9c 83 -- -- -- 38 -- -- c2 e1 -- -- -- -- -- 3a -- -- -- -- cc 17 -- -- 30 a8 -- -- -- -- 7d d7 -- -- -- -- be -- 81 -- 7c -- -- b8 7a 12 -- -- f7 d8 d9 eb cf ea c0 af 62 -- f2 -- -- -- 23 91 fc 84 -- -- -- -- -- 73 

solutions so far:0 maxDepth:10 
iterations:52197597  skipped: 49 
Depth skipped: 
0 0 49 0 0 0 0 0 0 0 0 0 0 0 0 0 0 0 0 0 0 0 0 0 0 0 0 0 0 0 0 0 

running time: 6000 sec
 depth:8
 0  1  2  3  4  5  6  7  8  9  a  b  c  d  e  f 10 11 12 13 14 15 16 17 18 19 1a 1b 1c 1d 1e 1f 20 21 22 23 24 25 26 27 28 29 2a 2b 2c 2d 2e 2f 30 31 32 33 34 35 36 37 38 39 3a 3b 3c 3d 3e 3f 40 41 42 43 44 45 46 47 48 49 4a 4b 4c 4d 4e 4f 50 51 52 53 54 55 56 57 58 59 5a 5b 5c 5d 5e 5f 60 61 62 63 64 65 66 67 68 69 6a 6b 6c 6d 6e 6f 70 71 72 73 74 75 76 77 78 79 7a 7b 7c 7d 7e 7f 80 81 82 83 84 85 86 87 88 89 8a 8b 8c 8d 8e 8f 90 91 92 93 94 95 96 97 98 99 9a 9b 9c 9d 9e 9f a0 a1 a2 a3 a4 a5 a6 a7 a8 a9 aa ab ac ad ae af b0 b1 b2 b3 b4 b5 b6 b7 b8 b9 ba bb bc bd be bf c0 c1 c2 c3 c4 c5 c6 c7 c8 c9 ca cb cc cd ce cf d0 d1 d2 d3 d4 d5 d6 d7 d8 d9 da db dc dd de df e0 e1 e2 e3 e4 e5 e6 e7 e8 e9 ea eb ec ed ee ef f0 f1 f2 f3 f4 f5 f6 f7 f8 f9 fa fb fc fd fe ff 
 0  1  2 65  4 58 ca e4  8 9f b0 b4 43 b6 1f 5e 10 aa e9 -- b7 -- bf 4e 86 -- bb -- 3e 90 bc f9 20 -- 83 --  5 1a -- ff b9 77 -- -- a9 -- 9c -- db -- -- 33 a1 -- -- 5d 7c 50 f7 7e af -- 25 -- 40 -- -- -- d1 -- -- --  a -- 34 -- -- 8b 29 4f a5 -- ee -- -- 15 -- 53 85  3 -- -- ef -- -- -- 61 -- -- -- -- -- 66 -- 95 -- -- 3d -- -- ba 91 f8 -- a0 -- 39 87 fc 2d 89 79 -- f4 4a -- -- -- 80 -- -- 54 -- -- -- -- 75 -- -- 9b -- 57 -- -- 14 -- -- -- 68 -- -- ed -- 24 c1 -- 52 c6 9e 16 9d -- -- --  b 63 -- 12 -- -- 2a -- -- c0 a6 -- dd 18  6  c -- 30 -- 6d  9 da -- -- -- 60 -- -- c2 e1 -- -- -- -- -- ea -- -- -- -- cc ae -- -- fd a8 -- -- -- -- 7a d7 -- -- -- -- a3 -- f5 -- 27 -- -- 55 97 48 -- -- 72 2c d9 eb 2f 5b 5a a4 c5 -- f2 -- -- -- 3f 28 94  d -- -- -- -- -- d0 

solutions so far:0 maxDepth:10 
iterations:55779109  skipped: 52 
Depth skipped: 
0 0 52 0 0 0 0 0 0 0 0 0 0 0 0 0 0 0 0 0 0 0 0 0 0 0 0 0 0 0 0 0 

running time: 6300 sec
 depth:7
 0  1  2  3  4  5  6  7  8  9  a  b  c  d  e  f 10 11 12 13 14 15 16 17 18 19 1a 1b 1c 1d 1e 1f 20 21 22 23 24 25 26 27 28 29 2a 2b 2c 2d 2e 2f 30 31 32 33 34 35 36 37 38 39 3a 3b 3c 3d 3e 3f 40 41 42 43 44 45 46 47 48 49 4a 4b 4c 4d 4e 4f 50 51 52 53 54 55 56 57 58 59 5a 5b 5c 5d 5e 5f 60 61 62 63 64 65 66 67 68 69 6a 6b 6c 6d 6e 6f 70 71 72 73 74 75 76 77 78 79 7a 7b 7c 7d 7e 7f 80 81 82 83 84 85 86 87 88 89 8a 8b 8c 8d 8e 8f 90 91 92 93 94 95 96 97 98 99 9a 9b 9c 9d 9e 9f a0 a1 a2 a3 a4 a5 a6 a7 a8 a9 aa ab ac ad ae af b0 b1 b2 b3 b4 b5 b6 b7 b8 b9 ba bb bc bd be bf c0 c1 c2 c3 c4 c5 c6 c7 c8 c9 ca cb cc cd ce cf d0 d1 d2 d3 d4 d5 d6 d7 d8 d9 da db dc dd de df e0 e1 e2 e3 e4 e5 e6 e7 e8 e9 ea eb ec ed ee ef f0 f1 f2 f3 f4 f5 f6 f7 f8 f9 fa fb fc fd fe ff 
 0  1  2 65  4 46 ca df  8 83 8c f9 43  5 69 6d 10 -- d1 -- cf -- 25 36 86 --  a -- d2 fb da 60 20 -- -- -- 75 c4 -- 8b 49 81 -- -- 4a -- 6c -- db -- -- 33 14 -- -- b6 73  c 21 a9 63 -- c0 -- 40 -- -- -- -- -- -- -- ea -- 5f -- -- -- c1 4f 92 -- d5 -- -- 15 -- 53 94 -- -- -- d8 -- -- -- 61 -- -- -- -- -- 66 -- 28 -- -- 2d -- -- bb 95 e6 -- 18 -- 42 87 85 a0 c6 79 -- b4 57 -- -- -- 80 -- -- 54 -- -- -- -- -- -- -- 9b -- -- -- --  3 -- -- -- be -- -- 31 -- 4b -- -- 55 9f 9e fa f3 -- -- -- 7d a4 -- ce -- -- 2a -- -- -- a6 -- ff -- -- -- -- -- -- 29 67 52 -- -- -- -- -- -- c2 e1 -- -- -- -- -- -- -- -- -- -- cc -- -- -- 50 a8 -- -- -- -- 5a d7 -- -- -- -- a1 -- fd -- 1b -- -- -- 30 96 -- -- 84 23 d9 eb dd e9 97 aa 5b -- f2 -- -- -- bf  6 ae 62 -- -- -- -- -- ab 

solutions so far:0 maxDepth:10 
iterations:60471764  skipped: 58 
Depth skipped: 
0 0 58 0 0 0 0 0 0 0 0 0 0 0 0 0 0 0 0 0 0 0 0 0 0 0 0 0 0 0 0 0 

running time: 6600 sec
 depth:6
 0  1  2  3  4  5  6  7  8  9  a  b  c  d  e  f 10 11 12 13 14 15 16 17 18 19 1a 1b 1c 1d 1e 1f 20 21 22 23 24 25 26 27 28 29 2a 2b 2c 2d 2e 2f 30 31 32 33 34 35 36 37 38 39 3a 3b 3c 3d 3e 3f 40 41 42 43 44 45 46 47 48 49 4a 4b 4c 4d 4e 4f 50 51 52 53 54 55 56 57 58 59 5a 5b 5c 5d 5e 5f 60 61 62 63 64 65 66 67 68 69 6a 6b 6c 6d 6e 6f 70 71 72 73 74 75 76 77 78 79 7a 7b 7c 7d 7e 7f 80 81 82 83 84 85 86 87 88 89 8a 8b 8c 8d 8e 8f 90 91 92 93 94 95 96 97 98 99 9a 9b 9c 9d 9e 9f a0 a1 a2 a3 a4 a5 a6 a7 a8 a9 aa ab ac ad ae af b0 b1 b2 b3 b4 b5 b6 b7 b8 b9 ba bb bc bd be bf c0 c1 c2 c3 c4 c5 c6 c7 c8 c9 ca cb cc cd ce cf d0 d1 d2 d3 d4 d5 d6 d7 d8 d9 da db dc dd de df e0 e1 e2 e3 e4 e5 e6 e7 e8 e9 ea eb ec ed ee ef f0 f1 f2 f3 f4 f5 f6 f7 f8 f9 fa fb fc fd fe ff 
 0  1  2 65  4 3b ca  a  8 c6 76 99 43 70 14 -- 10 -- 5b -- ec -- e5 f9 86 -- e0 -- 28 a4 -- b4 20 -- -- -- b6 37 -- dd  f de -- -- 1d -- 25 -- db -- -- 33 17 -- -- -- 50 fd 9f -- -- -- bf -- 40 -- -- -- -- -- -- -- bb -- 6e -- -- -- 6d 4f 1e -- 6b -- -- 15 -- 53 3a -- -- -- 4a -- -- -- 61 -- -- -- -- -- 66 -- 2e -- -- -- -- -- -- -- a0 -- 2d -- e9 87 -- b8 -- 79 -- -- a9 -- -- -- 80 -- -- 54 -- -- -- -- -- -- -- 9b -- -- -- -- a1 -- -- -- dc -- -- 78 -- 29 -- -- da 1c 9e 7b 3c -- -- -- d6  e -- ff -- -- 2a -- -- -- a6 -- 74 -- -- -- -- -- -- e8 94  7 -- -- -- -- -- -- c2 e1 -- -- -- -- -- -- -- -- -- -- cc -- -- -- 5c a8 -- -- -- -- -- d7 -- -- -- -- -- -- -- -- 97 -- -- -- 5a 52 -- --  5 f6 d9 eb -- 38 a7 63 -- -- f2 -- -- -- -- 95 85 f0 -- -- -- -- -- 6f 

solutions so far:0 maxDepth:10 
iterations:64414341  skipped: 61 
Depth skipped: 
0 0 61 0 0 0 0 0 0 0 0 0 0 0 0 0 0 0 0 0 0 0 0 0 0 0 0 0 0 0 0 0 

running time: 6900 sec
 depth:7
 0  1  2  3  4  5  6  7  8  9  a  b  c  d  e  f 10 11 12 13 14 15 16 17 18 19 1a 1b 1c 1d 1e 1f 20 21 22 23 24 25 26 27 28 29 2a 2b 2c 2d 2e 2f 30 31 32 33 34 35 36 37 38 39 3a 3b 3c 3d 3e 3f 40 41 42 43 44 45 46 47 48 49 4a 4b 4c 4d 4e 4f 50 51 52 53 54 55 56 57 58 59 5a 5b 5c 5d 5e 5f 60 61 62 63 64 65 66 67 68 69 6a 6b 6c 6d 6e 6f 70 71 72 73 74 75 76 77 78 79 7a 7b 7c 7d 7e 7f 80 81 82 83 84 85 86 87 88 89 8a 8b 8c 8d 8e 8f 90 91 92 93 94 95 96 97 98 99 9a 9b 9c 9d 9e 9f a0 a1 a2 a3 a4 a5 a6 a7 a8 a9 aa ab ac ad ae af b0 b1 b2 b3 b4 b5 b6 b7 b8 b9 ba bb bc bd be bf c0 c1 c2 c3 c4 c5 c6 c7 c8 c9 ca cb cc cd ce cf d0 d1 d2 d3 d4 d5 d6 d7 d8 d9 da db dc dd de df e0 e1 e2 e3 e4 e5 e6 e7 e8 e9 ea eb ec ed ee ef f0 f1 f2 f3 f4 f5 f6 f7 f8 f9 fa fb fc fd fe ff 
 0  1  2 65  4 2b ca dc  8 ea 56  e 43 99 6f 6d 10 --  3 -- ac -- 1c f6 86 -- e5 -- de 78 da ae 20 -- -- --  6 51 -- aa 8f 35 -- -- 38 -- 3b -- db -- -- 33 1d -- -- b6 6b 60 f0 a9 63 -- 8b -- 40 -- -- -- -- -- -- --  c -- a2 -- -- -- 83 4f c9 -- 6a -- -- 15 -- 53 70 -- -- -- 76 -- -- -- 61 -- -- -- -- -- 66 -- 3a -- -- 2d -- -- bb 95 d6 -- c0 -- 37 87 85 e8 c6 79 -- b4 c1 -- -- -- 80 -- -- 54 -- -- -- -- -- -- -- 9b -- -- -- -- 18 -- -- -- 93 -- -- 8a -- 1e -- -- d1 b8 9e 7f 45 -- -- -- d4 5c --  f -- -- 2a -- -- -- a6 -- e0 -- -- -- -- -- -- 17 ec 2e -- -- -- -- -- -- c2 e1 -- -- -- -- -- -- -- -- -- -- cc -- -- -- 74 a8 -- -- -- -- 5a d7 -- -- -- -- a1 -- fd -- 7b -- -- -- 57 3c -- -- 6e fe d9 eb dd a7  7 75 5b -- f2 -- -- -- bf 30 55 c3 -- -- -- -- -- f1 

solutions so far:0 maxDepth:10 
iterations:68742583  skipped: 66 
Depth skipped: 
0 0 66 0 0 0 0 0 0 0 0 0 0 0 0 0 0 0 0 0 0 0 0 0 0 0 0 0 0 0 0 0 

running time: 7200 sec
 depth:6
 0  1  2  3  4  5  6  7  8  9  a  b  c  d  e  f 10 11 12 13 14 15 16 17 18 19 1a 1b 1c 1d 1e 1f 20 21 22 23 24 25 26 27 28 29 2a 2b 2c 2d 2e 2f 30 31 32 33 34 35 36 37 38 39 3a 3b 3c 3d 3e 3f 40 41 42 43 44 45 46 47 48 49 4a 4b 4c 4d 4e 4f 50 51 52 53 54 55 56 57 58 59 5a 5b 5c 5d 5e 5f 60 61 62 63 64 65 66 67 68 69 6a 6b 6c 6d 6e 6f 70 71 72 73 74 75 76 77 78 79 7a 7b 7c 7d 7e 7f 80 81 82 83 84 85 86 87 88 89 8a 8b 8c 8d 8e 8f 90 91 92 93 94 95 96 97 98 99 9a 9b 9c 9d 9e 9f a0 a1 a2 a3 a4 a5 a6 a7 a8 a9 aa ab ac ad ae af b0 b1 b2 b3 b4 b5 b6 b7 b8 b9 ba bb bc bd be bf c0 c1 c2 c3 c4 c5 c6 c7 c8 c9 ca cb cc cd ce cf d0 d1 d2 d3 d4 d5 d6 d7 d8 d9 da db dc dd de df e0 e1 e2 e3 e4 e5 e6 e7 e8 e9 ea eb ec ed ee ef f0 f1 f2 f3 f4 f5 f6 f7 f8 f9 fa fb fc fd fe ff 
 0  1  2 65  4 13 ca e4  8 30 26 36 43 84 1f -- 10 -- 60 -- 4c -- 6c 4e 86 -- df -- 3e 90 -- 83 20 -- -- -- c0 c8 --  3 98 41 -- -- d8 -- 9c -- db -- -- 33 69 -- -- -- 7c c1 f7 -- -- -- d1 -- 40 -- -- -- -- -- -- -- 57 -- 47 -- -- --  6 4f e7 -- 82 -- -- 15 -- 53 67 -- -- -- ef -- -- -- 61 -- -- -- -- -- 66 -- d2 -- -- -- -- -- -- -- f8 -- 55 -- 39 87 -- e6 -- 79 -- -- 75 -- -- -- 80 -- -- 54 -- -- -- -- -- -- -- 9b -- -- -- -- ae -- -- -- 8e -- -- 32 -- 24 -- --  c 21 9e 71 19 -- -- -- d3 fb -- 12 -- -- 2a -- -- -- a6 -- ce -- -- -- -- -- -- 4b  9 96 -- -- -- -- -- -- c2 e1 -- -- -- -- -- -- -- -- -- -- cc -- -- -- 73 a8 -- -- -- -- -- d7 -- -- -- -- -- -- -- -- 27 -- -- -- aa 48 -- -- 72 e2 d9 eb -- 42 1b 18 -- -- f2 -- -- -- -- 8b ea 64 -- -- -- -- -- cb 

solutions so far:0 maxDepth:10 
iterations:74271658  skipped: 71 
Depth skipped: 
0 0 71 0 0 0 0 0 0 0 0 0 0 0 0 0 0 0 0 0 0 0 0 0 0 0 0 0 0 0 0 0 

running time: 7500 sec

Finished. Total running time: 7764 sec
