Search S-boxes invariant for matrix: 
{0x00,0x02,0x04,0x06,0x08,0x0a,0x0c,0x0e,0x10,0x12,0x14,0x16,0x18,0x1a,0x1c,0x1e,0x20,0x22,0x24,0x26,0x28,0x2a,0x2c,0x2e,0x30,0x32,0x34,0x36,0x38,0x3a,0x3c,0x3e,0x40,0x42,0x44,0x46,0x48,0x4a,0x4c,0x4e,0x50,0x52,0x54,0x56,0x58,0x5a,0x5c,0x5e,0x60,0x62,0x64,0x66,0x68,0x6a,0x6c,0x6e,0x70,0x72,0x74,0x76,0x78,0x7a,0x7c,0x7e,0x80,0x82,0x84,0x86,0x88,0x8a,0x8c,0x8e,0x90,0x92,0x94,0x96,0x98,0x9a,0x9c,0x9e,0xa0,0xa2,0xa4,0xa6,0xa8,0xaa,0xac,0xae,0xb0,0xb2,0xb4,0xb6,0xb8,0xba,0xbc,0xbe,0xc0,0xc2,0xc4,0xc6,0xc8,0xca,0xcc,0xce,0xd0,0xd2,0xd4,0xd6,0xd8,0xda,0xdc,0xde,0xe0,0xe2,0xe4,0xe6,0xe8,0xea,0xec,0xee,0xf0,0xf2,0xf4,0xf6,0xf8,0xfa,0xfc,0xfe,0xd7,0xd5,0xd3,0xd1,0xdf,0xdd,0xdb,0xd9,0xc7,0xc5,0xc3,0xc1,0xcf,0xcd,0xcb,0xc9,0xf7,0xf5,0xf3,0xf1,0xff,0xfd,0xfb,0xf9,0xe7,0xe5,0xe3,0xe1,0xef,0xed,0xeb,0xe9,0x97,0x95,0x93,0x91,0x9f,0x9d,0x9b,0x99,0x87,0x85,0x83,0x81,0x8f,0x8d,0x8b,0x89,0xb7,0xb5,0xb3,0xb1,0xbf,0xbd,0xbb,0xb9,0xa7,0xa5,0xa3,0xa1,0xaf,0xad,0xab,0xa9,0x57,0x55,0x53,0x51,0x5f,0x5d,0x5b,0x59,0x47,0x45,0x43,0x41,0x4f,0x4d,0x4b,0x49,0x77,0x75,0x73,0x71,0x7f,0x7d,0x7b,0x79,0x67,0x65,0x63,0x61,0x6f,0x6d,0x6b,0x69,0x17,0x15,0x13,0x11,0x1f,0x1d,0x1b,0x19,0x07,0x05,0x03,0x01,0x0f,0x0d,0x0b,0x09,0x37,0x35,0x33,0x31,0x3f,0x3d,0x3b,0x39,0x27,0x25,0x23,0x21,0x2f,0x2d,0x2b,0x29};



 depth:7
 0  1  2  3  4  5  6  7  8  9  a  b  c  d  e  f 10 11 12 13 14 15 16 17 18 19 1a 1b 1c 1d 1e 1f 20 21 22 23 24 25 26 27 28 29 2a 2b 2c 2d 2e 2f 30 31 32 33 34 35 36 37 38 39 3a 3b 3c 3d 3e 3f 40 41 42 43 44 45 46 47 48 49 4a 4b 4c 4d 4e 4f 50 51 52 53 54 55 56 57 58 59 5a 5b 5c 5d 5e 5f 60 61 62 63 64 65 66 67 68 69 6a 6b 6c 6d 6e 6f 70 71 72 73 74 75 76 77 78 79 7a 7b 7c 7d 7e 7f 80 81 82 83 84 85 86 87 88 89 8a 8b 8c 8d 8e 8f 90 91 92 93 94 95 96 97 98 99 9a 9b 9c 9d 9e 9f a0 a1 a2 a3 a4 a5 a6 a7 a8 a9 aa ab ac ad ae af b0 b1 b2 b3 b4 b5 b6 b7 b8 b9 ba bb bc bd be bf c0 c1 c2 c3 c4 c5 c6 c7 c8 c9 ca cb cc cd ce cf d0 d1 d2 d3 d4 d5 d6 d7 d8 d9 da db dc dd de df e0 e1 e2 e3 e4 e5 e6 e7 e8 e9 ea eb ec ed ee ef f0 f1 f2 f3 f4 f5 f6 f7 f8 f9 fa fb fc fd fe ff 
 0  1  2 70  4 f8 e0 67  8 bf 27 c0 17 ea ce 51 10 -- a9 -- 4e -- 57 42 2e --  3 -- 4b 1b a2 b6 20 -- -- -- 85 48 -- fd 9c 72 -- -- ae -- 84 -- 5c -- -- 33  6 -- -- 6a 96 63 36 45 93 -- bb -- 40 -- -- -- -- -- -- -- dd -- 90 -- -- -- 2d 4f ef -- e4 -- -- 74 -- 99 8b -- -- -- df -- -- -- b8 -- -- -- -- -- 66 --  c -- -- 56 -- -- d4 fe fb -- c6 -- 6c 1c 8a 30 f1 79 -- 8f a1 -- -- -- 80 -- --  7 -- -- -- -- -- -- -- 1d -- -- -- -- 6d -- -- -- f7 -- -- 12 -- 73 -- -- 5a d1 9e 3e  9 -- -- -- 1f 83 -- d2 -- -- e8 -- -- -- e5 -- c1 -- -- -- -- -- -- 55 69 aa -- -- -- -- -- -- a7 3a -- -- -- -- -- -- -- -- -- -- cc -- -- -- 18  e -- -- -- -- ac d7 -- -- -- -- 7f -- 2b -- 21 -- -- -- 5b e6 -- -- d8 7c 38 eb c3 75 60 b4 35 -- f2 -- -- -- c9 da 95 24 -- -- -- -- -- 39 

solutions so far:0 maxDepth:9 
iterations:2561523  skipped: 3 
Depth skipped: 
0 0 3 0 0 0 0 0 0 0 0 0 0 0 0 0 0 0 0 0 0 0 0 0 0 0 0 0 0 0 0 0 

running time: 300 sec
 depth:5
 0  1  2  3  4  5  6  7  8  9  a  b  c  d  e  f 10 11 12 13 14 15 16 17 18 19 1a 1b 1c 1d 1e 1f 20 21 22 23 24 25 26 27 28 29 2a 2b 2c 2d 2e 2f 30 31 32 33 34 35 36 37 38 39 3a 3b 3c 3d 3e 3f 40 41 42 43 44 45 46 47 48 49 4a 4b 4c 4d 4e 4f 50 51 52 53 54 55 56 57 58 59 5a 5b 5c 5d 5e 5f 60 61 62 63 64 65 66 67 68 69 6a 6b 6c 6d 6e 6f 70 71 72 73 74 75 76 77 78 79 7a 7b 7c 7d 7e 7f 80 81 82 83 84 85 86 87 88 89 8a 8b 8c 8d 8e 8f 90 91 92 93 94 95 96 97 98 99 9a 9b 9c 9d 9e 9f a0 a1 a2 a3 a4 a5 a6 a7 a8 a9 aa ab ac ad ae af b0 b1 b2 b3 b4 b5 b6 b7 b8 b9 ba bb bc bd be bf c0 c1 c2 c3 c4 c5 c6 c7 c8 c9 ca cb cc cd ce cf d0 d1 d2 d3 d4 d5 d6 d7 d8 d9 da db dc dd de df e0 e1 e2 e3 e4 e5 e6 e7 e8 e9 ea eb ec ed ee ef f0 f1 f2 f3 f4 f5 f6 f7 f8 f9 fa fb fc fd fe ff 
 0  1  2 70  4 f0 e0 48  8 9a 37 -- 17 -- 90 -- 10 -- e3 -- 6e -- -- 1f 2e -- -- -- f7 ef -- b3 20 -- -- -- 11 7b -- ad dc ec -- -- -- -- 3e -- 5c -- -- 33 -- -- -- -- 39 c7  9 -- -- -- b1 -- 40 -- -- -- -- -- -- -- 22 -- f6 -- -- -- 8d 4f 6f --  f -- -- 74 -- 99 -- -- -- -- 7c -- -- -- b8 -- -- -- -- -- 66 -- -- -- -- -- -- -- -- -- 72 -- 59 -- 12 1c -- -- -- 79 -- -- b5 -- -- -- 80 -- --  7 -- -- -- -- -- -- -- 1d -- -- -- -- 44 -- -- -- 3b -- -- 6b -- 4e -- -- cd -- 9e 3c de -- -- -- 1e -- -- 27 -- -- e8 -- -- -- e5 -- -- -- -- -- -- -- -- -- f8 -- -- -- -- -- -- -- a7 3a -- -- -- -- -- -- -- -- -- -- cc -- -- -- --  e -- -- -- -- -- d7 -- -- -- -- -- -- -- -- e4 -- -- -- b2 9c -- -- 24 78 38 eb -- -- -- 4d -- -- f2 -- -- -- -- 88 bd d6 -- -- -- -- -- 76 

solutions so far:0 maxDepth:9 
iterations:4635080  skipped: 7 
Depth skipped: 
0 0 7 0 0 0 0 0 0 0 0 0 0 0 0 0 0 0 0 0 0 0 0 0 0 0 0 0 0 0 0 0 

running time: 600 sec
 depth:6
 0  1  2  3  4  5  6  7  8  9  a  b  c  d  e  f 10 11 12 13 14 15 16 17 18 19 1a 1b 1c 1d 1e 1f 20 21 22 23 24 25 26 27 28 29 2a 2b 2c 2d 2e 2f 30 31 32 33 34 35 36 37 38 39 3a 3b 3c 3d 3e 3f 40 41 42 43 44 45 46 47 48 49 4a 4b 4c 4d 4e 4f 50 51 52 53 54 55 56 57 58 59 5a 5b 5c 5d 5e 5f 60 61 62 63 64 65 66 67 68 69 6a 6b 6c 6d 6e 6f 70 71 72 73 74 75 76 77 78 79 7a 7b 7c 7d 7e 7f 80 81 82 83 84 85 86 87 88 89 8a 8b 8c 8d 8e 8f 90 91 92 93 94 95 96 97 98 99 9a 9b 9c 9d 9e 9f a0 a1 a2 a3 a4 a5 a6 a7 a8 a9 aa ab ac ad ae af b0 b1 b2 b3 b4 b5 b6 b7 b8 b9 ba bb bc bd be bf c0 c1 c2 c3 c4 c5 c6 c7 c8 c9 ca cb cc cd ce cf d0 d1 d2 d3 d4 d5 d6 d7 d8 d9 da db dc dd de df e0 e1 e2 e3 e4 e5 e6 e7 e8 e9 ea eb ec ed ee ef f0 f1 f2 f3 f4 f5 f6 f7 f8 f9 fa fb fc fd fe ff 
 0  1  2 70  4 e7 e0 db  8 23 19 3b 17 dc 61 -- 10 -- 46 -- 32 -- 76 e1 2e -- 6f -- c2 65 -- c4 20 -- -- -- 8c 41 -- 81 64 e2 -- -- ec -- 15 -- 5c -- -- 33 de -- -- -- 53 f3 ca -- -- -- 5f -- 40 -- -- -- -- -- -- -- cf -- 82 -- -- -- d5 4f c8 -- 13 -- -- 74 -- 99  f -- -- -- 2a -- -- -- b8 -- -- -- -- -- 66 -- 6b -- -- -- -- -- -- -- a6 -- 31 -- 43 1c -- 7b -- 79 -- -- be -- -- -- 80 -- --  7 -- -- -- -- -- -- -- 1d -- -- -- -- 49 -- -- -- d3 -- -- 8e -- 87 -- -- 7d 37 9e 4c 47 -- -- -- 26 f0 -- a8 -- -- e8 -- -- -- e5 -- 1e -- -- -- -- -- -- 3c 54 78 -- -- -- -- -- -- a7 3a -- -- -- -- -- -- -- -- -- -- cc -- -- -- d6  e -- -- -- -- -- d7 -- -- -- -- -- -- -- -- 9b -- -- -- 62 d9 -- -- 86 98 38 eb -- 6e f6 fa -- -- f2 -- -- -- -- 92 ab cb -- -- -- -- -- 71 

solutions so far:0 maxDepth:9 
iterations:7617631  skipped: 8 
Depth skipped: 
0 0 8 0 0 0 0 0 0 0 0 0 0 0 0 0 0 0 0 0 0 0 0 0 0 0 0 0 0 0 0 0 

running time: 900 sec
 depth:7
 0  1  2  3  4  5  6  7  8  9  a  b  c  d  e  f 10 11 12 13 14 15 16 17 18 19 1a 1b 1c 1d 1e 1f 20 21 22 23 24 25 26 27 28 29 2a 2b 2c 2d 2e 2f 30 31 32 33 34 35 36 37 38 39 3a 3b 3c 3d 3e 3f 40 41 42 43 44 45 46 47 48 49 4a 4b 4c 4d 4e 4f 50 51 52 53 54 55 56 57 58 59 5a 5b 5c 5d 5e 5f 60 61 62 63 64 65 66 67 68 69 6a 6b 6c 6d 6e 6f 70 71 72 73 74 75 76 77 78 79 7a 7b 7c 7d 7e 7f 80 81 82 83 84 85 86 87 88 89 8a 8b 8c 8d 8e 8f 90 91 92 93 94 95 96 97 98 99 9a 9b 9c 9d 9e 9f a0 a1 a2 a3 a4 a5 a6 a7 a8 a9 aa ab ac ad ae af b0 b1 b2 b3 b4 b5 b6 b7 b8 b9 ba bb bc bd be bf c0 c1 c2 c3 c4 c5 c6 c7 c8 c9 ca cb cc cd ce cf d0 d1 d2 d3 d4 d5 d6 d7 d8 d9 da db dc dd de df e0 e1 e2 e3 e4 e5 e6 e7 e8 e9 ea eb ec ed ee ef f0 f1 f2 f3 f4 f5 f6 f7 f8 f9 fa fb fc fd fe ff 
 0  1  2 70  4 dc e0  3  8 5b 6f 3f 17 ba  6 3e 10 -- b6 -- de -- 7e c0 2e -- a3 --  c 83 7c bf 20 -- -- -- bb 76 -- 6d 6b 3c -- -- fc -- 57 -- 5c -- -- 33 91 -- -- 9c 18 2d d1 72 f8 -- a9 -- 40 -- -- -- -- -- -- -- a1 -- ec -- -- -- da 4f d6 -- 78 -- -- 74 -- 99 2f -- -- -- ae -- -- -- b8 -- -- -- -- -- 66 -- f5 -- -- 48 -- -- ef 12 30 -- 5a -- 75 1c e4 7a 27 79 -- f7 85 -- -- -- 80 -- --  7 -- -- -- -- -- -- -- 1d -- -- -- -- 95 -- -- --  f -- -- f6 -- 55 -- -- 63 c5 9e 37 7b -- -- -- f0 89 -- c1 -- -- e8 -- -- -- e5 -- 5e -- -- -- -- -- -- bc 8b af -- -- -- -- -- -- a7 3a -- -- -- -- -- -- -- -- -- -- cc -- -- -- 3d  e -- -- -- -- 90 d7 -- -- -- --  9 -- 24 -- 60 -- -- -- b4 aa -- -- ea 6e 38 eb 1f 5d f4 c6 4e -- f2 -- -- -- 39 fd dd 3b -- -- -- -- -- 1e 

solutions so far:0 maxDepth:9 
iterations:10391340  skipped: 13 
Depth skipped: 
0 0 13 0 0 0 0 0 0 0 0 0 0 0 0 0 0 0 0 0 0 0 0 0 0 0 0 0 0 0 0 0 

running time: 1200 sec
 depth:6
 0  1  2  3  4  5  6  7  8  9  a  b  c  d  e  f 10 11 12 13 14 15 16 17 18 19 1a 1b 1c 1d 1e 1f 20 21 22 23 24 25 26 27 28 29 2a 2b 2c 2d 2e 2f 30 31 32 33 34 35 36 37 38 39 3a 3b 3c 3d 3e 3f 40 41 42 43 44 45 46 47 48 49 4a 4b 4c 4d 4e 4f 50 51 52 53 54 55 56 57 58 59 5a 5b 5c 5d 5e 5f 60 61 62 63 64 65 66 67 68 69 6a 6b 6c 6d 6e 6f 70 71 72 73 74 75 76 77 78 79 7a 7b 7c 7d 7e 7f 80 81 82 83 84 85 86 87 88 89 8a 8b 8c 8d 8e 8f 90 91 92 93 94 95 96 97 98 99 9a 9b 9c 9d 9e 9f a0 a1 a2 a3 a4 a5 a6 a7 a8 a9 aa ab ac ad ae af b0 b1 b2 b3 b4 b5 b6 b7 b8 b9 ba bb bc bd be bf c0 c1 c2 c3 c4 c5 c6 c7 c8 c9 ca cb cc cd ce cf d0 d1 d2 d3 d4 d5 d6 d7 d8 d9 da db dc dd de df e0 e1 e2 e3 e4 e5 e6 e7 e8 e9 ea eb ec ed ee ef f0 f1 f2 f3 f4 f5 f6 f7 f8 f9 fa fb fc fd fe ff 
 0  1  2 70  4 d3 e0 f6  8 8c 71 bc 17 7a 3b -- 10 -- cf -- e2 -- af 3c 2e -- f4 -- 76 de -- be 20 -- -- -- 49 19 -- 7d 13 47 -- -- 89 -- 78 -- 5c -- -- 33 3f -- -- -- ec 62 6b -- -- -- ab -- 40 -- -- -- -- -- -- -- 92 -- 32 -- -- -- fa 4f 26 -- 8e -- -- 74 -- 99 c5 -- -- -- f0 -- -- -- b8 -- -- -- -- -- 66 -- 7e -- -- -- -- -- -- --  f -- c4 -- d6 1c -- 2f -- 79 -- -- 81 -- -- -- 80 -- --  7 -- -- -- -- -- -- -- 1d -- -- -- -- f3 -- -- -- 64 -- -- 98 -- dc -- -- 23 f5 9e 41 4c -- -- -- cb 91 -- 6e -- -- e8 -- -- -- e5 -- 5d -- -- -- -- -- -- ba 37 a3 -- -- -- -- -- -- a7 3a -- -- -- -- -- -- -- -- -- -- cc -- -- -- fc  e -- -- -- -- -- d7 -- -- -- -- -- -- -- -- 1e -- -- -- 5f 6f -- -- 7b 82 38 eb -- 3d 5e 46 -- -- f2 -- -- -- -- 31 d5 e7 -- -- -- -- -- c8 

solutions so far:0 maxDepth:10 
iterations:12467507  skipped: 16 
Depth skipped: 
0 0 16 0 0 0 0 0 0 0 0 0 0 0 0 0 0 0 0 0 0 0 0 0 0 0 0 0 0 0 0 0 

running time: 1500 sec
 depth:6
 0  1  2  3  4  5  6  7  8  9  a  b  c  d  e  f 10 11 12 13 14 15 16 17 18 19 1a 1b 1c 1d 1e 1f 20 21 22 23 24 25 26 27 28 29 2a 2b 2c 2d 2e 2f 30 31 32 33 34 35 36 37 38 39 3a 3b 3c 3d 3e 3f 40 41 42 43 44 45 46 47 48 49 4a 4b 4c 4d 4e 4f 50 51 52 53 54 55 56 57 58 59 5a 5b 5c 5d 5e 5f 60 61 62 63 64 65 66 67 68 69 6a 6b 6c 6d 6e 6f 70 71 72 73 74 75 76 77 78 79 7a 7b 7c 7d 7e 7f 80 81 82 83 84 85 86 87 88 89 8a 8b 8c 8d 8e 8f 90 91 92 93 94 95 96 97 98 99 9a 9b 9c 9d 9e 9f a0 a1 a2 a3 a4 a5 a6 a7 a8 a9 aa ab ac ad ae af b0 b1 b2 b3 b4 b5 b6 b7 b8 b9 ba bb bc bd be bf c0 c1 c2 c3 c4 c5 c6 c7 c8 c9 ca cb cc cd ce cf d0 d1 d2 d3 d4 d5 d6 d7 d8 d9 da db dc dd de df e0 e1 e2 e3 e4 e5 e6 e7 e8 e9 ea eb ec ed ee ef f0 f1 f2 f3 f4 f5 f6 f7 f8 f9 fa fb fc fd fe ff 
 0  1  2 70  4 c5 e0 4c  8 e9 5d 39 17 ef 98 -- 10 --  5 -- ba -- 72 c8 2e --  9 -- e7 71 -- 25 20 -- -- --  a f4 -- 29 a3 2f -- -- e4 -- 47 -- 5c -- -- 33 12 -- -- -- 19 a0 e2 -- -- -- 4a -- 40 -- -- -- -- -- -- -- 14 -- 3f -- -- -- 52 4f 91 -- 5e -- -- 74 -- 99 1f -- -- -- 8e -- -- -- b8 -- -- -- -- -- 66 -- 24 -- -- -- -- -- -- -- 32 -- 97 -- 13 1c -- 90 -- 79 -- -- 94 -- -- -- 80 -- --  7 -- -- -- -- -- -- -- 1d -- -- -- -- 28 -- -- -- 7e -- -- 3d -- 82 -- -- a4 4e 9e af f5 -- -- -- bc 27 -- 41 -- -- e8 -- -- -- e5 -- 3e -- -- -- -- -- -- 7c cb f8 -- -- -- -- -- -- a7 3a -- -- -- -- -- -- -- -- -- -- cc -- -- -- 48  e -- -- -- -- -- d7 -- -- -- -- -- -- -- -- 64 -- -- -- f9 d3 -- -- 26 89 38 eb -- 9c f7 9f -- -- f2 -- -- -- -- 50 ff 7a -- -- -- -- -- fc 

solutions so far:0 maxDepth:10 
iterations:15376433  skipped: 20 
Depth skipped: 
0 0 20 0 0 0 0 0 0 0 0 0 0 0 0 0 0 0 0 0 0 0 0 0 0 0 0 0 0 0 0 0 

running time: 1800 sec
 depth:7
 0  1  2  3  4  5  6  7  8  9  a  b  c  d  e  f 10 11 12 13 14 15 16 17 18 19 1a 1b 1c 1d 1e 1f 20 21 22 23 24 25 26 27 28 29 2a 2b 2c 2d 2e 2f 30 31 32 33 34 35 36 37 38 39 3a 3b 3c 3d 3e 3f 40 41 42 43 44 45 46 47 48 49 4a 4b 4c 4d 4e 4f 50 51 52 53 54 55 56 57 58 59 5a 5b 5c 5d 5e 5f 60 61 62 63 64 65 66 67 68 69 6a 6b 6c 6d 6e 6f 70 71 72 73 74 75 76 77 78 79 7a 7b 7c 7d 7e 7f 80 81 82 83 84 85 86 87 88 89 8a 8b 8c 8d 8e 8f 90 91 92 93 94 95 96 97 98 99 9a 9b 9c 9d 9e 9f a0 a1 a2 a3 a4 a5 a6 a7 a8 a9 aa ab ac ad ae af b0 b1 b2 b3 b4 b5 b6 b7 b8 b9 ba bb bc bd be bf c0 c1 c2 c3 c4 c5 c6 c7 c8 c9 ca cb cc cd ce cf d0 d1 d2 d3 d4 d5 d6 d7 d8 d9 da db dc dd de df e0 e1 e2 e3 e4 e5 e6 e7 e8 e9 ea eb ec ed ee ef f0 f1 f2 f3 f4 f5 f6 f7 f8 f9 fa fb fc fd fe ff 
 0  1  2 70  4 bf e0 4b  8 f7 a9 55 17 30 96 b9 10 -- 39 -- 85 -- aa df 2e -- 60 -- fb 6c a5 4e 20 -- -- -- 72 5b -- 12 dd 95 -- -- 83 -- 69 -- 5c -- -- 33 c0 -- -- 1a 21 7c d8 58 9d -- 9c -- 40 -- -- -- -- -- -- -- e4 -- b6 -- -- -- 24 4f 6d -- fd -- -- 74 -- 99 d1 -- -- -- d2 -- -- -- b8 -- -- -- -- -- 66 -- 57 -- -- ee -- -- 34 d0 42 -- f8 -- 67 1c b0 8b ed 79 -- 16 ef -- -- -- 80 -- --  7 -- -- -- -- -- -- -- 1d -- -- -- -- 1f -- -- -- bb -- -- 63 -- 1b -- -- 48  c 9e 5a da -- -- -- 2d  6 -- e6 -- -- e8 -- -- -- e5 -- 75 -- -- -- -- -- -- ea 73  3 -- -- -- -- -- -- a7 3a -- -- -- -- -- -- -- -- -- -- cc -- -- -- ae  e -- -- -- --  b d7 -- -- -- -- 68 -- 77 -- 84 -- -- -- 27 36 -- -- ce b4 38 eb b7 18 c1 90  d -- f2 -- -- -- 2c 3e  9 c6 -- -- -- -- -- a1 

solutions so far:0 maxDepth:10 
iterations:18208427  skipped: 22 
Depth skipped: 
0 0 22 0 0 0 0 0 0 0 0 0 0 0 0 0 0 0 0 0 0 0 0 0 0 0 0 0 0 0 0 0 

running time: 2100 sec
 depth:6
 0  1  2  3  4  5  6  7  8  9  a  b  c  d  e  f 10 11 12 13 14 15 16 17 18 19 1a 1b 1c 1d 1e 1f 20 21 22 23 24 25 26 27 28 29 2a 2b 2c 2d 2e 2f 30 31 32 33 34 35 36 37 38 39 3a 3b 3c 3d 3e 3f 40 41 42 43 44 45 46 47 48 49 4a 4b 4c 4d 4e 4f 50 51 52 53 54 55 56 57 58 59 5a 5b 5c 5d 5e 5f 60 61 62 63 64 65 66 67 68 69 6a 6b 6c 6d 6e 6f 70 71 72 73 74 75 76 77 78 79 7a 7b 7c 7d 7e 7f 80 81 82 83 84 85 86 87 88 89 8a 8b 8c 8d 8e 8f 90 91 92 93 94 95 96 97 98 99 9a 9b 9c 9d 9e 9f a0 a1 a2 a3 a4 a5 a6 a7 a8 a9 aa ab ac ad ae af b0 b1 b2 b3 b4 b5 b6 b7 b8 b9 ba bb bc bd be bf c0 c1 c2 c3 c4 c5 c6 c7 c8 c9 ca cb cc cd ce cf d0 d1 d2 d3 d4 d5 d6 d7 d8 d9 da db dc dd de df e0 e1 e2 e3 e4 e5 e6 e7 e8 e9 ea eb ec ed ee ef f0 f1 f2 f3 f4 f5 f6 f7 f8 f9 fa fb fc fd fe ff 
 0  1  2 70  4 b5 e0 18  8 6c bd a8 17 53 30 -- 10 -- d8 -- ad -- 87 8b 2e -- a6 -- 60 ea -- 84 20 -- -- -- 67 11 -- 73 8d c7 -- -- d9 -- c1 -- 5c -- -- 33 9b -- -- -- c0 fb  3 -- -- -- df -- 40 -- -- -- -- -- -- -- ce -- 22 -- -- -- e6 4f cd -- 59 -- -- 74 -- 99 65 -- -- -- 55 -- -- -- b8 -- -- -- -- -- 66 -- e1 -- -- -- -- -- -- -- 57 -- 21 --  6 1c -- 2a -- 79 -- -- 69 -- -- -- 80 -- --  7 -- -- -- -- -- -- -- 1d -- -- -- -- 4b -- -- -- 44 -- -- 9a -- d1 -- -- 1b 61 9e b3 4d -- -- -- b2 db -- 83 -- -- e8 -- -- -- e5 -- ca -- -- -- -- -- -- 43 aa 86 -- -- -- -- -- -- a7 3a -- -- -- -- -- -- -- -- -- -- cc -- -- -- 15  e -- -- -- -- -- d7 -- -- -- -- -- -- -- -- ae -- -- -- 42 75 -- --  c b1 38 eb -- c2 54 36 -- -- f2 -- -- -- -- 96 d2 e3 -- -- -- -- -- 88 

solutions so far:0 maxDepth:10 
iterations:21056087  skipped: 26 
Depth skipped: 
0 0 26 0 0 0 0 0 0 0 0 0 0 0 0 0 0 0 0 0 0 0 0 0 0 0 0 0 0 0 0 0 

running time: 2400 sec
 depth:7
 0  1  2  3  4  5  6  7  8  9  a  b  c  d  e  f 10 11 12 13 14 15 16 17 18 19 1a 1b 1c 1d 1e 1f 20 21 22 23 24 25 26 27 28 29 2a 2b 2c 2d 2e 2f 30 31 32 33 34 35 36 37 38 39 3a 3b 3c 3d 3e 3f 40 41 42 43 44 45 46 47 48 49 4a 4b 4c 4d 4e 4f 50 51 52 53 54 55 56 57 58 59 5a 5b 5c 5d 5e 5f 60 61 62 63 64 65 66 67 68 69 6a 6b 6c 6d 6e 6f 70 71 72 73 74 75 76 77 78 79 7a 7b 7c 7d 7e 7f 80 81 82 83 84 85 86 87 88 89 8a 8b 8c 8d 8e 8f 90 91 92 93 94 95 96 97 98 99 9a 9b 9c 9d 9e 9f a0 a1 a2 a3 a4 a5 a6 a7 a8 a9 aa ab ac ad ae af b0 b1 b2 b3 b4 b5 b6 b7 b8 b9 ba bb bc bd be bf c0 c1 c2 c3 c4 c5 c6 c7 c8 c9 ca cb cc cd ce cf d0 d1 d2 d3 d4 d5 d6 d7 d8 d9 da db dc dd de df e0 e1 e2 e3 e4 e5 e6 e7 e8 e9 ea eb ec ed ee ef f0 f1 f2 f3 f4 f5 f6 f7 f8 f9 fa fb fc fd fe ff 
 0  1  2 70  4 a8 e0 c8  8 9d 87 75 17 ae 47 96 10 -- ed -- d9 -- ea d3 2e -- 8b -- 8e e7 fb  b 20 -- -- --  d 61 -- b0 65 9b -- --  3 -- 71 -- 5c -- -- 33 c1 -- -- df cb d0 19 67 21 -- 16 -- 40 -- -- -- -- -- -- -- 1a -- c2 -- -- -- b7 4f ca -- e1 -- -- 74 -- 99  6 -- -- -- e2 -- -- -- b8 -- -- -- -- -- 66 -- 55 -- -- 1b -- -- 69 73 41 -- 77 -- 32 1c ce 83 42 79 -- 6c 2c -- -- -- 80 -- --  7 -- -- -- -- -- -- -- 1d -- -- -- -- 34 -- -- -- 53 -- -- 86 -- 4c -- -- b9 c0 9e 2a 43 -- -- -- 15 60 -- 26 -- -- e8 -- -- -- e5 --  c -- -- -- -- -- -- 18 13 30 -- -- -- -- -- -- a7 3a -- -- -- -- -- -- -- -- -- -- cc -- -- -- aa  e -- -- -- -- 36 d7 -- -- -- -- d2 -- e6 -- 82 -- -- -- ee 98 -- -- 64 54 38 eb 4b 57 d1 a5 84 -- f2 -- -- -- d8 68 58 db -- -- -- -- -- a6 

solutions so far:0 maxDepth:10 
iterations:23198321  skipped: 31 
Depth skipped: 
0 0 31 0 0 0 0 0 0 0 0 0 0 0 0 0 0 0 0 0 0 0 0 0 0 0 0 0 0 0 0 0 

running time: 2700 sec
 depth:6
 0  1  2  3  4  5  6  7  8  9  a  b  c  d  e  f 10 11 12 13 14 15 16 17 18 19 1a 1b 1c 1d 1e 1f 20 21 22 23 24 25 26 27 28 29 2a 2b 2c 2d 2e 2f 30 31 32 33 34 35 36 37 38 39 3a 3b 3c 3d 3e 3f 40 41 42 43 44 45 46 47 48 49 4a 4b 4c 4d 4e 4f 50 51 52 53 54 55 56 57 58 59 5a 5b 5c 5d 5e 5f 60 61 62 63 64 65 66 67 68 69 6a 6b 6c 6d 6e 6f 70 71 72 73 74 75 76 77 78 79 7a 7b 7c 7d 7e 7f 80 81 82 83 84 85 86 87 88 89 8a 8b 8c 8d 8e 8f 90 91 92 93 94 95 96 97 98 99 9a 9b 9c 9d 9e 9f a0 a1 a2 a3 a4 a5 a6 a7 a8 a9 aa ab ac ad ae af b0 b1 b2 b3 b4 b5 b6 b7 b8 b9 ba bb bc bd be bf c0 c1 c2 c3 c4 c5 c6 c7 c8 c9 ca cb cc cd ce cf d0 d1 d2 d3 d4 d5 d6 d7 d8 d9 da db dc dd de df e0 e1 e2 e3 e4 e5 e6 e7 e8 e9 ea eb ec ed ee ef f0 f1 f2 f3 f4 f5 f6 f7 f8 f9 fa fb fc fd fe ff 
 0  1  2 70  4 a3 e0 c4  8 fb 91 cd 17 b2 5f -- 10 -- 21 -- f5 -- 4d 7d 2e -- b3 -- be 92 -- 1b 20 -- -- -- 42 fc -- 67 3d af -- -- 9a -- fa -- 5c -- -- 33 b1 -- -- -- ab d2 f3 -- -- -- 36 -- 40 -- -- -- -- -- -- -- 84 -- 2f -- -- -- ce 4f 7a -- 89 -- -- 74 -- 99 e3 -- -- -- 23 -- -- -- b8 -- -- -- -- -- 66 -- b5 -- -- -- -- -- -- -- 81 -- 73 -- 31 1c -- ad -- 79 -- -- 6c -- -- -- 80 -- --  7 -- -- -- -- -- -- -- 1d -- -- -- -- df -- -- -- 5e -- -- 3f -- cf -- -- 4b c7 9e 5d f4 -- -- -- c5 88 -- 8c -- -- e8 -- -- -- e5 -- 11 -- -- -- -- -- -- 22 46 44 -- -- -- -- -- -- a7 3a -- -- -- -- -- -- -- -- -- -- cc -- -- -- bd  e -- -- -- -- -- d7 -- -- -- -- -- -- -- -- d5 -- -- -- e6 49 -- -- 62 ba 38 eb -- 59 8d 96 -- -- f2 -- -- -- -- 69 d8 7e -- -- -- -- -- bc 

solutions so far:0 maxDepth:10 
iterations:25305328  skipped: 32 
Depth skipped: 
0 0 32 0 0 0 0 0 0 0 0 0 0 0 0 0 0 0 0 0 0 0 0 0 0 0 0 0 0 0 0 0 

running time: 3000 sec
 depth:6
 0  1  2  3  4  5  6  7  8  9  a  b  c  d  e  f 10 11 12 13 14 15 16 17 18 19 1a 1b 1c 1d 1e 1f 20 21 22 23 24 25 26 27 28 29 2a 2b 2c 2d 2e 2f 30 31 32 33 34 35 36 37 38 39 3a 3b 3c 3d 3e 3f 40 41 42 43 44 45 46 47 48 49 4a 4b 4c 4d 4e 4f 50 51 52 53 54 55 56 57 58 59 5a 5b 5c 5d 5e 5f 60 61 62 63 64 65 66 67 68 69 6a 6b 6c 6d 6e 6f 70 71 72 73 74 75 76 77 78 79 7a 7b 7c 7d 7e 7f 80 81 82 83 84 85 86 87 88 89 8a 8b 8c 8d 8e 8f 90 91 92 93 94 95 96 97 98 99 9a 9b 9c 9d 9e 9f a0 a1 a2 a3 a4 a5 a6 a7 a8 a9 aa ab ac ad ae af b0 b1 b2 b3 b4 b5 b6 b7 b8 b9 ba bb bc bd be bf c0 c1 c2 c3 c4 c5 c6 c7 c8 c9 ca cb cc cd ce cf d0 d1 d2 d3 d4 d5 d6 d7 d8 d9 da db dc dd de df e0 e1 e2 e3 e4 e5 e6 e7 e8 e9 ea eb ec ed ee ef f0 f1 f2 f3 f4 f5 f6 f7 f8 f9 fa fb fc fd fe ff 
 0  1  2 70  4 9b e0 c5  8 e6 e1 bb 17 dd 5d -- 10 -- 1b -- 15 -- a1 3d 2e -- 6d -- ba 5e -- fb 20 -- -- -- 36 65 -- df 2a db -- -- 95 -- 7a -- 5c -- -- 33 da -- -- -- a3 ce bc -- -- -- 21 -- 40 -- -- -- -- -- -- -- 6c -- ca -- -- -- 69 4f 54 -- 61 -- -- 74 -- 99 fd -- -- -- f4 -- -- -- b8 -- -- -- -- -- 66 -- 63 -- -- -- -- -- -- -- 91 -- 4b -- af 1c -- 5b -- 79 -- -- 42 -- -- -- 80 -- --  7 -- -- -- -- -- -- -- 1d -- -- -- -- d8 -- -- -- 43 -- -- 87 -- fc -- -- d2 a9 9e 53 a8 -- -- -- c2 bf -- 7e -- -- e8 -- -- -- e5 -- 2d -- -- -- -- -- -- 5a 3f b4 -- -- -- -- -- -- a7 3a -- -- -- -- -- -- -- -- -- -- cc -- -- -- c6  e -- -- -- -- -- d7 -- -- -- -- -- -- -- -- f5 -- -- -- 96 2f -- -- 89 a6 38 eb -- 85 b6 73 -- -- f2 -- -- -- -- 67 84 d9 -- -- -- -- -- 86 

solutions so far:0 maxDepth:10 
iterations:28952226  skipped: 34 
Depth skipped: 
0 0 34 0 0 0 0 0 0 0 0 0 0 0 0 0 0 0 0 0 0 0 0 0 0 0 0 0 0 0 0 0 

running time: 3300 sec
 depth:7
 0  1  2  3  4  5  6  7  8  9  a  b  c  d  e  f 10 11 12 13 14 15 16 17 18 19 1a 1b 1c 1d 1e 1f 20 21 22 23 24 25 26 27 28 29 2a 2b 2c 2d 2e 2f 30 31 32 33 34 35 36 37 38 39 3a 3b 3c 3d 3e 3f 40 41 42 43 44 45 46 47 48 49 4a 4b 4c 4d 4e 4f 50 51 52 53 54 55 56 57 58 59 5a 5b 5c 5d 5e 5f 60 61 62 63 64 65 66 67 68 69 6a 6b 6c 6d 6e 6f 70 71 72 73 74 75 76 77 78 79 7a 7b 7c 7d 7e 7f 80 81 82 83 84 85 86 87 88 89 8a 8b 8c 8d 8e 8f 90 91 92 93 94 95 96 97 98 99 9a 9b 9c 9d 9e 9f a0 a1 a2 a3 a4 a5 a6 a7 a8 a9 aa ab ac ad ae af b0 b1 b2 b3 b4 b5 b6 b7 b8 b9 ba bb bc bd be bf c0 c1 c2 c3 c4 c5 c6 c7 c8 c9 ca cb cc cd ce cf d0 d1 d2 d3 d4 d5 d6 d7 d8 d9 da db dc dd de df e0 e1 e2 e3 e4 e5 e6 e7 e8 e9 ea eb ec ed ee ef f0 f1 f2 f3 f4 f5 f6 f7 f8 f9 fa fb fc fd fe ff 
 0  1  2 70  4 8e e0 56  8 29 cb b4 17 b6 ac 4d 10 -- 52 -- 41 -- bf c3 2e -- bb -- 8f d4 9a 50 20 -- -- -- a4 26 -- 25 82 19 -- -- a9 -- 51 -- 5c -- -- 33 a1 -- -- 44 c9  a 7f ad e3 -- a0 -- 40 -- -- -- -- -- -- -- 9f -- 4c -- -- -- 4a 4f d3 -- 32 -- -- 74 -- 99 85 -- -- -- a2 -- -- -- b8 -- -- -- -- -- 66 -- 95 -- -- b3 -- -- 88 59 45 -- 14 -- fe 1c 8d 2d 11 79 -- b5 97 -- -- -- 80 -- --  7 -- -- -- -- -- -- -- 1d -- -- -- -- e9 -- -- -- 98 -- -- e2 -- 35 -- -- 94 c6 9e c8 71 -- -- -- 64 63 -- f1 -- -- e8 -- -- -- e5 -- dd -- -- -- -- -- -- 6d 93 da -- -- -- -- -- -- a7 3a -- -- -- -- -- -- -- -- -- -- cc -- -- -- fd  e -- -- -- -- b1 d7 -- -- -- -- c7 -- b2 -- 8a -- -- -- 28 6a -- -- 2b 47 38 eb cd 5b 5a ff 22 -- f2 -- -- -- bd  5 f9 13 -- -- -- -- -- e7 

solutions so far:0 maxDepth:10 
iterations:32597768  skipped: 38 
Depth skipped: 
0 0 38 0 0 0 0 0 0 0 0 0 0 0 0 0 0 0 0 0 0 0 0 0 0 0 0 0 0 0 0 0 

running time: 3600 sec
 depth:7
 0  1  2  3  4  5  6  7  8  9  a  b  c  d  e  f 10 11 12 13 14 15 16 17 18 19 1a 1b 1c 1d 1e 1f 20 21 22 23 24 25 26 27 28 29 2a 2b 2c 2d 2e 2f 30 31 32 33 34 35 36 37 38 39 3a 3b 3c 3d 3e 3f 40 41 42 43 44 45 46 47 48 49 4a 4b 4c 4d 4e 4f 50 51 52 53 54 55 56 57 58 59 5a 5b 5c 5d 5e 5f 60 61 62 63 64 65 66 67 68 69 6a 6b 6c 6d 6e 6f 70 71 72 73 74 75 76 77 78 79 7a 7b 7c 7d 7e 7f 80 81 82 83 84 85 86 87 88 89 8a 8b 8c 8d 8e 8f 90 91 92 93 94 95 96 97 98 99 9a 9b 9c 9d 9e 9f a0 a1 a2 a3 a4 a5 a6 a7 a8 a9 aa ab ac ad ae af b0 b1 b2 b3 b4 b5 b6 b7 b8 b9 ba bb bc bd be bf c0 c1 c2 c3 c4 c5 c6 c7 c8 c9 ca cb cc cd ce cf d0 d1 d2 d3 d4 d5 d6 d7 d8 d9 da db dc dd de df e0 e1 e2 e3 e4 e5 e6 e7 e8 e9 ea eb ec ed ee ef f0 f1 f2 f3 f4 f5 f6 f7 f8 f9 fa fb fc fd fe ff 
 0  1  2 70  4 86 e0 f3  8 29 db f0 17 3b 31 72 10 -- 52 -- 61 -- 37 ab 2e -- 76 -- 62 8c e4 50 20 -- -- -- a4 15 -- 25 c2 87 -- -- 6e -- 81 -- 5c -- -- 33 ec -- -- f8 c4  a cf 90 1f -- a0 -- 40 -- -- -- -- -- -- -- 9f -- 2a -- -- -- 4a 4f 53 -- d9 -- -- 74 -- 99 dc -- -- -- d5 -- -- -- b8 -- -- -- -- -- 66 --  f -- --  9 -- -- 27 9c 5f -- 14 -- 49 1c f7 3c 3e 79 -- 24 97 -- -- -- 80 -- --  7 -- -- -- -- -- -- -- 1d -- -- -- -- e9 -- -- -- 54 -- -- 9b -- 23 -- -- 94 7b 9e ca a6 -- -- -- 65 d6 -- fa -- -- e8 -- -- -- e5 -- 6f -- -- -- -- -- -- de 7d 6b -- -- -- -- -- -- a7 3a -- -- -- -- -- -- -- -- -- -- cc -- -- -- 1e  e -- -- -- -- 12 d7 -- -- -- -- 4e -- ef -- be -- -- -- 28 46 -- -- 92 43 38 eb 39 f6 78 ff 7c -- f2 -- -- -- 48  5 f9 e1 -- -- -- -- -- a8 

solutions so far:0 maxDepth:10 
iterations:35525621  skipped: 41 
Depth skipped: 
0 0 41 0 0 0 0 0 0 0 0 0 0 0 0 0 0 0 0 0 0 0 0 0 0 0 0 0 0 0 0 0 

running time: 3900 sec
 depth:7
 0  1  2  3  4  5  6  7  8  9  a  b  c  d  e  f 10 11 12 13 14 15 16 17 18 19 1a 1b 1c 1d 1e 1f 20 21 22 23 24 25 26 27 28 29 2a 2b 2c 2d 2e 2f 30 31 32 33 34 35 36 37 38 39 3a 3b 3c 3d 3e 3f 40 41 42 43 44 45 46 47 48 49 4a 4b 4c 4d 4e 4f 50 51 52 53 54 55 56 57 58 59 5a 5b 5c 5d 5e 5f 60 61 62 63 64 65 66 67 68 69 6a 6b 6c 6d 6e 6f 70 71 72 73 74 75 76 77 78 79 7a 7b 7c 7d 7e 7f 80 81 82 83 84 85 86 87 88 89 8a 8b 8c 8d 8e 8f 90 91 92 93 94 95 96 97 98 99 9a 9b 9c 9d 9e 9f a0 a1 a2 a3 a4 a5 a6 a7 a8 a9 aa ab ac ad ae af b0 b1 b2 b3 b4 b5 b6 b7 b8 b9 ba bb bc bd be bf c0 c1 c2 c3 c4 c5 c6 c7 c8 c9 ca cb cc cd ce cf d0 d1 d2 d3 d4 d5 d6 d7 d8 d9 da db dc dd de df e0 e1 e2 e3 e4 e5 e6 e7 e8 e9 ea eb ec ed ee ef f0 f1 f2 f3 f4 f5 f6 f7 f8 f9 fa fb fc fd fe ff 
 0  1  2 70  4 7f e0 41  8 75 fe d6 17 f0 82 97 10 -- ea -- 2b -- 7b 26 2e -- 37 -- d3 c8 f9 57 20 -- -- --  3 8a -- 55 56 93 -- -- f6 -- 4c -- 5c -- -- 33 6e -- -- ff 71 30 47 28 25 -- ae -- 40 -- -- -- -- -- -- --  6 -- c3 -- -- -- aa 4f ac -- f1 -- -- 74 -- 99 3b -- -- -- 98 -- -- -- b8 -- -- -- -- -- 66 -- dc -- -- e9 -- -- 29 a4 e2 -- 60 -- 8e 1c 50 de 4a 79 --  a 8b -- -- -- 80 -- --  7 -- -- -- -- -- -- -- 1d -- -- -- --  c -- -- -- 51 -- -- c9 -- 32 -- -- 83 3c 9e 6a 8f -- -- -- 35 1e -- 19 -- -- e8 -- -- -- e5 -- 76 -- -- -- -- -- -- ec e7  f -- -- -- -- -- -- a7 3a -- -- -- -- -- -- -- -- -- -- cc -- -- -- 6f  e -- -- -- --  5 d7 -- -- -- -- 52 -- 9f -- 13 -- -- -- c0 64 -- -- cb d4 38 eb a0 78 6b d1 94 -- f2 -- -- -- 14 18 c1 45 -- -- -- -- -- a2 

solutions so far:0 maxDepth:10 
iterations:37910875  skipped: 44 
Depth skipped: 
0 0 44 0 0 0 0 0 0 0 0 0 0 0 0 0 0 0 0 0 0 0 0 0 0 0 0 0 0 0 0 0 

running time: 4200 sec
 depth:6
 0  1  2  3  4  5  6  7  8  9  a  b  c  d  e  f 10 11 12 13 14 15 16 17 18 19 1a 1b 1c 1d 1e 1f 20 21 22 23 24 25 26 27 28 29 2a 2b 2c 2d 2e 2f 30 31 32 33 34 35 36 37 38 39 3a 3b 3c 3d 3e 3f 40 41 42 43 44 45 46 47 48 49 4a 4b 4c 4d 4e 4f 50 51 52 53 54 55 56 57 58 59 5a 5b 5c 5d 5e 5f 60 61 62 63 64 65 66 67 68 69 6a 6b 6c 6d 6e 6f 70 71 72 73 74 75 76 77 78 79 7a 7b 7c 7d 7e 7f 80 81 82 83 84 85 86 87 88 89 8a 8b 8c 8d 8e 8f 90 91 92 93 94 95 96 97 98 99 9a 9b 9c 9d 9e 9f a0 a1 a2 a3 a4 a5 a6 a7 a8 a9 aa ab ac ad ae af b0 b1 b2 b3 b4 b5 b6 b7 b8 b9 ba bb bc bd be bf c0 c1 c2 c3 c4 c5 c6 c7 c8 c9 ca cb cc cd ce cf d0 d1 d2 d3 d4 d5 d6 d7 d8 d9 da db dc dd de df e0 e1 e2 e3 e4 e5 e6 e7 e8 e9 ea eb ec ed ee ef f0 f1 f2 f3 f4 f5 f6 f7 f8 f9 fa fb fc fd fe ff 
 0  1  2 70  4 75 e0 d9  8 8a ea 49 17 d5 65 -- 10 -- c3 --  3 -- 92 61 2e -- 7d -- ca 2a -- 7f 20 -- -- -- 51 c0 -- ac  6 c1 -- -- f3 -- c2 -- 5c -- -- 33 fa -- -- -- 43 35 54 -- -- -- fe -- 40 -- -- -- -- -- -- -- a2 -- 57 -- -- -- 8f 4f  c -- 55 -- -- 74 -- 99 31 -- -- -- 53 -- -- -- b8 -- -- -- -- -- 66 -- 23 -- -- -- -- -- -- -- 86 -- 6a -- a8 1c -- 8c -- 79 -- -- 2b -- -- -- 80 -- --  7 -- -- -- -- -- -- -- 1d -- -- -- -- 93 -- -- -- ae -- -- 30 -- e1 -- -- c9 ab 9e 83 18 -- -- -- aa be -- 9b -- -- e8 -- -- -- e5 -- 62 -- -- -- -- -- -- c4 a6 5f -- -- -- -- -- -- a7 3a -- -- -- -- -- -- -- -- -- -- cc -- -- -- 46  e -- -- -- -- -- d7 -- -- -- -- -- -- -- -- db -- -- -- d4 15 -- -- 87 d1 38 eb -- 81 cf 45 -- -- f2 -- -- -- -- f1 56 60 -- -- -- -- -- 8b 

solutions so far:0 maxDepth:10 
iterations:40874168  skipped: 47 
Depth skipped: 
0 0 47 0 0 0 0 0 0 0 0 0 0 0 0 0 0 0 0 0 0 0 0 0 0 0 0 0 0 0 0 0 

running time: 4500 sec
 depth:6
 0  1  2  3  4  5  6  7  8  9  a  b  c  d  e  f 10 11 12 13 14 15 16 17 18 19 1a 1b 1c 1d 1e 1f 20 21 22 23 24 25 26 27 28 29 2a 2b 2c 2d 2e 2f 30 31 32 33 34 35 36 37 38 39 3a 3b 3c 3d 3e 3f 40 41 42 43 44 45 46 47 48 49 4a 4b 4c 4d 4e 4f 50 51 52 53 54 55 56 57 58 59 5a 5b 5c 5d 5e 5f 60 61 62 63 64 65 66 67 68 69 6a 6b 6c 6d 6e 6f 70 71 72 73 74 75 76 77 78 79 7a 7b 7c 7d 7e 7f 80 81 82 83 84 85 86 87 88 89 8a 8b 8c 8d 8e 8f 90 91 92 93 94 95 96 97 98 99 9a 9b 9c 9d 9e 9f a0 a1 a2 a3 a4 a5 a6 a7 a8 a9 aa ab ac ad ae af b0 b1 b2 b3 b4 b5 b6 b7 b8 b9 ba bb bc bd be bf c0 c1 c2 c3 c4 c5 c6 c7 c8 c9 ca cb cc cd ce cf d0 d1 d2 d3 d4 d5 d6 d7 d8 d9 da db dc dd de df e0 e1 e2 e3 e4 e5 e6 e7 e8 e9 ea eb ec ed ee ef f0 f1 f2 f3 f4 f5 f6 f7 f8 f9 fa fb fc fd fe ff 
 0  1  2 70  4 6c e0 18  8 6e d8 71 17 c8 30 -- 10 -- dc -- 67 -- e2 8b 2e -- 47 -- 60 ea -- 76 20 -- -- -- 6f 42 -- 3c ce d2 -- -- 13 -- c1 -- 5c -- -- 33 8e -- -- -- c0 7b  3 -- -- -- ec -- 40 -- -- -- -- -- -- -- de -- 84 -- -- -- 78 4f 4b -- 73 -- -- 74 -- 99 26 -- -- -- 55 -- -- -- b8 -- -- -- -- -- 66 -- cb -- -- -- -- -- -- -- 57 -- f6 --  6 1c -- 82 -- 79 -- --  f -- -- -- 80 -- --  7 -- -- -- -- -- -- -- 1d -- -- -- -- 6b -- -- -- df -- -- fb -- d1 -- -- f0 32 9e 1b 96 -- -- -- e6 19 -- 83 -- -- e8 -- -- -- e5 -- 4c -- -- -- -- -- -- 98 aa e7 -- -- -- -- -- -- a7 3a -- -- -- -- -- -- -- -- -- -- cc -- -- -- 41  e -- -- -- -- -- d7 -- -- -- -- -- -- -- -- ae -- -- -- 3b 75 -- --  c 36 38 eb -- 64 d3 37 -- -- f2 -- -- -- -- d6 1e 21 -- -- -- -- -- 69 

solutions so far:0 maxDepth:10 
iterations:44267376  skipped: 49 
Depth skipped: 
0 0 49 0 0 0 0 0 0 0 0 0 0 0 0 0 0 0 0 0 0 0 0 0 0 0 0 0 0 0 0 0 

running time: 4800 sec
 depth:6
 0  1  2  3  4  5  6  7  8  9  a  b  c  d  e  f 10 11 12 13 14 15 16 17 18 19 1a 1b 1c 1d 1e 1f 20 21 22 23 24 25 26 27 28 29 2a 2b 2c 2d 2e 2f 30 31 32 33 34 35 36 37 38 39 3a 3b 3c 3d 3e 3f 40 41 42 43 44 45 46 47 48 49 4a 4b 4c 4d 4e 4f 50 51 52 53 54 55 56 57 58 59 5a 5b 5c 5d 5e 5f 60 61 62 63 64 65 66 67 68 69 6a 6b 6c 6d 6e 6f 70 71 72 73 74 75 76 77 78 79 7a 7b 7c 7d 7e 7f 80 81 82 83 84 85 86 87 88 89 8a 8b 8c 8d 8e 8f 90 91 92 93 94 95 96 97 98 99 9a 9b 9c 9d 9e 9f a0 a1 a2 a3 a4 a5 a6 a7 a8 a9 aa ab ac ad ae af b0 b1 b2 b3 b4 b5 b6 b7 b8 b9 ba bb bc bd be bf c0 c1 c2 c3 c4 c5 c6 c7 c8 c9 ca cb cc cd ce cf d0 d1 d2 d3 d4 d5 d6 d7 d8 d9 da db dc dd de df e0 e1 e2 e3 e4 e5 e6 e7 e8 e9 ea eb ec ed ee ef f0 f1 f2 f3 f4 f5 f6 f7 f8 f9 fa fb fc fd fe ff 
 0  1  2 70  4 5d e0 ca  8 3e ba 81 17 f3 43 -- 10 -- 7c -- a3 -- d5 53 2e -- 31 -- 86 a8 -- 24 20 -- -- -- f8 3f -- 39 91 5e -- -- 7d -- a6 -- 5c -- -- 33 62 -- -- -- db ef 87 -- -- -- 48 -- 40 -- -- -- -- -- -- -- 27 -- 7e -- -- -- 72 4f f5 -- bc -- -- 74 -- 99 fa -- -- -- 9b -- -- -- b8 -- -- -- -- -- 66 -- c4 -- -- -- -- -- -- -- 61 --  9 -- d9 1c -- be -- 79 -- -- 90 -- -- -- 80 -- --  7 -- -- -- -- -- -- -- 1d -- -- -- -- 4e -- -- -- fc -- -- 7a -- 2a -- -- e4 49 9e 89 3d -- -- -- af cf -- 15 -- -- e8 -- -- -- e5 -- 23 -- -- -- -- -- -- 46 e1 8c -- -- -- -- -- -- a7 3a -- -- -- -- -- -- -- -- -- -- cc -- -- -- 5f  e -- -- -- -- -- d7 -- -- -- -- -- -- -- -- c2 -- -- -- 12 54 -- -- 65 c5 38 eb -- 92 ab 1f -- -- f2 -- -- -- -- 9c f7 f4 -- -- -- -- -- 2f 

solutions so far:0 maxDepth:10 
iterations:47894523  skipped: 54 
Depth skipped: 
0 0 54 0 0 0 0 0 0 0 0 0 0 0 0 0 0 0 0 0 0 0 0 0 0 0 0 0 0 0 0 0 

running time: 5100 sec
 depth:7
 0  1  2  3  4  5  6  7  8  9  a  b  c  d  e  f 10 11 12 13 14 15 16 17 18 19 1a 1b 1c 1d 1e 1f 20 21 22 23 24 25 26 27 28 29 2a 2b 2c 2d 2e 2f 30 31 32 33 34 35 36 37 38 39 3a 3b 3c 3d 3e 3f 40 41 42 43 44 45 46 47 48 49 4a 4b 4c 4d 4e 4f 50 51 52 53 54 55 56 57 58 59 5a 5b 5c 5d 5e 5f 60 61 62 63 64 65 66 67 68 69 6a 6b 6c 6d 6e 6f 70 71 72 73 74 75 76 77 78 79 7a 7b 7c 7d 7e 7f 80 81 82 83 84 85 86 87 88 89 8a 8b 8c 8d 8e 8f 90 91 92 93 94 95 96 97 98 99 9a 9b 9c 9d 9e 9f a0 a1 a2 a3 a4 a5 a6 a7 a8 a9 aa ab ac ad ae af b0 b1 b2 b3 b4 b5 b6 b7 b8 b9 ba bb bc bd be bf c0 c1 c2 c3 c4 c5 c6 c7 c8 c9 ca cb cc cd ce cf d0 d1 d2 d3 d4 d5 d6 d7 d8 d9 da db dc dd de df e0 e1 e2 e3 e4 e5 e6 e7 e8 e9 ea eb ec ed ee ef f0 f1 f2 f3 f4 f5 f6 f7 f8 f9 fa fb fc fd fe ff 
 0  1  2 70  4 53 e0 b6  8 19 a6 83 17 c0 bb 97 10 -- 32 -- 9b -- d1 5a 2e -- 57 -- a1 da f9 d3 20 -- -- -- 64 87 -- 26 e1 43 -- -- 75 -- b4 -- 5c -- -- 33 ae -- -- ff 95 cb 63 28 25 -- 71 -- 40 -- -- -- -- -- -- -- c8 -- d9 -- -- -- 4c 4f 15 -- 86 -- -- 74 -- 99 ea -- -- -- bf -- -- -- b8 -- -- -- -- -- 66 -- 8b -- -- e9 -- -- 29 a4 fd -- 41 -- c6 1c 50 55 4a 79 --  a e2 -- -- -- 80 -- --  7 -- -- -- -- -- -- -- 1d -- -- -- -- 47 -- -- -- 65 -- -- 54 -- dd -- -- 98 30 9e 61 2a -- -- -- db 18 -- 85 -- -- e8 -- -- -- e5 --  3 -- -- -- -- -- --  6 a9  c -- -- -- -- -- -- a7 3a -- -- -- -- -- -- -- -- -- -- cc -- -- -- c1  e -- -- -- --  5 d7 -- -- -- -- 52 -- 9f -- 2d -- -- -- 82 6d -- -- 5b c2 38 eb a0 60 aa e7 94 -- f2 -- -- -- 14 8e 13 a8 -- -- -- -- -- ca 

solutions so far:0 maxDepth:10 
iterations:52140839  skipped: 57 
Depth skipped: 
0 0 57 0 0 0 0 0 0 0 0 0 0 0 0 0 0 0 0 0 0 0 0 0 0 0 0 0 0 0 0 0 

running time: 5400 sec
 depth:7
 0  1  2  3  4  5  6  7  8  9  a  b  c  d  e  f 10 11 12 13 14 15 16 17 18 19 1a 1b 1c 1d 1e 1f 20 21 22 23 24 25 26 27 28 29 2a 2b 2c 2d 2e 2f 30 31 32 33 34 35 36 37 38 39 3a 3b 3c 3d 3e 3f 40 41 42 43 44 45 46 47 48 49 4a 4b 4c 4d 4e 4f 50 51 52 53 54 55 56 57 58 59 5a 5b 5c 5d 5e 5f 60 61 62 63 64 65 66 67 68 69 6a 6b 6c 6d 6e 6f 70 71 72 73 74 75 76 77 78 79 7a 7b 7c 7d 7e 7f 80 81 82 83 84 85 86 87 88 89 8a 8b 8c 8d 8e 8f 90 91 92 93 94 95 96 97 98 99 9a 9b 9c 9d 9e 9f a0 a1 a2 a3 a4 a5 a6 a7 a8 a9 aa ab ac ad ae af b0 b1 b2 b3 b4 b5 b6 b7 b8 b9 ba bb bc bd be bf c0 c1 c2 c3 c4 c5 c6 c7 c8 c9 ca cb cc cd ce cf d0 d1 d2 d3 d4 d5 d6 d7 d8 d9 da db dc dd de df e0 e1 e2 e3 e4 e5 e6 e7 e8 e9 ea eb ec ed ee ef f0 f1 f2 f3 f4 f5 f6 f7 f8 f9 fa fb fc fd fe ff 
 0  1  2 70  4 46 e0 1b  8 e7 8c de 17 3c 36 af 10 -- 19 -- cf -- 6b 4b 2e -- 78 -- 6c 69 89 82 20 -- -- -- 32 c4 -- 13 49 81 -- -- d6 -- 96 -- 5c -- -- 33 f0 -- -- a3 d8 8e d2 2f c5 -- d3 -- 40 -- -- -- -- -- -- -- 64 -- 5f -- -- -- 26 4f 92 -- d5 -- -- 74 -- 99 7b -- -- -- fb -- -- -- b8 -- -- -- -- -- 66 -- 37 -- -- f4 -- -- 91 3d 67 -- cb -- 73 1c 5e dc 5d 79 -- 7e 71 -- -- -- 80 -- --  7 -- -- -- -- -- -- -- 1d -- -- -- -- c8 -- -- -- be -- -- 31 -- 84 -- -- 4c  f 9e fa f3 -- -- -- 7d ec -- 42 -- -- e8 -- -- -- e5 -- f6 -- -- -- -- -- -- 3b 21 76 -- -- -- -- -- -- a7 3a -- -- -- -- -- -- -- -- -- -- cc -- -- -- 6e  e -- -- -- -- 3f d7 -- -- -- -- f5 -- 7a -- ce -- -- -- 41 df -- -- e6 23 38 eb bc 1e 6f 98 ba -- f2 -- -- -- fc 47 e2 62 -- -- -- -- -- ab 

solutions so far:0 maxDepth:10 
iterations:55789452  skipped: 63 
Depth skipped: 
0 0 63 0 0 0 0 0 0 0 0 0 0 0 0 0 0 0 0 0 0 0 0 0 0 0 0 0 0 0 0 0 

running time: 5700 sec
 depth:7
 0  1  2  3  4  5  6  7  8  9  a  b  c  d  e  f 10 11 12 13 14 15 16 17 18 19 1a 1b 1c 1d 1e 1f 20 21 22 23 24 25 26 27 28 29 2a 2b 2c 2d 2e 2f 30 31 32 33 34 35 36 37 38 39 3a 3b 3c 3d 3e 3f 40 41 42 43 44 45 46 47 48 49 4a 4b 4c 4d 4e 4f 50 51 52 53 54 55 56 57 58 59 5a 5b 5c 5d 5e 5f 60 61 62 63 64 65 66 67 68 69 6a 6b 6c 6d 6e 6f 70 71 72 73 74 75 76 77 78 79 7a 7b 7c 7d 7e 7f 80 81 82 83 84 85 86 87 88 89 8a 8b 8c 8d 8e 8f 90 91 92 93 94 95 96 97 98 99 9a 9b 9c 9d 9e 9f a0 a1 a2 a3 a4 a5 a6 a7 a8 a9 aa ab ac ad ae af b0 b1 b2 b3 b4 b5 b6 b7 b8 b9 ba bb bc bd be bf c0 c1 c2 c3 c4 c5 c6 c7 c8 c9 ca cb cc cd ce cf d0 d1 d2 d3 d4 d5 d6 d7 d8 d9 da db dc dd de df e0 e1 e2 e3 e4 e5 e6 e7 e8 e9 ea eb ec ed ee ef f0 f1 f2 f3 f4 f5 f6 f7 f8 f9 fa fb fc fd fe ff 
 0  1  2 70  4 36 e0 ab  8 fc 6c 71 17 c8 81 18 10 -- 2f -- d8 -- e2 46 2e -- 47 -- d5 62 30 a3 20 -- -- -- 5e 21 -- 7a 67 69 -- -- 13 -- 8c -- 5c -- -- 33 8e -- -- ae 7d c5 c4  3 60 -- 91 -- 40 -- -- -- -- -- -- -- bc -- 42 -- -- -- f4 4f ce -- d2 -- -- 74 -- 99 26 -- -- -- cf -- -- -- b8 -- -- -- -- -- 66 -- cb -- -- 83 -- -- 8b 55 fa -- 5d -- 5f 1c  6 82 c0 79 -- 75 f5 -- -- -- 80 -- --  7 -- -- -- -- -- -- -- 1d -- -- -- -- af -- -- -- 84 -- -- 96 -- f3 -- -- 3f 32 9e e6 4b -- -- -- 73 19 -- 92 -- -- e8 -- -- -- e5 -- 4c -- -- -- -- -- -- 98 49 e7 -- -- -- -- -- -- a7 3a -- -- -- -- -- -- -- -- -- -- cc -- -- -- 41  e -- -- -- -- d1 d7 -- -- -- -- c1 -- aa -- 23 -- -- -- ba 31 -- -- be 1b 38 eb  c 64 d3 7e 57 -- f2 -- -- -- ea 89 3d fb -- -- -- -- -- df 

solutions so far:0 maxDepth:10 
iterations:59539642  skipped: 70 
Depth skipped: 
0 0 70 0 0 0 0 0 0 0 0 0 0 0 0 0 0 0 0 0 0 0 0 0 0 0 0 0 0 0 0 0 

running time: 6000 sec
 depth:6
 0  1  2  3  4  5  6  7  8  9  a  b  c  d  e  f 10 11 12 13 14 15 16 17 18 19 1a 1b 1c 1d 1e 1f 20 21 22 23 24 25 26 27 28 29 2a 2b 2c 2d 2e 2f 30 31 32 33 34 35 36 37 38 39 3a 3b 3c 3d 3e 3f 40 41 42 43 44 45 46 47 48 49 4a 4b 4c 4d 4e 4f 50 51 52 53 54 55 56 57 58 59 5a 5b 5c 5d 5e 5f 60 61 62 63 64 65 66 67 68 69 6a 6b 6c 6d 6e 6f 70 71 72 73 74 75 76 77 78 79 7a 7b 7c 7d 7e 7f 80 81 82 83 84 85 86 87 88 89 8a 8b 8c 8d 8e 8f 90 91 92 93 94 95 96 97 98 99 9a 9b 9c 9d 9e 9f a0 a1 a2 a3 a4 a5 a6 a7 a8 a9 aa ab ac ad ae af b0 b1 b2 b3 b4 b5 b6 b7 b8 b9 ba bb bc bd be bf c0 c1 c2 c3 c4 c5 c6 c7 c8 c9 ca cb cc cd ce cf d0 d1 d2 d3 d4 d5 d6 d7 d8 d9 da db dc dd de df e0 e1 e2 e3 e4 e5 e6 e7 e8 e9 ea eb ec ed ee ef f0 f1 f2 f3 f4 f5 f6 f7 f8 f9 fa fb fc fd fe ff 
 0  1  2 70  4 2d e0 14  8 b2 5a ac 17 35 28 -- 10 -- b3 -- b4 -- 8f 25 2e -- 6a -- 50 9f -- 9a 20 -- -- -- b1 da -- 44 bf b6 -- -- c9 -- 4a -- 5c -- -- 33 d4 -- -- -- a0 8d e9 -- -- -- e3 -- 40 -- -- -- -- -- -- -- b5 -- 63 -- -- -- 88 4f a9 -- bb -- -- 74 -- 99 45 -- -- -- 94 -- -- -- b8 -- -- -- -- -- 66 -- 7f -- -- -- -- -- -- -- 97 -- cd --  5 1c -- 2b -- 79 -- -- 11 -- -- -- 80 -- --  7 -- -- -- -- -- -- -- 1d -- -- -- -- bd -- -- -- c6 -- -- dd -- 52 -- -- c7 93 9e 95 85 -- -- -- a1 a2 -- 29 -- -- e8 -- -- -- e5 -- 8a -- -- -- -- -- -- c3 ff 51 -- -- -- -- -- -- a7 3a -- -- -- -- -- -- -- -- -- -- cc -- -- -- fe  e -- -- -- -- -- d7 -- -- -- -- -- -- -- -- f9 -- -- -- 4d a4 -- --  a fd 38 eb -- f1 56 59 -- -- f2 -- -- -- -- ad 22 6d -- -- -- -- -- 5b 

solutions so far:0 maxDepth:10 
iterations:63276181  skipped: 71 
Depth skipped: 
0 0 71 0 0 0 0 0 0 0 0 0 0 0 0 0 0 0 0 0 0 0 0 0 0 0 0 0 0 0 0 0 

running time: 6300 sec
 depth:6
 0  1  2  3  4  5  6  7  8  9  a  b  c  d  e  f 10 11 12 13 14 15 16 17 18 19 1a 1b 1c 1d 1e 1f 20 21 22 23 24 25 26 27 28 29 2a 2b 2c 2d 2e 2f 30 31 32 33 34 35 36 37 38 39 3a 3b 3c 3d 3e 3f 40 41 42 43 44 45 46 47 48 49 4a 4b 4c 4d 4e 4f 50 51 52 53 54 55 56 57 58 59 5a 5b 5c 5d 5e 5f 60 61 62 63 64 65 66 67 68 69 6a 6b 6c 6d 6e 6f 70 71 72 73 74 75 76 77 78 79 7a 7b 7c 7d 7e 7f 80 81 82 83 84 85 86 87 88 89 8a 8b 8c 8d 8e 8f 90 91 92 93 94 95 96 97 98 99 9a 9b 9c 9d 9e 9f a0 a1 a2 a3 a4 a5 a6 a7 a8 a9 aa ab ac ad ae af b0 b1 b2 b3 b4 b5 b6 b7 b8 b9 ba bb bc bd be bf c0 c1 c2 c3 c4 c5 c6 c7 c8 c9 ca cb cc cd ce cf d0 d1 d2 d3 d4 d5 d6 d7 d8 d9 da db dc dd de df e0 e1 e2 e3 e4 e5 e6 e7 e8 e9 ea eb ec ed ee ef f0 f1 f2 f3 f4 f5 f6 f7 f8 f9 fa fb fc fd fe ff 
 0  1  2 70  4 1a e0 1b  8 ab 34 e9 17 4a 36 -- 10 -- 81 -- 68 --  5 4b 2e -- 94 -- 6c 69 -- 49 20 -- -- -- d5 2c -- 62 d0 b9 -- --  a -- 96 -- 5c -- -- 33 ff -- -- -- d8 46 d2 -- -- -- 92 -- 40 -- -- -- -- -- -- -- 7d -- 58 -- -- -- c4 4f 77 -- a5 -- -- 74 -- 99 14 -- -- -- fb -- -- -- b8 -- -- -- -- -- 66 -- 29 -- -- -- -- -- -- -- 67 -- 8c -- 73 1c -- a4 -- 79 -- -- f3 -- -- -- 80 -- --  7 -- -- -- -- -- -- -- 1d -- -- -- -- fa -- -- -- b0 -- --  b -- 84 -- -- 5f f9 9e ed ee -- -- -- 9d 97 -- 42 -- -- e8 -- -- -- e5 -- 28 -- -- -- -- -- -- 50 21 a0 -- -- -- -- -- -- a7 3a -- -- -- -- -- -- -- -- -- -- cc -- -- -- 52  e -- -- -- -- -- d7 -- -- -- -- -- -- -- -- ce -- -- -- cf df -- -- e6  d 38 eb -- 25 9f be -- -- f2 -- -- -- -- 23 31 16 -- -- -- -- -- b7 

solutions so far:0 maxDepth:10 
iterations:67451979  skipped: 78 
Depth skipped: 
0 0 78 0 0 0 0 0 0 0 0 0 0 0 0 0 0 0 0 0 0 0 0 0 0 0 0 0 0 0 0 0 

running time: 6600 sec
 depth:6
 0  1  2  3  4  5  6  7  8  9  a  b  c  d  e  f 10 11 12 13 14 15 16 17 18 19 1a 1b 1c 1d 1e 1f 20 21 22 23 24 25 26 27 28 29 2a 2b 2c 2d 2e 2f 30 31 32 33 34 35 36 37 38 39 3a 3b 3c 3d 3e 3f 40 41 42 43 44 45 46 47 48 49 4a 4b 4c 4d 4e 4f 50 51 52 53 54 55 56 57 58 59 5a 5b 5c 5d 5e 5f 60 61 62 63 64 65 66 67 68 69 6a 6b 6c 6d 6e 6f 70 71 72 73 74 75 76 77 78 79 7a 7b 7c 7d 7e 7f 80 81 82 83 84 85 86 87 88 89 8a 8b 8c 8d 8e 8f 90 91 92 93 94 95 96 97 98 99 9a 9b 9c 9d 9e 9f a0 a1 a2 a3 a4 a5 a6 a7 a8 a9 aa ab ac ad ae af b0 b1 b2 b3 b4 b5 b6 b7 b8 b9 ba bb bc bd be bf c0 c1 c2 c3 c4 c5 c6 c7 c8 c9 ca cb cc cd ce cf d0 d1 d2 d3 d4 d5 d6 d7 d8 d9 da db dc dd de df e0 e1 e2 e3 e4 e5 e6 e7 e8 e9 ea eb ec ed ee ef f0 f1 f2 f3 f4 f5 f6 f7 f8 f9 fa fb fc fd fe ff 
 0  1  2 70  4  d e0 9b  8 7d 1a c3 17 2b e1 -- 10 -- fa -- 34 -- 51 87 2e -- 56 -- 15 61 -- 31 20 -- -- -- 23 16 -- be 68 b7 -- -- a2 -- d9 -- 5c -- -- 33 ac -- -- -- 2a 49 c2 -- -- -- 62 -- 40 -- -- -- -- -- -- -- 46 -- 2c -- -- -- ab 4f d0 -- b9 -- -- 74 -- 99 93 -- -- -- 65 -- -- -- b8 -- -- -- -- -- 66 -- 8f -- -- -- -- -- -- -- 54 -- 92 -- 53 1c -- 45 -- 79 -- -- c4 -- -- -- 80 -- --  7 -- -- -- -- -- -- -- 1d -- -- -- -- 8c -- -- -- 58 -- -- ee -- 86 -- -- 81 7f 9e 9d 77 -- -- -- a5 d4 -- 43 -- -- e8 -- -- -- e5 -- f1 -- -- -- -- -- -- 35 ca 6a -- -- -- -- -- -- a7 3a -- -- -- -- -- -- -- -- -- -- cc -- -- -- c9  e -- -- -- -- -- d7 -- -- -- -- -- -- -- -- a8 -- -- -- f3 db -- -- a6 ed 38 eb -- fe 8a d5 -- -- f2 -- -- -- -- cf 5f  b -- -- -- -- -- b0 

solutions so far:0 maxDepth:10 
iterations:71383011  skipped: 82 
Depth skipped: 
0 0 82 0 0 0 0 0 0 0 0 0 0 0 0 0 0 0 0 0 0 0 0 0 0 0 0 0 0 0 0 0 

running time: 6900 sec

Finished. Total running time: 7131 sec
