Search S-boxes invariant for matrix: 
{0x00,0x02,0x04,0x06,0x08,0x0a,0x0c,0x0e,0x10,0x12,0x14,0x16,0x18,0x1a,0x1c,0x1e,0x20,0x22,0x24,0x26,0x28,0x2a,0x2c,0x2e,0x30,0x32,0x34,0x36,0x38,0x3a,0x3c,0x3e,0x40,0x42,0x44,0x46,0x48,0x4a,0x4c,0x4e,0x50,0x52,0x54,0x56,0x58,0x5a,0x5c,0x5e,0x60,0x62,0x64,0x66,0x68,0x6a,0x6c,0x6e,0x70,0x72,0x74,0x76,0x78,0x7a,0x7c,0x7e,0x80,0x82,0x84,0x86,0x88,0x8a,0x8c,0x8e,0x90,0x92,0x94,0x96,0x98,0x9a,0x9c,0x9e,0xa0,0xa2,0xa4,0xa6,0xa8,0xaa,0xac,0xae,0xb0,0xb2,0xb4,0xb6,0xb8,0xba,0xbc,0xbe,0xc0,0xc2,0xc4,0xc6,0xc8,0xca,0xcc,0xce,0xd0,0xd2,0xd4,0xd6,0xd8,0xda,0xdc,0xde,0xe0,0xe2,0xe4,0xe6,0xe8,0xea,0xec,0xee,0xf0,0xf2,0xf4,0xf6,0xf8,0xfa,0xfc,0xfe,0xd7,0xd5,0xd3,0xd1,0xdf,0xdd,0xdb,0xd9,0xc7,0xc5,0xc3,0xc1,0xcf,0xcd,0xcb,0xc9,0xf7,0xf5,0xf3,0xf1,0xff,0xfd,0xfb,0xf9,0xe7,0xe5,0xe3,0xe1,0xef,0xed,0xeb,0xe9,0x97,0x95,0x93,0x91,0x9f,0x9d,0x9b,0x99,0x87,0x85,0x83,0x81,0x8f,0x8d,0x8b,0x89,0xb7,0xb5,0xb3,0xb1,0xbf,0xbd,0xbb,0xb9,0xa7,0xa5,0xa3,0xa1,0xaf,0xad,0xab,0xa9,0x57,0x55,0x53,0x51,0x5f,0x5d,0x5b,0x59,0x47,0x45,0x43,0x41,0x4f,0x4d,0x4b,0x49,0x77,0x75,0x73,0x71,0x7f,0x7d,0x7b,0x79,0x67,0x65,0x63,0x61,0x6f,0x6d,0x6b,0x69,0x17,0x15,0x13,0x11,0x1f,0x1d,0x1b,0x19,0x07,0x05,0x03,0x01,0x0f,0x0d,0x0b,0x09,0x37,0x35,0x33,0x31,0x3f,0x3d,0x3b,0x39,0x27,0x25,0x23,0x21,0x2f,0x2d,0x2b,0x29};



 depth:6
 0  1  2  3  4  5  6  7  8  9  a  b  c  d  e  f 10 11 12 13 14 15 16 17 18 19 1a 1b 1c 1d 1e 1f 20 21 22 23 24 25 26 27 28 29 2a 2b 2c 2d 2e 2f 30 31 32 33 34 35 36 37 38 39 3a 3b 3c 3d 3e 3f 40 41 42 43 44 45 46 47 48 49 4a 4b 4c 4d 4e 4f 50 51 52 53 54 55 56 57 58 59 5a 5b 5c 5d 5e 5f 60 61 62 63 64 65 66 67 68 69 6a 6b 6c 6d 6e 6f 70 71 72 73 74 75 76 77 78 79 7a 7b 7c 7d 7e 7f 80 81 82 83 84 85 86 87 88 89 8a 8b 8c 8d 8e 8f 90 91 92 93 94 95 96 97 98 99 9a 9b 9c 9d 9e 9f a0 a1 a2 a3 a4 a5 a6 a7 a8 a9 aa ab ac ad ae af b0 b1 b2 b3 b4 b5 b6 b7 b8 b9 ba bb bc bd be bf c0 c1 c2 c3 c4 c5 c6 c7 c8 c9 ca cb cc cd ce cf d0 d1 d2 d3 d4 d5 d6 d7 d8 d9 da db dc dd de df e0 e1 e2 e3 e4 e5 e6 e7 e8 e9 ea eb ec ed ee ef f0 f1 f2 f3 f4 f5 f6 f7 f8 f9 fa fb fc fd fe ff 
 0  1  2  c  4 fc 18 67  8 a4 2f 6f 30 1e ce -- 10 -- 9f -- 5e -- de 42 60 -- 3c -- 4b 1b -- 97 20 -- -- -- e9 ba -- 94 bc 3d -- -- 6b -- 84 -- c0 -- -- 33 78 -- -- -- 96 28 36 -- -- -- f9 -- 40 -- -- -- -- -- -- --  5 -- a3 -- -- -- ff 4f af -- 7a -- -- 83 -- 8b d6 -- -- -- df -- -- -- 57 -- -- -- -- -- 66 -- f0 -- -- -- -- -- -- -- fb -- 50 -- 6c  3 -- 6e -- 79 -- -- 25 -- -- -- 80 -- -- 75 -- -- -- -- -- -- -- 55 -- -- -- --  a -- -- -- 91 -- -- c5 -- 73 -- -- 29 ec 9e 3f 89 -- -- -- f4 76 -- d2 -- -- d1 -- -- -- c1 -- 7b -- -- -- -- -- -- f6 69 3b -- -- -- -- -- -- ae aa -- -- -- -- -- -- -- -- -- -- cc -- -- -- 37 ea -- -- -- -- -- d7 -- -- -- -- -- -- -- -- 21 -- -- -- a0 e6 -- -- d8 7e  6 eb --  f dc 52 -- -- f2 -- -- -- -- 14 4a 5d -- -- -- -- -- f5 

solutions so far:0 maxDepth:9 
iterations:2625793  skipped: 0 
Depth skipped: 
0 0 0 0 0 0 0 0 0 0 0 0 0 0 0 0 0 0 0 0 0 0 0 0 0 0 0 0 0 0 0 0 

running time: 300 sec
 depth:8
 0  1  2  3  4  5  6  7  8  9  a  b  c  d  e  f 10 11 12 13 14 15 16 17 18 19 1a 1b 1c 1d 1e 1f 20 21 22 23 24 25 26 27 28 29 2a 2b 2c 2d 2e 2f 30 31 32 33 34 35 36 37 38 39 3a 3b 3c 3d 3e 3f 40 41 42 43 44 45 46 47 48 49 4a 4b 4c 4d 4e 4f 50 51 52 53 54 55 56 57 58 59 5a 5b 5c 5d 5e 5f 60 61 62 63 64 65 66 67 68 69 6a 6b 6c 6d 6e 6f 70 71 72 73 74 75 76 77 78 79 7a 7b 7c 7d 7e 7f 80 81 82 83 84 85 86 87 88 89 8a 8b 8c 8d 8e 8f 90 91 92 93 94 95 96 97 98 99 9a 9b 9c 9d 9e 9f a0 a1 a2 a3 a4 a5 a6 a7 a8 a9 aa ab ac ad ae af b0 b1 b2 b3 b4 b5 b6 b7 b8 b9 ba bb bc bd be bf c0 c1 c2 c3 c4 c5 c6 c7 c8 c9 ca cb cc cd ce cf d0 d1 d2 d3 d4 d5 d6 d7 d8 d9 da db dc dd de df e0 e1 e2 e3 e4 e5 e6 e7 e8 e9 ea eb ec ed ee ef f0 f1 f2 f3 f4 f5 f6 f7 f8 f9 fa fb fc fd fe ff 
 0  1  2  c  4 f9 18 39  8 cb 25  7 30 a7 72 cf 10 91 41 -- 4a --  e f8 60 -- 99 -- e4 24 49 98 20 -- f5 -- 82 9f -- 64 94 14 -- -- 1c -- 27 -- c0 -- -- 33 e5 -- -- 62 1f 13 48 23 92 -- e7 -- 40 -- -- -- 3d -- -- -- d3 -- e9 -- -- 5d c8 4f ff -- 28 -- -- 83 -- 8b 38 3f -- -- 4e -- -- -- 57 -- -- -- -- -- 66 -- 1d -- -- 81 -- -- c4 be 3e -- 26 -- 90  3 46 74 f3 79 -- 7d 19 -- -- -- 80 -- -- 75 -- -- -- -- 7a -- -- 55 -- 89 -- -- 71 -- -- --  5 -- -- 52 --  9 ba -- 47 5c 9e a0 29 -- -- -- 50 2e -- ef -- -- d1 -- -- af c1 -- 70 2f 7e fc -- 5e -- e0 9c 17 -- -- -- bc -- -- ae aa -- -- -- -- -- f4 -- -- -- -- cc c5 -- -- 3a ea -- -- -- -- d5 d7 -- -- -- -- 5f -- ab -- 7c -- -- a3 4c 12 -- -- f7 97  6 eb 8c b8 e8 8e 31 -- f2 -- -- -- fa e2 32 a4 -- -- -- -- --  a 

solutions so far:0 maxDepth:9 
iterations:4733229  skipped: 0 
Depth skipped: 
0 0 0 0 0 0 0 0 0 0 0 0 0 0 0 0 0 0 0 0 0 0 0 0 0 0 0 0 0 0 0 0 

running time: 600 sec
 depth:6
 0  1  2  3  4  5  6  7  8  9  a  b  c  d  e  f 10 11 12 13 14 15 16 17 18 19 1a 1b 1c 1d 1e 1f 20 21 22 23 24 25 26 27 28 29 2a 2b 2c 2d 2e 2f 30 31 32 33 34 35 36 37 38 39 3a 3b 3c 3d 3e 3f 40 41 42 43 44 45 46 47 48 49 4a 4b 4c 4d 4e 4f 50 51 52 53 54 55 56 57 58 59 5a 5b 5c 5d 5e 5f 60 61 62 63 64 65 66 67 68 69 6a 6b 6c 6d 6e 6f 70 71 72 73 74 75 76 77 78 79 7a 7b 7c 7d 7e 7f 80 81 82 83 84 85 86 87 88 89 8a 8b 8c 8d 8e 8f 90 91 92 93 94 95 96 97 98 99 9a 9b 9c 9d 9e 9f a0 a1 a2 a3 a4 a5 a6 a7 a8 a9 aa ab ac ad ae af b0 b1 b2 b3 b4 b5 b6 b7 b8 b9 ba bb bc bd be bf c0 c1 c2 c3 c4 c5 c6 c7 c8 c9 ca cb cc cd ce cf d0 d1 d2 d3 d4 d5 d6 d7 d8 d9 da db dc dd de df e0 e1 e2 e3 e4 e5 e6 e7 e8 e9 ea eb ec ed ee ef f0 f1 f2 f3 f4 f5 f6 f7 f8 f9 fa fb fc fd fe ff 
 0  1  2  c  4 f4 18 b8  8 f6 3f b7 30 77 a7 -- 10 -- 3b -- 7e -- b9 74 60 -- ee -- 99 e0 -- 37 20 -- -- -- 76 89 -- de fc a3 -- -- a5 -- e8 -- c0 -- -- 33  b -- -- -- e5 3c 17 -- -- -- 6e -- 40 -- -- -- -- -- -- -- ec -- c5 -- -- -- 6b 4f 2f -- 91 -- -- 83 -- 8b 9d -- -- --  7 -- -- -- 57 -- -- -- -- -- 66 -- 16 -- -- -- -- -- -- -- 1d -- 78 -- 2e  3 -- 58 -- 79 -- -- dc -- -- -- 80 -- -- 75 -- -- -- -- -- -- -- 55 -- -- -- --  f -- -- -- 5d -- -- bc -- 38 -- -- d6 68 9e 3d 5e -- -- -- f5 34 -- 1c -- -- d1 -- -- -- c1 -- ed -- -- -- -- -- --  d  e 1a -- -- -- -- -- -- ae aa -- -- -- -- -- -- -- -- -- -- cc -- -- -- 2c ea -- -- -- -- -- d7 -- -- -- -- -- -- -- -- 3a -- -- -- f0 70 -- -- 5c 7a  6 eb -- d0 b0 7b -- -- f2 -- -- -- -- 1e 6f af -- -- -- -- -- ba 

solutions so far:0 maxDepth:10 
iterations:7194849  skipped: 0 
Depth skipped: 
0 0 0 0 0 0 0 0 0 0 0 0 0 0 0 0 0 0 0 0 0 0 0 0 0 0 0 0 0 0 0 0 

running time: 900 sec
 depth:6
 0  1  2  3  4  5  6  7  8  9  a  b  c  d  e  f 10 11 12 13 14 15 16 17 18 19 1a 1b 1c 1d 1e 1f 20 21 22 23 24 25 26 27 28 29 2a 2b 2c 2d 2e 2f 30 31 32 33 34 35 36 37 38 39 3a 3b 3c 3d 3e 3f 40 41 42 43 44 45 46 47 48 49 4a 4b 4c 4d 4e 4f 50 51 52 53 54 55 56 57 58 59 5a 5b 5c 5d 5e 5f 60 61 62 63 64 65 66 67 68 69 6a 6b 6c 6d 6e 6f 70 71 72 73 74 75 76 77 78 79 7a 7b 7c 7d 7e 7f 80 81 82 83 84 85 86 87 88 89 8a 8b 8c 8d 8e 8f 90 91 92 93 94 95 96 97 98 99 9a 9b 9c 9d 9e 9f a0 a1 a2 a3 a4 a5 a6 a7 a8 a9 aa ab ac ad ae af b0 b1 b2 b3 b4 b5 b6 b7 b8 b9 ba bb bc bd be bf c0 c1 c2 c3 c4 c5 c6 c7 c8 c9 ca cb cc cd ce cf d0 d1 d2 d3 d4 d5 d6 d7 d8 d9 da db dc dd de df e0 e1 e2 e3 e4 e5 e6 e7 e8 e9 ea eb ec ed ee ef f0 f1 f2 f3 f4 f5 f6 f7 f8 f9 fa fb fc fd fe ff 
 0  1  2  c  4 ef 18 c2  8 9a  9 7f 30 51 53 -- 10 -- e3 -- 12 -- fe 2a 60 -- a2 -- a6 43 -- b3 20 -- -- -- 11 72 -- ad 24 7c -- -- 2b -- 54 -- c0 -- -- 33 93 -- -- -- 9b c7 86 -- -- -- b1 -- 40 -- -- -- -- -- -- -- 22 -- e4 -- -- -- 8d 4f 48 -- f8 -- -- 83 -- 8b 56 -- -- -- a8 -- -- -- 57 -- -- -- -- -- 66 -- f1 -- -- -- -- -- -- -- e1 -- 59 -- db  3 -- 6a -- 79 -- -- b5 -- -- -- 80 -- -- 75 -- -- -- -- -- -- -- 55 -- -- -- -- 44 -- -- -- 1f -- -- f7 -- 65 -- -- cd 8a 9e 4e 90 -- -- -- 27 45 -- d9 -- -- d1 -- -- -- c1 -- ac -- -- -- -- -- -- 8f 87 c9 -- -- -- -- -- -- ae aa -- -- -- -- -- -- -- -- -- -- cc -- -- -- 35 ea -- -- -- -- -- d7 -- -- -- -- -- -- -- -- 15 -- -- -- b2 ca -- -- 61 9c  6 eb -- c3 d4 4d -- -- f2 -- -- -- -- 88 bd 39 -- -- -- -- -- 3e 

solutions so far:0 maxDepth:10 
iterations:9875126  skipped: 0 
Depth skipped: 
0 0 0 0 0 0 0 0 0 0 0 0 0 0 0 0 0 0 0 0 0 0 0 0 0 0 0 0 0 0 0 0 

running time: 1200 sec
 depth:6
 0  1  2  3  4  5  6  7  8  9  a  b  c  d  e  f 10 11 12 13 14 15 16 17 18 19 1a 1b 1c 1d 1e 1f 20 21 22 23 24 25 26 27 28 29 2a 2b 2c 2d 2e 2f 30 31 32 33 34 35 36 37 38 39 3a 3b 3c 3d 3e 3f 40 41 42 43 44 45 46 47 48 49 4a 4b 4c 4d 4e 4f 50 51 52 53 54 55 56 57 58 59 5a 5b 5c 5d 5e 5f 60 61 62 63 64 65 66 67 68 69 6a 6b 6c 6d 6e 6f 70 71 72 73 74 75 76 77 78 79 7a 7b 7c 7d 7e 7f 80 81 82 83 84 85 86 87 88 89 8a 8b 8c 8d 8e 8f 90 91 92 93 94 95 96 97 98 99 9a 9b 9c 9d 9e 9f a0 a1 a2 a3 a4 a5 a6 a7 a8 a9 aa ab ac ad ae af b0 b1 b2 b3 b4 b5 b6 b7 b8 b9 ba bb bc bd be bf c0 c1 c2 c3 c4 c5 c6 c7 c8 c9 ca cb cc cd ce cf d0 d1 d2 d3 d4 d5 d6 d7 d8 d9 da db dc dd de df e0 e1 e2 e3 e4 e5 e6 e7 e8 e9 ea eb ec ed ee ef f0 f1 f2 f3 f4 f5 f6 f7 f8 f9 fa fb fc fd fe ff 
 0  1  2  c  4 ec 18 21  8 6a  f 91 30 bc 42 -- 10 -- d4 -- 1e -- f5 73 60 -- af -- 84 ce -- 45 20 -- -- -- 7f dc -- a2 3c d6 -- -- 3d -- e6 -- c0 -- -- 33 89 -- -- -- df ac 4b -- -- -- 8a -- 40 -- -- -- -- -- -- -- fe -- 6f -- -- -- 93 4f 78 -- 7b -- -- 83 -- 8b 7a -- -- -- 1b -- -- -- 57 -- -- -- -- -- 66 -- c5 -- -- -- -- -- -- -- 69 -- 8f -- 96  3 -- ba -- 79 -- -- c3 -- -- -- 80 -- -- 75 -- -- -- -- -- -- -- 55 -- -- -- -- 2b -- -- -- de -- -- 37 -- d8 -- -- f1 2f 9e 3b f0 -- -- -- f6 fc -- 6c -- -- d1 -- -- -- c1 -- f4 -- -- -- -- -- -- 3f 36 7e -- -- -- -- -- -- ae aa -- -- -- -- -- -- -- -- -- -- cc -- -- -- 5d ea -- -- -- -- -- d7 -- -- -- -- -- -- -- -- d2 -- -- -- c9 67 -- -- fb 76  6 eb -- 5e a3 35 -- -- f2 -- -- -- -- 56 51 6e -- -- -- -- -- 6b 

solutions so far:0 maxDepth:10 
iterations:11917318  skipped: 0 
Depth skipped: 
0 0 0 0 0 0 0 0 0 0 0 0 0 0 0 0 0 0 0 0 0 0 0 0 0 0 0 0 0 0 0 0 

running time: 1500 sec
 depth:7
 0  1  2  3  4  5  6  7  8  9  a  b  c  d  e  f 10 11 12 13 14 15 16 17 18 19 1a 1b 1c 1d 1e 1f 20 21 22 23 24 25 26 27 28 29 2a 2b 2c 2d 2e 2f 30 31 32 33 34 35 36 37 38 39 3a 3b 3c 3d 3e 3f 40 41 42 43 44 45 46 47 48 49 4a 4b 4c 4d 4e 4f 50 51 52 53 54 55 56 57 58 59 5a 5b 5c 5d 5e 5f 60 61 62 63 64 65 66 67 68 69 6a 6b 6c 6d 6e 6f 70 71 72 73 74 75 76 77 78 79 7a 7b 7c 7d 7e 7f 80 81 82 83 84 85 86 87 88 89 8a 8b 8c 8d 8e 8f 90 91 92 93 94 95 96 97 98 99 9a 9b 9c 9d 9e 9f a0 a1 a2 a3 a4 a5 a6 a7 a8 a9 aa ab ac ad ae af b0 b1 b2 b3 b4 b5 b6 b7 b8 b9 ba bb bc bd be bf c0 c1 c2 c3 c4 c5 c6 c7 c8 c9 ca cb cc cd ce cf d0 d1 d2 d3 d4 d5 d6 d7 d8 d9 da db dc dd de df e0 e1 e2 e3 e4 e5 e6 e7 e8 e9 ea eb ec ed ee ef f0 f1 f2 f3 f4 f5 f6 f7 f8 f9 fa fb fc fd fe ff 
 0  1  2  c  4 e5 18 5b  8 bc 1d 11 30 bd b6 d2 10 -- af -- 3a -- 22 2d 60 -- ad -- bb 6d 73 3d 20 -- -- -- 89 38 -- 7e 74 2e -- -- 44 -- 5a -- c0 -- -- 33 8d -- -- 6c a1 a3 da 84 e6 -- 7a -- 40 -- -- -- -- -- -- -- c5 -- 70 -- -- -- fc 4f e8 -- 5c -- -- 83 -- 8b 88 -- -- -- b4 -- -- -- 57 -- -- -- -- -- 66 -- cd -- -- 96 -- -- d8 ce 95 -- 91 -- 63  3 df 9a 1b 79 -- 21 f4 -- -- -- 80 -- -- 75 -- -- -- -- -- -- -- 55 -- -- -- -- 5d -- -- -- e0 -- --  e -- 85 -- -- 2f b1 9e a7  7 -- -- -- b8 b3 -- a9 -- -- d1 -- -- -- c1 -- c7 -- -- -- -- -- -- 59 bf b2 -- -- -- -- -- -- ae aa -- -- -- -- -- -- -- -- -- -- cc -- -- -- 4d ea -- -- -- -- fb d7 -- -- -- -- 67 -- 4b -- fd -- -- -- f5 dd -- -- c6 99  6 eb 69 b5 e3 5e 36 -- f2 -- -- -- 42 ba 3f 1c -- -- -- -- -- 17 

solutions so far:0 maxDepth:10 
iterations:14563404  skipped: 0 
Depth skipped: 
0 0 0 0 0 0 0 0 0 0 0 0 0 0 0 0 0 0 0 0 0 0 0 0 0 0 0 0 0 0 0 0 

running time: 1800 sec
 depth:7
 0  1  2  3  4  5  6  7  8  9  a  b  c  d  e  f 10 11 12 13 14 15 16 17 18 19 1a 1b 1c 1d 1e 1f 20 21 22 23 24 25 26 27 28 29 2a 2b 2c 2d 2e 2f 30 31 32 33 34 35 36 37 38 39 3a 3b 3c 3d 3e 3f 40 41 42 43 44 45 46 47 48 49 4a 4b 4c 4d 4e 4f 50 51 52 53 54 55 56 57 58 59 5a 5b 5c 5d 5e 5f 60 61 62 63 64 65 66 67 68 69 6a 6b 6c 6d 6e 6f 70 71 72 73 74 75 76 77 78 79 7a 7b 7c 7d 7e 7f 80 81 82 83 84 85 86 87 88 89 8a 8b 8c 8d 8e 8f 90 91 92 93 94 95 96 97 98 99 9a 9b 9c 9d 9e 9f a0 a1 a2 a3 a4 a5 a6 a7 a8 a9 aa ab ac ad ae af b0 b1 b2 b3 b4 b5 b6 b7 b8 b9 ba bb bc bd be bf c0 c1 c2 c3 c4 c5 c6 c7 c8 c9 ca cb cc cd ce cf d0 d1 d2 d3 d4 d5 d6 d7 d8 d9 da db dc dd de df e0 e1 e2 e3 e4 e5 e6 e7 e8 e9 ea eb ec ed ee ef f0 f1 f2 f3 f4 f5 f6 f7 f8 f9 fa fb fc fd fe ff 
 0  1  2  c  4 e1 18 2e  8 1a 15 8e 30 98 5c fa 10 -- 34 -- 2a -- cb 1d 60 -- e7 -- b8 38 23 58 20 -- -- -- 68 ca -- a5 54 61 -- -- 41 -- 3a -- c0 -- -- 33 19 -- -- 49 a7  b 70 81 46 -- b0 -- 40 -- -- -- -- -- -- -- d0 -- 43 -- -- -- 9d 4f a8 -- c2 -- -- 83 -- 8b 82 -- -- -- 74 -- -- -- 57 -- -- -- -- -- 66 -- 32 -- -- c4 -- -- 92 31 99 -- 16 -- e0  3 d5 c8 8c 79 -- be b7 -- -- -- 80 -- -- 75 -- -- -- -- -- -- -- 55 -- -- -- -- 77 -- -- -- 86 -- -- d9 --  e -- -- ed 26 9e a6 87 -- -- -- 53 13 --  7 -- -- d1 -- -- -- c1 -- d3 -- -- -- -- -- -- 71 e8 e2 -- -- -- -- -- -- ae aa -- -- -- -- -- -- -- -- -- -- cc -- -- -- 64 ea -- -- -- -- 5f d7 -- -- -- -- f3 -- 62 -- e5 -- -- -- 2c 1c -- -- 17 9b  6 eb 7d 4c 47  d cf -- f2 -- -- -- ab ee b9 65 -- -- -- -- -- db 

solutions so far:0 maxDepth:10 
iterations:17381344  skipped: 0 
Depth skipped: 
0 0 0 0 0 0 0 0 0 0 0 0 0 0 0 0 0 0 0 0 0 0 0 0 0 0 0 0 0 0 0 0 

running time: 2100 sec
 depth:6
 0  1  2  3  4  5  6  7  8  9  a  b  c  d  e  f 10 11 12 13 14 15 16 17 18 19 1a 1b 1c 1d 1e 1f 20 21 22 23 24 25 26 27 28 29 2a 2b 2c 2d 2e 2f 30 31 32 33 34 35 36 37 38 39 3a 3b 3c 3d 3e 3f 40 41 42 43 44 45 46 47 48 49 4a 4b 4c 4d 4e 4f 50 51 52 53 54 55 56 57 58 59 5a 5b 5c 5d 5e 5f 60 61 62 63 64 65 66 67 68 69 6a 6b 6c 6d 6e 6f 70 71 72 73 74 75 76 77 78 79 7a 7b 7c 7d 7e 7f 80 81 82 83 84 85 86 87 88 89 8a 8b 8c 8d 8e 8f 90 91 92 93 94 95 96 97 98 99 9a 9b 9c 9d 9e 9f a0 a1 a2 a3 a4 a5 a6 a7 a8 a9 aa ab ac ad ae af b0 b1 b2 b3 b4 b5 b6 b7 b8 b9 ba bb bc bd be bf c0 c1 c2 c3 c4 c5 c6 c7 c8 c9 ca cb cc cd ce cf d0 d1 d2 d3 d4 d5 d6 d7 d8 d9 da db dc dd de df e0 e1 e2 e3 e4 e5 e6 e7 e8 e9 ea eb ec ed ee ef f0 f1 f2 f3 f4 f5 f6 f7 f8 f9 fa fb fc fd fe ff 
 0  1  2  c  4 dd 18 22  8 a4 6d 3f 30 ba 44 -- 10 -- 9f -- da -- 7e b3 60 -- a3 -- 88 4d -- 97 20 -- -- -- e9 a1 -- 94 63 5a -- -- fc -- b1 -- c0 -- -- 33 91 -- -- -- c7 28 9a -- -- -- f9 -- 40 -- -- -- -- -- -- --  5 -- 95 -- -- -- ff 4f c6 -- b4 -- -- 83 -- 8b 2f -- -- -- b5 -- -- -- 57 -- -- -- -- -- 66 -- f5 -- -- -- -- -- -- -- 59 -- 50 -- e3  3 -- 7a -- 79 -- -- 25 -- -- -- 80 -- -- 75 -- -- -- -- -- -- -- 55 -- -- -- --  a -- -- -- fd -- -- b6 -- 8d -- -- 29 c5 9e a9 5b -- -- -- bf 89 -- ad -- -- d1 -- -- -- c1 -- 5e -- -- -- -- -- -- bc bd af -- -- -- -- -- -- ae aa -- -- -- -- -- -- -- -- -- -- cc -- -- -- 3d ea -- -- -- -- -- d7 -- -- -- -- -- -- -- -- b2 -- -- -- a0 cd -- -- 11 85  6 eb -- 5d f4 52 -- -- f2 -- -- -- -- 14 4a bb -- -- -- -- -- 2d 

solutions so far:0 maxDepth:10 
iterations:20150024  skipped: 0 
Depth skipped: 
0 0 0 0 0 0 0 0 0 0 0 0 0 0 0 0 0 0 0 0 0 0 0 0 0 0 0 0 0 0 0 0 

running time: 2400 sec
 depth:6
 0  1  2  3  4  5  6  7  8  9  a  b  c  d  e  f 10 11 12 13 14 15 16 17 18 19 1a 1b 1c 1d 1e 1f 20 21 22 23 24 25 26 27 28 29 2a 2b 2c 2d 2e 2f 30 31 32 33 34 35 36 37 38 39 3a 3b 3c 3d 3e 3f 40 41 42 43 44 45 46 47 48 49 4a 4b 4c 4d 4e 4f 50 51 52 53 54 55 56 57 58 59 5a 5b 5c 5d 5e 5f 60 61 62 63 64 65 66 67 68 69 6a 6b 6c 6d 6e 6f 70 71 72 73 74 75 76 77 78 79 7a 7b 7c 7d 7e 7f 80 81 82 83 84 85 86 87 88 89 8a 8b 8c 8d 8e 8f 90 91 92 93 94 95 96 97 98 99 9a 9b 9c 9d 9e 9f a0 a1 a2 a3 a4 a5 a6 a7 a8 a9 aa ab ac ad ae af b0 b1 b2 b3 b4 b5 b6 b7 b8 b9 ba bb bc bd be bf c0 c1 c2 c3 c4 c5 c6 c7 c8 c9 ca cb cc cd ce cf d0 d1 d2 d3 d4 d5 d6 d7 d8 d9 da db dc dd de df e0 e1 e2 e3 e4 e5 e6 e7 e8 e9 ea eb ec ed ee ef f0 f1 f2 f3 f4 f5 f6 f7 f8 f9 fa fb fc fd fe ff 
 0  1  2  c  4 d6 18 26  8 1b 7b e3 30 b5 4c -- 10 -- 36 -- f6 -- 11 64 60 -- bd -- 98 d3 -- 21 20 -- -- -- 6c 3c -- 69 3b 6e -- -- 22 -- c8 -- c0 -- -- 33 ad -- -- -- e7 4b 71 -- -- -- 42 -- 40 -- -- -- -- -- -- -- d8 -- 78 -- -- -- d2 4f 76 -- dc -- -- 83 -- 8b 44 -- -- -- 47 -- -- -- 57 -- -- -- -- -- 66 -- 8d -- -- -- -- -- -- -- 19 -- 96 -- e2  3 -- 4d -- 79 -- -- 84 -- -- -- 80 -- -- 75 -- -- -- -- -- -- -- 55 -- -- -- -- 67 -- -- -- f0 -- --  f -- 41 -- -- 73 b3 9e de ec -- -- -- 6f b2 -- cb -- -- d1 -- -- -- c1 -- 88 -- -- -- -- -- -- c7 8e 59 -- -- -- -- -- -- ae aa -- -- -- -- -- -- -- -- -- -- cc -- -- -- cd ea -- -- -- -- -- d7 -- -- -- -- -- -- -- -- 32 -- -- -- fb 82 -- -- 13 6b  6 eb -- b1 9a e6 -- -- f2 -- -- -- -- ce df 1e -- -- -- -- -- 37 

solutions so far:0 maxDepth:10 
iterations:23050770  skipped: 0 
Depth skipped: 
0 0 0 0 0 0 0 0 0 0 0 0 0 0 0 0 0 0 0 0 0 0 0 0 0 0 0 0 0 0 0 0 

running time: 2700 sec
 depth:6
 0  1  2  3  4  5  6  7  8  9  a  b  c  d  e  f 10 11 12 13 14 15 16 17 18 19 1a 1b 1c 1d 1e 1f 20 21 22 23 24 25 26 27 28 29 2a 2b 2c 2d 2e 2f 30 31 32 33 34 35 36 37 38 39 3a 3b 3c 3d 3e 3f 40 41 42 43 44 45 46 47 48 49 4a 4b 4c 4d 4e 4f 50 51 52 53 54 55 56 57 58 59 5a 5b 5c 5d 5e 5f 60 61 62 63 64 65 66 67 68 69 6a 6b 6c 6d 6e 6f 70 71 72 73 74 75 76 77 78 79 7a 7b 7c 7d 7e 7f 80 81 82 83 84 85 86 87 88 89 8a 8b 8c 8d 8e 8f 90 91 92 93 94 95 96 97 98 99 9a 9b 9c 9d 9e 9f a0 a1 a2 a3 a4 a5 a6 a7 a8 a9 aa ab ac ad ae af b0 b1 b2 b3 b4 b5 b6 b7 b8 b9 ba bb bc bd be bf c0 c1 c2 c3 c4 c5 c6 c7 c8 c9 ca cb cc cd ce cf d0 d1 d2 d3 d4 d5 d6 d7 d8 d9 da db dc dd de df e0 e1 e2 e3 e4 e5 e6 e7 e8 e9 ea eb ec ed ee ef f0 f1 f2 f3 f4 f5 f6 f7 f8 f9 fa fb fc fd fe ff 
 0  1  2  c  4 d0 18 81  8 a6 77 50 30 a4 d5 -- 10 -- 9b -- ee -- a0 8c 60 -- 9f -- 7d c4 -- 65 20 -- -- -- e1 b7 -- db  b ed -- -- 97 -- cf -- c0 -- -- 33 e9 -- -- -- fa a8 5f -- -- -- ca -- 40 -- -- -- -- -- -- -- 15 -- b9 -- -- -- 61 4f 16 --  d -- -- 83 -- 8b f9 -- -- -- 49 -- -- -- 57 -- -- -- -- -- 66 --  5 -- -- -- -- -- -- -- 23 -- 87 -- be  3 -- 14 -- 79 -- -- 43 -- -- -- 80 -- -- 75 -- -- -- -- -- -- -- 55 -- -- -- -- 2a -- -- -- a5 -- -- 58 -- 31 -- -- c2 29 9e 34 2c -- -- -- 1a ff -- f3 -- -- d1 -- -- -- c1 -- 25 -- -- -- -- -- -- 4a 92 94 -- -- -- -- -- -- ae aa -- -- -- -- -- -- -- -- -- -- cc -- -- --  a ea -- -- -- -- -- d7 -- -- -- -- -- -- -- -- 46 -- -- -- d9 62 -- -- ab 68  6 eb -- 52 28 53 -- -- f2 -- -- -- -- 54 86 b0 -- -- -- -- -- 9d 

solutions so far:0 maxDepth:10 
iterations:25653603  skipped: 0 
Depth skipped: 
0 0 0 0 0 0 0 0 0 0 0 0 0 0 0 0 0 0 0 0 0 0 0 0 0 0 0 0 0 0 0 0 

running time: 3000 sec
 depth:6
 0  1  2  3  4  5  6  7  8  9  a  b  c  d  e  f 10 11 12 13 14 15 16 17 18 19 1a 1b 1c 1d 1e 1f 20 21 22 23 24 25 26 27 28 29 2a 2b 2c 2d 2e 2f 30 31 32 33 34 35 36 37 38 39 3a 3b 3c 3d 3e 3f 40 41 42 43 44 45 46 47 48 49 4a 4b 4c 4d 4e 4f 50 51 52 53 54 55 56 57 58 59 5a 5b 5c 5d 5e 5f 60 61 62 63 64 65 66 67 68 69 6a 6b 6c 6d 6e 6f 70 71 72 73 74 75 76 77 78 79 7a 7b 7c 7d 7e 7f 80 81 82 83 84 85 86 87 88 89 8a 8b 8c 8d 8e 8f 90 91 92 93 94 95 96 97 98 99 9a 9b 9c 9d 9e 9f a0 a1 a2 a3 a4 a5 a6 a7 a8 a9 aa ab ac ad ae af b0 b1 b2 b3 b4 b5 b6 b7 b8 b9 ba bb bc bd be bf c0 c1 c2 c3 c4 c5 c6 c7 c8 c9 ca cb cc cd ce cf d0 d1 d2 d3 d4 d5 d6 d7 d8 d9 da db dc dd de df e0 e1 e2 e3 e4 e5 e6 e7 e8 e9 ea eb ec ed ee ef f0 f1 f2 f3 f4 f5 f6 f7 f8 f9 fa fb fc fd fe ff 
 0  1  2  c  4 cb 18 f4  8 73 41 ef 30 1f 3f -- 10 -- e6 -- 82 --  9 bc 60 -- 3e -- 7e 91 -- 96 20 -- -- -- 1b 4c -- 84 d3 32 -- -- 12 -- af -- c0 -- -- 33 7c -- -- -- fc 67 f5 -- -- -- fb -- 40 -- -- -- -- -- -- -- 36 -- 98 -- -- -- df 4f 71 -- 64 -- -- 83 -- 8b 24 -- -- -- 89 -- -- -- 57 -- -- -- -- -- 66 -- f8 -- -- -- -- -- -- -- 2f -- ce -- 3d  3 -- 4e -- 79 -- -- 21 -- -- -- 80 -- -- 75 -- -- -- -- -- -- -- 55 -- -- -- -- 6c -- -- -- e7 -- -- 13 -- ba -- -- 69 72 9e 47 e2 -- -- -- c8 39 -- 5d -- -- d1 -- -- -- c1 -- 48 -- -- -- -- -- -- 90 c5 f7 -- -- -- -- -- -- ae aa -- -- -- -- -- -- -- -- -- -- cc -- -- -- 27 ea -- -- -- -- -- d7 -- -- -- -- -- -- -- -- 5e -- -- -- 4b a3 -- -- 7a 8e  6 eb -- e4 9c d2 -- -- f2 -- -- -- -- d8 42 26 -- -- -- -- -- 19 

solutions so far:0 maxDepth:10 
iterations:28173829  skipped: 0 
Depth skipped: 
0 0 0 0 0 0 0 0 0 0 0 0 0 0 0 0 0 0 0 0 0 0 0 0 0 0 0 0 0 0 0 0 

running time: 3300 sec
 depth:7
 0  1  2  3  4  5  6  7  8  9  a  b  c  d  e  f 10 11 12 13 14 15 16 17 18 19 1a 1b 1c 1d 1e 1f 20 21 22 23 24 25 26 27 28 29 2a 2b 2c 2d 2e 2f 30 31 32 33 34 35 36 37 38 39 3a 3b 3c 3d 3e 3f 40 41 42 43 44 45 46 47 48 49 4a 4b 4c 4d 4e 4f 50 51 52 53 54 55 56 57 58 59 5a 5b 5c 5d 5e 5f 60 61 62 63 64 65 66 67 68 69 6a 6b 6c 6d 6e 6f 70 71 72 73 74 75 76 77 78 79 7a 7b 7c 7d 7e 7f 80 81 82 83 84 85 86 87 88 89 8a 8b 8c 8d 8e 8f 90 91 92 93 94 95 96 97 98 99 9a 9b 9c 9d 9e 9f a0 a1 a2 a3 a4 a5 a6 a7 a8 a9 aa ab ac ad ae af b0 b1 b2 b3 b4 b5 b6 b7 b8 b9 ba bb bc bd be bf c0 c1 c2 c3 c4 c5 c6 c7 c8 c9 ca cb cc cd ce cf d0 d1 d2 d3 d4 d5 d6 d7 d8 d9 da db dc dd de df e0 e1 e2 e3 e4 e5 e6 e7 e8 e9 ea eb ec ed ee ef f0 f1 f2 f3 f4 f5 f6 f7 f8 f9 fa fb fc fd fe ff 
 0  1  2  c  4 c6 18 94  8 81 5b e8 30 b8 ff 43 10 -- d5 -- b6 --  7 e9 60 -- a7 -- 29 97 86 92 20 -- -- -- 7d 5a -- c4 bb 85 -- --  e --  5 -- c0 -- -- 33 99 -- -- 53 52 8c f9 d9 db -- f3 -- 40 -- -- -- -- -- -- -- fa -- b4 -- -- -- 5f 4f a1 -- dd -- -- 83 -- 8b 1c -- -- --  a -- -- -- 57 -- -- -- -- -- 66 -- e5 -- -- 2a -- -- a6 e1 a4 -- cf -- 25  3 65 3a 61 79 -- a8 31 -- -- -- 80 -- -- 75 -- -- -- -- -- -- -- 55 -- -- -- -- 23 -- -- -- bf -- -- fd -- 50 -- -- be 2e 9e da 95 -- -- -- 6d 17 -- 28 -- -- d1 -- -- -- c1 -- 38 -- -- -- -- -- -- 70 14 e0 -- -- -- -- -- -- ae aa -- -- -- -- -- -- -- -- -- -- cc -- -- -- 1d ea -- -- -- -- 54 d7 -- -- -- -- 9b -- 15 -- 9f -- -- -- 49 a0 -- -- 4a 63  6 eb ca 5c 74 ab c2 -- f2 -- -- -- 87 46 62 2d -- -- -- -- -- a9 

solutions so far:0 maxDepth:10 
iterations:31354264  skipped: 0 
Depth skipped: 
0 0 0 0 0 0 0 0 0 0 0 0 0 0 0 0 0 0 0 0 0 0 0 0 0 0 0 0 0 0 0 0 

running time: 3600 sec
 depth:8
 0  1  2  3  4  5  6  7  8  9  a  b  c  d  e  f 10 11 12 13 14 15 16 17 18 19 1a 1b 1c 1d 1e 1f 20 21 22 23 24 25 26 27 28 29 2a 2b 2c 2d 2e 2f 30 31 32 33 34 35 36 37 38 39 3a 3b 3c 3d 3e 3f 40 41 42 43 44 45 46 47 48 49 4a 4b 4c 4d 4e 4f 50 51 52 53 54 55 56 57 58 59 5a 5b 5c 5d 5e 5f 60 61 62 63 64 65 66 67 68 69 6a 6b 6c 6d 6e 6f 70 71 72 73 74 75 76 77 78 79 7a 7b 7c 7d 7e 7f 80 81 82 83 84 85 86 87 88 89 8a 8b 8c 8d 8e 8f 90 91 92 93 94 95 96 97 98 99 9a 9b 9c 9d 9e 9f a0 a1 a2 a3 a4 a5 a6 a7 a8 a9 aa ab ac ad ae af b0 b1 b2 b3 b4 b5 b6 b7 b8 b9 ba bb bc bd be bf c0 c1 c2 c3 c4 c5 c6 c7 c8 c9 ca cb cc cd ce cf d0 d1 d2 d3 d4 d5 d6 d7 d8 d9 da db dc dd de df e0 e1 e2 e3 e4 e5 e6 e7 e8 e9 ea eb ec ed ee ef f0 f1 f2 f3 f4 f5 f6 f7 f8 f9 fa fb fc fd fe ff 
 0  1  2  c  4 bf 18 94  8 1d a9 49 30 d5 ff 21 10 32 3a -- 85 -- 92 e9 60 -- 7d -- 29 97 42 e0 20 -- 64 -- 74 5b -- b8 dd 95 -- -- f3 --  5 -- c0 -- -- 33 fa -- -- d2 52 1c f9 4b 84 -- 17 -- 40 -- -- -- c8 -- -- -- e8 -- b6 -- -- 98 a7 4f 6d -- fd -- -- 83 -- 8b 31 cb -- --  a -- -- -- 57 -- -- -- -- -- 66 -- 23 -- -- 6c -- -- 73 1b a4 -- 38 -- 25  3 96 8c df 79 -- 67 2e -- -- -- 80 -- -- 75 -- -- -- -- 47 -- -- 55 -- 26 -- --  7 -- -- -- bb -- -- 63 -- 50 e7 -- 99 ab 9e 5a da -- -- -- 2d be -- 28 -- -- d1 -- -- 13 c1 -- 62 d3 41 82 -- 71 -- c4 14 5f -- -- -- e2 -- -- ae aa -- -- -- -- -- 8e -- -- -- -- cc 4c -- -- 46 ea -- -- -- -- d8 d7 -- -- -- -- e6 -- 36 -- 9f -- -- 19 70 a0 -- -- 4a b4  6 eb fb 81 cf e5 69 -- f2 -- -- -- ce  e 5c c6 -- -- -- -- -- a1 

solutions so far:0 maxDepth:10 
iterations:34308775  skipped: 0 
Depth skipped: 
0 0 0 0 0 0 0 0 0 0 0 0 0 0 0 0 0 0 0 0 0 0 0 0 0 0 0 0 0 0 0 0 

running time: 3900 sec
 depth:7
 0  1  2  3  4  5  6  7  8  9  a  b  c  d  e  f 10 11 12 13 14 15 16 17 18 19 1a 1b 1c 1d 1e 1f 20 21 22 23 24 25 26 27 28 29 2a 2b 2c 2d 2e 2f 30 31 32 33 34 35 36 37 38 39 3a 3b 3c 3d 3e 3f 40 41 42 43 44 45 46 47 48 49 4a 4b 4c 4d 4e 4f 50 51 52 53 54 55 56 57 58 59 5a 5b 5c 5d 5e 5f 60 61 62 63 64 65 66 67 68 69 6a 6b 6c 6d 6e 6f 70 71 72 73 74 75 76 77 78 79 7a 7b 7c 7d 7e 7f 80 81 82 83 84 85 86 87 88 89 8a 8b 8c 8d 8e 8f 90 91 92 93 94 95 96 97 98 99 9a 9b 9c 9d 9e 9f a0 a1 a2 a3 a4 a5 a6 a7 a8 a9 aa ab ac ad ae af b0 b1 b2 b3 b4 b5 b6 b7 b8 b9 ba bb bc bd be bf c0 c1 c2 c3 c4 c5 c6 c7 c8 c9 ca cb cc cd ce cf d0 d1 d2 d3 d4 d5 d6 d7 d8 d9 da db dc dd de df e0 e1 e2 e3 e4 e5 e6 e7 e8 e9 ea eb ec ed ee ef f0 f1 f2 f3 f4 f5 f6 f7 f8 f9 fa fb fc fd fe ff 
 0  1  2  c  4 bc 18 44  8 e1 af d8 30 69 88 f3 10 -- 15 -- 89 -- 67 b1 60 -- d2 -- c7 9a 31 43 20 -- -- -- 2a f5 -- c2 c5 3f -- -- ce -- b5 -- c0 -- -- 33 73 -- -- be 59 d9 e3 cf 62 -- 86 -- 40 -- -- -- -- -- -- -- 54 -- 3d -- -- -- 53 4f 5d -- 7e -- -- 83 -- 8b 4b -- -- -- bd -- -- -- 57 -- -- -- -- -- 66 -- e6 -- -- fa -- -- ab d5 b2 -- 65 -- 11  3 49 36 c4 79 -- 46 db -- -- -- 80 -- -- 75 -- -- -- -- -- -- -- 55 -- -- -- -- a8 -- -- -- 7a -- -- a3 -- cd -- -- a6 84 9e 2f ba -- -- -- fc 42 -- 8d -- -- d1 -- -- -- c1 -- 96 -- -- -- -- -- -- fb ad 21 -- -- -- -- -- -- ae aa -- -- -- -- -- -- -- -- -- -- cc -- -- -- 1b ea -- -- -- -- 23 d7 -- -- -- -- 81 -- 7d -- b3 -- -- -- ca 4d -- -- 22 5e  6 eb 92 df 6c 9b 5f -- f2 -- -- -- 8c 87 61 91 -- -- -- -- -- f4 

solutions so far:0 maxDepth:10 
iterations:36649885  skipped: 0 
Depth skipped: 
0 0 0 0 0 0 0 0 0 0 0 0 0 0 0 0 0 0 0 0 0 0 0 0 0 0 0 0 0 0 0 0 

running time: 4200 sec
 depth:6
 0  1  2  3  4  5  6  7  8  9  a  b  c  d  e  f 10 11 12 13 14 15 16 17 18 19 1a 1b 1c 1d 1e 1f 20 21 22 23 24 25 26 27 28 29 2a 2b 2c 2d 2e 2f 30 31 32 33 34 35 36 37 38 39 3a 3b 3c 3d 3e 3f 40 41 42 43 44 45 46 47 48 49 4a 4b 4c 4d 4e 4f 50 51 52 53 54 55 56 57 58 59 5a 5b 5c 5d 5e 5f 60 61 62 63 64 65 66 67 68 69 6a 6b 6c 6d 6e 6f 70 71 72 73 74 75 76 77 78 79 7a 7b 7c 7d 7e 7f 80 81 82 83 84 85 86 87 88 89 8a 8b 8c 8d 8e 8f 90 91 92 93 94 95 96 97 98 99 9a 9b 9c 9d 9e 9f a0 a1 a2 a3 a4 a5 a6 a7 a8 a9 aa ab ac ad ae af b0 b1 b2 b3 b4 b5 b6 b7 b8 b9 ba bb bc bd be bf c0 c1 c2 c3 c4 c5 c6 c7 c8 c9 ca cb cc cd ce cf d0 d1 d2 d3 d4 d5 d6 d7 d8 d9 da db dc dd de df e0 e1 e2 e3 e4 e5 e6 e7 e8 e9 ea eb ec ed ee ef f0 f1 f2 f3 f4 f5 f6 f7 f8 f9 fa fb fc fd fe ff 
 0  1  2  c  4 b8 18  5  8 e4 a7 6f 30 1e  a -- 10 -- 1f -- 99 -- de 97 60 -- 3c -- 14 52 --  9 20 -- -- -- 3e  7 -- 90 e5 70 -- -- 6b -- f9 -- c0 -- -- 33 78 -- -- -- 28 4e a4 -- -- -- 12 -- 40 -- -- -- -- -- -- -- 7c --  e -- -- -- f7 4f 1d -- e0 -- -- 83 -- 8b d6 -- -- -- 25 -- -- -- 57 -- -- -- -- -- 66 -- f0 -- -- -- -- -- -- -- 50 -- 9c -- 9f  3 -- 6e -- 79 -- -- 24 -- -- -- 80 -- -- 75 -- -- -- -- -- -- -- 55 -- -- -- -- f8 -- -- -- 1c -- -- 74 -- ff -- -- 39 ec 9e 2e 3a -- -- -- 17 76 -- 94 -- -- d1 -- -- -- c1 -- 7b -- -- -- -- -- -- f6 4a 3b -- -- -- -- -- -- ae aa -- -- -- -- -- -- -- -- -- -- cc -- -- -- 37 ea -- -- -- -- -- d7 -- -- -- -- -- -- -- -- a0 -- -- -- ef 29 -- -- e9 5c  6 eb --  f dc 72 -- -- f2 -- -- -- -- 27 48 e8 -- -- -- -- -- 38 

solutions so far:0 maxDepth:10 
iterations:39648585  skipped: 0 
Depth skipped: 
0 0 0 0 0 0 0 0 0 0 0 0 0 0 0 0 0 0 0 0 0 0 0 0 0 0 0 0 0 0 0 0 

running time: 4500 sec
 depth:6
 0  1  2  3  4  5  6  7  8  9  a  b  c  d  e  f 10 11 12 13 14 15 16 17 18 19 1a 1b 1c 1d 1e 1f 20 21 22 23 24 25 26 27 28 29 2a 2b 2c 2d 2e 2f 30 31 32 33 34 35 36 37 38 39 3a 3b 3c 3d 3e 3f 40 41 42 43 44 45 46 47 48 49 4a 4b 4c 4d 4e 4f 50 51 52 53 54 55 56 57 58 59 5a 5b 5c 5d 5e 5f 60 61 62 63 64 65 66 67 68 69 6a 6b 6c 6d 6e 6f 70 71 72 73 74 75 76 77 78 79 7a 7b 7c 7d 7e 7f 80 81 82 83 84 85 86 87 88 89 8a 8b 8c 8d 8e 8f 90 91 92 93 94 95 96 97 98 99 9a 9b 9c 9d 9e 9f a0 a1 a2 a3 a4 a5 a6 a7 a8 a9 aa ab ac ad ae af b0 b1 b2 b3 b4 b5 b6 b7 b8 b9 ba bb bc bd be bf c0 c1 c2 c3 c4 c5 c6 c7 c8 c9 ca cb cc cd ce cf d0 d1 d2 d3 d4 d5 d6 d7 d8 d9 da db dc dd de df e0 e1 e2 e3 e4 e5 e6 e7 e8 e9 ea eb ec ed ee ef f0 f1 f2 f3 f4 f5 f6 f7 f8 f9 fa fb fc fd fe ff 
 0  1  2  c  4 b2 18 a5  8 f5 b3 97 30 e9 9d -- 10 -- 3d -- b1 -- f9 68 60 --  5 -- ed 58 -- bc 20 -- -- -- 7a 4d -- 5d b5 22 -- -- 25 -- d0 -- c0 -- -- 33  a -- -- --  d fc b0 -- -- -- af -- 40 -- -- -- -- -- -- -- f4 -- 9a -- -- -- ba 4f bd -- 44 -- -- 83 -- 8b 4a -- -- -- 77 -- -- -- 57 -- -- -- -- -- 66 -- 14 -- -- -- -- -- -- -- 1a -- 2f -- b7  3 -- 50 -- 79 -- -- 89 -- -- -- 80 -- -- 75 -- -- -- -- -- -- -- 55 -- -- -- -- 3f -- -- -- e3 -- -- 8d -- 16 -- -- a3 a4 9e c7 ad -- -- -- 88 52 --  b -- -- d1 -- -- -- c1 -- 94 -- -- -- -- -- -- ff ee 29 -- -- -- -- -- -- ae aa -- -- -- -- -- -- -- -- -- -- cc -- -- -- 28 ea -- -- -- -- -- d7 -- -- -- -- -- -- -- -- 34 -- -- -- 5e 2c -- -- b9 59  6 eb -- 9f a0 91 -- -- f2 -- -- -- -- 7e c5 cd -- -- -- -- -- 11 

solutions so far:0 maxDepth:10 
iterations:42688007  skipped: 0 
Depth skipped: 
0 0 0 0 0 0 0 0 0 0 0 0 0 0 0 0 0 0 0 0 0 0 0 0 0 0 0 0 0 0 0 0 

running time: 4800 sec
 depth:7
 0  1  2  3  4  5  6  7  8  9  a  b  c  d  e  f 10 11 12 13 14 15 16 17 18 19 1a 1b 1c 1d 1e 1f 20 21 22 23 24 25 26 27 28 29 2a 2b 2c 2d 2e 2f 30 31 32 33 34 35 36 37 38 39 3a 3b 3c 3d 3e 3f 40 41 42 43 44 45 46 47 48 49 4a 4b 4c 4d 4e 4f 50 51 52 53 54 55 56 57 58 59 5a 5b 5c 5d 5e 5f 60 61 62 63 64 65 66 67 68 69 6a 6b 6c 6d 6e 6f 70 71 72 73 74 75 76 77 78 79 7a 7b 7c 7d 7e 7f 80 81 82 83 84 85 86 87 88 89 8a 8b 8c 8d 8e 8f 90 91 92 93 94 95 96 97 98 99 9a 9b 9c 9d 9e 9f a0 a1 a2 a3 a4 a5 a6 a7 a8 a9 aa ab ac ad ae af b0 b1 b2 b3 b4 b5 b6 b7 b8 b9 ba bb bc bd be bf c0 c1 c2 c3 c4 c5 c6 c7 c8 c9 ca cb cc cd ce cf d0 d1 d2 d3 d4 d5 d6 d7 d8 d9 da db dc dd de df e0 e1 e2 e3 e4 e5 e6 e7 e8 e9 ea eb ec ed ee ef f0 f1 f2 f3 f4 f5 f6 f7 f8 f9 fa fb fc fd fe ff 
 0  1  2  c  4 ab 18 74  8 9a 81 f6 30 6e e8 3f 10 -- e3 -- d5 -- 3b 70 60 -- dc --  7 99 7e b3 20 -- -- -- 11 cf -- ad 7d 31 -- -- 76 -- e0 -- c0 -- -- 33 6f -- -- bc  e c7 e5 3d fc -- b1 -- 40 -- -- -- -- -- -- -- 22 -- 49 -- -- -- 8d 4f fa -- 62 -- -- 83 -- 8b ec -- -- -- 17 -- -- -- 57 -- -- -- -- -- 66 -- de -- -- ba -- -- af c5 1c -- 59 -- 1d  3 7a d6 2f 79 -- 91 b5 -- -- -- 80 -- -- 75 -- -- -- -- -- -- -- 55 -- -- -- -- 44 -- -- -- 92 -- -- 46 -- b8 -- -- cd f0 9e 5f 23 -- -- -- c4 78 -- 5c -- -- d1 -- -- -- c1 --  f -- -- -- -- -- -- 1e 2e 3c -- -- -- -- -- -- ae aa -- -- -- -- -- -- -- -- -- -- cc -- -- -- 6b ea -- -- -- -- a3 d7 -- -- -- -- 89 -- 5d -- 38 -- -- -- b2 a7 -- -- 3a be  6 eb f4 37 7b 4d 5e -- f2 -- -- -- f5 88 bd 8c -- -- -- -- -- f3 

solutions so far:0 maxDepth:10 
iterations:46430251  skipped: 0 
Depth skipped: 
0 0 0 0 0 0 0 0 0 0 0 0 0 0 0 0 0 0 0 0 0 0 0 0 0 0 0 0 0 0 0 0 

running time: 5100 sec
 depth:6
 0  1  2  3  4  5  6  7  8  9  a  b  c  d  e  f 10 11 12 13 14 15 16 17 18 19 1a 1b 1c 1d 1e 1f 20 21 22 23 24 25 26 27 28 29 2a 2b 2c 2d 2e 2f 30 31 32 33 34 35 36 37 38 39 3a 3b 3c 3d 3e 3f 40 41 42 43 44 45 46 47 48 49 4a 4b 4c 4d 4e 4f 50 51 52 53 54 55 56 57 58 59 5a 5b 5c 5d 5e 5f 60 61 62 63 64 65 66 67 68 69 6a 6b 6c 6d 6e 6f 70 71 72 73 74 75 76 77 78 79 7a 7b 7c 7d 7e 7f 80 81 82 83 84 85 86 87 88 89 8a 8b 8c 8d 8e 8f 90 91 92 93 94 95 96 97 98 99 9a 9b 9c 9d 9e 9f a0 a1 a2 a3 a4 a5 a6 a7 a8 a9 aa ab ac ad ae af b0 b1 b2 b3 b4 b5 b6 b7 b8 b9 ba bb bc bd be bf c0 c1 c2 c3 c4 c5 c6 c7 c8 c9 ca cb cc cd ce cf d0 d1 d2 d3 d4 d5 d6 d7 d8 d9 da db dc dd de df e0 e1 e2 e3 e4 e5 e6 e7 e8 e9 ea eb ec ed ee ef f0 f1 f2 f3 f4 f5 f6 f7 f8 f9 fa fb fc fd fe ff 
 0  1  2  c  4 a5 18 a4  8 f0 9d 9b 30 43 9f -- 10 -- 37 -- ed -- e1 28 60 -- 86 -- e9 94 -- f6 20 -- -- -- 6e 77 --  f  d 2c -- -- 15 -- 50 -- c0 -- -- 33 db -- -- --  5 6b ff -- -- -- 3b -- 40 -- -- -- -- -- -- -- dc -- ee -- -- -- 1e 4f 1a -- 58 -- -- 83 -- 8b 2a -- -- -- a0 -- -- -- 57 -- -- -- -- -- 66 -- 61 -- -- -- -- -- -- --  a -- d6 -- 29  3 -- 53 -- 79 -- -- 76 -- -- -- 80 -- -- 75 -- -- -- -- -- -- -- 55 -- -- -- -- 6f -- -- --  b -- -- 68 -- 25 -- -- 3c 65 9e b7 34 -- -- -- b0 d9 -- f9 -- -- d1 -- -- -- c1 -- 54 -- -- -- -- -- -- a8 97 87 -- -- -- -- -- -- ae aa -- -- -- -- -- -- -- -- -- -- cc -- -- -- c2 ea -- -- -- -- -- d7 -- -- -- -- -- -- -- -- 14 -- -- -- 7b 4a -- -- 52 b9  6 eb -- ca a6 78 -- -- f2 -- -- -- -- de ec d0 -- -- -- -- -- 16 

solutions so far:0 maxDepth:10 
iterations:49892443  skipped: 0 
Depth skipped: 
0 0 0 0 0 0 0 0 0 0 0 0 0 0 0 0 0 0 0 0 0 0 0 0 0 0 0 0 0 0 0 0 

running time: 5400 sec
 depth:8
 0  1  2  3  4  5  6  7  8  9  a  b  c  d  e  f 10 11 12 13 14 15 16 17 18 19 1a 1b 1c 1d 1e 1f 20 21 22 23 24 25 26 27 28 29 2a 2b 2c 2d 2e 2f 30 31 32 33 34 35 36 37 38 39 3a 3b 3c 3d 3e 3f 40 41 42 43 44 45 46 47 48 49 4a 4b 4c 4d 4e 4f 50 51 52 53 54 55 56 57 58 59 5a 5b 5c 5d 5e 5f 60 61 62 63 64 65 66 67 68 69 6a 6b 6c 6d 6e 6f 70 71 72 73 74 75 76 77 78 79 7a 7b 7c 7d 7e 7f 80 81 82 83 84 85 86 87 88 89 8a 8b 8c 8d 8e 8f 90 91 92 93 94 95 96 97 98 99 9a 9b 9c 9d 9e 9f a0 a1 a2 a3 a4 a5 a6 a7 a8 a9 aa ab ac ad ae af b0 b1 b2 b3 b4 b5 b6 b7 b8 b9 ba bb bc bd be bf c0 c1 c2 c3 c4 c5 c6 c7 c8 c9 ca cb cc cd ce cf d0 d1 d2 d3 d4 d5 d6 d7 d8 d9 da db dc dd de df e0 e1 e2 e3 e4 e5 e6 e7 e8 e9 ea eb ec ed ee ef f0 f1 f2 f3 f4 f5 f6 f7 f8 f9 fa fb fc fd fe ff 
 0  1  2  c  4 a0 18 68  8 2a 97 26 30 cb d0 f3 10 73 54 -- f9 -- 4c 2c 60 -- 41 -- 77 ed 31 db 20 -- e6 -- a8 52 -- a6 25  5 -- -- 98 -- 58 -- c0 -- -- 33 82 -- -- be ee ca  d cf 62 -- 61 -- 40 -- -- -- 1b -- -- -- 87 -- a4 -- -- df 9b 4f 4a --  a -- -- 83 -- 8b e7 d8 -- -- b0 -- -- -- 57 -- -- -- -- -- 66 -- d3 -- -- fa -- -- ab d5  b -- 43 -- 1a  3 49 e2 c4 79 -- 46 c2 -- -- -- 80 -- -- 75 -- -- -- -- 36 -- -- 55 -- 42 -- -- d9 -- -- -- 9f -- -- ff -- a5 69 -- e1 47 9e 28 94 -- -- -- 14 c8 -- b9 -- -- d1 -- -- 21 c1 -- 19 4b 67 ce -- 96 -- 32 b7 64 -- -- -- fb -- -- ae aa -- -- -- -- -- 6c -- -- -- -- cc 84 -- -- 71 ea -- -- -- -- 23 d7 -- -- -- -- 81 -- 7d -- 16 -- -- d2 86 9d -- -- 34 50  6 eb 92 8e 13 15 5f -- f2 -- -- -- 8c 65 53 29 -- -- -- -- -- e9 

solutions so far:0 maxDepth:10 
iterations:53892696  skipped: 0 
Depth skipped: 
0 0 0 0 0 0 0 0 0 0 0 0 0 0 0 0 0 0 0 0 0 0 0 0 0 0 0 0 0 0 0 0 

running time: 5700 sec
 depth:6
 0  1  2  3  4  5  6  7  8  9  a  b  c  d  e  f 10 11 12 13 14 15 16 17 18 19 1a 1b 1c 1d 1e 1f 20 21 22 23 24 25 26 27 28 29 2a 2b 2c 2d 2e 2f 30 31 32 33 34 35 36 37 38 39 3a 3b 3c 3d 3e 3f 40 41 42 43 44 45 46 47 48 49 4a 4b 4c 4d 4e 4f 50 51 52 53 54 55 56 57 58 59 5a 5b 5c 5d 5e 5f 60 61 62 63 64 65 66 67 68 69 6a 6b 6c 6d 6e 6f 70 71 72 73 74 75 76 77 78 79 7a 7b 7c 7d 7e 7f 80 81 82 83 84 85 86 87 88 89 8a 8b 8c 8d 8e 8f 90 91 92 93 94 95 96 97 98 99 9a 9b 9c 9d 9e 9f a0 a1 a2 a3 a4 a5 a6 a7 a8 a9 aa ab ac ad ae af b0 b1 b2 b3 b4 b5 b6 b7 b8 b9 ba bb bc bd be bf c0 c1 c2 c3 c4 c5 c6 c7 c8 c9 ca cb cc cd ce cf d0 d1 d2 d3 d4 d5 d6 d7 d8 d9 da db dc dd de df e0 e1 e2 e3 e4 e5 e6 e7 e8 e9 ea eb ec ed ee ef f0 f1 f2 f3 f4 f5 f6 f7 f8 f9 fa fb fc fd fe ff 
 0  1  2  c  4 9a 18 2b  8 ee e3 90 30 4e 56 -- 10 --  b -- 11 -- f7 8a 60 -- 9c -- ac 6a -- 9d 20 -- -- -- 16 b2 -- 34 22 bd -- -- 39 -- c3 -- c0 -- -- 33 ef -- -- -- 8f b7 d4 -- -- -- ed -- 40 -- -- -- -- -- -- -- 2c -- b3 -- -- -- 68 4f 44 -- ad -- -- 83 -- 8b 72 -- -- -- 51 -- -- -- 57 -- -- -- -- -- 66 --  9 -- -- -- -- -- -- -- c9 -- b9 -- 7f  3 -- 24 -- 79 -- --  d -- -- -- 80 -- -- 75 -- -- -- -- -- -- -- 55 -- -- -- -- 58 -- -- -- b1 -- -- c7 -- f1 -- -- d0 f8 9e cd 88 -- -- -- 8d 7c -- 93 -- -- d1 -- -- -- c1 -- e4 -- -- -- -- -- -- 1f a2 3e -- -- -- -- -- -- ae aa -- -- -- -- -- -- -- -- -- -- cc -- -- -- 12 ea -- -- -- -- -- d7 -- -- -- -- -- -- -- -- 45 -- -- -- a5 35 -- -- fe 4d  6 eb -- 27 48 77 -- -- f2 -- -- -- -- b0 1a 59 -- -- -- -- -- b5 

solutions so far:0 maxDepth:10 
iterations:57798503  skipped: 0 
Depth skipped: 
0 0 0 0 0 0 0 0 0 0 0 0 0 0 0 0 0 0 0 0 0 0 0 0 0 0 0 0 0 0 0 0 

running time: 6000 sec
 depth:7
 0  1  2  3  4  5  6  7  8  9  a  b  c  d  e  f 10 11 12 13 14 15 16 17 18 19 1a 1b 1c 1d 1e 1f 20 21 22 23 24 25 26 27 28 29 2a 2b 2c 2d 2e 2f 30 31 32 33 34 35 36 37 38 39 3a 3b 3c 3d 3e 3f 40 41 42 43 44 45 46 47 48 49 4a 4b 4c 4d 4e 4f 50 51 52 53 54 55 56 57 58 59 5a 5b 5c 5d 5e 5f 60 61 62 63 64 65 66 67 68 69 6a 6b 6c 6d 6e 6f 70 71 72 73 74 75 76 77 78 79 7a 7b 7c 7d 7e 7f 80 81 82 83 84 85 86 87 88 89 8a 8b 8c 8d 8e 8f 90 91 92 93 94 95 96 97 98 99 9a 9b 9c 9d 9e 9f a0 a1 a2 a3 a4 a5 a6 a7 a8 a9 aa ab ac ad ae af b0 b1 b2 b3 b4 b5 b6 b7 b8 b9 ba bb bc bd be bf c0 c1 c2 c3 c4 c5 c6 c7 c8 c9 ca cb cc cd ce cf d0 d1 d2 d3 d4 d5 d6 d7 d8 d9 da db dc dd de df e0 e1 e2 e3 e4 e5 e6 e7 e8 e9 ea eb ec ed ee ef f0 f1 f2 f3 f4 f5 f6 f7 f8 f9 fa fb fc fd fe ff 
 0  1  2  c  4 92 18 7b  8 9a f3 f1 30 c9 f6 12 10 -- e3 -- 31 -- 35 1e 60 -- 45 -- 3b 6f 24 b3 20 -- -- -- 11 81 -- ad 62 23 -- -- 6a -- 3c -- c0 -- -- 33 8a -- -- 39 76 c7 de 9c 48 -- b1 -- 40 -- -- -- -- -- -- -- 22 -- d5 -- -- -- 8d 4f c4 -- 46 -- -- 83 -- 8b d4 -- -- -- 78 -- -- -- 57 -- -- -- -- -- 66 -- c3 -- -- 7c -- -- 72 1f ec -- 59 -- 6b  3 ef a2 90 79 -- 27 b5 -- -- -- 80 -- -- 75 -- -- -- -- -- -- -- 55 -- -- -- -- 44 -- -- -- 7d -- -- be -- 6e -- -- cd ac 9e cf 5f -- -- -- 8c 56 -- 37 -- -- d1 -- -- -- c1 -- 7f -- -- -- -- -- -- fe f0 2b -- -- -- -- -- -- ae aa -- -- -- -- -- -- -- -- -- -- cc -- -- -- 51 ea -- -- -- -- f8 d7 -- -- -- -- e4 -- 3e --  f -- -- -- b2 dc -- -- d6 49  6 eb  9 8f 93 4d f7 -- f2 -- -- -- 4e 88 bd ab -- -- -- -- -- fa 

solutions so far:0 maxDepth:10 
iterations:62316823  skipped: 0 
Depth skipped: 
0 0 0 0 0 0 0 0 0 0 0 0 0 0 0 0 0 0 0 0 0 0 0 0 0 0 0 0 0 0 0 0 

running time: 6300 sec
 depth:6
 0  1  2  3  4  5  6  7  8  9  a  b  c  d  e  f 10 11 12 13 14 15 16 17 18 19 1a 1b 1c 1d 1e 1f 20 21 22 23 24 25 26 27 28 29 2a 2b 2c 2d 2e 2f 30 31 32 33 34 35 36 37 38 39 3a 3b 3c 3d 3e 3f 40 41 42 43 44 45 46 47 48 49 4a 4b 4c 4d 4e 4f 50 51 52 53 54 55 56 57 58 59 5a 5b 5c 5d 5e 5f 60 61 62 63 64 65 66 67 68 69 6a 6b 6c 6d 6e 6f 70 71 72 73 74 75 76 77 78 79 7a 7b 7c 7d 7e 7f 80 81 82 83 84 85 86 87 88 89 8a 8b 8c 8d 8e 8f 90 91 92 93 94 95 96 97 98 99 9a 9b 9c 9d 9e 9f a0 a1 a2 a3 a4 a5 a6 a7 a8 a9 aa ab ac ad ae af b0 b1 b2 b3 b4 b5 b6 b7 b8 b9 ba bb bc bd be bf c0 c1 c2 c3 c4 c5 c6 c7 c8 c9 ca cb cc cd ce cf d0 d1 d2 d3 d4 d5 d6 d7 d8 d9 da db dc dd de df e0 e1 e2 e3 e4 e5 e6 e7 e8 e9 ea eb ec ed ee ef f0 f1 f2 f3 f4 f5 f6 f7 f8 f9 fa fb fc fd fe ff 
 0  1  2  c  4 8a 18 be  8 9b c3 ff 30 50 ab -- 10 -- e1 -- 51 -- 29 23 60 -- a0 -- 81 31 -- ca 20 -- -- -- 15 d4 -- 61 a2 56 -- -- 52 -- 46 -- c0 -- -- 33 97 -- -- -- d5 87 62 -- -- -- 43 -- 40 -- -- -- -- -- -- -- 2a -- 7f -- -- -- c2 4f 93 -- ac -- -- 83 -- 8b a4 -- -- -- 8c -- -- -- 57 -- -- -- -- -- 66 -- f9 -- -- -- -- -- -- -- 7d -- d9 -- c4  3 -- 4a -- 79 -- -- 86 -- -- -- 80 -- -- 75 -- -- -- -- -- -- -- 55 -- -- -- -- 54 -- -- -- fe -- -- 35 -- 92 -- -- 53 14 9e c9 f1 -- -- -- 8f  a -- 49 -- -- d1 -- -- -- c1 -- 9f -- -- -- -- -- -- e9 cf  5 -- -- -- -- -- -- ae aa -- -- -- -- -- -- -- -- -- -- cc -- -- -- 25 ea -- -- -- -- -- d7 -- -- -- -- -- -- -- -- fa -- -- -- 65 f3 -- -- 5f 45  6 eb -- 28 94 a6 -- -- f2 -- -- -- -- a8 db 6a -- -- -- -- -- 2b 

solutions so far:0 maxDepth:10 
iterations:66303049  skipped: 0 
Depth skipped: 
0 0 0 0 0 0 0 0 0 0 0 0 0 0 0 0 0 0 0 0 0 0 0 0 0 0 0 0 0 0 0 0 

running time: 6600 sec
 depth:7
 0  1  2  3  4  5  6  7  8  9  a  b  c  d  e  f 10 11 12 13 14 15 16 17 18 19 1a 1b 1c 1d 1e 1f 20 21 22 23 24 25 26 27 28 29 2a 2b 2c 2d 2e 2f 30 31 32 33 34 35 36 37 38 39 3a 3b 3c 3d 3e 3f 40 41 42 43 44 45 46 47 48 49 4a 4b 4c 4d 4e 4f 50 51 52 53 54 55 56 57 58 59 5a 5b 5c 5d 5e 5f 60 61 62 63 64 65 66 67 68 69 6a 6b 6c 6d 6e 6f 70 71 72 73 74 75 76 77 78 79 7a 7b 7c 7d 7e 7f 80 81 82 83 84 85 86 87 88 89 8a 8b 8c 8d 8e 8f 90 91 92 93 94 95 96 97 98 99 9a 9b 9c 9d 9e 9f a0 a1 a2 a3 a4 a5 a6 a7 a8 a9 aa ab ac ad ae af b0 b1 b2 b3 b4 b5 b6 b7 b8 b9 ba bb bc bd be bf c0 c1 c2 c3 c4 c5 c6 c7 c8 c9 ca cb cc cd ce cf d0 d1 d2 d3 d4 d5 d6 d7 d8 d9 da db dc dd de df e0 e1 e2 e3 e4 e5 e6 e7 e8 e9 ea eb ec ed ee ef f0 f1 f2 f3 f4 f5 f6 f7 f8 f9 fa fb fc fd fe ff 
 0  1  2  c  4 84 18 e2  8  f df e9 30 4a 13 bb 10 -- 1e -- 69 --  5 19 60 -- 94 -- 26 41 a1 de 20 -- -- -- 3c 6c -- f6 d2 4b -- --  a -- 32 -- c0 -- -- 33 ff -- -- 5a 4c 6e 82 c6 95 -- 6b -- 40 -- -- -- -- -- -- -- 78 -- d8 -- -- -- 3b 4f 73 -- 96 -- -- 83 -- 8b 14 -- -- -- 64 -- -- -- 57 -- -- -- -- -- 66 -- 29 -- -- dd -- -- b4 a9 98 -- dc -- d3  3 5b a4 fd 79 -- da d6 -- -- -- 80 -- -- 75 -- -- -- -- -- -- -- 55 -- -- -- -- f0 -- -- -- 67 -- -- 1b -- 8e -- -- 76 f9 9e 21 e6 -- -- -- fb 97 -- 47 -- -- d1 -- -- -- c1 -- 28 -- -- -- -- -- -- 50 c8 a0 -- -- -- -- -- -- ae aa -- -- -- -- -- -- -- -- -- -- cc -- -- -- 52 ea -- -- -- -- 6d d7 -- -- -- -- bf -- 85 -- e7 -- -- -- 6f cb -- -- 71 42  6 eb b6 25 9f ec 2d -- f2 -- -- -- 63 37 7b 36 -- -- -- -- -- ce 

solutions so far:0 maxDepth:10 
iterations:70483432  skipped: 0 
Depth skipped: 
0 0 0 0 0 0 0 0 0 0 0 0 0 0 0 0 0 0 0 0 0 0 0 0 0 0 0 0 0 0 0 0 

running time: 6900 sec
 depth:8
 0  1  2  3  4  5  6  7  8  9  a  b  c  d  e  f 10 11 12 13 14 15 16 17 18 19 1a 1b 1c 1d 1e 1f 20 21 22 23 24 25 26 27 28 29 2a 2b 2c 2d 2e 2f 30 31 32 33 34 35 36 37 38 39 3a 3b 3c 3d 3e 3f 40 41 42 43 44 45 46 47 48 49 4a 4b 4c 4d 4e 4f 50 51 52 53 54 55 56 57 58 59 5a 5b 5c 5d 5e 5f 60 61 62 63 64 65 66 67 68 69 6a 6b 6c 6d 6e 6f 70 71 72 73 74 75 76 77 78 79 7a 7b 7c 7d 7e 7f 80 81 82 83 84 85 86 87 88 89 8a 8b 8c 8d 8e 8f 90 91 92 93 94 95 96 97 98 99 9a 9b 9c 9d 9e 9f a0 a1 a2 a3 a4 a5 a6 a7 a8 a9 aa ab ac ad ae af b0 b1 b2 b3 b4 b5 b6 b7 b8 b9 ba bb bc bd be bf c0 c1 c2 c3 c4 c5 c6 c7 c8 c9 ca cb cc cd ce cf d0 d1 d2 d3 d4 d5 d6 d7 d8 d9 da db dc dd de df e0 e1 e2 e3 e4 e5 e6 e7 e8 e9 ea eb ec ed ee ef f0 f1 f2 f3 f4 f5 f6 f7 f8 f9 fa fb fc fd fe ff 
 0  1  2  c  4 7d 18 4e  8 1a fa f5 30 af 9c 53 10 6b 34 -- 23 -- 3d 48 60 -- 89 -- ef 3e a6 58 20 -- d6 -- 68 f3 -- a5 46 5f -- -- 7a -- 90 -- c0 -- -- 33 c5 -- -- 2a  9  b 7c db 9b -- b0 -- 40 -- -- -- 7b -- -- -- d0 -- 31 -- -- dc 9d 4f 8c -- be -- -- 83 -- 8b f4 76 -- -- f7 -- -- -- 57 -- -- -- -- -- 66 -- 5d -- -- 65 -- -- 54 87 12 -- 16 -- f8  3 61 a3 e1 79 -- 43 b7 -- -- -- 80 -- -- 75 -- -- -- -- f6 -- -- 55 -- 37 -- -- 77 -- -- -- 62 -- -- 49 -- e4 6f -- ed 5e 9e 81 cf -- -- -- ab 2f -- 72 -- -- d1 -- -- f0 c1 -- 3f 1e ec  f -- 3c -- 7e 39 fc -- -- -- 78 -- -- ae aa -- -- -- -- -- 3b -- -- -- -- cc 6e -- -- ba ea -- -- -- -- ca d7 -- -- -- -- a8 -- d9 -- 24 -- -- de 2c 1f -- -- 27 d5  6 eb c2 bc 91  d 15 -- f2 -- -- -- 86 ee b9 92 -- -- -- -- -- c4 

solutions so far:0 maxDepth:10 
iterations:74542285  skipped: 0 
Depth skipped: 
0 0 0 0 0 0 0 0 0 0 0 0 0 0 0 0 0 0 0 0 0 0 0 0 0 0 0 0 0 0 0 0 

running time: 7200 sec
 depth:7
 0  1  2  3  4  5  6  7  8  9  a  b  c  d  e  f 10 11 12 13 14 15 16 17 18 19 1a 1b 1c 1d 1e 1f 20 21 22 23 24 25 26 27 28 29 2a 2b 2c 2d 2e 2f 30 31 32 33 34 35 36 37 38 39 3a 3b 3c 3d 3e 3f 40 41 42 43 44 45 46 47 48 49 4a 4b 4c 4d 4e 4f 50 51 52 53 54 55 56 57 58 59 5a 5b 5c 5d 5e 5f 60 61 62 63 64 65 66 67 68 69 6a 6b 6c 6d 6e 6f 70 71 72 73 74 75 76 77 78 79 7a 7b 7c 7d 7e 7f 80 81 82 83 84 85 86 87 88 89 8a 8b 8c 8d 8e 8f 90 91 92 93 94 95 96 97 98 99 9a 9b 9c 9d 9e 9f a0 a1 a2 a3 a4 a5 a6 a7 a8 a9 aa ab ac ad ae af b0 b1 b2 b3 b4 b5 b6 b7 b8 b9 ba bb bc bd be bf c0 c1 c2 c3 c4 c5 c6 c7 c8 c9 ca cb cc cd ce cf d0 d1 d2 d3 d4 d5 d6 d7 d8 d9 da db dc dd de df e0 e1 e2 e3 e4 e5 e6 e7 e8 e9 ea eb ec ed ee ef f0 f1 f2 f3 f4 f5 f6 f7 f8 f9 fa fb fc fd fe ff 
 0  1  2  c  4 73 18 56  8 7e e6 cf 30 81 ac b0 10 -- fc -- 1b -- 49 c3 60 -- d5 -- 8f d4 b7 ba 20 -- -- -- 2f 4b -- 3d 36 42 -- -- 92 -- 51 -- c0 -- -- 33 7d -- -- ed c9 89 7f 16 b9 -- a3 -- 40 -- -- -- -- -- -- -- 5e -- 96 -- -- -- 7a 4f 6c -- 84 -- -- 83 -- 8b f3 -- -- -- a2 -- -- -- 57 -- -- -- -- -- 66 -- fa -- -- d0 -- --  d 34 45 -- c5 -- fe  3 2c 46 a5 79 -- ee 91 -- -- -- 80 -- -- 75 -- -- -- -- -- -- -- 55 -- -- -- -- bc -- -- -- fb -- -- 67 -- 35 -- -- f4 be 9e 69 d8 -- -- -- df 5f -- f1 -- -- d1 -- -- -- c1 -- 31 -- -- -- -- -- -- 62 93 c4 -- -- -- -- -- -- ae aa -- -- -- -- -- -- -- -- -- -- cc -- -- -- 23 ea -- -- -- -- 77 d7 -- -- -- -- 1a -- 68 -- 8a -- -- -- 5d 6a -- -- 2b d2  6 eb 58 ab 8c 3f 9d -- f2 -- -- --  b af f5 ce -- -- -- -- -- 21 

solutions so far:0 maxDepth:10 
iterations:78883709  skipped: 2 
Depth skipped: 
0 0 2 0 0 0 0 0 0 0 0 0 0 0 0 0 0 0 0 0 0 0 0 0 0 0 0 0 0 0 0 0 

running time: 7500 sec
 depth:7
 0  1  2  3  4  5  6  7  8  9  a  b  c  d  e  f 10 11 12 13 14 15 16 17 18 19 1a 1b 1c 1d 1e 1f 20 21 22 23 24 25 26 27 28 29 2a 2b 2c 2d 2e 2f 30 31 32 33 34 35 36 37 38 39 3a 3b 3c 3d 3e 3f 40 41 42 43 44 45 46 47 48 49 4a 4b 4c 4d 4e 4f 50 51 52 53 54 55 56 57 58 59 5a 5b 5c 5d 5e 5f 60 61 62 63 64 65 66 67 68 69 6a 6b 6c 6d 6e 6f 70 71 72 73 74 75 76 77 78 79 7a 7b 7c 7d 7e 7f 80 81 82 83 84 85 86 87 88 89 8a 8b 8c 8d 8e 8f 90 91 92 93 94 95 96 97 98 99 9a 9b 9c 9d 9e 9f a0 a1 a2 a3 a4 a5 a6 a7 a8 a9 aa ab ac ad ae af b0 b1 b2 b3 b4 b5 b6 b7 b8 b9 ba bb bc bd be bf c0 c1 c2 c3 c4 c5 c6 c7 c8 c9 ca cb cc cd ce cf d0 d1 d2 d3 d4 d5 d6 d7 d8 d9 da db dc dd de df e0 e1 e2 e3 e4 e5 e6 e7 e8 e9 ea eb ec ed ee ef f0 f1 f2 f3 f4 f5 f6 f7 f8 f9 fa fb fc fd fe ff 
 0  1  2  c  4 6b 18 23  8 8f d6 5b 30 a9 46 58 10 -- c9 -- 7b -- b6 f3 60 -- 85 -- 8c 81 b0 35 20 -- -- -- 45 1e -- fe f6 37 -- -- bb -- 31 -- c0 -- -- 33 dd -- -- 9d cf a2 d5  b b7 -- 6a -- 40 -- -- -- -- -- -- -- 8a -- 3c -- -- -- 2b 4f 3b -- 6e -- -- 83 -- 8b a1 -- -- -- 62 -- -- -- 57 -- -- -- -- -- 66 -- 6d -- -- 68 -- -- ed 1a 49 -- 93 -- 7d  3 16 63 b9 79 -- 77 d4 -- -- -- 80 -- -- 75 -- -- -- -- -- -- -- 55 -- -- -- -- c3 -- -- -- 78 -- -- ec -- be -- -- 56 b4 9e 6f 76 -- -- -- dc 5a -- 5f -- -- d1 -- -- -- c1 -- 95 -- -- -- -- -- -- fd c4 2d -- -- -- -- -- -- ae aa -- -- -- -- -- -- -- -- -- -- cc -- -- -- da ea -- -- -- -- d0 d7 -- -- -- --  d -- 34 -- 92 -- -- -- f1 ab -- -- fa de  6 eb 2c bf c6 ac a5 -- f2 -- -- -- ee 51 7f  f -- -- -- -- -- f0 

solutions so far:0 maxDepth:10 
iterations:83350382  skipped: 3 
Depth skipped: 
0 0 3 0 0 0 0 0 0 0 0 0 0 0 0 0 0 0 0 0 0 0 0 0 0 0 0 0 0 0 0 0 

running time: 7800 sec
 depth:7
 0  1  2  3  4  5  6  7  8  9  a  b  c  d  e  f 10 11 12 13 14 15 16 17 18 19 1a 1b 1c 1d 1e 1f 20 21 22 23 24 25 26 27 28 29 2a 2b 2c 2d 2e 2f 30 31 32 33 34 35 36 37 38 39 3a 3b 3c 3d 3e 3f 40 41 42 43 44 45 46 47 48 49 4a 4b 4c 4d 4e 4f 50 51 52 53 54 55 56 57 58 59 5a 5b 5c 5d 5e 5f 60 61 62 63 64 65 66 67 68 69 6a 6b 6c 6d 6e 6f 70 71 72 73 74 75 76 77 78 79 7a 7b 7c 7d 7e 7f 80 81 82 83 84 85 86 87 88 89 8a 8b 8c 8d 8e 8f 90 91 92 93 94 95 96 97 98 99 9a 9b 9c 9d 9e 9f a0 a1 a2 a3 a4 a5 a6 a7 a8 a9 aa ab ac ad ae af b0 b1 b2 b3 b4 b5 b6 b7 b8 b9 ba bb bc bd be bf c0 c1 c2 c3 c4 c5 c6 c7 c8 c9 ca cb cc cd ce cf d0 d1 d2 d3 d4 d5 d6 d7 d8 d9 da db dc dd de df e0 e1 e2 e3 e4 e5 e6 e7 e8 e9 ea eb ec ed ee ef f0 f1 f2 f3 f4 f5 f6 f7 f8 f9 fa fb fc fd fe ff 
 0  1  2  c  4 62 18  b  8 98 c4 6d 30 2d 16 37 10 -- e7 -- 5f -- da b9 60 -- 5a -- 2c 68 6e 41 20 -- -- -- 19 fa -- e2 be cf -- -- 63 -- a5 -- c0 -- -- 33 b4 -- -- 6b 58 47 d0 3c dc -- 82 -- 40 -- -- -- -- -- -- -- 32 -- 23 -- -- -- 13 4f ab -- 49 -- -- 83 -- 8b c6 -- -- -- 9d -- -- -- 57 -- -- -- -- -- 66 -- bf -- -- 76 -- -- d6 f6 b0 -- 8e -- 77  3 78 85 6f 79 --  f d3 -- -- -- 80 -- -- 75 -- -- -- -- -- -- -- 55 -- -- -- -- 64 -- -- -- 46 -- -- d5 -- 1a -- -- 26 95 9e f3 81 -- -- -- 92 a1 --  d -- -- d1 -- -- -- c1 -- 5b -- -- -- -- -- -- b6 ed bb -- -- -- -- -- -- ae aa -- -- -- -- -- -- -- -- -- -- cc -- -- -- a9 ea -- -- -- -- ec d7 -- -- -- -- 7b -- 3b -- b7 -- -- -- cb 34 -- -- ee 31  6 eb f0 fd dd 4c de -- f2 -- -- -- 1e c8 71 7d -- -- -- -- -- 8c 

solutions so far:0 maxDepth:10 
iterations:88277050  skipped: 3 
Depth skipped: 
0 0 3 0 0 0 0 0 0 0 0 0 0 0 0 0 0 0 0 0 0 0 0 0 0 0 0 0 0 0 0 0 

running time: 8100 sec
 depth:7
 0  1  2  3  4  5  6  7  8  9  a  b  c  d  e  f 10 11 12 13 14 15 16 17 18 19 1a 1b 1c 1d 1e 1f 20 21 22 23 24 25 26 27 28 29 2a 2b 2c 2d 2e 2f 30 31 32 33 34 35 36 37 38 39 3a 3b 3c 3d 3e 3f 40 41 42 43 44 45 46 47 48 49 4a 4b 4c 4d 4e 4f 50 51 52 53 54 55 56 57 58 59 5a 5b 5c 5d 5e 5f 60 61 62 63 64 65 66 67 68 69 6a 6b 6c 6d 6e 6f 70 71 72 73 74 75 76 77 78 79 7a 7b 7c 7d 7e 7f 80 81 82 83 84 85 86 87 88 89 8a 8b 8c 8d 8e 8f 90 91 92 93 94 95 96 97 98 99 9a 9b 9c 9d 9e 9f a0 a1 a2 a3 a4 a5 a6 a7 a8 a9 aa ab ac ad ae af b0 b1 b2 b3 b4 b5 b6 b7 b8 b9 ba bb bc bd be bf c0 c1 c2 c3 c4 c5 c6 c7 c8 c9 ca cb cc cd ce cf d0 d1 d2 d3 d4 d5 d6 d7 d8 d9 da db dc dd de df e0 e1 e2 e3 e4 e5 e6 e7 e8 e9 ea eb ec ed ee ef f0 f1 f2 f3 f4 f5 f6 f7 f8 f9 fa fb fc fd fe ff 
 0  1  2  c  4 58 18 8c  8 42 b0 72 30  9 cf 99 10 -- 84 -- b7 -- e4 62 60 -- 12 -- 49 7d e5 6c 20 -- -- -- df 1a -- 4b b9 77 -- -- 1f -- c4 -- c0 -- -- 33 24 -- -- e8 92 e6 fa 5c 1d -- d8 -- 40 -- -- -- -- -- -- -- 69 -- 34 -- -- -- 96 4f a5 -- ee -- -- 83 -- 8b 3e -- -- -- 5f -- -- -- 57 -- -- -- -- -- 66 -- 48 -- -- 70 -- --  7 1c f3 -- 1b -- 23  3 b8 f7 3a 79 -- 17 67 -- -- -- 80 -- -- 75 -- -- -- -- -- -- -- 55 -- -- -- -- d2 -- -- -- 68 -- -- ed -- 81 -- -- fb 9c 9e 16 9d -- -- --  b 4e -- ab -- -- d1 -- -- -- c1 -- 7c -- -- -- -- -- -- f8 be 27 -- -- -- -- -- -- ae aa -- -- -- -- -- -- -- -- -- -- cc -- -- -- 90 ea -- -- -- -- e0 d7 -- -- -- --  e -- 38 -- 31 -- -- -- 36 d5 -- -- 46 2c  6 eb a7 ef 39 21 74 -- f2 -- -- -- 2e 73 ce  d -- -- -- -- -- d0 

solutions so far:0 maxDepth:10 
iterations:93527547  skipped: 3 
Depth skipped: 
0 0 3 0 0 0 0 0 0 0 0 0 0 0 0 0 0 0 0 0 0 0 0 0 0 0 0 0 0 0 0 0 

running time: 8400 sec
 depth:7
 0  1  2  3  4  5  6  7  8  9  a  b  c  d  e  f 10 11 12 13 14 15 16 17 18 19 1a 1b 1c 1d 1e 1f 20 21 22 23 24 25 26 27 28 29 2a 2b 2c 2d 2e 2f 30 31 32 33 34 35 36 37 38 39 3a 3b 3c 3d 3e 3f 40 41 42 43 44 45 46 47 48 49 4a 4b 4c 4d 4e 4f 50 51 52 53 54 55 56 57 58 59 5a 5b 5c 5d 5e 5f 60 61 62 63 64 65 66 67 68 69 6a 6b 6c 6d 6e 6f 70 71 72 73 74 75 76 77 78 79 7a 7b 7c 7d 7e 7f 80 81 82 83 84 85 86 87 88 89 8a 8b 8c 8d 8e 8f 90 91 92 93 94 95 96 97 98 99 9a 9b 9c 9d 9e 9f a0 a1 a2 a3 a4 a5 a6 a7 a8 a9 aa ab ac ad ae af b0 b1 b2 b3 b4 b5 b6 b7 b8 b9 ba bb bc bd be bf c0 c1 c2 c3 c4 c5 c6 c7 c8 c9 ca cb cc cd ce cf d0 d1 d2 d3 d4 d5 d6 d7 d8 d9 da db dc dd de df e0 e1 e2 e3 e4 e5 e6 e7 e8 e9 ea eb ec ed ee ef f0 f1 f2 f3 f4 f5 f6 f7 f8 f9 fa fb fc fd fe ff 
 0  1  2  c  4 4c 18 c2  8 99 98 5e 30 3d 53 6c 10 -- e5 -- e7 -- bc 2a 60 -- 7a -- a6 43 d8 38 20 -- -- -- 1d 8e -- 2e 19 d3 -- -- af -- 54 -- c0 -- -- 33 f4 -- -- 96 9b  7 86 e6 67 -- 70 -- 40 -- -- -- -- -- -- -- 3a -- cb -- -- -- 5c 4f 32 -- 71 -- -- 83 -- 8b 89 -- -- -- a8 -- -- -- 57 -- -- -- -- -- 66 -- 3f -- -- df -- -- fb 42 e1 --  e -- db  3 1b fc ce 79 -- d2 e0 -- -- -- 80 -- -- 75 -- -- -- -- -- -- -- 55 -- -- -- -- 74 -- -- -- 41 -- -- c8 -- 65 -- -- b8 91 9e 13 64 -- -- -- e2 a3 -- d9 -- -- d1 -- -- -- c1 -- c5 -- -- -- -- -- -- 5d 87 ba -- -- -- -- -- -- ae aa -- -- -- -- -- -- -- -- -- -- cc -- -- -- 7e ea -- -- -- -- 69 d7 -- -- -- -- 21 -- 84 -- 15 -- -- -- 1c ca -- -- 61 26  6 eb 36 f5 2f a7 4b -- f2 -- -- -- 73 e8 17 47 -- -- -- -- -- 82 

solutions so far:0 maxDepth:10 
iterations:99006576  skipped: 3 
Depth skipped: 
0 0 3 0 0 0 0 0 0 0 0 0 0 0 0 0 0 0 0 0 0 0 0 0 0 0 0 0 0 0 0 0 

running time: 8700 sec
 depth:6
 0  1  2  3  4  5  6  7  8  9  a  b  c  d  e  f 10 11 12 13 14 15 16 17 18 19 1a 1b 1c 1d 1e 1f 20 21 22 23 24 25 26 27 28 29 2a 2b 2c 2d 2e 2f 30 31 32 33 34 35 36 37 38 39 3a 3b 3c 3d 3e 3f 40 41 42 43 44 45 46 47 48 49 4a 4b 4c 4d 4e 4f 50 51 52 53 54 55 56 57 58 59 5a 5b 5c 5d 5e 5f 60 61 62 63 64 65 66 67 68 69 6a 6b 6c 6d 6e 6f 70 71 72 73 74 75 76 77 78 79 7a 7b 7c 7d 7e 7f 80 81 82 83 84 85 86 87 88 89 8a 8b 8c 8d 8e 8f 90 91 92 93 94 95 96 97 98 99 9a 9b 9c 9d 9e 9f a0 a1 a2 a3 a4 a5 a6 a7 a8 a9 aa ab ac ad ae af b0 b1 b2 b3 b4 b5 b6 b7 b8 b9 ba bb bc bd be bf c0 c1 c2 c3 c4 c5 c6 c7 c8 c9 ca cb cc cd ce cf d0 d1 d2 d3 d4 d5 d6 d7 d8 d9 da db dc dd de df e0 e1 e2 e3 e4 e5 e6 e7 e8 e9 ea eb ec ed ee ef f0 f1 f2 f3 f4 f5 f6 f7 f8 f9 fa fb fc fd fe ff 
 0  1  2  c  4 42 18 c9  8 9b 84 95 30 da 45 -- 10 -- e1 -- df -- fd 93 60 -- 63 -- 8a 2b -- ca 20 -- -- -- 15 36 -- 61 69 ce -- -- 2d -- f1 -- c0 -- -- 33 c6 -- -- -- c3 87 56 -- -- -- 43 -- 40 -- -- -- -- -- -- -- 2a -- 6c -- -- -- c2 4f d2 -- 4b -- -- 83 -- 8b 5a -- -- -- 35 -- -- -- 57 -- -- -- -- -- 66 -- 5b -- -- -- -- -- -- -- 51 -- d9 -- ac  3 -- bb -- 79 -- -- 86 -- -- -- 80 -- -- 75 -- -- -- -- -- -- -- 55 -- -- -- -- 54 -- -- -- d8 -- -- e6 -- 7f -- -- 53 dd 9e fb 73 -- -- -- 96 85 -- d4 -- -- d1 -- -- -- c1 -- b4 -- -- -- -- -- -- bf 6a a9 -- -- -- -- -- -- ae aa -- -- -- -- -- -- -- -- -- -- cc -- -- -- b6 ea -- -- -- -- -- d7 -- -- -- -- -- -- -- -- a2 -- -- -- 65 fe -- -- 8f 21  6 eb -- 6d a1 a6 -- -- f2 -- -- -- -- a8 db 1b -- -- -- -- -- 67 

solutions so far:0 maxDepth:10 
iterations:104575892  skipped: 3 
Depth skipped: 
0 0 3 0 0 0 0 0 0 0 0 0 0 0 0 0 0 0 0 0 0 0 0 0 0 0 0 0 0 0 0 0 

running time: 9000 sec
 depth:6
 0  1  2  3  4  5  6  7  8  9  a  b  c  d  e  f 10 11 12 13 14 15 16 17 18 19 1a 1b 1c 1d 1e 1f 20 21 22 23 24 25 26 27 28 29 2a 2b 2c 2d 2e 2f 30 31 32 33 34 35 36 37 38 39 3a 3b 3c 3d 3e 3f 40 41 42 43 44 45 46 47 48 49 4a 4b 4c 4d 4e 4f 50 51 52 53 54 55 56 57 58 59 5a 5b 5c 5d 5e 5f 60 61 62 63 64 65 66 67 68 69 6a 6b 6c 6d 6e 6f 70 71 72 73 74 75 76 77 78 79 7a 7b 7c 7d 7e 7f 80 81 82 83 84 85 86 87 88 89 8a 8b 8c 8d 8e 8f 90 91 92 93 94 95 96 97 98 99 9a 9b 9c 9d 9e 9f a0 a1 a2 a3 a4 a5 a6 a7 a8 a9 aa ab ac ad ae af b0 b1 b2 b3 b4 b5 b6 b7 b8 b9 ba bb bc bd be bf c0 c1 c2 c3 c4 c5 c6 c7 c8 c9 ca cb cc cd ce cf d0 d1 d2 d3 d4 d5 d6 d7 d8 d9 da db dc dd de df e0 e1 e2 e3 e4 e5 e6 e7 e8 e9 ea eb ec ed ee ef f0 f1 f2 f3 f4 f5 f6 f7 f8 f9 fa fb fc fd fe ff 
 0  1  2  c  4 35 18 5c  8 dd 6a 91 30 bc b8 -- 10 -- 6d -- d4 -- f5 3a 60 -- af -- a7 70 -- 95 20 -- -- -- da 8f -- b4 7f c3 -- -- 3d -- 74 -- c0 -- -- 33 89 -- -- -- 99 b6 e0 -- -- -- fd -- 40 -- -- -- -- -- -- -- 63 -- c9 -- -- -- bf 4f fe -- 51 -- -- 83 -- 8b 7a -- -- -- e8 -- -- -- 57 -- -- -- -- -- 66 -- c5 -- -- -- -- -- -- -- e5 -- bb -- 17  3 -- ba -- 79 -- -- 2d -- -- -- 80 -- -- 75 -- -- -- -- -- -- -- 55 -- -- -- -- c6 -- -- -- 45 -- -- 56 -- 1c -- -- a9 2f 9e 93 2b -- -- -- a2 fc --  e -- -- d1 -- -- -- c1 -- f4 -- -- -- -- -- -- 3f  7 7e -- -- -- -- -- -- ae aa -- -- -- -- -- -- -- -- -- -- cc -- -- -- 5d ea -- -- -- -- -- d7 -- -- -- -- -- -- -- -- 1d -- -- -- a1 38 -- -- 2e f1  6 eb -- 5e a3 85 -- -- f2 -- -- -- -- 5b 5a ac -- -- -- -- -- 8a 

solutions so far:0 maxDepth:10 
iterations:110318948  skipped: 4 
Depth skipped: 
0 0 4 0 0 0 0 0 0 0 0 0 0 0 0 0 0 0 0 0 0 0 0 0 0 0 0 0 0 0 0 0 

running time: 9300 sec
 depth:5
 0  1  2  3  4  5  6  7  8  9  a  b  c  d  e  f 10 11 12 13 14 15 16 17 18 19 1a 1b 1c 1d 1e 1f 20 21 22 23 24 25 26 27 28 29 2a 2b 2c 2d 2e 2f 30 31 32 33 34 35 36 37 38 39 3a 3b 3c 3d 3e 3f 40 41 42 43 44 45 46 47 48 49 4a 4b 4c 4d 4e 4f 50 51 52 53 54 55 56 57 58 59 5a 5b 5c 5d 5e 5f 60 61 62 63 64 65 66 67 68 69 6a 6b 6c 6d 6e 6f 70 71 72 73 74 75 76 77 78 79 7a 7b 7c 7d 7e 7f 80 81 82 83 84 85 86 87 88 89 8a 8b 8c 8d 8e 8f 90 91 92 93 94 95 96 97 98 99 9a 9b 9c 9d 9e 9f a0 a1 a2 a3 a4 a5 a6 a7 a8 a9 aa ab ac ad ae af b0 b1 b2 b3 b4 b5 b6 b7 b8 b9 ba bb bc bd be bf c0 c1 c2 c3 c4 c5 c6 c7 c8 c9 ca cb cc cd ce cf d0 d1 d2 d3 d4 d5 d6 d7 d8 d9 da db dc dd de df e0 e1 e2 e3 e4 e5 e6 e7 e8 e9 ea eb ec ed ee ef f0 f1 f2 f3 f4 f5 f6 f7 f8 f9 fa fb fc fd fe ff 
 0  1  2  c  4 2a 18 77  8 29 54 -- 30 -- ee -- 10 -- 52 -- a8 -- -- b0 60 -- -- --  b 1a -- 50 20 -- -- -- a4 86 -- 25 87 53 -- -- -- -- b7 -- c0 -- -- 33 -- -- -- -- 16  a 34 -- -- -- a0 -- 40 -- -- -- -- -- -- -- 9f -- db -- -- -- 4a 4f d9 -- a6 -- -- 83 -- 8b -- -- -- -- b9 -- -- -- 57 -- -- -- -- -- 66 -- -- -- -- -- -- -- -- -- 2c -- 14 -- 68  3 -- -- -- 79 -- -- 97 -- -- -- 80 -- -- 75 -- -- -- -- -- -- -- 55 -- -- -- -- e9 -- -- -- 61 -- -- ca -- ed -- -- 94 -- 9e e1 65 -- -- -- 9b -- -- 9d -- -- d1 -- -- -- c1 -- -- -- -- -- -- -- -- -- a5 -- -- -- -- -- -- -- ae aa -- -- -- -- -- -- -- -- -- -- cc -- -- -- -- ea -- -- -- -- -- d7 -- -- -- -- -- -- -- -- 58 -- -- -- 28  d -- -- d0 15  6 eb -- -- -- ff -- -- f2 -- -- -- --  5 f9 43 -- -- -- -- -- c2 

solutions so far:0 maxDepth:10 
iterations:116111335  skipped: 4 
Depth skipped: 
0 0 4 0 0 0 0 0 0 0 0 0 0 0 0 0 0 0 0 0 0 0 0 0 0 0 0 0 0 0 0 0 

running time: 9600 sec
 depth:8
 0  1  2  3  4  5  6  7  8  9  a  b  c  d  e  f 10 11 12 13 14 15 16 17 18 19 1a 1b 1c 1d 1e 1f 20 21 22 23 24 25 26 27 28 29 2a 2b 2c 2d 2e 2f 30 31 32 33 34 35 36 37 38 39 3a 3b 3c 3d 3e 3f 40 41 42 43 44 45 46 47 48 49 4a 4b 4c 4d 4e 4f 50 51 52 53 54 55 56 57 58 59 5a 5b 5c 5d 5e 5f 60 61 62 63 64 65 66 67 68 69 6a 6b 6c 6d 6e 6f 70 71 72 73 74 75 76 77 78 79 7a 7b 7c 7d 7e 7f 80 81 82 83 84 85 86 87 88 89 8a 8b 8c 8d 8e 8f 90 91 92 93 94 95 96 97 98 99 9a 9b 9c 9d 9e 9f a0 a1 a2 a3 a4 a5 a6 a7 a8 a9 aa ab ac ad ae af b0 b1 b2 b3 b4 b5 b6 b7 b8 b9 ba bb bc bd be bf c0 c1 c2 c3 c4 c5 c6 c7 c8 c9 ca cb cc cd ce cf d0 d1 d2 d3 d4 d5 d6 d7 d8 d9 da db dc dd de df e0 e1 e2 e3 e4 e5 e6 e7 e8 e9 ea eb ec ed ee ef f0 f1 f2 f3 f4 f5 f6 f7 f8 f9 fa fb fc fd fe ff 
 0  1  2  c  4 1e 18 f9  8 da 3c 70 30 3a 25 46 10 4d 63 -- 78 -- e0 52 60 -- 74 -- 4a 28 8c 2d 20 -- 9a -- c6 de -- a9 f0 f6 -- -- 17 -- a4 -- c0 -- -- 33 e8 -- -- f3 94 a1 50 7d cf -- 5a -- 40 -- -- -- e3 -- -- -- 5b -- 6b -- -- ad 85 4f 37 -- 3b -- -- 83 -- 8b 2e 44 -- -- 9f -- -- -- 57 -- -- -- -- -- 66 --  7 -- -- be -- -- 31 c4 ff -- 95 -- a0  3 fa 1c 49 79 -- 81 b4 -- -- -- 80 -- -- 75 -- -- -- -- 11 -- -- 55 -- b5 -- -- b6 -- -- -- d6 -- -- dc --  a 8d -- dd e5 9e ec 6e -- -- -- 76 99 --  5 -- -- d1 -- -- b1 c1 -- 5c 59 88 c7 -- b2 -- b8 e9 a7 -- -- -- b3 -- -- ae aa -- -- -- -- -- 22 -- -- -- -- cc bd -- --  e ea -- -- -- -- ab d7 -- -- -- -- 62 -- 5f -- 29 -- -- cd fd 14 -- -- 97  f  6 eb 23 1d 38 6d 92 -- f2 -- -- -- d5 bb bf 6f -- -- -- -- -- 7b 

solutions so far:0 maxDepth:10 
iterations:121963762  skipped: 6 
Depth skipped: 
0 0 6 0 0 0 0 0 0 0 0 0 0 0 0 0 0 0 0 0 0 0 0 0 0 0 0 0 0 0 0 0 

running time: 9900 sec
 depth:7
 0  1  2  3  4  5  6  7  8  9  a  b  c  d  e  f 10 11 12 13 14 15 16 17 18 19 1a 1b 1c 1d 1e 1f 20 21 22 23 24 25 26 27 28 29 2a 2b 2c 2d 2e 2f 30 31 32 33 34 35 36 37 38 39 3a 3b 3c 3d 3e 3f 40 41 42 43 44 45 46 47 48 49 4a 4b 4c 4d 4e 4f 50 51 52 53 54 55 56 57 58 59 5a 5b 5c 5d 5e 5f 60 61 62 63 64 65 66 67 68 69 6a 6b 6c 6d 6e 6f 70 71 72 73 74 75 76 77 78 79 7a 7b 7c 7d 7e 7f 80 81 82 83 84 85 86 87 88 89 8a 8b 8c 8d 8e 8f 90 91 92 93 94 95 96 97 98 99 9a 9b 9c 9d 9e 9f a0 a1 a2 a3 a4 a5 a6 a7 a8 a9 aa ab ac ad ae af b0 b1 b2 b3 b4 b5 b6 b7 b8 b9 ba bb bc bd be bf c0 c1 c2 c3 c4 c5 c6 c7 c8 c9 ca cb cc cd ce cf d0 d1 d2 d3 d4 d5 d6 d7 d8 d9 da db dc dd de df e0 e1 e2 e3 e4 e5 e6 e7 e8 e9 ea eb ec ed ee ef f0 f1 f2 f3 f4 f5 f6 f7 f8 f9 fa fb fc fd fe ff 
 0  1  2  c  4  e 18 f3  8 37 1c c2 30 d9 31 7a 10 -- 6e -- 38 -- 53 ab 60 -- 65 -- 62 8c f4 3b 20 -- -- -- dc b8 -- 1e 70 1d -- -- a6 -- 81 -- c0 -- -- 33 ca -- -- 2f c4 d6 cf 91 3f -- 76 -- 40 -- -- -- -- -- -- -- 6f -- a7 -- -- -- 3c 4f e0 -- 3a -- -- 83 -- 8b 9b -- -- -- d5 -- -- -- 57 -- -- -- -- -- 66 -- 43 -- -- c5 -- -- 5e af 5f -- 7b -- 49  3 f5 db 7e 79 -- ba ec -- -- -- 80 -- -- 75 -- -- -- -- -- -- -- 55 -- -- -- -- de -- -- -- 99 -- -- 2e -- 23 -- -- 78 a8 9e e8 17 -- -- -- 74 54 -- fa -- -- d1 -- -- -- c1 -- e1 -- -- -- -- -- -- 15 7d 2a -- -- -- -- -- -- ae aa -- -- -- -- -- -- -- -- -- -- cc -- -- -- 86 ea -- -- -- -- 5d d7 -- -- -- -- bc -- 89 -- be -- -- -- f6 46 -- -- 92  7  6 eb 3d 87 61 f0 fc -- f2 -- -- -- a3 6b  f 5c -- -- -- -- -- e5 

solutions so far:0 maxDepth:10 
iterations:129150099  skipped: 6 
Depth skipped: 
0 0 6 0 0 0 0 0 0 0 0 0 0 0 0 0 0 0 0 0 0 0 0 0 0 0 0 0 0 0 0 0 

running time: 10200 sec

Finished. Total running time: 10375 sec
