Search S-boxes invariant for matrix: 
{0x00,0x02,0x04,0x06,0x08,0x0a,0x0c,0x0e,0x10,0x12,0x14,0x16,0x18,0x1a,0x1c,0x1e,0x20,0x22,0x24,0x26,0x28,0x2a,0x2c,0x2e,0x30,0x32,0x34,0x36,0x38,0x3a,0x3c,0x3e,0x40,0x42,0x44,0x46,0x48,0x4a,0x4c,0x4e,0x50,0x52,0x54,0x56,0x58,0x5a,0x5c,0x5e,0x60,0x62,0x64,0x66,0x68,0x6a,0x6c,0x6e,0x70,0x72,0x74,0x76,0x78,0x7a,0x7c,0x7e,0x80,0x82,0x84,0x86,0x88,0x8a,0x8c,0x8e,0x90,0x92,0x94,0x96,0x98,0x9a,0x9c,0x9e,0xa0,0xa2,0xa4,0xa6,0xa8,0xaa,0xac,0xae,0xb0,0xb2,0xb4,0xb6,0xb8,0xba,0xbc,0xbe,0xc0,0xc2,0xc4,0xc6,0xc8,0xca,0xcc,0xce,0xd0,0xd2,0xd4,0xd6,0xd8,0xda,0xdc,0xde,0xe0,0xe2,0xe4,0xe6,0xe8,0xea,0xec,0xee,0xf0,0xf2,0xf4,0xf6,0xf8,0xfa,0xfc,0xfe,0xd7,0xd5,0xd3,0xd1,0xdf,0xdd,0xdb,0xd9,0xc7,0xc5,0xc3,0xc1,0xcf,0xcd,0xcb,0xc9,0xf7,0xf5,0xf3,0xf1,0xff,0xfd,0xfb,0xf9,0xe7,0xe5,0xe3,0xe1,0xef,0xed,0xeb,0xe9,0x97,0x95,0x93,0x91,0x9f,0x9d,0x9b,0x99,0x87,0x85,0x83,0x81,0x8f,0x8d,0x8b,0x89,0xb7,0xb5,0xb3,0xb1,0xbf,0xbd,0xbb,0xb9,0xa7,0xa5,0xa3,0xa1,0xaf,0xad,0xab,0xa9,0x57,0x55,0x53,0x51,0x5f,0x5d,0x5b,0x59,0x47,0x45,0x43,0x41,0x4f,0x4d,0x4b,0x49,0x77,0x75,0x73,0x71,0x7f,0x7d,0x7b,0x79,0x67,0x65,0x63,0x61,0x6f,0x6d,0x6b,0x69,0x17,0x15,0x13,0x11,0x1f,0x1d,0x1b,0x19,0x07,0x05,0x03,0x01,0x0f,0x0d,0x0b,0x09,0x37,0x35,0x33,0x31,0x3f,0x3d,0x3b,0x39,0x27,0x25,0x23,0x21,0x2f,0x2d,0x2b,0x29};



 depth:7
 0  1  2  3  4  5  6  7  8  9  a  b  c  d  e  f 10 11 12 13 14 15 16 17 18 19 1a 1b 1c 1d 1e 1f 20 21 22 23 24 25 26 27 28 29 2a 2b 2c 2d 2e 2f 30 31 32 33 34 35 36 37 38 39 3a 3b 3c 3d 3e 3f 40 41 42 43 44 45 46 47 48 49 4a 4b 4c 4d 4e 4f 50 51 52 53 54 55 56 57 58 59 5a 5b 5c 5d 5e 5f 60 61 62 63 64 65 66 67 68 69 6a 6b 6c 6d 6e 6f 70 71 72 73 74 75 76 77 78 79 7a 7b 7c 7d 7e 7f 80 81 82 83 84 85 86 87 88 89 8a 8b 8c 8d 8e 8f 90 91 92 93 94 95 96 97 98 99 9a 9b 9c 9d 9e 9f a0 a1 a2 a3 a4 a5 a6 a7 a8 a9 aa ab ac ad ae af b0 b1 b2 b3 b4 b5 b6 b7 b8 b9 ba bb bc bd be bf c0 c1 c2 c3 c4 c5 c6 c7 c8 c9 ca cb cc cd ce cf d0 d1 d2 d3 d4 d5 d6 d7 d8 d9 da db dc dd de df e0 e1 e2 e3 e4 e5 e6 e7 e8 e9 ea eb ec ed ee ef f0 f1 f2 f3 f4 f5 f6 f7 f8 f9 fa fb fc fd fe ff 
 0  1  2 88  4 f5 c7  b  8 7d 3d 57 59  3 16 ec 10 -- fa -- 7a -- ae b9 b2 --  6 -- 2c 68  f 31 20 -- -- -- 23 5e -- be f4 c5 -- -- 8b -- a5 -- b3 -- -- 33  c -- -- f0 58 49 d0 f6 1e -- 62 -- 40 -- -- -- -- -- -- -- 46 -- bc -- -- -- ab 4f 3f -- 5d -- -- 4d -- bd c1 -- -- -- 9d -- -- -- b1 -- -- -- -- -- 66 -- 18 -- -- de -- -- 37 dc b0 -- 92 -- 77 22 3b 60 3c 79 -- d6 c4 -- -- -- 80 -- -- e3 -- -- -- -- -- -- -- 8d -- -- -- -- 8c -- -- -- af -- -- fc -- 1a -- -- 81 75 9e a3 7e -- -- -- ba d1 --  d -- -- 9a -- -- -- ad -- 55 -- -- -- -- -- -- aa ed 83 -- -- -- -- -- -- b5 cd -- -- -- -- -- -- -- -- -- -- cc -- -- -- 30 11 -- -- -- -- 6b d7 -- -- -- -- 6e -- 6f -- b7 -- -- -- f3 34 -- -- ee 91 44 eb 76 ea c0 d5 78 -- f2 -- -- -- 7b cf 5f 2f -- -- -- -- -- 89 

solutions so far:0 maxDepth:9 
iterations:2029115  skipped: 8 
Depth skipped: 
0 0 8 0 0 0 0 0 0 0 0 0 0 0 0 0 0 0 0 0 0 0 0 0 0 0 0 0 0 0 0 0 

running time: 300 sec
 depth:7
 0  1  2  3  4  5  6  7  8  9  a  b  c  d  e  f 10 11 12 13 14 15 16 17 18 19 1a 1b 1c 1d 1e 1f 20 21 22 23 24 25 26 27 28 29 2a 2b 2c 2d 2e 2f 30 31 32 33 34 35 36 37 38 39 3a 3b 3c 3d 3e 3f 40 41 42 43 44 45 46 47 48 49 4a 4b 4c 4d 4e 4f 50 51 52 53 54 55 56 57 58 59 5a 5b 5c 5d 5e 5f 60 61 62 63 64 65 66 67 68 69 6a 6b 6c 6d 6e 6f 70 71 72 73 74 75 76 77 78 79 7a 7b 7c 7d 7e 7f 80 81 82 83 84 85 86 87 88 89 8a 8b 8c 8d 8e 8f 90 91 92 93 94 95 96 97 98 99 9a 9b 9c 9d 9e 9f a0 a1 a2 a3 a4 a5 a6 a7 a8 a9 aa ab ac ad ae af b0 b1 b2 b3 b4 b5 b6 b7 b8 b9 ba bb bc bd be bf c0 c1 c2 c3 c4 c5 c6 c7 c8 c9 ca cb cc cd ce cf d0 d1 d2 d3 d4 d5 d6 d7 d8 d9 da db dc dd de df e0 e1 e2 e3 e4 e5 e6 e7 e8 e9 ea eb ec ed ee ef f0 f1 f2 f3 f4 f5 f6 f7 f8 f9 fa fb fc fd fe ff 
 0  1  2 88  4 f0 c7 a5  8 f9 37 d4 59 c3 9d 8c 10 -- 25 -- 6e -- 7f 68 b2 -- 51 -- ed 58 cf e9 20 -- -- -- 4a 7b -- 28 dc ec -- -- fe -- d0 -- b3 -- -- 33 a2 -- -- 31  d 52 b0 fa 49 --  5 -- 40 -- -- -- -- -- -- -- 94 -- f6 -- -- -- 50 4f 6f --  f -- -- 4d -- bd 2b -- -- -- 77 -- -- -- b1 -- -- -- -- -- 66 -- 93 -- -- ab -- -- 62 5f 1a -- a4 -- b7 22 23 35 92 79 -- d5  a -- -- -- 80 -- -- e3 -- -- -- -- -- -- -- 8d -- -- -- -- ff -- -- -- 3b -- -- 6b -- 16 -- -- a0 45 9e 3c de -- -- -- 1e c9 --  b -- -- 9a -- -- -- ad -- 56 -- -- -- -- -- -- ac ee 8f -- -- -- -- -- -- b5 cd -- -- -- -- -- -- -- -- -- -- cc -- -- -- f1 11 -- -- -- -- 81 d7 -- -- -- -- c4 -- be -- 34 -- -- -- 9f 2c -- -- b9 78 44 eb 46 8a 6a 97 f3 -- f2 -- -- -- 7d 29 14 d6 -- -- -- -- -- 76 

solutions so far:0 maxDepth:9 
iterations:4295260  skipped: 8 
Depth skipped: 
0 0 8 0 0 0 0 0 0 0 0 0 0 0 0 0 0 0 0 0 0 0 0 0 0 0 0 0 0 0 0 0 

running time: 600 sec
 depth:6
 0  1  2  3  4  5  6  7  8  9  a  b  c  d  e  f 10 11 12 13 14 15 16 17 18 19 1a 1b 1c 1d 1e 1f 20 21 22 23 24 25 26 27 28 29 2a 2b 2c 2d 2e 2f 30 31 32 33 34 35 36 37 38 39 3a 3b 3c 3d 3e 3f 40 41 42 43 44 45 46 47 48 49 4a 4b 4c 4d 4e 4f 50 51 52 53 54 55 56 57 58 59 5a 5b 5c 5d 5e 5f 60 61 62 63 64 65 66 67 68 69 6a 6b 6c 6d 6e 6f 70 71 72 73 74 75 76 77 78 79 7a 7b 7c 7d 7e 7f 80 81 82 83 84 85 86 87 88 89 8a 8b 8c 8d 8e 8f 90 91 92 93 94 95 96 97 98 99 9a 9b 9c 9d 9e 9f a0 a1 a2 a3 a4 a5 a6 a7 a8 a9 aa ab ac ad ae af b0 b1 b2 b3 b4 b5 b6 b7 b8 b9 ba bb bc bd be bf c0 c1 c2 c3 c4 c5 c6 c7 c8 c9 ca cb cc cd ce cf d0 d1 d2 d3 d4 d5 d6 d7 d8 d9 da db dc dd de df e0 e1 e2 e3 e4 e5 e6 e7 e8 e9 ea eb ec ed ee ef f0 f1 f2 f3 f4 f5 f6 f7 f8 f9 fa fb fc fd fe ff 
 0  1  2 88  4 e2 c7 81  8 df 13 b6 59 85 d5 -- 10 -- 69 -- 26 -- bb 8c b2 -- dd -- 7d c4 -- 67 20 -- -- -- d2 64 -- fb 4c cb -- -- a1 -- cf -- b3 -- -- 33 6d -- -- -- fa 36 5f -- -- -- ce -- 40 -- -- -- -- -- -- -- 73 -- c8 -- -- -- 21 4f 98 -- 41 -- -- 4d -- bd 95 -- -- -- 49 -- -- -- b1 -- -- -- -- -- 66 -- da -- -- -- -- -- -- -- 23 -- 6c -- be 22 -- c6 -- 79 -- -- 4b -- -- -- 80 -- -- e3 -- -- -- -- -- -- -- 8d -- -- -- -- e6 -- -- -- 47 -- -- 19 -- 31 -- -- 42 bf 9e d3 e7 -- -- -- 82 b4 -- f3 -- -- 9a -- -- -- ad -- fd -- -- -- -- -- -- 2d 92 5a -- -- -- -- -- -- b5 cd -- -- -- -- -- -- -- -- -- -- cc -- -- -- 63 11 -- -- -- -- -- d7 -- -- -- -- -- -- -- -- 46 -- -- -- d8 62 -- -- ab 71 44 eb -- a9 5b 84 -- -- f2 -- -- -- -- 1b 96 32 -- -- -- -- -- 8e 

solutions so far:0 maxDepth:9 
iterations:7220942  skipped: 15 
Depth skipped: 
0 0 15 0 0 0 0 0 0 0 0 0 0 0 0 0 0 0 0 0 0 0 0 0 0 0 0 0 0 0 0 0 

running time: 900 sec
 depth:7
 0  1  2  3  4  5  6  7  8  9  a  b  c  d  e  f 10 11 12 13 14 15 16 17 18 19 1a 1b 1c 1d 1e 1f 20 21 22 23 24 25 26 27 28 29 2a 2b 2c 2d 2e 2f 30 31 32 33 34 35 36 37 38 39 3a 3b 3c 3d 3e 3f 40 41 42 43 44 45 46 47 48 49 4a 4b 4c 4d 4e 4f 50 51 52 53 54 55 56 57 58 59 5a 5b 5c 5d 5e 5f 60 61 62 63 64 65 66 67 68 69 6a 6b 6c 6d 6e 6f 70 71 72 73 74 75 76 77 78 79 7a 7b 7c 7d 7e 7f 80 81 82 83 84 85 86 87 88 89 8a 8b 8c 8d 8e 8f 90 91 92 93 94 95 96 97 98 99 9a 9b 9c 9d 9e 9f a0 a1 a2 a3 a4 a5 a6 a7 a8 a9 aa ab ac ad ae af b0 b1 b2 b3 b4 b5 b6 b7 b8 b9 ba bb bc bd be bf c0 c1 c2 c3 c4 c5 c6 c7 c8 c9 ca cb cc cd ce cf d0 d1 d2 d3 d4 d5 d6 d7 d8 d9 da db dc dd de df e0 e1 e2 e3 e4 e5 e6 e7 e8 e9 ea eb ec ed ee ef f0 f1 f2 f3 f4 f5 f6 f7 f8 f9 fa fb fc fd fe ff 
 0  1  2 88  4 de c7 3e  8 71 6b 69 59 4b 7c 62 10 -- e2 -- d6 -- d2 ef b2 -- 96 -- f8 39 c4 64 20 -- -- -- 13  f -- cb 7b f0 -- -- 73 --  9 -- b3 -- -- 33 fb -- -- 81 27 e7 72 92 5f -- c8 -- 40 -- -- -- -- -- -- -- 26 -- 1e -- -- -- 41 4f f6 -- 37 -- -- 4d -- bd e6 -- -- -- 12 -- -- -- b1 -- -- -- -- -- 66 -- 21 -- -- 46 -- -- d5 fa 4e -- 19 -- e4 22 f3 84 be 79 -- cf 47 -- -- -- 80 -- -- e3 -- -- -- -- -- -- -- 8d -- -- -- -- 4c -- -- -- 3c -- -- 76 -- 90 -- -- 82 67 9e dc 3b -- -- -- 6e d8 -- 48 -- -- 9a -- -- -- ad -- 1b -- -- -- -- -- -- 36 24 6c -- -- -- -- -- -- b5 cd -- -- -- -- -- -- -- -- -- -- cc -- -- -- 42 11 -- -- -- -- 8c d7 -- -- -- -- 7d -- 23 -- 9c -- -- -- 32 f7 -- -- 1f 6f 44 eb 31 ce df d3 ab -- f2 -- -- -- 49 98 8e ec -- -- -- -- -- 78 

solutions so far:0 maxDepth:9 
iterations:10167670  skipped: 15 
Depth skipped: 
0 0 15 0 0 0 0 0 0 0 0 0 0 0 0 0 0 0 0 0 0 0 0 0 0 0 0 0 0 0 0 0 

running time: 1200 sec
 depth:7
 0  1  2  3  4  5  6  7  8  9  a  b  c  d  e  f 10 11 12 13 14 15 16 17 18 19 1a 1b 1c 1d 1e 1f 20 21 22 23 24 25 26 27 28 29 2a 2b 2c 2d 2e 2f 30 31 32 33 34 35 36 37 38 39 3a 3b 3c 3d 3e 3f 40 41 42 43 44 45 46 47 48 49 4a 4b 4c 4d 4e 4f 50 51 52 53 54 55 56 57 58 59 5a 5b 5c 5d 5e 5f 60 61 62 63 64 65 66 67 68 69 6a 6b 6c 6d 6e 6f 70 71 72 73 74 75 76 77 78 79 7a 7b 7c 7d 7e 7f 80 81 82 83 84 85 86 87 88 89 8a 8b 8c 8d 8e 8f 90 91 92 93 94 95 96 97 98 99 9a 9b 9c 9d 9e 9f a0 a1 a2 a3 a4 a5 a6 a7 a8 a9 aa ab ac ad ae af b0 b1 b2 b3 b4 b5 b6 b7 b8 b9 ba bb bc bd be bf c0 c1 c2 c3 c4 c5 c6 c7 c8 c9 ca cb cc cd ce cf d0 d1 d2 d3 d4 d5 d6 d7 d8 d9 da db dc dd de df e0 e1 e2 e3 e4 e5 e6 e7 e8 e9 ea eb ec ed ee ef f0 f1 f2 f3 f4 f5 f6 f7 f8 f9 fa fb fc fd fe ff 
 0  1  2 88  4 d9 c7 c0  8 d0 65 72 59  9 57 2b 10 -- 77 -- ca -- e4 aa b2 -- 12 -- ae  c 56 b9 20 -- -- -- ee 53 --  d 43 15 -- -- 1f -- 83 -- b3 -- -- 33 24 -- -- 45 8b 58 18 d4 ac -- a5 -- 40 -- -- -- -- -- -- --  b -- a6 -- -- -- 1a 4f 86 -- 2a -- -- 4d -- bd 3e -- -- -- d1 -- -- -- b1 -- -- -- -- -- 66 -- 48 -- -- 93 -- -- 8a 51 c1 -- b0 -- 30 22 7f f7 8f 79 -- 35 9d -- -- -- 80 -- -- e3 -- -- -- -- -- -- -- 8d -- -- -- -- 16 -- -- -- 9b -- -- 61 --  3 -- -- 34 9c 9e a8 db -- -- -- 54 4e -- ea -- -- 9a -- -- -- ad -- 7c -- -- -- -- -- -- f8 75 27 -- -- -- -- -- -- b5 cd -- -- -- -- -- -- -- -- -- -- cc -- -- -- 90 11 -- -- -- -- f1 d7 -- -- -- -- c3 -- a2 -- 55 -- -- -- b7  6 -- -- 60 87 44 eb fe ef 39 68 c9 -- f2 -- -- -- 6a 2c ed c2 -- -- -- -- -- e1 

solutions so far:0 maxDepth:9 
iterations:12755078  skipped: 15 
Depth skipped: 
0 0 15 0 0 0 0 0 0 0 0 0 0 0 0 0 0 0 0 0 0 0 0 0 0 0 0 0 0 0 0 0 

running time: 1500 sec
 depth:7
 0  1  2  3  4  5  6  7  8  9  a  b  c  d  e  f 10 11 12 13 14 15 16 17 18 19 1a 1b 1c 1d 1e 1f 20 21 22 23 24 25 26 27 28 29 2a 2b 2c 2d 2e 2f 30 31 32 33 34 35 36 37 38 39 3a 3b 3c 3d 3e 3f 40 41 42 43 44 45 46 47 48 49 4a 4b 4c 4d 4e 4f 50 51 52 53 54 55 56 57 58 59 5a 5b 5c 5d 5e 5f 60 61 62 63 64 65 66 67 68 69 6a 6b 6c 6d 6e 6f 70 71 72 73 74 75 76 77 78 79 7a 7b 7c 7d 7e 7f 80 81 82 83 84 85 86 87 88 89 8a 8b 8c 8d 8e 8f 90 91 92 93 94 95 96 97 98 99 9a 9b 9c 9d 9e 9f a0 a1 a2 a3 a4 a5 a6 a7 a8 a9 aa ab ac ad ae af b0 b1 b2 b3 b4 b5 b6 b7 b8 b9 ba bb bc bd be bf c0 c1 c2 c3 c4 c5 c6 c7 c8 c9 ca cb cc cd ce cf d0 d1 d2 d3 d4 d5 d6 d7 d8 d9 da db dc dd de df e0 e1 e2 e3 e4 e5 e6 e7 e8 e9 ea eb ec ed ee ef f0 f1 f2 f3 f4 f5 f6 f7 f8 f9 fa fb fc fd fe ff 
 0  1  2 88  4 ca c7 fc  8 e5 43 fd 59 63 2f 26 10 -- 1d -- 86 -- 2d c5 b2 -- c6 -- 5e 7a 4c 70 20 -- -- -- 3a 9b -- 5c db 54 -- -- 5a -- 5d -- b3 -- -- 33 5b -- -- 32 bc  e f4 71 98 -- e0 -- 40 -- -- -- -- -- -- -- 74 -- e1 -- -- -- b8 4f 61 -- a8 -- -- 4d -- bd b4 -- -- -- ba -- -- -- b1 -- -- -- -- -- 66 -- b6 -- -- cb -- -- 64 47 af -- 1c -- 3f 22 e2 a1 e7 79 -- 82 17 -- -- -- 80 -- -- e3 -- -- -- -- -- -- -- 8d -- -- -- -- e8 -- -- -- 15 -- -- 53 -- f5 -- -- a7 6d 9e d9 c2 -- -- -- 87 dd -- 91 -- -- 9a -- -- -- ad -- bf -- -- -- -- -- -- a9 a3 85 -- -- -- -- -- -- b5 cd -- -- -- -- -- -- -- -- -- -- cc -- -- -- bb 11 -- -- -- -- 41 d7 -- -- -- -- c8 -- 8e -- 89 -- -- -- 38 3d -- -- 7e 65 44 eb 13 da 95 99 19 -- f2 -- -- -- d3  7 2e a6 -- -- -- -- -- 2a 

solutions so far:0 maxDepth:9 
iterations:15493479  skipped: 21 
Depth skipped: 
0 0 21 0 0 0 0 0 0 0 0 0 0 0 0 0 0 0 0 0 0 0 0 0 0 0 0 0 0 0 0 0 

running time: 1800 sec
 depth:8
 0  1  2  3  4  5  6  7  8  9  a  b  c  d  e  f 10 11 12 13 14 15 16 17 18 19 1a 1b 1c 1d 1e 1f 20 21 22 23 24 25 26 27 28 29 2a 2b 2c 2d 2e 2f 30 31 32 33 34 35 36 37 38 39 3a 3b 3c 3d 3e 3f 40 41 42 43 44 45 46 47 48 49 4a 4b 4c 4d 4e 4f 50 51 52 53 54 55 56 57 58 59 5a 5b 5c 5d 5e 5f 60 61 62 63 64 65 66 67 68 69 6a 6b 6c 6d 6e 6f 70 71 72 73 74 75 76 77 78 79 7a 7b 7c 7d 7e 7f 80 81 82 83 84 85 86 87 88 89 8a 8b 8c 8d 8e 8f 90 91 92 93 94 95 96 97 98 99 9a 9b 9c 9d 9e 9f a0 a1 a2 a3 a4 a5 a6 a7 a8 a9 aa ab ac ad ae af b0 b1 b2 b3 b4 b5 b6 b7 b8 b9 ba bb bc bd be bf c0 c1 c2 c3 c4 c5 c6 c7 c8 c9 ca cb cc cd ce cf d0 d1 d2 d3 d4 d5 d6 d7 d8 d9 da db dc dd de df e0 e1 e2 e3 e4 e5 e6 e7 e8 e9 ea eb ec ed ee ef f0 f1 f2 f3 f4 f5 f6 f7 f8 f9 fa fb fc fd fe ff 
 0  1  2 88  4 bf c7 ca  8 31 a9 8f 59 6a 43 4c 10 5d 62 -- 85 -- c9 53 b2 -- d4 -- 86 a8 98 fa 20 -- ba -- c4 5b -- cf dd 95 -- -- 45 -- a6 -- b3 -- -- 33 7f -- -- 64 db 81 87 e2 e7 -- 23 -- 40 -- -- -- a3 -- -- -- 5f -- b6 -- -- af 49 4f 6d -- fd -- -- 4d -- bd 8a 3d -- -- 9b -- -- -- b1 -- -- -- -- -- 66 -- fe -- -- 41 -- -- c8 8e 61 -- d5 -- d9 22 13 56 19 79 -- d3 46 -- -- -- 80 -- -- e3 -- -- -- -- 91 -- -- 8d -- 5e -- -- be -- -- -- bb -- -- 63 -- 2a 89 -- 92 f1 9e 5a da -- -- -- 2d 93 -- 15 -- -- 9a -- -- 2f ad -- c3 3f 7a f4 -- 7e -- 51 e1 a2 -- -- -- fc -- -- b5 cd -- -- -- -- -- f5 -- -- -- -- cc bc -- -- 2b 11 -- -- -- -- 82 d7 -- -- -- -- 47 -- cb -- c2 -- -- c5 7d 54 -- -- 65 b4 44 eb 26 35 ac f3 32 -- f2 -- -- -- 71 ab 8c c6 -- -- -- -- -- a1 

solutions so far:0 maxDepth:9 
iterations:17616723  skipped: 27 
Depth skipped: 
0 0 27 0 0 0 0 0 0 0 0 0 0 0 0 0 0 0 0 0 0 0 0 0 0 0 0 0 0 0 0 0 

running time: 2100 sec
 depth:6
 0  1  2  3  4  5  6  7  8  9  a  b  c  d  e  f 10 11 12 13 14 15 16 17 18 19 1a 1b 1c 1d 1e 1f 20 21 22 23 24 25 26 27 28 29 2a 2b 2c 2d 2e 2f 30 31 32 33 34 35 36 37 38 39 3a 3b 3c 3d 3e 3f 40 41 42 43 44 45 46 47 48 49 4a 4b 4c 4d 4e 4f 50 51 52 53 54 55 56 57 58 59 5a 5b 5c 5d 5e 5f 60 61 62 63 64 65 66 67 68 69 6a 6b 6c 6d 6e 6f 70 71 72 73 74 75 76 77 78 79 7a 7b 7c 7d 7e 7f 80 81 82 83 84 85 86 87 88 89 8a 8b 8c 8d 8e 8f 90 91 92 93 94 95 96 97 98 99 9a 9b 9c 9d 9e 9f a0 a1 a2 a3 a4 a5 a6 a7 a8 a9 aa ab ac ad ae af b0 b1 b2 b3 b4 b5 b6 b7 b8 b9 ba bb bc bd be bf c0 c1 c2 c3 c4 c5 c6 c7 c8 c9 ca cb cc cd ce cf d0 d1 d2 d3 d4 d5 d6 d7 d8 d9 da db dc dd de df e0 e1 e2 e3 e4 e5 e6 e7 e8 e9 ea eb ec ed ee ef f0 f1 f2 f3 f4 f5 f6 f7 f8 f9 fa fb fc fd fe ff 
 0  1  2 88  4 bb c7 91  8 d4 a1 98 59 82 f5 -- 10 -- 7f -- 95 -- e7 7e b2 -- d3 -- 3d c5 -- 8a 20 -- -- -- fe a9 -- 93 fd da -- -- 19 -- fc -- b3 -- -- 33 71 -- -- -- 7a 8f 5d -- -- -- c3 -- 40 -- -- -- -- -- -- -- 2b -- 85 -- -- -- f1 4f 2d -- 63 -- -- 4d -- bd 32 -- -- -- 2f -- -- -- b1 -- -- -- -- -- 66 -- e2 -- -- -- -- -- -- -- f4 -- c9 -- ba 22 -- 26 -- 79 -- -- 51 -- -- -- 80 -- -- e3 -- -- -- -- -- -- -- 8d -- -- -- -- 56 -- -- -- dd -- -- b4 -- af -- -- 35 cb 9e 5b 5a -- -- -- c6 8e -- bc -- -- 9a -- -- -- ad -- 64 -- -- -- -- -- -- c8 5e 47 -- -- -- -- -- -- b5 cd -- -- -- -- -- -- -- -- -- -- cc -- -- -- 13 11 -- -- -- -- -- d7 -- -- -- -- -- -- -- -- 3f -- -- -- 45 89 -- -- a3 b6 44 eb -- 41 4c 6a -- -- f2 -- -- -- -- ac a2 bf -- -- -- -- -- 6d 

solutions so far:0 maxDepth:9 
iterations:19753180  skipped: 27 
Depth skipped: 
0 0 27 0 0 0 0 0 0 0 0 0 0 0 0 0 0 0 0 0 0 0 0 0 0 0 0 0 0 0 0 0 

running time: 2400 sec
 depth:7
 0  1  2  3  4  5  6  7  8  9  a  b  c  d  e  f 10 11 12 13 14 15 16 17 18 19 1a 1b 1c 1d 1e 1f 20 21 22 23 24 25 26 27 28 29 2a 2b 2c 2d 2e 2f 30 31 32 33 34 35 36 37 38 39 3a 3b 3c 3d 3e 3f 40 41 42 43 44 45 46 47 48 49 4a 4b 4c 4d 4e 4f 50 51 52 53 54 55 56 57 58 59 5a 5b 5c 5d 5e 5f 60 61 62 63 64 65 66 67 68 69 6a 6b 6c 6d 6e 6f 70 71 72 73 74 75 76 77 78 79 7a 7b 7c 7d 7e 7f 80 81 82 83 84 85 86 87 88 89 8a 8b 8c 8d 8e 8f 90 91 92 93 94 95 96 97 98 99 9a 9b 9c 9d 9e 9f a0 a1 a2 a3 a4 a5 a6 a7 a8 a9 aa ab ac ad ae af b0 b1 b2 b3 b4 b5 b6 b7 b8 b9 ba bb bc bd be bf c0 c1 c2 c3 c4 c5 c6 c7 c8 c9 ca cb cc cd ce cf d0 d1 d2 d3 d4 d5 d6 d7 d8 d9 da db dc dd de df e0 e1 e2 e3 e4 e5 e6 e7 e8 e9 ea eb ec ed ee ef f0 f1 f2 f3 f4 f5 f6 f7 f8 f9 fa fb fc fd fe ff 
 0  1  2 88  4 b8 c7  b  8 95 a7 8f 59 6a 16 50 10 -- fd -- 99 -- c9 b9 b2 -- d4 -- 2c 68 a0 6d 20 -- -- -- 2d  7 -- 5b e5 70 -- -- 45 -- a5 -- b3 -- -- 33 7f -- -- 4a 58 a9 d0  a 97 -- da -- 40 -- -- -- -- -- -- -- 5a --  e -- -- -- b6 4f 1d -- e0 -- -- 4d -- bd 8a -- -- -- 9d -- -- -- b1 -- -- -- -- -- 66 -- fe -- -- a4 -- -- 94 29 b0 -- 85 -- 77 22 14 56 f9 79 -- e9 63 -- -- -- 80 -- -- e3 -- -- -- -- -- -- -- 8d -- -- -- -- b4 -- -- -- 1c -- -- 74 -- 1a -- -- bb f1 9e 2e 3a -- -- -- 17 93 --  d -- -- 9a -- -- -- ad -- c3 -- -- -- -- -- -- 51 ed a2 -- -- -- -- -- -- b5 cd -- -- -- -- -- -- -- -- -- -- cc -- -- -- 2b 11 -- -- -- -- 9f d7 -- -- -- -- ff -- 52 -- b7 -- -- -- dd 34 -- -- ee 5c 44 eb 28 35 ac a1 25 -- f2 -- -- --  5 bf c6 e8 -- -- -- -- -- 38 

solutions so far:0 maxDepth:9 
iterations:22045139  skipped: 27 
Depth skipped: 
0 0 27 0 0 0 0 0 0 0 0 0 0 0 0 0 0 0 0 0 0 0 0 0 0 0 0 0 0 0 0 0 

running time: 2700 sec
 depth:7
 0  1  2  3  4  5  6  7  8  9  a  b  c  d  e  f 10 11 12 13 14 15 16 17 18 19 1a 1b 1c 1d 1e 1f 20 21 22 23 24 25 26 27 28 29 2a 2b 2c 2d 2e 2f 30 31 32 33 34 35 36 37 38 39 3a 3b 3c 3d 3e 3f 40 41 42 43 44 45 46 47 48 49 4a 4b 4c 4d 4e 4f 50 51 52 53 54 55 56 57 58 59 5a 5b 5c 5d 5e 5f 60 61 62 63 64 65 66 67 68 69 6a 6b 6c 6d 6e 6f 70 71 72 73 74 75 76 77 78 79 7a 7b 7c 7d 7e 7f 80 81 82 83 84 85 86 87 88 89 8a 8b 8c 8d 8e 8f 90 91 92 93 94 95 96 97 98 99 9a 9b 9c 9d 9e 9f a0 a1 a2 a3 a4 a5 a6 a7 a8 a9 aa ab ac ad ae af b0 b1 b2 b3 b4 b5 b6 b7 b8 b9 ba bb bc bd be bf c0 c1 c2 c3 c4 c5 c6 c7 c8 c9 ca cb cc cd ce cf d0 d1 d2 d3 d4 d5 d6 d7 d8 d9 da db dc dd de df e0 e1 e2 e3 e4 e5 e6 e7 e8 e9 ea eb ec ed ee ef f0 f1 f2 f3 f4 f5 f6 f7 f8 f9 fa fb fc fd fe ff 
 0  1  2 88  4 aa c7 61  8 f7 83 14 59 29 c2 1a 10 -- 39 -- d1 -- 28 15 b2 -- 52 -- 53 ca 34 4e 20 -- -- -- 72 18 -- 12 75 57 -- -- 50 -- 2a -- b3 -- -- 33 a4 -- -- ee a6 7c 43 9d 68 -- 9c -- 40 -- -- -- -- -- -- -- e4 -- 30 -- -- -- 24 4f ea -- ae -- -- 4d -- bd a0 -- -- -- 54 -- -- -- b1 -- -- -- -- -- 66 -- 9f -- -- b0 -- --  b 2c 9b -- f8 -- 86 22 ed  5 d0 79 -- b9 ef -- -- -- 80 -- -- e3 -- -- -- -- -- -- -- 8d -- -- -- -- 1f -- -- -- 60 -- --  6 -- d9 -- -- 48 94 9e c1  3 -- -- -- 8b 4a -- 87 -- -- 9a -- -- -- ad -- 97 -- -- -- -- -- -- f9 a8 25 -- -- -- -- -- -- b5 cd -- -- -- -- -- -- -- -- -- -- cc -- -- -- e9 11 -- -- -- -- b7 d7 -- -- -- -- 16 -- 58 -- e1 -- -- -- 27 65 -- -- db 55 44 eb  d ff  a 90 77 -- f2 -- -- -- a5 3e  9  c -- -- -- -- -- c0 

solutions so far:0 maxDepth:9 
iterations:24717751  skipped: 31 
Depth skipped: 
0 0 31 0 0 0 0 0 0 0 0 0 0 0 0 0 0 0 0 0 0 0 0 0 0 0 0 0 0 0 0 0 

running time: 3000 sec
 depth:7
 0  1  2  3  4  5  6  7  8  9  a  b  c  d  e  f 10 11 12 13 14 15 16 17 18 19 1a 1b 1c 1d 1e 1f 20 21 22 23 24 25 26 27 28 29 2a 2b 2c 2d 2e 2f 30 31 32 33 34 35 36 37 38 39 3a 3b 3c 3d 3e 3f 40 41 42 43 44 45 46 47 48 49 4a 4b 4c 4d 4e 4f 50 51 52 53 54 55 56 57 58 59 5a 5b 5c 5d 5e 5f 60 61 62 63 64 65 66 67 68 69 6a 6b 6c 6d 6e 6f 70 71 72 73 74 75 76 77 78 79 7a 7b 7c 7d 7e 7f 80 81 82 83 84 85 86 87 88 89 8a 8b 8c 8d 8e 8f 90 91 92 93 94 95 96 97 98 99 9a 9b 9c 9d 9e 9f a0 a1 a2 a3 a4 a5 a6 a7 a8 a9 aa ab ac ad ae af b0 b1 b2 b3 b4 b5 b6 b7 b8 b9 ba bb bc bd be bf c0 c1 c2 c3 c4 c5 c6 c7 c8 c9 ca cb cc cd ce cf d0 d1 d2 d3 d4 d5 d6 d7 d8 d9 da db dc dd de df e0 e1 e2 e3 e4 e5 e6 e7 e8 e9 ea eb ec ed ee ef f0 f1 f2 f3 f4 f5 f6 f7 f8 f9 fa fb fc fd fe ff 
 0  1  2 88  4 97 c7 1c  8 45 f9  3 59 c1 38 8e 10 -- 8a -- 25 --  6 5c b2 -- 55 -- 70 74 cb d4 20 -- -- -- c3 a4 -- 56 4a  a -- --  c -- b8 -- b3 -- -- 33 aa -- -- 71 e0 f1 e8 64 41 -- 7f -- 40 -- -- -- -- -- -- -- 51 -- 9f -- -- -- ac 4f 94 -- 14 -- -- 4d -- bd 18 -- -- -- a7 -- -- -- b1 -- -- -- -- -- 66 -- 83 -- -- 98 -- -- e2 26 17 -- 35 --  7 22 c8 75 82 79 -- 19 fe -- -- -- 80 -- -- e3 -- -- -- -- -- -- -- 8d -- -- -- -- a2 -- -- -- e9 -- -- 29 -- 1d -- -- 8f ae 9e 50 ff -- -- -- 28 57 -- e5 -- -- 9a -- -- -- ad -- 30 -- -- -- -- -- -- 60 99 c0 -- -- -- -- -- -- b5 cd -- -- -- -- -- -- -- -- -- -- cc -- -- -- d1 11 -- -- -- -- e7 d7 -- -- -- -- 13 -- 4c -- 2e -- -- -- 6a 3a -- --  e a0 44 eb 47 8b ea c9 d3 -- f2 -- -- -- 32 93 2b 52 -- -- -- -- --  5 

solutions so far:0 maxDepth:9 
iterations:26889860  skipped: 43 
Depth skipped: 
0 0 43 0 0 0 0 0 0 0 0 0 0 0 0 0 0 0 0 0 0 0 0 0 0 0 0 0 0 0 0 0 

running time: 3300 sec
 depth:5
 0  1  2  3  4  5  6  7  8  9  a  b  c  d  e  f 10 11 12 13 14 15 16 17 18 19 1a 1b 1c 1d 1e 1f 20 21 22 23 24 25 26 27 28 29 2a 2b 2c 2d 2e 2f 30 31 32 33 34 35 36 37 38 39 3a 3b 3c 3d 3e 3f 40 41 42 43 44 45 46 47 48 49 4a 4b 4c 4d 4e 4f 50 51 52 53 54 55 56 57 58 59 5a 5b 5c 5d 5e 5f 60 61 62 63 64 65 66 67 68 69 6a 6b 6c 6d 6e 6f 70 71 72 73 74 75 76 77 78 79 7a 7b 7c 7d 7e 7f 80 81 82 83 84 85 86 87 88 89 8a 8b 8c 8d 8e 8f 90 91 92 93 94 95 96 97 98 99 9a 9b 9c 9d 9e 9f a0 a1 a2 a3 a4 a5 a6 a7 a8 a9 aa ab ac ad ae af b0 b1 b2 b3 b4 b5 b6 b7 b8 b9 ba bb bc bd be bf c0 c1 c2 c3 c4 c5 c6 c7 c8 c9 ca cb cc cd ce cf d0 d1 d2 d3 d4 d5 d6 d7 d8 d9 da db dc dd de df e0 e1 e2 e3 e4 e5 e6 e7 e8 e9 ea eb ec ed ee ef f0 f1 f2 f3 f4 f5 f6 f7 f8 f9 fa fb fc fd fe ff 
 0  1  2 88  4 92 c7 48  8 f9 f3 -- 59 -- 90 -- 10 -- 25 -- 31 -- -- 1f b2 -- -- -- f7 ef -- e9 20 -- -- -- 4a 81 -- 28 62 23 -- -- -- -- 3e -- b3 -- -- 33 -- -- -- -- 39 52  9 -- -- --  5 -- 40 -- -- -- -- -- -- -- 94 -- d5 -- -- -- 50 4f c4 -- 46 -- -- 4d -- bd -- -- -- -- 7c -- -- -- b1 -- -- -- -- -- 66 -- -- -- -- -- -- -- -- -- 72 -- a4 -- 12 22 -- -- -- 79 -- --  a -- -- -- 80 -- -- e3 -- -- -- -- -- -- -- 8d -- -- -- -- ff -- -- -- 7d -- -- be -- 4e -- -- a0 -- 9e cf 5f -- -- -- 8c -- -- 27 -- -- 9a -- -- -- ad -- -- -- -- -- -- -- -- -- f8 -- -- -- -- -- -- -- b5 cd -- -- -- -- -- -- -- -- -- -- cc -- -- -- -- 11 -- -- -- -- -- d7 -- -- -- -- -- -- -- -- e4 -- -- -- 9f 9c -- -- 24 49 44 eb -- -- -- 97 -- -- f2 -- -- -- -- 29 14 ab -- -- -- -- -- fa 

solutions so far:0 maxDepth:9 
iterations:29527250  skipped: 43 
Depth skipped: 
0 0 43 0 0 0 0 0 0 0 0 0 0 0 0 0 0 0 0 0 0 0 0 0 0 0 0 0 0 0 0 0 

running time: 3600 sec
 depth:7
 0  1  2  3  4  5  6  7  8  9  a  b  c  d  e  f 10 11 12 13 14 15 16 17 18 19 1a 1b 1c 1d 1e 1f 20 21 22 23 24 25 26 27 28 29 2a 2b 2c 2d 2e 2f 30 31 32 33 34 35 36 37 38 39 3a 3b 3c 3d 3e 3f 40 41 42 43 44 45 46 47 48 49 4a 4b 4c 4d 4e 4f 50 51 52 53 54 55 56 57 58 59 5a 5b 5c 5d 5e 5f 60 61 62 63 64 65 66 67 68 69 6a 6b 6c 6d 6e 6f 70 71 72 73 74 75 76 77 78 79 7a 7b 7c 7d 7e 7f 80 81 82 83 84 85 86 87 88 89 8a 8b 8c 8d 8e 8f 90 91 92 93 94 95 96 97 98 99 9a 9b 9c 9d 9e 9f a0 a1 a2 a3 a4 a5 a6 a7 a8 a9 aa ab ac ad ae af b0 b1 b2 b3 b4 b5 b6 b7 b8 b9 ba bb bc bd be bf c0 c1 c2 c3 c4 c5 c6 c7 c8 c9 ca cb cc cd ce cf d0 d1 d2 d3 d4 d5 d6 d7 d8 d9 da db dc dd de df e0 e1 e2 e3 e4 e5 e6 e7 e8 e9 ea eb ec ed ee ef f0 f1 f2 f3 f4 f5 f6 f7 f8 f9 fa fb fc fd fe ff 
 0  1  2 88  4 86 c7 e0  8 41 db b4 59 b6 17  b 10 -- 82 -- 61 -- bf 99 b2 -- bb -- 2e  e 16 e7 20 -- -- -- d3 15 -- c8 c2 87 -- -- a9 -- e5 -- b3 -- -- 33 a1 -- -- b7 5c 26 1c d0 2c -- 19 -- 40 -- -- -- -- -- -- -- 71 -- 2a -- -- -- 47 4f 53 -- d9 -- -- 4d -- bd 85 -- -- -- 1d -- -- -- b1 -- -- -- -- -- 66 -- 95 -- --  d -- -- b9 9d b8 -- 4c -- 38 22 77 2d 58 79 -- 34 32 -- -- -- 80 -- -- e3 -- -- -- -- -- -- -- 8d -- -- -- -- e2 -- -- -- 54 -- -- 9b -- e8 -- -- 8e c6 9e ca a6 -- -- -- 65 63 -- 74 -- -- 9a -- -- -- ad -- dd -- -- -- -- -- -- 6d 3a da -- -- -- -- -- -- b5 cd -- -- -- -- -- -- -- -- -- -- cc -- -- -- fd 11 -- -- -- -- 1a d7 -- -- -- -- a5 -- ed -- a7 -- -- -- 98  7 -- -- 70 43 44 eb ee 5b 5a cb b0 -- f2 -- -- -- 68 13 64 e1 -- -- -- -- -- a8 

solutions so far:0 maxDepth:9 
iterations:32081520  skipped: 48 
Depth skipped: 
0 0 48 0 0 0 0 0 0 0 0 0 0 0 0 0 0 0 0 0 0 0 0 0 0 0 0 0 0 0 0 0 

running time: 3900 sec
 depth:7
 0  1  2  3  4  5  6  7  8  9  a  b  c  d  e  f 10 11 12 13 14 15 16 17 18 19 1a 1b 1c 1d 1e 1f 20 21 22 23 24 25 26 27 28 29 2a 2b 2c 2d 2e 2f 30 31 32 33 34 35 36 37 38 39 3a 3b 3c 3d 3e 3f 40 41 42 43 44 45 46 47 48 49 4a 4b 4c 4d 4e 4f 50 51 52 53 54 55 56 57 58 59 5a 5b 5c 5d 5e 5f 60 61 62 63 64 65 66 67 68 69 6a 6b 6c 6d 6e 6f 70 71 72 73 74 75 76 77 78 79 7a 7b 7c 7d 7e 7f 80 81 82 83 84 85 86 87 88 89 8a 8b 8c 8d 8e 8f 90 91 92 93 94 95 96 97 98 99 9a 9b 9c 9d 9e 9f a0 a1 a2 a3 a4 a5 a6 a7 a8 a9 aa ab ac ad ae af b0 b1 b2 b3 b4 b5 b6 b7 b8 b9 ba bb bc bd be bf c0 c1 c2 c3 c4 c5 c6 c7 c8 c9 ca cb cc cd ce cf d0 d1 d2 d3 d4 d5 d6 d7 d8 d9 da db dc dd de df e0 e1 e2 e3 e4 e5 e6 e7 e8 e9 ea eb ec ed ee ef f0 f1 f2 f3 f4 f5 f6 f7 f8 f9 fa fb fc fd fe ff 
 0  1  2 88  4 82 c7 6a  8 a1 d3 1c 59 e5 d4 e1 10 -- 95 -- 71 -- 38 ac b2 -- 1d -- 7f a2 15 dd 20 -- -- -- fd e7 -- c6 e2 c8 -- -- 70 -- 8f -- b3 -- -- 33 3a -- -- 87 fe bf 93 53 2a -- 6d -- 40 -- -- -- -- -- -- -- 2d -- 19 -- -- -- 5b 4f 13 -- 47 -- -- 4d -- bd e0 -- -- -- c9 -- -- -- b1 -- -- -- -- -- 66 -- 74 -- -- 86 -- -- d9 ca 2b -- a9 -- f1 22 a6  7 54 79 -- 61 da -- -- -- 80 -- -- e3 -- -- -- -- -- -- -- 8d -- -- -- -- 5a -- -- -- 32 -- -- 4c -- c3 -- -- b6 a7 9e cb 26 -- -- -- 8e b8 -- 8a -- -- 9a -- -- -- ad -- 17 -- -- -- -- -- -- 2e 45 5c -- -- -- -- -- -- b5 cd -- -- -- -- -- -- -- -- -- -- cc -- -- -- e8 11 -- -- -- -- db d7 -- -- -- -- 65 -- 43 -- 56 -- -- -- 85 51 -- -- 35 41 44 eb 9b 99  e bb a8 -- f2 -- -- -- c2 b4 63 98 -- -- -- -- -- 64 

solutions so far:0 maxDepth:9 
iterations:34441709  skipped: 48 
Depth skipped: 
0 0 48 0 0 0 0 0 0 0 0 0 0 0 0 0 0 0 0 0 0 0 0 0 0 0 0 0 0 0 0 0 

running time: 4200 sec
 depth:7
 0  1  2  3  4  5  6  7  8  9  a  b  c  d  e  f 10 11 12 13 14 15 16 17 18 19 1a 1b 1c 1d 1e 1f 20 21 22 23 24 25 26 27 28 29 2a 2b 2c 2d 2e 2f 30 31 32 33 34 35 36 37 38 39 3a 3b 3c 3d 3e 3f 40 41 42 43 44 45 46 47 48 49 4a 4b 4c 4d 4e 4f 50 51 52 53 54 55 56 57 58 59 5a 5b 5c 5d 5e 5f 60 61 62 63 64 65 66 67 68 69 6a 6b 6c 6d 6e 6f 70 71 72 73 74 75 76 77 78 79 7a 7b 7c 7d 7e 7f 80 81 82 83 84 85 86 87 88 89 8a 8b 8c 8d 8e 8f 90 91 92 93 94 95 96 97 98 99 9a 9b 9c 9d 9e 9f a0 a1 a2 a3 a4 a5 a6 a7 a8 a9 aa ab ac ad ae af b0 b1 b2 b3 b4 b5 b6 b7 b8 b9 ba bb bc bd be bf c0 c1 c2 c3 c4 c5 c6 c7 c8 c9 ca cb cc cd ce cf d0 d1 d2 d3 d4 d5 d6 d7 d8 d9 da db dc dd de df e0 e1 e2 e3 e4 e5 e6 e7 e8 e9 ea eb ec ed ee ef f0 f1 f2 f3 f4 f5 f6 f7 f8 f9 fa fb fc fd fe ff 
 0  1  2 88  4 7e c7 2d  8 29 fc d4 59 c3 5a 9b 10 -- 52 -- 2f -- 7f dd b2 -- 51 -- b4 bb e1 50 20 -- -- -- a4 5d -- 25 5e f5 -- -- fe -- 6d -- b3 -- -- 33 a2 -- -- a8 bf  a a1 c2 15 -- a0 -- 40 -- -- -- -- -- -- -- 9f -- ba -- -- -- 4a 4f bc -- 3d -- -- 4d -- bd 2b -- -- -- da -- -- -- b1 -- -- -- -- -- 66 -- 93 -- -- 43 -- -- 87 65 a9 -- 14 -- 95 22 53 35 2a 79 -- db 97 -- -- -- 80 -- -- e3 -- -- -- -- -- -- -- 8d -- -- -- -- e9 -- -- -- a3 -- -- 89 -- 5b -- -- 94 45 9e f4 af -- -- -- 7a c9 -- c6 -- -- 9a -- -- -- ad -- 56 -- -- -- -- -- -- ac 63 8f -- -- -- -- -- -- b5 cd -- -- -- -- -- -- -- -- -- -- cc -- -- -- f1 11 -- -- -- -- 86 d7 -- -- -- -- d9 -- ca -- 85 -- -- -- 28 b6 -- -- fd 3f 44 eb a6 8a 6a ff 54 -- f2 -- -- -- 61  5 f9 c5 -- -- -- -- -- 91 

solutions so far:0 maxDepth:9 
iterations:36663825  skipped: 48 
Depth skipped: 
0 0 48 0 0 0 0 0 0 0 0 0 0 0 0 0 0 0 0 0 0 0 0 0 0 0 0 0 0 0 0 0 

running time: 4500 sec
 depth:5
 0  1  2  3  4  5  6  7  8  9  a  b  c  d  e  f 10 11 12 13 14 15 16 17 18 19 1a 1b 1c 1d 1e 1f 20 21 22 23 24 25 26 27 28 29 2a 2b 2c 2d 2e 2f 30 31 32 33 34 35 36 37 38 39 3a 3b 3c 3d 3e 3f 40 41 42 43 44 45 46 47 48 49 4a 4b 4c 4d 4e 4f 50 51 52 53 54 55 56 57 58 59 5a 5b 5c 5d 5e 5f 60 61 62 63 64 65 66 67 68 69 6a 6b 6c 6d 6e 6f 70 71 72 73 74 75 76 77 78 79 7a 7b 7c 7d 7e 7f 80 81 82 83 84 85 86 87 88 89 8a 8b 8c 8d 8e 8f 90 91 92 93 94 95 96 97 98 99 9a 9b 9c 9d 9e 9f a0 a1 a2 a3 a4 a5 a6 a7 a8 a9 aa ab ac ad ae af b0 b1 b2 b3 b4 b5 b6 b7 b8 b9 ba bb bc bd be bf c0 c1 c2 c3 c4 c5 c6 c7 c8 c9 ca cb cc cd ce cf d0 d1 d2 d3 d4 d5 d6 d7 d8 d9 da db dc dd de df e0 e1 e2 e3 e4 e5 e6 e7 e8 e9 ea eb ec ed ee ef f0 f1 f2 f3 f4 f5 f6 f7 f8 f9 fa fb fc fd fe ff 
 0  1  2 88  4 6d c7 13  8 d2 da -- 59 -- 26 -- 10 -- 73 -- 63 -- -- 32 b2 -- -- -- 4c 82 -- 4b 20 -- -- -- e6 95 -- 42 c6 b4 -- -- -- -- 64 -- b3 -- -- 33 -- -- -- -- 98 d8 d3 -- -- -- 96 -- 40 -- -- -- -- -- -- -- 1b -- fd -- -- -- 84 4f 5b -- bf -- -- 4d -- bd -- -- -- -- c8 -- -- -- b1 -- -- -- -- -- 66 -- -- -- -- -- -- -- -- -- e7 -- 67 -- 71 22 -- -- -- 79 -- -- fb -- -- -- 80 -- -- e3 -- -- -- -- -- -- -- 8d -- -- -- -- 36 -- -- -- 2d -- -- bb -- cb -- -- df -- 9e 85 b6 -- -- -- a9 -- -- 8e -- -- 9a -- -- -- ad -- -- -- -- -- -- -- -- -- 47 -- -- -- -- -- -- -- b5 cd -- -- -- -- -- -- -- -- -- -- cc -- -- -- -- 11 -- -- -- -- -- d7 -- -- -- -- -- -- -- -- 19 -- -- -- ce 41 -- -- e2 dd 44 eb -- -- -- 69 -- -- f2 -- -- -- -- 6c 21 a1 -- -- -- -- -- 5a 

solutions so far:0 maxDepth:9 
iterations:40349255  skipped: 56 
Depth skipped: 
0 0 56 0 0 0 0 0 0 0 0 0 0 0 0 0 0 0 0 0 0 0 0 0 0 0 0 0 0 0 0 0 

running time: 4800 sec
 depth:8
 0  1  2  3  4  5  6  7  8  9  a  b  c  d  e  f 10 11 12 13 14 15 16 17 18 19 1a 1b 1c 1d 1e 1f 20 21 22 23 24 25 26 27 28 29 2a 2b 2c 2d 2e 2f 30 31 32 33 34 35 36 37 38 39 3a 3b 3c 3d 3e 3f 40 41 42 43 44 45 46 47 48 49 4a 4b 4c 4d 4e 4f 50 51 52 53 54 55 56 57 58 59 5a 5b 5c 5d 5e 5f 60 61 62 63 64 65 66 67 68 69 6a 6b 6c 6d 6e 6f 70 71 72 73 74 75 76 77 78 79 7a 7b 7c 7d 7e 7f 80 81 82 83 84 85 86 87 88 89 8a 8b 8c 8d 8e 8f 90 91 92 93 94 95 96 97 98 99 9a 9b 9c 9d 9e 9f a0 a1 a2 a3 a4 a5 a6 a7 a8 a9 aa ab ac ad ae af b0 b1 b2 b3 b4 b5 b6 b7 b8 b9 ba bb bc bd be bf c0 c1 c2 c3 c4 c5 c6 c7 c8 c9 ca cb cc cd ce cf d0 d1 d2 d3 d4 d5 d6 d7 d8 d9 da db dc dd de df e0 e1 e2 e3 e4 e5 e6 e7 e8 e9 ea eb ec ed ee ef f0 f1 f2 f3 f4 f5 f6 f7 f8 f9 fa fb fc fd fe ff 
 0  1  2 88  4 54 c7 c8  8 21 a8 77 59 9d 47 f3 10 b6 42 -- 87 -- ee d3 b2 -- ed -- 8e e7 31 36 20 -- bb -- 84 db -- ce d9 a6 -- --  b -- 71 -- b3 -- -- 33  d -- -- be cb 73 19 cf 62 -- 6c -- 40 -- -- -- a1 -- -- -- df -- 61 -- -- 63 4b 4f 65 -- 9b -- -- 4d -- bd 16 2d -- -- e2 -- -- -- b1 -- -- -- -- -- 66 -- 1a -- -- fa -- -- ab d5 41 -- e6 -- 32 22 49 68 c4 79 -- 46 d8 -- -- -- 80 -- -- e3 -- -- -- -- 95 -- -- 8d -- 6d -- -- 69 -- -- -- c2 -- -- 43 -- 4c c6 -- 96 b9 9e 15 ca -- -- -- e1 b7 -- 26 -- -- 9a -- -- dd ad -- 2c bf 5a b4 -- a9 -- 58 13 b0 -- -- -- 85 -- -- b5 cd -- -- -- -- -- fd -- -- -- -- cc da -- -- 34 11 -- -- -- -- 23 d7 -- -- -- -- 81 -- 7d -- 82 -- -- 5b 1b 98 -- -- 64 2a 44 eb 92 a5 d0 fb 5f -- f2 -- -- -- 8c d2 67 86 -- -- -- -- -- 53 

solutions so far:0 maxDepth:9 
iterations:44032333  skipped: 70 
Depth skipped: 
0 0 70 0 0 0 0 0 0 0 0 0 0 0 0 0 0 0 0 0 0 0 0 0 0 0 0 0 0 0 0 0 

running time: 5100 sec
 depth:7
 0  1  2  3  4  5  6  7  8  9  a  b  c  d  e  f 10 11 12 13 14 15 16 17 18 19 1a 1b 1c 1d 1e 1f 20 21 22 23 24 25 26 27 28 29 2a 2b 2c 2d 2e 2f 30 31 32 33 34 35 36 37 38 39 3a 3b 3c 3d 3e 3f 40 41 42 43 44 45 46 47 48 49 4a 4b 4c 4d 4e 4f 50 51 52 53 54 55 56 57 58 59 5a 5b 5c 5d 5e 5f 60 61 62 63 64 65 66 67 68 69 6a 6b 6c 6d 6e 6f 70 71 72 73 74 75 76 77 78 79 7a 7b 7c 7d 7e 7f 80 81 82 83 84 85 86 87 88 89 8a 8b 8c 8d 8e 8f 90 91 92 93 94 95 96 97 98 99 9a 9b 9c 9d 9e 9f a0 a1 a2 a3 a4 a5 a6 a7 a8 a9 aa ab ac ad ae af b0 b1 b2 b3 b4 b5 b6 b7 b8 b9 ba bb bc bd be bf c0 c1 c2 c3 c4 c5 c6 c7 c8 c9 ca cb cc cd ce cf d0 d1 d2 d3 d4 d5 d6 d7 d8 d9 da db dc dd de df e0 e1 e2 e3 e4 e5 e6 e7 e8 e9 ea eb ec ed ee ef f0 f1 f2 f3 f4 f5 f6 f7 f8 f9 fa fb fc fd fe ff 
 0  1  2 88  4 46 c7 1e  8 94 8c  7 59 a7 3c  6 10 -- ff -- cf --  e dc b2 -- 99 -- 78 3b  c 14 20 -- -- -- 29 c4 -- 97 49 81 -- -- 1c -- 6f -- b3 -- -- 33 e5 -- -- c0 f0 e9 76 75 18 -- 28 -- 40 -- -- -- -- -- -- -- 52 -- 5f -- -- -- f9 4f 92 -- d5 -- -- 4d -- bd 38 -- -- -- de -- -- -- b1 -- -- -- -- -- 66 -- 1d -- -- 55 -- -- 57 8b 37 --  5 -- ec 22 ea 74 30 79 -- 83 50 -- -- -- 80 -- -- e3 -- -- -- -- -- -- -- 8d -- -- -- -- a4 -- -- -- be -- -- 31 -- 7b -- -- 25 5c 9e fa f3 -- -- -- 7d 2e -- d6 -- -- 9a -- -- -- ad -- 70 -- -- -- -- -- -- e0 6b 17 -- -- -- -- -- -- b5 cd -- -- -- -- -- -- -- -- -- -- cc -- -- -- 3a 11 -- -- -- -- aa d7 -- -- -- -- ae -- c1 -- 6e -- -- --  a f6 -- --  f 23 44 eb  3 b8 e8 4a 60 -- f2 -- -- -- d1 9f a0 62 -- -- -- -- -- ab 

solutions so far:0 maxDepth:9 
iterations:47355497  skipped: 75 
Depth skipped: 
0 0 75 0 0 0 0 0 0 0 0 0 0 0 0 0 0 0 0 0 0 0 0 0 0 0 0 0 0 0 0 0 

running time: 5400 sec
 depth:8
 0  1  2  3  4  5  6  7  8  9  a  b  c  d  e  f 10 11 12 13 14 15 16 17 18 19 1a 1b 1c 1d 1e 1f 20 21 22 23 24 25 26 27 28 29 2a 2b 2c 2d 2e 2f 30 31 32 33 34 35 36 37 38 39 3a 3b 3c 3d 3e 3f 40 41 42 43 44 45 46 47 48 49 4a 4b 4c 4d 4e 4f 50 51 52 53 54 55 56 57 58 59 5a 5b 5c 5d 5e 5f 60 61 62 63 64 65 66 67 68 69 6a 6b 6c 6d 6e 6f 70 71 72 73 74 75 76 77 78 79 7a 7b 7c 7d 7e 7f 80 81 82 83 84 85 86 87 88 89 8a 8b 8c 8d 8e 8f 90 91 92 93 94 95 96 97 98 99 9a 9b 9c 9d 9e 9f a0 a1 a2 a3 a4 a5 a6 a7 a8 a9 aa ab ac ad ae af b0 b1 b2 b3 b4 b5 b6 b7 b8 b9 ba bb bc bd be bf c0 c1 c2 c3 c4 c5 c6 c7 c8 c9 ca cb cc cd ce cf d0 d1 d2 d3 d4 d5 d6 d7 d8 d9 da db dc dd de df e0 e1 e2 e3 e4 e5 e6 e7 e8 e9 ea eb ec ed ee ef f0 f1 f2 f3 f4 f5 f6 f7 f8 f9 fa fb fc fd fe ff 
 0  1  2 88  4 41 c7 2d  8 ce 82 3a 59 2e 5a 24 10 30 4b -- d3 -- 74 dd b2 -- 5c -- b4 bb 48 d2 20 -- 60 -- 96 98 -- 36 71 64 -- -- e8 -- 6d -- b3 -- -- 33 b8 -- -- 72 bf 84 a1 ef 90 -- 73 -- 40 -- -- -- c0 -- -- -- fb -- e7 -- --  6 6c 4f e2 -- c8 -- -- 4d -- bd  7 8b -- -- da -- -- -- b1 -- -- -- -- -- 66 -- a7 -- -- f8 -- -- e4 3e a9 -- df -- 95 22  9 e5 f7 79 -- 4e e6 -- -- -- 80 -- -- e3 -- -- -- -- 57 -- -- 8d -- ea -- -- 21 -- -- -- 19 -- -- 26 -- 5b  c -- d8 e0 9e 8e 13 -- -- -- 47 70 -- c6 -- -- 9a -- -- 75 ad --  e aa c1 55 -- 83 -- 1c 63 38 -- -- -- d1 -- -- b5 cd -- -- -- -- -- ae -- -- -- -- cc  3 -- -- 99 11 -- -- -- -- 27 d7 -- -- -- -- 1f -- 7c -- 85 -- -- 18 69 b6 -- -- fd cb 44 eb 12 17 1d 67 39 -- f2 -- -- -- 9c 42 1b 4c -- -- -- -- -- 32 

solutions so far:0 maxDepth:9 
iterations:50105842  skipped: 75 
Depth skipped: 
0 0 75 0 0 0 0 0 0 0 0 0 0 0 0 0 0 0 0 0 0 0 0 0 0 0 0 0 0 0 0 0 

running time: 5700 sec
 depth:6
 0  1  2  3  4  5  6  7  8  9  a  b  c  d  e  f 10 11 12 13 14 15 16 17 18 19 1a 1b 1c 1d 1e 1f 20 21 22 23 24 25 26 27 28 29 2a 2b 2c 2d 2e 2f 30 31 32 33 34 35 36 37 38 39 3a 3b 3c 3d 3e 3f 40 41 42 43 44 45 46 47 48 49 4a 4b 4c 4d 4e 4f 50 51 52 53 54 55 56 57 58 59 5a 5b 5c 5d 5e 5f 60 61 62 63 64 65 66 67 68 69 6a 6b 6c 6d 6e 6f 70 71 72 73 74 75 76 77 78 79 7a 7b 7c 7d 7e 7f 80 81 82 83 84 85 86 87 88 89 8a 8b 8c 8d 8e 8f 90 91 92 93 94 95 96 97 98 99 9a 9b 9c 9d 9e 9f a0 a1 a2 a3 a4 a5 a6 a7 a8 a9 aa ab ac ad ae af b0 b1 b2 b3 b4 b5 b6 b7 b8 b9 ba bb bc bd be bf c0 c1 c2 c3 c4 c5 c6 c7 c8 c9 ca cb cc cd ce cf d0 d1 d2 d3 d4 d5 d6 d7 d8 d9 da db dc dd de df e0 e1 e2 e3 e4 e5 e6 e7 e8 e9 ea eb ec ed ee ef f0 f1 f2 f3 f4 f5 f6 f7 f8 f9 fa fb fc fd fe ff 
 0  1  2 88  4 30 c7 ca  8 4a 60 a5 59  b 43 -- 10 -- 94 -- c0 -- 9d 53 b2 -- 16 -- 86 a8 --  a 20 -- -- -- ff aa -- a0 57 ea -- -- ed -- a6 -- b3 -- -- 33 2c -- -- -- db 9f 87 -- -- -- 14 -- 40 -- -- -- -- -- -- -- 29 -- 83 -- -- -- 97 4f ae --  3 -- -- 4d -- bd  d -- -- -- 9b -- -- -- b1 -- -- -- -- -- 66 -- 58 -- -- -- -- -- -- -- 61 -- e9 -- d9 22 -- b7 -- 79 -- -- 28 -- -- -- 80 -- -- e3 -- -- -- -- -- -- -- 8d -- -- -- -- 52 -- -- -- d1 -- -- c1 -- 2a -- -- f9 77 9e  c 8b -- -- --  6 d0 -- 15 -- -- 9a -- -- -- ad -- 1a -- -- -- -- -- -- 34 e1 68 -- -- -- -- -- -- b5 cd -- -- -- -- -- -- -- -- -- -- cc -- -- -- b0 11 -- -- -- -- -- d7 -- -- -- -- -- -- -- -- c2 -- -- --  5 54 -- -- 65 18 44 eb -- ee b9 25 -- -- f2 -- -- -- -- a4 50 55 -- -- -- -- -- 75 

solutions so far:0 maxDepth:9 
iterations:53143564  skipped: 83 
Depth skipped: 
0 0 83 0 0 0 0 0 0 0 0 0 0 0 0 0 0 0 0 0 0 0 0 0 0 0 0 0 0 0 0 0 

running time: 6000 sec
 depth:6
 0  1  2  3  4  5  6  7  8  9  a  b  c  d  e  f 10 11 12 13 14 15 16 17 18 19 1a 1b 1c 1d 1e 1f 20 21 22 23 24 25 26 27 28 29 2a 2b 2c 2d 2e 2f 30 31 32 33 34 35 36 37 38 39 3a 3b 3c 3d 3e 3f 40 41 42 43 44 45 46 47 48 49 4a 4b 4c 4d 4e 4f 50 51 52 53 54 55 56 57 58 59 5a 5b 5c 5d 5e 5f 60 61 62 63 64 65 66 67 68 69 6a 6b 6c 6d 6e 6f 70 71 72 73 74 75 76 77 78 79 7a 7b 7c 7d 7e 7f 80 81 82 83 84 85 86 87 88 89 8a 8b 8c 8d 8e 8f 90 91 92 93 94 95 96 97 98 99 9a 9b 9c 9d 9e 9f a0 a1 a2 a3 a4 a5 a6 a7 a8 a9 aa ab ac ad ae af b0 b1 b2 b3 b4 b5 b6 b7 b8 b9 ba bb bc bd be bf c0 c1 c2 c3 c4 c5 c6 c7 c8 c9 ca cb cc cd ce cf d0 d1 d2 d3 d4 d5 d6 d7 d8 d9 da db dc dd de df e0 e1 e2 e3 e4 e5 e6 e7 e8 e9 ea eb ec ed ee ef f0 f1 f2 f3 f4 f5 f6 f7 f8 f9 fa fb fc fd fe ff 
 0  1  2 88  4 1f c7 ae  8 15 3e 3d 59 89 8b -- 10 -- 2a -- 7c -- 7a d1 b2 -- c5 -- c1 30 -- 86 20 -- -- -- 54  9 -- 53 f8 90 -- -- f4 -- 75 -- b3 -- -- 33 5d -- -- -- 55 65 60 -- -- -- db -- 40 -- -- -- -- -- -- -- a8 -- 12 -- -- -- a6 4f 27 -- f7 -- -- 4d -- bd 3f -- -- -- ea -- -- -- b1 -- -- -- -- -- 66 -- ba -- -- -- -- -- -- -- aa -- ca -- c0 22 -- 91 -- 79 -- -- 61 -- -- -- 80 -- -- e3 -- -- -- -- -- -- -- 8d -- -- -- -- 87 -- -- -- 24 -- -- 9c --  c -- -- 9b bc 9e 72 4e -- -- -- 39 5e --  6 -- -- 9a -- -- -- ad -- 7e -- -- -- -- -- -- fc  3 2f -- -- -- -- -- -- b5 cd -- -- -- -- -- -- -- -- -- -- cc -- -- -- a3 11 -- -- -- -- -- d7 -- -- -- -- -- -- -- -- 83 -- -- -- 43 18 -- -- 57 e4 44 eb -- af f5 e1 -- -- f2 -- -- -- -- d9 c2 ef -- -- -- -- -- 48 

solutions so far:0 maxDepth:9 
iterations:57353691  skipped: 91 
Depth skipped: 
0 0 91 0 0 0 0 0 0 0 0 0 0 0 0 0 0 0 0 0 0 0 0 0 0 0 0 0 0 0 0 0 

running time: 6300 sec
 depth:8
 0  1  2  3  4  5  6  7  8  9  a  b  c  d  e  f 10 11 12 13 14 15 16 17 18 19 1a 1b 1c 1d 1e 1f 20 21 22 23 24 25 26 27 28 29 2a 2b 2c 2d 2e 2f 30 31 32 33 34 35 36 37 38 39 3a 3b 3c 3d 3e 3f 40 41 42 43 44 45 46 47 48 49 4a 4b 4c 4d 4e 4f 50 51 52 53 54 55 56 57 58 59 5a 5b 5c 5d 5e 5f 60 61 62 63 64 65 66 67 68 69 6a 6b 6c 6d 6e 6f 70 71 72 73 74 75 76 77 78 79 7a 7b 7c 7d 7e 7f 80 81 82 83 84 85 86 87 88 89 8a 8b 8c 8d 8e 8f 90 91 92 93 94 95 96 97 98 99 9a 9b 9c 9d 9e 9f a0 a1 a2 a3 a4 a5 a6 a7 a8 a9 aa ab ac ad ae af b0 b1 b2 b3 b4 b5 b6 b7 b8 b9 ba bb bc bd be bf c0 c1 c2 c3 c4 c5 c6 c7 c8 c9 ca cb cc cd ce cf d0 d1 d2 d3 d4 d5 d6 d7 d8 d9 da db dc dd de df e0 e1 e2 e3 e4 e5 e6 e7 e8 e9 ea eb ec ed ee ef f0 f1 f2 f3 f4 f5 f6 f7 f8 f9 fa fb fc fd fe ff 
 0  1  2 88  4 19 c7 e6  8 c4 32 94 59 28 1b db 10 74 5f -- 64 -- ff ce b2 -- 50 -- 36 df 61 46 20 -- e8 -- be 82 -- 92 c8 13 -- -- 29 -- 4b -- b3 -- -- 33 a0 -- -- 9b 6c 7d 69 ca c2 -- 8c -- 40 -- -- --  7 -- -- -- ab -- d3 -- -- e5 f3 4f 47 -- 26 -- -- 4d -- bd 52 38 -- -- 96 -- -- -- b1 -- -- -- -- -- 66 -- 97 -- -- a8 -- -- e1 2a d8 -- fa -- d2 22 43 25 53 79 -- d9 cf -- -- -- 80 -- -- e3 -- -- -- --  e -- -- 8d -- a7 -- -- 81 -- -- -- 71 -- -- cb -- 42 1d -- 31  a 9e 98 8e -- -- -- 4c  5 -- 21 -- -- 9a -- -- b8 ad -- a4 17 70 e0 -- 2e -- 9f fb e9 -- -- -- 5c -- -- b5 cd -- -- -- -- -- 1c -- -- -- -- cc 99 -- -- f9 11 -- -- -- -- 87 d7 -- -- -- -- 15 -- 54 -- 67 -- -- 3a 23 84 -- -- 73 e7 44 eb 86 14 4a 62 a6 -- f2 -- -- -- 65 d5 49 41 -- -- -- -- -- e2 

solutions so far:0 maxDepth:9 
iterations:60750019  skipped: 91 
Depth skipped: 
0 0 91 0 0 0 0 0 0 0 0 0 0 0 0 0 0 0 0 0 0 0 0 0 0 0 0 0 0 0 0 0 

running time: 6600 sec
 depth:7
 0  1  2  3  4  5  6  7  8  9  a  b  c  d  e  f 10 11 12 13 14 15 16 17 18 19 1a 1b 1c 1d 1e 1f 20 21 22 23 24 25 26 27 28 29 2a 2b 2c 2d 2e 2f 30 31 32 33 34 35 36 37 38 39 3a 3b 3c 3d 3e 3f 40 41 42 43 44 45 46 47 48 49 4a 4b 4c 4d 4e 4f 50 51 52 53 54 55 56 57 58 59 5a 5b 5c 5d 5e 5f 60 61 62 63 64 65 66 67 68 69 6a 6b 6c 6d 6e 6f 70 71 72 73 74 75 76 77 78 79 7a 7b 7c 7d 7e 7f 80 81 82 83 84 85 86 87 88 89 8a 8b 8c 8d 8e 8f 90 91 92 93 94 95 96 97 98 99 9a 9b 9c 9d 9e 9f a0 a1 a2 a3 a4 a5 a6 a7 a8 a9 aa ab ac ad ae af b0 b1 b2 b3 b4 b5 b6 b7 b8 b9 ba bb bc bd be bf c0 c1 c2 c3 c4 c5 c6 c7 c8 c9 ca cb cc cd ce cf d0 d1 d2 d3 d4 d5 d6 d7 d8 d9 da db dc dd de df e0 e1 e2 e3 e4 e5 e6 e7 e8 e9 ea eb ec ed ee ef f0 f1 f2 f3 f4 f5 f6 f7 f8 f9 fa fb fc fd fe ff 
 0  1  2 88  4  d c7 21  8 61 1a ba 59 2f 42 64 10 -- c2 -- 34 -- a3 73 b2 -- 5e -- 84 ce c8 a8 20 -- -- -- 53 16 -- ca 68 b7 -- -- 91 -- e6 -- b3 -- -- 33 bc -- -- 41 df 15 4b e7 47 -- 87 -- 40 -- -- -- -- -- -- -- a6 -- 2c -- -- -- 43 4f d0 -- b9 -- -- 4d -- bd f5 -- -- -- 1b -- -- -- b1 -- -- -- -- -- 66 -- af -- -- 13 -- -- 82 71 69 -- 2a -- 96 22 19 c5 8e 79 -- 4c d9 -- -- -- 80 -- -- e3 -- -- -- -- -- -- -- 8d -- -- -- -- 9b -- -- -- 58 -- -- ee -- d8 -- -- 86 7e 9e 9d 77 -- -- -- a5 3f -- 6c -- -- 9a -- -- -- ad -- 3d -- -- -- -- -- -- 7a 36 f4 -- -- -- -- -- -- b5 cd -- -- -- -- -- -- -- -- -- -- cc -- -- -- 89 11 -- -- -- -- 26 d7 -- -- -- -- d3 -- e2 -- d2 -- -- -- 54 67 -- -- fb ed 44 eb 32 fc 5d db cb -- f2 -- -- -- 98 e1 65  b -- -- -- -- -- b0 

solutions so far:0 maxDepth:9 
iterations:63267761  skipped: 97 
Depth skipped: 
0 0 97 0 0 0 0 0 0 0 0 0 0 0 0 0 0 0 0 0 0 0 0 0 0 0 0 0 0 0 0 0 

running time: 6900 sec

Finished. Total running time: 7045 sec
