Search S-boxes invariant for matrix: 
{0x00,0x02,0x04,0x06,0x08,0x0a,0x0c,0x0e,0x10,0x12,0x14,0x16,0x18,0x1a,0x1c,0x1e,0x20,0x22,0x24,0x26,0x28,0x2a,0x2c,0x2e,0x30,0x32,0x34,0x36,0x38,0x3a,0x3c,0x3e,0x40,0x42,0x44,0x46,0x48,0x4a,0x4c,0x4e,0x50,0x52,0x54,0x56,0x58,0x5a,0x5c,0x5e,0x60,0x62,0x64,0x66,0x68,0x6a,0x6c,0x6e,0x70,0x72,0x74,0x76,0x78,0x7a,0x7c,0x7e,0x80,0x82,0x84,0x86,0x88,0x8a,0x8c,0x8e,0x90,0x92,0x94,0x96,0x98,0x9a,0x9c,0x9e,0xa0,0xa2,0xa4,0xa6,0xa8,0xaa,0xac,0xae,0xb0,0xb2,0xb4,0xb6,0xb8,0xba,0xbc,0xbe,0xc0,0xc2,0xc4,0xc6,0xc8,0xca,0xcc,0xce,0xd0,0xd2,0xd4,0xd6,0xd8,0xda,0xdc,0xde,0xe0,0xe2,0xe4,0xe6,0xe8,0xea,0xec,0xee,0xf0,0xf2,0xf4,0xf6,0xf8,0xfa,0xfc,0xfe,0xd7,0xd5,0xd3,0xd1,0xdf,0xdd,0xdb,0xd9,0xc7,0xc5,0xc3,0xc1,0xcf,0xcd,0xcb,0xc9,0xf7,0xf5,0xf3,0xf1,0xff,0xfd,0xfb,0xf9,0xe7,0xe5,0xe3,0xe1,0xef,0xed,0xeb,0xe9,0x97,0x95,0x93,0x91,0x9f,0x9d,0x9b,0x99,0x87,0x85,0x83,0x81,0x8f,0x8d,0x8b,0x89,0xb7,0xb5,0xb3,0xb1,0xbf,0xbd,0xbb,0xb9,0xa7,0xa5,0xa3,0xa1,0xaf,0xad,0xab,0xa9,0x57,0x55,0x53,0x51,0x5f,0x5d,0x5b,0x59,0x47,0x45,0x43,0x41,0x4f,0x4d,0x4b,0x49,0x77,0x75,0x73,0x71,0x7f,0x7d,0x7b,0x79,0x67,0x65,0x63,0x61,0x6f,0x6d,0x6b,0x69,0x17,0x15,0x13,0x11,0x1f,0x1d,0x1b,0x19,0x07,0x05,0x03,0x01,0x0f,0x0d,0x0b,0x09,0x37,0x35,0x33,0x31,0x3f,0x3d,0x3b,0x39,0x27,0x25,0x23,0x21,0x2f,0x2d,0x2b,0x29};



 depth:7
 0  1  2  3  4  5  6  7  8  9  a  b  c  d  e  f 10 11 12 13 14 15 16 17 18 19 1a 1b 1c 1d 1e 1f 20 21 22 23 24 25 26 27 28 29 2a 2b 2c 2d 2e 2f 30 31 32 33 34 35 36 37 38 39 3a 3b 3c 3d 3e 3f 40 41 42 43 44 45 46 47 48 49 4a 4b 4c 4d 4e 4f 50 51 52 53 54 55 56 57 58 59 5a 5b 5c 5d 5e 5f 60 61 62 63 64 65 66 67 68 69 6a 6b 6c 6d 6e 6f 70 71 72 73 74 75 76 77 78 79 7a 7b 7c 7d 7e 7f 80 81 82 83 84 85 86 87 88 89 8a 8b 8c 8d 8e 8f 90 91 92 93 94 95 96 97 98 99 9a 9b 9c 9d 9e 9f a0 a1 a2 a3 a4 a5 a6 a7 a8 a9 aa ab ac ad ae af b0 b1 b2 b3 b4 b5 b6 b7 b8 b9 ba bb bc bd be bf c0 c1 c2 c3 c4 c5 c6 c7 c8 c9 ca cb cc cd ce cf d0 d1 d2 d3 d4 d5 d6 d7 d8 d9 da db dc dd de df e0 e1 e2 e3 e4 e5 e6 e7 e8 e9 ea eb ec ed ee ef f0 f1 f2 f3 f4 f5 f6 f7 f8 f9 fa fb fc fd fe ff 
 0  1  2 85  4 f8 dd fb  8 13 27 7d 6d 62 21 34 10 -- 26 -- 4e -- fa d2 da -- c4 -- 42 67 68 47 20 -- -- -- 4c 48 -- 82 9c 72 -- -- 23 -- 73 -- 63 -- -- 33 5f -- --  b 84 32 ce ed d0 -- 8e -- 40 -- -- -- -- -- -- -- 98 -- 90 -- -- -- d3 4f ef -- e4 -- -- fd -- b6 46 -- -- -- e6 -- -- -- c6 -- -- -- -- -- 66 -- be -- -- b7 -- -- 16 58 df -- 64 -- 4b bf  d 81 77 79 -- a5 cb -- -- -- 80 -- -- 5a -- -- -- -- -- -- -- a1 -- -- -- -- e7 -- -- -- f7 -- -- 12 -- 6c -- -- 71 f3 9e 3e  9 -- -- -- 1f 92 -- 36 -- -- 2d -- -- -- bb -- 8c -- -- -- -- -- -- cf 1b 49 -- -- -- -- -- -- 5b 95 -- -- -- -- -- -- -- -- -- -- cc -- -- -- ab b4 -- -- -- -- b9 d7 -- -- -- -- 2c -- b0 -- 69 -- -- -- c8 d8 -- -- 96 7c a9 eb 1a 31 d5 e2 ee -- f2 -- -- -- 9d 19 41 24 -- -- -- -- -- 39 

solutions so far:0 maxDepth:10 
iterations:2187062  skipped: 3 
Depth skipped: 
0 0 3 0 0 0 0 0 0 0 0 0 0 0 0 0 0 0 0 0 0 0 0 0 0 0 0 0 0 0 0 0 

running time: 300 sec
 depth:6
 0  1  2  3  4  5  6  7  8  9  a  b  c  d  e  f 10 11 12 13 14 15 16 17 18 19 1a 1b 1c 1d 1e 1f 20 21 22 23 24 25 26 27 28 29 2a 2b 2c 2d 2e 2f 30 31 32 33 34 35 36 37 38 39 3a 3b 3c 3d 3e 3f 40 41 42 43 44 45 46 47 48 49 4a 4b 4c 4d 4e 4f 50 51 52 53 54 55 56 57 58 59 5a 5b 5c 5d 5e 5f 60 61 62 63 64 65 66 67 68 69 6a 6b 6c 6d 6e 6f 70 71 72 73 74 75 76 77 78 79 7a 7b 7c 7d 7e 7f 80 81 82 83 84 85 86 87 88 89 8a 8b 8c 8d 8e 8f 90 91 92 93 94 95 96 97 98 99 9a 9b 9c 9d 9e 9f a0 a1 a2 a3 a4 a5 a6 a7 a8 a9 aa ab ac ad ae af b0 b1 b2 b3 b4 b5 b6 b7 b8 b9 ba bb bc bd be bf c0 c1 c2 c3 c4 c5 c6 c7 c8 c9 ca cb cc cd ce cf d0 d1 d2 d3 d4 d5 d6 d7 d8 d9 da db dc dd de df e0 e1 e2 e3 e4 e5 e6 e7 e8 e9 ea eb ec ed ee ef f0 f1 f2 f3 f4 f5 f6 f7 f8 f9 fa fb fc fd fe ff 
 0  1  2 85  4 f5 dd 12  8  a 3d 2e 6d  7 24 -- 10 -- 14 -- 7a -- 5c 72 da --  e -- 48 4e -- 94 20 -- -- -- 28 5e -- a4 f4 c5 -- -- b8 -- e4 -- 63 -- -- 33 1c -- -- -- 90 f9 9c -- -- -- ff -- 40 -- -- -- -- -- -- -- 50 -- bc -- -- -- 9f 4f 3f -- 5d -- -- fd -- b6 a7 -- -- -- 1f -- -- -- c6 -- -- -- -- -- 66 -- 38 -- -- -- -- -- -- -- f7 -- 25 -- ef bf -- e0 -- 79 -- -- 29 -- -- -- 80 -- -- 5a -- -- -- -- -- -- -- a1 -- -- -- -- a0 -- -- -- af -- -- fc -- f8 -- -- e9 74 9e a3 7e -- -- -- ba 3a -- 7c -- -- 2d -- -- -- bb -- 99 -- -- -- -- -- -- e5 3e 1d -- -- -- -- -- -- 5b 95 -- -- -- -- -- -- -- -- -- -- cc -- -- -- 70 b4 -- -- -- -- -- d7 -- -- -- -- -- -- -- -- 39 -- -- -- 4a 27 -- --  9 91 a9 eb -- e8 17  5 -- -- f2 -- -- -- -- 97 52 2f -- -- -- -- -- 89 

solutions so far:0 maxDepth:10 
iterations:4228802  skipped: 4 
Depth skipped: 
0 0 4 0 0 0 0 0 0 0 0 0 0 0 0 0 0 0 0 0 0 0 0 0 0 0 0 0 0 0 0 0 

running time: 600 sec
 depth:7
 0  1  2  3  4  5  6  7  8  9  a  b  c  d  e  f 10 11 12 13 14 15 16 17 18 19 1a 1b 1c 1d 1e 1f 20 21 22 23 24 25 26 27 28 29 2a 2b 2c 2d 2e 2f 30 31 32 33 34 35 36 37 38 39 3a 3b 3c 3d 3e 3f 40 41 42 43 44 45 46 47 48 49 4a 4b 4c 4d 4e 4f 50 51 52 53 54 55 56 57 58 59 5a 5b 5c 5d 5e 5f 60 61 62 63 64 65 66 67 68 69 6a 6b 6c 6d 6e 6f 70 71 72 73 74 75 76 77 78 79 7a 7b 7c 7d 7e 7f 80 81 82 83 84 85 86 87 88 89 8a 8b 8c 8d 8e 8f 90 91 92 93 94 95 96 97 98 99 9a 9b 9c 9d 9e 9f a0 a1 a2 a3 a4 a5 a6 a7 a8 a9 aa ab ac ad ae af b0 b1 b2 b3 b4 b5 b6 b7 b8 b9 ba bb bc bd be bf c0 c1 c2 c3 c4 c5 c6 c7 c8 c9 ca cb cc cd ce cf d0 d1 d2 d3 d4 d5 d6 d7 d8 d9 da db dc dd de df e0 e1 e2 e3 e4 e5 e6 e7 e8 e9 ea eb ec ed ee ef f0 f1 f2 f3 f4 f5 f6 f7 f8 f9 fa fb fc fd fe ff 
 0  1  2 85  4 ea dd 1b  8 c5  3 4e 6d 72 36 22 10 -- 5d --  6 -- 9c 4b da -- e4 -- 6c 69 44 3f 20 -- -- -- ba 57 -- 5e  c 55 -- -- ef -- 96 -- 63 -- -- 33 1f -- -- b2 d8 3d d2 9a 88 -- 7e -- 40 -- -- -- -- -- -- -- a3 -- ae -- -- -- bc 4f 18 -- aa -- -- fd -- b6  9 -- -- -- fb -- -- -- c6 -- -- -- -- -- 66 -- 3e -- -- ad -- -- b3 b5 67 -- 7a -- 73 bf e3 f8 c7 79 -- cd fc -- -- -- 80 -- -- 5a -- -- -- -- -- -- -- a1 -- -- -- -- 91 -- -- -- 8b -- -- 60 -- 84 -- -- af f7 9e d1 30 -- -- -- 83 90 -- 42 -- -- 2d -- -- -- bb -- 12 -- -- -- -- -- -- 24 21 48 -- -- -- -- -- -- 5b 95 -- -- -- -- -- -- -- -- -- -- cc -- -- -- 7c b4 -- -- -- -- 8d d7 -- -- -- -- b1 -- bd -- ce -- -- -- f4 df -- -- e6 75 a9 eb 11 39 27 89 59 -- f2 -- -- -- 4d f5 2f c0 -- -- -- -- -- c1 

solutions so far:0 maxDepth:10 
iterations:6198729  skipped: 9 
Depth skipped: 
0 0 9 0 0 0 0 0 0 0 0 0 0 0 0 0 0 0 0 0 0 0 0 0 0 0 0 0 0 0 0 0 

running time: 900 sec
 depth:7
 0  1  2  3  4  5  6  7  8  9  a  b  c  d  e  f 10 11 12 13 14 15 16 17 18 19 1a 1b 1c 1d 1e 1f 20 21 22 23 24 25 26 27 28 29 2a 2b 2c 2d 2e 2f 30 31 32 33 34 35 36 37 38 39 3a 3b 3c 3d 3e 3f 40 41 42 43 44 45 46 47 48 49 4a 4b 4c 4d 4e 4f 50 51 52 53 54 55 56 57 58 59 5a 5b 5c 5d 5e 5f 60 61 62 63 64 65 66 67 68 69 6a 6b 6c 6d 6e 6f 70 71 72 73 74 75 76 77 78 79 7a 7b 7c 7d 7e 7f 80 81 82 83 84 85 86 87 88 89 8a 8b 8c 8d 8e 8f 90 91 92 93 94 95 96 97 98 99 9a 9b 9c 9d 9e 9f a0 a1 a2 a3 a4 a5 a6 a7 a8 a9 aa ab ac ad ae af b0 b1 b2 b3 b4 b5 b6 b7 b8 b9 ba bb bc bd be bf c0 c1 c2 c3 c4 c5 c6 c7 c8 c9 ca cb cc cd ce cf d0 d1 d2 d3 d4 d5 d6 d7 d8 d9 da db dc dd de df e0 e1 e2 e3 e4 e5 e6 e7 e8 e9 ea eb ec ed ee ef f0 f1 f2 f3 f4 f5 f6 f7 f8 f9 fa fb fc fd fe ff 
 0  1  2 85  4 e3 dd 27  8 c9 11 e7 6d d3 4e 96 10 -- 45 -- 22 -- 19 24 da -- 71 -- 9c 1f fb 6a 20 -- -- -- 8a b3 -- 2b 44 ad -- -- 32 -- 48 -- 63 -- -- 33 e2 -- -- df ef 93 3e 67 21 -- d4 -- 40 -- -- -- -- -- -- -- c3 -- b1 -- -- -- 56 4f 88 -- 8d -- -- fd -- b6 64 -- -- -- 90 -- -- -- c6 -- -- -- -- -- 66 -- 13 -- -- 1b -- -- 69 73  9 -- f1 -- 7c bf ce 4c 42 79 -- 6c 7f -- -- -- 80 -- -- 5a -- -- -- -- -- -- -- a1 -- -- -- -- 51 -- -- -- b5 -- -- 59 -- 72 -- -- ac 41 9e 4d c7 -- -- -- cd cb -- 39 -- -- 2d -- -- -- bb -- c8 -- -- -- -- -- -- 47 f7 8e -- -- -- -- -- -- 5b 95 -- -- -- -- -- -- -- -- -- -- cc -- -- -- 26 b4 -- -- -- -- 36 d7 -- -- -- -- d2 -- e6 -- 12 -- -- -- 35 e4 -- -- f8 9a a9 eb 4b 82 98 8f 84 -- f2 -- -- -- d8 a2 fe b2 -- -- -- -- -- bd 

solutions so far:0 maxDepth:10 
iterations:8236446  skipped: 11 
Depth skipped: 
0 0 11 0 0 0 0 0 0 0 0 0 0 0 0 0 0 0 0 0 0 0 0 0 0 0 0 0 0 0 0 0 

running time: 1200 sec
 depth:6
 0  1  2  3  4  5  6  7  8  9  a  b  c  d  e  f 10 11 12 13 14 15 16 17 18 19 1a 1b 1c 1d 1e 1f 20 21 22 23 24 25 26 27 28 29 2a 2b 2c 2d 2e 2f 30 31 32 33 34 35 36 37 38 39 3a 3b 3c 3d 3e 3f 40 41 42 43 44 45 46 47 48 49 4a 4b 4c 4d 4e 4f 50 51 52 53 54 55 56 57 58 59 5a 5b 5c 5d 5e 5f 60 61 62 63 64 65 66 67 68 69 6a 6b 6c 6d 6e 6f 70 71 72 73 74 75 76 77 78 79 7a 7b 7c 7d 7e 7f 80 81 82 83 84 85 86 87 88 89 8a 8b 8c 8d 8e 8f 90 91 92 93 94 95 96 97 98 99 9a 9b 9c 9d 9e 9f a0 a1 a2 a3 a4 a5 a6 a7 a8 a9 aa ab ac ad ae af b0 b1 b2 b3 b4 b5 b6 b7 b8 b9 ba bb bc bd be bf c0 c1 c2 c3 c4 c5 c6 c7 c8 c9 ca cb cc cd ce cf d0 d1 d2 d3 d4 d5 d6 d7 d8 d9 da db dc dd de df e0 e1 e2 e3 e4 e5 e6 e7 e8 e9 ea eb ec ed ee ef f0 f1 f2 f3 f4 f5 f6 f7 f8 f9 fa fb fc fd fe ff 
 0  1  2 85  4 dc dd 2e  8 4c 6f 73 6d fb 5c -- 10 -- 98 -- de -- e6 1d da -- 21 -- b8 38 -- cb 20 -- -- -- e7 76 -- 71 6b 3c -- -- 1b -- 3a -- 63 -- -- 33 42 -- -- -- a7 c8 70 -- -- -- 41 -- 40 -- -- -- -- -- -- -- 19 -- ec -- -- -- e2 4f d6 -- 78 -- -- fd -- b6 36 -- -- -- 74 -- -- -- c6 -- -- -- -- -- 66 -- 84 -- -- -- -- -- -- -- 99 -- 47 -- e0 bf -- 69 -- 79 -- -- 82 -- -- -- 80 -- -- 5a -- -- -- -- -- -- -- a1 -- -- -- -- 32 -- -- --  f -- -- f6 --  e -- -- 13 4b 9e 37 7b -- -- -- f0 ce --  7 -- -- 2d -- -- -- bb -- 6c -- -- -- -- -- -- d8 e8 67 -- -- -- -- -- -- 5b 95 -- -- -- -- -- -- -- -- -- -- cc -- -- -- df b4 -- -- -- -- -- d7 -- -- -- -- -- -- -- -- e5 -- -- -- 8e 1c -- -- 17 6e a9 eb -- 96 d2 26 -- -- f2 -- -- -- -- 64 d3 3b -- -- -- -- -- 1e 

solutions so far:0 maxDepth:10 
iterations:10311201  skipped: 12 
Depth skipped: 
0 0 12 0 0 0 0 0 0 0 0 0 0 0 0 0 0 0 0 0 0 0 0 0 0 0 0 0 0 0 0 0 

running time: 1500 sec
 depth:6
 0  1  2  3  4  5  6  7  8  9  a  b  c  d  e  f 10 11 12 13 14 15 16 17 18 19 1a 1b 1c 1d 1e 1f 20 21 22 23 24 25 26 27 28 29 2a 2b 2c 2d 2e 2f 30 31 32 33 34 35 36 37 38 39 3a 3b 3c 3d 3e 3f 40 41 42 43 44 45 46 47 48 49 4a 4b 4c 4d 4e 4f 50 51 52 53 54 55 56 57 58 59 5a 5b 5c 5d 5e 5f 60 61 62 63 64 65 66 67 68 69 6a 6b 6c 6d 6e 6f 70 71 72 73 74 75 76 77 78 79 7a 7b 7c 7d 7e 7f 80 81 82 83 84 85 86 87 88 89 8a 8b 8c 8d 8e 8f 90 91 92 93 94 95 96 97 98 99 9a 9b 9c 9d 9e 9f a0 a1 a2 a3 a4 a5 a6 a7 a8 a9 aa ab ac ad ae af b0 b1 b2 b3 b4 b5 b6 b7 b8 b9 ba bb bc bd be bf c0 c1 c2 c3 c4 c5 c6 c7 c8 c9 ca cb cc cd ce cf d0 d1 d2 d3 d4 d5 d6 d7 d8 d9 da db dc dd de df e0 e1 e2 e3 e4 e5 e6 e7 e8 e9 ea eb ec ed ee ef f0 f1 f2 f3 f4 f5 f6 f7 f8 f9 fa fb fc fd fe ff 
 0  1  2 85  4 d5 dd 1d  8 a5 7d cb 6d e7 3a -- 10 -- 9d -- fa -- 41 1c da -- 19 -- 74 b8 -- ee 20 -- -- -- ed 92 -- 58 23 c4 -- -- 82 -- 38 -- 63 -- -- 33 32 -- -- -- e8 68 a7 -- -- --  b -- 40 -- -- -- -- -- -- --  d -- f3 -- -- -- b0 4f 46 -- 5f -- -- fd -- b6 d3 -- -- -- 70 -- -- -- c6 -- -- -- -- -- 66 -- 64 -- -- -- -- -- -- --  7 -- d0 -- 99 bf -- 47 -- 79 -- -- 16 -- -- -- 80 -- -- 5a -- -- -- -- -- -- -- a1 -- -- -- -- 1a -- -- -- 31 -- -- cf -- 2e -- -- b7 4c 9e ab 8c -- -- -- be 26 -- 17 -- -- 2d -- -- -- bb -- 71 -- -- -- -- -- -- e2 e0 13 -- -- -- -- -- -- 5b 95 -- -- -- -- -- -- -- -- -- -- cc -- -- -- c8 b4 -- -- -- -- -- d7 -- -- -- -- -- -- -- --  e -- -- -- 77 5c -- -- e5 81 a9 eb -- 98 8e b9 -- -- f2 -- -- -- -- 34 2c 49 -- -- -- -- -- 62 

solutions so far:0 maxDepth:10 
iterations:12413073  skipped: 14 
Depth skipped: 
0 0 14 0 0 0 0 0 0 0 0 0 0 0 0 0 0 0 0 0 0 0 0 0 0 0 0 0 0 0 0 0 

running time: 1800 sec
 depth:6
 0  1  2  3  4  5  6  7  8  9  a  b  c  d  e  f 10 11 12 13 14 15 16 17 18 19 1a 1b 1c 1d 1e 1f 20 21 22 23 24 25 26 27 28 29 2a 2b 2c 2d 2e 2f 30 31 32 33 34 35 36 37 38 39 3a 3b 3c 3d 3e 3f 40 41 42 43 44 45 46 47 48 49 4a 4b 4c 4d 4e 4f 50 51 52 53 54 55 56 57 58 59 5a 5b 5c 5d 5e 5f 60 61 62 63 64 65 66 67 68 69 6a 6b 6c 6d 6e 6f 70 71 72 73 74 75 76 77 78 79 7a 7b 7c 7d 7e 7f 80 81 82 83 84 85 86 87 88 89 8a 8b 8c 8d 8e 8f 90 91 92 93 94 95 96 97 98 99 9a 9b 9c 9d 9e 9f a0 a1 a2 a3 a4 a5 a6 a7 a8 a9 aa ab ac ad ae af b0 b1 b2 b3 b4 b5 b6 b7 b8 b9 ba bb bc bd be bf c0 c1 c2 c3 c4 c5 c6 c7 c8 c9 ca cb cc cd ce cf d0 d1 d2 d3 d4 d5 d6 d7 d8 d9 da db dc dd de df e0 e1 e2 e3 e4 e5 e6 e7 e8 e9 ea eb ec ed ee ef f0 f1 f2 f3 f4 f5 f6 f7 f8 f9 fa fb fc fd fe ff 
 0  1  2 85  4 c9 dd a7  8 e3 45 48 6d 27 99 -- 10 -- 11 -- 8a -- 90 e8 da -- 4e -- e5 17 -- b1 20 -- -- -- 22 35 -- 8d c3 fe -- -- f7 --  7 -- 63 -- -- 33 9c -- -- -- 1d 59 2e -- -- -- b5 -- 40 -- -- -- -- -- -- -- 44 -- 6a -- -- -- cd 4f 51 -- 2b -- -- fd -- b6 39 -- -- --  e -- -- -- c6 -- -- -- -- -- 66 -- ef -- -- -- -- -- -- -- 3a -- b2 -- 5c bf -- 12 -- 79 -- -- bd -- -- -- 80 -- -- 5a -- -- -- -- -- -- -- a1 -- -- -- -- 88 -- -- -- d4 -- -- 93 -- 70 -- -- 4d 7c 9e ac a2 -- -- -- 56 3e -- 38 -- -- 2d -- -- -- bb -- 72 -- -- -- -- -- -- e4 1c 1f -- -- -- -- -- -- 5b 95 -- -- -- -- -- -- -- -- -- -- cc -- -- --  9 b4 -- -- -- -- -- d7 -- -- -- -- -- -- -- -- 74 -- -- -- b3 e0 -- -- b8 8f a9 eb -- f8 24 9a -- -- f2 -- -- -- -- c7 ad f1 -- -- -- -- -- 7f 

solutions so far:0 maxDepth:10 
iterations:15573716  skipped: 19 
Depth skipped: 
0 0 19 0 0 0 0 0 0 0 0 0 0 0 0 0 0 0 0 0 0 0 0 0 0 0 0 0 0 0 0 0 

running time: 2100 sec
 depth:6
 0  1  2  3  4  5  6  7  8  9  a  b  c  d  e  f 10 11 12 13 14 15 16 17 18 19 1a 1b 1c 1d 1e 1f 20 21 22 23 24 25 26 27 28 29 2a 2b 2c 2d 2e 2f 30 31 32 33 34 35 36 37 38 39 3a 3b 3c 3d 3e 3f 40 41 42 43 44 45 46 47 48 49 4a 4b 4c 4d 4e 4f 50 51 52 53 54 55 56 57 58 59 5a 5b 5c 5d 5e 5f 60 61 62 63 64 65 66 67 68 69 6a 6b 6c 6d 6e 6f 70 71 72 73 74 75 76 77 78 79 7a 7b 7c 7d 7e 7f 80 81 82 83 84 85 86 87 88 89 8a 8b 8c 8d 8e 8f 90 91 92 93 94 95 96 97 98 99 9a 9b 9c 9d 9e 9f a0 a1 a2 a3 a4 a5 a6 a7 a8 a9 aa ab ac ad ae af b0 b1 b2 b3 b4 b5 b6 b7 b8 b9 ba bb bc bd be bf c0 c1 c2 c3 c4 c5 c6 c7 c8 c9 ca cb cc cd ce cf d0 d1 d2 d3 d4 d5 d6 d7 d8 d9 da db dc dd de df e0 e1 e2 e3 e4 e5 e6 e7 e8 e9 ea eb ec ed ee ef f0 f1 f2 f3 f4 f5 f6 f7 f8 f9 fa fb fc fd fe ff 
 0  1  2 85  4 c0 dd 72  8 a8 57 6f 6d 1e e4 -- 10 -- 87 -- ae -- de 27 da -- 3c -- 1f 48 -- c2 20 -- -- -- d9 d1 -- e1 8b  6 -- -- 6b -- 4e -- 63 -- -- 33 78 -- -- -- 3e 86 90 -- -- -- 53 -- 40 -- -- -- -- -- -- -- 65 -- 75 -- -- -- 15 4f c1 --  c -- -- fd -- b6 d6 -- -- -- 9c -- -- -- c6 -- -- -- -- -- 66 -- f0 -- -- -- -- -- -- -- 7c -- db -- f7 bf -- 6e -- 79 -- -- a6 -- -- -- 80 -- -- 5a -- -- -- -- -- -- -- a1 -- -- -- -- ca -- -- -- ea -- -- aa -- 12 -- -- 2a ec 9e 30 55 -- -- -- 18 76 --  9 -- -- 2d -- -- -- bb -- 7b -- -- -- -- -- -- f6 ef 3b -- -- -- -- -- -- 5b 95 -- -- -- -- -- -- -- -- -- -- cc -- -- -- 37 b4 -- -- -- -- -- d7 -- -- -- -- -- -- -- -- f8 -- -- -- 61 24 -- -- 39 60 a9 eb --  f dc 54 -- -- f2 -- -- -- -- 43 9b 83 -- -- -- -- --  3 

solutions so far:0 maxDepth:10 
iterations:18592659  skipped: 23 
Depth skipped: 
0 0 23 0 0 0 0 0 0 0 0 0 0 0 0 0 0 0 0 0 0 0 0 0 0 0 0 0 0 0 0 0 

running time: 2400 sec
 depth:6
 0  1  2  3  4  5  6  7  8  9  a  b  c  d  e  f 10 11 12 13 14 15 16 17 18 19 1a 1b 1c 1d 1e 1f 20 21 22 23 24 25 26 27 28 29 2a 2b 2c 2d 2e 2f 30 31 32 33 34 35 36 37 38 39 3a 3b 3c 3d 3e 3f 40 41 42 43 44 45 46 47 48 49 4a 4b 4c 4d 4e 4f 50 51 52 53 54 55 56 57 58 59 5a 5b 5c 5d 5e 5f 60 61 62 63 64 65 66 67 68 69 6a 6b 6c 6d 6e 6f 70 71 72 73 74 75 76 77 78 79 7a 7b 7c 7d 7e 7f 80 81 82 83 84 85 86 87 88 89 8a 8b 8c 8d 8e 8f 90 91 92 93 94 95 96 97 98 99 9a 9b 9c 9d 9e 9f a0 a1 a2 a3 a4 a5 a6 a7 a8 a9 aa ab ac ad ae af b0 b1 b2 b3 b4 b5 b6 b7 b8 b9 ba bb bc bd be bf c0 c1 c2 c3 c4 c5 c6 c7 c8 c9 ca cb cc cd ce cf d0 d1 d2 d3 d4 d5 d6 d7 d8 d9 da db dc dd de df e0 e1 e2 e3 e4 e5 e6 e7 e8 e9 ea eb ec ed ee ef f0 f1 f2 f3 f4 f5 f6 f7 f8 f9 fa fb fc fd fe ff 
 0  1  2 85  4 b1 dd 8b  8 2e b5 d3 6d 64 c1 -- 10 -- 5c -- bd -- 71 75 da -- c8 -- 55 60 -- e8 20 -- -- -- b8 e3 -- 38 ad 88 -- -- e2 -- ea -- 63 -- -- 33 47 -- -- -- aa 1d c0 -- -- --  7 -- 40 -- -- -- -- -- -- -- a7 -- 11 -- -- -- 70 4f 8d -- c7 -- -- fd -- b6 13 -- -- --  3 -- -- -- c6 -- -- -- -- -- 66 -- 8e -- -- -- -- -- -- -- 83 -- 3a -- 57 bf -- 41 -- 79 -- --  e -- -- -- 80 -- -- 5a -- -- -- -- -- -- -- a1 -- -- -- -- 99 -- -- -- 22 -- -- 4d -- 18 -- -- e0 19 9e b2 cd -- -- -- 59 e7 --  c -- -- 2d -- -- -- bb -- 26 -- -- -- -- -- -- 4c  6 98 -- -- -- -- -- -- 5b 95 -- -- -- -- -- -- -- -- -- -- cc -- -- -- cb b4 -- -- -- -- -- d7 -- -- -- -- -- -- -- -- d1 -- -- -- 74 30 -- -- ae b3 a9 eb -- 32 82 17 -- -- f2 -- -- -- -- e5 1c 9a -- -- -- -- -- 44 

solutions so far:0 maxDepth:10 
iterations:21951389  skipped: 27 
Depth skipped: 
0 0 27 0 0 0 0 0 0 0 0 0 0 0 0 0 0 0 0 0 0 0 0 0 0 0 0 0 0 0 0 0 

running time: 2700 sec
 depth:7
 0  1  2  3  4  5  6  7  8  9  a  b  c  d  e  f 10 11 12 13 14 15 16 17 18 19 1a 1b 1c 1d 1e 1f 20 21 22 23 24 25 26 27 28 29 2a 2b 2c 2d 2e 2f 30 31 32 33 34 35 36 37 38 39 3a 3b 3c 3d 3e 3f 40 41 42 43 44 45 46 47 48 49 4a 4b 4c 4d 4e 4f 50 51 52 53 54 55 56 57 58 59 5a 5b 5c 5d 5e 5f 60 61 62 63 64 65 66 67 68 69 6a 6b 6c 6d 6e 6f 70 71 72 73 74 75 76 77 78 79 7a 7b 7c 7d 7e 7f 80 81 82 83 84 85 86 87 88 89 8a 8b 8c 8d 8e 8f 90 91 92 93 94 95 96 97 98 99 9a 9b 9c 9d 9e 9f a0 a1 a2 a3 a4 a5 a6 a7 a8 a9 aa ab ac ad ae af b0 b1 b2 b3 b4 b5 b6 b7 b8 b9 ba bb bc bd be bf c0 c1 c2 c3 c4 c5 c6 c7 c8 c9 ca cb cc cd ce cf d0 d1 d2 d3 d4 d5 d6 d7 d8 d9 da db dc dd de df e0 e1 e2 e3 e4 e5 e6 e7 e8 e9 ea eb ec ed ee ef f0 f1 f2 f3 f4 f5 f6 f7 f8 f9 fa fb fc fd fe ff 
 0  1  2 85  4 a3 dd ea  8 93 91 71 6d c8  3 73 10 -- f1 -- f5 -- e2 60 da -- 47 --  6 aa e6 ac 20 -- -- -- 35 fc -- 8a 3d af -- -- 13 -- c0 -- 63 -- -- 33 8e -- -- d8  c fe 83 df 1b -- 8f -- 40 -- -- -- -- -- -- -- 6a -- 2f -- -- -- c3 4f 7a -- 89 -- -- fd -- b6 26 -- -- -- 57 -- -- -- c6 -- -- -- -- -- 66 -- cb -- -- fb -- -- 67 4b 18 -- 2b -- d1 bf 69 82 36 79 -- 42 c9 -- -- -- 80 -- -- 5a -- -- -- -- -- -- -- a1 -- -- -- -- d4 -- -- -- 5e -- -- 3f -- c1 -- -- 51 32 9e 5d f4 -- -- -- c5 19 -- 8b -- -- 2d -- -- -- bb -- 4c -- -- -- -- -- -- 98 ae e7 -- -- -- -- -- -- 5b 95 -- -- -- -- -- -- -- -- -- -- cc -- -- -- 41 b4 -- -- -- -- 21 d7 -- -- -- -- ce -- 96 -- 30 -- -- -- 56 55 -- -- 75 ba a9 eb d2 64 d3 a2 6c -- f2 -- -- -- 84 7f 45 7e -- -- -- -- -- bc 

solutions so far:0 maxDepth:10 
iterations:25216337  skipped: 34 
Depth skipped: 
0 0 34 0 0 0 0 0 0 0 0 0 0 0 0 0 0 0 0 0 0 0 0 0 0 0 0 0 0 0 0 0 

running time: 3000 sec
 depth:6
 0  1  2  3  4  5  6  7  8  9  a  b  c  d  e  f 10 11 12 13 14 15 16 17 18 19 1a 1b 1c 1d 1e 1f 20 21 22 23 24 25 26 27 28 29 2a 2b 2c 2d 2e 2f 30 31 32 33 34 35 36 37 38 39 3a 3b 3c 3d 3e 3f 40 41 42 43 44 45 46 47 48 49 4a 4b 4c 4d 4e 4f 50 51 52 53 54 55 56 57 58 59 5a 5b 5c 5d 5e 5f 60 61 62 63 64 65 66 67 68 69 6a 6b 6c 6d 6e 6f 70 71 72 73 74 75 76 77 78 79 7a 7b 7c 7d 7e 7f 80 81 82 83 84 85 86 87 88 89 8a 8b 8c 8d 8e 8f 90 91 92 93 94 95 96 97 98 99 9a 9b 9c 9d 9e 9f a0 a1 a2 a3 a4 a5 a6 a7 a8 a9 aa ab ac ad ae af b0 b1 b2 b3 b4 b5 b6 b7 b8 b9 ba bb bc bd be bf c0 c1 c2 c3 c4 c5 c6 c7 c8 c9 ca cb cc cd ce cf d0 d1 d2 d3 d4 d5 d6 d7 d8 d9 da db dc dd de df e0 e1 e2 e3 e4 e5 e6 e7 e8 e9 ea eb ec ed ee ef f0 f1 f2 f3 f4 f5 f6 f7 f8 f9 fa fb fc fd fe ff 
 0  1  2 85  4 98 dd d9  8 bd e7 9c 6d e4 65 -- 10 -- ad -- 19 -- ef 61 da -- 1f -- ca 2a -- 44 20 -- -- -- 8d cb -- b2 32 71 -- --  9 -- c2 -- 63 -- -- 33 3e -- -- -- 43 e3 54 -- -- -- 88 -- 40 -- -- -- -- -- -- -- cd -- 41 -- -- -- b3 4f 64 -- e2 -- -- fd -- b6 12 -- -- -- 53 -- -- -- c6 -- -- -- -- -- 66 -- 7c -- -- -- -- -- -- -- 86 -- 11 -- a8 bf -- 27 -- 79 -- -- c7 -- -- -- 80 -- -- 5a -- -- -- -- -- -- -- a1 -- -- -- -- 4d -- -- -- 82 -- -- 47 -- e1 -- -- b1 39 9e 26 c8 -- -- -- 13 f7 -- 9b -- -- 2d -- -- -- bb -- 24 -- -- -- -- -- -- 48 a6 90 -- -- -- -- -- -- 5b 95 -- -- -- -- -- -- -- -- -- -- cc -- -- -- f8 b4 -- -- -- -- -- d7 -- -- -- -- -- -- -- -- db -- -- -- 22 15 -- -- 87 4c a9 eb -- 72 4e b5 -- -- f2 -- -- -- -- 9a 59 8e -- -- -- -- -- d3 

solutions so far:0 maxDepth:10 
iterations:28119156  skipped: 36 
Depth skipped: 
0 0 36 0 0 0 0 0 0 0 0 0 0 0 0 0 0 0 0 0 0 0 0 0 0 0 0 0 0 0 0 0 

running time: 3300 sec
 depth:5
 0  1  2  3  4  5  6  7  8  9  a  b  c  d  e  f 10 11 12 13 14 15 16 17 18 19 1a 1b 1c 1d 1e 1f 20 21 22 23 24 25 26 27 28 29 2a 2b 2c 2d 2e 2f 30 31 32 33 34 35 36 37 38 39 3a 3b 3c 3d 3e 3f 40 41 42 43 44 45 46 47 48 49 4a 4b 4c 4d 4e 4f 50 51 52 53 54 55 56 57 58 59 5a 5b 5c 5d 5e 5f 60 61 62 63 64 65 66 67 68 69 6a 6b 6c 6d 6e 6f 70 71 72 73 74 75 76 77 78 79 7a 7b 7c 7d 7e 7f 80 81 82 83 84 85 86 87 88 89 8a 8b 8c 8d 8e 8f 90 91 92 93 94 95 96 97 98 99 9a 9b 9c 9d 9e 9f a0 a1 a2 a3 a4 a5 a6 a7 a8 a9 aa ab ac ad ae af b0 b1 b2 b3 b4 b5 b6 b7 b8 b9 ba bb bc bd be bf c0 c1 c2 c3 c4 c5 c6 c7 c8 c9 ca cb cc cd ce cf d0 d1 d2 d3 d4 d5 d6 d7 d8 d9 da db dc dd de df e0 e1 e2 e3 e4 e5 e6 e7 e8 e9 ea eb ec ed ee ef f0 f1 f2 f3 f4 f5 f6 f7 f8 f9 fa fb fc fd fe ff 
 0  1  2 85  4 91 dd  a  8 12 f5 -- 6d -- 14 -- 10 -- 24 -- 3d -- -- f9 da -- -- -- 28 a4 -- 3e 20 -- -- -- 48 2f -- 4e 7a 89 -- -- -- -- 25 -- 63 -- -- 33 -- -- -- -- 50 72 9f -- -- -- 7c -- 40 -- -- -- -- -- -- -- 90 -- 5e -- -- -- 9c 4f f4 -- c5 -- -- fd -- b6 -- -- -- -- 4a -- -- -- c6 -- -- -- -- -- 66 -- -- -- -- -- -- -- -- -- a0 -- e4 -- e9 bf -- -- -- 79 -- -- f8 -- -- -- 80 -- -- 5a -- -- -- -- -- -- -- a1 -- -- -- -- f7 -- -- -- bc -- -- 7e -- 29 -- -- ef -- 9e ba 3f -- -- -- 5d -- -- ff -- -- 2d -- -- -- bb -- -- -- -- -- -- -- -- -- 94 -- -- -- -- -- -- -- 5b 95 -- -- -- -- -- -- -- -- -- -- cc -- -- -- -- b4 -- -- -- -- -- d7 -- -- -- -- -- -- -- -- 97 -- -- -- 1f 52 -- --  5 a3 a9 eb -- -- --  9 -- -- f2 -- -- -- -- 39 27 fc -- -- -- -- -- af 

solutions so far:0 maxDepth:10 
iterations:30769164  skipped: 38 
Depth skipped: 
0 0 38 0 0 0 0 0 0 0 0 0 0 0 0 0 0 0 0 0 0 0 0 0 0 0 0 0 0 0 0 0 

running time: 3600 sec
 depth:7
 0  1  2  3  4  5  6  7  8  9  a  b  c  d  e  f 10 11 12 13 14 15 16 17 18 19 1a 1b 1c 1d 1e 1f 20 21 22 23 24 25 26 27 28 29 2a 2b 2c 2d 2e 2f 30 31 32 33 34 35 36 37 38 39 3a 3b 3c 3d 3e 3f 40 41 42 43 44 45 46 47 48 49 4a 4b 4c 4d 4e 4f 50 51 52 53 54 55 56 57 58 59 5a 5b 5c 5d 5e 5f 60 61 62 63 64 65 66 67 68 69 6a 6b 6c 6d 6e 6f 70 71 72 73 74 75 76 77 78 79 7a 7b 7c 7d 7e 7f 80 81 82 83 84 85 86 87 88 89 8a 8b 8c 8d 8e 8f 90 91 92 93 94 95 96 97 98 99 9a 9b 9c 9d 9e 9f a0 a1 a2 a3 a4 a5 a6 a7 a8 a9 aa ab ac ad ae af b0 b1 b2 b3 b4 b5 b6 b7 b8 b9 ba bb bc bd be bf c0 c1 c2 c3 c4 c5 c6 c7 c8 c9 ca cb cc cd ce cf d0 d1 d2 d3 d4 d5 d6 d7 d8 d9 da db dc dd de df e0 e1 e2 e3 e4 e5 e6 e7 e8 e9 ea eb ec ed ee ef f0 f1 f2 f3 f4 f5 f6 f7 f8 f9 fa fb fc fd fe ff 
 0  1  2 85  4 87 dd 5f  8 47 d9 4d 6d b3 be 2f 10 -- 8e -- 65 -- 9a fa da -- b1 -- ab f3 5e 26 20 -- -- -- cb c2 -- 19 ca e1 -- -- e3 -- 23 -- 63 -- -- 33 b5 -- -- c5 81 71 31 3f bc -- 4c -- 40 -- -- -- -- -- -- -- 41 -- 53 -- -- -- 32 4f 43 -- 15 -- -- fd -- b6 11 -- -- -- 46 -- -- -- c6 -- -- -- -- -- 66 -- bd -- -- f5 -- -- 5d a3 d5 -- e2 -- 62 bf 7e 8d af 79 -- 7a 98 -- -- -- 80 -- -- 5a -- -- -- -- -- -- -- a1 -- -- -- -- 82 -- -- -- a6 -- -- db -- 49 -- -- 64 59 9e 54 86 -- -- -- 2a c7 -- cf -- -- 2d -- -- -- bb -- 22 -- -- -- -- -- -- 44 8c 88 -- -- -- -- -- -- 5b 95 -- -- -- -- -- -- -- -- -- -- cc -- -- -- ad b4 -- -- -- -- 3d d7 -- -- -- -- ba -- 91 -- 7d -- -- -- 13 92 -- -- c4 a8 a9 eb fc b2 cd c8 89 -- f2 -- -- -- f4 d3 e7 61 -- -- -- -- -- 9b 

solutions so far:0 maxDepth:10 
iterations:33444046  skipped: 43 
Depth skipped: 
0 0 43 0 0 0 0 0 0 0 0 0 0 0 0 0 0 0 0 0 0 0 0 0 0 0 0 0 0 0 0 0 

running time: 3900 sec
 depth:8
 0  1  2  3  4  5  6  7  8  9  a  b  c  d  e  f 10 11 12 13 14 15 16 17 18 19 1a 1b 1c 1d 1e 1f 20 21 22 23 24 25 26 27 28 29 2a 2b 2c 2d 2e 2f 30 31 32 33 34 35 36 37 38 39 3a 3b 3c 3d 3e 3f 40 41 42 43 44 45 46 47 48 49 4a 4b 4c 4d 4e 4f 50 51 52 53 54 55 56 57 58 59 5a 5b 5c 5d 5e 5f 60 61 62 63 64 65 66 67 68 69 6a 6b 6c 6d 6e 6f 70 71 72 73 74 75 76 77 78 79 7a 7b 7c 7d 7e 7f 80 81 82 83 84 85 86 87 88 89 8a 8b 8c 8d 8e 8f 90 91 92 93 94 95 96 97 98 99 9a 9b 9c 9d 9e 9f a0 a1 a2 a3 a4 a5 a6 a7 a8 a9 aa ab ac ad ae af b0 b1 b2 b3 b4 b5 b6 b7 b8 b9 ba bb bc bd be bf c0 c1 c2 c3 c4 c5 c6 c7 c8 c9 ca cb cc cd ce cf d0 d1 d2 d3 d4 d5 d6 d7 d8 d9 da db dc dd de df e0 e1 e2 e3 e4 e5 e6 e7 e8 e9 ea eb ec ed ee ef f0 f1 f2 f3 f4 f5 f6 f7 f8 f9 fa fb fc fd fe ff 
 0  1  2 85  4 74 dd 6b  8 d5 e8 94 6d 28 d6 fb 10 44 7d --  7 -- ff ec da -- 50 -- 7b 6e 21 f3 20 -- 88 -- fa 17 -- 5f  e a7 -- -- 29 --  f -- 63 -- -- 33 a0 -- -- 69 f6 cf dc ce 42 -- 31 -- 40 -- -- -- c7 -- -- -- 23 -- 2e -- -- e3 be 4f 1c -- 99 -- -- fd -- b6 52 b3 -- -- 1e -- -- -- c6 -- -- -- -- -- 66 -- 97 -- -- 36 -- -- d2 e6 3b -- 49 -- 6f bf 4b 25 84 79 -- d8 62 -- -- -- 80 -- -- 5a -- -- -- -- 59 -- -- a1 -- 4d -- -- 46 -- -- -- 5c -- -- 70 -- f0 11 -- ab  a 9e 1d 38 -- -- -- e5  5 -- 78 -- -- 2d -- -- cd bb -- a4 bd b1 b5 -- ad -- 9f 3c e9 -- -- -- 8d -- -- 5b 95 -- -- -- -- -- b2 -- -- -- -- cc 9a -- -- f9 b4 -- -- -- -- 6c d7 -- -- -- -- 73 -- 1b -- 76 -- -- 22 92 37 -- -- de 3a a9 eb 96 14 4a 81 df -- f2 -- -- -- 67 8c c4 e0 -- -- -- -- -- b8 

solutions so far:0 maxDepth:10 
iterations:36962075  skipped: 51 
Depth skipped: 
0 0 51 0 0 0 0 0 0 0 0 0 0 0 0 0 0 0 0 0 0 0 0 0 0 0 0 0 0 0 0 0 

running time: 4200 sec
 depth:7
 0  1  2  3  4  5  6  7  8  9  a  b  c  d  e  f 10 11 12 13 14 15 16 17 18 19 1a 1b 1c 1d 1e 1f 20 21 22 23 24 25 26 27 28 29 2a 2b 2c 2d 2e 2f 30 31 32 33 34 35 36 37 38 39 3a 3b 3c 3d 3e 3f 40 41 42 43 44 45 46 47 48 49 4a 4b 4c 4d 4e 4f 50 51 52 53 54 55 56 57 58 59 5a 5b 5c 5d 5e 5f 60 61 62 63 64 65 66 67 68 69 6a 6b 6c 6d 6e 6f 70 71 72 73 74 75 76 77 78 79 7a 7b 7c 7d 7e 7f 80 81 82 83 84 85 86 87 88 89 8a 8b 8c 8d 8e 8f 90 91 92 93 94 95 96 97 98 99 9a 9b 9c 9d 9e 9f a0 a1 a2 a3 a4 a5 a6 a7 a8 a9 aa ab ac ad ae af b0 b1 b2 b3 b4 b5 b6 b7 b8 b9 ba bb bc bd be bf c0 c1 c2 c3 c4 c5 c6 c7 c8 c9 ca cb cc cd ce cf d0 d1 d2 d3 d4 d5 d6 d7 d8 d9 da db dc dd de df e0 e1 e2 e3 e4 e5 e6 e7 e8 e9 ea eb ec ed ee ef f0 f1 f2 f3 f4 f5 f6 f7 f8 f9 fa fb fc fd fe ff 
 0  1  2 85  4 68 dd 26  8 3d d0  f 6d 6b 4c 83 10 -- 7a -- 77 -- 1e 64 da -- d6 -- 98 d3 d1 af 20 -- -- -- f4 b0 -- ba ee 9d -- -- 3c -- c8 -- 63 -- -- 33 7b -- --  6 e7 2f 71 c1 75 -- 89 -- 40 -- -- -- -- -- -- -- 3f -- b7 -- -- -- a3 4f  b -- ed -- -- fd -- b6 78 -- -- -- 47 -- -- -- c6 -- -- -- -- -- 66 -- f6 -- -- c0 -- --  c 30 19 -- 5e -- e2 bf 55 76 ea 79 -- ae c5 -- -- -- 80 -- -- 5a -- -- -- -- -- -- -- a1 -- -- -- -- 7e -- -- -- b9 -- -- 2c -- 41 -- -- 91 6f 9e 1a 16 -- -- --  d dc -- cb -- -- 2d -- -- -- bb -- f0 -- -- -- -- -- -- 37 8e 6e -- -- -- -- -- -- 5b 95 -- -- -- -- -- -- -- -- -- -- cc -- -- -- 3b b4 -- -- -- -- 57 d7 -- -- -- -- 18 -- 60 -- 32 -- -- -- bc 82 -- -- 13 34 a9 eb aa de ec f5  3 -- f2 -- -- -- 8b fc 5d 58 -- -- -- -- -- a5 

solutions so far:0 maxDepth:10 
iterations:40664451  skipped: 56 
Depth skipped: 
0 0 56 0 0 0 0 0 0 0 0 0 0 0 0 0 0 0 0 0 0 0 0 0 0 0 0 0 0 0 0 0 

running time: 4500 sec
 depth:8
 0  1  2  3  4  5  6  7  8  9  a  b  c  d  e  f 10 11 12 13 14 15 16 17 18 19 1a 1b 1c 1d 1e 1f 20 21 22 23 24 25 26 27 28 29 2a 2b 2c 2d 2e 2f 30 31 32 33 34 35 36 37 38 39 3a 3b 3c 3d 3e 3f 40 41 42 43 44 45 46 47 48 49 4a 4b 4c 4d 4e 4f 50 51 52 53 54 55 56 57 58 59 5a 5b 5c 5d 5e 5f 60 61 62 63 64 65 66 67 68 69 6a 6b 6c 6d 6e 6f 70 71 72 73 74 75 76 77 78 79 7a 7b 7c 7d 7e 7f 80 81 82 83 84 85 86 87 88 89 8a 8b 8c 8d 8e 8f 90 91 92 93 94 95 96 97 98 99 9a 9b 9c 9d 9e 9f a0 a1 a2 a3 a4 a5 a6 a7 a8 a9 aa ab ac ad ae af b0 b1 b2 b3 b4 b5 b6 b7 b8 b9 ba bb bc bd be bf c0 c1 c2 c3 c4 c5 c6 c7 c8 c9 ca cb cc cd ce cf d0 d1 d2 d3 d4 d5 d6 d7 d8 d9 da db dc dd de df e0 e1 e2 e3 e4 e5 e6 e7 e8 e9 ea eb ec ed ee ef f0 f1 f2 f3 f4 f5 f6 f7 f8 f9 fa fb fc fd fe ff 
 0  1  2 85  4 5d dd f0  8 9d ba 8f 6d 6a 37 d1 10 1f ed -- a3 -- c9 6b da -- d4 -- 6e  f 75  b 20 -- 3e --  d 3f -- b0 91 5e -- -- 45 -- d6 -- 63 -- -- 33 7f -- --  c dc d0 1e 55 ea -- 16 -- 40 -- -- -- 7c -- -- -- 1a -- 7e -- -- 39 b7 4f f5 -- bc -- -- fd -- b6 8a 4e -- -- 7b -- -- -- c6 -- -- -- -- -- 66 -- fe -- -- 57 -- -- 18 60 6f -- 77 -- 3c bf aa 56  3 79 -- 8b 2c -- -- -- 80 -- -- 5a -- -- -- -- f8 -- -- a1 -- 90 -- -- 34 -- -- -- fc -- -- 7a -- 76 72 -- b9 f1 9e 89 3d -- -- -- af 93 -- 3b -- -- 2d -- -- 48 bb -- c3  9 9c ef -- 12 -- 51 f6 a2 -- -- -- 24 -- -- 5b 95 -- -- -- -- -- 27 -- -- -- -- cc f7 -- -- 2b b4 -- -- -- -- ae d7 -- -- -- -- 30 -- c0 -- de -- -- e4 ee ec -- -- 78 c5 a9 eb 83 35 ac a5  6 -- f2 -- -- -- c1 68 58 f4 -- -- -- -- -- 2f 

solutions so far:0 maxDepth:10 
iterations:43533438  skipped: 59 
Depth skipped: 
0 0 59 0 0 0 0 0 0 0 0 0 0 0 0 0 0 0 0 0 0 0 0 0 0 0 0 0 0 0 0 0 

running time: 4800 sec
 depth:8
 0  1  2  3  4  5  6  7  8  9  a  b  c  d  e  f 10 11 12 13 14 15 16 17 18 19 1a 1b 1c 1d 1e 1f 20 21 22 23 24 25 26 27 28 29 2a 2b 2c 2d 2e 2f 30 31 32 33 34 35 36 37 38 39 3a 3b 3c 3d 3e 3f 40 41 42 43 44 45 46 47 48 49 4a 4b 4c 4d 4e 4f 50 51 52 53 54 55 56 57 58 59 5a 5b 5c 5d 5e 5f 60 61 62 63 64 65 66 67 68 69 6a 6b 6c 6d 6e 6f 70 71 72 73 74 75 76 77 78 79 7a 7b 7c 7d 7e 7f 80 81 82 83 84 85 86 87 88 89 8a 8b 8c 8d 8e 8f 90 91 92 93 94 95 96 97 98 99 9a 9b 9c 9d 9e 9f a0 a1 a2 a3 a4 a5 a6 a7 a8 a9 aa ab ac ad ae af b0 b1 b2 b3 b4 b5 b6 b7 b8 b9 ba bb bc bd be bf c0 c1 c2 c3 c4 c5 c6 c7 c8 c9 ca cb cc cd ce cf d0 d1 d2 d3 d4 d5 d6 d7 d8 d9 da db dc dd de df e0 e1 e2 e3 e4 e5 e6 e7 e8 e9 ea eb ec ed ee ef f0 f1 f2 f3 f4 f5 f6 f7 f8 f9 fa fb fc fd fe ff 
 0  1  2 85  4 53 dd ad  8 d5 a6 56 6d f1 8d ec 10  c 7d -- 9b -- ac 11 da -- 35 -- cd b3  f f3 20 -- 18 -- fa 87 -- 5f e1 43 -- -- 8f -- 22 -- 63 -- -- 33 6a -- -- f0 4d cf b1 f6 1e -- 31 -- 40 -- -- -- 30 -- -- -- 23 -- d9 -- -- ea be 4f 15 -- 86 -- -- fd -- b6 c9 57 -- -- 44 -- -- -- c6 -- -- -- -- -- 66 -- d4 -- -- de -- -- 37 dc 9a -- 49 -- b5 bf 3b fe 3c 79 -- d6 62 -- -- -- 80 -- -- 5a -- -- -- -- 60 -- -- a1 -- d1 -- -- 46 -- -- -- 65 -- -- 54 -- 59  3 -- ab a2 9e 61 2a -- -- -- db 51 -- c7 -- -- 2d -- -- 83 bb -- 45 c1 ae 8b -- 55 -- 8a 88 c3 -- -- -- aa -- -- 5b 95 -- -- -- -- -- c0 -- -- -- -- cc 75 -- -- 7f b4 -- -- -- -- 6b d7 -- -- -- -- 6e -- 6f -- e3 -- --  6 92 b2 -- -- bd c2 a9 eb 76 93 2b 81 78 -- f2 -- -- -- 7b 8c c4 a8 -- -- -- -- -- ca 

solutions so far:0 maxDepth:10 
iterations:46405360  skipped: 62 
Depth skipped: 
0 0 62 0 0 0 0 0 0 0 0 0 0 0 0 0 0 0 0 0 0 0 0 0 0 0 0 0 0 0 0 0 

running time: 5100 sec
 depth:6
 0  1  2  3  4  5  6  7  8  9  a  b  c  d  e  f 10 11 12 13 14 15 16 17 18 19 1a 1b 1c 1d 1e 1f 20 21 22 23 24 25 26 27 28 29 2a 2b 2c 2d 2e 2f 30 31 32 33 34 35 36 37 38 39 3a 3b 3c 3d 3e 3f 40 41 42 43 44 45 46 47 48 49 4a 4b 4c 4d 4e 4f 50 51 52 53 54 55 56 57 58 59 5a 5b 5c 5d 5e 5f 60 61 62 63 64 65 66 67 68 69 6a 6b 6c 6d 6e 6f 70 71 72 73 74 75 76 77 78 79 7a 7b 7c 7d 7e 7f 80 81 82 83 84 85 86 87 88 89 8a 8b 8c 8d 8e 8f 90 91 92 93 94 95 96 97 98 99 9a 9b 9c 9d 9e 9f a0 a1 a2 a3 a4 a5 a6 a7 a8 a9 aa ab ac ad ae af b0 b1 b2 b3 b4 b5 b6 b7 b8 b9 ba bb bc bd be bf c0 c1 c2 c3 c4 c5 c6 c7 c8 c9 ca cb cc cd ce cf d0 d1 d2 d3 d4 d5 d6 d7 d8 d9 da db dc dd de df e0 e1 e2 e3 e4 e5 e6 e7 e8 e9 ea eb ec ed ee ef f0 f1 f2 f3 f4 f5 f6 f7 f8 f9 fa fb fc fd fe ff 
 0  1  2 85  4 45 dd b2  8 2c 8a 52 6d 97 b3 -- 10 -- 58 -- c3 -- a4 8d da -- f9 -- b1 44 -- 1a 20 -- -- -- b0 6a -- 77 51 2b -- -- 9f -- cd -- 63 -- -- 33 25 -- -- -- b5 9d 88 -- -- -- 34 -- 40 -- -- -- -- -- -- -- b7 -- d4 -- -- -- ee 4f a2 -- 56 -- -- fd -- b6 e9 -- -- -- 4d -- -- -- c6 -- -- -- -- -- 66 -- 4a -- -- -- -- -- -- -- bd -- ed -- c7 bf -- ff -- 79 -- -- 68 -- -- -- 80 -- -- 5a -- -- -- -- -- -- -- a1 -- -- -- -- b9 -- -- -- 7f -- -- f1 -- 11 -- --  b 50 9e 8f 93 -- -- -- ac 28 -- e3 -- -- 2d -- -- -- bb --  5 -- -- -- -- -- --  a 9a 14 -- -- -- -- -- -- 5b 95 -- -- -- -- -- -- -- -- -- -- cc -- -- -- 94 b4 -- -- -- -- -- d7 -- -- -- -- -- -- -- -- ad -- -- --  d 22 -- -- 59 c9 a9 eb -- a0 29 16 -- -- f2 -- -- -- -- a5 d0 35 -- -- -- -- -- fe 

solutions so far:0 maxDepth:10 
iterations:49023306  skipped: 68 
Depth skipped: 
0 0 68 0 0 0 0 0 0 0 0 0 0 0 0 0 0 0 0 0 0 0 0 0 0 0 0 0 0 0 0 0 

running time: 5400 sec
 depth:8
 0  1  2  3  4  5  6  7  8  9  a  b  c  d  e  f 10 11 12 13 14 15 16 17 18 19 1a 1b 1c 1d 1e 1f 20 21 22 23 24 25 26 27 28 29 2a 2b 2c 2d 2e 2f 30 31 32 33 34 35 36 37 38 39 3a 3b 3c 3d 3e 3f 40 41 42 43 44 45 46 47 48 49 4a 4b 4c 4d 4e 4f 50 51 52 53 54 55 56 57 58 59 5a 5b 5c 5d 5e 5f 60 61 62 63 64 65 66 67 68 69 6a 6b 6c 6d 6e 6f 70 71 72 73 74 75 76 77 78 79 7a 7b 7c 7d 7e 7f 80 81 82 83 84 85 86 87 88 89 8a 8b 8c 8d 8e 8f 90 91 92 93 94 95 96 97 98 99 9a 9b 9c 9d 9e 9f a0 a1 a2 a3 a4 a5 a6 a7 a8 a9 aa ab ac ad ae af b0 b1 b2 b3 b4 b5 b6 b7 b8 b9 ba bb bc bd be bf c0 c1 c2 c3 c4 c5 c6 c7 c8 c9 ca cb cc cd ce cf d0 d1 d2 d3 d4 d5 d6 d7 d8 d9 da db dc dd de df e0 e1 e2 e3 e4 e5 e6 e7 e8 e9 ea eb ec ed ee ef f0 f1 f2 f3 f4 f5 f6 f7 f8 f9 fa fb fc fd fe ff 
 0  1  2 85  4 39 dd 34  8 f5 72 37 6d 76 68 26 10 62 3d -- e4 -- 6e 16 da -- ec -- d0 9d 4c bc 20 -- c4 -- 7a 4e -- 5d 1f 12 -- -- dc -- 2c -- 63 -- -- 33  f -- -- 32 77 fc ed 71 98 -- af -- 40 -- -- -- 5f -- -- -- f4 -- 9c -- -- 92 ba 4f 3e -- 24 -- -- fd -- b6 6f 81 -- -- 58 -- -- -- c6 -- -- -- -- -- 66 -- 1e -- -- cb -- -- 64 47 ee -- 2f --  d bf e2 78 e7 79 -- 82 89 -- -- -- 80 -- -- 5a -- -- -- -- be -- -- a1 -- cf -- -- 3f -- -- -- ef -- -- f8 -- b9 f3 -- a3 f6 9e 90 7c -- -- -- 48 7b -- b7 -- -- 2d -- -- 8c bb -- de fa d5 7d -- 23 -- 6b b0 d6 -- -- -- 46 -- -- 5b 95 -- -- -- -- -- ab -- -- -- -- cc 49 -- -- 3c b4 -- -- -- -- 41 d7 -- -- -- -- c8 -- 8e --  b -- -- 31 5e a5 -- -- 1a f7 a9 eb 13 3b f0 91 19 -- f2 -- -- -- d3 7e c5 27 -- -- -- -- --  9 

solutions so far:0 maxDepth:10 
iterations:52896535  skipped: 73 
Depth skipped: 
0 0 73 0 0 0 0 0 0 0 0 0 0 0 0 0 0 0 0 0 0 0 0 0 0 0 0 0 0 0 0 0 

running time: 5700 sec
 depth:7
 0  1  2  3  4  5  6  7  8  9  a  b  c  d  e  f 10 11 12 13 14 15 16 17 18 19 1a 1b 1c 1d 1e 1f 20 21 22 23 24 25 26 27 28 29 2a 2b 2c 2d 2e 2f 30 31 32 33 34 35 36 37 38 39 3a 3b 3c 3d 3e 3f 40 41 42 43 44 45 46 47 48 49 4a 4b 4c 4d 4e 4f 50 51 52 53 54 55 56 57 58 59 5a 5b 5c 5d 5e 5f 60 61 62 63 64 65 66 67 68 69 6a 6b 6c 6d 6e 6f 70 71 72 73 74 75 76 77 78 79 7a 7b 7c 7d 7e 7f 80 81 82 83 84 85 86 87 88 89 8a 8b 8c 8d 8e 8f 90 91 92 93 94 95 96 97 98 99 9a 9b 9c 9d 9e 9f a0 a1 a2 a3 a4 a5 a6 a7 a8 a9 aa ab ac ad ae af b0 b1 b2 b3 b4 b5 b6 b7 b8 b9 ba bb bc bd be bf c0 c1 c2 c3 c4 c5 c6 c7 c8 c9 ca cb cc cd ce cf d0 d1 d2 d3 d4 d5 d6 d7 d8 d9 da db dc dd de df e0 e1 e2 e3 e4 e5 e6 e7 e8 e9 ea eb ec ed ee ef f0 f1 f2 f3 f4 f5 f6 f7 f8 f9 fa fb fc fd fe ff 
 0  1  2 85  4 28 dd df  8 86 50 c7 6d 4d 69 99 10 -- db -- a0 -- 59 36 da -- 9a -- d2 fb e5 2a 20 -- -- -- 61 ff -- d9 97 9f -- -- b2 -- 6c -- 63 -- -- 33 e3 -- -- e8 73 9b 21 5c 1d -- 54 -- 40 -- -- -- -- -- -- -- c2 -- 29 -- -- -- 65 4f f9 -- e9 -- -- fd -- b6 b3 -- -- -- d8 -- -- -- c6 -- -- -- -- -- 66 -- 11 -- -- 70 -- --  7 1c e6 -- e1 -- 42 bf b8 44 3a 79 -- 17 a8 -- -- -- 80 -- -- 5a -- -- -- -- -- -- -- a1 -- -- -- -- 53 -- -- -- 52 -- -- 4a -- 4b -- -- ca 8d 9e  a 25 -- -- --  5 ad -- ce -- -- 2d -- -- -- bb -- b1 -- -- -- -- -- -- b5 67 bd -- -- -- -- -- -- 5b 95 -- -- -- -- -- -- -- -- -- -- cc -- -- -- 22 b4 -- -- -- -- e0 d7 -- -- -- --  e -- 38 -- 1b -- -- -- 15 96 -- -- 84 14 a9 eb a7 cd 88 43 74 -- f2 -- -- -- 2e a6 87 94 -- -- -- -- -- a4 

solutions so far:0 maxDepth:10 
iterations:56573578  skipped: 81 
Depth skipped: 
0 0 81 0 0 0 0 0 0 0 0 0 0 0 0 0 0 0 0 0 0 0 0 0 0 0 0 0 0 0 0 0 

running time: 6000 sec
 depth:7
 0  1  2  3  4  5  6  7  8  9  a  b  c  d  e  f 10 11 12 13 14 15 16 17 18 19 1a 1b 1c 1d 1e 1f 20 21 22 23 24 25 26 27 28 29 2a 2b 2c 2d 2e 2f 30 31 32 33 34 35 36 37 38 39 3a 3b 3c 3d 3e 3f 40 41 42 43 44 45 46 47 48 49 4a 4b 4c 4d 4e 4f 50 51 52 53 54 55 56 57 58 59 5a 5b 5c 5d 5e 5f 60 61 62 63 64 65 66 67 68 69 6a 6b 6c 6d 6e 6f 70 71 72 73 74 75 76 77 78 79 7a 7b 7c 7d 7e 7f 80 81 82 83 84 85 86 87 88 89 8a 8b 8c 8d 8e 8f 90 91 92 93 94 95 96 97 98 99 9a 9b 9c 9d 9e 9f a0 a1 a2 a3 a4 a5 a6 a7 a8 a9 aa ab ac ad ae af b0 b1 b2 b3 b4 b5 b6 b7 b8 b9 ba bb bc bd be bf c0 c1 c2 c3 c4 c5 c6 c7 c8 c9 ca cb cc cd ce cf d0 d1 d2 d3 d4 d5 d6 d7 d8 d9 da db dc dd de df e0 e1 e2 e3 e4 e5 e6 e7 e8 e9 ea eb ec ed ee ef f0 f1 f2 f3 f4 f5 f6 f7 f8 f9 fa fb fc fd fe ff 
 0  1  2 85  4 1a dd 4d  8 91 34 3b 6d dc 9a 46 10 -- f5 -- 68 -- 76 88 da -- 6f -- e3 bd 8c 5e 20 -- -- -- 3d 2c -- c5 d0 b9 -- -- ec -- c7 -- 63 -- -- 33 de -- -- f3 11 7e ad 7d cf -- bc -- 40 -- -- -- -- -- -- -- 7a -- 58 -- -- -- 5d 4f 77 -- a5 -- -- fd -- b6  f -- -- -- 59 -- -- -- c6 -- -- -- -- -- 66 -- 6b -- -- be -- -- 31 c4 22 -- fc -- 8d bf fa 7b 49 79 -- 81 af -- -- -- 80 -- -- 5a -- -- -- -- -- -- -- a1 -- -- -- -- f4 -- -- -- b0 -- --  b -- b1 -- -- ba 37 9e ed ee -- -- -- 9d f0 -- b3 -- -- 2d -- -- -- bb -- 1e -- -- -- -- -- -- 3c b2 78 -- -- -- -- -- -- 5b 95 -- -- -- -- -- -- -- -- -- -- cc -- -- -- d6 b4 -- -- -- -- ab d7 -- -- -- -- 62 -- 5f -- 44 -- -- -- 2f b5 -- -- cd  d a9 eb 23 6e f6 a3 92 -- f2 -- -- -- d5 3f 89 16 -- -- -- -- -- b7 

solutions so far:0 maxDepth:10 
iterations:60407515  skipped: 87 
Depth skipped: 
0 0 87 0 0 0 0 0 0 0 0 0 0 0 0 0 0 0 0 0 0 0 0 0 0 0 0 0 0 0 0 0 

running time: 6300 sec
 depth:7
 0  1  2  3  4  5  6  7  8  9  a  b  c  d  e  f 10 11 12 13 14 15 16 17 18 19 1a 1b 1c 1d 1e 1f 20 21 22 23 24 25 26 27 28 29 2a 2b 2c 2d 2e 2f 30 31 32 33 34 35 36 37 38 39 3a 3b 3c 3d 3e 3f 40 41 42 43 44 45 46 47 48 49 4a 4b 4c 4d 4e 4f 50 51 52 53 54 55 56 57 58 59 5a 5b 5c 5d 5e 5f 60 61 62 63 64 65 66 67 68 69 6a 6b 6c 6d 6e 6f 70 71 72 73 74 75 76 77 78 79 7a 7b 7c 7d 7e 7f 80 81 82 83 84 85 86 87 88 89 8a 8b 8c 8d 8e 8f 90 91 92 93 94 95 96 97 98 99 9a 9b 9c 9d 9e 9f a0 a1 a2 a3 a4 a5 a6 a7 a8 a9 aa ab ac ad ae af b0 b1 b2 b3 b4 b5 b6 b7 b8 b9 ba bb bc bd be bf c0 c1 c2 c3 c4 c5 c6 c7 c8 c9 ca cb cc cd ce cf d0 d1 d2 d3 d4 d5 d6 d7 d8 d9 da db dc dd de df e0 e1 e2 e3 e4 e5 e6 e7 e8 e9 ea eb ec ed ee ef f0 f1 f2 f3 f4 f5 f6 f7 f8 f9 fa fb fc fd fe ff 
 0  1  2 85  4  c dd c7  8 f0 18 a8 6d 53 59 e2 10 -- 37 -- 30 -- 87 bd da -- a6 -- b2 11 13 f6 20 -- -- -- 6e c1 --  f 60 d1 -- -- d9 -- ad -- 63 -- -- 33 9b -- -- e7 b3 6b 22 82 26 -- 3b -- 40 -- -- -- -- -- -- -- dc -- 55 -- -- -- 1e 4f c0 -- 75 -- -- fd -- b6 65 -- -- -- 8d -- -- -- c6 -- -- -- -- -- 66 -- e1 -- -- 47 -- -- 19 64 b1 -- d6 -- 44 bf d3 2a 4c 79 -- cb 76 -- -- -- 80 -- -- 5a -- -- -- -- -- -- -- a1 -- -- -- -- 6f -- -- -- aa -- -- ae -- 9a -- -- 3c 61 9e  3 57 -- -- -- ea db -- 4d -- -- 2d -- -- -- bb -- ca -- -- -- -- -- -- 43 cd 86 -- -- -- -- -- -- 5b 95 -- -- -- -- -- -- -- -- -- -- cc -- -- -- 15 b4 -- -- -- -- 8e d7 -- -- -- -- 32 -- c8 -- b5 -- -- -- 7b e3 -- -- 88  6 a9 eb 71 c2 54 78 98 -- f2 -- -- -- 41 de ec 8b -- -- -- -- -- 83 

solutions so far:0 maxDepth:10 
iterations:64252985  skipped: 94 
Depth skipped: 
0 0 94 0 0 0 0 0 0 0 0 0 0 0 0 0 0 0 0 0 0 0 0 0 0 0 0 0 0 0 0 0 

running time: 6600 sec

Finished. Total running time: 6733 sec
