Search S-boxes invariant for matrix: 
{0x00,0x02,0x04,0x06,0x08,0x0a,0x0c,0x0e,0x10,0x12,0x14,0x16,0x18,0x1a,0x1c,0x1e,0x20,0x22,0x24,0x26,0x28,0x2a,0x2c,0x2e,0x30,0x32,0x34,0x36,0x38,0x3a,0x3c,0x3e,0x40,0x42,0x44,0x46,0x48,0x4a,0x4c,0x4e,0x50,0x52,0x54,0x56,0x58,0x5a,0x5c,0x5e,0x60,0x62,0x64,0x66,0x68,0x6a,0x6c,0x6e,0x70,0x72,0x74,0x76,0x78,0x7a,0x7c,0x7e,0x80,0x82,0x84,0x86,0x88,0x8a,0x8c,0x8e,0x90,0x92,0x94,0x96,0x98,0x9a,0x9c,0x9e,0xa0,0xa2,0xa4,0xa6,0xa8,0xaa,0xac,0xae,0xb0,0xb2,0xb4,0xb6,0xb8,0xba,0xbc,0xbe,0xc0,0xc2,0xc4,0xc6,0xc8,0xca,0xcc,0xce,0xd0,0xd2,0xd4,0xd6,0xd8,0xda,0xdc,0xde,0xe0,0xe2,0xe4,0xe6,0xe8,0xea,0xec,0xee,0xf0,0xf2,0xf4,0xf6,0xf8,0xfa,0xfc,0xfe,0xd7,0xd5,0xd3,0xd1,0xdf,0xdd,0xdb,0xd9,0xc7,0xc5,0xc3,0xc1,0xcf,0xcd,0xcb,0xc9,0xf7,0xf5,0xf3,0xf1,0xff,0xfd,0xfb,0xf9,0xe7,0xe5,0xe3,0xe1,0xef,0xed,0xeb,0xe9,0x97,0x95,0x93,0x91,0x9f,0x9d,0x9b,0x99,0x87,0x85,0x83,0x81,0x8f,0x8d,0x8b,0x89,0xb7,0xb5,0xb3,0xb1,0xbf,0xbd,0xbb,0xb9,0xa7,0xa5,0xa3,0xa1,0xaf,0xad,0xab,0xa9,0x57,0x55,0x53,0x51,0x5f,0x5d,0x5b,0x59,0x47,0x45,0x43,0x41,0x4f,0x4d,0x4b,0x49,0x77,0x75,0x73,0x71,0x7f,0x7d,0x7b,0x79,0x67,0x65,0x63,0x61,0x6f,0x6d,0x6b,0x69,0x17,0x15,0x13,0x11,0x1f,0x1d,0x1b,0x19,0x07,0x05,0x03,0x01,0x0f,0x0d,0x0b,0x09,0x37,0x35,0x33,0x31,0x3f,0x3d,0x3b,0x39,0x27,0x25,0x23,0x21,0x2f,0x2d,0x2b,0x29};



 depth:6
 0  1  2  3  4  5  6  7  8  9  a  b  c  d  e  f 10 11 12 13 14 15 16 17 18 19 1a 1b 1c 1d 1e 1f 20 21 22 23 24 25 26 27 28 29 2a 2b 2c 2d 2e 2f 30 31 32 33 34 35 36 37 38 39 3a 3b 3c 3d 3e 3f 40 41 42 43 44 45 46 47 48 49 4a 4b 4c 4d 4e 4f 50 51 52 53 54 55 56 57 58 59 5a 5b 5c 5d 5e 5f 60 61 62 63 64 65 66 67 68 69 6a 6b 6c 6d 6e 6f 70 71 72 73 74 75 76 77 78 79 7a 7b 7c 7d 7e 7f 80 81 82 83 84 85 86 87 88 89 8a 8b 8c 8d 8e 8f 90 91 92 93 94 95 96 97 98 99 9a 9b 9c 9d 9e 9f a0 a1 a2 a3 a4 a5 a6 a7 a8 a9 aa ab ac ad ae af b0 b1 b2 b3 b4 b5 b6 b7 b8 b9 ba bb bc bd be bf c0 c1 c2 c3 c4 c5 c6 c7 c8 c9 ca cb cc cd ce cf d0 d1 d2 d3 d4 d5 d6 d7 d8 d9 da db dc dd de df e0 e1 e2 e3 e4 e5 e6 e7 e8 e9 ea eb ec ed ee ef f0 f1 f2 f3 f4 f5 f6 f7 f8 f9 fa fb fc fd fe ff 
 0  1  2 8e  4 f8 cb 31  8 38 27 30 41 d1 62 -- 10 -- 70 -- 4e -- 60 81 82 -- 75 -- c4 cf -- e5 20 -- -- -- e0 48 -- e8 9c 72 -- -- c0 -- d5 -- d3 -- -- 33 ea -- -- -- 5f b8 49 -- -- -- 1d -- 40 -- -- -- -- -- -- -- 17 -- 90 -- -- --  7 4f ef -- e4 -- -- e7 -- 13 57 -- -- -- 7d -- -- -- 71 -- -- -- -- -- 66 --  3 -- -- -- -- -- -- -- be -- a7 -- 92 c8 --  c -- 79 -- -- 3a -- -- -- 80 -- -- 32 -- -- -- -- -- -- -- 4c -- -- -- -- 2e -- -- -- f7 -- -- 12 -- 46 -- --  e aa 9e 3e  9 -- -- -- 1f 55 -- 23 -- -- 19 -- -- -- 26 -- ae -- -- -- -- -- -- 8b fa c1 -- -- -- -- -- -- e2 98 -- -- -- -- -- -- -- -- -- -- cc -- -- --  6 64 -- -- -- -- -- d7 -- -- -- -- -- -- -- -- ab -- -- -- 99 8c -- -- f3 7c 47 eb -- 83 18 1c -- -- f2 -- -- -- -- 5c 74 24 -- -- -- -- -- 39 

solutions so far:0 maxDepth:10 
iterations:2811828  skipped: 4 
Depth skipped: 
0 0 4 0 0 0 0 0 0 0 0 0 0 0 0 0 0 0 0 0 0 0 0 0 0 0 0 0 0 0 0 0 

running time: 300 sec
 depth:7
 0  1  2  3  4  5  6  7  8  9  a  b  c  d  e  f 10 11 12 13 14 15 16 17 18 19 1a 1b 1c 1d 1e 1f 20 21 22 23 24 25 26 27 28 29 2a 2b 2c 2d 2e 2f 30 31 32 33 34 35 36 37 38 39 3a 3b 3c 3d 3e 3f 40 41 42 43 44 45 46 47 48 49 4a 4b 4c 4d 4e 4f 50 51 52 53 54 55 56 57 58 59 5a 5b 5c 5d 5e 5f 60 61 62 63 64 65 66 67 68 69 6a 6b 6c 6d 6e 6f 70 71 72 73 74 75 76 77 78 79 7a 7b 7c 7d 7e 7f 80 81 82 83 84 85 86 87 88 89 8a 8b 8c 8d 8e 8f 90 91 92 93 94 95 96 97 98 99 9a 9b 9c 9d 9e 9f a0 a1 a2 a3 a4 a5 a6 a7 a8 a9 aa ab ac ad ae af b0 b1 b2 b3 b4 b5 b6 b7 b8 b9 ba bb bc bd be bf c0 c1 c2 c3 c4 c5 c6 c7 c8 c9 ca cb cc cd ce cf d0 d1 d2 d3 d4 d5 d6 d7 d8 d9 da db dc dd de df e0 e1 e2 e3 e4 e5 e6 e7 e8 e9 ea eb ec ed ee ef f0 f1 f2 f3 f4 f5 f6 f7 f8 f9 fa fb fc fd fe ff 
 0  1  2 8e  4 f1 cb 14  8 61 35 78 41 f6 28 18 10 -- c2 -- 6a -- f0 25 82 -- 3b -- 50 9f 30 a8 20 -- -- -- 53 ac -- ca d4 8a -- -- 37 -- 4a -- d3 -- -- 33 76 -- -- ae a0 15 e9  3 60 -- 87 -- 40 -- -- -- -- -- -- -- a6 -- 8f -- -- -- 43 4f 7f -- c3 -- -- e7 -- 13 6e -- -- -- 94 -- -- -- 71 -- -- -- -- -- 66 -- ec -- -- 83 -- -- 8b 55 97 -- 2a --  5 c8  6 1e c0 79 -- 75 d9 -- -- -- 80 -- -- 32 -- -- -- -- -- -- -- 4c -- -- -- -- 9b -- -- -- c9 -- -- 2b -- 52 -- -- 86 d6 9e a2 fe -- -- -- 51 6b -- 29 -- -- 19 -- -- -- 26 -- dc -- -- -- -- -- -- 6f ff de -- -- -- -- -- -- e2 98 -- -- -- -- -- -- -- -- -- -- cc -- -- --  f 64 -- -- -- -- d1 d7 -- -- -- -- c1 -- aa -- f9 -- -- -- 54 a4 -- --  a 93 47 eb  c 7b 3c db 57 -- f2 -- -- -- ea e1 65 56 -- -- -- -- -- 45 

solutions so far:0 maxDepth:10 
iterations:4849333  skipped: 6 
Depth skipped: 
0 0 6 0 0 0 0 0 0 0 0 0 0 0 0 0 0 0 0 0 0 0 0 0 0 0 0 0 0 0 0 0 

running time: 600 sec
 depth:7
 0  1  2  3  4  5  6  7  8  9  a  b  c  d  e  f 10 11 12 13 14 15 16 17 18 19 1a 1b 1c 1d 1e 1f 20 21 22 23 24 25 26 27 28 29 2a 2b 2c 2d 2e 2f 30 31 32 33 34 35 36 37 38 39 3a 3b 3c 3d 3e 3f 40 41 42 43 44 45 46 47 48 49 4a 4b 4c 4d 4e 4f 50 51 52 53 54 55 56 57 58 59 5a 5b 5c 5d 5e 5f 60 61 62 63 64 65 66 67 68 69 6a 6b 6c 6d 6e 6f 70 71 72 73 74 75 76 77 78 79 7a 7b 7c 7d 7e 7f 80 81 82 83 84 85 86 87 88 89 8a 8b 8c 8d 8e 8f 90 91 92 93 94 95 96 97 98 99 9a 9b 9c 9d 9e 9f a0 a1 a2 a3 a4 a5 a6 a7 a8 a9 aa ab ac ad ae af b0 b1 b2 b3 b4 b5 b6 b7 b8 b9 ba bb bc bd be bf c0 c1 c2 c3 c4 c5 c6 c7 c8 c9 ca cb cc cd ce cf d0 d1 d2 d3 d4 d5 d6 d7 d8 d9 da db dc dd de df e0 e1 e2 e3 e4 e5 e6 e7 e8 e9 ea eb ec ed ee ef f0 f1 f2 f3 f4 f5 f6 f7 f8 f9 fa fb fc fd fe ff 
 0  1  2 8e  4 e9 cb 1e  8 88  5 ce 41 73 3c 55 10 -- c7 --  a -- 4b dc 82 -- e6 -- 78 3b aa 8d 20 -- -- -- 59 f9 -- e3 14 ff -- -- 96 -- 6f -- d3 -- -- 33 1b -- -- ea f0 b5 76 ae 83 -- cd -- 40 -- -- -- -- -- -- -- b2 -- 25 -- -- -- 11 4f 28 -- 29 -- -- e7 -- 13 fb -- -- -- de -- -- -- 71 -- -- -- -- -- 66 -- 36 -- -- 30 -- --  3  c 37 -- bd -- ec c8 8b d8 d1 79 -- c0 4d -- -- -- 80 -- -- 32 -- -- -- -- -- -- -- 4c -- -- -- -- b3 -- -- -- 4a -- -- a0 -- 7b -- -- 22 69 9e a4 50 -- -- -- 52 df -- d6 -- -- 19 -- -- -- 26 -- 21 -- -- -- -- -- -- 42 6b 84 -- -- -- -- -- -- e2 98 -- -- -- -- -- -- -- -- -- -- cc -- -- -- 6c 64 -- -- -- -- 60 d7 -- -- -- --  6 -- 18 -- 6e -- -- -- ad f6 -- --  f 9f 47 eb c1 d2 67 44 75 -- f2 -- -- -- 57 b1 9a 97 -- -- -- -- -- 94 

solutions so far:0 maxDepth:10 
iterations:7555238  skipped: 9 
Depth skipped: 
0 0 9 0 0 0 0 0 0 0 0 0 0 0 0 0 0 0 0 0 0 0 0 0 0 0 0 0 0 0 0 0 

running time: 900 sec
 depth:7
 0  1  2  3  4  5  6  7  8  9  a  b  c  d  e  f 10 11 12 13 14 15 16 17 18 19 1a 1b 1c 1d 1e 1f 20 21 22 23 24 25 26 27 28 29 2a 2b 2c 2d 2e 2f 30 31 32 33 34 35 36 37 38 39 3a 3b 3c 3d 3e 3f 40 41 42 43 44 45 46 47 48 49 4a 4b 4c 4d 4e 4f 50 51 52 53 54 55 56 57 58 59 5a 5b 5c 5d 5e 5f 60 61 62 63 64 65 66 67 68 69 6a 6b 6c 6d 6e 6f 70 71 72 73 74 75 76 77 78 79 7a 7b 7c 7d 7e 7f 80 81 82 83 84 85 86 87 88 89 8a 8b 8c 8d 8e 8f 90 91 92 93 94 95 96 97 98 99 9a 9b 9c 9d 9e 9f a0 a1 a2 a3 a4 a5 a6 a7 a8 a9 aa ab ac ad ae af b0 b1 b2 b3 b4 b5 b6 b7 b8 b9 ba bb bc bd be bf c0 c1 c2 c3 c4 c5 c6 c7 c8 c9 ca cb cc cd ce cf d0 d1 d2 d3 d4 d5 d6 d7 d8 d9 da db dc dd de df e0 e1 e2 e3 e4 e5 e6 e7 e8 e9 ea eb ec ed ee ef f0 f1 f2 f3 f4 f5 f6 f7 f8 f9 fa fb fc fd fe ff 
 0  1  2 8e  4 e1 cb 6f  8 a9 15  a 41 ff de 3a 10 -- 85 -- 2a -- 14 3b 82 -- 29 -- 6b f0 74 bb 20 -- -- -- dd ca -- 2d 54 61 -- -- 28 -- 76 -- d3 -- -- 33 52 -- -- 1c d6 c6 37 99 e8 -- a1 -- 40 -- -- -- -- -- -- -- 6d -- 43 -- -- -- 5a 4f a8 -- c2 -- -- e7 -- 13 50 -- -- -- ec -- -- -- 71 -- -- -- -- -- 66 -- a4 -- -- 2e -- -- 38 e0 7b -- 5b -- 6e c8 e5 e9  7 79 -- b8 95 -- -- -- 80 -- -- 32 -- -- -- -- -- -- -- 4c -- -- -- -- da -- -- -- 86 -- -- d9 -- 3c -- -- b4 4a 9e a6 87 -- -- -- 53 25 -- 1e -- -- 19 -- -- -- 26 -- a0 -- -- -- -- -- -- 97  f f9 -- -- -- -- -- -- e2 98 -- -- -- -- -- -- -- -- -- -- cc -- -- -- 9f 64 -- -- -- -- 5c d7 -- -- -- -- 70 -- 17 -- f6 -- -- -- b6 78 -- -- dc 9b 47 eb 1d 94  5 bf  e -- f2 -- -- -- a7 63 fd 65 -- -- -- -- -- db 

solutions so far:0 maxDepth:10 
iterations:10009803  skipped: 11 
Depth skipped: 
0 0 11 0 0 0 0 0 0 0 0 0 0 0 0 0 0 0 0 0 0 0 0 0 0 0 0 0 0 0 0 0 

running time: 1200 sec
 depth:7
 0  1  2  3  4  5  6  7  8  9  a  b  c  d  e  f 10 11 12 13 14 15 16 17 18 19 1a 1b 1c 1d 1e 1f 20 21 22 23 24 25 26 27 28 29 2a 2b 2c 2d 2e 2f 30 31 32 33 34 35 36 37 38 39 3a 3b 3c 3d 3e 3f 40 41 42 43 44 45 46 47 48 49 4a 4b 4c 4d 4e 4f 50 51 52 53 54 55 56 57 58 59 5a 5b 5c 5d 5e 5f 60 61 62 63 64 65 66 67 68 69 6a 6b 6c 6d 6e 6f 70 71 72 73 74 75 76 77 78 79 7a 7b 7c 7d 7e 7f 80 81 82 83 84 85 86 87 88 89 8a 8b 8c 8d 8e 8f 90 91 92 93 94 95 96 97 98 99 9a 9b 9c 9d 9e 9f a0 a1 a2 a3 a4 a5 a6 a7 a8 a9 aa ab ac ad ae af b0 b1 b2 b3 b4 b5 b6 b7 b8 b9 ba bb bc bd be bf c0 c1 c2 c3 c4 c5 c6 c7 c8 c9 ca cb cc cd ce cf d0 d1 d2 d3 d4 d5 d6 d7 d8 d9 da db dc dd de df e0 e1 e2 e3 e4 e5 e6 e7 e8 e9 ea eb ec ed ee ef f0 f1 f2 f3 f4 f5 f6 f7 f8 f9 fa fb fc fd fe ff 
 0  1  2 8e  4 d9 cb  9  8 88 65 b0 41 d0 12 a7 10 -- c7 -- ca -- b7 39 82 -- 77 -- 24 27 99 8d 20 -- -- -- 59 53 -- e3 43 15 -- -- b9 -- 72 -- d3 -- -- 33 ee -- -- 74 48 b5 4e 2e e5 -- cd -- 40 -- -- -- -- -- -- -- b2 -- a6 -- -- -- 11 4f 86 -- 2a -- -- e7 -- 13 a5 -- -- -- e4 -- -- -- 71 -- -- -- -- -- 66 --  b -- -- 38 -- -- e8  e 90 -- bd -- 9c c8 5c 2c 1d 79 -- e0 4d -- -- -- 80 -- -- 32 -- -- -- -- -- -- -- 4c -- -- -- -- b3 -- -- -- 9b -- -- 61 -- 7c -- -- 22 34 9e a8 db -- -- -- 54 1a -- 3e -- -- 19 -- -- -- 26 -- 9d -- -- -- -- -- -- ed 1f  d -- -- -- -- -- -- e2 98 -- -- -- -- -- -- -- -- -- -- cc -- -- -- 16 64 -- -- -- -- 70 d7 -- -- -- --  7 -- 1c -- f7 -- -- -- ad f8 -- -- ef 87 47 eb b8 68 58 44 3a -- f2 -- -- -- 17 b1 9a c2 -- -- -- -- -- e1 

solutions so far:0 maxDepth:10 
iterations:12461226  skipped: 16 
Depth skipped: 
0 0 16 0 0 0 0 0 0 0 0 0 0 0 0 0 0 0 0 0 0 0 0 0 0 0 0 0 0 0 0 0 

running time: 1500 sec
 depth:7
 0  1  2  3  4  5  6  7  8  9  a  b  c  d  e  f 10 11 12 13 14 15 16 17 18 19 1a 1b 1c 1d 1e 1f 20 21 22 23 24 25 26 27 28 29 2a 2b 2c 2d 2e 2f 30 31 32 33 34 35 36 37 38 39 3a 3b 3c 3d 3e 3f 40 41 42 43 44 45 46 47 48 49 4a 4b 4c 4d 4e 4f 50 51 52 53 54 55 56 57 58 59 5a 5b 5c 5d 5e 5f 60 61 62 63 64 65 66 67 68 69 6a 6b 6c 6d 6e 6f 70 71 72 73 74 75 76 77 78 79 7a 7b 7c 7d 7e 7f 80 81 82 83 84 85 86 87 88 89 8a 8b 8c 8d 8e 8f 90 91 92 93 94 95 96 97 98 99 9a 9b 9c 9d 9e 9f a0 a1 a2 a3 a4 a5 a6 a7 a8 a9 aa ab ac ad ae af b0 b1 b2 b3 b4 b5 b6 b7 b8 b9 ba bb bc bd be bf c0 c1 c2 c3 c4 c5 c6 c7 c8 c9 ca cb cc cd ce cf d0 d1 d2 d3 d4 d5 d6 d7 d8 d9 da db dc dd de df e0 e1 e2 e3 e4 e5 e6 e7 e8 e9 ea eb ec ed ee ef f0 f1 f2 f3 f4 f5 f6 f7 f8 f9 fa fb fc fd fe ff 
 0  1  2 8e  4 c9 cb 72  8 65 45 16 41 1a e4 1c 10 -- ca -- 8a -- 2c 27 82 -- 34 -- 1f 48 38 9b 20 -- -- -- 43 35 -- 54 c3 fe -- -- 58 -- 4e -- d3 -- -- 33 68 -- -- 2e 3e c2 90 e8 70 -- e1 -- 40 -- -- -- -- -- -- -- 86 -- 6a -- -- -- a8 4f 51 -- 2b -- -- e7 -- 13 b0 -- -- -- 9c -- -- -- 71 -- -- -- -- -- 66 -- d0 -- -- e5 -- -- 5c a7 7c -- 53 -- f7 c8  7 ee e0 79 -- 3a 15 -- -- -- 80 -- -- 32 -- -- -- -- -- -- -- 4c -- -- -- -- db -- -- -- d4 -- -- 93 -- 12 -- -- 87 ed 9e ac a2 -- -- -- 56 9d --  9 -- -- 19 -- -- -- 26 -- b7 -- -- -- -- -- -- b9 ef a5 -- -- -- -- -- -- e2 98 -- -- -- -- -- -- -- -- -- -- cc -- -- -- 77 64 -- -- -- -- 1d d7 -- -- -- -- b8 -- 99 -- f8 -- -- -- a6 24 -- -- 39 8f 47 eb  e  d  b d9 17 -- f2 -- -- -- 74 61 2a f1 -- -- -- -- -- 7f 

solutions so far:0 maxDepth:10 
iterations:14829208  skipped: 23 
Depth skipped: 
0 0 23 0 0 0 0 0 0 0 0 0 0 0 0 0 0 0 0 0 0 0 0 0 0 0 0 0 0 0 0 0 

running time: 1800 sec
 depth:7
 0  1  2  3  4  5  6  7  8  9  a  b  c  d  e  f 10 11 12 13 14 15 16 17 18 19 1a 1b 1c 1d 1e 1f 20 21 22 23 24 25 26 27 28 29 2a 2b 2c 2d 2e 2f 30 31 32 33 34 35 36 37 38 39 3a 3b 3c 3d 3e 3f 40 41 42 43 44 45 46 47 48 49 4a 4b 4c 4d 4e 4f 50 51 52 53 54 55 56 57 58 59 5a 5b 5c 5d 5e 5f 60 61 62 63 64 65 66 67 68 69 6a 6b 6c 6d 6e 6f 70 71 72 73 74 75 76 77 78 79 7a 7b 7c 7d 7e 7f 80 81 82 83 84 85 86 87 88 89 8a 8b 8c 8d 8e 8f 90 91 92 93 94 95 96 97 98 99 9a 9b 9c 9d 9e 9f a0 a1 a2 a3 a4 a5 a6 a7 a8 a9 aa ab ac ad ae af b0 b1 b2 b3 b4 b5 b6 b7 b8 b9 ba bb bc bd be bf c0 c1 c2 c3 c4 c5 c6 c7 c8 c9 ca cb cc cd ce cf d0 d1 d2 d3 d4 d5 d6 d7 d8 d9 da db dc dd de df e0 e1 e2 e3 e4 e5 e6 e7 e8 e9 ea eb ec ed ee ef f0 f1 f2 f3 f4 f5 f6 f7 f8 f9 fa fb fc fd fe ff 
 0  1  2 8e  4 c0 cb 4e  8 28 57 ad 41 c7 9c 93 10 -- 50 -- ae -- 8d 48 82 -- 59 -- ef 3e f1 29 20 -- -- -- a0 d1 -- e9 8b  6 -- -- cd -- 90 -- d3 -- -- 33 b2 -- -- 7f  9 4a 7c c3 35 -- 52 -- 40 -- -- -- -- -- -- -- 97 -- 75 -- -- --  5 4f c1 --  c -- -- e7 -- 13 4d -- -- -- f7 -- -- -- 71 -- -- -- -- -- 66 -- b3 -- -- 8f -- -- fe 56 12 -- 94 -- f8 c8 51 b5 6a 79 -- 45 a4 -- -- -- 80 -- -- 32 -- -- -- -- -- -- -- 4c -- -- -- -- f9 -- -- -- ea -- -- aa -- e4 -- --  a 44 9e 30 55 -- -- -- 18 22 -- 72 -- -- 19 -- -- -- 26 -- 9a -- -- -- -- -- -- e3 39 11 -- -- -- -- -- -- e2 98 -- -- -- -- -- -- -- -- -- -- cc -- -- -- b1 64 -- -- -- -- c9 d7 -- -- -- -- 2b -- ac -- 24 -- -- -- ff 1f -- -- 27 60 47 eb a2 88 bd 14 d4 -- f2 -- -- -- 8a 25 9f 83 -- -- -- -- --  3 

solutions so far:0 maxDepth:10 
iterations:16973213  skipped: 26 
Depth skipped: 
0 0 26 0 0 0 0 0 0 0 0 0 0 0 0 0 0 0 0 0 0 0 0 0 0 0 0 0 0 0 0 0 

running time: 2100 sec
 depth:6
 0  1  2  3  4  5  6  7  8  9  a  b  c  d  e  f 10 11 12 13 14 15 16 17 18 19 1a 1b 1c 1d 1e 1f 20 21 22 23 24 25 26 27 28 29 2a 2b 2c 2d 2e 2f 30 31 32 33 34 35 36 37 38 39 3a 3b 3c 3d 3e 3f 40 41 42 43 44 45 46 47 48 49 4a 4b 4c 4d 4e 4f 50 51 52 53 54 55 56 57 58 59 5a 5b 5c 5d 5e 5f 60 61 62 63 64 65 66 67 68 69 6a 6b 6c 6d 6e 6f 70 71 72 73 74 75 76 77 78 79 7a 7b 7c 7d 7e 7f 80 81 82 83 84 85 86 87 88 89 8a 8b 8c 8d 8e 8f 90 91 92 93 94 95 96 97 98 99 9a 9b 9c 9d 9e 9f a0 a1 a2 a3 a4 a5 a6 a7 a8 a9 aa ab ac ad ae af b0 b1 b2 b3 b4 b5 b6 b7 b8 b9 ba bb bc bd be bf c0 c1 c2 c3 c4 c5 c6 c7 c8 c9 ca cb cc cd ce cf d0 d1 d2 d3 d4 d5 d6 d7 d8 d9 da db dc dd de df e0 e1 e2 e3 e4 e5 e6 e7 e8 e9 ea eb ec ed ee ef f0 f1 f2 f3 f4 f5 f6 f7 f8 f9 fa fb fc fd fe ff 
 0  1  2 8e  4 b9 cb 29  8 3f a5 46 41 be 52 -- 10 -- 7e -- 9d -- 8c  a 82 -- ab -- a4 25 -- 5d 20 -- -- -- fc d0 -- f5 ed 16 -- -- cf -- 14 -- d3 -- -- 33 81 -- -- -- 9f af 4a -- -- -- ba -- 40 -- -- -- -- -- -- -- 2f -- 77 -- -- -- 3d 4f  d -- 2c -- -- e7 -- 13 49 -- -- -- 28 -- -- -- 71 -- -- -- -- -- 66 -- d5 -- -- -- -- -- -- -- e9 -- 89 -- 94 c8 -- fa -- 79 -- -- a3 -- -- -- 80 -- -- 32 -- -- -- -- -- -- -- 4c -- -- -- -- 5e -- -- -- ee -- -- 34 -- 97 -- -- 7a c4 9e b0 1a -- -- -- 58 62 -- a0 -- -- 19 -- -- -- 26 -- 92 -- -- -- -- -- -- f3 50 31 -- -- -- -- -- -- e2 98 -- -- -- -- -- -- -- -- -- -- cc -- -- -- 7d 64 -- -- -- -- -- d7 -- -- -- -- -- -- -- --  5 -- -- -- c5 f9 -- -- ff b7 47 eb -- 5f 23 f4 -- -- f2 -- -- -- -- bc 91 68 -- -- -- -- --  b 

solutions so far:0 maxDepth:10 
iterations:19243082  skipped: 29 
Depth skipped: 
0 0 29 0 0 0 0 0 0 0 0 0 0 0 0 0 0 0 0 0 0 0 0 0 0 0 0 0 0 0 0 0 

running time: 2400 sec
 depth:6
 0  1  2  3  4  5  6  7  8  9  a  b  c  d  e  f 10 11 12 13 14 15 16 17 18 19 1a 1b 1c 1d 1e 1f 20 21 22 23 24 25 26 27 28 29 2a 2b 2c 2d 2e 2f 30 31 32 33 34 35 36 37 38 39 3a 3b 3c 3d 3e 3f 40 41 42 43 44 45 46 47 48 49 4a 4b 4c 4d 4e 4f 50 51 52 53 54 55 56 57 58 59 5a 5b 5c 5d 5e 5f 60 61 62 63 64 65 66 67 68 69 6a 6b 6c 6d 6e 6f 70 71 72 73 74 75 76 77 78 79 7a 7b 7c 7d 7e 7f 80 81 82 83 84 85 86 87 88 89 8a 8b 8c 8d 8e 8f 90 91 92 93 94 95 96 97 98 99 9a 9b 9c 9d 9e 9f a0 a1 a2 a3 a4 a5 a6 a7 a8 a9 aa ab ac ad ae af b0 b1 b2 b3 b4 b5 b6 b7 b8 b9 ba bb bc bd be bf c0 c1 c2 c3 c4 c5 c6 c7 c8 c9 ca cb cc cd ce cf d0 d1 d2 d3 d4 d5 d6 d7 d8 d9 da db dc dd de df e0 e1 e2 e3 e4 e5 e6 e7 e8 e9 ea eb ec ed ee ef f0 f1 f2 f3 f4 f5 f6 f7 f8 f9 fa fb fc fd fe ff 
 0  1  2 8e  4 b4 cb 83  8  f bf 7f 41 51 d1 -- 10 -- 1e -- a9 -- fe  c 82 -- a2 -- 75 8b -- de 20 -- -- -- 3c c6 -- f6 85 a1 -- -- 2b -- 18 -- d3 -- -- 33 93 -- -- -- ea 6e c1 -- -- -- 6b -- 40 -- -- -- -- -- -- -- 78 -- 5b -- -- -- 3b 4f dd -- 95 -- -- e7 -- 13 56 -- -- -- 30 -- -- -- 71 -- -- -- -- -- 66 -- f1 -- -- -- -- -- -- --  3 -- dc -- 55 c8 -- 6a -- 79 -- -- d6 -- -- -- 80 -- -- 32 -- -- -- -- -- -- -- 4c -- -- -- -- f0 -- -- -- b6 -- -- da -- 57 -- -- 76 8a 9e 2d 6d -- -- -- fd 45 -- c0 -- -- 19 -- -- -- 26 -- ac -- -- -- -- -- -- 8f 60 c9 -- -- -- -- -- -- e2 98 -- -- -- -- -- -- -- -- -- -- cc -- -- -- 35 64 -- -- -- -- -- d7 -- -- -- -- -- -- -- --  6 -- -- -- 6f ae -- -- aa 5a 47 eb -- c3 d4 ec -- -- f2 -- -- -- -- 37 7b 63 -- -- -- -- -- bb 

solutions so far:0 maxDepth:10 
iterations:21258294  skipped: 30 
Depth skipped: 
0 0 30 0 0 0 0 0 0 0 0 0 0 0 0 0 0 0 0 0 0 0 0 0 0 0 0 0 0 0 0 0 

running time: 2700 sec
 depth:7
 0  1  2  3  4  5  6  7  8  9  a  b  c  d  e  f 10 11 12 13 14 15 16 17 18 19 1a 1b 1c 1d 1e 1f 20 21 22 23 24 25 26 27 28 29 2a 2b 2c 2d 2e 2f 30 31 32 33 34 35 36 37 38 39 3a 3b 3c 3d 3e 3f 40 41 42 43 44 45 46 47 48 49 4a 4b 4c 4d 4e 4f 50 51 52 53 54 55 56 57 58 59 5a 5b 5c 5d 5e 5f 60 61 62 63 64 65 66 67 68 69 6a 6b 6c 6d 6e 6f 70 71 72 73 74 75 76 77 78 79 7a 7b 7c 7d 7e 7f 80 81 82 83 84 85 86 87 88 89 8a 8b 8c 8d 8e 8f 90 91 92 93 94 95 96 97 98 99 9a 9b 9c 9d 9e 9f a0 a1 a2 a3 a4 a5 a6 a7 a8 a9 aa ab ac ad ae af b0 b1 b2 b3 b4 b5 b6 b7 b8 b9 ba bb bc bd be bf c0 c1 c2 c3 c4 c5 c6 c7 c8 c9 ca cb cc cd ce cf d0 d1 d2 d3 d4 d5 d6 d7 d8 d9 da db dc dd de df e0 e1 e2 e3 e4 e5 e6 e7 e8 e9 ea eb ec ed ee ef f0 f1 f2 f3 f4 f5 f6 f7 f8 f9 fa fb fc fd fe ff 
 0  1  2 8e  4 a5 cb da  8 7a 9d fa 41 c4 63 53 10 -- f4 -- ed -- 23 a1 82 -- 5f -- c6 a9 a6 89 20 -- -- -- 3f 77 -- a3  d 2c -- -- 46 -- 95 -- d3 -- -- 33 be -- -- 2a 5b 5e 85 db 9b -- c5 -- 40 -- -- -- -- -- -- -- 7e -- ee -- -- -- 91 4f 1a -- 58 -- -- e7 -- 13 8c -- -- -- fd -- -- -- 71 -- -- -- -- -- 66 -- ab -- -- 65 -- -- 54 87 b6 -- bc -- dd c8 61 d5 e1 79 -- 43 5d -- -- -- 80 -- -- 32 -- -- -- -- -- -- -- 4c -- -- -- -- fc -- -- --  b -- -- 68 -- b4 -- -- f5 31 9e b7 34 -- -- -- b0 f3 -- 5a -- -- 19 -- -- -- 26 -- cf -- -- -- -- -- -- 49 2d 92 -- -- -- -- -- -- e2 98 -- -- -- -- -- -- -- -- -- -- cc -- -- -- 81 64 -- -- -- -- ca d7 -- -- -- -- a8 -- d9 -- bb -- -- -- af bf -- -- 6d b9 47 eb c2 62 7d 3d 15 -- f2 -- -- -- 86 2f ba d0 -- -- -- -- -- 16 

solutions so far:0 maxDepth:10 
iterations:24302132  skipped: 38 
Depth skipped: 
0 0 38 0 0 0 0 0 0 0 0 0 0 0 0 0 0 0 0 0 0 0 0 0 0 0 0 0 0 0 0 0 

running time: 3000 sec
 depth:6
 0  1  2  3  4  5  6  7  8  9  a  b  c  d  e  f 10 11 12 13 14 15 16 17 18 19 1a 1b 1c 1d 1e 1f 20 21 22 23 24 25 26 27 28 29 2a 2b 2c 2d 2e 2f 30 31 32 33 34 35 36 37 38 39 3a 3b 3c 3d 3e 3f 40 41 42 43 44 45 46 47 48 49 4a 4b 4c 4d 4e 4f 50 51 52 53 54 55 56 57 58 59 5a 5b 5c 5d 5e 5f 60 61 62 63 64 65 66 67 68 69 6a 6b 6c 6d 6e 6f 70 71 72 73 74 75 76 77 78 79 7a 7b 7c 7d 7e 7f 80 81 82 83 84 85 86 87 88 89 8a 8b 8c 8d 8e 8f 90 91 92 93 94 95 96 97 98 99 9a 9b 9c 9d 9e 9f a0 a1 a2 a3 a4 a5 a6 a7 a8 a9 aa ab ac ad ae af b0 b1 b2 b3 b4 b5 b6 b7 b8 b9 ba bb bc bd be bf c0 c1 c2 c3 c4 c5 c6 c7 c8 c9 ca cb cc cd ce cf d0 d1 d2 d3 d4 d5 d6 d7 d8 d9 da db dc dd de df e0 e1 e2 e3 e4 e5 e6 e7 e8 e9 ea eb ec ed ee ef f0 f1 f2 f3 f4 f5 f6 f7 f8 f9 fa fb fc fd fe ff 
 0  1  2 8e  4 9c cb ae  8 62 ef a3 41 5e 8b -- 10 -- c4 --  9 -- 91 d1 82 -- bc -- c1 30 -- 23 20 -- -- -- 5f 39 -- 49 12 3e -- -- f5 -- 75 -- d3 -- -- 33 af -- -- -- 55 d5 60 -- -- -- 46 -- 40 -- -- -- -- -- -- -- be -- 72 -- -- -- 92 4f 24 -- 7c -- -- e7 -- 13 3d -- -- -- ea -- -- -- 71 -- -- -- -- -- 66 -- 89 -- -- -- -- -- -- -- aa -- 7d -- c0 c8 -- 5d -- 79 -- -- 8c -- -- -- 80 -- -- 32 -- -- -- -- -- -- -- 4c -- -- -- -- ab -- -- -- e4 -- -- 90 --  c -- -- f3 fc 9e 27 48 -- -- -- f8 7e --  6 -- -- 19 -- -- -- 26 -- 7a -- -- -- -- -- -- f4  3 3f -- -- -- -- -- -- e2 98 -- -- -- -- -- -- -- -- -- -- cc -- -- -- c5 64 -- -- -- -- -- d7 -- -- -- -- -- -- -- -- 83 -- -- -- fa 18 -- -- 57 4e 47 eb -- 2f ba 31 -- -- f2 -- -- -- -- 81 cf f7 -- -- -- -- -- 1f 

solutions so far:0 maxDepth:10 
iterations:27187017  skipped: 42 
Depth skipped: 
0 0 42 0 0 0 0 0 0 0 0 0 0 0 0 0 0 0 0 0 0 0 0 0 0 0 0 0 0 0 0 0 

running time: 3300 sec
 depth:7
 0  1  2  3  4  5  6  7  8  9  a  b  c  d  e  f 10 11 12 13 14 15 16 17 18 19 1a 1b 1c 1d 1e 1f 20 21 22 23 24 25 26 27 28 29 2a 2b 2c 2d 2e 2f 30 31 32 33 34 35 36 37 38 39 3a 3b 3c 3d 3e 3f 40 41 42 43 44 45 46 47 48 49 4a 4b 4c 4d 4e 4f 50 51 52 53 54 55 56 57 58 59 5a 5b 5c 5d 5e 5f 60 61 62 63 64 65 66 67 68 69 6a 6b 6c 6d 6e 6f 70 71 72 73 74 75 76 77 78 79 7a 7b 7c 7d 7e 7f 80 81 82 83 84 85 86 87 88 89 8a 8b 8c 8d 8e 8f 90 91 92 93 94 95 96 97 98 99 9a 9b 9c 9d 9e 9f a0 a1 a2 a3 a4 a5 a6 a7 a8 a9 aa ab ac ad ae af b0 b1 b2 b3 b4 b5 b6 b7 b8 b9 ba bb bc bd be bf c0 c1 c2 c3 c4 c5 c6 c7 c8 c9 ca cb cc cd ce cf d0 d1 d2 d3 d4 d5 d6 d7 d8 d9 da db dc dd de df e0 e1 e2 e3 e4 e5 e6 e7 e8 e9 ea eb ec ed ee ef f0 f1 f2 f3 f4 f5 f6 f7 f8 f9 fa fb fc fd fe ff 
 0  1  2 8e  4 8c cb c1  8 fe cf f4 41 5d 55 e6 10 -- 2b -- 49 -- 3f ea 82 -- ba -- aa c0 1b 51 20 -- -- -- 56 5f -- 35 92 d5 -- -- 7e --  3 -- d3 -- -- 33 a3 -- -- 67 83 45 57 69 36 -- a2 -- 40 -- -- -- -- -- -- -- ac -- be -- -- -- 6a 4f f3 -- 7d -- -- e7 -- 13 fc -- -- --  6 -- -- -- 71 -- -- -- -- -- 66 -- 91 -- -- 21 -- -- ce 96 d1 -- 8a -- ae c8 d2 3d 6c 79 -- 84 93 -- -- -- 80 -- -- 32 -- -- -- -- -- -- -- 4c -- -- -- -- 8f -- -- -- ab -- -- 62 -- 30 -- -- d4 89 9e 23 31 -- -- -- fa af -- 18 -- -- 19 -- -- -- 26 -- 2f -- -- -- -- -- -- 5e  c bc -- -- -- -- -- -- e2 98 -- -- -- -- -- -- -- -- -- -- cc -- -- -- f5 64 -- -- -- -- 42 d7 -- -- -- -- 4b -- fb -- 75 -- -- -- c3 60 -- -- 8b 46 47 eb 73 c5 7a 7f d8 -- f2 -- -- -- df c9 f1 c4 -- -- -- -- -- 81 

solutions so far:0 maxDepth:10 
iterations:29721840  skipped: 49 
Depth skipped: 
0 0 49 0 0 0 0 0 0 0 0 0 0 0 0 0 0 0 0 0 0 0 0 0 0 0 0 0 0 0 0 0 

running time: 3600 sec
 depth:7
 0  1  2  3  4  5  6  7  8  9  a  b  c  d  e  f 10 11 12 13 14 15 16 17 18 19 1a 1b 1c 1d 1e 1f 20 21 22 23 24 25 26 27 28 29 2a 2b 2c 2d 2e 2f 30 31 32 33 34 35 36 37 38 39 3a 3b 3c 3d 3e 3f 40 41 42 43 44 45 46 47 48 49 4a 4b 4c 4d 4e 4f 50 51 52 53 54 55 56 57 58 59 5a 5b 5c 5d 5e 5f 60 61 62 63 64 65 66 67 68 69 6a 6b 6c 6d 6e 6f 70 71 72 73 74 75 76 77 78 79 7a 7b 7c 7d 7e 7f 80 81 82 83 84 85 86 87 88 89 8a 8b 8c 8d 8e 8f 90 91 92 93 94 95 96 97 98 99 9a 9b 9c 9d 9e 9f a0 a1 a2 a3 a4 a5 a6 a7 a8 a9 aa ab ac ad ae af b0 b1 b2 b3 b4 b5 b6 b7 b8 b9 ba bb bc bd be bf c0 c1 c2 c3 c4 c5 c6 c7 c8 c9 ca cb cc cd ce cf d0 d1 d2 d3 d4 d5 d6 d7 d8 d9 da db dc dd de df e0 e1 e2 e3 e4 e5 e6 e7 e8 e9 ea eb ec ed ee ef f0 f1 f2 f3 f4 f5 f6 f7 f8 f9 fa fb fc fd fe ff 
 0  1  2 8e  4 81 cb e6  8 76 d5 52 41 97 1b 7a 10 -- ec -- 7d -- a4 ce 82 -- f9 -- 36 df f4 dc 20 -- -- --  f 49 -- d6 fa 62 -- -- 9f -- 4b -- d3 -- -- 33 25 -- -- 2f 6c f0 69 91 3f -- 6f -- 40 -- -- -- -- -- -- -- 1e -- 92 -- -- -- 7b 4f 23 -- c4 -- -- e7 -- 13 e9 -- -- -- 96 -- -- -- 71 -- -- -- -- -- 66 -- 4a -- -- c5 -- -- 5e af d8 -- 37 -- d2 c8 f5 ff 7e 79 -- ba de -- -- -- 80 -- -- 32 -- -- -- -- -- -- -- 4c -- -- -- -- 3c -- -- -- f3 -- -- 8c -- 42 -- -- f6 50 9e be 46 -- -- -- 5f 28 -- 21 -- -- 19 -- -- -- 26 --  5 -- -- -- -- -- --  a fb 14 -- -- -- -- -- -- e2 98 -- -- -- -- -- -- -- -- -- -- cc -- -- -- 94 64 -- -- -- -- 5d d7 -- -- -- -- bc -- 89 -- 67 -- -- -- 6e 84 -- -- 73 ab 47 eb 3d a0 29 3b fc -- f2 -- -- -- a3 78 6b cf -- -- -- -- -- 31 

solutions so far:0 maxDepth:10 
iterations:32397533  skipped: 54 
Depth skipped: 
0 0 54 0 0 0 0 0 0 0 0 0 0 0 0 0 0 0 0 0 0 0 0 0 0 0 0 0 0 0 0 0 

running time: 3900 sec
 depth:8
 0  1  2  3  4  5  6  7  8  9  a  b  c  d  e  f 10 11 12 13 14 15 16 17 18 19 1a 1b 1c 1d 1e 1f 20 21 22 23 24 25 26 27 28 29 2a 2b 2c 2d 2e 2f 30 31 32 33 34 35 36 37 38 39 3a 3b 3c 3d 3e 3f 40 41 42 43 44 45 46 47 48 49 4a 4b 4c 4d 4e 4f 50 51 52 53 54 55 56 57 58 59 5a 5b 5c 5d 5e 5f 60 61 62 63 64 65 66 67 68 69 6a 6b 6c 6d 6e 6f 70 71 72 73 74 75 76 77 78 79 7a 7b 7c 7d 7e 7f 80 81 82 83 84 85 86 87 88 89 8a 8b 8c 8d 8e 8f 90 91 92 93 94 95 96 97 98 99 9a 9b 9c 9d 9e 9f a0 a1 a2 a3 a4 a5 a6 a7 a8 a9 aa ab ac ad ae af b0 b1 b2 b3 b4 b5 b6 b7 b8 b9 ba bb bc bd be bf c0 c1 c2 c3 c4 c5 c6 c7 c8 c9 ca cb cc cd ce cf d0 d1 d2 d3 d4 d5 d6 d7 d8 d9 da db dc dd de df e0 e1 e2 e3 e4 e5 e6 e7 e8 e9 ea eb ec ed ee ef f0 f1 f2 f3 f4 f5 f6 f7 f8 f9 fa fb fc fd fe ff 
 0  1  2 8e  4 76 cb 88  8 f5 ec 72 41  9 c7 e6 10 30 3d --  f -- e4 b5 82 -- 12 -- 59 e3 1b bc 20 -- 60 -- 7a 6e -- 5d 1e 6b -- -- 1f -- bd -- d3 -- -- 33 24 -- -- 67 b2 fc 11 69 36 -- af -- 40 -- -- -- c0 -- -- -- f4 -- dc -- --  6 ba 4f 3c -- d6 -- -- e7 -- 13 3e 8b -- -- ad -- -- -- 71 -- -- -- -- -- 66 -- 48 -- -- 21 -- -- ce 96 b3 -- 2f -- 22 c8 d2 f7 6c 79 -- 84 89 -- -- -- 80 -- -- 32 -- -- -- -- 57 -- -- 4c -- ea -- -- 3f -- -- -- 6f -- -- f0 -- 4d  c -- a3 9c 9e f6 78 -- -- -- 7b 4e -- cd -- -- 19 -- -- 75 26 -- 7c aa c1 55 -- 83 -- f8 8d 27 -- -- -- d1 -- -- e2 98 -- -- -- -- -- ae -- -- -- -- cc  3 -- -- 90 64 -- -- -- -- 42 d7 -- -- -- -- 4b -- fb -- b1 -- -- 18 5e 9a -- -- 44 3b 47 eb 73 ef 39 91 d8 -- f2 -- -- -- df 7e c5 37 -- -- -- -- -- de 

solutions so far:0 maxDepth:10 
iterations:36097025  skipped: 57 
Depth skipped: 
0 0 57 0 0 0 0 0 0 0 0 0 0 0 0 0 0 0 0 0 0 0 0 0 0 0 0 0 0 0 0 0 

running time: 4200 sec
 depth:7
 0  1  2  3  4  5  6  7  8  9  a  b  c  d  e  f 10 11 12 13 14 15 16 17 18 19 1a 1b 1c 1d 1e 1f 20 21 22 23 24 25 26 27 28 29 2a 2b 2c 2d 2e 2f 30 31 32 33 34 35 36 37 38 39 3a 3b 3c 3d 3e 3f 40 41 42 43 44 45 46 47 48 49 4a 4b 4c 4d 4e 4f 50 51 52 53 54 55 56 57 58 59 5a 5b 5c 5d 5e 5f 60 61 62 63 64 65 66 67 68 69 6a 6b 6c 6d 6e 6f 70 71 72 73 74 75 76 77 78 79 7a 7b 7c 7d 7e 7f 80 81 82 83 84 85 86 87 88 89 8a 8b 8c 8d 8e 8f 90 91 92 93 94 95 96 97 98 99 9a 9b 9c 9d 9e 9f a0 a1 a2 a3 a4 a5 a6 a7 a8 a9 aa ab ac ad ae af b0 b1 b2 b3 b4 b5 b6 b7 b8 b9 ba bb bc bd be bf c0 c1 c2 c3 c4 c5 c6 c7 c8 c9 ca cb cc cd ce cf d0 d1 d2 d3 d4 d5 d6 d7 d8 d9 da db dc dd de df e0 e1 e2 e3 e4 e5 e6 e7 e8 e9 ea eb ec ed ee ef f0 f1 f2 f3 f4 f5 f6 f7 f8 f9 fa fb fc fd fe ff 
 0  1  2 8e  4 6e cb c6  8 46 dc df 41 ce 5b 39 10 -- 8c -- 6f -- 69 fd 82 -- 4b -- b6 dd 72 5f 20 -- -- -- cf 3b -- d5 de 1e -- -- d2 -- 2d -- d3 -- -- 33 96 -- -- 7c bb 31 6d 48 e4 -- be -- 40 -- -- -- -- -- -- -- 49 -- 76 -- -- -- 7d 4f 6b -- 3c -- -- e7 -- 13 73 -- -- -- 5a -- -- -- 71 -- -- -- -- -- 66 -- fb -- -- ef -- -- f8 4e a1 -- 62 -- da c8 90 42 1f 79 -- 12 ab -- -- -- 80 -- -- 32 -- -- -- -- -- -- -- 4c -- -- -- -- 92 -- -- -- ec -- -- 7b -- a9 -- -- fa d8 9e f0 d6 -- -- -- 78 6c -- bf -- -- 19 -- -- -- 26 -- e6 -- -- -- -- -- -- 1b b4 36 -- -- -- -- -- -- e2 98 -- -- -- -- -- -- -- -- -- -- cc -- -- -- 21 64 -- -- -- --  9 d7 -- -- -- -- 27 -- 9c -- 95 -- -- -- c4 85 -- -- 63 37 47 eb f7 67 84 23 3e -- f2 -- -- -- 24 f3 81 f6 -- -- -- -- --  f 

solutions so far:0 maxDepth:10 
iterations:38707748  skipped: 60 
Depth skipped: 
0 0 60 0 0 0 0 0 0 0 0 0 0 0 0 0 0 0 0 0 0 0 0 0 0 0 0 0 0 0 0 0 

running time: 4500 sec
 depth:6
 0  1  2  3  4  5  6  7  8  9  a  b  c  d  e  f 10 11 12 13 14 15 16 17 18 19 1a 1b 1c 1d 1e 1f 20 21 22 23 24 25 26 27 28 29 2a 2b 2c 2d 2e 2f 30 31 32 33 34 35 36 37 38 39 3a 3b 3c 3d 3e 3f 40 41 42 43 44 45 46 47 48 49 4a 4b 4c 4d 4e 4f 50 51 52 53 54 55 56 57 58 59 5a 5b 5c 5d 5e 5f 60 61 62 63 64 65 66 67 68 69 6a 6b 6c 6d 6e 6f 70 71 72 73 74 75 76 77 78 79 7a 7b 7c 7d 7e 7f 80 81 82 83 84 85 86 87 88 89 8a 8b 8c 8d 8e 8f 90 91 92 93 94 95 96 97 98 99 9a 9b 9c 9d 9e 9f a0 a1 a2 a3 a4 a5 a6 a7 a8 a9 aa ab ac ad ae af b0 b1 b2 b3 b4 b5 b6 b7 b8 b9 ba bb bc bd be bf c0 c1 c2 c3 c4 c5 c6 c7 c8 c9 ca cb cc cd ce cf d0 d1 d2 d3 d4 d5 d6 d7 d8 d9 da db dc dd de df e0 e1 e2 e3 e4 e5 e6 e7 e8 e9 ea eb ec ed ee ef f0 f1 f2 f3 f4 f5 f6 f7 f8 f9 fa fb fc fd fe ff 
 0  1  2 8e  4 5f cb 77  8 db be df 41 ce ee -- 10 -- 61 -- ab -- 69 b0 82 -- 4b --  b 1a -- 54 20 -- -- -- c2 46 -- 65 81 92 -- -- d2 -- b7 -- d3 -- -- 33 96 -- -- -- 16 e1 34 -- -- -- a8 -- 40 -- -- -- -- -- -- -- 53 -- 8c -- -- -- ca 4f d5 -- f3 -- -- e7 -- 13 73 -- -- -- b9 -- -- -- 71 -- -- -- -- -- 66 -- fb -- -- -- -- -- -- -- 2c -- 15 -- 68 c8 -- 42 -- 79 -- -- 87 -- -- -- 80 -- -- 32 -- -- -- -- -- -- -- 4c -- -- -- -- a6 -- -- -- cf -- -- fa -- ed -- -- 43 d8 9e 62 7d -- -- -- 31 6c -- 9d -- -- 19 -- -- -- 26 -- e6 -- -- -- -- -- -- 1b a5 36 -- -- -- -- -- -- e2 98 -- -- -- -- -- -- -- -- -- -- cc -- -- -- 21 64 -- -- -- -- -- d7 -- -- -- -- -- -- -- -- 58 -- -- -- 2a  d -- -- d0 c4 47 eb -- 67 84 86 -- -- f2 -- -- -- -- 9b d9 23 -- -- -- -- -- 49 

solutions so far:0 maxDepth:10 
iterations:42200578  skipped: 66 
Depth skipped: 
0 0 66 0 0 0 0 0 0 0 0 0 0 0 0 0 0 0 0 0 0 0 0 0 0 0 0 0 0 0 0 0 

running time: 4800 sec
 depth:7
 0  1  2  3  4  5  6  7  8  9  a  b  c  d  e  f 10 11 12 13 14 15 16 17 18 19 1a 1b 1c 1d 1e 1f 20 21 22 23 24 25 26 27 28 29 2a 2b 2c 2d 2e 2f 30 31 32 33 34 35 36 37 38 39 3a 3b 3c 3d 3e 3f 40 41 42 43 44 45 46 47 48 49 4a 4b 4c 4d 4e 4f 50 51 52 53 54 55 56 57 58 59 5a 5b 5c 5d 5e 5f 60 61 62 63 64 65 66 67 68 69 6a 6b 6c 6d 6e 6f 70 71 72 73 74 75 76 77 78 79 7a 7b 7c 7d 7e 7f 80 81 82 83 84 85 86 87 88 89 8a 8b 8c 8d 8e 8f 90 91 92 93 94 95 96 97 98 99 9a 9b 9c 9d 9e 9f a0 a1 a2 a3 a4 a5 a6 a7 a8 a9 aa ab ac ad ae af b0 b1 b2 b3 b4 b5 b6 b7 b8 b9 ba bb bc bd be bf c0 c1 c2 c3 c4 c5 c6 c7 c8 c9 ca cb cc cd ce cf d0 d1 d2 d3 d4 d5 d6 d7 d8 d9 da db dc dd de df e0 e1 e2 e3 e4 e5 e6 e7 e8 e9 ea eb ec ed ee ef f0 f1 f2 f3 f4 f5 f6 f7 f8 f9 fa fb fc fd fe ff 
 0  1  2 8e  4 46 cb ef  8 70 8c 69 41 4b  9 28 10 -- e0 -- cf -- d2 f7 82 -- 96 -- 12 f8 50 1d 20 -- -- -- 17 c4 --  7 49 81 -- -- 73 -- 39 -- d3 -- -- 33 fb -- -- 25 24 a7 27  5 a0 -- 3a -- 40 -- -- -- -- -- -- -- 2e -- 5f -- -- --  e 4f 92 -- d5 -- -- e7 -- 13 e6 -- -- -- 72 -- -- -- 71 -- -- -- -- -- 66 -- 21 -- -- 52 -- -- 4a ff 48 -- 99 -- 4e c8  a 84 97 79 -- 9f 74 -- -- -- 80 -- -- 32 -- -- -- -- -- -- -- 4c -- -- -- -- 5c -- -- -- be -- -- 31 -- 3e -- -- 1c 67 9e fa f3 -- -- -- 7d d8 -- 1f -- -- 19 -- -- -- 26 -- 1b -- -- -- -- -- -- 36 e4 6c -- -- -- -- -- -- e2 98 -- -- -- -- -- -- -- -- -- -- cc -- -- -- 42 64 -- -- -- -- a4 d7 -- -- -- -- 94 -- 29 -- 90 -- -- -- e5 7c -- -- 9c 23 47 eb 14 ce df 38 f9 -- f2 -- -- -- e9 b8 e8 62 -- -- -- -- -- ab 

solutions so far:0 maxDepth:10 
iterations:45367506  skipped: 79 
Depth skipped: 
0 0 79 0 0 0 0 0 0 0 0 0 0 0 0 0 0 0 0 0 0 0 0 0 0 0 0 0 0 0 0 0 

running time: 5100 sec
 depth:8
 0  1  2  3  4  5  6  7  8  9  a  b  c  d  e  f 10 11 12 13 14 15 16 17 18 19 1a 1b 1c 1d 1e 1f 20 21 22 23 24 25 26 27 28 29 2a 2b 2c 2d 2e 2f 30 31 32 33 34 35 36 37 38 39 3a 3b 3c 3d 3e 3f 40 41 42 43 44 45 46 47 48 49 4a 4b 4c 4d 4e 4f 50 51 52 53 54 55 56 57 58 59 5a 5b 5c 5d 5e 5f 60 61 62 63 64 65 66 67 68 69 6a 6b 6c 6d 6e 6f 70 71 72 73 74 75 76 77 78 79 7a 7b 7c 7d 7e 7f 80 81 82 83 84 85 86 87 88 89 8a 8b 8c 8d 8e 8f 90 91 92 93 94 95 96 97 98 99 9a 9b 9c 9d 9e 9f a0 a1 a2 a3 a4 a5 a6 a7 a8 a9 aa ab ac ad ae af b0 b1 b2 b3 b4 b5 b6 b7 b8 b9 ba bb bc bd be bf c0 c1 c2 c3 c4 c5 c6 c7 c8 c9 ca cb cc cd ce cf d0 d1 d2 d3 d4 d5 d6 d7 d8 d9 da db dc dd de df e0 e1 e2 e3 e4 e5 e6 e7 e8 e9 ea eb ec ed ee ef f0 f1 f2 f3 f4 f5 f6 f7 f8 f9 fa fb fc fd fe ff 
 0  1  2 8e  4 3b cb f3  8  c 76 a5 41  b 31 c6 10 e5 18 -- ec -- 9d ab 82 -- 16 -- 62 8c 5b 55 20 -- 1d -- 30 37 -- 75  f de -- -- ed -- 81 -- d3 -- -- 33 2c -- -- 95 c4 ae cf 6d b6 -- aa -- 40 -- -- -- 3a -- -- -- 60 -- 6e -- -- b8 ea 4f 1e -- 6b -- -- e7 -- 13  d  7 -- -- d5 -- -- -- 71 -- -- -- -- -- 66 -- 58 -- -- bf -- -- fd 5a 5f -- 8b -- 49 c8 da b7 bb 79 -- 85 83 -- -- -- 80 -- -- 32 -- -- -- -- 74 -- -- 4c -- 2e -- -- c0 -- -- -- dc -- -- 78 -- 23 a7 --  3 77 9e 7b 3c -- -- -- d6 d0 -- fa -- -- 19 -- -- 17 26 -- 1a 38  e 1c -- 70 -- 34 7d 68 -- -- -- e0 -- -- e2 98 -- -- -- -- -- e8 -- -- -- -- cc 5c -- -- b0 64 -- -- -- -- a9 d7 -- -- -- -- 2d -- b4 -- be -- -- 99 c1 46 -- -- 92 f6 47 eb 63 ee b9  6 a1 -- f2 -- -- -- dd 57 d1 f0 -- -- -- -- -- 6f 

solutions so far:0 maxDepth:10 
iterations:48031893  skipped: 81 
Depth skipped: 
0 0 81 0 0 0 0 0 0 0 0 0 0 0 0 0 0 0 0 0 0 0 0 0 0 0 0 0 0 0 0 0 

running time: 5400 sec
 depth:6
 0  1  2  3  4  5  6  7  8  9  a  b  c  d  e  f 10 11 12 13 14 15 16 17 18 19 1a 1b 1c 1d 1e 1f 20 21 22 23 24 25 26 27 28 29 2a 2b 2c 2d 2e 2f 30 31 32 33 34 35 36 37 38 39 3a 3b 3c 3d 3e 3f 40 41 42 43 44 45 46 47 48 49 4a 4b 4c 4d 4e 4f 50 51 52 53 54 55 56 57 58 59 5a 5b 5c 5d 5e 5f 60 61 62 63 64 65 66 67 68 69 6a 6b 6c 6d 6e 6f 70 71 72 73 74 75 76 77 78 79 7a 7b 7c 7d 7e 7f 80 81 82 83 84 85 86 87 88 89 8a 8b 8c 8d 8e 8f 90 91 92 93 94 95 96 97 98 99 9a 9b 9c 9d 9e 9f a0 a1 a2 a3 a4 a5 a6 a7 a8 a9 aa ab ac ad ae af b0 b1 b2 b3 b4 b5 b6 b7 b8 b9 ba bb bc bd be bf c0 c1 c2 c3 c4 c5 c6 c7 c8 c9 ca cb cc cd ce cf d0 d1 d2 d3 d4 d5 d6 d7 d8 d9 da db dc dd de df e0 e1 e2 e3 e4 e5 e6 e7 e8 e9 ea eb ec ed ee ef f0 f1 f2 f3 f4 f5 f6 f7 f8 f9 fa fb fc fd fe ff 
 0  1  2 8e  4 36 cb 51  8 3d 6c b6 41 85 a2 -- 10 -- 7a -- d8 -- bb d4 82 -- dd -- 93 c9 -- af 20 -- -- -- f4 21 -- ba 67 69 -- -- a1 -- 7f -- d3 -- -- 33 6d -- -- -- f1 2f 45 -- -- -- 89 -- 40 -- -- -- -- -- -- -- 3f -- 42 -- -- -- a3 4f ce -- d2 -- -- e7 -- 13 95 -- -- -- fe -- -- -- 71 -- -- -- -- -- 66 -- da -- -- -- -- -- -- -- 35 -- 5e -- 8a c8 -- c6 -- 79 -- -- c5 -- -- -- 80 -- -- 32 -- -- -- -- -- -- -- 4c -- -- -- -- 7e -- -- -- 84 -- -- 96 -- ac -- -- 91 bf 9e e6 4b -- -- -- 73 b4 -- 56 -- -- 19 -- -- -- 26 -- fd -- -- -- -- -- -- 2d 2b 5a -- -- -- -- -- -- e2 98 -- -- -- -- -- -- -- -- -- -- cc -- -- -- 63 64 -- -- -- -- -- d7 -- -- -- -- -- -- -- -- 6a -- -- -- bc 8f -- -- c3 1b 47 eb -- a9 5b f5 -- -- f2 -- -- -- -- fc 5d fb -- -- -- -- -- df 

solutions so far:0 maxDepth:10 
iterations:50579343  skipped: 83 
Depth skipped: 
0 0 83 0 0 0 0 0 0 0 0 0 0 0 0 0 0 0 0 0 0 0 0 0 0 0 0 0 0 0 0 0 

running time: 5700 sec
 depth:7
 0  1  2  3  4  5  6  7  8  9  a  b  c  d  e  f 10 11 12 13 14 15 16 17 18 19 1a 1b 1c 1d 1e 1f 20 21 22 23 24 25 26 27 28 29 2a 2b 2c 2d 2e 2f 30 31 32 33 34 35 36 37 38 39 3a 3b 3c 3d 3e 3f 40 41 42 43 44 45 46 47 48 49 4a 4b 4c 4d 4e 4f 50 51 52 53 54 55 56 57 58 59 5a 5b 5c 5d 5e 5f 60 61 62 63 64 65 66 67 68 69 6a 6b 6c 6d 6e 6f 70 71 72 73 74 75 76 77 78 79 7a 7b 7c 7d 7e 7f 80 81 82 83 84 85 86 87 88 89 8a 8b 8c 8d 8e 8f 90 91 92 93 94 95 96 97 98 99 9a 9b 9c 9d 9e 9f a0 a1 a2 a3 a4 a5 a6 a7 a8 a9 aa ab ac ad ae af b0 b1 b2 b3 b4 b5 b6 b7 b8 b9 ba bb bc bd be bf c0 c1 c2 c3 c4 c5 c6 c7 c8 c9 ca cb cc cd ce cf d0 d1 d2 d3 d4 d5 d6 d7 d8 d9 da db dc dd de df e0 e1 e2 e3 e4 e5 e6 e7 e8 e9 ea eb ec ed ee ef f0 f1 f2 f3 f4 f5 f6 f7 f8 f9 fa fb fc fd fe ff 
 0  1  2 8e  4 1e cb ae  8 b6 3c f8 41 f7 8b 58 10 -- bb -- 78 -- 27 d1 82 -- 39 -- c1 30 b0 a9 20 -- -- -- a1 de -- da f0 f6 -- -- 4e -- 75 -- d3 -- -- 33 72 -- -- 9d 55 5a 60  b b7 -- 85 -- 40 -- -- -- -- -- -- -- 95 -- 6b -- -- -- 63 4f 37 -- 3b -- -- e7 -- 13 9c -- -- -- ea -- -- -- 71 -- -- -- -- -- 66 -- e4 -- -- 68 -- -- ed 1a aa -- b4 -- c0 c8 16 3e b9 79 -- 77 dd -- -- -- 80 -- -- 32 -- -- -- -- -- -- -- 4c -- -- -- -- fd -- -- -- d6 -- -- dc --  c -- -- c6 48 9e ec 6e -- -- -- 76 24 --  6 -- -- 19 -- -- -- 26 -- ef -- -- -- -- -- --  9  3 12 -- -- -- -- -- -- e2 98 -- -- -- -- -- -- -- -- -- -- cc -- -- -- 1f 64 -- -- -- -- d0 d7 -- -- -- --  d -- 34 -- 83 -- -- -- bf 18 -- -- 57  f 47 eb 2c 90 7c 5b a5 -- f2 -- -- -- ee 2d 6d 6f -- -- -- -- -- 7b 

solutions so far:0 maxDepth:10 
iterations:53939493  skipped: 94 
Depth skipped: 
0 0 94 0 0 0 0 0 0 0 0 0 0 0 0 0 0 0 0 0 0 0 0 0 0 0 0 0 0 0 0 0 

running time: 6000 sec
 depth:7
 0  1  2  3  4  5  6  7  8  9  a  b  c  d  e  f 10 11 12 13 14 15 16 17 18 19 1a 1b 1c 1d 1e 1f 20 21 22 23 24 25 26 27 28 29 2a 2b 2c 2d 2e 2f 30 31 32 33 34 35 36 37 38 39 3a 3b 3c 3d 3e 3f 40 41 42 43 44 45 46 47 48 49 4a 4b 4c 4d 4e 4f 50 51 52 53 54 55 56 57 58 59 5a 5b 5c 5d 5e 5f 60 61 62 63 64 65 66 67 68 69 6a 6b 6c 6d 6e 6f 70 71 72 73 74 75 76 77 78 79 7a 7b 7c 7d 7e 7f 80 81 82 83 84 85 86 87 88 89 8a 8b 8c 8d 8e 8f 90 91 92 93 94 95 96 97 98 99 9a 9b 9c 9d 9e 9f a0 a1 a2 a3 a4 a5 a6 a7 a8 a9 aa ab ac ad ae af b0 b1 b2 b3 b4 b5 b6 b7 b8 b9 ba bb bc bd be bf c0 c1 c2 c3 c4 c5 c6 c7 c8 c9 ca cb cc cd ce cf d0 d1 d2 d3 d4 d5 d6 d7 d8 d9 da db dc dd de df e0 e1 e2 e3 e4 e5 e6 e7 e8 e9 ea eb ec ed ee ef f0 f1 f2 f3 f4 f5 f6 f7 f8 f9 fa fb fc fd fe ff 
 0  1  2 8e  4  f cb 75  8 7d 1e 17 41 e8 ea 68 10 -- fa -- 3c -- 2e 30 82 --  7 --  3 55 d0 31 20 -- -- -- 23 6f -- be 78 7b -- -- 5c -- 60 -- d3 -- -- 33  e -- -- 16  6 49 aa  d 77 -- 62 -- 40 -- -- -- -- -- -- -- 46 -- de -- -- -- ab 4f f0 -- f6 -- -- e7 -- 13 b8 -- -- -- c0 -- -- -- 71 -- -- -- -- -- 66 -- 1c -- -- b9 -- -- 2c b0  c -- 92 -- 83 c8 1a 70 ee 79 -- 9d c4 -- -- -- 80 -- -- 32 -- -- -- -- -- -- -- 4c -- -- -- -- 8c -- -- -- 6b -- -- 6e -- 8b -- -- 81 3a 9e 76 37 -- -- -- 3b 1d -- ae -- -- 19 -- -- -- 26 -- a7 -- -- -- -- -- -- 99 57 e5 -- -- -- -- -- -- e2 98 -- -- -- -- -- -- -- -- -- -- cc -- -- -- 38 64 -- -- -- -- a5 d7 -- -- -- -- 58 -- b7 -- 18 -- -- -- f3 c1 -- -- d1 ec 47 eb 34 74 e0 d5  b -- f2 -- -- -- ed cf 5f dc -- -- -- -- -- d6 

solutions so far:0 maxDepth:10 
iterations:57694192  skipped: 101 
Depth skipped: 
0 0 101 0 0 0 0 0 0 0 0 0 0 0 0 0 0 0 0 0 0 0 0 0 0 0 0 0 0 0 0 0 

running time: 6300 sec
 depth:7
 0  1  2  3  4  5  6  7  8  9  a  b  c  d  e  f 10 11 12 13 14 15 16 17 18 19 1a 1b 1c 1d 1e 1f 20 21 22 23 24 25 26 27 28 29 2a 2b 2c 2d 2e 2f 30 31 32 33 34 35 36 37 38 39 3a 3b 3c 3d 3e 3f 40 41 42 43 44 45 46 47 48 49 4a 4b 4c 4d 4e 4f 50 51 52 53 54 55 56 57 58 59 5a 5b 5c 5d 5e 5f 60 61 62 63 64 65 66 67 68 69 6a 6b 6c 6d 6e 6f 70 71 72 73 74 75 76 77 78 79 7a 7b 7c 7d 7e 7f 80 81 82 83 84 85 86 87 88 89 8a 8b 8c 8d 8e 8f 90 91 92 93 94 95 96 97 98 99 9a 9b 9c 9d 9e 9f a0 a1 a2 a3 a4 a5 a6 a7 a8 a9 aa ab ac ad ae af b0 b1 b2 b3 b4 b5 b6 b7 b8 b9 ba bb bc bd be bf c0 c1 c2 c3 c4 c5 c6 c7 c8 c9 ca cb cc cd ce cf d0 d1 d2 d3 d4 d5 d6 d7 d8 d9 da db dc dd de df e0 e1 e2 e3 e4 e5 e6 e7 e8 e9 ea eb ec ed ee ef f0 f1 f2 f3 f4 f5 f6 f7 f8 f9 fa fb fc fd fe ff 
 0  1  2 8e  4  3 cb d2  8 63  6 31 41 23 73 91 10 -- c6 --  c -- 62 d8 82 -- 46 -- e6 42 f5 5a 20 -- -- -- 5b ae -- 85 18 aa -- -- c4 -- 67 -- d3 -- -- 33 8c -- -- 3f 1b 95 84 5d 3d -- b4 -- 40 -- -- -- -- -- -- -- b6 -- 8b -- -- -- dd 4f 30 -- 83 -- -- e7 -- 13 5f -- -- -- ce -- -- -- 71 -- -- -- -- -- 66 -- cf -- -- bc -- -- 7e 2f 36 -- fd -- df c8 ba 92 7a 79 -- 89 bf -- -- -- 80 -- -- 32 -- -- -- -- -- -- -- 4c -- -- -- -- bb -- -- -- c1 -- -- c0 -- fb -- -- 6d 7d 9e 75 60 -- -- -- d1 d5 -- 96 -- -- 19 -- -- -- 26 -- be -- -- -- -- -- -- ab 4b 81 -- -- -- -- -- -- e2 98 -- -- -- -- -- -- -- -- -- -- cc -- -- -- 49 64 -- -- -- -- af d7 -- -- -- -- fc -- 5e -- 6c -- -- -- 2d 21 -- -- 69 ea 47 eb a3 fa f3 da f4 -- f2 -- -- -- c5 a1 a9 57 -- -- -- -- -- 55 

solutions so far:0 maxDepth:10 
iterations:61670869  skipped: 104 
Depth skipped: 
0 0 104 0 0 0 0 0 0 0 0 0 0 0 0 0 0 0 0 0 0 0 0 0 0 0 0 0 0 0 0 0 

running time: 6600 sec

Finished. Total running time: 6630 sec
