Search S-boxes invariant for matrix: 
{0x00,0x02,0x04,0x06,0x08,0x0a,0x0c,0x0e,0x10,0x12,0x14,0x16,0x18,0x1a,0x1c,0x1e,0x20,0x22,0x24,0x26,0x28,0x2a,0x2c,0x2e,0x30,0x32,0x34,0x36,0x38,0x3a,0x3c,0x3e,0x40,0x42,0x44,0x46,0x48,0x4a,0x4c,0x4e,0x50,0x52,0x54,0x56,0x58,0x5a,0x5c,0x5e,0x60,0x62,0x64,0x66,0x68,0x6a,0x6c,0x6e,0x70,0x72,0x74,0x76,0x78,0x7a,0x7c,0x7e,0x80,0x82,0x84,0x86,0x88,0x8a,0x8c,0x8e,0x90,0x92,0x94,0x96,0x98,0x9a,0x9c,0x9e,0xa0,0xa2,0xa4,0xa6,0xa8,0xaa,0xac,0xae,0xb0,0xb2,0xb4,0xb6,0xb8,0xba,0xbc,0xbe,0xc0,0xc2,0xc4,0xc6,0xc8,0xca,0xcc,0xce,0xd0,0xd2,0xd4,0xd6,0xd8,0xda,0xdc,0xde,0xe0,0xe2,0xe4,0xe6,0xe8,0xea,0xec,0xee,0xf0,0xf2,0xf4,0xf6,0xf8,0xfa,0xfc,0xfe,0xd7,0xd5,0xd3,0xd1,0xdf,0xdd,0xdb,0xd9,0xc7,0xc5,0xc3,0xc1,0xcf,0xcd,0xcb,0xc9,0xf7,0xf5,0xf3,0xf1,0xff,0xfd,0xfb,0xf9,0xe7,0xe5,0xe3,0xe1,0xef,0xed,0xeb,0xe9,0x97,0x95,0x93,0x91,0x9f,0x9d,0x9b,0x99,0x87,0x85,0x83,0x81,0x8f,0x8d,0x8b,0x89,0xb7,0xb5,0xb3,0xb1,0xbf,0xbd,0xbb,0xb9,0xa7,0xa5,0xa3,0xa1,0xaf,0xad,0xab,0xa9,0x57,0x55,0x53,0x51,0x5f,0x5d,0x5b,0x59,0x47,0x45,0x43,0x41,0x4f,0x4d,0x4b,0x49,0x77,0x75,0x73,0x71,0x7f,0x7d,0x7b,0x79,0x67,0x65,0x63,0x61,0x6f,0x6d,0x6b,0x69,0x17,0x15,0x13,0x11,0x1f,0x1d,0x1b,0x19,0x07,0x05,0x03,0x01,0x0f,0x0d,0x0b,0x09,0x37,0x35,0x33,0x31,0x3f,0x3d,0x3b,0x39,0x27,0x25,0x23,0x21,0x2f,0x2d,0x2b,0x29};



 depth:7
 0  1  2  3  4  5  6  7  8  9  a  b  c  d  e  f 10 11 12 13 14 15 16 17 18 19 1a 1b 1c 1d 1e 1f 20 21 22 23 24 25 26 27 28 29 2a 2b 2c 2d 2e 2f 30 31 32 33 34 35 36 37 38 39 3a 3b 3c 3d 3e 3f 40 41 42 43 44 45 46 47 48 49 4a 4b 4c 4d 4e 4f 50 51 52 53 54 55 56 57 58 59 5a 5b 5c 5d 5e 5f 60 61 62 63 64 65 66 67 68 69 6a 6b 6c 6d 6e 6f 70 71 72 73 74 75 76 77 78 79 7a 7b 7c 7d 7e 7f 80 81 82 83 84 85 86 87 88 89 8a 8b 8c 8d 8e 8f 90 91 92 93 94 95 96 97 98 99 9a 9b 9c 9d 9e 9f a0 a1 a2 a3 a4 a5 a6 a7 a8 a9 aa ab ac ad ae af b0 b1 b2 b3 b4 b5 b6 b7 b8 b9 ba bb bc bd be bf c0 c1 c2 c3 c4 c5 c6 c7 c8 c9 ca cb cc cd ce cf d0 d1 d2 d3 d4 d5 d6 d7 d8 d9 da db dc dd de df e0 e1 e2 e3 e4 e5 e6 e7 e8 e9 ea eb ec ed ee ef f0 f1 f2 f3 f4 f5 f6 f7 f8 f9 fa fb fc fd fe ff 
 0  1  2 a6  4 f5 9b b9  8 6f 3d 81 e1 f3 a5 a2 10 -- de -- 7a -- d5 34 15 -- 31 -- 9d 2c 93  f 20 -- -- -- 6b 5e -- f0 f4 c5 -- -- 7d -- 68 -- 2a -- -- 33 62 -- -- d4 ed 3b 58 8a f1 -- 1e -- 40 -- -- -- -- -- -- -- d6 -- bc -- -- -- 37 4f 3f -- 5d -- -- 43 -- 87 fa -- -- -- d0 -- -- -- 54 -- -- -- -- -- 66 -- c4 -- -- ac -- -- 7f 2b  d -- 76 -- b0 c2 c3 be 35 79 -- c9 3c -- -- -- 80 -- -- db -- -- -- -- -- -- -- 65 -- -- -- -- 7b -- -- -- af -- -- fc --  b -- -- 6e 49 9e a3 7e -- -- -- ba cf -- ee -- -- 86 -- -- -- d9 -- 23 -- -- -- -- -- -- 46 77 8c -- -- -- -- -- -- a8 ca -- -- -- -- -- -- -- -- -- -- cc -- -- -- 5f 61 -- -- -- -- 8f d7 -- -- -- -- fe -- 56 -- 1a -- -- -- ec 16 -- -- b7 91 53 eb 51 92 ab dc 6a -- f2 -- -- -- 45 f6 78 2f -- -- -- -- -- 89 

solutions so far:0 maxDepth:9 
iterations:2190231  skipped: 6 
Depth skipped: 
0 0 6 0 0 0 0 0 0 0 0 0 0 0 0 0 0 0 0 0 0 0 0 0 0 0 0 0 0 0 0 0 

running time: 300 sec
 depth:8
 0  1  2  3  4  5  6  7  8  9  a  b  c  d  e  f 10 11 12 13 14 15 16 17 18 19 1a 1b 1c 1d 1e 1f 20 21 22 23 24 25 26 27 28 29 2a 2b 2c 2d 2e 2f 30 31 32 33 34 35 36 37 38 39 3a 3b 3c 3d 3e 3f 40 41 42 43 44 45 46 47 48 49 4a 4b 4c 4d 4e 4f 50 51 52 53 54 55 56 57 58 59 5a 5b 5c 5d 5e 5f 60 61 62 63 64 65 66 67 68 69 6a 6b 6c 6d 6e 6f 70 71 72 73 74 75 76 77 78 79 7a 7b 7c 7d 7e 7f 80 81 82 83 84 85 86 87 88 89 8a 8b 8c 8d 8e 8f 90 91 92 93 94 95 96 97 98 99 9a 9b 9c 9d 9e 9f a0 a1 a2 a3 a4 a5 a6 a7 a8 a9 aa ab ac ad ae af b0 b1 b2 b3 b4 b5 b6 b7 b8 b9 ba bb bc bd be bf c0 c1 c2 c3 c4 c5 c6 c7 c8 c9 ca cb cc cd ce cf d0 d1 d2 d3 d4 d5 d6 d7 d8 d9 da db dc dd de df e0 e1 e2 e3 e4 e5 e6 e7 e8 e9 ea eb ec ed ee ef f0 f1 f2 f3 f4 f5 f6 f7 f8 f9 fa fb fc fd fe ff 
 0  1  2 a6  4 e6 9b c6  8 e8 1b aa e1 60 5b 32 10 7c  7 -- 36 -- 83 fd 15 -- c0 -- b6 dd 64 5c 20 -- f8 --  e 96 -- e5 6c 84 -- -- d1 -- 2d -- 2a -- -- 33 57 -- -- cb bb e0 6d 98 c8 -- b8 -- 40 -- -- -- 27 -- -- -- 1c -- fb -- -- e4 1d 4f d8 -- df -- -- 43 -- 87 75 ef -- -- 5a -- -- -- 54 -- -- -- -- -- 66 -- ae -- -- e2 -- -- 41 d3 a1 -- 17 -- da c2 e7 c1 47 79 -- 26 a7 -- -- -- 80 -- -- db -- -- -- -- 4e -- -- 65 -- 39 -- -- 38 -- -- -- 21 -- -- ce -- a9 1f -- 3a 18 9e d2 67 -- -- -- 69  c -- bf -- -- 86 -- -- f7 d9 -- ea 24  9 12 -- 48 --  3 b4  6 -- -- -- 90 -- -- a8 ca -- -- -- -- -- 9c -- -- -- -- cc 72 -- -- 8b 61 -- -- -- -- 13 d7 -- -- -- -- 82 -- 71 -- 95 -- -- 3e 2e 85 -- -- 63 73 53 eb 19 30 55 74 8e -- f2 -- -- -- 4c 70 99 4b -- -- -- -- -- 42 

solutions so far:0 maxDepth:9 
iterations:4187786  skipped: 13 
Depth skipped: 
0 0 13 0 0 0 0 0 0 0 0 0 0 0 0 0 0 0 0 0 0 0 0 0 0 0 0 0 0 0 0 0 

running time: 600 sec
 depth:7
 0  1  2  3  4  5  6  7  8  9  a  b  c  d  e  f 10 11 12 13 14 15 16 17 18 19 1a 1b 1c 1d 1e 1f 20 21 22 23 24 25 26 27 28 29 2a 2b 2c 2d 2e 2f 30 31 32 33 34 35 36 37 38 39 3a 3b 3c 3d 3e 3f 40 41 42 43 44 45 46 47 48 49 4a 4b 4c 4d 4e 4f 50 51 52 53 54 55 56 57 58 59 5a 5b 5c 5d 5e 5f 60 61 62 63 64 65 66 67 68 69 6a 6b 6c 6d 6e 6f 70 71 72 73 74 75 76 77 78 79 7a 7b 7c 7d 7e 7f 80 81 82 83 84 85 86 87 88 89 8a 8b 8c 8d 8e 8f 90 91 92 93 94 95 96 97 98 99 9a 9b 9c 9d 9e 9f a0 a1 a2 a3 a4 a5 a6 a7 a8 a9 aa ab ac ad ae af b0 b1 b2 b3 b4 b5 b6 b7 b8 b9 ba bb bc bd be bf c0 c1 c2 c3 c4 c5 c6 c7 c8 c9 ca cb cc cd ce cf d0 d1 d2 d3 d4 d5 d6 d7 d8 d9 da db dc dd de df e0 e1 e2 e3 e4 e5 e6 e7 e8 e9 ea eb ec ed ee ef f0 f1 f2 f3 f4 f5 f6 f7 f8 f9 fa fb fc fd fe ff 
 0  1  2 a6  4 dd 9b 7b  8 ff 6d 24 e1 f8 f6 e5 10 -- 29 -- da -- 48 1e 15 -- 27 -- 3b 6f 1d 28 20 -- -- -- 52 a1 -- f9 63 5a -- -- 90 -- 3c -- 2a -- -- 33 4e -- --  7 76  5 de b8 3a -- 50 -- 40 -- -- -- -- -- -- -- a4 -- 95 -- -- -- 25 4f c6 -- b4 -- -- 43 -- 87 f7 -- -- -- 78 -- -- -- 54 -- -- -- -- -- 66 -- 9c -- -- e0 -- --  e 38 ec --  a -- 6b c2 a7  9 74 79 -- 2e a0 -- -- -- 80 -- -- db -- -- -- -- -- -- -- 65 -- -- -- -- 9f -- -- -- fd -- -- b6 -- 6e -- -- 4a 3e 9e a9 5b -- -- -- bf 1f -- 37 -- -- 86 -- -- -- d9 -- 39 -- -- -- -- -- -- 72 f0 e4 -- -- -- -- -- -- a8 ca -- -- -- -- -- -- -- -- -- -- cc -- -- -- ef 61 -- -- -- -- 17 d7 -- -- -- -- 1c -- 70 --  f -- -- -- 14 dc -- -- d6 85 53 eb 99 7c 12 94 e8 -- f2 -- -- -- 5c e9 97 bb -- -- -- -- -- 2d 

solutions so far:0 maxDepth:9 
iterations:7139826  skipped: 16 
Depth skipped: 
0 0 16 0 0 0 0 0 0 0 0 0 0 0 0 0 0 0 0 0 0 0 0 0 0 0 0 0 0 0 0 0 

running time: 900 sec
 depth:7
 0  1  2  3  4  5  6  7  8  9  a  b  c  d  e  f 10 11 12 13 14 15 16 17 18 19 1a 1b 1c 1d 1e 1f 20 21 22 23 24 25 26 27 28 29 2a 2b 2c 2d 2e 2f 30 31 32 33 34 35 36 37 38 39 3a 3b 3c 3d 3e 3f 40 41 42 43 44 45 46 47 48 49 4a 4b 4c 4d 4e 4f 50 51 52 53 54 55 56 57 58 59 5a 5b 5c 5d 5e 5f 60 61 62 63 64 65 66 67 68 69 6a 6b 6c 6d 6e 6f 70 71 72 73 74 75 76 77 78 79 7a 7b 7c 7d 7e 7f 80 81 82 83 84 85 86 87 88 89 8a 8b 8c 8d 8e 8f 90 91 92 93 94 95 96 97 98 99 9a 9b 9c 9d 9e 9f a0 a1 a2 a3 a4 a5 a6 a7 a8 a9 aa ab ac ad ae af b0 b1 b2 b3 b4 b5 b6 b7 b8 b9 ba bb bc bd be bf c0 c1 c2 c3 c4 c5 c6 c7 c8 c9 ca cb cc cd ce cf d0 d1 d2 d3 d4 d5 d6 d7 d8 d9 da db dc dd de df e0 e1 e2 e3 e4 e5 e6 e7 e8 e9 ea eb ec ed ee ef f0 f1 f2 f3 f4 f5 f6 f7 f8 f9 fa fb fc fd fe ff 
 0  1  2 a6  4 c8 9b 34  8  5 47 5c e1  e 68 51 10 --  a -- 8e -- b8 16 15 -- 1c -- d0 9d a2 4a 20 -- -- -- 14 e2 -- 52 cb 98 -- -- a7 -- 2c -- 2a -- -- 33 38 -- -- 6a 77 97 ed 45 93 -- 94 -- 40 -- -- -- -- -- -- -- 28 -- 13 -- -- -- a4 4f 41 -- e7 -- -- 43 -- 87 99 -- -- -- 58 -- -- -- 54 -- -- -- -- -- 66 -- 70 -- -- 56 -- -- d4 fe ee -- f9 --  d c2 8a 17 f1 79 -- 8f ff -- -- -- 80 -- -- db -- -- -- -- -- -- -- 65 -- -- -- -- 50 -- -- -- 26 -- -- d3 -- b9 -- -- 9f e8 9e 32 82 -- -- -- 19 74 -- b7 -- -- 86 -- -- -- d9 -- e5 -- -- -- -- -- -- 1d b0 3a -- -- -- -- -- -- a8 ca -- -- -- -- -- -- -- -- -- -- cc -- -- -- e0 61 -- -- -- -- ac d7 -- -- -- -- 7f -- 2b --  b -- -- -- 25 a5 -- -- 1a 64 53 eb c3  7 2e e9 35 -- f2 -- -- -- c9 a0 29 71 -- -- -- -- -- 4c 

solutions so far:0 maxDepth:9 
iterations:9356992  skipped: 28 
Depth skipped: 
0 0 28 0 0 0 0 0 0 0 0 0 0 0 0 0 0 0 0 0 0 0 0 0 0 0 0 0 0 0 0 0 

running time: 1200 sec
 depth:7
 0  1  2  3  4  5  6  7  8  9  a  b  c  d  e  f 10 11 12 13 14 15 16 17 18 19 1a 1b 1c 1d 1e 1f 20 21 22 23 24 25 26 27 28 29 2a 2b 2c 2d 2e 2f 30 31 32 33 34 35 36 37 38 39 3a 3b 3c 3d 3e 3f 40 41 42 43 44 45 46 47 48 49 4a 4b 4c 4d 4e 4f 50 51 52 53 54 55 56 57 58 59 5a 5b 5c 5d 5e 5f 60 61 62 63 64 65 66 67 68 69 6a 6b 6c 6d 6e 6f 70 71 72 73 74 75 76 77 78 79 7a 7b 7c 7d 7e 7f 80 81 82 83 84 85 86 87 88 89 8a 8b 8c 8d 8e 8f 90 91 92 93 94 95 96 97 98 99 9a 9b 9c 9d 9e 9f a0 a1 a2 a3 a4 a5 a6 a7 a8 a9 aa ab ac ad ae af b0 b1 b2 b3 b4 b5 b6 b7 b8 b9 ba bb bc bd be bf c0 c1 c2 c3 c4 c5 c6 c7 c8 c9 ca cb cc cd ce cf d0 d1 d2 d3 d4 d5 d6 d7 d8 d9 da db dc dd de df e0 e1 e2 e3 e4 e5 e6 e7 e8 e9 ea eb ec ed ee ef f0 f1 f2 f3 f4 f5 f6 f7 f8 f9 fa fb fc fd fe ff 
 0  1  2 a6  4 be 9b 12  8 7f ab 28 e1 52 24 98 10 -- fe -- 81 -- 50 72 15 -- a4 -- 48 4e e7 c3 20 -- -- -- 2b 8c -- f1 d5 f3 -- -- a0 -- e4 -- 2a -- -- 33 9f -- -- c8 90 c9 9c 13 19 -- 51 -- 40 -- -- -- -- -- -- -- 56 -- cf -- -- -- 35 4f 7d -- 31 -- -- 43 -- 87 97 -- -- -- 1f -- -- -- 54 -- -- -- -- -- 66 -- e9 -- -- 82 -- -- 47 cb f7 -- 45 -- ef c2 26  a 32 79 -- 71 a2 -- -- -- 80 -- -- db -- -- -- -- -- -- -- 65 -- -- -- -- ac -- -- -- 49 -- -- 23 -- f8 -- -- 6a ff 9e c4 fa -- -- -- 62 94 -- 7c -- -- 86 -- -- -- d9 -- f9 -- -- -- -- -- -- 25 3e 4a -- -- -- -- -- -- a8 ca -- -- -- -- -- -- -- -- -- -- cc -- -- --  5 61 -- -- -- -- d3 d7 -- -- -- -- 8e -- 41 -- 39 -- -- -- 8a 27 -- --  9 5f 53 eb 4c 29 14 d4 64 -- f2 -- -- -- e2 8f 93 46 -- -- -- -- -- 92 

solutions so far:0 maxDepth:9 
iterations:11640239  skipped: 33 
Depth skipped: 
0 0 33 0 0 0 0 0 0 0 0 0 0 0 0 0 0 0 0 0 0 0 0 0 0 0 0 0 0 0 0 0 

running time: 1500 sec
 depth:7
 0  1  2  3  4  5  6  7  8  9  a  b  c  d  e  f 10 11 12 13 14 15 16 17 18 19 1a 1b 1c 1d 1e 1f 20 21 22 23 24 25 26 27 28 29 2a 2b 2c 2d 2e 2f 30 31 32 33 34 35 36 37 38 39 3a 3b 3c 3d 3e 3f 40 41 42 43 44 45 46 47 48 49 4a 4b 4c 4d 4e 4f 50 51 52 53 54 55 56 57 58 59 5a 5b 5c 5d 5e 5f 60 61 62 63 64 65 66 67 68 69 6a 6b 6c 6d 6e 6f 70 71 72 73 74 75 76 77 78 79 7a 7b 7c 7d 7e 7f 80 81 82 83 84 85 86 87 88 89 8a 8b 8c 8d 8e 8f 90 91 92 93 94 95 96 97 98 99 9a 9b 9c 9d 9e 9f a0 a1 a2 a3 a4 a5 a6 a7 a8 a9 aa ab ac ad ae af b0 b1 b2 b3 b4 b5 b6 b7 b8 b9 ba bb bc bd be bf c0 c1 c2 c3 c4 c5 c6 c7 c8 c9 ca cb cc cd ce cf d0 d1 d2 d3 d4 d5 d6 d7 d8 d9 da db dc dd de df e0 e1 e2 e3 e4 e5 e6 e7 e8 e9 ea eb ec ed ee ef f0 f1 f2 f3 f4 f5 f6 f7 f8 f9 fa fb fc fd fe ff 
 0  1  2 a6  4 b0 9b 9c  8 fb b7 bf e1 bb ef 4c 10 -- 21 -- b9 -- a9 90 15 -- a1 --  9 7c 98 1b 20 -- -- -- 42 34 -- 67 a5 ee -- -- 85 -- f7 -- 2a -- -- 33 95 -- -- 64 12 d2 f8 e2 e7 -- 36 -- 40 -- -- -- -- -- -- -- 84 -- 68 -- -- -- ce 4f 9d --  b -- -- 43 -- 87 dd -- -- -- 39 -- -- -- 54 -- -- -- -- -- 66 -- fd -- -- 41 -- -- c8 8e 24 -- 73 -- 27 c2 13 5a 19 79 -- d3 6c -- -- -- 80 -- -- db -- -- -- -- -- -- -- 65 -- -- -- -- df -- -- -- d0 -- --  d -- 1f -- -- 4b 5b 9e 2c ed -- -- -- 16 c6 -- e4 -- -- 86 -- -- -- d9 -- 6d -- -- -- -- -- -- da 72 63 -- -- -- -- -- -- a8 ca -- -- -- -- -- -- -- -- -- -- cc -- -- -- 2d 61 -- -- -- -- 82 d7 -- -- -- -- 47 -- cb -- 48 -- -- -- e6 3e -- -- 4e 58 53 eb 26 b6 b4 96 32 -- f2 -- -- -- 71 69 d8 1a -- -- -- -- -- 77 

solutions so far:0 maxDepth:9 
iterations:14238429  skipped: 41 
Depth skipped: 
0 0 41 0 0 0 0 0 0 0 0 0 0 0 0 0 0 0 0 0 0 0 0 0 0 0 0 0 0 0 0 0 

running time: 1800 sec
 depth:8
 0  1  2  3  4  5  6  7  8  9  a  b  c  d  e  f 10 11 12 13 14 15 16 17 18 19 1a 1b 1c 1d 1e 1f 20 21 22 23 24 25 26 27 28 29 2a 2b 2c 2d 2e 2f 30 31 32 33 34 35 36 37 38 39 3a 3b 3c 3d 3e 3f 40 41 42 43 44 45 46 47 48 49 4a 4b 4c 4d 4e 4f 50 51 52 53 54 55 56 57 58 59 5a 5b 5c 5d 5e 5f 60 61 62 63 64 65 66 67 68 69 6a 6b 6c 6d 6e 6f 70 71 72 73 74 75 76 77 78 79 7a 7b 7c 7d 7e 7f 80 81 82 83 84 85 86 87 88 89 8a 8b 8c 8d 8e 8f 90 91 92 93 94 95 96 97 98 99 9a 9b 9c 9d 9e 9f a0 a1 a2 a3 a4 a5 a6 a7 a8 a9 aa ab ac ad ae af b0 b1 b2 b3 b4 b5 b6 b7 b8 b9 ba bb bc bd be bf c0 c1 c2 c3 c4 c5 c6 c7 c8 c9 ca cb cc cd ce cf d0 d1 d2 d3 d4 d5 d6 d7 d8 d9 da db dc dd de df e0 e1 e2 e3 e4 e5 e6 e7 e8 e9 ea eb ec ed ee ef f0 f1 f2 f3 f4 f5 f6 f7 f8 f9 fa fb fc fd fe ff 
 0  1  2 a6  4 a5 9b 26  8 8d 9d 55 e1 30 4c a7 10 1f cd -- ed -- aa 64 15 -- 60 -- 98 d3 99 c7 20 -- 3e -- 4d 77 -- b1  d 2c -- -- 83 -- c8 -- 2a -- -- 33 c0 -- -- 74 e7 22 71 2e e5 -- 59 -- 40 -- -- -- 7c -- -- -- 9a -- ee -- -- 39 b5 4f 1a -- 58 -- -- 43 -- 87 d1 4e -- -- 47 -- -- -- 54 -- -- -- -- -- 66 -- 57 -- -- 38 -- -- e8  e 19 -- 44 -- e2 c2 5c 8b 1d 79 -- e0 b2 -- -- -- 80 -- -- db -- -- -- -- f8 -- -- 65 -- 90 -- -- e3 -- -- --  b -- -- 68 -- 41 72 -- bd  c 9e b7 34 -- -- -- b0  6 -- cb -- -- 86 -- -- 48 d9 -- 75  9 9c ef -- 12 -- ea 8e  3 -- -- -- 24 -- -- a8 ca -- -- -- -- -- 27 -- -- -- -- cc f7 -- -- ae 61 -- -- -- -- 70 d7 -- -- -- --  7 -- 1c -- 32 -- -- e4 88 82 -- -- 13 b9 53 eb b8 18 c1 ad 3a -- f2 -- -- -- 17 11 b3 d0 -- -- -- -- -- 16 

solutions so far:0 maxDepth:9 
iterations:17128715  skipped: 45 
Depth skipped: 
0 0 45 0 0 0 0 0 0 0 0 0 0 0 0 0 0 0 0 0 0 0 0 0 0 0 0 0 0 0 0 0 

running time: 2100 sec
 depth:7
 0  1  2  3  4  5  6  7  8  9  a  b  c  d  e  f 10 11 12 13 14 15 16 17 18 19 1a 1b 1c 1d 1e 1f 20 21 22 23 24 25 26 27 28 29 2a 2b 2c 2d 2e 2f 30 31 32 33 34 35 36 37 38 39 3a 3b 3c 3d 3e 3f 40 41 42 43 44 45 46 47 48 49 4a 4b 4c 4d 4e 4f 50 51 52 53 54 55 56 57 58 59 5a 5b 5c 5d 5e 5f 60 61 62 63 64 65 66 67 68 69 6a 6b 6c 6d 6e 6f 70 71 72 73 74 75 76 77 78 79 7a 7b 7c 7d 7e 7f 80 81 82 83 84 85 86 87 88 89 8a 8b 8c 8d 8e 8f 90 91 92 93 94 95 96 97 98 99 9a 9b 9c 9d 9e 9f a0 a1 a2 a3 a4 a5 a6 a7 a8 a9 aa ab ac ad ae af b0 b1 b2 b3 b4 b5 b6 b7 b8 b9 ba bb bc bd be bf c0 c1 c2 c3 c4 c5 c6 c7 c8 c9 ca cb cc cd ce cf d0 d1 d2 d3 d4 d5 d6 d7 d8 d9 da db dc dd de df e0 e1 e2 e3 e4 e5 e6 e7 e8 e9 ea eb ec ed ee ef f0 f1 f2 f3 f4 f5 f6 f7 f8 f9 fa fb fc fd fe ff 
 0  1  2 a6  4 8f 9b aa  8 c4 c9 e4 e1 12 83 7e 10 -- 5f -- 45 -- 1f  6 15 -- 24 -- d1 ae fc 46 20 -- -- -- be f1 -- 92 8a 7f -- -- 3e --  c -- 2a -- -- 33 48 -- -- af 75 7d 8b 7a 2f -- 8c -- 40 -- -- -- -- -- -- -- ab -- 35 -- -- -- f3 4f c3 -- fe -- -- 43 -- 87 7c -- -- -- 18 -- -- -- 54 -- -- -- -- -- 66 -- 90 -- -- a3 -- -- 89 5d ea -- fa -- c1 c2 f4 39 5e 79 -- f5 cf -- -- -- 80 -- -- db -- -- -- -- -- -- -- 65 -- -- -- -- 81 -- -- -- 6a -- -- a2 -- c0 -- -- 31 ef 9e 56 51 -- -- -- 2b 9c -- 60 -- -- 86 -- -- -- d9 -- f8 -- -- -- -- -- -- 27 30 4e -- -- -- -- -- -- a8 ca -- -- -- -- -- -- -- -- -- -- cc -- -- -- f7 61 -- -- -- -- 91 d7 -- -- -- -- c5 -- ba --  3 -- -- -- 23 57 -- -- 55 ac 53 eb 3f  9 72 62 bc -- f2 -- -- -- 3d d5 49 93 -- -- -- -- -- d4 

solutions so far:0 maxDepth:9 
iterations:20163421  skipped: 56 
Depth skipped: 
0 0 56 0 0 0 0 0 0 0 0 0 0 0 0 0 0 0 0 0 0 0 0 0 0 0 0 0 0 0 0 0 

running time: 2400 sec
 depth:6
 0  1  2  3  4  5  6  7  8  9  a  b  c  d  e  f 10 11 12 13 14 15 16 17 18 19 1a 1b 1c 1d 1e 1f 20 21 22 23 24 25 26 27 28 29 2a 2b 2c 2d 2e 2f 30 31 32 33 34 35 36 37 38 39 3a 3b 3c 3d 3e 3f 40 41 42 43 44 45 46 47 48 49 4a 4b 4c 4d 4e 4f 50 51 52 53 54 55 56 57 58 59 5a 5b 5c 5d 5e 5f 60 61 62 63 64 65 66 67 68 69 6a 6b 6c 6d 6e 6f 70 71 72 73 74 75 76 77 78 79 7a 7b 7c 7d 7e 7f 80 81 82 83 84 85 86 87 88 89 8a 8b 8c 8d 8e 8f 90 91 92 93 94 95 96 97 98 99 9a 9b 9c 9d 9e 9f a0 a1 a2 a3 a4 a5 a6 a7 a8 a9 aa ab ac ad ae af b0 b1 b2 b3 b4 b5 b6 b7 b8 b9 ba bb bc bd be bf c0 c1 c2 c3 c4 c5 c6 c7 c8 c9 ca cb cc cd ce cf d0 d1 d2 d3 d4 d5 d6 d7 d8 d9 da db dc dd de df e0 e1 e2 e3 e4 e5 e6 e7 e8 e9 ea eb ec ed ee ef f0 f1 f2 f3 f4 f5 f6 f7 f8 f9 fa fb fc fd fe ff 
 0  1  2 a6  4 83 9b 5c  8 d0 d1 46 e1 be b8 -- 10 -- 77 -- 75 -- 8c 3a 15 -- ab -- a7 70 -- b9 20 -- -- -- ee 30 --  d ea ae -- -- cf -- 74 -- 2a -- -- 33 81 -- -- -- 99 58 e0 -- -- -- a5 -- 40 -- -- -- -- -- -- --  b -- 60 -- -- -- 1a 4f  3 -- 8b -- -- 43 -- 87 49 -- -- -- e8 -- -- -- 54 -- -- -- -- -- 66 -- d5 -- -- -- -- -- -- -- e5 -- b0 -- 17 c2 -- fa -- 79 -- -- 9d -- -- -- 80 -- -- db -- -- -- -- -- -- -- 65 -- -- -- -- 16 -- -- -- c0 -- --  c -- 1c -- -- 34 c4 9e 55  6 -- -- -- c1 62 --  e -- -- 86 -- -- -- d9 -- 92 -- -- -- -- -- -- f3  7 31 -- -- -- -- -- -- a8 ca -- -- -- -- -- -- -- -- -- -- cc -- -- -- 7d 61 -- -- -- -- -- d7 -- -- -- -- -- -- -- -- 1d -- -- -- b7 38 -- -- 2e aa 53 eb -- 5f 23 68 -- -- f2 -- -- -- -- 2c ed 18 -- -- -- -- -- 57 

solutions so far:0 maxDepth:10 
iterations:23330981  skipped: 62 
Depth skipped: 
0 0 62 0 0 0 0 0 0 0 0 0 0 0 0 0 0 0 0 0 0 0 0 0 0 0 0 0 0 0 0 0 

running time: 2700 sec
 depth:7
 0  1  2  3  4  5  6  7  8  9  a  b  c  d  e  f 10 11 12 13 14 15 16 17 18 19 1a 1b 1c 1d 1e 1f 20 21 22 23 24 25 26 27 28 29 2a 2b 2c 2d 2e 2f 30 31 32 33 34 35 36 37 38 39 3a 3b 3c 3d 3e 3f 40 41 42 43 44 45 46 47 48 49 4a 4b 4c 4d 4e 4f 50 51 52 53 54 55 56 57 58 59 5a 5b 5c 5d 5e 5f 60 61 62 63 64 65 66 67 68 69 6a 6b 6c 6d 6e 6f 70 71 72 73 74 75 76 77 78 79 7a 7b 7c 7d 7e 7f 80 81 82 83 84 85 86 87 88 89 8a 8b 8c 8d 8e 8f 90 91 92 93 94 95 96 97 98 99 9a 9b 9c 9d 9e 9f a0 a1 a2 a3 a4 a5 a6 a7 a8 a9 aa ab ac ad ae af b0 b1 b2 b3 b4 b5 b6 b7 b8 b9 ba bb bc bd be bf c0 c1 c2 c3 c4 c5 c6 c7 c8 c9 ca cb cc cd ce cf d0 d1 d2 d3 d4 d5 d6 d7 d8 d9 da db dc dd de df e0 e1 e2 e3 e4 e5 e6 e7 e8 e9 ea eb ec ed ee ef f0 f1 f2 f3 f4 f5 f6 f7 f8 f9 fa fb fc fd fe ff 
 0  1  2 a6  4 7b 9b 4d  8 32 f6 57 e1  3 9a 8a 10 -- 64 -- 3b -- ae 88 15 --  6 -- e3 bd c3 71 20 -- -- -- c8 78 -- 4c 76 dc -- -- 8b -- c7 -- 2a -- -- 33  c -- -- f1 11 41 ad 8f 51 -- e2 -- 40 -- -- -- -- -- -- -- 47 -- f0 -- -- -- 98 4f ec -- 6f -- -- 43 -- 87 c1 -- -- -- 59 -- -- -- 54 -- -- -- -- -- 66 -- 18 -- -- fe -- -- 35 d4 22 -- 82 -- 8d c2 c9 60 a2 79 -- 56 13 -- -- -- 80 -- -- db -- -- -- -- -- -- -- 65 -- -- -- -- 8e -- -- -- 37 -- -- 1e -- b1 -- -- e7 75 9e 6b  f -- -- -- de d1 -- b3 -- -- 86 -- -- -- d9 -- 55 -- -- -- -- -- -- aa b2 83 -- -- -- -- -- -- a8 ca -- -- -- -- -- -- -- -- -- -- cc -- -- -- 30 61 -- -- -- -- 2b d7 -- -- -- -- 6a -- 7f -- 44 -- -- -- d3 b5 -- -- cd d6 53 eb 45 ea c0 19 93 -- f2 -- -- -- ac cb 26 3c -- -- -- -- -- 6e 

solutions so far:0 maxDepth:10 
iterations:26258847  skipped: 64 
Depth skipped: 
0 0 64 0 0 0 0 0 0 0 0 0 0 0 0 0 0 0 0 0 0 0 0 0 0 0 0 0 0 0 0 0 

running time: 3000 sec
 depth:6
 0  1  2  3  4  5  6  7  8  9  a  b  c  d  e  f 10 11 12 13 14 15 16 17 18 19 1a 1b 1c 1d 1e 1f 20 21 22 23 24 25 26 27 28 29 2a 2b 2c 2d 2e 2f 30 31 32 33 34 35 36 37 38 39 3a 3b 3c 3d 3e 3f 40 41 42 43 44 45 46 47 48 49 4a 4b 4c 4d 4e 4f 50 51 52 53 54 55 56 57 58 59 5a 5b 5c 5d 5e 5f 60 61 62 63 64 65 66 67 68 69 6a 6b 6c 6d 6e 6f 70 71 72 73 74 75 76 77 78 79 7a 7b 7c 7d 7e 7f 80 81 82 83 84 85 86 87 88 89 8a 8b 8c 8d 8e 8f 90 91 92 93 94 95 96 97 98 99 9a 9b 9c 9d 9e 9f a0 a1 a2 a3 a4 a5 a6 a7 a8 a9 aa ab ac ad ae af b0 b1 b2 b3 b4 b5 b6 b7 b8 b9 ba bb bc bd be bf c0 c1 c2 c3 c4 c5 c6 c7 c8 c9 ca cb cc cd ce cf d0 d1 d2 d3 d4 d5 d6 d7 d8 d9 da db dc dd de df e0 e1 e2 e3 e4 e5 e6 e7 e8 e9 ea eb ec ed ee ef f0 f1 f2 f3 f4 f5 f6 f7 f8 f9 fa fb fc fd fe ff 
 0  1  2 a6  4 6c 9b 41  8 72 d8 bd e1 88 82 -- 10 -- e4 -- 67 -- ad 26 15 -- c7 -- d3 c8 -- ef 20 -- -- -- 1f 42 -- 48 ce d2 -- -- 8d -- 4c -- 2a -- -- 33 59 -- -- -- 71 27 47 -- -- --  9 -- 40 -- -- -- -- -- -- -- 3e -- 84 -- -- -- 90 4f 4b -- 73 -- -- 43 -- 87 cd -- -- -- 98 -- -- -- 54 -- -- -- -- -- 66 -- b2 -- -- -- -- -- -- -- e2 -- 4e -- 8e c2 -- b1 -- 79 -- -- 12 -- -- -- 80 -- -- db -- -- -- -- -- -- -- 65 -- -- -- -- 7c -- -- -- df -- -- fb -- 32 -- -- f7 22 9e 1b 96 -- -- -- e6 11 -- 19 -- -- 86 -- -- -- d9 -- 4d -- -- -- -- -- -- 9a e7 e3 -- -- -- -- -- -- a8 ca -- -- -- -- -- -- -- -- -- -- cc -- -- -- b3 61 -- -- -- -- -- d7 -- -- -- -- -- -- -- -- 13 -- -- -- 9c 64 -- -- cb 36 53 eb -- 44 b5 39 -- -- f2 -- -- -- -- f8 24 21 -- -- -- -- -- 69 

solutions so far:0 maxDepth:10 
iterations:28397659  skipped: 73 
Depth skipped: 
0 0 73 0 0 0 0 0 0 0 0 0 0 0 0 0 0 0 0 0 0 0 0 0 0 0 0 0 0 0 0 0 

running time: 3300 sec
 depth:8
 0  1  2  3  4  5  6  7  8  9  a  b  c  d  e  f 10 11 12 13 14 15 16 17 18 19 1a 1b 1c 1d 1e 1f 20 21 22 23 24 25 26 27 28 29 2a 2b 2c 2d 2e 2f 30 31 32 33 34 35 36 37 38 39 3a 3b 3c 3d 3e 3f 40 41 42 43 44 45 46 47 48 49 4a 4b 4c 4d 4e 4f 50 51 52 53 54 55 56 57 58 59 5a 5b 5c 5d 5e 5f 60 61 62 63 64 65 66 67 68 69 6a 6b 6c 6d 6e 6f 70 71 72 73 74 75 76 77 78 79 7a 7b 7c 7d 7e 7f 80 81 82 83 84 85 86 87 88 89 8a 8b 8c 8d 8e 8f 90 91 92 93 94 95 96 97 98 99 9a 9b 9c 9d 9e 9f a0 a1 a2 a3 a4 a5 a6 a7 a8 a9 aa ab ac ad ae af b0 b1 b2 b3 b4 b5 b6 b7 b8 b9 ba bb bc bd be bf c0 c1 c2 c3 c4 c5 c6 c7 c8 c9 ca cb cc cd ce cf d0 d1 d2 d3 d4 d5 d6 d7 d8 d9 da db dc dd de df e0 e1 e2 e3 e4 e5 e6 e7 e8 e9 ea eb ec ed ee ef f0 f1 f2 f3 f4 f5 f6 f7 f8 f9 fa fb fc fd fe ff 
 0  1  2 a6  4 5d 9b f8  8 70 ba a1 e1 6d 27 25 10 82 e0 -- a3 -- 95 12 15 -- da -- 4e e4 4a 1d 20 -- d3 -- 17 3f --  7 91 5e -- -- fd -- 24 -- 2a -- -- 33 63 -- -- 52 9c a7 1f a0 94 -- 3a -- 40 -- -- -- 71 -- -- -- 2e -- 7e -- -- 8e  e 4f f5 -- bc -- -- 43 -- 87 2d 26 -- -- 48 -- -- -- 54 -- -- -- -- -- 66 -- c6 -- --  a -- -- a4 e9 ef -- 99 -- 3e c2 97 b6 ff 79 -- 28 74 -- -- -- 80 -- -- db -- -- -- -- e2 -- -- 65 -- c8 -- -- 5c -- -- -- fc -- -- 7a -- 39 cb -- 1c 85 9e 89 3d -- -- -- af a9 -- f7 -- -- 86 -- -- 64 d9 -- 5a e7 4c 98 -- 19 -- b4 90 bf -- -- -- 32 -- -- a8 ca -- -- -- -- -- 13 -- -- -- -- cc 47 -- -- 5b 61 -- -- -- -- 14 d7 -- -- -- -- 9f --  5 --  9 -- -- 41 e5 72 -- -- 7c c5 53 eb f9 dd bb 38 29 -- f2 -- -- -- 50 b8 e8 f4 -- -- -- -- -- 2f 

solutions so far:0 maxDepth:10 
iterations:32129709  skipped: 78 
Depth skipped: 
0 0 78 0 0 0 0 0 0 0 0 0 0 0 0 0 0 0 0 0 0 0 0 0 0 0 0 0 0 0 0 0 

running time: 3600 sec
 depth:6
 0  1  2  3  4  5  6  7  8  9  a  b  c  d  e  f 10 11 12 13 14 15 16 17 18 19 1a 1b 1c 1d 1e 1f 20 21 22 23 24 25 26 27 28 29 2a 2b 2c 2d 2e 2f 30 31 32 33 34 35 36 37 38 39 3a 3b 3c 3d 3e 3f 40 41 42 43 44 45 46 47 48 49 4a 4b 4c 4d 4e 4f 50 51 52 53 54 55 56 57 58 59 5a 5b 5c 5d 5e 5f 60 61 62 63 64 65 66 67 68 69 6a 6b 6c 6d 6e 6f 70 71 72 73 74 75 76 77 78 79 7a 7b 7c 7d 7e 7f 80 81 82 83 84 85 86 87 88 89 8a 8b 8c 8d 8e 8f 90 91 92 93 94 95 96 97 98 99 9a 9b 9c 9d 9e 9f a0 a1 a2 a3 a4 a5 a6 a7 a8 a9 aa ab ac ad ae af b0 b1 b2 b3 b4 b5 b6 b7 b8 b9 ba bb bc bd be bf c0 c1 c2 c3 c4 c5 c6 c7 c8 c9 ca cb cc cd ce cf d0 d1 d2 d3 d4 d5 d6 d7 d8 d9 da db dc dd de df e0 e1 e2 e3 e4 e5 e6 e7 e8 e9 ea eb ec ed ee ef f0 f1 f2 f3 f4 f5 f6 f7 f8 f9 fa fb fc fd fe ff 
 0  1  2 a6  4 46 9b e3  8 ea 8c 4a e1 14 11 -- 10 --  3 -- cf -- 94 59 15 -- 28 -- 22 8d -- ae 20 -- -- --  6 c4 -- aa 49 81 -- -- ff -- b2 -- 2a -- -- 33 50 -- -- -- 44 60 cd -- -- -- 8b -- 40 -- -- -- -- -- -- --  c -- 5f -- -- -- 83 4f 92 -- d5 -- -- 43 -- 87 29 -- -- -- b3 -- -- -- 54 -- -- -- -- -- 66 -- a0 -- -- -- -- -- -- -- 88 -- c0 -- 4d c2 -- f9 -- 79 -- -- c1 -- -- -- 80 -- -- db -- -- -- -- -- -- -- 65 -- -- -- -- 18 -- -- -- be -- -- 31 -- bd -- -- d1  5 9e fa f3 -- -- -- 7d e9 -- b5 -- -- 86 -- -- -- d9 -- 52 -- -- -- -- -- -- a4 b1 9f -- -- -- -- -- -- a8 ca -- -- -- -- -- -- -- -- -- -- cc -- -- -- 97 61 -- -- -- -- -- d7 -- -- -- -- -- -- -- -- c7 -- -- -- 57 ad -- -- 9a 23 53 eb --  a 25 75 -- -- f2 -- -- -- -- 30 55 62 -- -- -- -- -- ab 

solutions so far:0 maxDepth:10 
iterations:35652852  skipped: 91 
Depth skipped: 
0 0 91 0 0 0 0 0 0 0 0 0 0 0 0 0 0 0 0 0 0 0 0 0 0 0 0 0 0 0 0 0 

running time: 3900 sec
 depth:7
 0  1  2  3  4  5  6  7  8  9  a  b  c  d  e  f 10 11 12 13 14 15 16 17 18 19 1a 1b 1c 1d 1e 1f 20 21 22 23 24 25 26 27 28 29 2a 2b 2c 2d 2e 2f 30 31 32 33 34 35 36 37 38 39 3a 3b 3c 3d 3e 3f 40 41 42 43 44 45 46 47 48 49 4a 4b 4c 4d 4e 4f 50 51 52 53 54 55 56 57 58 59 5a 5b 5c 5d 5e 5f 60 61 62 63 64 65 66 67 68 69 6a 6b 6c 6d 6e 6f 70 71 72 73 74 75 76 77 78 79 7a 7b 7c 7d 7e 7f 80 81 82 83 84 85 86 87 88 89 8a 8b 8c 8d 8e 8f 90 91 92 93 94 95 96 97 98 99 9a 9b 9c 9d 9e 9f a0 a1 a2 a3 a4 a5 a6 a7 a8 a9 aa ab ac ad ae af b0 b1 b2 b3 b4 b5 b6 b7 b8 b9 ba bb bc bd be bf c0 c1 c2 c3 c4 c5 c6 c7 c8 c9 ca cb cc cd ce cf d0 d1 d2 d3 d4 d5 d6 d7 d8 d9 da db dc dd de df e0 e1 e2 e3 e4 e5 e6 e7 e8 e9 ea eb ec ed ee ef f0 f1 f2 f3 f4 f5 f6 f7 f8 f9 fa fb fc fd fe ff 
 0  1  2 a6  4 3e 9b 5a  8 4c 7c e8 e1 b8 b4 6b 10 -- 98 -- f8 --  7 6d 15 -- a7 -- bf a1 d6 cb 20 -- -- -- e7 12 -- 71 27 f7 -- --  e -- da -- 2a -- -- 33 99 -- -- 76 a9 c8 95 dc 7b -- 41 -- 40 -- -- -- -- -- -- -- 19 -- 24 -- -- -- e2 4f 4e -- 39 -- -- 43 -- 87 1c -- -- -- 63 -- -- -- 54 -- -- -- -- -- 66 -- e5 -- -- 78 -- -- ec 1e 85 -- 47 -- fd c2 6f 3a f6 79 -- 37 82 -- -- -- 80 -- -- db -- -- -- -- -- -- -- 65 -- -- -- -- 32 -- -- -- 48 -- -- ef -- b6 -- -- 13 2e 9e e4 9c -- -- -- 72 17 -- 5b -- -- 86 -- -- -- d9 -- 38 -- -- -- -- -- -- 70 c6 e0 -- -- -- -- -- -- a8 ca -- -- -- -- -- -- -- -- -- -- cc -- -- -- 1d 61 -- -- -- -- f0 d7 -- -- -- --  f -- 3c -- dd -- -- -- 8e bb -- -- 2d 1f 53 eb de 5c 74 26 3b -- f2 -- -- -- 6e 64 d3  9 -- -- -- -- -- 90 

solutions so far:0 maxDepth:10 
iterations:38198113  skipped: 94 
Depth skipped: 
0 0 94 0 0 0 0 0 0 0 0 0 0 0 0 0 0 0 0 0 0 0 0 0 0 0 0 0 0 0 0 0 

running time: 4200 sec
 depth:6
 0  1  2  3  4  5  6  7  8  9  a  b  c  d  e  f 10 11 12 13 14 15 16 17 18 19 1a 1b 1c 1d 1e 1f 20 21 22 23 24 25 26 27 28 29 2a 2b 2c 2d 2e 2f 30 31 32 33 34 35 36 37 38 39 3a 3b 3c 3d 3e 3f 40 41 42 43 44 45 46 47 48 49 4a 4b 4c 4d 4e 4f 50 51 52 53 54 55 56 57 58 59 5a 5b 5c 5d 5e 5f 60 61 62 63 64 65 66 67 68 69 6a 6b 6c 6d 6e 6f 70 71 72 73 74 75 76 77 78 79 7a 7b 7c 7d 7e 7f 80 81 82 83 84 85 86 87 88 89 8a 8b 8c 8d 8e 8f 90 91 92 93 94 95 96 97 98 99 9a 9b 9c 9d 9e 9f a0 a1 a2 a3 a4 a5 a6 a7 a8 a9 aa ab ac ad ae af b0 b1 b2 b3 b4 b5 b6 b7 b8 b9 ba bb bc bd be bf c0 c1 c2 c3 c4 c5 c6 c7 c8 c9 ca cb cc cd ce cf d0 d1 d2 d3 d4 d5 d6 d7 d8 d9 da db dc dd de df e0 e1 e2 e3 e4 e5 e6 e7 e8 e9 ea eb ec ed ee ef f0 f1 f2 f3 f4 f5 f6 f7 f8 f9 fa fb fc fd fe ff 
 0  1  2 a6  4 30 9b bd  8 89 60 9c e1 e4 ad -- 10 -- c5 -- c0 -- ef e3 15 -- 1f -- 8d b2 -- f4 20 -- -- -- 5d aa -- 2f 57 ea -- --  9 -- 11 -- 2a -- -- 33 3e -- -- -- cd f5 b3 -- -- -- 3f -- 40 -- -- -- -- -- -- -- ba -- 83 -- -- -- 5e 4f ae --  3 -- -- 43 -- 87 12 -- -- -- 22 -- -- -- 54 -- -- -- -- -- 66 -- 7c -- -- -- -- -- -- -- 4d -- 3d -- b1 c2 -- 27 -- 79 -- -- 7e -- -- -- 80 -- -- db -- -- -- -- -- -- -- 65 -- -- -- -- a3 -- -- -- d1 -- -- c1 -- c7 -- -- bc 39 9e  c 8b -- -- --  6 f7 -- 88 -- -- 86 -- -- -- d9 -- 24 -- -- -- -- -- -- 48 44 90 -- -- -- -- -- -- a8 ca -- -- -- -- -- -- -- -- -- -- cc -- -- -- f8 61 -- -- -- -- -- d7 -- -- -- -- -- -- -- -- 9a -- -- -- 7a 59 -- -- b5 18 53 eb -- 72 4e af -- -- f2 -- -- -- -- 91 fc 55 -- -- -- -- -- 75 

solutions so far:0 maxDepth:10 
iterations:40645008  skipped: 102 
Depth skipped: 
0 0 102 0 0 0 0 0 0 0 0 0 0 0 0 0 0 0 0 0 0 0 0 0 0 0 0 0 0 0 0 0 

running time: 4500 sec
 depth:7
 0  1  2  3  4  5  6  7  8  9  a  b  c  d  e  f 10 11 12 13 14 15 16 17 18 19 1a 1b 1c 1d 1e 1f 20 21 22 23 24 25 26 27 28 29 2a 2b 2c 2d 2e 2f 30 31 32 33 34 35 36 37 38 39 3a 3b 3c 3d 3e 3f 40 41 42 43 44 45 46 47 48 49 4a 4b 4c 4d 4e 4f 50 51 52 53 54 55 56 57 58 59 5a 5b 5c 5d 5e 5f 60 61 62 63 64 65 66 67 68 69 6a 6b 6c 6d 6e 6f 70 71 72 73 74 75 76 77 78 79 7a 7b 7c 7d 7e 7f 80 81 82 83 84 85 86 87 88 89 8a 8b 8c 8d 8e 8f 90 91 92 93 94 95 96 97 98 99 9a 9b 9c 9d 9e 9f a0 a1 a2 a3 a4 a5 a6 a7 a8 a9 aa ab ac ad ae af b0 b1 b2 b3 b4 b5 b6 b7 b8 b9 ba bb bc bd be bf c0 c1 c2 c3 c4 c5 c6 c7 c8 c9 ca cb cc cd ce cf d0 d1 d2 d3 d4 d5 d6 d7 d8 d9 da db dc dd de df e0 e1 e2 e3 e4 e5 e6 e7 e8 e9 ea eb ec ed ee ef f0 f1 f2 f3 f4 f5 f6 f7 f8 f9 fa fb fc fd fe ff 
 0  1  2 a6  4 27 9b dd  8 b7 4e 76 e1 6f 6d 84 10 -- b9 -- 9c -- ec b6 15 -- de -- da b4 df d0 20 -- -- -- a5 90 -- 16 ef e4 -- --  f -- bb -- 2a -- -- 33 6b -- -- e6 63 1a bf fb 69 -- 77 -- 40 -- -- -- -- -- -- -- 9d -- f7 -- -- -- 2c 4f  9 -- 1f -- -- 43 -- 87 1e -- -- -- a1 -- -- -- 54 -- -- -- -- -- 66 -- d6 -- -- 67 -- -- 1b 6c c6 -- 34 -- a9 c2 21 f6 d2 79 -- 4b ee -- -- -- 80 -- -- db -- -- -- -- -- -- -- 65 -- -- -- -- ed -- -- -- 39 -- -- 24 -- 2d -- -- 58 6e 9e 7c 12 -- -- -- 3e 37 -- fd -- -- 86 -- -- -- d9 -- 3c -- -- -- -- -- -- 78 95 f0 -- -- -- -- -- -- a8 ca -- -- -- -- -- -- -- -- -- -- cc -- -- -- 7b 61 -- -- -- -- ce d7 -- -- -- -- 36 -- d8 -- 5b -- -- -- 68 5a -- -- 85 f8 53 eb 42 dc 3b b0 73 -- f2 -- -- -- 96  d  b 48 -- -- -- -- -- 72 

solutions so far:0 maxDepth:10 
iterations:43456176  skipped: 105 
Depth skipped: 
0 0 105 0 0 0 0 0 0 0 0 0 0 0 0 0 0 0 0 0 0 0 0 0 0 0 0 0 0 0 0 0 

running time: 4800 sec
 depth:7
 0  1  2  3  4  5  6  7  8  9  a  b  c  d  e  f 10 11 12 13 14 15 16 17 18 19 1a 1b 1c 1d 1e 1f 20 21 22 23 24 25 26 27 28 29 2a 2b 2c 2d 2e 2f 30 31 32 33 34 35 36 37 38 39 3a 3b 3c 3d 3e 3f 40 41 42 43 44 45 46 47 48 49 4a 4b 4c 4d 4e 4f 50 51 52 53 54 55 56 57 58 59 5a 5b 5c 5d 5e 5f 60 61 62 63 64 65 66 67 68 69 6a 6b 6c 6d 6e 6f 70 71 72 73 74 75 76 77 78 79 7a 7b 7c 7d 7e 7f 80 81 82 83 84 85 86 87 88 89 8a 8b 8c 8d 8e 8f 90 91 92 93 94 95 96 97 98 99 9a 9b 9c 9d 9e 9f a0 a1 a2 a3 a4 a5 a6 a7 a8 a9 aa ab ac ad ae af b0 b1 b2 b3 b4 b5 b6 b7 b8 b9 ba bb bc bd be bf c0 c1 c2 c3 c4 c5 c6 c7 c8 c9 ca cb cc cd ce cf d0 d1 d2 d3 d4 d5 d6 d7 d8 d9 da db dc dd de df e0 e1 e2 e3 e4 e5 e6 e7 e8 e9 ea eb ec ed ee ef f0 f1 f2 f3 f4 f5 f6 f7 f8 f9 fa fb fc fd fe ff 
 0  1  2 a6  4 16 9b af  8 36 2c fd e1 63 89 8b 10 -- 6c -- 58 -- 2d 91 15 -- c6 -- c5 fc c1 42 20 -- -- -- d8 ed -- d2 b0 68 -- -- 5a -- f5 -- 2a -- -- 33 5b -- -- d1 5d 96 2f c0 55 -- 84 -- 40 -- -- -- -- -- -- -- 67 --  d -- -- -- 73 4f b7 -- d0 -- -- 43 -- 87 b4 -- -- -- 3d -- -- -- 54 -- -- -- -- -- 66 -- b6 -- --  c -- -- 75  3 ba -- fb -- 5e c2 57 a1 aa 79 -- 30 df -- -- -- 80 -- -- db -- -- -- -- -- -- -- 65 -- -- -- -- ce -- -- -- 1a -- -- a5 -- 3f -- -- e6 6d 9e ee b9 -- -- -- 77 dd -- f4 -- -- 86 -- -- -- d9 -- bf -- -- -- -- -- -- a9 7a 85 -- -- -- -- -- -- a8 ca -- -- -- -- -- -- -- -- -- -- cc -- -- -- bb 61 -- -- -- -- 18 d7 -- -- -- -- ea --  6 -- a3 -- -- -- 21 7e -- -- bc  b 53 eb ae da 95 1b 83 -- f2 -- -- -- 60 4b 69 9d -- -- -- -- -- 34 

solutions so far:0 maxDepth:10 
iterations:46495555  skipped: 116 
Depth skipped: 
0 0 116 0 0 0 0 0 0 0 0 0 0 0 0 0 0 0 0 0 0 0 0 0 0 0 0 0 0 0 0 0 

running time: 5100 sec
 depth:6
 0  1  2  3  4  5  6  7  8  9  a  b  c  d  e  f 10 11 12 13 14 15 16 17 18 19 1a 1b 1c 1d 1e 1f 20 21 22 23 24 25 26 27 28 29 2a 2b 2c 2d 2e 2f 30 31 32 33 34 35 36 37 38 39 3a 3b 3c 3d 3e 3f 40 41 42 43 44 45 46 47 48 49 4a 4b 4c 4d 4e 4f 50 51 52 53 54 55 56 57 58 59 5a 5b 5c 5d 5e 5f 60 61 62 63 64 65 66 67 68 69 6a 6b 6c 6d 6e 6f 70 71 72 73 74 75 76 77 78 79 7a 7b 7c 7d 7e 7f 80 81 82 83 84 85 86 87 88 89 8a 8b 8c 8d 8e 8f 90 91 92 93 94 95 96 97 98 99 9a 9b 9c 9d 9e 9f a0 a1 a2 a3 a4 a5 a6 a7 a8 a9 aa ab ac ad ae af b0 b1 b2 b3 b4 b5 b6 b7 b8 b9 ba bb bc bd be bf c0 c1 c2 c3 c4 c5 c6 c7 c8 c9 ca cb cc cd ce cf d0 d1 d2 d3 d4 d5 d6 d7 d8 d9 da db dc dd de df e0 e1 e2 e3 e4 e5 e6 e7 e8 e9 ea eb ec ed ee ef f0 f1 f2 f3 f4 f5 f6 f7 f8 f9 fa fb fc fd fe ff 
 0  1  2 a6  4  d 9b 3b  8 7e 1a 98 e1 82 76 -- 10 -- fc -- 34 -- e7 78 15 -- d3 -- ec 6b -- ba 20 -- -- -- 2f 16 -- 3d 68 b7 -- -- 19 -- f0 -- 2a -- -- 33 71 -- -- --  f 89 d6 -- -- -- a3 -- 40 -- -- -- -- -- -- -- 5e -- 2c -- -- -- 7a 4f d0 -- b9 -- -- 43 -- 87 32 -- -- -- 37 -- -- -- 54 -- -- -- -- -- 66 -- e2 -- -- -- -- -- -- -- 1e -- c5 -- 7b c2 -- 26 -- 79 -- -- 91 -- -- -- 80 -- -- db -- -- -- -- -- -- -- 65 -- -- -- -- bc -- -- -- 58 -- -- ee -- 6f -- -- f4 cb 9e 9d 77 -- -- -- a5 8e -- dc -- -- 86 -- -- -- d9 -- 64 -- -- -- -- -- -- c8 6e 47 -- -- -- -- -- -- a8 ca -- -- -- -- -- -- -- -- -- -- cc -- -- -- 13 61 -- -- -- -- -- d7 -- -- -- -- -- -- -- -- 3c -- -- -- 5d de -- -- f6 ed 53 eb -- 41 4c 3f -- -- f2 -- -- -- -- af f5  b -- -- -- -- -- b0 

solutions so far:0 maxDepth:10 
iterations:49489203  skipped: 117 
Depth skipped: 
0 0 117 0 0 0 0 0 0 0 0 0 0 0 0 0 0 0 0 0 0 0 0 0 0 0 0 0 0 0 0 0 

running time: 5400 sec

Finished. Total running time: 5530 sec
