Search S-boxes invariant for matrix: 
{0x00,0x02,0x04,0x06,0x08,0x0a,0x0c,0x0e,0x10,0x12,0x14,0x16,0x18,0x1a,0x1c,0x1e,0x20,0x22,0x24,0x26,0x28,0x2a,0x2c,0x2e,0x30,0x32,0x34,0x36,0x38,0x3a,0x3c,0x3e,0x40,0x42,0x44,0x46,0x48,0x4a,0x4c,0x4e,0x50,0x52,0x54,0x56,0x58,0x5a,0x5c,0x5e,0x60,0x62,0x64,0x66,0x68,0x6a,0x6c,0x6e,0x70,0x72,0x74,0x76,0x78,0x7a,0x7c,0x7e,0x80,0x82,0x84,0x86,0x88,0x8a,0x8c,0x8e,0x90,0x92,0x94,0x96,0x98,0x9a,0x9c,0x9e,0xa0,0xa2,0xa4,0xa6,0xa8,0xaa,0xac,0xae,0xb0,0xb2,0xb4,0xb6,0xb8,0xba,0xbc,0xbe,0xc0,0xc2,0xc4,0xc6,0xc8,0xca,0xcc,0xce,0xd0,0xd2,0xd4,0xd6,0xd8,0xda,0xdc,0xde,0xe0,0xe2,0xe4,0xe6,0xe8,0xea,0xec,0xee,0xf0,0xf2,0xf4,0xf6,0xf8,0xfa,0xfc,0xfe,0xd7,0xd5,0xd3,0xd1,0xdf,0xdd,0xdb,0xd9,0xc7,0xc5,0xc3,0xc1,0xcf,0xcd,0xcb,0xc9,0xf7,0xf5,0xf3,0xf1,0xff,0xfd,0xfb,0xf9,0xe7,0xe5,0xe3,0xe1,0xef,0xed,0xeb,0xe9,0x97,0x95,0x93,0x91,0x9f,0x9d,0x9b,0x99,0x87,0x85,0x83,0x81,0x8f,0x8d,0x8b,0x89,0xb7,0xb5,0xb3,0xb1,0xbf,0xbd,0xbb,0xb9,0xa7,0xa5,0xa3,0xa1,0xaf,0xad,0xab,0xa9,0x57,0x55,0x53,0x51,0x5f,0x5d,0x5b,0x59,0x47,0x45,0x43,0x41,0x4f,0x4d,0x4b,0x49,0x77,0x75,0x73,0x71,0x7f,0x7d,0x7b,0x79,0x67,0x65,0x63,0x61,0x6f,0x6d,0x6b,0x69,0x17,0x15,0x13,0x11,0x1f,0x1d,0x1b,0x19,0x07,0x05,0x03,0x01,0x0f,0x0d,0x0b,0x09,0x37,0x35,0x33,0x31,0x3f,0x3d,0x3b,0x39,0x27,0x25,0x23,0x21,0x2f,0x2d,0x2b,0x29};



 depth:7
 0  1  2  3  4  5  6  7  8  9  a  b  c  d  e  f 10 11 12 13 14 15 16 17 18 19 1a 1b 1c 1d 1e 1f 20 21 22 23 24 25 26 27 28 29 2a 2b 2c 2d 2e 2f 30 31 32 33 34 35 36 37 38 39 3a 3b 3c 3d 3e 3f 40 41 42 43 44 45 46 47 48 49 4a 4b 4c 4d 4e 4f 50 51 52 53 54 55 56 57 58 59 5a 5b 5c 5d 5e 5f 60 61 62 63 64 65 66 67 68 69 6a 6b 6c 6d 6e 6f 70 71 72 73 74 75 76 77 78 79 7a 7b 7c 7d 7e 7f 80 81 82 83 84 85 86 87 88 89 8a 8b 8c 8d 8e 8f 90 91 92 93 94 95 96 97 98 99 9a 9b 9c 9d 9e 9f a0 a1 a2 a3 a4 a5 a6 a7 a8 a9 aa ab ac ad ae af b0 b1 b2 b3 b4 b5 b6 b7 b8 b9 ba bb bc bd be bf c0 c1 c2 c3 c4 c5 c6 c7 c8 c9 ca cb cc cd ce cf d0 d1 d2 d3 d4 d5 d6 d7 d8 d9 da db dc dd de df e0 e1 e2 e3 e4 e5 e6 e7 e8 e9 ea eb ec ed ee ef f0 f1 f2 f3 f4 f5 f6 f7 f8 f9 fa fb fc fd fe ff 
 0  1  2 af  4 ec 89 e3  8 52  f 75 c5 ae 11 49 10 -- a4 -- 1e -- ea 59 5d -- 8b -- 22 8d 92 a0 20 -- -- -- 9f dc -- 4a 3c d6 -- --  3 -- b2 -- ba -- -- 33 c1 -- -- c4 44 14 cd 46 f3 -- 97 -- 40 -- -- -- -- -- -- -- e9 -- 6f -- -- -- 94 4f 78 -- 7b -- -- 3f -- f5  6 -- -- -- b3 -- -- -- a3 -- -- -- -- -- 66 -- 55 -- -- d5 -- -- 5f ab 88 -- 28 -- 4d 5e 8c 83 31 79 -- fa f9 -- -- -- 80 -- -- fc -- -- -- -- -- -- -- 7a -- -- -- --  5 -- -- -- de -- -- 37 -- bd -- -- ff c0 9e 3b f0 -- -- -- f6 60 -- b5 -- -- 7e -- -- -- 3d --  c -- -- -- -- -- -- 18 b1 30 -- -- -- -- -- -- 91 f4 -- -- -- -- -- -- -- -- -- -- cc -- -- -- aa 2f -- -- -- -- 7d d7 -- -- -- -- be -- 81 -- c7 -- -- -- 50 ad -- -- 9a 76 bc eb cf 57 d1 29 62 -- f2 -- -- -- 23  a 25 6e -- -- -- -- -- 6b 

solutions so far:0 maxDepth:9 
iterations:1980018  skipped: 11 
Depth skipped: 
0 0 11 0 0 0 0 0 0 0 0 0 0 0 0 0 0 0 0 0 0 0 0 0 0 0 0 0 0 0 0 0 

running time: 300 sec
 depth:7
 0  1  2  3  4  5  6  7  8  9  a  b  c  d  e  f 10 11 12 13 14 15 16 17 18 19 1a 1b 1c 1d 1e 1f 20 21 22 23 24 25 26 27 28 29 2a 2b 2c 2d 2e 2f 30 31 32 33 34 35 36 37 38 39 3a 3b 3c 3d 3e 3f 40 41 42 43 44 45 46 47 48 49 4a 4b 4c 4d 4e 4f 50 51 52 53 54 55 56 57 58 59 5a 5b 5c 5d 5e 5f 60 61 62 63 64 65 66 67 68 69 6a 6b 6c 6d 6e 6f 70 71 72 73 74 75 76 77 78 79 7a 7b 7c 7d 7e 7f 80 81 82 83 84 85 86 87 88 89 8a 8b 8c 8d 8e 8f 90 91 92 93 94 95 96 97 98 99 9a 9b 9c 9d 9e 9f a0 a1 a2 a3 a4 a5 a6 a7 a8 a9 aa ab ac ad ae af b0 b1 b2 b3 b4 b5 b6 b7 b8 b9 ba bb bc bd be bf c0 c1 c2 c3 c4 c5 c6 c7 c8 c9 ca cb cc cd ce cf d0 d1 d2 d3 d4 d5 d6 d7 d8 d9 da db dc dd de df e0 e1 e2 e3 e4 e5 e6 e7 e8 e9 ea eb ec ed ee ef f0 f1 f2 f3 f4 f5 f6 f7 f8 f9 fa fb fc fd fe ff 
 0  1  2 af  4 e5 89 f1  8  d 1d 50 c5 a4 35 1f 10 -- 1a -- 3a -- a0 2b 5d -- 9f -- 6a c3 3e 2c 20 -- -- -- 34 38 -- b9 74 2e -- -- 97 -- 56 -- ba -- -- 33 e9 -- -- 4e d4 ee 51 39 7c -- 58 -- 40 -- -- -- -- -- -- -- 68 -- 70 -- -- -- a5 4f e8 -- 5c -- -- 3f -- f5 f9 -- -- -- ac -- -- -- a3 -- -- -- -- -- 66 --  5 -- -- 24 -- -- 9c  9 7f --  b -- a2 5e 72 14 f8 79 -- 90 b0 -- -- -- 80 -- -- fc -- -- -- -- -- -- -- 7a -- -- -- -- d0 -- -- -- e0 -- --  e -- 45 -- -- 9d 29 9e a7  7 -- -- -- b8 ff -- c9 -- -- 7e -- -- -- 3d -- 25 -- -- -- -- -- -- 4a 8f 94 -- -- -- -- -- -- 91 f4 -- -- -- -- -- -- -- -- -- -- cc -- -- --  a 2f -- -- -- -- 48 d7 -- -- -- -- ef -- 12 -- fe -- -- -- 16 8a -- -- 93 99 bc eb e4 52 28 ed 27 -- f2 -- -- -- f7 77 b7 1c -- -- -- -- -- 17 

solutions so far:0 maxDepth:10 
iterations:4048266  skipped: 14 
Depth skipped: 
0 0 14 0 0 0 0 0 0 0 0 0 0 0 0 0 0 0 0 0 0 0 0 0 0 0 0 0 0 0 0 0 

running time: 600 sec
 depth:6
 0  1  2  3  4  5  6  7  8  9  a  b  c  d  e  f 10 11 12 13 14 15 16 17 18 19 1a 1b 1c 1d 1e 1f 20 21 22 23 24 25 26 27 28 29 2a 2b 2c 2d 2e 2f 30 31 32 33 34 35 36 37 38 39 3a 3b 3c 3d 3e 3f 40 41 42 43 44 45 46 47 48 49 4a 4b 4c 4d 4e 4f 50 51 52 53 54 55 56 57 58 59 5a 5b 5c 5d 5e 5f 60 61 62 63 64 65 66 67 68 69 6a 6b 6c 6d 6e 6f 70 71 72 73 74 75 76 77 78 79 7a 7b 7c 7d 7e 7f 80 81 82 83 84 85 86 87 88 89 8a 8b 8c 8d 8e 8f 90 91 92 93 94 95 96 97 98 99 9a 9b 9c 9d 9e 9f a0 a1 a2 a3 a4 a5 a6 a7 a8 a9 aa ab ac ad ae af b0 b1 b2 b3 b4 b5 b6 b7 b8 b9 ba bb bc bd be bf c0 c1 c2 c3 c4 c5 c6 c7 c8 c9 ca cb cc cd ce cf d0 d1 d2 d3 d4 d5 d6 d7 d8 d9 da db dc dd de df e0 e1 e2 e3 e4 e5 e6 e7 e8 e9 ea eb ec ed ee ef f0 f1 f2 f3 f4 f5 f6 f7 f8 f9 fa fb fc fd fe ff 
 0  1  2 af  4 da 89 50  8 b1 63 56 c5 f1 a0 -- 10 -- b5 -- c6 -- ac 94 5d -- 35 -- 97  5 -- 11 20 -- -- -- bd fd -- c7 5b bf -- -- 8f -- ff -- ba -- -- 33 6a -- -- -- f9 4d  a -- -- -- 22 -- 40 -- -- -- -- -- -- -- ad -- 2d -- -- -- 59 4f b6 -- a9 -- -- 3f -- f5 c9 -- -- -- 29 -- -- -- a3 -- -- -- -- -- 66 -- d4 -- -- -- -- -- -- -- 25 -- 9a -- 14 5e -- fe -- 79 -- -- 44 -- -- -- 80 -- -- fc -- -- -- -- -- -- -- 7a -- -- -- -- 8d -- -- -- 5a -- -- a1 -- 9f -- -- b2 a2 9e dd bb -- -- -- 85 51 -- a4 -- -- 7e -- -- -- 3d -- 45 -- -- -- -- -- -- 8a 52 c3 -- -- -- -- -- -- 91 f4 -- -- -- -- -- -- -- -- -- -- cc -- -- -- 7f 2f -- -- -- -- -- d7 -- -- -- -- -- -- -- -- 4a -- -- -- e3 e9 -- -- 28 6d bc eb -- 93 2b b3 -- -- f2 -- -- -- -- cd 88 95 -- -- -- -- -- b4 

solutions so far:0 maxDepth:10 
iterations:6956614  skipped: 20 
Depth skipped: 
0 0 20 0 0 0 0 0 0 0 0 0 0 0 0 0 0 0 0 0 0 0 0 0 0 0 0 0 0 0 0 0 

running time: 900 sec
 depth:6
 0  1  2  3  4  5  6  7  8  9  a  b  c  d  e  f 10 11 12 13 14 15 16 17 18 19 1a 1b 1c 1d 1e 1f 20 21 22 23 24 25 26 27 28 29 2a 2b 2c 2d 2e 2f 30 31 32 33 34 35 36 37 38 39 3a 3b 3c 3d 3e 3f 40 41 42 43 44 45 46 47 48 49 4a 4b 4c 4d 4e 4f 50 51 52 53 54 55 56 57 58 59 5a 5b 5c 5d 5e 5f 60 61 62 63 64 65 66 67 68 69 6a 6b 6c 6d 6e 6f 70 71 72 73 74 75 76 77 78 79 7a 7b 7c 7d 7e 7f 80 81 82 83 84 85 86 87 88 89 8a 8b 8c 8d 8e 8f 90 91 92 93 94 95 96 97 98 99 9a 9b 9c 9d 9e 9f a0 a1 a2 a3 a4 a5 a6 a7 a8 a9 aa ab ac ad ae af b0 b1 b2 b3 b4 b5 b6 b7 b8 b9 ba bb bc bd be bf c0 c1 c2 c3 c4 c5 c6 c7 c8 c9 ca cb cc cd ce cf d0 d1 d2 d3 d4 d5 d6 d7 d8 d9 da db dc dd de df e0 e1 e2 e3 e4 e5 e6 e7 e8 e9 ea eb ec ed ee ef f0 f1 f2 f3 f4 f5 f6 f7 f8 f9 fa fb fc fd fe ff 
 0  1  2 af  4 cf 89 9d  8 4b 49 5b c5 a9 ed -- 10 -- 96 -- 92 -- b6 d0 5d -- 85 --  d b0 -- 73 20 -- -- -- fb be -- 6c f3 7d -- -- bb -- 77 -- ba -- -- 33 dd -- -- -- 1a df b7 -- -- -- e6 -- 40 -- -- -- -- -- -- -- 21 -- ab -- -- -- d8 4f 31 -- fa -- -- 3f -- f5 a1 -- -- -- ee -- -- -- a3 -- -- -- -- -- 66 -- 6d -- -- -- -- -- -- -- 34 -- 69 -- b9 5e -- 63 -- 79 -- -- 1b -- -- -- 80 -- -- fc -- -- -- -- -- -- -- 7a -- -- -- -- 42 -- -- -- 81 -- -- c4 -- 2c -- -- 67 b4 9e 46 62 -- -- -- 23 5a -- 16 -- -- 7e -- -- -- 3d -- 95 -- -- -- -- -- -- fd  b 2d -- -- -- -- -- -- 91 f4 -- -- -- -- -- -- -- -- -- -- cc -- -- -- da 2f -- -- -- -- -- d7 -- -- -- -- -- -- -- -- 68 -- -- -- d2 58 -- -- a5 8c bc eb -- bf c6 ce -- -- f2 -- -- -- -- 84 36 5f -- -- -- -- -- d5 

solutions so far:0 maxDepth:10 
iterations:8963688  skipped: 26 
Depth skipped: 
0 0 26 0 0 0 0 0 0 0 0 0 0 0 0 0 0 0 0 0 0 0 0 0 0 0 0 0 0 0 0 0 

running time: 1200 sec
 depth:7
 0  1  2  3  4  5  6  7  8  9  a  b  c  d  e  f 10 11 12 13 14 15 16 17 18 19 1a 1b 1c 1d 1e 1f 20 21 22 23 24 25 26 27 28 29 2a 2b 2c 2d 2e 2f 30 31 32 33 34 35 36 37 38 39 3a 3b 3c 3d 3e 3f 40 41 42 43 44 45 46 47 48 49 4a 4b 4c 4d 4e 4f 50 51 52 53 54 55 56 57 58 59 5a 5b 5c 5d 5e 5f 60 61 62 63 64 65 66 67 68 69 6a 6b 6c 6d 6e 6f 70 71 72 73 74 75 76 77 78 79 7a 7b 7c 7d 7e 7f 80 81 82 83 84 85 86 87 88 89 8a 8b 8c 8d 8e 8f 90 91 92 93 94 95 96 97 98 99 9a 9b 9c 9d 9e 9f a0 a1 a2 a3 a4 a5 a6 a7 a8 a9 aa ab ac ad ae af b0 b1 b2 b3 b4 b5 b6 b7 b8 b9 ba bb bc bd be bf c0 c1 c2 c3 c4 c5 c6 c7 c8 c9 ca cb cc cd ce cf d0 d1 d2 d3 d4 d5 d6 d7 d8 d9 da db dc dd de df e0 e1 e2 e3 e4 e5 e6 e7 e8 e9 ea eb ec ed ee ef f0 f1 f2 f3 f4 f5 f6 f7 f8 f9 fa fb fc fd fe ff 
 0  1  2 af  4 c7 89 ee  8 19 59 d8 c5 69  b 55 10 -- 32 -- b2 -- 67 b7 5d -- d2 -- 16 34 aa d3 20 -- -- -- 64 8d -- 26 b3 e3 -- -- ce -- b9 -- ba -- -- 33 73 -- -- ea 2c cb 68 ae 83 -- 71 -- 40 -- -- -- -- -- -- -- c8 -- cd -- -- -- 4c 4f b1 -- 11 -- -- 3f -- f5 4b -- -- -- a5 -- -- -- a3 -- -- -- -- -- 66 -- e6 -- -- 30 -- --  3  c 58 -- 41 -- d0 5e 8b 36 d1 79 -- c0 e2 -- -- -- 80 -- -- fc -- -- -- -- -- -- -- 7a -- -- -- -- 47 -- -- -- 4d -- -- bd --  d -- -- 98 84 9e 44 b5 -- -- -- 22 42 -- ed -- -- 7e -- -- -- 3d -- 96 -- -- -- -- -- -- fb 9d 21 -- -- -- -- -- -- 91 f4 -- -- -- -- -- -- -- -- -- -- cc -- -- -- 1b 2f -- -- -- -- 60 d7 -- -- -- --  6 -- 18 -- b0 -- -- -- 82 1a -- -- 77 88 bc eb c1 df 6c e7 75 -- f2 -- -- -- 57 8e 13 ad -- -- -- -- -- 9a 

solutions so far:0 maxDepth:10 
iterations:10889759  skipped: 30 
Depth skipped: 
0 0 30 0 0 0 0 0 0 0 0 0 0 0 0 0 0 0 0 0 0 0 0 0 0 0 0 0 0 0 0 0 

running time: 1500 sec
 depth:6
 0  1  2  3  4  5  6  7  8  9  a  b  c  d  e  f 10 11 12 13 14 15 16 17 18 19 1a 1b 1c 1d 1e 1f 20 21 22 23 24 25 26 27 28 29 2a 2b 2c 2d 2e 2f 30 31 32 33 34 35 36 37 38 39 3a 3b 3c 3d 3e 3f 40 41 42 43 44 45 46 47 48 49 4a 4b 4c 4d 4e 4f 50 51 52 53 54 55 56 57 58 59 5a 5b 5c 5d 5e 5f 60 61 62 63 64 65 66 67 68 69 6a 6b 6c 6d 6e 6f 70 71 72 73 74 75 76 77 78 79 7a 7b 7c 7d 7e 7f 80 81 82 83 84 85 86 87 88 89 8a 8b 8c 8d 8e 8f 90 91 92 93 94 95 96 97 98 99 9a 9b 9c 9d 9e 9f a0 a1 a2 a3 a4 a5 a6 a7 a8 a9 aa ab ac ad ae af b0 b1 b2 b3 b4 b5 b6 b7 b8 b9 ba bb bc bd be bf c0 c1 c2 c3 c4 c5 c6 c7 c8 c9 ca cb cc cd ce cf d0 d1 d2 d3 d4 d5 d6 d7 d8 d9 da db dc dd de df e0 e1 e2 e3 e4 e5 e6 e7 e8 e9 ea eb ec ed ee ef f0 f1 f2 f3 f4 f5 f6 f7 f8 f9 fa fb fc fd fe ff 
 0  1  2 af  4 b4 89 4d  8 72 bf 71 c5 c8 9a -- 10 -- e4 -- a9 -- e2 88 5d -- 47 -- e3 bd -- ef 20 -- -- -- 1f c6 -- 48 85 a1 -- -- 13 -- c7 -- ba -- -- 33 8e -- -- -- 11 27 ad -- -- --  9 -- 40 -- -- -- -- -- -- -- 3e -- 5b -- -- -- 90 4f dd -- 95 -- -- 3f -- f5 26 -- -- -- 59 -- -- -- a3 -- -- -- -- -- 66 -- cb -- -- -- -- -- -- -- 22 -- 4e -- 8d 5e -- 82 -- 79 -- -- 12 -- -- -- 80 -- -- fc -- -- -- -- -- -- -- 7a -- -- -- -- 7c -- -- -- b6 -- -- da -- b1 -- -- f7 32 9e 2d 6d -- -- -- fd 19 -- b3 -- -- 7e -- -- -- 3d -- 4c -- -- -- -- -- -- 98 b2 e7 -- -- -- -- -- -- 91 f4 -- -- -- -- -- -- -- -- -- -- cc -- -- -- 41 2f -- -- -- -- -- d7 -- -- -- -- -- -- -- -- 44 -- -- -- 9c b5 -- -- cd 5a bc eb -- 64 d3 39 -- -- f2 -- -- -- -- f8 24 63 -- -- -- -- -- bb 

solutions so far:0 maxDepth:10 
iterations:13500524  skipped: 41 
Depth skipped: 
0 0 41 0 0 0 0 0 0 0 0 0 0 0 0 0 0 0 0 0 0 0 0 0 0 0 0 0 0 0 0 0 

running time: 1800 sec
 depth:7
 0  1  2  3  4  5  6  7  8  9  a  b  c  d  e  f 10 11 12 13 14 15 16 17 18 19 1a 1b 1c 1d 1e 1f 20 21 22 23 24 25 26 27 28 29 2a 2b 2c 2d 2e 2f 30 31 32 33 34 35 36 37 38 39 3a 3b 3c 3d 3e 3f 40 41 42 43 44 45 46 47 48 49 4a 4b 4c 4d 4e 4f 50 51 52 53 54 55 56 57 58 59 5a 5b 5c 5d 5e 5f 60 61 62 63 64 65 66 67 68 69 6a 6b 6c 6d 6e 6f 70 71 72 73 74 75 76 77 78 79 7a 7b 7c 7d 7e 7f 80 81 82 83 84 85 86 87 88 89 8a 8b 8c 8d 8e 8f 90 91 92 93 94 95 96 97 98 99 9a 9b 9c 9d 9e 9f a0 a1 a2 a3 a4 a5 a6 a7 a8 a9 aa ab ac ad ae af b0 b1 b2 b3 b4 b5 b6 b7 b8 b9 ba bb bc bd be bf c0 c1 c2 c3 c4 c5 c6 c7 c8 c9 ca cb cc cd ce cf d0 d1 d2 d3 d4 d5 d6 d7 d8 d9 da db dc dd de df e0 e1 e2 e3 e4 e5 e6 e7 e8 e9 ea eb ec ed ee ef f0 f1 f2 f3 f4 f5 f6 f7 f8 f9 fa fb fc fd fe ff 
 0  1  2 af  4 a5 89 83  8 95 9d 59 c5 9a d1 ac 10 -- fd -- ed -- b2  c 5d -- e3 -- 75 8b 8f 6d 20 -- -- -- 2d 77 -- 5b  d 2c -- -- b3 -- 18 -- ba -- -- 33 11 -- -- c3 ea a9 c1 fe c9 -- da -- 40 -- -- -- -- -- -- -- 5a -- ee -- -- -- b6 4f 1a -- 58 -- -- 3f -- f5 b1 -- -- -- 30 -- -- -- a3 -- -- -- -- -- 66 -- 22 -- -- 35 -- -- 51 93  3 -- 85 -- 55 5e 2b 88 45 79 -- d4 63 -- -- -- 80 -- -- fc -- -- -- -- -- -- -- 7a -- -- -- -- b4 -- -- --  b -- -- 68 -- 57 -- -- bb cd 9e b7 34 -- -- -- b0 8d -- c0 -- -- 7e -- -- -- 3d -- b5 -- -- -- -- -- -- bd 60 ad -- -- -- -- -- -- 91 f4 -- -- -- -- -- -- -- -- -- -- cc -- -- -- 44 2f -- -- -- -- 6a d7 -- -- -- -- a2 -- f1 --  6 -- -- -- dd ae -- -- aa b9 bc eb 56 4d c7 a1 8a -- f2 -- -- -- 7f bf c6 d0 -- -- -- -- -- 16 

solutions so far:0 maxDepth:10 
iterations:16199296  skipped: 49 
Depth skipped: 
0 0 49 0 0 0 0 0 0 0 0 0 0 0 0 0 0 0 0 0 0 0 0 0 0 0 0 0 0 0 0 0 

running time: 2100 sec
 depth:6
 0  1  2  3  4  5  6  7  8  9  a  b  c  d  e  f 10 11 12 13 14 15 16 17 18 19 1a 1b 1c 1d 1e 1f 20 21 22 23 24 25 26 27 28 29 2a 2b 2c 2d 2e 2f 30 31 32 33 34 35 36 37 38 39 3a 3b 3c 3d 3e 3f 40 41 42 43 44 45 46 47 48 49 4a 4b 4c 4d 4e 4f 50 51 52 53 54 55 56 57 58 59 5a 5b 5c 5d 5e 5f 60 61 62 63 64 65 66 67 68 69 6a 6b 6c 6d 6e 6f 70 71 72 73 74 75 76 77 78 79 7a 7b 7c 7d 7e 7f 80 81 82 83 84 85 86 87 88 89 8a 8b 8c 8d 8e 8f 90 91 92 93 94 95 96 97 98 99 9a 9b 9c 9d 9e 9f a0 a1 a2 a3 a4 a5 a6 a7 a8 a9 aa ab ac ad ae af b0 b1 b2 b3 b4 b5 b6 b7 b8 b9 ba bb bc bd be bf c0 c1 c2 c3 c4 c5 c6 c7 c8 c9 ca cb cc cd ce cf d0 d1 d2 d3 d4 d5 d6 d7 d8 d9 da db dc dd de df e0 e1 e2 e3 e4 e5 e6 e7 e8 e9 ea eb ec ed ee ef f0 f1 f2 f3 f4 f5 f6 f7 f8 f9 fa fb fc fd fe ff 
 0  1  2 af  4 9a 89 a7  8 b4 e3 71 c5 c8 99 -- 10 -- bf -- 11 -- e2 e8 5d -- 47 -- e5 17 -- 5b 20 -- -- -- a9 b2 -- 95 22 bd -- -- 13 --  7 -- ba -- -- 33 8e -- -- -- 1d da 2e -- -- -- b6 -- 40 -- -- -- -- -- -- -- 85 -- b3 -- -- -- fd 4f 44 -- ad -- -- 3f -- f5 26 -- -- --  e -- -- -- a3 -- -- -- -- -- 66 -- cb -- -- -- -- -- -- -- 3a -- 63 -- 5c 5e -- 82 -- 79 -- -- bb -- -- -- 80 -- -- fc -- -- -- -- -- -- -- 7a -- -- -- -- dd -- -- -- b1 -- -- c7 -- 70 -- -- 2d 32 9e cd 88 -- -- -- 8d 19 -- 38 -- -- 7e -- -- -- 3d -- 4c -- -- -- -- -- -- 98 1c e7 -- -- -- -- -- -- 91 f4 -- -- -- -- -- -- -- -- -- -- cc -- -- -- 41 2f -- -- -- -- -- d7 -- -- -- -- -- -- -- -- 74 -- -- -- c6 e0 -- -- b8 4d bc eb -- 64 d3 5a -- -- f2 -- -- -- -- 6d a1 59 -- -- -- -- -- b5 

solutions so far:0 maxDepth:10 
iterations:18192081  skipped: 54 
Depth skipped: 
0 0 54 0 0 0 0 0 0 0 0 0 0 0 0 0 0 0 0 0 0 0 0 0 0 0 0 0 0 0 0 0 

running time: 2400 sec
 depth:7
 0  1  2  3  4  5  6  7  8  9  a  b  c  d  e  f 10 11 12 13 14 15 16 17 18 19 1a 1b 1c 1d 1e 1f 20 21 22 23 24 25 26 27 28 29 2a 2b 2c 2d 2e 2f 30 31 32 33 34 35 36 37 38 39 3a 3b 3c 3d 3e 3f 40 41 42 43 44 45 46 47 48 49 4a 4b 4c 4d 4e 4f 50 51 52 53 54 55 56 57 58 59 5a 5b 5c 5d 5e 5f 60 61 62 63 64 65 66 67 68 69 6a 6b 6c 6d 6e 6f 70 71 72 73 74 75 76 77 78 79 7a 7b 7c 7d 7e 7f 80 81 82 83 84 85 86 87 88 89 8a 8b 8c 8d 8e 8f 90 91 92 93 94 95 96 97 98 99 9a 9b 9c 9d 9e 9f a0 a1 a2 a3 a4 a5 a6 a7 a8 a9 aa ab ac ad ae af b0 b1 b2 b3 b4 b5 b6 b7 b8 b9 ba bb bc bd be bf c0 c1 c2 c3 c4 c5 c6 c7 c8 c9 ca cb cc cd ce cf d0 d1 d2 d3 d4 d5 d6 d7 d8 d9 da db dc dd de df e0 e1 e2 e3 e4 e5 e6 e7 e8 e9 ea eb ec ed ee ef f0 f1 f2 f3 f4 f5 f6 f7 f8 f9 fa fb fc fd fe ff 
 0  1  2 af  4 8f 89 31  8 65 c9 2d c5 c6 62 74 10 -- ca -- 45 -- 5a 81 5d -- 5b -- c4 cf e8 9b 20 -- -- -- 43 f1 -- 54 8a 7f -- -- b4 -- d5 -- ba -- -- 33 b6 -- -- 38 5f c2 49 e5  7 -- e1 -- 40 -- -- -- -- -- -- -- 86 -- 35 -- -- -- a8 4f c3 -- fe -- -- 3f -- f5 bf -- -- -- 7d -- -- -- a3 -- -- -- -- -- 66 -- bb -- -- 5c -- -- 70 17 be -- 53 -- 92 5e 1d 95  e 79 -- a7 15 -- -- -- 80 -- -- fc -- -- -- -- -- -- -- 7a -- -- -- -- db -- -- -- 6a -- -- a2 -- 46 -- -- 87 da 9e 56 51 -- -- -- 2b 6d -- 23 -- -- 7e -- -- -- 3d -- a9 -- -- -- -- -- -- 85 fa dd -- -- -- -- -- -- 91 f4 -- -- -- -- -- -- -- -- -- -- cc -- -- -- a1 2f -- -- -- -- b8 d7 -- -- -- -- e0 -- 2e -- ab -- -- -- a6 8c -- -- f3 ac bc eb 3a 63 fd d9 1c -- f2 -- -- -- 99 61 2a 93 -- -- -- -- -- d4 

solutions so far:0 maxDepth:10 
iterations:20670071  skipped: 60 
Depth skipped: 
0 0 60 0 0 0 0 0 0 0 0 0 0 0 0 0 0 0 0 0 0 0 0 0 0 0 0 0 0 0 0 0 

running time: 2700 sec
 depth:8
 0  1  2  3  4  5  6  7  8  9  a  b  c  d  e  f 10 11 12 13 14 15 16 17 18 19 1a 1b 1c 1d 1e 1f 20 21 22 23 24 25 26 27 28 29 2a 2b 2c 2d 2e 2f 30 31 32 33 34 35 36 37 38 39 3a 3b 3c 3d 3e 3f 40 41 42 43 44 45 46 47 48 49 4a 4b 4c 4d 4e 4f 50 51 52 53 54 55 56 57 58 59 5a 5b 5c 5d 5e 5f 60 61 62 63 64 65 66 67 68 69 6a 6b 6c 6d 6e 6f 70 71 72 73 74 75 76 77 78 79 7a 7b 7c 7d 7e 7f 80 81 82 83 84 85 86 87 88 89 8a 8b 8c 8d 8e 8f 90 91 92 93 94 95 96 97 98 99 9a 9b 9c 9d 9e 9f a0 a1 a2 a3 a4 a5 a6 a7 a8 a9 aa ab ac ad ae af b0 b1 b2 b3 b4 b5 b6 b7 b8 b9 ba bb bc bd be bf c0 c1 c2 c3 c4 c5 c6 c7 c8 c9 ca cb cc cd ce cf d0 d1 d2 d3 d4 d5 d6 d7 d8 d9 da db dc dd de df e0 e1 e2 e3 e4 e5 e6 e7 e8 e9 ea eb ec ed ee ef f0 f1 f2 f3 f4 f5 f6 f7 f8 f9 fa fb fc fd fe ff 
 0  1  2 af  4 83 89 e4  8 d3 d1 b7 c5 77 1f c3 10  7 71 -- 75 -- b9 4e 5d -- ee -- 3e 90 51 32 20 --  e -- e2 30 -- 8e ea ae -- -- a5 -- 9c -- ba -- -- 33  b -- -- 35 7c 98 f7 c9 a2 -- 64 -- 40 -- -- -- 1c -- -- -- 13 -- 60 -- -- 3a cb 4f  3 -- 8b -- -- 3f -- f5 9d e0 -- -- ef -- -- -- a3 -- -- -- -- -- 66 -- 16 -- -- 2b -- -- 6a 7f f8 -- e7 -- 39 5e 45 58 93 79 -- ac c8 -- -- -- 80 -- -- fc -- -- -- -- 38 -- -- 7a -- e5 -- -- 26 -- -- -- c0 -- --  c -- 24 74 -- 41 68 9e 55  6 -- -- -- c1 34 -- 12 -- -- 7e -- -- 99 3d -- ed 5c 17 2e -- b8 --  d  9 1a -- -- -- a7 -- -- 91 f4 -- -- -- -- -- 70 -- -- -- -- cc 1d -- -- 2c 2f -- -- -- -- 56 d7 -- -- -- -- d4 -- fe -- 27 -- -- e8 19 48 -- -- 72 aa bc eb 8a d0 b0 82 f1 -- f2 -- -- -- 8f 4c 47 18 -- -- -- -- -- 57 

solutions so far:0 maxDepth:10 
iterations:22986213  skipped: 65 
Depth skipped: 
0 0 65 0 0 0 0 0 0 0 0 0 0 0 0 0 0 0 0 0 0 0 0 0 0 0 0 0 0 0 0 0 

running time: 3000 sec
 depth:7
 0  1  2  3  4  5  6  7  8  9  a  b  c  d  e  f 10 11 12 13 14 15 16 17 18 19 1a 1b 1c 1d 1e 1f 20 21 22 23 24 25 26 27 28 29 2a 2b 2c 2d 2e 2f 30 31 32 33 34 35 36 37 38 39 3a 3b 3c 3d 3e 3f 40 41 42 43 44 45 46 47 48 49 4a 4b 4c 4d 4e 4f 50 51 52 53 54 55 56 57 58 59 5a 5b 5c 5d 5e 5f 60 61 62 63 64 65 66 67 68 69 6a 6b 6c 6d 6e 6f 70 71 72 73 74 75 76 77 78 79 7a 7b 7c 7d 7e 7f 80 81 82 83 84 85 86 87 88 89 8a 8b 8c 8d 8e 8f 90 91 92 93 94 95 96 97 98 99 9a 9b 9c 9d 9e 9f a0 a1 a2 a3 a4 a5 a6 a7 a8 a9 aa ab ac ad ae af b0 b1 b2 b3 b4 b5 b6 b7 b8 b9 ba bb bc bd be bf c0 c1 c2 c3 c4 c5 c6 c7 c8 c9 ca cb cc cd ce cf d0 d1 d2 d3 d4 d5 d6 d7 d8 d9 da db dc dd de df e0 e1 e2 e3 e4 e5 e6 e7 e8 e9 ea eb ec ed ee ef f0 f1 f2 f3 f4 f5 f6 f7 f8 f9 fa fb fc fd fe ff 
 0  1  2 af  4 71 89 ea  8 ff e2  7 c5 a7  3 d5 10 -- 29 -- 13 --  e 60 5d -- 99 --  6 aa 7d 28 20 -- -- -- 52 32 -- f9 26 8e -- -- 1c -- c0 -- ba -- -- 33 e5 -- -- 8c  c  5 83 be fa -- 50 -- 40 -- -- -- -- -- -- -- a4 -- 64 -- -- -- 25 4f 4c -- cb -- -- 3f -- f5 38 -- -- -- 57 -- -- -- a3 -- -- -- -- -- 66 -- 1d -- -- 31 -- -- cf 92 18 --  a -- d1 5e ab 74 23 79 -- c4 a0 -- -- -- 80 -- -- fc -- -- -- -- -- -- -- 7a -- -- -- -- 9f -- -- -- c8 -- -- e7 -- c1 -- -- 4a 5c 9e 82 98 -- -- -- 41 2e -- 8b -- -- 7e -- -- -- 3d -- 70 -- -- -- -- -- -- e0 ae 17 -- -- -- -- -- -- 91 f4 -- -- -- -- -- -- -- -- -- -- cc -- -- -- 3a 2f -- -- -- -- 62 d7 -- -- -- -- 49 -- f3 -- 30 -- -- -- 14 55 -- -- 75 d3 bc eb 81 b8 e8 94 46 -- f2 -- -- -- 5f e9 97 19 -- -- -- -- -- 47 

solutions so far:0 maxDepth:10 
iterations:25476145  skipped: 75 
Depth skipped: 
0 0 75 0 0 0 0 0 0 0 0 0 0 0 0 0 0 0 0 0 0 0 0 0 0 0 0 0 0 0 0 0 

running time: 3300 sec
 depth:7
 0  1  2  3  4  5  6  7  8  9  a  b  c  d  e  f 10 11 12 13 14 15 16 17 18 19 1a 1b 1c 1d 1e 1f 20 21 22 23 24 25 26 27 28 29 2a 2b 2c 2d 2e 2f 30 31 32 33 34 35 36 37 38 39 3a 3b 3c 3d 3e 3f 40 41 42 43 44 45 46 47 48 49 4a 4b 4c 4d 4e 4f 50 51 52 53 54 55 56 57 58 59 5a 5b 5c 5d 5e 5f 60 61 62 63 64 65 66 67 68 69 6a 6b 6c 6d 6e 6f 70 71 72 73 74 75 76 77 78 79 7a 7b 7c 7d 7e 7f 80 81 82 83 84 85 86 87 88 89 8a 8b 8c 8d 8e 8f 90 91 92 93 94 95 96 97 98 99 9a 9b 9c 9d 9e 9f a0 a1 a2 a3 a4 a5 a6 a7 a8 a9 aa ab ac ad ae af b0 b1 b2 b3 b4 b5 b6 b7 b8 b9 ba bb bc bd be bf c0 c1 c2 c3 c4 c5 c6 c7 c8 c9 ca cb cc cd ce cf d0 d1 d2 d3 d4 d5 d6 d7 d8 d9 da db dc dd de df e0 e1 e2 e3 e4 e5 e6 e7 e8 e9 ea eb ec ed ee ef f0 f1 f2 f3 f4 f5 f6 f7 f8 f9 fa fb fc fd fe ff 
 0  1  2 af  4 64 89 96  8 30 c8 39 c5 ef fb 6f 10 -- 60 -- 47 -- 72 69 5d --  9 -- 21 d8 de 83 20 -- -- -- c0 71 --  3 8e 4c -- -- e4 -- d2 -- ba -- -- 33 12 -- -- f6 42 c1 67 37 6b -- d1 -- 40 -- -- -- -- -- -- -- 57 -- e2 -- -- --  6 4f cb -- 98 -- -- 3f -- f5 1f -- -- -- 73 -- -- -- a3 -- -- -- -- -- 66 -- 24 -- -- 1e -- -- 3b ec 84 -- 55 -- ce 5e 6e 90 d6 79 -- 78 75 -- -- -- 80 -- -- fc -- -- -- -- -- -- -- 7a -- -- -- -- ae -- -- -- 13 -- -- 82 -- 36 -- --  c 4e 9e 19 41 -- -- -- e7 27 -- 1b -- -- 7e -- -- -- 3d -- 3e -- -- -- -- -- -- 7c e6 f8 -- -- -- -- -- -- 91 f4 -- -- -- -- -- -- -- -- -- -- cc -- -- -- 48 2f -- -- -- -- 3c d7 -- -- -- -- 76 --  f -- df -- -- -- aa 6c -- -- 4b 32 bc eb dc 9c f7 18 7b -- f2 -- -- -- f0 8b ea d3 -- -- -- -- -- 26 

solutions so far:0 maxDepth:10 
iterations:28289413  skipped: 80 
Depth skipped: 
0 0 80 0 0 0 0 0 0 0 0 0 0 0 0 0 0 0 0 0 0 0 0 0 0 0 0 0 0 0 0 0 

running time: 3600 sec
 depth:7
 0  1  2  3  4  5  6  7  8  9  a  b  c  d  e  f 10 11 12 13 14 15 16 17 18 19 1a 1b 1c 1d 1e 1f 20 21 22 23 24 25 26 27 28 29 2a 2b 2c 2d 2e 2f 30 31 32 33 34 35 36 37 38 39 3a 3b 3c 3d 3e 3f 40 41 42 43 44 45 46 47 48 49 4a 4b 4c 4d 4e 4f 50 51 52 53 54 55 56 57 58 59 5a 5b 5c 5d 5e 5f 60 61 62 63 64 65 66 67 68 69 6a 6b 6c 6d 6e 6f 70 71 72 73 74 75 76 77 78 79 7a 7b 7c 7d 7e 7f 80 81 82 83 84 85 86 87 88 89 8a 8b 8c 8d 8e 8f 90 91 92 93 94 95 96 97 98 99 9a 9b 9c 9d 9e 9f a0 a1 a2 a3 a4 a5 a6 a7 a8 a9 aa ab ac ad ae af b0 b1 b2 b3 b4 b5 b6 b7 b8 b9 ba bb bc bd be bf c0 c1 c2 c3 c4 c5 c6 c7 c8 c9 ca cb cc cd ce cf d0 d1 d2 d3 d4 d5 d6 d7 d8 d9 da db dc dd de df e0 e1 e2 e3 e4 e5 e6 e7 e8 e9 ea eb ec ed ee ef f0 f1 f2 f3 f4 f5 f6 f7 f8 f9 fa fb fc fd fe ff 
 0  1  2 af  4 52 89 69  8 a9 a4 db c5 a8 d2 59 10 -- 85 -- 9f -- 61 6c 5d -- 87 -- 73 21 b2 bb 20 -- -- -- dd 50 -- 2d e9 25 -- -- c2 -- d8 -- ba -- -- 33 d9 -- -- bd e6 c6 42 44 b3 -- a1 -- 40 -- -- -- -- -- -- -- 6d -- a0 -- -- -- 5a 4f  5 -- 4a -- -- 3f -- f5 53 -- -- -- 67 -- -- -- a3 -- -- -- -- -- 66 -- 65 -- -- 9a -- -- ad cd 1b -- 5b -- 84 5e 88 43 b1 79 -- 11 95 -- -- -- 80 -- -- fc -- -- -- -- -- -- -- 7a -- -- -- -- da -- -- -- 97 -- -- 14 -- 96 -- -- b4 2a 9e ff  a -- -- -- 94 15 -- 4b -- -- 7e -- -- -- 3d -- a6 -- -- -- -- -- -- 9b ce e1 -- -- -- -- -- -- 91 f4 -- -- -- -- -- -- -- -- -- -- cc -- -- -- ca 2f -- -- -- -- e3 d7 -- -- -- -- 8d -- 4d -- 36 -- -- -- b6 fb -- -- df 29 bc eb c7 54 86 bf b5 -- f2 -- -- -- 22 63 fd 28 -- -- -- -- -- f9 

solutions so far:0 maxDepth:10 
iterations:30386254  skipped: 89 
Depth skipped: 
0 0 89 0 0 0 0 0 0 0 0 0 0 0 0 0 0 0 0 0 0 0 0 0 0 0 0 0 0 0 0 0 

running time: 3900 sec
 depth:7
 0  1  2  3  4  5  6  7  8  9  a  b  c  d  e  f 10 11 12 13 14 15 16 17 18 19 1a 1b 1c 1d 1e 1f 20 21 22 23 24 25 26 27 28 29 2a 2b 2c 2d 2e 2f 30 31 32 33 34 35 36 37 38 39 3a 3b 3c 3d 3e 3f 40 41 42 43 44 45 46 47 48 49 4a 4b 4c 4d 4e 4f 50 51 52 53 54 55 56 57 58 59 5a 5b 5c 5d 5e 5f 60 61 62 63 64 65 66 67 68 69 6a 6b 6c 6d 6e 6f 70 71 72 73 74 75 76 77 78 79 7a 7b 7c 7d 7e 7f 80 81 82 83 84 85 86 87 88 89 8a 8b 8c 8d 8e 8f 90 91 92 93 94 95 96 97 98 99 9a 9b 9c 9d 9e 9f a0 a1 a2 a3 a4 a5 a6 a7 a8 a9 aa ab ac ad ae af b0 b1 b2 b3 b4 b5 b6 b7 b8 b9 ba bb bc bd be bf c0 c1 c2 c3 c4 c5 c6 c7 c8 c9 ca cb cc cd ce cf d0 d1 d2 d3 d4 d5 d6 d7 d8 d9 da db dc dd de df e0 e1 e2 e3 e4 e5 e6 e7 e8 e9 ea eb ec ed ee ef f0 f1 f2 f3 f4 f5 f6 f7 f8 f9 fa fb fc fd fe ff 
 0  1  2 af  4 46 89 36  8 98 8c 27 c5 39 6c  e 10 -- e7 -- cf -- 4e 96 5d -- 72 -- d8 d2 1c 41 20 -- -- -- 19 c4 -- e2 49 81 -- -- 9c -- fb -- ba -- -- 33 e4 -- -- 17 67 47 73 74 38 -- 82 -- 40 -- -- -- -- -- -- -- 32 -- 5f -- -- -- 13 4f 92 -- d5 -- -- 3f -- f5 ef -- -- -- 21 -- -- -- a3 -- -- -- -- -- 66 -- 1f -- -- 99 -- -- 2e b8 ce -- 8e -- e6 5e e8 7c 70 79 -- 1d d3 -- -- -- 80 -- -- fc -- -- -- -- -- -- -- 7a -- -- -- -- 64 -- -- -- be -- -- 31 -- df -- -- 26 90 9e fa f3 -- -- -- 7d 48 -- 84 -- -- 7e -- -- -- 3d --  9 -- -- -- -- -- -- 12 42 24 -- -- -- -- -- -- 91 f4 -- -- -- -- -- -- -- -- -- -- cc -- -- -- 3e 2f -- -- -- -- e5 d7 -- -- -- -- 5c -- a7 -- 4b -- -- -- cb 69 -- -- 1b 23 bc eb  7 f7 f8 4c e0 -- f2 -- -- -- 3a c8 71 62 -- -- -- -- -- ab 

solutions so far:0 maxDepth:10 
iterations:32601022  skipped: 95 
Depth skipped: 
0 0 95 0 0 0 0 0 0 0 0 0 0 0 0 0 0 0 0 0 0 0 0 0 0 0 0 0 0 0 0 0 

running time: 4200 sec
 depth:7
 0  1  2  3  4  5  6  7  8  9  a  b  c  d  e  f 10 11 12 13 14 15 16 17 18 19 1a 1b 1c 1d 1e 1f 20 21 22 23 24 25 26 27 28 29 2a 2b 2c 2d 2e 2f 30 31 32 33 34 35 36 37 38 39 3a 3b 3c 3d 3e 3f 40 41 42 43 44 45 46 47 48 49 4a 4b 4c 4d 4e 4f 50 51 52 53 54 55 56 57 58 59 5a 5b 5c 5d 5e 5f 60 61 62 63 64 65 66 67 68 69 6a 6b 6c 6d 6e 6f 70 71 72 73 74 75 76 77 78 79 7a 7b 7c 7d 7e 7f 80 81 82 83 84 85 86 87 88 89 8a 8b 8c 8d 8e 8f 90 91 92 93 94 95 96 97 98 99 9a 9b 9c 9d 9e 9f a0 a1 a2 a3 a4 a5 a6 a7 a8 a9 aa ab ac ad ae af b0 b1 b2 b3 b4 b5 b6 b7 b8 b9 ba bb bc bd be bf c0 c1 c2 c3 c4 c5 c6 c7 c8 c9 ca cb cc cd ce cf d0 d1 d2 d3 d4 d5 d6 d7 d8 d9 da db dc dd de df e0 e1 e2 e3 e4 e5 e6 e7 e8 e9 ea eb ec ed ee ef f0 f1 f2 f3 f4 f5 f6 f7 f8 f9 fa fb fc fd fe ff 
 0  1  2 af  4 38 89 12  8  5 70 b6 c5 85 24 b7 10 --  a -- e0 -- bb 72 5d -- dd -- 48 4e b9 4a 20 -- -- -- 14 99 -- 52 17 74 -- -- a1 -- e4 -- ba -- -- 33 6d -- --  d 90 97 9c 2c a5 -- 94 -- 40 -- -- -- -- -- -- -- 28 -- e5 -- -- -- a4 4f 2e -- e8 -- -- 3f -- f5 95 -- -- -- 1f -- -- -- a3 -- -- -- -- -- 66 -- da -- -- 77 -- -- 1a 68 f7 -- f9 -- ef 5e 58 c6 9d 79 --  b ff -- -- -- 80 -- -- fc -- -- -- -- -- -- -- 7a -- -- -- -- 50 -- -- -- 1d -- -- b8 -- f8 -- -- 9f bf 9e  e 5c -- -- --  7 b4 -- 7c -- -- 7e -- -- -- 3d -- fd -- -- -- -- -- -- 2d 3e 5a -- -- -- -- -- -- 91 f4 -- -- -- -- -- -- -- -- -- -- cc -- -- -- 63 2f -- -- -- -- ee d7 -- -- -- -- 34 -- d0 -- 39 -- -- -- 25 27 -- --  9 1c bc eb b0 a9 5b e9 ed -- f2 -- -- -- 16 a0 29 a7 -- -- -- -- -- 3a 

solutions so far:0 maxDepth:10 
iterations:34777955  skipped: 101 
Depth skipped: 
0 0 101 0 0 0 0 0 0 0 0 0 0 0 0 0 0 0 0 0 0 0 0 0 0 0 0 0 0 0 0 0 

running time: 4500 sec
 depth:7
 0  1  2  3  4  5  6  7  8  9  a  b  c  d  e  f 10 11 12 13 14 15 16 17 18 19 1a 1b 1c 1d 1e 1f 20 21 22 23 24 25 26 27 28 29 2a 2b 2c 2d 2e 2f 30 31 32 33 34 35 36 37 38 39 3a 3b 3c 3d 3e 3f 40 41 42 43 44 45 46 47 48 49 4a 4b 4c 4d 4e 4f 50 51 52 53 54 55 56 57 58 59 5a 5b 5c 5d 5e 5f 60 61 62 63 64 65 66 67 68 69 6a 6b 6c 6d 6e 6f 70 71 72 73 74 75 76 77 78 79 7a 7b 7c 7d 7e 7f 80 81 82 83 84 85 86 87 88 89 8a 8b 8c 8d 8e 8f 90 91 92 93 94 95 96 97 98 99 9a 9b 9c 9d 9e 9f a0 a1 a2 a3 a4 a5 a6 a7 a8 a9 aa ab ac ad ae af b0 b1 b2 b3 b4 b5 b6 b7 b8 b9 ba bb bc bd be bf c0 c1 c2 c3 c4 c5 c6 c7 c8 c9 ca cb cc cd ce cf d0 d1 d2 d3 d4 d5 d6 d7 d8 d9 da db dc dd de df e0 e1 e2 e3 e4 e5 e6 e7 e8 e9 ea eb ec ed ee ef f0 f1 f2 f3 f4 f5 f6 f7 f8 f9 fa fb fc fd fe ff 
 0  1  2 af  4 28 89 51  8 e7 50 f3 c5 fa a2 21 10 -- 19 -- a0 -- 31 d4 5d -- 23 -- 93 c9 42 82 20 -- -- -- 32 ff -- 13 97 9f -- -- 62 -- 7f -- ba -- -- 33 46 -- -- d2 f1 8e 45 4b 84 -- d3 -- 40 -- -- -- -- -- -- -- 64 -- 29 -- -- -- 26 4f f9 -- e9 -- -- 3f -- f5 c4 -- -- -- fe -- -- -- a3 -- -- -- -- -- 66 -- 8c -- -- 6c -- -- 73 1b 35 -- cb -- 8a 5e 96 49 df 79 -- 67 71 -- -- -- 80 -- -- fc -- -- -- -- -- -- -- 7a -- -- -- -- c8 -- -- -- 52 -- -- 4a -- ac -- -- 4c d5 9e  a 25 -- -- --  5 81 -- 56 -- -- 7e -- -- -- 3d -- 5f -- -- -- -- -- -- be 2b ab -- -- -- -- -- -- 91 f4 -- -- -- -- -- -- -- -- -- -- cc -- -- -- cf 2f -- -- -- -- d8 d7 -- -- -- -- e6 -- 36 -- 6a -- -- -- 41 8f -- -- c3 14 bc eb fb 7d 92 98 69 -- f2 -- -- -- ce 47 e2 94 -- -- -- -- -- a4 

solutions so far:0 maxDepth:10 
iterations:38206869  skipped: 109 
Depth skipped: 
0 0 109 0 0 0 0 0 0 0 0 0 0 0 0 0 0 0 0 0 0 0 0 0 0 0 0 0 0 0 0 0 

running time: 4800 sec
 depth:7
 0  1  2  3  4  5  6  7  8  9  a  b  c  d  e  f 10 11 12 13 14 15 16 17 18 19 1a 1b 1c 1d 1e 1f 20 21 22 23 24 25 26 27 28 29 2a 2b 2c 2d 2e 2f 30 31 32 33 34 35 36 37 38 39 3a 3b 3c 3d 3e 3f 40 41 42 43 44 45 46 47 48 49 4a 4b 4c 4d 4e 4f 50 51 52 53 54 55 56 57 58 59 5a 5b 5c 5d 5e 5f 60 61 62 63 64 65 66 67 68 69 6a 6b 6c 6d 6e 6f 70 71 72 73 74 75 76 77 78 79 7a 7b 7c 7d 7e 7f 80 81 82 83 84 85 86 87 88 89 8a 8b 8c 8d 8e 8f 90 91 92 93 94 95 96 97 98 99 9a 9b 9c 9d 9e 9f a0 a1 a2 a3 a4 a5 a6 a7 a8 a9 aa ab ac ad ae af b0 b1 b2 b3 b4 b5 b6 b7 b8 b9 ba bb bc bd be bf c0 c1 c2 c3 c4 c5 c6 c7 c8 c9 ca cb cc cd ce cf d0 d1 d2 d3 d4 d5 d6 d7 d8 d9 da db dc dd de df e0 e1 e2 e3 e4 e5 e6 e7 e8 e9 ea eb ec ed ee ef f0 f1 f2 f3 f4 f5 f6 f7 f8 f9 fa fb fc fd fe ff 
 0  1  2 af  4 13 89 8c  8 c3 26 1d c5 17 cf 48 10 -- 51 -- 4c -- 3a 62 5d -- 2e -- 49 7d 90 fe 20 -- -- -- a2 c8 -- 8f 98 41 -- -- 74 -- c4 -- ba -- -- 33 5c -- -- e4 92 6a fa  9 f7 -- 2b -- 40 -- -- -- -- -- -- -- 93 -- 47 -- -- -- c9 4f e7 -- 82 -- -- 3f -- f5 e8 -- -- -- 5f -- -- -- a3 -- -- -- -- -- 66 -- b8 -- -- 27 -- -- 1f 7c f3 -- d4 -- 23 5e 12 99 39 79 -- 9c 56 -- -- -- 80 -- -- fc -- -- -- -- -- -- -- 7a -- -- -- -- f1 -- -- -- 8e -- -- 32 -- 81 -- -- 45 70 9e 71 19 -- -- -- d3 38 -- ab -- -- 7e -- -- -- 3d --  7 -- -- -- -- -- --  e be 1c -- -- -- -- -- -- 91 f4 -- -- -- -- -- -- -- -- -- -- cc -- -- -- a7 2f -- -- -- -- 4e d7 -- -- -- -- 3e -- f8 -- 31 -- -- -- 7f d5 -- -- 46 e2 bc eb 24 e0 e5 8a 72 -- f2 -- -- -- ef 35 ac 64 -- -- -- -- -- cb 

solutions so far:0 maxDepth:10 
iterations:42066162  skipped: 121 
Depth skipped: 
0 0 121 0 0 0 0 0 0 0 0 0 0 0 0 0 0 0 0 0 0 0 0 0 0 0 0 0 0 0 0 0 

running time: 5100 sec

Finished. Total running time: 5296 sec
