Search S-boxes invariant for matrix: 
{0x00,0x02,0x04,0x06,0x08,0x0a,0x0c,0x0e,0x10,0x12,0x14,0x16,0x18,0x1a,0x1c,0x1e,0x20,0x22,0x24,0x26,0x28,0x2a,0x2c,0x2e,0x30,0x32,0x34,0x36,0x38,0x3a,0x3c,0x3e,0x40,0x42,0x44,0x46,0x48,0x4a,0x4c,0x4e,0x50,0x52,0x54,0x56,0x58,0x5a,0x5c,0x5e,0x60,0x62,0x64,0x66,0x68,0x6a,0x6c,0x6e,0x70,0x72,0x74,0x76,0x78,0x7a,0x7c,0x7e,0x80,0x82,0x84,0x86,0x88,0x8a,0x8c,0x8e,0x90,0x92,0x94,0x96,0x98,0x9a,0x9c,0x9e,0xa0,0xa2,0xa4,0xa6,0xa8,0xaa,0xac,0xae,0xb0,0xb2,0xb4,0xb6,0xb8,0xba,0xbc,0xbe,0xc0,0xc2,0xc4,0xc6,0xc8,0xca,0xcc,0xce,0xd0,0xd2,0xd4,0xd6,0xd8,0xda,0xdc,0xde,0xe0,0xe2,0xe4,0xe6,0xe8,0xea,0xec,0xee,0xf0,0xf2,0xf4,0xf6,0xf8,0xfa,0xfc,0xfe,0xd7,0xd5,0xd3,0xd1,0xdf,0xdd,0xdb,0xd9,0xc7,0xc5,0xc3,0xc1,0xcf,0xcd,0xcb,0xc9,0xf7,0xf5,0xf3,0xf1,0xff,0xfd,0xfb,0xf9,0xe7,0xe5,0xe3,0xe1,0xef,0xed,0xeb,0xe9,0x97,0x95,0x93,0x91,0x9f,0x9d,0x9b,0x99,0x87,0x85,0x83,0x81,0x8f,0x8d,0x8b,0x89,0xb7,0xb5,0xb3,0xb1,0xbf,0xbd,0xbb,0xb9,0xa7,0xa5,0xa3,0xa1,0xaf,0xad,0xab,0xa9,0x57,0x55,0x53,0x51,0x5f,0x5d,0x5b,0x59,0x47,0x45,0x43,0x41,0x4f,0x4d,0x4b,0x49,0x77,0x75,0x73,0x71,0x7f,0x7d,0x7b,0x79,0x67,0x65,0x63,0x61,0x6f,0x6d,0x6b,0x69,0x17,0x15,0x13,0x11,0x1f,0x1d,0x1b,0x19,0x07,0x05,0x03,0x01,0x0f,0x0d,0x0b,0x09,0x37,0x35,0x33,0x31,0x3f,0x3d,0x3b,0x39,0x27,0x25,0x23,0x21,0x2f,0x2d,0x2b,0x29};



 depth:5
 0  1  2  3  4  5  6  7  8  9  a  b  c  d  e  f 10 11 12 13 14 15 16 17 18 19 1a 1b 1c 1d 1e 1f 20 21 22 23 24 25 26 27 28 29 2a 2b 2c 2d 2e 2f 30 31 32 33 34 35 36 37 38 39 3a 3b 3c 3d 3e 3f 40 41 42 43 44 45 46 47 48 49 4a 4b 4c 4d 4e 4f 50 51 52 53 54 55 56 57 58 59 5a 5b 5c 5d 5e 5f 60 61 62 63 64 65 66 67 68 69 6a 6b 6c 6d 6e 6f 70 71 72 73 74 75 76 77 78 79 7a 7b 7c 7d 7e 7f 80 81 82 83 84 85 86 87 88 89 8a 8b 8c 8d 8e 8f 90 91 92 93 94 95 96 97 98 99 9a 9b 9c 9d 9e 9f a0 a1 a2 a3 a4 a5 a6 a7 a8 a9 aa ab ac ad ae af b0 b1 b2 b3 b4 b5 b6 b7 b8 b9 ba bb bc bd be bf c0 c1 c2 c3 c4 c5 c6 c7 c8 c9 ca cb cc cd ce cf d0 d1 d2 d3 d4 d5 d6 d7 d8 d9 da db dc dd de df e0 e1 e2 e3 e4 e5 e6 e7 e8 e9 ea eb ec ed ee ef f0 f1 f2 f3 f4 f5 f6 f7 f8 f9 fa fb fc fd fe ff 
 0  1  2 ad  4 f6 8d 55  8 7f 3b -- cd -- aa -- 10 -- fe -- 76 -- --  3 4d -- -- -- 83 57 -- c3 20 -- -- -- 2b f0 -- f1 ec 6f -- -- -- --  6 -- 9a -- -- 33 -- -- -- -- d1 c9 ae -- -- -- 51 -- 40 -- -- -- -- -- -- -- 56 -- 37 -- -- -- 35 4f  f -- de -- -- 59 -- 22 -- -- -- --  c -- -- -- e3 -- -- -- -- -- 66 -- -- -- -- -- -- -- -- -- 75 -- 45 -- 8b b5 -- -- -- 79 -- -- a2 -- -- -- 80 -- -- b3 -- -- -- -- -- -- -- 88 -- -- -- -- ac -- -- -- 6e -- -- 3c -- 60 -- -- 6a -- 9e d6 1e -- -- -- 6b -- -- 30 -- -- b2 -- -- -- 44 -- -- -- -- -- -- -- -- -- 18 -- -- -- -- -- -- -- 11 c7 -- -- -- -- -- -- -- -- -- -- cc -- -- -- -- b1 -- -- -- -- -- d7 -- -- -- -- -- -- -- -- ea -- -- -- 8a c0 -- -- c1 7b bd eb -- -- -- d4 -- -- f2 -- -- -- -- 8f 93 78 -- -- -- -- -- dc 

solutions so far:0 maxDepth:9 
iterations:2590253  skipped: 4 
Depth skipped: 
0 0 4 0 0 0 0 0 0 0 0 0 0 0 0 0 0 0 0 0 0 0 0 0 0 0 0 0 0 0 0 0 

running time: 300 sec
 depth:8
 0  1  2  3  4  5  6  7  8  9  a  b  c  d  e  f 10 11 12 13 14 15 16 17 18 19 1a 1b 1c 1d 1e 1f 20 21 22 23 24 25 26 27 28 29 2a 2b 2c 2d 2e 2f 30 31 32 33 34 35 36 37 38 39 3a 3b 3c 3d 3e 3f 40 41 42 43 44 45 46 47 48 49 4a 4b 4c 4d 4e 4f 50 51 52 53 54 55 56 57 58 59 5a 5b 5c 5d 5e 5f 60 61 62 63 64 65 66 67 68 69 6a 6b 6c 6d 6e 6f 70 71 72 73 74 75 76 77 78 79 7a 7b 7c 7d 7e 7f 80 81 82 83 84 85 86 87 88 89 8a 8b 8c 8d 8e 8f 90 91 92 93 94 95 96 97 98 99 9a 9b 9c 9d 9e 9f a0 a1 a2 a3 a4 a5 a6 a7 a8 a9 aa ab ac ad ae af b0 b1 b2 b3 b4 b5 b6 b7 b8 b9 ba bb bc bd be bf c0 c1 c2 c3 c4 c5 c6 c7 c8 c9 ca cb cc cd ce cf d0 d1 d2 d3 d4 d5 d6 d7 d8 d9 da db dc dd de df e0 e1 e2 e3 e4 e5 e6 e7 e8 e9 ea eb ec ed ee ef f0 f1 f2 f3 f4 f5 f6 f7 f8 f9 fa fb fc fd fe ff 
 0  1  2 ad  4 e9 8d e6  8 9c  5 af cd f4 1b  7 10 1a ef --  a -- 89 ce 4d -- 3f -- 36 df  e 72 20 -- 34 --  9 f9 -- 7c 14 ff -- -- c5 -- 4b -- 9a -- -- 33 7e -- -- e0 6c 90 69 3a 1c -- e4 -- 40 -- -- -- 68 -- -- -- 12 -- 25 -- -- 9d f8 4f 28 -- 29 -- -- 59 -- 22 5d ee -- -- 96 -- -- -- e3 -- -- -- -- -- 66 -- fc -- -- a7 -- -- 17 5c d8 -- f7 -- d2 b5 74 5e 38 79 -- e5 1f -- -- -- 80 -- -- b3 -- -- -- -- d0 -- -- 88 -- b9 -- -- 24 -- -- -- 4a -- -- a0 -- 42 ed -- 27 3d 9e a4 50 -- -- -- 52 f5 -- 21 -- -- b2 -- -- b7 44 -- ba 2c  b 16 -- 58 -- a3 fb 91 -- -- -- b0 -- -- 11 c7 -- -- -- -- -- 77 -- -- -- -- cc a5 -- -- 2f b1 -- -- -- -- 99 d7 -- -- -- -- 2e -- b8 -- 67 -- --  d 39 84 -- -- 73 9f bd eb e8 7a bc 4e 70 -- f2 -- -- -- 1d 48 3e 97 -- -- -- -- -- 94 

solutions so far:0 maxDepth:9 
iterations:4884063  skipped: 9 
Depth skipped: 
0 0 9 0 0 0 0 0 0 0 0 0 0 0 0 0 0 0 0 0 0 0 0 0 0 0 0 0 0 0 0 0 

running time: 600 sec
 depth:7
 0  1  2  3  4  5  6  7  8  9  a  b  c  d  e  f 10 11 12 13 14 15 16 17 18 19 1a 1b 1c 1d 1e 1f 20 21 22 23 24 25 26 27 28 29 2a 2b 2c 2d 2e 2f 30 31 32 33 34 35 36 37 38 39 3a 3b 3c 3d 3e 3f 40 41 42 43 44 45 46 47 48 49 4a 4b 4c 4d 4e 4f 50 51 52 53 54 55 56 57 58 59 5a 5b 5c 5d 5e 5f 60 61 62 63 64 65 66 67 68 69 6a 6b 6c 6d 6e 6f 70 71 72 73 74 75 76 77 78 79 7a 7b 7c 7d 7e 7f 80 81 82 83 84 85 86 87 88 89 8a 8b 8c 8d 8e 8f 90 91 92 93 94 95 96 97 98 99 9a 9b 9c 9d 9e 9f a0 a1 a2 a3 a4 a5 a6 a7 a8 a9 aa ab ac ad ae af b0 b1 b2 b3 b4 b5 b6 b7 b8 b9 ba bb bc bd be bf c0 c1 c2 c3 c4 c5 c6 c7 c8 c9 ca cb cc cd ce cf d0 d1 d2 d3 d4 d5 d6 d7 d8 d9 da db dc dd de df e0 e1 e2 e3 e4 e5 e6 e7 e8 e9 ea eb ec ed ee ef f0 f1 f2 f3 f4 f5 f6 f7 f8 f9 fa fb fc fd fe ff 
 0  1  2 ad  4 dd 8d 7d  8 27 6d c9 cd d4 fa 1b 10 -- 4e -- da -- 45 49 4d -- 7f -- 23 be 36 f7 20 -- -- -- 9c a1 -- 1f 63 5a -- -- 8a -- 92 -- 9a -- -- 33 fe -- -- ce 46 24 ab d2 6c -- 39 -- 40 -- -- -- -- -- -- -- ef -- 95 -- -- -- 3e 4f c6 -- b4 -- -- 59 -- 22 c3 -- -- -- f3 -- -- -- e3 -- -- -- -- -- 66 -- 2b -- -- 42 -- -- 4b fb 8c -- 48 -- 81 b5 73 ac d8 79 -- df 72 -- -- -- 80 -- -- b3 -- -- -- -- -- -- -- 88 -- -- -- --  9 -- -- -- fd -- -- b6 -- c4 -- -- 7c 35 9e a9 5b -- -- -- bf f1 -- 62 -- -- b2 -- -- -- 44 -- 51 -- -- -- -- -- -- a2 31 93 -- -- -- -- -- -- 11 c7 -- -- -- -- -- -- -- -- -- -- cc -- -- -- 56 b1 -- -- -- -- 84 d7 -- -- -- -- 96 -- 21 -- cf -- -- -- 90 5f -- -- d5 85 bd eb e6 6a 8f f8 67 -- f2 -- -- -- 69 12 e4 bb -- -- -- -- -- 2d 

solutions so far:0 maxDepth:9 
iterations:8011226  skipped: 16 
Depth skipped: 
0 0 16 0 0 0 0 0 0 0 0 0 0 0 0 0 0 0 0 0 0 0 0 0 0 0 0 0 0 0 0 0 

running time: 900 sec
 depth:7
 0  1  2  3  4  5  6  7  8  9  a  b  c  d  e  f 10 11 12 13 14 15 16 17 18 19 1a 1b 1c 1d 1e 1f 20 21 22 23 24 25 26 27 28 29 2a 2b 2c 2d 2e 2f 30 31 32 33 34 35 36 37 38 39 3a 3b 3c 3d 3e 3f 40 41 42 43 44 45 46 47 48 49 4a 4b 4c 4d 4e 4f 50 51 52 53 54 55 56 57 58 59 5a 5b 5c 5d 5e 5f 60 61 62 63 64 65 66 67 68 69 6a 6b 6c 6d 6e 6f 70 71 72 73 74 75 76 77 78 79 7a 7b 7c 7d 7e 7f 80 81 82 83 84 85 86 87 88 89 8a 8b 8c 8d 8e 8f 90 91 92 93 94 95 96 97 98 99 9a 9b 9c 9d 9e 9f a0 a1 a2 a3 a4 a5 a6 a7 a8 a9 aa ab ac ad ae af b0 b1 b2 b3 b4 b5 b6 b7 b8 b9 ba bb bc bd be bf c0 c1 c2 c3 c4 c5 c6 c7 c8 c9 ca cb cc cd ce cf d0 d1 d2 d3 d4 d5 d6 d7 d8 d9 da db dc dd de df e0 e1 e2 e3 e4 e5 e6 e7 e8 e9 ea eb ec ed ee ef f0 f1 f2 f3 f4 f5 f6 f7 f8 f9 fa fb fc fd fe ff 
 0  1  2 ad  4 ca 8d e7  8 3b 43 d4 cd c3 19  e 10 -- 76 -- 86 -- 7f 8e 4d -- 51 -- 32 13 1c 6e 20 -- -- -- ec 9b -- 6b db 54 -- -- fe -- cb -- 9a -- -- 33 a2 -- -- 17 64 78 26 74 38 -- dc -- 40 -- -- -- -- -- -- --  f -- e1 -- -- -- d6 4f 61 -- a8 -- -- 59 -- 22 2b -- -- -- 41 -- -- -- e3 -- -- -- -- -- 66 -- 93 -- -- 99 -- -- 2e b8 c8 -- f0 -- 4c b5 e8 35 70 79 -- 1d 6f -- -- -- 80 -- -- b3 -- -- -- -- -- -- -- 88 -- -- -- -- 1e -- -- -- 15 -- -- 53 -- 71 -- -- 7b 45 9e d9 c2 -- -- -- 87 c9 -- d3 -- -- b2 -- -- -- 44 -- 56 -- -- -- -- -- -- ac 82 8f -- -- -- -- -- -- 11 c7 -- -- -- -- -- -- -- -- -- -- cc -- -- -- f1 b1 -- -- -- -- e5 d7 -- -- -- -- 5c -- a7 -- 47 -- -- -- 37 e2 -- -- 98 65 bd eb  7 8a 6a f6 e0 -- f2 -- -- -- 3a 3c de a6 -- -- -- -- -- 2a 

solutions so far:0 maxDepth:9 
iterations:11275070  skipped: 24 
Depth skipped: 
0 0 24 0 0 0 0 0 0 0 0 0 0 0 0 0 0 0 0 0 0 0 0 0 0 0 0 0 0 0 0 0 

running time: 1200 sec
 depth:7
 0  1  2  3  4  5  6  7  8  9  a  b  c  d  e  f 10 11 12 13 14 15 16 17 18 19 1a 1b 1c 1d 1e 1f 20 21 22 23 24 25 26 27 28 29 2a 2b 2c 2d 2e 2f 30 31 32 33 34 35 36 37 38 39 3a 3b 3c 3d 3e 3f 40 41 42 43 44 45 46 47 48 49 4a 4b 4c 4d 4e 4f 50 51 52 53 54 55 56 57 58 59 5a 5b 5c 5d 5e 5f 60 61 62 63 64 65 66 67 68 69 6a 6b 6c 6d 6e 6f 70 71 72 73 74 75 76 77 78 79 7a 7b 7c 7d 7e 7f 80 81 82 83 84 85 86 87 88 89 8a 8b 8c 8d 8e 8f 90 91 92 93 94 95 96 97 98 99 9a 9b 9c 9d 9e 9f a0 a1 a2 a3 a4 a5 a6 a7 a8 a9 aa ab ac ad ae af b0 b1 b2 b3 b4 b5 b6 b7 b8 b9 ba bb bc bd be bf c0 c1 c2 c3 c4 c5 c6 c7 c8 c9 ca cb cc cd ce cf d0 d1 d2 d3 d4 d5 d6 d7 d8 d9 da db dc dd de df e0 e1 e2 e3 e4 e5 e6 e7 e8 e9 ea eb ec ed ee ef f0 f1 f2 f3 f4 f5 f6 f7 f8 f9 fa fb fc fd fe ff 
 0  1  2 ad  4 b6 8d c8  8 1f bb e1 cd 86 47 30 10 -- 3e -- a1 -- 15 d3 4d -- db -- 8e e7 60 12 20 -- -- -- 7c bf -- f7 95 6d -- -- 2a -- 71 -- 9a -- -- 33 61 -- -- 8b cb 9c 19  6 c0 -- 24 -- 40 -- -- -- -- -- -- -- f8 -- a9 -- -- -- 39 4f fd -- da -- -- 59 -- 22 54 -- -- -- e2 -- -- -- e3 -- -- -- -- -- 66 -- c2 -- -- d1 -- -- c1 aa 41 -- ef -- 32 b5  c a6 57 79 -- ea 48 -- -- -- 80 -- -- b3 -- -- -- -- -- -- -- 88 -- -- -- -- 27 -- -- -- 85 -- -- 5a -- 4c -- -- 72 ca 9e c6 2d -- -- -- 63 65 -- 26 -- -- b2 -- -- -- 44 -- a8 -- -- -- -- -- -- 87 13 d9 -- -- -- -- -- -- 11 c7 -- -- -- -- -- -- -- -- -- -- cc -- -- -- 53 b1 -- -- -- -- 75 d7 -- -- -- -- 55 -- 83 -- 82 -- -- --  9 98 -- -- 64 5b bd eb 18 43 9b e4 ae -- f2 -- -- --  3 4e 90 b4 -- -- -- -- -- dd 

solutions so far:0 maxDepth:9 
iterations:13422783  skipped: 37 
Depth skipped: 
0 0 37 0 0 0 0 0 0 0 0 0 0 0 0 0 0 0 0 0 0 0 0 0 0 0 0 0 0 0 0 0 

running time: 1500 sec
 depth:6
 0  1  2  3  4  5  6  7  8  9  a  b  c  d  e  f 10 11 12 13 14 15 16 17 18 19 1a 1b 1c 1d 1e 1f 20 21 22 23 24 25 26 27 28 29 2a 2b 2c 2d 2e 2f 30 31 32 33 34 35 36 37 38 39 3a 3b 3c 3d 3e 3f 40 41 42 43 44 45 46 47 48 49 4a 4b 4c 4d 4e 4f 50 51 52 53 54 55 56 57 58 59 5a 5b 5c 5d 5e 5f 60 61 62 63 64 65 66 67 68 69 6a 6b 6c 6d 6e 6f 70 71 72 73 74 75 76 77 78 79 7a 7b 7c 7d 7e 7f 80 81 82 83 84 85 86 87 88 89 8a 8b 8c 8d 8e 8f 90 91 92 93 94 95 96 97 98 99 9a 9b 9c 9d 9e 9f a0 a1 a2 a3 a4 a5 a6 a7 a8 a9 aa ab ac ad ae af b0 b1 b2 b3 b4 b5 b6 b7 b8 b9 ba bb bc bd be bf c0 c1 c2 c3 c4 c5 c6 c7 c8 c9 ca cb cc cd ce cf d0 d1 d2 d3 d4 d5 d6 d7 d8 d9 da db dc dd de df e0 e1 e2 e3 e4 e5 e6 e7 e8 e9 ea eb ec ed ee ef f0 f1 f2 f3 f4 f5 f6 f7 f8 f9 fa fb fc fd fe ff 
 0  1  2 ad  4 a7 8d fe  8 75 99 a3 cd 5e 2b -- 10 -- ea -- e5 -- 91 45 4d -- bc -- 56 35 -- 57 20 -- -- --  3  e -- 55 1d e0 -- -- f5 -- 8a -- 9a -- -- 33 af -- -- -- ac 30 6a -- -- -- ae -- 40 -- -- -- -- -- -- --  6 -- 1c -- -- -- aa 4f 3a -- 17 -- -- 59 -- 22 3d -- -- -- c3 -- -- -- e3 -- -- -- -- -- 66 -- 89 -- -- -- -- -- -- -- 8f -- 60 -- d4 b5 -- 5d -- 79 -- -- 8b -- -- -- 80 -- -- b3 -- -- -- -- -- -- -- 88 -- -- -- --  c -- -- -- 38 -- -- e8 -- 93 -- -- 83 fc 9e 5c 74 -- -- -- 2e 7e -- a2 -- -- b2 -- -- -- 44 -- 7a -- -- -- -- -- -- f4 51 3f -- -- -- -- -- -- 11 c7 -- -- -- -- -- -- -- -- -- -- cc -- -- -- c5 b1 -- -- -- -- -- d7 -- -- -- -- -- -- -- -- c9 -- -- -- c0 f1 -- -- 7f b8 bd eb -- 2f ba d1 -- -- f2 -- -- -- -- 18 c1  7 -- -- -- -- -- 70 

solutions so far:0 maxDepth:9 
iterations:15935093  skipped: 42 
Depth skipped: 
0 0 42 0 0 0 0 0 0 0 0 0 0 0 0 0 0 0 0 0 0 0 0 0 0 0 0 0 0 0 0 0 

running time: 1800 sec
 depth:7
 0  1  2  3  4  5  6  7  8  9  a  b  c  d  e  f 10 11 12 13 14 15 16 17 18 19 1a 1b 1c 1d 1e 1f 20 21 22 23 24 25 26 27 28 29 2a 2b 2c 2d 2e 2f 30 31 32 33 34 35 36 37 38 39 3a 3b 3c 3d 3e 3f 40 41 42 43 44 45 46 47 48 49 4a 4b 4c 4d 4e 4f 50 51 52 53 54 55 56 57 58 59 5a 5b 5c 5d 5e 5f 60 61 62 63 64 65 66 67 68 69 6a 6b 6c 6d 6e 6f 70 71 72 73 74 75 76 77 78 79 7a 7b 7c 7d 7e 7f 80 81 82 83 84 85 86 87 88 89 8a 8b 8c 8d 8e 8f 90 91 92 93 94 95 96 97 98 99 9a 9b 9c 9d 9e 9f a0 a1 a2 a3 a4 a5 a6 a7 a8 a9 aa ab ac ad ae af b0 b1 b2 b3 b4 b5 b6 b7 b8 b9 ba bb bc bd be bf c0 c1 c2 c3 c4 c5 c6 c7 c8 c9 ca cb cc cd ce cf d0 d1 d2 d3 d4 d5 d6 d7 d8 d9 da db dc dd de df e0 e1 e2 e3 e4 e5 e6 e7 e8 e9 ea eb ec ed ee ef f0 f1 f2 f3 f4 f5 f6 f7 f8 f9 fa fb fc fd fe ff 
 0  1  2 ad  4 9b 8d 9d  8 9f e1 47 cd 4c ed 31 10 -- e9 -- 15 -- 8e d0 4d -- 98 --  d b0 62 f9 20 -- -- --  5 65 -- ff 2a db -- -- cb -- 77 -- 9a -- -- 33 e7 -- -- ab 1a 50 b7 49 c4 -- 25 -- 40 -- -- -- -- -- -- --  a -- ca -- -- -- 29 4f 54 -- 61 -- -- 59 -- 22 41 -- -- -- ee -- -- -- e3 -- -- -- -- -- 66 -- 19 -- -- 23 -- -- 81 7d 34 -- a0 -- b9 b5 92 64 5f 79 -- 8c 4a -- -- -- 80 -- -- b3 -- -- -- -- -- -- -- 88 -- -- -- -- 14 -- -- -- 43 -- -- 87 -- 2c -- -- 52 13 9e 53 a8 -- -- -- c2 e2 -- 16 -- -- b2 -- -- -- 44 -- 82 -- -- -- -- -- -- d3  b 71 -- -- -- -- -- -- 11 c7 -- -- -- -- -- -- -- -- -- -- cc -- -- -- 32 b1 -- -- -- -- 46 d7 -- -- -- -- d5 -- fa -- 68 -- -- -- 97 58 -- -- a5 a6 bd eb f3 26 c8 a4 be -- f2 -- -- -- cf 28 94 d9 -- -- -- -- -- 86 

solutions so far:0 maxDepth:9 
iterations:18425003  skipped: 49 
Depth skipped: 
0 0 49 0 0 0 0 0 0 0 0 0 0 0 0 0 0 0 0 0 0 0 0 0 0 0 0 0 0 0 0 0 

running time: 2100 sec
 depth:7
 0  1  2  3  4  5  6  7  8  9  a  b  c  d  e  f 10 11 12 13 14 15 16 17 18 19 1a 1b 1c 1d 1e 1f 20 21 22 23 24 25 26 27 28 29 2a 2b 2c 2d 2e 2f 30 31 32 33 34 35 36 37 38 39 3a 3b 3c 3d 3e 3f 40 41 42 43 44 45 46 47 48 49 4a 4b 4c 4d 4e 4f 50 51 52 53 54 55 56 57 58 59 5a 5b 5c 5d 5e 5f 60 61 62 63 64 65 66 67 68 69 6a 6b 6c 6d 6e 6f 70 71 72 73 74 75 76 77 78 79 7a 7b 7c 7d 7e 7f 80 81 82 83 84 85 86 87 88 89 8a 8b 8c 8d 8e 8f 90 91 92 93 94 95 96 97 98 99 9a 9b 9c 9d 9e 9f a0 a1 a2 a3 a4 a5 a6 a7 a8 a9 aa ab ac ad ae af b0 b1 b2 b3 b4 b5 b6 b7 b8 b9 ba bb bc bd be bf c0 c1 c2 c3 c4 c5 c6 c7 c8 c9 ca cb cc cd ce cf d0 d1 d2 d3 d4 d5 d6 d7 d8 d9 da db dc dd de df e0 e1 e2 e3 e4 e5 e6 e7 e8 e9 ea eb ec ed ee ef f0 f1 f2 f3 f4 f5 f6 f7 f8 f9 fa fb fc fd fe ff 
 0  1  2 ad  4 90 8d 55  8 13 f7 67 cd d2 aa 35 10 -- 26 -- 39 -- ce  3 4d -- 73 -- 83 57 6a 47 20 -- -- -- 4c f8 -- 82 72 ef -- -- 4b --  6 -- 9a -- -- 33 e6 -- -- 2b d1 32 ae a2 d4 -- 8e -- 40 -- -- -- -- -- -- -- 98 -- 27 -- -- -- d3 4f e4 --  9 -- -- 59 -- 22 96 -- -- --  c -- -- -- e3 -- -- -- -- -- 66 -- 1b -- -- 45 -- -- 56 8f 75 -- 64 -- 8b b5 93 6c 7f 79 -- c3 cb -- -- -- 80 -- -- b3 -- -- -- -- -- -- -- 88 -- -- -- -- e7 -- -- -- 4e -- -- 3e -- 60 -- -- 71 df 9e 24 1f -- -- -- 12 84 -- 30 -- -- b2 -- -- -- 44 -- fb -- -- -- -- -- -- 21 18 42 -- -- -- -- -- -- 11 c7 -- -- -- -- -- -- -- -- -- -- cc -- -- -- 36 b1 -- -- -- -- 8a d7 -- -- -- -- ac -- c9 -- ea -- -- -- c8 c0 -- -- c1 48 bd eb f1 69 d8 e2 fe -- f2 -- -- -- 51 19 41 7c -- -- -- -- -- 9c 

solutions so far:0 maxDepth:9 
iterations:20672900  skipped: 56 
Depth skipped: 
0 0 56 0 0 0 0 0 0 0 0 0 0 0 0 0 0 0 0 0 0 0 0 0 0 0 0 0 0 0 0 0 

running time: 2400 sec
 depth:8
 0  1  2  3  4  5  6  7  8  9  a  b  c  d  e  f 10 11 12 13 14 15 16 17 18 19 1a 1b 1c 1d 1e 1f 20 21 22 23 24 25 26 27 28 29 2a 2b 2c 2d 2e 2f 30 31 32 33 34 35 36 37 38 39 3a 3b 3c 3d 3e 3f 40 41 42 43 44 45 46 47 48 49 4a 4b 4c 4d 4e 4f 50 51 52 53 54 55 56 57 58 59 5a 5b 5c 5d 5e 5f 60 61 62 63 64 65 66 67 68 69 6a 6b 6c 6d 6e 6f 70 71 72 73 74 75 76 77 78 79 7a 7b 7c 7d 7e 7f 80 81 82 83 84 85 86 87 88 89 8a 8b 8c 8d 8e 8f 90 91 92 93 94 95 96 97 98 99 9a 9b 9c 9d 9e 9f a0 a1 a2 a3 a4 a5 a6 a7 a8 a9 aa ab ac ad ae af b0 b1 b2 b3 b4 b5 b6 b7 b8 b9 ba bb bc bd be bf c0 c1 c2 c3 c4 c5 c6 c7 c8 c9 ca cb cc cd ce cf d0 d1 d2 d3 d4 d5 d6 d7 d8 d9 da db dc dd de df e0 e1 e2 e3 e4 e5 e6 e7 e8 e9 ea eb ec ed ee ef f0 f1 f2 f3 f4 f5 f6 f7 f8 f9 fa fb fc fd fe ff 
 0  1  2 ad  4 84 8d 9f  8 d5 df d4 cd c3 e9 5c 10 19 7d -- 69 -- 7f 50 4d -- 51 --  5 ff b8 f3 20 -- 32 -- fa 6c -- 5f d2 4b -- -- fe -- a0 -- 9a -- -- 33 a2 -- -- 1d  a cf 29 e0 a7 -- 31 -- 40 -- -- -- 64 -- -- -- 23 -- d8 -- -- 4c be 4f 73 -- 96 -- -- 59 -- 22 2b 8e -- -- 97 -- -- -- e3 -- -- -- -- -- 66 -- 93 -- --  e -- -- 3a e8 14 -- 49 -- 52 b5 17 35 99 79 -- 38 62 -- -- -- 80 -- -- b3 -- -- -- -- c8 -- -- 88 -- 13 -- -- 46 -- -- -- 67 -- -- 1b -- 4a 98 -- ab 45 9e 21 e6 -- -- -- fb c9 -- 25 -- -- b2 -- -- e2 44 -- 56 82 cb 41 -- d3 -- ac f9 8f -- -- -- 71 -- -- 11 c7 -- -- -- -- -- 47 -- -- -- -- cc 26 -- -- f1 b1 -- -- -- -- 1c d7 -- -- -- -- 74 --  7 -- 28 -- -- e7 92 94 -- -- a4 42 bd eb 2e 8a 6a 81 e5 -- f2 -- -- -- 70 8c c4 36 -- -- -- -- -- ce 

solutions so far:0 maxDepth:9 
iterations:23080251  skipped: 61 
Depth skipped: 
0 0 61 0 0 0 0 0 0 0 0 0 0 0 0 0 0 0 0 0 0 0 0 0 0 0 0 0 0 0 0 0 

running time: 2700 sec
 depth:6
 0  1  2  3  4  5  6  7  8  9  a  b  c  d  e  f 10 11 12 13 14 15 16 17 18 19 1a 1b 1c 1d 1e 1f 20 21 22 23 24 25 26 27 28 29 2a 2b 2c 2d 2e 2f 30 31 32 33 34 35 36 37 38 39 3a 3b 3c 3d 3e 3f 40 41 42 43 44 45 46 47 48 49 4a 4b 4c 4d 4e 4f 50 51 52 53 54 55 56 57 58 59 5a 5b 5c 5d 5e 5f 60 61 62 63 64 65 66 67 68 69 6a 6b 6c 6d 6e 6f 70 71 72 73 74 75 76 77 78 79 7a 7b 7c 7d 7e 7f 80 81 82 83 84 85 86 87 88 89 8a 8b 8c 8d 8e 8f 90 91 92 93 94 95 96 97 98 99 9a 9b 9c 9d 9e 9f a0 a1 a2 a3 a4 a5 a6 a7 a8 a9 aa ab ac ad ae af b0 b1 b2 b3 b4 b5 b6 b7 b8 b9 ba bb bc bd be bf c0 c1 c2 c3 c4 c5 c6 c7 c8 c9 ca cb cc cd ce cf d0 d1 d2 d3 d4 d5 d6 d7 d8 d9 da db dc dd de df e0 e1 e2 e3 e4 e5 e6 e7 e8 e9 ea eb ec ed ee ef f0 f1 f2 f3 f4 f5 f6 f7 f8 f9 fa fb fc fd fe ff 
 0  1  2 ad  4 7b 8d 43  8 d4 f6 4a cd 14 86 -- 10 -- 7f -- 3b -- 94 a6 4d -- 28 -- db 87 -- 8a 20 -- -- -- fe 78 -- 93 76 dc -- -- ff -- 9b -- 9a -- -- 33 50 -- -- -- 61 8f d9 -- -- -- c3 -- 40 -- -- -- -- -- -- -- 2b -- f0 -- -- -- f1 4f ec -- 6f -- -- 59 -- 22 29 -- -- -- e1 -- -- -- e3 -- -- -- -- -- 66 -- a0 -- -- -- -- -- -- -- c2 -- c9 -- 65 b5 -- f9 -- 79 -- -- 51 -- -- -- 80 -- -- b3 -- -- -- -- -- -- -- 88 -- -- -- -- 56 -- -- -- 37 -- -- 1e -- 54 -- -- 35  5 9e 6b  f -- -- -- de e9 -- 2a -- -- b2 -- -- -- 44 -- 52 -- -- -- -- -- -- a4 15 9f -- -- -- -- -- -- 11 c7 -- -- -- -- -- -- -- -- -- -- cc -- -- -- 97 b1 -- -- -- -- -- d7 -- -- -- -- -- -- -- -- 53 -- -- -- 45 a8 -- -- ca d6 bd eb --  a 25 6a -- -- f2 -- -- -- -- ac a2 3c -- -- -- -- -- 6e 

solutions so far:0 maxDepth:9 
iterations:25375757  skipped: 66 
Depth skipped: 
0 0 66 0 0 0 0 0 0 0 0 0 0 0 0 0 0 0 0 0 0 0 0 0 0 0 0 0 0 0 0 0 

running time: 3000 sec
 depth:7
 0  1  2  3  4  5  6  7  8  9  a  b  c  d  e  f 10 11 12 13 14 15 16 17 18 19 1a 1b 1c 1d 1e 1f 20 21 22 23 24 25 26 27 28 29 2a 2b 2c 2d 2e 2f 30 31 32 33 34 35 36 37 38 39 3a 3b 3c 3d 3e 3f 40 41 42 43 44 45 46 47 48 49 4a 4b 4c 4d 4e 4f 50 51 52 53 54 55 56 57 58 59 5a 5b 5c 5d 5e 5f 60 61 62 63 64 65 66 67 68 69 6a 6b 6c 6d 6e 6f 70 71 72 73 74 75 76 77 78 79 7a 7b 7c 7d 7e 7f 80 81 82 83 84 85 86 87 88 89 8a 8b 8c 8d 8e 8f 90 91 92 93 94 95 96 97 98 99 9a 9b 9c 9d 9e 9f a0 a1 a2 a3 a4 a5 a6 a7 a8 a9 aa ab ac ad ae af b0 b1 b2 b3 b4 b5 b6 b7 b8 b9 ba bb bc bd be bf c0 c1 c2 c3 c4 c5 c6 c7 c8 c9 ca cb cc cd ce cf d0 d1 d2 d3 d4 d5 d6 d7 d8 d9 da db dc dd de df e0 e1 e2 e3 e4 e5 e6 e7 e8 e9 ea eb ec ed ee ef f0 f1 f2 f3 f4 f5 f6 f7 f8 f9 fa fb fc fd fe ff 
 0  1  2 ad  4 67 8d 49  8 b4 ce e4 cd 12 92 5c 10 -- bf -- 4b -- 1f 5f 4d -- 24 -- f3 23 b8 5b 20 -- -- -- a9 df -- 95 96 e6 -- -- 3e -- be -- 9a -- -- 33 48 -- -- 1d 31 da 46 e0 a7 -- b6 -- 40 -- -- -- -- -- -- -- 85 -- 69 -- -- -- fd 4f fb -- 1b -- -- 59 -- 22 7c -- -- -- ab -- -- -- e3 -- -- -- -- -- 66 -- 90 -- --  e -- -- 3a e8 62 -- 63 -- 8c b5 17 39 99 79 -- 38 bb -- -- -- 80 -- -- b3 -- -- -- -- -- -- -- 88 -- -- -- -- dd -- -- -- d2 -- -- 42 -- 7d -- -- 2d ef 9e 6c 21 -- -- -- 36 9c -- d5 -- -- b2 -- -- -- 44 -- f8 -- -- -- -- -- -- 27 81 4e -- -- -- -- -- -- 11 c7 -- -- -- -- -- -- -- -- -- -- cc -- -- -- f7 b1 -- -- -- -- 1c d7 -- -- -- -- 74 --  7 -- c4 -- -- -- c6 fa -- -- cf d8 bd eb 2e  9 72 5a e5 -- f2 -- -- -- 70 6d a1 84 -- -- -- -- -- 73 

solutions so far:0 maxDepth:9 
iterations:28099852  skipped: 78 
Depth skipped: 
0 0 78 0 0 0 0 0 0 0 0 0 0 0 0 0 0 0 0 0 0 0 0 0 0 0 0 0 0 0 0 0 

running time: 3300 sec
 depth:7
 0  1  2  3  4  5  6  7  8  9  a  b  c  d  e  f 10 11 12 13 14 15 16 17 18 19 1a 1b 1c 1d 1e 1f 20 21 22 23 24 25 26 27 28 29 2a 2b 2c 2d 2e 2f 30 31 32 33 34 35 36 37 38 39 3a 3b 3c 3d 3e 3f 40 41 42 43 44 45 46 47 48 49 4a 4b 4c 4d 4e 4f 50 51 52 53 54 55 56 57 58 59 5a 5b 5c 5d 5e 5f 60 61 62 63 64 65 66 67 68 69 6a 6b 6c 6d 6e 6f 70 71 72 73 74 75 76 77 78 79 7a 7b 7c 7d 7e 7f 80 81 82 83 84 85 86 87 88 89 8a 8b 8c 8d 8e 8f 90 91 92 93 94 95 96 97 98 99 9a 9b 9c 9d 9e 9f a0 a1 a2 a3 a4 a5 a6 a7 a8 a9 aa ab ac ad ae af b0 b1 b2 b3 b4 b5 b6 b7 b8 b9 ba bb bc bd be bf c0 c1 c2 c3 c4 c5 c6 c7 c8 c9 ca cb cc cd ce cf d0 d1 d2 d3 d4 d5 d6 d7 d8 d9 da db dc dd de df e0 e1 e2 e3 e4 e5 e6 e7 e8 e9 ea eb ec ed ee ef f0 f1 f2 f3 f4 f5 f6 f7 f8 f9 fa fb fc fd fe ff 
 0  1  2 ad  4 5d 8d a4  8 c4 ba a9 cd a1 9f b0 10 -- 5f -- a3 -- 85 28 4d -- 95 -- e9 94 b7 46 20 -- -- -- be 3f -- 92 91 5e -- -- dd -- 50 -- 9a -- -- 33 fd -- -- ed  5 7d ff 16 b9 -- 8c -- 40 -- -- -- -- -- -- -- ab -- 7e -- -- -- f3 4f f5 -- bc -- -- 59 -- 22 6d -- -- -- a0 -- -- -- e3 -- -- -- -- -- 66 -- 2d -- -- d0 -- --  d 34  a -- fa -- 29 b5 2c b4 a5 79 -- ee cf -- -- -- 80 -- -- b3 -- -- -- -- -- -- -- 88 -- -- -- -- 81 -- -- -- fc -- -- 7a -- 25 -- -- 31 b6 9e 89 3d -- -- -- af 5b -- f9 -- -- b2 -- -- -- 44 -- da -- -- -- -- -- -- 63 97 c6 -- -- -- -- -- -- 11 c7 -- -- -- -- -- -- -- -- -- -- cc -- -- -- 5a b1 -- -- -- -- 77 d7 -- -- -- -- 1a -- 68 -- 14 -- -- -- 23 4a -- -- 52 c5 bd eb 58 bb bf 62 9d -- f2 -- -- --  b d5 49 f4 -- -- -- -- -- 2f 

solutions so far:0 maxDepth:9 
iterations:30501925  skipped: 82 
Depth skipped: 
0 0 82 0 0 0 0 0 0 0 0 0 0 0 0 0 0 0 0 0 0 0 0 0 0 0 0 0 0 0 0 0 

running time: 3600 sec
 depth:7
 0  1  2  3  4  5  6  7  8  9  a  b  c  d  e  f 10 11 12 13 14 15 16 17 18 19 1a 1b 1c 1d 1e 1f 20 21 22 23 24 25 26 27 28 29 2a 2b 2c 2d 2e 2f 30 31 32 33 34 35 36 37 38 39 3a 3b 3c 3d 3e 3f 40 41 42 43 44 45 46 47 48 49 4a 4b 4c 4d 4e 4f 50 51 52 53 54 55 56 57 58 59 5a 5b 5c 5d 5e 5f 60 61 62 63 64 65 66 67 68 69 6a 6b 6c 6d 6e 6f 70 71 72 73 74 75 76 77 78 79 7a 7b 7c 7d 7e 7f 80 81 82 83 84 85 86 87 88 89 8a 8b 8c 8d 8e 8f 90 91 92 93 94 95 96 97 98 99 9a 9b 9c 9d 9e 9f a0 a1 a2 a3 a4 a5 a6 a7 a8 a9 aa ab ac ad ae af b0 b1 b2 b3 b4 b5 b6 b7 b8 b9 ba bb bc bd be bf c0 c1 c2 c3 c4 c5 c6 c7 c8 c9 ca cb cc cd ce cf d0 d1 d2 d3 d4 d5 d6 d7 d8 d9 da db dc dd de df e0 e1 e2 e3 e4 e5 e6 e7 e8 e9 ea eb ec ed ee ef f0 f1 f2 f3 f4 f5 f6 f7 f8 f9 fa fb fc fd fe ff 
 0  1  2 ad  4 4a 8d 64  8 95 94 77 cd 9d c8  6 10 -- fd -- ff -- ee 82 4d -- ed -- 47 98  c 6d 20 -- -- -- 2d  5 -- 5b 29 50 -- --  b -- d3 -- 9a -- -- 33  d -- -- c0 8e a9 e7 75 18 -- da -- 40 -- -- -- -- -- -- -- 5a --  a -- -- -- b6 4f 52 -- a0 -- -- 59 -- 22 16 -- -- -- 71 -- -- -- e3 -- -- -- -- -- 66 -- 1a -- -- 55 -- -- 57 8b cb -- 85 -- 19 b5 ea 68 30 79 -- 83 63 -- -- -- 80 -- -- b3 -- -- -- -- -- -- -- 88 -- -- -- -- b4 -- -- -- 14 -- -- 9f -- 26 -- -- bb b9 9e f9 a4 -- -- -- 97 b7 -- 13 -- -- b2 -- -- -- 44 -- 2c -- -- -- -- -- -- 58 e2 b0 -- -- -- -- -- -- 11 c7 -- -- -- -- -- -- -- -- -- -- cc -- -- -- 34 b1 -- -- -- -- aa d7 -- -- -- -- ae -- c1 -- 41 -- -- -- dd 4c -- -- 32 25 bd eb  3 a5 d0 a1 60 -- f2 -- -- -- d1 bf c6 e9 -- -- -- -- -- 28 

solutions so far:0 maxDepth:9 
iterations:34220637  skipped: 91 
Depth skipped: 
0 0 91 0 0 0 0 0 0 0 0 0 0 0 0 0 0 0 0 0 0 0 0 0 0 0 0 0 0 0 0 0 

running time: 3900 sec
 depth:7
 0  1  2  3  4  5  6  7  8  9  a  b  c  d  e  f 10 11 12 13 14 15 16 17 18 19 1a 1b 1c 1d 1e 1f 20 21 22 23 24 25 26 27 28 29 2a 2b 2c 2d 2e 2f 30 31 32 33 34 35 36 37 38 39 3a 3b 3c 3d 3e 3f 40 41 42 43 44 45 46 47 48 49 4a 4b 4c 4d 4e 4f 50 51 52 53 54 55 56 57 58 59 5a 5b 5c 5d 5e 5f 60 61 62 63 64 65 66 67 68 69 6a 6b 6c 6d 6e 6f 70 71 72 73 74 75 76 77 78 79 7a 7b 7c 7d 7e 7f 80 81 82 83 84 85 86 87 88 89 8a 8b 8c 8d 8e 8f 90 91 92 93 94 95 96 97 98 99 9a 9b 9c 9d 9e 9f a0 a1 a2 a3 a4 a5 a6 a7 a8 a9 aa ab ac ad ae af b0 b1 b2 b3 b4 b5 b6 b7 b8 b9 ba bb bc bd be bf c0 c1 c2 c3 c4 c5 c6 c7 c8 c9 ca cb cc cd ce cf d0 d1 d2 d3 d4 d5 d6 d7 d8 d9 da db dc dd de df e0 e1 e2 e3 e4 e5 e6 e7 e8 e9 ea eb ec ed ee ef f0 f1 f2 f3 f4 f5 f6 f7 f8 f9 fa fb fc fd fe ff 
 0  1  2 ad  4 3b 8d 82  8 50 76 c2 cd d9 d3 48 10 -- a0 -- ec -- 53 4c 4d -- 65 -- 71 47 90 52 20 -- -- -- 97 37 --  5  f de -- -- a6 -- 98 -- 9a -- -- 33 ca -- -- e4 e2 94 8e  9 f7 -- a4 -- 40 -- -- -- -- -- -- -- f9 -- 6e -- -- --  a 4f 1e -- 6b -- -- 59 -- 22 9b -- -- -- e7 -- -- -- e3 -- -- -- -- -- 66 -- 43 -- -- 27 -- -- 1f 7c 13 -- ff -- cb b5 12 db 39 79 -- 9c 9f -- -- -- 80 -- -- b3 -- -- -- -- -- -- -- 88 -- -- -- -- 25 -- -- -- dc -- -- 78 -- 64 -- -- 14 a8 9e 7b 3c -- -- -- d6 54 -- 32 -- -- b2 -- -- -- 44 -- e1 -- -- -- -- -- -- 15 19 2a -- -- -- -- -- -- 11 c7 -- -- -- -- -- -- -- -- -- -- cc -- -- -- 86 b1 -- -- -- -- 4e d7 -- -- -- -- 3e -- f8 -- 26 -- -- -- 29 c8 -- -- 41 f6 bd eb 24 87 61 28 72 -- f2 -- -- -- ef 4a e9 f0 -- -- -- -- -- 6f 

solutions so far:0 maxDepth:9 
iterations:37676341  skipped: 97 
Depth skipped: 
0 0 97 0 0 0 0 0 0 0 0 0 0 0 0 0 0 0 0 0 0 0 0 0 0 0 0 0 0 0 0 0 

running time: 4200 sec
 depth:8
 0  1  2  3  4  5  6  7  8  9  a  b  c  d  e  f 10 11 12 13 14 15 16 17 18 19 1a 1b 1c 1d 1e 1f 20 21 22 23 24 25 26 27 28 29 2a 2b 2c 2d 2e 2f 30 31 32 33 34 35 36 37 38 39 3a 3b 3c 3d 3e 3f 40 41 42 43 44 45 46 47 48 49 4a 4b 4c 4d 4e 4f 50 51 52 53 54 55 56 57 58 59 5a 5b 5c 5d 5e 5f 60 61 62 63 64 65 66 67 68 69 6a 6b 6c 6d 6e 6f 70 71 72 73 74 75 76 77 78 79 7a 7b 7c 7d 7e 7f 80 81 82 83 84 85 86 87 88 89 8a 8b 8c 8d 8e 8f 90 91 92 93 94 95 96 97 98 99 9a 9b 9c 9d 9e 9f a0 a1 a2 a3 a4 a5 a6 a7 a8 a9 aa ab ac ad ae af b0 b1 b2 b3 b4 b5 b6 b7 b8 b9 ba bb bc bd be bf c0 c1 c2 c3 c4 c5 c6 c7 c8 c9 ca cb cc cd ce cf d0 d1 d2 d3 d4 d5 d6 d7 d8 d9 da db dc dd de df e0 e1 e2 e3 e4 e5 e6 e7 e8 e9 ea eb ec ed ee ef f0 f1 f2 f3 f4 f5 f6 f7 f8 f9 fa fb fc fd fe ff 
 0  1  2 ad  4 27 8d 5d  8 73 4e 43 cd 2a ba 13 10 fa e6 -- 9c -- 86 7a 4d -- 54 -- a3 bc 26 96 20 -- 23 -- 1b 90 -- 84 ef e4 -- -- db -- f4 -- 9a -- -- 33 a8 -- -- 19 91 67 af d3 4c -- fb -- 40 -- -- -- 46 -- -- -- 36 -- f7 -- -- 81 df 4f  9 -- 1f -- -- 59 -- 22 61 49 -- -- 3f -- -- -- e3 -- -- -- -- -- 66 -- 87 -- -- 8e -- -- 32 c8 f5 -- ce -- 89 b5 71 65 98 79 -- 41 21 -- -- -- 80 -- -- b3 -- -- -- -- 8c -- -- 88 -- be -- -- 6c -- -- -- 39 -- -- 24 -- 2f d5 -- 69 e1 9e 7c 12 -- -- -- 3e 9b -- fc -- -- b2 -- -- 5f 44 -- c2 31 92 f3 -- 62 -- 53 7e a6 -- -- -- c4 -- -- 11 c7 -- -- -- -- -- cf -- -- -- -- cc ab -- -- d9 b1 -- -- -- -- cb d7 -- -- -- -- 64 -- 47 -- 3d -- -- 7d 4b 5e -- -- c5 f8 bd eb e2 15 ca d2 e7 -- f2 -- -- -- 82 d8 42 48 -- -- -- -- -- 72 

solutions so far:0 maxDepth:9 
iterations:40739296  skipped: 109 
Depth skipped: 
0 0 109 0 0 0 0 0 0 0 0 0 0 0 0 0 0 0 0 0 0 0 0 0 0 0 0 0 0 0 0 0 

running time: 4500 sec
 depth:7
 0  1  2  3  4  5  6  7  8  9  a  b  c  d  e  f 10 11 12 13 14 15 16 17 18 19 1a 1b 1c 1d 1e 1f 20 21 22 23 24 25 26 27 28 29 2a 2b 2c 2d 2e 2f 30 31 32 33 34 35 36 37 38 39 3a 3b 3c 3d 3e 3f 40 41 42 43 44 45 46 47 48 49 4a 4b 4c 4d 4e 4f 50 51 52 53 54 55 56 57 58 59 5a 5b 5c 5d 5e 5f 60 61 62 63 64 65 66 67 68 69 6a 6b 6c 6d 6e 6f 70 71 72 73 74 75 76 77 78 79 7a 7b 7c 7d 7e 7f 80 81 82 83 84 85 86 87 88 89 8a 8b 8c 8d 8e 8f 90 91 92 93 94 95 96 97 98 99 9a 9b 9c 9d 9e 9f a0 a1 a2 a3 a4 a5 a6 a7 a8 a9 aa ab ac ad ae af b0 b1 b2 b3 b4 b5 b6 b7 b8 b9 ba bb bc bd be bf c0 c1 c2 c3 c4 c5 c6 c7 c8 c9 ca cb cc cd ce cf d0 d1 d2 d3 d4 d5 d6 d7 d8 d9 da db dc dd de df e0 e1 e2 e3 e4 e5 e6 e7 e8 e9 ea eb ec ed ee ef f0 f1 f2 f3 f4 f5 f6 f7 f8 f9 fa fb fc fd fe ff 
 0  1  2 ad  4 13 8d 28  8 63 26 fc cd 91 50 49 10 -- c6 -- 4c -- 2f 4a 4d -- f5 -- a0 e9 92 5a 20 -- -- -- 5b c8 -- 85 98 41 -- -- 5e -- 94 -- 9a -- -- 33 3d -- -- c4 97 95  5 46 f3 -- b4 -- 40 -- -- -- -- -- -- -- b6 -- 47 -- -- -- dd 4f e7 -- 82 -- -- 59 -- 22 bc -- -- -- ff -- -- -- e3 -- -- -- -- -- 66 -- 7a -- -- d5 -- -- 5f ab f9 -- fd --  a b5 8c 3f 31 79 -- fa bf -- -- -- 80 -- -- b3 -- -- -- -- -- -- -- 88 -- -- -- -- bb -- -- -- 8e -- -- 32 -- a4 -- -- 6d ba 9e 71 19 -- -- -- d3 5d -- 52 -- -- b2 -- -- -- 44 -- af -- -- -- -- -- -- 89 29 c5 -- -- -- -- -- -- 11 c7 -- -- -- -- -- -- -- -- -- -- cc -- -- -- f4 b1 -- -- -- -- 7d d7 -- -- -- -- be -- 81 -- 25 -- -- -- 2d 9f -- -- 14 e2 bd eb cf a3 7e da 62 -- f2 -- -- -- 23 a1 a9 64 -- -- -- -- -- cb 

solutions so far:0 maxDepth:9 
iterations:44486657  skipped: 120 
Depth skipped: 
0 0 120 0 0 0 0 0 0 0 0 0 0 0 0 0 0 0 0 0 0 0 0 0 0 0 0 0 0 0 0 0 

running time: 4800 sec

Finished. Total running time: 4930 sec
