Search S-boxes invariant for matrix: 
{0x00,0x02,0x04,0x06,0x08,0x0a,0x0c,0x0e,0x10,0x12,0x14,0x16,0x18,0x1a,0x1c,0x1e,0x20,0x22,0x24,0x26,0x28,0x2a,0x2c,0x2e,0x30,0x32,0x34,0x36,0x38,0x3a,0x3c,0x3e,0x40,0x42,0x44,0x46,0x48,0x4a,0x4c,0x4e,0x50,0x52,0x54,0x56,0x58,0x5a,0x5c,0x5e,0x60,0x62,0x64,0x66,0x68,0x6a,0x6c,0x6e,0x70,0x72,0x74,0x76,0x78,0x7a,0x7c,0x7e,0x80,0x82,0x84,0x86,0x88,0x8a,0x8c,0x8e,0x90,0x92,0x94,0x96,0x98,0x9a,0x9c,0x9e,0xa0,0xa2,0xa4,0xa6,0xa8,0xaa,0xac,0xae,0xb0,0xb2,0xb4,0xb6,0xb8,0xba,0xbc,0xbe,0xc0,0xc2,0xc4,0xc6,0xc8,0xca,0xcc,0xce,0xd0,0xd2,0xd4,0xd6,0xd8,0xda,0xdc,0xde,0xe0,0xe2,0xe4,0xe6,0xe8,0xea,0xec,0xee,0xf0,0xf2,0xf4,0xf6,0xf8,0xfa,0xfc,0xfe,0xd7,0xd5,0xd3,0xd1,0xdf,0xdd,0xdb,0xd9,0xc7,0xc5,0xc3,0xc1,0xcf,0xcd,0xcb,0xc9,0xf7,0xf5,0xf3,0xf1,0xff,0xfd,0xfb,0xf9,0xe7,0xe5,0xe3,0xe1,0xef,0xed,0xeb,0xe9,0x97,0x95,0x93,0x91,0x9f,0x9d,0x9b,0x99,0x87,0x85,0x83,0x81,0x8f,0x8d,0x8b,0x89,0xb7,0xb5,0xb3,0xb1,0xbf,0xbd,0xbb,0xb9,0xa7,0xa5,0xa3,0xa1,0xaf,0xad,0xab,0xa9,0x57,0x55,0x53,0x51,0x5f,0x5d,0x5b,0x59,0x47,0x45,0x43,0x41,0x4f,0x4d,0x4b,0x49,0x77,0x75,0x73,0x71,0x7f,0x7d,0x7b,0x79,0x67,0x65,0x63,0x61,0x6f,0x6d,0x6b,0x69,0x17,0x15,0x13,0x11,0x1f,0x1d,0x1b,0x19,0x07,0x05,0x03,0x01,0x0f,0x0d,0x0b,0x09,0x37,0x35,0x33,0x31,0x3f,0x3d,0x3b,0x39,0x27,0x25,0x23,0x21,0x2f,0x2d,0x2b,0x29};



 depth:7
 0  1  2  3  4  5  6  7  8  9  a  b  c  d  e  f 10 11 12 13 14 15 16 17 18 19 1a 1b 1c 1d 1e 1f 20 21 22 23 24 25 26 27 28 29 2a 2b 2c 2d 2e 2f 30 31 32 33 34 35 36 37 38 39 3a 3b 3c 3d 3e 3f 40 41 42 43 44 45 46 47 48 49 4a 4b 4c 4d 4e 4f 50 51 52 53 54 55 56 57 58 59 5a 5b 5c 5d 5e 5f 60 61 62 63 64 65 66 67 68 69 6a 6b 6c 6d 6e 6f 70 71 72 73 74 75 76 77 78 79 7a 7b 7c 7d 7e 7f 80 81 82 83 84 85 86 87 88 89 8a 8b 8c 8d 8e 8f 90 91 92 93 94 95 96 97 98 99 9a 9b 9c 9d 9e 9f a0 a1 a2 a3 a4 a5 a6 a7 a8 a9 aa ab ac ad ae af b0 b1 b2 b3 b4 b5 b6 b7 b8 b9 ba bb bc bd be bf c0 c1 c2 c3 c4 c5 c6 c7 c8 c9 ca cb cc cd ce cf d0 d1 d2 d3 d4 d5 d6 d7 d8 d9 da db dc dd de df e0 e1 e2 e3 e4 e5 e6 e7 e8 e9 ea eb ec ed ee ef f0 f1 f2 f3 f4 f5 f6 f7 f8 f9 fa fb fc fd fe ff 
 0  1  2 b5  4 f6 bd 41  8 d8 3b 2f ad f5 82  b 10 -- 67 -- 76 -- 5e 26 8d -- 3d -- d3 c8 16 df 20 -- -- -- ce f0 -- e6 ec 6f -- -- bc -- 4c -- cd -- -- 33 7a -- -- b7 71 21 47 d0 2c -- 69 -- 40 -- -- -- -- -- -- -- 4b -- 37 -- -- -- 1b 4f  f -- de -- -- 88 -- e3 af -- -- -- 98 -- -- -- 4d -- -- -- -- -- 66 -- f4 -- --  d -- -- b9 9d e2 -- 42 -- 8e b3 77 7e 58 79 -- 34 d2 -- -- -- 80 -- -- 59 -- -- -- -- -- -- -- 22 -- -- -- -- 96 -- -- -- 6e -- -- 3c -- 32 -- -- 36 a3 9e d6 1e -- -- -- 6b ba -- 19 -- -- c7 -- -- -- 11 -- 89 -- -- -- -- -- -- c5 e7 5d -- -- -- -- -- -- 9a 44 -- -- -- -- -- -- -- -- -- -- cc -- -- -- 3f b2 -- -- -- -- 1a d7 -- -- -- -- a5 -- ed -- 13 -- -- -- 84 64 -- -- cb 7b b1 eb ee 91 fc 6c b0 -- f2 -- -- -- 68 fb 73 78 -- -- -- -- -- dc 

solutions so far:0 maxDepth:9 
iterations:2687112  skipped: 6 
Depth skipped: 
0 0 6 0 0 0 0 0 0 0 0 0 0 0 0 0 0 0 0 0 0 0 0 0 0 0 0 0 0 0 0 0 

running time: 300 sec
 depth:6
 0  1  2  3  4  5  6  7  8  9  a  b  c  d  e  f 10 11 12 13 14 15 16 17 18 19 1a 1b 1c 1d 1e 1f 20 21 22 23 24 25 26 27 28 29 2a 2b 2c 2d 2e 2f 30 31 32 33 34 35 36 37 38 39 3a 3b 3c 3d 3e 3f 40 41 42 43 44 45 46 47 48 49 4a 4b 4c 4d 4e 4f 50 51 52 53 54 55 56 57 58 59 5a 5b 5c 5d 5e 5f 60 61 62 63 64 65 66 67 68 69 6a 6b 6c 6d 6e 6f 70 71 72 73 74 75 76 77 78 79 7a 7b 7c 7d 7e 7f 80 81 82 83 84 85 86 87 88 89 8a 8b 8c 8d 8e 8f 90 91 92 93 94 95 96 97 98 99 9a 9b 9c 9d 9e 9f a0 a1 a2 a3 a4 a5 a6 a7 a8 a9 aa ab ac ad ae af b0 b1 b2 b3 b4 b5 b6 b7 b8 b9 ba bb bc bd be bf c0 c1 c2 c3 c4 c5 c6 c7 c8 c9 ca cb cc cd ce cf d0 d1 d2 d3 d4 d5 d6 d7 d8 d9 da db dc dd de df e0 e1 e2 e3 e4 e5 e6 e7 e8 e9 ea eb ec ed ee ef f0 f1 f2 f3 f4 f5 f6 f7 f8 f9 fa fb fc fd fe ff 
 0  1  2 b5  4 e9 bd dc  8 64  5 a9 ad a1 6f -- 10 -- c8 --  a -- 85 f6 8d -- 95 -- de 78 -- e2 20 -- -- -- 47 f9 -- 98 14 ff -- -- dd -- 3b -- cd -- -- 33 fd -- -- -- 6b 82 f0 -- -- -- 13 -- 40 -- -- -- -- -- -- -- 8e -- 25 -- -- -- e7 4f 28 -- 29 -- -- 88 -- e3 6d -- -- -- 76 -- -- -- 4d -- -- -- -- -- 66 -- 2d -- -- -- -- -- -- -- d6 -- d3 -- 37 b3 -- b4 -- 79 -- -- 26 -- -- -- 80 -- -- 59 -- -- -- -- -- -- -- 22 -- -- -- -- cb -- -- -- 4a -- -- a0 -- 1e -- -- 19 b6 9e a4 50 -- -- -- 52 5b --  f -- -- c7 -- -- -- 11 -- da -- -- -- -- -- -- 63 ec c6 -- -- -- -- -- -- 9a 44 -- -- -- -- -- -- -- -- -- -- cc -- -- -- 5a b2 -- -- -- -- -- d7 -- -- -- -- -- -- -- -- 7b -- -- -- 71 3c -- -- 6e 9f b1 eb -- bb bf 32 -- -- f2 -- -- -- -- 41 4c 97 -- -- -- -- -- 94 

solutions so far:0 maxDepth:9 
iterations:5070035  skipped: 11 
Depth skipped: 
0 0 11 0 0 0 0 0 0 0 0 0 0 0 0 0 0 0 0 0 0 0 0 0 0 0 0 0 0 0 0 0 

running time: 600 sec
 depth:6
 0  1  2  3  4  5  6  7  8  9  a  b  c  d  e  f 10 11 12 13 14 15 16 17 18 19 1a 1b 1c 1d 1e 1f 20 21 22 23 24 25 26 27 28 29 2a 2b 2c 2d 2e 2f 30 31 32 33 34 35 36 37 38 39 3a 3b 3c 3d 3e 3f 40 41 42 43 44 45 46 47 48 49 4a 4b 4c 4d 4e 4f 50 51 52 53 54 55 56 57 58 59 5a 5b 5c 5d 5e 5f 60 61 62 63 64 65 66 67 68 69 6a 6b 6c 6d 6e 6f 70 71 72 73 74 75 76 77 78 79 7a 7b 7c 7d 7e 7f 80 81 82 83 84 85 86 87 88 89 8a 8b 8c 8d 8e 8f 90 91 92 93 94 95 96 97 98 99 9a 9b 9c 9d 9e 9f a0 a1 a2 a3 a4 a5 a6 a7 a8 a9 aa ab ac ad ae af b0 b1 b2 b3 b4 b5 b6 b7 b8 b9 ba bb bc bd be bf c0 c1 c2 c3 c4 c5 c6 c7 c8 c9 ca cb cc cd ce cf d0 d1 d2 d3 d4 d5 d6 d7 d8 d9 da db dc dd de df e0 e1 e2 e3 e4 e5 e6 e7 e8 e9 ea eb ec ed ee ef f0 f1 f2 f3 f4 f5 f6 f7 f8 f9 fa fb fc fd fe ff 
 0  1  2 b5  4 d9 bd ef  8 c5 65 34 ad b7  9 -- 10 -- 5d -- ca -- 68 f7 8d -- b9 -- 12 f8 -- 3f 20 -- -- -- ba 53 -- 5e 43 15 -- -- d0 -- 39 -- cd -- -- 33 a5 -- -- -- 24 3d 27 -- -- -- 7e -- 40 -- -- -- -- -- -- -- a3 -- a6 -- -- -- bc 4f 86 -- 2a -- -- 88 -- e3 77 -- -- -- 72 -- -- -- 4d -- -- -- -- -- 66 -- 9d -- -- -- -- -- -- -- 48 -- 7a -- 4e b3 --  d -- 79 -- -- fc -- -- -- 80 -- -- 59 -- -- -- -- -- -- -- 22 -- -- -- -- 91 -- -- -- 9b -- -- 61 -- 3e -- -- af 58 9e a8 db -- -- -- 54 2c -- 1f -- -- c7 -- -- -- 11 -- ee -- -- -- -- -- --  b e4 16 -- -- -- -- -- -- 9a 44 -- -- -- -- -- -- -- -- -- -- cc -- -- -- ed b2 -- -- -- -- -- d7 -- -- -- -- -- -- -- -- 90 -- -- -- f4 7c -- -- 9c 87 b1 eb -- b0 1a 89 -- -- f2 -- -- -- -- f5 2f c2 -- -- -- -- -- e1 

solutions so far:0 maxDepth:9 
iterations:8367323  skipped: 19 
Depth skipped: 
0 0 19 0 0 0 0 0 0 0 0 0 0 0 0 0 0 0 0 0 0 0 0 0 0 0 0 0 0 0 0 0 

running time: 900 sec
 depth:6
 0  1  2  3  4  5  6  7  8  9  a  b  c  d  e  f 10 11 12 13 14 15 16 17 18 19 1a 1b 1c 1d 1e 1f 20 21 22 23 24 25 26 27 28 29 2a 2b 2c 2d 2e 2f 30 31 32 33 34 35 36 37 38 39 3a 3b 3c 3d 3e 3f 40 41 42 43 44 45 46 47 48 49 4a 4b 4c 4d 4e 4f 50 51 52 53 54 55 56 57 58 59 5a 5b 5c 5d 5e 5f 60 61 62 63 64 65 66 67 68 69 6a 6b 6c 6d 6e 6f 70 71 72 73 74 75 76 77 78 79 7a 7b 7c 7d 7e 7f 80 81 82 83 84 85 86 87 88 89 8a 8b 8c 8d 8e 8f 90 91 92 93 94 95 96 97 98 99 9a 9b 9c 9d 9e 9f a0 a1 a2 a3 a4 a5 a6 a7 a8 a9 aa ab ac ad ae af b0 b1 b2 b3 b4 b5 b6 b7 b8 b9 ba bb bc bd be bf c0 c1 c2 c3 c4 c5 c6 c7 c8 c9 ca cb cc cd ce cf d0 d1 d2 d3 d4 d5 d6 d7 d8 d9 da db dc dd de df e0 e1 e2 e3 e4 e5 e6 e7 e8 e9 ea eb ec ed ee ef f0 f1 f2 f3 f4 f5 f6 f7 f8 f9 fa fb fc fd fe ff 
 0  1  2 b5  4 c9 bd 29  8 3c 45 99 ad 70 52 -- 10 -- 78 -- 8a -- e5  a 8d -- e0 -- a4 25 -- d6 20 -- -- -- f0 35 -- 76 c3 fe -- -- 1d -- 14 -- cd -- -- 33 17 -- -- -- 9f 6f 4a -- -- -- 7b -- 40 -- -- -- -- -- -- -- 37 -- 6a -- -- -- ec 4f 51 -- 2b -- -- 88 -- e3 3a -- -- -- 28 -- -- -- 4d -- -- -- -- -- 66 -- 2e -- -- -- -- -- -- -- e9 -- de -- 94 b3 -- b8 -- 79 -- -- f6 -- -- -- 80 -- -- 59 -- -- -- -- -- -- -- 22 -- -- -- -- 6e -- -- -- d4 -- -- 93 -- 97 -- --  f 1c 9e ac a2 -- -- -- 56  e -- a0 -- -- c7 -- -- -- 11 -- 74 -- -- -- -- -- -- e8 50  7 -- -- -- -- -- -- 9a 44 -- -- -- -- -- -- -- -- -- -- cc -- -- -- 5c b2 -- -- -- -- -- d7 -- -- -- -- -- -- -- --  5 -- -- -- 6b f9 -- -- ff 8f b1 eb -- 38 a7 1e -- -- f2 -- -- -- -- dc 3b f1 -- -- -- -- -- 7f 

solutions so far:0 maxDepth:9 
iterations:10985186  skipped: 26 
Depth skipped: 
0 0 26 0 0 0 0 0 0 0 0 0 0 0 0 0 0 0 0 0 0 0 0 0 0 0 0 0 0 0 0 0 

running time: 1200 sec
 depth:7
 0  1  2  3  4  5  6  7  8  9  a  b  c  d  e  f 10 11 12 13 14 15 16 17 18 19 1a 1b 1c 1d 1e 1f 20 21 22 23 24 25 26 27 28 29 2a 2b 2c 2d 2e 2f 30 31 32 33 34 35 36 37 38 39 3a 3b 3c 3d 3e 3f 40 41 42 43 44 45 46 47 48 49 4a 4b 4c 4d 4e 4f 50 51 52 53 54 55 56 57 58 59 5a 5b 5c 5d 5e 5f 60 61 62 63 64 65 66 67 68 69 6a 6b 6c 6d 6e 6f 70 71 72 73 74 75 76 77 78 79 7a 7b 7c 7d 7e 7f 80 81 82 83 84 85 86 87 88 89 8a 8b 8c 8d 8e 8f 90 91 92 93 94 95 96 97 98 99 9a 9b 9c 9d 9e 9f a0 a1 a2 a3 a4 a5 a6 a7 a8 a9 aa ab ac ad ae af b0 b1 b2 b3 b4 b5 b6 b7 b8 b9 ba bb bc bd be bf c0 c1 c2 c3 c4 c5 c6 c7 c8 c9 ca cb cc cd ce cf d0 d1 d2 d3 d4 d5 d6 d7 d8 d9 da db dc dd de df e0 e1 e2 e3 e4 e5 e6 e7 e8 e9 ea eb ec ed ee ef f0 f1 f2 f3 f4 f5 f6 f7 f8 f9 fa fb fc fd fe ff 
 0  1  2 b5  4 b9 bd 19  8 2f a5 74 ad 5c 32 75 10 -- 5e -- 9d -- e8 cb 8d -- b8 -- 64 26 ea 91 20 -- -- -- bc d0 -- f4 ed 16 -- --  7 -- 41 -- cd -- -- 33 a7 -- -- 18 c8 5d 4c aa  3 -- f5 -- 40 -- -- -- -- -- -- -- af -- 77 -- -- -- 3f 4f  d -- 2c -- -- 88 -- e3  e -- -- -- 82 -- -- -- 4d -- -- -- -- -- 66 -- 99 -- -- ae -- -- 30 c0 47 -- ba -- 98 b3 83 1d  6 79 -- c1 3d -- -- -- 80 -- -- 59 -- -- -- -- -- -- -- 22 -- -- -- -- 89 -- -- -- ee -- -- 34 -- e2 -- -- 7e 17 9e b0 1a -- -- -- 58 e0 -- 71 -- -- c7 -- -- -- 11 -- 1c -- -- -- -- -- -- 38 d3 70 -- -- -- -- -- -- 9a 44 -- -- -- -- -- -- -- -- -- -- cc -- -- -- e5 b2 -- -- -- -- 8b d7 -- -- -- -- 60 -- 57 -- 8e -- -- -- a3 13 -- -- e7 b7 b1 eb d1 2e 3a fc  c -- f2 -- -- -- 55 c5 7a 68 -- -- -- -- --  b 

solutions so far:0 maxDepth:9 
iterations:13199667  skipped: 33 
Depth skipped: 
0 0 33 0 0 0 0 0 0 0 0 0 0 0 0 0 0 0 0 0 0 0 0 0 0 0 0 0 0 0 0 0 

running time: 1500 sec
 depth:7
 0  1  2  3  4  5  6  7  8  9  a  b  c  d  e  f 10 11 12 13 14 15 16 17 18 19 1a 1b 1c 1d 1e 1f 20 21 22 23 24 25 26 27 28 29 2a 2b 2c 2d 2e 2f 30 31 32 33 34 35 36 37 38 39 3a 3b 3c 3d 3e 3f 40 41 42 43 44 45 46 47 48 49 4a 4b 4c 4d 4e 4f 50 51 52 53 54 55 56 57 58 59 5a 5b 5c 5d 5e 5f 60 61 62 63 64 65 66 67 68 69 6a 6b 6c 6d 6e 6f 70 71 72 73 74 75 76 77 78 79 7a 7b 7c 7d 7e 7f 80 81 82 83 84 85 86 87 88 89 8a 8b 8c 8d 8e 8f 90 91 92 93 94 95 96 97 98 99 9a 9b 9c 9d 9e 9f a0 a1 a2 a3 a4 a5 a6 a7 a8 a9 aa ab ac ad ae af b0 b1 b2 b3 b4 b5 b6 b7 b8 b9 ba bb bc bd be bf c0 c1 c2 c3 c4 c5 c6 c7 c8 c9 ca cb cc cd ce cf d0 d1 d2 d3 d4 d5 d6 d7 d8 d9 da db dc dd de df e0 e1 e2 e3 e4 e5 e6 e7 e8 e9 ea eb ec ed ee ef f0 f1 f2 f3 f4 f5 f6 f7 f8 f9 fa fb fc fd fe ff 
 0  1  2 b5  4 9c bd d4  8 23 ef 54 ad c2 7f 68 10 -- 46 --  9 -- a8 8f 8d -- 53 -- fe 93 d0 c4 20 -- -- -- 8c 39 -- 81 12 3e -- -- 87 -- c9 -- cd -- -- 33 a6 -- -- 16 2b f3 f1  d 77 -- 5f -- 40 -- -- -- -- -- -- -- cf -- 72 -- -- -- d5 4f 24 -- 7c -- -- 88 -- e3 d9 -- -- -- 45 -- -- -- 4d -- -- -- -- -- 66 -- 9b -- -- b9 -- -- 2c b0 56 -- 31 -- 35 b3 1a 15 ee 79 -- 9d be -- -- -- 80 -- -- 59 -- -- -- -- -- -- -- 22 -- -- -- -- 49 -- -- -- e4 -- -- 90 -- 51 -- -- 7d db 9e 27 48 -- -- -- f8 86 -- c3 -- -- c7 -- -- -- 11 -- 65 -- -- -- -- -- -- ca 8a 43 -- -- -- -- -- -- 9a 44 -- -- -- -- -- -- -- -- -- -- cc -- -- -- e1 b2 -- -- -- -- a5 d7 -- -- -- -- 58 -- b7 -- ac -- -- -- 62 a2 -- -- 6a 4e b1 eb 34 61 2a fa  b -- f2 -- -- -- ed 92 ab f7 -- -- -- -- -- 1f 

solutions so far:0 maxDepth:9 
iterations:15434720  skipped: 50 
Depth skipped: 
0 0 50 0 0 0 0 0 0 0 0 0 0 0 0 0 0 0 0 0 0 0 0 0 0 0 0 0 0 0 0 0 

running time: 1800 sec
 depth:7
 0  1  2  3  4  5  6  7  8  9  a  b  c  d  e  f 10 11 12 13 14 15 16 17 18 19 1a 1b 1c 1d 1e 1f 20 21 22 23 24 25 26 27 28 29 2a 2b 2c 2d 2e 2f 30 31 32 33 34 35 36 37 38 39 3a 3b 3c 3d 3e 3f 40 41 42 43 44 45 46 47 48 49 4a 4b 4c 4d 4e 4f 50 51 52 53 54 55 56 57 58 59 5a 5b 5c 5d 5e 5f 60 61 62 63 64 65 66 67 68 69 6a 6b 6c 6d 6e 6f 70 71 72 73 74 75 76 77 78 79 7a 7b 7c 7d 7e 7f 80 81 82 83 84 85 86 87 88 89 8a 8b 8c 8d 8e 8f 90 91 92 93 94 95 96 97 98 99 9a 9b 9c 9d 9e 9f a0 a1 a2 a3 a4 a5 a6 a7 a8 a9 aa ab ac ad ae af b0 b1 b2 b3 b4 b5 b6 b7 b8 b9 ba bb bc bd be bf c0 c1 c2 c3 c4 c5 c6 c7 c8 c9 ca cb cc cd ce cf d0 d1 d2 d3 d4 d5 d6 d7 d8 d9 da db dc dd de df e0 e1 e2 e3 e4 e5 e6 e7 e8 e9 ea eb ec ed ee ef f0 f1 f2 f3 f4 f5 f6 f7 f8 f9 fa fb fc fd fe ff 
 0  1  2 b5  4 94 bd 30  8 6c ff 8a ad fe 60 2a 10 -- d8 -- 29 -- c3 c1 8d -- 2b -- c0  3 54 84 20 -- -- -- 67  a -- 73 52 a0 -- -- 51 -- 55 -- cd -- -- 33 56 -- -- 65 57 fb  6 9b a8 -- df -- 40 -- -- -- -- -- -- -- ce -- 14 -- -- -- e6 4f a4 -- 97 -- -- 88 -- e3 a2 -- -- -- aa -- -- -- 4d -- -- -- -- -- 66 -- ac -- -- 61 -- -- ca 86 ae -- 21 --  c b3 e1 c9 87 79 -- 53 69 -- -- -- 80 -- -- 59 -- -- -- -- -- -- -- 22 -- -- -- -- 4b -- -- -- 28 -- -- e9 -- 75 -- -- 1b d4 9e 25 9f -- -- -- f9 6a -- d1 -- -- c7 -- -- -- 11 -- 93 -- -- -- -- -- -- f1 83 35 -- -- -- -- -- -- 9a 44 -- -- -- -- -- -- -- -- -- -- cc -- -- -- 8f b2 -- -- -- -- c2 d7 -- -- -- -- 43 -- db -- 8b -- -- -- 42 ea -- -- 18 4a b1 eb 15 7f 45 36 d9 -- f2 -- -- -- a6 96 d2  5 -- -- -- -- -- 50 

solutions so far:0 maxDepth:9 
iterations:17340153  skipped: 55 
Depth skipped: 
0 0 55 0 0 0 0 0 0 0 0 0 0 0 0 0 0 0 0 0 0 0 0 0 0 0 0 0 0 0 0 0 

running time: 2100 sec
 depth:6
 0  1  2  3  4  5  6  7  8  9  a  b  c  d  e  f 10 11 12 13 14 15 16 17 18 19 1a 1b 1c 1d 1e 1f 20 21 22 23 24 25 26 27 28 29 2a 2b 2c 2d 2e 2f 30 31 32 33 34 35 36 37 38 39 3a 3b 3c 3d 3e 3f 40 41 42 43 44 45 46 47 48 49 4a 4b 4c 4d 4e 4f 50 51 52 53 54 55 56 57 58 59 5a 5b 5c 5d 5e 5f 60 61 62 63 64 65 66 67 68 69 6a 6b 6c 6d 6e 6f 70 71 72 73 74 75 76 77 78 79 7a 7b 7c 7d 7e 7f 80 81 82 83 84 85 86 87 88 89 8a 8b 8c 8d 8e 8f 90 91 92 93 94 95 96 97 98 99 9a 9b 9c 9d 9e 9f a0 a1 a2 a3 a4 a5 a6 a7 a8 a9 aa ab ac ad ae af b0 b1 b2 b3 b4 b5 b6 b7 b8 b9 ba bb bc bd be bf c0 c1 c2 c3 c4 c5 c6 c7 c8 c9 ca cb cc cd ce cf d0 d1 d2 d3 d4 d5 d6 d7 d8 d9 da db dc dd de df e0 e1 e2 e3 e4 e5 e6 e7 e8 e9 ea eb ec ed ee ef f0 f1 f2 f3 f4 f5 f6 f7 f8 f9 fa fb fc fd fe ff 
 0  1  2 b5  4 84 bd 60  8 81 df 25 ad  a c0 -- 10 -- d5 -- 69 -- 4a 55 8d -- 14 -- 57  6 -- 92 20 -- -- -- 7d 6c -- c4 d2 4b -- -- 94 -- aa -- cd -- -- 33 28 -- -- -- ae 8c  c -- -- -- f3 -- 40 -- -- -- -- -- -- -- fa -- d8 -- -- -- 5f 4f 73 -- 96 -- -- 88 -- e3 ff -- -- -- 83 -- -- -- 4d -- -- -- -- -- 66 -- 50 -- -- -- -- -- -- -- 8b -- cf -- 18 b3 -- 97 -- 79 -- -- 31 -- -- -- 80 -- -- 59 -- -- -- -- -- -- -- 22 -- -- -- -- 23 -- -- -- 67 -- -- 1b -- ea -- -- be e9 9e 21 e6 -- -- -- fb 9f -- 75 -- -- c7 -- -- -- 11 -- 29 -- -- -- -- -- -- 52 d1 a4 -- -- -- -- -- -- 9a 44 -- -- -- -- -- -- -- -- -- -- cc -- -- -- a0 b2 -- -- -- -- -- d7 -- -- -- -- -- -- -- -- c1 -- -- -- 49  3 -- -- 30 42 b1 eb --  5 f9 ab -- -- f2 -- -- -- -- 46 62 36 -- -- -- -- -- ce 

solutions so far:0 maxDepth:9 
iterations:20119114  skipped: 64 
Depth skipped: 
0 0 64 0 0 0 0 0 0 0 0 0 0 0 0 0 0 0 0 0 0 0 0 0 0 0 0 0 0 0 0 0 

running time: 2400 sec
 depth:7
 0  1  2  3  4  5  6  7  8  9  a  b  c  d  e  f 10 11 12 13 14 15 16 17 18 19 1a 1b 1c 1d 1e 1f 20 21 22 23 24 25 26 27 28 29 2a 2b 2c 2d 2e 2f 30 31 32 33 34 35 36 37 38 39 3a 3b 3c 3d 3e 3f 40 41 42 43 44 45 46 47 48 49 4a 4b 4c 4d 4e 4f 50 51 52 53 54 55 56 57 58 59 5a 5b 5c 5d 5e 5f 60 61 62 63 64 65 66 67 68 69 6a 6b 6c 6d 6e 6f 70 71 72 73 74 75 76 77 78 79 7a 7b 7c 7d 7e 7f 80 81 82 83 84 85 86 87 88 89 8a 8b 8c 8d 8e 8f 90 91 92 93 94 95 96 97 98 99 9a 9b 9c 9d 9e 9f a0 a1 a2 a3 a4 a5 a6 a7 a8 a9 aa ab ac ad ae af b0 b1 b2 b3 b4 b5 b6 b7 b8 b9 ba bb bc bd be bf c0 c1 c2 c3 c4 c5 c6 c7 c8 c9 ca cb cc cd ce cf d0 d1 d2 d3 d4 d5 d6 d7 d8 d9 da db dc dd de df e0 e1 e2 e3 e4 e5 e6 e7 e8 e9 ea eb ec ed ee ef f0 f1 f2 f3 f4 f5 f6 f7 f8 f9 fa fb fc fd fe ff 
 0  1  2 b5  4 73 bd 95  8 87 e6 5d ad fc fd 8c 10 -- d9 -- 1b -- ba a9 8d -- 2f -- 2d 5b cf 53 20 -- -- -- 65 4b -- 15 36 42 -- -- a3 -- 85 -- cd -- -- 33 5e -- -- 31 5a db b6 fa 49 -- a6 -- 40 -- -- -- -- -- -- -- ca -- 96 -- -- -- 2a 4f 6c -- 84 -- -- 88 -- e3 91 -- -- -- dd -- -- -- 4d -- -- -- -- -- 66 -- bc -- -- ab -- -- 62 5f b4 -- 61 -- bb b3 23 89 92 79 -- d5 9b -- -- -- 80 -- -- 59 -- -- -- -- -- -- -- 22 -- -- -- -- 43 -- -- -- fb -- -- 67 -- 63 -- -- 54 3f 9e 69 d8 -- -- -- df f4 -- da -- -- c7 -- -- -- 11 -- f5 -- -- -- -- -- -- 3d 6d 7a -- -- -- -- -- -- 9a 44 -- -- -- -- -- -- -- -- -- -- cc -- -- -- af b2 -- -- -- -- 81 d7 -- -- -- -- c4 -- be -- bf -- -- -- c2 c6 -- -- a1 d2 b1 eb 46 7e c5 a8 f3 -- f2 -- -- -- 7d 86 e1 ce -- -- -- -- -- 21 

solutions so far:0 maxDepth:10 
iterations:23551070  skipped: 74 
Depth skipped: 
0 0 74 0 0 0 0 0 0 0 0 0 0 0 0 0 0 0 0 0 0 0 0 0 0 0 0 0 0 0 0 0 

running time: 2700 sec
 depth:6
 0  1  2  3  4  5  6  7  8  9  a  b  c  d  e  f 10 11 12 13 14 15 16 17 18 19 1a 1b 1c 1d 1e 1f 20 21 22 23 24 25 26 27 28 29 2a 2b 2c 2d 2e 2f 30 31 32 33 34 35 36 37 38 39 3a 3b 3c 3d 3e 3f 40 41 42 43 44 45 46 47 48 49 4a 4b 4c 4d 4e 4f 50 51 52 53 54 55 56 57 58 59 5a 5b 5c 5d 5e 5f 60 61 62 63 64 65 66 67 68 69 6a 6b 6c 6d 6e 6f 70 71 72 73 74 75 76 77 78 79 7a 7b 7c 7d 7e 7f 80 81 82 83 84 85 86 87 88 89 8a 8b 8c 8d 8e 8f 90 91 92 93 94 95 96 97 98 99 9a 9b 9c 9d 9e 9f a0 a1 a2 a3 a4 a5 a6 a7 a8 a9 aa ab ac ad ae af b0 b1 b2 b3 b4 b5 b6 b7 b8 b9 ba bb bc bd be bf c0 c1 c2 c3 c4 c5 c6 c7 c8 c9 ca cb cc cd ce cf d0 d1 d2 d3 d4 d5 d6 d7 d8 d9 da db dc dd de df e0 e1 e2 e3 e4 e5 e6 e7 e8 e9 ea eb ec ed ee ef f0 f1 f2 f3 f4 f5 f6 f7 f8 f9 fa fb fc fd fe ff 
 0  1  2 b5  4 69 bd 93  8  f d2 c4 ad 8c f1 -- 10 -- 1e -- 73 -- 5f fe 8d -- cf -- 35 8a -- de 20 -- -- -- 3c 67 -- f6 e6 fb -- -- be -- 2b -- cd -- -- 33 49 -- -- -- 6a 6e c3 -- -- -- 6b -- 40 -- -- -- -- -- -- -- 78 -- ce -- -- -- 3b 4f 1b -- 21 -- -- 88 -- e3 ab -- -- -- 56 -- -- -- 4d -- -- -- -- -- 66 -- 92 -- -- -- -- -- -- -- d4 -- dc -- 51 b3 -- 31 -- 79 -- -- d6 -- -- -- 80 -- -- 59 -- -- -- -- -- -- -- 22 -- -- -- -- f0 -- -- -- 4b -- -- 6c -- c9 -- -- 76 23 9e 84 36 -- -- -- 42 fa -- 8f -- -- c7 -- -- -- 11 -- 81 -- -- -- -- -- -- d5 ac 7d -- -- -- -- -- -- 9a 44 -- -- -- -- -- -- -- -- -- -- cc -- -- -- f3 b2 -- -- -- -- -- d7 -- -- -- -- -- -- -- -- 7f -- -- -- 6f 45 -- -- a2 df b1 eb -- 46 62 ec -- -- f2 -- -- -- -- 37 7b d8 -- -- -- -- -- 96 

solutions so far:0 maxDepth:10 
iterations:25777060  skipped: 81 
Depth skipped: 
0 0 81 0 0 0 0 0 0 0 0 0 0 0 0 0 0 0 0 0 0 0 0 0 0 0 0 0 0 0 0 0 

running time: 3000 sec
 depth:7
 0  1  2  3  4  5  6  7  8  9  a  b  c  d  e  f 10 11 12 13 14 15 16 17 18 19 1a 1b 1c 1d 1e 1f 20 21 22 23 24 25 26 27 28 29 2a 2b 2c 2d 2e 2f 30 31 32 33 34 35 36 37 38 39 3a 3b 3c 3d 3e 3f 40 41 42 43 44 45 46 47 48 49 4a 4b 4c 4d 4e 4f 50 51 52 53 54 55 56 57 58 59 5a 5b 5c 5d 5e 5f 60 61 62 63 64 65 66 67 68 69 6a 6b 6c 6d 6e 6f 70 71 72 73 74 75 76 77 78 79 7a 7b 7c 7d 7e 7f 80 81 82 83 84 85 86 87 88 89 8a 8b 8c 8d 8e 8f 90 91 92 93 94 95 96 97 98 99 9a 9b 9c 9d 9e 9f a0 a1 a2 a3 a4 a5 a6 a7 a8 a9 aa ab ac ad ae af b0 b1 b2 b3 b4 b5 b6 b7 b8 b9 ba bb bc bd be bf c0 c1 c2 c3 c4 c5 c6 c7 c8 c9 ca cb cc cd ce cf d0 d1 d2 d3 d4 d5 d6 d7 d8 d9 da db dc dd de df e0 e1 e2 e3 e4 e5 e6 e7 e8 e9 ea eb ec ed ee ef f0 f1 f2 f3 f4 f5 f6 f7 f8 f9 fa fb fc fd fe ff 
 0  1  2 b5  4 54 bd 77  8 62 a8 fd ad 63 ee 6f 10 -- c4 -- 87 -- 2d b0 8d -- c6 --  b 1a de 23 20 -- -- -- 5f db -- 49 d9 a6 -- -- 5a -- b7 -- cd -- -- 33 5b -- -- f6 16 d5 34 37 6b -- 46 -- 40 -- -- -- -- -- -- -- be -- 61 -- -- -- 92 4f 65 -- 9b -- -- 88 -- e3 b4 -- -- -- b9 -- -- -- 4d -- -- -- -- -- 66 -- b6 -- -- 1e -- -- 3b ec 2c -- 7d -- 68 b3 6e a1 d6 79 -- 78 8c -- -- -- 80 -- -- 59 -- -- -- -- -- -- -- 22 -- -- -- -- ab -- -- -- c2 -- -- 43 -- ed -- -- f3 6d 9e 15 ca -- -- -- e1 dd -- 9d -- -- c7 -- -- -- 11 -- bf -- -- -- -- -- -- a9 a5 85 -- -- -- -- -- -- 9a 44 -- -- -- -- -- -- -- -- -- -- cc -- -- -- bb b2 -- -- -- -- 3c d7 -- -- -- -- 76 --  f -- 58 -- -- -- fa  d -- -- d0 2a b1 eb dc da 95 31 7b -- f2 -- -- -- f0 81 cf 86 -- -- -- -- -- 53 

solutions so far:0 maxDepth:10 
iterations:28013401  skipped: 94 
Depth skipped: 
0 0 94 0 0 0 0 0 0 0 0 0 0 0 0 0 0 0 0 0 0 0 0 0 0 0 0 0 0 0 0 0 

running time: 3300 sec
 depth:8
 0  1  2  3  4  5  6  7  8  9  a  b  c  d  e  f 10 11 12 13 14 15 16 17 18 19 1a 1b 1c 1d 1e 1f 20 21 22 23 24 25 26 27 28 29 2a 2b 2c 2d 2e 2f 30 31 32 33 34 35 36 37 38 39 3a 3b 3c 3d 3e 3f 40 41 42 43 44 45 46 47 48 49 4a 4b 4c 4d 4e 4f 50 51 52 53 54 55 56 57 58 59 5a 5b 5c 5d 5e 5f 60 61 62 63 64 65 66 67 68 69 6a 6b 6c 6d 6e 6f 70 71 72 73 74 75 76 77 78 79 7a 7b 7c 7d 7e 7f 80 81 82 83 84 85 86 87 88 89 8a 8b 8c 8d 8e 8f 90 91 92 93 94 95 96 97 98 99 9a 9b 9c 9d 9e 9f a0 a1 a2 a3 a4 a5 a6 a7 a8 a9 aa ab ac ad ae af b0 b1 b2 b3 b4 b5 b6 b7 b8 b9 ba bb bc bd be bf c0 c1 c2 c3 c4 c5 c6 c7 c8 c9 ca cb cc cd ce cf d0 d1 d2 d3 d4 d5 d6 d7 d8 d9 da db dc dd de df e0 e1 e2 e3 e4 e5 e6 e7 e8 e9 ea eb ec ed ee ef f0 f1 f2 f3 f4 f5 f6 f7 f8 f9 fa fb fc fd fe ff 
 0  1  2 b5  4 4b bd 37  8 51 96  9 ad 3e 6e e7 10 a9 a2 -- fb -- 12 d6 8d -- 7c -- dc 1e 19 2b 20 -- 85 -- 93 d2 -- c9 21 36 -- -- 24 -- 7b -- cd -- -- 33 f8 -- -- 47 6f d4 3c 26 32 -- 56 -- 40 -- -- -- dd -- -- -- f1 -- 73 -- -- 5a 45 4f 42 -- 6c -- -- 88 -- e3 48 63 -- -- f6 -- -- -- 4d -- -- -- -- -- 66 -- 27 -- -- d3 -- -- 8e 41 de -- 7f -- 78 b3 4c 9c 64 79 -- e2 ac -- -- -- 80 -- -- 59 -- -- -- -- 6d -- -- 22 -- fd -- -- 35 -- -- -- e6 -- -- df -- ec b4 -- 8a e4 9e 67 84 -- -- -- d8 72 -- 76 -- -- c7 -- -- 95 11 -- 90 b6 c6 5b -- bb -- f7 3b 39 -- -- -- a1 -- -- 9a 44 -- -- -- -- -- da -- -- -- -- cc 2d -- -- 4e b2 -- -- -- -- 71 d7 -- -- -- -- cb -- 82 -- 6b -- -- bf fe  f -- -- f0 ce b1 eb 98 1f ef c3 c8 -- f2 -- -- -- 13 6a 8f 69 -- -- -- -- -- 1b 

solutions so far:0 maxDepth:10 
iterations:30965521  skipped: 97 
Depth skipped: 
0 0 97 0 0 0 0 0 0 0 0 0 0 0 0 0 0 0 0 0 0 0 0 0 0 0 0 0 0 0 0 0 

running time: 3600 sec
 depth:7
 0  1  2  3  4  5  6  7  8  9  a  b  c  d  e  f 10 11 12 13 14 15 16 17 18 19 1a 1b 1c 1d 1e 1f 20 21 22 23 24 25 26 27 28 29 2a 2b 2c 2d 2e 2f 30 31 32 33 34 35 36 37 38 39 3a 3b 3c 3d 3e 3f 40 41 42 43 44 45 46 47 48 49 4a 4b 4c 4d 4e 4f 50 51 52 53 54 55 56 57 58 59 5a 5b 5c 5d 5e 5f 60 61 62 63 64 65 66 67 68 69 6a 6b 6c 6d 6e 6f 70 71 72 73 74 75 76 77 78 79 7a 7b 7c 7d 7e 7f 80 81 82 83 84 85 86 87 88 89 8a 8b 8c 8d 8e 8f 90 91 92 93 94 95 96 97 98 99 9a 9b 9c 9d 9e 9f a0 a1 a2 a3 a4 a5 a6 a7 a8 a9 aa ab ac ad ae af b0 b1 b2 b3 b4 b5 b6 b7 b8 b9 ba bb bc bd be bf c0 c1 c2 c3 c4 c5 c6 c7 c8 c9 ca cb cc cd ce cf d0 d1 d2 d3 d4 d5 d6 d7 d8 d9 da db dc dd de df e0 e1 e2 e3 e4 e5 e6 e7 e8 e9 ea eb ec ed ee ef f0 f1 f2 f3 f4 f5 f6 f7 f8 f9 fa fb fc fd fe ff 
 0  1  2 b5  4 31 bd a9  8 ca 62 75 ad ae 85 4a 10 -- 43 -- c4 -- ea c6 8d -- 8b -- dd 2d 94 e1 20 -- -- -- 86 7d -- a8 5f 8c -- --  3 -- 5b -- cd -- -- 33 c1 -- -- a4 6d 53 5a 97 ff -- 15 -- 40 -- -- -- -- -- -- -- db -- fa -- -- -- 87 4f be -- cf -- -- 88 -- e3  6 -- -- -- b6 -- -- -- 4d -- -- -- -- -- 66 -- 55 -- -- 14 -- -- 9f  5 da -- a6 -- b4 b3 f9 83 29 79 -- 50 2a -- -- -- 80 -- -- 59 -- -- -- -- -- -- -- 22 -- -- -- -- 61 -- -- -- 23 -- -- 81 -- 95 -- -- d9 c0 9e 92 ab -- -- -- 49 60 -- a1 -- -- c7 -- -- -- 11 --  c -- -- -- -- -- -- 18 bb 30 -- -- -- -- -- -- 9a 44 -- -- -- -- -- -- -- -- -- -- cc -- -- -- aa b2 -- -- -- -- 28 d7 -- -- -- -- e9 --  a -- 63 -- -- -- 9b fd -- -- bf f3 b1 eb 25 57 d1 65 52 -- f2 -- -- -- a0 c2 54 d5 -- -- -- -- -- 46 

solutions so far:0 maxDepth:10 
iterations:34893742  skipped: 111 
Depth skipped: 
0 0 111 0 0 0 0 0 0 0 0 0 0 0 0 0 0 0 0 0 0 0 0 0 0 0 0 0 0 0 0 0 

running time: 3900 sec
 depth:6
 0  1  2  3  4  5  6  7  8  9  a  b  c  d  e  f 10 11 12 13 14 15 16 17 18 19 1a 1b 1c 1d 1e 1f 20 21 22 23 24 25 26 27 28 29 2a 2b 2c 2d 2e 2f 30 31 32 33 34 35 36 37 38 39 3a 3b 3c 3d 3e 3f 40 41 42 43 44 45 46 47 48 49 4a 4b 4c 4d 4e 4f 50 51 52 53 54 55 56 57 58 59 5a 5b 5c 5d 5e 5f 60 61 62 63 64 65 66 67 68 69 6a 6b 6c 6d 6e 6f 70 71 72 73 74 75 76 77 78 79 7a 7b 7c 7d 7e 7f 80 81 82 83 84 85 86 87 88 89 8a 8b 8c 8d 8e 8f 90 91 92 93 94 95 96 97 98 99 9a 9b 9c 9d 9e 9f a0 a1 a2 a3 a4 a5 a6 a7 a8 a9 aa ab ac ad ae af b0 b1 b2 b3 b4 b5 b6 b7 b8 b9 ba bb bc bd be bf c0 c1 c2 c3 c4 c5 c6 c7 c8 c9 ca cb cc cd ce cf d0 d1 d2 d3 d4 d5 d6 d7 d8 d9 da db dc dd de df e0 e1 e2 e3 e4 e5 e6 e7 e8 e9 ea eb ec ed ee ef f0 f1 f2 f3 f4 f5 f6 f7 f8 f9 fa fb fc fd fe ff 
 0  1  2 b5  4 21 bd 72  8 3c 42 89 ad 3f e4 -- 10 -- 78 -- 84 -- c5 27 8d -- 7e -- 1f 48 -- d6 20 -- -- -- f0 1b -- 76 df 67 -- -- 5d -- 4e -- cd -- -- 33 fc -- -- -- 3e 6f 90 -- -- -- 7b -- 40 -- -- -- -- -- -- -- 37 -- 36 -- -- -- ec 4f 69 -- ce -- -- 88 -- e3 ba -- -- -- 9c -- -- -- 4d -- -- -- -- -- 66 -- 2f -- -- -- -- -- -- -- 7c -- de -- f7 b3 -- bc -- 79 -- -- f6 -- -- -- 80 -- -- 59 -- -- -- -- -- -- -- 22 -- -- -- -- 6e -- -- -- 6c -- -- 73 -- 12 -- --  f 7a 9e 96 d2 -- -- -- 4b 3d --  9 -- -- c7 -- -- -- 11 -- a3 -- -- -- -- -- -- 91 ef f5 -- -- -- -- -- -- 9a 44 -- -- -- -- -- -- -- -- -- -- cc -- -- -- 5e b2 -- -- -- -- -- d7 -- -- -- -- -- -- -- -- f8 -- -- -- 6b 24 -- -- 39 fb b1 eb -- f4 af 1e -- -- f2 -- -- -- -- dc 3b e6 -- -- -- -- -- d8 

solutions so far:0 maxDepth:10 
iterations:37211447  skipped: 121 
Depth skipped: 
0 0 121 0 0 0 0 0 0 0 0 0 0 0 0 0 0 0 0 0 0 0 0 0 0 0 0 0 0 0 0 0 

running time: 4200 sec
 depth:6
 0  1  2  3  4  5  6  7  8  9  a  b  c  d  e  f 10 11 12 13 14 15 16 17 18 19 1a 1b 1c 1d 1e 1f 20 21 22 23 24 25 26 27 28 29 2a 2b 2c 2d 2e 2f 30 31 32 33 34 35 36 37 38 39 3a 3b 3c 3d 3e 3f 40 41 42 43 44 45 46 47 48 49 4a 4b 4c 4d 4e 4f 50 51 52 53 54 55 56 57 58 59 5a 5b 5c 5d 5e 5f 60 61 62 63 64 65 66 67 68 69 6a 6b 6c 6d 6e 6f 70 71 72 73 74 75 76 77 78 79 7a 7b 7c 7d 7e 7f 80 81 82 83 84 85 86 87 88 89 8a 8b 8c 8d 8e 8f 90 91 92 93 94 95 96 97 98 99 9a 9b 9c 9d 9e 9f a0 a1 a2 a3 a4 a5 a6 a7 a8 a9 aa ab ac ad ae af b0 b1 b2 b3 b4 b5 b6 b7 b8 b9 ba bb bc bd be bf c0 c1 c2 c3 c4 c5 c6 c7 c8 c9 ca cb cc cd ce cf d0 d1 d2 d3 d4 d5 d6 d7 d8 d9 da db dc dd de df e0 e1 e2 e3 e4 e5 e6 e7 e8 e9 ea eb ec ed ee ef f0 f1 f2 f3 f4 f5 f6 f7 f8 f9 fa fb fc fd fe ff 
 0  1  2 b5  4  c bd fe  8 b4 18 99 ad 70 2b -- 10 -- bf -- 30 -- e5 45 8d -- e0 -- 56 35 -- 5b 20 -- -- -- a9 c1 -- 95 60 d1 -- -- 1d -- 8a -- cd -- -- 33 17 -- -- -- ac da 6a -- -- -- b6 -- 40 -- -- -- -- -- -- -- 85 -- 55 -- -- -- fd 4f c0 -- 75 -- -- 88 -- e3 3a -- -- -- c3 -- -- -- 4d -- -- -- -- -- 66 -- 2e -- -- -- -- -- -- -- 8f -- 63 -- d4 b3 -- b8 -- 79 -- -- bb -- -- -- 80 -- -- 59 -- -- -- -- -- -- -- 22 -- -- -- -- dd -- -- -- aa -- -- ae -- 93 -- -- 2d 1c 9e  3 57 -- -- -- ea  e -- a2 -- -- c7 -- -- -- 11 -- 74 -- -- -- -- -- -- e8 51  7 -- -- -- -- -- -- 9a 44 -- -- -- -- -- -- -- -- -- -- cc -- -- -- 5c b2 -- -- -- -- -- d7 -- -- -- -- -- -- -- -- c9 -- -- -- c6 f1 -- -- 7f  6 b1 eb -- 38 a7 5a -- -- f2 -- -- -- -- 6d a1 8b -- -- -- -- -- 83 

solutions so far:0 maxDepth:10 
iterations:39550915  skipped: 133 
Depth skipped: 
0 0 133 0 0 0 0 0 0 0 0 0 0 0 0 0 0 0 0 0 0 0 0 0 0 0 0 0 0 0 0 0 

running time: 4500 sec

Finished. Total running time: 4570 sec
