Search S-boxes invariant for matrix: 
{0x00,0x02,0x04,0x06,0x08,0x0a,0x0c,0x0e,0x10,0x12,0x14,0x16,0x18,0x1a,0x1c,0x1e,0x20,0x22,0x24,0x26,0x28,0x2a,0x2c,0x2e,0x30,0x32,0x34,0x36,0x38,0x3a,0x3c,0x3e,0x40,0x42,0x44,0x46,0x48,0x4a,0x4c,0x4e,0x50,0x52,0x54,0x56,0x58,0x5a,0x5c,0x5e,0x60,0x62,0x64,0x66,0x68,0x6a,0x6c,0x6e,0x70,0x72,0x74,0x76,0x78,0x7a,0x7c,0x7e,0x80,0x82,0x84,0x86,0x88,0x8a,0x8c,0x8e,0x90,0x92,0x94,0x96,0x98,0x9a,0x9c,0x9e,0xa0,0xa2,0xa4,0xa6,0xa8,0xaa,0xac,0xae,0xb0,0xb2,0xb4,0xb6,0xb8,0xba,0xbc,0xbe,0xc0,0xc2,0xc4,0xc6,0xc8,0xca,0xcc,0xce,0xd0,0xd2,0xd4,0xd6,0xd8,0xda,0xdc,0xde,0xe0,0xe2,0xe4,0xe6,0xe8,0xea,0xec,0xee,0xf0,0xf2,0xf4,0xf6,0xf8,0xfa,0xfc,0xfe,0xd7,0xd5,0xd3,0xd1,0xdf,0xdd,0xdb,0xd9,0xc7,0xc5,0xc3,0xc1,0xcf,0xcd,0xcb,0xc9,0xf7,0xf5,0xf3,0xf1,0xff,0xfd,0xfb,0xf9,0xe7,0xe5,0xe3,0xe1,0xef,0xed,0xeb,0xe9,0x97,0x95,0x93,0x91,0x9f,0x9d,0x9b,0x99,0x87,0x85,0x83,0x81,0x8f,0x8d,0x8b,0x89,0xb7,0xb5,0xb3,0xb1,0xbf,0xbd,0xbb,0xb9,0xa7,0xa5,0xa3,0xa1,0xaf,0xad,0xab,0xa9,0x57,0x55,0x53,0x51,0x5f,0x5d,0x5b,0x59,0x47,0x45,0x43,0x41,0x4f,0x4d,0x4b,0x49,0x77,0x75,0x73,0x71,0x7f,0x7d,0x7b,0x79,0x67,0x65,0x63,0x61,0x6f,0x6d,0x6b,0x69,0x17,0x15,0x13,0x11,0x1f,0x1d,0x1b,0x19,0x07,0x05,0x03,0x01,0x0f,0x0d,0x0b,0x09,0x37,0x35,0x33,0x31,0x3f,0x3d,0x3b,0x39,0x27,0x25,0x23,0x21,0x2f,0x2d,0x2b,0x29};



 depth:6
 0  1  2  3  4  5  6  7  8  9  a  b  c  d  e  f 10 11 12 13 14 15 16 17 18 19 1a 1b 1c 1d 1e 1f 20 21 22 23 24 25 26 27 28 29 2a 2b 2c 2d 2e 2f 30 31 32 33 34 35 36 37 38 39 3a 3b 3c 3d 3e 3f 40 41 42 43 44 45 46 47 48 49 4a 4b 4c 4d 4e 4f 50 51 52 53 54 55 56 57 58 59 5a 5b 5c 5d 5e 5f 60 61 62 63 64 65 66 67 68 69 6a 6b 6c 6d 6e 6f 70 71 72 73 74 75 76 77 78 79 7a 7b 7c 7d 7e 7f 80 81 82 83 84 85 86 87 88 89 8a 8b 8c 8d 8e 8f 90 91 92 93 94 95 96 97 98 99 9a 9b 9c 9d 9e 9f a0 a1 a2 a3 a4 a5 a6 a7 a8 a9 aa ab ac ad ae af b0 b1 b2 b3 b4 b5 b6 b7 b8 b9 ba bb bc bd be bf c0 c1 c2 c3 c4 c5 c6 c7 c8 c9 ca cb cc cd ce cf d0 d1 d2 d3 d4 d5 d6 d7 d8 d9 da db dc dd de df e0 e1 e2 e3 e4 e5 e6 e7 e8 e9 ea eb ec ed ee ef f0 f1 f2 f3 f4 f5 f6 f7 f8 f9 fa fb fc fd fe ff 
 0  1  2 bd  4 ef ad 9b  8 8b  9 8c 8d ab e1 -- 10 -- c1 -- 12 -- cf 87 cd -- 81 -- 15 61 --  6 20 -- -- -- 55 72 -- 60 24 7c -- -- 49 -- d9 -- 4d -- -- 33 d5 -- -- -- 2a 75 c2 -- -- --  c -- 40 -- -- -- -- -- -- -- aa -- e4 -- -- -- c0 4f 48 -- f8 -- -- c7 -- 11 92 -- -- -- 65 -- -- -- 9a -- -- -- -- -- 66 -- 7d -- -- -- -- -- -- -- 54 -- ea -- 53 b1 -- 23 -- 79 -- -- 18 -- -- -- 80 -- -- b2 -- -- -- -- -- -- -- 44 -- -- -- -- 83 -- -- -- 1f -- -- f7 -- 86 -- -- 57 5f 9e 4e 90 -- -- -- 27 c4 -- 43 -- -- 59 -- -- -- 22 -- f3 -- -- -- -- -- -- 31 ca 62 -- -- -- -- -- -- e3 88 -- -- -- -- -- -- -- -- -- -- cc -- -- -- fa b3 -- -- -- -- -- d7 -- -- -- -- -- -- -- -- a8 -- -- --  3 db -- -- a6 9c b5 eb -- be 46 ae -- -- f2 -- -- -- -- d1 30 39 -- -- -- -- -- 3e 

solutions so far:0 maxDepth:9 
iterations:2421518  skipped: 10 
Depth skipped: 
0 0 10 0 0 0 0 0 0 0 0 0 0 0 0 0 0 0 0 0 0 0 0 0 0 0 0 0 0 0 0 0 

running time: 300 sec
 depth:7
 0  1  2  3  4  5  6  7  8  9  a  b  c  d  e  f 10 11 12 13 14 15 16 17 18 19 1a 1b 1c 1d 1e 1f 20 21 22 23 24 25 26 27 28 29 2a 2b 2c 2d 2e 2f 30 31 32 33 34 35 36 37 38 39 3a 3b 3c 3d 3e 3f 40 41 42 43 44 45 46 47 48 49 4a 4b 4c 4d 4e 4f 50 51 52 53 54 55 56 57 58 59 5a 5b 5c 5d 5e 5f 60 61 62 63 64 65 66 67 68 69 6a 6b 6c 6d 6e 6f 70 71 72 73 74 75 76 77 78 79 7a 7b 7c 7d 7e 7f 80 81 82 83 84 85 86 87 88 89 8a 8b 8c 8d 8e 8f 90 91 92 93 94 95 96 97 98 99 9a 9b 9c 9d 9e 9f a0 a1 a2 a3 a4 a5 a6 a7 a8 a9 aa ab ac ad ae af b0 b1 b2 b3 b4 b5 b6 b7 b8 b9 ba bb bc bd be bf c0 c1 c2 c3 c4 c5 c6 c7 c8 c9 ca cb cc cd ce cf d0 d1 d2 d3 d4 d5 d6 d7 d8 d9 da db dc dd de df e0 e1 e2 e3 e4 e5 e6 e7 e8 e9 ea eb ec ed ee ef f0 f1 f2 f3 f4 f5 f6 f7 f8 f9 fa fb fc fd fe ff 
 0  1  2 bd  4 e2 ad ef  8  6 13 ce 8d 73  9 9b 10 --  c -- 26 -- 4b f7 cd -- e6 -- 12 f8 e1 c1 20 -- -- -- 18 64 -- d1 4c cb -- -- 96 -- 39 -- 4d -- -- 33 1b -- -- a8 24 57 27 c2 15 -- 55 -- 40 -- -- -- -- -- -- -- 30 -- c8 -- -- -- 75 4f 98 -- 41 -- -- c7 -- 11 fb -- -- -- 72 -- -- -- 9a -- -- -- -- -- 66 -- 36 -- -- 43 -- -- 87 65 48 -- ae -- 4e b1 53 d8 2a 79 -- db aa -- -- -- 80 -- -- b2 -- -- -- -- -- -- -- 44 -- -- -- -- 60 -- -- -- 47 -- -- 19 -- 3e -- -- ea 69 9e d3 e7 -- -- -- 82 df -- 1f -- -- 59 -- -- -- 22 -- 21 -- -- -- -- -- -- 42 e4 84 -- -- -- -- -- -- e3 88 -- -- -- -- -- -- -- -- -- -- cc -- -- -- 6c b3 -- -- -- -- 86 d7 -- -- -- -- d9 -- ca -- 90 -- -- -- 8b 7c -- -- 9c 71 b5 eb a6 d2 67  3 54 -- f2 -- -- -- 61 c0 83 32 -- -- -- -- -- 8e 

solutions so far:0 maxDepth:9 
iterations:4276583  skipped: 18 
Depth skipped: 
0 0 18 0 0 0 0 0 0 0 0 0 0 0 0 0 0 0 0 0 0 0 0 0 0 0 0 0 0 0 0 0 

running time: 600 sec
 depth:7
 0  1  2  3  4  5  6  7  8  9  a  b  c  d  e  f 10 11 12 13 14 15 16 17 18 19 1a 1b 1c 1d 1e 1f 20 21 22 23 24 25 26 27 28 29 2a 2b 2c 2d 2e 2f 30 31 32 33 34 35 36 37 38 39 3a 3b 3c 3d 3e 3f 40 41 42 43 44 45 46 47 48 49 4a 4b 4c 4d 4e 4f 50 51 52 53 54 55 56 57 58 59 5a 5b 5c 5d 5e 5f 60 61 62 63 64 65 66 67 68 69 6a 6b 6c 6d 6e 6f 70 71 72 73 74 75 76 77 78 79 7a 7b 7c 7d 7e 7f 80 81 82 83 84 85 86 87 88 89 8a 8b 8c 8d 8e 8f 90 91 92 93 94 95 96 97 98 99 9a 9b 9c 9d 9e 9f a0 a1 a2 a3 a4 a5 a6 a7 a8 a9 aa ab ac ad ae af b0 b1 b2 b3 b4 b5 b6 b7 b8 b9 ba bb bc bd be bf c0 c1 c2 c3 c4 c5 c6 c7 c8 c9 ca cb cc cd ce cf d0 d1 d2 d3 d4 d5 d6 d7 d8 d9 da db dc dd de df e0 e1 e2 e3 e4 e5 e6 e7 e8 e9 ea eb ec ed ee ef f0 f1 f2 f3 f4 f5 f6 f7 f8 f9 fa fb fc fd fe ff 
 0  1  2 bd  4 d8 ad 29  8 e4 67 3c 8d 7b 52 8b 10 -- 1f -- ce -- 78  a cd -- f6 -- a4 25 c1  9 20 -- -- -- 3e 84 -- 90 4b 73 -- -- f0 -- 14 -- 4d -- -- 33 3b -- -- d1 9f 4e 4a c0 55 -- 12 -- 40 -- -- -- -- -- -- -- 7c -- df -- -- -- f7 4f 96 -- e6 -- -- c7 -- 11 37 -- -- -- 28 -- -- -- 9a -- -- -- -- -- 66 -- 76 -- --  c -- -- 75  3 e9 -- 9c -- 94 b1 57  f aa 79 -- 30 24 -- -- -- 80 -- -- b2 -- -- -- -- -- -- -- 44 -- -- -- -- f8 -- -- -- 69 -- -- 21 -- 97 -- -- 39 6b 9e 36 fb -- -- -- 1b de -- a0 -- -- 59 -- -- -- 22 -- 6e -- -- -- -- -- -- dc 50 6f -- -- -- -- -- -- e3 88 -- -- -- -- -- -- -- -- -- -- cc -- -- -- ec b3 -- -- -- -- 18 d7 -- -- -- -- ea --  6 --  5 -- -- -- ef f9 -- -- ff 6c b5 eb ae d6 1e 72 83 -- f2 -- -- -- 60 27 48 42 -- -- -- -- -- d2 

solutions so far:0 maxDepth:9 
iterations:6212451  skipped: 24 
Depth skipped: 
0 0 24 0 0 0 0 0 0 0 0 0 0 0 0 0 0 0 0 0 0 0 0 0 0 0 0 0 0 0 0 0 

running time: 900 sec
 depth:6
 0  1  2  3  4  5  6  7  8  9  a  b  c  d  e  f 10 11 12 13 14 15 16 17 18 19 1a 1b 1c 1d 1e 1f 20 21 22 23 24 25 26 27 28 29 2a 2b 2c 2d 2e 2f 30 31 32 33 34 35 36 37 38 39 3a 3b 3c 3d 3e 3f 40 41 42 43 44 45 46 47 48 49 4a 4b 4c 4d 4e 4f 50 51 52 53 54 55 56 57 58 59 5a 5b 5c 5d 5e 5f 60 61 62 63 64 65 66 67 68 69 6a 6b 6c 6d 6e 6f 70 71 72 73 74 75 76 77 78 79 7a 7b 7c 7d 7e 7f 80 81 82 83 84 85 86 87 88 89 8a 8b 8c 8d 8e 8f 90 91 92 93 94 95 96 97 98 99 9a 9b 9c 9d 9e 9f a0 a1 a2 a3 a4 a5 a6 a7 a8 a9 aa ab ac ad ae af b0 b1 b2 b3 b4 b5 b6 b7 b8 b9 ba bb bc bd be bf c0 c1 c2 c3 c4 c5 c6 c7 c8 c9 ca cb cc cd ce cf d0 d1 d2 d3 d4 d5 d6 d7 d8 d9 da db dc dd de df e0 e1 e2 e3 e4 e5 e6 e7 e8 e9 ea eb ec ed ee ef f0 f1 f2 f3 f4 f5 f6 f7 f8 f9 fa fb fc fd fe ff 
 0  1  2 bd  4 c8 ad 6a  8 db 47 ee 8d ed d4 -- 10 -- 61 -- 8e --  b ac cd --  d -- 7f a2 -- 54 20 -- -- -- c2 e2 -- 65 cb 98 -- -- 16 -- 8f -- 4d -- -- 33 1a -- -- -- fe e1 93 -- -- -- a8 -- 40 -- -- -- -- -- -- -- 53 -- 13 -- -- -- ca 4f 41 -- e7 -- -- c7 -- 11 2c -- -- -- c9 -- -- -- 9a -- -- -- -- -- 66 -- 34 -- -- -- -- -- -- -- 2b -- 15 -- f1 b1 -- d0 -- 79 -- -- 87 -- -- -- 80 -- -- b2 -- -- -- -- -- -- -- 44 -- -- -- -- a6 -- -- -- 26 -- -- d3 -- c3 -- -- 43 a5 9e 32 82 -- -- -- 19 b9 -- 8a -- -- 59 -- -- -- 22 -- 58 -- -- -- -- -- -- b0 45 b7 -- -- -- -- -- -- e3 88 -- -- -- -- -- -- -- -- -- -- cc -- -- -- 68 b3 -- -- -- -- -- d7 -- -- -- -- -- -- -- -- 56 -- -- -- 2a 51 -- -- 35 64 b5 eb -- 9d 77 86 -- -- f2 -- -- -- -- 9b d9 71 -- -- -- -- -- 4c 

solutions so far:0 maxDepth:9 
iterations:8734314  skipped: 31 
Depth skipped: 
0 0 31 0 0 0 0 0 0 0 0 0 0 0 0 0 0 0 0 0 0 0 0 0 0 0 0 0 0 0 0 0 

running time: 1200 sec
 depth:7
 0  1  2  3  4  5  6  7  8  9  a  b  c  d  e  f 10 11 12 13 14 15 16 17 18 19 1a 1b 1c 1d 1e 1f 20 21 22 23 24 25 26 27 28 29 2a 2b 2c 2d 2e 2f 30 31 32 33 34 35 36 37 38 39 3a 3b 3c 3d 3e 3f 40 41 42 43 44 45 46 47 48 49 4a 4b 4c 4d 4e 4f 50 51 52 53 54 55 56 57 58 59 5a 5b 5c 5d 5e 5f 60 61 62 63 64 65 66 67 68 69 6a 6b 6c 6d 6e 6f 70 71 72 73 74 75 76 77 78 79 7a 7b 7c 7d 7e 7f 80 81 82 83 84 85 86 87 88 89 8a 8b 8c 8d 8e 8f 90 91 92 93 94 95 96 97 98 99 9a 9b 9c 9d 9e 9f a0 a1 a2 a3 a4 a5 a6 a7 a8 a9 aa ab ac ad ae af b0 b1 b2 b3 b4 b5 b6 b7 b8 b9 ba bb bc bd be bf c0 c1 c2 c3 c4 c5 c6 c7 c8 c9 ca cb cc cd ce cf d0 d1 d2 d3 d4 d5 d6 d7 d8 d9 da db dc dd de df e0 e1 e2 e3 e4 e5 e6 e7 e8 e9 ea eb ec ed ee ef f0 f1 f2 f3 f4 f5 f6 f7 f8 f9 fa fb fc fd fe ff 
 0  1  2 bd  4 bf ad 3e  8 fb a9 a5 8d  b 7c 99 10 -- 21 -- 85 -- 9d ef cd -- 16 -- f8 39 e5 1b 20 -- -- -- 42 5b -- 67 dd 95 -- -- ed --  9 -- 4d -- -- 33 2c -- -- e8 27 d2 72 5c 1d -- 36 -- 40 -- -- -- -- -- -- -- 84 -- b6 -- -- -- ce 4f 6d -- fd -- -- c7 -- 11  d -- -- -- 12 -- -- -- 9a -- -- -- -- -- 66 -- 58 -- -- 70 -- --  7 1c 4e -- 73 -- e4 b1 b8 b7 3a 79 -- 17 6c -- -- -- 80 -- -- b2 -- -- -- -- -- -- -- 44 -- -- -- -- df -- -- -- bb -- -- 63 -- 90 -- -- 4b 77 9e 5a da -- -- -- 2d d0 -- 48 -- -- 59 -- -- -- 22 -- 1a -- -- -- -- -- -- 34 24 68 -- -- -- -- -- -- e3 88 -- -- -- -- -- -- -- -- -- -- cc -- -- -- b0 b3 -- -- -- -- e0 d7 -- -- -- --  e -- 38 -- 9c -- -- -- e6 f7 -- -- 1f b4 b5 eb a7 ee b9 96 74 -- f2 -- -- -- 2e 69 d8 c6 -- -- -- -- -- a1 

solutions so far:0 maxDepth:9 
iterations:10926995  skipped: 36 
Depth skipped: 
0 0 36 0 0 0 0 0 0 0 0 0 0 0 0 0 0 0 0 0 0 0 0 0 0 0 0 0 0 0 0 0 

running time: 1500 sec
 depth:7
 0  1  2  3  4  5  6  7  8  9  a  b  c  d  e  f 10 11 12 13 14 15 16 17 18 19 1a 1b 1c 1d 1e 1f 20 21 22 23 24 25 26 27 28 29 2a 2b 2c 2d 2e 2f 30 31 32 33 34 35 36 37 38 39 3a 3b 3c 3d 3e 3f 40 41 42 43 44 45 46 47 48 49 4a 4b 4c 4d 4e 4f 50 51 52 53 54 55 56 57 58 59 5a 5b 5c 5d 5e 5f 60 61 62 63 64 65 66 67 68 69 6a 6b 6c 6d 6e 6f 70 71 72 73 74 75 76 77 78 79 7a 7b 7c 7d 7e 7f 80 81 82 83 84 85 86 87 88 89 8a 8b 8c 8d 8e 8f 90 91 92 93 94 95 96 97 98 99 9a 9b 9c 9d 9e 9f a0 a1 a2 a3 a4 a5 a6 a7 a8 a9 aa ab ac ad ae af b0 b1 b2 b3 b4 b5 b6 b7 b8 b9 ba bb bc bd be bf c0 c1 c2 c3 c4 c5 c6 c7 c8 c9 ca cb cc cd ce cf d0 d1 d2 d3 d4 d5 d6 d7 d8 d9 da db dc dd de df e0 e1 e2 e3 e4 e5 e6 e7 e8 e9 ea eb ec ed ee ef f0 f1 f2 f3 f4 f5 f6 f7 f8 f9 fa fb fc fd fe ff 
 0  1  2 bd  4 a5 ad 1c  8 f8 9d e1 8d 86 38 7f 10 -- 27 -- ed -- 15 5c cd -- db -- 70 74 fe 90 20 -- -- -- 4e 77 -- e4  d 2c -- -- 2a -- b8 -- 4d -- -- 33 61 -- -- 8f e0 12 e8 35 2b -- f7 -- 40 -- -- -- -- -- -- -- 9c -- ee -- -- -- 1f 4f 1a -- 58 -- -- c7 -- 11 54 -- -- -- a7 -- -- -- 9a -- -- -- -- -- 66 -- c2 -- -- 51 -- -- c9 8a 17 -- 24 --  7 b1 6a a6 56 79 -- 93 39 -- -- -- 80 -- -- b2 -- -- -- -- -- -- -- 44 -- -- -- -- ef -- -- --  b -- -- 68 -- 1d -- -- 3e ca 9e b7 34 -- -- -- b0 65 -- e5 -- -- 59 -- -- -- 22 -- a8 -- -- -- -- -- -- 87 99 d9 -- -- -- -- -- -- e3 88 -- -- -- -- -- -- -- -- -- -- cc -- -- -- 53 b3 -- -- -- -- a2 d7 -- -- -- -- 45 -- c3 -- 2e -- -- -- 48 3a -- --  e b9 b5 eb d4 43 9b 7c ac -- f2 -- -- -- f1  9 72 d0 -- -- -- -- -- 16 

solutions so far:0 maxDepth:9 
iterations:13724986  skipped: 49 
Depth skipped: 
0 0 49 0 0 0 0 0 0 0 0 0 0 0 0 0 0 0 0 0 0 0 0 0 0 0 0 0 0 0 0 0 

running time: 1800 sec
 depth:6
 0  1  2  3  4  5  6  7  8  9  a  b  c  d  e  f 10 11 12 13 14 15 16 17 18 19 1a 1b 1c 1d 1e 1f 20 21 22 23 24 25 26 27 28 29 2a 2b 2c 2d 2e 2f 30 31 32 33 34 35 36 37 38 39 3a 3b 3c 3d 3e 3f 40 41 42 43 44 45 46 47 48 49 4a 4b 4c 4d 4e 4f 50 51 52 53 54 55 56 57 58 59 5a 5b 5c 5d 5e 5f 60 61 62 63 64 65 66 67 68 69 6a 6b 6c 6d 6e 6f 70 71 72 73 74 75 76 77 78 79 7a 7b 7c 7d 7e 7f 80 81 82 83 84 85 86 87 88 89 8a 8b 8c 8d 8e 8f 90 91 92 93 94 95 96 97 98 99 9a 9b 9c 9d 9e 9f a0 a1 a2 a3 a4 a5 a6 a7 a8 a9 aa ab ac ad ae af b0 b1 b2 b3 b4 b5 b6 b7 b8 b9 ba bb bc bd be bf c0 c1 c2 c3 c4 c5 c6 c7 c8 c9 ca cb cc cd ce cf d0 d1 d2 d3 d4 d5 d6 d7 d8 d9 da db dc dd de df e0 e1 e2 e3 e4 e5 e6 e7 e8 e9 ea eb ec ed ee ef f0 f1 f2 f3 f4 f5 f6 f7 f8 f9 fa fb fc fd fe ff 
 0  1  2 bd  4 95 ad 3b  8 3f fd 64 8d 13 76 -- 10 -- 7e -- 2d -- c8 78 cd -- 26 -- ec 6b -- 5d 20 -- -- -- fc dd -- f5 5a c6 -- -- 47 -- f0 -- 4d -- -- 33 4c -- -- --  f af d6 -- -- -- ba -- 40 -- -- -- -- -- -- -- 2f -- 6d -- -- -- 3d 4f b4 -- 5b -- -- c7 -- 11 8e -- -- -- 37 -- -- -- 9a -- -- -- -- -- 66 -- 98 -- -- -- -- -- -- -- 1e -- 89 -- 7b b1 -- 19 -- 79 -- -- a3 -- -- -- 80 -- -- b2 -- -- -- -- -- -- -- 44 -- -- -- -- 5e -- -- -- da -- -- a9 -- 6f -- -- 7a 71 9e bb bf -- -- -- b6 d3 -- dc -- -- 59 -- -- -- 22 -- cb -- -- -- -- -- -- 41 6e 82 -- -- -- -- -- -- e3 88 -- -- -- -- -- -- -- -- -- -- cc -- -- -- e7 b3 -- -- -- -- -- d7 -- -- -- -- -- -- -- -- 3c -- -- -- c5 de -- -- f6 a1 b5 eb -- e2 32 f4 -- -- f2 -- -- -- -- bc 91 85 -- -- -- -- -- 63 

solutions so far:0 maxDepth:9 
iterations:16263612  skipped: 57 
Depth skipped: 
0 0 57 0 0 0 0 0 0 0 0 0 0 0 0 0 0 0 0 0 0 0 0 0 0 0 0 0 0 0 0 0 

running time: 2100 sec
 depth:7
 0  1  2  3  4  5  6  7  8  9  a  b  c  d  e  f 10 11 12 13 14 15 16 17 18 19 1a 1b 1c 1d 1e 1f 20 21 22 23 24 25 26 27 28 29 2a 2b 2c 2d 2e 2f 30 31 32 33 34 35 36 37 38 39 3a 3b 3c 3d 3e 3f 40 41 42 43 44 45 46 47 48 49 4a 4b 4c 4d 4e 4f 50 51 52 53 54 55 56 57 58 59 5a 5b 5c 5d 5e 5f 60 61 62 63 64 65 66 67 68 69 6a 6b 6c 6d 6e 6f 70 71 72 73 74 75 76 77 78 79 7a 7b 7c 7d 7e 7f 80 81 82 83 84 85 86 87 88 89 8a 8b 8c 8d 8e 8f 90 91 92 93 94 95 96 97 98 99 9a 9b 9c 9d 9e 9f a0 a1 a2 a3 a4 a5 a6 a7 a8 a9 aa ab ac ad ae af b0 b1 b2 b3 b4 b5 b6 b7 b8 b9 ba bb bc bd be bf c0 c1 c2 c3 c4 c5 c6 c7 c8 c9 ca cb cc cd ce cf d0 d1 d2 d3 d4 d5 d6 d7 d8 d9 da db dc dd de df e0 e1 e2 e3 e4 e5 e6 e7 e8 e9 ea eb ec ed ee ef f0 f1 f2 f3 f4 f5 f6 f7 f8 f9 fa fb fc fd fe ff 
 0  1  2 bd  4 7f ad 4b  8 ea fe d0 8d a5 96 50 10 --  3 -- 2b -- 77 df cd -- 9d -- fb 6c a0 ae 20 -- -- --  6 8a -- aa 56 93 -- -- ee -- 69 -- 4d -- -- 33 ed -- -- 4a 21 60 d8  a 97 -- 8b -- 40 -- -- -- -- -- -- --  c -- c3 -- -- -- 83 4f ac -- f1 -- -- c7 -- 11  b -- -- -- d2 -- -- -- 9a -- -- -- -- -- 66 --  d -- -- a4 -- -- 94 29 42 -- c0 -- 67 b1 14 34 f9 79 -- e9 c1 -- -- -- 80 -- -- b2 -- -- -- -- -- -- -- 44 -- -- -- -- 18 -- -- -- 51 -- -- c9 -- 1b -- -- d1 b7 9e 6a 8f -- -- -- 35 b0 -- e6 -- -- 59 -- -- -- 22 -- 16 -- -- -- -- -- -- 2c 73 58 -- -- -- -- -- -- e3 88 -- -- -- -- -- -- -- -- -- -- cc -- -- -- 1a b3 -- -- -- -- 9f d7 -- -- -- -- ff -- 52 -- 84 -- -- -- 57 36 -- -- ce d4 b5 eb 28 b9 68 75 25 -- f2 -- -- --  5 30 55 45 -- -- -- -- -- a2 

solutions so far:0 maxDepth:10 
iterations:19030456  skipped: 68 
Depth skipped: 
0 0 68 0 0 0 0 0 0 0 0 0 0 0 0 0 0 0 0 0 0 0 0 0 0 0 0 0 0 0 0 0 

running time: 2400 sec
 depth:7
 0  1  2  3  4  5  6  7  8  9  a  b  c  d  e  f 10 11 12 13 14 15 16 17 18 19 1a 1b 1c 1d 1e 1f 20 21 22 23 24 25 26 27 28 29 2a 2b 2c 2d 2e 2f 30 31 32 33 34 35 36 37 38 39 3a 3b 3c 3d 3e 3f 40 41 42 43 44 45 46 47 48 49 4a 4b 4c 4d 4e 4f 50 51 52 53 54 55 56 57 58 59 5a 5b 5c 5d 5e 5f 60 61 62 63 64 65 66 67 68 69 6a 6b 6c 6d 6e 6f 70 71 72 73 74 75 76 77 78 79 7a 7b 7c 7d 7e 7f 80 81 82 83 84 85 86 87 88 89 8a 8b 8c 8d 8e 8f 90 91 92 93 94 95 96 97 98 99 9a 9b 9c 9d 9e 9f a0 a1 a2 a3 a4 a5 a6 a7 a8 a9 aa ab ac ad ae af b0 b1 b2 b3 b4 b5 b6 b7 b8 b9 ba bb bc bd be bf c0 c1 c2 c3 c4 c5 c6 c7 c8 c9 ca cb cc cd ce cf d0 d1 d2 d3 d4 d5 d6 d7 d8 d9 da db dc dd de df e0 e1 e2 e3 e4 e5 e6 e7 e8 e9 ea eb ec ed ee ef f0 f1 f2 f3 f4 f5 f6 f7 f8 f9 fa fb fc fd fe ff 
 0  1  2 bd  4 65 ad a0  8 ac ca e4 8d 12 97 13 10 -- 8f -- 43 -- 1f ff cd -- 24 -- f9  a 26 f1 20 -- -- -- c9 a6 -- 7f 86 2a -- -- 3e -- 29 -- 4d -- -- 33 48 -- -- 19 25 51 14 d3 4c -- 35 -- 40 -- -- -- -- -- -- -- 45 -- 9b -- -- -- fe 4f db -- 54 -- -- c7 -- 11 7c -- -- -- 52 -- -- -- 9a -- -- -- -- -- 66 -- 90 -- -- 8e -- -- 32 c8 4a -- a2 -- 28 b1 71 39 98 79 -- 41 6a -- -- -- 80 -- -- b2 -- -- -- -- -- -- -- 44 -- -- -- -- 8a -- -- -- e1 -- -- c2 -- e9 -- -- 2b ef 9e 87 61 -- -- -- a8 9c -- 9f -- -- 59 -- -- -- 22 -- f8 -- -- -- -- -- -- 27 a4 4e -- -- -- -- -- -- e3 88 -- -- -- -- -- -- -- -- -- -- cc -- -- -- f7 b3 -- -- -- -- cb d7 -- -- -- -- 64 -- 47 -- 94 -- -- -- 93  5 -- -- 50 d9 b5 eb e2  9 72 56 e7 -- f2 -- -- -- 82 c3 d4 53 -- -- -- -- -- 15 

solutions so far:0 maxDepth:10 
iterations:22166929  skipped: 84 
Depth skipped: 
0 0 84 0 0 0 0 0 0 0 0 0 0 0 0 0 0 0 0 0 0 0 0 0 0 0 0 0 0 0 0 0 

running time: 2700 sec
 depth:7
 0  1  2  3  4  5  6  7  8  9  a  b  c  d  e  f 10 11 12 13 14 15 16 17 18 19 1a 1b 1c 1d 1e 1f 20 21 22 23 24 25 26 27 28 29 2a 2b 2c 2d 2e 2f 30 31 32 33 34 35 36 37 38 39 3a 3b 3c 3d 3e 3f 40 41 42 43 44 45 46 47 48 49 4a 4b 4c 4d 4e 4f 50 51 52 53 54 55 56 57 58 59 5a 5b 5c 5d 5e 5f 60 61 62 63 64 65 66 67 68 69 6a 6b 6c 6d 6e 6f 70 71 72 73 74 75 76 77 78 79 7a 7b 7c 7d 7e 7f 80 81 82 83 84 85 86 87 88 89 8a 8b 8c 8d 8e 8f 90 91 92 93 94 95 96 97 98 99 9a 9b 9c 9d 9e 9f a0 a1 a2 a3 a4 a5 a6 a7 a8 a9 aa ab ac ad ae af b0 b1 b2 b3 b4 b5 b6 b7 b8 b9 ba bb bc bd be bf c0 c1 c2 c3 c4 c5 c6 c7 c8 c9 ca cb cc cd ce cf d0 d1 d2 d3 d4 d5 d6 d7 d8 d9 da db dc dd de df e0 e1 e2 e3 e4 e5 e6 e7 e8 e9 ea eb ec ed ee ef f0 f1 f2 f3 f4 f5 f6 f7 f8 f9 fa fb fc fd fe ff 
 0  1  2 bd  4 55 ad 19  8 1e aa e4 8d 12 32 16 10 -- 3c -- 83 -- 1f cb cd -- 24 -- 64 26 2c 6b 20 -- -- -- 78  c -- 3b d1 c0 -- -- 3e -- 41 -- 4d -- -- 33 48 -- -- b9 c8 dc 4c 77 58 -- d6 -- 40 -- -- -- -- -- -- -- f0 -- 18 -- -- -- 76 4f 75 -- 57 -- -- c7 -- 11 7c -- -- -- 82 -- -- -- 9a -- -- -- -- -- 66 -- 90 -- -- 1a -- -- a5 ed 47 -- 6f -- 98 b1 ee 39 b0 79 -- 68 7b -- -- -- 80 -- -- b2 -- -- -- -- -- -- -- 44 -- -- -- -- 37 -- -- -- 30 -- --  3 -- e2 -- -- ec ef 9e 8b ea -- -- -- ae 9c -- 71 -- -- 59 -- -- -- 22 -- f8 -- -- -- -- -- -- 27 d3 4e -- -- -- -- -- -- e3 88 -- -- -- -- -- -- -- -- -- -- cc -- -- -- f7 b3 -- -- -- -- 34 d7 -- -- -- -- 9d --  d -- 8e -- -- -- de 13 -- -- e7 c1 b5 eb  b  9 72  f b7 -- f2 -- -- -- d0 6e f6  6 -- -- -- -- -- 60 

solutions so far:0 maxDepth:10 
iterations:24640853  skipped: 93 
Depth skipped: 
0 0 93 0 0 0 0 0 0 0 0 0 0 0 0 0 0 0 0 0 0 0 0 0 0 0 0 0 0 0 0 0 

running time: 3000 sec
 depth:6
 0  1  2  3  4  5  6  7  8  9  a  b  c  d  e  f 10 11 12 13 14 15 16 17 18 19 1a 1b 1c 1d 1e 1f 20 21 22 23 24 25 26 27 28 29 2a 2b 2c 2d 2e 2f 30 31 32 33 34 35 36 37 38 39 3a 3b 3c 3d 3e 3f 40 41 42 43 44 45 46 47 48 49 4a 4b 4c 4d 4e 4f 50 51 52 53 54 55 56 57 58 59 5a 5b 5c 5d 5e 5f 60 61 62 63 64 65 66 67 68 69 6a 6b 6c 6d 6e 6f 70 71 72 73 74 75 76 77 78 79 7a 7b 7c 7d 7e 7f 80 81 82 83 84 85 86 87 88 89 8a 8b 8c 8d 8e 8f 90 91 92 93 94 95 96 97 98 99 9a 9b 9c 9d 9e 9f a0 a1 a2 a3 a4 a5 a6 a7 a8 a9 aa ab ac ad ae af b0 b1 b2 b3 b4 b5 b6 b7 b8 b9 ba bb bc bd be bf c0 c1 c2 c3 c4 c5 c6 c7 c8 c9 ca cb cc cd ce cf d0 d1 d2 d3 d4 d5 d6 d7 d8 d9 da db dc dd de df e0 e1 e2 e3 e4 e5 e6 e7 e8 e9 ea eb ec ed ee ef f0 f1 f2 f3 f4 f5 f6 f7 f8 f9 fa fb fc fd fe ff 
 0  1  2 bd  4 42 ad 25  8 d4 84 2e 8d  7 4a -- 10 -- 7f -- df -- 5c a4 cd --  e -- 94 50 -- 8a 20 -- -- -- fe 36 -- 93 69 ce -- -- b8 -- 9f -- 4d -- -- 33 1c -- -- -- ff 8f a0 -- -- -- c3 -- 40 -- -- -- -- -- -- -- 2b -- 6c -- -- -- f1 4f d2 -- 4b -- -- c7 -- 11 a7 -- -- -- e9 -- -- -- 9a -- -- -- -- -- 66 -- 38 -- -- -- -- -- -- -- 29 -- c9 -- 97 b1 -- e0 -- 79 -- -- 51 -- -- -- 80 -- -- b2 -- -- -- -- -- -- -- 44 -- -- -- -- 56 -- -- -- d8 -- -- e6 -- 14 -- -- 35 74 9e fb 73 -- -- -- 96 3a --  a -- -- 59 -- -- -- 22 -- 99 -- -- -- -- -- -- e5  5 1d -- -- -- -- -- -- e3 88 -- -- -- -- -- -- -- -- -- -- cc -- -- -- 70 b3 -- -- -- -- -- d7 -- -- -- -- -- -- -- -- 52 -- -- -- 45 28 -- -- f9 21 b5 eb -- e8 17 6a -- -- f2 -- -- -- -- ac a2 1b -- -- -- -- -- 67 

solutions so far:0 maxDepth:10 
iterations:27239676  skipped: 102 
Depth skipped: 
0 0 102 0 0 0 0 0 0 0 0 0 0 0 0 0 0 0 0 0 0 0 0 0 0 0 0 0 0 0 0 0 

running time: 3300 sec
 depth:7
 0  1  2  3  4  5  6  7  8  9  a  b  c  d  e  f 10 11 12 13 14 15 16 17 18 19 1a 1b 1c 1d 1e 1f 20 21 22 23 24 25 26 27 28 29 2a 2b 2c 2d 2e 2f 30 31 32 33 34 35 36 37 38 39 3a 3b 3c 3d 3e 3f 40 41 42 43 44 45 46 47 48 49 4a 4b 4c 4d 4e 4f 50 51 52 53 54 55 56 57 58 59 5a 5b 5c 5d 5e 5f 60 61 62 63 64 65 66 67 68 69 6a 6b 6c 6d 6e 6f 70 71 72 73 74 75 76 77 78 79 7a 7b 7c 7d 7e 7f 80 81 82 83 84 85 86 87 88 89 8a 8b 8c 8d 8e 8f 90 91 92 93 94 95 96 97 98 99 9a 9b 9c 9d 9e 9f a0 a1 a2 a3 a4 a5 a6 a7 a8 a9 aa ab ac ad ae af b0 b1 b2 b3 b4 b5 b6 b7 b8 b9 ba bb bc bd be bf c0 c1 c2 c3 c4 c5 c6 c7 c8 c9 ca cb cc cd ce cf d0 d1 d2 d3 d4 d5 d6 d7 d8 d9 da db dc dd de df e0 e1 e2 e3 e4 e5 e6 e7 e8 e9 ea eb ec ed ee ef f0 f1 f2 f3 f4 f5 f6 f7 f8 f9 fa fb fc fd fe ff 
 0  1  2 bd  4 32 ad a3  8 d8 64 24 8d f8 91 d6 10 -- 67 -- c8 -- 48 3f cd -- 27 -- f5 89 7b df 20 -- -- -- ce d3 -- e6 47 26 -- -- 90 -- 7e -- 4d -- -- 33 4e -- -- ec 3d 21 c5 6f f6 -- 69 -- 40 -- -- -- -- -- -- -- 4b -- 71 -- -- -- 1b 4f 8e -- 4c -- -- c7 -- 11 f7 -- -- -- fc -- -- -- 9a -- -- -- -- -- 66 -- 9c -- -- f0 -- --  f 3c 7a -- 42 -- 5d b1 de  9 3b 79 -- 6e d2 -- -- -- 80 -- -- b2 -- -- -- -- -- -- -- 44 -- -- -- -- 96 -- -- -- e2 -- -- 41 -- bc -- -- 36 3e 9e e7 cb -- -- -- 98 1f -- 5e -- -- 59 -- -- -- 22 -- 39 -- -- -- -- -- -- 72 2f e4 -- -- -- -- -- -- e3 88 -- -- -- -- -- -- -- -- -- -- cc -- -- -- ef b3 -- -- -- -- 37 d7 -- -- -- -- 1e -- 78 -- f4 -- -- -- 84 af -- -- ba 19 b5 eb 6b 7c 12 6c 76 -- f2 -- -- -- dc fb 73 82 -- -- -- -- -- 13 

solutions so far:0 maxDepth:10 
iterations:29679606  skipped: 109 
Depth skipped: 
0 0 109 0 0 0 0 0 0 0 0 0 0 0 0 0 0 0 0 0 0 0 0 0 0 0 0 0 0 0 0 0 

running time: 3600 sec
 depth:6
 0  1  2  3  4  5  6  7  8  9  a  b  c  d  e  f 10 11 12 13 14 15 16 17 18 19 1a 1b 1c 1d 1e 1f 20 21 22 23 24 25 26 27 28 29 2a 2b 2c 2d 2e 2f 30 31 32 33 34 35 36 37 38 39 3a 3b 3c 3d 3e 3f 40 41 42 43 44 45 46 47 48 49 4a 4b 4c 4d 4e 4f 50 51 52 53 54 55 56 57 58 59 5a 5b 5c 5d 5e 5f 60 61 62 63 64 65 66 67 68 69 6a 6b 6c 6d 6e 6f 70 71 72 73 74 75 76 77 78 79 7a 7b 7c 7d 7e 7f 80 81 82 83 84 85 86 87 88 89 8a 8b 8c 8d 8e 8f 90 91 92 93 94 95 96 97 98 99 9a 9b 9c 9d 9e 9f a0 a1 a2 a3 a4 a5 a6 a7 a8 a9 aa ab ac ad ae af b0 b1 b2 b3 b4 b5 b6 b7 b8 b9 ba bb bc bd be bf c0 c1 c2 c3 c4 c5 c6 c7 c8 c9 ca cb cc cd ce cf d0 d1 d2 d3 d4 d5 d6 d7 d8 d9 da db dc dd de df e0 e1 e2 e3 e4 e5 e6 e7 e8 e9 ea eb ec ed ee ef f0 f1 f2 f3 f4 f5 f6 f7 f8 f9 fa fb fc fd fe ff 
 0  1  2 bd  4 25 ad 6f  8 41 4a 2e 8d  7 de -- 10 -- 82 -- 94 -- 5c 3b cd --  e -- 6b f0 -- e7 20 -- -- -- d3 e9 -- c8 ff 28 -- -- b8 -- 76 -- 4d -- -- 33 1c -- -- -- d6 26 37 -- -- -- 19 -- 40 -- -- -- -- -- -- -- 71 --  5 -- -- -- 47 4f 29 -- 50 -- -- c7 -- 11 a7 -- -- -- ec -- -- -- 9a -- -- -- -- -- 66 -- 38 -- -- -- -- -- -- -- 7b -- 4c -- 6e b1 -- e0 -- 79 -- -- 32 -- -- -- 80 -- -- b2 -- -- -- -- -- -- -- 44 -- -- -- -- e2 -- -- --  a -- -- a4 -- 3c -- -- 8e 74 9e 97 52 -- -- -- a0 3a -- 1e -- -- 59 -- -- -- 22 -- 99 -- -- -- -- -- -- e5  f 1d -- -- -- -- -- -- e3 88 -- -- -- -- -- -- -- -- -- -- cc -- -- -- 70 b3 -- -- -- -- -- d7 -- -- -- -- -- -- -- -- f6 -- -- -- 98 78 -- -- dc f9 b5 eb -- e8 17 cb -- -- f2 -- -- -- -- 13 64 9f -- -- -- -- -- 14 

solutions so far:0 maxDepth:10 
iterations:32722296  skipped: 118 
Depth skipped: 
0 0 118 0 0 0 0 0 0 0 0 0 0 0 0 0 0 0 0 0 0 0 0 0 0 0 0 0 0 0 0 0 

running time: 3900 sec
 depth:6
 0  1  2  3  4  5  6  7  8  9  a  b  c  d  e  f 10 11 12 13 14 15 16 17 18 19 1a 1b 1c 1d 1e 1f 20 21 22 23 24 25 26 27 28 29 2a 2b 2c 2d 2e 2f 30 31 32 33 34 35 36 37 38 39 3a 3b 3c 3d 3e 3f 40 41 42 43 44 45 46 47 48 49 4a 4b 4c 4d 4e 4f 50 51 52 53 54 55 56 57 58 59 5a 5b 5c 5d 5e 5f 60 61 62 63 64 65 66 67 68 69 6a 6b 6c 6d 6e 6f 70 71 72 73 74 75 76 77 78 79 7a 7b 7c 7d 7e 7f 80 81 82 83 84 85 86 87 88 89 8a 8b 8c 8d 8e 8f 90 91 92 93 94 95 96 97 98 99 9a 9b 9c 9d 9e 9f a0 a1 a2 a3 a4 a5 a6 a7 a8 a9 aa ab ac ad ae af b0 b1 b2 b3 b4 b5 b6 b7 b8 b9 ba bb bc bd be bf c0 c1 c2 c3 c4 c5 c6 c7 c8 c9 ca cb cc cd ce cf d0 d1 d2 d3 d4 d5 d6 d7 d8 d9 da db dc dd de df e0 e1 e2 e3 e4 e5 e6 e7 e8 e9 ea eb ec ed ee ef f0 f1 f2 f3 f4 f5 f6 f7 f8 f9 fa fb fc fd fe ff 
 0  1  2 bd  4  f ad 21  8 30 1e 7c 8d 90 42 -- 10 -- 60 -- 3c -- f8 73 cd -- f7 -- 84 ce -- 83 20 -- -- -- c0 6f --  3 78 7b -- -- 27 -- e6 -- 4d -- -- 33 39 -- -- -- df c1 4b -- -- -- d1 -- 40 -- -- -- -- -- -- -- 57 -- de -- -- --  6 4f f0 -- f6 -- -- c7 -- 11 4e -- -- -- 1b -- -- -- 9a -- -- -- -- -- 66 -- 72 -- -- -- -- -- -- -- 69 -- 55 -- 96 b1 -- 1f -- 79 -- -- 75 -- -- -- 80 -- -- b2 -- -- -- -- -- -- -- 44 -- -- -- -- ae -- -- -- 6b -- -- 6e -- d8 -- --  c 24 9e 76 37 -- -- -- 3b 12 -- 6c -- -- 59 -- -- -- 22 -- 9c -- -- -- -- -- -- ef 36  9 -- -- -- -- -- -- e3 88 -- -- -- -- -- -- -- -- -- -- cc -- -- -- e4 b3 -- -- -- -- -- d7 -- -- -- -- -- -- -- -- d2 -- -- -- aa 67 -- -- fb ec b5 eb -- 48 3e 18 -- -- f2 -- -- -- -- 8b ea dc -- -- -- -- -- d6 

solutions so far:0 maxDepth:10 
iterations:36137543  skipped: 131 
Depth skipped: 
0 0 131 0 0 0 0 0 0 0 0 0 0 0 0 0 0 0 0 0 0 0 0 0 0 0 0 0 0 0 0 0 

running time: 4200 sec

Finished. Total running time: 4206 sec
