Search S-boxes invariant for matrix: 
{0x00,0x02,0x04,0x06,0x08,0x0a,0x0c,0x0e,0x10,0x12,0x14,0x16,0x18,0x1a,0x1c,0x1e,0x20,0x22,0x24,0x26,0x28,0x2a,0x2c,0x2e,0x30,0x32,0x34,0x36,0x38,0x3a,0x3c,0x3e,0x40,0x42,0x44,0x46,0x48,0x4a,0x4c,0x4e,0x50,0x52,0x54,0x56,0x58,0x5a,0x5c,0x5e,0x60,0x62,0x64,0x66,0x68,0x6a,0x6c,0x6e,0x70,0x72,0x74,0x76,0x78,0x7a,0x7c,0x7e,0x80,0x82,0x84,0x86,0x88,0x8a,0x8c,0x8e,0x90,0x92,0x94,0x96,0x98,0x9a,0x9c,0x9e,0xa0,0xa2,0xa4,0xa6,0xa8,0xaa,0xac,0xae,0xb0,0xb2,0xb4,0xb6,0xb8,0xba,0xbc,0xbe,0xc0,0xc2,0xc4,0xc6,0xc8,0xca,0xcc,0xce,0xd0,0xd2,0xd4,0xd6,0xd8,0xda,0xdc,0xde,0xe0,0xe2,0xe4,0xe6,0xe8,0xea,0xec,0xee,0xf0,0xf2,0xf4,0xf6,0xf8,0xfa,0xfc,0xfe,0xd7,0xd5,0xd3,0xd1,0xdf,0xdd,0xdb,0xd9,0xc7,0xc5,0xc3,0xc1,0xcf,0xcd,0xcb,0xc9,0xf7,0xf5,0xf3,0xf1,0xff,0xfd,0xfb,0xf9,0xe7,0xe5,0xe3,0xe1,0xef,0xed,0xeb,0xe9,0x97,0x95,0x93,0x91,0x9f,0x9d,0x9b,0x99,0x87,0x85,0x83,0x81,0x8f,0x8d,0x8b,0x89,0xb7,0xb5,0xb3,0xb1,0xbf,0xbd,0xbb,0xb9,0xa7,0xa5,0xa3,0xa1,0xaf,0xad,0xab,0xa9,0x57,0x55,0x53,0x51,0x5f,0x5d,0x5b,0x59,0x47,0x45,0x43,0x41,0x4f,0x4d,0x4b,0x49,0x77,0x75,0x73,0x71,0x7f,0x7d,0x7b,0x79,0x67,0x65,0x63,0x61,0x6f,0x6d,0x6b,0x69,0x17,0x15,0x13,0x11,0x1f,0x1d,0x1b,0x19,0x07,0x05,0x03,0x01,0x0f,0x0d,0x0b,0x09,0x37,0x35,0x33,0x31,0x3f,0x3d,0x3b,0x39,0x27,0x25,0x23,0x21,0x2f,0x2d,0x2b,0x29};



 depth:7
 0  1  2  3  4  5  6  7  8  9  a  b  c  d  e  f 10 11 12 13 14 15 16 17 18 19 1a 1b 1c 1d 1e 1f 20 21 22 23 24 25 26 27 28 29 2a 2b 2c 2d 2e 2f 30 31 32 33 34 35 36 37 38 39 3a 3b 3c 3d 3e 3f 40 41 42 43 44 45 46 47 48 49 4a 4b 4c 4d 4e 4f 50 51 52 53 54 55 56 57 58 59 5a 5b 5c 5d 5e 5f 60 61 62 63 64 65 66 67 68 69 6a 6b 6c 6d 6e 6f 70 71 72 73 74 75 76 77 78 79 7a 7b 7c 7d 7e 7f 80 81 82 83 84 85 86 87 88 89 8a 8b 8c 8d 8e 8f 90 91 92 93 94 95 96 97 98 99 9a 9b 9c 9d 9e 9f a0 a1 a2 a3 a4 a5 a6 a7 a8 a9 aa ab ac ad ae af b0 b1 b2 b3 b4 b5 b6 b7 b8 b9 ba bb bc bd be bf c0 c1 c2 c3 c4 c5 c6 c7 c8 c9 ca cb cc cd ce cf d0 d1 d2 d3 d4 d5 d6 d7 d8 d9 da db dc dd de df e0 e1 e2 e3 e4 e5 e6 e7 e8 e9 ea eb ec ed ee ef f0 f1 f2 f3 f4 f5 f6 f7 f8 f9 fa fb fc fd fe ff 
 0  1  2 bc  4 e6 af ec  8 d0 1b 60 89 75  f 92 10 -- 77 -- 36 -- c0 37 c5 -- ea -- 1e 7b f3 b9 20 -- -- -- ee 96 --  d 6c 84 -- -- 57 -- 6e -- 5d -- -- 33  3 -- -- 5f 3c 58 f6 8c 31 -- a5 -- 40 -- -- -- -- -- -- --  b -- fb -- -- -- 1a 4f d8 -- df -- -- f4 -- 91 ae -- -- -- dc -- -- -- ba -- -- -- -- -- 66 --  6 -- -- 7d -- -- be 81 78 -- b0 -- 3b 2f cf 18 62 79 -- 23 9d -- -- -- 80 -- -- 7e -- -- -- -- -- -- -- 3d -- -- -- -- 16 -- -- -- 21 -- -- ce -- 6b -- -- 34 83 9e d2 67 -- -- -- 69 aa -- de -- -- 3f -- -- -- f5 -- 8b -- -- -- -- -- -- c1 6f 55 -- -- -- -- -- -- a3 7a -- -- -- -- -- -- -- -- -- -- cc -- -- --  c fc -- -- -- -- fa d7 -- -- -- -- ab -- d5 -- f0 -- -- -- b7 d6 -- -- 76 73 5e eb 49 d1 30 68 c4 -- f2 -- -- -- 46 2c ed 4b -- -- -- -- -- 42 

solutions so far:0 maxDepth:10 
iterations:1926210  skipped: 16 
Depth skipped: 
0 0 16 0 0 0 0 0 0 0 0 0 0 0 0 0 0 0 0 0 0 0 0 0 0 0 0 0 0 0 0 0 

running time: 300 sec
 depth:8
 0  1  2  3  4  5  6  7  8  9  a  b  c  d  e  f 10 11 12 13 14 15 16 17 18 19 1a 1b 1c 1d 1e 1f 20 21 22 23 24 25 26 27 28 29 2a 2b 2c 2d 2e 2f 30 31 32 33 34 35 36 37 38 39 3a 3b 3c 3d 3e 3f 40 41 42 43 44 45 46 47 48 49 4a 4b 4c 4d 4e 4f 50 51 52 53 54 55 56 57 58 59 5a 5b 5c 5d 5e 5f 60 61 62 63 64 65 66 67 68 69 6a 6b 6c 6d 6e 6f 70 71 72 73 74 75 76 77 78 79 7a 7b 7c 7d 7e 7f 80 81 82 83 84 85 86 87 88 89 8a 8b 8c 8d 8e 8f 90 91 92 93 94 95 96 97 98 99 9a 9b 9c 9d 9e 9f a0 a1 a2 a3 a4 a5 a6 a7 a8 a9 aa ab ac ad ae af b0 b1 b2 b3 b4 b5 b6 b7 b8 b9 ba bb bc bd be bf c0 c1 c2 c3 c4 c5 c6 c7 c8 c9 ca cb cc cd ce cf d0 d1 d2 d3 d4 d5 d6 d7 d8 d9 da db dc dd de df e0 e1 e2 e3 e4 e5 e6 e7 e8 e9 ea eb ec ed ee ef f0 f1 f2 f3 f4 f5 f6 f7 f8 f9 fa fb fc fd fe ff 
 0  1  2 bc  4 e0 af b6  8 cb 17 4a 89 14 bb 37 10 7d 41 -- 2e -- 94 5a c5 -- 28 -- a1 da 6e 98 20 -- fa -- 82 1d -- 64 5c  7 -- -- ff -- b4 -- 5d -- -- 33 50 -- -- 6b 95 13 63 3c dc -- e7 -- 40 -- -- -- 23 -- -- -- d3 -- 3a -- -- ab c8 4f b8 --  e -- -- f4 -- 91 29 cf -- -- bf -- -- -- ba -- -- -- -- -- 66 -- a0 -- -- 76 -- -- d6 f6 fd -- 26 -- c6 2f 78 f9 6f 79 --  f 19 -- -- -- 80 -- -- 7e -- -- -- -- 46 -- -- 3d -- 5f -- -- 71 -- -- -- 74 -- -- 99 -- dd 81 -- 47  5 9e 38 a7 -- -- -- 1c e9 -- 85 -- -- 3f -- -- c4 f5 -- 52 f3 49 92 -- 31 -- a4 a9 9f -- -- -- 62 -- -- a3 7a -- -- -- -- -- 8c -- -- -- -- cc be -- -- 97 fc -- -- -- -- ec d7 -- -- -- -- 7b -- 3b -- 2d -- -- d5 4c 6d -- -- 5b 70 5e eb f0  a 25 8e de -- f2 -- -- -- 1e e2 32 e5 -- -- -- -- -- e8 

solutions so far:0 maxDepth:10 
iterations:3995032  skipped: 19 
Depth skipped: 
0 0 19 0 0 0 0 0 0 0 0 0 0 0 0 0 0 0 0 0 0 0 0 0 0 0 0 0 0 0 0 0 

running time: 600 sec
 depth:7
 0  1  2  3  4  5  6  7  8  9  a  b  c  d  e  f 10 11 12 13 14 15 16 17 18 19 1a 1b 1c 1d 1e 1f 20 21 22 23 24 25 26 27 28 29 2a 2b 2c 2d 2e 2f 30 31 32 33 34 35 36 37 38 39 3a 3b 3c 3d 3e 3f 40 41 42 43 44 45 46 47 48 49 4a 4b 4c 4d 4e 4f 50 51 52 53 54 55 56 57 58 59 5a 5b 5c 5d 5e 5f 60 61 62 63 64 65 66 67 68 69 6a 6b 6c 6d 6e 6f 70 71 72 73 74 75 76 77 78 79 7a 7b 7c 7d 7e 7f 80 81 82 83 84 85 86 87 88 89 8a 8b 8c 8d 8e 8f 90 91 92 93 94 95 96 97 98 99 9a 9b 9c 9d 9e 9f a0 a1 a2 a3 a4 a5 a6 a7 a8 a9 aa ab ac ad ae af b0 b1 b2 b3 b4 b5 b6 b7 b8 b9 ba bb bc bd be bf c0 c1 c2 c3 c4 c5 c6 c7 c8 c9 ca cb cc cd ce cf d0 d1 d2 d3 d4 d5 d6 d7 d8 d9 da db dc dd de df e0 e1 e2 e3 e4 e5 e6 e7 e8 e9 ea eb ec ed ee ef f0 f1 f2 f3 f4 f5 f6 f7 f8 f9 fa fb fc fd fe ff 
 0  1  2 bc  4 c6 af 41  8 27 5b b7 89 77 82 97 10 -- 4e -- b6 -- b9 26 c5 -- ee -- d3 c8 f9 f7 20 -- -- -- 9c 5a -- 1f bb 85 -- -- a5 -- 4c -- 5d -- -- 33  b -- -- ff 71 24 47 28 25 -- 39 -- 40 -- -- -- -- -- -- -- ef -- b4 -- -- -- 3e 4f a1 -- dd -- -- f4 -- 91 9d -- -- -- 98 -- -- -- ba -- -- -- -- -- 66 -- 16 -- -- e9 -- -- 29 a4 e2 -- 48 -- 8e 2f 50 58 4a 79 --  a 72 -- -- -- 80 -- -- 7e -- -- -- -- -- -- -- 3d -- -- -- --  9 -- -- -- bf -- -- fd -- 32 -- -- 7c 68 9e da 95 -- -- -- 6d 34 -- 19 -- -- 3f -- -- -- f5 -- ed -- -- -- -- -- --  d e7 1a -- -- -- -- -- -- a3 7a -- -- -- -- -- -- -- -- -- -- cc -- -- -- 2c fc -- -- -- --  5 d7 -- -- -- -- 52 -- 9f -- 13 -- -- -- 90 64 -- -- cb 63 5e eb a0 d0 b0 f8 94 -- f2 -- -- -- 14 12 e4 2d -- -- -- -- -- a9 

solutions so far:0 maxDepth:10 
iterations:6258434  skipped: 37 
Depth skipped: 
0 0 37 0 0 0 0 0 0 0 0 0 0 0 0 0 0 0 0 0 0 0 0 0 0 0 0 0 0 0 0 0 

running time: 900 sec
 depth:7
 0  1  2  3  4  5  6  7  8  9  a  b  c  d  e  f 10 11 12 13 14 15 16 17 18 19 1a 1b 1c 1d 1e 1f 20 21 22 23 24 25 26 27 28 29 2a 2b 2c 2d 2e 2f 30 31 32 33 34 35 36 37 38 39 3a 3b 3c 3d 3e 3f 40 41 42 43 44 45 46 47 48 49 4a 4b 4c 4d 4e 4f 50 51 52 53 54 55 56 57 58 59 5a 5b 5c 5d 5e 5f 60 61 62 63 64 65 66 67 68 69 6a 6b 6c 6d 6e 6f 70 71 72 73 74 75 76 77 78 79 7a 7b 7c 7d 7e 7f 80 81 82 83 84 85 86 87 88 89 8a 8b 8c 8d 8e 8f 90 91 92 93 94 95 96 97 98 99 9a 9b 9c 9d 9e 9f a0 a1 a2 a3 a4 a5 a6 a7 a8 a9 aa ab ac ad ae af b0 b1 b2 b3 b4 b5 b6 b7 b8 b9 ba bb bc bd be bf c0 c1 c2 c3 c4 c5 c6 c7 c8 c9 ca cb cc cd ce cf d0 d1 d2 d3 d4 d5 d6 d7 d8 d9 da db dc dd de df e0 e1 e2 e3 e4 e5 e6 e7 e8 e9 ea eb ec ed ee ef f0 f1 f2 f3 f4 f5 f6 f7 f8 f9 fa fb fc fd fe ff 
 0  1  2 bc  4 bd af 93  8 9f ad d0 89 a5 f1 54 10 -- e9 -- 8d -- 77 fe c5 -- 9d -- 35 8a a8 f9 20 -- -- --  5 22 -- ff cd 59 -- -- ee -- 2b -- 5d -- -- 33 ed -- -- ca 6a 50 c3 e1 87 -- 25 -- 40 -- -- -- -- -- -- --  a -- 44 -- -- -- 29 4f 4d -- b2 -- -- f4 -- 91  b -- -- -- 56 -- -- -- ba -- -- -- -- -- 66 --  d -- -- c2 -- -- 43 db d4 -- a0 -- 51 2f 15 34 d9 79 -- a6 4a -- -- -- 80 -- -- 7e -- -- -- -- -- -- -- 3d -- -- -- -- 14 -- -- -- 88 -- -- e3 -- c9 -- -- 52 b7 9e b1 9a -- -- -- b3 b0 -- 8f -- -- 3f -- -- -- f5 -- 16 -- -- -- -- -- -- 2c ac 58 -- -- -- -- -- -- a3 7a -- -- -- -- -- -- -- -- -- -- cc -- -- -- 1a fc -- -- -- -- 53 d7 -- -- -- -- 86 -- 61 -- 7f -- -- -- 97 45 -- -- a2 b5 5e eb 2a b9 68 a4 65 -- f2 -- -- -- 9b 28 94 11 -- -- -- -- -- c7 

solutions so far:0 maxDepth:10 
iterations:8665934  skipped: 37 
Depth skipped: 
0 0 37 0 0 0 0 0 0 0 0 0 0 0 0 0 0 0 0 0 0 0 0 0 0 0 0 0 0 0 0 0 

running time: 1200 sec
 depth:7
 0  1  2  3  4  5  6  7  8  9  a  b  c  d  e  f 10 11 12 13 14 15 16 17 18 19 1a 1b 1c 1d 1e 1f 20 21 22 23 24 25 26 27 28 29 2a 2b 2c 2d 2e 2f 30 31 32 33 34 35 36 37 38 39 3a 3b 3c 3d 3e 3f 40 41 42 43 44 45 46 47 48 49 4a 4b 4c 4d 4e 4f 50 51 52 53 54 55 56 57 58 59 5a 5b 5c 5d 5e 5f 60 61 62 63 64 65 66 67 68 69 6a 6b 6c 6d 6e 6f 70 71 72 73 74 75 76 77 78 79 7a 7b 7c 7d 7e 7f 80 81 82 83 84 85 86 87 88 89 8a 8b 8c 8d 8e 8f 90 91 92 93 94 95 96 97 98 99 9a 9b 9c 9d 9e 9f a0 a1 a2 a3 a4 a5 a6 a7 a8 a9 aa ab ac ad ae af b0 b1 b2 b3 b4 b5 b6 b7 b8 b9 ba bb bc bd be bf c0 c1 c2 c3 c4 c5 c6 c7 c8 c9 ca cb cc cd ce cf d0 d1 d2 d3 d4 d5 d6 d7 d8 d9 da db dc dd de df e0 e1 e2 e3 e4 e5 e6 e7 e8 e9 ea eb ec ed ee ef f0 f1 f2 f3 f4 f5 f6 f7 f8 f9 fa fb fc fd fe ff 
 0  1  2 bc  4 ae af 1b  8 b4 8b e2 89 47 36 3c 10 -- bf -- c1 -- 13 4b c5 -- 8e -- 6c 69 78 5b 20 -- -- -- a9 ea -- 95 55 18 -- -- 26 -- 96 -- 5d -- -- 33 cb -- -- dc d8 da d2 ec f0 -- b6 -- 40 -- -- -- -- -- -- -- 85 --  3 -- -- -- fd 4f aa -- 30 -- -- f4 -- 91 4c -- -- -- fb -- -- -- ba -- -- -- -- -- 66 -- 41 -- -- 7b -- -- 6f 6b 67 -- 63 -- 73 2f  f d3 37 79 -- 3b bb -- -- -- 80 -- -- 7e -- -- -- -- -- -- -- 3d -- -- -- -- dd -- -- --  6 -- -- d1 -- 84 -- -- 2d 64 9e c0 83 -- -- -- 60 32 -- 42 -- -- 3f -- -- -- f5 -- 98 -- -- -- -- -- -- e7 21 19 -- -- -- -- -- -- a3 7a -- -- -- -- -- -- -- -- -- -- cc -- -- -- 82 fc -- -- -- -- f6 d7 -- -- -- -- de -- d6 -- ce -- -- -- c6 df -- -- e6 57 5e eb 1e c8 71 5a 6e -- f2 -- -- -- 76 6d a1 75 -- -- -- -- --  c 

solutions so far:0 maxDepth:10 
iterations:10935098  skipped: 43 
Depth skipped: 
0 0 43 0 0 0 0 0 0 0 0 0 0 0 0 0 0 0 0 0 0 0 0 0 0 0 0 0 0 0 0 0 

running time: 1500 sec
 depth:7
 0  1  2  3  4  5  6  7  8  9  a  b  c  d  e  f 10 11 12 13 14 15 16 17 18 19 1a 1b 1c 1d 1e 1f 20 21 22 23 24 25 26 27 28 29 2a 2b 2c 2d 2e 2f 30 31 32 33 34 35 36 37 38 39 3a 3b 3c 3d 3e 3f 40 41 42 43 44 45 46 47 48 49 4a 4b 4c 4d 4e 4f 50 51 52 53 54 55 56 57 58 59 5a 5b 5c 5d 5e 5f 60 61 62 63 64 65 66 67 68 69 6a 6b 6c 6d 6e 6f 70 71 72 73 74 75 76 77 78 79 7a 7b 7c 7d 7e 7f 80 81 82 83 84 85 86 87 88 89 8a 8b 8c 8d 8e 8f 90 91 92 93 94 95 96 97 98 99 9a 9b 9c 9d 9e 9f a0 a1 a2 a3 a4 a5 a6 a7 a8 a9 aa ab ac ad ae af b0 b1 b2 b3 b4 b5 b6 b7 b8 b9 ba bb bc bd be bf c0 c1 c2 c3 c4 c5 c6 c7 c8 c9 ca cb cc cd ce cf d0 d1 d2 d3 d4 d5 d6 d7 d8 d9 da db dc dd de df e0 e1 e2 e3 e4 e5 e6 e7 e8 e9 ea eb ec ed ee ef f0 f1 f2 f3 f4 f5 f6 f7 f8 f9 fa fb fc fd fe ff 
 0  1  2 bc  4 9b af c3  8 c7 e1 17 89 e8 51 82 10 -- 59 -- 15 -- 2e 6a c5 --  7 -- a2 8f d3 cd 20 -- -- -- b2 65 -- 11 2a db -- -- 5c -- d4 -- 5d -- -- 33  e -- -- 26 93 bd c9 8e 71 -- 4d -- 40 -- -- -- -- -- -- -- b3 -- ca -- -- -- 22 4f 54 -- 61 -- -- f4 -- 91 b8 -- -- -- 7f -- -- -- ba -- -- -- -- -- 66 -- 1c -- -- 32 -- -- 4c e7 f1 -- ad -- 45 2f cb 70 e2 79 -- c8 9a -- -- -- 80 -- -- 7e -- -- -- -- -- -- -- 3d -- -- -- -- b1 -- -- -- 43 -- -- 87 -- 56 -- -- 44 3a 9e 53 a8 -- -- -- c2 1d -- 2b -- -- 3f -- -- -- f5 -- a7 -- -- -- -- -- -- 99 fe e5 -- -- -- -- -- -- a3 7a -- -- -- -- -- -- -- -- -- -- cc -- -- -- 38 fc -- -- -- -- 64 d7 -- -- -- -- 98 -- 19 -- 35 -- -- -- 8d ac -- -- 8a a6 5e eb 41 74 e0 88 13 -- f2 -- -- -- 47 b5 e3 d9 -- -- -- -- -- 86 

solutions so far:0 maxDepth:10 
iterations:13718305  skipped: 53 
Depth skipped: 
0 0 53 0 0 0 0 0 0 0 0 0 0 0 0 0 0 0 0 0 0 0 0 0 0 0 0 0 0 0 0 0 

running time: 1800 sec
 depth:6
 0  1  2  3  4  5  6  7  8  9  a  b  c  d  e  f 10 11 12 13 14 15 16 17 18 19 1a 1b 1c 1d 1e 1f 20 21 22 23 24 25 26 27 28 29 2a 2b 2c 2d 2e 2f 30 31 32 33 34 35 36 37 38 39 3a 3b 3c 3d 3e 3f 40 41 42 43 44 45 46 47 48 49 4a 4b 4c 4d 4e 4f 50 51 52 53 54 55 56 57 58 59 5a 5b 5c 5d 5e 5f 60 61 62 63 64 65 66 67 68 69 6a 6b 6c 6d 6e 6f 70 71 72 73 74 75 76 77 78 79 7a 7b 7c 7d 7e 7f 80 81 82 83 84 85 86 87 88 89 8a 8b 8c 8d 8e 8f 90 91 92 93 94 95 96 97 98 99 9a 9b 9c 9d 9e 9f a0 a1 a2 a3 a4 a5 a6 a7 a8 a9 aa ab ac ad ae af b0 b1 b2 b3 b4 b5 b6 b7 b8 b9 ba bb bc bd be bf c0 c1 c2 c3 c4 c5 c6 c7 c8 c9 ca cb cc cd ce cf d0 d1 d2 d3 d4 d5 d6 d7 d8 d9 da db dc dd de df e0 e1 e2 e3 e4 e5 e6 e7 e8 e9 ea eb ec ed ee ef f0 f1 f2 f3 f4 f5 f6 f7 f8 f9 fa fb fc fd fe ff 
 0  1  2 bc  4 8c af b9  8 2e cf bb 89 dd a5 -- 10 -- 5c -- 49 -- a1 34 c5 -- 6d -- 9d 2c -- e8 20 -- -- -- b8 5f -- 38 92 d5 -- -- 95 -- 68 -- 5d -- -- 33 da -- -- -- ed 1d 58 -- -- --  7 -- 40 -- -- -- -- -- -- -- a7 -- be -- -- -- 70 4f f3 -- 7d -- -- f4 -- 91 fd -- -- -- d0 -- -- -- ba -- -- -- -- -- 66 -- 63 -- -- -- -- -- -- --  d -- 3a -- b0 2f -- 5b -- 79 -- --  e -- -- -- 80 -- -- 7e -- -- -- -- -- -- -- 3d -- -- -- -- 99 -- -- -- ab -- -- 62 --  b -- -- e0 a9 9e 23 31 -- -- -- fa bf -- ee -- -- 3f -- -- -- f5 -- 2d -- -- -- -- -- -- 5a 77 b4 -- -- -- -- -- -- a3 7a -- -- -- -- -- -- -- -- -- -- cc -- -- -- c6 fc -- -- -- -- -- d7 -- -- -- -- -- -- -- -- 1a -- -- -- 74 16 -- -- b7 46 5e eb -- 85 b6 17 -- -- f2 -- -- -- -- e5 1c c4 -- -- -- -- -- 81 

solutions so far:0 maxDepth:10 
iterations:16532310  skipped: 61 
Depth skipped: 
0 0 61 0 0 0 0 0 0 0 0 0 0 0 0 0 0 0 0 0 0 0 0 0 0 0 0 0 0 0 0 0 

running time: 2100 sec
 depth:7
 0  1  2  3  4  5  6  7  8  9  a  b  c  d  e  f 10 11 12 13 14 15 16 17 18 19 1a 1b 1c 1d 1e 1f 20 21 22 23 24 25 26 27 28 29 2a 2b 2c 2d 2e 2f 30 31 32 33 34 35 36 37 38 39 3a 3b 3c 3d 3e 3f 40 41 42 43 44 45 46 47 48 49 4a 4b 4c 4d 4e 4f 50 51 52 53 54 55 56 57 58 59 5a 5b 5c 5d 5e 5f 60 61 62 63 64 65 66 67 68 69 6a 6b 6c 6d 6e 6f 70 71 72 73 74 75 76 77 78 79 7a 7b 7c 7d 7e 7f 80 81 82 83 84 85 86 87 88 89 8a 8b 8c 8d 8e 8f 90 91 92 93 94 95 96 97 98 99 9a 9b 9c 9d 9e 9f a0 a1 a2 a3 a4 a5 a6 a7 a8 a9 aa ab ac ad ae af b0 b1 b2 b3 b4 b5 b6 b7 b8 b9 ba bb bc bd be bf c0 c1 c2 c3 c4 c5 c6 c7 c8 c9 ca cb cc cd ce cf d0 d1 d2 d3 d4 d5 d6 d7 d8 d9 da db dc dd de df e0 e1 e2 e3 e4 e5 e6 e7 e8 e9 ea eb ec ed ee ef f0 f1 f2 f3 f4 f5 f6 f7 f8 f9 fa fb fc fd fe ff 
 0  1  2 bc  4 86 af 23  8 d2 db 90 89 4e 46 c3 10 -- 73 -- 61 -- f7 f3 c5 -- 9c -- 8c 81 51 4b 20 -- -- -- e6 15 -- 42 c2 87 -- -- 39 -- 31 -- 5d -- -- 33 ef -- -- 35 cf d8 d5 c9 a2 -- 96 -- 40 -- -- -- -- -- -- -- 1b -- 2a -- -- -- 84 4f 53 -- d9 -- -- f4 -- 91 72 -- -- -- 62 -- -- -- ba -- -- -- -- -- 66 --  9 -- -- 2b -- -- 6a 7f 49 -- 67 -- 7d 2f 45 24 93 79 -- ac fb -- -- -- 80 -- -- 7e -- -- -- -- -- -- -- 3d -- -- -- -- 36 -- -- -- 54 -- -- 9b -- be -- -- df f8 9e ca a6 -- -- -- 65 7c -- 5f -- -- 3f -- -- -- f5 -- e4 -- -- -- -- -- -- 1f c4 3e -- -- -- -- -- -- a3 7a -- -- -- -- -- -- -- -- -- -- cc -- -- -- 12 fc -- -- -- -- 56 d7 -- -- -- -- d4 -- fe -- 92 -- -- -- ce ab -- -- fa 43 5e eb 8a 27 48 69 f1 -- f2 -- -- -- 8f 6c 21 e1 -- -- -- -- -- a8 

solutions so far:0 maxDepth:10 
iterations:18940940  skipped: 63 
Depth skipped: 
0 0 63 0 0 0 0 0 0 0 0 0 0 0 0 0 0 0 0 0 0 0 0 0 0 0 0 0 0 0 0 0 

running time: 2400 sec
 depth:7
 0  1  2  3  4  5  6  7  8  9  a  b  c  d  e  f 10 11 12 13 14 15 16 17 18 19 1a 1b 1c 1d 1e 1f 20 21 22 23 24 25 26 27 28 29 2a 2b 2c 2d 2e 2f 30 31 32 33 34 35 36 37 38 39 3a 3b 3c 3d 3e 3f 40 41 42 43 44 45 46 47 48 49 4a 4b 4c 4d 4e 4f 50 51 52 53 54 55 56 57 58 59 5a 5b 5c 5d 5e 5f 60 61 62 63 64 65 66 67 68 69 6a 6b 6c 6d 6e 6f 70 71 72 73 74 75 76 77 78 79 7a 7b 7c 7d 7e 7f 80 81 82 83 84 85 86 87 88 89 8a 8b 8c 8d 8e 8f 90 91 92 93 94 95 96 97 98 99 9a 9b 9c 9d 9e 9f a0 a1 a2 a3 a4 a5 a6 a7 a8 a9 aa ab ac ad ae af b0 b1 b2 b3 b4 b5 b6 b7 b8 b9 ba bb bc bd be bf c0 c1 c2 c3 c4 c5 c6 c7 c8 c9 ca cb cc cd ce cf d0 d1 d2 d3 d4 d5 d6 d7 d8 d9 da db dc dd de df e0 e1 e2 e3 e4 e5 e6 e7 e8 e9 ea eb ec ed ee ef f0 f1 f2 f3 f4 f5 f6 f7 f8 f9 fa fb fc fd fe ff 
 0  1  2 bc  4 6b af 57  8 d9 d6 98 89 82 ae 31 10 -- 65 -- 7b -- e7 83 c5 -- d3 -- 8b 18 62 a6 20 -- -- -- ca 1e -- 2a f6 37 -- -- 19 -- d1 -- 5d -- -- 33 71 -- -- ab c1 61 30 49 c4 -- 9b -- 40 -- -- -- -- -- -- -- 43 -- 3c -- -- -- 54 4f 3b -- 6e -- -- f4 -- 91 32 -- -- -- 75 -- -- -- ba -- -- -- -- -- 66 -- e2 -- -- 23 -- -- 81 7d 55 -- c2 -- 60 2f 92 26 5f 79 -- 8c e1 -- -- -- 80 -- -- 7e -- -- -- -- -- -- -- 3d -- -- -- -- 86 -- -- -- 78 -- -- ec --  6 -- -- a8 cb 9e 6f 76 -- -- -- dc 8e --  3 -- -- 3f -- -- -- f5 -- 64 -- -- -- -- -- -- c8 ea 47 -- -- -- -- -- -- a3 7a -- -- -- -- -- -- -- -- -- -- cc -- -- -- 13 fc -- -- -- -- 46 d7 -- -- -- -- d5 -- fa -- aa -- -- -- 53  c -- -- c0 de 5e eb f3 41 4c 87 be -- f2 -- -- -- cf db 15  f -- -- -- -- -- f0 

solutions so far:0 maxDepth:10 
iterations:22204784  skipped: 80 
Depth skipped: 
0 0 80 0 0 0 0 0 0 0 0 0 0 0 0 0 0 0 0 0 0 0 0 0 0 0 0 0 0 0 0 0 

running time: 2700 sec
 depth:6
 0  1  2  3  4  5  6  7  8  9  a  b  c  d  e  f 10 11 12 13 14 15 16 17 18 19 1a 1b 1c 1d 1e 1f 20 21 22 23 24 25 26 27 28 29 2a 2b 2c 2d 2e 2f 30 31 32 33 34 35 36 37 38 39 3a 3b 3c 3d 3e 3f 40 41 42 43 44 45 46 47 48 49 4a 4b 4c 4d 4e 4f 50 51 52 53 54 55 56 57 58 59 5a 5b 5c 5d 5e 5f 60 61 62 63 64 65 66 67 68 69 6a 6b 6c 6d 6e 6f 70 71 72 73 74 75 76 77 78 79 7a 7b 7c 7d 7e 7f 80 81 82 83 84 85 86 87 88 89 8a 8b 8c 8d 8e 8f 90 91 92 93 94 95 96 97 98 99 9a 9b 9c 9d 9e 9f a0 a1 a2 a3 a4 a5 a6 a7 a8 a9 aa ab ac ad ae af b0 b1 b2 b3 b4 b5 b6 b7 b8 b9 ba bb bc bd be bf c0 c1 c2 c3 c4 c5 c6 c7 c8 c9 ca cb cc cd ce cf d0 d1 d2 d3 d4 d5 d6 d7 d8 d9 da db dc dd de df e0 e1 e2 e3 e4 e5 e6 e7 e8 e9 ea eb ec ed ee ef f0 f1 f2 f3 f4 f5 f6 f7 f8 f9 fa fb fc fd fe ff 
 0  1  2 bc  4 58 af 2b  8 9c b0 60 89 75 56 -- 10 -- ef -- b7 -- c0 8a c5 -- ea -- ac 6a -- 72 20 -- -- --  9 1a -- 7c b9 77 -- -- 57 -- c3 -- 5d -- -- 33  3 -- -- -- 8f 90 d4 -- -- -- e4 -- 40 -- -- -- -- -- -- -- 12 -- 34 -- -- -- f8 4f a5 -- ee -- -- f4 -- 91 ae -- -- -- 51 -- -- -- ba -- -- -- -- -- 66 --  6 -- -- -- -- -- -- -- c9 -- f7 -- 7f 2f -- 18 -- 79 -- -- 1f -- -- -- 80 -- -- 7e -- -- -- -- -- -- -- 3d -- -- -- -- 24 -- -- -- 68 -- -- ed -- f1 -- -- 27 83 9e 16 9d -- -- --  b aa -- 93 -- -- 3f -- -- -- f5 -- 8b -- -- -- -- -- -- c1 a2 55 -- -- -- -- -- -- a3 7a -- -- -- -- -- -- -- -- -- -- cc -- -- --  c fc -- -- -- -- -- d7 -- -- -- -- -- -- -- -- 45 -- -- -- 39 35 -- -- fe 2c 5e eb -- d1 30 4e -- -- f2 -- -- -- -- 48 3e  d -- -- -- -- -- d0 

solutions so far:0 maxDepth:10 
iterations:25146680  skipped: 91 
Depth skipped: 
0 0 91 0 0 0 0 0 0 0 0 0 0 0 0 0 0 0 0 0 0 0 0 0 0 0 0 0 0 0 0 0 

running time: 3000 sec
 depth:7
 0  1  2  3  4  5  6  7  8  9  a  b  c  d  e  f 10 11 12 13 14 15 16 17 18 19 1a 1b 1c 1d 1e 1f 20 21 22 23 24 25 26 27 28 29 2a 2b 2c 2d 2e 2f 30 31 32 33 34 35 36 37 38 39 3a 3b 3c 3d 3e 3f 40 41 42 43 44 45 46 47 48 49 4a 4b 4c 4d 4e 4f 50 51 52 53 54 55 56 57 58 59 5a 5b 5c 5d 5e 5f 60 61 62 63 64 65 66 67 68 69 6a 6b 6c 6d 6e 6f 70 71 72 73 74 75 76 77 78 79 7a 7b 7c 7d 7e 7f 80 81 82 83 84 85 86 87 88 89 8a 8b 8c 8d 8e 8f 90 91 92 93 94 95 96 97 98 99 9a 9b 9c 9d 9e 9f a0 a1 a2 a3 a4 a5 a6 a7 a8 a9 aa ab ac ad ae af b0 b1 b2 b3 b4 b5 b6 b7 b8 b9 ba bb bc bd be bf c0 c1 c2 c3 c4 c5 c6 c7 c8 c9 ca cb cc cd ce cf d0 d1 d2 d3 d4 d5 d6 d7 d8 d9 da db dc dd de df e0 e1 e2 e3 e4 e5 e6 e7 e8 e9 ea eb ec ed ee ef f0 f1 f2 f3 f4 f5 f6 f7 f8 f9 fa fb fc fd fe ff 
 0  1  2 bc  4 36 af 8d  8 37 6c 2c 89 34 cd  a 10 -- 6e -- d8 -- 58 22 c5 -- 68 -- 4d b1 14 3b 20 -- -- -- dc 21 -- 1e 67 69 -- -- b0 -- 44 -- 5d -- -- 33 d0 -- -- 97 9a d6 b5 9f 28 -- 76 -- 40 -- -- -- -- -- -- -- 6f -- 42 -- -- -- 3c 4f ce -- d2 -- -- f4 -- 91 b7 -- -- -- 88 -- -- -- ba -- -- -- -- -- 66 -- 77 -- -- ff -- -- f9 4a e3 -- 7b -- bd 2f e9  b 50 79 -- 52 ec -- -- -- 80 -- -- 7e -- -- -- -- -- -- -- 3d -- -- -- -- de -- -- -- 84 -- -- 96 -- b2 -- -- 78  d 9e e6 4b -- -- -- 73 ed -- 59 -- -- 3f -- -- -- f5 -- b9 -- -- -- -- -- -- a5 c7 9d -- -- -- -- -- -- a3 7a -- -- -- -- -- -- -- -- -- -- cc -- -- -- ee fc -- -- -- -- 29 d7 -- -- -- -- 25 -- 94 -- 11 -- -- -- f6 b3 -- -- ad 1b 5e eb  5 1a 16 f0 a0 -- f2 -- -- -- a4 6b  f fb -- -- -- -- -- df 

solutions so far:0 maxDepth:10 
iterations:28355594  skipped: 114 
Depth skipped: 
0 0 114 0 0 0 0 0 0 0 0 0 0 0 0 0 0 0 0 0 0 0 0 0 0 0 0 0 0 0 0 0 

running time: 3300 sec
 depth:7
 0  1  2  3  4  5  6  7  8  9  a  b  c  d  e  f 10 11 12 13 14 15 16 17 18 19 1a 1b 1c 1d 1e 1f 20 21 22 23 24 25 26 27 28 29 2a 2b 2c 2d 2e 2f 30 31 32 33 34 35 36 37 38 39 3a 3b 3c 3d 3e 3f 40 41 42 43 44 45 46 47 48 49 4a 4b 4c 4d 4e 4f 50 51 52 53 54 55 56 57 58 59 5a 5b 5c 5d 5e 5f 60 61 62 63 64 65 66 67 68 69 6a 6b 6c 6d 6e 6f 70 71 72 73 74 75 76 77 78 79 7a 7b 7c 7d 7e 7f 80 81 82 83 84 85 86 87 88 89 8a 8b 8c 8d 8e 8f 90 91 92 93 94 95 96 97 98 99 9a 9b 9c 9d 9e 9f a0 a1 a2 a3 a4 a5 a6 a7 a8 a9 aa ab ac ad ae af b0 b1 b2 b3 b4 b5 b6 b7 b8 b9 ba bb bc bd be bf c0 c1 c2 c3 c4 c5 c6 c7 c8 c9 ca cb cc cd ce cf d0 d1 d2 d3 d4 d5 d6 d7 d8 d9 da db dc dd de df e0 e1 e2 e3 e4 e5 e6 e7 e8 e9 ea eb ec ed ee ef f0 f1 f2 f3 f4 f5 f6 f7 f8 f9 fa fb fc fd fe ff 
 0  1  2 bc  4 29 af 5c  8 fe 52 b5 89 44 b8 a1 10 -- 2b -- a4 -- bd 3a c5 -- 88 -- a7 70 95 51 20 -- -- -- 56 28 -- 35 9f f9 -- -- ad -- 74 -- 5d -- -- 33 c7 -- -- b4 99 45 e0 5b fd -- a2 -- 40 -- -- -- -- -- -- -- ac -- 50 -- -- -- 6a 4f e9 -- 25 -- -- f4 -- 91 8d -- -- -- e8 -- -- -- ba -- -- -- -- -- 66 -- 59 -- -- 6d -- -- bf 85 e5 -- 8a -- 17 2f b6 b3 2d 79 -- 63 93 -- -- -- 80 -- -- 7e -- -- -- -- -- -- -- 3d -- -- -- -- 8f -- -- -- a0 -- --  a -- 1c -- -- d4 11 9e 94  5 -- -- -- 4a e3 --  e -- -- 3f -- -- -- f5 -- cd -- -- -- -- -- -- 4d  7 9a -- -- -- -- -- -- a3 7a -- -- -- -- -- -- -- -- -- -- cc -- -- -- b2 fc -- -- -- -- da d7 -- -- -- -- a9 -- dd -- 1d -- -- -- c3 38 -- -- 2e ff 5e eb bb 22 b1 7f 5a -- f2 -- -- -- c6 c9 f1 14 -- -- -- -- -- 97 

solutions so far:0 maxDepth:10 
iterations:30525292  skipped: 121 
Depth skipped: 
0 0 121 0 0 0 0 0 0 0 0 0 0 0 0 0 0 0 0 0 0 0 0 0 0 0 0 0 0 0 0 0 

running time: 3600 sec
 depth:6
 0  1  2  3  4  5  6  7  8  9  a  b  c  d  e  f 10 11 12 13 14 15 16 17 18 19 1a 1b 1c 1d 1e 1f 20 21 22 23 24 25 26 27 28 29 2a 2b 2c 2d 2e 2f 30 31 32 33 34 35 36 37 38 39 3a 3b 3c 3d 3e 3f 40 41 42 43 44 45 46 47 48 49 4a 4b 4c 4d 4e 4f 50 51 52 53 54 55 56 57 58 59 5a 5b 5c 5d 5e 5f 60 61 62 63 64 65 66 67 68 69 6a 6b 6c 6d 6e 6f 70 71 72 73 74 75 76 77 78 79 7a 7b 7c 7d 7e 7f 80 81 82 83 84 85 86 87 88 89 8a 8b 8c 8d 8e 8f 90 91 92 93 94 95 96 97 98 99 9a 9b 9c 9d 9e 9f a0 a1 a2 a3 a4 a5 a6 a7 a8 a9 aa ab ac ad ae af b0 b1 b2 b3 b4 b5 b6 b7 b8 b9 ba bb bc bd be bf c0 c1 c2 c3 c4 c5 c6 c7 c8 c9 ca cb cc cd ce cf d0 d1 d2 d3 d4 d5 d6 d7 d8 d9 da db dc dd de df e0 e1 e2 e3 e4 e5 e6 e7 e8 e9 ea eb ec ed ee ef f0 f1 f2 f3 f4 f5 f6 f7 f8 f9 fa fb fc fd fe ff 
 0  1  2 bc  4 21 af 74  8 b1 42 5b 89 a9 e8 -- 10 -- b5 -- 84 -- b6 70 c5 -- 85 --  7 99 -- 11 20 -- -- -- bd 1b -- c7 df 67 -- -- bb -- e0 -- 5d -- -- 33 dd -- -- --  e 4d e5 -- -- -- 22 -- 40 -- -- -- -- -- -- -- ad -- 36 -- -- -- 59 4f 69 -- ce -- -- f4 -- 91 a1 -- -- -- 17 -- -- -- ba -- -- -- -- -- 66 -- 6d -- -- -- -- -- -- -- 1c -- 9a -- 1d 2f -- 63 -- 79 -- -- 44 -- -- -- 80 -- -- 7e -- -- -- -- -- -- -- 3d -- -- -- -- 8d -- -- -- 6c -- -- 73 -- b8 -- -- b2 b4 9e 96 d2 -- -- -- 4b 5a -- 5c -- -- 3f -- -- -- f5 -- 95 -- -- -- -- -- -- fd 2e 2d -- -- -- -- -- -- a3 7a -- -- -- -- -- -- -- -- -- -- cc -- -- -- da fc -- -- -- -- -- d7 -- -- -- -- -- -- -- -- 38 -- -- -- e3 a7 -- -- 3a fb 5e eb -- bf c6 b3 -- -- f2 -- -- -- -- cd 88 e6 -- -- -- -- -- d8 

solutions so far:0 maxDepth:10 
iterations:32533996  skipped: 125 
Depth skipped: 
0 0 125 0 0 0 0 0 0 0 0 0 0 0 0 0 0 0 0 0 0 0 0 0 0 0 0 0 0 0 0 0 

running time: 3900 sec
 depth:7
 0  1  2  3  4  5  6  7  8  9  a  b  c  d  e  f 10 11 12 13 14 15 16 17 18 19 1a 1b 1c 1d 1e 1f 20 21 22 23 24 25 26 27 28 29 2a 2b 2c 2d 2e 2f 30 31 32 33 34 35 36 37 38 39 3a 3b 3c 3d 3e 3f 40 41 42 43 44 45 46 47 48 49 4a 4b 4c 4d 4e 4f 50 51 52 53 54 55 56 57 58 59 5a 5b 5c 5d 5e 5f 60 61 62 63 64 65 66 67 68 69 6a 6b 6c 6d 6e 6f 70 71 72 73 74 75 76 77 78 79 7a 7b 7c 7d 7e 7f 80 81 82 83 84 85 86 87 88 89 8a 8b 8c 8d 8e 8f 90 91 92 93 94 95 96 97 98 99 9a 9b 9c 9d 9e 9f a0 a1 a2 a3 a4 a5 a6 a7 a8 a9 aa ab ac ad ae af b0 b1 b2 b3 b4 b5 b6 b7 b8 b9 ba bb bc bd be bf c0 c1 c2 c3 c4 c5 c6 c7 c8 c9 ca cb cc cd ce cf d0 d1 d2 d3 d4 d5 d6 d7 d8 d9 da db dc dd de df e0 e1 e2 e3 e4 e5 e6 e7 e8 e9 ea eb ec ed ee ef f0 f1 f2 f3 f4 f5 f6 f7 f8 f9 fa fb fc fd fe ff 
 0  1  2 bc  4  7 af cf  8 6e  e b9 89 ee 49 60 10 -- dc -- 1c -- a5 c4 c5 --  b -- 92 fa c0 76 20 -- -- -- 6f 5c -- 3c 38 e5 -- -- 9d -- 5f -- 5d -- -- 33 16 -- -- c1 f3 7b 23  c 57 -- ec -- 40 -- -- -- -- -- -- -- de -- b8 -- -- -- 78 4f 70 -- 1d -- -- f4 -- 91 ed -- -- -- be -- -- -- ba -- -- -- -- -- 66 -- 2c -- -- 75 -- -- 55 83 31 -- f6 -- 46 2f 18 b0 ae 79 --  3  f -- -- -- 80 -- -- 7e -- -- -- -- -- -- -- 3d -- -- -- -- 6b -- -- -- a7 -- -- 17 -- d5 -- -- f0 d0 9e 74 e0 -- -- -- 3a 68 -- 81 -- -- 3f -- -- -- f5 --  d -- -- -- -- -- -- 1a ab 34 -- -- -- -- -- -- a3 7a -- -- -- -- -- -- -- -- -- -- cc -- -- -- 58 fc -- -- -- -- ea d7 -- -- -- -- aa -- d1 -- 62 -- -- -- 3b 7d -- -- 8c e8 5e eb 30 77 b7 37 8b -- f2 -- -- --  6 d6 1e 2e -- -- -- -- -- 99 

solutions so far:0 maxDepth:10 
iterations:35059462  skipped: 142 
Depth skipped: 
0 0 142 0 0 0 0 0 0 0 0 0 0 0 0 0 0 0 0 0 0 0 0 0 0 0 0 0 0 0 0 0 

running time: 4200 sec

Finished. Total running time: 4264 sec
