Search S-boxes invariant for matrix: 
{0x00,0x02,0x04,0x06,0x08,0x0a,0x0c,0x0e,0x10,0x12,0x14,0x16,0x18,0x1a,0x1c,0x1e,0x20,0x22,0x24,0x26,0x28,0x2a,0x2c,0x2e,0x30,0x32,0x34,0x36,0x38,0x3a,0x3c,0x3e,0x40,0x42,0x44,0x46,0x48,0x4a,0x4c,0x4e,0x50,0x52,0x54,0x56,0x58,0x5a,0x5c,0x5e,0x60,0x62,0x64,0x66,0x68,0x6a,0x6c,0x6e,0x70,0x72,0x74,0x76,0x78,0x7a,0x7c,0x7e,0x80,0x82,0x84,0x86,0x88,0x8a,0x8c,0x8e,0x90,0x92,0x94,0x96,0x98,0x9a,0x9c,0x9e,0xa0,0xa2,0xa4,0xa6,0xa8,0xaa,0xac,0xae,0xb0,0xb2,0xb4,0xb6,0xb8,0xba,0xbc,0xbe,0xc0,0xc2,0xc4,0xc6,0xc8,0xca,0xcc,0xce,0xd0,0xd2,0xd4,0xd6,0xd8,0xda,0xdc,0xde,0xe0,0xe2,0xe4,0xe6,0xe8,0xea,0xec,0xee,0xf0,0xf2,0xf4,0xf6,0xf8,0xfa,0xfc,0xfe,0xd7,0xd5,0xd3,0xd1,0xdf,0xdd,0xdb,0xd9,0xc7,0xc5,0xc3,0xc1,0xcf,0xcd,0xcb,0xc9,0xf7,0xf5,0xf3,0xf1,0xff,0xfd,0xfb,0xf9,0xe7,0xe5,0xe3,0xe1,0xef,0xed,0xeb,0xe9,0x97,0x95,0x93,0x91,0x9f,0x9d,0x9b,0x99,0x87,0x85,0x83,0x81,0x8f,0x8d,0x8b,0x89,0xb7,0xb5,0xb3,0xb1,0xbf,0xbd,0xbb,0xb9,0xa7,0xa5,0xa3,0xa1,0xaf,0xad,0xab,0xa9,0x57,0x55,0x53,0x51,0x5f,0x5d,0x5b,0x59,0x47,0x45,0x43,0x41,0x4f,0x4d,0x4b,0x49,0x77,0x75,0x73,0x71,0x7f,0x7d,0x7b,0x79,0x67,0x65,0x63,0x61,0x6f,0x6d,0x6b,0x69,0x17,0x15,0x13,0x11,0x1f,0x1d,0x1b,0x19,0x07,0x05,0x03,0x01,0x0f,0x0d,0x0b,0x09,0x37,0x35,0x33,0x31,0x3f,0x3d,0x3b,0x39,0x27,0x25,0x23,0x21,0x2f,0x2d,0x2b,0x29};



 depth:7
 0  1  2  3  4  5  6  7  8  9  a  b  c  d  e  f 10 11 12 13 14 15 16 17 18 19 1a 1b 1c 1d 1e 1f 20 21 22 23 24 25 26 27 28 29 2a 2b 2c 2d 2e 2f 30 31 32 33 34 35 36 37 38 39 3a 3b 3c 3d 3e 3f 40 41 42 43 44 45 46 47 48 49 4a 4b 4c 4d 4e 4f 50 51 52 53 54 55 56 57 58 59 5a 5b 5c 5d 5e 5f 60 61 62 63 64 65 66 67 68 69 6a 6b 6c 6d 6e 6f 70 71 72 73 74 75 76 77 78 79 7a 7b 7c 7d 7e 7f 80 81 82 83 84 85 86 87 88 89 8a 8b 8c 8d 8e 8f 90 91 92 93 94 95 96 97 98 99 9a 9b 9c 9d 9e 9f a0 a1 a2 a3 a4 a5 a6 a7 a8 a9 aa ab ac ad ae af b0 b1 b2 b3 b4 b5 b6 b7 b8 b9 ba bb bc bd be bf c0 c1 c2 c3 c4 c5 c6 c7 c8 c9 ca cb cc cd ce cf d0 d1 d2 d3 d4 d5 d6 d7 d8 d9 da db dc dd de df e0 e1 e2 e3 e4 e5 e6 e7 e8 e9 ea eb ec ed ee ef f0 f1 f2 f3 f4 f5 f6 f7 f8 f9 fa fb fc fd fe ff 
 0  1  2 c3  4 ea 51 b0  8 29  3 6c a2 df b7 8c 10 -- 52 --  6 -- d8  d 93 -- 69 -- b9  b cf 50 20 -- -- -- a4 57 -- 25  c 55 -- -- 67 -- 1a -- f1 -- -- 33 d2 -- -- 31 a5  a 16 fa 49 -- a0 -- 40 -- -- -- -- -- -- -- 9f -- ae -- -- -- 4a 4f 18 -- aa -- -- 56 -- d4 ce -- -- -- 34 -- -- -- 35 -- -- -- -- -- 66 -- 73 -- -- ab -- -- 62 5f 9d -- 14 -- 2c 45 23 1b 92 79 -- d5 97 -- -- -- 80 -- -- 8f -- -- -- -- -- -- -- fe -- -- -- -- e9 -- -- -- 8b -- -- 60 -- 77 -- -- 94 42 9e d1 30 -- -- -- 83 21 -- d0 -- -- ac -- -- -- 7f -- 4b -- -- -- -- -- -- 96 68 fb -- -- -- -- -- -- 6a 2b -- -- -- -- -- -- -- -- -- -- cc -- -- -- e6 c9 -- -- -- -- 81 d7 -- -- -- -- c4 -- be -- ed -- -- -- 28 ee -- -- 58 75 8a eb 46 84 36 ff f3 -- f2 -- -- -- 7d  5 f9 c0 -- -- -- -- -- c1 

solutions so far:0 maxDepth:9 
iterations:2148552  skipped: 12 
Depth skipped: 
0 0 12 0 0 0 0 0 0 0 0 0 0 0 0 0 0 0 0 0 0 0 0 0 0 0 0 0 0 0 0 0 

running time: 300 sec
 depth:7
 0  1  2  3  4  5  6  7  8  9  a  b  c  d  e  f 10 11 12 13 14 15 16 17 18 19 1a 1b 1c 1d 1e 1f 20 21 22 23 24 25 26 27 28 29 2a 2b 2c 2d 2e 2f 30 31 32 33 34 35 36 37 38 39 3a 3b 3c 3d 3e 3f 40 41 42 43 44 45 46 47 48 49 4a 4b 4c 4d 4e 4f 50 51 52 53 54 55 56 57 58 59 5a 5b 5c 5d 5e 5f 60 61 62 63 64 65 66 67 68 69 6a 6b 6c 6d 6e 6f 70 71 72 73 74 75 76 77 78 79 7a 7b 7c 7d 7e 7f 80 81 82 83 84 85 86 87 88 89 8a 8b 8c 8d 8e 8f 90 91 92 93 94 95 96 97 98 99 9a 9b 9c 9d 9e 9f a0 a1 a2 a3 a4 a5 a6 a7 a8 a9 aa ab ac ad ae af b0 b1 b2 b3 b4 b5 b6 b7 b8 b9 ba bb bc bd be bf c0 c1 c2 c3 c4 c5 c6 c7 c8 c9 ca cb cc cd ce cf d0 d1 d2 d3 d4 d5 d6 d7 d8 d9 da db dc dd de df e0 e1 e2 e3 e4 e5 e6 e7 e8 e9 ea eb ec ed ee ef f0 f1 f2 f3 f4 f5 f6 f7 f8 f9 fa fb fc fd fe ff 
 0  1  2 c3  4 df 51 92  8 86 69 8d a2 59 f3 1e 10 -- db -- d2 -- cd be 93 -- b2 -- 31 46 3c 2a 20 -- -- -- 61 d8 -- d9 73 96 -- -- 4d -- ab -- f1 -- -- 33 b3 -- -- 6e 62 9b 8c 76 78 -- 54 -- 40 -- -- -- -- -- -- -- c2 -- 67 -- -- -- 65 4f e6 -- fb -- -- 56 -- d4 9a -- -- -- 81 -- -- -- 35 -- -- -- -- -- 66 -- b1 -- -- d6 -- -- dc de c4 -- e1 -- cf 45 ec bd f0 79 -- f6 a8 -- -- -- 80 -- -- 8f -- -- -- -- -- -- -- fe -- -- -- -- 53 -- -- -- ce -- -- 36 -- fa -- -- ca 88 9e 42 1b -- -- -- 21 44 -- 7d -- -- ac -- -- -- 7f -- e3 -- -- -- -- -- -- 11 d5 22 -- -- -- -- -- -- 6a 2b -- -- -- -- -- -- -- -- -- -- cc -- -- -- b5 c9 -- -- -- -- 7b d7 -- -- -- -- 6f -- 6b -- 5f -- -- -- 15 23 -- -- 49 84 8a eb  f c7 ad 43 37 -- f2 -- -- -- 3b a6 87 6c -- -- -- -- -- 4b 

solutions so far:0 maxDepth:9 
iterations:4441233  skipped: 20 
Depth skipped: 
0 0 20 0 0 0 0 0 0 0 0 0 0 0 0 0 0 0 0 0 0 0 0 0 0 0 0 0 0 0 0 0 

running time: 600 sec
 depth:7
 0  1  2  3  4  5  6  7  8  9  a  b  c  d  e  f 10 11 12 13 14 15 16 17 18 19 1a 1b 1c 1d 1e 1f 20 21 22 23 24 25 26 27 28 29 2a 2b 2c 2d 2e 2f 30 31 32 33 34 35 36 37 38 39 3a 3b 3c 3d 3e 3f 40 41 42 43 44 45 46 47 48 49 4a 4b 4c 4d 4e 4f 50 51 52 53 54 55 56 57 58 59 5a 5b 5c 5d 5e 5f 60 61 62 63 64 65 66 67 68 69 6a 6b 6c 6d 6e 6f 70 71 72 73 74 75 76 77 78 79 7a 7b 7c 7d 7e 7f 80 81 82 83 84 85 86 87 88 89 8a 8b 8c 8d 8e 8f 90 91 92 93 94 95 96 97 98 99 9a 9b 9c 9d 9e 9f a0 a1 a2 a3 a4 a5 a6 a7 a8 a9 aa ab ac ad ae af b0 b1 b2 b3 b4 b5 b6 b7 b8 b9 ba bb bc bd be bf c0 c1 c2 c3 c4 c5 c6 c7 c8 c9 ca cb cc cd ce cf d0 d1 d2 d3 d4 d5 d6 d7 d8 d9 da db dc dd de df e0 e1 e2 e3 e4 e5 e6 e7 e8 e9 ea eb ec ed ee ef f0 f1 f2 f3 f4 f5 f6 f7 f8 f9 fa fb fc fd fe ff 
 0  1  2 c3  4 da 51  c  8 b7 63 36 a2 84 18 91 10 -- b9 -- c6 -- 6c ae 93 -- df -- 30 75 f5 d0 20 -- -- -- a5 fd -- 16 5b bf -- -- d8 -- 8b -- f1 -- -- 33 69 -- -- 3f 60 1a ea 5d 3d -- 77 -- 40 -- -- -- -- -- -- -- 9d -- 2d -- -- -- 2c 4f b6 -- a9 -- -- 56 -- d4 67 -- -- -- c1 -- -- -- 35 -- -- -- -- -- 66 -- d2 -- -- bc -- -- 7e 2f c0 -- 34 --  3 45 ba e6 7a 79 -- 89 ee -- -- -- 80 -- -- 8f -- -- -- -- -- -- -- fe -- -- -- -- ed -- -- -- 5a -- -- a1 -- 83 -- -- 58 21 9e dd bb -- -- -- 85 fb -- aa -- -- ac -- -- -- 7f -- ce -- -- -- -- -- -- 4b 55 96 -- -- -- -- -- -- 6a 2b -- -- -- -- -- -- -- -- -- -- cc -- -- -- 73 c9 -- -- -- -- af d7 -- -- -- -- fc -- 5e -- 57 -- -- -- 68 d1 -- --  6 6d 8a eb a3 42 1b b0 f4 -- f2 -- -- -- c5  d  b 95 -- -- -- -- -- b4 

solutions so far:0 maxDepth:9 
iterations:7646064  skipped: 20 
Depth skipped: 
0 0 20 0 0 0 0 0 0 0 0 0 0 0 0 0 0 0 0 0 0 0 0 0 0 0 0 0 0 0 0 0 

running time: 900 sec
 depth:7
 0  1  2  3  4  5  6  7  8  9  a  b  c  d  e  f 10 11 12 13 14 15 16 17 18 19 1a 1b 1c 1d 1e 1f 20 21 22 23 24 25 26 27 28 29 2a 2b 2c 2d 2e 2f 30 31 32 33 34 35 36 37 38 39 3a 3b 3c 3d 3e 3f 40 41 42 43 44 45 46 47 48 49 4a 4b 4c 4d 4e 4f 50 51 52 53 54 55 56 57 58 59 5a 5b 5c 5d 5e 5f 60 61 62 63 64 65 66 67 68 69 6a 6b 6c 6d 6e 6f 70 71 72 73 74 75 76 77 78 79 7a 7b 7c 7d 7e 7f 80 81 82 83 84 85 86 87 88 89 8a 8b 8c 8d 8e 8f 90 91 92 93 94 95 96 97 98 99 9a 9b 9c 9d 9e 9f a0 a1 a2 a3 a4 a5 a6 a7 a8 a9 aa ab ac ad ae af b0 b1 b2 b3 b4 b5 b6 b7 b8 b9 ba bb bc bd be bf c0 c1 c2 c3 c4 c5 c6 c7 c8 c9 ca cb cc cd ce cf d0 d1 d2 d3 d4 d5 d6 d7 d8 d9 da db dc dd de df e0 e1 e2 e3 e4 e5 e6 e7 e8 e9 ea eb ec ed ee ef f0 f1 f2 f3 f4 f5 f6 f7 f8 f9 fa fb fc fd fe ff 
 0  1  2 c3  4 bd 51 24  8 83 ad 5b a2 a9 48 50 10 -- d1 -- 8d -- b6 e4 93 -- 85 -- 90 9c a0 60 20 -- -- -- 75 22 -- 8b cd 59 -- -- bb -- 1f -- f1 -- -- 33 dd -- -- 4a f7  c ef  a 97 -- c0 -- 40 -- -- -- -- -- -- -- ea -- 44 -- -- -- c1 4f 4d -- b2 -- -- 56 -- d4 a1 -- -- -- 3e -- -- -- 35 -- -- -- -- -- 66 -- 6d -- -- a4 -- -- 94 29 39 -- 18 --  9 45 14 63 f9 79 -- e9 57 -- -- -- 80 -- -- 8f -- -- -- -- -- -- -- fe -- -- -- --  3 -- -- -- 88 -- -- e3 -- 27 -- -- 55 b4 9e b1 9a -- -- -- b3 5a -- f8 -- -- ac -- -- -- 7f -- 95 -- -- -- -- -- -- fd 7c 2d -- -- -- -- -- -- 6a 2b -- -- -- -- -- -- -- -- -- -- cc -- -- -- da c9 -- -- -- -- 9f d7 -- -- -- -- ff -- 52 -- 72 -- -- -- 30 4e -- -- 12 b5 8a eb 28 bf c6 aa 25 -- f2 -- -- --  5  6 ae 11 -- -- -- -- -- c7 

solutions so far:0 maxDepth:9 
iterations:10393023  skipped: 38 
Depth skipped: 
0 0 38 0 0 0 0 0 0 0 0 0 0 0 0 0 0 0 0 0 0 0 0 0 0 0 0 0 0 0 0 0 

running time: 1200 sec
 depth:7
 0  1  2  3  4  5  6  7  8  9  a  b  c  d  e  f 10 11 12 13 14 15 16 17 18 19 1a 1b 1c 1d 1e 1f 20 21 22 23 24 25 26 27 28 29 2a 2b 2c 2d 2e 2f 30 31 32 33 34 35 36 37 38 39 3a 3b 3c 3d 3e 3f 40 41 42 43 44 45 46 47 48 49 4a 4b 4c 4d 4e 4f 50 51 52 53 54 55 56 57 58 59 5a 5b 5c 5d 5e 5f 60 61 62 63 64 65 66 67 68 69 6a 6b 6c 6d 6e 6f 70 71 72 73 74 75 76 77 78 79 7a 7b 7c 7d 7e 7f 80 81 82 83 84 85 86 87 88 89 8a 8b 8c 8d 8e 8f 90 91 92 93 94 95 96 97 98 99 9a 9b 9c 9d 9e 9f a0 a1 a2 a3 a4 a5 a6 a7 a8 a9 aa ab ac ad ae af b0 b1 b2 b3 b4 b5 b6 b7 b8 b9 ba bb bc bd be bf c0 c1 c2 c3 c4 c5 c6 c7 c8 c9 ca cb cc cd ce cf d0 d1 d2 d3 d4 d5 d6 d7 d8 d9 da db dc dd de df e0 e1 e2 e3 e4 e5 e6 e7 e8 e9 ea eb ec ed ee ef f0 f1 f2 f3 f4 f5 f6 f7 f8 f9 fa fb fc fd fe ff 
 0  1  2 c3  4 b9 51 f4  8 27 a5 23 a2 5f 3f 6b 10 -- 4e -- 9d -- 46 bc 93 -- be -- 7e 91 d6 f7 20 -- -- -- 9c d0 -- 1f ed 16 -- -- 8c -- af -- f1 -- -- 33 ab -- -- 76 fc 24 f5 dc 7b -- 39 -- 40 -- -- -- -- -- -- -- ef -- 77 -- -- -- 3e 4f  d -- 2c -- -- 56 -- d4 cf -- -- -- 89 -- -- -- 35 -- -- -- -- -- 66 -- 81 -- -- 78 -- -- ec 1e 2f -- 48 -- 3d 45 6f 7d f6 79 -- 37 72 -- -- -- 80 -- -- 8f -- -- -- -- -- -- -- fe -- -- -- --  9 -- -- -- ee -- -- 34 -- ba -- -- 7c 62 9e b0 1a -- -- -- 58 31 -- 5d -- -- ac -- -- -- 7f -- 49 -- -- -- -- -- -- 92 c5 f3 -- -- -- -- -- -- 6a 2b -- -- -- -- -- -- -- -- -- -- cc -- -- -- d5 c9 -- -- -- -- f0 d7 -- -- -- --  f -- 3c -- 5e -- -- -- 90 a3 -- -- 7a b7 8a eb de c4 fa f8 3b -- f2 -- -- -- 6e 12 e4 68 -- -- -- -- --  b 

solutions so far:0 maxDepth:9 
iterations:12569560  skipped: 38 
Depth skipped: 
0 0 38 0 0 0 0 0 0 0 0 0 0 0 0 0 0 0 0 0 0 0 0 0 0 0 0 0 0 0 0 0 

running time: 1500 sec
 depth:7
 0  1  2  3  4  5  6  7  8  9  a  b  c  d  e  f 10 11 12 13 14 15 16 17 18 19 1a 1b 1c 1d 1e 1f 20 21 22 23 24 25 26 27 28 29 2a 2b 2c 2d 2e 2f 30 31 32 33 34 35 36 37 38 39 3a 3b 3c 3d 3e 3f 40 41 42 43 44 45 46 47 48 49 4a 4b 4c 4d 4e 4f 50 51 52 53 54 55 56 57 58 59 5a 5b 5c 5d 5e 5f 60 61 62 63 64 65 66 67 68 69 6a 6b 6c 6d 6e 6f 70 71 72 73 74 75 76 77 78 79 7a 7b 7c 7d 7e 7f 80 81 82 83 84 85 86 87 88 89 8a 8b 8c 8d 8e 8f 90 91 92 93 94 95 96 97 98 99 9a 9b 9c 9d 9e 9f a0 a1 a2 a3 a4 a5 a6 a7 a8 a9 aa ab ac ad ae af b0 b1 b2 b3 b4 b5 b6 b7 b8 b9 ba bb bc bd be bf c0 c1 c2 c3 c4 c5 c6 c7 c8 c9 ca cb cc cd ce cf d0 d1 d2 d3 d4 d5 d6 d7 d8 d9 da db dc dd de df e0 e1 e2 e3 e4 e5 e6 e7 e8 e9 ea eb ec ed ee ef f0 f1 f2 f3 f4 f5 f6 f7 f8 f9 fa fb fc fd fe ff 
 0  1  2 c3  4 8e 51  e  8 aa cb de a2 3c 1c 39 10 -- 83 -- 41 -- 6b 2e 93 -- 78 -- 38 3a 72 30 20 -- -- -- d1 26 -- ae 82 19 -- -- d6 -- 5c -- f1 -- -- 33 f0 -- -- 7c 70  6 74 48 e4 -- 60 -- 40 -- -- -- -- -- -- -- 75 -- 4c -- -- -- 8b 4f d3 -- 32 -- -- 56 -- d4 7b -- -- -- b8 -- -- -- 35 -- -- -- -- -- 66 -- 37 -- -- ef -- -- f8 4e e0 --  c -- e8 45 90 dc 1f 79 -- 12 c0 -- -- -- 80 -- -- 8f -- -- -- -- -- -- -- fe -- -- -- -- ea -- -- -- 98 -- -- e2 -- e5 -- -- c1  f 9e c8 71 -- -- -- 64 ec -- 99 -- -- ac -- -- -- 7f -- f6 -- -- -- -- -- -- 3b a7 76 -- -- -- -- -- -- 6a 2b -- -- -- -- -- -- -- -- -- -- cc -- -- -- 6e c9 -- -- -- --  9 d7 -- -- -- -- 27 -- 9c -- 17 -- -- -- 18 1d -- --  7 47 8a eb f7 1e 6f 55 3e -- f2 -- -- -- 24  3 57 13 -- -- -- -- -- e7 

solutions so far:0 maxDepth:9 
iterations:14638784  skipped: 66 
Depth skipped: 
0 0 66 0 0 0 0 0 0 0 0 0 0 0 0 0 0 0 0 0 0 0 0 0 0 0 0 0 0 0 0 0 

running time: 1800 sec
 depth:6
 0  1  2  3  4  5  6  7  8  9  a  b  c  d  e  f 10 11 12 13 14 15 16 17 18 19 1a 1b 1c 1d 1e 1f 20 21 22 23 24 25 26 27 28 29 2a 2b 2c 2d 2e 2f 30 31 32 33 34 35 36 37 38 39 3a 3b 3c 3d 3e 3f 40 41 42 43 44 45 46 47 48 49 4a 4b 4c 4d 4e 4f 50 51 52 53 54 55 56 57 58 59 5a 5b 5c 5d 5e 5f 60 61 62 63 64 65 66 67 68 69 6a 6b 6c 6d 6e 6f 70 71 72 73 74 75 76 77 78 79 7a 7b 7c 7d 7e 7f 80 81 82 83 84 85 86 87 88 89 8a 8b 8c 8d 8e 8f 90 91 92 93 94 95 96 97 98 99 9a 9b 9c 9d 9e 9f a0 a1 a2 a3 a4 a5 a6 a7 a8 a9 aa ab ac ad ae af b0 b1 b2 b3 b4 b5 b6 b7 b8 b9 ba bb bc bd be bf c0 c1 c2 c3 c4 c5 c6 c7 c8 c9 ca cb cc cd ce cf d0 d1 d2 d3 d4 d5 d6 d7 d8 d9 da db dc dd de df e0 e1 e2 e3 e4 e5 e6 e7 e8 e9 ea eb ec ed ee ef f0 f1 f2 f3 f4 f5 f6 f7 f8 f9 fa fb fc fd fe ff 
 0  1  2 c3  4 8b 51 3d  8 a5 c1 8d a2 59 7a -- 10 -- 9d -- 55 -- cd 2f 93 -- b2 -- f4 ba -- ee 20 -- -- -- ed  3 -- 58 aa 30 -- -- 4d -- 5e -- f1 -- -- 33 b3 -- -- -- 3f 68 a3 -- -- --  b -- 40 -- -- -- -- -- -- --  d --  6 -- -- -- b0 4f 83 -- 60 -- -- 56 -- d4 9a -- -- -- bc -- -- -- 35 -- -- -- -- -- 66 -- b1 -- -- -- -- -- -- -- 7e -- d0 -- 91 45 -- bd -- 79 -- -- 16 -- -- -- 80 -- -- 8f -- -- -- -- -- -- -- fe -- -- -- -- 1a -- -- --  c -- -- 75 -- c5 -- -- b7 88 9e 57 d1 -- -- -- c0 44 -- 89 -- -- ac -- -- -- 7f -- e3 -- -- -- -- -- -- 11 af 22 -- -- -- -- -- -- 6a 2b -- -- -- -- -- -- -- -- -- -- cc -- -- -- b5 c9 -- -- -- -- -- d7 -- -- -- -- -- -- -- -- fc -- -- -- 77 5d -- -- f5 ae 8a eb -- c7 ad b9 -- -- f2 -- -- -- -- 34 2c ea -- -- -- -- -- 18 

solutions so far:0 maxDepth:9 
iterations:16615749  skipped: 66 
Depth skipped: 
0 0 66 0 0 0 0 0 0 0 0 0 0 0 0 0 0 0 0 0 0 0 0 0 0 0 0 0 0 0 0 0 

running time: 2100 sec
 depth:8
 0  1  2  3  4  5  6  7  8  9  a  b  c  d  e  f 10 11 12 13 14 15 16 17 18 19 1a 1b 1c 1d 1e 1f 20 21 22 23 24 25 26 27 28 29 2a 2b 2c 2d 2e 2f 30 31 32 33 34 35 36 37 38 39 3a 3b 3c 3d 3e 3f 40 41 42 43 44 45 46 47 48 49 4a 4b 4c 4d 4e 4f 50 51 52 53 54 55 56 57 58 59 5a 5b 5c 5d 5e 5f 60 61 62 63 64 65 66 67 68 69 6a 6b 6c 6d 6e 6f 70 71 72 73 74 75 76 77 78 79 7a 7b 7c 7d 7e 7f 80 81 82 83 84 85 86 87 88 89 8a 8b 8c 8d 8e 8f 90 91 92 93 94 95 96 97 98 99 9a 9b 9c 9d 9e 9f a0 a1 a2 a3 a4 a5 a6 a7 a8 a9 aa ab ac ad ae af b0 b1 b2 b3 b4 b5 b6 b7 b8 b9 ba bb bc bd be bf c0 c1 c2 c3 c4 c5 c6 c7 c8 c9 ca cb cc cd ce cf d0 d1 d2 d3 d4 d5 d6 d7 d8 d9 da db dc dd de df e0 e1 e2 e3 e4 e5 e6 e7 e8 e9 ea eb ec ed ee ef f0 f1 f2 f3 f4 f5 f6 f7 f8 f9 fa fb fc fd fe ff 
 0  1  2 c3  4 7e 51 67  8 d1 fc 54 a2 c2 ce ef 10 3b 75 -- 2f -- a8 42 93 -- 53 -- 4b 1b  9 c0 20 -- 76 -- ea 5d -- c1 5e f5 -- -- 87 -- 84 -- f1 -- -- 33 a6 -- -- 90 96 18 36 27 12 -- 57 -- 40 -- -- -- ec -- -- --  3 -- ba -- -- d6 55 4f bc -- 3d -- -- 56 -- d4 d9 3c -- -- df -- -- -- 35 -- -- -- -- -- 66 -- 9b -- -- 1f -- -- f7 72 fb -- 30 -- 6c 45 4e 15 24 79 -- 7c ae -- -- -- 80 -- -- 8f -- -- -- --  f -- -- fe -- de -- --  6 -- -- -- a3 -- -- 89 -- 73 7b -- aa db 9e f4 af -- -- -- 7a 86 -- d2 -- -- ac -- -- 6f 7f -- 65 37 78 f0 -- 6e -- ca 69 43 -- -- -- dc -- -- 6a 2b -- -- -- -- -- 1e -- -- -- -- cc 6b -- -- e1 c9 -- -- -- -- 3e d7 -- -- -- -- 39 -- e4 -- 21 -- -- f6 60 e6 -- -- d8 3f 8a eb 9c 61 2a 83 48 -- f2 -- -- -- f8  c 8b c5 -- -- -- -- -- 91 

solutions so far:0 maxDepth:9 
iterations:18539710  skipped: 71 
Depth skipped: 
0 0 71 0 0 0 0 0 0 0 0 0 0 0 0 0 0 0 0 0 0 0 0 0 0 0 0 0 0 0 0 0 

running time: 2400 sec
 depth:7
 0  1  2  3  4  5  6  7  8  9  a  b  c  d  e  f 10 11 12 13 14 15 16 17 18 19 1a 1b 1c 1d 1e 1f 20 21 22 23 24 25 26 27 28 29 2a 2b 2c 2d 2e 2f 30 31 32 33 34 35 36 37 38 39 3a 3b 3c 3d 3e 3f 40 41 42 43 44 45 46 47 48 49 4a 4b 4c 4d 4e 4f 50 51 52 53 54 55 56 57 58 59 5a 5b 5c 5d 5e 5f 60 61 62 63 64 65 66 67 68 69 6a 6b 6c 6d 6e 6f 70 71 72 73 74 75 76 77 78 79 7a 7b 7c 7d 7e 7f 80 81 82 83 84 85 86 87 88 89 8a 8b 8c 8d 8e 8f 90 91 92 93 94 95 96 97 98 99 9a 9b 9c 9d 9e 9f a0 a1 a2 a3 a4 a5 a6 a7 a8 a9 aa ab ac ad ae af b0 b1 b2 b3 b4 b5 b6 b7 b8 b9 ba bb bc bd be bf c0 c1 c2 c3 c4 c5 c6 c7 c8 c9 ca cb cc cd ce cf d0 d1 d2 d3 d4 d5 d6 d7 d8 d9 da db dc dd de df e0 e1 e2 e3 e4 e5 e6 e7 e8 e9 ea eb ec ed ee ef f0 f1 f2 f3 f4 f5 f6 f7 f8 f9 fa fb fc fd fe ff 
 0  1  2 c3  4 78 51 55  8  e f0 7a a2 c5 aa 41 10 -- 1c -- 37 -- f4  3 93 -- 5d -- 83 57 82 a7 20 -- -- -- 38 d6 -- 3a 6e 76 -- -- 3f --  6 -- f1 -- -- 33 ba -- -- 13 d1 2e ae 47 d3 -- 99 -- 40 -- -- -- -- -- -- -- 70 -- 7b -- -- -- 74 4f dc -- ec -- -- 56 -- d4 7e -- -- --  c -- -- -- 35 -- -- -- -- -- 66 -- a3 -- -- 19 -- -- 26 98 75 -- 5c -- 8b 45 8e f5 71 79 -- 64 e5 -- -- -- 80 -- -- 8f -- -- -- -- -- -- -- fe -- -- -- -- e0 -- -- -- f6 -- -- de -- 60 -- -- e8 af 9e 1e 6f -- -- --  f bc -- 30 -- -- ac -- -- -- 7f -- fc -- -- -- -- -- -- 2f 18 5e -- -- -- -- -- -- 6a 2b -- -- -- -- -- -- -- -- -- -- cc -- -- -- 91 c9 -- -- -- -- 32 d7 -- -- -- -- 4c -- e7 -- ea -- -- -- b8 c0 -- -- c1 3c 8a eb cb 89 3d  7 e2 -- f2 -- -- -- c8 17 1d 6b -- -- -- -- -- 3b 

solutions so far:0 maxDepth:9 
iterations:21435620  skipped: 72 
Depth skipped: 
0 0 72 0 0 0 0 0 0 0 0 0 0 0 0 0 0 0 0 0 0 0 0 0 0 0 0 0 0 0 0 0 

running time: 2700 sec
 depth:6
 0  1  2  3  4  5  6  7  8  9  a  b  c  d  e  f 10 11 12 13 14 15 16 17 18 19 1a 1b 1c 1d 1e 1f 20 21 22 23 24 25 26 27 28 29 2a 2b 2c 2d 2e 2f 30 31 32 33 34 35 36 37 38 39 3a 3b 3c 3d 3e 3f 40 41 42 43 44 45 46 47 48 49 4a 4b 4c 4d 4e 4f 50 51 52 53 54 55 56 57 58 59 5a 5b 5c 5d 5e 5f 60 61 62 63 64 65 66 67 68 69 6a 6b 6c 6d 6e 6f 70 71 72 73 74 75 76 77 78 79 7a 7b 7c 7d 7e 7f 80 81 82 83 84 85 86 87 88 89 8a 8b 8c 8d 8e 8f 90 91 92 93 94 95 96 97 98 99 9a 9b 9c 9d 9e 9f a0 a1 a2 a3 a4 a5 a6 a7 a8 a9 aa ab ac ad ae af b0 b1 b2 b3 b4 b5 b6 b7 b8 b9 ba bb bc bd be bf c0 c1 c2 c3 c4 c5 c6 c7 c8 c9 ca cb cc cd ce cf d0 d1 d2 d3 d4 d5 d6 d7 d8 d9 da db dc dd de df e0 e1 e2 e3 e4 e5 e6 e7 e8 e9 ea eb ec ed ee ef f0 f1 f2 f3 f4 f5 f6 f7 f8 f9 fa fb fc fd fe ff 
 0  1  2 c3  4 4b 51 34  8 b1 96 13 a2 8e 68 -- 10 -- b5 -- fb -- 26 16 93 -- cb -- d0 9d -- 11 20 -- -- -- bd d2 -- c7 21 36 -- -- 4c -- 2c -- f1 -- -- 33 41 -- -- -- 77 4d ed -- -- -- 22 -- 40 -- -- -- -- -- -- -- ad -- 73 -- -- -- 59 4f 42 -- 6c -- -- 56 -- d4 98 -- -- -- 58 -- -- -- 35 -- -- -- -- -- 66 -- 82 -- -- -- -- -- -- -- ee -- 9a --  d 45 -- 71 -- 79 -- -- 44 -- -- -- 80 -- -- 8f -- -- -- -- -- -- -- fe -- -- -- -- 8d -- -- -- e6 -- -- df -- b9 -- -- b2 c8 9e 67 84 -- -- -- d8 64 -- b7 -- -- ac -- -- -- 7f -- e7 -- -- -- -- -- -- 19 b0 32 -- -- -- -- -- -- 6a 2b -- -- -- -- -- -- -- -- -- -- cc -- -- -- d3 c9 -- -- -- -- -- d7 -- -- -- -- -- -- -- --  b -- -- -- e3 a5 -- -- 1a ce 8a eb -- 47 e2 b3 -- -- f2 -- -- -- -- cd 88 69 -- -- -- -- -- 1b 

solutions so far:0 maxDepth:9 
iterations:24310047  skipped: 100 
Depth skipped: 
0 0 100 0 0 0 0 0 0 0 0 0 0 0 0 0 0 0 0 0 0 0 0 0 0 0 0 0 0 0 0 0 

running time: 3000 sec
 depth:6
 0  1  2  3  4  5  6  7  8  9  a  b  c  d  e  f 10 11 12 13 14 15 16 17 18 19 1a 1b 1c 1d 1e 1f 20 21 22 23 24 25 26 27 28 29 2a 2b 2c 2d 2e 2f 30 31 32 33 34 35 36 37 38 39 3a 3b 3c 3d 3e 3f 40 41 42 43 44 45 46 47 48 49 4a 4b 4c 4d 4e 4f 50 51 52 53 54 55 56 57 58 59 5a 5b 5c 5d 5e 5f 60 61 62 63 64 65 66 67 68 69 6a 6b 6c 6d 6e 6f 70 71 72 73 74 75 76 77 78 79 7a 7b 7c 7d 7e 7f 80 81 82 83 84 85 86 87 88 89 8a 8b 8c 8d 8e 8f 90 91 92 93 94 95 96 97 98 99 9a 9b 9c 9d 9e 9f a0 a1 a2 a3 a4 a5 a6 a7 a8 a9 aa ab ac ad ae af b0 b1 b2 b3 b4 b5 b6 b7 b8 b9 ba bb bc bd be bf c0 c1 c2 c3 c4 c5 c6 c7 c8 c9 ca cb cc cd ce cf d0 d1 d2 d3 d4 d5 d6 d7 d8 d9 da db dc dd de df e0 e1 e2 e3 e4 e5 e6 e7 e8 e9 ea eb ec ed ee ef f0 f1 f2 f3 f4 f5 f6 f7 f8 f9 fa fb fc fd fe ff 
 0  1  2 c3  4 2f 51 44  8 60 5e a9 a2 a1 88 -- 10 -- c0 -- bc -- 85 b1 93 -- 95 -- c7 9a -- d1 20 -- -- -- 57 a3 --  6 af 7a -- -- dd -- b5 -- f1 -- -- 33 fd -- -- -- 59 55 e3 -- -- -- 75 -- 40 -- -- -- -- -- -- -- ae -- 91 -- -- --  c 4f 89 -- f4 -- -- 56 -- d4 6d -- -- -- bd -- -- -- 35 -- -- -- -- -- 66 -- 2d -- -- -- -- -- -- -- b2 -- aa -- 11 45 -- b4 -- 79 -- -- ea -- -- -- 80 -- -- 8f -- -- -- -- -- -- -- fe -- -- -- -- 8b -- -- -- f5 -- -- 5d -- cd -- -- 18 b6 9e 7e c5 -- -- -- 3f 5b -- 8d -- -- ac -- -- -- 7f -- da -- -- -- -- -- -- 63 ad c6 -- -- -- -- -- -- 6a 2b -- -- -- -- -- -- -- -- -- -- cc -- -- -- 5a c9 -- -- -- -- -- d7 -- -- -- -- -- -- -- -- b3 -- -- -- 83 4d -- -- 22 fc 8a eb -- bb bf 30 -- -- f2 -- -- -- -- c1  3 ba -- -- -- -- -- 3d 

solutions so far:0 maxDepth:9 
iterations:27101504  skipped: 118 
Depth skipped: 
0 0 118 0 0 0 0 0 0 0 0 0 0 0 0 0 0 0 0 0 0 0 0 0 0 0 0 0 0 0 0 0 

running time: 3300 sec
 depth:6
 0  1  2  3  4  5  6  7  8  9  a  b  c  d  e  f 10 11 12 13 14 15 16 17 18 19 1a 1b 1c 1d 1e 1f 20 21 22 23 24 25 26 27 28 29 2a 2b 2c 2d 2e 2f 30 31 32 33 34 35 36 37 38 39 3a 3b 3c 3d 3e 3f 40 41 42 43 44 45 46 47 48 49 4a 4b 4c 4d 4e 4f 50 51 52 53 54 55 56 57 58 59 5a 5b 5c 5d 5e 5f 60 61 62 63 64 65 66 67 68 69 6a 6b 6c 6d 6e 6f 70 71 72 73 74 75 76 77 78 79 7a 7b 7c 7d 7e 7f 80 81 82 83 84 85 86 87 88 89 8a 8b 8c 8d 8e 8f 90 91 92 93 94 95 96 97 98 99 9a 9b 9c 9d 9e 9f a0 a1 a2 a3 a4 a5 a6 a7 a8 a9 aa ab ac ad ae af b0 b1 b2 b3 b4 b5 b6 b7 b8 b9 ba bb bc bd be bf c0 c1 c2 c3 c4 c5 c6 c7 c8 c9 ca cb cc cd ce cf d0 d1 d2 d3 d4 d5 d6 d7 d8 d9 da db dc dd de df e0 e1 e2 e3 e4 e5 e6 e7 e8 e9 ea eb ec ed ee ef f0 f1 f2 f3 f4 f5 f6 f7 f8 f9 fa fb fc fd fe ff 
 0  1  2 c3  4 28 51 21  8 b2 50 76 a2 6f 42 -- 10 -- b3 -- a0 -- ec 73 93 -- de -- 84 ce -- 9a 20 -- -- -- b1 ff -- 44 97 9f -- --  f -- e6 -- f1 -- -- 33 6b -- -- -- df 8d 4b -- -- -- e3 -- 40 -- -- -- -- -- -- -- b5 -- 29 -- -- -- 88 4f f9 -- e9 -- -- 56 -- d4 1e -- -- -- 1b -- -- -- 35 -- -- -- -- -- 66 -- d6 -- -- -- -- -- -- -- 69 -- cd -- 96 45 -- f6 -- 79 -- -- 11 -- -- -- 80 -- -- 8f -- -- -- -- -- -- -- fe -- -- -- -- bd -- -- -- 52 -- -- 4a -- d8 -- -- c7 6e 9e  a 25 -- -- --  5 37 -- 6c -- -- ac -- -- -- 7f -- 3c -- -- -- -- -- -- 78 36 f0 -- -- -- -- -- -- 6a 2b -- -- -- -- -- -- -- -- -- -- cc -- -- -- 7b c9 -- -- -- -- -- d7 -- -- -- -- -- -- -- -- d2 -- -- -- 4d 67 -- -- fb 14 8a eb -- dc 3b 59 -- -- f2 -- -- -- -- ad 22 94 -- -- -- -- -- a4 

solutions so far:0 maxDepth:9 
iterations:30488001  skipped: 118 
Depth skipped: 
0 0 118 0 0 0 0 0 0 0 0 0 0 0 0 0 0 0 0 0 0 0 0 0 0 0 0 0 0 0 0 0 

running time: 3600 sec
 depth:6
 0  1  2  3  4  5  6  7  8  9  a  b  c  d  e  f 10 11 12 13 14 15 16 17 18 19 1a 1b 1c 1d 1e 1f 20 21 22 23 24 25 26 27 28 29 2a 2b 2c 2d 2e 2f 30 31 32 33 34 35 36 37 38 39 3a 3b 3c 3d 3e 3f 40 41 42 43 44 45 46 47 48 49 4a 4b 4c 4d 4e 4f 50 51 52 53 54 55 56 57 58 59 5a 5b 5c 5d 5e 5f 60 61 62 63 64 65 66 67 68 69 6a 6b 6c 6d 6e 6f 70 71 72 73 74 75 76 77 78 79 7a 7b 7c 7d 7e 7f 80 81 82 83 84 85 86 87 88 89 8a 8b 8c 8d 8e 8f 90 91 92 93 94 95 96 97 98 99 9a 9b 9c 9d 9e 9f a0 a1 a2 a3 a4 a5 a6 a7 a8 a9 aa ab ac ad ae af b0 b1 b2 b3 b4 b5 b6 b7 b8 b9 ba bb bc bd be bf c0 c1 c2 c3 c4 c5 c6 c7 c8 c9 ca cb cc cd ce cf d0 d1 d2 d3 d4 d5 d6 d7 d8 d9 da db dc dd de df e0 e1 e2 e3 e4 e5 e6 e7 e8 e9 ea eb ec ed ee ef f0 f1 f2 f3 f4 f5 f6 f7 f8 f9 fa fb fc fd fe ff 
 0  1  2 c3  4 1c 51 a8  8 55 38 f8 a2 f7 87 -- 10 -- aa -- 70 -- 27 86 93 -- 39 -- d9 e1 -- 18 20 -- -- -- 83 a7 -- 57 e0 3a -- -- 4e -- db -- f1 -- -- 33 72 -- -- -- 65  3 15 -- -- -- 30 -- 40 -- -- -- -- -- -- -- d1 -- 99 -- -- -- ae 4f 17 -- 74 -- -- 56 -- d4 9c -- -- -- 61 -- -- -- 35 -- -- -- -- -- 66 -- e4 -- -- -- -- -- -- -- ca --  6 -- 2a 45 -- 3e -- 79 -- -- 60 -- -- -- 80 -- -- 8f -- -- -- -- -- -- -- fe -- -- -- -- 75 -- -- -- e5 -- -- 5c -- a6 -- -- 8b 48 9e  7 2e -- -- -- e8 24 -- 53 -- -- ac -- -- -- 7f -- ef -- -- -- -- -- --  9 c2 12 -- -- -- -- -- -- 6a 2b -- -- -- -- -- -- -- -- -- -- cc -- -- -- 1f c9 -- -- -- -- -- d7 -- -- -- -- -- -- -- -- 43 -- -- --  c 9b -- -- 54  e 8a eb -- 90 7c c1 -- -- f2 -- -- -- -- ea c0 b8 -- -- -- -- -- 1d 

solutions so far:0 maxDepth:9 
iterations:32890984  skipped: 125 
Depth skipped: 
0 0 125 0 0 0 0 0 0 0 0 0 0 0 0 0 0 0 0 0 0 0 0 0 0 0 0 0 0 0 0 0 

running time: 3900 sec
 depth:7
 0  1  2  3  4  5  6  7  8  9  a  b  c  d  e  f 10 11 12 13 14 15 16 17 18 19 1a 1b 1c 1d 1e 1f 20 21 22 23 24 25 26 27 28 29 2a 2b 2c 2d 2e 2f 30 31 32 33 34 35 36 37 38 39 3a 3b 3c 3d 3e 3f 40 41 42 43 44 45 46 47 48 49 4a 4b 4c 4d 4e 4f 50 51 52 53 54 55 56 57 58 59 5a 5b 5c 5d 5e 5f 60 61 62 63 64 65 66 67 68 69 6a 6b 6c 6d 6e 6f 70 71 72 73 74 75 76 77 78 79 7a 7b 7c 7d 7e 7f 80 81 82 83 84 85 86 87 88 89 8a 8b 8c 8d 8e 8f 90 91 92 93 94 95 96 97 98 99 9a 9b 9c 9d 9e 9f a0 a1 a2 a3 a4 a5 a6 a7 a8 a9 aa ab ac ad ae af b0 b1 b2 b3 b4 b5 b6 b7 b8 b9 ba bb bc bd be bf c0 c1 c2 c3 c4 c5 c6 c7 c8 c9 ca cb cc cd ce cf d0 d1 d2 d3 d4 d5 d6 d7 d8 d9 da db dc dd de df e0 e1 e2 e3 e4 e5 e6 e7 e8 e9 ea eb ec ed ee ef f0 f1 f2 f3 f4 f5 f6 f7 f8 f9 fa fb fc fd fe ff 
 0  1  2 c3  4 18 51 d2  8 fc 30 f0 a2 3b 73  d 10 -- 2f -- 60 -- 37 d8 93 -- 76 -- e6 42 1a a3 20 -- -- -- 5e 55 -- 7a c0 75 -- -- 6e -- 67 -- f1 -- -- 33 ec -- -- 77 1b c5 84 a5 34 -- 91 -- 40 -- -- -- -- -- -- -- bc -- aa -- -- -- f4 4f 57 -- ea -- -- 56 -- d4 dc -- -- -- ce -- -- -- 35 -- -- -- -- -- 66 --  f -- -- 58 -- -- ee 16 36 -- 5d -- df 45 9d 3c 68 79 -- b7 f5 -- -- -- 80 -- -- 8f -- -- -- -- -- -- -- fe -- -- -- -- af -- -- -- 83 -- -- 8b -- fb -- -- 3f 7b 9e  6 ae -- -- --  3 d6 -- 96 -- -- ac -- -- -- 7f -- 6f -- -- -- -- -- -- de 4b 6b -- -- -- -- -- -- 6a 2b -- -- -- -- -- -- -- -- -- -- cc -- -- -- 1e c9 -- -- -- -- b0 d7 -- -- -- --  b -- 2c -- 6c -- -- -- ba 21 -- -- 69  c 8a eb ed f6 78 7e d0 -- f2 -- -- -- b9 89 3d c1 -- -- -- -- -- d1 

solutions so far:0 maxDepth:10 
iterations:35689081  skipped: 125 
Depth skipped: 
0 0 125 0 0 0 0 0 0 0 0 0 0 0 0 0 0 0 0 0 0 0 0 0 0 0 0 0 0 0 0 0 

running time: 4200 sec

Finished. Total running time: 4260 sec
