Search S-boxes invariant for matrix: 
{0x00,0x02,0x04,0x06,0x08,0x0a,0x0c,0x0e,0x10,0x12,0x14,0x16,0x18,0x1a,0x1c,0x1e,0x20,0x22,0x24,0x26,0x28,0x2a,0x2c,0x2e,0x30,0x32,0x34,0x36,0x38,0x3a,0x3c,0x3e,0x40,0x42,0x44,0x46,0x48,0x4a,0x4c,0x4e,0x50,0x52,0x54,0x56,0x58,0x5a,0x5c,0x5e,0x60,0x62,0x64,0x66,0x68,0x6a,0x6c,0x6e,0x70,0x72,0x74,0x76,0x78,0x7a,0x7c,0x7e,0x80,0x82,0x84,0x86,0x88,0x8a,0x8c,0x8e,0x90,0x92,0x94,0x96,0x98,0x9a,0x9c,0x9e,0xa0,0xa2,0xa4,0xa6,0xa8,0xaa,0xac,0xae,0xb0,0xb2,0xb4,0xb6,0xb8,0xba,0xbc,0xbe,0xc0,0xc2,0xc4,0xc6,0xc8,0xca,0xcc,0xce,0xd0,0xd2,0xd4,0xd6,0xd8,0xda,0xdc,0xde,0xe0,0xe2,0xe4,0xe6,0xe8,0xea,0xec,0xee,0xf0,0xf2,0xf4,0xf6,0xf8,0xfa,0xfc,0xfe,0xd7,0xd5,0xd3,0xd1,0xdf,0xdd,0xdb,0xd9,0xc7,0xc5,0xc3,0xc1,0xcf,0xcd,0xcb,0xc9,0xf7,0xf5,0xf3,0xf1,0xff,0xfd,0xfb,0xf9,0xe7,0xe5,0xe3,0xe1,0xef,0xed,0xeb,0xe9,0x97,0x95,0x93,0x91,0x9f,0x9d,0x9b,0x99,0x87,0x85,0x83,0x81,0x8f,0x8d,0x8b,0x89,0xb7,0xb5,0xb3,0xb1,0xbf,0xbd,0xbb,0xb9,0xa7,0xa5,0xa3,0xa1,0xaf,0xad,0xab,0xa9,0x57,0x55,0x53,0x51,0x5f,0x5d,0x5b,0x59,0x47,0x45,0x43,0x41,0x4f,0x4d,0x4b,0x49,0x77,0x75,0x73,0x71,0x7f,0x7d,0x7b,0x79,0x67,0x65,0x63,0x61,0x6f,0x6d,0x6b,0x69,0x17,0x15,0x13,0x11,0x1f,0x1d,0x1b,0x19,0x07,0x05,0x03,0x01,0x0f,0x0d,0x0b,0x09,0x37,0x35,0x33,0x31,0x3f,0x3d,0x3b,0x39,0x27,0x25,0x23,0x21,0x2f,0x2d,0x2b,0x29};



 depth:5
 0  1  2  3  4  5  6  7  8  9  a  b  c  d  e  f 10 11 12 13 14 15 16 17 18 19 1a 1b 1c 1d 1e 1f 20 21 22 23 24 25 26 27 28 29 2a 2b 2c 2d 2e 2f 30 31 32 33 34 35 36 37 38 39 3a 3b 3c 3d 3e 3f 40 41 42 43 44 45 46 47 48 49 4a 4b 4c 4d 4e 4f 50 51 52 53 54 55 56 57 58 59 5a 5b 5c 5d 5e 5f 60 61 62 63 64 65 66 67 68 69 6a 6b 6c 6d 6e 6f 70 71 72 73 74 75 76 77 78 79 7a 7b 7c 7d 7e 7f 80 81 82 83 84 85 86 87 88 89 8a 8b 8c 8d 8e 8f 90 91 92 93 94 95 96 97 98 99 9a 9b 9c 9d 9e 9f a0 a1 a2 a3 a4 a5 a6 a7 a8 a9 aa ab ac ad ae af b0 b1 b2 b3 b4 b5 b6 b7 b8 b9 ba bb bc bd be bf c0 c1 c2 c3 c4 c5 c6 c7 c8 c9 ca cb cc cd ce cf d0 d1 d2 d3 d4 d5 d6 d7 d8 d9 da db dc dd de df e0 e1 e2 e3 e4 e5 e6 e7 e8 e9 ea eb ec ed ee ef f0 f1 f2 f3 f4 f5 f6 f7 f8 f9 fa fb fc fd fe ff 
 0  1  2 cd  4 f3 4d 58  8 f4 31 -- 9a -- b0 -- 10 -- 3f -- 62 -- -- ed e3 -- -- -- b7 ee -- c5 20 -- -- -- 7e d5 -- 91 c4 46 -- -- -- --  d -- 11 -- -- 33 -- -- -- -- b9 bc  b -- -- -- 5d -- 40 -- -- -- -- -- -- -- fc -- 7d -- -- -- f5 4f 5f -- 8c -- -- b3 -- 88 -- -- -- -- 1a -- -- -- 22 -- -- -- -- -- 66 -- -- -- -- -- -- -- -- -- a5 -- af -- 16 ad -- -- -- 79 -- -- ba -- -- -- 80 -- -- b5 -- -- -- -- -- -- -- 59 -- -- -- -- 2f -- -- -- fa -- -- ab -- d0 -- -- 3d -- 9e 49 be -- -- -- cf -- -- 68 -- -- b1 -- -- -- c7 -- -- -- -- -- -- -- -- -- 34 -- -- -- -- -- -- -- 44 b2 -- -- -- -- -- -- -- -- -- -- cc -- -- -- -- bd -- -- -- -- -- d7 -- -- -- -- -- -- -- -- 9d -- -- -- 89 77 -- -- 2c 92 8d eb -- -- -- 7a -- -- f2 -- -- -- -- 5e a3 81 -- -- -- -- -- 23 

solutions so far:0 maxDepth:9 
iterations:2478231  skipped: 8 
Depth skipped: 
0 0 8 0 0 0 0 0 0 0 0 0 0 0 0 0 0 0 0 0 0 0 0 0 0 0 0 0 0 0 0 0 

running time: 300 sec
 depth:7
 0  1  2  3  4  5  6  7  8  9  a  b  c  d  e  f 10 11 12 13 14 15 16 17 18 19 1a 1b 1c 1d 1e 1f 20 21 22 23 24 25 26 27 28 29 2a 2b 2c 2d 2e 2f 30 31 32 33 34 35 36 37 38 39 3a 3b 3c 3d 3e 3f 40 41 42 43 44 45 46 47 48 49 4a 4b 4c 4d 4e 4f 50 51 52 53 54 55 56 57 58 59 5a 5b 5c 5d 5e 5f 60 61 62 63 64 65 66 67 68 69 6a 6b 6c 6d 6e 6f 70 71 72 73 74 75 76 77 78 79 7a 7b 7c 7d 7e 7f 80 81 82 83 84 85 86 87 88 89 8a 8b 8c 8d 8e 8f 90 91 92 93 94 95 96 97 98 99 9a 9b 9c 9d 9e 9f a0 a1 a2 a3 a4 a5 a6 a7 a8 a9 aa ab ac ad ae af b0 b1 b2 b3 b4 b5 b6 b7 b8 b9 ba bb bc bd be bf c0 c1 c2 c3 c4 c5 c6 c7 c8 c9 ca cb cc cd ce cf d0 d1 d2 d3 d4 d5 d6 d7 d8 d9 da db dc dd de df e0 e1 e2 e3 e4 e5 e6 e7 e8 e9 ea eb ec ed ee ef f0 f1 f2 f3 f4 f5 f6 f7 f8 f9 fa fb fc fd fe ff 
 0  1  2 cd  4 dd 4d e2  8 f4 6d 4a 9a 14 13 42 10 -- 3f -- da -- 94 19 e3 -- 28 -- 26 41 84 c5 20 -- -- -- 7e a1 -- 91 63 5a -- -- ff -- 32 -- 11 -- -- 33 50 -- -- 73 4c bc 82 96 df -- 5d -- 40 -- -- -- -- -- -- -- fc -- 95 -- -- -- f5 4f c6 -- b4 -- -- b3 -- 88 29 -- -- -- 64 -- -- -- 22 -- -- -- -- -- 66 -- a0 -- -- d8 -- -- e6 36 98 -- af -- d3 ad fb f9 69 79 -- ce ba -- -- -- 80 -- -- b5 -- -- -- -- -- -- -- 59 -- -- -- -- 2f -- -- -- fd -- -- b6 -- 8e -- -- 3d  5 9e a9 5b -- -- -- bf e9 -- 47 -- -- b1 -- -- -- c7 -- 52 -- -- -- -- -- -- a4 c8 9f -- -- -- -- -- -- 44 b2 -- -- -- -- -- -- -- -- -- -- cc -- -- -- 97 bd -- -- -- -- 67 d7 -- -- -- -- 1b -- 6c -- e7 -- -- -- 89 cb -- -- 71 85 8d eb 21  a 25 7a d2 -- f2 -- -- -- 4b 5e a3 bb -- -- -- -- -- 2d 

solutions so far:0 maxDepth:9 
iterations:4791736  skipped: 23 
Depth skipped: 
0 0 23 0 0 0 0 0 0 0 0 0 0 0 0 0 0 0 0 0 0 0 0 0 0 0 0 0 0 0 0 0 

running time: 600 sec
 depth:6
 0  1  2  3  4  5  6  7  8  9  a  b  c  d  e  f 10 11 12 13 14 15 16 17 18 19 1a 1b 1c 1d 1e 1f 20 21 22 23 24 25 26 27 28 29 2a 2b 2c 2d 2e 2f 30 31 32 33 34 35 36 37 38 39 3a 3b 3c 3d 3e 3f 40 41 42 43 44 45 46 47 48 49 4a 4b 4c 4d 4e 4f 50 51 52 53 54 55 56 57 58 59 5a 5b 5c 5d 5e 5f 60 61 62 63 64 65 66 67 68 69 6a 6b 6c 6d 6e 6f 70 71 72 73 74 75 76 77 78 79 7a 7b 7c 7d 7e 7f 80 81 82 83 84 85 86 87 88 89 8a 8b 8c 8d 8e 8f 90 91 92 93 94 95 96 97 98 99 9a 9b 9c 9d 9e 9f a0 a1 a2 a3 a4 a5 a6 a7 a8 a9 aa ab ac ad ae af b0 b1 b2 b3 b4 b5 b6 b7 b8 b9 ba bb bc bd be bf c0 c1 c2 c3 c4 c5 c6 c7 c8 c9 ca cb cc cd ce cf d0 d1 d2 d3 d4 d5 d6 d7 d8 d9 da db dc dd de df e0 e1 e2 e3 e4 e5 e6 e7 e8 e9 ea eb ec ed ee ef f0 f1 f2 f3 f4 f5 f6 f7 f8 f9 fa fb fc fd fe ff 
 0  1  2 cd  4 b9 4d 52  8 4c a5 67 9a d2 a4 -- 10 -- 98 -- 9d -- ce 14 e3 -- 73 -- 9f 4a -- cb 20 -- -- -- e7 d0 -- 71 ed 16 -- -- 4b -- 28 -- 11 -- -- 33 e6 -- -- -- e9 c8 94 -- -- -- 41 -- 40 -- -- -- -- -- -- -- 19 -- 77 -- -- -- e2 4f  d -- 2c -- -- b3 -- 88 96 -- -- -- 50 -- -- -- 22 -- -- -- -- -- 66 -- 1b -- -- -- -- -- -- --  5 -- 47 -- ff ad -- 6c -- 79 -- -- 82 -- -- -- 80 -- -- b5 -- -- -- -- -- -- -- 59 -- -- -- -- 32 -- -- -- ee -- -- 34 -- f9 -- -- 13 df 9e b0 1a -- -- -- 58 84 -- 97 -- -- b1 -- -- -- c7 -- fb -- -- -- -- -- -- 21 a0 42 -- -- -- -- -- -- 44 b2 -- -- -- -- -- -- -- -- -- -- cc -- -- -- 36 bd -- -- -- -- -- d7 -- -- -- -- -- -- -- --  a -- -- -- 8e 25 -- -- 29 b7 8d eb -- 69 d8 26 -- -- f2 -- -- -- -- 64 d3 68 -- -- -- -- --  b 

solutions so far:0 maxDepth:9 
iterations:7095587  skipped: 47 
Depth skipped: 
0 0 47 0 0 0 0 0 0 0 0 0 0 0 0 0 0 0 0 0 0 0 0 0 0 0 0 0 0 0 0 0 

running time: 900 sec
 depth:7
 0  1  2  3  4  5  6  7  8  9  a  b  c  d  e  f 10 11 12 13 14 15 16 17 18 19 1a 1b 1c 1d 1e 1f 20 21 22 23 24 25 26 27 28 29 2a 2b 2c 2d 2e 2f 30 31 32 33 34 35 36 37 38 39 3a 3b 3c 3d 3e 3f 40 41 42 43 44 45 46 47 48 49 4a 4b 4c 4d 4e 4f 50 51 52 53 54 55 56 57 58 59 5a 5b 5c 5d 5e 5f 60 61 62 63 64 65 66 67 68 69 6a 6b 6c 6d 6e 6f 70 71 72 73 74 75 76 77 78 79 7a 7b 7c 7d 7e 7f 80 81 82 83 84 85 86 87 88 89 8a 8b 8c 8d 8e 8f 90 91 92 93 94 95 96 97 98 99 9a 9b 9c 9d 9e 9f a0 a1 a2 a3 a4 a5 a6 a7 a8 a9 aa ab ac ad ae af b0 b1 b2 b3 b4 b5 b6 b7 b8 b9 ba bb bc bd be bf c0 c1 c2 c3 c4 c5 c6 c7 c8 c9 ca cb cc cd ce cf d0 d1 d2 d3 d4 d5 d6 d7 d8 d9 da db dc dd de df e0 e1 e2 e3 e4 e5 e6 e7 e8 e9 ea eb ec ed ee ef f0 f1 f2 f3 f4 f5 f6 f7 f8 f9 fa fb fc fd fe ff 
 0  1  2 cd  4 97 4d 7a  8 73 f9 6b 9a 78 f4 c9 10 -- e6 -- 25 -- d6 5e e3 -- f0 -- 3f a3 45 96 20 -- -- -- 1b a4 -- 84 4a  a -- -- 7b -- bc -- 11 -- -- 33 37 -- -- a2 7e 67 91 56 8a -- fb -- 40 -- -- -- -- -- -- -- 36 -- 9f -- -- -- df 4f 94 -- 14 -- -- b3 -- 88 f6 -- -- -- af -- -- -- 22 -- -- -- -- -- 66 -- 6e -- -- d4 -- -- 93 35 fc -- ce -- f5 ad ac 6f c3 79 -- fe 21 -- -- -- 80 -- -- b5 -- -- -- -- -- -- -- 59 -- -- -- -- 6c -- -- -- e9 -- -- 29 -- 5d -- -- 69 1e 9e 50 ff -- -- -- 28  f -- c5 -- -- b1 -- -- -- c7 -- 3b -- -- -- -- -- -- 76 89 ec -- -- -- -- -- -- 44 b2 -- -- -- -- -- -- -- -- -- -- cc -- -- -- dc bd -- -- -- -- 7f d7 -- -- -- -- f1 -- 6a -- 2f -- -- -- 4b ba -- -- 3d a0 8d eb 8f 3c de d2 51 -- f2 -- -- -- 2b d8 42 52 -- -- -- -- --  5 

solutions so far:0 maxDepth:10 
iterations:9143706  skipped: 67 
Depth skipped: 
0 0 67 0 0 0 0 0 0 0 0 0 0 0 0 0 0 0 0 0 0 0 0 0 0 0 0 0 0 0 0 0 

running time: 1200 sec
 depth:7
 0  1  2  3  4  5  6  7  8  9  a  b  c  d  e  f 10 11 12 13 14 15 16 17 18 19 1a 1b 1c 1d 1e 1f 20 21 22 23 24 25 26 27 28 29 2a 2b 2c 2d 2e 2f 30 31 32 33 34 35 36 37 38 39 3a 3b 3c 3d 3e 3f 40 41 42 43 44 45 46 47 48 49 4a 4b 4c 4d 4e 4f 50 51 52 53 54 55 56 57 58 59 5a 5b 5c 5d 5e 5f 60 61 62 63 64 65 66 67 68 69 6a 6b 6c 6d 6e 6f 70 71 72 73 74 75 76 77 78 79 7a 7b 7c 7d 7e 7f 80 81 82 83 84 85 86 87 88 89 8a 8b 8c 8d 8e 8f 90 91 92 93 94 95 96 97 98 99 9a 9b 9c 9d 9e 9f a0 a1 a2 a3 a4 a5 a6 a7 a8 a9 aa ab ac ad ae af b0 b1 b2 b3 b4 b5 b6 b7 b8 b9 ba bb bc bd be bf c0 c1 c2 c3 c4 c5 c6 c7 c8 c9 ca cb cc cd ce cf d0 d1 d2 d3 d4 d5 d6 d7 d8 d9 da db dc dd de df e0 e1 e2 e3 e4 e5 e6 e7 e8 e9 ea eb ec ed ee ef f0 f1 f2 f3 f4 f5 f6 f7 f8 f9 fa fb fc fd fe ff 
 0  1  2 cd  4 86 4d 96  8 1d db 29 9a a0 fb 83 10 -- 3a -- 61 -- 52 69 e3 -- 97 -- 21 d8 d1 e0 20 -- -- -- 74 15 -- b8 c2 87 -- -- a4 -- d2 -- 11 -- -- 33 f9 -- --  6 42 1c 67 c1 75 -- 17 -- 40 -- -- -- -- -- -- -- e8 -- 2a -- -- -- a7 4f 53 -- d9 -- -- b3 -- 88 9f -- -- -- 73 -- -- -- 22 -- -- -- -- -- 66 -- 25 -- -- c0 -- --  c 30 84 -- 38 -- ce ad 55 94 ea 79 -- ae 2e -- -- -- 80 -- -- b5 -- -- -- -- -- -- -- 59 -- -- -- --  7 -- -- -- 54 -- -- 9b -- 36 -- -- 99 28 9e ca a6 -- -- -- 65 14 -- 1b -- -- b1 -- -- -- c7 -- e9 -- -- -- -- -- --  5 e6  a -- -- -- -- -- -- 44 b2 -- -- -- -- -- -- -- -- -- -- cc -- -- -- 4a bd -- -- -- -- 57 d7 -- -- -- -- 18 -- 60 -- df -- -- -- 70 6c -- -- 4b 43 8d eb aa 50 ff e5  3 -- f2 -- -- -- 8b  e 5c e1 -- -- -- -- -- a8 

solutions so far:0 maxDepth:10 
iterations:11171265  skipped: 76 
Depth skipped: 
0 0 76 0 0 0 0 0 0 0 0 0 0 0 0 0 0 0 0 0 0 0 0 0 0 0 0 0 0 0 0 0 

running time: 1500 sec
 depth:7
 0  1  2  3  4  5  6  7  8  9  a  b  c  d  e  f 10 11 12 13 14 15 16 17 18 19 1a 1b 1c 1d 1e 1f 20 21 22 23 24 25 26 27 28 29 2a 2b 2c 2d 2e 2f 30 31 32 33 34 35 36 37 38 39 3a 3b 3c 3d 3e 3f 40 41 42 43 44 45 46 47 48 49 4a 4b 4c 4d 4e 4f 50 51 52 53 54 55 56 57 58 59 5a 5b 5c 5d 5e 5f 60 61 62 63 64 65 66 67 68 69 6a 6b 6c 6d 6e 6f 70 71 72 73 74 75 76 77 78 79 7a 7b 7c 7d 7e 7f 80 81 82 83 84 85 86 87 88 89 8a 8b 8c 8d 8e 8f 90 91 92 93 94 95 96 97 98 99 9a 9b 9c 9d 9e 9f a0 a1 a2 a3 a4 a5 a6 a7 a8 a9 aa ab ac ad ae af b0 b1 b2 b3 b4 b5 b6 b7 b8 b9 ba bb bc bd be bf c0 c1 c2 c3 c4 c5 c6 c7 c8 c9 ca cb cc cd ce cf d0 d1 d2 d3 d4 d5 d6 d7 d8 d9 da db dc dd de df e0 e1 e2 e3 e4 e5 e6 e7 e8 e9 ea eb ec ed ee ef f0 f1 f2 f3 f4 f5 f6 f7 f8 f9 fa fb fc fd fe ff 
 0  1  2 cd  4 69 4d cf  8 b9 d2 fd 9a 63 49 50 10 -- a5 -- 73 -- 2d c4 e3 -- c6 -- 92 fa a0 77 20 -- -- -- 9d 67 -- 2c e6 fb -- -- 5a -- 5f -- 11 -- -- 33 5b -- -- 4a f3 34 23  a 97 -- ee -- 40 -- -- -- -- -- -- -- ed -- ce -- -- -- 58 4f 1b -- 21 -- -- b3 -- 88 b4 -- -- -- be -- -- -- 22 -- -- -- -- -- 66 -- b6 -- -- a4 -- -- 94 29 31 -- 68 -- 46 ad 14 a1 f9 79 -- e9  b -- -- -- 80 -- -- b5 -- -- -- -- -- -- -- 59 -- -- -- --  d -- -- -- 4b -- -- 6c -- d5 -- -- b0 6d 9e 84 36 -- -- -- 42 dd -- 81 -- -- b1 -- -- -- c7 -- bf -- -- -- -- -- -- a9 ab 85 -- -- -- -- -- -- 44 b2 -- -- -- -- -- -- -- -- -- -- cc -- -- -- bb bd -- -- -- -- 9f d7 -- -- -- -- ff -- 52 -- 62 -- -- -- d0 7d -- -- 8c df 8d eb 28 da 95 b7 25 -- f2 -- -- --  5 1a 16 d8 -- -- -- -- -- 96 

solutions so far:0 maxDepth:10 
iterations:13598134  skipped: 93 
Depth skipped: 
0 0 93 0 0 0 0 0 0 0 0 0 0 0 0 0 0 0 0 0 0 0 0 0 0 0 0 0 0 0 0 0 

running time: 1800 sec
 depth:7
 0  1  2  3  4  5  6  7  8  9  a  b  c  d  e  f 10 11 12 13 14 15 16 17 18 19 1a 1b 1c 1d 1e 1f 20 21 22 23 24 25 26 27 28 29 2a 2b 2c 2d 2e 2f 30 31 32 33 34 35 36 37 38 39 3a 3b 3c 3d 3e 3f 40 41 42 43 44 45 46 47 48 49 4a 4b 4c 4d 4e 4f 50 51 52 53 54 55 56 57 58 59 5a 5b 5c 5d 5e 5f 60 61 62 63 64 65 66 67 68 69 6a 6b 6c 6d 6e 6f 70 71 72 73 74 75 76 77 78 79 7a 7b 7c 7d 7e 7f 80 81 82 83 84 85 86 87 88 89 8a 8b 8c 8d 8e 8f 90 91 92 93 94 95 96 97 98 99 9a 9b 9c 9d 9e 9f a0 a1 a2 a3 a4 a5 a6 a7 a8 a9 aa ab ac ad ae af b0 b1 b2 b3 b4 b5 b6 b7 b8 b9 ba bb bc bd be bf c0 c1 c2 c3 c4 c5 c6 c7 c8 c9 ca cb cc cd ce cf d0 d1 d2 d3 d4 d5 d6 d7 d8 d9 da db dc dd de df e0 e1 e2 e3 e4 e5 e6 e7 e8 e9 ea eb ec ed ee ef f0 f1 f2 f3 f4 f5 f6 f7 f8 f9 fa fb fc fd fe ff 
 0  1  2 cd  4 51 4d 15  8 b9 a2 e7 9a d3 2a 69 10 -- a5 -- 93 -- 19 65 e3 -- 71 -- 54 53 d2 77 20 -- -- -- 9d fe -- 2c f1 8f -- -- 32 -- ca -- 11 -- -- 33 e2 -- -- 36 a8 34 a6 42 73 -- ee -- 40 -- -- -- -- -- -- -- ed -- 2b -- -- -- 58 4f 35 -- c9 -- -- b3 -- 88 64 -- -- -- 43 -- -- -- 22 -- -- -- -- -- 66 -- 13 -- -- 4b -- -- 6c 67 87 -- 68 -- 9b ad 84 4c e6 79 -- fb  b -- -- -- 80 -- -- b5 -- -- -- -- -- -- -- 59 -- -- -- --  d -- -- -- 56 -- -- d4 -- 61 -- -- b0 41 9e 8a 6a -- -- -- 45 cb -- db -- -- b1 -- -- -- c7 -- c8 -- -- -- -- -- -- 47 86 8e -- -- -- -- -- -- 44 b2 -- -- -- -- -- -- -- -- -- -- cc -- -- -- 26 bd -- -- -- -- 96 d7 -- -- -- -- d8 -- ce -- d9 -- -- -- d0 c2 -- -- e1 c3 8d eb df 82 98 b7 1b -- f2 -- -- -- 21 1a 16 7f -- -- -- -- -- ac 

solutions so far:0 maxDepth:10 
iterations:16147291  skipped: 108 
Depth skipped: 
0 0 108 0 0 0 0 0 0 0 0 0 0 0 0 0 0 0 0 0 0 0 0 0 0 0 0 0 0 0 0 0 

running time: 2100 sec
 depth:8
 0  1  2  3  4  5  6  7  8  9  a  b  c  d  e  f 10 11 12 13 14 15 16 17 18 19 1a 1b 1c 1d 1e 1f 20 21 22 23 24 25 26 27 28 29 2a 2b 2c 2d 2e 2f 30 31 32 33 34 35 36 37 38 39 3a 3b 3c 3d 3e 3f 40 41 42 43 44 45 46 47 48 49 4a 4b 4c 4d 4e 4f 50 51 52 53 54 55 56 57 58 59 5a 5b 5c 5d 5e 5f 60 61 62 63 64 65 66 67 68 69 6a 6b 6c 6d 6e 6f 70 71 72 73 74 75 76 77 78 79 7a 7b 7c 7d 7e 7f 80 81 82 83 84 85 86 87 88 89 8a 8b 8c 8d 8e 8f 90 91 92 93 94 95 96 97 98 99 9a 9b 9c 9d 9e 9f a0 a1 a2 a3 a4 a5 a6 a7 a8 a9 aa ab ac ad ae af b0 b1 b2 b3 b4 b5 b6 b7 b8 b9 ba bb bc bd be bf c0 c1 c2 c3 c4 c5 c6 c7 c8 c9 ca cb cc cd ce cf d0 d1 d2 d3 d4 d5 d6 d7 d8 d9 da db dc dd de df e0 e1 e2 e3 e4 e5 e6 e7 e8 e9 ea eb ec ed ee ef f0 f1 f2 f3 f4 f5 f6 f7 f8 f9 fa fb fc fd fe ff 
 0  1  2 cd  4 39 4d a4  8 5b 72 5f 9a cf 9f 93 10 41 b6 -- e4 -- be 28 e3 -- 49 -- e9 94 f1 bf 20 -- 82 -- bb 4e -- 6d 1f 12 -- -- ab -- 50 -- 11 -- -- 33 92 -- -- 7f  5 2d ff c3 35 -- a9 -- 40 -- -- -- d3 -- -- -- a1 -- 9c -- -- 47 da 4f 3e -- 24 -- -- b3 -- 88 81 13 -- -- a0 -- -- -- 22 -- -- -- -- -- 66 -- f3 -- -- 8f -- -- fe 56  a -- 5a -- 29 ad 51 62 6a 79 -- 45 85 -- -- -- 80 -- -- b5 -- -- -- -- 71 -- -- 59 -- 64 -- -- 95 -- -- -- ef -- -- f8 -- 25 8e -- 63 46 9e 90 7c -- -- -- 48 23 -- f9 -- -- b1 -- -- 32 c7 -- d5 98 26 4c -- e7 -- 7d 97 fa -- -- -- 19 -- -- 44 b2 -- -- -- -- -- e2 -- -- -- -- cc c8 -- -- 31 bd -- -- -- -- c9 d7 -- -- -- -- 2b -- ac -- 14 -- -- cb b4 4a -- -- 52 f7 8d eb a2 8c c4 c6 d4 -- f2 -- -- -- 8a fd dd 27 -- -- -- -- --  9 

solutions so far:0 maxDepth:10 
iterations:18445697  skipped: 123 
Depth skipped: 
0 0 123 0 0 0 0 0 0 0 0 0 0 0 0 0 0 0 0 0 0 0 0 0 0 0 0 0 0 0 0 0 

running time: 2400 sec
 depth:7
 0  1  2  3  4  5  6  7  8  9  a  b  c  d  e  f 10 11 12 13 14 15 16 17 18 19 1a 1b 1c 1d 1e 1f 20 21 22 23 24 25 26 27 28 29 2a 2b 2c 2d 2e 2f 30 31 32 33 34 35 36 37 38 39 3a 3b 3c 3d 3e 3f 40 41 42 43 44 45 46 47 48 49 4a 4b 4c 4d 4e 4f 50 51 52 53 54 55 56 57 58 59 5a 5b 5c 5d 5e 5f 60 61 62 63 64 65 66 67 68 69 6a 6b 6c 6d 6e 6f 70 71 72 73 74 75 76 77 78 79 7a 7b 7c 7d 7e 7f 80 81 82 83 84 85 86 87 88 89 8a 8b 8c 8d 8e 8f 90 91 92 93 94 95 96 97 98 99 9a 9b 9c 9d 9e 9f a0 a1 a2 a3 a4 a5 a6 a7 a8 a9 aa ab ac ad ae af b0 b1 b2 b3 b4 b5 b6 b7 b8 b9 ba bb bc bd be bf c0 c1 c2 c3 c4 c5 c6 c7 c8 c9 ca cb cc cd ce cf d0 d1 d2 d3 d4 d5 d6 d7 d8 d9 da db dc dd de df e0 e1 e2 e3 e4 e5 e6 e7 e8 e9 ea eb ec ed ee ef f0 f1 f2 f3 f4 f5 f6 f7 f8 f9 fa fb fc fd fe ff 
 0  1  2 cd  4 28 4d 36  8 c4 50 e5 9a e0 6c 18 10 -- 5f -- a0 -- 1d 96 e3 -- 17 -- d8 d2 30 46 20 -- -- -- be ff -- 92 97 9f -- -- 3a -- fb -- 11 -- -- 33 2e -- -- ae 67 7d 73  3 60 -- 8c -- 40 -- -- -- -- -- -- -- ab -- 29 -- -- -- f3 4f f9 -- e9 -- -- b3 -- 88 74 -- -- -- 21 -- -- -- 22 -- -- -- -- -- 66 -- 5c -- -- 83 -- -- 8b 55 ce -- fa -- e6 ad  6 a7 c0 79 -- 75 cf -- -- -- 80 -- -- b5 -- -- -- -- -- -- -- 59 -- -- -- -- 81 -- -- -- 52 -- -- 4a -- df -- -- 31 38 9e  a 25 -- -- --  5 1c -- 84 -- -- b1 -- -- -- c7 -- e8 -- -- -- -- -- --  7 42  e -- -- -- -- -- -- 44 b2 -- -- -- -- -- -- -- -- -- -- cc -- -- -- b8 bd -- -- -- -- d1 d7 -- -- -- -- c1 -- aa -- 4b -- -- -- 23 69 -- -- 1b 14 8d eb  c 70 99 62 57 -- f2 -- -- -- ea d5 49 94 -- -- -- -- -- a4 

solutions so far:0 maxDepth:10 
iterations:20755419  skipped: 135 
Depth skipped: 
0 0 135 0 0 0 0 0 0 0 0 0 0 0 0 0 0 0 0 0 0 0 0 0 0 0 0 0 0 0 0 0 

running time: 2700 sec
 depth:7
 0  1  2  3  4  5  6  7  8  9  a  b  c  d  e  f 10 11 12 13 14 15 16 17 18 19 1a 1b 1c 1d 1e 1f 20 21 22 23 24 25 26 27 28 29 2a 2b 2c 2d 2e 2f 30 31 32 33 34 35 36 37 38 39 3a 3b 3c 3d 3e 3f 40 41 42 43 44 45 46 47 48 49 4a 4b 4c 4d 4e 4f 50 51 52 53 54 55 56 57 58 59 5a 5b 5c 5d 5e 5f 60 61 62 63 64 65 66 67 68 69 6a 6b 6c 6d 6e 6f 70 71 72 73 74 75 76 77 78 79 7a 7b 7c 7d 7e 7f 80 81 82 83 84 85 86 87 88 89 8a 8b 8c 8d 8e 8f 90 91 92 93 94 95 96 97 98 99 9a 9b 9c 9d 9e 9f a0 a1 a2 a3 a4 a5 a6 a7 a8 a9 aa ab ac ad ae af b0 b1 b2 b3 b4 b5 b6 b7 b8 b9 ba bb bc bd be bf c0 c1 c2 c3 c4 c5 c6 c7 c8 c9 ca cb cc cd ce cf d0 d1 d2 d3 d4 d5 d6 d7 d8 d9 da db dc dd de df e0 e1 e2 e3 e4 e5 e6 e7 e8 e9 ea eb ec ed ee ef f0 f1 f2 f3 f4 f5 f6 f7 f8 f9 fa fb fc fd fe ff 
 0  1  2 cd  4  6 4d a8  8 2d  c 3a 9a 2e 87 d5 10 -- 5a -- 18 -- 74 86 e3 -- 5c -- d9 e1 7d 63 20 -- -- -- b4 8b -- bb 30 83 -- -- e8 -- db -- 11 -- -- 33 b8 -- -- 8c 65 dd 15 be fa -- c6 -- 40 -- -- -- -- -- -- -- bf -- c1 -- -- -- a1 4f 60 -- d1 -- -- b3 -- 88  7 -- -- -- 61 -- -- -- 22 -- -- -- -- -- 66 -- a7 -- -- 31 -- -- cf 92 ca -- 6d -- 2a ad ab e5 23 79 -- c4 5b -- -- -- 80 -- -- b5 -- -- -- -- -- -- -- 59 -- -- -- -- a9 -- -- -- 55 -- -- 57 -- a6 -- -- 95 e0 9e ea c0 -- -- -- 75 70 -- 53 -- -- b1 -- -- -- c7 --  e -- -- -- -- -- -- 1c c2 38 -- -- -- -- -- -- 44 b2 -- -- -- -- -- -- -- -- -- -- cc -- -- -- 99 bd -- -- -- -- 62 d7 -- -- -- -- 49 -- f3 -- 43 -- -- -- da 9b -- -- 54  3 8d eb 81 17 1d fd 46 -- f2 -- -- -- 5f 85 b6 ae -- -- -- -- -- aa 

solutions so far:0 maxDepth:10 
iterations:23863004  skipped: 157 
Depth skipped: 
0 0 157 0 0 0 0 0 0 0 0 0 0 0 0 0 0 0 0 0 0 0 0 0 0 0 0 0 0 0 0 0 

running time: 3000 sec

Finished. Total running time: 3052 sec
