Search S-boxes invariant for matrix: 
{0x00,0x02,0x04,0x06,0x08,0x0a,0x0c,0x0e,0x10,0x12,0x14,0x16,0x18,0x1a,0x1c,0x1e,0x20,0x22,0x24,0x26,0x28,0x2a,0x2c,0x2e,0x30,0x32,0x34,0x36,0x38,0x3a,0x3c,0x3e,0x40,0x42,0x44,0x46,0x48,0x4a,0x4c,0x4e,0x50,0x52,0x54,0x56,0x58,0x5a,0x5c,0x5e,0x60,0x62,0x64,0x66,0x68,0x6a,0x6c,0x6e,0x70,0x72,0x74,0x76,0x78,0x7a,0x7c,0x7e,0x80,0x82,0x84,0x86,0x88,0x8a,0x8c,0x8e,0x90,0x92,0x94,0x96,0x98,0x9a,0x9c,0x9e,0xa0,0xa2,0xa4,0xa6,0xa8,0xaa,0xac,0xae,0xb0,0xb2,0xb4,0xb6,0xb8,0xba,0xbc,0xbe,0xc0,0xc2,0xc4,0xc6,0xc8,0xca,0xcc,0xce,0xd0,0xd2,0xd4,0xd6,0xd8,0xda,0xdc,0xde,0xe0,0xe2,0xe4,0xe6,0xe8,0xea,0xec,0xee,0xf0,0xf2,0xf4,0xf6,0xf8,0xfa,0xfc,0xfe,0xd7,0xd5,0xd3,0xd1,0xdf,0xdd,0xdb,0xd9,0xc7,0xc5,0xc3,0xc1,0xcf,0xcd,0xcb,0xc9,0xf7,0xf5,0xf3,0xf1,0xff,0xfd,0xfb,0xf9,0xe7,0xe5,0xe3,0xe1,0xef,0xed,0xeb,0xe9,0x97,0x95,0x93,0x91,0x9f,0x9d,0x9b,0x99,0x87,0x85,0x83,0x81,0x8f,0x8d,0x8b,0x89,0xb7,0xb5,0xb3,0xb1,0xbf,0xbd,0xbb,0xb9,0xa7,0xa5,0xa3,0xa1,0xaf,0xad,0xab,0xa9,0x57,0x55,0x53,0x51,0x5f,0x5d,0x5b,0x59,0x47,0x45,0x43,0x41,0x4f,0x4d,0x4b,0x49,0x77,0x75,0x73,0x71,0x7f,0x7d,0x7b,0x79,0x67,0x65,0x63,0x61,0x6f,0x6d,0x6b,0x69,0x17,0x15,0x13,0x11,0x1f,0x1d,0x1b,0x19,0x07,0x05,0x03,0x01,0x0f,0x0d,0x0b,0x09,0x37,0x35,0x33,0x31,0x3f,0x3d,0x3b,0x39,0x27,0x25,0x23,0x21,0x2f,0x2d,0x2b,0x29};



 depth:7
 0  1  2  3  4  5  6  7  8  9  a  b  c  d  e  f 10 11 12 13 14 15 16 17 18 19 1a 1b 1c 1d 1e 1f 20 21 22 23 24 25 26 27 28 29 2a 2b 2c 2d 2e 2f 30 31 32 33 34 35 36 37 38 39 3a 3b 3c 3d 3e 3f 40 41 42 43 44 45 46 47 48 49 4a 4b 4c 4d 4e 4f 50 51 52 53 54 55 56 57 58 59 5a 5b 5c 5d 5e 5f 60 61 62 63 64 65 66 67 68 69 6a 6b 6c 6d 6e 6f 70 71 72 73 74 75 76 77 78 79 7a 7b 7c 7d 7e 7f 80 81 82 83 84 85 86 87 88 89 8a 8b 8c 8d 8e 8f 90 91 92 93 94 95 96 97 98 99 9a 9b 9c 9d 9e 9f a0 a1 a2 a3 a4 a5 a6 a7 a8 a9 aa ab ac ad ae af b0 b1 b2 b3 b4 b5 b6 b7 b8 b9 ba bb bc bd be bf c0 c1 c2 c3 c4 c5 c6 c7 c8 c9 ca cb cc cd ce cf d0 d1 d2 d3 d4 d5 d6 d7 d8 d9 da db dc dd de df e0 e1 e2 e3 e4 e5 e6 e7 e8 e9 ea eb ec ed ee ef f0 f1 f2 f3 f4 f5 f6 f7 f8 f9 fa fb fc fd fe ff 
 0  1  2 14  4 fb 28 57  8 23 21 45 50 7f ae b3 10 -- 46 -- 42 -- 8a 83 a0 -- fe -- 8b 18 b1 c4 20 -- -- -- 8c e6 -- 81 84 d8 -- -- c3 -- d1 -- 97 -- -- 33 2b -- -- 8d c1 f3 30 c7 b5 -- 5f -- 40 -- -- -- -- -- -- -- cf -- 1b -- -- -- d5 4f df -- 67 -- -- 52 -- 4a 51 -- -- -- 75 -- -- -- f9 -- -- -- -- -- 66 -- 56 -- -- 11 -- -- cd 9a 55 -- 31 -- 60  5 59 8f bd 79 -- 44 be -- -- -- 80 -- -- 9f -- -- -- -- -- -- -- ff -- -- -- -- 49 -- -- -- 36 -- -- d2 --  6 -- -- 7d 6a 9e 4b 69 -- -- -- ce 35 --  3 -- -- a4 -- -- -- 94 -- a2 -- -- -- -- -- -- 93 ea f1 -- -- -- -- -- -- 25 29 -- -- -- -- -- -- -- -- -- -- cc -- -- -- ac e9 -- -- -- -- 22 d7 -- -- -- -- 4d -- e3 -- aa -- -- -- 62  c -- -- c0 96  a eb b2 d4 c9 fa ad -- f2 -- -- -- 88 92 ab 73 -- -- -- -- -- 6c 

solutions so far:0 maxDepth:9 
iterations:2650024  skipped: 0 
Depth skipped: 
0 0 0 0 0 0 0 0 0 0 0 0 0 0 0 0 0 0 0 0 0 0 0 0 0 0 0 0 0 0 0 0 

running time: 300 sec
 depth:7
 0  1  2  3  4  5  6  7  8  9  a  b  c  d  e  f 10 11 12 13 14 15 16 17 18 19 1a 1b 1c 1d 1e 1f 20 21 22 23 24 25 26 27 28 29 2a 2b 2c 2d 2e 2f 30 31 32 33 34 35 36 37 38 39 3a 3b 3c 3d 3e 3f 40 41 42 43 44 45 46 47 48 49 4a 4b 4c 4d 4e 4f 50 51 52 53 54 55 56 57 58 59 5a 5b 5c 5d 5e 5f 60 61 62 63 64 65 66 67 68 69 6a 6b 6c 6d 6e 6f 70 71 72 73 74 75 76 77 78 79 7a 7b 7c 7d 7e 7f 80 81 82 83 84 85 86 87 88 89 8a 8b 8c 8d 8e 8f 90 91 92 93 94 95 96 97 98 99 9a 9b 9c 9d 9e 9f a0 a1 a2 a3 a4 a5 a6 a7 a8 a9 aa ab ac ad ae af b0 b1 b2 b3 b4 b5 b6 b7 b8 b9 ba bb bc bd be bf c0 c1 c2 c3 c4 c5 c6 c7 c8 c9 ca cb cc cd ce cf d0 d1 d2 d3 d4 d5 d6 d7 d8 d9 da db dc dd de df e0 e1 e2 e3 e4 e5 e6 e7 e8 e9 ea eb ec ed ee ef f0 f1 f2 f3 f4 f5 f6 f7 f8 f9 fa fb fc fd fe ff 
 0  1  2 14  4 f7 28 4b  8 f0 39 cf 50 81 96 87 10 -- 37 -- 72 -- 49 df a0 -- d5 -- fb 6c d9 f6 20 -- -- -- 6e 27 --  f e4  9 -- -- 92 -- 69 -- 97 -- -- 33 7d -- -- 86 21 6b d8 2a 65 -- 3b -- 40 -- -- -- -- -- -- -- dc -- 4e -- -- -- 1e 4f 1f -- 12 -- -- 52 -- 4a f3 -- -- -- d2 -- -- -- f9 -- -- -- -- -- 66 -- fa -- -- a6 -- -- db c2 42 -- d6 -- 67  5 54 46 ca 79 -- e1 76 -- -- -- 80 -- -- 9f -- -- -- -- -- -- -- ff -- -- -- -- 6f -- -- -- 9c -- -- 7c -- 1b -- -- 3c be 9e 48 3e -- -- -- 24 5f -- e6 -- -- a4 -- -- -- 94 -- 31 -- -- -- -- -- -- 62 73 c4 -- -- -- -- -- -- 25 29 -- -- -- -- -- -- -- -- -- -- cc -- -- -- 23 e9 -- -- -- -- 9b d7 -- -- -- -- 61 -- 53 -- 84 -- -- -- 7b 36 -- -- ce 90  a eb a8 ab 8c 78 43 -- f2 -- -- -- 15 de ec f8 -- -- -- -- -- ef 

solutions so far:0 maxDepth:9 
iterations:4774689  skipped: 0 
Depth skipped: 
0 0 0 0 0 0 0 0 0 0 0 0 0 0 0 0 0 0 0 0 0 0 0 0 0 0 0 0 0 0 0 0 

running time: 600 sec
 depth:7
 0  1  2  3  4  5  6  7  8  9  a  b  c  d  e  f 10 11 12 13 14 15 16 17 18 19 1a 1b 1c 1d 1e 1f 20 21 22 23 24 25 26 27 28 29 2a 2b 2c 2d 2e 2f 30 31 32 33 34 35 36 37 38 39 3a 3b 3c 3d 3e 3f 40 41 42 43 44 45 46 47 48 49 4a 4b 4c 4d 4e 4f 50 51 52 53 54 55 56 57 58 59 5a 5b 5c 5d 5e 5f 60 61 62 63 64 65 66 67 68 69 6a 6b 6c 6d 6e 6f 70 71 72 73 74 75 76 77 78 79 7a 7b 7c 7d 7e 7f 80 81 82 83 84 85 86 87 88 89 8a 8b 8c 8d 8e 8f 90 91 92 93 94 95 96 97 98 99 9a 9b 9c 9d 9e 9f a0 a1 a2 a3 a4 a5 a6 a7 a8 a9 aa ab ac ad ae af b0 b1 b2 b3 b4 b5 b6 b7 b8 b9 ba bb bc bd be bf c0 c1 c2 c3 c4 c5 c6 c7 c8 c9 ca cb cc cd ce cf d0 d1 d2 d3 d4 d5 d6 d7 d8 d9 da db dc dd de df e0 e1 e2 e3 e4 e5 e6 e7 e8 e9 ea eb ec ed ee ef f0 f1 f2 f3 f4 f5 f6 f7 f8 f9 fa fb fc fd fe ff 
 0  1  2 14  4 f3 28 6c  8  f 31 6a 50 8a d8 30 10 -- 1e -- 62 -- d4 fb a0 -- c3 -- 67 73 60 de 20 -- -- -- 3c d5 -- f6 c4 46 -- -- 7f -- 21 -- 97 -- -- 33 51 -- -- 8b ce 6e e6  6 c0 -- 6b -- 40 -- -- -- -- -- -- -- 78 -- 7d -- -- -- 3b 4f 5f -- 8c -- -- 52 -- 4a fe -- -- -- 42 -- -- -- f9 -- -- -- -- -- 66 -- a2 -- -- d1 -- -- c1 aa 4b -- dc -- 1b  5  c f1 57 79 -- ea d6 -- -- -- 80 -- -- 9f -- -- -- -- -- -- -- ff -- -- -- -- f0 -- -- -- fa -- -- ab -- 69 -- -- 76 c9 9e 49 be -- -- -- cf 8f -- df -- -- a4 -- -- -- 94 -- 2b -- -- -- -- -- -- 56 84 ac -- -- -- -- -- -- 25 29 -- -- -- -- -- -- -- -- -- -- cc -- -- -- 93 e9 -- -- -- -- 75 d7 -- -- -- -- 55 -- 83 -- 96 -- -- -- 6f d2 -- -- 36 92  a eb 18 45 35 ec ae -- f2 -- -- --  3 37 7b 81 -- -- -- -- -- 23 

solutions so far:0 maxDepth:9 
iterations:6730154  skipped: 0 
Depth skipped: 
0 0 0 0 0 0 0 0 0 0 0 0 0 0 0 0 0 0 0 0 0 0 0 0 0 0 0 0 0 0 0 0 

running time: 900 sec
 depth:7
 0  1  2  3  4  5  6  7  8  9  a  b  c  d  e  f 10 11 12 13 14 15 16 17 18 19 1a 1b 1c 1d 1e 1f 20 21 22 23 24 25 26 27 28 29 2a 2b 2c 2d 2e 2f 30 31 32 33 34 35 36 37 38 39 3a 3b 3c 3d 3e 3f 40 41 42 43 44 45 46 47 48 49 4a 4b 4c 4d 4e 4f 50 51 52 53 54 55 56 57 58 59 5a 5b 5c 5d 5e 5f 60 61 62 63 64 65 66 67 68 69 6a 6b 6c 6d 6e 6f 70 71 72 73 74 75 76 77 78 79 7a 7b 7c 7d 7e 7f 80 81 82 83 84 85 86 87 88 89 8a 8b 8c 8d 8e 8f 90 91 92 93 94 95 96 97 98 99 9a 9b 9c 9d 9e 9f a0 a1 a2 a3 a4 a5 a6 a7 a8 a9 aa ab ac ad ae af b0 b1 b2 b3 b4 b5 b6 b7 b8 b9 ba bb bc bd be bf c0 c1 c2 c3 c4 c5 c6 c7 c8 c9 ca cb cc cd ce cf d0 d1 d2 d3 d4 d5 d6 d7 d8 d9 da db dc dd de df e0 e1 e2 e3 e4 e5 e6 e7 e8 e9 ea eb ec ed ee ef f0 f1 f2 f3 f4 f5 f6 f7 f8 f9 fa fb fc fd fe ff 
 0  1  2 14  4 ee 28 5c  8 60  b 47 50 4c b8 af 10 -- c0 -- 16 -- 8e 3a a0 -- 98 -- a7 70 89 d1 20 -- -- -- 57 a5 --  6 2c 1a -- -- cb -- 74 -- 97 -- -- 33 e7 -- -- a3 99 55 e0 2f c5 -- 75 -- 40 -- -- -- -- -- -- -- ae -- 9d -- -- --  c 4f 58 -- 34 -- -- 52 -- 4a 41 -- -- -- e8 -- -- -- f9 -- -- -- -- -- 66 -- 19 -- -- f4 -- -- 91 3d e5 -- aa -- 17  5 5e 64 5d 79 -- 7e ea -- -- -- 80 -- -- 9f -- -- -- -- -- -- -- ff -- -- -- -- 8b -- -- -- ed -- -- b7 -- 1c -- -- 18 13 9e d0 b0 -- -- -- 68 e2 --  e -- -- a4 -- -- -- 94 -- 82 -- -- -- -- -- -- d3  7 71 -- -- -- -- -- -- 25 29 -- -- -- -- -- -- -- -- -- -- cc -- -- -- 32 e9 -- -- -- -- 3f d7 -- -- -- -- f5 -- 7a -- 1d -- -- -- 83 38 -- -- 2e 77  a eb bc 26 c8 30 ba -- f2 -- -- -- fc c1  3 b9 -- -- -- -- --  d 

solutions so far:0 maxDepth:9 
iterations:8810583  skipped: 1 
Depth skipped: 
0 0 1 0 0 0 0 0 0 0 0 0 0 0 0 0 0 0 0 0 0 0 0 0 0 0 0 0 0 0 0 0 

running time: 1200 sec
 depth:7
 0  1  2  3  4  5  6  7  8  9  a  b  c  d  e  f 10 11 12 13 14 15 16 17 18 19 1a 1b 1c 1d 1e 1f 20 21 22 23 24 25 26 27 28 29 2a 2b 2c 2d 2e 2f 30 31 32 33 34 35 36 37 38 39 3a 3b 3c 3d 3e 3f 40 41 42 43 44 45 46 47 48 49 4a 4b 4c 4d 4e 4f 50 51 52 53 54 55 56 57 58 59 5a 5b 5c 5d 5e 5f 60 61 62 63 64 65 66 67 68 69 6a 6b 6c 6d 6e 6f 70 71 72 73 74 75 76 77 78 79 7a 7b 7c 7d 7e 7f 80 81 82 83 84 85 86 87 88 89 8a 8b 8c 8d 8e 8f 90 91 92 93 94 95 96 97 98 99 9a 9b 9c 9d 9e 9f a0 a1 a2 a3 a4 a5 a6 a7 a8 a9 aa ab ac ad ae af b0 b1 b2 b3 b4 b5 b6 b7 b8 b9 ba bb bc bd be bf c0 c1 c2 c3 c4 c5 c6 c7 c8 c9 ca cb cc cd ce cf d0 d1 d2 d3 d4 d5 d6 d7 d8 d9 da db dc dd de df e0 e1 e2 e3 e4 e5 e6 e7 e8 e9 ea eb ec ed ee ef f0 f1 f2 f3 f4 f5 f6 f7 f8 f9 fa fb fc fd fe ff 
 0  1  2 14  4 e7 28 9b  8 a7 19 6a 50 8a e1 36 10 -- 99 -- 32 -- d4 87 a0 -- c3 -- 15 61 6c 1c 20 -- -- -- e5 41 -- 17 64 e2 -- -- 7f -- d9 -- 97 -- -- 33 51 -- -- 4b 2a e8 c2 73 d8 -- 38 -- 40 -- -- -- -- -- -- -- 1d -- 82 -- -- -- 2e 4f c8 -- 13 -- -- 52 -- 4a fe -- -- -- 65 -- -- -- f9 -- -- -- -- -- 66 -- a2 -- -- 84 -- -- 96 21 54 --  7 -- 53  5 e6 f1 67 79 -- 69 70 -- -- -- 80 -- -- 9f -- -- -- -- -- -- -- ff -- -- -- -- 3a -- -- -- d3 -- -- 8e -- 86 -- -- 5c c9 9e 4c 47 -- -- -- 26 8f -- 43 -- -- a4 -- -- -- 94 -- 2b -- -- -- -- -- -- 56 ca ac -- -- -- -- -- -- 25 29 -- -- -- -- -- -- -- -- -- -- cc -- -- -- 93 e9 -- -- -- -- df d7 -- -- -- -- fb -- 42 -- a8 -- -- --  e db -- -- a6 98  a eb 1b 45 35 b8 ce -- f2 -- -- -- d2 74 e0 cb -- -- -- -- -- 71 

solutions so far:0 maxDepth:9 
iterations:10801067  skipped: 1 
Depth skipped: 
0 0 1 0 0 0 0 0 0 0 0 0 0 0 0 0 0 0 0 0 0 0 0 0 0 0 0 0 0 0 0 0 

running time: 1500 sec
 depth:7
 0  1  2  3  4  5  6  7  8  9  a  b  c  d  e  f 10 11 12 13 14 15 16 17 18 19 1a 1b 1c 1d 1e 1f 20 21 22 23 24 25 26 27 28 29 2a 2b 2c 2d 2e 2f 30 31 32 33 34 35 36 37 38 39 3a 3b 3c 3d 3e 3f 40 41 42 43 44 45 46 47 48 49 4a 4b 4c 4d 4e 4f 50 51 52 53 54 55 56 57 58 59 5a 5b 5c 5d 5e 5f 60 61 62 63 64 65 66 67 68 69 6a 6b 6c 6d 6e 6f 70 71 72 73 74 75 76 77 78 79 7a 7b 7c 7d 7e 7f 80 81 82 83 84 85 86 87 88 89 8a 8b 8c 8d 8e 8f 90 91 92 93 94 95 96 97 98 99 9a 9b 9c 9d 9e 9f a0 a1 a2 a3 a4 a5 a6 a7 a8 a9 aa ab ac ad ae af b0 b1 b2 b3 b4 b5 b6 b7 b8 b9 ba bb bc bd be bf c0 c1 c2 c3 c4 c5 c6 c7 c8 c9 ca cb cc cd ce cf d0 d1 d2 d3 d4 d5 d6 d7 d8 d9 da db dc dd de df e0 e1 e2 e3 e4 e5 e6 e7 e8 e9 ea eb ec ed ee ef f0 f1 f2 f3 f4 f5 f6 f7 f8 f9 fa fb fc fd fe ff 
 0  1  2 14  4 e1 28 55  8 cb 15 90 50 4e aa 23 10 -- 41 -- 2a -- f7  3 a0 -- 9c -- 83 57 46 98 20 -- -- -- 82 ca -- 64 54 61 -- -- 39 --  6 -- 97 -- -- 33 ef -- -- 92 d1 13 ae d5 8c -- e7 -- 40 -- -- -- -- -- -- -- d3 -- 43 -- -- -- c8 4f a8 -- c2 -- -- 52 -- 4a 72 -- -- --  c -- -- -- f9 -- -- -- -- -- 66 --  9 -- -- 5f -- -- f3 62 75 -- 26 -- 8b  5 7d 24 cf 79 -- ab 19 -- -- -- 80 -- -- 9f -- -- -- -- -- -- -- ff -- -- -- -- 71 -- -- -- 86 -- -- d9 -- 60 -- -- 47 f8 9e a6 87 -- -- -- 53 7c -- 30 -- -- a4 -- -- -- 94 -- e4 -- -- -- -- -- -- 1f 18 3e -- -- -- -- -- -- 25 29 -- -- -- -- -- -- -- -- -- -- cc -- -- -- 12 e9 -- -- -- -- be d7 -- -- -- -- 31 -- c4 -- ea -- -- -- 4c c0 -- -- c1 9b  a eb fa 27 48 8e 49 -- f2 -- -- -- 81 e2 32 65 -- -- -- -- -- db 

solutions so far:0 maxDepth:9 
iterations:13980050  skipped: 2 
Depth skipped: 
0 0 2 0 0 0 0 0 0 0 0 0 0 0 0 0 0 0 0 0 0 0 0 0 0 0 0 0 0 0 0 0 

running time: 1800 sec
 depth:8
 0  1  2  3  4  5  6  7  8  9  a  b  c  d  e  f 10 11 12 13 14 15 16 17 18 19 1a 1b 1c 1d 1e 1f 20 21 22 23 24 25 26 27 28 29 2a 2b 2c 2d 2e 2f 30 31 32 33 34 35 36 37 38 39 3a 3b 3c 3d 3e 3f 40 41 42 43 44 45 46 47 48 49 4a 4b 4c 4d 4e 4f 50 51 52 53 54 55 56 57 58 59 5a 5b 5c 5d 5e 5f 60 61 62 63 64 65 66 67 68 69 6a 6b 6c 6d 6e 6f 70 71 72 73 74 75 76 77 78 79 7a 7b 7c 7d 7e 7f 80 81 82 83 84 85 86 87 88 89 8a 8b 8c 8d 8e 8f 90 91 92 93 94 95 96 97 98 99 9a 9b 9c 9d 9e 9f a0 a1 a2 a3 a4 a5 a6 a7 a8 a9 aa ab ac ad ae af b0 b1 b2 b3 b4 b5 b6 b7 b8 b9 ba bb bc bd be bf c0 c1 c2 c3 c4 c5 c6 c7 c8 c9 ca cb cc cd ce cf d0 d1 d2 d3 d4 d5 d6 d7 d8 d9 da db dc dd de df e0 e1 e2 e3 e4 e5 e6 e7 e8 e9 ea eb ec ed ee ef f0 f1 f2 f3 f4 f5 f6 f7 f8 f9 fa fb fc fd fe ff 
 0  1  2 14  4 dd 28 43  8 e8 6d 96 50 1b 86 f8 10 56  7 -- da -- fb a6 a0 -- 36 -- db 87 27 5c 20 -- ac --  e a1 -- e5 63 5a -- -- 21 -- 9b -- 97 -- -- 33 6c -- --  9 61 e0 d9 1f 4e -- b8 -- 40 -- -- -- 8f -- -- -- 1c -- 95 -- -- 7f 1d 4f c6 -- b4 -- -- 52 -- 4a 42 8a -- -- e1 -- -- -- f9 -- -- -- -- -- 66 -- d8 -- -- f7 -- -- 12 48 c2 -- 17 -- 65  5 3e ce 9c 79 -- 72 a7 -- -- -- 80 -- -- 9f -- -- -- -- c9 -- -- ff -- 6a -- -- 38 -- -- -- fd -- -- b6 -- 54 fe -- 3a 73 9e a9 5b -- -- -- bf d2 -- 2a -- -- a4 -- -- 35 94 -- 84 a2 c3 51 -- 93 -- df 15 69 -- -- -- f1 -- -- 25 29 -- -- -- -- -- 45 -- -- -- -- cc d4 -- -- 67 e9 -- -- -- -- 39 d7 -- -- -- -- 24 -- 90 -- 53 -- -- 2b 2e a8 -- -- ca 85  a eb 7c e6 4b 74 ef -- f2 -- -- -- e4 70 99 bb -- -- -- -- -- 2d 

solutions so far:0 maxDepth:9 
iterations:16896048  skipped: 2 
Depth skipped: 
0 0 2 0 0 0 0 0 0 0 0 0 0 0 0 0 0 0 0 0 0 0 0 0 0 0 0 0 0 0 0 0 

running time: 2100 sec
 depth:7
 0  1  2  3  4  5  6  7  8  9  a  b  c  d  e  f 10 11 12 13 14 15 16 17 18 19 1a 1b 1c 1d 1e 1f 20 21 22 23 24 25 26 27 28 29 2a 2b 2c 2d 2e 2f 30 31 32 33 34 35 36 37 38 39 3a 3b 3c 3d 3e 3f 40 41 42 43 44 45 46 47 48 49 4a 4b 4c 4d 4e 4f 50 51 52 53 54 55 56 57 58 59 5a 5b 5c 5d 5e 5f 60 61 62 63 64 65 66 67 68 69 6a 6b 6c 6d 6e 6f 70 71 72 73 74 75 76 77 78 79 7a 7b 7c 7d 7e 7f 80 81 82 83 84 85 86 87 88 89 8a 8b 8c 8d 8e 8f 90 91 92 93 94 95 96 97 98 99 9a 9b 9c 9d 9e 9f a0 a1 a2 a3 a4 a5 a6 a7 a8 a9 aa ab ac ad ae af b0 b1 b2 b3 b4 b5 b6 b7 b8 b9 ba bb bc bd be bf c0 c1 c2 c3 c4 c5 c6 c7 c8 c9 ca cb cc cd ce cf d0 d1 d2 d3 d4 d5 d6 d7 d8 d9 da db dc dd de df e0 e1 e2 e3 e4 e5 e6 e7 e8 e9 ea eb ec ed ee ef f0 f1 f2 f3 f4 f5 f6 f7 f8 f9 fa fb fc fd fe ff 
 0  1  2 14  4 d9 28 48  8 c3 65 7a 50 c5 90 42 10 -- 51 -- ca -- f4 1f a0 -- 5d -- f7 ef 84 fe 20 -- -- -- a2 53 -- 8f 43 15 -- -- 3f -- 3e -- 97 -- -- 33 ba -- -- 73 39 6a  9 96 df -- 2b -- 40 -- -- -- -- -- -- -- 93 -- a6 -- -- -- c9 4f 86 -- 2a -- -- 52 -- 4a 7e -- -- -- 7c -- -- -- f9 -- -- -- -- -- 66 -- a3 -- -- d8 -- -- e6 36 72 -- d4 -- 12  5 fb f5 69 79 -- ce 56 -- -- -- 80 -- -- 9f -- -- -- -- -- -- -- ff -- -- -- -- f1 -- -- -- 9b -- -- 61 -- 4e -- -- 45 af 9e a8 db -- -- -- 54 bc -- 27 -- -- a4 -- -- -- 94 -- fc -- -- -- -- -- -- 2f f8 5e -- -- -- -- -- -- 25 29 -- -- -- -- -- -- -- -- -- -- cc -- -- -- 91 e9 -- -- -- -- 67 d7 -- -- -- -- 1b -- 6c -- e4 -- -- -- 7f 9c -- -- 24 87  a eb 21 89 3d 8a d2 -- f2 -- -- -- 4b 35 ac c2 -- -- -- -- -- e1 

solutions so far:0 maxDepth:9 
iterations:19822280  skipped: 2 
Depth skipped: 
0 0 2 0 0 0 0 0 0 0 0 0 0 0 0 0 0 0 0 0 0 0 0 0 0 0 0 0 0 0 0 0 

running time: 2400 sec
 depth:7
 0  1  2  3  4  5  6  7  8  9  a  b  c  d  e  f 10 11 12 13 14 15 16 17 18 19 1a 1b 1c 1d 1e 1f 20 21 22 23 24 25 26 27 28 29 2a 2b 2c 2d 2e 2f 30 31 32 33 34 35 36 37 38 39 3a 3b 3c 3d 3e 3f 40 41 42 43 44 45 46 47 48 49 4a 4b 4c 4d 4e 4f 50 51 52 53 54 55 56 57 58 59 5a 5b 5c 5d 5e 5f 60 61 62 63 64 65 66 67 68 69 6a 6b 6c 6d 6e 6f 70 71 72 73 74 75 76 77 78 79 7a 7b 7c 7d 7e 7f 80 81 82 83 84 85 86 87 88 89 8a 8b 8c 8d 8e 8f 90 91 92 93 94 95 96 97 98 99 9a 9b 9c 9d 9e 9f a0 a1 a2 a3 a4 a5 a6 a7 a8 a9 aa ab ac ad ae af b0 b1 b2 b3 b4 b5 b6 b7 b8 b9 ba bb bc bd be bf c0 c1 c2 c3 c4 c5 c6 c7 c8 c9 ca cb cc cd ce cf d0 d1 d2 d3 d4 d5 d6 d7 d8 d9 da db dc dd de df e0 e1 e2 e3 e4 e5 e6 e7 e8 e9 ea eb ec ed ee ef f0 f1 f2 f3 f4 f5 f6 f7 f8 f9 fa fb fc fd fe ff 
 0  1  2 14  4 d3 28 92  8 2b 71 b7 50 77 f3 2f 10 -- 56 -- e2 -- b9 be a0 -- ee -- 31 46 5e a2 20 -- -- -- ac 19 -- 6a 13 47 -- -- a5 -- ab -- 97 -- -- 33  b -- -- c5 62 8a 8c 3f bc -- 93 -- 40 -- -- -- -- -- -- -- 8f -- 32 -- -- -- d4 4f 26 -- 8e -- -- 52 -- 4a 9d -- -- -- 81 -- -- -- f9 -- -- -- -- -- 66 -- 16 -- -- f5 -- -- 5d a3 c4 -- c3 -- cf  5 7e 58 af 79 -- 7a f1 -- -- -- 80 -- -- 9f -- -- -- -- -- -- -- ff -- -- -- -- c9 -- -- -- 64 -- -- 98 -- fa -- -- 7f 68 9e 41 4c -- -- -- cb 34 -- 7d -- -- a4 -- -- -- 94 -- ed -- -- -- -- -- --  d d5 1a -- -- -- -- -- -- 25 29 -- -- -- -- -- -- -- -- -- -- cc -- -- -- 2c e9 -- -- -- -- 3d d7 -- -- -- -- ba -- 91 -- 5f -- -- -- 51 23 -- -- 49 82  a eb fc d0 b0 fe 89 -- f2 -- -- -- f4 45 35 e7 -- -- -- -- -- c8 

solutions so far:0 maxDepth:10 
iterations:22347508  skipped: 3 
Depth skipped: 
0 0 3 0 0 0 0 0 0 0 0 0 0 0 0 0 0 0 0 0 0 0 0 0 0 0 0 0 0 0 0 0 

running time: 2700 sec
 depth:8
 0  1  2  3  4  5  6  7  8  9  a  b  c  d  e  f 10 11 12 13 14 15 16 17 18 19 1a 1b 1c 1d 1e 1f 20 21 22 23 24 25 26 27 28 29 2a 2b 2c 2d 2e 2f 30 31 32 33 34 35 36 37 38 39 3a 3b 3c 3d 3e 3f 40 41 42 43 44 45 46 47 48 49 4a 4b 4c 4d 4e 4f 50 51 52 53 54 55 56 57 58 59 5a 5b 5c 5d 5e 5f 60 61 62 63 64 65 66 67 68 69 6a 6b 6c 6d 6e 6f 70 71 72 73 74 75 76 77 78 79 7a 7b 7c 7d 7e 7f 80 81 82 83 84 85 86 87 88 89 8a 8b 8c 8d 8e 8f 90 91 92 93 94 95 96 97 98 99 9a 9b 9c 9d 9e 9f a0 a1 a2 a3 a4 a5 a6 a7 a8 a9 aa ab ac ad ae af b0 b1 b2 b3 b4 b5 b6 b7 b8 b9 ba bb bc bd be bf c0 c1 c2 c3 c4 c5 c6 c7 c8 c9 ca cb cc cd ce cf d0 d1 d2 d3 d4 d5 d6 d7 d8 d9 da db dc dd de df e0 e1 e2 e3 e4 e5 e6 e7 e8 e9 ea eb ec ed ee ef f0 f1 f2 f3 f4 f5 f6 f7 f8 f9 fa fb fc fd fe ff 
 0  1  2 14  4 ce 28 61  8 9a 4b cb 50 e7 c2 a9 10 35 e3 -- 96 -- 41 15 a0 -- 19 -- 53 ca 85 b3 20 -- 6a -- 11 69 -- ad fb 1b -- -- 82 -- 2a -- 97 -- -- 33 32 -- -- 63 a6 c7 43 5a dd -- b1 -- 40 -- -- -- d4 -- -- -- 22 -- d2 -- -- a2 8d 4f 21 -- 36 -- -- 52 -- 4a d3 2b -- -- 54 -- -- -- f9 -- -- -- -- -- 66 -- 64 -- -- a1 -- -- c6 b6 9b -- 59 -- 86  5 b4 47 6d 79 -- fd b5 -- -- -- 80 -- -- 9f -- -- -- -- 7f -- -- ff -- c3 -- -- 44 -- -- -- 73 -- -- 84 -- d9 93 -- cd 4c 9e d8 42 -- -- -- 6c 26 -- 87 -- -- a4 -- -- 8a 94 -- 71 8f 56 ac -- c9 -- e2 a8 13 -- -- -- 45 -- -- 25 29 -- -- -- -- -- fe -- -- -- -- cc 51 -- -- c8 e9 -- -- -- -- 95 d7 -- -- -- -- 5b -- bb -- e1 -- -- f1 b2 65 -- -- db 67  a eb bf 98 8e 4d da -- f2 -- -- -- 2d 88 bd df -- -- -- -- -- e6 

solutions so far:0 maxDepth:10 
iterations:24596584  skipped: 3 
Depth skipped: 
0 0 3 0 0 0 0 0 0 0 0 0 0 0 0 0 0 0 0 0 0 0 0 0 0 0 0 0 0 0 0 0 

running time: 3000 sec
 depth:7
 0  1  2  3  4  5  6  7  8  9  a  b  c  d  e  f 10 11 12 13 14 15 16 17 18 19 1a 1b 1c 1d 1e 1f 20 21 22 23 24 25 26 27 28 29 2a 2b 2c 2d 2e 2f 30 31 32 33 34 35 36 37 38 39 3a 3b 3c 3d 3e 3f 40 41 42 43 44 45 46 47 48 49 4a 4b 4c 4d 4e 4f 50 51 52 53 54 55 56 57 58 59 5a 5b 5c 5d 5e 5f 60 61 62 63 64 65 66 67 68 69 6a 6b 6c 6d 6e 6f 70 71 72 73 74 75 76 77 78 79 7a 7b 7c 7d 7e 7f 80 81 82 83 84 85 86 87 88 89 8a 8b 8c 8d 8e 8f 90 91 92 93 94 95 96 97 98 99 9a 9b 9c 9d 9e 9f a0 a1 a2 a3 a4 a5 a6 a7 a8 a9 aa ab ac ad ae af b0 b1 b2 b3 b4 b5 b6 b7 b8 b9 ba bb bc bd be bf c0 c1 c2 c3 c4 c5 c6 c7 c8 c9 ca cb cc cd ce cf d0 d1 d2 d3 d4 d5 d6 d7 d8 d9 da db dc dd de df e0 e1 e2 e3 e4 e5 e6 e7 e8 e9 ea eb ec ed ee ef f0 f1 f2 f3 f4 f5 f6 f7 f8 f9 fa fb fc fd fe ff 
 0  1  2 14  4 c6 28 fb  8 53 5b 77 50 9d 21 c3 10 -- a6 -- b6 -- ee d2 a0 -- ed -- 42 67 51 d9 20 -- -- -- 9b 5a -- 86 bb 85 -- --  b -- 73 -- 97 -- -- 33  d -- -- 35 84 54 ce c9 a2 -- 65 -- 40 -- -- -- -- -- -- -- e1 -- b4 -- -- -- db 4f a1 -- dd -- -- 52 -- 4a 16 -- -- -- e6 -- -- -- f9 -- -- -- -- -- 66 -- 1a -- -- 2b -- -- 6a 7f df -- a8 -- 4b  5 45 68 93 79 -- ac ca -- -- -- 80 -- -- 9f -- -- -- -- -- -- -- ff -- -- -- -- 15 -- -- -- bf -- -- fd -- 6c -- -- 61 b9 9e da 95 -- -- -- 6d b7 -- 36 -- -- a4 -- -- -- 94 -- 2c -- -- -- -- -- -- 58 1b b0 -- -- -- -- -- -- 25 29 -- -- -- -- -- -- -- -- -- -- cc -- -- -- 34 e9 -- -- -- -- 56 d7 -- -- -- -- d4 -- fe -- 69 -- -- -- 87 d8 -- -- 96 63  a eb 8a a5 d0 c2 f1 -- f2 -- -- -- 8f 2a 43 2d -- -- -- -- -- a9 

solutions so far:0 maxDepth:10 
iterations:28233196  skipped: 3 
Depth skipped: 
0 0 3 0 0 0 0 0 0 0 0 0 0 0 0 0 0 0 0 0 0 0 0 0 0 0 0 0 0 0 0 0 

running time: 3300 sec
 depth:8
 0  1  2  3  4  5  6  7  8  9  a  b  c  d  e  f 10 11 12 13 14 15 16 17 18 19 1a 1b 1c 1d 1e 1f 20 21 22 23 24 25 26 27 28 29 2a 2b 2c 2d 2e 2f 30 31 32 33 34 35 36 37 38 39 3a 3b 3c 3d 3e 3f 40 41 42 43 44 45 46 47 48 49 4a 4b 4c 4d 4e 4f 50 51 52 53 54 55 56 57 58 59 5a 5b 5c 5d 5e 5f 60 61 62 63 64 65 66 67 68 69 6a 6b 6c 6d 6e 6f 70 71 72 73 74 75 76 77 78 79 7a 7b 7c 7d 7e 7f 80 81 82 83 84 85 86 87 88 89 8a 8b 8c 8d 8e 8f 90 91 92 93 94 95 96 97 98 99 9a 9b 9c 9d 9e 9f a0 a1 a2 a3 a4 a5 a6 a7 a8 a9 aa ab ac ad ae af b0 b1 b2 b3 b4 b5 b6 b7 b8 b9 ba bb bc bd be bf c0 c1 c2 c3 c4 c5 c6 c7 c8 c9 ca cb cc cd ce cf d0 d1 d2 d3 d4 d5 d6 d7 d8 d9 da db dc dd de df e0 e1 e2 e3 e4 e5 e6 e7 e8 e9 ea eb ec ed ee ef f0 f1 f2 f3 f4 f5 f6 f7 f8 f9 fa fb fc fd fe ff 
 0  1  2 14  4 c3 28 ce  8 fd 51 db 50 a8 4b cd 10 64 2d -- a2 -- 61 84 a0 -- 87 -- 96 36 4d da 20 -- c8 -- 5a 7f -- b6 93 ac -- -- c2 -- df -- 97 -- -- 33 d9 -- -- 22 fb 85 6c bd 9a -- 63 -- 40 -- -- -- 47 -- -- -- b4 -- fe -- -- e7 bb 4f f1 -- 8f -- -- 52 -- 4a 53 41 -- -- 69 -- -- -- f9 -- -- -- -- -- 66 -- 65 -- -- b2 -- -- 44 c7 21 -- dd -- d8  5 ad 43 e3 79 -- b1 c6 -- -- -- 80 -- -- 9f -- -- -- -- 8e -- -- ff -- 4c -- -- bf -- -- -- 2b -- -- 6a -- e6 19 -- a1 2a 9e 45 35 -- -- -- c9 15 -- 73 -- -- a4 -- -- 26 94 -- a6 71 82 d3 -- e2 -- 9b d2 e1 -- -- -- 13 -- -- 25 29 -- -- -- -- -- cb -- -- -- -- cc 98 -- -- ca e9 -- -- -- -- b3 d7 -- -- -- -- 88 -- 59 -- 42 -- -- 32 6d 1b -- -- 67 8a  a eb 8d 54 86 95 11 -- f2 -- -- -- b5 a9 5b d4 -- -- -- -- -- 56 

solutions so far:0 maxDepth:10 
iterations:30482936  skipped: 3 
Depth skipped: 
0 0 3 0 0 0 0 0 0 0 0 0 0 0 0 0 0 0 0 0 0 0 0 0 0 0 0 0 0 0 0 0 

running time: 3600 sec
 depth:7
 0  1  2  3  4  5  6  7  8  9  a  b  c  d  e  f 10 11 12 13 14 15 16 17 18 19 1a 1b 1c 1d 1e 1f 20 21 22 23 24 25 26 27 28 29 2a 2b 2c 2d 2e 2f 30 31 32 33 34 35 36 37 38 39 3a 3b 3c 3d 3e 3f 40 41 42 43 44 45 46 47 48 49 4a 4b 4c 4d 4e 4f 50 51 52 53 54 55 56 57 58 59 5a 5b 5c 5d 5e 5f 60 61 62 63 64 65 66 67 68 69 6a 6b 6c 6d 6e 6f 70 71 72 73 74 75 76 77 78 79 7a 7b 7c 7d 7e 7f 80 81 82 83 84 85 86 87 88 89 8a 8b 8c 8d 8e 8f 90 91 92 93 94 95 96 97 98 99 9a 9b 9c 9d 9e 9f a0 a1 a2 a3 a4 a5 a6 a7 a8 a9 aa ab ac ad ae af b0 b1 b2 b3 b4 b5 b6 b7 b8 b9 ba bb bc bd be bf c0 c1 c2 c3 c4 c5 c6 c7 c8 c9 ca cb cc cd ce cf d0 d1 d2 d3 d4 d5 d6 d7 d8 d9 da db dc dd de df e0 e1 e2 e3 e4 e5 e6 e7 e8 e9 ea eb ec ed ee ef f0 f1 f2 f3 f4 f5 f6 f7 f8 f9 fa fb fc fd fe ff 
 0  1  2 14  4 c0 28 2b  8 b7 57 47 50 4c 56 3b 10 -- b9 -- ae -- 8e 8a a0 -- 98 -- ac 6a 76 d0 20 -- -- -- a5 d1 -- 16 8b  6 -- -- cb -- c3 -- 97 -- -- 33 e7 -- -- 3c 8f 1a d4 d6 ec -- 77 -- 40 -- -- -- -- -- -- -- 9d -- 75 -- -- -- 2c 4f c1 --  c -- -- 52 -- 4a 41 -- -- -- 51 -- -- -- f9 -- -- -- -- -- 66 -- 19 -- -- dc -- -- 78 37 c9 -- 34 -- 7f  5 7b 64  f 79 -- de ee -- -- -- 80 -- -- 9f -- -- -- -- -- -- -- ff -- -- -- -- ed -- -- -- ea -- -- aa -- f1 -- -- 58 13 9e 30 55 -- -- -- 18 e2 -- 93 -- -- a4 -- -- -- 94 -- 82 -- -- -- -- -- -- d3 a2 71 -- -- -- -- -- -- 25 29 -- -- -- -- -- -- -- -- -- -- cc -- -- -- 32 e9 -- -- -- -- 6f d7 -- -- -- -- f0 -- 6e -- 45 -- -- -- 68 35 -- -- fe 60  a eb f6 26 c8 b0 1e -- f2 -- -- -- 6b  d  b 83 -- -- -- -- --  3 

solutions so far:0 maxDepth:10 
iterations:32982456  skipped: 3 
Depth skipped: 
0 0 3 0 0 0 0 0 0 0 0 0 0 0 0 0 0 0 0 0 0 0 0 0 0 0 0 0 0 0 0 0 

running time: 3900 sec
 depth:7
 0  1  2  3  4  5  6  7  8  9  a  b  c  d  e  f 10 11 12 13 14 15 16 17 18 19 1a 1b 1c 1d 1e 1f 20 21 22 23 24 25 26 27 28 29 2a 2b 2c 2d 2e 2f 30 31 32 33 34 35 36 37 38 39 3a 3b 3c 3d 3e 3f 40 41 42 43 44 45 46 47 48 49 4a 4b 4c 4d 4e 4f 50 51 52 53 54 55 56 57 58 59 5a 5b 5c 5d 5e 5f 60 61 62 63 64 65 66 67 68 69 6a 6b 6c 6d 6e 6f 70 71 72 73 74 75 76 77 78 79 7a 7b 7c 7d 7e 7f 80 81 82 83 84 85 86 87 88 89 8a 8b 8c 8d 8e 8f 90 91 92 93 94 95 96 97 98 99 9a 9b 9c 9d 9e 9f a0 a1 a2 a3 a4 a5 a6 a7 a8 a9 aa ab ac ad ae af b0 b1 b2 b3 b4 b5 b6 b7 b8 b9 ba bb bc bd be bf c0 c1 c2 c3 c4 c5 c6 c7 c8 c9 ca cb cc cd ce cf d0 d1 d2 d3 d4 d5 d6 d7 d8 d9 da db dc dd de df e0 e1 e2 e3 e4 e5 e6 e7 e8 e9 ea eb ec ed ee ef f0 f1 f2 f3 f4 f5 f6 f7 f8 f9 fa fb fc fd fe ff 
 0  1  2 14  4 ba 28 45  8 54 a3 e6 50 21 8a 7d 10 -- a8 -- 91 -- 1b f1 a0 -- 42 -- c3 56 fa 61 20 -- -- -- 87 7e -- 9b f5 bc -- -- 36 -- 35 -- 97 -- -- 33 84 -- -- cf 51 43 ac ab 23 -- c2 -- 40 -- -- -- -- -- -- -- d9 -- fc -- -- -- e1 4f 3d -- af -- -- 52 -- 4a 6c -- -- -- 6a -- -- -- f9 -- -- -- -- -- 66 -- df -- -- 62 -- -- 49 f3 a2 -- 86 -- 8f  5 81 d2 46 79 -- 5f 53 -- -- -- 80 -- -- 9f -- -- -- -- -- -- -- ff -- -- -- -- 65 -- -- -- 2f -- -- f4 -- fe -- -- 15 96 9e c5 7a -- -- -- 89 4b -- 7f -- -- a4 -- -- -- 94 -- d8 -- -- -- -- -- -- 67 d4 ce -- -- -- -- -- -- 25 29 -- -- -- -- -- -- -- -- -- -- cc -- -- -- 69 e9 -- -- -- -- c4 d7 -- -- -- -- 92 -- 31 -- 93 -- -- -- db 2b -- -- c9 5d  a eb d5 fb 73 2a 8c -- f2 -- -- -- be ca a6 3f -- -- -- -- -- 5e 

solutions so far:0 maxDepth:10 
iterations:36633407  skipped: 4 
Depth skipped: 
0 0 4 0 0 0 0 0 0 0 0 0 0 0 0 0 0 0 0 0 0 0 0 0 0 0 0 0 0 0 0 0 

running time: 4200 sec
 depth:7
 0  1  2  3  4  5  6  7  8  9  a  b  c  d  e  f 10 11 12 13 14 15 16 17 18 19 1a 1b 1c 1d 1e 1f 20 21 22 23 24 25 26 27 28 29 2a 2b 2c 2d 2e 2f 30 31 32 33 34 35 36 37 38 39 3a 3b 3c 3d 3e 3f 40 41 42 43 44 45 46 47 48 49 4a 4b 4c 4d 4e 4f 50 51 52 53 54 55 56 57 58 59 5a 5b 5c 5d 5e 5f 60 61 62 63 64 65 66 67 68 69 6a 6b 6c 6d 6e 6f 70 71 72 73 74 75 76 77 78 79 7a 7b 7c 7d 7e 7f 80 81 82 83 84 85 86 87 88 89 8a 8b 8c 8d 8e 8f 90 91 92 93 94 95 96 97 98 99 9a 9b 9c 9d 9e 9f a0 a1 a2 a3 a4 a5 a6 a7 a8 a9 aa ab ac ad ae af b0 b1 b2 b3 b4 b5 b6 b7 b8 b9 ba bb bc bd be bf c0 c1 c2 c3 c4 c5 c6 c7 c8 c9 ca cb cc cd ce cf d0 d1 d2 d3 d4 d5 d6 d7 d8 d9 da db dc dd de df e0 e1 e2 e3 e4 e5 e6 e7 e8 e9 ea eb ec ed ee ef f0 f1 f2 f3 f4 f5 f6 f7 f8 f9 fa fb fc fd fe ff 
 0  1  2 14  4 b6 28 af  8 57 bb 98 50 82 89 11 10 -- ae -- a1 -- e7 91 a0 -- d3 -- c5 fc 22 ea 20 -- -- -- 8b bf -- 18 95 6d -- -- 19 -- f5 -- 97 -- -- 33 71 -- -- 59 5d 83 2f 4d 44 --  3 -- 40 -- -- -- -- -- -- -- c1 -- a9 -- -- -- 30 4f fd -- da -- -- 52 -- 4a 32 -- -- -- 3d -- -- -- f9 -- -- -- -- -- 66 -- e2 -- -- bd -- -- b2 b1 ba -- d1 -- 5e  5 9a 26 88 79 -- 8d  6 -- -- -- 80 -- -- 9f -- -- -- -- -- -- -- ff -- -- -- -- 55 -- -- -- 85 -- -- 5a -- 3f -- -- 60 cb 9e c6 2d -- -- -- 63 8e -- f4 -- -- a4 -- -- -- 94 -- 64 -- -- -- -- -- -- c8 7a 47 -- -- -- -- -- -- 25 29 -- -- -- -- -- -- -- -- -- -- cc -- -- -- 13 e9 -- -- -- -- ad d7 -- -- -- -- b3 -- b5 -- a3 -- -- -- 75 7e -- -- bc 5b  a eb e3 41 4c c0 c7 -- f2 -- -- -- cd aa  c b4 -- -- -- -- -- dd 

solutions so far:0 maxDepth:10 
iterations:39170486  skipped: 4 
Depth skipped: 
0 0 4 0 0 0 0 0 0 0 0 0 0 0 0 0 0 0 0 0 0 0 0 0 0 0 0 0 0 0 0 0 

running time: 4500 sec
 depth:7
 0  1  2  3  4  5  6  7  8  9  a  b  c  d  e  f 10 11 12 13 14 15 16 17 18 19 1a 1b 1c 1d 1e 1f 20 21 22 23 24 25 26 27 28 29 2a 2b 2c 2d 2e 2f 30 31 32 33 34 35 36 37 38 39 3a 3b 3c 3d 3e 3f 40 41 42 43 44 45 46 47 48 49 4a 4b 4c 4d 4e 4f 50 51 52 53 54 55 56 57 58 59 5a 5b 5c 5d 5e 5f 60 61 62 63 64 65 66 67 68 69 6a 6b 6c 6d 6e 6f 70 71 72 73 74 75 76 77 78 79 7a 7b 7c 7d 7e 7f 80 81 82 83 84 85 86 87 88 89 8a 8b 8c 8d 8e 8f 90 91 92 93 94 95 96 97 98 99 9a 9b 9c 9d 9e 9f a0 a1 a2 a3 a4 a5 a6 a7 a8 a9 aa ab ac ad ae af b0 b1 b2 b3 b4 b5 b6 b7 b8 b9 ba bb bc bd be bf c0 c1 c2 c3 c4 c5 c6 c7 c8 c9 ca cb cc cd ce cf d0 d1 d2 d3 d4 d5 d6 d7 d8 d9 da db dc dd de df e0 e1 e2 e3 e4 e5 e6 e7 e8 e9 ea eb ec ed ee ef f0 f1 f2 f3 f4 f5 f6 f7 f8 f9 fa fb fc fd fe ff 
 0  1  2 14  4 b0 28 a6  8 8f b7 3a 50 2e 9b cf 10 -- c9 -- b9 -- 74 a8 a0 -- 5c -- e1 db 49 35 20 -- -- -- 45 34 -- fe a5 ee -- -- e8 -- 87 -- 97 -- -- 33 b8 -- -- 62 15 a2 61 23 92 -- 6a -- 40 -- -- -- -- -- -- -- 8a -- 68 -- -- -- 2b 4f 9d --  b -- -- 52 -- 4a  7 -- -- -- d9 -- -- -- f9 -- -- -- -- -- 66 -- a7 -- -- 81 -- -- c4 be 2a -- 93 -- c2  5 46 e5 f3 79 -- 7d d4 -- -- -- 80 -- -- 9f -- -- -- -- -- -- -- ff -- -- -- -- c3 -- -- -- d0 -- --  d -- 43 -- -- 56 e0 9e 2c ed -- -- -- 16 70 -- ca -- -- a4 -- -- -- 94 --  e -- -- -- -- -- -- 1c 65 38 -- -- -- -- -- -- 25 29 -- -- -- -- -- -- -- -- -- -- cc -- -- -- 99 e9 -- -- -- -- d5 d7 -- -- -- -- 5f -- ab -- 54 -- -- -- f1 86 -- -- 53 58  a eb 8c 17 1d ac 31 -- f2 -- -- -- fa 51 7f 1a -- -- -- -- -- 77 

solutions so far:0 maxDepth:10 
iterations:42733861  skipped: 5 
Depth skipped: 
0 0 5 0 0 0 0 0 0 0 0 0 0 0 0 0 0 0 0 0 0 0 0 0 0 0 0 0 0 0 0 0 

running time: 4800 sec
 depth:8
 0  1  2  3  4  5  6  7  8  9  a  b  c  d  e  f 10 11 12 13 14 15 16 17 18 19 1a 1b 1c 1d 1e 1f 20 21 22 23 24 25 26 27 28 29 2a 2b 2c 2d 2e 2f 30 31 32 33 34 35 36 37 38 39 3a 3b 3c 3d 3e 3f 40 41 42 43 44 45 46 47 48 49 4a 4b 4c 4d 4e 4f 50 51 52 53 54 55 56 57 58 59 5a 5b 5c 5d 5e 5f 60 61 62 63 64 65 66 67 68 69 6a 6b 6c 6d 6e 6f 70 71 72 73 74 75 76 77 78 79 7a 7b 7c 7d 7e 7f 80 81 82 83 84 85 86 87 88 89 8a 8b 8c 8d 8e 8f 90 91 92 93 94 95 96 97 98 99 9a 9b 9c 9d 9e 9f a0 a1 a2 a3 a4 a5 a6 a7 a8 a9 aa ab ac ad ae af b0 b1 b2 b3 b4 b5 b6 b7 b8 b9 ba bb bc bd be bf c0 c1 c2 c3 c4 c5 c6 c7 c8 c9 ca cb cc cd ce cf d0 d1 d2 d3 d4 d5 d6 d7 d8 d9 da db dc dd de df e0 e1 e2 e3 e4 e5 e6 e7 e8 e9 ea eb ec ed ee ef f0 f1 f2 f3 f4 f5 f6 f7 f8 f9 fa fb fc fd fe ff 
 0  1  2 14  4 ac 28 2e  8 16 8f 75 50 ae 5c 78 10 d9 2c -- c9 -- ea 1d a0 -- 8b -- b8 38 f0  d 20 -- 65 -- 58 93 -- d0 45 d4 -- --  3 -- 3a -- 97 -- -- 33 c1 -- -- 6f a7 a5 70  f 37 -- 1a -- 40 -- -- -- ca -- -- -- b0 -- f1 -- -- 54 77 4f 8a -- 7f -- -- 52 -- 4a  6 db -- -- 74 -- -- -- f9 -- -- -- -- -- 66 -- 55 -- -- f6 -- -- de d6 99 -- 9d -- e0  5 1e 83 6e 79 -- 76 34 -- -- -- 80 -- -- 9f -- -- -- -- 43 -- -- ff -- 15 -- -- b7 -- -- -- 35 -- -- 51 --  e a8 -- ee c0 9e 2b c3 -- -- -- fe 60 --  7 -- -- a4 -- -- e1 94 --  c 53 61 c2 -- a6 -- 18 e8 30 -- -- -- 9b -- -- 25 29 -- -- -- -- -- 86 -- -- -- -- cc 2a -- -- aa e9 -- -- -- -- 3b d7 -- -- -- -- 6b -- 7b -- e5 -- -- 87 ed 1c -- -- 17 56  a eb 3c 57 d1  b dc -- f2 -- -- -- ec b9 68 a2 -- -- -- -- -- 6a 

solutions so far:0 maxDepth:10 
iterations:45700413  skipped: 5 
Depth skipped: 
0 0 5 0 0 0 0 0 0 0 0 0 0 0 0 0 0 0 0 0 0 0 0 0 0 0 0 0 0 0 0 0 

running time: 5100 sec
 depth:7
 0  1  2  3  4  5  6  7  8  9  a  b  c  d  e  f 10 11 12 13 14 15 16 17 18 19 1a 1b 1c 1d 1e 1f 20 21 22 23 24 25 26 27 28 29 2a 2b 2c 2d 2e 2f 30 31 32 33 34 35 36 37 38 39 3a 3b 3c 3d 3e 3f 40 41 42 43 44 45 46 47 48 49 4a 4b 4c 4d 4e 4f 50 51 52 53 54 55 56 57 58 59 5a 5b 5c 5d 5e 5f 60 61 62 63 64 65 66 67 68 69 6a 6b 6c 6d 6e 6f 70 71 72 73 74 75 76 77 78 79 7a 7b 7c 7d 7e 7f 80 81 82 83 84 85 86 87 88 89 8a 8b 8c 8d 8e 8f 90 91 92 93 94 95 96 97 98 99 9a 9b 9c 9d 9e 9f a0 a1 a2 a3 a4 a5 a6 a7 a8 a9 aa ab ac ad ae af b0 b1 b2 b3 b4 b5 b6 b7 b8 b9 ba bb bc bd be bf c0 c1 c2 c3 c4 c5 c6 c7 c8 c9 ca cb cc cd ce cf d0 d1 d2 d3 d4 d5 d6 d7 d8 d9 da db dc dd de df e0 e1 e2 e3 e4 e5 e6 e7 e8 e9 ea eb ec ed ee ef f0 f1 f2 f3 f4 f5 f6 f7 f8 f9 fa fb fc fd fe ff 
 0  1  2 14  4 a7 28 1e  8 2d 99 24 50 f8 3c 54 10 -- 5a -- e5 -- 48 dc a0 -- 27 -- 78 3b a8 63 20 -- -- -- b4  e -- bb 1d e0 -- -- 90 -- 6f -- 97 -- -- 33 4e -- -- ca f0 dd 76 e1 87 -- c6 -- 40 -- -- -- -- -- -- -- bf -- 1c -- -- -- a1 4f 3a -- 17 -- -- 52 -- 4a f7 -- -- -- de -- -- -- f9 -- -- -- -- -- 66 -- 9c -- -- c2 -- -- 43 db 37 -- 6d -- ec  5 15  9 d9 79 -- a6 5b -- -- -- 80 -- -- 9f -- -- -- -- -- -- -- ff -- -- -- -- a9 -- -- -- 38 -- -- e8 -- 7b -- -- 95 3e 9e 5c 74 -- -- -- 2e 1f -- d6 -- -- a4 -- -- -- 94 -- 39 -- -- -- -- -- -- 72 6b e4 -- -- -- -- -- -- 25 29 -- -- -- -- -- -- -- -- -- -- cc -- -- -- ef e9 -- -- -- -- 53 d7 -- -- -- -- 86 -- 61 -- 6e -- -- -- da f6 -- --  f b8  a eb 2a 7c 12 fd 65 -- f2 -- -- -- 9b 85 b6  7 -- -- -- -- -- 70 

solutions so far:0 maxDepth:10 
iterations:48602609  skipped: 6 
Depth skipped: 
0 0 6 0 0 0 0 0 0 0 0 0 0 0 0 0 0 0 0 0 0 0 0 0 0 0 0 0 0 0 0 0 

running time: 5400 sec
 depth:7
 0  1  2  3  4  5  6  7  8  9  a  b  c  d  e  f 10 11 12 13 14 15 16 17 18 19 1a 1b 1c 1d 1e 1f 20 21 22 23 24 25 26 27 28 29 2a 2b 2c 2d 2e 2f 30 31 32 33 34 35 36 37 38 39 3a 3b 3c 3d 3e 3f 40 41 42 43 44 45 46 47 48 49 4a 4b 4c 4d 4e 4f 50 51 52 53 54 55 56 57 58 59 5a 5b 5c 5d 5e 5f 60 61 62 63 64 65 66 67 68 69 6a 6b 6c 6d 6e 6f 70 71 72 73 74 75 76 77 78 79 7a 7b 7c 7d 7e 7f 80 81 82 83 84 85 86 87 88 89 8a 8b 8c 8d 8e 8f 90 91 92 93 94 95 96 97 98 99 9a 9b 9c 9d 9e 9f a0 a1 a2 a3 a4 a5 a6 a7 a8 a9 aa ab ac ad ae af b0 b1 b2 b3 b4 b5 b6 b7 b8 b9 ba bb bc bd be bf c0 c1 c2 c3 c4 c5 c6 c7 c8 c9 ca cb cc cd ce cf d0 d1 d2 d3 d4 d5 d6 d7 d8 d9 da db dc dd de df e0 e1 e2 e3 e4 e5 e6 e7 e8 e9 ea eb ec ed ee ef f0 f1 f2 f3 f4 f5 f6 f7 f8 f9 fa fb fc fd fe ff 
 0  1  2 14  4 9b 28 f5  8 be e1 e6 50 21 3d 27 10 -- ab -- 15 -- 1b fc a0 -- 42 -- 7a 5d 4e cf 20 -- -- -- 81 65 -- 31 2a db -- -- 36 -- 2f -- 97 -- -- 33 84 -- -- 12 f4 23 ba 3e 9c -- 49 -- 40 -- -- -- -- -- -- -- d5 -- ca -- -- -- 62 4f 54 -- 61 -- -- 52 -- 4a 6c -- -- -- 5e -- -- -- f9 -- -- -- -- -- 66 -- df -- -- 39 -- -- 24 90 3f -- 46 -- a3  5 7c d2 ef 79 -- e4 92 -- -- -- 80 -- -- 9f -- -- -- -- -- -- -- ff -- -- -- -- 7d -- -- -- 43 -- -- 87 -- 89 -- -- c4 96 9e 53 a8 -- -- -- c2 4b -- af -- -- a4 -- -- -- 94 -- d8 -- -- -- -- -- -- 67 bc ce -- -- -- -- -- -- 25 29 -- -- -- -- -- -- -- -- -- -- cc -- -- -- 69 e9 -- -- -- -- 72 d7 -- -- -- -- 48 -- f7 -- 7e -- -- -- 8c c5 -- -- 91 a6  a eb f8 fb 73 5f  9 -- f2 -- -- -- 1f fa f3 d9 -- -- -- -- -- 86 

solutions so far:0 maxDepth:10 
iterations:52359577  skipped: 7 
Depth skipped: 
0 0 7 0 0 0 0 0 0 0 0 0 0 0 0 0 0 0 0 0 0 0 0 0 0 0 0 0 0 0 0 0 

running time: 5700 sec
 depth:7
 0  1  2  3  4  5  6  7  8  9  a  b  c  d  e  f 10 11 12 13 14 15 16 17 18 19 1a 1b 1c 1d 1e 1f 20 21 22 23 24 25 26 27 28 29 2a 2b 2c 2d 2e 2f 30 31 32 33 34 35 36 37 38 39 3a 3b 3c 3d 3e 3f 40 41 42 43 44 45 46 47 48 49 4a 4b 4c 4d 4e 4f 50 51 52 53 54 55 56 57 58 59 5a 5b 5c 5d 5e 5f 60 61 62 63 64 65 66 67 68 69 6a 6b 6c 6d 6e 6f 70 71 72 73 74 75 76 77 78 79 7a 7b 7c 7d 7e 7f 80 81 82 83 84 85 86 87 88 89 8a 8b 8c 8d 8e 8f 90 91 92 93 94 95 96 97 98 99 9a 9b 9c 9d 9e 9f a0 a1 a2 a3 a4 a5 a6 a7 a8 a9 aa ab ac ad ae af b0 b1 b2 b3 b4 b5 b6 b7 b8 b9 ba bb bc bd be bf c0 c1 c2 c3 c4 c5 c6 c7 c8 c9 ca cb cc cd ce cf d0 d1 d2 d3 d4 d5 d6 d7 d8 d9 da db dc dd de df e0 e1 e2 e3 e4 e5 e6 e7 e8 e9 ea eb ec ed ee ef f0 f1 f2 f3 f4 f5 f6 f7 f8 f9 fa fb fc fd fe ff 
 0  1  2 14  4 93 28 32  8 72 f1 ab 50 92 64 42 10 -- e4 -- 35 -- 81 41 a0 -- f3 -- c8 4c 84 ef 20 -- -- -- 1f 56 -- 48 6a 45 -- -- d5 -- 82 -- 97 -- -- 33 31 -- -- 73 47 27 98 96 df --  9 -- 40 -- -- -- -- -- -- -- 3e -- ac -- -- -- 90 4f d4 -- 8a -- -- 52 -- 4a 7d -- -- -- d3 -- -- -- f9 -- -- -- -- -- 66 -- 62 -- -- d8 -- -- e6 36 8e -- 4e -- e7  5 fb 5f 69 79 -- ce 12 -- -- -- 80 -- -- 9f -- -- -- -- -- -- -- ff -- -- -- -- 7c -- -- -- 8f -- -- fe -- 13 -- -- f7 cf 9e 51 7f -- -- -- c3 8c -- e2 -- -- a4 -- -- -- 94 -- fa -- -- -- -- -- -- 23 71 46 -- -- -- -- -- -- 25 29 -- -- -- -- -- -- -- -- -- -- cc -- -- -- c4 e9 -- -- -- -- 67 d7 -- -- -- -- 1b -- 6c -- cb -- -- -- 9c 26 -- -- 19 a2  a eb 21 49 be 39 d2 -- f2 -- -- -- 4b f8 24 2b -- -- -- -- -- c9 

solutions so far:0 maxDepth:10 
iterations:56486034  skipped: 7 
Depth skipped: 
0 0 7 0 0 0 0 0 0 0 0 0 0 0 0 0 0 0 0 0 0 0 0 0 0 0 0 0 0 0 0 0 

running time: 6000 sec
 depth:7
 0  1  2  3  4  5  6  7  8  9  a  b  c  d  e  f 10 11 12 13 14 15 16 17 18 19 1a 1b 1c 1d 1e 1f 20 21 22 23 24 25 26 27 28 29 2a 2b 2c 2d 2e 2f 30 31 32 33 34 35 36 37 38 39 3a 3b 3c 3d 3e 3f 40 41 42 43 44 45 46 47 48 49 4a 4b 4c 4d 4e 4f 50 51 52 53 54 55 56 57 58 59 5a 5b 5c 5d 5e 5f 60 61 62 63 64 65 66 67 68 69 6a 6b 6c 6d 6e 6f 70 71 72 73 74 75 76 77 78 79 7a 7b 7c 7d 7e 7f 80 81 82 83 84 85 86 87 88 89 8a 8b 8c 8d 8e 8f 90 91 92 93 94 95 96 97 98 99 9a 9b 9c 9d 9e 9f a0 a1 a2 a3 a4 a5 a6 a7 a8 a9 aa ab ac ad ae af b0 b1 b2 b3 b4 b5 b6 b7 b8 b9 ba bb bc bd be bf c0 c1 c2 c3 c4 c5 c6 c7 c8 c9 ca cb cc cd ce cf d0 d1 d2 d3 d4 d5 d6 d7 d8 d9 da db dc dd de df e0 e1 e2 e3 e4 e5 e6 e7 e8 e9 ea eb ec ed ee ef f0 f1 f2 f3 f4 f5 f6 f7 f8 f9 fa fb fc fd fe ff 
 0  1  2 14  4 8d 28 a5  8 89 cd 90 50 4e 9d 74 10 -- c5 -- 4d -- f7 68 a0 -- 9c -- ed 58 e8 f4 20 -- -- -- 5d 88 -- 2f 9a b3 -- -- 39 -- d0 -- 97 -- -- 33 ef -- -- 38  d f5 b0 e5  7 -- 3f -- 40 -- -- -- -- -- -- -- ba -- c7 -- -- -- 5e 4f e3 -- b1 -- -- 52 -- 4a 72 -- -- -- 77 -- -- -- f9 -- -- -- -- -- 66 --  9 -- -- 5c -- -- 70 17 1a -- 3d -- b7  5 1d 24  e 79 -- a7 7e -- -- -- 80 -- -- 9f -- -- -- -- -- -- -- ff -- -- -- -- a3 -- -- -- 59 -- -- 22 -- 16 -- -- bc f8 9e bd 11 -- -- -- b5 7c --  b -- -- a4 -- -- -- 94 -- e4 -- -- -- -- -- -- 1f ee 3e -- -- -- -- -- -- 25 29 -- -- -- -- -- -- -- -- -- -- cc -- -- -- 12 e9 -- -- -- -- b8 d7 -- -- -- -- e0 -- 2e -- 34 -- -- -- 7a 2c -- -- b9 ad  a eb 3a 27 48 af 1c -- f2 -- -- -- 99 91 fc 44 -- -- -- -- -- b2 

solutions so far:0 maxDepth:10 
iterations:60438024  skipped: 7 
Depth skipped: 
0 0 7 0 0 0 0 0 0 0 0 0 0 0 0 0 0 0 0 0 0 0 0 0 0 0 0 0 0 0 0 0 

running time: 6300 sec
 depth:7
 0  1  2  3  4  5  6  7  8  9  a  b  c  d  e  f 10 11 12 13 14 15 16 17 18 19 1a 1b 1c 1d 1e 1f 20 21 22 23 24 25 26 27 28 29 2a 2b 2c 2d 2e 2f 30 31 32 33 34 35 36 37 38 39 3a 3b 3c 3d 3e 3f 40 41 42 43 44 45 46 47 48 49 4a 4b 4c 4d 4e 4f 50 51 52 53 54 55 56 57 58 59 5a 5b 5c 5d 5e 5f 60 61 62 63 64 65 66 67 68 69 6a 6b 6c 6d 6e 6f 70 71 72 73 74 75 76 77 78 79 7a 7b 7c 7d 7e 7f 80 81 82 83 84 85 86 87 88 89 8a 8b 8c 8d 8e 8f 90 91 92 93 94 95 96 97 98 99 9a 9b 9c 9d 9e 9f a0 a1 a2 a3 a4 a5 a6 a7 a8 a9 aa ab ac ad ae af b0 b1 b2 b3 b4 b5 b6 b7 b8 b9 ba bb bc bd be bf c0 c1 c2 c3 c4 c5 c6 c7 c8 c9 ca cb cc cd ce cf d0 d1 d2 d3 d4 d5 d6 d7 d8 d9 da db dc dd de df e0 e1 e2 e3 e4 e5 e6 e7 e8 e9 ea eb ec ed ee ef f0 f1 f2 f3 f4 f5 f6 f7 f8 f9 fa fb fc fd fe ff 
 0  1  2 14  4 84 28 92  8 11 df 26 50 cb f3 9d 10 -- 22 -- 69 -- 4c be a0 -- 41 -- 31 46 ed b5 20 -- -- -- 44 6c -- cd d2 4b -- -- 98 -- ab -- 97 -- -- 33 82 -- -- 68 62 b2 8c b7  d -- bd -- 40 -- -- -- -- -- -- -- 88 -- d8 -- -- -- 4d 4f 73 -- 96 -- -- 52 -- 4a e7 -- -- -- 81 -- -- -- f9 -- -- -- -- -- 66 -- d3 -- -- 16 -- -- d0 ee c4 -- b3 -- cf  5 b9 e2 1a 79 -- 58 ad -- -- -- 80 -- -- 9f -- -- -- -- -- -- -- ff -- -- -- -- c7 -- -- -- 67 -- -- 1b -- fa -- -- 9a 47 9e 21 e6 -- -- -- fb c8 -- 7d -- -- a4 -- -- -- 94 -- 19 -- -- -- -- -- -- 32 d5 64 -- -- -- -- -- -- 25 29 -- -- -- -- -- -- -- -- -- -- cc -- -- -- 71 e9 -- -- -- -- 2c d7 -- -- -- -- 77 --  b -- 5f -- -- -- b1 23 -- -- 49 42  a eb a5 8e 13 e3 34 -- f2 -- -- -- b0 59 8d 36 -- -- -- -- -- ce 

solutions so far:0 maxDepth:10 
iterations:63998728  skipped: 8 
Depth skipped: 
0 0 8 0 0 0 0 0 0 0 0 0 0 0 0 0 0 0 0 0 0 0 0 0 0 0 0 0 0 0 0 0 

running time: 6600 sec
 depth:6
 0  1  2  3  4  5  6  7  8  9  a  b  c  d  e  f 10 11 12 13 14 15 16 17 18 19 1a 1b 1c 1d 1e 1f 20 21 22 23 24 25 26 27 28 29 2a 2b 2c 2d 2e 2f 30 31 32 33 34 35 36 37 38 39 3a 3b 3c 3d 3e 3f 40 41 42 43 44 45 46 47 48 49 4a 4b 4c 4d 4e 4f 50 51 52 53 54 55 56 57 58 59 5a 5b 5c 5d 5e 5f 60 61 62 63 64 65 66 67 68 69 6a 6b 6c 6d 6e 6f 70 71 72 73 74 75 76 77 78 79 7a 7b 7c 7d 7e 7f 80 81 82 83 84 85 86 87 88 89 8a 8b 8c 8d 8e 8f 90 91 92 93 94 95 96 97 98 99 9a 9b 9c 9d 9e 9f a0 a1 a2 a3 a4 a5 a6 a7 a8 a9 aa ab ac ad ae af b0 b1 b2 b3 b4 b5 b6 b7 b8 b9 ba bb bc bd be bf c0 c1 c2 c3 c4 c5 c6 c7 c8 c9 ca cb cc cd ce cf d0 d1 d2 d3 d4 d5 d6 d7 d8 d9 da db dc dd de df e0 e1 e2 e3 e4 e5 e6 e7 e8 e9 ea eb ec ed ee ef f0 f1 f2 f3 f4 f5 f6 f7 f8 f9 fa fb fc fd fe ff 
 0  1  2 14  4 7b 28 e5  8 b9 f6 35 50 45 1d -- 10 -- a5 -- 3b -- 6a  e a0 -- 8a -- 3a 5c -- 77 20 -- -- -- 9d 78 -- 2c 76 dc -- -- d4 -- 1c -- 97 -- -- 33 c3 -- -- -- 74 34 b8 -- -- -- ee -- 40 -- -- -- -- -- -- -- ed -- f0 -- -- -- 58 4f ec -- 6f -- -- 52 -- 4a 7f -- -- -- 38 -- -- -- f9 -- -- -- -- -- 66 -- 51 -- -- -- -- -- -- -- e8 -- 68 -- a7  5 -- 93 -- 79 -- --  b -- -- -- 80 -- -- 9f -- -- -- -- -- -- -- ff -- -- -- --  d -- -- -- 37 -- -- 1e -- 17 -- -- b0 8f 9e 6b  f -- -- -- de ac -- e0 -- -- a4 -- -- -- 94 -- fe -- -- -- -- -- -- 2b 70 56 -- -- -- -- -- -- 25 29 -- -- -- -- -- -- -- -- -- -- cc -- -- -- a2 e9 -- -- -- -- -- d7 -- -- -- -- -- -- -- --  7 -- -- -- d0 2e -- -- 99 d6  a eb -- c9 f1 b7 -- -- f2 -- -- -- -- 1a 16 3c -- -- -- -- -- 6e 

solutions so far:0 maxDepth:10 
iterations:68144972  skipped: 9 
Depth skipped: 
0 0 9 0 0 0 0 0 0 0 0 0 0 0 0 0 0 0 0 0 0 0 0 0 0 0 0 0 0 0 0 0 

running time: 6900 sec
 depth:7
 0  1  2  3  4  5  6  7  8  9  a  b  c  d  e  f 10 11 12 13 14 15 16 17 18 19 1a 1b 1c 1d 1e 1f 20 21 22 23 24 25 26 27 28 29 2a 2b 2c 2d 2e 2f 30 31 32 33 34 35 36 37 38 39 3a 3b 3c 3d 3e 3f 40 41 42 43 44 45 46 47 48 49 4a 4b 4c 4d 4e 4f 50 51 52 53 54 55 56 57 58 59 5a 5b 5c 5d 5e 5f 60 61 62 63 64 65 66 67 68 69 6a 6b 6c 6d 6e 6f 70 71 72 73 74 75 76 77 78 79 7a 7b 7c 7d 7e 7f 80 81 82 83 84 85 86 87 88 89 8a 8b 8c 8d 8e 8f 90 91 92 93 94 95 96 97 98 99 9a 9b 9c 9d 9e 9f a0 a1 a2 a3 a4 a5 a6 a7 a8 a9 aa ab ac ad ae af b0 b1 b2 b3 b4 b5 b6 b7 b8 b9 ba bb bc bd be bf c0 c1 c2 c3 c4 c5 c6 c7 c8 c9 ca cb cc cd ce cf d0 d1 d2 d3 d4 d5 d6 d7 d8 d9 da db dc dd de df e0 e1 e2 e3 e4 e5 e6 e7 e8 e9 ea eb ec ed ee ef f0 f1 f2 f3 f4 f5 f6 f7 f8 f9 fa fb fc fd fe ff 
 0  1  2 14  4 74 28 91  8 fd e8 23 50 5f f5 bd 10 -- 2d --  7 -- 46 7e a0 -- be -- 3d c5 ad da 20 -- -- -- 5a 17 -- b6  e a7 -- -- 8c -- fc -- 97 -- -- 33 ab -- -- 9a 7a 85 5d b3 8d -- 63 -- 40 -- -- -- -- -- -- -- b4 -- 2e -- -- -- bb 4f 1c -- 99 -- -- 52 -- 4a cf -- -- -- 2f -- -- -- f9 -- -- -- -- -- 66 -- 81 -- -- 88 -- -- e3 22 f4 -- dd -- ba  5 b1 7d cd 79 -- 59 c6 -- -- -- 80 -- -- 9f -- -- -- -- -- -- -- ff -- -- -- -- bf -- -- -- 5c -- -- 70 -- af -- -- a1 62 9e 1d 38 -- -- -- e5 31 -- bc -- -- a4 -- -- -- 94 -- 49 -- -- -- -- -- -- 92 5e f3 -- -- -- -- -- -- 25 29 -- -- -- -- -- -- -- -- -- -- cc -- -- -- d5 e9 -- -- -- -- c7 d7 -- -- -- -- 11 -- 44 -- 3f -- -- -- 6d 89 -- -- a3 3a  a eb b5 c4 fa 95 4d -- f2 -- -- -- b2 a9 5b e0 -- -- -- -- -- b8 

solutions so far:0 maxDepth:10 
iterations:72224713  skipped: 10 
Depth skipped: 
0 0 10 0 0 0 0 0 0 0 0 0 0 0 0 0 0 0 0 0 0 0 0 0 0 0 0 0 0 0 0 0 

running time: 7200 sec
 depth:6
 0  1  2  3  4  5  6  7  8  9  a  b  c  d  e  f 10 11 12 13 14 15 16 17 18 19 1a 1b 1c 1d 1e 1f 20 21 22 23 24 25 26 27 28 29 2a 2b 2c 2d 2e 2f 30 31 32 33 34 35 36 37 38 39 3a 3b 3c 3d 3e 3f 40 41 42 43 44 45 46 47 48 49 4a 4b 4c 4d 4e 4f 50 51 52 53 54 55 56 57 58 59 5a 5b 5c 5d 5e 5f 60 61 62 63 64 65 66 67 68 69 6a 6b 6c 6d 6e 6f 70 71 72 73 74 75 76 77 78 79 7a 7b 7c 7d 7e 7f 80 81 82 83 84 85 86 87 88 89 8a 8b 8c 8d 8e 8f 90 91 92 93 94 95 96 97 98 99 9a 9b 9c 9d 9e 9f a0 a1 a2 a3 a4 a5 a6 a7 a8 a9 aa ab ac ad ae af b0 b1 b2 b3 b4 b5 b6 b7 b8 b9 ba bb bc bd be bf c0 c1 c2 c3 c4 c5 c6 c7 c8 c9 ca cb cc cd ce cf d0 d1 d2 d3 d4 d5 d6 d7 d8 d9 da db dc dd de df e0 e1 e2 e3 e4 e5 e6 e7 e8 e9 ea eb ec ed ee ef f0 f1 f2 f3 f4 f5 f6 f7 f8 f9 fa fb fc fd fe ff 
 0  1  2 14  4 6b 28 cd  8 21 d6 81 50 f3 4d -- 10 -- 42 -- 7b -- d5 44 a0 -- 31 -- 9a b5 -- 36 20 -- -- -- 84 1e -- ce f6 37 -- -- 7d -- 88 -- 97 -- -- 33 62 -- -- -- e3 73 bd -- -- -- 6c -- 40 -- -- -- -- -- -- -- df -- 3c -- -- -- 4b 4f 3b -- 6e -- -- 52 -- 4a fa -- -- -- c7 -- -- -- f9 -- -- -- -- -- 66 -- c4 -- -- -- -- -- -- -- 11 -- e6 -- ad  5 -- be -- 79 -- -- d8 -- -- -- 80 -- -- 9f -- -- -- -- -- -- -- ff -- -- -- -- 69 -- -- -- 78 -- -- ec -- b3 -- -- 96 49 9e 6f 76 -- -- -- dc cf -- b2 -- -- a4 -- -- -- 94 -- 23 -- -- -- -- -- -- 46 59 8c -- -- -- -- -- -- 25 29 -- -- -- -- -- -- -- -- -- -- cc -- -- -- 5f e9 -- -- -- -- -- d7 -- -- -- -- -- -- -- -- 22 -- -- -- 1b b1 -- -- 8d de  a eb -- 92 ab fb -- -- f2 -- -- -- -- d2 67  f -- -- -- -- -- f0 

solutions so far:0 maxDepth:10 
iterations:76266923  skipped: 11 
Depth skipped: 
0 0 11 0 0 0 0 0 0 0 0 0 0 0 0 0 0 0 0 0 0 0 0 0 0 0 0 0 0 0 0 0 

running time: 7500 sec
 depth:6
 0  1  2  3  4  5  6  7  8  9  a  b  c  d  e  f 10 11 12 13 14 15 16 17 18 19 1a 1b 1c 1d 1e 1f 20 21 22 23 24 25 26 27 28 29 2a 2b 2c 2d 2e 2f 30 31 32 33 34 35 36 37 38 39 3a 3b 3c 3d 3e 3f 40 41 42 43 44 45 46 47 48 49 4a 4b 4c 4d 4e 4f 50 51 52 53 54 55 56 57 58 59 5a 5b 5c 5d 5e 5f 60 61 62 63 64 65 66 67 68 69 6a 6b 6c 6d 6e 6f 70 71 72 73 74 75 76 77 78 79 7a 7b 7c 7d 7e 7f 80 81 82 83 84 85 86 87 88 89 8a 8b 8c 8d 8e 8f 90 91 92 93 94 95 96 97 98 99 9a 9b 9c 9d 9e 9f a0 a1 a2 a3 a4 a5 a6 a7 a8 a9 aa ab ac ad ae af b0 b1 b2 b3 b4 b5 b6 b7 b8 b9 ba bb bc bd be bf c0 c1 c2 c3 c4 c5 c6 c7 c8 c9 ca cb cc cd ce cf d0 d1 d2 d3 d4 d5 d6 d7 d8 d9 da db dc dd de df e0 e1 e2 e3 e4 e5 e6 e7 e8 e9 ea eb ec ed ee ef f0 f1 f2 f3 f4 f5 f6 f7 f8 f9 fa fb fc fd fe ff 
 0  1  2 14  4 64 28 8f  8 cd c8 38 50 1d c9 -- 10 -- 4d -- 47 -- 70 a2 a0 -- 3a -- 45 fe -- 59 20 -- -- -- 9a 71 -- b5 8e 4c -- -- e0 -- 93 -- 97 -- -- 33 74 -- -- -- 8a 44 2b -- -- -- b2 -- 40 -- -- -- -- -- -- -- e3 -- e2 -- -- -- bd 4f cb -- 98 -- -- 52 -- 4a 17 -- -- -- f1 -- -- -- f9 -- -- -- -- -- 66 -- e8 -- -- -- -- -- -- -- c3 -- 88 -- 56  5 --  e -- 79 -- -- b3 -- -- -- 80 -- -- 9f -- -- -- -- -- -- -- ff -- -- -- -- 11 -- -- -- 13 -- -- 82 -- d4 -- -- ad 99 9e 19 41 -- -- -- e7 a7 -- 6a -- -- a4 -- -- -- 94 -- 2e -- -- -- -- -- -- 5c 35 b8 -- -- -- -- -- -- 25 29 -- -- -- -- -- -- -- -- -- -- cc -- -- --  7 e9 -- -- -- -- -- d7 -- -- -- -- -- -- -- -- 51 -- -- -- c7 7f -- -- ac 32  a eb -- e5 1c 8d -- -- f2 -- -- -- -- 22 b1 d3 -- -- -- -- -- 26 

solutions so far:0 maxDepth:10 
iterations:80589165  skipped: 11 
Depth skipped: 
0 0 11 0 0 0 0 0 0 0 0 0 0 0 0 0 0 0 0 0 0 0 0 0 0 0 0 0 0 0 0 0 

running time: 7800 sec
 depth:5
 0  1  2  3  4  5  6  7  8  9  a  b  c  d  e  f 10 11 12 13 14 15 16 17 18 19 1a 1b 1c 1d 1e 1f 20 21 22 23 24 25 26 27 28 29 2a 2b 2c 2d 2e 2f 30 31 32 33 34 35 36 37 38 39 3a 3b 3c 3d 3e 3f 40 41 42 43 44 45 46 47 48 49 4a 4b 4c 4d 4e 4f 50 51 52 53 54 55 56 57 58 59 5a 5b 5c 5d 5e 5f 60 61 62 63 64 65 66 67 68 69 6a 6b 6c 6d 6e 6f 70 71 72 73 74 75 76 77 78 79 7a 7b 7c 7d 7e 7f 80 81 82 83 84 85 86 87 88 89 8a 8b 8c 8d 8e 8f 90 91 92 93 94 95 96 97 98 99 9a 9b 9c 9d 9e 9f a0 a1 a2 a3 a4 a5 a6 a7 a8 a9 aa ab ac ad ae af b0 b1 b2 b3 b4 b5 b6 b7 b8 b9 ba bb bc bd be bf c0 c1 c2 c3 c4 c5 c6 c7 c8 c9 ca cb cc cd ce cf d0 d1 d2 d3 d4 d5 d6 d7 d8 d9 da db dc dd de df e0 e1 e2 e3 e4 e5 e6 e7 e8 e9 ea eb ec ed ee ef f0 f1 f2 f3 f4 f5 f6 f7 f8 f9 fa fb fc fd fe ff 
 0  1  2 14  4 5d 28 85  8 92 ba -- 50 -- dd -- 10 -- f3 -- a3 -- -- 5b a0 -- -- -- 6d 5a -- d5 20 -- -- -- 31 3f -- 46 91 5e -- -- -- -- b6 -- 97 -- -- 33 -- -- -- -- da be b4 -- -- -- 7d -- 40 -- -- -- -- -- -- -- 62 -- 7e -- -- -- 8c 4f f5 -- bc -- -- 52 -- 4a -- -- -- -- bb -- -- -- f9 -- -- -- -- -- 66 -- -- -- -- -- -- -- -- -- 63 -- ab -- bf  5 -- -- -- 79 -- -- fa -- -- -- 80 -- -- 9f -- -- -- -- -- -- -- ff -- -- -- -- c4 -- -- -- fc -- -- 7a -- fd -- -- cf -- 9e 89 3d -- -- -- af -- -- 95 -- -- a4 -- -- -- 94 -- -- -- -- -- -- -- -- -- a1 -- -- -- -- -- -- -- 25 29 -- -- -- -- -- -- -- -- -- -- cc -- -- -- -- e9 -- -- -- -- -- d7 -- -- -- -- -- -- -- -- c6 -- -- -- 81 2d -- -- a9 c5  a eb -- -- -- 49 -- -- f2 -- -- -- -- 5f 23 f4 -- -- -- -- -- 2f 

solutions so far:0 maxDepth:10 
iterations:85950753  skipped: 11 
Depth skipped: 
0 0 11 0 0 0 0 0 0 0 0 0 0 0 0 0 0 0 0 0 0 0 0 0 0 0 0 0 0 0 0 0 

running time: 8100 sec
 depth:6
 0  1  2  3  4  5  6  7  8  9  a  b  c  d  e  f 10 11 12 13 14 15 16 17 18 19 1a 1b 1c 1d 1e 1f 20 21 22 23 24 25 26 27 28 29 2a 2b 2c 2d 2e 2f 30 31 32 33 34 35 36 37 38 39 3a 3b 3c 3d 3e 3f 40 41 42 43 44 45 46 47 48 49 4a 4b 4c 4d 4e 4f 50 51 52 53 54 55 56 57 58 59 5a 5b 5c 5d 5e 5f 60 61 62 63 64 65 66 67 68 69 6a 6b 6c 6d 6e 6f 70 71 72 73 74 75 76 77 78 79 7a 7b 7c 7d 7e 7f 80 81 82 83 84 85 86 87 88 89 8a 8b 8c 8d 8e 8f 90 91 92 93 94 95 96 97 98 99 9a 9b 9c 9d 9e 9f a0 a1 a2 a3 a4 a5 a6 a7 a8 a9 aa ab ac ad ae af b0 b1 b2 b3 b4 b5 b6 b7 b8 b9 ba bb bc bd be bf c0 c1 c2 c3 c4 c5 c6 c7 c8 c9 ca cb cc cd ce cf d0 d1 d2 d3 d4 d5 d6 d7 d8 d9 da db dc dd de df e0 e1 e2 e3 e4 e5 e6 e7 e8 e9 ea eb ec ed ee ef f0 f1 f2 f3 f4 f5 f6 f7 f8 f9 fa fb fc fd fe ff 
 0  1  2 14  4 55 28 2b  8 44 aa 64 50 13 56 -- 10 -- 88 -- 83 -- c8 8a a0 -- 26 -- ac 6a -- ad 20 -- -- -- c7  c -- 9a d1 c0 -- -- 47 -- c3 -- 97 -- -- 33 4c -- -- -- 8f b1 d4 -- -- -- 8d -- 40 -- -- -- -- -- -- -- 59 -- 18 -- -- -- e3 4f 75 -- 57 -- -- 52 -- 4a 8e -- -- -- 51 -- -- -- f9 -- -- -- -- -- 66 -- 98 -- -- -- -- -- -- -- c9 -- b5 -- 7f  5 -- 19 -- 79 -- -- cd -- -- -- 80 -- -- 9f -- -- -- -- -- -- -- ff -- -- -- -- b2 -- -- -- 30 -- --  3 -- f1 -- -- 11 71 9e 8b ea -- -- -- ae d3 -- 93 -- -- a4 -- -- -- 94 -- cb -- -- -- -- -- -- 41 a2 82 -- -- -- -- -- -- 25 29 -- -- -- -- -- -- -- -- -- -- cc -- -- -- e7 e9 -- -- -- -- -- d7 -- -- -- -- -- -- -- -- 45 -- -- -- bd 35 -- -- fe c1  a eb -- e2 32 22 -- -- f2 -- -- -- -- b3 4d  6 -- -- -- -- -- 60 

solutions so far:0 maxDepth:10 
iterations:91387194  skipped: 11 
Depth skipped: 
0 0 11 0 0 0 0 0 0 0 0 0 0 0 0 0 0 0 0 0 0 0 0 0 0 0 0 0 0 0 0 0 

running time: 8400 sec
 depth:7
 0  1  2  3  4  5  6  7  8  9  a  b  c  d  e  f 10 11 12 13 14 15 16 17 18 19 1a 1b 1c 1d 1e 1f 20 21 22 23 24 25 26 27 28 29 2a 2b 2c 2d 2e 2f 30 31 32 33 34 35 36 37 38 39 3a 3b 3c 3d 3e 3f 40 41 42 43 44 45 46 47 48 49 4a 4b 4c 4d 4e 4f 50 51 52 53 54 55 56 57 58 59 5a 5b 5c 5d 5e 5f 60 61 62 63 64 65 66 67 68 69 6a 6b 6c 6d 6e 6f 70 71 72 73 74 75 76 77 78 79 7a 7b 7c 7d 7e 7f 80 81 82 83 84 85 86 87 88 89 8a 8b 8c 8d 8e 8f 90 91 92 93 94 95 96 97 98 99 9a 9b 9c 9d 9e 9f a0 a1 a2 a3 a4 a5 a6 a7 a8 a9 aa ab ac ad ae af b0 b1 b2 b3 b4 b5 b6 b7 b8 b9 ba bb bc bd be bf c0 c1 c2 c3 c4 c5 c6 c7 c8 c9 ca cb cc cd ce cf d0 d1 d2 d3 d4 d5 d6 d7 d8 d9 da db dc dd de df e0 e1 e2 e3 e4 e5 e6 e7 e8 e9 ea eb ec ed ee ef f0 f1 f2 f3 f4 f5 f6 f7 f8 f9 fa fb fc fd fe ff 
 0  1  2 14  4 47 28 a7  8 45 8e ec 50 de 99  c 10 -- 8a -- cb --  f e8 a0 -- 6b -- e5 17 18 d4 20 -- -- -- c3 13 -- 56 41 e7 -- -- 1e --  7 -- 97 -- -- 33 d6 -- -- 57 1d f1 2e ea 30 -- 7f -- 40 -- -- -- -- -- -- -- 51 -- 26 -- -- -- ac 4f 82 -- 19 -- -- 52 -- 4a 3c -- -- --  e -- -- -- f9 -- -- -- -- -- 66 -- 7b -- -- aa -- -- ae c1 3a -- 35 -- 5c  5  3 3b 60 79 -- d1 fe -- -- -- 80 -- -- 9f -- -- -- -- -- -- -- ff -- -- -- -- a2 -- -- -- 4c -- -- 71 -- 70 -- -- 8f dc 9e 64 d3 -- -- -- 32 6e -- 38 -- -- a4 -- -- -- 94 -- 78 -- -- -- -- -- -- f0 1c 37 -- -- -- -- -- -- 25 29 -- -- -- -- -- -- -- -- -- -- cc -- -- -- f6 e9 -- -- -- -- 83 d7 -- -- -- -- 8b -- 55 -- 74 -- -- -- 6a e0 -- -- b8 c8  a eb  6 6f 76 c9 c0 -- f2 -- -- -- 75 93 2b e2 -- -- -- -- -- 98 

solutions so far:0 maxDepth:10 
iterations:96810454  skipped: 11 
Depth skipped: 
0 0 11 0 0 0 0 0 0 0 0 0 0 0 0 0 0 0 0 0 0 0 0 0 0 0 0 0 0 0 0 0 

running time: 8700 sec
 depth:7
 0  1  2  3  4  5  6  7  8  9  a  b  c  d  e  f 10 11 12 13 14 15 16 17 18 19 1a 1b 1c 1d 1e 1f 20 21 22 23 24 25 26 27 28 29 2a 2b 2c 2d 2e 2f 30 31 32 33 34 35 36 37 38 39 3a 3b 3c 3d 3e 3f 40 41 42 43 44 45 46 47 48 49 4a 4b 4c 4d 4e 4f 50 51 52 53 54 55 56 57 58 59 5a 5b 5c 5d 5e 5f 60 61 62 63 64 65 66 67 68 69 6a 6b 6c 6d 6e 6f 70 71 72 73 74 75 76 77 78 79 7a 7b 7c 7d 7e 7f 80 81 82 83 84 85 86 87 88 89 8a 8b 8c 8d 8e 8f 90 91 92 93 94 95 96 97 98 99 9a 9b 9c 9d 9e 9f a0 a1 a2 a3 a4 a5 a6 a7 a8 a9 aa ab ac ad ae af b0 b1 b2 b3 b4 b5 b6 b7 b8 b9 ba bb bc bd be bf c0 c1 c2 c3 c4 c5 c6 c7 c8 c9 ca cb cc cd ce cf d0 d1 d2 d3 d4 d5 d6 d7 d8 d9 da db dc dd de df e0 e1 e2 e3 e4 e5 e6 e7 e8 e9 ea eb ec ed ee ef f0 f1 f2 f3 f4 f5 f6 f7 f8 f9 fa fb fc fd fe ff 
 0  1  2 14  4 3a 28 f7  8 4d 74 c2 50 d9 39 83 10 -- 9a -- e8 -- 53 7c a0 -- 65 -- 72 12 d1 b2 20 -- -- -- e3 e0 -- bd  7 b8 -- -- a6 -- f8 -- 97 -- -- 33 ca -- --  6 e4 88 24 c1 75 -- b3 -- 40 -- -- -- -- -- -- -- 11 -- 17 -- -- -- ad 4f  e -- a7 -- -- 52 -- 4a 9b -- -- -- 27 -- -- -- f9 -- -- -- -- -- 66 -- 43 -- -- c0 -- --  c 30 1f -- c7 -- 48  5 55 db ea 79 -- ae b1 -- -- -- 80 -- -- 9f -- -- -- -- -- -- -- ff -- -- -- -- 22 -- -- -- 2e -- -- 38 -- ef -- -- 8d a8 9e e5 1c -- -- -- 99 54 -- 9c -- -- a4 -- -- -- 94 -- e1 -- -- -- -- -- -- 15 4e 2a -- -- -- -- -- -- 25 29 -- -- -- -- -- -- -- -- -- -- cc -- -- -- 86 e9 -- -- -- -- 57 d7 -- -- -- -- 18 -- 60 -- 3e -- -- -- 59  9 -- -- 90 1d  a eb aa 87 61 cd  3 -- f2 -- -- -- 8b 44 b5 70 -- -- -- -- -- 5c 

solutions so far:0 maxDepth:10 
iterations:102470303  skipped: 12 
Depth skipped: 
0 0 12 0 0 0 0 0 0 0 0 0 0 0 0 0 0 0 0 0 0 0 0 0 0 0 0 0 0 0 0 0 

running time: 9000 sec
 depth:7
 0  1  2  3  4  5  6  7  8  9  a  b  c  d  e  f 10 11 12 13 14 15 16 17 18 19 1a 1b 1c 1d 1e 1f 20 21 22 23 24 25 26 27 28 29 2a 2b 2c 2d 2e 2f 30 31 32 33 34 35 36 37 38 39 3a 3b 3c 3d 3e 3f 40 41 42 43 44 45 46 47 48 49 4a 4b 4c 4d 4e 4f 50 51 52 53 54 55 56 57 58 59 5a 5b 5c 5d 5e 5f 60 61 62 63 64 65 66 67 68 69 6a 6b 6c 6d 6e 6f 70 71 72 73 74 75 76 77 78 79 7a 7b 7c 7d 7e 7f 80 81 82 83 84 85 86 87 88 89 8a 8b 8c 8d 8e 8f 90 91 92 93 94 95 96 97 98 99 9a 9b 9c 9d 9e 9f a0 a1 a2 a3 a4 a5 a6 a7 a8 a9 aa ab ac ad ae af b0 b1 b2 b3 b4 b5 b6 b7 b8 b9 ba bb bc bd be bf c0 c1 c2 c3 c4 c5 c6 c7 c8 c9 ca cb cc cd ce cf d0 d1 d2 d3 d4 d5 d6 d7 d8 d9 da db dc dd de df e0 e1 e2 e3 e4 e5 e6 e7 e8 e9 ea eb ec ed ee ef f0 f1 f2 f3 f4 f5 f6 f7 f8 f9 fa fb fc fd fe ff 
 0  1  2 14  4 2e 28 c6  8 3b 5c 43 50 2a 5b 34 10 -- 76 -- b8 -- 86 fd a0 -- 54 -- b6 dd 68 6e 20 -- -- -- ec 74 -- 6b a7 1c -- -- db -- 2d -- 97 -- -- 33 a8 -- --  b bb 78 6d ed d0 -- dc -- 40 -- -- -- -- -- -- --  f -- e8 -- -- -- d6 4f 99 -- 38 -- -- 52 -- 4a 61 -- -- -- 5a -- -- -- f9 -- -- -- -- -- 66 -- 87 -- -- b7 -- -- 16 58 a1 -- f0 -- da  5  d 65 77 79 -- a5 6f -- -- -- 80 -- -- 9f -- -- -- -- -- -- -- ff -- -- -- -- 1e -- -- --  7 -- -- 1d -- a9 -- -- 7b e1 9e e0 e5 -- -- -- 70 9b -- bf -- -- a4 -- -- -- 94 -- c2 -- -- -- -- -- -- 53 b4 a6 -- -- -- -- -- -- 25 29 -- -- -- -- -- -- -- -- -- -- cc -- -- -- d9 e9 -- -- -- -- b9 d7 -- -- -- -- 2c -- b0 -- 95 -- -- -- 37 85 -- -- 63 17  a eb 1a 15 ca f6 ee -- f2 -- -- -- 9d 3c de 3a -- -- -- -- --  e 

solutions so far:0 maxDepth:10 
iterations:108157771  skipped: 12 
Depth skipped: 
0 0 12 0 0 0 0 0 0 0 0 0 0 0 0 0 0 0 0 0 0 0 0 0 0 0 0 0 0 0 0 0 

running time: 9300 sec
 depth:6
 0  1  2  3  4  5  6  7  8  9  a  b  c  d  e  f 10 11 12 13 14 15 16 17 18 19 1a 1b 1c 1d 1e 1f 20 21 22 23 24 25 26 27 28 29 2a 2b 2c 2d 2e 2f 30 31 32 33 34 35 36 37 38 39 3a 3b 3c 3d 3e 3f 40 41 42 43 44 45 46 47 48 49 4a 4b 4c 4d 4e 4f 50 51 52 53 54 55 56 57 58 59 5a 5b 5c 5d 5e 5f 60 61 62 63 64 65 66 67 68 69 6a 6b 6c 6d 6e 6f 70 71 72 73 74 75 76 77 78 79 7a 7b 7c 7d 7e 7f 80 81 82 83 84 85 86 87 88 89 8a 8b 8c 8d 8e 8f 90 91 92 93 94 95 96 97 98 99 9a 9b 9c 9d 9e 9f a0 a1 a2 a3 a4 a5 a6 a7 a8 a9 aa ab ac ad ae af b0 b1 b2 b3 b4 b5 b6 b7 b8 b9 ba bb bc bd be bf c0 c1 c2 c3 c4 c5 c6 c7 c8 c9 ca cb cc cd ce cf d0 d1 d2 d3 d4 d5 d6 d7 d8 d9 da db dc dd de df e0 e1 e2 e3 e4 e5 e6 e7 e8 e9 ea eb ec ed ee ef f0 f1 f2 f3 f4 f5 f6 f7 f8 f9 fa fb fc fd fe ff 
 0  1  2 14  4 1f 28 65  8 e2 3e f0 50 3b ca -- 10 -- 13 -- 7c -- 37 c2 a0 -- 76 -- 43 54 -- c8 20 -- -- -- 26  9 -- 41 f8 90 -- -- 6e -- 53 -- 97 -- -- 33 ec -- -- -- 86 19 a8 -- -- -- 47 -- 40 -- -- -- -- -- -- -- 4c -- 12 -- -- -- 82 4f 27 -- f7 -- -- 52 -- 4a dc -- -- -- a6 -- -- -- f9 -- -- -- -- -- 66 --  f -- -- -- -- -- -- -- db -- 32 -- 87  5 -- 3c -- 79 -- -- 8e -- -- -- 80 -- -- 9f -- -- -- -- -- -- -- ff -- -- -- -- 98 -- -- -- 24 -- -- 9c -- 15 -- -- d3 7b 9e 72 4e -- -- -- 39 d6 -- e1 -- -- a4 -- -- -- 94 -- 6f -- -- -- -- -- -- de 9b 6b -- -- -- -- -- -- 25 29 -- -- -- -- -- -- -- -- -- -- cc -- -- -- 1e e9 -- -- -- -- -- d7 -- -- -- -- -- -- -- -- 61 -- -- -- 64 2a -- -- d9 e4  a eb -- f6 78 71 -- -- f2 -- -- -- -- e7 cb ef -- -- -- -- -- 48 

solutions so far:0 maxDepth:10 
iterations:114199632  skipped: 12 
Depth skipped: 
0 0 12 0 0 0 0 0 0 0 0 0 0 0 0 0 0 0 0 0 0 0 0 0 0 0 0 0 0 0 0 0 

running time: 9600 sec
 depth:7
 0  1  2  3  4  5  6  7  8  9  a  b  c  d  e  f 10 11 12 13 14 15 16 17 18 19 1a 1b 1c 1d 1e 1f 20 21 22 23 24 25 26 27 28 29 2a 2b 2c 2d 2e 2f 30 31 32 33 34 35 36 37 38 39 3a 3b 3c 3d 3e 3f 40 41 42 43 44 45 46 47 48 49 4a 4b 4c 4d 4e 4f 50 51 52 53 54 55 56 57 58 59 5a 5b 5c 5d 5e 5f 60 61 62 63 64 65 66 67 68 69 6a 6b 6c 6d 6e 6f 70 71 72 73 74 75 76 77 78 79 7a 7b 7c 7d 7e 7f 80 81 82 83 84 85 86 87 88 89 8a 8b 8c 8d 8e 8f 90 91 92 93 94 95 96 97 98 99 9a 9b 9c 9d 9e 9f a0 a1 a2 a3 a4 a5 a6 a7 a8 a9 aa ab ac ad ae af b0 b1 b2 b3 b4 b5 b6 b7 b8 b9 ba bb bc bd be bf c0 c1 c2 c3 c4 c5 c6 c7 c8 c9 ca cb cc cd ce cf d0 d1 d2 d3 d4 d5 d6 d7 d8 d9 da db dc dd de df e0 e1 e2 e3 e4 e5 e6 e7 e8 e9 ea eb ec ed ee ef f0 f1 f2 f3 f4 f5 f6 f7 f8 f9 fa fb fc fd fe ff 
 0  1  2 14  4 15 28 f0  8 aa 2a 48 50 27 37 ce 10 -- 83 -- 54 -- 90 6b a0 -- 4e -- 6e  f 4b 30 20 -- -- -- d1 43 -- ae a8 c2 -- -- f7 -- d6 -- 97 -- -- 33 9c -- -- 42 dc  6 1e 6c 96 -- 60 -- 40 -- -- -- -- -- -- -- 75 -- 86 -- -- -- 8b 4f 87 -- 53 -- -- 52 -- 4a 39 -- -- -- 7b -- -- -- f9 -- -- -- -- -- 66 -- ef -- -- 73 -- -- 84 69 6f --  c -- 3c  5 d8 12 fb 79 -- 1b c0 -- -- -- 80 -- -- 9f -- -- -- -- -- -- -- ff -- -- -- -- ea -- -- -- db -- -- 65 -- 76 -- -- c1 7c 9e 9b d9 -- -- -- a6 3e -- 3b -- -- a4 -- -- -- 94 -- 72 -- -- -- -- -- -- e4 f6 1f -- -- -- -- -- -- 25 29 -- -- -- -- -- -- -- -- -- -- cc -- -- --  9 e9 -- -- -- -- e6 d7 -- -- -- -- df -- d2 -- de -- -- -- 18 ec -- -- 78 e1  a eb 67 f8 24 55 21 -- f2 -- -- -- 36  3 57 ca -- -- -- -- -- 61 

solutions so far:0 maxDepth:10 
iterations:120166210  skipped: 12 
Depth skipped: 
0 0 12 0 0 0 0 0 0 0 0 0 0 0 0 0 0 0 0 0 0 0 0 0 0 0 0 0 0 0 0 0 

running time: 9900 sec
 depth:7
 0  1  2  3  4  5  6  7  8  9  a  b  c  d  e  f 10 11 12 13 14 15 16 17 18 19 1a 1b 1c 1d 1e 1f 20 21 22 23 24 25 26 27 28 29 2a 2b 2c 2d 2e 2f 30 31 32 33 34 35 36 37 38 39 3a 3b 3c 3d 3e 3f 40 41 42 43 44 45 46 47 48 49 4a 4b 4c 4d 4e 4f 50 51 52 53 54 55 56 57 58 59 5a 5b 5c 5d 5e 5f 60 61 62 63 64 65 66 67 68 69 6a 6b 6c 6d 6e 6f 70 71 72 73 74 75 76 77 78 79 7a 7b 7c 7d 7e 7f 80 81 82 83 84 85 86 87 88 89 8a 8b 8c 8d 8e 8f 90 91 92 93 94 95 96 97 98 99 9a 9b 9c 9d 9e 9f a0 a1 a2 a3 a4 a5 a6 a7 a8 a9 aa ab ac ad ae af b0 b1 b2 b3 b4 b5 b6 b7 b8 b9 ba bb bc bd be bf c0 c1 c2 c3 c4 c5 c6 c7 c8 c9 ca cb cc cd ce cf d0 d1 d2 d3 d4 d5 d6 d7 d8 d9 da db dc dd de df e0 e1 e2 e3 e4 e5 e6 e7 e8 e9 ea eb ec ed ee ef f0 f1 f2 f3 f4 f5 f6 f7 f8 f9 fa fb fc fd fe ff 
 0  1  2 14  4  9 28 df  8 c3 12 ec 50 de 69 c2 10 -- 51 -- 24 --  f 36 a0 -- 6b -- d2 fb 53 fe 20 -- -- -- a2 e4 -- 8f 48 f8 -- -- 1e -- 6c -- 97 -- -- 33 d6 -- -- 15 73 6a 21 86 a6 -- 2b -- 40 -- -- -- -- -- -- -- 93 -- 1f -- -- -- c9 4f 90 -- 27 -- -- 52 -- 4a 3c -- -- -- d8 -- -- -- f9 -- -- -- -- -- 66 -- 7b -- -- d9 -- -- 2a a8 e6 -- d4 -- 42  5 db 3b 9b 79 -- ca 56 -- -- -- 80 -- -- 9f -- -- -- -- -- -- -- ff -- -- -- -- f1 -- -- -- 3e -- -- 39 -- 4b -- -- 45 dc 9e 9c f7 -- -- -- 4e 6e -- ce -- -- a4 -- -- -- 94 -- 78 -- -- -- -- -- -- f0 67 37 -- -- -- -- -- -- 25 29 -- -- -- -- -- -- -- -- -- -- cc -- -- -- f6 e9 -- -- -- -- 65 d7 -- -- -- -- 54 -- 87 -- 1b -- -- -- 7f 96 -- -- 84 ef  a eb 61 6f 76 8a e1 -- f2 -- -- -- 43 35 ac 72 -- -- -- -- -- 7c 

solutions so far:0 maxDepth:10 
iterations:126138373  skipped: 12 
Depth skipped: 
0 0 12 0 0 0 0 0 0 0 0 0 0 0 0 0 0 0 0 0 0 0 0 0 0 0 0 0 0 0 0 0 

running time: 10200 sec

Finished. Total running time: 10327 sec
