Search S-boxes invariant for matrix: 
{0x00,0x02,0x04,0x06,0x08,0x0a,0x0c,0x0e,0x10,0x12,0x14,0x16,0x18,0x1a,0x1c,0x1e,0x20,0x22,0x24,0x26,0x28,0x2a,0x2c,0x2e,0x30,0x32,0x34,0x36,0x38,0x3a,0x3c,0x3e,0x40,0x42,0x44,0x46,0x48,0x4a,0x4c,0x4e,0x50,0x52,0x54,0x56,0x58,0x5a,0x5c,0x5e,0x60,0x62,0x64,0x66,0x68,0x6a,0x6c,0x6e,0x70,0x72,0x74,0x76,0x78,0x7a,0x7c,0x7e,0x80,0x82,0x84,0x86,0x88,0x8a,0x8c,0x8e,0x90,0x92,0x94,0x96,0x98,0x9a,0x9c,0x9e,0xa0,0xa2,0xa4,0xa6,0xa8,0xaa,0xac,0xae,0xb0,0xb2,0xb4,0xb6,0xb8,0xba,0xbc,0xbe,0xc0,0xc2,0xc4,0xc6,0xc8,0xca,0xcc,0xce,0xd0,0xd2,0xd4,0xd6,0xd8,0xda,0xdc,0xde,0xe0,0xe2,0xe4,0xe6,0xe8,0xea,0xec,0xee,0xf0,0xf2,0xf4,0xf6,0xf8,0xfa,0xfc,0xfe,0xd7,0xd5,0xd3,0xd1,0xdf,0xdd,0xdb,0xd9,0xc7,0xc5,0xc3,0xc1,0xcf,0xcd,0xcb,0xc9,0xf7,0xf5,0xf3,0xf1,0xff,0xfd,0xfb,0xf9,0xe7,0xe5,0xe3,0xe1,0xef,0xed,0xeb,0xe9,0x97,0x95,0x93,0x91,0x9f,0x9d,0x9b,0x99,0x87,0x85,0x83,0x81,0x8f,0x8d,0x8b,0x89,0xb7,0xb5,0xb3,0xb1,0xbf,0xbd,0xbb,0xb9,0xa7,0xa5,0xa3,0xa1,0xaf,0xad,0xab,0xa9,0x57,0x55,0x53,0x51,0x5f,0x5d,0x5b,0x59,0x47,0x45,0x43,0x41,0x4f,0x4d,0x4b,0x49,0x77,0x75,0x73,0x71,0x7f,0x7d,0x7b,0x79,0x67,0x65,0x63,0x61,0x6f,0x6d,0x6b,0x69,0x17,0x15,0x13,0x11,0x1f,0x1d,0x1b,0x19,0x07,0x05,0x03,0x01,0x0f,0x0d,0x0b,0x09,0x37,0x35,0x33,0x31,0x3f,0x3d,0x3b,0x39,0x27,0x25,0x23,0x21,0x2f,0x2d,0x2b,0x29};



 depth:7
 0  1  2  3  4  5  6  7  8  9  a  b  c  d  e  f 10 11 12 13 14 15 16 17 18 19 1a 1b 1c 1d 1e 1f 20 21 22 23 24 25 26 27 28 29 2a 2b 2c 2d 2e 2f 30 31 32 33 34 35 36 37 38 39 3a 3b 3c 3d 3e 3f 40 41 42 43 44 45 46 47 48 49 4a 4b 4c 4d 4e 4f 50 51 52 53 54 55 56 57 58 59 5a 5b 5c 5d 5e 5f 60 61 62 63 64 65 66 67 68 69 6a 6b 6c 6d 6e 6f 70 71 72 73 74 75 76 77 78 79 7a 7b 7c 7d 7e 7f 80 81 82 83 84 85 86 87 88 89 8a 8b 8c 8d 8e 8f 90 91 92 93 94 95 96 97 98 99 9a 9b 9c 9d 9e 9f a0 a1 a2 a3 a4 a5 a6 a7 a8 a9 aa ab ac ad ae af b0 b1 b2 b3 b4 b5 b6 b7 b8 b9 ba bb bc bd be bf c0 c1 c2 c3 c4 c5 c6 c7 c8 c9 ca cb cc cd ce cf d0 d1 d2 d3 d4 d5 d6 d7 d8 d9 da db dc dd de df e0 e1 e2 e3 e4 e5 e6 e7 e8 e9 ea eb ec ed ee ef f0 f1 f2 f3 f4 f5 f6 f7 f8 f9 fa fb fc fd fe ff 
 0  1  2 db  4 e2 61 72  8  6 13 5d c2 fc e4 7f 10 --  c -- 26 -- ba 27 53 -- 2f -- 1f 48 fe c1 20 -- -- -- 18 64 -- d1 4c cb -- -- a3 -- 4e -- a6 -- -- 33 5e -- -- 8f 3e 57 90 35 2b -- 55 -- 40 -- -- -- -- -- -- -- 30 -- c8 -- -- -- 75 4f 98 -- 41 -- -- 87 -- 15 91 -- -- -- 9c -- -- -- 9b -- -- -- -- -- 66 -- bc -- -- 51 -- -- c9 8a 7c -- ae -- f7 43 6a 89 56 79 -- 93 aa -- -- -- 80 -- -- 65 -- -- -- -- -- -- -- 54 -- -- -- -- 60 -- -- -- 47 -- -- 19 -- 12 -- -- ea 3f 9e d3 e7 -- -- -- 82 f4 --  9 -- -- d9 -- -- -- 2a -- f5 -- -- -- -- -- -- 3d ef 7a -- -- -- -- -- -- e1 a8 -- -- -- -- -- -- -- -- -- -- cc -- -- -- af ca -- -- -- -- a2 d7 -- -- -- -- 45 -- c3 -- f8 -- -- -- 8b 24 -- -- 39 71 86 eb d4 7e c5  3 ac -- f2 -- -- -- f1 c0 83 32 -- -- -- -- -- 8e 

solutions so far:0 maxDepth:9 
iterations:1957830  skipped: 21 
Depth skipped: 
0 0 21 0 0 0 0 0 0 0 0 0 0 0 0 0 0 0 0 0 0 0 0 0 0 0 0 0 0 0 0 0 

running time: 300 sec
 depth:7
 0  1  2  3  4  5  6  7  8  9  a  b  c  d  e  f 10 11 12 13 14 15 16 17 18 19 1a 1b 1c 1d 1e 1f 20 21 22 23 24 25 26 27 28 29 2a 2b 2c 2d 2e 2f 30 31 32 33 34 35 36 37 38 39 3a 3b 3c 3d 3e 3f 40 41 42 43 44 45 46 47 48 49 4a 4b 4c 4d 4e 4f 50 51 52 53 54 55 56 57 58 59 5a 5b 5c 5d 5e 5f 60 61 62 63 64 65 66 67 68 69 6a 6b 6c 6d 6e 6f 70 71 72 73 74 75 76 77 78 79 7a 7b 7c 7d 7e 7f 80 81 82 83 84 85 86 87 88 89 8a 8b 8c 8d 8e 8f 90 91 92 93 94 95 96 97 98 99 9a 9b 9c 9d 9e 9f a0 a1 a2 a3 a4 a5 a6 a7 a8 a9 aa ab ac ad ae af b0 b1 b2 b3 b4 b5 b6 b7 b8 b9 ba bb bc bd be bf c0 c1 c2 c3 c4 c5 c6 c7 c8 c9 ca cb cc cd ce cf d0 d1 d2 d3 d4 d5 d6 d7 d8 d9 da db dc dd de df e0 e1 e2 e3 e4 e5 e6 e7 e8 e9 ea eb ec ed ee ef f0 f1 f2 f3 f4 f5 f6 f7 f8 f9 fa fb fc fd fe ff 
 0  1  2 db  4 c9 61 58  8 ae 45 dd c2 fd b0 5f 10 -- 8b -- 8a -- 6d ed 53 -- 2d -- b7 ee be  3 20 -- -- -- c1 35 -- 30 c3 fe -- -- da --  d -- a6 -- -- 33 5a -- -- 7d b9 d1  b 31 ab --  6 -- 40 -- -- -- -- -- -- -- 55 -- 6a -- -- -- 60 4f 51 -- 2b -- -- 87 -- 15 63 -- -- -- 1a -- -- -- 9b -- -- -- -- -- 66 -- b4 -- -- cf -- -- fa 46 a5 -- 75 -- 16 43 62 a9 81 79 -- 92  c -- -- -- 80 -- -- 65 -- -- -- -- -- -- -- 54 -- -- -- -- aa -- -- -- d4 -- -- 93 -- d0 -- -- c0 a1 9e ac a2 -- -- -- 56 bb -- 68 -- -- d9 -- -- -- 2a -- c6 -- -- -- -- -- -- 5b 34 b6 -- -- -- -- -- -- e1 a8 -- -- -- -- -- -- -- -- -- -- cc -- -- -- bf ca -- -- -- -- 49 d7 -- -- -- -- 23 -- 8c -- 9d -- -- -- ea 77 -- -- 2c 8f 86 eb c4 95 85 57 d5 -- f2 -- -- -- f3 83 18 f1 -- -- -- -- -- 7f 

solutions so far:0 maxDepth:9 
iterations:4248247  skipped: 34 
Depth skipped: 
0 0 34 0 0 0 0 0 0 0 0 0 0 0 0 0 0 0 0 0 0 0 0 0 0 0 0 0 0 0 0 0 

running time: 600 sec
 depth:7
 0  1  2  3  4  5  6  7  8  9  a  b  c  d  e  f 10 11 12 13 14 15 16 17 18 19 1a 1b 1c 1d 1e 1f 20 21 22 23 24 25 26 27 28 29 2a 2b 2c 2d 2e 2f 30 31 32 33 34 35 36 37 38 39 3a 3b 3c 3d 3e 3f 40 41 42 43 44 45 46 47 48 49 4a 4b 4c 4d 4e 4f 50 51 52 53 54 55 56 57 58 59 5a 5b 5c 5d 5e 5f 60 61 62 63 64 65 66 67 68 69 6a 6b 6c 6d 6e 6f 70 71 72 73 74 75 76 77 78 79 7a 7b 7c 7d 7e 7f 80 81 82 83 84 85 86 87 88 89 8a 8b 8c 8d 8e 8f 90 91 92 93 94 95 96 97 98 99 9a 9b 9c 9d 9e 9f a0 a1 a2 a3 a4 a5 a6 a7 a8 a9 aa ab ac ad ae af b0 b1 b2 b3 b4 b5 b6 b7 b8 b9 ba bb bc bd be bf c0 c1 c2 c3 c4 c5 c6 c7 c8 c9 ca cb cc cd ce cf d0 d1 d2 d3 d4 d5 d6 d7 d8 d9 da db dc dd de df e0 e1 e2 e3 e4 e5 e6 e7 e8 e9 ea eb ec ed ee ef f0 f1 f2 f3 f4 f5 f6 f7 f8 f9 fa fb fc fd fe ff 
 0  1  2 db  4 b1 61 30  8 a9 b5 fe c2 a2 60 c5 10 -- 85 -- bd -- 2b c1 53 -- 93 -- c0  3 5d bb 20 -- -- -- dd e3 -- 2d ad 88 -- -- 56 -- 55 -- a6 -- -- 33 f1 -- -- f5 57 c6  6 bc ba -- a1 -- 40 -- -- -- -- -- -- -- 6d -- 11 -- -- -- 5a 4f 8d -- c7 -- -- 87 -- 15 ac -- -- -- aa -- -- -- 9b -- -- -- -- -- 66 -- 35 -- -- 7e -- -- 3d f4 ae -- 5b --  c 43 af d4 a3 79 -- 2f 95 -- -- -- 80 -- -- 65 -- -- -- -- -- -- -- 54 -- -- -- -- da -- -- -- 22 -- -- 4d -- 75 -- -- b4 c3 9e b2 cd -- -- -- 59 8a -- d1 -- -- d9 -- -- -- 2a -- 8f -- -- -- -- -- -- c9 83 45 -- -- -- -- -- -- e1 a8 -- -- -- -- -- -- -- -- -- -- cc -- -- -- 6a ca -- -- -- -- fc d7 -- -- -- -- 7a -- 3f -- 8b -- -- -- b6 ea -- -- 18 b3 86 eb 89 51 7f bf 91 -- f2 -- -- -- 5e 63 fd 9a -- -- -- -- -- 44 

solutions so far:0 maxDepth:10 
iterations:6959423  skipped: 48 
Depth skipped: 
0 0 48 0 0 0 0 0 0 0 0 0 0 0 0 0 0 0 0 0 0 0 0 0 0 0 0 0 0 0 0 0 

running time: 900 sec
 depth:7
 0  1  2  3  4  5  6  7  8  9  a  b  c  d  e  f 10 11 12 13 14 15 16 17 18 19 1a 1b 1c 1d 1e 1f 20 21 22 23 24 25 26 27 28 29 2a 2b 2c 2d 2e 2f 30 31 32 33 34 35 36 37 38 39 3a 3b 3c 3d 3e 3f 40 41 42 43 44 45 46 47 48 49 4a 4b 4c 4d 4e 4f 50 51 52 53 54 55 56 57 58 59 5a 5b 5c 5d 5e 5f 60 61 62 63 64 65 66 67 68 69 6a 6b 6c 6d 6e 6f 70 71 72 73 74 75 76 77 78 79 7a 7b 7c 7d 7e 7f 80 81 82 83 84 85 86 87 88 89 8a 8b 8c 8d 8e 8f 90 91 92 93 94 95 96 97 98 99 9a 9b 9c 9d 9e 9f a0 a1 a2 a3 a4 a5 a6 a7 a8 a9 aa ab ac ad ae af b0 b1 b2 b3 b4 b5 b6 b7 b8 b9 ba bb bc bd be bf c0 c1 c2 c3 c4 c5 c6 c7 c8 c9 ca cb cc cd ce cf d0 d1 d2 d3 d4 d5 d6 d7 d8 d9 da db dc dd de df e0 e1 e2 e3 e4 e5 e6 e7 e8 e9 ea eb ec ed ee ef f0 f1 f2 f3 f4 f5 f6 f7 f8 f9 fa fb fc fd fe ff 
 0  1  2 db  4 9a 61 7c  8 c8 e3 e0 c2 74 f8 73 10 -- 47 -- 11 -- 17  9 53 -- e8 -- 27 72 e6 13 20 -- -- -- 8e b2 -- e7 22 bd -- -- 2e -- 12 -- a6 -- -- 33  7 -- -- d8 4e d3 e4 df 1b -- 26 -- 40 -- -- -- -- -- -- -- cb -- b3 -- -- -- 19 4f 44 -- ad -- -- 87 -- 15 5c -- -- -- 24 -- -- -- 9b -- -- -- -- -- 66 --  e -- -- fb -- -- 67 4b 9c -- 71 -- 1f 43 69 38 36 79 -- 42 4c -- -- -- 80 -- -- 65 -- -- -- -- -- -- -- 54 -- -- -- -- 41 -- -- -- b1 -- -- c7 -- f7 -- -- 32 1d 9e cd 88 -- -- -- 8d e5 -- 90 -- -- d9 -- -- -- 2a -- b8 -- -- -- -- -- -- a7 48 99 -- -- -- -- -- -- e1 a8 -- -- -- -- -- -- -- -- -- -- cc -- -- -- 1c ca -- -- -- -- 21 d7 -- -- -- -- ce -- 96 -- ef -- -- -- e2 39 -- -- 3e 4d 86 eb d2 3a 70 64 6c -- f2 -- -- -- 84 82 98 59 -- -- -- -- -- b5 

solutions so far:0 maxDepth:10 
iterations:9435858  skipped: 62 
Depth skipped: 
0 0 62 0 0 0 0 0 0 0 0 0 0 0 0 0 0 0 0 0 0 0 0 0 0 0 0 0 0 0 0 0 

running time: 1200 sec
 depth:7
 0  1  2  3  4  5  6  7  8  9  a  b  c  d  e  f 10 11 12 13 14 15 16 17 18 19 1a 1b 1c 1d 1e 1f 20 21 22 23 24 25 26 27 28 29 2a 2b 2c 2d 2e 2f 30 31 32 33 34 35 36 37 38 39 3a 3b 3c 3d 3e 3f 40 41 42 43 44 45 46 47 48 49 4a 4b 4c 4d 4e 4f 50 51 52 53 54 55 56 57 58 59 5a 5b 5c 5d 5e 5f 60 61 62 63 64 65 66 67 68 69 6a 6b 6c 6d 6e 6f 70 71 72 73 74 75 76 77 78 79 7a 7b 7c 7d 7e 7f 80 81 82 83 84 85 86 87 88 89 8a 8b 8c 8d 8e 8f 90 91 92 93 94 95 96 97 98 99 9a 9b 9c 9d 9e 9f a0 a1 a2 a3 a4 a5 a6 a7 a8 a9 aa ab ac ad ae af b0 b1 b2 b3 b4 b5 b6 b7 b8 b9 ba bb bc bd be bf c0 c1 c2 c3 c4 c5 c6 c7 c8 c9 ca cb cc cd ce cf d0 d1 d2 d3 d4 d5 d6 d7 d8 d9 da db dc dd de df e0 e1 e2 e3 e4 e5 e6 e7 e8 e9 ea eb ec ed ee ef f0 f1 f2 f3 f4 f5 f6 f7 f8 f9 fa fb fc fd fe ff 
 0  1  2 db  4 73 61 b9  8 2d e6 8f c2 6a a5 9c 10 -- 5a -- 1b -- c9 34 53 -- d4 -- 9d 2c ef 63 20 -- -- -- b4 4b -- bb 36 42 -- -- 45 -- 68 -- a6 -- -- 33 7f -- -- 48 ed dd 58 f8  9 -- c6 -- 40 -- -- -- -- -- -- -- bf -- 96 -- -- -- a1 4f 6c -- 84 -- -- 87 -- 15 8a -- -- -- d0 -- -- -- 9b -- -- -- -- -- 66 -- fe -- -- e4 -- -- 90 39  d -- 6d -- b0 43 27 56 12 79 -- 3e 5b -- -- -- 80 -- -- 65 -- -- -- -- -- -- -- 54 -- -- -- -- a9 -- -- -- fb -- -- 67 --  b -- -- 95 f1 9e 69 d8 -- -- -- df 93 -- ee -- -- d9 -- -- -- 2a -- c3 -- -- -- -- -- -- 51 77 a2 -- -- -- -- -- -- e1 a8 -- -- -- -- -- -- -- -- -- -- cc -- -- -- 2b ca -- -- -- -- 1f d7 -- -- -- -- f7 -- 72 -- 1a -- -- -- da 16 -- -- b7 d2 86 eb 4e 35 ac fd 24 -- f2 -- -- -- 7c 85 b6 ce -- -- -- -- -- 21 

solutions so far:0 maxDepth:10 
iterations:11424498  skipped: 92 
Depth skipped: 
0 0 92 0 0 0 0 0 0 0 0 0 0 0 0 0 0 0 0 0 0 0 0 0 0 0 0 0 0 0 0 0 

running time: 1500 sec
 depth:6
 0  1  2  3  4  5  6  7  8  9  a  b  c  d  e  f 10 11 12 13 14 15 16 17 18 19 1a 1b 1c 1d 1e 1f 20 21 22 23 24 25 26 27 28 29 2a 2b 2c 2d 2e 2f 30 31 32 33 34 35 36 37 38 39 3a 3b 3c 3d 3e 3f 40 41 42 43 44 45 46 47 48 49 4a 4b 4c 4d 4e 4f 50 51 52 53 54 55 56 57 58 59 5a 5b 5c 5d 5e 5f 60 61 62 63 64 65 66 67 68 69 6a 6b 6c 6d 6e 6f 70 71 72 73 74 75 76 77 78 79 7a 7b 7c 7d 7e 7f 80 81 82 83 84 85 86 87 88 89 8a 8b 8c 8d 8e 8f 90 91 92 93 94 95 96 97 98 99 9a 9b 9c 9d 9e 9f a0 a1 a2 a3 a4 a5 a6 a7 a8 a9 aa ab ac ad ae af b0 b1 b2 b3 b4 b5 b6 b7 b8 b9 ba bb bc bd be bf c0 c1 c2 c3 c4 c5 c6 c7 c8 c9 ca cb cc cd ce cf d0 d1 d2 d3 d4 d5 d6 d7 d8 d9 da db dc dd de df e0 e1 e2 e3 e4 e5 e6 e7 e8 e9 ea eb ec ed ee ef f0 f1 f2 f3 f4 f5 f6 f7 f8 f9 fa fb fc fd fe ff 
 0  1  2 db  4 58 61 f5  8 6d b0 62 c2 46 3d -- 10 -- da -- b7 -- c4 fc 53 -- 8c -- 7a 5d -- fd 20 -- -- -- 63 1a -- bf b9 77 -- -- 5f -- 2f -- a6 -- -- 33 cf -- -- -- f4 bb ba -- -- -- 2d -- 40 -- -- -- -- -- -- -- c6 -- 34 -- -- -- a9 4f a5 -- ee -- -- 87 -- 15 be -- -- -- 5e -- -- -- 9b -- -- -- -- -- 66 -- 49 -- -- -- -- -- -- -- 3f -- a1 -- a3 43 -- f3 -- 79 -- -- 5a -- -- -- 80 -- -- 65 -- -- -- -- -- -- -- 54 -- -- -- -- 5b -- -- -- 68 -- -- ed -- 89 -- -- 85 fa 9e 16 9d -- -- --  b 7d -- af -- -- d9 -- -- -- 2a -- ab -- -- -- -- -- -- 81 bc d5 -- -- -- -- -- -- e1 a8 -- -- -- -- -- -- -- -- -- -- cc -- -- -- 92 ca -- -- -- -- -- d7 -- -- -- -- -- -- -- -- 7e -- -- -- 95 c5 -- -- 91 2c 86 eb -- 23 31 dd -- -- f2 -- -- -- -- b6 b4  d -- -- -- -- -- d0 

solutions so far:0 maxDepth:10 
iterations:13972698  skipped: 107 
Depth skipped: 
0 0 107 0 0 0 0 0 0 0 0 0 0 0 0 0 0 0 0 0 0 0 0 0 0 0 0 0 0 0 0 0 

running time: 1800 sec
 depth:7
 0  1  2  3  4  5  6  7  8  9  a  b  c  d  e  f 10 11 12 13 14 15 16 17 18 19 1a 1b 1c 1d 1e 1f 20 21 22 23 24 25 26 27 28 29 2a 2b 2c 2d 2e 2f 30 31 32 33 34 35 36 37 38 39 3a 3b 3c 3d 3e 3f 40 41 42 43 44 45 46 47 48 49 4a 4b 4c 4d 4e 4f 50 51 52 53 54 55 56 57 58 59 5a 5b 5c 5d 5e 5f 60 61 62 63 64 65 66 67 68 69 6a 6b 6c 6d 6e 6f 70 71 72 73 74 75 76 77 78 79 7a 7b 7c 7d 7e 7f 80 81 82 83 84 85 86 87 88 89 8a 8b 8c 8d 8e 8f 90 91 92 93 94 95 96 97 98 99 9a 9b 9c 9d 9e 9f a0 a1 a2 a3 a4 a5 a6 a7 a8 a9 aa ab ac ad ae af b0 b1 b2 b3 b4 b5 b6 b7 b8 b9 ba bb bc bd be bf c0 c1 c2 c3 c4 c5 c6 c7 c8 c9 ca cb cc cd ce cf d0 d1 d2 d3 d4 d5 d6 d7 d8 d9 da db dc dd de df e0 e1 e2 e3 e4 e5 e6 e7 e8 e9 ea eb ec ed ee ef f0 f1 f2 f3 f4 f5 f6 f7 f8 f9 fa fb fc fd fe ff 
 0  1  2 db  4 39 61 c6  8 e6 72 ad c2 c7 5b c3 10 -- 1b -- e4 -- 8d fd 53 -- 59 -- b6 dd 51 fb 20 -- -- -- 36 4e -- df 1f 12 -- -- cd -- 2d -- a6 -- -- 33 b2 -- -- 35 bb ce 6d c9 a2 -- 21 -- 40 -- -- -- -- -- -- -- 6c -- 9c -- -- -- 69 4f 3e -- 24 -- -- 87 -- 15 4d -- -- -- 5a -- -- -- 9b -- -- -- -- -- 66 -- b3 -- -- 2b -- -- 6a 7f a1 -- 4b -- da 43 45 b5 93 79 -- ac 42 -- -- -- 80 -- -- 65 -- -- -- -- -- -- -- 54 -- -- -- -- d8 -- -- -- ef -- -- f8 -- a9 -- -- d2 44 9e 90 7c -- -- -- 48 22 -- bf -- -- d9 -- -- -- 2a -- 9a -- -- -- -- -- -- e3 b4 11 -- -- -- -- -- -- e1 a8 -- -- -- -- -- -- -- -- -- -- cc -- -- -- b1 ca -- -- -- -- 56 d7 -- -- -- -- d4 -- fe -- 95 -- -- -- 96 85 -- -- 63 f7 86 eb 8a 88 bd 73 f1 -- f2 -- -- -- 8f 67 84 27 -- -- -- -- --  9 

solutions so far:0 maxDepth:10 
iterations:16892329  skipped: 126 
Depth skipped: 
0 0 126 0 0 0 0 0 0 0 0 0 0 0 0 0 0 0 0 0 0 0 0 0 0 0 0 0 0 0 0 0 

running time: 2100 sec
 depth:7
 0  1  2  3  4  5  6  7  8  9  a  b  c  d  e  f 10 11 12 13 14 15 16 17 18 19 1a 1b 1c 1d 1e 1f 20 21 22 23 24 25 26 27 28 29 2a 2b 2c 2d 2e 2f 30 31 32 33 34 35 36 37 38 39 3a 3b 3c 3d 3e 3f 40 41 42 43 44 45 46 47 48 49 4a 4b 4c 4d 4e 4f 50 51 52 53 54 55 56 57 58 59 5a 5b 5c 5d 5e 5f 60 61 62 63 64 65 66 67 68 69 6a 6b 6c 6d 6e 6f 70 71 72 73 74 75 76 77 78 79 7a 7b 7c 7d 7e 7f 80 81 82 83 84 85 86 87 88 89 8a 8b 8c 8d 8e 8f 90 91 92 93 94 95 96 97 98 99 9a 9b 9c 9d 9e 9f a0 a1 a2 a3 a4 a5 a6 a7 a8 a9 aa ab ac ad ae af b0 b1 b2 b3 b4 b5 b6 b7 b8 b9 ba bb bc bd be bf c0 c1 c2 c3 c4 c5 c6 c7 c8 c9 ca cb cc cd ce cf d0 d1 d2 d3 d4 d5 d6 d7 d8 d9 da db dc dd de df e0 e1 e2 e3 e4 e5 e6 e7 e8 e9 ea eb ec ed ee ef f0 f1 f2 f3 f4 f5 f6 f7 f8 f9 fa fb fc fd fe ff 
 0  1  2 db  4 17 61 52  8 32 2e 9a c2 b1 a4 a9 10 -- 64 -- 5c -- e3 14 53 -- b5 -- 9f 4a 85 71 20 -- -- -- c8 3a -- 4c b8  e -- -- 11 -- 28 -- a6 -- -- 33 bd -- -- 63 e9 41 94 5a dd -- e2 -- 40 -- -- -- -- -- -- -- 47 -- 74 -- -- -- 98 4f a7 -- 1c -- -- 87 -- 15 22 -- -- -- 50 -- -- -- 9b -- -- -- -- -- 66 -- ad -- -- a1 -- -- c6 b6  5 -- 82 -- ff 43 b4 cd 6d 79 -- fd 13 -- -- -- 80 -- -- 65 -- -- -- -- -- -- -- 54 -- -- -- -- 8e -- -- -- e8 -- -- e5 -- f9 -- -- e7 b2 9e 70 99 -- -- -- 38 59 -- 97 -- -- d9 -- -- -- 2a -- 44 -- -- -- -- -- -- 88 a0 c7 -- -- -- -- -- -- e1 a8 -- -- -- -- -- -- -- -- -- -- cc -- -- -- 8d ca -- -- -- -- 95 d7 -- -- -- -- 5b -- bb --  a -- -- -- d3 25 -- -- 29 e0 86 eb bf b3 4d 19 da -- f2 -- -- -- 2d cb 26 1d -- -- -- -- --  7 

solutions so far:0 maxDepth:10 
iterations:19405604  skipped: 153 
Depth skipped: 
0 0 153 0 0 0 0 0 0 0 0 0 0 0 0 0 0 0 0 0 0 0 0 0 0 0 0 0 0 0 0 0 

running time: 2400 sec

Finished. Total running time: 2615 sec
