Search S-boxes invariant for matrix: 
{0x00,0x02,0x04,0x06,0x08,0x0a,0x0c,0x0e,0x10,0x12,0x14,0x16,0x18,0x1a,0x1c,0x1e,0x20,0x22,0x24,0x26,0x28,0x2a,0x2c,0x2e,0x30,0x32,0x34,0x36,0x38,0x3a,0x3c,0x3e,0x40,0x42,0x44,0x46,0x48,0x4a,0x4c,0x4e,0x50,0x52,0x54,0x56,0x58,0x5a,0x5c,0x5e,0x60,0x62,0x64,0x66,0x68,0x6a,0x6c,0x6e,0x70,0x72,0x74,0x76,0x78,0x7a,0x7c,0x7e,0x80,0x82,0x84,0x86,0x88,0x8a,0x8c,0x8e,0x90,0x92,0x94,0x96,0x98,0x9a,0x9c,0x9e,0xa0,0xa2,0xa4,0xa6,0xa8,0xaa,0xac,0xae,0xb0,0xb2,0xb4,0xb6,0xb8,0xba,0xbc,0xbe,0xc0,0xc2,0xc4,0xc6,0xc8,0xca,0xcc,0xce,0xd0,0xd2,0xd4,0xd6,0xd8,0xda,0xdc,0xde,0xe0,0xe2,0xe4,0xe6,0xe8,0xea,0xec,0xee,0xf0,0xf2,0xf4,0xf6,0xf8,0xfa,0xfc,0xfe,0xd7,0xd5,0xd3,0xd1,0xdf,0xdd,0xdb,0xd9,0xc7,0xc5,0xc3,0xc1,0xcf,0xcd,0xcb,0xc9,0xf7,0xf5,0xf3,0xf1,0xff,0xfd,0xfb,0xf9,0xe7,0xe5,0xe3,0xe1,0xef,0xed,0xeb,0xe9,0x97,0x95,0x93,0x91,0x9f,0x9d,0x9b,0x99,0x87,0x85,0x83,0x81,0x8f,0x8d,0x8b,0x89,0xb7,0xb5,0xb3,0xb1,0xbf,0xbd,0xbb,0xb9,0xa7,0xa5,0xa3,0xa1,0xaf,0xad,0xab,0xa9,0x57,0x55,0x53,0x51,0x5f,0x5d,0x5b,0x59,0x47,0x45,0x43,0x41,0x4f,0x4d,0x4b,0x49,0x77,0x75,0x73,0x71,0x7f,0x7d,0x7b,0x79,0x67,0x65,0x63,0x61,0x6f,0x6d,0x6b,0x69,0x17,0x15,0x13,0x11,0x1f,0x1d,0x1b,0x19,0x07,0x05,0x03,0x01,0x0f,0x0d,0x0b,0x09,0x37,0x35,0x33,0x31,0x3f,0x3d,0x3b,0x39,0x27,0x25,0x23,0x21,0x2f,0x2d,0x2b,0x29};



 depth:8
 0  1  2  3  4  5  6  7  8  9  a  b  c  d  e  f 10 11 12 13 14 15 16 17 18 19 1a 1b 1c 1d 1e 1f 20 21 22 23 24 25 26 27 28 29 2a 2b 2c 2d 2e 2f 30 31 32 33 34 35 36 37 38 39 3a 3b 3c 3d 3e 3f 40 41 42 43 44 45 46 47 48 49 4a 4b 4c 4d 4e 4f 50 51 52 53 54 55 56 57 58 59 5a 5b 5c 5d 5e 5f 60 61 62 63 64 65 66 67 68 69 6a 6b 6c 6d 6e 6f 70 71 72 73 74 75 76 77 78 79 7a 7b 7c 7d 7e 7f 80 81 82 83 84 85 86 87 88 89 8a 8b 8c 8d 8e 8f 90 91 92 93 94 95 96 97 98 99 9a 9b 9c 9d 9e 9f a0 a1 a2 a3 a4 a5 a6 a7 a8 a9 aa ab ac ad ae af b0 b1 b2 b3 b4 b5 b6 b7 b8 b9 ba bb bc bd be bf c0 c1 c2 c3 c4 c5 c6 c7 c8 c9 ca cb cc cd ce cf d0 d1 d2 d3 d4 d5 d6 d7 d8 d9 da db dc dd de df e0 e1 e2 e3 e4 e5 e6 e7 e8 e9 ea eb ec ed ee ef f0 f1 f2 f3 f4 f5 f6 f7 f8 f9 fa fb fc fd fe ff 
 0  1  2 d6  4 ea 7b  a  8 5d  3 e4 f6 12 14 69 10 cf ba --  6 -- 1f f9 3b -- 24 -- 28 a4 d2 7e 20 -- 49 -- a3 57 -- bc  c 55 -- -- 3e -- 25 -- 76 -- -- 33 48 -- -- 36 50 7a 9f 42 73 -- fc -- 40 -- -- -- 92 -- -- -- 91 -- ae -- -- 23 af 4f 18 -- aa -- -- 37 -- 1e 7c 62 -- -- 4a -- -- -- ec -- -- -- -- -- 66 -- 90 -- -- 4b -- -- 6c 67 a0 -- f4 -- e9 de 84 39 e6 79 -- fb 2f -- -- -- 80 -- -- dc -- -- -- -- f3 -- -- 78 -- 7d -- -- f5 -- -- -- 8b -- -- 60 -- 29 46 -- 89 ef 9e d1 30 -- -- -- 83 9c -- ff -- -- 6e -- -- d5 3c -- f8 be c4 5f -- ab -- 27 94 4e -- -- -- 81 -- --  f f0 -- -- -- -- -- 31 -- -- -- -- cc fa -- -- f7 6f -- -- -- -- 96 d7 -- -- -- -- d8 -- ce -- 97 -- -- 8c 3f 52 -- --  5 75 6b eb df  9 72 c5 1b -- f2 -- -- -- 21 3d 5e c0 -- -- -- -- -- c1 

solutions so far:0 maxDepth:9 
iterations:1956908  skipped: 10 
Depth skipped: 
0 0 10 0 0 0 0 0 0 0 0 0 0 0 0 0 0 0 0 0 0 0 0 0 0 0 0 0 0 0 0 0 

running time: 300 sec
 depth:7
 0  1  2  3  4  5  6  7  8  9  a  b  c  d  e  f 10 11 12 13 14 15 16 17 18 19 1a 1b 1c 1d 1e 1f 20 21 22 23 24 25 26 27 28 29 2a 2b 2c 2d 2e 2f 30 31 32 33 34 35 36 37 38 39 3a 3b 3c 3d 3e 3f 40 41 42 43 44 45 46 47 48 49 4a 4b 4c 4d 4e 4f 50 51 52 53 54 55 56 57 58 59 5a 5b 5c 5d 5e 5f 60 61 62 63 64 65 66 67 68 69 6a 6b 6c 6d 6e 6f 70 71 72 73 74 75 76 77 78 79 7a 7b 7c 7d 7e 7f 80 81 82 83 84 85 86 87 88 89 8a 8b 8c 8d 8e 8f 90 91 92 93 94 95 96 97 98 99 9a 9b 9c 9d 9e 9f a0 a1 a2 a3 a4 a5 a6 a7 a8 a9 aa ab ac ad ae af b0 b1 b2 b3 b4 b5 b6 b7 b8 b9 ba bb bc bd be bf c0 c1 c2 c3 c4 c5 c6 c7 c8 c9 ca cb cc cd ce cf d0 d1 d2 d3 d4 d5 d6 d7 d8 d9 da db dc dd de df e0 e1 e2 e3 e4 e5 e6 e7 e8 e9 ea eb ec ed ee ef f0 f1 f2 f3 f4 f5 f6 f7 f8 f9 fa fb fc fd fe ff 
 0  1  2 d6  4 cb 7b 6a  8 39 41 1a f6 b0 d4 fa 10 -- 72 -- 82 -- 34 ac 3b -- b7 -- 7f a2 23 9c 20 -- -- -- e4 4c -- 24 d3 32 -- -- 68 -- 8f -- 76 -- -- 33 b9 -- -- 49 fe f8 93 81 46 -- ef -- 40 -- -- -- -- -- -- -- 1f -- 98 -- -- -- 48 4f 71 -- 64 -- -- 37 -- 1e d0 -- -- -- c9 -- -- -- ec -- -- -- -- -- 66 -- a5 -- -- c4 -- -- 92 31 2b -- 27 -- f1 de d5 ed 8c 79 -- be  9 -- -- -- 80 -- -- dc -- -- -- -- -- -- -- 78 -- -- -- -- 3e -- -- -- e7 -- -- 13 -- c3 -- -- 90 2c 9e 47 e2 -- -- -- c8 16 -- 8a -- -- 6e -- -- -- 3c -- 77 -- -- -- -- -- -- ee 45  b -- -- -- -- -- --  f f0 -- -- -- -- -- -- -- -- -- -- cc -- -- -- 9d 6f -- -- -- -- 5f d7 -- -- -- -- f3 -- 62 -- 56 -- -- -- 4e 51 -- -- 35 8e 6b eb 7d 58  d f7 cf -- f2 -- -- -- ab 7c 12 26 -- -- -- -- -- 19 

solutions so far:0 maxDepth:9 
iterations:4381071  skipped: 27 
Depth skipped: 
0 0 27 0 0 0 0 0 0 0 0 0 0 0 0 0 0 0 0 0 0 0 0 0 0 0 0 0 0 0 0 0 

running time: 600 sec
 depth:7
 0  1  2  3  4  5  6  7  8  9  a  b  c  d  e  f 10 11 12 13 14 15 16 17 18 19 1a 1b 1c 1d 1e 1f 20 21 22 23 24 25 26 27 28 29 2a 2b 2c 2d 2e 2f 30 31 32 33 34 35 36 37 38 39 3a 3b 3c 3d 3e 3f 40 41 42 43 44 45 46 47 48 49 4a 4b 4c 4d 4e 4f 50 51 52 53 54 55 56 57 58 59 5a 5b 5c 5d 5e 5f 60 61 62 63 64 65 66 67 68 69 6a 6b 6c 6d 6e 6f 70 71 72 73 74 75 76 77 78 79 7a 7b 7c 7d 7e 7f 80 81 82 83 84 85 86 87 88 89 8a 8b 8c 8d 8e 8f 90 91 92 93 94 95 96 97 98 99 9a 9b 9c 9d 9e 9f a0 a1 a2 a3 a4 a5 a6 a7 a8 a9 aa ab ac ad ae af b0 b1 b2 b3 b4 b5 b6 b7 b8 b9 ba bb bc bd be bf c0 c1 c2 c3 c4 c5 c6 c7 c8 c9 ca cb cc cd ce cf d0 d1 d2 d3 d4 d5 d6 d7 d8 d9 da db dc dd de df e0 e1 e2 e3 e4 e5 e6 e7 e8 e9 ea eb ec ed ee ef f0 f1 f2 f3 f4 f5 f6 f7 f8 f9 fa fb fc fd fe ff 
 0  1  2 d6  4 b0 7b 59  8 e7 b7 7d f6 62 b2  a 10 -- 19 -- b9 -- fa ad 3b -- c4 -- b3 22 14 82 20 -- -- -- 32 34 -- 13 a5 ee -- -- 23 -- 8d -- 76 -- -- 33 5f -- -- 97 b1 8e 44 9f 28 -- d3 -- 40 -- -- -- -- -- -- -- 64 -- 68 -- -- -- 26 4f 9d --  b -- -- 37 -- 1e 46 -- -- -- cd -- -- -- ec -- -- -- -- -- 66 -- be -- -- ff -- -- f9 4a b5 -- cb -- 88 de e9 81 50 79 -- 52 71 -- -- -- 80 -- -- dc -- -- -- -- -- -- -- 78 -- -- -- -- c8 -- -- -- d0 -- --  d -- e3 -- -- 4c f3 9e 2c ed -- -- -- 16 92 -- 9a -- -- 6e -- -- -- 3c -- 8c -- -- -- -- -- -- cf 4d 49 -- -- -- -- -- --  f f0 -- -- -- -- -- -- -- -- -- -- cc -- -- -- ab 6f -- -- -- -- 29 d7 -- -- -- -- 25 -- 94 -- bd -- -- -- 41 11 -- -- c7 58 6b eb  5 31 d5 98 a0 -- f2 -- -- -- a4 47 e2 1a -- -- -- -- -- 77 

solutions so far:0 maxDepth:9 
iterations:6270065  skipped: 50 
Depth skipped: 
0 0 50 0 0 0 0 0 0 0 0 0 0 0 0 0 0 0 0 0 0 0 0 0 0 0 0 0 0 0 0 0 

running time: 900 sec
 depth:6
 0  1  2  3  4  5  6  7  8  9  a  b  c  d  e  f 10 11 12 13 14 15 16 17 18 19 1a 1b 1c 1d 1e 1f 20 21 22 23 24 25 26 27 28 29 2a 2b 2c 2d 2e 2f 30 31 32 33 34 35 36 37 38 39 3a 3b 3c 3d 3e 3f 40 41 42 43 44 45 46 47 48 49 4a 4b 4c 4d 4e 4f 50 51 52 53 54 55 56 57 58 59 5a 5b 5c 5d 5e 5f 60 61 62 63 64 65 66 67 68 69 6a 6b 6c 6d 6e 6f 70 71 72 73 74 75 76 77 78 79 7a 7b 7c 7d 7e 7f 80 81 82 83 84 85 86 87 88 89 8a 8b 8c 8d 8e 8f 90 91 92 93 94 95 96 97 98 99 9a 9b 9c 9d 9e 9f a0 a1 a2 a3 a4 a5 a6 a7 a8 a9 aa ab ac ad ae af b0 b1 b2 b3 b4 b5 b6 b7 b8 b9 ba bb bc bd be bf c0 c1 c2 c3 c4 c5 c6 c7 c8 c9 ca cb cc cd ce cf d0 d1 d2 d3 d4 d5 d6 d7 d8 d9 da db dc dd de df e0 e1 e2 e3 e4 e5 e6 e7 e8 e9 ea eb ec ed ee ef f0 f1 f2 f3 f4 f5 f6 f7 f8 f9 fa fb fc fd fe ff 
 0  1  2 d6  4 9d 7b 67  8 f1 ed 1d f6 17 ce -- 10 -- 35 --  d -- 3a 42 3b -- 2e -- 4b 1b -- 8f 20 -- -- -- 6a ee -- c3 1a 58 -- -- 74 -- 84 -- 76 -- -- 33 5c -- -- -- 96 2b 36 -- -- -- c9 -- 40 -- -- -- -- -- -- -- d4 --  b -- -- -- 51 4f 34 -- b0 -- -- 37 -- 1e e8 -- -- -- df -- -- -- ec -- -- -- -- -- 66 -- b8 -- -- -- -- -- -- -- fb -- 56 -- 6c de -- 99 -- 79 -- -- 45 -- -- -- 80 -- -- dc -- -- -- -- -- -- -- 78 -- -- -- -- 7f -- -- -- 16 -- -- d0 -- 73 -- -- a2 70 9e b9 68 -- -- -- b7 38 -- d2 -- -- 6e -- -- -- 3c --  7 -- -- -- -- -- --  e 69 1c -- -- -- -- -- --  f f0 -- -- -- -- -- -- -- -- -- -- cc -- -- -- a7 6f -- -- -- -- -- d7 -- -- -- -- -- -- -- -- 21 -- -- -- ac e6 -- -- d8 a5 6b eb -- e0 e5 93 -- -- f2 -- -- -- -- fe 8a 77 -- -- -- -- -- 2c 

solutions so far:0 maxDepth:9 
iterations:9041266  skipped: 62 
Depth skipped: 
0 0 62 0 0 0 0 0 0 0 0 0 0 0 0 0 0 0 0 0 0 0 0 0 0 0 0 0 0 0 0 0 

running time: 1200 sec
 depth:6
 0  1  2  3  4  5  6  7  8  9  a  b  c  d  e  f 10 11 12 13 14 15 16 17 18 19 1a 1b 1c 1d 1e 1f 20 21 22 23 24 25 26 27 28 29 2a 2b 2c 2d 2e 2f 30 31 32 33 34 35 36 37 38 39 3a 3b 3c 3d 3e 3f 40 41 42 43 44 45 46 47 48 49 4a 4b 4c 4d 4e 4f 50 51 52 53 54 55 56 57 58 59 5a 5b 5c 5d 5e 5f 60 61 62 63 64 65 66 67 68 69 6a 6b 6c 6d 6e 6f 70 71 72 73 74 75 76 77 78 79 7a 7b 7c 7d 7e 7f 80 81 82 83 84 85 86 87 88 89 8a 8b 8c 8d 8e 8f 90 91 92 93 94 95 96 97 98 99 9a 9b 9c 9d 9e 9f a0 a1 a2 a3 a4 a5 a6 a7 a8 a9 aa ab ac ad ae af b0 b1 b2 b3 b4 b5 b6 b7 b8 b9 ba bb bc bd be bf c0 c1 c2 c3 c4 c5 c6 c7 c8 c9 ca cb cc cd ce cf d0 d1 d2 d3 d4 d5 d6 d7 d8 d9 da db dc dd de df e0 e1 e2 e3 e4 e5 e6 e7 e8 e9 ea eb ec ed ee ef f0 f1 f2 f3 f4 f5 f6 f7 f8 f9 fa fb fc fd fe ff 
 0  1  2 d6  4 8a 7b 82  8 f5 c3 c0 f6 ea d3 -- 10 -- 3d -- 51 -- 57 4c 3b --  3 -- 71 47 -- bc 20 -- -- -- 7a d4 -- 5d a2 56 -- -- ae -- 98 -- 76 -- -- 33  6 -- -- -- e2 fc 8e -- -- -- af -- 40 -- -- -- -- -- -- -- f4 -- 7f -- -- -- ba 4f 93 -- ac -- -- 37 -- 1e 8b -- -- -- e7 -- -- -- ec -- -- -- -- -- 66 --  c -- -- -- -- -- -- -- 13 -- 2f -- cb de -- 30 -- 79 -- -- 89 -- -- -- 80 -- -- dc -- -- -- -- -- -- -- 78 -- -- -- -- 3f -- -- -- fe -- -- 35 -- 64 -- -- a3 d1 9e c9 f1 -- -- -- 8f 83 -- 32 -- -- 6e -- -- -- 3c -- c1 -- -- -- -- -- -- 55 19 aa -- -- -- -- -- --  f f0 -- -- -- -- -- -- -- -- -- -- cc -- -- -- 18 6f -- -- -- -- -- d7 -- -- -- -- -- -- -- -- 26 -- -- -- 5e c8 -- -- 41 45 6b eb -- 75 60 91 -- -- f2 -- -- -- -- 7e c5 6a -- -- -- -- -- 2b 

solutions so far:0 maxDepth:10 
iterations:11197668  skipped: 75 
Depth skipped: 
0 0 75 0 0 0 0 0 0 0 0 0 0 0 0 0 0 0 0 0 0 0 0 0 0 0 0 0 0 0 0 0 

running time: 1500 sec
 depth:7
 0  1  2  3  4  5  6  7  8  9  a  b  c  d  e  f 10 11 12 13 14 15 16 17 18 19 1a 1b 1c 1d 1e 1f 20 21 22 23 24 25 26 27 28 29 2a 2b 2c 2d 2e 2f 30 31 32 33 34 35 36 37 38 39 3a 3b 3c 3d 3e 3f 40 41 42 43 44 45 46 47 48 49 4a 4b 4c 4d 4e 4f 50 51 52 53 54 55 56 57 58 59 5a 5b 5c 5d 5e 5f 60 61 62 63 64 65 66 67 68 69 6a 6b 6c 6d 6e 6f 70 71 72 73 74 75 76 77 78 79 7a 7b 7c 7d 7e 7f 80 81 82 83 84 85 86 87 88 89 8a 8b 8c 8d 8e 8f 90 91 92 93 94 95 96 97 98 99 9a 9b 9c 9d 9e 9f a0 a1 a2 a3 a4 a5 a6 a7 a8 a9 aa ab ac ad ae af b0 b1 b2 b3 b4 b5 b6 b7 b8 b9 ba bb bc bd be bf c0 c1 c2 c3 c4 c5 c6 c7 c8 c9 ca cb cc cd ce cf d0 d1 d2 d3 d4 d5 d6 d7 d8 d9 da db dc dd de df e0 e1 e2 e3 e4 e5 e6 e7 e8 e9 ea eb ec ed ee ef f0 f1 f2 f3 f4 f5 f6 f7 f8 f9 fa fb fc fd fe ff 
 0  1  2 d6  4 70 7b fe  8 4d e0 57 f6  3 2b b9 10 -- 9a -- 17 -- ae 45 3b --  6 -- 56 35 a5 b2 20 -- -- -- e3 e5 -- bd 2e e8 -- -- 8b -- 8a -- 76 -- -- 33  c -- -- 1a ac 88 6a 58 9d -- b3 -- 40 -- -- -- -- -- -- -- 11 -- 1d -- -- -- ad 4f 5c --  7 -- -- 37 -- 1e c1 -- -- -- c3 -- -- -- ec -- -- -- -- -- 66 -- 18 -- -- ee -- -- 34 d0 8f -- c7 -- d4 de b0 60 ed 79 -- 16 b1 -- -- -- 80 -- -- dc -- -- -- -- -- -- -- 78 -- -- -- -- 22 -- -- -- 3a -- -- a7 -- 93 -- -- 8d 75 9e 1c b8 -- -- --  e d1 -- a2 -- -- 6e -- -- -- 3c -- 55 -- -- -- -- -- -- aa 51 83 -- -- -- -- -- --  f f0 -- -- -- -- -- -- -- -- -- -- cc -- -- -- 30 6f -- -- -- --  b d7 -- -- -- -- 68 -- 77 -- c9 -- -- -- 59 f1 -- -- 7f 38 6b eb b7 ea c0 cd  d -- f2 -- -- -- 2c 44 b5 99 -- -- -- -- -- 74 

solutions so far:0 maxDepth:10 
iterations:13530512  skipped: 91 
Depth skipped: 
0 0 91 0 0 0 0 0 0 0 0 0 0 0 0 0 0 0 0 0 0 0 0 0 0 0 0 0 0 0 0 0 

running time: 1800 sec
 depth:7
 0  1  2  3  4  5  6  7  8  9  a  b  c  d  e  f 10 11 12 13 14 15 16 17 18 19 1a 1b 1c 1d 1e 1f 20 21 22 23 24 25 26 27 28 29 2a 2b 2c 2d 2e 2f 30 31 32 33 34 35 36 37 38 39 3a 3b 3c 3d 3e 3f 40 41 42 43 44 45 46 47 48 49 4a 4b 4c 4d 4e 4f 50 51 52 53 54 55 56 57 58 59 5a 5b 5c 5d 5e 5f 60 61 62 63 64 65 66 67 68 69 6a 6b 6c 6d 6e 6f 70 71 72 73 74 75 76 77 78 79 7a 7b 7c 7d 7e 7f 80 81 82 83 84 85 86 87 88 89 8a 8b 8c 8d 8e 8f 90 91 92 93 94 95 96 97 98 99 9a 9b 9c 9d 9e 9f a0 a1 a2 a3 a4 a5 a6 a7 a8 a9 aa ab ac ad ae af b0 b1 b2 b3 b4 b5 b6 b7 b8 b9 ba bb bc bd be bf c0 c1 c2 c3 c4 c5 c6 c7 c8 c9 ca cb cc cd ce cf d0 d1 d2 d3 d4 d5 d6 d7 d8 d9 da db dc dd de df e0 e1 e2 e3 e4 e5 e6 e7 e8 e9 ea eb ec ed ee ef f0 f1 f2 f3 f4 f5 f6 f7 f8 f9 fa fb fc fd fe ff 
 0  1  2 d6  4 46 7b bf  8 84 8c 11 f6 bd a9 4e 10 -- df -- cf -- 22 63 3b -- ad -- 85 fd 9c d8 20 -- -- -- 69 c4 -- 96 49 81 -- -- 44 -- c6 -- 76 -- -- 33 8d -- -- 24 dd 1b 2d 7c ef -- 67 -- 40 -- -- -- -- -- -- -- d2 -- 5f -- -- -- fb 4f 92 -- d5 -- -- 37 -- 1e 88 -- -- -- 5b -- -- -- ec -- -- -- -- -- 66 -- cd -- -- 72 -- -- 48 f7 6d -- 36 -- 5a de f8 9a  9 79 -- 1f ce -- -- -- 80 -- -- dc -- -- -- -- -- -- -- 78 -- -- -- -- 73 -- -- -- be -- -- 31 -- a1 -- -- 21 b1 9e fa f3 -- -- -- 7d b3 -- bb -- -- 6e -- -- -- 3c -- c7 -- -- -- -- -- -- 59 b6 b2 -- -- -- -- -- --  f f0 -- -- -- -- -- -- -- -- -- -- cc -- -- -- 4d 6f -- -- -- -- e4 d7 -- -- -- -- 90 -- 39 -- da -- -- -- 6c 95 -- -- b4 23 6b eb 27 b5 e3 42 12 -- f2 -- -- -- 3e e6 4b 62 -- -- -- -- -- ab 

solutions so far:0 maxDepth:10 
iterations:16419632  skipped: 119 
Depth skipped: 
0 0 119 0 0 0 0 0 0 0 0 0 0 0 0 0 0 0 0 0 0 0 0 0 0 0 0 0 0 0 0 0 

running time: 2100 sec
 depth:6
 0  1  2  3  4  5  6  7  8  9  a  b  c  d  e  f 10 11 12 13 14 15 16 17 18 19 1a 1b 1c 1d 1e 1f 20 21 22 23 24 25 26 27 28 29 2a 2b 2c 2d 2e 2f 30 31 32 33 34 35 36 37 38 39 3a 3b 3c 3d 3e 3f 40 41 42 43 44 45 46 47 48 49 4a 4b 4c 4d 4e 4f 50 51 52 53 54 55 56 57 58 59 5a 5b 5c 5d 5e 5f 60 61 62 63 64 65 66 67 68 69 6a 6b 6c 6d 6e 6f 70 71 72 73 74 75 76 77 78 79 7a 7b 7c 7d 7e 7f 80 81 82 83 84 85 86 87 88 89 8a 8b 8c 8d 8e 8f 90 91 92 93 94 95 96 97 98 99 9a 9b 9c 9d 9e 9f a0 a1 a2 a3 a4 a5 a6 a7 a8 a9 aa ab ac ad ae af b0 b1 b2 b3 b4 b5 b6 b7 b8 b9 ba bb bc bd be bf c0 c1 c2 c3 c4 c5 c6 c7 c8 c9 ca cb cc cd ce cf d0 d1 d2 d3 d4 d5 d6 d7 d8 d9 da db dc dd de df e0 e1 e2 e3 e4 e5 e6 e7 e8 e9 ea eb ec ed ee ef f0 f1 f2 f3 f4 f5 f6 f7 f8 f9 fa fb fc fd fe ff 
 0  1  2 d6  4 26 7b b5  8 dd 4c 1d f6 17 bd -- 10 -- 6d -- 98 -- 3a 9a 3b -- 2e -- ad 59 -- 95 20 -- -- -- da 47 -- b4 e7 82 -- -- 74 -- e3 -- 76 -- -- 33 5c -- -- -- 8d b6 b2 -- -- -- fd -- 40 -- -- -- -- -- -- -- 63 -- 8e -- -- -- bf 4f 19 -- d3 -- -- 37 -- 1e e8 -- -- -- 11 -- -- -- ec -- -- -- -- -- 66 -- b8 -- -- -- -- -- -- -- cd -- bb -- b3 de -- 99 -- 79 -- -- 2d -- -- -- 80 -- -- dc -- -- -- -- -- -- -- 78 -- -- -- -- c6 -- -- -- cb -- -- 64 -- 88 -- -- a9 70 9e e2 32 -- -- -- 71 38 -- 44 -- -- 6e -- -- -- 3c --  7 -- -- -- -- -- --  e 22 1c -- -- -- -- -- --  f f0 -- -- -- -- -- -- -- -- -- -- cc -- -- -- a7 6f -- -- -- -- -- d7 -- -- -- -- -- -- -- -- 4d -- -- -- a1 c7 -- -- b1 13 6b eb -- e0 e5 85 -- -- f2 -- -- -- -- 5b 5a c8 -- -- -- -- -- 41 

solutions so far:0 maxDepth:10 
iterations:19258609  skipped: 138 
Depth skipped: 
0 0 138 0 0 0 0 0 0 0 0 0 0 0 0 0 0 0 0 0 0 0 0 0 0 0 0 0 0 0 0 0 

running time: 2400 sec
 depth:7
 0  1  2  3  4  5  6  7  8  9  a  b  c  d  e  f 10 11 12 13 14 15 16 17 18 19 1a 1b 1c 1d 1e 1f 20 21 22 23 24 25 26 27 28 29 2a 2b 2c 2d 2e 2f 30 31 32 33 34 35 36 37 38 39 3a 3b 3c 3d 3e 3f 40 41 42 43 44 45 46 47 48 49 4a 4b 4c 4d 4e 4f 50 51 52 53 54 55 56 57 58 59 5a 5b 5c 5d 5e 5f 60 61 62 63 64 65 66 67 68 69 6a 6b 6c 6d 6e 6f 70 71 72 73 74 75 76 77 78 79 7a 7b 7c 7d 7e 7f 80 81 82 83 84 85 86 87 88 89 8a 8b 8c 8d 8e 8f 90 91 92 93 94 95 96 97 98 99 9a 9b 9c 9d 9e 9f a0 a1 a2 a3 a4 a5 a6 a7 a8 a9 aa ab ac ad ae af b0 b1 b2 b3 b4 b5 b6 b7 b8 b9 ba bb bc bd be bf c0 c1 c2 c3 c4 c5 c6 c7 c8 c9 ca cb cc cd ce cf d0 d1 d2 d3 d4 d5 d6 d7 d8 d9 da db dc dd de df e0 e1 e2 e3 e4 e5 e6 e7 e8 e9 ea eb ec ed ee ef f0 f1 f2 f3 f4 f5 f6 f7 f8 f9 fa fb fc fd fe ff 
 0  1  2 d6  4  7 7b e9  8 53  e e6 f6 21  5 d3 10 -- a6 -- 1c -- 1b a0 3b -- 42 --  a 29 71 d9 20 -- -- -- 9b 5c -- 86 38 e5 -- -- 36 -- 97 -- 76 -- -- 33 84 -- -- 4c 14 54 52 cb e2 -- 65 -- 40 -- -- -- -- -- -- -- e1 -- b8 -- -- -- db 4f 70 -- 1d -- -- 37 -- 1e 6c -- -- -- f9 -- -- -- ec -- -- -- -- -- 66 -- df -- -- 64 -- -- 98 19 28 -- a8 -- a4 de 41 d2 13 79 -- 47 ca -- -- -- 80 -- -- dc -- -- -- -- -- -- -- 78 -- -- -- -- 15 -- -- -- a7 -- -- 17 -- 94 -- -- 61 96 9e 74 e0 -- -- -- 3a 4b -- 4a -- -- 6e -- -- -- 3c -- d8 -- -- -- -- -- -- 67 25 ce -- -- -- -- -- --  f f0 -- -- -- -- -- -- -- -- -- -- cc -- -- -- 69 6f -- -- -- -- c8 d7 -- -- -- -- e7 -- 32 -- 50 -- -- -- 87 ff -- -- 9f e8 6b eb 82 fb 73 c2 26 -- f2 -- -- -- 8e 2a 43 2e -- -- -- -- -- 99 

solutions so far:0 maxDepth:10 
iterations:21228476  skipped: 159 
Depth skipped: 
0 0 159 0 0 0 0 0 0 0 0 0 0 0 0 0 0 0 0 0 0 0 0 0 0 0 0 0 0 0 0 0 

running time: 2700 sec

Finished. Total running time: 2869 sec
