Search S-boxes invariant for matrix: 
{0x00,0x02,0x04,0x06,0x08,0x0a,0x0c,0x0e,0x10,0x12,0x14,0x16,0x18,0x1a,0x1c,0x1e,0x20,0x22,0x24,0x26,0x28,0x2a,0x2c,0x2e,0x30,0x32,0x34,0x36,0x38,0x3a,0x3c,0x3e,0x40,0x42,0x44,0x46,0x48,0x4a,0x4c,0x4e,0x50,0x52,0x54,0x56,0x58,0x5a,0x5c,0x5e,0x60,0x62,0x64,0x66,0x68,0x6a,0x6c,0x6e,0x70,0x72,0x74,0x76,0x78,0x7a,0x7c,0x7e,0x80,0x82,0x84,0x86,0x88,0x8a,0x8c,0x8e,0x90,0x92,0x94,0x96,0x98,0x9a,0x9c,0x9e,0xa0,0xa2,0xa4,0xa6,0xa8,0xaa,0xac,0xae,0xb0,0xb2,0xb4,0xb6,0xb8,0xba,0xbc,0xbe,0xc0,0xc2,0xc4,0xc6,0xc8,0xca,0xcc,0xce,0xd0,0xd2,0xd4,0xd6,0xd8,0xda,0xdc,0xde,0xe0,0xe2,0xe4,0xe6,0xe8,0xea,0xec,0xee,0xf0,0xf2,0xf4,0xf6,0xf8,0xfa,0xfc,0xfe,0xd7,0xd5,0xd3,0xd1,0xdf,0xdd,0xdb,0xd9,0xc7,0xc5,0xc3,0xc1,0xcf,0xcd,0xcb,0xc9,0xf7,0xf5,0xf3,0xf1,0xff,0xfd,0xfb,0xf9,0xe7,0xe5,0xe3,0xe1,0xef,0xed,0xeb,0xe9,0x97,0x95,0x93,0x91,0x9f,0x9d,0x9b,0x99,0x87,0x85,0x83,0x81,0x8f,0x8d,0x8b,0x89,0xb7,0xb5,0xb3,0xb1,0xbf,0xbd,0xbb,0xb9,0xa7,0xa5,0xa3,0xa1,0xaf,0xad,0xab,0xa9,0x57,0x55,0x53,0x51,0x5f,0x5d,0x5b,0x59,0x47,0x45,0x43,0x41,0x4f,0x4d,0x4b,0x49,0x77,0x75,0x73,0x71,0x7f,0x7d,0x7b,0x79,0x67,0x65,0x63,0x61,0x6f,0x6d,0x6b,0x69,0x17,0x15,0x13,0x11,0x1f,0x1d,0x1b,0x19,0x07,0x05,0x03,0x01,0x0f,0x0d,0x0b,0x09,0x37,0x35,0x33,0x31,0x3f,0x3d,0x3b,0x39,0x27,0x25,0x23,0x21,0x2f,0x2d,0x2b,0x29};



 depth:7
 0  1  2  3  4  5  6  7  8  9  a  b  c  d  e  f 10 11 12 13 14 15 16 17 18 19 1a 1b 1c 1d 1e 1f 20 21 22 23 24 25 26 27 28 29 2a 2b 2c 2d 2e 2f 30 31 32 33 34 35 36 37 38 39 3a 3b 3c 3d 3e 3f 40 41 42 43 44 45 46 47 48 49 4a 4b 4c 4d 4e 4f 50 51 52 53 54 55 56 57 58 59 5a 5b 5c 5d 5e 5f 60 61 62 63 64 65 66 67 68 69 6a 6b 6c 6d 6e 6f 70 71 72 73 74 75 76 77 78 79 7a 7b 7c 7d 7e 7f 80 81 82 83 84 85 86 87 88 89 8a 8b 8c 8d 8e 8f 90 91 92 93 94 95 96 97 98 99 9a 9b 9c 9d 9e 9f a0 a1 a2 a3 a4 a5 a6 a7 a8 a9 aa ab ac ad ae af b0 b1 b2 b3 b4 b5 b6 b7 b8 b9 ba bb bc bd be bf c0 c1 c2 c3 c4 c5 c6 c7 c8 c9 ca cb cc cd ce cf d0 d1 d2 d3 d4 d5 d6 d7 d8 d9 da db dc dd de df e0 e1 e2 e3 e4 e5 e6 e7 e8 e9 ea eb ec ed ee ef f0 f1 f2 f3 f4 f5 f6 f7 f8 f9 fa fb fc fd fe ff 
 0  1  2 ef  4 d4  9 aa  8 97 7f e3 12 b5 83 95 10 -- f9 -- fe -- 11  6 24 -- bd -- d1 ae fd 9f 20 -- -- -- 25 45 -- 14 2b a2 -- -- 22 --  c -- 48 -- -- 33 ad -- -- bf 75 29 8b b6 2d -- e9 -- 40 -- -- -- -- -- -- -- 4a -- 8a -- -- -- 28 4f 56 -- 93 -- -- 3e -- 39 44 -- -- -- 18 -- -- -- 90 -- -- -- -- -- 66 -- 8d -- -- da -- -- a9 dd ea -- 52 -- c1 4e bb 4d 5a 79 -- c6  5 -- -- -- 80 -- -- f8 -- -- -- -- -- -- -- e4 -- -- -- -- 94 -- -- -- c3 -- -- 8f -- c0 -- -- 50 b3 9e 35 ac -- -- -- f1 b2 -- 60 -- -- 7c -- -- -- 72 -- 88 -- -- -- -- -- -- c7 30 59 -- -- -- -- -- -- f7 1f -- -- -- -- -- -- -- -- -- -- cc -- -- -- cd 27 -- -- -- -- 63 d7 -- -- -- -- 85 -- 6d --  3 -- -- -- a4 57 -- -- 55 6a 9c eb a1 b1 9a a0 b4 -- f2 -- -- -- 5b ff  a c9 -- -- -- -- -- 51 

solutions so far:0 maxDepth:9 
iterations:2816993  skipped: 26 
Depth skipped: 
0 0 26 0 0 0 0 0 0 0 0 0 0 0 0 0 0 0 0 0 0 0 0 0 0 0 0 0 0 0 0 0 

running time: 300 sec
 depth:7
 0  1  2  3  4  5  6  7  8  9  a  b  c  d  e  f 10 11 12 13 14 15 16 17 18 19 1a 1b 1c 1d 1e 1f 20 21 22 23 24 25 26 27 28 29 2a 2b 2c 2d 2e 2f 30 31 32 33 34 35 36 37 38 39 3a 3b 3c 3d 3e 3f 40 41 42 43 44 45 46 47 48 49 4a 4b 4c 4d 4e 4f 50 51 52 53 54 55 56 57 58 59 5a 5b 5c 5d 5e 5f 60 61 62 63 64 65 66 67 68 69 6a 6b 6c 6d 6e 6f 70 71 72 73 74 75 76 77 78 79 7a 7b 7c 7d 7e 7f 80 81 82 83 84 85 86 87 88 89 8a 8b 8c 8d 8e 8f 90 91 92 93 94 95 96 97 98 99 9a 9b 9c 9d 9e 9f a0 a1 a2 a3 a4 a5 a6 a7 a8 a9 aa ab ac ad ae af b0 b1 b2 b3 b4 b5 b6 b7 b8 b9 ba bb bc bd be bf c0 c1 c2 c3 c4 c5 c6 c7 c8 c9 ca cb cc cd ce cf d0 d1 d2 d3 d4 d5 d6 d7 d8 d9 da db dc dd de df e0 e1 e2 e3 e4 e5 e6 e7 e8 e9 ea eb ec ed ee ef f0 f1 f2 f3 f4 f5 f6 f7 f8 f9 fa fb fc fd fe ff 
 0  1  2 ef  4 3b  9 e0  8 2d 76 b2 12 e3 17 c2 10 -- 5a -- ec -- b3 99 24 -- 11 -- 2e  e 53 63 20 -- -- -- b4 37 -- bb  f de -- -- b1 -- e5 -- 48 -- -- 33 22 -- -- 15 5c dd 1c 86 a6 -- c6 -- 40 -- -- -- -- -- -- -- bf -- 6e -- -- -- a1 4f 1e -- 6b -- -- 3e -- 39 b5 -- -- -- 1d -- -- -- 90 -- -- -- -- -- 66 -- 44 -- -- d9 -- -- 2a a8 b8 -- 6d -- 38 4e db c7 9b 79 -- ca 5b -- -- -- 80 -- -- f8 -- -- -- -- -- -- -- e4 -- -- -- -- a9 -- -- -- dc -- -- 78 -- e8 -- -- 95 4d 9e 7b 3c -- -- -- d6 cd -- 74 -- -- 7c -- -- -- 72 -- bd -- -- -- -- -- -- ad 3a 8d -- -- -- -- -- -- f7 1f -- -- -- -- -- -- -- -- -- -- cc -- -- -- 88 27 -- -- -- -- 65 d7 -- -- -- -- 54 -- 87 -- a7 -- -- -- da  7 -- -- 70 f6 9c eb 61 9a 59 fd e1 -- f2 -- -- -- 43 85 b6 f0 -- -- -- -- -- 6f 

solutions so far:0 maxDepth:9 
iterations:4761697  skipped: 147 
Depth skipped: 
0 0 147 0 0 0 0 0 0 0 0 0 0 0 0 0 0 0 0 0 0 0 0 0 0 0 0 0 0 0 0 0 

running time: 600 sec
 depth:6
 0  1  2  3  4  5  6  7  8  9  a  b  c  d  e  f 10 11 12 13 14 15 16 17 18 19 1a 1b 1c 1d 1e 1f 20 21 22 23 24 25 26 27 28 29 2a 2b 2c 2d 2e 2f 30 31 32 33 34 35 36 37 38 39 3a 3b 3c 3d 3e 3f 40 41 42 43 44 45 46 47 48 49 4a 4b 4c 4d 4e 4f 50 51 52 53 54 55 56 57 58 59 5a 5b 5c 5d 5e 5f 60 61 62 63 64 65 66 67 68 69 6a 6b 6c 6d 6e 6f 70 71 72 73 74 75 76 77 78 79 7a 7b 7c 7d 7e 7f 80 81 82 83 84 85 86 87 88 89 8a 8b 8c 8d 8e 8f 90 91 92 93 94 95 96 97 98 99 9a 9b 9c 9d 9e 9f a0 a1 a2 a3 a4 a5 a6 a7 a8 a9 aa ab ac ad ae af b0 b1 b2 b3 b4 b5 b6 b7 b8 b9 ba bb bc bd be bf c0 c1 c2 c3 c4 c5 c6 c7 c8 c9 ca cb cc cd ce cf d0 d1 d2 d3 d4 d5 d6 d7 d8 d9 da db dc dd de df e0 e1 e2 e3 e4 e5 e6 e7 e8 e9 ea eb ec ed ee ef f0 f1 f2 f3 f4 f5 f6 f7 f8 f9 fa fb fc fd fe ff 
 0  1  2 ef  4 16  9 61  8 47 2c 52 12 97 c2 -- 10 -- 8e -- 58 -- a4 15 24 -- f9 -- 53 ca -- 26 20 -- -- -- cb ed -- 19 b0 68 -- -- 9f -- 2a -- 48 -- -- 33 25 -- -- -- a6 71 43 -- -- -- 4c -- 40 -- -- -- -- -- -- -- 41 --  d -- -- -- 32 4f b7 -- d0 -- -- 3e -- 39 e9 -- -- -- 54 -- -- -- 90 -- -- -- -- -- 66 -- 4a -- -- -- -- -- -- -- 9b -- e2 -- 86 4e -- ff -- 79 -- -- 98 -- -- -- 80 -- -- f8 -- -- -- -- -- -- -- e4 -- -- -- -- 82 -- -- -- 1a -- -- a5 -- d9 -- -- 64 50 9e ee b9 -- -- -- 77 28 -- 87 -- -- 7c -- -- -- 72 --  5 -- -- -- -- -- --  a a8 14 -- -- -- -- -- -- f7 1f -- -- -- -- -- -- -- -- -- -- cc -- -- -- 94 27 -- -- -- -- -- d7 -- -- -- -- -- -- -- -- e1 -- -- -- 13 65 -- -- db  b 9c eb -- a0 29 c8 -- -- f2 -- -- -- -- d3 e7 9d -- -- -- -- -- 34 

solutions so far:0 maxDepth:9 
iterations:7348454  skipped: 171 
Depth skipped: 
0 0 171 0 0 0 0 0 0 0 0 0 0 0 0 0 0 0 0 0 0 0 0 0 0 0 0 0 0 0 0 0 

running time: 900 sec

Finished. Total running time: 1063 sec
