Search S-boxes invariant for matrix: 
{0x00,0x02,0x04,0x06,0x08,0x0a,0x0c,0x0e,0x10,0x12,0x14,0x16,0x18,0x1a,0x1c,0x1e,0x20,0x22,0x24,0x26,0x28,0x2a,0x2c,0x2e,0x30,0x32,0x34,0x36,0x38,0x3a,0x3c,0x3e,0x40,0x42,0x44,0x46,0x48,0x4a,0x4c,0x4e,0x50,0x52,0x54,0x56,0x58,0x5a,0x5c,0x5e,0x60,0x62,0x64,0x66,0x68,0x6a,0x6c,0x6e,0x70,0x72,0x74,0x76,0x78,0x7a,0x7c,0x7e,0x80,0x82,0x84,0x86,0x88,0x8a,0x8c,0x8e,0x90,0x92,0x94,0x96,0x98,0x9a,0x9c,0x9e,0xa0,0xa2,0xa4,0xa6,0xa8,0xaa,0xac,0xae,0xb0,0xb2,0xb4,0xb6,0xb8,0xba,0xbc,0xbe,0xc0,0xc2,0xc4,0xc6,0xc8,0xca,0xcc,0xce,0xd0,0xd2,0xd4,0xd6,0xd8,0xda,0xdc,0xde,0xe0,0xe2,0xe4,0xe6,0xe8,0xea,0xec,0xee,0xf0,0xf2,0xf4,0xf6,0xf8,0xfa,0xfc,0xfe,0xd7,0xd5,0xd3,0xd1,0xdf,0xdd,0xdb,0xd9,0xc7,0xc5,0xc3,0xc1,0xcf,0xcd,0xcb,0xc9,0xf7,0xf5,0xf3,0xf1,0xff,0xfd,0xfb,0xf9,0xe7,0xe5,0xe3,0xe1,0xef,0xed,0xeb,0xe9,0x97,0x95,0x93,0x91,0x9f,0x9d,0x9b,0x99,0x87,0x85,0x83,0x81,0x8f,0x8d,0x8b,0x89,0xb7,0xb5,0xb3,0xb1,0xbf,0xbd,0xbb,0xb9,0xa7,0xa5,0xa3,0xa1,0xaf,0xad,0xab,0xa9,0x57,0x55,0x53,0x51,0x5f,0x5d,0x5b,0x59,0x47,0x45,0x43,0x41,0x4f,0x4d,0x4b,0x49,0x77,0x75,0x73,0x71,0x7f,0x7d,0x7b,0x79,0x67,0x65,0x63,0x61,0x6f,0x6d,0x6b,0x69,0x17,0x15,0x13,0x11,0x1f,0x1d,0x1b,0x19,0x07,0x05,0x03,0x01,0x0f,0x0d,0x0b,0x09,0x37,0x35,0x33,0x31,0x3f,0x3d,0x3b,0x39,0x27,0x25,0x23,0x21,0x2f,0x2d,0x2b,0x29};



 depth:6
 0  1  2  3  4  5  6  7  8  9  a  b  c  d  e  f 10 11 12 13 14 15 16 17 18 19 1a 1b 1c 1d 1e 1f 20 21 22 23 24 25 26 27 28 29 2a 2b 2c 2d 2e 2f 30 31 32 33 34 35 36 37 38 39 3a 3b 3c 3d 3e 3f 40 41 42 43 44 45 46 47 48 49 4a 4b 4c 4d 4e 4f 50 51 52 53 54 55 56 57 58 59 5a 5b 5c 5d 5e 5f 60 61 62 63 64 65 66 67 68 69 6a 6b 6c 6d 6e 6f 70 71 72 73 74 75 76 77 78 79 7a 7b 7c 7d 7e 7f 80 81 82 83 84 85 86 87 88 89 8a 8b 8c 8d 8e 8f 90 91 92 93 94 95 96 97 98 99 9a 9b 9c 9d 9e 9f a0 a1 a2 a3 a4 a5 a6 a7 a8 a9 aa ab ac ad ae af b0 b1 b2 b3 b4 b5 b6 b7 b8 b9 ba bb bc bd be bf c0 c1 c2 c3 c4 c5 c6 c7 c8 c9 ca cb cc cd ce cf d0 d1 d2 d3 d4 d5 d6 d7 d8 d9 da db dc dd de df e0 e1 e2 e3 e4 e5 e6 e7 e8 e9 ea eb ec ed ee ef f0 f1 f2 f3 f4 f5 f6 f7 f8 f9 fa fb fc fd fe ff 
 0  1  2 17  4 fd 2e 3c  8 8f 2d 68 5c b9 78 -- 10 -- c9 -- 5a -- d0 6f b8 -- a5 -- f0 76 -- 35 20 -- -- -- 45 6d -- fe b4 5b -- -- 77 -- de -- a7 -- -- 33 9d -- -- -- 37 a2 ec -- -- -- 6a -- 40 -- -- -- -- -- -- -- 8a -- da -- -- -- 2b 4f bf -- b6 -- --  7 -- 1d ee -- -- -- 6b -- -- -- 99 -- -- -- -- -- 66 -- ed -- -- -- -- -- -- -- 6e -- 93 --  f 70 -- 1a -- 79 -- -- d4 -- -- -- 80 -- -- 1c -- -- -- -- -- -- -- 74 -- -- -- -- c3 -- -- -- 63 -- -- 85 -- f6 -- -- 56 b0 9e a1 a9 -- -- -- bb 58 -- 7b -- --  e -- -- -- 3a --  b -- -- -- -- -- -- 16 d6 2c -- -- -- -- -- -- e5 e8 -- -- -- -- -- -- -- -- -- -- cc -- -- --  d 38 -- -- -- -- -- d7 -- -- -- -- -- -- -- -- dc -- -- -- f1 3b -- -- 1e 95 e0 eb -- b7 34 ac -- -- f2 -- -- -- -- 51 7f dd -- -- -- -- -- c6 

solutions so far:0 maxDepth:9 
iterations:1974012  skipped: 0 
Depth skipped: 
0 0 0 0 0 0 0 0 0 0 0 0 0 0 0 0 0 0 0 0 0 0 0 0 0 0 0 0 0 0 0 0 

running time: 300 sec
 depth:7
 0  1  2  3  4  5  6  7  8  9  a  b  c  d  e  f 10 11 12 13 14 15 16 17 18 19 1a 1b 1c 1d 1e 1f 20 21 22 23 24 25 26 27 28 29 2a 2b 2c 2d 2e 2f 30 31 32 33 34 35 36 37 38 39 3a 3b 3c 3d 3e 3f 40 41 42 43 44 45 46 47 48 49 4a 4b 4c 4d 4e 4f 50 51 52 53 54 55 56 57 58 59 5a 5b 5c 5d 5e 5f 60 61 62 63 64 65 66 67 68 69 6a 6b 6c 6d 6e 6f 70 71 72 73 74 75 76 77 78 79 7a 7b 7c 7d 7e 7f 80 81 82 83 84 85 86 87 88 89 8a 8b 8c 8d 8e 8f 90 91 92 93 94 95 96 97 98 99 9a 9b 9c 9d 9e 9f a0 a1 a2 a3 a4 a5 a6 a7 a8 a9 aa ab ac ad ae af b0 b1 b2 b3 b4 b5 b6 b7 b8 b9 ba bb bc bd be bf c0 c1 c2 c3 c4 c5 c6 c7 c8 c9 ca cb cc cd ce cf d0 d1 d2 d3 d4 d5 d6 d7 d8 d9 da db dc dd de df e0 e1 e2 e3 e4 e5 e6 e7 e8 e9 ea eb ec ed ee ef f0 f1 f2 f3 f4 f5 f6 f7 f8 f9 fa fb fc fd fe ff 
 0  1  2 17  4 f5 2e c7  8 ec 3d db 5c a8 59 7c 10 --  f -- 7a -- 61 bd b8 -- 87 -- b2 11 f8 6f 20 -- -- -- 1e 5e -- 7b f4 c5 -- -- c2 -- ad -- a7 -- -- 33 d9 -- -- ef b3 37 22 e4 27 -- de -- 40 -- -- -- -- -- -- -- 3c -- bc -- -- -- f6 4f 3f -- 5d -- --  7 -- 1d 53 -- -- -- 8d -- -- -- 99 -- -- -- -- -- 66 -- 65 -- -- 90 -- --  9 24 b1 -- 6e -- 44 70 1f 43 4e 79 -- 39 6b -- -- -- 80 -- -- 1c -- -- -- -- -- -- -- 74 -- -- -- -- 78 -- -- -- af -- -- fc -- 9a -- -- 3b 2a 9e a3 7e -- -- -- ba 15 -- 4d -- --  e -- -- -- 3a -- a6 -- -- -- -- -- -- 9b cd e1 -- -- -- -- -- -- e5 e8 -- -- -- -- -- -- -- -- -- -- cc -- -- -- ca 38 -- -- -- -- f7 d7 -- -- -- -- 12 -- 48 -- b5 -- -- -- dc e3 -- -- 88 91 e0 eb 3e 54 86 76 9c -- f2 -- -- -- 72 f0 d6 2f -- -- -- -- -- 89 

solutions so far:0 maxDepth:9 
iterations:4495235  skipped: 1 
Depth skipped: 
0 0 1 0 0 0 0 0 0 0 0 0 0 0 0 0 0 0 0 0 0 0 0 0 0 0 0 0 0 0 0 0 

running time: 600 sec
 depth:7
 0  1  2  3  4  5  6  7  8  9  a  b  c  d  e  f 10 11 12 13 14 15 16 17 18 19 1a 1b 1c 1d 1e 1f 20 21 22 23 24 25 26 27 28 29 2a 2b 2c 2d 2e 2f 30 31 32 33 34 35 36 37 38 39 3a 3b 3c 3d 3e 3f 40 41 42 43 44 45 46 47 48 49 4a 4b 4c 4d 4e 4f 50 51 52 53 54 55 56 57 58 59 5a 5b 5c 5d 5e 5f 60 61 62 63 64 65 66 67 68 69 6a 6b 6c 6d 6e 6f 70 71 72 73 74 75 76 77 78 79 7a 7b 7c 7d 7e 7f 80 81 82 83 84 85 86 87 88 89 8a 8b 8c 8d 8e 8f 90 91 92 93 94 95 96 97 98 99 9a 9b 9c 9d 9e 9f a0 a1 a2 a3 a4 a5 a6 a7 a8 a9 aa ab ac ad ae af b0 b1 b2 b3 b4 b5 b6 b7 b8 b9 ba bb bc bd be bf c0 c1 c2 c3 c4 c5 c6 c7 c8 c9 ca cb cc cd ce cf d0 d1 d2 d3 d4 d5 d6 d7 d8 d9 da db dc dd de df e0 e1 e2 e3 e4 e5 e6 e7 e8 e9 ea eb ec ed ee ef f0 f1 f2 f3 f4 f5 f6 f7 f8 f9 fa fb fc fd fe ff 
 0  1  2 17  4 f0 2e db  8 95 37 5f 5c cf 61 91 10 -- fd -- 6e -- be e1 b8 -- 49 -- c2 65 f5 6d 20 -- -- -- 2d 7b -- 5b dc ec -- -- ab -- 15 -- a7 -- -- 33 92 -- -- 3f 53 a9 ca 5d 3d -- da -- 40 -- -- -- -- -- -- -- 5a -- f6 -- -- -- b6 4f 6f --  f -- --  7 -- 1d 81 -- -- -- 2a -- -- -- 99 -- -- -- -- -- 66 -- f3 -- -- bc -- -- 7e 2f a6 -- 85 -- 43 70 ba 62 7a 79 -- 89 63 -- -- -- 80 -- -- 1c -- -- -- -- -- -- -- 74 -- -- -- -- b4 -- -- -- 3b -- -- 6b -- 87 -- -- bb 46 9e 3c de -- -- -- 1e 23 -- a8 -- --  e -- -- -- 3a -- d5 -- -- -- -- -- -- 7d 54 fa -- -- -- -- -- -- e5 e8 -- -- -- -- -- -- -- -- -- -- cc -- -- -- 31 38 -- -- -- -- af d7 -- -- -- -- fc -- 5e -- 9b -- -- -- dd d9 -- -- 86 78 e0 eb a3 8c c4 a1 f4 -- f2 -- -- -- c5 bf c6 d6 -- -- -- -- -- 76 

solutions so far:0 maxDepth:9 
iterations:6573167  skipped: 2 
Depth skipped: 
0 0 2 0 0 0 0 0 0 0 0 0 0 0 0 0 0 0 0 0 0 0 0 0 0 0 0 0 0 0 0 0 

running time: 900 sec
 depth:7
 0  1  2  3  4  5  6  7  8  9  a  b  c  d  e  f 10 11 12 13 14 15 16 17 18 19 1a 1b 1c 1d 1e 1f 20 21 22 23 24 25 26 27 28 29 2a 2b 2c 2d 2e 2f 30 31 32 33 34 35 36 37 38 39 3a 3b 3c 3d 3e 3f 40 41 42 43 44 45 46 47 48 49 4a 4b 4c 4d 4e 4f 50 51 52 53 54 55 56 57 58 59 5a 5b 5c 5d 5e 5f 60 61 62 63 64 65 66 67 68 69 6a 6b 6c 6d 6e 6f 70 71 72 73 74 75 76 77 78 79 7a 7b 7c 7d 7e 7f 80 81 82 83 84 85 86 87 88 89 8a 8b 8c 8d 8e 8f 90 91 92 93 94 95 96 97 98 99 9a 9b 9c 9d 9e 9f a0 a1 a2 a3 a4 a5 a6 a7 a8 a9 aa ab ac ad ae af b0 b1 b2 b3 b4 b5 b6 b7 b8 b9 ba bb bc bd be bf c0 c1 c2 c3 c4 c5 c6 c7 c8 c9 ca cb cc cd ce cf d0 d1 d2 d3 d4 d5 d6 d7 d8 d9 da db dc dd de df e0 e1 e2 e3 e4 e5 e6 e7 e8 e9 ea eb ec ed ee ef f0 f1 f2 f3 f4 f5 f6 f7 f8 f9 fa fb fc fd fe ff 
 0  1  2 17  4 ee 2e 4c  8 7d  b 39 5c ef 98 35 10 -- fa -- 16 -- 72 c8 b8 --  9 -- e7 71 6a 31 20 -- -- -- 23 a5 -- be 2c 1a -- -- e4 -- 47 -- a7 -- -- 33 12 -- -- 2b 19 49 e2 a2 d4 -- 62 -- 40 -- -- -- -- -- -- -- 46 -- 9d -- -- -- ab 4f 58 -- 34 -- --  7 -- 1d 1f -- -- -- 8e -- -- -- 99 -- -- -- -- -- 66 -- 24 -- -- 45 -- -- 56 8f 32 -- 92 -- 13 70 93 90 7f 79 -- c3 c4 -- -- -- 80 -- -- 1c -- -- -- -- -- -- -- 74 -- -- -- -- 8c -- -- -- ed -- -- b7 -- 82 -- -- 81 4e 9e d0 b0 -- -- -- 68 27 -- 41 -- --  e -- -- -- 3a -- 3e -- -- -- -- -- -- 7c cb f8 -- -- -- -- -- -- e5 e8 -- -- -- -- -- -- -- -- -- -- cc -- -- -- 48 38 -- -- -- -- 8a d7 -- -- -- -- ac -- c9 -- 64 -- -- -- f3 d3 -- -- 26 77 e0 eb f1 9c f7 d5 fe -- f2 -- -- -- 51 cf 5f b9 -- -- -- -- --  d 

solutions so far:0 maxDepth:9 
iterations:8539000  skipped: 2 
Depth skipped: 
0 0 2 0 0 0 0 0 0 0 0 0 0 0 0 0 0 0 0 0 0 0 0 0 0 0 0 0 0 0 0 0 

running time: 1200 sec
 depth:6
 0  1  2  3  4  5  6  7  8  9  a  b  c  d  e  f 10 11 12 13 14 15 16 17 18 19 1a 1b 1c 1d 1e 1f 20 21 22 23 24 25 26 27 28 29 2a 2b 2c 2d 2e 2f 30 31 32 33 34 35 36 37 38 39 3a 3b 3c 3d 3e 3f 40 41 42 43 44 45 46 47 48 49 4a 4b 4c 4d 4e 4f 50 51 52 53 54 55 56 57 58 59 5a 5b 5c 5d 5e 5f 60 61 62 63 64 65 66 67 68 69 6a 6b 6c 6d 6e 6f 70 71 72 73 74 75 76 77 78 79 7a 7b 7c 7d 7e 7f 80 81 82 83 84 85 86 87 88 89 8a 8b 8c 8d 8e 8f 90 91 92 93 94 95 96 97 98 99 9a 9b 9c 9d 9e 9f a0 a1 a2 a3 a4 a5 a6 a7 a8 a9 aa ab ac ad ae af b0 b1 b2 b3 b4 b5 b6 b7 b8 b9 ba bb bc bd be bf c0 c1 c2 c3 c4 c5 c6 c7 c8 c9 ca cb cc cd ce cf d0 d1 d2 d3 d4 d5 d6 d7 d8 d9 da db dc dd de df e0 e1 e2 e3 e4 e5 e6 e7 e8 e9 ea eb ec ed ee ef f0 f1 f2 f3 f4 f5 f6 f7 f8 f9 fa fb fc fd fe ff 
 0  1  2 17  4 e7 2e b4  8 11 19 3c 5c 7b bf -- 10 -- 22 -- 32 -- 78 da b8 -- f6 -- a9 95 -- b5 20 -- -- -- 44 41 -- cd 64 e2 -- -- f0 -- 63 -- a7 -- -- 33 3b -- -- -- 85 b2 fd -- -- -- bd -- 40 -- -- -- -- -- -- -- 88 -- 82 -- -- -- 4d 4f c8 -- 13 -- --  7 -- 1d 37 -- -- -- c6 -- -- -- 99 -- -- -- -- -- 66 -- 76 -- -- -- -- -- -- -- dd -- b3 -- 2d 70 --  f -- 79 -- -- ad -- -- -- 80 -- -- 1c -- -- -- -- -- -- -- 74 -- -- -- -- c7 -- -- -- d3 -- -- 8e -- bb -- -- 9a 6b 9e 4c 47 -- -- -- 26 de -- b6 -- --  e -- -- -- 3a -- 6e -- -- -- -- -- -- dc 5b 6f -- -- -- -- -- -- e5 e8 -- -- -- -- -- -- -- -- -- -- cc -- -- -- ec 38 -- -- -- -- -- d7 -- -- -- -- -- -- -- -- 6d -- -- -- b1 a1 -- -- 5a 98 e0 eb -- d6 1e e3 -- -- f2 -- -- -- -- 59 8d cb -- -- -- -- -- 71 

solutions so far:0 maxDepth:9 
iterations:10873639  skipped: 3 
Depth skipped: 
0 0 3 0 0 0 0 0 0 0 0 0 0 0 0 0 0 0 0 0 0 0 0 0 0 0 0 0 0 0 0 0 

running time: 1500 sec
 depth:7
 0  1  2  3  4  5  6  7  8  9  a  b  c  d  e  f 10 11 12 13 14 15 16 17 18 19 1a 1b 1c 1d 1e 1f 20 21 22 23 24 25 26 27 28 29 2a 2b 2c 2d 2e 2f 30 31 32 33 34 35 36 37 38 39 3a 3b 3c 3d 3e 3f 40 41 42 43 44 45 46 47 48 49 4a 4b 4c 4d 4e 4f 50 51 52 53 54 55 56 57 58 59 5a 5b 5c 5d 5e 5f 60 61 62 63 64 65 66 67 68 69 6a 6b 6c 6d 6e 6f 70 71 72 73 74 75 76 77 78 79 7a 7b 7c 7d 7e 7f 80 81 82 83 84 85 86 87 88 89 8a 8b 8c 8d 8e 8f 90 91 92 93 94 95 96 97 98 99 9a 9b 9c 9d 9e 9f a0 a1 a2 a3 a4 a5 a6 a7 a8 a9 aa ab ac ad ae af b0 b1 b2 b3 b4 b5 b6 b7 b8 b9 ba bb bc bd be bf c0 c1 c2 c3 c4 c5 c6 c7 c8 c9 ca cb cc cd ce cf d0 d1 d2 d3 d4 d5 d6 d7 d8 d9 da db dc dd de df e0 e1 e2 e3 e4 e5 e6 e7 e8 e9 ea eb ec ed ee ef f0 f1 f2 f3 f4 f5 f6 f7 f8 f9 fa fb fc fd fe ff 
 0  1  2 17  4 e2 2e 84  8 d5 13 bb 5c dd df 7b 10 -- 7d -- 26 -- a1 1b b8 -- 6d -- 69 96 f6 f3 20 -- -- -- fa 64 -- 5f 4c cb -- -- 95 -- 36 -- a7 -- -- 33 da -- --  f d2 cf fb de 3b -- 31 -- 40 -- -- -- -- -- -- -- 23 -- c8 -- -- -- be 4f 98 -- 41 -- --  7 -- 1d fd -- -- -- 6c -- -- -- 99 -- -- -- -- -- 66 -- 63 -- -- 37 -- -- 1e 78 73 -- 49 -- 21 70 6b 5b 76 79 -- dc 62 -- -- -- 80 -- -- 1c -- -- -- -- -- -- -- 74 -- -- -- -- 46 -- -- -- 47 -- -- 19 -- ce -- -- ab a9 9e d3 e7 -- -- -- 82 bf -- 67 -- --  e -- -- -- 3a -- 2d -- -- -- -- -- -- 5a d8 b4 -- -- -- -- -- -- e5 e8 -- -- -- -- -- -- -- -- -- -- cc -- -- -- c6 38 -- -- -- -- 6e d7 -- -- -- -- 3c -- f0 -- e6 -- -- -- 92 4b -- -- 42 71 e0 eb d6 85 b6 81 ec -- f2 -- -- -- 6f 8c c4 32 -- -- -- -- -- 8e 

solutions so far:0 maxDepth:9 
iterations:13163311  skipped: 4 
Depth skipped: 
0 0 4 0 0 0 0 0 0 0 0 0 0 0 0 0 0 0 0 0 0 0 0 0 0 0 0 0 0 0 0 0 

running time: 1800 sec
 depth:8
 0  1  2  3  4  5  6  7  8  9  a  b  c  d  e  f 10 11 12 13 14 15 16 17 18 19 1a 1b 1c 1d 1e 1f 20 21 22 23 24 25 26 27 28 29 2a 2b 2c 2d 2e 2f 30 31 32 33 34 35 36 37 38 39 3a 3b 3c 3d 3e 3f 40 41 42 43 44 45 46 47 48 49 4a 4b 4c 4d 4e 4f 50 51 52 53 54 55 56 57 58 59 5a 5b 5c 5d 5e 5f 60 61 62 63 64 65 66 67 68 69 6a 6b 6c 6d 6e 6f 70 71 72 73 74 75 76 77 78 79 7a 7b 7c 7d 7e 7f 80 81 82 83 84 85 86 87 88 89 8a 8b 8c 8d 8e 8f 90 91 92 93 94 95 96 97 98 99 9a 9b 9c 9d 9e 9f a0 a1 a2 a3 a4 a5 a6 a7 a8 a9 aa ab ac ad ae af b0 b1 b2 b3 b4 b5 b6 b7 b8 b9 ba bb bc bd be bf c0 c1 c2 c3 c4 c5 c6 c7 c8 c9 ca cb cc cd ce cf d0 d1 d2 d3 d4 d5 d6 d7 d8 d9 da db dc dd de df e0 e1 e2 e3 e4 e5 e6 e7 e8 e9 ea eb ec ed ee ef f0 f1 f2 f3 f4 f5 f6 f7 f8 f9 fa fb fc fd fe ff 
 0  1  2 17  4 de 2e 14  8 39 6b 46 5c be 28 fb 10  6 72 -- d6 -- 8c 25 b8 -- ab -- 50 9f 21 9c 20 --  c -- e4  f -- 24 7b f0 -- -- cf -- 4a -- a7 -- -- 33 81 -- -- 69 a0 f8 e9 ce 42 -- ef -- 40 -- -- -- 18 -- -- -- 1f -- 1e -- -- 75 48 4f f6 -- 37 -- --  7 -- 1d 49 c0 -- -- 94 -- -- -- 99 -- -- -- -- -- 66 -- d5 -- -- 36 -- -- d2 e6 97 -- 27 --  5 70 4b fa 84 79 -- d8  9 -- -- -- 80 -- -- 1c -- -- -- -- 30 -- -- 74 -- 83 -- -- 3e -- -- -- 3c -- -- 76 -- 52 ea -- 90 c4 9e dc 3b -- -- -- 6e 62 -- 29 -- --  e -- -- aa 3a -- 92 8b 57 ae -- c1 -- f3 ff 31 -- -- -- 55 -- -- e5 e8 -- -- -- -- -- 60 -- -- -- -- cc d1 -- -- 7d 38 -- -- -- -- 6c d7 -- -- -- -- 73 -- 1b -- f9 -- --  3 4e a4 -- --  a 6f e0 eb 96 5f 23 f7 df -- f2 -- -- -- 67 7c 12 ec -- -- -- -- -- 78 

solutions so far:0 maxDepth:9 
iterations:15605487  skipped: 4 
Depth skipped: 
0 0 4 0 0 0 0 0 0 0 0 0 0 0 0 0 0 0 0 0 0 0 0 0 0 0 0 0 0 0 0 0 

running time: 2100 sec
 depth:6
 0  1  2  3  4  5  6  7  8  9  a  b  c  d  e  f 10 11 12 13 14 15 16 17 18 19 1a 1b 1c 1d 1e 1f 20 21 22 23 24 25 26 27 28 29 2a 2b 2c 2d 2e 2f 30 31 32 33 34 35 36 37 38 39 3a 3b 3c 3d 3e 3f 40 41 42 43 44 45 46 47 48 49 4a 4b 4c 4d 4e 4f 50 51 52 53 54 55 56 57 58 59 5a 5b 5c 5d 5e 5f 60 61 62 63 64 65 66 67 68 69 6a 6b 6c 6d 6e 6f 70 71 72 73 74 75 76 77 78 79 7a 7b 7c 7d 7e 7f 80 81 82 83 84 85 86 87 88 89 8a 8b 8c 8d 8e 8f 90 91 92 93 94 95 96 97 98 99 9a 9b 9c 9d 9e 9f a0 a1 a2 a3 a4 a5 a6 a7 a8 a9 aa ab ac ad ae af b0 b1 b2 b3 b4 b5 b6 b7 b8 b9 ba bb bc bd be bf c0 c1 c2 c3 c4 c5 c6 c7 c8 c9 ca cb cc cd ce cf d0 d1 d2 d3 d4 d5 d6 d7 d8 d9 da db dc dd de df e0 e1 e2 e3 e4 e5 e6 e7 e8 e9 ea eb ec ed ee ef f0 f1 f2 f3 f4 f5 f6 f7 f8 f9 fa fb fc fd fe ff 
 0  1  2 17  4 d8 2e 30  8 19 67 a8 5c 53 60 -- 10 -- 32 -- ce -- 87 c1 b8 -- a6 -- c0  3 -- d3 20 -- -- -- 64 84 -- 26 4b 73 -- -- d9 -- 55 -- a7 -- -- 33 9b -- -- -- 57 cb  6 -- -- -- 71 -- 40 -- -- -- -- -- -- -- c8 -- df -- -- -- 4c 4f 96 -- e6 -- --  7 -- 1d 65 -- -- -- aa -- -- -- 99 -- -- -- -- -- 66 -- e1 -- -- -- -- -- -- -- ae -- 41 --  c 70 -- 2a -- 79 -- -- e2 -- -- -- 80 -- -- 1c -- -- -- -- -- -- -- 74 -- -- -- -- 47 -- -- -- 69 -- -- 21 -- 75 -- -- 98 61 9e 36 fb -- -- -- 1b db -- d1 -- --  e -- -- -- 3a -- ca -- -- -- -- -- -- 43 83 86 -- -- -- -- -- -- e5 e8 -- -- -- -- -- -- -- -- -- -- cc -- -- -- 15 38 -- -- -- -- -- d7 -- -- -- -- -- -- -- -- 8b -- -- -- 82 ea -- -- 18 6c e0 eb -- c2 54 e7 -- -- f2 -- -- -- -- 8e 13 42 -- -- -- -- -- d2 

solutions so far:0 maxDepth:9 
iterations:19019687  skipped: 4 
Depth skipped: 
0 0 4 0 0 0 0 0 0 0 0 0 0 0 0 0 0 0 0 0 0 0 0 0 0 0 0 0 0 0 0 0 

running time: 2400 sec
 depth:7
 0  1  2  3  4  5  6  7  8  9  a  b  c  d  e  f 10 11 12 13 14 15 16 17 18 19 1a 1b 1c 1d 1e 1f 20 21 22 23 24 25 26 27 28 29 2a 2b 2c 2d 2e 2f 30 31 32 33 34 35 36 37 38 39 3a 3b 3c 3d 3e 3f 40 41 42 43 44 45 46 47 48 49 4a 4b 4c 4d 4e 4f 50 51 52 53 54 55 56 57 58 59 5a 5b 5c 5d 5e 5f 60 61 62 63 64 65 66 67 68 69 6a 6b 6c 6d 6e 6f 70 71 72 73 74 75 76 77 78 79 7a 7b 7c 7d 7e 7f 80 81 82 83 84 85 86 87 88 89 8a 8b 8c 8d 8e 8f 90 91 92 93 94 95 96 97 98 99 9a 9b 9c 9d 9e 9f a0 a1 a2 a3 a4 a5 a6 a7 a8 a9 aa ab ac ad ae af b0 b1 b2 b3 b4 b5 b6 b7 b8 b9 ba bb bc bd be bf c0 c1 c2 c3 c4 c5 c6 c7 c8 c9 ca cb cc cd ce cf d0 d1 d2 d3 d4 d5 d6 d7 d8 d9 da db dc dd de df e0 e1 e2 e3 e4 e5 e6 e7 e8 e9 ea eb ec ed ee ef f0 f1 f2 f3 f4 f5 f6 f7 f8 f9 fa fb fc fd fe ff 
 0  1  2 17  4 d2 2e 97  8 b7 73 57 5c  3 f9 bb 10 -- b9 -- e6 -- ae 29 b8 --  6 -- 25 14 a1 d0 20 -- -- -- a5 ce -- 16 1b 21 -- -- 8b -- 52 -- a7 -- -- 33  c -- -- 5a 4a 1a 28 c6 95 -- 77 -- 40 -- -- -- -- -- -- -- 9d -- 4b -- -- -- 2c 4f 36 -- 42 -- --  7 -- 1d c1 -- -- -- a4 -- -- -- 99 -- -- -- -- -- 66 -- 18 -- -- dd -- -- b4 a9 94 -- 34 -- 50 70 5b 60 fd 79 -- da ee -- -- -- 80 -- -- 1c -- -- -- -- -- -- -- 74 -- -- -- -- ed -- -- -- 96 -- -- d8 --  5 -- -- 58 75 9e df 6c -- -- -- 84 d1 -- e9 -- --  e -- -- -- 3a -- 55 -- -- -- -- -- -- aa 9f 83 -- -- -- -- -- -- e5 e8 -- -- -- -- -- -- -- -- -- -- cc -- -- -- 30 38 -- -- -- -- 6d d7 -- -- -- -- bf -- 85 -- ff -- -- -- 68  a -- -- a0 69 e0 eb b6 ea c0 b0 2d -- f2 -- -- -- 63  d  b 67 -- -- -- -- -- fb 

solutions so far:0 maxDepth:9 
iterations:20886977  skipped: 5 
Depth skipped: 
0 0 5 0 0 0 0 0 0 0 0 0 0 0 0 0 0 0 0 0 0 0 0 0 0 0 0 0 0 0 0 0 

running time: 2700 sec
 depth:7
 0  1  2  3  4  5  6  7  8  9  a  b  c  d  e  f 10 11 12 13 14 15 16 17 18 19 1a 1b 1c 1d 1e 1f 20 21 22 23 24 25 26 27 28 29 2a 2b 2c 2d 2e 2f 30 31 32 33 34 35 36 37 38 39 3a 3b 3c 3d 3e 3f 40 41 42 43 44 45 46 47 48 49 4a 4b 4c 4d 4e 4f 50 51 52 53 54 55 56 57 58 59 5a 5b 5c 5d 5e 5f 60 61 62 63 64 65 66 67 68 69 6a 6b 6c 6d 6e 6f 70 71 72 73 74 75 76 77 78 79 7a 7b 7c 7d 7e 7f 80 81 82 83 84 85 86 87 88 89 8a 8b 8c 8d 8e 8f 90 91 92 93 94 95 96 97 98 99 9a 9b 9c 9d 9e 9f a0 a1 a2 a3 a4 a5 a6 a7 a8 a9 aa ab ac ad ae af b0 b1 b2 b3 b4 b5 b6 b7 b8 b9 ba bb bc bd be bf c0 c1 c2 c3 c4 c5 c6 c7 c8 c9 ca cb cc cd ce cf d0 d1 d2 d3 d4 d5 d6 d7 d8 d9 da db dc dd de df e0 e1 e2 e3 e4 e5 e6 e7 e8 e9 ea eb ec ed ee ef f0 f1 f2 f3 f4 f5 f6 f7 f8 f9 fa fb fc fd fe ff 
 0  1  2 17  4 cb 2e d8  8 b9 41 88 5c cd 67 5e 10 -- a5 -- 82 -- c7 21 b8 -- 4d -- ce e6 bc 77 20 -- -- -- 9d 4c -- 2c d3 32 -- -- 59 -- 42 -- a7 -- -- 33 9a -- -- 5d 4b 34 1b 7e af -- ee -- 40 -- -- -- -- -- -- -- ed -- 98 -- -- -- 58 4f 71 -- 64 -- --  7 -- 1d b2 -- -- -- 84 -- -- -- 99 -- -- -- -- -- 66 -- e3 -- -- 3d -- -- ba 91 96 -- 68 -- 36 70 fc 22 89 79 -- f4  b -- -- -- 80 -- -- 1c -- -- -- -- -- -- -- 74 -- -- -- --  d -- -- -- e7 -- -- 13 -- d2 -- -- b0 ad 9e 47 e2 -- -- -- c8 bd -- 69 -- --  e -- -- -- 3a -- b3 -- -- -- -- -- -- b1 df b5 -- -- -- -- -- -- e5 e8 -- -- -- -- -- -- -- -- -- -- cc -- -- -- 11 38 -- -- -- -- 7a d7 -- -- -- -- a3 -- f5 -- fb -- -- -- d0 73 -- -- 6c 8e e0 eb 2f 8d 44 b7 c5 -- f2 -- -- -- 3f 1a 16 26 -- -- -- -- -- 19 

solutions so far:0 maxDepth:9 
iterations:24106098  skipped: 5 
Depth skipped: 
0 0 5 0 0 0 0 0 0 0 0 0 0 0 0 0 0 0 0 0 0 0 0 0 0 0 0 0 0 0 0 0 

running time: 3000 sec
 depth:7
 0  1  2  3  4  5  6  7  8  9  a  b  c  d  e  f 10 11 12 13 14 15 16 17 18 19 1a 1b 1c 1d 1e 1f 20 21 22 23 24 25 26 27 28 29 2a 2b 2c 2d 2e 2f 30 31 32 33 34 35 36 37 38 39 3a 3b 3c 3d 3e 3f 40 41 42 43 44 45 46 47 48 49 4a 4b 4c 4d 4e 4f 50 51 52 53 54 55 56 57 58 59 5a 5b 5c 5d 5e 5f 60 61 62 63 64 65 66 67 68 69 6a 6b 6c 6d 6e 6f 70 71 72 73 74 75 76 77 78 79 7a 7b 7c 7d 7e 7f 80 81 82 83 84 85 86 87 88 89 8a 8b 8c 8d 8e 8f 90 91 92 93 94 95 96 97 98 99 9a 9b 9c 9d 9e 9f a0 a1 a2 a3 a4 a5 a6 a7 a8 a9 aa ab ac ad ae af b0 b1 b2 b3 b4 b5 b6 b7 b8 b9 ba bb bc bd be bf c0 c1 c2 c3 c4 c5 c6 c7 c8 c9 ca cb cc cd ce cf d0 d1 d2 d3 d4 d5 d6 d7 d8 d9 da db dc dd de df e0 e1 e2 e3 e4 e5 e6 e7 e8 e9 ea eb ec ed ee ef f0 f1 f2 f3 f4 f5 f6 f7 f8 f9 fa fb fc fd fe ff 
 0  1  2 17  4 c7 2e 39  8 87 59 dc 5c  f 72 7a 10 -- d9 -- b2 -- 6f f8 b8 -- 1e -- e4 24 f4 53 20 -- -- -- 65 8d -- 15 b3 e3 -- -- de -- 27 -- a7 -- -- 33 3c -- -- 2f 1f db 48 91 3f -- a6 -- 40 -- -- -- -- -- -- -- ca -- cd -- -- -- 2a 4f b1 -- 11 -- --  7 -- 1d 6b -- -- -- 4e -- -- -- 99 -- -- -- -- -- 66 -- 78 -- -- c5 -- -- 5e af 3e -- 61 -- 90 70 f5 37 7e 79 -- ba 9b -- -- -- 80 -- -- 1c -- -- -- -- -- -- -- 74 -- -- -- -- 43 -- -- -- 4d -- -- bd --  9 -- -- 54 76 9e 44 b5 -- -- -- 22 3b -- ef -- --  e -- -- -- 3a -- d6 -- -- -- -- -- -- 7b 9c f6 -- -- -- -- -- -- e5 e8 -- -- -- -- -- -- -- -- -- -- cc -- -- -- f0 38 -- -- -- -- 5d d7 -- -- -- -- bc -- 89 -- 7c -- -- -- c2 12 -- -- f7 88 e0 eb 3d ec 6e a8 fc -- f2 -- -- -- a3 86 e1 ad -- -- -- -- -- 9a 

solutions so far:0 maxDepth:9 
iterations:26710606  skipped: 6 
Depth skipped: 
0 0 6 0 0 0 0 0 0 0 0 0 0 0 0 0 0 0 0 0 0 0 0 0 0 0 0 0 0 0 0 0 

running time: 3300 sec
 depth:7
 0  1  2  3  4  5  6  7  8  9  a  b  c  d  e  f 10 11 12 13 14 15 16 17 18 19 1a 1b 1c 1d 1e 1f 20 21 22 23 24 25 26 27 28 29 2a 2b 2c 2d 2e 2f 30 31 32 33 34 35 36 37 38 39 3a 3b 3c 3d 3e 3f 40 41 42 43 44 45 46 47 48 49 4a 4b 4c 4d 4e 4f 50 51 52 53 54 55 56 57 58 59 5a 5b 5c 5d 5e 5f 60 61 62 63 64 65 66 67 68 69 6a 6b 6c 6d 6e 6f 70 71 72 73 74 75 76 77 78 79 7a 7b 7c 7d 7e 7f 80 81 82 83 84 85 86 87 88 89 8a 8b 8c 8d 8e 8f 90 91 92 93 94 95 96 97 98 99 9a 9b 9c 9d 9e 9f a0 a1 a2 a3 a4 a5 a6 a7 a8 a9 aa ab ac ad ae af b0 b1 b2 b3 b4 b5 b6 b7 b8 b9 ba bb bc bd be bf c0 c1 c2 c3 c4 c5 c6 c7 c8 c9 ca cb cc cd ce cf d0 d1 d2 d3 d4 d5 d6 d7 d8 d9 da db dc dd de df e0 e1 e2 e3 e4 e5 e6 e7 e8 e9 ea eb ec ed ee ef f0 f1 f2 f3 f4 f5 f6 f7 f8 f9 fa fb fc fd fe ff 
 0  1  2 17  4 c1 2e 19  8 2c 55 a3 5c 5e 32 bf 10 -- 58 -- aa -- 91 cb b8 -- bc -- 64 26 a9 1a 20 -- -- -- b0  6 -- 77 83 60 -- -- f5 -- 41 -- a7 -- -- 33 af -- -- da c8 9d 4c 2d 85 -- 34 -- 40 -- -- -- -- -- -- -- b7 --  c -- -- -- ee 4f d1 -- c0 -- --  7 -- 1d 3d -- -- -- 82 -- -- -- 99 -- -- -- -- -- 66 -- 89 -- -- bb -- -- 63 5b 47 -- ed -- 98 70 5a 5d dd 79 -- 95 68 -- -- -- 80 -- -- 1c -- -- -- -- -- -- -- 74 -- -- -- -- b9 -- -- -- 18 -- -- ea -- e2 -- --  b fc 9e ae 75 -- -- -- 57 7e -- 71 -- --  e -- -- -- 3a -- 7a -- -- -- -- -- -- f4 d3 3f -- -- -- -- -- -- e5 e8 -- -- -- -- -- -- -- -- -- -- cc -- -- -- c5 38 -- -- -- -- a1 d7 -- -- -- -- c6 -- b6 -- 8e -- -- --  d 13 -- -- e7 8b e0 eb b4 2f ba 16 6d -- f2 -- -- -- fd a5 d0  3 -- -- -- -- -- 30 

solutions so far:0 maxDepth:9 
iterations:30957433  skipped: 6 
Depth skipped: 
0 0 6 0 0 0 0 0 0 0 0 0 0 0 0 0 0 0 0 0 0 0 0 0 0 0 0 0 0 0 0 0 

running time: 3600 sec
 depth:8
 0  1  2  3  4  5  6  7  8  9  a  b  c  d  e  f 10 11 12 13 14 15 16 17 18 19 1a 1b 1c 1d 1e 1f 20 21 22 23 24 25 26 27 28 29 2a 2b 2c 2d 2e 2f 30 31 32 33 34 35 36 37 38 39 3a 3b 3c 3d 3e 3f 40 41 42 43 44 45 46 47 48 49 4a 4b 4c 4d 4e 4f 50 51 52 53 54 55 56 57 58 59 5a 5b 5c 5d 5e 5f 60 61 62 63 64 65 66 67 68 69 6a 6b 6c 6d 6e 6f 70 71 72 73 74 75 76 77 78 79 7a 7b 7c 7d 7e 7f 80 81 82 83 84 85 86 87 88 89 8a 8b 8c 8d 8e 8f 90 91 92 93 94 95 96 97 98 99 9a 9b 9c 9d 9e 9f a0 a1 a2 a3 a4 a5 a6 a7 a8 a9 aa ab ac ad ae af b0 b1 b2 b3 b4 b5 b6 b7 b8 b9 ba bb bc bd be bf c0 c1 c2 c3 c4 c5 c6 c7 c8 c9 ca cb cc cd ce cf d0 d1 d2 d3 d4 d5 d6 d7 d8 d9 da db dc dd de df e0 e1 e2 e3 e4 e5 e6 e7 e8 e9 ea eb ec ed ee ef f0 f1 f2 f3 f4 f5 f6 f7 f8 f9 fa fb fc fd fe ff 
 0  1  2 17  4 bd 2e 61  8 d0 ad 55 5c 30 c2 ba 10 2d 77 -- 8d -- aa 15 b8 -- 60 -- 53 ca a3 b9 20 -- 5a -- ee 22 --  d cd 59 -- -- 83 -- 2a -- a7 -- -- 33 c0 -- -- 7a a6 58 43 89 91 -- a5 -- 40 -- -- -- b4 -- -- --  b -- 44 -- -- a1 1a 4f 4d -- b2 -- --  7 -- 1d d1 85 -- -- 54 -- -- -- 99 -- -- -- -- -- 66 -- 57 -- -- 2f -- -- f4 7e 9b -- b0 -- 86 70 c5 8b f5 79 -- bc 9d -- -- -- 80 -- -- 1c -- -- -- -- bf -- -- 74 -- b6 -- -- 16 -- -- -- 88 -- -- e3 -- d9 95 -- 34  c 9e b1 9a -- -- -- b3  6 -- 87 -- --  e -- -- 5b 3a -- 75 da dd 6d -- 63 -- ea a8  3 -- -- -- c6 -- -- e5 e8 -- -- -- -- -- a9 -- -- -- -- cc bb -- -- ae 38 -- -- -- -- 5e d7 -- -- -- -- 3f -- fc -- e1 -- -- fd b7 65 -- -- db b5 e0 eb 5d 18 c1 68 3d -- f2 -- -- -- af 2c ed 11 -- -- -- -- -- c7 

solutions so far:0 maxDepth:9 
iterations:33591002  skipped: 6 
Depth skipped: 
0 0 6 0 0 0 0 0 0 0 0 0 0 0 0 0 0 0 0 0 0 0 0 0 0 0 0 0 0 0 0 0 

running time: 3900 sec
 depth:7
 0  1  2  3  4  5  6  7  8  9  a  b  c  d  e  f 10 11 12 13 14 15 16 17 18 19 1a 1b 1c 1d 1e 1f 20 21 22 23 24 25 26 27 28 29 2a 2b 2c 2d 2e 2f 30 31 32 33 34 35 36 37 38 39 3a 3b 3c 3d 3e 3f 40 41 42 43 44 45 46 47 48 49 4a 4b 4c 4d 4e 4f 50 51 52 53 54 55 56 57 58 59 5a 5b 5c 5d 5e 5f 60 61 62 63 64 65 66 67 68 69 6a 6b 6c 6d 6e 6f 70 71 72 73 74 75 76 77 78 79 7a 7b 7c 7d 7e 7f 80 81 82 83 84 85 86 87 88 89 8a 8b 8c 8d 8e 8f 90 91 92 93 94 95 96 97 98 99 9a 9b 9c 9d 9e 9f a0 a1 a2 a3 a4 a5 a6 a7 a8 a9 aa ab ac ad ae af b0 b1 b2 b3 b4 b5 b6 b7 b8 b9 ba bb bc bd be bf c0 c1 c2 c3 c4 c5 c6 c7 c8 c9 ca cb cc cd ce cf d0 d1 d2 d3 d4 d5 d6 d7 d8 d9 da db dc dd de df e0 e1 e2 e3 e4 e5 e6 e7 e8 e9 ea eb ec ed ee ef f0 f1 f2 f3 f4 f5 f6 f7 f8 f9 fa fb fc fd fe ff 
 0  1  2 17  4 b7 2e 97  8  f b9 67 5c d2 f9 3d 10 -- 1e -- a5 -- ce 29 b8 -- 73 -- 25 14 7a de 20 -- -- -- 3c 68 -- f6 9d  b -- -- 4b -- 52 -- a7 -- -- 33 e6 -- -- fc 4a 6e 28 a3 f4 -- 6b -- 40 -- -- -- -- -- -- -- 78 -- d0 -- -- -- 3b 4f ed -- 16 -- --  7 -- 1d 96 -- -- -- a4 -- -- -- 99 -- -- -- -- -- 66 -- 1b -- -- 89 -- -- 2f bc 94 -- dc -- 50 70 91 6c 3f 79 -- 5d d6 -- -- -- 80 -- -- 1c -- -- -- -- -- -- -- 74 -- -- -- -- f0 -- -- -- 77 -- -- 1a --  5 -- -- 76 df 9e 58  d -- -- -- 2c 84 -- e9 -- --  e -- -- -- 3a -- fb -- -- -- -- -- -- 21 9f 42 -- -- -- -- -- -- e5 e8 -- -- -- -- -- -- -- -- -- -- cc -- -- -- 36 38 -- -- -- -- c5 d7 -- -- -- -- 5e -- af -- ff -- -- -- 6f  a -- -- a0 b0 e0 eb f5 69 d8 ec 7e -- f2 -- -- -- ba 37 7b 34 -- -- -- -- -- ee 

solutions so far:0 maxDepth:9 
iterations:36241547  skipped: 6 
Depth skipped: 
0 0 6 0 0 0 0 0 0 0 0 0 0 0 0 0 0 0 0 0 0 0 0 0 0 0 0 0 0 0 0 0 

running time: 4200 sec
 depth:7
 0  1  2  3  4  5  6  7  8  9  a  b  c  d  e  f 10 11 12 13 14 15 16 17 18 19 1a 1b 1c 1d 1e 1f 20 21 22 23 24 25 26 27 28 29 2a 2b 2c 2d 2e 2f 30 31 32 33 34 35 36 37 38 39 3a 3b 3c 3d 3e 3f 40 41 42 43 44 45 46 47 48 49 4a 4b 4c 4d 4e 4f 50 51 52 53 54 55 56 57 58 59 5a 5b 5c 5d 5e 5f 60 61 62 63 64 65 66 67 68 69 6a 6b 6c 6d 6e 6f 70 71 72 73 74 75 76 77 78 79 7a 7b 7c 7d 7e 7f 80 81 82 83 84 85 86 87 88 89 8a 8b 8c 8d 8e 8f 90 91 92 93 94 95 96 97 98 99 9a 9b 9c 9d 9e 9f a0 a1 a2 a3 a4 a5 a6 a7 a8 a9 aa ab ac ad ae af b0 b1 b2 b3 b4 b5 b6 b7 b8 b9 ba bb bc bd be bf c0 c1 c2 c3 c4 c5 c6 c7 c8 c9 ca cb cc cd ce cf d0 d1 d2 d3 d4 d5 d6 d7 d8 d9 da db dc dd de df e0 e1 e2 e3 e4 e5 e6 e7 e8 e9 ea eb ec ed ee ef f0 f1 f2 f3 f4 f5 f6 f7 f8 f9 fa fb fc fd fe ff 
 0  1  2 17  4 b3 2e 4b  8 34 b1 9b 5c 43 96 a3 10 -- 68 -- b5 -- e1 df b8 -- 86 -- fb 6c 91 b0 20 -- -- -- d0 9a -- 9d bd 44 -- -- 15 -- 69 -- a7 -- -- 33 db -- -- f4 21 16 d8 c5 f5 -- b7 -- 40 -- -- -- -- -- -- -- 77 -- e3 -- -- -- ed 4f ad -- 88 -- --  7 -- 1d 2a -- -- -- d2 -- -- -- 99 -- -- -- -- -- 66 -- 61 -- -- 5e -- -- 3f fc 42 -- 2c -- 67 70 5d 53 3d 79 -- af b9 -- -- -- 80 -- -- 1c -- -- -- -- -- -- -- 74 -- -- -- -- ee -- -- -- 11 -- -- cd -- 1b -- --  d 65 9e 59 8d -- -- -- c7 d9 -- e6 -- --  e -- -- -- 3a -- 54 -- -- -- -- -- -- a8 73 87 -- -- -- -- -- -- e5 e8 -- -- -- -- -- -- -- -- -- -- cc -- -- -- c2 38 -- -- -- -- bc d7 -- -- -- -- 7e -- 2f -- 84 -- -- -- 58 36 -- -- ce b2 e0 eb ba ca a6 1a 7a -- f2 -- -- -- 89  b a5 4d -- -- -- -- -- 22 

solutions so far:0 maxDepth:9 
iterations:39181231  skipped: 6 
Depth skipped: 
0 0 6 0 0 0 0 0 0 0 0 0 0 0 0 0 0 0 0 0 0 0 0 0 0 0 0 0 0 0 0 0 

running time: 4500 sec
 depth:6
 0  1  2  3  4  5  6  7  8  9  a  b  c  d  e  f 10 11 12 13 14 15 16 17 18 19 1a 1b 1c 1d 1e 1f 20 21 22 23 24 25 26 27 28 29 2a 2b 2c 2d 2e 2f 30 31 32 33 34 35 36 37 38 39 3a 3b 3c 3d 3e 3f 40 41 42 43 44 45 46 47 48 49 4a 4b 4c 4d 4e 4f 50 51 52 53 54 55 56 57 58 59 5a 5b 5c 5d 5e 5f 60 61 62 63 64 65 66 67 68 69 6a 6b 6c 6d 6e 6f 70 71 72 73 74 75 76 77 78 79 7a 7b 7c 7d 7e 7f 80 81 82 83 84 85 86 87 88 89 8a 8b 8c 8d 8e 8f 90 91 92 93 94 95 96 97 98 99 9a 9b 9c 9d 9e 9f a0 a1 a2 a3 a4 a5 a6 a7 a8 a9 aa ab ac ad ae af b0 b1 b2 b3 b4 b5 b6 b7 b8 b9 ba bb bc bd be bf c0 c1 c2 c3 c4 c5 c6 c7 c8 c9 ca cb cc cd ce cf d0 d1 d2 d3 d4 d5 d6 d7 d8 d9 da db dc dd de df e0 e1 e2 e3 e4 e5 e6 e7 e8 e9 ea eb ec ed ee ef f0 f1 f2 f3 f4 f5 f6 f7 f8 f9 fa fb fc fd fe ff 
 0  1  2 17  4 ac 2e 1a  8 1f 8f dd 5c fd 34 -- 10 -- 3e -- c9 -- 6d  b b8 -- 2d -- 68 a5 -- 12 20 -- -- -- 7c 93 -- f7 45 d4 -- -- da -- 16 -- a7 -- -- 33 5a -- -- -- d0 9c 9d -- -- -- 24 -- 40 -- -- -- -- -- -- -- f8 -- f1 -- -- -- 39 4f 8a -- 7f -- --  7 -- 1d 63 -- -- -- 2c -- -- -- 99 -- -- -- -- -- 66 -- b4 -- -- -- -- -- -- -- 77 -- ef -- ed 70 -- a9 -- 79 -- -- 48 -- -- -- 80 -- -- 1c -- -- -- -- -- -- -- 74 -- -- -- -- 27 -- -- -- 35 -- -- 51 -- b7 -- -- 72 a1 9e 2b c3 -- -- -- fe bb -- b0 -- --  e -- -- -- 3a -- c6 -- -- -- -- -- -- 5b 58 b6 -- -- -- -- -- -- e5 e8 -- -- -- -- -- -- -- -- -- -- cc -- -- -- bf 38 -- -- -- -- -- d7 -- -- -- -- -- -- -- -- ee -- -- --  9 b9 -- --  d 56 e0 eb -- 95 85 e4 -- -- f2 -- -- -- -- 4e 90 a2 -- -- -- -- -- 6a 

solutions so far:0 maxDepth:9 
iterations:42072439  skipped: 8 
Depth skipped: 
0 0 8 0 0 0 0 0 0 0 0 0 0 0 0 0 0 0 0 0 0 0 0 0 0 0 0 0 0 0 0 0 

running time: 4800 sec
 depth:7
 0  1  2  3  4  5  6  7  8  9  a  b  c  d  e  f 10 11 12 13 14 15 16 17 18 19 1a 1b 1c 1d 1e 1f 20 21 22 23 24 25 26 27 28 29 2a 2b 2c 2d 2e 2f 30 31 32 33 34 35 36 37 38 39 3a 3b 3c 3d 3e 3f 40 41 42 43 44 45 46 47 48 49 4a 4b 4c 4d 4e 4f 50 51 52 53 54 55 56 57 58 59 5a 5b 5c 5d 5e 5f 60 61 62 63 64 65 66 67 68 69 6a 6b 6c 6d 6e 6f 70 71 72 73 74 75 76 77 78 79 7a 7b 7c 7d 7e 7f 80 81 82 83 84 85 86 87 88 89 8a 8b 8c 8d 8e 8f 90 91 92 93 94 95 96 97 98 99 9a 9b 9c 9d 9e 9f a0 a1 a2 a3 a4 a5 a6 a7 a8 a9 aa ab ac ad ae af b0 b1 b2 b3 b4 b5 b6 b7 b8 b9 ba bb bc bd be bf c0 c1 c2 c3 c4 c5 c6 c7 c8 c9 ca cb cc cd ce cf d0 d1 d2 d3 d4 d5 d6 d7 d8 d9 da db dc dd de df e0 e1 e2 e3 e4 e5 e6 e7 e8 e9 ea eb ec ed ee ef f0 f1 f2 f3 f4 f5 f6 f7 f8 f9 fa fb fc fd fe ff 
 0  1  2 17  4 a8 2e e9  8 b1 87 68 5c b9  5 8e 10 -- b5 -- d9 -- d0 a0 b8 -- a5 --  a 29 cb 11 20 -- -- -- bd 61 -- c7 65 9b -- -- 77 -- 97 -- a7 -- -- 33 9d -- -- 71 14 4d 52 64 41 -- 22 -- 40 -- -- -- -- -- -- -- ad -- c2 -- -- -- 59 4f ca -- e1 -- --  7 -- 1d ee -- -- -- f9 -- -- -- 99 -- -- -- -- -- 66 -- ed -- -- 98 -- -- e2 26 28 -- 9a -- a4 70 c8 1a 82 79 -- 19 44 -- -- -- 80 -- -- 1c -- -- -- -- -- -- -- 74 -- -- -- -- 8d -- -- -- 53 -- -- 86 -- 94 -- -- b2 b0 9e 2a 43 -- -- -- 15 58 -- 4a -- --  e -- -- -- 3a --  b -- -- -- -- -- -- 16 25 2c -- -- -- -- -- -- e5 e8 -- -- -- -- -- -- -- -- -- -- cc -- -- --  d 38 -- -- -- -- e7 d7 -- -- -- -- 13 -- 4c -- 50 -- -- -- e3 ff -- -- 9f 54 e0 eb 47 b7 34 b3 d3 -- f2 -- -- -- 32 cd 88 db -- -- -- -- -- a6 

solutions so far:0 maxDepth:10 
iterations:44359808  skipped: 8 
Depth skipped: 
0 0 8 0 0 0 0 0 0 0 0 0 0 0 0 0 0 0 0 0 0 0 0 0 0 0 0 0 0 0 0 0 

running time: 5100 sec
 depth:6
 0  1  2  3  4  5  6  7  8  9  a  b  c  d  e  f 10 11 12 13 14 15 16 17 18 19 1a 1b 1c 1d 1e 1f 20 21 22 23 24 25 26 27 28 29 2a 2b 2c 2d 2e 2f 30 31 32 33 34 35 36 37 38 39 3a 3b 3c 3d 3e 3f 40 41 42 43 44 45 46 47 48 49 4a 4b 4c 4d 4e 4f 50 51 52 53 54 55 56 57 58 59 5a 5b 5c 5d 5e 5f 60 61 62 63 64 65 66 67 68 69 6a 6b 6c 6d 6e 6f 70 71 72 73 74 75 76 77 78 79 7a 7b 7c 7d 7e 7f 80 81 82 83 84 85 86 87 88 89 8a 8b 8c 8d 8e 8f 90 91 92 93 94 95 96 97 98 99 9a 9b 9c 9d 9e 9f a0 a1 a2 a3 a4 a5 a6 a7 a8 a9 aa ab ac ad ae af b0 b1 b2 b3 b4 b5 b6 b7 b8 b9 ba bb bc bd be bf c0 c1 c2 c3 c4 c5 c6 c7 c8 c9 ca cb cc cd ce cf d0 d1 d2 d3 d4 d5 d6 d7 d8 d9 da db dc dd de df e0 e1 e2 e3 e4 e5 e6 e7 e8 e9 ea eb ec ed ee ef f0 f1 f2 f3 f4 f5 f6 f7 f8 f9 fa fb fc fd fe ff 
 0  1  2 17  4 a2 2e 84  8 a6 93 14 5c 29 df -- 10 -- 9b -- f1 -- 28 1b b8 -- 52 -- 69 96 -- 65 20 -- -- -- e1 2b -- db 35 c9 -- -- 50 -- 36 -- a7 -- -- 33 a4 -- -- -- d2 a8 fb -- -- -- ca -- 40 -- -- -- -- -- -- -- 15 -- 56 -- -- -- 61 4f 6a -- 45 -- --  7 -- 1d a0 -- -- -- 6c -- -- -- 99 -- -- -- -- -- 66 -- 9f -- -- -- -- -- -- -- 73 -- 87 -- 21 70 --  5 -- 79 -- -- 43 -- -- -- 80 -- -- 1c -- -- -- -- -- -- -- 74 -- -- -- -- 2a -- -- -- ac -- -- 7f -- ce -- -- c2 94 9e c3 d4 -- -- -- 8a 4a -- 67 -- --  e -- -- -- 3a -- 97 -- -- -- -- -- -- f9 d8 25 -- -- -- -- -- -- e5 e8 -- -- -- -- -- -- -- -- -- -- cc -- -- -- e9 38 -- -- -- -- -- d7 -- -- -- -- -- -- -- -- e6 -- -- -- d9 4b -- -- 42 51 e0 eb -- ff  a 53 -- -- f2 -- -- -- -- 54 86 fe -- -- -- -- -- 8f 

solutions so far:0 maxDepth:10 
iterations:48165212  skipped: 8 
Depth skipped: 
0 0 8 0 0 0 0 0 0 0 0 0 0 0 0 0 0 0 0 0 0 0 0 0 0 0 0 0 0 0 0 0 

running time: 5400 sec
 depth:6
 0  1  2  3  4  5  6  7  8  9  a  b  c  d  e  f 10 11 12 13 14 15 16 17 18 19 1a 1b 1c 1d 1e 1f 20 21 22 23 24 25 26 27 28 29 2a 2b 2c 2d 2e 2f 30 31 32 33 34 35 36 37 38 39 3a 3b 3c 3d 3e 3f 40 41 42 43 44 45 46 47 48 49 4a 4b 4c 4d 4e 4f 50 51 52 53 54 55 56 57 58 59 5a 5b 5c 5d 5e 5f 60 61 62 63 64 65 66 67 68 69 6a 6b 6c 6d 6e 6f 70 71 72 73 74 75 76 77 78 79 7a 7b 7c 7d 7e 7f 80 81 82 83 84 85 86 87 88 89 8a 8b 8c 8d 8e 8f 90 91 92 93 94 95 96 97 98 99 9a 9b 9c 9d 9e 9f a0 a1 a2 a3 a4 a5 a6 a7 a8 a9 aa ab ac ad ae af b0 b1 b2 b3 b4 b5 b6 b7 b8 b9 ba bb bc bd be bf c0 c1 c2 c3 c4 c5 c6 c7 c8 c9 ca cb cc cd ce cf d0 d1 d2 d3 d4 d5 d6 d7 d8 d9 da db dc dd de df e0 e1 e2 e3 e4 e5 e6 e7 e8 e9 ea eb ec ed ee ef f0 f1 f2 f3 f4 f5 f6 f7 f8 f9 fa fb fc fd fe ff 
 0  1  2 17  4 9b 2e 89  8 ff e1 b4 5c b6 c5 -- 10 -- 29 -- 15 -- bf f5 b8 -- bb -- 5d 2f -- 28 20 -- -- -- 52 65 -- f9 2a db -- -- a9 -- 3d -- a7 -- -- 33 a1 -- -- -- ba  5 5e -- -- -- 50 -- 40 -- -- -- -- -- -- -- a4 -- ca -- -- -- 25 4f 54 -- 61 -- --  7 -- 1d 85 -- -- -- 7a -- -- -- 99 -- -- -- -- -- 66 -- 95 -- -- -- -- -- -- -- a3 --  a -- bc 70 -- 2d -- 79 -- -- a0 -- -- -- 80 -- -- 1c -- -- -- -- -- -- -- 74 -- -- -- -- 9f -- -- -- 43 -- -- 87 -- 7e -- -- 4a c6 9e 53 a8 -- -- -- c2 63 -- 3f -- --  e -- -- -- 3a -- dd -- -- -- -- -- -- 6d f4 da -- -- -- -- -- -- e5 e8 -- -- -- -- -- -- -- -- -- -- cc -- -- -- fd 38 -- -- -- -- -- d7 -- -- -- -- -- -- -- -- 91 -- -- -- 14 fc -- -- af a6 e0 eb -- 5b 5a 94 -- -- f2 -- -- -- -- e9 97 d9 -- -- -- -- -- 86 

solutions so far:0 maxDepth:10 
iterations:51652568  skipped: 8 
Depth skipped: 
0 0 8 0 0 0 0 0 0 0 0 0 0 0 0 0 0 0 0 0 0 0 0 0 0 0 0 0 0 0 0 0 

running time: 5700 sec
 depth:7
 0  1  2  3  4  5  6  7  8  9  a  b  c  d  e  f 10 11 12 13 14 15 16 17 18 19 1a 1b 1c 1d 1e 1f 20 21 22 23 24 25 26 27 28 29 2a 2b 2c 2d 2e 2f 30 31 32 33 34 35 36 37 38 39 3a 3b 3c 3d 3e 3f 40 41 42 43 44 45 46 47 48 49 4a 4b 4c 4d 4e 4f 50 51 52 53 54 55 56 57 58 59 5a 5b 5c 5d 5e 5f 60 61 62 63 64 65 66 67 68 69 6a 6b 6c 6d 6e 6f 70 71 72 73 74 75 76 77 78 79 7a 7b 7c 7d 7e 7f 80 81 82 83 84 85 86 87 88 89 8a 8b 8c 8d 8e 8f 90 91 92 93 94 95 96 97 98 99 9a 9b 9c 9d 9e 9f a0 a1 a2 a3 a4 a5 a6 a7 a8 a9 aa ab ac ad ae af b0 b1 b2 b3 b4 b5 b6 b7 b8 b9 ba bb bc bd be bf c0 c1 c2 c3 c4 c5 c6 c7 c8 c9 ca cb cc cd ce cf d0 d1 d2 d3 d4 d5 d6 d7 d8 d9 da db dc dd de df e0 e1 e2 e3 e4 e5 e6 e7 e8 e9 ea eb ec ed ee ef f0 f1 f2 f3 f4 f5 f6 f7 f8 f9 fa fb fc fd fe ff 
 0  1  2 17  4 93 2e  f  8 2f f1 c0 5c ea 1e 4c 10 -- 5e -- 35 -- 57 6e b8 --  3 -- 3c f6 98 91 20 -- -- -- bc 56 -- f4 6a 45 -- -- ae -- dc -- a7 -- -- 33  6 -- -- 64 78 5d 3b e2 e7 -- f5 -- 40 -- -- -- -- -- -- -- af -- ac -- -- -- 3f 4f d4 -- 8a -- --  7 -- 1d 8b -- -- -- 6f -- -- -- 99 -- -- -- -- -- 66 --  c -- -- 41 -- -- c8 8e f0 -- ba -- 76 70 13 30 19 79 -- d3 3d -- -- -- 80 -- -- 1c -- -- -- -- -- -- -- 74 -- -- -- -- 89 -- -- -- 8f -- -- fe -- d6 -- -- 7e d1 9e 51 7f -- -- -- c3 83 -- 6b -- --  e -- -- -- 3a -- c1 -- -- -- -- -- -- 55 de aa -- -- -- -- -- -- e5 e8 -- -- -- -- -- -- -- -- -- -- cc -- -- -- 18 38 -- -- -- -- 82 d7 -- -- -- -- 47 -- cb -- 37 -- -- -- a3 7b -- -- ec a2 e0 eb 26 75 60 fc 32 -- f2 -- -- -- 71 c5 7a 2b -- -- -- -- -- c9 

solutions so far:0 maxDepth:10 
iterations:55464911  skipped: 9 
Depth skipped: 
0 0 9 0 0 0 0 0 0 0 0 0 0 0 0 0 0 0 0 0 0 0 0 0 0 0 0 0 0 0 0 0 

running time: 6000 sec
 depth:7
 0  1  2  3  4  5  6  7  8  9  a  b  c  d  e  f 10 11 12 13 14 15 16 17 18 19 1a 1b 1c 1d 1e 1f 20 21 22 23 24 25 26 27 28 29 2a 2b 2c 2d 2e 2f 30 31 32 33 34 35 36 37 38 39 3a 3b 3c 3d 3e 3f 40 41 42 43 44 45 46 47 48 49 4a 4b 4c 4d 4e 4f 50 51 52 53 54 55 56 57 58 59 5a 5b 5c 5d 5e 5f 60 61 62 63 64 65 66 67 68 69 6a 6b 6c 6d 6e 6f 70 71 72 73 74 75 76 77 78 79 7a 7b 7c 7d 7e 7f 80 81 82 83 84 85 86 87 88 89 8a 8b 8c 8d 8e 8f 90 91 92 93 94 95 96 97 98 99 9a 9b 9c 9d 9e 9f a0 a1 a2 a3 a4 a5 a6 a7 a8 a9 aa ab ac ad ae af b0 b1 b2 b3 b4 b5 b6 b7 b8 b9 ba bb bc bd be bf c0 c1 c2 c3 c4 c5 c6 c7 c8 c9 ca cb cc cd ce cf d0 d1 d2 d3 d4 d5 d6 d7 d8 d9 da db dc dd de df e0 e1 e2 e3 e4 e5 e6 e7 e8 e9 ea eb ec ed ee ef f0 f1 f2 f3 f4 f5 f6 f7 f8 f9 fa fb fc fd fe ff 
 0  1  2 17  4 8d 2e  5  8 7d cd f6 5c 6e  a 91 10 -- fa -- 4d -- 3b 97 b8 -- dc -- 14 52 f5 31 20 -- -- -- 23 88 -- be 9a b3 -- -- 76 -- f9 -- a7 -- -- 33 6f -- -- 3f 28 49 a4 5d 3d -- 62 -- 40 -- -- -- -- -- -- -- 46 -- c7 -- -- -- ab 4f e3 -- b1 -- --  7 -- 1d ec -- -- -- 25 -- -- -- 99 -- -- -- -- -- 66 -- de -- -- bc -- -- 7e 2f 50 -- 92 -- 9f 70 ba d6 7a 79 -- 89 c4 -- -- -- 80 -- -- 1c -- -- -- -- -- -- -- 74 -- -- -- -- 8c -- -- -- 59 -- -- 22 -- ff -- -- 81 f0 9e bd 11 -- -- -- b5 78 -- 94 -- --  e -- -- -- 3a --  f -- -- -- -- -- -- 1e 4a 3c -- -- -- -- -- -- e5 e8 -- -- -- -- -- -- -- -- -- -- cc -- -- -- 6b 38 -- -- -- -- af d7 -- -- -- -- fc -- 5e -- a0 -- -- -- f3 29 -- -- e9 ad e0 eb a3 37 7b d5 f4 -- f2 -- -- -- c5 cf 5f 44 -- -- -- -- -- b2 

solutions so far:0 maxDepth:10 
iterations:59057498  skipped: 9 
Depth skipped: 
0 0 9 0 0 0 0 0 0 0 0 0 0 0 0 0 0 0 0 0 0 0 0 0 0 0 0 0 0 0 0 0 

running time: 6300 sec
 depth:6
 0  1  2  3  4  5  6  7  8  9  a  b  c  d  e  f 10 11 12 13 14 15 16 17 18 19 1a 1b 1c 1d 1e 1f 20 21 22 23 24 25 26 27 28 29 2a 2b 2c 2d 2e 2f 30 31 32 33 34 35 36 37 38 39 3a 3b 3c 3d 3e 3f 40 41 42 43 44 45 46 47 48 49 4a 4b 4c 4d 4e 4f 50 51 52 53 54 55 56 57 58 59 5a 5b 5c 5d 5e 5f 60 61 62 63 64 65 66 67 68 69 6a 6b 6c 6d 6e 6f 70 71 72 73 74 75 76 77 78 79 7a 7b 7c 7d 7e 7f 80 81 82 83 84 85 86 87 88 89 8a 8b 8c 8d 8e 8f 90 91 92 93 94 95 96 97 98 99 9a 9b 9c 9d 9e 9f a0 a1 a2 a3 a4 a5 a6 a7 a8 a9 aa ab ac ad ae af b0 b1 b2 b3 b4 b5 b6 b7 b8 b9 ba bb bc bd be bf c0 c1 c2 c3 c4 c5 c6 c7 c8 c9 ca cb cc cd ce cf d0 d1 d2 d3 d4 d5 d6 d7 d8 d9 da db dc dd de df e0 e1 e2 e3 e4 e5 e6 e7 e8 e9 ea eb ec ed ee ef f0 f1 f2 f3 f4 f5 f6 f7 f8 f9 fa fb fc fd fe ff 
 0  1  2 17  4 86 2e a9  8 28 db df 5c ce 85 -- 10 -- 50 -- 61 -- 69 c6 b8 -- 4b -- dd 2d -- 29 20 -- -- -- a0 15 -- e9 c2 87 -- -- d2 -- 5b -- a7 -- -- 33 96 -- -- -- 6d 4a 5a -- -- -- 52 -- 40 -- -- -- -- -- -- -- 97 -- 2a -- -- --  5 4f 53 -- d9 -- --  7 -- 1d 73 -- -- -- b6 -- -- -- 99 -- -- -- -- -- 66 -- fb -- -- -- -- -- -- -- da -- 94 -- b4 70 -- 42 -- 79 -- -- a4 -- -- -- 80 -- -- 1c -- -- -- -- -- -- -- 74 -- -- -- -- f9 -- -- -- 54 -- -- 9b -- 95 -- --  a d8 9e ca a6 -- -- -- 65 6c -- a1 -- --  e -- -- -- 3a -- e6 -- -- -- -- -- -- 1b bb 36 -- -- -- -- -- -- e5 e8 -- -- -- -- -- -- -- -- -- -- cc -- -- -- 21 38 -- -- -- -- -- d7 -- -- -- -- -- -- -- -- 63 -- -- -- ff fd -- -- bf 43 e0 eb -- 67 84 14 -- -- f2 -- -- -- -- 25 9f e1 -- -- -- -- -- a8 

solutions so far:0 maxDepth:10 
iterations:62900605  skipped: 10 
Depth skipped: 
0 0 10 0 0 0 0 0 0 0 0 0 0 0 0 0 0 0 0 0 0 0 0 0 0 0 0 0 0 0 0 0 

running time: 6600 sec
 depth:6
 0  1  2  3  4  5  6  7  8  9  a  b  c  d  e  f 10 11 12 13 14 15 16 17 18 19 1a 1b 1c 1d 1e 1f 20 21 22 23 24 25 26 27 28 29 2a 2b 2c 2d 2e 2f 30 31 32 33 34 35 36 37 38 39 3a 3b 3c 3d 3e 3f 40 41 42 43 44 45 46 47 48 49 4a 4b 4c 4d 4e 4f 50 51 52 53 54 55 56 57 58 59 5a 5b 5c 5d 5e 5f 60 61 62 63 64 65 66 67 68 69 6a 6b 6c 6d 6e 6f 70 71 72 73 74 75 76 77 78 79 7a 7b 7c 7d 7e 7f 80 81 82 83 84 85 86 87 88 89 8a 8b 8c 8d 8e 8f 90 91 92 93 94 95 96 97 98 99 9a 9b 9c 9d 9e 9f a0 a1 a2 a3 a4 a5 a6 a7 a8 a9 aa ab ac ad ae af b0 b1 b2 b3 b4 b5 b6 b7 b8 b9 ba bb bc bd be bf c0 c1 c2 c3 c4 c5 c6 c7 c8 c9 ca cb cc cd ce cf d0 d1 d2 d3 d4 d5 d6 d7 d8 d9 da db dc dd de df e0 e1 e2 e3 e4 e5 e6 e7 e8 e9 ea eb ec ed ee ef f0 f1 f2 f3 f4 f5 f6 f7 f8 f9 fa fb fc fd fe ff 
 0  1  2 17  4 7c 2e 9b  8 c8 f8 67 5c d2 e1 -- 10 -- 47 -- 27 -- ce 87 b8 -- 73 -- 15 61 -- 13 20 -- -- -- 8e 24 -- e7 4e 39 -- -- 4b -- d9 -- a7 -- -- 33 e6 -- -- -- 2a d3 c2 -- -- -- 26 -- 40 -- -- -- -- -- -- -- cb -- 48 -- -- -- 19 4f 9c -- 72 -- --  7 -- 1d 96 -- -- -- 65 -- -- -- 99 -- -- -- -- -- 66 -- 1b -- -- -- -- -- -- -- 54 -- 71 -- 53 70 -- 6c -- 79 -- -- 4c -- -- -- 80 -- -- 1c -- -- -- -- -- -- -- 74 -- -- -- -- 41 -- -- -- 90 -- --  9 -- 86 -- -- 32 df 9e 1f ef -- -- -- e4 84 -- 43 -- --  e -- -- -- 3a -- fb -- -- -- -- -- -- 21 ca 42 -- -- -- -- -- -- e5 e8 -- -- -- -- -- -- -- -- -- -- cc -- -- -- 36 38 -- -- -- -- -- d7 -- -- -- -- -- -- -- -- a8 -- -- -- e2 db -- -- a6 3e e0 eb -- 69 d8 64 -- -- f2 -- -- -- -- 82 98 12 -- -- -- -- -- f7 

solutions so far:0 maxDepth:10 
iterations:68312688  skipped: 11 
Depth skipped: 
0 0 11 0 0 0 0 0 0 0 0 0 0 0 0 0 0 0 0 0 0 0 0 0 0 0 0 0 0 0 0 0 

running time: 6900 sec
 depth:6
 0  1  2  3  4  5  6  7  8  9  a  b  c  d  e  f 10 11 12 13 14 15 16 17 18 19 1a 1b 1c 1d 1e 1f 20 21 22 23 24 25 26 27 28 29 2a 2b 2c 2d 2e 2f 30 31 32 33 34 35 36 37 38 39 3a 3b 3c 3d 3e 3f 40 41 42 43 44 45 46 47 48 49 4a 4b 4c 4d 4e 4f 50 51 52 53 54 55 56 57 58 59 5a 5b 5c 5d 5e 5f 60 61 62 63 64 65 66 67 68 69 6a 6b 6c 6d 6e 6f 70 71 72 73 74 75 76 77 78 79 7a 7b 7c 7d 7e 7f 80 81 82 83 84 85 86 87 88 89 8a 8b 8c 8d 8e 8f 90 91 92 93 94 95 96 97 98 99 9a 9b 9c 9d 9e 9f a0 a1 a2 a3 a4 a5 a6 a7 a8 a9 aa ab ac ad ae af b0 b1 b2 b3 b4 b5 b6 b7 b8 b9 ba bb bc bd be bf c0 c1 c2 c3 c4 c5 c6 c7 c8 c9 ca cb cc cd ce cf d0 d1 d2 d3 d4 d5 d6 d7 d8 d9 da db dc dd de df e0 e1 e2 e3 e4 e5 e6 e7 e8 e9 ea eb ec ed ee ef f0 f1 f2 f3 f4 f5 f6 f7 f8 f9 fa fb fc fd fe ff 
 0  1  2 17  4 71 2e 56  8 ce e2 da 5c 5a ac -- 10 -- 4b -- 13 -- 63 c3 b8 -- b4 -- 8f d4 -- d2 20 -- -- -- 96 32 -- 36 26 8e -- -- c6 -- 51 -- a7 -- -- 33 bf -- -- -- c9 84 7f -- -- -- 73 -- 40 -- -- -- -- -- -- -- fb -- 64 -- -- -- 6c 4f 4c -- cb -- --  7 -- 1d 5b -- -- -- a2 -- -- -- 99 -- -- -- -- -- 66 -- a9 -- -- -- -- -- -- -- 45 -- df -- fe 70 -- dd -- 79 -- -- e6 -- -- -- 80 -- -- 1c -- -- -- -- -- -- -- 74 -- -- -- -- 21 -- -- -- c8 -- -- e7 -- 35 -- -- d8 fd 9e 82 98 -- -- -- 41 95 -- f1 -- --  e -- -- -- 3a -- b6 -- -- -- -- -- -- bb 93 a1 -- -- -- -- -- -- e5 e8 -- -- -- -- -- -- -- -- -- -- cc -- -- -- 85 38 -- -- -- -- -- d7 -- -- -- -- -- -- -- -- 8a -- -- -- 69 6a -- -- 2b d3 e0 eb -- 2d 6d 67 -- -- f2 -- -- -- -- 42 1b 19 -- -- -- -- -- 47 

solutions so far:0 maxDepth:10 
iterations:73510104  skipped: 12 
Depth skipped: 
0 0 12 0 0 0 0 0 0 0 0 0 0 0 0 0 0 0 0 0 0 0 0 0 0 0 0 0 0 0 0 0 

running time: 7200 sec
 depth:7
 0  1  2  3  4  5  6  7  8  9  a  b  c  d  e  f 10 11 12 13 14 15 16 17 18 19 1a 1b 1c 1d 1e 1f 20 21 22 23 24 25 26 27 28 29 2a 2b 2c 2d 2e 2f 30 31 32 33 34 35 36 37 38 39 3a 3b 3c 3d 3e 3f 40 41 42 43 44 45 46 47 48 49 4a 4b 4c 4d 4e 4f 50 51 52 53 54 55 56 57 58 59 5a 5b 5c 5d 5e 5f 60 61 62 63 64 65 66 67 68 69 6a 6b 6c 6d 6e 6f 70 71 72 73 74 75 76 77 78 79 7a 7b 7c 7d 7e 7f 80 81 82 83 84 85 86 87 88 89 8a 8b 8c 8d 8e 8f 90 91 92 93 94 95 96 97 98 99 9a 9b 9c 9d 9e 9f a0 a1 a2 a3 a4 a5 a6 a7 a8 a9 aa ab ac ad ae af b0 b1 b2 b3 b4 b5 b6 b7 b8 b9 ba bb bc bd be bf c0 c1 c2 c3 c4 c5 c6 c7 c8 c9 ca cb cc cd ce cf d0 d1 d2 d3 d4 d5 d6 d7 d8 d9 da db dc dd de df e0 e1 e2 e3 e4 e5 e6 e7 e8 e9 ea eb ec ed ee ef f0 f1 f2 f3 f4 f5 f6 f7 f8 f9 fa fb fc fd fe ff 
 0  1  2 17  4 64 2e 45  8 c4 c8 f0 5c 3b 8a ad 10 -- 5f -- 47 -- 37 f1 b8 -- 76 -- c3 56 8d 46 20 -- -- -- be 71 -- 92 8e 4c -- -- 6e -- 35 -- a7 -- -- 33 ec -- -- e3 51 7d ac b1 cd -- 8c -- 40 -- -- -- -- -- -- -- ab -- e2 -- -- -- f3 4f cb -- 98 -- --  7 -- 1d dc -- -- -- 6a -- -- -- 99 -- -- -- -- -- 66 --  f -- -- c7 -- -- 11 44 a2 -- fa -- 8f 70 b5 3c 4d 79 -- b2 cf -- -- -- 80 -- -- 1c -- -- -- -- -- -- -- 74 -- -- -- -- 81 -- -- -- 13 -- -- 82 -- fe -- -- 31 7b 9e 19 41 -- -- -- e7 d6 -- 7f -- --  e -- -- -- 3a -- 6f -- -- -- -- -- -- de d4 6b -- -- -- -- -- -- e5 e8 -- -- -- -- -- -- -- -- -- -- cc -- -- -- 1e 38 -- -- -- -- 59 d7 -- -- -- -- 22 -- 88 -- 93 -- -- -- 23 2b -- -- c9 32 e0 eb bd f6 78 62 9a -- f2 -- -- -- b3 d5 49 d3 -- -- -- -- -- 26 

solutions so far:0 maxDepth:10 
iterations:79096454  skipped: 13 
Depth skipped: 
0 0 13 0 0 0 0 0 0 0 0 0 0 0 0 0 0 0 0 0 0 0 0 0 0 0 0 0 0 0 0 0 

running time: 7500 sec
 depth:6
 0  1  2  3  4  5  6  7  8  9  a  b  c  d  e  f 10 11 12 13 14 15 16 17 18 19 1a 1b 1c 1d 1e 1f 20 21 22 23 24 25 26 27 28 29 2a 2b 2c 2d 2e 2f 30 31 32 33 34 35 36 37 38 39 3a 3b 3c 3d 3e 3f 40 41 42 43 44 45 46 47 48 49 4a 4b 4c 4d 4e 4f 50 51 52 53 54 55 56 57 58 59 5a 5b 5c 5d 5e 5f 60 61 62 63 64 65 66 67 68 69 6a 6b 6c 6d 6e 6f 70 71 72 73 74 75 76 77 78 79 7a 7b 7c 7d 7e 7f 80 81 82 83 84 85 86 87 88 89 8a 8b 8c 8d 8e 8f 90 91 92 93 94 95 96 97 98 99 9a 9b 9c 9d 9e 9f a0 a1 a2 a3 a4 a5 a6 a7 a8 a9 aa ab ac ad ae af b0 b1 b2 b3 b4 b5 b6 b7 b8 b9 ba bb bc bd be bf c0 c1 c2 c3 c4 c5 c6 c7 c8 c9 ca cb cc cd ce cf d0 d1 d2 d3 d4 d5 d6 d7 d8 d9 da db dc dd de df e0 e1 e2 e3 e4 e5 e6 e7 e8 e9 ea eb ec ed ee ef f0 f1 f2 f3 f4 f5 f6 f7 f8 f9 fa fb fc fd fe ff 
 0  1  2 17  4 5d 2e 61  8 c6 ba 36 5c 84 c2 -- 10 -- 5b -- a3 -- 6c 15 b8 -- df -- 53 ca -- b4 20 -- -- -- b6 3f -- dd 91 5e -- -- d8 -- 2a -- a7 -- -- 33 69 -- -- -- a6 fd 43 -- -- -- bf -- 40 -- -- -- -- -- -- -- bb -- 7e -- -- -- 6d 4f f5 -- bc -- --  7 -- 1d 67 -- -- -- 54 -- -- -- 99 -- -- -- -- -- 66 -- d2 -- -- -- -- -- -- -- 9b -- 2d -- 86 70 -- e6 -- 79 -- -- a9 -- -- -- 80 -- -- 1c -- -- -- -- -- -- -- 74 -- -- -- -- a1 -- -- -- fc -- -- 7a -- d9 -- -- da 21 9e 89 3d -- -- -- af fb -- 87 -- --  e -- -- -- 3a -- ce -- -- -- -- -- -- 4b a8 96 -- -- -- -- -- -- e5 e8 -- -- -- -- -- -- -- -- -- -- cc -- -- -- 73 38 -- -- -- -- -- d7 -- -- -- -- -- -- -- -- e1 -- -- -- 5a 65 -- -- db c5 e0 eb -- 42 1b 63 -- -- f2 -- -- -- -- 95 85 f4 -- -- -- -- -- 2f 

solutions so far:0 maxDepth:10 
iterations:83947089  skipped: 13 
Depth skipped: 
0 0 13 0 0 0 0 0 0 0 0 0 0 0 0 0 0 0 0 0 0 0 0 0 0 0 0 0 0 0 0 0 

running time: 7800 sec
 depth:6
 0  1  2  3  4  5  6  7  8  9  a  b  c  d  e  f 10 11 12 13 14 15 16 17 18 19 1a 1b 1c 1d 1e 1f 20 21 22 23 24 25 26 27 28 29 2a 2b 2c 2d 2e 2f 30 31 32 33 34 35 36 37 38 39 3a 3b 3c 3d 3e 3f 40 41 42 43 44 45 46 47 48 49 4a 4b 4c 4d 4e 4f 50 51 52 53 54 55 56 57 58 59 5a 5b 5c 5d 5e 5f 60 61 62 63 64 65 66 67 68 69 6a 6b 6c 6d 6e 6f 70 71 72 73 74 75 76 77 78 79 7a 7b 7c 7d 7e 7f 80 81 82 83 84 85 86 87 88 89 8a 8b 8c 8d 8e 8f 90 91 92 93 94 95 96 97 98 99 9a 9b 9c 9d 9e 9f a0 a1 a2 a3 a4 a5 a6 a7 a8 a9 aa ab ac ad ae af b0 b1 b2 b3 b4 b5 b6 b7 b8 b9 ba bb bc bd be bf c0 c1 c2 c3 c4 c5 c6 c7 c8 c9 ca cb cc cd ce cf d0 d1 d2 d3 d4 d5 d6 d7 d8 d9 da db dc dd de df e0 e1 e2 e3 e4 e5 e6 e7 e8 e9 ea eb ec ed ee ef f0 f1 f2 f3 f4 f5 f6 f7 f8 f9 fa fb fc fd fe ff 
 0  1  2 17  4 52 2e bc  8 de a4 a6 5c ca af -- 10 -- 6b -- 9f -- 9b a3 b8 -- 43 -- 89 7e -- 1e 20 -- -- -- d6 50 -- 37 e9 25 -- -- e1 -- 91 -- a7 -- -- 33 86 -- -- -- c5 76 fc -- -- -- 3c -- 40 -- -- -- -- -- -- -- 7b -- a0 -- -- -- 6e 4f  5 -- 4a -- --  7 -- 1d 15 -- -- -- f5 -- -- -- 99 -- -- -- -- -- 66 -- db -- -- -- -- -- -- -- 5d -- ec -- 2f 70 -- c2 -- 79 -- -- 78 -- -- -- 80 -- -- 1c -- -- -- -- -- -- -- 74 -- -- -- -- f6 -- -- -- 97 -- -- 14 -- f4 -- -- dc d9 9e ff  a -- -- -- 94 87 -- 7a -- --  e -- -- -- 3a -- 2a -- -- -- -- -- -- 54 3d a8 -- -- -- -- -- -- e5 e8 -- -- -- -- -- -- -- -- -- -- cc -- -- -- 61 38 -- -- -- -- -- d7 -- -- -- -- -- -- -- -- ba -- -- --  f 3f -- -- 5e 29 e0 eb -- 65 53 6f -- -- f2 -- -- -- -- 3b f0 28 -- -- -- -- -- f9 

solutions so far:0 maxDepth:10 
iterations:89526139  skipped: 13 
Depth skipped: 
0 0 13 0 0 0 0 0 0 0 0 0 0 0 0 0 0 0 0 0 0 0 0 0 0 0 0 0 0 0 0 0 

running time: 8100 sec
 depth:6
 0  1  2  3  4  5  6  7  8  9  a  b  c  d  e  f 10 11 12 13 14 15 16 17 18 19 1a 1b 1c 1d 1e 1f 20 21 22 23 24 25 26 27 28 29 2a 2b 2c 2d 2e 2f 30 31 32 33 34 35 36 37 38 39 3a 3b 3c 3d 3e 3f 40 41 42 43 44 45 46 47 48 49 4a 4b 4c 4d 4e 4f 50 51 52 53 54 55 56 57 58 59 5a 5b 5c 5d 5e 5f 60 61 62 63 64 65 66 67 68 69 6a 6b 6c 6d 6e 6f 70 71 72 73 74 75 76 77 78 79 7a 7b 7c 7d 7e 7f 80 81 82 83 84 85 86 87 88 89 8a 8b 8c 8d 8e 8f 90 91 92 93 94 95 96 97 98 99 9a 9b 9c 9d 9e 9f a0 a1 a2 a3 a4 a5 a6 a7 a8 a9 aa ab ac ad ae af b0 b1 b2 b3 b4 b5 b6 b7 b8 b9 ba bb bc bd be bf c0 c1 c2 c3 c4 c5 c6 c7 c8 c9 ca cb cc cd ce cf d0 d1 d2 d3 d4 d5 d6 d7 d8 d9 da db dc dd de df e0 e1 e2 e3 e4 e5 e6 e7 e8 e9 ea eb ec ed ee ef f0 f1 f2 f3 f4 f5 f6 f7 f8 f9 fa fb fc fd fe ff 
 0  1  2 17  4 48 2e bd  8 7f 90  6 5c 55 ad -- 10 -- fe -- f7 --  c e3 b8 -- aa -- 8d b2 -- c3 20 -- -- -- 2b 7c -- f1 39 9c -- -- 18 -- 11 -- a7 -- -- 33 83 -- -- -- cd c9 b3 -- -- -- 51 -- 40 -- -- -- -- -- -- -- 56 -- f8 -- -- -- 35 4f 72 -- ef -- --  7 -- 1d 30 -- -- -- 22 -- -- -- 99 -- -- -- -- -- 66 -- d1 -- -- -- -- -- -- -- 4d -- 45 -- b1 70 -- ea -- 79 -- -- a2 -- -- -- 80 -- -- 1c -- -- -- -- -- -- -- 74 -- -- -- -- ac -- -- -- 27 -- -- 1f -- c7 -- -- 6a 8b 9e 12 e4 -- -- --  9 ae -- 88 -- --  e -- -- -- 3a -- 60 -- -- -- -- -- -- c0 44 57 -- -- -- -- -- -- e5 e8 -- -- -- -- -- -- -- -- -- -- cc -- -- -- 75 38 -- -- -- -- -- d7 -- -- -- -- -- -- -- -- 9a -- -- -- 8a 59 -- -- b5 24 e0 eb -- c1  3 d4 -- -- f2 -- -- -- -- 8f 93 3e -- -- -- -- -- 4e 

solutions so far:0 maxDepth:10 
iterations:94509258  skipped: 14 
Depth skipped: 
0 0 14 0 0 0 0 0 0 0 0 0 0 0 0 0 0 0 0 0 0 0 0 0 0 0 0 0 0 0 0 0 

running time: 8400 sec
 depth:7
 0  1  2  3  4  5  6  7  8  9  a  b  c  d  e  f 10 11 12 13 14 15 16 17 18 19 1a 1b 1c 1d 1e 1f 20 21 22 23 24 25 26 27 28 29 2a 2b 2c 2d 2e 2f 30 31 32 33 34 35 36 37 38 39 3a 3b 3c 3d 3e 3f 40 41 42 43 44 45 46 47 48 49 4a 4b 4c 4d 4e 4f 50 51 52 53 54 55 56 57 58 59 5a 5b 5c 5d 5e 5f 60 61 62 63 64 65 66 67 68 69 6a 6b 6c 6d 6e 6f 70 71 72 73 74 75 76 77 78 79 7a 7b 7c 7d 7e 7f 80 81 82 83 84 85 86 87 88 89 8a 8b 8c 8d 8e 8f 90 91 92 93 94 95 96 97 98 99 9a 9b 9c 9d 9e 9f a0 a1 a2 a3 a4 a5 a6 a7 a8 a9 aa ab ac ad ae af b0 b1 b2 b3 b4 b5 b6 b7 b8 b9 ba bb bc bd be bf c0 c1 c2 c3 c4 c5 c6 c7 c8 c9 ca cb cc cd ce cf d0 d1 d2 d3 d4 d5 d6 d7 d8 d9 da db dc dd de df e0 e1 e2 e3 e4 e5 e6 e7 e8 e9 ea eb ec ed ee ef f0 f1 f2 f3 f4 f5 f6 f7 f8 f9 fa fb fc fd fe ff 
 0  1  2 17  4 3f 2e 85  8 68 7e 22 5c ad dd 3b 10 -- d0 -- fc -- 44 5b b8 -- 8d -- 6d 5a 76 b7 20 -- -- -- 77 c5 -- ed 2f 91 -- -- 88 -- b6 -- a7 -- -- 33 cd -- -- 3c da 2c b4 d6 ec -- b9 -- 40 -- -- -- -- -- -- -- ee -- 5d -- -- --  d 4f 5e -- f5 -- --  7 -- 1d c7 -- -- -- bb -- -- -- 99 -- -- -- -- -- 66 -- 4d -- -- dc -- -- 78 37 63 -- 58 -- bf 70 7b e3  f 79 -- de a5 -- -- -- 80 -- -- 1c -- -- -- -- -- -- -- 74 -- -- -- --  b -- -- -- ba -- -- af -- fd -- -- 1a b5 9e 7a bc -- -- -- 3d b1 -- 95 -- --  e -- -- -- 3a -- 59 -- -- -- -- -- -- b2 a1 b3 -- -- -- -- -- -- e5 e8 -- -- -- -- -- -- -- -- -- -- cc -- -- -- 9a 38 -- -- -- -- 6f d7 -- -- -- -- f0 -- 6e -- c6 -- -- -- b0 2d -- -- a9 f4 e0 eb f6 bd 11 34 1e -- f2 -- -- -- 6b 16 9d 89 -- -- -- -- -- a3 

solutions so far:0 maxDepth:10 
iterations:99769029  skipped: 14 
Depth skipped: 
0 0 14 0 0 0 0 0 0 0 0 0 0 0 0 0 0 0 0 0 0 0 0 0 0 0 0 0 0 0 0 0 

running time: 8700 sec
 depth:7
 0  1  2  3  4  5  6  7  8  9  a  b  c  d  e  f 10 11 12 13 14 15 16 17 18 19 1a 1b 1c 1d 1e 1f 20 21 22 23 24 25 26 27 28 29 2a 2b 2c 2d 2e 2f 30 31 32 33 34 35 36 37 38 39 3a 3b 3c 3d 3e 3f 40 41 42 43 44 45 46 47 48 49 4a 4b 4c 4d 4e 4f 50 51 52 53 54 55 56 57 58 59 5a 5b 5c 5d 5e 5f 60 61 62 63 64 65 66 67 68 69 6a 6b 6c 6d 6e 6f 70 71 72 73 74 75 76 77 78 79 7a 7b 7c 7d 7e 7f 80 81 82 83 84 85 86 87 88 89 8a 8b 8c 8d 8e 8f 90 91 92 93 94 95 96 97 98 99 9a 9b 9c 9d 9e 9f a0 a1 a2 a3 a4 a5 a6 a7 a8 a9 aa ab ac ad ae af b0 b1 b2 b3 b4 b5 b6 b7 b8 b9 ba bb bc bd be bf c0 c1 c2 c3 c4 c5 c6 c7 c8 c9 ca cb cc cd ce cf d0 d1 d2 d3 d4 d5 d6 d7 d8 d9 da db dc dd de df e0 e1 e2 e3 e4 e5 e6 e7 e8 e9 ea eb ec ed ee ef f0 f1 f2 f3 f4 f5 f6 f7 f8 f9 fa fb fc fd fe ff 
 0  1  2 17  4 32 2e a0  8 b3 64 76 5c 6f 97 54 10 -- b1 -- c8 -- ec ff b8 -- de -- f9  a a8 e3 20 -- -- -- b5 d3 -- 88 47 26 -- --  f -- 29 -- a7 -- -- 33 6b -- -- ca 25 cd 14 e1 87 -- 11 -- 40 -- -- -- -- -- -- -- bd -- 71 -- -- -- c7 4f 8e -- 4c -- --  7 -- 1d 1e -- -- -- 52 -- -- -- 99 -- -- -- -- -- 66 -- d6 -- -- c2 -- -- 43 db 4a -- 4d -- 28 70 15 f6 d9 79 -- a6 22 -- -- -- 80 -- -- 1c -- -- -- -- -- -- -- 74 -- -- -- -- ad -- -- -- e2 -- -- 41 -- e9 -- -- 59 6e 9e e7 cb -- -- -- 98 37 -- 9f -- --  e -- -- -- 3a -- 3c -- -- -- -- -- -- 78 a4 f0 -- -- -- -- -- -- e5 e8 -- -- -- -- -- -- -- -- -- -- cc -- -- -- 7b 38 -- -- -- -- 53 d7 -- -- -- -- 86 -- 61 -- 94 -- -- -- 9a  5 -- -- 50 19 e0 eb 2a dc 3b b2 65 -- f2 -- -- -- 9b 8d 44 82 -- -- -- -- -- 13 

solutions so far:0 maxDepth:10 
iterations:105447198  skipped: 14 
Depth skipped: 
0 0 14 0 0 0 0 0 0 0 0 0 0 0 0 0 0 0 0 0 0 0 0 0 0 0 0 0 0 0 0 0 

running time: 9000 sec
 depth:7
 0  1  2  3  4  5  6  7  8  9  a  b  c  d  e  f 10 11 12 13 14 15 16 17 18 19 1a 1b 1c 1d 1e 1f 20 21 22 23 24 25 26 27 28 29 2a 2b 2c 2d 2e 2f 30 31 32 33 34 35 36 37 38 39 3a 3b 3c 3d 3e 3f 40 41 42 43 44 45 46 47 48 49 4a 4b 4c 4d 4e 4f 50 51 52 53 54 55 56 57 58 59 5a 5b 5c 5d 5e 5f 60 61 62 63 64 65 66 67 68 69 6a 6b 6c 6d 6e 6f 70 71 72 73 74 75 76 77 78 79 7a 7b 7c 7d 7e 7f 80 81 82 83 84 85 86 87 88 89 8a 8b 8c 8d 8e 8f 90 91 92 93 94 95 96 97 98 99 9a 9b 9c 9d 9e 9f a0 a1 a2 a3 a4 a5 a6 a7 a8 a9 aa ab ac ad ae af b0 b1 b2 b3 b4 b5 b6 b7 b8 b9 ba bb bc bd be bf c0 c1 c2 c3 c4 c5 c6 c7 c8 c9 ca cb cc cd ce cf d0 d1 d2 d3 d4 d5 d6 d7 d8 d9 da db dc dd de df e0 e1 e2 e3 e4 e5 e6 e7 e8 e9 ea eb ec ed ee ef f0 f1 f2 f3 f4 f5 f6 f7 f8 f9 fa fb fc fd fe ff 
 0  1  2 17  4 26 2e 95  8 18 4c a4 5c f9 fd 3f 10 -- 30 -- 98 -- 9f a9 b8 -- 25 -- 2d 5b 7e aa 20 -- -- -- 60 47 -- ea e7 82 -- -- e9 -- 85 -- a7 -- -- 33 4a -- -- bc 5a 8b b6 3d fc -- 83 -- 40 -- -- -- -- -- -- -- c0 -- 8e -- -- --  3 4f 19 -- d3 -- --  7 -- 1d  5 -- -- -- dd -- -- -- 99 -- -- -- -- -- 66 -- 94 -- -- ba -- -- af c5 b4 -- c1 -- bb 70 7a 29 2f 79 -- 91 d1 -- -- -- 80 -- -- 1c -- -- -- -- -- -- -- 74 -- -- -- -- 57 -- -- -- cb -- -- 64 -- 63 -- --  6 a0 9e e2 32 -- -- -- 71 50 -- da -- --  e -- -- -- 3a --  a -- -- -- -- -- -- 14 6d 28 -- -- -- -- -- -- e5 e8 -- -- -- -- -- -- -- -- -- -- cc -- -- -- ff 38 -- -- -- -- a3 d7 -- -- -- -- 89 -- 5d -- bf -- -- -- 55 c6 -- -- a1 13 e0 eb f4 97 52  c 5e -- f2 -- -- -- f5 ae 75 c8 -- -- -- -- -- 41 

solutions so far:0 maxDepth:10 
iterations:111122841  skipped: 14 
Depth skipped: 
0 0 14 0 0 0 0 0 0 0 0 0 0 0 0 0 0 0 0 0 0 0 0 0 0 0 0 0 0 0 0 0 

running time: 9300 sec
 depth:7
 0  1  2  3  4  5  6  7  8  9  a  b  c  d  e  f 10 11 12 13 14 15 16 17 18 19 1a 1b 1c 1d 1e 1f 20 21 22 23 24 25 26 27 28 29 2a 2b 2c 2d 2e 2f 30 31 32 33 34 35 36 37 38 39 3a 3b 3c 3d 3e 3f 40 41 42 43 44 45 46 47 48 49 4a 4b 4c 4d 4e 4f 50 51 52 53 54 55 56 57 58 59 5a 5b 5c 5d 5e 5f 60 61 62 63 64 65 66 67 68 69 6a 6b 6c 6d 6e 6f 70 71 72 73 74 75 76 77 78 79 7a 7b 7c 7d 7e 7f 80 81 82 83 84 85 86 87 88 89 8a 8b 8c 8d 8e 8f 90 91 92 93 94 95 96 97 98 99 9a 9b 9c 9d 9e 9f a0 a1 a2 a3 a4 a5 a6 a7 a8 a9 aa ab ac ad ae af b0 b1 b2 b3 b4 b5 b6 b7 b8 b9 ba bb bc bd be bf c0 c1 c2 c3 c4 c5 c6 c7 c8 c9 ca cb cc cd ce cf d0 d1 d2 d3 d4 d5 d6 d7 d8 d9 da db dc dd de df e0 e1 e2 e3 e4 e5 e6 e7 e8 e9 ea eb ec ed ee ef f0 f1 f2 f3 f4 f5 f6 f7 f8 f9 fa fb fc fd fe ff 
 0  1  2 17  4 18 2e c9  8 72 30 23 5c 5f 45  d 10 -- e4 -- 60 -- 46 93 b8 -- be -- 8a 2b 1a ef 20 -- -- -- 1f 55 -- 48 c0 75 -- -- 8c -- f1 -- a7 -- -- 33 ab -- -- 77 c3 27 56 a5 34 --  9 -- 40 -- -- -- -- -- -- -- 3e -- aa -- -- -- 90 4f 57 -- ea -- --  7 -- 1d cf -- -- -- 35 -- -- -- 99 -- -- -- -- -- 66 -- 81 -- -- 58 -- -- ee 16 51 -- 4e -- ac 70 9d 7d 68 79 -- b7 12 -- -- -- 80 -- -- 1c -- -- -- -- -- -- -- 74 -- -- -- -- 7c -- -- -- 83 -- -- 8b -- 7f -- -- f7 62 9e  6 ae -- -- --  3 31 -- d4 -- --  e -- -- -- 3a -- 49 -- -- -- -- -- -- 92 6a f3 -- -- -- -- -- -- e5 e8 -- -- -- -- -- -- -- -- -- -- cc -- -- -- d5 38 -- -- -- -- b0 d7 -- -- -- --  b -- 2c -- a2 -- -- -- 9c fe -- -- 8f  c e0 eb ed c4 fa 39 d0 -- f2 -- -- -- b9 f8 24 c1 -- -- -- -- -- d1 

solutions so far:0 maxDepth:10 
iterations:117954359  skipped: 14 
Depth skipped: 
0 0 14 0 0 0 0 0 0 0 0 0 0 0 0 0 0 0 0 0 0 0 0 0 0 0 0 0 0 0 0 0 

running time: 9600 sec
 depth:7
 0  1  2  3  4  5  6  7  8  9  a  b  c  d  e  f 10 11 12 13 14 15 16 17 18 19 1a 1b 1c 1d 1e 1f 20 21 22 23 24 25 26 27 28 29 2a 2b 2c 2d 2e 2f 30 31 32 33 34 35 36 37 38 39 3a 3b 3c 3d 3e 3f 40 41 42 43 44 45 46 47 48 49 4a 4b 4c 4d 4e 4f 50 51 52 53 54 55 56 57 58 59 5a 5b 5c 5d 5e 5f 60 61 62 63 64 65 66 67 68 69 6a 6b 6c 6d 6e 6f 70 71 72 73 74 75 76 77 78 79 7a 7b 7c 7d 7e 7f 80 81 82 83 84 85 86 87 88 89 8a 8b 8c 8d 8e 8f 90 91 92 93 94 95 96 97 98 99 9a 9b 9c 9d 9e 9f a0 a1 a2 a3 a4 a5 a6 a7 a8 a9 aa ab ac ad ae af b0 b1 b2 b3 b4 b5 b6 b7 b8 b9 ba bb bc bd be bf c0 c1 c2 c3 c4 c5 c6 c7 c8 c9 ca cb cc cd ce cf d0 d1 d2 d3 d4 d5 d6 d7 d8 d9 da db dc dd de df e0 e1 e2 e3 e4 e5 e6 e7 e8 e9 ea eb ec ed ee ef f0 f1 f2 f3 f4 f5 f6 f7 f8 f9 fa fb fc fd fe ff 
 0  1  2 17  4  a 2e 9d  8 13 14 6a 5c 8a ed  3 10 -- 26 -- 28 -- d4 d0 b8 -- c3 --  d b0  6 47 20 -- -- -- 4c 4a -- 82 50 52 -- -- 7f -- 77 -- a7 -- -- 33 51 -- -- 60 1a 32 b7 d1  c -- 8e -- 40 -- -- -- -- -- -- -- 98 -- 94 -- -- -- d3 4f a0 -- a4 -- --  7 -- 1d fe -- -- -- ee -- -- -- 99 -- -- -- -- -- 66 -- a2 -- -- c1 -- -- c0 ae 34 -- 64 -- b9 70 75 f1 18 79 -- aa cb -- -- -- 80 -- -- 1c -- -- -- -- -- -- -- 74 -- -- -- -- e7 -- -- -- ff -- -- f9 -- 2c -- -- 71 c9 9e e9 97 -- -- -- 9f 8f -- 16 -- --  e -- -- -- 3a -- 2b -- -- -- -- -- -- 56  b ac -- -- -- -- -- -- e5 e8 -- -- -- -- -- -- -- -- -- -- cc -- -- -- 93 38 -- -- -- -- 55 d7 -- -- -- -- 57 -- 8b -- 68 -- -- -- c8 58 -- -- a5  5 e0 eb ea 45 35 e2 30 -- f2 -- -- -- 83 19 41 25 -- -- -- -- -- 29 

solutions so far:0 maxDepth:10 
iterations:123820310  skipped: 14 
Depth skipped: 
0 0 14 0 0 0 0 0 0 0 0 0 0 0 0 0 0 0 0 0 0 0 0 0 0 0 0 0 0 0 0 0 

running time: 9900 sec

Finished. Total running time: 9991 sec
