Search S-boxes invariant for matrix: 
{0x00,0x02,0x04,0x06,0x08,0x0a,0x0c,0x0e,0x10,0x12,0x14,0x16,0x18,0x1a,0x1c,0x1e,0x20,0x22,0x24,0x26,0x28,0x2a,0x2c,0x2e,0x30,0x32,0x34,0x36,0x38,0x3a,0x3c,0x3e,0x40,0x42,0x44,0x46,0x48,0x4a,0x4c,0x4e,0x50,0x52,0x54,0x56,0x58,0x5a,0x5c,0x5e,0x60,0x62,0x64,0x66,0x68,0x6a,0x6c,0x6e,0x70,0x72,0x74,0x76,0x78,0x7a,0x7c,0x7e,0x80,0x82,0x84,0x86,0x88,0x8a,0x8c,0x8e,0x90,0x92,0x94,0x96,0x98,0x9a,0x9c,0x9e,0xa0,0xa2,0xa4,0xa6,0xa8,0xaa,0xac,0xae,0xb0,0xb2,0xb4,0xb6,0xb8,0xba,0xbc,0xbe,0xc0,0xc2,0xc4,0xc6,0xc8,0xca,0xcc,0xce,0xd0,0xd2,0xd4,0xd6,0xd8,0xda,0xdc,0xde,0xe0,0xe2,0xe4,0xe6,0xe8,0xea,0xec,0xee,0xf0,0xf2,0xf4,0xf6,0xf8,0xfa,0xfc,0xfe,0xd7,0xd5,0xd3,0xd1,0xdf,0xdd,0xdb,0xd9,0xc7,0xc5,0xc3,0xc1,0xcf,0xcd,0xcb,0xc9,0xf7,0xf5,0xf3,0xf1,0xff,0xfd,0xfb,0xf9,0xe7,0xe5,0xe3,0xe1,0xef,0xed,0xeb,0xe9,0x97,0x95,0x93,0x91,0x9f,0x9d,0x9b,0x99,0x87,0x85,0x83,0x81,0x8f,0x8d,0x8b,0x89,0xb7,0xb5,0xb3,0xb1,0xbf,0xbd,0xbb,0xb9,0xa7,0xa5,0xa3,0xa1,0xaf,0xad,0xab,0xa9,0x57,0x55,0x53,0x51,0x5f,0x5d,0x5b,0x59,0x47,0x45,0x43,0x41,0x4f,0x4d,0x4b,0x49,0x77,0x75,0x73,0x71,0x7f,0x7d,0x7b,0x79,0x67,0x65,0x63,0x61,0x6f,0x6d,0x6b,0x69,0x17,0x15,0x13,0x11,0x1f,0x1d,0x1b,0x19,0x07,0x05,0x03,0x01,0x0f,0x0d,0x0b,0x09,0x37,0x35,0x33,0x31,0x3f,0x3d,0x3b,0x39,0x27,0x25,0x23,0x21,0x2f,0x2d,0x2b,0x29};



 depth:6
 0  1  2  3  4  5  6  7  8  9  a  b  c  d  e  f 10 11 12 13 14 15 16 17 18 19 1a 1b 1c 1d 1e 1f 20 21 22 23 24 25 26 27 28 29 2a 2b 2c 2d 2e 2f 30 31 32 33 34 35 36 37 38 39 3a 3b 3c 3d 3e 3f 40 41 42 43 44 45 46 47 48 49 4a 4b 4c 4d 4e 4f 50 51 52 53 54 55 56 57 58 59 5a 5b 5c 5d 5e 5f 60 61 62 63 64 65 66 67 68 69 6a 6b 6c 6d 6e 6f 70 71 72 73 74 75 76 77 78 79 7a 7b 7c 7d 7e 7f 80 81 82 83 84 85 86 87 88 89 8a 8b 8c 8d 8e 8f 90 91 92 93 94 95 96 97 98 99 9a 9b 9c 9d 9e 9f a0 a1 a2 a3 a4 a5 a6 a7 a8 a9 aa ab ac ad ae af b0 b1 b2 b3 b4 b5 b6 b7 b8 b9 ba bb bc bd be bf c0 c1 c2 c3 c4 c5 c6 c7 c8 c9 ca cb cc cd ce cf d0 d1 d2 d3 d4 d5 d6 d7 d8 d9 da db dc dd de df e0 e1 e2 e3 e4 e5 e6 e7 e8 e9 ea eb ec ed ee ef f0 f1 f2 f3 f4 f5 f6 f7 f8 f9 fa fb fc fd fe ff 
 0  1  2 ea  4 8d  3  9  8 32 cd 5a  6 5b 12 -- 10 -- 64 -- 4d -- b4 39  c -- b6 -- 24 27 -- 71 20 -- -- -- c8 88 -- 4c 9a b3 -- -- bf -- 72 -- 18 -- -- 33 bb -- -- -- 48 41 4e -- -- -- e2 -- 40 -- -- -- -- -- -- -- 47 -- c7 -- -- -- 98 4f e3 -- b1 -- -- c1 -- c0 a9 -- -- -- e4 -- -- -- 30 -- -- -- -- -- 66 -- a1 -- -- -- -- -- -- -- 90 -- 82 -- 9c d1 -- fd -- 79 -- -- 13 -- -- -- 80 -- -- aa -- -- -- -- -- -- -- ae -- -- -- -- 8e -- -- -- 59 -- -- 22 -- 7c -- -- e7 63 9e bd 11 -- -- -- b5 da -- 3e -- -- 55 -- -- -- 57 -- 85 -- -- -- -- -- -- dd 1f 6d -- -- -- -- -- -- 60 8b -- -- -- -- -- -- -- -- -- -- cc -- -- -- 95 83 -- -- -- -- -- d7 -- -- -- -- -- -- -- -- f7 -- -- -- d3 f8 -- -- ef ad 75 eb -- c6 2d 19 -- -- f2 -- -- -- -- cb 26 44 -- -- -- -- -- b2 

solutions so far:0 maxDepth:9 
iterations:2113910  skipped: 87 
Depth skipped: 
0 0 87 0 0 0 0 0 0 0 0 0 0 0 0 0 0 0 0 0 0 0 0 0 0 0 0 0 0 0 0 0 

running time: 300 sec
 depth:7
 0  1  2  3  4  5  6  7  8  9  a  b  c  d  e  f 10 11 12 13 14 15 16 17 18 19 1a 1b 1c 1d 1e 1f 20 21 22 23 24 25 26 27 28 29 2a 2b 2c 2d 2e 2f 30 31 32 33 34 35 36 37 38 39 3a 3b 3c 3d 3e 3f 40 41 42 43 44 45 46 47 48 49 4a 4b 4c 4d 4e 4f 50 51 52 53 54 55 56 57 58 59 5a 5b 5c 5d 5e 5f 60 61 62 63 64 65 66 67 68 69 6a 6b 6c 6d 6e 6f 70 71 72 73 74 75 76 77 78 79 7a 7b 7c 7d 7e 7f 80 81 82 83 84 85 86 87 88 89 8a 8b 8c 8d 8e 8f 90 91 92 93 94 95 96 97 98 99 9a 9b 9c 9d 9e 9f a0 a1 a2 a3 a4 a5 a6 a7 a8 a9 aa ab ac ad ae af b0 b1 b2 b3 b4 b5 b6 b7 b8 b9 ba bb bc bd be bf c0 c1 c2 c3 c4 c5 c6 c7 c8 c9 ca cb cc cd ce cf d0 d1 d2 d3 d4 d5 d6 d7 d8 d9 da db dc dd de df e0 e1 e2 e3 e4 e5 e6 e7 e8 e9 ea eb ec ed ee ef f0 f1 f2 f3 f4 f5 f6 f7 f8 f9 fa fb fc fd fe ff 
 0  1  2 ea  4 84  3 37  8 b9 df  5  6 94 6e 5e 10 -- a5 -- 69 --  a d6  c -- ff -- dc 1e bc 77 20 -- -- -- 9d 6c -- 2c d2 4b -- -- 14 -- 7b -- 18 -- -- 33 29 -- -- 5d 6f 34 3c 7e af -- ee -- 40 -- -- -- -- -- -- -- ed -- d8 -- -- -- 58 4f 73 -- 96 -- -- c1 -- c0 28 -- -- -- f6 -- -- -- 30 -- -- -- -- -- 66 -- 52 -- -- 3d -- -- ba 91 de -- 68 -- 78 d1 fc 9f 89 79 -- f4  b -- -- -- 80 -- -- aa -- -- -- -- -- -- -- ae -- -- -- --  d -- -- -- 67 -- -- 1b -- ec -- -- b0 25 9e 21 e6 -- -- -- fb f9 -- 76 -- -- 55 -- -- -- 57 -- 50 -- -- -- -- -- -- a0 3b 97 -- -- -- -- -- -- 60 8b -- -- -- -- -- -- -- -- -- -- cc -- -- -- a4 83 -- -- -- -- 7a d7 -- -- -- -- a3 -- f5 -- 6b -- -- -- d0  f -- -- f0 42 75 eb 2f 4a e9 b7 c5 -- f2 -- -- -- 3f 1a 16 36 -- -- -- -- -- ce 

solutions so far:0 maxDepth:9 
iterations:4122337  skipped: 91 
Depth skipped: 
0 0 91 0 0 0 0 0 0 0 0 0 0 0 0 0 0 0 0 0 0 0 0 0 0 0 0 0 0 0 0 0 

running time: 600 sec
 depth:7
 0  1  2  3  4  5  6  7  8  9  a  b  c  d  e  f 10 11 12 13 14 15 16 17 18 19 1a 1b 1c 1d 1e 1f 20 21 22 23 24 25 26 27 28 29 2a 2b 2c 2d 2e 2f 30 31 32 33 34 35 36 37 38 39 3a 3b 3c 3d 3e 3f 40 41 42 43 44 45 46 47 48 49 4a 4b 4c 4d 4e 4f 50 51 52 53 54 55 56 57 58 59 5a 5b 5c 5d 5e 5f 60 61 62 63 64 65 66 67 68 69 6a 6b 6c 6d 6e 6f 70 71 72 73 74 75 76 77 78 79 7a 7b 7c 7d 7e 7f 80 81 82 83 84 85 86 87 88 89 8a 8b 8c 8d 8e 8f 90 91 92 93 94 95 96 97 98 99 9a 9b 9c 9d 9e 9f a0 a1 a2 a3 a4 a5 a6 a7 a8 a9 aa ab ac ad ae af b0 b1 b2 b3 b4 b5 b6 b7 b8 b9 ba bb bc bd be bf c0 c1 c2 c3 c4 c5 c6 c7 c8 c9 ca cb cc cd ce cf d0 d1 d2 d3 d4 d5 d6 d7 d8 d9 da db dc dd de df e0 e1 e2 e3 e4 e5 e6 e7 e8 e9 ea eb ec ed ee ef f0 f1 f2 f3 f4 f5 f6 f7 f8 f9 fa fb fc fd fe ff 
 0  1  2 ea  4 70  3 9a  8 27 e0 bf  6 bb e3 ed 10 -- 4e -- 17 -- a9 c7  c -- a1 -- 11 ad  d f7 20 -- -- -- 9c e5 -- 1f 2e e8 -- -- 85 -- 59 -- 18 -- -- 33 95 -- -- d0 22 24 8d b9 1a -- 39 -- 40 -- -- -- -- -- -- -- ef -- 1d -- -- -- 3e 4f 5c --  7 -- -- c1 -- c0 dd -- -- -- b2 -- -- -- 30 -- -- -- -- -- 66 -- fd -- -- 2c -- -- 77  b 44 -- 48 -- cd d1 a5 5a 34 79 -- b0 72 -- -- -- 80 -- -- aa -- -- -- -- -- -- -- ae -- -- -- --  9 -- -- -- 3a -- -- a7 -- b5 -- -- 7c 5b 9e 1c b8 -- -- --  e c6 -- b1 -- -- 55 -- -- -- 57 -- 6d -- -- -- -- -- -- da b3 63 -- -- -- -- -- -- 60 8b -- -- -- -- -- -- -- -- -- -- cc -- -- -- 2d 83 -- -- -- -- 58 d7 -- -- -- -- ee -- 16 -- 88 -- -- -- 90 bd -- -- 4d 38 75 eb 9d b6 b4 f8 68 -- f2 -- -- -- b7 12 e4 99 -- -- -- -- -- 74 

solutions so far:0 maxDepth:9 
iterations:6696705  skipped: 101 
Depth skipped: 
0 0 101 0 0 0 0 0 0 0 0 0 0 0 0 0 0 0 0 0 0 0 0 0 0 0 0 0 0 0 0 0 

running time: 900 sec
 depth:7
 0  1  2  3  4  5  6  7  8  9  a  b  c  d  e  f 10 11 12 13 14 15 16 17 18 19 1a 1b 1c 1d 1e 1f 20 21 22 23 24 25 26 27 28 29 2a 2b 2c 2d 2e 2f 30 31 32 33 34 35 36 37 38 39 3a 3b 3c 3d 3e 3f 40 41 42 43 44 45 46 47 48 49 4a 4b 4c 4d 4e 4f 50 51 52 53 54 55 56 57 58 59 5a 5b 5c 5d 5e 5f 60 61 62 63 64 65 66 67 68 69 6a 6b 6c 6d 6e 6f 70 71 72 73 74 75 76 77 78 79 7a 7b 7c 7d 7e 7f 80 81 82 83 84 85 86 87 88 89 8a 8b 8c 8d 8e 8f 90 91 92 93 94 95 96 97 98 99 9a 9b 9c 9d 9e 9f a0 a1 a2 a3 a4 a5 a6 a7 a8 a9 aa ab ac ad ae af b0 b1 b2 b3 b4 b5 b6 b7 b8 b9 ba bb bc bd be bf c0 c1 c2 c3 c4 c5 c6 c7 c8 c9 ca cb cc cd ce cf d0 d1 d2 d3 d4 d5 d6 d7 d8 d9 da db dc dd de df e0 e1 e2 e3 e4 e5 e6 e7 e8 e9 ea eb ec ed ee ef f0 f1 f2 f3 f4 f5 f6 f7 f8 f9 fa fb fc fd fe ff 
 0  1  2 ea  4 68  3 c7  8 14 d0 78  6 f6 59 9c 10 -- 28 -- 77 -- f0 bd  c -- 3b -- b2 11 ef ff 20 -- -- -- 50 b0 -- 9f ee 9d -- -- 37 -- ad -- 18 -- -- 33 76 -- -- 48 b3 25 22 f8  9 -- 29 -- 40 -- -- -- -- -- -- -- a0 -- b7 -- -- -- e9 4f  b -- ed -- -- c1 -- c0 6e -- -- -- 8d -- -- -- 30 -- -- -- -- -- 66 -- ec -- -- e4 -- -- 90 39 b1 -- 4a -- 44 d1 27 1e 12 79 -- 3e 52 -- -- -- 80 -- -- aa -- -- -- -- -- -- -- ae -- -- -- -- 97 -- -- -- b9 -- -- 2c -- 9a -- --  5 d6 9e 1a 16 -- -- --  d 6b -- 4d -- -- 55 -- -- -- 57 -- dc -- -- -- -- -- -- 6f cd de -- -- -- -- -- -- 60 8b -- -- -- -- -- -- -- -- -- -- cc -- -- --  f 83 -- -- -- -- 1f d7 -- -- -- -- f7 -- 72 -- b5 -- -- -- 94 e3 -- -- 88 34 75 eb 4e 7b 3c  a 24 -- f2 -- -- -- 7c f9 a4 58 -- -- -- -- -- a5 

solutions so far:0 maxDepth:9 
iterations:9290389  skipped: 104 
Depth skipped: 
0 0 104 0 0 0 0 0 0 0 0 0 0 0 0 0 0 0 0 0 0 0 0 0 0 0 0 0 0 0 0 0 

running time: 1200 sec
 depth:7
 0  1  2  3  4  5  6  7  8  9  a  b  c  d  e  f 10 11 12 13 14 15 16 17 18 19 1a 1b 1c 1d 1e 1f 20 21 22 23 24 25 26 27 28 29 2a 2b 2c 2d 2e 2f 30 31 32 33 34 35 36 37 38 39 3a 3b 3c 3d 3e 3f 40 41 42 43 44 45 46 47 48 49 4a 4b 4c 4d 4e 4f 50 51 52 53 54 55 56 57 58 59 5a 5b 5c 5d 5e 5f 60 61 62 63 64 65 66 67 68 69 6a 6b 6c 6d 6e 6f 70 71 72 73 74 75 76 77 78 79 7a 7b 7c 7d 7e 7f 80 81 82 83 84 85 86 87 88 89 8a 8b 8c 8d 8e 8f 90 91 92 93 94 95 96 97 98 99 9a 9b 9c 9d 9e 9f a0 a1 a2 a3 a4 a5 a6 a7 a8 a9 aa ab ac ad ae af b0 b1 b2 b3 b4 b5 b6 b7 b8 b9 ba bb bc bd be bf c0 c1 c2 c3 c4 c5 c6 c7 c8 c9 ca cb cc cd ce cf d0 d1 d2 d3 d4 d5 d6 d7 d8 d9 da db dc dd de df e0 e1 e2 e3 e4 e5 e6 e7 e8 e9 ea eb ec ed ee ef f0 f1 f2 f3 f4 f5 f6 f7 f8 f9 fa fb fc fd fe ff 
 0  1  2 ea  4 62  3 6a  8 da c4 34  6 b7 d4 c5 10 -- 63 -- 5f -- 68 ac  c -- b9 -- 7f a2 5d 2d 20 -- -- -- c6 fa -- a9 be cf -- -- d0 -- 8f -- 18 -- -- 33 a5 -- -- f5 fe a1 93 bc ba -- 5a -- 40 -- -- -- -- -- -- -- 5b -- 23 -- -- -- 85 4f ab -- 49 -- -- c1 -- c0 77 -- -- -- c9 -- -- -- 30 -- -- -- -- -- 66 -- 9d -- -- 7e -- -- 3d f4 2b -- 95 -- f1 d1 af  d a3 79 -- 2f b4 -- -- -- 80 -- -- aa -- -- -- -- -- -- -- ae -- -- -- -- b6 -- -- -- 46 -- -- d5 -- c3 -- -- dd 58 9e f3 81 -- -- -- 92 2c -- 8a -- -- 55 -- -- -- 57 -- ee -- -- -- -- -- --  b 45 16 -- -- -- -- -- -- 60 8b -- -- -- -- -- -- -- -- -- -- cc -- -- -- ed 83 -- -- -- -- fc d7 -- -- -- -- 7a -- 3f -- 56 -- -- -- fd 51 -- -- 35 31 75 eb 89 b0 1a 6d 91 -- f2 -- -- -- 5e bb bf 7d -- -- -- -- -- 8c 

solutions so far:0 maxDepth:9 
iterations:11519536  skipped: 106 
Depth skipped: 
0 0 106 0 0 0 0 0 0 0 0 0 0 0 0 0 0 0 0 0 0 0 0 0 0 0 0 0 0 0 0 0 

running time: 1500 sec

Finished. Total running time: 1652 sec
