Search S-boxes invariant for matrix: 
{0x00,0x02,0x04,0x06,0x08,0x0a,0x0c,0x0e,0x10,0x12,0x14,0x16,0x18,0x1a,0x1c,0x1e,0x20,0x22,0x24,0x26,0x28,0x2a,0x2c,0x2e,0x30,0x32,0x34,0x36,0x38,0x3a,0x3c,0x3e,0x40,0x42,0x44,0x46,0x48,0x4a,0x4c,0x4e,0x50,0x52,0x54,0x56,0x58,0x5a,0x5c,0x5e,0x60,0x62,0x64,0x66,0x68,0x6a,0x6c,0x6e,0x70,0x72,0x74,0x76,0x78,0x7a,0x7c,0x7e,0x80,0x82,0x84,0x86,0x88,0x8a,0x8c,0x8e,0x90,0x92,0x94,0x96,0x98,0x9a,0x9c,0x9e,0xa0,0xa2,0xa4,0xa6,0xa8,0xaa,0xac,0xae,0xb0,0xb2,0xb4,0xb6,0xb8,0xba,0xbc,0xbe,0xc0,0xc2,0xc4,0xc6,0xc8,0xca,0xcc,0xce,0xd0,0xd2,0xd4,0xd6,0xd8,0xda,0xdc,0xde,0xe0,0xe2,0xe4,0xe6,0xe8,0xea,0xec,0xee,0xf0,0xf2,0xf4,0xf6,0xf8,0xfa,0xfc,0xfe,0xd7,0xd5,0xd3,0xd1,0xdf,0xdd,0xdb,0xd9,0xc7,0xc5,0xc3,0xc1,0xcf,0xcd,0xcb,0xc9,0xf7,0xf5,0xf3,0xf1,0xff,0xfd,0xfb,0xf9,0xe7,0xe5,0xe3,0xe1,0xef,0xed,0xeb,0xe9,0x97,0x95,0x93,0x91,0x9f,0x9d,0x9b,0x99,0x87,0x85,0x83,0x81,0x8f,0x8d,0x8b,0x89,0xb7,0xb5,0xb3,0xb1,0xbf,0xbd,0xbb,0xb9,0xa7,0xa5,0xa3,0xa1,0xaf,0xad,0xab,0xa9,0x57,0x55,0x53,0x51,0x5f,0x5d,0x5b,0x59,0x47,0x45,0x43,0x41,0x4f,0x4d,0x4b,0x49,0x77,0x75,0x73,0x71,0x7f,0x7d,0x7b,0x79,0x67,0x65,0x63,0x61,0x6f,0x6d,0x6b,0x69,0x17,0x15,0x13,0x11,0x1f,0x1d,0x1b,0x19,0x07,0x05,0x03,0x01,0x0f,0x0d,0x0b,0x09,0x37,0x35,0x33,0x31,0x3f,0x3d,0x3b,0x39,0x27,0x25,0x23,0x21,0x2f,0x2d,0x2b,0x29};



 depth:7
 0  1  2  3  4  5  6  7  8  9  a  b  c  d  e  f 10 11 12 13 14 15 16 17 18 19 1a 1b 1c 1d 1e 1f 20 21 22 23 24 25 26 27 28 29 2a 2b 2c 2d 2e 2f 30 31 32 33 34 35 36 37 38 39 3a 3b 3c 3d 3e 3f 40 41 42 43 44 45 46 47 48 49 4a 4b 4c 4d 4e 4f 50 51 52 53 54 55 56 57 58 59 5a 5b 5c 5d 5e 5f 60 61 62 63 64 65 66 67 68 69 6a 6b 6c 6d 6e 6f 70 71 72 73 74 75 76 77 78 79 7a 7b 7c 7d 7e 7f 80 81 82 83 84 85 86 87 88 89 8a 8b 8c 8d 8e 8f 90 91 92 93 94 95 96 97 98 99 9a 9b 9c 9d 9e 9f a0 a1 a2 a3 a4 a5 a6 a7 a8 a9 aa ab ac ad ae af b0 b1 b2 b3 b4 b5 b6 b7 b8 b9 ba bb bc bd be bf c0 c1 c2 c3 c4 c5 c6 c7 c8 c9 ca cb cc cd ce cf d0 d1 d2 d3 d4 d5 d6 d7 d8 d9 da db dc dd de df e0 e1 e2 e3 e4 e5 e6 e7 e8 e9 ea eb ec ed ee ef f0 f1 f2 f3 f4 f5 f6 f7 f8 f9 fa fb fc fd fe ff 
 0  1  2 18  4 fb 30 9c  8 2c 21  f 60 6b ef 64 10 -- 58 -- 42 -- 1e 90 c0 -- d6 --  9 7c c8 1a 20 -- -- -- b0 e6 -- 77 84 d8 -- -- 3c -- f7 -- 57 -- -- 33 7b -- -- 41 12 9d f8 e7 47 -- 34 -- 40 -- -- -- -- -- -- -- b7 -- 1b -- -- -- ee 4f df -- 67 -- -- d1 -- c1 78 -- -- -- 39 -- -- -- ae -- -- -- -- -- 66 -- f6 -- -- 13 -- -- 82 71 24 -- ed -- 27  6 19 76 8e 79 -- 4c 68 -- -- -- 80 -- -- ea -- -- -- -- -- -- -- aa -- -- -- -- b9 -- -- -- 36 -- -- d2 -- 1f -- --  b 6f 9e 4b 69 -- -- -- ce dc -- e4 -- -- 75 -- -- -- 55 -- f0 -- -- -- -- -- -- 37 72 6e -- -- -- -- -- -- 8b 83 -- -- -- -- -- -- -- -- -- -- cc -- -- -- 3b  3 -- -- -- -- 26 d7 -- -- -- -- d3 -- e2 -- 48 -- -- --  d 3e -- -- 4e 96  c eb 32 de ec 16 cb -- f2 -- -- -- 98 a5 d0 73 -- -- -- -- -- 6c 

solutions so far:0 maxDepth:10 
iterations:2377992  skipped: 0 
Depth skipped: 
0 0 0 0 0 0 0 0 0 0 0 0 0 0 0 0 0 0 0 0 0 0 0 0 0 0 0 0 0 0 0 0 

running time: 300 sec
 depth:7
 0  1  2  3  4  5  6  7  8  9  a  b  c  d  e  f 10 11 12 13 14 15 16 17 18 19 1a 1b 1c 1d 1e 1f 20 21 22 23 24 25 26 27 28 29 2a 2b 2c 2d 2e 2f 30 31 32 33 34 35 36 37 38 39 3a 3b 3c 3d 3e 3f 40 41 42 43 44 45 46 47 48 49 4a 4b 4c 4d 4e 4f 50 51 52 53 54 55 56 57 58 59 5a 5b 5c 5d 5e 5f 60 61 62 63 64 65 66 67 68 69 6a 6b 6c 6d 6e 6f 70 71 72 73 74 75 76 77 78 79 7a 7b 7c 7d 7e 7f 80 81 82 83 84 85 86 87 88 89 8a 8b 8c 8d 8e 8f 90 91 92 93 94 95 96 97 98 99 9a 9b 9c 9d 9e 9f a0 a1 a2 a3 a4 a5 a6 a7 a8 a9 aa ab ac ad ae af b0 b1 b2 b3 b4 b5 b6 b7 b8 b9 ba bb bc bd be bf c0 c1 c2 c3 c4 c5 c6 c7 c8 c9 ca cb cc cd ce cf d0 d1 d2 d3 d4 d5 d6 d7 d8 d9 da db dc dd de df e0 e1 e2 e3 e4 e5 e6 e7 e8 e9 ea eb ec ed ee ef f0 f1 f2 f3 f4 f5 f6 f7 f8 f9 fa fb fc fd fe ff 
 0  1  2 18  4 f8 30 86  8 88 27 71 60 c8 db 1b 10 -- c7 -- 4e -- e2 9b c0 -- 47 -- 61 d9 36 8d 20 -- -- -- 59 48 -- e3 9c 72 -- -- 13 -- e1 -- 57 -- -- 33 8e -- -- ce c2 b5 65 d2 6c -- cd -- 40 -- -- -- -- -- -- -- b2 -- 90 -- -- -- 11 4f ef -- e4 -- -- d1 -- c1 26 -- -- -- 15 -- -- -- ae -- -- -- -- -- 66 -- cb -- -- 42 -- -- 4b fb 53 -- bd -- ca  6 73 82 d8 79 -- df 4d -- -- -- 80 -- -- ea -- -- -- -- -- -- -- aa -- -- -- -- b3 -- -- -- f7 -- -- 12 -- a8 -- -- 22 32 9e 3e  9 -- -- -- 1f 19 -- 54 -- -- 75 -- -- -- 55 -- 4c -- -- -- -- -- -- 98 2a e7 -- -- -- -- -- -- 8b 83 -- -- -- -- -- -- -- -- -- -- cc -- -- -- 41  3 -- -- -- -- 84 d7 -- -- -- -- 96 -- 21 -- a6 -- -- -- ad 87 -- -- 43 7c  c eb e6 64 d3 44 67 -- f2 -- -- -- 69 b1 9a 24 -- -- -- -- -- 39 

solutions so far:0 maxDepth:10 
iterations:4557987  skipped: 0 
Depth skipped: 
0 0 0 0 0 0 0 0 0 0 0 0 0 0 0 0 0 0 0 0 0 0 0 0 0 0 0 0 0 0 0 0 

running time: 600 sec
 depth:7
 0  1  2  3  4  5  6  7  8  9  a  b  c  d  e  f 10 11 12 13 14 15 16 17 18 19 1a 1b 1c 1d 1e 1f 20 21 22 23 24 25 26 27 28 29 2a 2b 2c 2d 2e 2f 30 31 32 33 34 35 36 37 38 39 3a 3b 3c 3d 3e 3f 40 41 42 43 44 45 46 47 48 49 4a 4b 4c 4d 4e 4f 50 51 52 53 54 55 56 57 58 59 5a 5b 5c 5d 5e 5f 60 61 62 63 64 65 66 67 68 69 6a 6b 6c 6d 6e 6f 70 71 72 73 74 75 76 77 78 79 7a 7b 7c 7d 7e 7f 80 81 82 83 84 85 86 87 88 89 8a 8b 8c 8d 8e 8f 90 91 92 93 94 95 96 97 98 99 9a 9b 9c 9d 9e 9f a0 a1 a2 a3 a4 a5 a6 a7 a8 a9 aa ab ac ad ae af b0 b1 b2 b3 b4 b5 b6 b7 b8 b9 ba bb bc bd be bf c0 c1 c2 c3 c4 c5 c6 c7 c8 c9 ca cb cc cd ce cf d0 d1 d2 d3 d4 d5 d6 d7 d8 d9 da db dc dd de df e0 e1 e2 e3 e4 e5 e6 e7 e8 e9 ea eb ec ed ee ef f0 f1 f2 f3 f4 f5 f6 f7 f8 f9 fa fb fc fd fe ff 
 0  1  2 18  4 f4 30 f9  8 42 3f d5 60 31 25  d 10 -- 84 -- 7e -- 7d 52 c0 -- 62 -- 4a 28 1a 6c 20 -- -- -- df 89 -- 4b fc a3 -- -- fa -- a4 -- 57 -- -- 33 c4 -- -- 77 94 e6 50 a5 34 -- d8 -- 40 -- -- -- -- -- -- -- 69 -- c5 -- -- -- 96 4f 2f -- 91 -- -- d1 -- c1 23 -- -- -- 9f -- -- -- ae -- -- -- -- -- 66 -- 5f -- -- 58 -- -- ee 16 ff -- 1b -- a0  6 9d ab 68 79 -- b7 67 -- -- -- 80 -- -- ea -- -- -- -- -- -- -- aa -- -- -- -- d2 -- -- -- 5d -- -- bc --  a -- -- fb 92 9e 3d 5e -- -- -- f5 49 --  5 -- -- 75 -- -- -- 55 -- 46 -- -- -- -- -- -- 8c e9 cf -- -- -- -- -- -- 8b 83 -- -- -- -- -- -- -- -- -- -- cc -- -- -- be  3 -- -- -- -- b0 d7 -- -- -- --  b -- 2c -- 29 -- -- -- 36 14 -- -- 97 7a  c eb ed f3 81 21 d0 -- f2 -- -- -- b9 73 ce af -- -- -- -- -- ba 

solutions so far:0 maxDepth:10 
iterations:7032728  skipped: 0 
Depth skipped: 
0 0 0 0 0 0 0 0 0 0 0 0 0 0 0 0 0 0 0 0 0 0 0 0 0 0 0 0 0 0 0 0 

running time: 900 sec
 depth:8
 0  1  2  3  4  5  6  7  8  9  a  b  c  d  e  f 10 11 12 13 14 15 16 17 18 19 1a 1b 1c 1d 1e 1f 20 21 22 23 24 25 26 27 28 29 2a 2b 2c 2d 2e 2f 30 31 32 33 34 35 36 37 38 39 3a 3b 3c 3d 3e 3f 40 41 42 43 44 45 46 47 48 49 4a 4b 4c 4d 4e 4f 50 51 52 53 54 55 56 57 58 59 5a 5b 5c 5d 5e 5f 60 61 62 63 64 65 66 67 68 69 6a 6b 6c 6d 6e 6f 70 71 72 73 74 75 76 77 78 79 7a 7b 7c 7d 7e 7f 80 81 82 83 84 85 86 87 88 89 8a 8b 8c 8d 8e 8f 90 91 92 93 94 95 96 97 98 99 9a 9b 9c 9d 9e 9f a0 a1 a2 a3 a4 a5 a6 a7 a8 a9 aa ab ac ad ae af b0 b1 b2 b3 b4 b5 b6 b7 b8 b9 ba bb bc bd be bf c0 c1 c2 c3 c4 c5 c6 c7 c8 c9 ca cb cc cd ce cf d0 d1 d2 d3 d4 d5 d6 d7 d8 d9 da db dc dd de df e0 e1 e2 e3 e4 e5 e6 e7 e8 e9 ea eb ec ed ee ef f0 f1 f2 f3 f4 f5 f6 f7 f8 f9 fa fb fc fd fe ff 
 0  1  2 18  4 ef 30 3c  8 b5  9 1b 60 42 78 e8 10 c2 bd -- 12 -- 36 6f c0 -- 84 -- f0 76  7 22 20 -- 53 -- ad 72 -- 59 24 7c -- -- 6c -- de -- 57 -- -- 33 df -- -- 70 37 9a ec 1d  e -- 44 -- 40 -- -- -- a6 -- -- -- 8d -- e4 -- -- 86 b2 4f 48 -- f8 -- -- d1 -- c1 d8 15 -- -- 6b -- -- -- ae -- -- -- -- -- 66 -- 69 -- -- b8 -- -- e0 2e 6e -- e3 --  f  6 3a 73 1c 79 -- 99 88 -- -- -- 80 -- -- ea -- -- -- -- 9b -- -- aa -- ca -- -- cd -- -- -- 1f -- -- f7 -- f6 db -- b3 fb 9e 4e 90 -- -- -- 27 96 -- 7b -- -- 75 -- -- 65 55 -- 67 a8 2a 54 -- 87 -- ce d6 4b -- -- -- d9 -- -- 8b 83 -- -- -- -- -- e1 -- -- -- -- cc 43 -- -- d2  3 -- -- -- -- a7 d7 -- -- -- -- 17 -- 5c -- dc -- -- 61 11 3b -- -- 1e 9c  c eb 74 21 e6 b1 38 -- f2 -- -- -- e5 4d c7 39 -- -- -- -- -- 3e 

solutions so far:0 maxDepth:10 
iterations:9558004  skipped: 1 
Depth skipped: 
0 0 1 0 0 0 0 0 0 0 0 0 0 0 0 0 0 0 0 0 0 0 0 0 0 0 0 0 0 0 0 0 

running time: 1200 sec
 depth:8
 0  1  2  3  4  5  6  7  8  9  a  b  c  d  e  f 10 11 12 13 14 15 16 17 18 19 1a 1b 1c 1d 1e 1f 20 21 22 23 24 25 26 27 28 29 2a 2b 2c 2d 2e 2f 30 31 32 33 34 35 36 37 38 39 3a 3b 3c 3d 3e 3f 40 41 42 43 44 45 46 47 48 49 4a 4b 4c 4d 4e 4f 50 51 52 53 54 55 56 57 58 59 5a 5b 5c 5d 5e 5f 60 61 62 63 64 65 66 67 68 69 6a 6b 6c 6d 6e 6f 70 71 72 73 74 75 76 77 78 79 7a 7b 7c 7d 7e 7f 80 81 82 83 84 85 86 87 88 89 8a 8b 8c 8d 8e 8f 90 91 92 93 94 95 96 97 98 99 9a 9b 9c 9d 9e 9f a0 a1 a2 a3 a4 a5 a6 a7 a8 a9 aa ab ac ad ae af b0 b1 b2 b3 b4 b5 b6 b7 b8 b9 ba bb bc bd be bf c0 c1 c2 c3 c4 c5 c6 c7 c8 c9 ca cb cc cd ce cf d0 d1 d2 d3 d4 d5 d6 d7 d8 d9 da db dc dd de df e0 e1 e2 e3 e4 e5 e6 e7 e8 e9 ea eb ec ed ee ef f0 f1 f2 f3 f4 f5 f6 f7 f8 f9 fa fb fc fd fe ff 
 0  1  2 18  4 e9 30 a1  8 af  5 49 60 d5 95 bd 10 86 89 --  a -- 92 bf c0 -- 7d -- fd c6 ad 7a 20 -- db -- c5 f9 -- fc 14 ff -- -- f3 -- a9 -- 57 -- -- 33 fa -- -- 9a 2d 91 5b b3 8d -- f4 -- 40 -- -- -- 61 -- -- -- 5d -- 25 -- -- 65 2f 4f 28 -- 29 -- -- d1 -- c1 31 a6 -- -- 85 -- -- -- ae -- -- -- -- -- 66 -- 23 -- -- 88 -- -- e3 22 5a -- f5 -- b6  6 b1 8c cd 79 -- 59 3f -- -- -- 80 -- -- ea -- -- -- -- c2 -- -- aa -- 87 -- -- ba -- -- -- 4a -- -- a0 -- da ca -- 5e ab 9e a4 50 -- -- -- 52 be -- 6d -- -- 75 -- -- a8 55 -- 62 15 9b e1 -- 2a -- c4 dd 5f -- -- -- 54 -- -- 8b 83 -- -- -- -- -- 53 -- -- -- -- cc d9 -- -- 46  3 -- -- -- -- c7 d7 -- -- -- -- 11 -- 44 -- b4 -- -- 43 3d 63 -- -- bb 9f  c eb b5 81 cf bc 4d -- f2 -- -- -- b2 a3 7e 97 -- -- -- -- -- 94 

solutions so far:0 maxDepth:10 
iterations:12050083  skipped: 1 
Depth skipped: 
0 0 1 0 0 0 0 0 0 0 0 0 0 0 0 0 0 0 0 0 0 0 0 0 0 0 0 0 0 0 0 0 

running time: 1500 sec
 depth:6
 0  1  2  3  4  5  6  7  8  9  a  b  c  d  e  f 10 11 12 13 14 15 16 17 18 19 1a 1b 1c 1d 1e 1f 20 21 22 23 24 25 26 27 28 29 2a 2b 2c 2d 2e 2f 30 31 32 33 34 35 36 37 38 39 3a 3b 3c 3d 3e 3f 40 41 42 43 44 45 46 47 48 49 4a 4b 4c 4d 4e 4f 50 51 52 53 54 55 56 57 58 59 5a 5b 5c 5d 5e 5f 60 61 62 63 64 65 66 67 68 69 6a 6b 6c 6d 6e 6f 70 71 72 73 74 75 76 77 78 79 7a 7b 7c 7d 7e 7f 80 81 82 83 84 85 86 87 88 89 8a 8b 8c 8d 8e 8f 90 91 92 93 94 95 96 97 98 99 9a 9b 9c 9d 9e 9f a0 a1 a2 a3 a4 a5 a6 a7 a8 a9 aa ab ac ad ae af b0 b1 b2 b3 b4 b5 b6 b7 b8 b9 ba bb bc bd be bf c0 c1 c2 c3 c4 c5 c6 c7 c8 c9 ca cb cc cd ce cf d0 d1 d2 d3 d4 d5 d6 d7 d8 d9 da db dc dd de df e0 e1 e2 e3 e4 e5 e6 e7 e8 e9 ea eb ec ed ee ef f0 f1 f2 f3 f4 f5 f6 f7 f8 f9 fa fb fc fd fe ff 
 0  1  2 18  4 e4 30 fc  8 f9 1f b0 60 d0 2f -- 10 -- 25 -- 3e -- b7 c5 c0 -- 77 -- 5e 7a -- e9 20 -- -- -- 4a ef -- 28 7c 48 -- -- b9 -- 5d -- 57 -- -- 33 ee -- -- -- bc 52 f4 -- -- --  5 -- 40 -- -- -- -- -- -- -- 94 --  9 -- -- -- 50 4f f8 -- 90 -- -- d1 -- c1 a5 -- -- -- ba -- -- -- ae -- -- -- -- -- 66 --  b -- -- -- -- -- -- -- af -- a4 -- 3f  6 -- 2c -- 79 -- --  a -- -- -- 80 -- -- ea -- -- -- -- -- -- -- aa -- -- -- -- ff -- -- -- 12 -- -- 4e -- f5 -- -- a0 34 9e 39 27 -- -- -- f7 1a -- 91 -- -- 75 -- -- -- 55 -- 9d -- -- -- -- -- -- ed a3  d -- -- -- -- -- -- 8b 83 -- -- -- -- -- -- -- -- -- -- cc -- -- -- 16  3 -- -- -- -- -- d7 -- -- -- -- -- -- -- -- 89 -- -- -- 9f 3d -- -- 7e 72  c eb -- 68 58 97 -- -- f2 -- -- -- -- 29 14 9c -- -- -- -- -- 24 

solutions so far:0 maxDepth:10 
iterations:14436297  skipped: 2 
Depth skipped: 
0 0 2 0 0 0 0 0 0 0 0 0 0 0 0 0 0 0 0 0 0 0 0 0 0 0 0 0 0 0 0 0 

running time: 1800 sec
 depth:7
 0  1  2  3  4  5  6  7  8  9  a  b  c  d  e  f 10 11 12 13 14 15 16 17 18 19 1a 1b 1c 1d 1e 1f 20 21 22 23 24 25 26 27 28 29 2a 2b 2c 2d 2e 2f 30 31 32 33 34 35 36 37 38 39 3a 3b 3c 3d 3e 3f 40 41 42 43 44 45 46 47 48 49 4a 4b 4c 4d 4e 4f 50 51 52 53 54 55 56 57 58 59 5a 5b 5c 5d 5e 5f 60 61 62 63 64 65 66 67 68 69 6a 6b 6c 6d 6e 6f 70 71 72 73 74 75 76 77 78 79 7a 7b 7c 7d 7e 7f 80 81 82 83 84 85 86 87 88 89 8a 8b 8c 8d 8e 8f 90 91 92 93 94 95 96 97 98 99 9a 9b 9c 9d 9e 9f a0 a1 a2 a3 a4 a5 a6 a7 a8 a9 aa ab ac ad ae af b0 b1 b2 b3 b4 b5 b6 b7 b8 b9 ba bb bc bd be bf c0 c1 c2 c3 c4 c5 c6 c7 c8 c9 ca cb cc cd ce cf d0 d1 d2 d3 d4 d5 d6 d7 d8 d9 da db dc dd de df e0 e1 e2 e3 e4 e5 e6 e7 e8 e9 ea eb ec ed ee ef f0 f1 f2 f3 f4 f5 f6 f7 f8 f9 fa fb fc fd fe ff 
 0  1  2 18  4 e0 30 9c  8 a8 17 8f 60 6a ef bc 10 -- 87 -- 2e -- c9 90 c0 -- d4 --  9 7c af c2 20 -- -- -- d9 1d -- e1 5c  7 -- -- 45 -- f7 -- 57 -- -- 33 7f -- -- ba 12 86 f8 fc 89 -- 53 -- 40 -- -- -- -- -- -- -- 65 -- 3a -- -- -- 15 4f b8 --  e -- -- d1 -- c1 8a -- -- -- 39 -- -- -- ae -- -- -- -- -- 66 -- fe -- -- 7a -- -- a3 f5 24 -- db -- 27  6 2f 56 c5 79 -- 3f a6 -- -- -- 80 -- -- ea -- -- -- -- -- -- -- aa -- -- -- -- ca -- -- -- 74 -- -- 99 -- 1f -- -- 2a f1 9e 38 a7 -- -- -- 1c 93 -- e4 -- -- 75 -- -- -- 55 -- c3 -- -- -- -- -- -- 51 72 a2 -- -- -- -- -- -- 8b 83 -- -- -- -- -- -- -- -- -- -- cc -- -- -- 2b  3 -- -- -- -- f4 d7 -- -- -- -- 91 -- 3d -- 48 -- -- -- 61 3e -- -- 4e 70  c eb 5e 35 ac 54 5d -- f2 -- -- -- 7e 43 9b e5 -- -- -- -- -- e8 

solutions so far:0 maxDepth:10 
iterations:16728039  skipped: 2 
Depth skipped: 
0 0 2 0 0 0 0 0 0 0 0 0 0 0 0 0 0 0 0 0 0 0 0 0 0 0 0 0 0 0 0 0 

running time: 2100 sec
 depth:7
 0  1  2  3  4  5  6  7  8  9  a  b  c  d  e  f 10 11 12 13 14 15 16 17 18 19 1a 1b 1c 1d 1e 1f 20 21 22 23 24 25 26 27 28 29 2a 2b 2c 2d 2e 2f 30 31 32 33 34 35 36 37 38 39 3a 3b 3c 3d 3e 3f 40 41 42 43 44 45 46 47 48 49 4a 4b 4c 4d 4e 4f 50 51 52 53 54 55 56 57 58 59 5a 5b 5c 5d 5e 5f 60 61 62 63 64 65 66 67 68 69 6a 6b 6c 6d 6e 6f 70 71 72 73 74 75 76 77 78 79 7a 7b 7c 7d 7e 7f 80 81 82 83 84 85 86 87 88 89 8a 8b 8c 8d 8e 8f 90 91 92 93 94 95 96 97 98 99 9a 9b 9c 9d 9e 9f a0 a1 a2 a3 a4 a5 a6 a7 a8 a9 aa ab ac ad ae af b0 b1 b2 b3 b4 b5 b6 b7 b8 b9 ba bb bc bd be bf c0 c1 c2 c3 c4 c5 c6 c7 c8 c9 ca cb cc cd ce cf d0 d1 d2 d3 d4 d5 d6 d7 d8 d9 da db dc dd de df e0 e1 e2 e3 e4 e5 e6 e7 e8 e9 ea eb ec ed ee ef f0 f1 f2 f3 f4 f5 f6 f7 f8 f9 fa fb fc fd fe ff 
 0  1  2 18  4 db 30 39  8 9d 61 ce 60 73 72 7f 10 -- ed -- c2 -- 4b f8 c0 -- e6 -- e4 24 fe  b 20 -- -- --  d 2a -- b0 53 d9 -- -- 96 -- 27 -- 57 -- -- 33 1b -- -- 8f 1f d0 48 35 2b -- 16 -- 40 -- -- -- -- -- -- -- 1a -- 54 -- -- -- b7 4f a6 -- 65 -- -- d1 -- c1 fb -- -- -- 4e -- -- -- ae -- -- -- -- -- 66 -- 36 -- -- 51 -- -- c9 8a 3e -- 77 -- 90  6 6a d8 56 79 -- 93 2c -- -- -- 80 -- -- ea -- -- -- -- -- -- -- aa -- -- -- -- 34 -- -- -- a8 -- -- e1 --  9 -- -- b9 69 9e 43 9b -- -- -- ca df -- ef -- -- 75 -- -- -- 55 -- 21 -- -- -- -- -- -- 42 9c 84 -- -- -- -- -- -- 8b 83 -- -- -- -- -- -- -- -- -- -- cc -- -- -- 6c  3 -- -- -- -- a2 d7 -- -- -- -- 45 -- c3 -- 7c -- -- -- ee 12 -- -- f7 86  c eb d4 d2 67 a5 ac -- f2 -- -- -- f1 68 58 15 -- -- -- -- -- 87 

solutions so far:0 maxDepth:10 
iterations:19900573  skipped: 2 
Depth skipped: 
0 0 2 0 0 0 0 0 0 0 0 0 0 0 0 0 0 0 0 0 0 0 0 0 0 0 0 0 0 0 0 0 

running time: 2400 sec
 depth:7
 0  1  2  3  4  5  6  7  8  9  a  b  c  d  e  f 10 11 12 13 14 15 16 17 18 19 1a 1b 1c 1d 1e 1f 20 21 22 23 24 25 26 27 28 29 2a 2b 2c 2d 2e 2f 30 31 32 33 34 35 36 37 38 39 3a 3b 3c 3d 3e 3f 40 41 42 43 44 45 46 47 48 49 4a 4b 4c 4d 4e 4f 50 51 52 53 54 55 56 57 58 59 5a 5b 5c 5d 5e 5f 60 61 62 63 64 65 66 67 68 69 6a 6b 6c 6d 6e 6f 70 71 72 73 74 75 76 77 78 79 7a 7b 7c 7d 7e 7f 80 81 82 83 84 85 86 87 88 89 8a 8b 8c 8d 8e 8f 90 91 92 93 94 95 96 97 98 99 9a 9b 9c 9d 9e 9f a0 a1 a2 a3 a4 a5 a6 a7 a8 a9 aa ab ac ad ae af b0 b1 b2 b3 b4 b5 b6 b7 b8 b9 ba bb bc bd be bf c0 c1 c2 c3 c4 c5 c6 c7 c8 c9 ca cb cc cd ce cf d0 d1 d2 d3 d4 d5 d6 d7 d8 d9 da db dc dd de df e0 e1 e2 e3 e4 e5 e6 e7 e8 e9 ea eb ec ed ee ef f0 f1 f2 f3 f4 f5 f6 f7 f8 f9 fa fb fc fd fe ff 
 0  1  2 18  4 d6 30 29  8 23 7b 6a 60 8a 52 b0 10 -- 46 -- f6 -- d4  a c0 -- c3 -- a4 25 b7 c4 20 -- -- -- 8c 3c -- 81 3b 6e -- -- 7f -- 14 -- 57 -- -- 33 51 -- -- ed 9f f3 4a 16 b9 -- 5f -- 40 -- -- -- -- -- -- -- cf -- 78 -- -- -- d5 4f 76 -- dc -- -- d1 -- c1 fe -- -- -- 28 -- -- -- ae -- -- -- -- -- 66 -- a2 -- -- d0 -- --  d 34 e9 -- 31 -- 94  6 2c f1 a5 79 -- ee be -- -- -- 80 -- -- ea -- -- -- -- -- -- -- aa -- -- -- -- 49 -- -- -- f0 -- --  f -- 97 -- -- 7d c9 9e de ec -- -- -- 6f 8f -- a0 -- -- 75 -- -- -- 55 -- 2b -- -- -- -- -- -- 56 50 ac -- -- -- -- -- -- 8b 83 -- -- -- -- -- -- -- -- -- -- cc -- -- -- 93  3 -- -- -- -- 77 d7 -- -- -- -- 1a -- 68 --  5 -- -- -- 62 f9 -- -- ff 6b  c eb 58 45 35 fa 9d -- f2 -- -- --  b 92 ab 1e -- -- -- -- -- 37 

solutions so far:0 maxDepth:10 
iterations:22129156  skipped: 3 
Depth skipped: 
0 0 3 0 0 0 0 0 0 0 0 0 0 0 0 0 0 0 0 0 0 0 0 0 0 0 0 0 0 0 0 0 

running time: 2700 sec
 depth:7
 0  1  2  3  4  5  6  7  8  9  a  b  c  d  e  f 10 11 12 13 14 15 16 17 18 19 1a 1b 1c 1d 1e 1f 20 21 22 23 24 25 26 27 28 29 2a 2b 2c 2d 2e 2f 30 31 32 33 34 35 36 37 38 39 3a 3b 3c 3d 3e 3f 40 41 42 43 44 45 46 47 48 49 4a 4b 4c 4d 4e 4f 50 51 52 53 54 55 56 57 58 59 5a 5b 5c 5d 5e 5f 60 61 62 63 64 65 66 67 68 69 6a 6b 6c 6d 6e 6f 70 71 72 73 74 75 76 77 78 79 7a 7b 7c 7d 7e 7f 80 81 82 83 84 85 86 87 88 89 8a 8b 8c 8d 8e 8f 90 91 92 93 94 95 96 97 98 99 9a 9b 9c 9d 9e 9f a0 a1 a2 a3 a4 a5 a6 a7 a8 a9 aa ab ac ad ae af b0 b1 b2 b3 b4 b5 b6 b7 b8 b9 ba bb bc bd be bf c0 c1 c2 c3 c4 c5 c6 c7 c8 c9 ca cb cc cd ce cf d0 d1 d2 d3 d4 d5 d6 d7 d8 d9 da db dc dd de df e0 e1 e2 e3 e4 e5 e6 e7 e8 e9 ea eb ec ed ee ef f0 f1 f2 f3 f4 f5 f6 f7 f8 f9 fa fb fc fd fe ff 
 0  1  2 18  4 ce 30 7f  8 2d 4b 12 60 7c fe 52 10 -- 5a -- 96 -- 24 c9 c0 -- f8 -- 2b f1 a4 63 20 -- -- -- b4 69 -- bb fb 1b -- -- 48 -- 45 -- 57 -- -- 33 27 -- --  a 56 dd 35 94 9f -- c6 -- 40 -- -- -- -- -- -- -- bf -- d2 -- -- -- a1 4f 21 -- 36 -- -- d1 -- c1 90 -- -- -- 8a -- -- -- ae -- -- -- -- -- 66 -- 4e -- -- 97 -- -- 14 50 ac -- 6d -- 6a  6 ff ef e9 79 -- 25 5b -- -- -- 80 -- -- ea -- -- -- -- -- -- -- aa -- -- -- -- a9 -- -- -- 73 -- -- 84 -- a2 -- -- 95 1f 9e d8 42 -- -- -- 6c e4 -- 51 -- -- 75 -- -- -- 55 -- f7 -- -- -- -- -- -- 39 c3 72 -- -- -- -- -- -- 8b 83 -- -- -- -- -- -- -- -- -- -- cc -- -- -- 9c  3 -- -- -- -- f9 d7 -- -- -- -- 28 -- a0 -- 8f -- -- -- da 93 -- -- d4 67  c eb 29 3e  9 fd  5 -- f2 -- -- -- 4a 85 b6 df -- -- -- -- -- e6 

solutions so far:0 maxDepth:10 
iterations:25341048  skipped: 3 
Depth skipped: 
0 0 3 0 0 0 0 0 0 0 0 0 0 0 0 0 0 0 0 0 0 0 0 0 0 0 0 0 0 0 0 0 

running time: 3000 sec
 depth:7
 0  1  2  3  4  5  6  7  8  9  a  b  c  d  e  f 10 11 12 13 14 15 16 17 18 19 1a 1b 1c 1d 1e 1f 20 21 22 23 24 25 26 27 28 29 2a 2b 2c 2d 2e 2f 30 31 32 33 34 35 36 37 38 39 3a 3b 3c 3d 3e 3f 40 41 42 43 44 45 46 47 48 49 4a 4b 4c 4d 4e 4f 50 51 52 53 54 55 56 57 58 59 5a 5b 5c 5d 5e 5f 60 61 62 63 64 65 66 67 68 69 6a 6b 6c 6d 6e 6f 70 71 72 73 74 75 76 77 78 79 7a 7b 7c 7d 7e 7f 80 81 82 83 84 85 86 87 88 89 8a 8b 8c 8d 8e 8f 90 91 92 93 94 95 96 97 98 99 9a 9b 9c 9d 9e 9f a0 a1 a2 a3 a4 a5 a6 a7 a8 a9 aa ab ac ad ae af b0 b1 b2 b3 b4 b5 b6 b7 b8 b9 ba bb bc bd be bf c0 c1 c2 c3 c4 c5 c6 c7 c8 c9 ca cb cc cd ce cf d0 d1 d2 d3 d4 d5 d6 d7 d8 d9 da db dc dd de df e0 e1 e2 e3 e4 e5 e6 e7 e8 e9 ea eb ec ed ee ef f0 f1 f2 f3 f4 f5 f6 f7 f8 f9 fa fb fc fd fe ff 
 0  1  2 18  4 ca 30 bb  8 97 43 32 60 e2 a1 a3 10 -- f9 -- 86 -- 64 b4 c0 -- 13 -- 95 63 91 9f 20 -- -- -- 25 9b -- 14 db 54 -- -- c8 -- bf -- 57 -- -- 33 26 -- -- f4 fd 29 c6 c5 f5 -- e9 -- 40 -- -- -- -- -- -- -- 4a -- e1 -- -- -- 28 4f 61 -- a8 -- -- d1 -- c1 47 -- -- -- a9 -- -- -- ae -- -- -- -- -- 66 -- 4c -- -- 5e -- -- 3f fc 2d -- 52 -- 5b  6 5d e7 3d 79 -- af  5 -- -- -- 80 -- -- ea -- -- -- -- -- -- -- aa -- -- -- -- 94 -- -- -- 15 -- -- 53 -- 6d -- -- 50 d3 9e d9 c2 -- -- -- 87 82 -- dd -- -- 75 -- -- -- 55 -- 8e -- -- -- -- -- -- cb 85 41 -- -- -- -- -- -- 8b 83 -- -- -- -- -- -- -- -- -- -- cc -- -- -- 98  3 -- -- -- -- bc d7 -- -- -- -- 7e -- 2f -- 5a -- -- -- a4 da -- -- b6 65  c eb ba 71 19 a0 7a -- f2 -- -- -- 89 ff  a a6 -- -- -- -- -- 2a 

solutions so far:0 maxDepth:10 
iterations:27361929  skipped: 3 
Depth skipped: 
0 0 3 0 0 0 0 0 0 0 0 0 0 0 0 0 0 0 0 0 0 0 0 0 0 0 0 0 0 0 0 0 

running time: 3300 sec
 depth:7
 0  1  2  3  4  5  6  7  8  9  a  b  c  d  e  f 10 11 12 13 14 15 16 17 18 19 1a 1b 1c 1d 1e 1f 20 21 22 23 24 25 26 27 28 29 2a 2b 2c 2d 2e 2f 30 31 32 33 34 35 36 37 38 39 3a 3b 3c 3d 3e 3f 40 41 42 43 44 45 46 47 48 49 4a 4b 4c 4d 4e 4f 50 51 52 53 54 55 56 57 58 59 5a 5b 5c 5d 5e 5f 60 61 62 63 64 65 66 67 68 69 6a 6b 6c 6d 6e 6f 70 71 72 73 74 75 76 77 78 79 7a 7b 7c 7d 7e 7f 80 81 82 83 84 85 86 87 88 89 8a 8b 8c 8d 8e 8f 90 91 92 93 94 95 96 97 98 99 9a 9b 9c 9d 9e 9f a0 a1 a2 a3 a4 a5 a6 a7 a8 a9 aa ab ac ad ae af b0 b1 b2 b3 b4 b5 b6 b7 b8 b9 ba bb bc bd be bf c0 c1 c2 c3 c4 c5 c6 c7 c8 c9 ca cb cc cd ce cf d0 d1 d2 d3 d4 d5 d6 d7 d8 d9 da db dc dd de df e0 e1 e2 e3 e4 e5 e6 e7 e8 e9 ea eb ec ed ee ef f0 f1 f2 f3 f4 f5 f6 f7 f8 f9 fa fb fc fd fe ff 
 0  1  2 18  4 c5 30 ac  8 3b 5d 9f 60 25 8f 86 10 -- 76 -- ba -- e9 51 c0 -- 4a -- c9 7f db 6e 20 -- -- -- ec f4 -- 6b a3 2f -- --  5 -- a2 -- 57 -- -- 33 94 -- -- a6 45 78 fe 65 61 -- dc -- 40 -- -- -- -- -- -- --  f -- 3f -- -- -- d6 4f 91 -- 5e -- -- d1 -- c1  a -- -- -- 93 -- -- -- ae -- -- -- -- -- 66 -- ff -- -- 54 -- -- 9b 15 8a -- f0 -- 2b  6 ca 52 c2 79 -- 87 6f -- -- -- 80 -- -- ea -- -- -- -- -- -- -- aa -- -- -- -- 1e -- -- -- 7e -- -- 3d -- 6a -- -- 7b 97 9e af f5 -- -- -- bc a0 -- 35 -- -- 75 -- -- -- 55 -- 14 -- -- -- -- -- -- 28 f1 50 -- -- -- -- -- -- 8b 83 -- -- -- -- -- -- -- -- -- -- cc -- -- -- 29  3 -- -- -- -- a8 d7 -- -- -- -- e1 -- 2a -- c3 -- -- -- 37 d4 -- -- 56 89  c eb 43 f9 a4 f6 53 -- f2 -- -- -- d9 3c de 7a -- -- -- -- -- fc 

solutions so far:0 maxDepth:10 
iterations:30974385  skipped: 3 
Depth skipped: 
0 0 3 0 0 0 0 0 0 0 0 0 0 0 0 0 0 0 0 0 0 0 0 0 0 0 0 0 0 0 0 0 

running time: 3600 sec
 depth:7
 0  1  2  3  4  5  6  7  8  9  a  b  c  d  e  f 10 11 12 13 14 15 16 17 18 19 1a 1b 1c 1d 1e 1f 20 21 22 23 24 25 26 27 28 29 2a 2b 2c 2d 2e 2f 30 31 32 33 34 35 36 37 38 39 3a 3b 3c 3d 3e 3f 40 41 42 43 44 45 46 47 48 49 4a 4b 4c 4d 4e 4f 50 51 52 53 54 55 56 57 58 59 5a 5b 5c 5d 5e 5f 60 61 62 63 64 65 66 67 68 69 6a 6b 6c 6d 6e 6f 70 71 72 73 74 75 76 77 78 79 7a 7b 7c 7d 7e 7f 80 81 82 83 84 85 86 87 88 89 8a 8b 8c 8d 8e 8f 90 91 92 93 94 95 96 97 98 99 9a 9b 9c 9d 9e 9f a0 a1 a2 a3 a4 a5 a6 a7 a8 a9 aa ab ac ad ae af b0 b1 b2 b3 b4 b5 b6 b7 b8 b9 ba bb bc bd be bf c0 c1 c2 c3 c4 c5 c6 c7 c8 c9 ca cb cc cd ce cf d0 d1 d2 d3 d4 d5 d6 d7 d8 d9 da db dc dd de df e0 e1 e2 e3 e4 e5 e6 e7 e8 e9 ea eb ec ed ee ef f0 f1 f2 f3 f4 f5 f6 f7 f8 f9 fa fb fc fd fe ff 
 0  1  2 18  4 bd 30 dc  8 4e ad 65 60 e1 6f 68 10 -- 9c -- 8d -- ca f6 c0 -- 15 -- de 78 d0 39 20 -- -- -- ef 22 -- 3e cd 59 -- -- 43 -- 3b -- 57 -- -- 33 2a -- -- 16 6b 48 f0  d 77 -- 72 -- 40 -- -- -- -- -- -- --  9 -- 44 -- -- -- 7c 4f 4d -- b2 -- -- d1 -- c1 86 -- -- -- 76 -- -- -- ae -- -- -- -- -- 66 -- 54 -- -- b9 -- -- 2c b0 d6 -- 90 -- 37  6 1a 87 ee 79 -- 9d e4 -- -- -- 80 -- -- ea -- -- -- -- -- -- -- aa -- -- -- -- 12 -- -- -- 88 -- -- e3 -- 1e -- -- f8 a6 9e b1 9a -- -- -- b3 53 --  f -- -- 75 -- -- -- 55 -- db -- -- -- -- -- -- 61 ec c2 -- -- -- -- -- -- 8b 83 -- -- -- -- -- -- -- -- -- -- cc -- -- -- a8  3 -- -- -- -- a5 d7 -- -- -- -- 58 -- b7 -- 7b -- -- -- f7 3c -- -- 6e b5  c eb 34 9b d9 27  b -- f2 -- -- -- ed 24 1f 11 -- -- -- -- -- c7 

solutions so far:0 maxDepth:10 
iterations:34342487  skipped: 3 
Depth skipped: 
0 0 3 0 0 0 0 0 0 0 0 0 0 0 0 0 0 0 0 0 0 0 0 0 0 0 0 0 0 0 0 0 

running time: 3900 sec
 depth:7
 0  1  2  3  4  5  6  7  8  9  a  b  c  d  e  f 10 11 12 13 14 15 16 17 18 19 1a 1b 1c 1d 1e 1f 20 21 22 23 24 25 26 27 28 29 2a 2b 2c 2d 2e 2f 30 31 32 33 34 35 36 37 38 39 3a 3b 3c 3d 3e 3f 40 41 42 43 44 45 46 47 48 49 4a 4b 4c 4d 4e 4f 50 51 52 53 54 55 56 57 58 59 5a 5b 5c 5d 5e 5f 60 61 62 63 64 65 66 67 68 69 6a 6b 6c 6d 6e 6f 70 71 72 73 74 75 76 77 78 79 7a 7b 7c 7d 7e 7f 80 81 82 83 84 85 86 87 88 89 8a 8b 8c 8d 8e 8f 90 91 92 93 94 95 96 97 98 99 9a 9b 9c 9d 9e 9f a0 a1 a2 a3 a4 a5 a6 a7 a8 a9 aa ab ac ad ae af b0 b1 b2 b3 b4 b5 b6 b7 b8 b9 ba bb bc bd be bf c0 c1 c2 c3 c4 c5 c6 c7 c8 c9 ca cb cc cd ce cf d0 d1 d2 d3 d4 d5 d6 d7 d8 d9 da db dc dd de df e0 e1 e2 e3 e4 e5 e6 e7 e8 e9 ea eb ec ed ee ef f0 f1 f2 f3 f4 f5 f6 f7 f8 f9 fa fb fc fd fe ff 
 0  1  2 18  4 b9 30 9f  8 f4 a5 69 60 4b e9 7b 10 -- 3f -- 9d -- d2 50 c0 -- 96 --  5 ff f6 c5 20 -- -- -- 7e d0 -- 91 ed 16 -- -- 73 -- a0 -- 57 -- -- 33 fb -- --  f  a bc 29 de 3b -- 5d -- 40 -- -- -- -- -- -- -- fc -- 77 -- -- -- f5 4f  d -- 2c -- -- d1 -- c1 e6 -- -- -- 97 -- -- -- ae -- -- -- -- -- 66 -- 21 -- -- 37 -- -- 1e 78 14 -- af -- 52  6 6b 84 76 79 -- dc ba -- -- -- 80 -- -- ea -- -- -- -- -- -- -- aa -- -- -- -- 2f -- -- -- ee -- -- 34 -- 4a -- -- 3d 67 9e b0 1a -- -- -- 58 d8 -- 25 -- -- 75 -- -- -- 55 -- 1b -- -- -- -- -- -- 36 f9 6c -- -- -- -- -- -- 8b 83 -- -- -- -- -- -- -- -- -- -- cc -- -- -- 42  3 -- -- -- -- 6e d7 -- -- -- -- 3c -- f0 -- 28 -- -- -- 89 94 -- -- a4 b7  c eb d6 ce df 7a ec -- f2 -- -- -- 6f 5e a3 68 -- -- -- -- --  b 

solutions so far:0 maxDepth:10 
iterations:37409070  skipped: 3 
Depth skipped: 
0 0 3 0 0 0 0 0 0 0 0 0 0 0 0 0 0 0 0 0 0 0 0 0 0 0 0 0 0 0 0 0 

running time: 4200 sec
 depth:7
 0  1  2  3  4  5  6  7  8  9  a  b  c  d  e  f 10 11 12 13 14 15 16 17 18 19 1a 1b 1c 1d 1e 1f 20 21 22 23 24 25 26 27 28 29 2a 2b 2c 2d 2e 2f 30 31 32 33 34 35 36 37 38 39 3a 3b 3c 3d 3e 3f 40 41 42 43 44 45 46 47 48 49 4a 4b 4c 4d 4e 4f 50 51 52 53 54 55 56 57 58 59 5a 5b 5c 5d 5e 5f 60 61 62 63 64 65 66 67 68 69 6a 6b 6c 6d 6e 6f 70 71 72 73 74 75 76 77 78 79 7a 7b 7c 7d 7e 7f 80 81 82 83 84 85 86 87 88 89 8a 8b 8c 8d 8e 8f 90 91 92 93 94 95 96 97 98 99 9a 9b 9c 9d 9e 9f a0 a1 a2 a3 a4 a5 a6 a7 a8 a9 aa ab ac ad ae af b0 b1 b2 b3 b4 b5 b6 b7 b8 b9 ba bb bc bd be bf c0 c1 c2 c3 c4 c5 c6 c7 c8 c9 ca cb cc cd ce cf d0 d1 d2 d3 d4 d5 d6 d7 d8 d9 da db dc dd de df e0 e1 e2 e3 e4 e5 e6 e7 e8 e9 ea eb ec ed ee ef f0 f1 f2 f3 f4 f5 f6 f7 f8 f9 fa fb fc fd fe ff 
 0  1  2 18  4 b5 30 9f  8  b bd 7a 60 c5 e9 2d 10 -- 16 -- ad -- f4 50 c0 -- 5d --  5 ff 5a ed 20 -- -- -- 2c 11 -- 68 8d c7 -- -- 3f -- a0 -- 57 -- -- 33 ba -- -- 85  a b9 29 a1 b4 --  d -- 40 -- -- -- -- -- -- -- 58 -- 22 -- -- -- d0 4f cd -- 59 -- -- d1 -- c1 7e -- -- -- 97 -- -- -- ae -- -- -- -- -- 66 -- a3 -- -- c6 -- -- dd da 14 -- a5 -- 52  6 95 f5 bf 79 -- b6 1a -- -- -- 80 -- -- ea -- -- -- -- -- -- -- aa -- -- -- -- b0 -- -- -- 44 -- -- 9a -- 4a -- -- 77 af 9e b3 4d -- -- -- b2 bc -- 25 -- -- 75 -- -- -- 55 -- fc -- -- -- -- -- -- 2f f9 5e -- -- -- -- -- -- 8b 83 -- -- -- -- -- -- -- -- -- -- cc -- -- -- 91  3 -- -- -- -- 5b d7 -- -- -- -- 6d -- 63 -- 28 -- -- -- 9d 94 -- -- a4 b1  c eb fd 89 3d ee a9 -- f2 -- -- -- bb b7 34 e3 -- -- -- -- -- 88 

solutions so far:0 maxDepth:10 
iterations:39623078  skipped: 3 
Depth skipped: 
0 0 3 0 0 0 0 0 0 0 0 0 0 0 0 0 0 0 0 0 0 0 0 0 0 0 0 0 0 0 0 0 

running time: 4500 sec
 depth:6
 0  1  2  3  4  5  6  7  8  9  a  b  c  d  e  f 10 11 12 13 14 15 16 17 18 19 1a 1b 1c 1d 1e 1f 20 21 22 23 24 25 26 27 28 29 2a 2b 2c 2d 2e 2f 30 31 32 33 34 35 36 37 38 39 3a 3b 3c 3d 3e 3f 40 41 42 43 44 45 46 47 48 49 4a 4b 4c 4d 4e 4f 50 51 52 53 54 55 56 57 58 59 5a 5b 5c 5d 5e 5f 60 61 62 63 64 65 66 67 68 69 6a 6b 6c 6d 6e 6f 70 71 72 73 74 75 76 77 78 79 7a 7b 7c 7d 7e 7f 80 81 82 83 84 85 86 87 88 89 8a 8b 8c 8d 8e 8f 90 91 92 93 94 95 96 97 98 99 9a 9b 9c 9d 9e 9f a0 a1 a2 a3 a4 a5 a6 a7 a8 a9 aa ab ac ad ae af b0 b1 b2 b3 b4 b5 b6 b7 b8 b9 ba bb bc bd be bf c0 c1 c2 c3 c4 c5 c6 c7 c8 c9 ca cb cc cd ce cf d0 d1 d2 d3 d4 d5 d6 d7 d8 d9 da db dc dd de df e0 e1 e2 e3 e4 e5 e6 e7 e8 e9 ea eb ec ed ee ef f0 f1 f2 f3 f4 f5 f6 f7 f8 f9 fa fb fc fd fe ff 
 0  1  2 18  4 af 30 6d  8 8c 89 27 60 39 da -- 10 -- cf -- c5 -- 4e bb c0 -- 72 -- 63 bf -- be 20 -- -- -- 49 3d -- 7d 5d 7e -- -- 9c -- a1 -- 57 -- -- 33 e4 -- -- -- c6 62 a9 -- -- -- ab -- 40 -- -- -- -- -- -- -- 92 -- 7a -- -- -- fa 4f ba -- fc -- -- d1 -- c1 ef -- -- -- 95 -- -- -- ae -- -- -- -- -- 66 -- 1f -- -- -- -- -- -- -- 5b -- c4 -- 85  6 -- 7c -- 79 -- -- 81 -- -- -- 80 -- -- ea -- -- -- -- -- -- -- aa -- -- -- -- f3 -- -- -- f4 -- -- 91 -- 5a -- -- 23 90 9e 5e a3 -- -- -- 2f 48 -- 2d -- -- 75 -- -- -- 55 --  9 -- -- -- -- -- -- 12 fd 24 -- -- -- -- -- -- 8b 83 -- -- -- -- -- -- -- -- -- -- cc -- -- -- 3e  3 -- -- -- -- -- d7 -- -- -- -- -- -- -- -- b6 -- -- -- 5f b4 -- -- dd bc  c eb -- f7 f8 46 -- -- f2 -- -- -- -- 31 d5 f5 -- -- -- -- -- 3f 

solutions so far:0 maxDepth:10 
iterations:43539586  skipped: 3 
Depth skipped: 
0 0 3 0 0 0 0 0 0 0 0 0 0 0 0 0 0 0 0 0 0 0 0 0 0 0 0 0 0 0 0 0 

running time: 4800 sec
 depth:7
 0  1  2  3  4  5  6  7  8  9  a  b  c  d  e  f 10 11 12 13 14 15 16 17 18 19 1a 1b 1c 1d 1e 1f 20 21 22 23 24 25 26 27 28 29 2a 2b 2c 2d 2e 2f 30 31 32 33 34 35 36 37 38 39 3a 3b 3c 3d 3e 3f 40 41 42 43 44 45 46 47 48 49 4a 4b 4c 4d 4e 4f 50 51 52 53 54 55 56 57 58 59 5a 5b 5c 5d 5e 5f 60 61 62 63 64 65 66 67 68 69 6a 6b 6c 6d 6e 6f 70 71 72 73 74 75 76 77 78 79 7a 7b 7c 7d 7e 7f 80 81 82 83 84 85 86 87 88 89 8a 8b 8c 8d 8e 8f 90 91 92 93 94 95 96 97 98 99 9a 9b 9c 9d 9e 9f a0 a1 a2 a3 a4 a5 a6 a7 a8 a9 aa ab ac ad ae af b0 b1 b2 b3 b4 b5 b6 b7 b8 b9 ba bb bc bd be bf c0 c1 c2 c3 c4 c5 c6 c7 c8 c9 ca cb cc cd ce cf d0 d1 d2 d3 d4 d5 d6 d7 d8 d9 da db dc dd de df e0 e1 e2 e3 e4 e5 e6 e7 e8 e9 ea eb ec ed ee ef f0 f1 f2 f3 f4 f5 f6 f7 f8 f9 fa fb fc fd fe ff 
 0  1  2 18  4 a7 30 af  8 15 99 f6 60 6e 89 71 10 -- 2a -- e5 -- 3b 91 c0 -- dc -- c5 fc e2 86 20 -- -- -- 54  e -- 53 1d e0 -- -- 76 -- f5 -- 57 -- -- 33 6f -- -- 98 5d 65 2f 41 13 -- db -- 40 -- -- -- -- -- -- -- a8 -- 1c -- -- -- a6 4f 3a -- 17 -- -- d1 -- c1 ec -- -- -- 3d -- -- -- ae -- -- -- -- -- 66 -- de -- -- c8 -- -- e7 32 ba -- ca -- 5e  6 82 d6 26 79 -- 8e 61 -- -- -- 80 -- -- ea -- -- -- -- -- -- -- aa -- -- -- -- 87 -- -- -- 38 -- -- e8 -- 3f -- -- 9b f0 9e 5c 74 -- -- -- 2e 78 -- f4 -- -- 75 -- -- -- 55 --  f -- -- -- -- -- -- 1e 7a 3c -- -- -- -- -- -- 8b 83 -- -- -- -- -- -- -- -- -- -- cc -- -- -- 6b  3 -- -- -- -- 47 d7 -- -- -- -- 19 -- 64 -- a3 -- -- -- 43 7e -- -- bc b8  c eb d3 37 7b e1 4c -- f2 -- -- -- cb d9 c2  7 -- -- -- -- -- 70 

solutions so far:0 maxDepth:10 
iterations:46855105  skipped: 3 
Depth skipped: 
0 0 3 0 0 0 0 0 0 0 0 0 0 0 0 0 0 0 0 0 0 0 0 0 0 0 0 0 0 0 0 0 

running time: 5100 sec
 depth:6
 0  1  2  3  4  5  6  7  8  9  a  b  c  d  e  f 10 11 12 13 14 15 16 17 18 19 1a 1b 1c 1d 1e 1f 20 21 22 23 24 25 26 27 28 29 2a 2b 2c 2d 2e 2f 30 31 32 33 34 35 36 37 38 39 3a 3b 3c 3d 3e 3f 40 41 42 43 44 45 46 47 48 49 4a 4b 4c 4d 4e 4f 50 51 52 53 54 55 56 57 58 59 5a 5b 5c 5d 5e 5f 60 61 62 63 64 65 66 67 68 69 6a 6b 6c 6d 6e 6f 70 71 72 73 74 75 76 77 78 79 7a 7b 7c 7d 7e 7f 80 81 82 83 84 85 86 87 88 89 8a 8b 8c 8d 8e 8f 90 91 92 93 94 95 96 97 98 99 9a 9b 9c 9d 9e 9f a0 a1 a2 a3 a4 a5 a6 a7 a8 a9 aa ab ac ad ae af b0 b1 b2 b3 b4 b5 b6 b7 b8 b9 ba bb bc bd be bf c0 c1 c2 c3 c4 c5 c6 c7 c8 c9 ca cb cc cd ce cf d0 d1 d2 d3 d4 d5 d6 d7 d8 d9 da db dc dd de df e0 e1 e2 e3 e4 e5 e6 e7 e8 e9 ea eb ec ed ee ef f0 f1 f2 f3 f4 f5 f6 f7 f8 f9 fa fb fc fd fe ff 
 0  1  2 18  4 a2 30 7e  8 b7 93 3b 60 dc fc -- 10 -- b9 -- f1 -- 76 89 c0 -- 6f -- 2f 3d -- d0 20 -- -- -- a5 2b -- 16 35 c9 -- -- ec -- c5 -- 57 -- -- 33 de -- -- -- 5e 1a 7a -- -- -- 77 -- 40 -- -- -- -- -- -- -- 9d -- 56 -- -- -- 2c 4f 6a -- 45 -- -- d1 -- c1  f -- -- -- 5d -- -- -- ae -- -- -- -- -- 66 -- 6b -- -- -- -- -- -- -- bc -- 34 -- f4  6 -- 7b -- 79 -- -- ee -- -- -- 80 -- -- ea -- -- -- -- -- -- -- aa -- -- -- -- ed -- -- -- ac -- -- 7f -- 91 -- -- 58 37 9e c3 d4 -- -- -- 8a f0 -- a3 -- -- 75 -- -- -- 55 -- 1e -- -- -- -- -- -- 3c ba 78 -- -- -- -- -- -- 8b 83 -- -- -- -- -- -- -- -- -- -- cc -- -- -- d6  3 -- -- -- -- -- d7 -- -- -- -- -- -- -- -- af -- -- -- 68 f5 -- -- 3f 51  c eb -- 6e f6 b0 -- -- f2 -- -- -- --  d  b fe -- -- -- -- -- 8f 

solutions so far:0 maxDepth:10 
iterations:50633409  skipped: 3 
Depth skipped: 
0 0 3 0 0 0 0 0 0 0 0 0 0 0 0 0 0 0 0 0 0 0 0 0 0 0 0 0 0 0 0 0 

running time: 5400 sec
 depth:5
 0  1  2  3  4  5  6  7  8  9  a  b  c  d  e  f 10 11 12 13 14 15 16 17 18 19 1a 1b 1c 1d 1e 1f 20 21 22 23 24 25 26 27 28 29 2a 2b 2c 2d 2e 2f 30 31 32 33 34 35 36 37 38 39 3a 3b 3c 3d 3e 3f 40 41 42 43 44 45 46 47 48 49 4a 4b 4c 4d 4e 4f 50 51 52 53 54 55 56 57 58 59 5a 5b 5c 5d 5e 5f 60 61 62 63 64 65 66 67 68 69 6a 6b 6c 6d 6e 6f 70 71 72 73 74 75 76 77 78 79 7a 7b 7c 7d 7e 7f 80 81 82 83 84 85 86 87 88 89 8a 8b 8c 8d 8e 8f 90 91 92 93 94 95 96 97 98 99 9a 9b 9c 9d 9e 9f a0 a1 a2 a3 a4 a5 a6 a7 a8 a9 aa ab ac ad ae af b0 b1 b2 b3 b4 b5 b6 b7 b8 b9 ba bb bc bd be bf c0 c1 c2 c3 c4 c5 c6 c7 c8 c9 ca cb cc cd ce cf d0 d1 d2 d3 d4 d5 d6 d7 d8 d9 da db dc dd de df e0 e1 e2 e3 e4 e5 e6 e7 e8 e9 ea eb ec ed ee ef f0 f1 f2 f3 f4 f5 f6 f7 f8 f9 fa fb fc fd fe ff 
 0  1  2 18  4 9a 30 bb  8 3c e3 -- 60 -- a1 -- 10 -- 78 -- 11 -- -- b4 c0 -- -- -- 95 63 -- d6 20 -- -- -- f0 b2 -- 76 22 bd -- -- -- -- bf -- 57 -- -- 33 -- -- -- -- fd 6f c6 -- -- -- 7b -- 40 -- -- -- -- -- -- -- 37 -- b3 -- -- -- ec 4f 44 -- ad -- -- d1 -- c1 -- -- -- -- a9 -- -- -- ae -- -- -- -- -- 66 -- -- -- -- -- -- -- -- -- 2d -- de -- 5b  6 -- -- -- 79 -- -- f6 -- -- -- 80 -- -- ea -- -- -- -- -- -- -- aa -- -- -- -- 6e -- -- -- b1 -- -- c7 -- 6d -- --  f -- 9e cd 88 -- -- -- 8d -- -- dd -- -- 75 -- -- -- 55 -- -- -- -- -- -- -- -- -- 85 -- -- -- -- -- -- -- 8b 83 -- -- -- -- -- -- -- -- -- -- cc -- -- -- --  3 -- -- -- -- -- d7 -- -- -- -- -- -- -- -- 5a -- -- -- 6b da -- -- b6 4d  c eb -- -- -- 1e -- -- f2 -- -- -- -- dc 3b 59 -- -- -- -- -- b5 

solutions so far:0 maxDepth:10 
iterations:54032207  skipped: 4 
Depth skipped: 
0 0 4 0 0 0 0 0 0 0 0 0 0 0 0 0 0 0 0 0 0 0 0 0 0 0 0 0 0 0 0 0 

running time: 5700 sec
 depth:6
 0  1  2  3  4  5  6  7  8  9  a  b  c  d  e  f 10 11 12 13 14 15 16 17 18 19 1a 1b 1c 1d 1e 1f 20 21 22 23 24 25 26 27 28 29 2a 2b 2c 2d 2e 2f 30 31 32 33 34 35 36 37 38 39 3a 3b 3c 3d 3e 3f 40 41 42 43 44 45 46 47 48 49 4a 4b 4c 4d 4e 4f 50 51 52 53 54 55 56 57 58 59 5a 5b 5c 5d 5e 5f 60 61 62 63 64 65 66 67 68 69 6a 6b 6c 6d 6e 6f 70 71 72 73 74 75 76 77 78 79 7a 7b 7c 7d 7e 7f 80 81 82 83 84 85 86 87 88 89 8a 8b 8c 8d 8e 8f 90 91 92 93 94 95 96 97 98 99 9a 9b 9c 9d 9e 9f a0 a1 a2 a3 a4 a5 a6 a7 a8 a9 aa ab ac ad ae af b0 b1 b2 b3 b4 b5 b6 b7 b8 b9 ba bb bc bd be bf c0 c1 c2 c3 c4 c5 c6 c7 c8 c9 ca cb cc cd ce cf d0 d1 d2 d3 d4 d5 d6 d7 d8 d9 da db dc dd de df e0 e1 e2 e3 e4 e5 e6 e7 e8 e9 ea eb ec ed ee ef f0 f1 f2 f3 f4 f5 f6 f7 f8 f9 fa fb fc fd fe ff 
 0  1  2 18  4 95 30 44  8 89 fd 3a 60 2e 88 -- 10 -- c5 -- 2d -- 74 b1 c0 -- 5c -- c7 9a -- f4 20 -- -- -- 5d dd -- 2f 5a c6 -- -- e8 -- b5 -- 57 -- -- 33 b8 -- -- -- 59 f5 e3 -- -- -- 3f -- 40 -- -- -- -- -- -- -- ba -- 6d -- -- -- 5e 4f b4 -- 5b -- -- d1 -- c1  7 -- -- -- bd -- -- -- ae -- -- -- -- -- 66 -- a7 -- -- -- -- -- -- -- b2 -- 3d -- 11  6 -- e5 -- 79 -- -- 7e -- -- -- 80 -- -- ea -- -- -- -- -- -- -- aa -- -- -- -- a3 -- -- -- da -- -- a9 -- cd -- -- bc e0 9e bb bf -- -- -- b6 70 -- 8d -- -- 75 -- -- -- 55 --  e -- -- -- -- -- -- 1c ad 38 -- -- -- -- -- -- 8b 83 -- -- -- -- -- -- -- -- -- -- cc -- -- -- 99  3 -- -- -- -- -- d7 -- -- -- -- -- -- -- -- b3 -- -- -- 7a 4d -- -- 22 a1  c eb -- 17 1d af -- -- f2 -- -- -- -- 91 fc 85 -- -- -- -- -- 63 

solutions so far:0 maxDepth:10 
iterations:58030170  skipped: 4 
Depth skipped: 
0 0 4 0 0 0 0 0 0 0 0 0 0 0 0 0 0 0 0 0 0 0 0 0 0 0 0 0 0 0 0 0 

running time: 6000 sec
 depth:6
 0  1  2  3  4  5  6  7  8  9  a  b  c  d  e  f 10 11 12 13 14 15 16 17 18 19 1a 1b 1c 1d 1e 1f 20 21 22 23 24 25 26 27 28 29 2a 2b 2c 2d 2e 2f 30 31 32 33 34 35 36 37 38 39 3a 3b 3c 3d 3e 3f 40 41 42 43 44 45 46 47 48 49 4a 4b 4c 4d 4e 4f 50 51 52 53 54 55 56 57 58 59 5a 5b 5c 5d 5e 5f 60 61 62 63 64 65 66 67 68 69 6a 6b 6c 6d 6e 6f 70 71 72 73 74 75 76 77 78 79 7a 7b 7c 7d 7e 7f 80 81 82 83 84 85 86 87 88 89 8a 8b 8c 8d 8e 8f 90 91 92 93 94 95 96 97 98 99 9a 9b 9c 9d 9e 9f a0 a1 a2 a3 a4 a5 a6 a7 a8 a9 aa ab ac ad ae af b0 b1 b2 b3 b4 b5 b6 b7 b8 b9 ba bb bc bd be bf c0 c1 c2 c3 c4 c5 c6 c7 c8 c9 ca cb cc cd ce cf d0 d1 d2 d3 d4 d5 d6 d7 d8 d9 da db dc dd de df e0 e1 e2 e3 e4 e5 e6 e7 e8 e9 ea eb ec ed ee ef f0 f1 f2 f3 f4 f5 f6 f7 f8 f9 fa fb fc fd fe ff 
 0  1  2 18  4 8e 30 6a  8 77 cb 28 60 52 d4 -- 10 -- ee -- 41 -- 50 ac c0 -- a4 -- 7f a2 -- a5 20 -- -- --  b 26 -- 1a 82 19 -- -- a0 -- 8f -- 57 -- -- 33 9f -- -- -- fe b0 93 -- -- -- 9d -- 40 -- -- -- -- -- -- -- 16 -- 4c -- -- -- 34 4f d3 -- 32 -- -- d1 -- c1 97 -- -- -- c9 -- -- -- ae -- -- -- -- -- 66 -- e9 -- -- -- -- -- -- -- 2b -- b7 -- f1  6 --  a -- 79 -- -- ed -- -- -- 80 -- -- ea -- -- -- -- -- -- -- aa -- -- -- -- 2c -- -- -- 98 -- -- e2 -- c3 -- -- 68 ff 9e c8 71 -- -- -- 64 94 -- 8a -- -- 75 -- -- -- 55 -- f9 -- -- -- -- -- -- 25 45 4a -- -- -- -- -- -- 8b 83 -- -- -- -- -- -- -- -- -- -- cc -- -- --  5  3 -- -- -- -- -- d7 -- -- -- -- -- -- -- -- 56 -- -- -- b9 51 -- -- 35 47  c eb -- 29 14 d0 -- -- f2 -- -- -- -- 58  d 13 -- -- -- -- -- e7 

solutions so far:0 maxDepth:10 
iterations:61377033  skipped: 5 
Depth skipped: 
0 0 5 0 0 0 0 0 0 0 0 0 0 0 0 0 0 0 0 0 0 0 0 0 0 0 0 0 0 0 0 0 

running time: 6300 sec
 depth:7
 0  1  2  3  4  5  6  7  8  9  a  b  c  d  e  f 10 11 12 13 14 15 16 17 18 19 1a 1b 1c 1d 1e 1f 20 21 22 23 24 25 26 27 28 29 2a 2b 2c 2d 2e 2f 30 31 32 33 34 35 36 37 38 39 3a 3b 3c 3d 3e 3f 40 41 42 43 44 45 46 47 48 49 4a 4b 4c 4d 4e 4f 50 51 52 53 54 55 56 57 58 59 5a 5b 5c 5d 5e 5f 60 61 62 63 64 65 66 67 68 69 6a 6b 6c 6d 6e 6f 70 71 72 73 74 75 76 77 78 79 7a 7b 7c 7d 7e 7f 80 81 82 83 84 85 86 87 88 89 8a 8b 8c 8d 8e 8f 90 91 92 93 94 95 96 97 98 99 9a 9b 9c 9d 9e 9f a0 a1 a2 a3 a4 a5 a6 a7 a8 a9 aa ab ac ad ae af b0 b1 b2 b3 b4 b5 b6 b7 b8 b9 ba bb bc bd be bf c0 c1 c2 c3 c4 c5 c6 c7 c8 c9 ca cb cc cd ce cf d0 d1 d2 d3 d4 d5 d6 d7 d8 d9 da db dc dd de df e0 e1 e2 e3 e4 e5 e6 e7 e8 e9 ea eb ec ed ee ef f0 f1 f2 f3 f4 f5 f6 f7 f8 f9 fa fb fc fd fe ff 
 0  1  2 18  4 84 30 bd  8 3e df 63 60 b4 ad d6 10 -- 7c -- 69 -- c6 e3 c0 -- bf -- 8d b2 7b 24 20 -- -- -- f8 6c -- 39 d2 4b -- -- 5b -- 11 -- 57 -- -- 33 a9 -- -- ec cd ef b3 6f f6 -- 48 -- 40 -- -- -- -- -- -- -- 27 -- d8 -- -- -- 72 4f 73 -- 96 -- -- d1 -- c1 b6 -- -- -- 22 -- -- -- ae -- -- -- -- -- 66 -- 85 -- -- f0 -- --  f 3c 4d --  9 -- b1  6 de 6d 3b 79 -- 6e 90 -- -- -- 80 -- -- ea -- -- -- -- -- -- -- aa -- -- -- -- 4e -- -- -- 67 -- -- 1b -- c7 -- -- e4 2d 9e 21 e6 -- -- -- fb fd -- 88 -- -- 75 -- -- -- 55 -- bb -- -- -- -- -- -- a1 44 95 -- -- -- -- -- -- 8b 83 -- -- -- -- -- -- -- -- -- -- cc -- -- -- dd  3 -- -- -- -- 37 d7 -- -- -- -- 1e -- 78 -- 9a -- -- -- 12 59 -- -- b5 42  c eb 6b 5a da 1f 76 -- f2 -- -- -- dc 9c f7 36 -- -- -- -- -- ce 

solutions so far:0 maxDepth:10 
iterations:65206131  skipped: 6 
Depth skipped: 
0 0 6 0 0 0 0 0 0 0 0 0 0 0 0 0 0 0 0 0 0 0 0 0 0 0 0 0 0 0 0 0 

running time: 6600 sec
 depth:6
 0  1  2  3  4  5  6  7  8  9  a  b  c  d  e  f 10 11 12 13 14 15 16 17 18 19 1a 1b 1c 1d 1e 1f 20 21 22 23 24 25 26 27 28 29 2a 2b 2c 2d 2e 2f 30 31 32 33 34 35 36 37 38 39 3a 3b 3c 3d 3e 3f 40 41 42 43 44 45 46 47 48 49 4a 4b 4c 4d 4e 4f 50 51 52 53 54 55 56 57 58 59 5a 5b 5c 5d 5e 5f 60 61 62 63 64 65 66 67 68 69 6a 6b 6c 6d 6e 6f 70 71 72 73 74 75 76 77 78 79 7a 7b 7c 7d 7e 7f 80 81 82 83 84 85 86 87 88 89 8a 8b 8c 8d 8e 8f 90 91 92 93 94 95 96 97 98 99 9a 9b 9c 9d 9e 9f a0 a1 a2 a3 a4 a5 a6 a7 a8 a9 aa ab ac ad ae af b0 b1 b2 b3 b4 b5 b6 b7 b8 b9 ba bb bc bd be bf c0 c1 c2 c3 c4 c5 c6 c7 c8 c9 ca cb cc cd ce cf d0 d1 d2 d3 d4 d5 d6 d7 d8 d9 da db dc dd de df e0 e1 e2 e3 e4 e5 e6 e7 e8 e9 ea eb ec ed ee ef f0 f1 f2 f3 f4 f5 f6 f7 f8 f9 fa fb fc fd fe ff 
 0  1  2 18  4 7b 30 24  8  d f6 22 60 ad 48 -- 10 -- 1a -- 3b -- 44 e4 c0 -- 8d -- 90 9c -- 2c 20 -- -- -- 34 78 -- b9 76 dc -- -- 88 -- 1f -- 57 -- -- 33 cd -- -- -- f7 ee ef -- -- -- 58 -- 40 -- -- -- -- -- -- -- 68 -- f0 -- -- -- a5 4f ec -- 6f -- -- d1 -- c1 c7 -- -- -- 3e -- -- -- ae -- -- -- -- -- 66 -- 4d -- -- -- -- -- -- -- 39 --  b --  9  6 -- e3 -- 79 -- -- b0 -- -- -- 80 -- -- ea -- -- -- -- -- -- -- aa -- -- -- -- d0 -- -- -- 37 -- -- 1e -- 27 -- -- 9d b5 9e 6b  f -- -- -- de b1 -- f8 -- -- 75 -- -- -- 55 -- 59 -- -- -- -- -- -- b2 7c b3 -- -- -- -- -- -- 8b 83 -- -- -- -- -- -- -- -- -- -- cc -- -- -- 9a  3 -- -- -- -- -- d7 -- -- -- -- -- -- -- -- 72 -- -- -- 16 4e -- -- 12 d6  c eb -- bd 11 ed -- -- f2 -- -- -- -- 77 b7 3c -- -- -- -- -- 6e 

solutions so far:0 maxDepth:10 
iterations:69086003  skipped: 7 
Depth skipped: 
0 0 7 0 0 0 0 0 0 0 0 0 0 0 0 0 0 0 0 0 0 0 0 0 0 0 0 0 0 0 0 0 

running time: 6900 sec
 depth:7
 0  1  2  3  4  5  6  7  8  9  a  b  c  d  e  f 10 11 12 13 14 15 16 17 18 19 1a 1b 1c 1d 1e 1f 20 21 22 23 24 25 26 27 28 29 2a 2b 2c 2d 2e 2f 30 31 32 33 34 35 36 37 38 39 3a 3b 3c 3d 3e 3f 40 41 42 43 44 45 46 47 48 49 4a 4b 4c 4d 4e 4f 50 51 52 53 54 55 56 57 58 59 5a 5b 5c 5d 5e 5f 60 61 62 63 64 65 66 67 68 69 6a 6b 6c 6d 6e 6f 70 71 72 73 74 75 76 77 78 79 7a 7b 7c 7d 7e 7f 80 81 82 83 84 85 86 87 88 89 8a 8b 8c 8d 8e 8f 90 91 92 93 94 95 96 97 98 99 9a 9b 9c 9d 9e 9f a0 a1 a2 a3 a4 a5 a6 a7 a8 a9 aa ab ac ad ae af b0 b1 b2 b3 b4 b5 b6 b7 b8 b9 ba bb bc bd be bf c0 c1 c2 c3 c4 c5 c6 c7 c8 c9 ca cb cc cd ce cf d0 d1 d2 d3 d4 d5 d6 d7 d8 d9 da db dc dd de df e0 e1 e2 e3 e4 e5 e6 e7 e8 e9 ea eb ec ed ee ef f0 f1 f2 f3 f4 f5 f6 f7 f8 f9 fa fb fc fd fe ff 
 0  1  2 18  4 71 30 97  8 7c e2 68 60 b9 f9 88 10 -- f8 -- 13 -- d0 29 c0 -- a5 -- 25 14 c7 48 20 -- -- -- 27 32 -- 72 26 8e -- -- 77 -- 52 -- 57 -- -- 33 9d -- -- b1 4a  9 28 11 59 -- 90 -- 40 -- -- -- -- -- -- -- 4e -- 64 -- -- -- e4 4f 4c -- cb -- -- d1 -- c1 ee -- -- -- a4 -- -- -- ae -- -- -- -- -- 66 -- ed -- -- cd -- -- b5 ad 94 -- 12 -- 50  6 22 1a b2 79 -- 9a f7 -- -- -- 80 -- -- ea -- -- -- -- -- -- -- aa -- -- -- -- 9c -- -- -- c8 -- -- e7 --  5 -- -- 1f b0 9e 82 98 -- -- -- 41 58 -- e9 -- -- 75 -- -- -- 55 --  b -- -- -- -- -- -- 16 9f 2c -- -- -- -- -- -- 8b 83 -- -- -- -- -- -- -- -- -- -- cc -- -- --  d  3 -- -- -- -- 4d d7 -- -- -- -- bd -- 8d -- ff -- -- -- 24  a -- -- a0 d3  c eb 44 b7 34 3e b3 -- f2 -- -- -- e3 ef 39 19 -- -- -- -- -- 47 

solutions so far:0 maxDepth:10 
iterations:73167517  skipped: 8 
Depth skipped: 
0 0 8 0 0 0 0 0 0 0 0 0 0 0 0 0 0 0 0 0 0 0 0 0 0 0 0 0 0 0 0 0 

running time: 7200 sec
 depth:8
 0  1  2  3  4  5  6  7  8  9  a  b  c  d  e  f 10 11 12 13 14 15 16 17 18 19 1a 1b 1c 1d 1e 1f 20 21 22 23 24 25 26 27 28 29 2a 2b 2c 2d 2e 2f 30 31 32 33 34 35 36 37 38 39 3a 3b 3c 3d 3e 3f 40 41 42 43 44 45 46 47 48 49 4a 4b 4c 4d 4e 4f 50 51 52 53 54 55 56 57 58 59 5a 5b 5c 5d 5e 5f 60 61 62 63 64 65 66 67 68 69 6a 6b 6c 6d 6e 6f 70 71 72 73 74 75 76 77 78 79 7a 7b 7c 7d 7e 7f 80 81 82 83 84 85 86 87 88 89 8a 8b 8c 8d 8e 8f 90 91 92 93 94 95 96 97 98 99 9a 9b 9c 9d 9e 9f a0 a1 a2 a3 a4 a5 a6 a7 a8 a9 aa ab ac ad ae af b0 b1 b2 b3 b4 b5 b6 b7 b8 b9 ba bb bc bd be bf c0 c1 c2 c3 c4 c5 c6 c7 c8 c9 ca cb cc cd ce cf d0 d1 d2 d3 d4 d5 d6 d7 d8 d9 da db dc dd de df e0 e1 e2 e3 e4 e5 e6 e7 e8 e9 ea eb ec ed ee ef f0 f1 f2 f3 f4 f5 f6 f7 f8 f9 fa fb fc fd fe ff 
 0  1  2 18  4 6b 30 b0  8 2e d6 5e 60 3d b7 54 10 64 5c -- 7b -- bc  d c0 -- 7a -- b9  b a8 e8 20 -- c8 -- b8 1e -- 38 f6 37 -- -- af -- 1a -- 57 -- -- 33 f4 -- -- ca a5 1d 16 e1 87 --  7 -- 40 -- -- -- 47 -- -- -- a7 -- 3c -- -- e7 70 4f 3b -- 6e -- -- d1 -- c1 89 41 -- -- 34 -- -- -- ae -- -- -- -- -- 66 -- 3f -- -- c2 -- -- 43 db 9d -- 3a -- 2c  6 15 fc d9 79 -- a6  e -- -- -- 80 -- -- ea -- -- -- -- 8e -- -- aa -- 4c -- -- 99 -- -- -- 78 -- -- ec -- 77 19 -- e0 91 9e 6f 76 -- -- -- dc a3 -- d0 -- -- 75 -- -- 26 55 -- c5 71 82 d3 -- e2 -- 5d 68 ba -- -- -- 13 -- -- 8b 83 -- -- -- -- -- cb -- -- -- -- cc 98 -- -- 7e  3 -- -- -- -- 53 d7 -- -- -- -- 86 -- 61 -- ed -- -- 32 74 ee -- -- 58 de  c eb 2a f5 2f 17 65 -- f2 -- -- -- 9b e5 1c  f -- -- -- -- -- f0 

solutions so far:0 maxDepth:10 
iterations:77482019  skipped: 8 
Depth skipped: 
0 0 8 0 0 0 0 0 0 0 0 0 0 0 0 0 0 0 0 0 0 0 0 0 0 0 0 0 0 0 0 0 

running time: 7500 sec
 depth:8
 0  1  2  3  4  5  6  7  8  9  a  b  c  d  e  f 10 11 12 13 14 15 16 17 18 19 1a 1b 1c 1d 1e 1f 20 21 22 23 24 25 26 27 28 29 2a 2b 2c 2d 2e 2f 30 31 32 33 34 35 36 37 38 39 3a 3b 3c 3d 3e 3f 40 41 42 43 44 45 46 47 48 49 4a 4b 4c 4d 4e 4f 50 51 52 53 54 55 56 57 58 59 5a 5b 5c 5d 5e 5f 60 61 62 63 64 65 66 67 68 69 6a 6b 6c 6d 6e 6f 70 71 72 73 74 75 76 77 78 79 7a 7b 7c 7d 7e 7f 80 81 82 83 84 85 86 87 88 89 8a 8b 8c 8d 8e 8f 90 91 92 93 94 95 96 97 98 99 9a 9b 9c 9d 9e 9f a0 a1 a2 a3 a4 a5 a6 a7 a8 a9 aa ab ac ad ae af b0 b1 b2 b3 b4 b5 b6 b7 b8 b9 ba bb bc bd be bf c0 c1 c2 c3 c4 c5 c6 c7 c8 c9 ca cb cc cd ce cf d0 d1 d2 d3 d4 d5 d6 d7 d8 d9 da db dc dd de df e0 e1 e2 e3 e4 e5 e6 e7 e8 e9 ea eb ec ed ee ef f0 f1 f2 f3 f4 f5 f6 f7 f8 f9 fa fb fc fd fe ff 
 0  1  2 18  4 62 30 27  8 e5 c4 26 60 cb 4e f6 10 db 1d -- 5f -- 4c 24 c0 -- 41 -- 9c 1f 3b 70 20 -- 61 -- 3a fa -- 5c be cf -- -- 98 -- 48 -- 57 -- -- 33 82 -- -- 1e ef  e 3e 6b 76 -- e0 -- 40 -- -- -- c2 -- -- -- 74 -- 23 -- -- ca b8 4f ab -- 49 -- -- d1 -- c1 e7 9b -- -- 90 -- -- -- ae -- -- -- -- -- 66 -- d3 -- -- 6e -- -- 3c f0  9 -- 1c -- 7c  6 d6 e2 ec 79 -- 6f 17 -- -- -- 80 -- -- ea -- -- -- -- 53 -- -- aa -- d9 -- -- e8 -- -- -- 46 -- -- d5 -- 72 43 -- a7 47 9e f3 81 -- -- -- 92 c8 -- 39 -- -- 75 -- -- 87 55 -- 19 2a e1 15 -- 54 -- 32 f7 64 -- -- -- a8 -- -- 8b 83 -- -- -- -- -- a6 -- -- -- -- cc 65 -- -- 71  3 -- -- -- -- dc d7 -- -- -- -- 78 -- 37 -- 12 -- -- 86 38 e4 -- -- f8 31  c eb 7b 8e 13 99  f -- f2 -- -- -- de  7 2e 7d -- -- -- -- -- 8c 

solutions so far:0 maxDepth:10 
iterations:81863359  skipped: 9 
Depth skipped: 
0 0 9 0 0 0 0 0 0 0 0 0 0 0 0 0 0 0 0 0 0 0 0 0 0 0 0 0 0 0 0 0 

running time: 7800 sec
 depth:8
 0  1  2  3  4  5  6  7  8  9  a  b  c  d  e  f 10 11 12 13 14 15 16 17 18 19 1a 1b 1c 1d 1e 1f 20 21 22 23 24 25 26 27 28 29 2a 2b 2c 2d 2e 2f 30 31 32 33 34 35 36 37 38 39 3a 3b 3c 3d 3e 3f 40 41 42 43 44 45 46 47 48 49 4a 4b 4c 4d 4e 4f 50 51 52 53 54 55 56 57 58 59 5a 5b 5c 5d 5e 5f 60 61 62 63 64 65 66 67 68 69 6a 6b 6c 6d 6e 6f 70 71 72 73 74 75 76 77 78 79 7a 7b 7c 7d 7e 7f 80 81 82 83 84 85 86 87 88 89 8a 8b 8c 8d 8e 8f 90 91 92 93 94 95 96 97 98 99 9a 9b 9c 9d 9e 9f a0 a1 a2 a3 a4 a5 a6 a7 a8 a9 aa ab ac ad ae af b0 b1 b2 b3 b4 b5 b6 b7 b8 b9 ba bb bc bd be bf c0 c1 c2 c3 c4 c5 c6 c7 c8 c9 ca cb cc cd ce cf d0 d1 d2 d3 d4 d5 d6 d7 d8 d9 da db dc dd de df e0 e1 e2 e3 e4 e5 e6 e7 e8 e9 ea eb ec ed ee ef f0 f1 f2 f3 f4 f5 f6 f7 f8 f9 fa fb fc fd fe ff 
 0  1  2 18  4 59 30 c6  8 64 b2 17 60 e8 5b 65 10 46 c8 -- b3 -- 2e fd c0 --  7 -- b6 dd ca e2 20 -- 8c -- 47 cd -- 98 b1 11 -- -- 5c -- 2d -- 57 -- -- 33  e -- -- 61 bb 82 6d a8 43 -- 13 -- 40 -- -- -- cf -- -- -- 8e -- 4d -- -- 7d e7 4f b5 -- 22 -- -- d1 -- c1 b8 f3 -- -- 5a -- -- -- ae -- -- -- -- -- 66 -- 1c -- -- e1 -- -- c2 a6 a1 -- d3 -- da  6 87 70 86 79 -- 2a 26 -- -- -- 80 -- -- ea -- -- -- -- 49 -- -- aa -- 81 -- -- cb -- -- -- 9a -- -- ad -- a9 fa -- 19 3a 9e 88 bd -- -- -- 44 1d -- bf -- -- 75 -- -- ab 55 -- a7 c4 31 62 -- 5f -- 99 b4 e5 -- -- -- be -- -- 8b 83 -- -- -- -- -- 92 -- -- -- -- cc d5 -- -- 38  3 -- -- -- -- 15 d7 -- -- -- -- 53 -- 9b -- 95 -- -- 23 71 85 -- -- 63 c7  c eb d9 74 e0 32 db -- f2 -- -- -- 54 41 4c 8d -- -- -- -- -- e3 

solutions so far:0 maxDepth:10 
iterations:86557257  skipped: 9 
Depth skipped: 
0 0 9 0 0 0 0 0 0 0 0 0 0 0 0 0 0 0 0 0 0 0 0 0 0 0 0 0 0 0 0 0 

running time: 8100 sec
 depth:7
 0  1  2  3  4  5  6  7  8  9  a  b  c  d  e  f 10 11 12 13 14 15 16 17 18 19 1a 1b 1c 1d 1e 1f 20 21 22 23 24 25 26 27 28 29 2a 2b 2c 2d 2e 2f 30 31 32 33 34 35 36 37 38 39 3a 3b 3c 3d 3e 3f 40 41 42 43 44 45 46 47 48 49 4a 4b 4c 4d 4e 4f 50 51 52 53 54 55 56 57 58 59 5a 5b 5c 5d 5e 5f 60 61 62 63 64 65 66 67 68 69 6a 6b 6c 6d 6e 6f 70 71 72 73 74 75 76 77 78 79 7a 7b 7c 7d 7e 7f 80 81 82 83 84 85 86 87 88 89 8a 8b 8c 8d 8e 8f 90 91 92 93 94 95 96 97 98 99 9a 9b 9c 9d 9e 9f a0 a1 a2 a3 a4 a5 a6 a7 a8 a9 aa ab ac ad ae af b0 b1 b2 b3 b4 b5 b6 b7 b8 b9 ba bb bc bd be bf c0 c1 c2 c3 c4 c5 c6 c7 c8 c9 ca cb cc cd ce cf d0 d1 d2 d3 d4 d5 d6 d7 d8 d9 da db dc dd de df e0 e1 e2 e3 e4 e5 e6 e7 e8 e9 ea eb ec ed ee ef f0 f1 f2 f3 f4 f5 f6 f7 f8 f9 fa fb fc fd fe ff 
 0  1  2 18  4 4d 30 34  8 2e 9a a9 60 a1 68 1f 10 -- 5c -- e3 -- 85 16 c0 -- 95 -- d0 9d 3e e8 20 -- -- -- b8 59 -- 38 11 b5 -- -- dd -- 2c -- 57 -- -- 33 fd -- -- 4e 77 1d ed 39 7c --  7 -- 40 -- -- -- -- -- -- -- a7 -- b2 -- -- -- 70 4f 22 -- bd -- -- d1 -- c1 6d -- -- -- 58 -- -- -- ae -- -- -- -- -- 66 -- 2d -- -- 24 -- -- 9c  9 ee -- 3a --  d  6 72 b4 f8 79 -- 90  e -- -- -- 80 -- -- ea -- -- -- -- -- -- -- aa -- -- -- -- 99 -- -- -- b3 -- -- 88 -- b9 -- -- e0 b6 9e 8d 44 -- -- -- ad 5b -- b7 -- -- 75 -- -- -- 55 -- da -- -- -- -- -- -- 63 b0 c6 -- -- -- -- -- -- 8b 83 -- -- -- -- -- -- -- -- -- -- cc -- -- -- 5a  3 -- -- -- -- 48 d7 -- -- -- -- ef -- 12 --  b -- -- -- 74 a5 -- -- 1a cd  c eb e4 bb bf 17 27 -- f2 -- -- -- f7 e5 1c c7 -- -- -- -- -- b1 

solutions so far:0 maxDepth:10 
iterations:92098349  skipped: 10 
Depth skipped: 
0 0 10 0 0 0 0 0 0 0 0 0 0 0 0 0 0 0 0 0 0 0 0 0 0 0 0 0 0 0 0 0 

running time: 8400 sec
 depth:7
 0  1  2  3  4  5  6  7  8  9  a  b  c  d  e  f 10 11 12 13 14 15 16 17 18 19 1a 1b 1c 1d 1e 1f 20 21 22 23 24 25 26 27 28 29 2a 2b 2c 2d 2e 2f 30 31 32 33 34 35 36 37 38 39 3a 3b 3c 3d 3e 3f 40 41 42 43 44 45 46 47 48 49 4a 4b 4c 4d 4e 4f 50 51 52 53 54 55 56 57 58 59 5a 5b 5c 5d 5e 5f 60 61 62 63 64 65 66 67 68 69 6a 6b 6c 6d 6e 6f 70 71 72 73 74 75 76 77 78 79 7a 7b 7c 7d 7e 7f 80 81 82 83 84 85 86 87 88 89 8a 8b 8c 8d 8e 8f 90 91 92 93 94 95 96 97 98 99 9a 9b 9c 9d 9e 9f a0 a1 a2 a3 a4 a5 a6 a7 a8 a9 aa ab ac ad ae af b0 b1 b2 b3 b4 b5 b6 b7 b8 b9 ba bb bc bd be bf c0 c1 c2 c3 c4 c5 c6 c7 c8 c9 ca cb cc cd ce cf d0 d1 d2 d3 d4 d5 d6 d7 d8 d9 da db dc dd de df e0 e1 e2 e3 e4 e5 e6 e7 e8 e9 ea eb ec ed ee ef f0 f1 f2 f3 f4 f5 f6 f7 f8 f9 fa fb fc fd fe ff 
 0  1  2 18  4 43 30 5b  8 64 86 a3 60 5e b6 17 10 -- c8 -- db -- 91 2d c0 -- bc -- bb 6d 2e e2 20 -- -- -- 47 e1 -- 98 61 a8 -- -- f5 -- 5a -- 57 -- -- 33 af -- -- 99 a1 82 da 38 5c -- 13 -- 40 -- -- -- -- -- -- -- 8e -- 15 -- -- -- e7 4f c2 -- 87 -- -- d1 -- c1 3d -- -- -- b4 -- -- -- ae -- -- -- -- -- 66 -- 89 -- -- e8 -- -- e5 3a 95 -- d3 -- 63  6 70 5d b8 79 --  e 26 -- -- -- 80 -- -- ea -- -- -- -- -- -- -- aa -- -- -- -- cb -- -- -- 2a -- -- a6 -- 85 -- -- 19 fc 9e 65 53 -- -- -- d9 7e -- a9 -- -- 75 -- -- -- 55 -- 7a -- -- -- -- -- -- f4 bf 3f -- -- -- -- -- -- 8b 83 -- -- -- -- -- -- -- -- -- -- cc -- -- -- c5  3 -- -- -- --  7 d7 -- -- -- -- 1d -- 74 -- fd -- -- -- 71 dd -- -- c6 ca  c eb e0 2f ba 32 a7 -- f2 -- -- -- 1c 41 4c 9b -- -- -- -- -- 54 

solutions so far:0 maxDepth:10 
iterations:97655884  skipped: 11 
Depth skipped: 
0 0 11 0 0 0 0 0 0 0 0 0 0 0 0 0 0 0 0 0 0 0 0 0 0 0 0 0 0 0 0 0 

running time: 8700 sec
 depth:7
 0  1  2  3  4  5  6  7  8  9  a  b  c  d  e  f 10 11 12 13 14 15 16 17 18 19 1a 1b 1c 1d 1e 1f 20 21 22 23 24 25 26 27 28 29 2a 2b 2c 2d 2e 2f 30 31 32 33 34 35 36 37 38 39 3a 3b 3c 3d 3e 3f 40 41 42 43 44 45 46 47 48 49 4a 4b 4c 4d 4e 4f 50 51 52 53 54 55 56 57 58 59 5a 5b 5c 5d 5e 5f 60 61 62 63 64 65 66 67 68 69 6a 6b 6c 6d 6e 6f 70 71 72 73 74 75 76 77 78 79 7a 7b 7c 7d 7e 7f 80 81 82 83 84 85 86 87 88 89 8a 8b 8c 8d 8e 8f 90 91 92 93 94 95 96 97 98 99 9a 9b 9c 9d 9e 9f a0 a1 a2 a3 a4 a5 a6 a7 a8 a9 aa ab ac ad ae af b0 b1 b2 b3 b4 b5 b6 b7 b8 b9 ba bb bc bd be bf c0 c1 c2 c3 c4 c5 c6 c7 c8 c9 ca cb cc cd ce cf d0 d1 d2 d3 d4 d5 d6 d7 d8 d9 da db dc dd de df e0 e1 e2 e3 e4 e5 e6 e7 e8 e9 ea eb ec ed ee ef f0 f1 f2 f3 f4 f5 f6 f7 f8 f9 fa fb fc fd fe ff 
 0  1  2 18  4 3a 30 39  8 b2 74 bb 60 dd 72  d 10 -- b3 -- e8 -- a1 f8 c0 -- 6d -- e4 24 1a 9a 20 -- -- -- b1 e0 -- 44  7 b8 -- -- 95 -- 27 -- 57 -- -- 33 da -- -- 77 1f 8d 48 a5 34 -- e3 -- 40 -- -- -- -- -- -- -- b5 -- 17 -- -- -- 88 4f  e -- a7 -- -- d1 -- c1 fd -- -- -- 4e -- -- -- ae -- -- -- -- -- 66 -- 63 -- -- 58 -- -- ee 16 3e -- cd -- 90  6 9d 5b 68 79 -- b7 11 -- -- -- 80 -- -- ea -- -- -- -- -- -- -- aa -- -- -- -- bd -- -- -- 2e -- -- 38 --  9 -- -- c7 a9 9e e5 1c -- -- -- 99 bf -- ef -- -- 75 -- -- -- 55 -- 2d -- -- -- -- -- -- 5a 9c b4 -- -- -- -- -- -- 8b 83 -- -- -- -- -- -- -- -- -- -- cc -- -- -- c6  3 -- -- -- -- b0 d7 -- -- -- --  b -- 2c -- 7c -- -- -- 4d 12 -- -- f7 1d  c eb ed 85 b6 59 d0 -- f2 -- -- -- b9 ad 22 70 -- -- -- -- -- 5c 

solutions so far:0 maxDepth:10 
iterations:103413129  skipped: 11 
Depth skipped: 
0 0 11 0 0 0 0 0 0 0 0 0 0 0 0 0 0 0 0 0 0 0 0 0 0 0 0 0 0 0 0 0 

running time: 9000 sec
 depth:7
 0  1  2  3  4  5  6  7  8  9  a  b  c  d  e  f 10 11 12 13 14 15 16 17 18 19 1a 1b 1c 1d 1e 1f 20 21 22 23 24 25 26 27 28 29 2a 2b 2c 2d 2e 2f 30 31 32 33 34 35 36 37 38 39 3a 3b 3c 3d 3e 3f 40 41 42 43 44 45 46 47 48 49 4a 4b 4c 4d 4e 4f 50 51 52 53 54 55 56 57 58 59 5a 5b 5c 5d 5e 5f 60 61 62 63 64 65 66 67 68 69 6a 6b 6c 6d 6e 6f 70 71 72 73 74 75 76 77 78 79 7a 7b 7c 7d 7e 7f 80 81 82 83 84 85 86 87 88 89 8a 8b 8c 8d 8e 8f 90 91 92 93 94 95 96 97 98 99 9a 9b 9c 9d 9e 9f a0 a1 a2 a3 a4 a5 a6 a7 a8 a9 aa ab ac ad ae af b0 b1 b2 b3 b4 b5 b6 b7 b8 b9 ba bb bc bd be bf c0 c1 c2 c3 c4 c5 c6 c7 c8 c9 ca cb cc cd ce cf d0 d1 d2 d3 d4 d5 d6 d7 d8 d9 da db dc dd de df e0 e1 e2 e3 e4 e5 e6 e7 e8 e9 ea eb ec ed ee ef f0 f1 f2 f3 f4 f5 f6 f7 f8 f9 fa fb fc fd fe ff 
 0  1  2 18  4 2d 30 82  8 50 5a ec 60 de d3 3a 10 -- a0 -- b4 --  f 4c c0 -- 6b -- 71 47 74 52 20 -- -- -- 97 da --  5 bf b6 -- -- 1e -- 98 -- 57 -- -- 33 d6 -- -- 1c e2 94 8e 99 e8 -- a4 -- 40 -- -- -- -- -- -- -- f9 -- 63 -- -- --  a 4f a9 -- bb -- -- d1 -- c1 3c -- -- -- e7 -- -- -- ae -- -- -- -- -- 66 -- 7b -- -- 2e -- -- 38 e0 13 -- ff -- cb  6 e5 3b  7 79 -- b8 9f -- -- -- 80 -- -- ea -- -- -- -- -- -- -- aa -- -- -- -- 25 -- -- -- c6 -- -- dd -- 64 -- -- 14 dc 9e 95 85 -- -- -- a1 6e -- 32 -- -- 75 -- -- -- 55 -- 78 -- -- -- -- -- -- f0 19 37 -- -- -- -- -- -- 8b 83 -- -- -- -- -- -- -- -- -- -- cc -- -- -- f6  3 -- -- -- -- 5c d7 -- -- -- -- 70 -- 17 -- 26 -- -- -- 29 c8 -- -- 41 fd  c eb 1d 6f 76 28  e -- f2 -- -- -- a7 4a e9 6d -- -- -- -- -- 5b 

solutions so far:0 maxDepth:10 
iterations:109574623  skipped: 13 
Depth skipped: 
0 0 13 0 0 0 0 0 0 0 0 0 0 0 0 0 0 0 0 0 0 0 0 0 0 0 0 0 0 0 0 0 

running time: 9300 sec
 depth:7
 0  1  2  3  4  5  6  7  8  9  a  b  c  d  e  f 10 11 12 13 14 15 16 17 18 19 1a 1b 1c 1d 1e 1f 20 21 22 23 24 25 26 27 28 29 2a 2b 2c 2d 2e 2f 30 31 32 33 34 35 36 37 38 39 3a 3b 3c 3d 3e 3f 40 41 42 43 44 45 46 47 48 49 4a 4b 4c 4d 4e 4f 50 51 52 53 54 55 56 57 58 59 5a 5b 5c 5d 5e 5f 60 61 62 63 64 65 66 67 68 69 6a 6b 6c 6d 6e 6f 70 71 72 73 74 75 76 77 78 79 7a 7b 7c 7d 7e 7f 80 81 82 83 84 85 86 87 88 89 8a 8b 8c 8d 8e 8f 90 91 92 93 94 95 96 97 98 99 9a 9b 9c 9d 9e 9f a0 a1 a2 a3 a4 a5 a6 a7 a8 a9 aa ab ac ad ae af b0 b1 b2 b3 b4 b5 b6 b7 b8 b9 ba bb bc bd be bf c0 c1 c2 c3 c4 c5 c6 c7 c8 c9 ca cb cc cd ce cf d0 d1 d2 d3 d4 d5 d6 d7 d8 d9 da db dc dd de df e0 e1 e2 e3 e4 e5 e6 e7 e8 e9 ea eb ec ed ee ef f0 f1 f2 f3 f4 f5 f6 f7 f8 f9 fa fb fc fd fe ff 
 0  1  2 18  4 23 30  e  8 4e 46 d2 60 96 1c ac 10 -- 9c -- 8c -- 73 2e c0 -- fb -- 38 3a 8f 39 20 -- -- -- ef 62 -- 3e cf ab -- -- e6 -- 5c -- 57 -- -- 33 21 -- -- c3 70 48 74 fe c9 -- 72 -- 40 -- -- -- -- -- -- --  9 -- c4 -- -- -- 7c 4f 49 -- 81 -- -- d1 -- c1 1b -- -- -- b8 -- -- -- ae -- -- -- -- -- 66 -- 42 -- -- 35 -- -- 51 93 e0 -- 90 -- e8  6 2b df 45 79 -- d4 e4 -- -- -- 80 -- -- ea -- -- -- -- -- -- -- aa -- -- -- -- 12 -- -- -- 5f -- -- f3 -- e5 -- -- f8 ce 9e 7d 92 -- -- -- d5 67 -- 99 -- -- 75 -- -- -- 55 -- 36 -- -- -- -- -- -- 6c a7 d8 -- -- -- -- -- -- 8b 83 -- -- -- -- -- -- -- -- -- -- cc -- -- -- 84  3 -- -- -- -- 6a d7 -- -- -- -- a2 -- f1 -- 17 -- -- -- f7 1d -- --  7 fa  c eb 56 4b 69 27 8a -- f2 -- -- -- 7f 24 1f 31 -- -- -- -- -- be 

solutions so far:0 maxDepth:10 
iterations:115547812  skipped: 13 
Depth skipped: 
0 0 13 0 0 0 0 0 0 0 0 0 0 0 0 0 0 0 0 0 0 0 0 0 0 0 0 0 0 0 0 0 

running time: 9600 sec
 depth:7
 0  1  2  3  4  5  6  7  8  9  a  b  c  d  e  f 10 11 12 13 14 15 16 17 18 19 1a 1b 1c 1d 1e 1f 20 21 22 23 24 25 26 27 28 29 2a 2b 2c 2d 2e 2f 30 31 32 33 34 35 36 37 38 39 3a 3b 3c 3d 3e 3f 40 41 42 43 44 45 46 47 48 49 4a 4b 4c 4d 4e 4f 50 51 52 53 54 55 56 57 58 59 5a 5b 5c 5d 5e 5f 60 61 62 63 64 65 66 67 68 69 6a 6b 6c 6d 6e 6f 70 71 72 73 74 75 76 77 78 79 7a 7b 7c 7d 7e 7f 80 81 82 83 84 85 86 87 88 89 8a 8b 8c 8d 8e 8f 90 91 92 93 94 95 96 97 98 99 9a 9b 9c 9d 9e 9f a0 a1 a2 a3 a4 a5 a6 a7 a8 a9 aa ab ac ad ae af b0 b1 b2 b3 b4 b5 b6 b7 b8 b9 ba bb bc bd be bf c0 c1 c2 c3 c4 c5 c6 c7 c8 c9 ca cb cc cd ce cf d0 d1 d2 d3 d4 d5 d6 d7 d8 d9 da db dc dd de df e0 e1 e2 e3 e4 e5 e6 e7 e8 e9 ea eb ec ed ee ef f0 f1 f2 f3 f4 f5 f6 f7 f8 f9 fa fb fc fd fe ff 
 0  1  2 18  4 14 30 e4  8 59 28 2b 60 93 1f 86 10 -- b2 -- 50 -- 56 4e c0 -- f1 -- 3e 90 db 4d 20 -- -- -- b3 94 -- 22 a0 a4 -- -- ac -- 9c -- 57 -- -- 33 35 -- -- a6 7c ad f7 65 61 -- 9a -- 40 -- -- -- -- -- -- -- b1 -- ff -- -- -- 44 4f 97 -- 9f -- -- d1 -- c1 8f -- -- -- ef -- -- -- ae -- -- -- -- -- 66 -- 6a -- -- 54 -- -- 9b 15 f8 -- 8d -- 39  6 ca 7f c2 79 -- 87 e3 -- -- -- 80 -- -- ea -- -- -- -- -- -- -- aa -- -- -- -- b5 -- -- -- 29 -- -- 25 -- 24 -- -- 88 51 9e  5 f9 -- -- -- e9 c3 -- 12 -- -- 75 -- -- -- 55 -- c9 -- -- -- -- -- -- 45  9 8a -- -- -- -- -- -- 8b 83 -- -- -- -- -- -- -- -- -- -- cc -- -- -- d4  3 -- -- -- -- a8 d7 -- -- -- -- e1 -- 2a -- 27 -- -- -- cd 48 -- -- 72  a  c eb 43 a2 fe c7 53 -- f2 -- -- -- d9 bd 11 4a -- -- -- -- -- 52 

solutions so far:0 maxDepth:10 
iterations:122049565  skipped: 14 
Depth skipped: 
0 0 14 0 0 0 0 0 0 0 0 0 0 0 0 0 0 0 0 0 0 0 0 0 0 0 0 0 0 0 0 0 

running time: 9900 sec

Finished. Total running time: 10193 sec
