Search S-boxes invariant for matrix: 
{0x00,0x02,0x04,0x06,0x08,0x0a,0x0c,0x0e,0x10,0x12,0x14,0x16,0x18,0x1a,0x1c,0x1e,0x20,0x22,0x24,0x26,0x28,0x2a,0x2c,0x2e,0x30,0x32,0x34,0x36,0x38,0x3a,0x3c,0x3e,0x40,0x42,0x44,0x46,0x48,0x4a,0x4c,0x4e,0x50,0x52,0x54,0x56,0x58,0x5a,0x5c,0x5e,0x60,0x62,0x64,0x66,0x68,0x6a,0x6c,0x6e,0x70,0x72,0x74,0x76,0x78,0x7a,0x7c,0x7e,0x80,0x82,0x84,0x86,0x88,0x8a,0x8c,0x8e,0x90,0x92,0x94,0x96,0x98,0x9a,0x9c,0x9e,0xa0,0xa2,0xa4,0xa6,0xa8,0xaa,0xac,0xae,0xb0,0xb2,0xb4,0xb6,0xb8,0xba,0xbc,0xbe,0xc0,0xc2,0xc4,0xc6,0xc8,0xca,0xcc,0xce,0xd0,0xd2,0xd4,0xd6,0xd8,0xda,0xdc,0xde,0xe0,0xe2,0xe4,0xe6,0xe8,0xea,0xec,0xee,0xf0,0xf2,0xf4,0xf6,0xf8,0xfa,0xfc,0xfe,0xd7,0xd5,0xd3,0xd1,0xdf,0xdd,0xdb,0xd9,0xc7,0xc5,0xc3,0xc1,0xcf,0xcd,0xcb,0xc9,0xf7,0xf5,0xf3,0xf1,0xff,0xfd,0xfb,0xf9,0xe7,0xe5,0xe3,0xe1,0xef,0xed,0xeb,0xe9,0x97,0x95,0x93,0x91,0x9f,0x9d,0x9b,0x99,0x87,0x85,0x83,0x81,0x8f,0x8d,0x8b,0x89,0xb7,0xb5,0xb3,0xb1,0xbf,0xbd,0xbb,0xb9,0xa7,0xa5,0xa3,0xa1,0xaf,0xad,0xab,0xa9,0x57,0x55,0x53,0x51,0x5f,0x5d,0x5b,0x59,0x47,0x45,0x43,0x41,0x4f,0x4d,0x4b,0x49,0x77,0x75,0x73,0x71,0x7f,0x7d,0x7b,0x79,0x67,0x65,0x63,0x61,0x6f,0x6d,0x6b,0x69,0x17,0x15,0x13,0x11,0x1f,0x1d,0x1b,0x19,0x07,0x05,0x03,0x01,0x0f,0x0d,0x0b,0x09,0x37,0x35,0x33,0x31,0x3f,0x3d,0x3b,0x39,0x27,0x25,0x23,0x21,0x2f,0x2d,0x2b,0x29};



 depth:6
 0  1  2  3  4  5  6  7  8  9  a  b  c  d  e  f 10 11 12 13 14 15 16 17 18 19 1a 1b 1c 1d 1e 1f 20 21 22 23 24 25 26 27 28 29 2a 2b 2c 2d 2e 2f 30 31 32 33 34 35 36 37 38 39 3a 3b 3c 3d 3e 3f 40 41 42 43 44 45 46 47 48 49 4a 4b 4c 4d 4e 4f 50 51 52 53 54 55 56 57 58 59 5a 5b 5c 5d 5e 5f 60 61 62 63 64 65 66 67 68 69 6a 6b 6c 6d 6e 6f 70 71 72 73 74 75 76 77 78 79 7a 7b 7c 7d 7e 7f 80 81 82 83 84 85 86 87 88 89 8a 8b 8c 8d 8e 8f 90 91 92 93 94 95 96 97 98 99 9a 9b 9c 9d 9e 9f a0 a1 a2 a3 a4 a5 a6 a7 a8 a9 aa ab ac ad ae af b0 b1 b2 b3 b4 b5 b6 b7 b8 b9 ba bb bc bd be bf c0 c1 c2 c3 c4 c5 c6 c7 c8 c9 ca cb cc cd ce cf d0 d1 d2 d3 d4 d5 d6 d7 d8 d9 da db dc dd de df e0 e1 e2 e3 e4 e5 e6 e7 e8 e9 ea eb ec ed ee ef f0 f1 f2 f3 f4 f5 f6 f7 f8 f9 fa fb fc fd fe ff 
 0  1  2 1a  4 fa 34 f6  8 1d 23 53 68 65 3b -- 10 -- 3a -- 46 -- a6 3c d0 -- ca -- 76 de -- e0 20 -- -- -- 74 31 -- b8 8c be -- -- 9b -- 78 -- 77 -- -- 33 43 -- -- -- ec 1c 6b -- -- -- 17 -- 40 -- -- -- -- -- -- -- e8 -- 62 -- -- -- a7 4f cf -- ab -- -- b7 -- 16 e1 -- -- -- f0 -- -- -- ee -- -- -- -- -- 66 -- 86 -- -- -- -- -- -- --  f -- 38 -- d6 ed -- 61 -- 79 -- -- 2e -- -- -- 80 -- -- a5 -- -- -- -- -- -- -- 58 -- -- -- --  7 -- -- -- c4 -- -- 92 -- dc -- -- 99 87 9e d5 49 -- -- -- 81 a8 -- 6e -- -- b9 -- -- -- 2c -- 15 -- -- -- -- -- -- 2a 37 54 -- -- -- -- -- --  b b0 -- -- -- -- -- -- -- -- -- -- cc -- -- -- db 9d -- -- -- -- -- d7 -- -- -- -- -- -- -- -- 1e -- -- -- 70 6f -- -- 7b 7d  d eb -- d9 c2 e5 -- -- f2 -- -- -- --  e 5c f3 -- -- -- -- -- 5f 

solutions so far:0 maxDepth:10 
iterations:2961739  skipped: 1 
Depth skipped: 
0 0 1 0 0 0 0 0 0 0 0 0 0 0 0 0 0 0 0 0 0 0 0 0 0 0 0 0 0 0 0 0 

running time: 300 sec
 depth:7
 0  1  2  3  4  5  6  7  8  9  a  b  c  d  e  f 10 11 12 13 14 15 16 17 18 19 1a 1b 1c 1d 1e 1f 20 21 22 23 24 25 26 27 28 29 2a 2b 2c 2d 2e 2f 30 31 32 33 34 35 36 37 38 39 3a 3b 3c 3d 3e 3f 40 41 42 43 44 45 46 47 48 49 4a 4b 4c 4d 4e 4f 50 51 52 53 54 55 56 57 58 59 5a 5b 5c 5d 5e 5f 60 61 62 63 64 65 66 67 68 69 6a 6b 6c 6d 6e 6f 70 71 72 73 74 75 76 77 78 79 7a 7b 7c 7d 7e 7f 80 81 82 83 84 85 86 87 88 89 8a 8b 8c 8d 8e 8f 90 91 92 93 94 95 96 97 98 99 9a 9b 9c 9d 9e 9f a0 a1 a2 a3 a4 a5 a6 a7 a8 a9 aa ab ac ad ae af b0 b1 b2 b3 b4 b5 b6 b7 b8 b9 ba bb bc bd be bf c0 c1 c2 c3 c4 c5 c6 c7 c8 c9 ca cb cc cd ce cf d0 d1 d2 d3 d4 d5 d6 d7 d8 d9 da db dc dd de df e0 e1 e2 e3 e4 e5 e6 e7 e8 e9 ea eb ec ed ee ef f0 f1 f2 f3 f4 f5 f6 f7 f8 f9 fa fb fc fd fe ff 
 0  1  2 1a  4 f7 34 c5  8 bd 39 c1 68 18 5d de 10 -- ad -- 72 -- 55 3d d0 -- 30 -- ba 5e 6b 44 20 -- -- -- 8d 27 -- b2 e4  9 -- -- aa -- 7a -- 77 -- -- 33 60 -- -- 3b a3 e3 bc 6e d6 -- 88 -- 40 -- -- -- -- -- -- -- cd -- 4e -- -- -- b3 4f 1f -- 12 -- -- b7 -- 16 83 -- -- -- f4 -- -- -- ee -- -- -- -- -- 66 -- c0 -- -- 3c -- -- 76  f 91 -- 11 -- af ed dc ae 7b 79 -- f0 c7 -- -- -- 80 -- -- a5 -- -- -- -- -- -- -- 58 -- -- -- -- 4d -- -- -- 9c -- -- 7c -- fc -- -- b1  6 9e 48 3e -- -- -- 24  3 -- 7e -- -- b9 -- -- -- 2c -- d1 -- -- -- -- -- -- 75 3f ea -- -- -- -- -- --  b b0 -- -- -- -- -- -- -- -- -- -- cc -- -- -- 57 9d -- -- -- -- 78 d7 -- -- -- -- ec -- 1e -- f5 -- -- -- 22 2f -- -- 89 90  d eb 6f  c 8b b5 f6 -- f2 -- -- -- 37 9a 59 f8 -- -- -- -- -- ef 

solutions so far:0 maxDepth:10 
iterations:5003941  skipped: 1 
Depth skipped: 
0 0 1 0 0 0 0 0 0 0 0 0 0 0 0 0 0 0 0 0 0 0 0 0 0 0 0 0 0 0 0 0 

running time: 600 sec
 depth:7
 0  1  2  3  4  5  6  7  8  9  a  b  c  d  e  f 10 11 12 13 14 15 16 17 18 19 1a 1b 1c 1d 1e 1f 20 21 22 23 24 25 26 27 28 29 2a 2b 2c 2d 2e 2f 30 31 32 33 34 35 36 37 38 39 3a 3b 3c 3d 3e 3f 40 41 42 43 44 45 46 47 48 49 4a 4b 4c 4d 4e 4f 50 51 52 53 54 55 56 57 58 59 5a 5b 5c 5d 5e 5f 60 61 62 63 64 65 66 67 68 69 6a 6b 6c 6d 6e 6f 70 71 72 73 74 75 76 77 78 79 7a 7b 7c 7d 7e 7f 80 81 82 83 84 85 86 87 88 89 8a 8b 8c 8d 8e 8f 90 91 92 93 94 95 96 97 98 99 9a 9b 9c 9d 9e 9f a0 a1 a2 a3 a4 a5 a6 a7 a8 a9 aa ab ac ad ae af b0 b1 b2 b3 b4 b5 b6 b7 b8 b9 ba bb bc bd be bf c0 c1 c2 c3 c4 c5 c6 c7 c8 c9 ca cb cc cd ce cf d0 d1 d2 d3 d4 d5 d6 d7 d8 d9 da db dc dd de df e0 e1 e2 e3 e4 e5 e6 e7 e8 e9 ea eb ec ed ee ef f0 f1 f2 f3 f4 f5 f6 f7 f8 f9 fa fb fc fd fe ff 
 0  1  2 1a  4 f3 34 de  8 d4 31 e1 68 86 6b 59 10 -- 7f -- 62 -- 15 76 d0 -- db -- d6 37 b2 8a 20 -- -- -- fe d5 -- 93 c4 46 -- -- 2a -- ec -- 77 -- -- 33 61 -- -- bd 7b 8f 6e 44 b3 -- c3 -- 40 -- -- -- -- -- -- -- 2b -- 7d -- -- -- f1 4f 5f -- 8c -- -- b7 -- 16 54 -- -- --  f -- -- -- ee -- -- -- -- -- 66 -- c2 -- -- 9a -- -- ad cd f6 -- c9 -- dc ed 88 a6 b1 79 -- 11 51 -- -- -- 80 -- -- a5 -- -- -- -- -- -- -- 58 -- -- -- -- 56 -- -- -- fa -- -- ab -- 78 -- -- 35 ca 9e 49 be -- -- -- cf 65 -- 3c -- -- b9 -- -- -- 2c -- a8 -- -- -- -- -- -- 87 1e d9 -- -- -- -- -- --  b b0 -- -- -- -- -- -- -- -- -- -- cc -- -- -- 53 9d -- -- -- -- e3 d7 -- -- -- -- 8d -- 4d -- 3b -- -- -- 45 f0 -- -- 6f 92  d eb c7 43 9b 6a b5 -- f2 -- -- -- 22 ac a2 81 -- -- -- -- -- 23 

solutions so far:0 maxDepth:10 
iterations:7652201  skipped: 1 
Depth skipped: 
0 0 1 0 0 0 0 0 0 0 0 0 0 0 0 0 0 0 0 0 0 0 0 0 0 0 0 0 0 0 0 0 

running time: 900 sec
 depth:6
 0  1  2  3  4  5  6  7  8  9  a  b  c  d  e  f 10 11 12 13 14 15 16 17 18 19 1a 1b 1c 1d 1e 1f 20 21 22 23 24 25 26 27 28 29 2a 2b 2c 2d 2e 2f 30 31 32 33 34 35 36 37 38 39 3a 3b 3c 3d 3e 3f 40 41 42 43 44 45 46 47 48 49 4a 4b 4c 4d 4e 4f 50 51 52 53 54 55 56 57 58 59 5a 5b 5c 5d 5e 5f 60 61 62 63 64 65 66 67 68 69 6a 6b 6c 6d 6e 6f 70 71 72 73 74 75 76 77 78 79 7a 7b 7c 7d 7e 7f 80 81 82 83 84 85 86 87 88 89 8a 8b 8c 8d 8e 8f 90 91 92 93 94 95 96 97 98 99 9a 9b 9c 9d 9e 9f a0 a1 a2 a3 a4 a5 a6 a7 a8 a9 aa ab ac ad ae af b0 b1 b2 b3 b4 b5 b6 b7 b8 b9 ba bb bc bd be bf c0 c1 c2 c3 c4 c5 c6 c7 c8 c9 ca cb cc cd ce cf d0 d1 d2 d3 d4 d5 d6 d7 d8 d9 da db dc dd de df e0 e1 e2 e3 e4 e5 e6 e7 e8 e9 ea eb ec ed ee ef f0 f1 f2 f3 f4 f5 f6 f7 f8 f9 fa fb fc fd fe ff 
 0  1  2 1a  4 f0 34 2d  8 86 37 b8 68 1c 5a -- 10 -- db -- 6e -- a7 dd d0 -- 38 -- b4 bb -- 2a 20 -- -- -- 61 7b -- d9 dc ec -- -- 99 -- 6d -- 77 -- -- 33 70 -- -- -- bf 9b a1 -- -- -- 54 -- 40 -- -- -- -- -- -- -- c2 -- f6 -- -- -- 65 4f 6f --  f -- -- b7 -- 16 e5 -- -- -- da -- -- -- ee -- -- -- -- -- 66 -- e0 -- -- -- -- -- -- -- a9 -- e1 -- 95 ed -- 2e -- 79 -- -- a8 -- -- -- 80 -- -- a5 -- -- -- -- -- -- -- 58 -- -- -- -- 53 -- -- -- 3b -- -- 6b -- 5b -- -- ca  7 9e 3c de -- -- -- 1e e8 -- c6 -- -- b9 -- -- -- 2c -- 1d -- -- -- -- -- -- 3a 63 74 -- -- -- -- -- --  b b0 -- -- -- -- -- -- -- -- -- -- cc -- -- -- 17 9d -- -- -- -- -- d7 -- -- -- -- -- -- -- -- 85 -- -- -- 15 b6 -- -- fd 78  d eb --  e 5c 43 -- -- f2 -- -- -- -- a6 87 d6 -- -- -- -- -- 76 

solutions so far:0 maxDepth:10 
iterations:9643483  skipped: 1 
Depth skipped: 
0 0 1 0 0 0 0 0 0 0 0 0 0 0 0 0 0 0 0 0 0 0 0 0 0 0 0 0 0 0 0 0 

running time: 1200 sec
 depth:6
 0  1  2  3  4  5  6  7  8  9  a  b  c  d  e  f 10 11 12 13 14 15 16 17 18 19 1a 1b 1c 1d 1e 1f 20 21 22 23 24 25 26 27 28 29 2a 2b 2c 2d 2e 2f 30 31 32 33 34 35 36 37 38 39 3a 3b 3c 3d 3e 3f 40 41 42 43 44 45 46 47 48 49 4a 4b 4c 4d 4e 4f 50 51 52 53 54 55 56 57 58 59 5a 5b 5c 5d 5e 5f 60 61 62 63 64 65 66 67 68 69 6a 6b 6c 6d 6e 6f 70 71 72 73 74 75 76 77 78 79 7a 7b 7c 7d 7e 7f 80 81 82 83 84 85 86 87 88 89 8a 8b 8c 8d 8e 8f 90 91 92 93 94 95 96 97 98 99 9a 9b 9c 9d 9e 9f a0 a1 a2 a3 a4 a5 a6 a7 a8 a9 aa ab ac ad ae af b0 b1 b2 b3 b4 b5 b6 b7 b8 b9 ba bb bc bd be bf c0 c1 c2 c3 c4 c5 c6 c7 c8 c9 ca cb cc cd ce cf d0 d1 d2 d3 d4 d5 d6 d7 d8 d9 da db dc dd de df e0 e1 e2 e3 e4 e5 e6 e7 e8 e9 ea eb ec ed ee ef f0 f1 f2 f3 f4 f5 f6 f7 f8 f9 fa fb fc fd fe ff 
 0  1  2 1a  4 e9 34 a1  8 cd  5 8b 68  c 95 -- 10 -- 4d --  a -- c1 bf d0 -- 18 -- fd c6 -- 59 20 -- -- -- 9a f9 -- b5 14 ff -- -- 55 -- a9 -- 77 -- -- 33 30 -- -- -- 2d 44 5b -- -- -- b2 -- 40 -- -- -- -- -- -- -- e3 -- 25 -- -- -- bd 4f 28 -- 29 -- -- b7 -- 16 aa -- -- -- 85 -- -- -- ee -- -- -- -- -- 66 -- 60 -- -- -- -- -- -- -- 5a -- 88 -- b6 ed -- 57 -- 79 -- -- b3 -- -- -- 80 -- -- a5 -- -- -- -- -- -- -- 58 -- -- -- -- 11 -- -- -- 4a -- -- a0 -- da -- -- ad  3 9e a4 50 -- -- -- 52 ea -- 6d -- -- b9 -- -- -- 2c -- 83 -- -- -- -- -- -- d1 dd 75 -- -- -- -- -- --  b b0 -- -- -- -- -- -- -- -- -- -- cc -- -- -- c0 9d -- -- -- -- -- d7 -- -- -- -- -- -- -- -- b4 -- -- -- c7 63 -- -- bb 9f  d eb --  6 ae 8d -- -- f2 -- -- -- -- 22 b1 97 -- -- -- -- -- 94 

solutions so far:0 maxDepth:10 
iterations:12105819  skipped: 1 
Depth skipped: 
0 0 1 0 0 0 0 0 0 0 0 0 0 0 0 0 0 0 0 0 0 0 0 0 0 0 0 0 0 0 0 0 

running time: 1500 sec
 depth:7
 0  1  2  3  4  5  6  7  8  9  a  b  c  d  e  f 10 11 12 13 14 15 16 17 18 19 1a 1b 1c 1d 1e 1f 20 21 22 23 24 25 26 27 28 29 2a 2b 2c 2d 2e 2f 30 31 32 33 34 35 36 37 38 39 3a 3b 3c 3d 3e 3f 40 41 42 43 44 45 46 47 48 49 4a 4b 4c 4d 4e 4f 50 51 52 53 54 55 56 57 58 59 5a 5b 5c 5d 5e 5f 60 61 62 63 64 65 66 67 68 69 6a 6b 6c 6d 6e 6f 70 71 72 73 74 75 76 77 78 79 7a 7b 7c 7d 7e 7f 80 81 82 83 84 85 86 87 88 89 8a 8b 8c 8d 8e 8f 90 91 92 93 94 95 96 97 98 99 9a 9b 9c 9d 9e 9f a0 a1 a2 a3 a4 a5 a6 a7 a8 a9 aa ab ac ad ae af b0 b1 b2 b3 b4 b5 b6 b7 b8 b9 ba bb bc bd be bf c0 c1 c2 c3 c4 c5 c6 c7 c8 c9 ca cb cc cd ce cf d0 d1 d2 d3 d4 d5 d6 d7 d8 d9 da db dc dd de df e0 e1 e2 e3 e4 e5 e6 e7 e8 e9 ea eb ec ed ee ef f0 f1 f2 f3 f4 f5 f6 f7 f8 f9 fa fb fc fd fe ff 
 0  1  2 1a  4 e3 34 c3  8 52 11 b6 68 85 51 13 10 -- a4 -- 22 -- bb 6a d0 -- dd -- a2 8f 26 a0 20 -- -- -- 9f b3 -- 4a 44 ad -- -- a1 -- d4 -- 77 -- -- 33 6d -- -- 19 93 14 c9 d3 4c -- 97 -- 40 -- -- -- -- -- -- -- e9 -- b1 -- -- -- 94 4f 88 -- 8d -- -- b7 -- 16 95 -- -- -- 7f -- -- -- ee -- -- -- -- -- 66 -- da -- -- 8e -- -- 32 c8 f1 -- 28 -- 45 ed 71 c6 98 79 -- 41 f9 -- -- -- 80 -- -- a5 -- -- -- -- -- -- -- 58 -- -- -- --  5 -- -- -- b5 -- -- 59 -- 56 -- -- ff bf 9e 4d c7 -- -- -- cd b4 -- 2b -- -- b9 -- -- -- 2c -- fd -- -- -- -- -- -- 2d fe 5a -- -- -- -- -- --  b b0 -- -- -- -- -- -- -- -- -- -- cc -- -- -- 63 9d -- -- -- -- cb d7 -- -- -- -- 64 -- 47 -- 35 -- -- -- 50 ac -- -- 8a 9a  d eb e2 a9 5b 29 e7 -- f2 -- -- -- 82  a 25 b2 -- -- -- -- -- bd 

solutions so far:0 maxDepth:10 
iterations:14840916  skipped: 2 
Depth skipped: 
0 0 2 0 0 0 0 0 0 0 0 0 0 0 0 0 0 0 0 0 0 0 0 0 0 0 0 0 0 0 0 0 

running time: 1800 sec
 depth:7
 0  1  2  3  4  5  6  7  8  9  a  b  c  d  e  f 10 11 12 13 14 15 16 17 18 19 1a 1b 1c 1d 1e 1f 20 21 22 23 24 25 26 27 28 29 2a 2b 2c 2d 2e 2f 30 31 32 33 34 35 36 37 38 39 3a 3b 3c 3d 3e 3f 40 41 42 43 44 45 46 47 48 49 4a 4b 4c 4d 4e 4f 50 51 52 53 54 55 56 57 58 59 5a 5b 5c 5d 5e 5f 60 61 62 63 64 65 66 67 68 69 6a 6b 6c 6d 6e 6f 70 71 72 73 74 75 76 77 78 79 7a 7b 7c 7d 7e 7f 80 81 82 83 84 85 86 87 88 89 8a 8b 8c 8d 8e 8f 90 91 92 93 94 95 96 97 98 99 9a 9b 9c 9d 9e 9f a0 a1 a2 a3 a4 a5 a6 a7 a8 a9 aa ab ac ad ae af b0 b1 b2 b3 b4 b5 b6 b7 b8 b9 ba bb bc bd be bf c0 c1 c2 c3 c4 c5 c6 c7 c8 c9 ca cb cc cd ce cf d0 d1 d2 d3 d4 d5 d6 d7 d8 d9 da db dc dd de df e0 e1 e2 e3 e4 e5 e6 e7 e8 e9 ea eb ec ed ee ef f0 f1 f2 f3 f4 f5 f6 f7 f8 f9 fa fb fc fd fe ff 
 0  1  2 1a  4 df 34 39  8 be 69 e2 68 47 72 50 10 -- ab -- d2 -- 13 f8 d0 -- 8e -- e4 24 a0 cf 20 -- -- -- 81 d8 -- 31 73 96 -- -- 26 -- 27 -- 77 -- -- 33 cb -- -- 4a 1f 23 48  a 97 -- 49 -- 40 -- -- -- -- -- -- -- d5 -- 67 -- -- -- 62 4f e6 -- fb -- -- b7 -- 16 4c -- -- -- 4e -- -- -- ee -- -- -- -- -- 66 -- 41 -- -- a4 -- -- 94 29 3e -- 46 -- 90 ed 14 d3 f9 79 -- e9 92 -- -- -- 80 -- -- a5 -- -- -- -- -- -- -- 58 -- -- -- -- 7d -- -- -- ce -- -- 36 --  9 -- -- c4 64 9e 42 1b -- -- -- 21 32 -- ef -- -- b9 -- -- -- 2c -- 98 -- -- -- -- -- -- e7 9c 19 -- -- -- -- -- --  b b0 -- -- -- -- -- -- -- -- -- -- cc -- -- -- 82 9d -- -- -- -- 9f d7 -- -- -- -- ff -- 52 -- 7c -- -- -- 8c 12 -- -- f7 84  d eb 28 c8 71 5f 25 -- f2 -- -- --  5 fa f3 6c -- -- -- -- -- 4b 

solutions so far:0 maxDepth:10 
iterations:17301358  skipped: 2 
Depth skipped: 
0 0 2 0 0 0 0 0 0 0 0 0 0 0 0 0 0 0 0 0 0 0 0 0 0 0 0 0 0 0 0 0 

running time: 2100 sec
 depth:5
 0  1  2  3  4  5  6  7  8  9  a  b  c  d  e  f 10 11 12 13 14 15 16 17 18 19 1a 1b 1c 1d 1e 1f 20 21 22 23 24 25 26 27 28 29 2a 2b 2c 2d 2e 2f 30 31 32 33 34 35 36 37 38 39 3a 3b 3c 3d 3e 3f 40 41 42 43 44 45 46 47 48 49 4a 4b 4c 4d 4e 4f 50 51 52 53 54 55 56 57 58 59 5a 5b 5c 5d 5e 5f 60 61 62 63 64 65 66 67 68 69 6a 6b 6c 6d 6e 6f 70 71 72 73 74 75 76 77 78 79 7a 7b 7c 7d 7e 7f 80 81 82 83 84 85 86 87 88 89 8a 8b 8c 8d 8e 8f 90 91 92 93 94 95 96 97 98 99 9a 9b 9c 9d 9e 9f a0 a1 a2 a3 a4 a5 a6 a7 a8 a9 aa ab ac ad ae af b0 b1 b2 b3 b4 b5 b6 b7 b8 b9 ba bb bc bd be bf c0 c1 c2 c3 c4 c5 c6 c7 c8 c9 ca cb cc cd ce cf d0 d1 d2 d3 d4 d5 d6 d7 d8 d9 da db dc dd de df e0 e1 e2 e3 e4 e5 e6 e7 e8 e9 ea eb ec ed ee ef f0 f1 f2 f3 f4 f5 f6 f7 f8 f9 fa fb fc fd fe ff 
 0  1  2 1a  4 dc 34 61  8 27 6f -- 68 -- c2 -- 10 -- 4e -- de -- -- 15 d0 -- -- -- 53 ca -- f7 20 -- -- -- 9c 76 -- 1f 6b 3c -- -- -- -- 2a -- 77 -- -- 33 -- -- -- -- a6 24 43 -- -- -- 39 -- 40 -- -- -- -- -- -- -- ef -- ec -- -- -- 3e 4f d6 -- 78 -- -- b7 -- 16 -- -- -- -- 54 -- -- -- ee -- -- -- -- -- 66 -- -- -- -- -- -- -- -- -- 9b -- 48 -- 86 ed -- -- -- 79 -- -- 72 -- -- -- 80 -- -- a5 -- -- -- -- -- -- -- 58 -- -- -- --  9 -- -- --  f -- -- f6 -- d9 -- -- 7c -- 9e 37 7b -- -- -- f0 -- -- 87 -- -- b9 -- -- -- 2c -- -- -- -- -- -- -- -- -- a8 -- -- -- -- -- -- --  b b0 -- -- -- -- -- -- -- -- -- -- cc -- -- -- -- 9d -- -- -- -- -- d7 -- -- -- -- -- -- -- -- e1 -- -- -- 90 65 -- -- db 6e  d eb -- -- -- f8 -- -- f2 -- -- -- -- 12 e4 3b -- -- -- -- -- 1e 

solutions so far:0 maxDepth:10 
iterations:19221469  skipped: 2 
Depth skipped: 
0 0 2 0 0 0 0 0 0 0 0 0 0 0 0 0 0 0 0 0 0 0 0 0 0 0 0 0 0 0 0 0 

running time: 2400 sec
 depth:7
 0  1  2  3  4  5  6  7  8  9  a  b  c  d  e  f 10 11 12 13 14 15 16 17 18 19 1a 1b 1c 1d 1e 1f 20 21 22 23 24 25 26 27 28 29 2a 2b 2c 2d 2e 2f 30 31 32 33 34 35 36 37 38 39 3a 3b 3c 3d 3e 3f 40 41 42 43 44 45 46 47 48 49 4a 4b 4c 4d 4e 4f 50 51 52 53 54 55 56 57 58 59 5a 5b 5c 5d 5e 5f 60 61 62 63 64 65 66 67 68 69 6a 6b 6c 6d 6e 6f 70 71 72 73 74 75 76 77 78 79 7a 7b 7c 7d 7e 7f 80 81 82 83 84 85 86 87 88 89 8a 8b 8c 8d 8e 8f 90 91 92 93 94 95 96 97 98 99 9a 9b 9c 9d 9e 9f a0 a1 a2 a3 a4 a5 a6 a7 a8 a9 aa ab ac ad ae af b0 b1 b2 b3 b4 b5 b6 b7 b8 b9 ba bb bc bd be bf c0 c1 c2 c3 c4 c5 c6 c7 c8 c9 ca cb cc cd ce cf d0 d1 d2 d3 d4 d5 d6 d7 d8 d9 da db dc dd de df e0 e1 e2 e3 e4 e5 e6 e7 e8 e9 ea eb ec ed ee ef f0 f1 f2 f3 f4 f5 f6 f7 f8 f9 fa fb fc fd fe ff 
 0  1  2 1a  4 d5 34 42  8 b4 7d d9 68 9b 84 3e 10 -- bf -- fa -- 65 e6 d0 -- e1 -- df 4b 7c 5b 20 -- -- -- a9 92 -- 95 23 c4 -- -- ca -- 1b -- 77 -- -- 33 15 -- -- 9c 69 da 96 72 f8 -- b6 -- 40 -- -- -- -- -- -- -- 85 -- f3 -- -- -- fd 4f 46 -- 5f -- -- b7 -- 16 43 -- -- -- 36 -- -- -- ee -- -- -- -- -- 66 -- 2a -- -- 48 -- -- ef 12 d2 -- 63 -- fb ed e4 a8 27 79 -- f7 bb -- -- -- 80 -- -- a5 -- -- -- -- -- -- -- 58 -- -- -- -- dd -- -- -- 31 -- -- cf -- 67 -- -- 2d 53 9e ab 8c -- -- -- be c2 -- d8 -- -- b9 -- -- -- 2c -- 86 -- -- -- -- -- -- db 6c 61 -- -- -- -- -- --  b b0 -- -- -- -- -- -- -- -- -- -- cc -- -- -- 54 9d -- -- -- -- 90 d7 -- -- -- --  9 -- 24 -- 73 -- -- -- c6 ce -- -- 21 81  d eb 1f a6 87 5a 4e -- f2 -- -- -- 39 6d a1 49 -- -- -- -- -- 62 

solutions so far:0 maxDepth:10 
iterations:22009027  skipped: 2 
Depth skipped: 
0 0 2 0 0 0 0 0 0 0 0 0 0 0 0 0 0 0 0 0 0 0 0 0 0 0 0 0 0 0 0 0 

running time: 2700 sec
 depth:7
 0  1  2  3  4  5  6  7  8  9  a  b  c  d  e  f 10 11 12 13 14 15 16 17 18 19 1a 1b 1c 1d 1e 1f 20 21 22 23 24 25 26 27 28 29 2a 2b 2c 2d 2e 2f 30 31 32 33 34 35 36 37 38 39 3a 3b 3c 3d 3e 3f 40 41 42 43 44 45 46 47 48 49 4a 4b 4c 4d 4e 4f 50 51 52 53 54 55 56 57 58 59 5a 5b 5c 5d 5e 5f 60 61 62 63 64 65 66 67 68 69 6a 6b 6c 6d 6e 6f 70 71 72 73 74 75 76 77 78 79 7a 7b 7c 7d 7e 7f 80 81 82 83 84 85 86 87 88 89 8a 8b 8c 8d 8e 8f 90 91 92 93 94 95 96 97 98 99 9a 9b 9c 9d 9e 9f a0 a1 a2 a3 a4 a5 a6 a7 a8 a9 aa ab ac ad ae af b0 b1 b2 b3 b4 b5 b6 b7 b8 b9 ba bb bc bd be bf c0 c1 c2 c3 c4 c5 c6 c7 c8 c9 ca cb cc cd ce cf d0 d1 d2 d3 d4 d5 d6 d7 d8 d9 da db dc dd de df e0 e1 e2 e3 e4 e5 e6 e7 e8 e9 ea eb ec ed ee ef f0 f1 f2 f3 f4 f5 f6 f7 f8 f9 fa fb fc fd fe ff 
 0  1  2 1a  4 d1 34 fc  8 a4 75 21 68 6c 2f 7d 10 -- 9f -- ea -- 42 c5 d0 -- d8 -- 5e 7a fa 97 20 -- -- -- e9 60 -- 94  3 8b -- -- 84 -- 5d -- 77 -- -- 33 67 -- -- cf bc 28 f4 ab 23 -- f9 -- 40 -- -- -- -- -- -- --  5 -- c0 -- -- -- ff 4f  6 -- c1 -- -- b7 -- 16 df -- -- -- ba -- -- -- ee -- -- -- -- -- 66 -- ce -- -- 62 -- -- 49 f3 af -- 50 -- 3f ed 81 96 46 79 -- 5f 25 -- -- -- 80 -- -- a5 -- -- -- -- -- -- -- 58 -- -- -- --  a -- -- -- 57 -- -- 18 -- f5 -- -- 29 1b 9e aa  c -- -- -- 55 e6 -- 91 -- -- b9 -- -- -- 2c -- 69 -- -- -- -- -- -- d2 a3 73 -- -- -- -- -- --  b b0 -- -- -- -- -- -- -- -- -- -- cc -- -- -- 4b 9d -- -- -- -- c4 d7 -- -- -- -- 92 -- 31 -- 89 -- -- -- a0 3d -- -- 7e 83  d eb d5 36 fb 52 8c -- f2 -- -- -- be 14 4a 30 -- -- -- -- -- ae 

solutions so far:0 maxDepth:10 
iterations:24394654  skipped: 2 
Depth skipped: 
0 0 2 0 0 0 0 0 0 0 0 0 0 0 0 0 0 0 0 0 0 0 0 0 0 0 0 0 0 0 0 0 

running time: 3000 sec
 depth:5
 0  1  2  3  4  5  6  7  8  9  a  b  c  d  e  f 10 11 12 13 14 15 16 17 18 19 1a 1b 1c 1d 1e 1f 20 21 22 23 24 25 26 27 28 29 2a 2b 2c 2d 2e 2f 30 31 32 33 34 35 36 37 38 39 3a 3b 3c 3d 3e 3f 40 41 42 43 44 45 46 47 48 49 4a 4b 4c 4d 4e 4f 50 51 52 53 54 55 56 57 58 59 5a 5b 5c 5d 5e 5f 60 61 62 63 64 65 66 67 68 69 6a 6b 6c 6d 6e 6f 70 71 72 73 74 75 76 77 78 79 7a 7b 7c 7d 7e 7f 80 81 82 83 84 85 86 87 88 89 8a 8b 8c 8d 8e 8f 90 91 92 93 94 95 96 97 98 99 9a 9b 9c 9d 9e 9f a0 a1 a2 a3 a4 a5 a6 a7 a8 a9 aa ab ac ad ae af b0 b1 b2 b3 b4 b5 b6 b7 b8 b9 ba bb bc bd be bf c0 c1 c2 c3 c4 c5 c6 c7 c8 c9 ca cb cc cd ce cf d0 d1 d2 d3 d4 d5 d6 d7 d8 d9 da db dc dd de df e0 e1 e2 e3 e4 e5 e6 e7 e8 e9 ea eb ec ed ee ef f0 f1 f2 f3 f4 f5 f6 f7 f8 f9 fa fb fc fd fe ff 
 0  1  2 1a  4 cb 34 8b  8 53 41 -- 68 -- c1 -- 10 -- a6 -- 82 -- -- 75 d0 -- -- -- 55 60 -- d9 20 -- -- -- 9b 4c -- 86 d3 32 -- -- -- -- ea -- 77 -- -- 33 -- -- -- -- aa 54 c0 -- -- -- 65 -- 40 -- -- -- -- -- -- -- e1 -- 98 -- -- -- db 4f 71 -- 64 -- -- b7 -- 16 -- -- -- --  3 -- -- -- ee -- -- -- -- -- 66 -- -- -- -- -- -- -- -- -- 83 -- a8 -- 57 ed -- -- -- 79 -- -- ca -- -- -- 80 -- -- a5 -- -- -- -- -- -- -- 58 -- -- -- -- 15 -- -- -- e7 -- -- 13 -- 18 -- -- 61 -- 9e 47 e2 -- -- -- c8 -- --  c -- -- b9 -- -- -- 2c -- -- -- -- -- -- -- -- --  6 -- -- -- -- -- -- --  b b0 -- -- -- -- -- -- -- -- -- -- cc -- -- -- -- 9d -- -- -- -- -- d7 -- -- -- -- -- -- -- -- d1 -- -- -- 87 30 -- -- ae 8e  d eb -- -- -- c2 -- -- f2 -- -- -- -- 2a 43 26 -- -- -- -- -- 19 

solutions so far:0 maxDepth:10 
iterations:27618614  skipped: 2 
Depth skipped: 
0 0 2 0 0 0 0 0 0 0 0 0 0 0 0 0 0 0 0 0 0 0 0 0 0 0 0 0 0 0 0 0 

running time: 3300 sec
 depth:5
 0  1  2  3  4  5  6  7  8  9  a  b  c  d  e  f 10 11 12 13 14 15 16 17 18 19 1a 1b 1c 1d 1e 1f 20 21 22 23 24 25 26 27 28 29 2a 2b 2c 2d 2e 2f 30 31 32 33 34 35 36 37 38 39 3a 3b 3c 3d 3e 3f 40 41 42 43 44 45 46 47 48 49 4a 4b 4c 4d 4e 4f 50 51 52 53 54 55 56 57 58 59 5a 5b 5c 5d 5e 5f 60 61 62 63 64 65 66 67 68 69 6a 6b 6c 6d 6e 6f 70 71 72 73 74 75 76 77 78 79 7a 7b 7c 7d 7e 7f 80 81 82 83 84 85 86 87 88 89 8a 8b 8c 8d 8e 8f 90 91 92 93 94 95 96 97 98 99 9a 9b 9c 9d 9e 9f a0 a1 a2 a3 a4 a5 a6 a7 a8 a9 aa ab ac ad ae af b0 b1 b2 b3 b4 b5 b6 b7 b8 b9 ba bb bc bd be bf c0 c1 c2 c3 c4 c5 c6 c7 c8 c9 ca cb cc cd ce cf d0 d1 d2 d3 d4 d5 d6 d7 d8 d9 da db dc dd de df e0 e1 e2 e3 e4 e5 e6 e7 e8 e9 ea eb ec ed ee ef f0 f1 f2 f3 f4 f5 f6 f7 f8 f9 fa fb fc fd fe ff 
 0  1  2 1a  4 c6 34 ab  8 c7 5b -- 68 -- 81 -- 10 -- 59 -- b6 -- -- 46 d0 -- -- -- d5 62 -- cd 20 -- -- -- b2 5a -- 11 bb 85 -- -- -- -- 8c -- 77 -- -- 33 -- -- -- -- 7d bd c4 -- -- -- 4d -- 40 -- -- -- -- -- -- -- b3 -- b4 -- -- -- 22 4f a1 -- dd -- -- b7 -- 16 -- -- -- -- cf -- -- -- ee -- -- -- -- -- 66 -- -- -- -- -- -- -- -- -- fa -- ad -- 5f ed -- -- -- 79 -- -- 9a -- -- -- 80 -- -- a5 -- -- -- -- -- -- -- 58 -- -- -- -- b1 -- -- -- bf -- -- fd -- f3 -- -- 44 -- 9e da 95 -- -- -- 6d -- -- 92 -- -- b9 -- -- -- 2c -- -- -- -- -- -- -- -- -- 49 -- -- -- -- -- -- --  b b0 -- -- -- -- -- -- -- -- -- -- cc -- -- -- -- 9d -- -- -- -- -- d7 -- -- -- -- -- -- -- -- 23 -- -- -- 8d 31 -- -- be 63  d eb -- -- -- 88 -- -- f2 -- -- -- -- b5 e3 2d -- -- -- -- -- a9 

solutions so far:0 maxDepth:10 
iterations:30145992  skipped: 3 
Depth skipped: 
0 0 3 0 0 0 0 0 0 0 0 0 0 0 0 0 0 0 0 0 0 0 0 0 0 0 0 0 0 0 0 0 

running time: 3600 sec
 depth:7
 0  1  2  3  4  5  6  7  8  9  a  b  c  d  e  f 10 11 12 13 14 15 16 17 18 19 1a 1b 1c 1d 1e 1f 20 21 22 23 24 25 26 27 28 29 2a 2b 2c 2d 2e 2f 30 31 32 33 34 35 36 37 38 39 3a 3b 3c 3d 3e 3f 40 41 42 43 44 45 46 47 48 49 4a 4b 4c 4d 4e 4f 50 51 52 53 54 55 56 57 58 59 5a 5b 5c 5d 5e 5f 60 61 62 63 64 65 66 67 68 69 6a 6b 6c 6d 6e 6f 70 71 72 73 74 75 76 77 78 79 7a 7b 7c 7d 7e 7f 80 81 82 83 84 85 86 87 88 89 8a 8b 8c 8d 8e 8f 90 91 92 93 94 95 96 97 98 99 9a 9b 9c 9d 9e 9f a0 a1 a2 a3 a4 a5 a6 a7 a8 a9 aa ab ac ad ae af b0 b1 b2 b3 b4 b5 b6 b7 b8 b9 ba bb bc bd be bf c0 c1 c2 c3 c4 c5 c6 c7 c8 c9 ca cb cc cd ce cf d0 d1 d2 d3 d4 d5 d6 d7 d8 d9 da db dc dd de df e0 e1 e2 e3 e4 e5 e6 e7 e8 e9 ea eb ec ed ee ef f0 f1 f2 f3 f4 f5 f6 f7 f8 f9 fa fb fc fd fe ff 
 0  1  2 1a  4 c2 34 29  8 7f 53 bf 68 bb 52 8d 10 -- fe -- a6 -- a9  a d0 -- a1 -- a4 25 cd c3 20 -- -- -- 2b a8 -- f1 9b ca -- -- 85 -- 14 -- 77 -- -- 33 95 -- -- 11 9f c9 4a b5 4d -- 51 -- 40 -- -- -- -- -- -- -- 56 -- 87 -- -- -- 35 4f e1 -- 43 -- -- b7 -- 16 dd -- -- -- 28 -- -- -- ee -- -- -- -- -- 66 -- fd -- -- 59 -- -- 22 88 e9 -- 45 -- 94 ed bd 5a 9a 79 -- b3 a2 -- -- -- 80 -- -- a5 -- -- -- -- -- -- -- 58 -- -- -- -- ac -- -- -- d9 -- -- 2a -- 97 -- -- 6a 5b 9e db 15 -- -- -- 86 c6 -- a0 -- -- b9 -- -- -- 2c -- 6d -- -- -- -- -- -- da 50 63 -- -- -- -- -- --  b b0 -- -- -- -- -- -- -- -- -- -- cc -- -- -- 2d 9d -- -- -- -- b2 d7 -- -- -- -- 44 -- c7 --  5 -- -- -- 8a f9 -- -- ff 61  d eb ad b6 b4 d4 e3 -- f2 -- -- -- b1 8f 93 54 -- -- -- -- -- 65 

solutions so far:0 maxDepth:10 
iterations:33370214  skipped: 3 
Depth skipped: 
0 0 3 0 0 0 0 0 0 0 0 0 0 0 0 0 0 0 0 0 0 0 0 0 0 0 0 0 0 0 0 0 

running time: 3900 sec
 depth:7
 0  1  2  3  4  5  6  7  8  9  a  b  c  d  e  f 10 11 12 13 14 15 16 17 18 19 1a 1b 1c 1d 1e 1f 20 21 22 23 24 25 26 27 28 29 2a 2b 2c 2d 2e 2f 30 31 32 33 34 35 36 37 38 39 3a 3b 3c 3d 3e 3f 40 41 42 43 44 45 46 47 48 49 4a 4b 4c 4d 4e 4f 50 51 52 53 54 55 56 57 58 59 5a 5b 5c 5d 5e 5f 60 61 62 63 64 65 66 67 68 69 6a 6b 6c 6d 6e 6f 70 71 72 73 74 75 76 77 78 79 7a 7b 7c 7d 7e 7f 80 81 82 83 84 85 86 87 88 89 8a 8b 8c 8d 8e 8f 90 91 92 93 94 95 96 97 98 99 9a 9b 9c 9d 9e 9f a0 a1 a2 a3 a4 a5 a6 a7 a8 a9 aa ab ac ad ae af b0 b1 b2 b3 b4 b5 b6 b7 b8 b9 ba bb bc bd be bf c0 c1 c2 c3 c4 c5 c6 c7 c8 c9 ca cb cc cd ce cf d0 d1 d2 d3 d4 d5 d6 d7 d8 d9 da db dc dd de df e0 e1 e2 e3 e4 e5 e6 e7 e8 e9 ea eb ec ed ee ef f0 f1 f2 f3 f4 f5 f6 f7 f8 f9 fa fb fc fd fe ff 
 0  1  2 1a  4 bc 34 28  8 e6 af a7 68 38 50 f6 10 -- 1b -- 89 -- 99 4a d0 -- 70 -- a0 e9 3b fb 20 -- -- -- 36 f5 -- df c5 3f -- -- e5 -- 94 -- 77 -- -- 33 e0 -- -- 1e 97 ce  5 6b 76 -- 21 -- 40 -- -- -- -- -- -- -- 6c -- 3d -- -- -- 69 4f 5d -- 7e -- -- b7 -- 16 1d -- -- -- ff -- -- -- ee -- -- -- -- -- 66 -- 17 -- -- 6e -- -- 3c f0 f9 -- 4b --  a ed d6 5c ec 79 -- 6f 42 -- -- -- 80 -- -- a5 -- -- -- -- -- -- -- 58 -- -- -- -- d8 -- -- -- 7a -- -- a3 -- a4 -- -- d2  e 9e 2f ba -- -- -- fc  7 -- 52 -- -- b9 -- -- -- 2c -- 3a -- -- -- -- -- -- 74 29 e8 -- -- -- -- -- --  b b0 -- -- -- -- -- -- -- -- -- -- cc -- -- -- 2e 9d -- -- -- -- dc d7 -- -- -- -- 78 -- 37 -- 25 -- -- -- 96 9f -- -- 14 5e  d eb 7b 1c b8 73  f -- f2 -- -- -- de 67 84 91 -- -- -- -- -- f4 

solutions so far:0 maxDepth:10 
iterations:36243870  skipped: 4 
Depth skipped: 
0 0 4 0 0 0 0 0 0 0 0 0 0 0 0 0 0 0 0 0 0 0 0 0 0 0 0 0 0 0 0 0 

running time: 4200 sec
 depth:7
 0  1  2  3  4  5  6  7  8  9  a  b  c  d  e  f 10 11 12 13 14 15 16 17 18 19 1a 1b 1c 1d 1e 1f 20 21 22 23 24 25 26 27 28 29 2a 2b 2c 2d 2e 2f 30 31 32 33 34 35 36 37 38 39 3a 3b 3c 3d 3e 3f 40 41 42 43 44 45 46 47 48 49 4a 4b 4c 4d 4e 4f 50 51 52 53 54 55 56 57 58 59 5a 5b 5c 5d 5e 5f 60 61 62 63 64 65 66 67 68 69 6a 6b 6c 6d 6e 6f 70 71 72 73 74 75 76 77 78 79 7a 7b 7c 7d 7e 7f 80 81 82 83 84 85 86 87 88 89 8a 8b 8c 8d 8e 8f 90 91 92 93 94 95 96 97 98 99 9a 9b 9c 9d 9e 9f a0 a1 a2 a3 a4 a5 a6 a7 a8 a9 aa ab ac ad ae af b0 b1 b2 b3 b4 b5 b6 b7 b8 b9 ba bb bc bd be bf c0 c1 c2 c3 c4 c5 c6 c7 c8 c9 ca cb cc cd ce cf d0 d1 d2 d3 d4 d5 d6 d7 d8 d9 da db dc dd de df e0 e1 e2 e3 e4 e5 e6 e7 e8 e9 ea eb ec ed ee ef f0 f1 f2 f3 f4 f5 f6 f7 f8 f9 fa fb fc fd fe ff 
 0  1  2 1a  4 b3 34 97  8 2a b1 ba 68 2f f9 d1 10 -- 54 -- b5 -- a3 29 d0 -- 5e -- 25 14 75 db 20 -- -- -- a8 9a -- a6 bd 44 -- -- 91 -- 52 -- 77 -- -- 33 bc -- --  c 4a ca 28 55 ea -- 61 -- 40 -- -- -- -- -- -- -- 87 -- e3 -- -- -- 9b 4f ad -- 88 -- -- b7 -- 16 f5 -- -- -- a4 -- -- -- ee -- -- -- -- -- 66 -- af -- -- 57 -- -- 18 60 94 -- 43 -- 50 ed aa c5  3 79 -- 8b c2 -- -- -- 80 -- -- a5 -- -- -- -- -- -- -- 58 -- -- -- -- d9 -- -- -- 11 -- -- cd --  5 -- -- e1 7e 9e 59 8d -- -- -- c7 3f -- e9 -- -- b9 -- -- -- 2c -- 3d -- -- -- -- -- -- 7a 9f f4 -- -- -- -- -- --  b b0 -- -- -- -- -- -- -- -- -- -- cc -- -- -- 89 9d -- -- -- -- ae d7 -- -- -- -- 30 -- c0 -- ff -- -- -- 86  a -- -- a0 b2  d eb 83 fc 5d 15  6 -- f2 -- -- -- c1 65 53 4d -- -- -- -- -- 22 

solutions so far:0 maxDepth:10 
iterations:39957173  skipped: 5 
Depth skipped: 
0 0 5 0 0 0 0 0 0 0 0 0 0 0 0 0 0 0 0 0 0 0 0 0 0 0 0 0 0 0 0 0 

running time: 4500 sec
 depth:6
 0  1  2  3  4  5  6  7  8  9  a  b  c  d  e  f 10 11 12 13 14 15 16 17 18 19 1a 1b 1c 1d 1e 1f 20 21 22 23 24 25 26 27 28 29 2a 2b 2c 2d 2e 2f 30 31 32 33 34 35 36 37 38 39 3a 3b 3c 3d 3e 3f 40 41 42 43 44 45 46 47 48 49 4a 4b 4c 4d 4e 4f 50 51 52 53 54 55 56 57 58 59 5a 5b 5c 5d 5e 5f 60 61 62 63 64 65 66 67 68 69 6a 6b 6c 6d 6e 6f 70 71 72 73 74 75 76 77 78 79 7a 7b 7c 7d 7e 7f 80 81 82 83 84 85 86 87 88 89 8a 8b 8c 8d 8e 8f 90 91 92 93 94 95 96 97 98 99 9a 9b 9c 9d 9e 9f a0 a1 a2 a3 a4 a5 a6 a7 a8 a9 aa ab ac ad ae af b0 b1 b2 b3 b4 b5 b6 b7 b8 b9 ba bb bc bd be bf c0 c1 c2 c3 c4 c5 c6 c7 c8 c9 ca cb cc cd ce cf d0 d1 d2 d3 d4 d5 d6 d7 d8 d9 da db dc dd de df e0 e1 e2 e3 e4 e5 e6 e7 e8 e9 ea eb ec ed ee ef f0 f1 f2 f3 f4 f5 f6 f7 f8 f9 fa fb fc fd fe ff 
 0  1  2 1a  4 ad 34 74  8 e2 8d 92 68 7d e8 -- 10 -- 13 -- cd -- f3 70 d0 -- fa --  7 99 -- c8 20 -- -- -- 26 44 -- 41 4d b2 -- -- 31 -- e0 -- 77 -- -- 33 23 -- -- --  e 19 e5 -- -- -- 47 -- 40 -- -- -- -- -- -- -- 4c -- 88 -- -- -- 82 4f 9a -- b3 -- -- b7 -- 16 62 -- -- -- 17 -- -- -- ee -- -- -- -- -- 66 -- 46 -- -- -- -- -- -- -- 1c -- 32 -- 1d ed -- cf -- 79 -- -- 8e -- -- -- 80 -- -- a5 -- -- -- -- -- -- -- 58 -- -- -- -- 98 -- -- -- c7 -- -- 11 -- b8 -- -- d3 81 9e b5 e3 -- -- -- b1 ab -- 5c -- -- b9 -- -- -- 2c -- c4 -- -- -- -- -- -- 5f 2e be -- -- -- -- -- --  b b0 -- -- -- -- -- -- -- -- -- -- cc -- -- -- 8c 9d -- -- -- -- -- d7 -- -- -- -- -- -- -- -- 38 -- -- -- 64 a7 -- -- 3a bd  d eb -- d5 49 71 -- -- f2 -- -- -- -- e7 cb 22 -- -- -- -- -- 59 

solutions so far:0 maxDepth:10 
iterations:43358319  skipped: 5 
Depth skipped: 
0 0 5 0 0 0 0 0 0 0 0 0 0 0 0 0 0 0 0 0 0 0 0 0 0 0 0 0 0 0 0 0 

running time: 4800 sec
 depth:7
 0  1  2  3  4  5  6  7  8  9  a  b  c  d  e  f 10 11 12 13 14 15 16 17 18 19 1a 1b 1c 1d 1e 1f 20 21 22 23 24 25 26 27 28 29 2a 2b 2c 2d 2e 2f 30 31 32 33 34 35 36 37 38 39 3a 3b 3c 3d 3e 3f 40 41 42 43 44 45 46 47 48 49 4a 4b 4c 4d 4e 4f 50 51 52 53 54 55 56 57 58 59 5a 5b 5c 5d 5e 5f 60 61 62 63 64 65 66 67 68 69 6a 6b 6c 6d 6e 6f 70 71 72 73 74 75 76 77 78 79 7a 7b 7c 7d 7e 7f 80 81 82 83 84 85 86 87 88 89 8a 8b 8c 8d 8e 8f 90 91 92 93 94 95 96 97 98 99 9a 9b 9c 9d 9e 9f a0 a1 a2 a3 a4 a5 a6 a7 a8 a9 aa ab ac ad ae af b0 b1 b2 b3 b4 b5 b6 b7 b8 b9 ba bb bc bd be bf c0 c1 c2 c3 c4 c5 c6 c7 c8 c9 ca cb cc cd ce cf d0 d1 d2 d3 d4 d5 d6 d7 d8 d9 da db dc dd de df e0 e1 e2 e3 e4 e5 e6 e7 e8 e9 ea eb ec ed ee ef f0 f1 f2 f3 f4 f5 f6 f7 f8 f9 fa fb fc fd fe ff 
 0  1  2 1a  4 a8 34 74  8 12 87 84 68 67 e8 64 10 -- 24 -- d9 -- df 70 d0 -- ce --  7 99 c8 3e 20 -- -- -- 48 61 -- 4e 65 9b -- -- 69 -- e0 -- 77 -- -- 33 4b -- -- 41  e 72 e5 e7 47 -- 7c -- 40 -- -- -- -- -- -- -- 90 -- c2 -- -- -- 9c 4f ca -- e1 -- -- b7 -- 16 d2 -- -- -- 17 -- -- -- ee -- -- -- -- -- 66 -- 96 -- -- 13 -- -- 82 71 1c -- e4 -- 1d ed 19 21 8e 79 -- 4c f8 -- -- -- 80 -- -- a5 -- -- -- -- -- -- -- 58 -- -- -- -- f7 -- -- -- 53 -- -- 86 -- b8 -- -- ef 6c 9e 2a 43 -- -- -- 15 36 -- 5c -- -- b9 -- -- -- 2c -- 73 -- -- -- -- -- -- e6 2e 1b -- -- -- -- -- --  b b0 -- -- -- -- -- -- -- -- -- -- cc -- -- -- fb 9d -- -- -- -- 26 d7 -- -- -- -- d3 -- e2 -- 38 -- -- -- 1f a7 -- -- 3a 54  d eb 32 d8 42  9 cb -- f2 -- -- -- 98 39 27 db -- -- -- -- -- a6 

solutions so far:0 maxDepth:10 
iterations:46829724  skipped: 5 
Depth skipped: 
0 0 5 0 0 0 0 0 0 0 0 0 0 0 0 0 0 0 0 0 0 0 0 0 0 0 0 0 0 0 0 0 

running time: 5100 sec
 depth:6
 0  1  2  3  4  5  6  7  8  9  a  b  c  d  e  f 10 11 12 13 14 15 16 17 18 19 1a 1b 1c 1d 1e 1f 20 21 22 23 24 25 26 27 28 29 2a 2b 2c 2d 2e 2f 30 31 32 33 34 35 36 37 38 39 3a 3b 3c 3d 3e 3f 40 41 42 43 44 45 46 47 48 49 4a 4b 4c 4d 4e 4f 50 51 52 53 54 55 56 57 58 59 5a 5b 5c 5d 5e 5f 60 61 62 63 64 65 66 67 68 69 6a 6b 6c 6d 6e 6f 70 71 72 73 74 75 76 77 78 79 7a 7b 7c 7d 7e 7f 80 81 82 83 84 85 86 87 88 89 8a 8b 8c 8d 8e 8f 90 91 92 93 94 95 96 97 98 99 9a 9b 9c 9d 9e 9f a0 a1 a2 a3 a4 a5 a6 a7 a8 a9 aa ab ac ad ae af b0 b1 b2 b3 b4 b5 b6 b7 b8 b9 ba bb bc bd be bf c0 c1 c2 c3 c4 c5 c6 c7 c8 c9 ca cb cc cd ce cf d0 d1 d2 d3 d4 d5 d6 d7 d8 d9 da db dc dd de df e0 e1 e2 e3 e4 e5 e6 e7 e8 e9 ea eb ec ed ee ef f0 f1 f2 f3 f4 f5 f6 f7 f8 f9 fa fb fc fd fe ff 
 0  1  2 1a  4 9f 34 99  8 b6 e9 3d 68 89 e5 -- 10 -- bb --  5 -- 7a  7 d0 -- c5 -- 1d 2e -- a9 20 -- -- -- a1 97 -- da  a 94 -- -- f4 --  e -- 77 -- -- 33 5d -- -- -- 3a 5a 5c -- -- -- 85 -- 40 -- -- -- -- -- -- -- 95 -- f9 -- -- -- 63 4f 14 -- ff -- -- b7 -- 16 3f -- -- -- 1c -- -- -- ee -- -- -- -- -- 66 -- ba -- -- -- -- -- -- -- 74 -- b4 -- b8 ed -- 91 -- 79 -- -- dd -- -- -- 80 -- -- a5 -- -- -- -- -- -- -- 58 -- -- -- -- fd -- -- -- 25 -- -- 50 -- e0 -- -- c6 bc 9e 52 28 -- -- -- 29 5e -- 70 -- -- b9 -- -- -- 2c -- 7e -- -- -- -- -- -- fc 38 2f -- -- -- -- -- --  b b0 -- -- -- -- -- -- -- -- -- -- cc -- -- -- a3 9d -- -- -- -- -- d7 -- -- -- -- -- -- -- -- e8 -- -- -- bf 17 -- -- a7 a4  d eb -- af f5 5b -- -- f2 -- -- -- -- 2d 6d a0 -- -- -- -- -- 4a 

solutions so far:0 maxDepth:10 
iterations:50817447  skipped: 6 
Depth skipped: 
0 0 6 0 0 0 0 0 0 0 0 0 0 0 0 0 0 0 0 0 0 0 0 0 0 0 0 0 0 0 0 0 

running time: 5400 sec
 depth:8
 0  1  2  3  4  5  6  7  8  9  a  b  c  d  e  f 10 11 12 13 14 15 16 17 18 19 1a 1b 1c 1d 1e 1f 20 21 22 23 24 25 26 27 28 29 2a 2b 2c 2d 2e 2f 30 31 32 33 34 35 36 37 38 39 3a 3b 3c 3d 3e 3f 40 41 42 43 44 45 46 47 48 49 4a 4b 4c 4d 4e 4f 50 51 52 53 54 55 56 57 58 59 5a 5b 5c 5d 5e 5f 60 61 62 63 64 65 66 67 68 69 6a 6b 6c 6d 6e 6f 70 71 72 73 74 75 76 77 78 79 7a 7b 7c 7d 7e 7f 80 81 82 83 84 85 86 87 88 89 8a 8b 8c 8d 8e 8f 90 91 92 93 94 95 96 97 98 99 9a 9b 9c 9d 9e 9f a0 a1 a2 a3 a4 a5 a6 a7 a8 a9 aa ab ac ad ae af b0 b1 b2 b3 b4 b5 b6 b7 b8 b9 ba bb bc bd be bf c0 c1 c2 c3 c4 c5 c6 c7 c8 c9 ca cb cc cd ce cf d0 d1 d2 d3 d4 d5 d6 d7 d8 d9 da db dc dd de df e0 e1 e2 e3 e4 e5 e6 e7 e8 e9 ea eb ec ed ee ef f0 f1 f2 f3 f4 f5 f6 f7 f8 f9 fa fb fc fd fe ff 
 0  1  2 1a  4 98 34 d9  8 b8 e7 25 68  a 65 a1 10 ad a7 -- 19 -- 4a 61 d0 -- 14 -- ca 2a 95  e 20 -- 8d -- 99 cb -- e0 32 71 -- -- 94 -- c2 -- 77 -- -- 33 28 -- -- b4 43 74 54 5b fd -- 1c -- 40 -- -- -- cd -- -- -- e5 -- 41 -- -- b1 17 4f 64 -- e2 -- -- b7 -- 16 ff e3 -- -- 53 -- -- -- ee -- -- -- -- -- 66 -- 50 -- -- 6d -- -- bf 85 86 -- e8 -- a8 ed b6 97 2d 79 -- 63 38 -- -- -- 80 -- -- a5 -- -- -- -- 4d -- -- 58 -- b2 -- -- 1d -- -- -- 82 -- -- 47 -- e1 b5 -- 2e e9 9e 26 c8 -- -- -- 13 9f -- 9b -- -- b9 -- -- 59 2c -- 29 44 11 22 -- 88 -- 52 a6 a4 -- -- -- c7 -- --  b b0 -- -- -- -- -- 9a -- -- -- -- cc b3 -- -- a0 9d -- -- -- -- da d7 -- -- -- -- a9 -- dd -- db -- -- bd  7 15 -- -- 87 4c  d eb bb  5 f9 5c 5a -- f2 -- -- -- c6 3a 70 8e -- -- -- -- -- d3 

solutions so far:0 maxDepth:10 
iterations:53369076  skipped: 6 
Depth skipped: 
0 0 6 0 0 0 0 0 0 0 0 0 0 0 0 0 0 0 0 0 0 0 0 0 0 0 0 0 0 0 0 0 

running time: 5700 sec
 depth:7
 0  1  2  3  4  5  6  7  8  9  a  b  c  d  e  f 10 11 12 13 14 15 16 17 18 19 1a 1b 1c 1d 1e 1f 20 21 22 23 24 25 26 27 28 29 2a 2b 2c 2d 2e 2f 30 31 32 33 34 35 36 37 38 39 3a 3b 3c 3d 3e 3f 40 41 42 43 44 45 46 47 48 49 4a 4b 4c 4d 4e 4f 50 51 52 53 54 55 56 57 58 59 5a 5b 5c 5d 5e 5f 60 61 62 63 64 65 66 67 68 69 6a 6b 6c 6d 6e 6f 70 71 72 73 74 75 76 77 78 79 7a 7b 7c 7d 7e 7f 80 81 82 83 84 85 86 87 88 89 8a 8b 8c 8d 8e 8f 90 91 92 93 94 95 96 97 98 99 9a 9b 9c 9d 9e 9f a0 a1 a2 a3 a4 a5 a6 a7 a8 a9 aa ab ac ad ae af b0 b1 b2 b3 b4 b5 b6 b7 b8 b9 ba bb bc bd be bf c0 c1 c2 c3 c4 c5 c6 c7 c8 c9 ca cb cc cd ce cf d0 d1 d2 d3 d4 d5 d6 d7 d8 d9 da db dc dd de df e0 e1 e2 e3 e4 e5 e6 e7 e8 e9 ea eb ec ed ee ef f0 f1 f2 f3 f4 f5 f6 f7 f8 f9 fa fb fc fd fe ff 
 0  1  2 1a  4 8f 34 bb  8  6 c9 39 68 ef a1 a6 10 --  c -- 45 -- 72 b4 d0 --  9 -- 95 63 9b c1 20 -- -- -- 18 f1 -- d1 8a 7f -- -- e4 -- bf -- 77 -- -- 33 12 -- -- 54 fd 57 c6 61 e1 -- 55 -- 40 -- -- -- -- -- -- -- 30 -- 35 -- -- -- 75 4f c3 -- fe -- -- b7 -- 16 1f -- -- -- a9 -- -- -- ee -- -- -- -- -- 66 -- 24 -- -- ca -- -- a8 d9 2d -- ae -- 5b ed c2 90 15 79 -- 86 aa -- -- -- 80 -- -- a5 -- -- -- -- -- -- -- 58 -- -- -- -- 60 -- -- -- 6a -- -- a2 -- 6d -- -- ea 4e 9e 56 51 -- -- -- 2b 27 -- dd -- -- b9 -- -- -- 2c -- 3e -- -- -- -- -- -- 7c 85 f8 -- -- -- -- -- --  b b0 -- -- -- -- -- -- -- -- -- -- cc -- -- -- 48 9d -- -- -- -- 43 d7 -- -- -- -- 87 -- 65 -- 5a -- -- -- 8b da -- -- b6 ac  d eb 53 9c f7  3 2a -- f2 -- -- -- db c0 83 93 -- -- -- -- -- d4 

solutions so far:0 maxDepth:10 
iterations:57598760  skipped: 7 
Depth skipped: 
0 0 7 0 0 0 0 0 0 0 0 0 0 0 0 0 0 0 0 0 0 0 0 0 0 0 0 0 0 0 0 0 

running time: 6000 sec
 depth:7
 0  1  2  3  4  5  6  7  8  9  a  b  c  d  e  f 10 11 12 13 14 15 16 17 18 19 1a 1b 1c 1d 1e 1f 20 21 22 23 24 25 26 27 28 29 2a 2b 2c 2d 2e 2f 30 31 32 33 34 35 36 37 38 39 3a 3b 3c 3d 3e 3f 40 41 42 43 44 45 46 47 48 49 4a 4b 4c 4d 4e 4f 50 51 52 53 54 55 56 57 58 59 5a 5b 5c 5d 5e 5f 60 61 62 63 64 65 66 67 68 69 6a 6b 6c 6d 6e 6f 70 71 72 73 74 75 76 77 78 79 7a 7b 7c 7d 7e 7f 80 81 82 83 84 85 86 87 88 89 8a 8b 8c 8d 8e 8f 90 91 92 93 94 95 96 97 98 99 9a 9b 9c 9d 9e 9f a0 a1 a2 a3 a4 a5 a6 a7 a8 a9 aa ab ac ad ae af b0 b1 b2 b3 b4 b5 b6 b7 b8 b9 ba bb bc bd be bf c0 c1 c2 c3 c4 c5 c6 c7 c8 c9 ca cb cc cd ce cf d0 d1 d2 d3 d4 d5 d6 d7 d8 d9 da db dc dd de df e0 e1 e2 e3 e4 e5 e6 e7 e8 e9 ea eb ec ed ee ef f0 f1 f2 f3 f4 f5 f6 f7 f8 f9 fa fb fc fd fe ff 
 0  1  2 1a  4 89 34 6e  8 14 c5 45 68 7f dc 42 10 -- 28 -- 5d -- 8a 7b d0 -- fe -- 6f 3c 84 ff 20 -- -- -- 50 7a -- 9f ba fc -- -- c3 -- f6 -- 77 -- -- 33 2b -- -- 73 de 25 78 96 df -- 29 -- 40 -- -- -- -- -- -- -- a0 -- f4 -- -- -- e9 4f a3 -- 2f -- -- b7 -- 16 51 -- -- -- 3b -- -- -- ee -- -- -- -- -- 66 -- 56 -- -- d8 -- -- e6 36 6b -- 4a -- f0 ed fb 8f 69 79 -- ce 52 -- -- -- 80 -- -- a5 -- -- -- -- -- -- -- 58 -- -- -- -- 97 -- -- -- 3f -- -- f5 --  f -- --  5 6a 9e bc 91 -- -- -- 5e 35 -- ec -- -- b9 -- -- -- 2c -- a2 -- -- -- -- -- -- 93 76 f1 -- -- -- -- -- --  b b0 -- -- -- -- -- -- -- -- -- -- cc -- -- -- ac 9d -- -- -- -- 67 d7 -- -- -- -- 1b -- 6c -- d6 -- -- -- 94 1e -- -- 37 af  d eb 21 d4 c9  a d2 -- f2 -- -- -- 4b f9 a4 3d -- -- -- -- -- 7e 

solutions so far:0 maxDepth:10 
iterations:61311225  skipped: 8 
Depth skipped: 
0 0 8 0 0 0 0 0 0 0 0 0 0 0 0 0 0 0 0 0 0 0 0 0 0 0 0 0 0 0 0 0 

running time: 6300 sec
 depth:8
 0  1  2  3  4  5  6  7  8  9  a  b  c  d  e  f 10 11 12 13 14 15 16 17 18 19 1a 1b 1c 1d 1e 1f 20 21 22 23 24 25 26 27 28 29 2a 2b 2c 2d 2e 2f 30 31 32 33 34 35 36 37 38 39 3a 3b 3c 3d 3e 3f 40 41 42 43 44 45 46 47 48 49 4a 4b 4c 4d 4e 4f 50 51 52 53 54 55 56 57 58 59 5a 5b 5c 5d 5e 5f 60 61 62 63 64 65 66 67 68 69 6a 6b 6c 6d 6e 6f 70 71 72 73 74 75 76 77 78 79 7a 7b 7c 7d 7e 7f 80 81 82 83 84 85 86 87 88 89 8a 8b 8c 8d 8e 8f 90 91 92 93 94 95 96 97 98 99 9a 9b 9c 9d 9e 9f a0 a1 a2 a3 a4 a5 a6 a7 a8 a9 aa ab ac ad ae af b0 b1 b2 b3 b4 b5 b6 b7 b8 b9 ba bb bc bd be bf c0 c1 c2 c3 c4 c5 c6 c7 c8 c9 ca cb cc cd ce cf d0 d1 d2 d3 d4 d5 d6 d7 d8 d9 da db dc dd de df e0 e1 e2 e3 e4 e5 e6 e7 e8 e9 ea eb ec ed ee ef f0 f1 f2 f3 f4 f5 f6 f7 f8 f9 fa fb fc fd fe ff 
 0  1  2 1a  4 82 34 f5  8 d5 d3 6f 68 1e 3d 8f 10 a7 7d -- 71 -- de fc d0 -- 3c -- 7a 5d c9 f3 20 -- 99 -- fa e7 -- 5f e2 c8 -- -- 6b -- 2f -- 77 -- -- 33 78 -- -- 51 f4 cf ba 2b 45 -- 31 -- 40 -- -- -- e5 -- -- -- 23 -- 19 -- -- 2e be 4f 13 -- 47 -- -- b7 -- 16 d6 74 -- -- 5e -- -- -- ee -- -- -- -- -- 66 -- f0 -- -- 6a -- -- a2 f1 3f -- 49 -- a3 ed 56 6e 8a 79 -- 7f 62 -- -- -- 80 -- -- a5 -- -- -- -- 1d -- -- 58 -- e0 -- -- 46 -- -- -- 32 -- -- 4c -- 89 5c -- ab ec 9e cb 26 -- -- -- 8e 76 -- af -- -- b9 -- -- 70 2c -- 7b  e e8  7 -- 1c -- f6 bc 3b -- -- -- 38 -- --  b b0 -- -- -- -- -- 3a -- -- -- -- cc 17 -- -- 37 9d -- -- -- -- d4 d7 -- -- -- -- 93 -- 35 -- 7e -- -- b8 92 c5 -- -- 91 41  d eb ac  f dc 81 c3 -- f2 -- -- -- fe 8c c4 98 -- -- -- -- -- 64 

solutions so far:0 maxDepth:10 
iterations:65094686  skipped: 8 
Depth skipped: 
0 0 8 0 0 0 0 0 0 0 0 0 0 0 0 0 0 0 0 0 0 0 0 0 0 0 0 0 0 0 0 0 

running time: 6600 sec
 depth:7
 0  1  2  3  4  5  6  7  8  9  a  b  c  d  e  f 10 11 12 13 14 15 16 17 18 19 1a 1b 1c 1d 1e 1f 20 21 22 23 24 25 26 27 28 29 2a 2b 2c 2d 2e 2f 30 31 32 33 34 35 36 37 38 39 3a 3b 3c 3d 3e 3f 40 41 42 43 44 45 46 47 48 49 4a 4b 4c 4d 4e 4f 50 51 52 53 54 55 56 57 58 59 5a 5b 5c 5d 5e 5f 60 61 62 63 64 65 66 67 68 69 6a 6b 6c 6d 6e 6f 70 71 72 73 74 75 76 77 78 79 7a 7b 7c 7d 7e 7f 80 81 82 83 84 85 86 87 88 89 8a 8b 8c 8d 8e 8f 90 91 92 93 94 95 96 97 98 99 9a 9b 9c 9d 9e 9f a0 a1 a2 a3 a4 a5 a6 a7 a8 a9 aa ab ac ad ae af b0 b1 b2 b3 b4 b5 b6 b7 b8 b9 ba bb bc bd be bf c0 c1 c2 c3 c4 c5 c6 c7 c8 c9 ca cb cc cd ce cf d0 d1 d2 d3 d4 d5 d6 d7 d8 d9 da db dc dd de df e0 e1 e2 e3 e4 e5 e6 e7 e8 e9 ea eb ec ed ee ef f0 f1 f2 f3 f4 f5 f6 f7 f8 f9 fa fb fc fd fe ff 
 0  1  2 1a  4 75 34 7d  8 84 ea 7b 68 37 fa af 10 -- df --  3 -- f6 49 d0 -- 6e -- 23 be 89 d8 20 -- -- -- 69 c0 -- 96  6 c1 -- -- 3b -- 92 -- 77 -- -- 33 dc -- -- a3 46 1b ab 2f c5 -- 67 -- 40 -- -- -- -- -- -- -- d2 -- 57 -- -- -- fb 4f  c -- 55 -- -- b7 -- 16 76 -- -- -- f3 -- -- -- ee -- -- -- -- -- 66 -- 6f -- -- f4 -- -- 91 3d 8c -- 36 -- 81 ed 5e 6b 5d 79 -- 7e ce -- -- -- 80 -- -- a5 -- -- -- -- -- -- -- 58 -- -- -- -- 73 -- -- -- ae -- -- 30 -- c4 -- -- 21 78 9e 83 18 -- -- -- aa 3c -- 62 -- -- b9 -- -- -- 2c -- ec -- -- -- -- -- --  f 31 1e -- -- -- -- -- --  b b0 -- -- -- -- -- -- -- -- -- -- cc -- -- -- de 9d -- -- -- -- 3f d7 -- -- -- -- f5 -- 7a -- cf -- -- -- 6c 5f -- -- d5 d1  d eb bc f0 d6 42 ba -- f2 -- -- -- fc e6 4b 60 -- -- -- -- -- 8b 

solutions so far:0 maxDepth:10 
iterations:70323569  skipped: 8 
Depth skipped: 
0 0 8 0 0 0 0 0 0 0 0 0 0 0 0 0 0 0 0 0 0 0 0 0 0 0 0 0 0 0 0 0 

running time: 6900 sec
 depth:6
 0  1  2  3  4  5  6  7  8  9  a  b  c  d  e  f 10 11 12 13 14 15 16 17 18 19 1a 1b 1c 1d 1e 1f 20 21 22 23 24 25 26 27 28 29 2a 2b 2c 2d 2e 2f 30 31 32 33 34 35 36 37 38 39 3a 3b 3c 3d 3e 3f 40 41 42 43 44 45 46 47 48 49 4a 4b 4c 4d 4e 4f 50 51 52 53 54 55 56 57 58 59 5a 5b 5c 5d 5e 5f 60 61 62 63 64 65 66 67 68 69 6a 6b 6c 6d 6e 6f 70 71 72 73 74 75 76 77 78 79 7a 7b 7c 7d 7e 7f 80 81 82 83 84 85 86 87 88 89 8a 8b 8c 8d 8e 8f 90 91 92 93 94 95 96 97 98 99 9a 9b 9c 9d 9e 9f a0 a1 a2 a3 a4 a5 a6 a7 a8 a9 aa ab ac ad ae af b0 b1 b2 b3 b4 b5 b6 b7 b8 b9 ba bb bc bd be bf c0 c1 c2 c3 c4 c5 c6 c7 c8 c9 ca cb cc cd ce cf d0 d1 d2 d3 d4 d5 d6 d7 d8 d9 da db dc dd de df e0 e1 e2 e3 e4 e5 e6 e7 e8 e9 ea eb ec ed ee ef f0 f1 f2 f3 f4 f5 f6 f7 f8 f9 fa fb fc fd fe ff 
 0  1  2 1a  4 6a 34 99  8 50 d4 23 68 5f e5 -- 10 -- a0 -- 7f -- 46  7 d0 -- be -- 1d 2e -- 52 20 -- -- -- 97 c9 --  5 fe 51 -- -- 8c --  e -- 77 -- -- 33 ab -- -- -- 3a 94 5c -- -- -- a4 -- 40 -- -- -- -- -- -- -- f9 -- 45 -- -- --  a 4f 2b -- a2 -- -- b7 -- 16 cf -- -- -- 1c -- -- -- ee -- -- -- -- -- 66 -- 81 -- -- -- -- -- -- -- 74 -- ff -- b8 ed -- 7d -- 79 -- -- 9f -- -- -- 80 -- -- a5 -- -- -- -- -- -- -- 58 -- -- -- -- 25 -- -- -- 8a -- -- ac -- e0 -- -- 14 62 9e f1 56 -- -- -- 93 31 -- 70 -- -- b9 -- -- -- 2c -- 49 -- -- -- -- -- -- 92 38 f3 -- -- -- -- -- --  b b0 -- -- -- -- -- -- -- -- -- -- cc -- -- -- d5 9d -- -- -- -- -- d7 -- -- -- -- -- -- -- -- e8 -- -- -- 29 17 -- -- a7 35  d eb -- c4 fa 28 -- -- f2 -- -- -- -- 4a e9 8f -- -- -- -- -- c3 

solutions so far:0 maxDepth:10 
iterations:74468249  skipped: 10 
Depth skipped: 
0 0 10 0 0 0 0 0 0 0 0 0 0 0 0 0 0 0 0 0 0 0 0 0 0 0 0 0 0 0 0 0 

running time: 7200 sec
 depth:6
 0  1  2  3  4  5  6  7  8  9  a  b  c  d  e  f 10 11 12 13 14 15 16 17 18 19 1a 1b 1c 1d 1e 1f 20 21 22 23 24 25 26 27 28 29 2a 2b 2c 2d 2e 2f 30 31 32 33 34 35 36 37 38 39 3a 3b 3c 3d 3e 3f 40 41 42 43 44 45 46 47 48 49 4a 4b 4c 4d 4e 4f 50 51 52 53 54 55 56 57 58 59 5a 5b 5c 5d 5e 5f 60 61 62 63 64 65 66 67 68 69 6a 6b 6c 6d 6e 6f 70 71 72 73 74 75 76 77 78 79 7a 7b 7c 7d 7e 7f 80 81 82 83 84 85 86 87 88 89 8a 8b 8c 8d 8e 8f 90 91 92 93 94 95 96 97 98 99 9a 9b 9c 9d 9e 9f a0 a1 a2 a3 a4 a5 a6 a7 a8 a9 aa ab ac ad ae af b0 b1 b2 b3 b4 b5 b6 b7 b8 b9 ba bb bc bd be bf c0 c1 c2 c3 c4 c5 c6 c7 c8 c9 ca cb cc cd ce cf d0 d1 d2 d3 d4 d5 d6 d7 d8 d9 da db dc dd de df e0 e1 e2 e3 e4 e5 e6 e7 e8 e9 ea eb ec ed ee ef f0 f1 f2 f3 f4 f5 f6 f7 f8 f9 fa fb fc fd fe ff 
 0  1  2 1a  4 5f 34 a9  8 84 be ac 68 35 85 -- 10 -- df -- ab -- 8f c6 d0 -- 6a -- dd 2d -- d8 20 -- -- -- 69 46 -- 96 81 92 -- -- c9 -- 5b -- 77 -- -- 33 d4 -- -- -- 6d 1b 5a -- -- -- 67 -- 40 -- -- -- -- -- -- -- d2 -- 8c -- -- -- fb 4f d5 -- f3 -- -- b7 -- 16 45 -- -- -- b6 -- -- -- ee -- -- -- -- -- 66 -- 7f -- -- -- -- -- -- -- da -- 36 -- b4 ed -- 2b -- 79 -- -- ce -- -- -- 80 -- -- a5 -- -- -- -- -- -- -- 58 -- -- -- -- 73 -- -- -- cf -- -- fa -- 95 -- -- 21 93 9e 62 7d -- -- -- 31 a2 -- a1 -- -- b9 -- -- -- 2c -- 8a -- -- -- -- -- -- c3 bb 51 -- -- -- -- -- --  b b0 -- -- -- -- -- -- -- -- -- -- cc -- -- -- fe 9d -- -- -- -- -- d7 -- -- -- -- -- -- -- -- 63 -- -- -- 6c fd -- -- bf c4  d eb -- f1 56 42 -- -- f2 -- -- -- -- e6 4b 23 -- -- -- -- -- 49 

solutions so far:0 maxDepth:10 
iterations:79128186  skipped: 10 
Depth skipped: 
0 0 10 0 0 0 0 0 0 0 0 0 0 0 0 0 0 0 0 0 0 0 0 0 0 0 0 0 0 0 0 0 

running time: 7500 sec
 depth:7
 0  1  2  3  4  5  6  7  8  9  a  b  c  d  e  f 10 11 12 13 14 15 16 17 18 19 1a 1b 1c 1d 1e 1f 20 21 22 23 24 25 26 27 28 29 2a 2b 2c 2d 2e 2f 30 31 32 33 34 35 36 37 38 39 3a 3b 3c 3d 3e 3f 40 41 42 43 44 45 46 47 48 49 4a 4b 4c 4d 4e 4f 50 51 52 53 54 55 56 57 58 59 5a 5b 5c 5d 5e 5f 60 61 62 63 64 65 66 67 68 69 6a 6b 6c 6d 6e 6f 70 71 72 73 74 75 76 77 78 79 7a 7b 7c 7d 7e 7f 80 81 82 83 84 85 86 87 88 89 8a 8b 8c 8d 8e 8f 90 91 92 93 94 95 96 97 98 99 9a 9b 9c 9d 9e 9f a0 a1 a2 a3 a4 a5 a6 a7 a8 a9 aa ab ac ad ae af b0 b1 b2 b3 b4 b5 b6 b7 b8 b9 ba bb bc bd be bf c0 c1 c2 c3 c4 c5 c6 c7 c8 c9 ca cb cc cd ce cf d0 d1 d2 d3 d4 d5 d6 d7 d8 d9 da db dc dd de df e0 e1 e2 e3 e4 e5 e6 e7 e8 e9 ea eb ec ed ee ef f0 f1 f2 f3 f4 f5 f6 f7 f8 f9 fa fb fc fd fe ff 
 0  1  2 1a  4 56 34 24  8 ba ac 15 68 db 48 30 10 -- a3 -- 8f -- 2a e4 d0 -- 61 -- 90 9c 60 fc 20 -- -- -- 91 a2 -- af c9 6a -- -- 54 -- 1f -- 77 -- -- 33 c2 -- -- 8b f7 f4 ef  6 c0 -- 2f -- 40 -- -- -- -- -- -- -- f5 -- 93 -- -- -- 89 4f 45 -- d4 -- -- b7 -- 16 a8 -- -- -- 3e -- -- -- ee -- -- -- -- -- 66 -- 53 -- -- d1 -- -- c1 aa 39 -- 3f --  9 ed  c 9b 57 79 -- ea 5e -- -- -- 80 -- -- a5 -- -- -- -- -- -- -- 58 -- -- -- -- 3d -- -- -- f1 -- -- c3 -- 27 -- -- c5 43 9e fe 8a -- -- -- 7f ca -- f8 -- -- b9 -- -- -- 2c -- 87 -- -- -- -- -- -- d9 7c 65 -- -- -- -- -- --  b b0 -- -- -- -- -- -- -- -- -- -- cc -- -- -- a6 9d -- -- -- -- 75 d7 -- -- -- -- 55 -- 83 -- 72 -- -- -- 7e 4e -- -- 12 2b  d eb 18 86 e1 5d ae -- f2 -- -- --  3 7a bc 51 -- -- -- -- -- 35 

solutions so far:0 maxDepth:10 
iterations:83690539  skipped: 11 
Depth skipped: 
0 0 11 0 0 0 0 0 0 0 0 0 0 0 0 0 0 0 0 0 0 0 0 0 0 0 0 0 0 0 0 0 

running time: 7800 sec
 depth:6
 0  1  2  3  4  5  6  7  8  9  a  b  c  d  e  f 10 11 12 13 14 15 16 17 18 19 1a 1b 1c 1d 1e 1f 20 21 22 23 24 25 26 27 28 29 2a 2b 2c 2d 2e 2f 30 31 32 33 34 35 36 37 38 39 3a 3b 3c 3d 3e 3f 40 41 42 43 44 45 46 47 48 49 4a 4b 4c 4d 4e 4f 50 51 52 53 54 55 56 57 58 59 5a 5b 5c 5d 5e 5f 60 61 62 63 64 65 66 67 68 69 6a 6b 6c 6d 6e 6f 70 71 72 73 74 75 76 77 78 79 7a 7b 7c 7d 7e 7f 80 81 82 83 84 85 86 87 88 89 8a 8b 8c 8d 8e 8f 90 91 92 93 94 95 96 97 98 99 9a 9b 9c 9d 9e 9f a0 a1 a2 a3 a4 a5 a6 a7 a8 a9 aa ab ac ad ae af b0 b1 b2 b3 b4 b5 b6 b7 b8 b9 ba bb bc bd be bf c0 c1 c2 c3 c4 c5 c6 c7 c8 c9 ca cb cc cd ce cf d0 d1 d2 d3 d4 d5 d6 d7 d8 d9 da db dc dd de df e0 e1 e2 e3 e4 e5 e6 e7 e8 e9 ea eb ec ed ee ef f0 f1 f2 f3 f4 f5 f6 f7 f8 f9 fa fb fc fd fe ff 
 0  1  2 1a  4 4c 34 90  8 ba 98 8f 68 6a f7 -- 10 -- a3 -- e7 -- c9 3e d0 -- d4 -- 39  9 -- fc 20 -- -- -- 91 8e -- af 19 d3 -- -- 45 -- 7c -- 77 -- -- 33 7f -- -- -- 72 f4 12 -- -- -- 2f -- 40 -- -- -- -- -- -- -- f5 -- cb -- -- -- 89 4f 32 -- 71 -- -- b7 -- 16 8a -- -- -- f8 -- -- -- ee -- -- -- -- -- 66 -- fe -- -- -- -- -- -- -- e4 -- 3f -- 24 ed -- 56 -- 79 -- -- 5e -- -- -- 80 -- -- a5 -- -- -- -- -- -- -- 58 -- -- -- -- 3d -- -- -- 41 -- -- c8 -- 9c -- -- c5 f1 9e 13 64 -- -- -- e2 93 -- 4e -- -- b9 -- -- -- 2c -- c3 -- -- -- -- -- -- 51 27 a2 -- -- -- -- -- --  b b0 -- -- -- -- -- -- -- -- -- -- cc -- -- -- 2b 9d -- -- -- -- -- d7 -- -- -- -- -- -- -- -- 1f -- -- -- 7e ef -- -- 48 26  d eb -- 35 ac 5d -- -- f2 -- -- -- -- 7a bc 47 -- -- -- -- -- 82 

solutions so far:0 maxDepth:10 
iterations:88352416  skipped: 11 
Depth skipped: 
0 0 11 0 0 0 0 0 0 0 0 0 0 0 0 0 0 0 0 0 0 0 0 0 0 0 0 0 0 0 0 0 

running time: 8100 sec
 depth:6
 0  1  2  3  4  5  6  7  8  9  a  b  c  d  e  f 10 11 12 13 14 15 16 17 18 19 1a 1b 1c 1d 1e 1f 20 21 22 23 24 25 26 27 28 29 2a 2b 2c 2d 2e 2f 30 31 32 33 34 35 36 37 38 39 3a 3b 3c 3d 3e 3f 40 41 42 43 44 45 46 47 48 49 4a 4b 4c 4d 4e 4f 50 51 52 53 54 55 56 57 58 59 5a 5b 5c 5d 5e 5f 60 61 62 63 64 65 66 67 68 69 6a 6b 6c 6d 6e 6f 70 71 72 73 74 75 76 77 78 79 7a 7b 7c 7d 7e 7f 80 81 82 83 84 85 86 87 88 89 8a 8b 8c 8d 8e 8f 90 91 92 93 94 95 96 97 98 99 9a 9b 9c 9d 9e 9f a0 a1 a2 a3 a4 a5 a6 a7 a8 a9 aa ab ac ad ae af b0 b1 b2 b3 b4 b5 b6 b7 b8 b9 ba bb bc bd be bf c0 c1 c2 c3 c4 c5 c6 c7 c8 c9 ca cb cc cd ce cf d0 d1 d2 d3 d4 d5 d6 d7 d8 d9 da db dc dd de df e0 e1 e2 e3 e4 e5 e6 e7 e8 e9 ea eb ec ed ee ef f0 f1 f2 f3 f4 f5 f6 f7 f8 f9 fa fb fc fd fe ff 
 0  1  2 1a  4 41 34 e1  8 7e 82  a 68 ff 15 -- 10 -- fc -- d3 -- 14 d9 d0 -- 29 -- 2a c2 -- ba 20 -- -- -- 2f 98 -- 3d 71 64 -- -- 28 -- 65 -- 77 -- -- 33 52 -- -- -- 54 89 53 -- -- -- a3 -- 40 -- -- -- -- -- -- -- 5e -- e7 -- -- -- 7a 4f e2 -- c8 -- -- b7 -- 16 50 -- -- -- ca -- -- -- ee -- -- -- -- -- 66 -- a4 -- -- -- -- -- -- -- a8 -- c5 -- a6 ed -- e9 -- 79 -- -- 91 -- -- -- 80 -- -- a5 -- -- -- -- -- -- -- 58 -- -- -- -- bc -- -- -- 19 -- -- 26 -- db -- -- f4 4a 9e 8e 13 -- -- -- 47 25 -- 86 -- -- b9 -- -- -- 2c -- a0 -- -- -- -- -- -- 97 43 f9 -- -- -- -- -- --  b b0 -- -- -- -- -- -- -- -- -- -- cc -- -- -- 9f 9d -- -- -- -- -- d7 -- -- -- -- -- -- -- -- 87 -- -- -- 5d 61 -- -- 9b cb  d eb -- 94  5 3f -- -- f2 -- -- -- -- af f5 4c -- -- -- -- -- 32 

solutions so far:0 maxDepth:10 
iterations:93776799  skipped: 13 
Depth skipped: 
0 0 13 0 0 0 0 0 0 0 0 0 0 0 0 0 0 0 0 0 0 0 0 0 0 0 0 0 0 0 0 0 

running time: 8400 sec
 depth:7
 0  1  2  3  4  5  6  7  8  9  a  b  c  d  e  f 10 11 12 13 14 15 16 17 18 19 1a 1b 1c 1d 1e 1f 20 21 22 23 24 25 26 27 28 29 2a 2b 2c 2d 2e 2f 30 31 32 33 34 35 36 37 38 39 3a 3b 3c 3d 3e 3f 40 41 42 43 44 45 46 47 48 49 4a 4b 4c 4d 4e 4f 50 51 52 53 54 55 56 57 58 59 5a 5b 5c 5d 5e 5f 60 61 62 63 64 65 66 67 68 69 6a 6b 6c 6d 6e 6f 70 71 72 73 74 75 76 77 78 79 7a 7b 7c 7d 7e 7f 80 81 82 83 84 85 86 87 88 89 8a 8b 8c 8d 8e 8f 90 91 92 93 94 95 96 97 98 99 9a 9b 9c 9d 9e 9f a0 a1 a2 a3 a4 a5 a6 a7 a8 a9 aa ab ac ad ae af b0 b1 b2 b3 b4 b5 b6 b7 b8 b9 ba bb bc bd be bf c0 c1 c2 c3 c4 c5 c6 c7 c8 c9 ca cb cc cd ce cf d0 d1 d2 d3 d4 d5 d6 d7 d8 d9 da db dc dd de df e0 e1 e2 e3 e4 e5 e6 e7 e8 e9 ea eb ec ed ee ef f0 f1 f2 f3 f4 f5 f6 f7 f8 f9 fa fb fc fd fe ff 
 0  1  2 1a  4 39 34 19  8 95 72 f9 68  5 32 be 10 -- fd -- e4 -- 25 cb d0 --  a -- 64 26 ab 6d 20 -- -- -- 2d 4e -- 5b 1f 12 -- -- 4a -- 41 -- 77 -- -- 33 14 -- -- fa c8 a9 4c 62 81 -- da -- 40 -- -- -- -- -- -- -- 5a -- 9c -- -- -- b6 4f 3e -- 24 -- -- b7 -- 16 94 -- -- -- 82 -- -- -- ee -- -- -- -- -- 66 -- 28 -- -- 49 -- -- 23 8c 47 -- 85 -- 98 ed c4 a0 d5 79 -- f3 63 -- -- -- 80 -- -- a5 -- -- -- -- -- -- -- 58 -- -- -- -- b4 -- -- -- ef -- -- f8 -- e2 -- -- bb 9f 9e 90 7c -- -- -- 48 a4 -- 71 -- -- b9 -- -- -- 2c -- ff -- -- -- -- -- -- 29 d3 52 -- -- -- -- -- --  b b0 -- -- -- -- -- -- -- -- -- -- cc -- -- -- 50 9d -- -- -- -- 92 d7 -- -- -- -- 46 -- cf -- 8e -- -- -- dd 13 -- -- e7 f7  d eb 5f e9 97 a1 7d -- f2 -- -- -- 31 bf c6 27 -- -- -- -- --  9 

solutions so far:0 maxDepth:10 
iterations:99238421  skipped: 13 
Depth skipped: 
0 0 13 0 0 0 0 0 0 0 0 0 0 0 0 0 0 0 0 0 0 0 0 0 0 0 0 0 0 0 0 0 

running time: 8700 sec
 depth:7
 0  1  2  3  4  5  6  7  8  9  a  b  c  d  e  f 10 11 12 13 14 15 16 17 18 19 1a 1b 1c 1d 1e 1f 20 21 22 23 24 25 26 27 28 29 2a 2b 2c 2d 2e 2f 30 31 32 33 34 35 36 37 38 39 3a 3b 3c 3d 3e 3f 40 41 42 43 44 45 46 47 48 49 4a 4b 4c 4d 4e 4f 50 51 52 53 54 55 56 57 58 59 5a 5b 5c 5d 5e 5f 60 61 62 63 64 65 66 67 68 69 6a 6b 6c 6d 6e 6f 70 71 72 73 74 75 76 77 78 79 7a 7b 7c 7d 7e 7f 80 81 82 83 84 85 86 87 88 89 8a 8b 8c 8d 8e 8f 90 91 92 93 94 95 96 97 98 99 9a 9b 9c 9d 9e 9f a0 a1 a2 a3 a4 a5 a6 a7 a8 a9 aa ab ac ad ae af b0 b1 b2 b3 b4 b5 b6 b7 b8 b9 ba bb bc bd be bf c0 c1 c2 c3 c4 c5 c6 c7 c8 c9 ca cb cc cd ce cf d0 d1 d2 d3 d4 d5 d6 d7 d8 d9 da db dc dd de df e0 e1 e2 e3 e4 e5 e6 e7 e8 e9 ea eb ec ed ee ef f0 f1 f2 f3 f4 f5 f6 f7 f8 f9 fa fb fc fd fe ff 
 0  1  2 1a  4 2a 34 90  8  e 54 29 68 a0 f7 8b 10 -- 1c -- a8 -- 52 3e d0 -- 97 -- 39  9 c1 a7 20 -- -- -- 38 86 -- 3a 87 53 -- -- a4 -- 7c -- 77 -- -- 33 f9 -- -- d1 72 2e 12 c0 55 -- 99 -- 40 -- -- -- -- -- -- -- 70 -- db -- -- -- 74 4f d9 -- a6 -- -- b7 -- 16 9f -- -- -- f8 -- -- -- ee -- -- -- -- -- 66 -- 25 -- --  c -- -- 75  3 e4 -- 5c -- 24 ed 57 94 aa 79 -- 30 e5 -- -- -- 80 -- -- a5 -- -- -- -- -- -- -- 58 -- -- -- -- e0 -- -- -- 61 -- -- ca -- 9c -- -- e8 28 9e e1 65 -- -- -- 9b 14 -- 4e -- -- b9 -- -- -- 2c -- e9 -- -- -- -- -- --  5 27  a -- -- -- -- -- --  b b0 -- -- -- -- -- -- -- -- -- -- cc -- -- -- 4a 9d -- -- -- -- 18 d7 -- -- -- -- ea --  6 -- 1f -- -- -- b8 ef -- -- 48 15  d eb ae 50 ff  7 83 -- f2 -- -- -- 60 17 1d 43 -- -- -- -- -- c2 

solutions so far:0 maxDepth:10 
iterations:104650735  skipped: 15 
Depth skipped: 
0 0 15 0 0 0 0 0 0 0 0 0 0 0 0 0 0 0 0 0 0 0 0 0 0 0 0 0 0 0 0 0 

running time: 9000 sec
 depth:6
 0  1  2  3  4  5  6  7  8  9  a  b  c  d  e  f 10 11 12 13 14 15 16 17 18 19 1a 1b 1c 1d 1e 1f 20 21 22 23 24 25 26 27 28 29 2a 2b 2c 2d 2e 2f 30 31 32 33 34 35 36 37 38 39 3a 3b 3c 3d 3e 3f 40 41 42 43 44 45 46 47 48 49 4a 4b 4c 4d 4e 4f 50 51 52 53 54 55 56 57 58 59 5a 5b 5c 5d 5e 5f 60 61 62 63 64 65 66 67 68 69 6a 6b 6c 6d 6e 6f 70 71 72 73 74 75 76 77 78 79 7a 7b 7c 7d 7e 7f 80 81 82 83 84 85 86 87 88 89 8a 8b 8c 8d 8e 8f 90 91 92 93 94 95 96 97 98 99 9a 9b 9c 9d 9e 9f a0 a1 a2 a3 a4 a5 a6 a7 a8 a9 aa ab ac ad ae af b0 b1 b2 b3 b4 b5 b6 b7 b8 b9 ba bb bc bd be bf c0 c1 c2 c3 c4 c5 c6 c7 c8 c9 ca cb cc cd ce cf d0 d1 d2 d3 d4 d5 d6 d7 d8 d9 da db dc dd de df e0 e1 e2 e3 e4 e5 e6 e7 e8 e9 ea eb ec ed ee ef f0 f1 f2 f3 f4 f5 f6 f7 f8 f9 fa fb fc fd fe ff 
 0  1  2 1a  4 22 34 29  8  6 44 e5 68 e0 52 -- 10 --  c -- 88 -- 1d  a d0 -- 17 -- a4 25 -- c1 20 -- -- -- 18 b5 -- d1 c7 cd -- -- 3a -- 14 -- 77 -- -- 33 2e -- -- -- 9f 57 4a -- -- -- 55 -- 40 -- -- -- -- -- -- -- 30 -- bd -- -- -- 75 4f 59 -- 4d -- -- b7 -- 16 74 -- -- -- 28 -- -- -- ee -- -- -- -- -- 66 -- 5c -- -- -- -- -- -- -- e9 -- ae -- 94 ed -- a7 -- 79 -- -- aa -- -- -- 80 -- -- a5 -- -- -- -- -- -- -- 58 -- -- -- -- 60 -- -- -- ad -- -- b3 -- 97 -- -- ea 38 9e e3 b2 -- -- -- 9a 1c -- a0 -- -- b9 -- -- -- 2c -- e8 -- -- -- -- -- --  7 50  e -- -- -- -- -- --  b b0 -- -- -- -- -- -- -- -- -- -- cc -- -- -- b8 9d -- -- -- -- -- d7 -- -- -- -- -- -- -- --  5 -- -- -- 8b f9 -- -- ff 11  d eb -- 70 99  3 -- -- f2 -- -- -- -- c0 83 b1 -- -- -- -- -- 8d 

solutions so far:0 maxDepth:10 
iterations:110310760  skipped: 15 
Depth skipped: 
0 0 15 0 0 0 0 0 0 0 0 0 0 0 0 0 0 0 0 0 0 0 0 0 0 0 0 0 0 0 0 0 

running time: 9300 sec
 depth:6
 0  1  2  3  4  5  6  7  8  9  a  b  c  d  e  f 10 11 12 13 14 15 16 17 18 19 1a 1b 1c 1d 1e 1f 20 21 22 23 24 25 26 27 28 29 2a 2b 2c 2d 2e 2f 30 31 32 33 34 35 36 37 38 39 3a 3b 3c 3d 3e 3f 40 41 42 43 44 45 46 47 48 49 4a 4b 4c 4d 4e 4f 50 51 52 53 54 55 56 57 58 59 5a 5b 5c 5d 5e 5f 60 61 62 63 64 65 66 67 68 69 6a 6b 6c 6d 6e 6f 70 71 72 73 74 75 76 77 78 79 7a 7b 7c 7d 7e 7f 80 81 82 83 84 85 86 87 88 89 8a 8b 8c 8d 8e 8f 90 91 92 93 94 95 96 97 98 99 9a 9b 9c 9d 9e 9f a0 a1 a2 a3 a4 a5 a6 a7 a8 a9 aa ab ac ad ae af b0 b1 b2 b3 b4 b5 b6 b7 b8 b9 ba bb bc bd be bf c0 c1 c2 c3 c4 c5 c6 c7 c8 c9 ca cb cc cd ce cf d0 d1 d2 d3 d4 d5 d6 d7 d8 d9 da db dc dd de df e0 e1 e2 e3 e4 e5 e6 e7 e8 e9 ea eb ec ed ee ef f0 f1 f2 f3 f4 f5 f6 f7 f8 f9 fa fb fc fd fe ff 
 0  1  2 1a  4 14 34 bb  8 de 28 6c 68 df a1 -- 10 -- 6b -- 50 -- d8 b4 d0 -- 69 -- 95 63 -- 1e 20 -- -- -- d6 94 -- 37 a0 a4 -- -- 67 -- bf -- 77 -- -- 33 d2 -- -- -- fd 76 c6 -- -- -- 3c -- 40 -- -- -- -- -- -- -- 7b -- ff -- -- -- 6e 4f 97 -- 9f -- -- b7 -- 16 ce -- -- -- a9 -- -- -- ee -- -- -- -- -- 66 -- 73 -- -- -- -- -- -- -- 2d -- ec -- 5b ed -- 1b -- 79 -- -- 78 -- -- -- 80 -- -- a5 -- -- -- -- -- -- -- 58 -- -- -- -- f6 -- -- -- 29 -- -- 25 -- 6d -- -- dc 42 9e  5 f9 -- -- -- e9 21 -- dd -- -- b9 -- -- -- 2c -- 4b -- -- -- -- -- -- 96 85 fb -- -- -- -- -- --  b b0 -- -- -- -- -- -- -- -- -- -- cc -- -- -- e6 9d -- -- -- -- -- d7 -- -- -- -- -- -- -- -- 5a -- -- --  f da -- -- b6  a  d eb -- 84 36 6f -- -- f2 -- -- -- -- 3b f0 4a -- -- -- -- -- 52 

solutions so far:0 maxDepth:10 
iterations:116164798  skipped: 16 
Depth skipped: 
0 0 16 0 0 0 0 0 0 0 0 0 0 0 0 0 0 0 0 0 0 0 0 0 0 0 0 0 0 0 0 0 

running time: 9600 sec
 depth:7
 0  1  2  3  4  5  6  7  8  9  a  b  c  d  e  f 10 11 12 13 14 15 16 17 18 19 1a 1b 1c 1d 1e 1f 20 21 22 23 24 25 26 27 28 29 2a 2b 2c 2d 2e 2f 30 31 32 33 34 35 36 37 38 39 3a 3b 3c 3d 3e 3f 40 41 42 43 44 45 46 47 48 49 4a 4b 4c 4d 4e 4f 50 51 52 53 54 55 56 57 58 59 5a 5b 5c 5d 5e 5f 60 61 62 63 64 65 66 67 68 69 6a 6b 6c 6d 6e 6f 70 71 72 73 74 75 76 77 78 79 7a 7b 7c 7d 7e 7f 80 81 82 83 84 85 86 87 88 89 8a 8b 8c 8d 8e 8f 90 91 92 93 94 95 96 97 98 99 9a 9b 9c 9d 9e 9f a0 a1 a2 a3 a4 a5 a6 a7 a8 a9 aa ab ac ad ae af b0 b1 b2 b3 b4 b5 b6 b7 b8 b9 ba bb bc bd be bf c0 c1 c2 c3 c4 c5 c6 c7 c8 c9 ca cb cc cd ce cf d0 d1 d2 d3 d4 d5 d6 d7 d8 d9 da db dc dd de df e0 e1 e2 e3 e4 e5 e6 e7 e8 e9 ea eb ec ed ee ef f0 f1 f2 f3 f4 f5 f6 f7 f8 f9 fa fb fc fd fe ff 
 0  1  2 1a  4  3 34 d8  8 50  6 c5 68 7e 67 26 10 -- a0 --  c -- 5d 21 d0 -- fc -- ce e6 4c 52 20 -- -- -- 97 ae --  5 18 aa -- -- ba -- 42 -- 77 -- -- 33 2f -- -- 32 4b 94 1b 71 98 -- a4 -- 40 -- -- -- -- -- -- -- f9 -- 8b -- -- --  a 4f 30 -- 83 -- -- b7 -- 16 a3 -- -- -- 84 -- -- -- ee -- -- -- -- -- 66 -- 5e -- -- cb -- -- 64 47 96 -- ff -- 36 ed e2 af e7 79 -- 82 9f -- -- -- 80 -- -- a5 -- -- -- -- -- -- -- 58 -- -- -- -- 25 -- -- -- c1 -- -- c0 -- d2 -- -- 14 f4 9e 75 60 -- -- -- d1 7a -- 69 -- -- b9 -- -- -- 2c -- 91 -- -- -- -- -- -- f5 df 3d -- -- -- -- -- --  b b0 -- -- -- -- -- -- -- -- -- -- cc -- -- -- bc 9d -- -- -- -- 41 d7 -- -- -- -- c8 -- 8e -- fb -- -- -- 29 73 -- -- 6c ea  d eb 13 3f 89 28 19 -- f2 -- -- -- d3 4a e9 57 -- -- -- -- -- 55 

solutions so far:0 maxDepth:10 
iterations:122045087  skipped: 16 
Depth skipped: 
0 0 16 0 0 0 0 0 0 0 0 0 0 0 0 0 0 0 0 0 0 0 0 0 0 0 0 0 0 0 0 0 

running time: 9900 sec

Finished. Total running time: 9925 sec
