Search S-boxes invariant for matrix: 
{0x00,0x02,0x04,0x06,0x08,0x0a,0x0c,0x0e,0x10,0x12,0x14,0x16,0x18,0x1a,0x1c,0x1e,0x20,0x22,0x24,0x26,0x28,0x2a,0x2c,0x2e,0x30,0x32,0x34,0x36,0x38,0x3a,0x3c,0x3e,0x40,0x42,0x44,0x46,0x48,0x4a,0x4c,0x4e,0x50,0x52,0x54,0x56,0x58,0x5a,0x5c,0x5e,0x60,0x62,0x64,0x66,0x68,0x6a,0x6c,0x6e,0x70,0x72,0x74,0x76,0x78,0x7a,0x7c,0x7e,0x80,0x82,0x84,0x86,0x88,0x8a,0x8c,0x8e,0x90,0x92,0x94,0x96,0x98,0x9a,0x9c,0x9e,0xa0,0xa2,0xa4,0xa6,0xa8,0xaa,0xac,0xae,0xb0,0xb2,0xb4,0xb6,0xb8,0xba,0xbc,0xbe,0xc0,0xc2,0xc4,0xc6,0xc8,0xca,0xcc,0xce,0xd0,0xd2,0xd4,0xd6,0xd8,0xda,0xdc,0xde,0xe0,0xe2,0xe4,0xe6,0xe8,0xea,0xec,0xee,0xf0,0xf2,0xf4,0xf6,0xf8,0xfa,0xfc,0xfe,0xd7,0xd5,0xd3,0xd1,0xdf,0xdd,0xdb,0xd9,0xc7,0xc5,0xc3,0xc1,0xcf,0xcd,0xcb,0xc9,0xf7,0xf5,0xf3,0xf1,0xff,0xfd,0xfb,0xf9,0xe7,0xe5,0xe3,0xe1,0xef,0xed,0xeb,0xe9,0x97,0x95,0x93,0x91,0x9f,0x9d,0x9b,0x99,0x87,0x85,0x83,0x81,0x8f,0x8d,0x8b,0x89,0xb7,0xb5,0xb3,0xb1,0xbf,0xbd,0xbb,0xb9,0xa7,0xa5,0xa3,0xa1,0xaf,0xad,0xab,0xa9,0x57,0x55,0x53,0x51,0x5f,0x5d,0x5b,0x59,0x47,0x45,0x43,0x41,0x4f,0x4d,0x4b,0x49,0x77,0x75,0x73,0x71,0x7f,0x7d,0x7b,0x79,0x67,0x65,0x63,0x61,0x6f,0x6d,0x6b,0x69,0x17,0x15,0x13,0x11,0x1f,0x1d,0x1b,0x19,0x07,0x05,0x03,0x01,0x0f,0x0d,0x0b,0x09,0x37,0x35,0x33,0x31,0x3f,0x3d,0x3b,0x39,0x27,0x25,0x23,0x21,0x2f,0x2d,0x2b,0x29};



 depth:6
 0  1  2  3  4  5  6  7  8  9  a  b  c  d  e  f 10 11 12 13 14 15 16 17 18 19 1a 1b 1c 1d 1e 1f 20 21 22 23 24 25 26 27 28 29 2a 2b 2c 2d 2e 2f 30 31 32 33 34 35 36 37 38 39 3a 3b 3c 3d 3e 3f 40 41 42 43 44 45 46 47 48 49 4a 4b 4c 4d 4e 4f 50 51 52 53 54 55 56 57 58 59 5a 5b 5c 5d 5e 5f 60 61 62 63 64 65 66 67 68 69 6a 6b 6c 6d 6e 6f 70 71 72 73 74 75 76 77 78 79 7a 7b 7c 7d 7e 7f 80 81 82 83 84 85 86 87 88 89 8a 8b 8c 8d 8e 8f 90 91 92 93 94 95 96 97 98 99 9a 9b 9c 9d 9e 9f a0 a1 a2 a3 a4 a5 a6 a7 a8 a9 aa ab ac ad ae af b0 b1 b2 b3 b4 b5 b6 b7 b8 b9 ba bb bc bd be bf c0 c1 c2 c3 c4 c5 c6 c7 c8 c9 ca cb cc cd ce cf d0 d1 d2 d3 d4 d5 d6 d7 d8 d9 da db dc dd de df e0 e1 e2 e3 e4 e5 e6 e7 e8 e9 ea eb ec ed ee ef f0 f1 f2 f3 f4 f5 f6 f7 f8 f9 fa fb fc fd fe ff 
 0  1  2 1b  4 f9 36 61  8  3 25 78 6c f6 c2 -- 10 --  6 -- 4a -- f0 15 d8 -- 3b -- 53 ca -- 8b 20 -- -- --  c 9f -- 83 94 14 -- -- 37 -- 2a -- 67 -- -- 33 76 -- -- -- a6 c0 43 -- -- -- c1 -- 40 -- -- -- -- -- -- -- 18 -- e9 -- -- -- d1 4f ff -- 28 -- -- 84 -- 96 6e -- -- -- 54 -- -- -- ce -- -- -- -- -- 66 -- ec -- -- -- -- -- -- -- 9b -- 57 -- 86 73 -- 1e -- 79 -- -- 55 -- -- -- 80 -- -- 69 -- -- -- -- -- -- -- 21 -- -- -- -- 30 -- -- --  5 -- -- 52 -- d9 -- -- 75 d6 9e a0 29 -- -- -- 50 6b -- 87 -- -- df -- -- -- fb -- dc -- -- -- -- -- -- 6f a8 de -- -- -- -- -- -- 4b 42 -- -- -- -- -- -- -- -- -- -- cc -- -- --  f d2 -- -- -- -- -- d7 -- -- -- -- -- -- -- -- e1 -- -- -- ae 65 -- -- db 97 e6 eb -- 7b 3c ea -- -- f2 -- -- -- -- 60 aa a4 -- -- -- -- --  a 

solutions so far:0 maxDepth:9 
iterations:2509895  skipped: 0 
Depth skipped: 
0 0 0 0 0 0 0 0 0 0 0 0 0 0 0 0 0 0 0 0 0 0 0 0 0 0 0 0 0 0 0 0 

running time: 300 sec
 depth:7
 0  1  2  3  4  5  6  7  8  9  a  b  c  d  e  f 10 11 12 13 14 15 16 17 18 19 1a 1b 1c 1d 1e 1f 20 21 22 23 24 25 26 27 28 29 2a 2b 2c 2d 2e 2f 30 31 32 33 34 35 36 37 38 39 3a 3b 3c 3d 3e 3f 40 41 42 43 44 45 46 47 48 49 4a 4b 4c 4d 4e 4f 50 51 52 53 54 55 56 57 58 59 5a 5b 5c 5d 5e 5f 60 61 62 63 64 65 66 67 68 69 6a 6b 6c 6d 6e 6f 70 71 72 73 74 75 76 77 78 79 7a 7b 7c 7d 7e 7f 80 81 82 83 84 85 86 87 88 89 8a 8b 8c 8d 8e 8f 90 91 92 93 94 95 96 97 98 99 9a 9b 9c 9d 9e 9f a0 a1 a2 a3 a4 a5 a6 a7 a8 a9 aa ab ac ad ae af b0 b1 b2 b3 b4 b5 b6 b7 b8 b9 ba bb bc bd be bf c0 c1 c2 c3 c4 c5 c6 c7 c8 c9 ca cb cc cd ce cf d0 d1 d2 d3 d4 d5 d6 d7 d8 d9 da db dc dd de df e0 e1 e2 e3 e4 e5 e6 e7 e8 e9 ea eb ec ed ee ef f0 f1 f2 f3 f4 f5 f6 f7 f8 f9 fa fb fc fd fe ff 
 0  1  2 1b  4 f6 36 6a  8  6 3b a3 6c 5e d4 98 10 --  c -- 76 -- 91 ac d8 -- bc -- 7f a2 e7 c1 20 -- -- -- 18 f0 -- d1 ec 6f -- -- f5 -- 8f -- 67 -- -- 33 af -- -- c8 fe 57 93 13 19 -- 55 -- 40 -- -- -- -- -- -- -- 30 -- 37 -- -- -- 75 4f  f -- de -- -- 84 -- 96 3d -- -- -- c9 -- -- -- ce -- -- -- -- -- 66 -- 89 -- -- 82 -- -- 47 cb 2b -- ae -- f1 73 26 5d 32 79 -- 71 aa -- -- -- 80 -- -- 69 -- -- -- -- -- -- -- 21 -- -- -- -- 60 -- -- -- 6e -- -- 3c -- c3 -- -- ea fc 9e d6 1e -- -- -- 6b 7e -- 8a -- -- df -- -- -- fb -- 7a -- -- -- -- -- -- f4 45 3f -- -- -- -- -- -- 4b 42 -- -- -- -- -- -- -- -- -- -- cc -- -- -- c5 d2 -- -- -- -- d3 d7 -- -- -- -- 8e -- 41 -- 56 -- -- -- 8b 51 -- -- 35 7b e6 eb 4c 2f ba  3 64 -- f2 -- -- -- e2 c0 83 78 -- -- -- -- -- dc 

solutions so far:0 maxDepth:9 
iterations:4544773  skipped: 0 
Depth skipped: 
0 0 0 0 0 0 0 0 0 0 0 0 0 0 0 0 0 0 0 0 0 0 0 0 0 0 0 0 0 0 0 0 

running time: 600 sec
 depth:7
 0  1  2  3  4  5  6  7  8  9  a  b  c  d  e  f 10 11 12 13 14 15 16 17 18 19 1a 1b 1c 1d 1e 1f 20 21 22 23 24 25 26 27 28 29 2a 2b 2c 2d 2e 2f 30 31 32 33 34 35 36 37 38 39 3a 3b 3c 3d 3e 3f 40 41 42 43 44 45 46 47 48 49 4a 4b 4c 4d 4e 4f 50 51 52 53 54 55 56 57 58 59 5a 5b 5c 5d 5e 5f 60 61 62 63 64 65 66 67 68 69 6a 6b 6c 6d 6e 6f 70 71 72 73 74 75 76 77 78 79 7a 7b 7c 7d 7e 7f 80 81 82 83 84 85 86 87 88 89 8a 8b 8c 8d 8e 8f 90 91 92 93 94 95 96 97 98 99 9a 9b 9c 9d 9e 9f a0 a1 a2 a3 a4 a5 a6 a7 a8 a9 aa ab ac ad ae af b0 b1 b2 b3 b4 b5 b6 b7 b8 b9 ba bb bc bd be bf c0 c1 c2 c3 c4 c5 c6 c7 c8 c9 ca cb cc cd ce cf d0 d1 d2 d3 d4 d5 d6 d7 d8 d9 da db dc dd de df e0 e1 e2 e3 e4 e5 e6 e7 e8 e9 ea eb ec ed ee ef f0 f1 f2 f3 f4 f5 f6 f7 f8 f9 fa fb fc fd fe ff 
 0  1  2 1b  4 f1 36 17  8 16 35 da 6c 5a 2e 4e 10 -- 2c -- 6a -- 63 e5 d8 -- b4 -- 5c 1c 9c  d 20 -- -- -- 58 ac -- d0 d4 8a -- -- c6 -- 1d -- 67 -- -- 33 bf -- -- 24 b8 a5 38 7c ef -- 1a -- 40 -- -- -- -- -- -- -- b0 -- 8f -- -- -- 77 4f 7f -- c3 -- -- 84 -- 96 5b -- -- -- 3a -- -- -- ce -- -- -- -- -- 66 -- a9 -- -- 72 -- -- 48 f7 a7 -- 9d -- 70 73 f8 dd  9 79 -- 1f 34 -- -- -- 80 -- -- 69 -- -- -- -- -- -- -- 21 -- -- -- -- b7 -- -- -- c9 -- -- 2b --  7 -- -- ee fd 9e a2 fe -- -- -- 51 95 -- e8 -- -- df -- -- -- fb -- b6 -- -- -- -- -- -- bb 74 a1 -- -- -- -- -- -- 4b 42 -- -- -- -- -- -- -- -- -- -- cc -- -- -- 85 d2 -- -- -- -- e4 d7 -- -- -- -- 90 -- 39 -- 99 -- -- -- ed  e -- -- e0 93 e6 eb 27 2d 6d  b 12 -- f2 -- -- -- 3e b9 68 56 -- -- -- -- -- 45 

solutions so far:0 maxDepth:9 
iterations:6908486  skipped: 1 
Depth skipped: 
0 0 1 0 0 0 0 0 0 0 0 0 0 0 0 0 0 0 0 0 0 0 0 0 0 0 0 0 0 0 0 0 

running time: 900 sec
 depth:6
 0  1  2  3  4  5  6  7  8  9  a  b  c  d  e  f 10 11 12 13 14 15 16 17 18 19 1a 1b 1c 1d 1e 1f 20 21 22 23 24 25 26 27 28 29 2a 2b 2c 2d 2e 2f 30 31 32 33 34 35 36 37 38 39 3a 3b 3c 3d 3e 3f 40 41 42 43 44 45 46 47 48 49 4a 4b 4c 4d 4e 4f 50 51 52 53 54 55 56 57 58 59 5a 5b 5c 5d 5e 5f 60 61 62 63 64 65 66 67 68 69 6a 6b 6c 6d 6e 6f 70 71 72 73 74 75 76 77 78 79 7a 7b 7c 7d 7e 7f 80 81 82 83 84 85 86 87 88 89 8a 8b 8c 8d 8e 8f 90 91 92 93 94 95 96 97 98 99 9a 9b 9c 9d 9e 9f a0 a1 a2 a3 a4 a5 a6 a7 a8 a9 aa ab ac ad ae af b0 b1 b2 b3 b4 b5 b6 b7 b8 b9 ba bb bc bd be bf c0 c1 c2 c3 c4 c5 c6 c7 c8 c9 ca cb cc cd ce cf d0 d1 d2 d3 d4 d5 d6 d7 d8 d9 da db dc dd de df e0 e1 e2 e3 e4 e5 e6 e7 e8 e9 ea eb ec ed ee ef f0 f1 f2 f3 f4 f5 f6 f7 f8 f9 fa fb fc fd fe ff 
 0  1  2 1b  4 ea 36 dc  8 6a  3 f7 6c 9c 6f -- 10 -- d4 --  6 -- 39 f6 d8 -- ef -- de 78 -- 45 20 -- -- -- 7f 57 -- a2  c 55 -- -- 72 -- 3b -- 67 -- -- 33  9 -- -- -- 6b ac f0 -- -- -- 8a -- 40 -- -- -- -- -- -- -- fe -- ae -- -- -- 93 4f 18 -- aa -- -- 84 -- 96 e4 -- -- -- 76 -- -- -- ce -- -- -- -- -- 66 -- 12 -- -- -- -- -- -- -- d6 -- 8f -- 37 73 -- 48 -- 79 -- -- c3 -- -- -- 80 -- -- 69 -- -- -- -- -- -- -- 21 -- -- -- -- 2b -- -- -- 8b -- -- 60 -- 1e -- -- f1 27 9e d1 30 -- -- -- 83 f8 --  f -- -- df -- -- -- fb -- 1f -- -- -- -- -- -- 3e ec 7c -- -- -- -- -- -- 4b 42 -- -- -- -- -- -- -- -- -- -- cc -- -- -- 24 d2 -- -- -- -- -- d7 -- -- -- -- -- -- -- -- 7b -- -- -- c9 3c -- -- 6e 75 e6 eb -- 4e 90 35 -- -- f2 -- -- -- -- 56 51 c0 -- -- -- -- -- c1 

solutions so far:0 maxDepth:9 
iterations:9242739  skipped: 2 
Depth skipped: 
0 0 2 0 0 0 0 0 0 0 0 0 0 0 0 0 0 0 0 0 0 0 0 0 0 0 0 0 0 0 0 0 

running time: 1200 sec
 depth:7
 0  1  2  3  4  5  6  7  8  9  a  b  c  d  e  f 10 11 12 13 14 15 16 17 18 19 1a 1b 1c 1d 1e 1f 20 21 22 23 24 25 26 27 28 29 2a 2b 2c 2d 2e 2f 30 31 32 33 34 35 36 37 38 39 3a 3b 3c 3d 3e 3f 40 41 42 43 44 45 46 47 48 49 4a 4b 4c 4d 4e 4f 50 51 52 53 54 55 56 57 58 59 5a 5b 5c 5d 5e 5f 60 61 62 63 64 65 66 67 68 69 6a 6b 6c 6d 6e 6f 70 71 72 73 74 75 76 77 78 79 7a 7b 7c 7d 7e 7f 80 81 82 83 84 85 86 87 88 89 8a 8b 8c 8d 8e 8f 90 91 92 93 94 95 96 97 98 99 9a 9b 9c 9d 9e 9f a0 a1 a2 a3 a4 a5 a6 a7 a8 a9 aa ab ac ad ae af b0 b1 b2 b3 b4 b5 b6 b7 b8 b9 ba bb bc bd be bf c0 c1 c2 c3 c4 c5 c6 c7 c8 c9 ca cb cc cd ce cf d0 d1 d2 d3 d4 d5 d6 d7 d8 d9 da db dc dd de df e0 e1 e2 e3 e4 e5 e6 e7 e8 e9 ea eb ec ed ee ef f0 f1 f2 f3 f4 f5 f6 f7 f8 f9 fa fb fc fd fe ff 
 0  1  2 1b  4 e7 36 f1  8 99 19 8d 6c 59 35 c0 10 -- e5 -- 32 -- cd 2b d8 -- b2 -- 6a c3 57 38 20 -- -- -- 1d 41 -- 2e 64 e2 -- -- 4d -- 56 -- 67 -- -- 33 b3 -- -- 55 d4  7 51 18 ae -- 70 -- 40 -- -- -- -- -- -- -- 3a -- 82 -- -- -- 5c 4f c8 -- 13 -- -- 84 -- 96 9a -- -- -- ac -- -- -- ce -- -- -- -- -- 66 -- b1 -- -- ea -- -- aa d1 7f --  e -- a2 73 30 bd 8b 79 --  6 e0 -- -- -- 80 -- -- 69 -- -- -- -- -- -- -- 21 -- -- -- -- 74 -- -- -- d3 -- -- 8e -- 45 -- -- b8 88 9e 4c 47 -- -- -- 26 44 -- c9 -- -- df -- -- -- fb -- e3 -- -- -- -- -- -- 11 8f 22 -- -- -- -- -- -- 4b 42 -- -- -- -- -- -- -- -- -- -- cc -- -- -- b5 d2 -- -- -- --  3 d7 -- -- -- -- 83 -- 75 -- fe -- -- -- 1c 8a -- -- 93 98 e6 eb 60 c7 ad a7 c1 -- f2 -- -- --  c e8 17 cb -- -- -- -- -- 71 

solutions so far:0 maxDepth:9 
iterations:11312982  skipped: 2 
Depth skipped: 
0 0 2 0 0 0 0 0 0 0 0 0 0 0 0 0 0 0 0 0 0 0 0 0 0 0 0 0 0 0 0 0 

running time: 1500 sec
 depth:7
 0  1  2  3  4  5  6  7  8  9  a  b  c  d  e  f 10 11 12 13 14 15 16 17 18 19 1a 1b 1c 1d 1e 1f 20 21 22 23 24 25 26 27 28 29 2a 2b 2c 2d 2e 2f 30 31 32 33 34 35 36 37 38 39 3a 3b 3c 3d 3e 3f 40 41 42 43 44 45 46 47 48 49 4a 4b 4c 4d 4e 4f 50 51 52 53 54 55 56 57 58 59 5a 5b 5c 5d 5e 5f 60 61 62 63 64 65 66 67 68 69 6a 6b 6c 6d 6e 6f 70 71 72 73 74 75 76 77 78 79 7a 7b 7c 7d 7e 7f 80 81 82 83 84 85 86 87 88 89 8a 8b 8c 8d 8e 8f 90 91 92 93 94 95 96 97 98 99 9a 9b 9c 9d 9e 9f a0 a1 a2 a3 a4 a5 a6 a7 a8 a9 aa ab ac ad ae af b0 b1 b2 b3 b4 b5 b6 b7 b8 b9 ba bb bc bd be bf c0 c1 c2 c3 c4 c5 c6 c7 c8 c9 ca cb cc cd ce cf d0 d1 d2 d3 d4 d5 d6 d7 d8 d9 da db dc dd de df e0 e1 e2 e3 e4 e5 e6 e7 e8 e9 ea eb ec ed ee ef f0 f1 f2 f3 f4 f5 f6 f7 f8 f9 fa fb fc fd fe ff 
 0  1  2 1b  4 e3 36 6f  8 9f 11 4c 6c 41 de 8a 10 -- e9 -- 22 -- 98 3b d8 -- 82 -- 6b f0 c3 f9 20 -- -- --  5 b3 -- ff 44 ad -- -- e7 -- 76 -- 67 -- -- 33 d3 -- -- f1 d6 50 37 8f 51 -- 25 -- 40 -- -- -- -- -- -- --  a -- b1 -- -- -- 29 4f 88 -- 8d -- -- 84 -- 96 19 -- -- -- ec -- -- -- ce -- -- -- -- -- 66 -- 71 -- -- fe -- -- 35 d4 7b -- a0 -- 6e 73 c9 13 a2 79 -- 56 4a -- -- -- 80 -- -- 69 -- -- -- -- -- -- -- 21 -- -- -- -- 14 -- -- -- b5 -- -- 59 -- 3c -- -- 52 8e 9e 4d c7 -- -- -- cd 47 -- 1e -- -- df -- -- -- fb -- 32 -- -- -- -- -- -- 64  f c8 -- -- -- -- -- -- 4b 42 -- -- -- -- -- -- -- -- -- -- cc -- -- -- e2 d2 -- -- -- -- 2b d7 -- -- -- -- 6a -- 7f -- f6 -- -- -- 97 78 -- -- dc 9a e6 eb 45 cb 26 a4 93 -- f2 -- -- -- ac 28 94 b2 -- -- -- -- -- bd 

solutions so far:0 maxDepth:9 
iterations:13682494  skipped: 2 
Depth skipped: 
0 0 2 0 0 0 0 0 0 0 0 0 0 0 0 0 0 0 0 0 0 0 0 0 0 0 0 0 0 0 0 0 

running time: 1800 sec
 depth:7
 0  1  2  3  4  5  6  7  8  9  a  b  c  d  e  f 10 11 12 13 14 15 16 17 18 19 1a 1b 1c 1d 1e 1f 20 21 22 23 24 25 26 27 28 29 2a 2b 2c 2d 2e 2f 30 31 32 33 34 35 36 37 38 39 3a 3b 3c 3d 3e 3f 40 41 42 43 44 45 46 47 48 49 4a 4b 4c 4d 4e 4f 50 51 52 53 54 55 56 57 58 59 5a 5b 5c 5d 5e 5f 60 61 62 63 64 65 66 67 68 69 6a 6b 6c 6d 6e 6f 70 71 72 73 74 75 76 77 78 79 7a 7b 7c 7d 7e 7f 80 81 82 83 84 85 86 87 88 89 8a 8b 8c 8d 8e 8f 90 91 92 93 94 95 96 97 98 99 9a 9b 9c 9d 9e 9f a0 a1 a2 a3 a4 a5 a6 a7 a8 a9 aa ab ac ad ae af b0 b1 b2 b3 b4 b5 b6 b7 b8 b9 ba bb bc bd be bf c0 c1 c2 c3 c4 c5 c6 c7 c8 c9 ca cb cc cd ce cf d0 d1 d2 d3 d4 d5 d6 d7 d8 d9 da db dc dd de df e0 e1 e2 e3 e4 e5 e6 e7 e8 e9 ea eb ec ed ee ef f0 f1 f2 f3 f4 f5 f6 f7 f8 f9 fa fb fc fd fe ff 
 0  1  2 1b  4 de 36 a8  8 94 6b 99 6c 70 87 41 10 -- ff -- d6 -- e5 86 d8 -- e0 -- d9 e1 82 14 20 -- -- -- 29  f -- 97 7b f0 -- -- 1d -- db -- 67 -- -- 33 17 -- -- 13 65 e9 15 47 d3 -- 28 -- 40 -- -- -- -- -- -- -- 52 -- 1e -- -- -- f9 4f f6 -- 37 -- -- 84 -- 96 3a -- -- -- 61 -- -- -- ce -- -- -- -- -- 66 -- 2e -- -- 19 -- -- 26 98 ca --  5 -- 2a 73 8e b8 71 79 -- 64 50 -- -- -- 80 -- -- 69 -- -- -- -- -- -- -- 21 -- -- -- -- a4 -- -- -- 3c -- -- 76 -- a6 -- -- 25 1c 9e dc 3b -- -- -- 6e  e -- 53 -- -- df -- -- -- fb -- 74 -- -- -- -- -- -- e8 c2  7 -- -- -- -- -- -- 4b 42 -- -- -- -- -- -- -- -- -- -- cc -- -- -- 5c d2 -- -- -- -- 32 d7 -- -- -- -- 4c -- e7 -- 43 -- -- --  a 9b -- -- 54 6f e6 eb cb 38 a7 4a e2 -- f2 -- -- -- c8 9f a0 ec -- -- -- -- -- 78 

solutions so far:0 maxDepth:10 
iterations:16362313  skipped: 2 
Depth skipped: 
0 0 2 0 0 0 0 0 0 0 0 0 0 0 0 0 0 0 0 0 0 0 0 0 0 0 0 0 0 0 0 0 

running time: 2100 sec
 depth:7
 0  1  2  3  4  5  6  7  8  9  a  b  c  d  e  f 10 11 12 13 14 15 16 17 18 19 1a 1b 1c 1d 1e 1f 20 21 22 23 24 25 26 27 28 29 2a 2b 2c 2d 2e 2f 30 31 32 33 34 35 36 37 38 39 3a 3b 3c 3d 3e 3f 40 41 42 43 44 45 46 47 48 49 4a 4b 4c 4d 4e 4f 50 51 52 53 54 55 56 57 58 59 5a 5b 5c 5d 5e 5f 60 61 62 63 64 65 66 67 68 69 6a 6b 6c 6d 6e 6f 70 71 72 73 74 75 76 77 78 79 7a 7b 7c 7d 7e 7f 80 81 82 83 84 85 86 87 88 89 8a 8b 8c 8d 8e 8f 90 91 92 93 94 95 96 97 98 99 9a 9b 9c 9d 9e 9f a0 a1 a2 a3 a4 a5 a6 a7 a8 a9 aa ab ac ad ae af b0 b1 b2 b3 b4 b5 b6 b7 b8 b9 ba bb bc bd be bf c0 c1 c2 c3 c4 c5 c6 c7 c8 c9 ca cb cc cd ce cf d0 d1 d2 d3 d4 d5 d6 d7 d8 d9 da db dc dd de df e0 e1 e2 e3 e4 e5 e6 e7 e8 e9 ea eb ec ed ee ef f0 f1 f2 f3 f4 f5 f6 f7 f8 f9 fa fb fc fd fe ff 
 0  1  2 1b  4 db 36 2d  8 1a 61 1c 6c e5 5a 5d 10 -- 34 -- c2 -- 38 dd d8 -- 1d -- b4 bb ba 58 20 -- -- -- 68 2a -- a5 53 d9 -- -- 70 -- 6d -- 67 -- -- 33 3a -- -- 3d bf  b a1 af a3 -- b0 -- 40 -- -- -- -- -- -- -- d0 -- 54 -- -- -- 9d 4f a6 -- 65 -- -- 84 -- 96 e0 -- -- -- da -- -- -- ce -- -- -- -- -- 66 -- 74 -- -- fc -- -- 7a 3f a9 -- 16 -- 95 73 89  7 91 79 -- 5e b7 -- -- -- 80 -- -- 69 -- -- -- -- -- -- -- 21 -- -- -- -- 77 -- -- -- a8 -- -- e1 -- 5b -- -- ed a7 9e 43 9b -- -- -- ca b8 -- c6 -- -- df -- -- -- fb -- 17 -- -- -- -- -- -- 2e 63 5c -- -- -- -- -- -- 4b 42 -- -- -- -- -- -- -- -- -- -- cc -- -- -- e8 d2 -- -- -- -- 2f d7 -- -- -- -- f4 -- 7e -- 85 -- -- -- 2c b6 -- -- fd 86 e6 eb c5 99  e  d f5 -- f2 -- -- -- bc ee b9 15 -- -- -- -- -- 87 

solutions so far:0 maxDepth:10 
iterations:19093744  skipped: 2 
Depth skipped: 
0 0 2 0 0 0 0 0 0 0 0 0 0 0 0 0 0 0 0 0 0 0 0 0 0 0 0 0 0 0 0 0 

running time: 2400 sec
 depth:6
 0  1  2  3  4  5  6  7  8  9  a  b  c  d  e  f 10 11 12 13 14 15 16 17 18 19 1a 1b 1c 1d 1e 1f 20 21 22 23 24 25 26 27 28 29 2a 2b 2c 2d 2e 2f 30 31 32 33 34 35 36 37 38 39 3a 3b 3c 3d 3e 3f 40 41 42 43 44 45 46 47 48 49 4a 4b 4c 4d 4e 4f 50 51 52 53 54 55 56 57 58 59 5a 5b 5c 5d 5e 5f 60 61 62 63 64 65 66 67 68 69 6a 6b 6c 6d 6e 6f 70 71 72 73 74 75 76 77 78 79 7a 7b 7c 7d 7e 7f 80 81 82 83 84 85 86 87 88 89 8a 8b 8c 8d 8e 8f 90 91 92 93 94 95 96 97 98 99 9a 9b 9c 9d 9e 9f a0 a1 a2 a3 a4 a5 a6 a7 a8 a9 aa ab ac ad ae af b0 b1 b2 b3 b4 b5 b6 b7 b8 b9 ba bb bc bd be bf c0 c1 c2 c3 c4 c5 c6 c7 c8 c9 ca cb cc cd ce cf d0 d1 d2 d3 d4 d5 d6 d7 d8 d9 da db dc dd de df e0 e1 e2 e3 e4 e5 e6 e7 e8 e9 ea eb ec ed ee ef f0 f1 f2 f3 f4 f5 f6 f7 f8 f9 fa fb fc fd fe ff 
 0  1  2 1b  4 d5 36 6d  8 30 7d c9 6c d4 da -- 10 -- 60 -- fa -- 45 bb d8 -- 7f -- 63 bf -- 83 20 -- -- -- c0 92 --  3 23 c4 -- -- 8a -- a1 -- 67 -- -- 33 fe -- -- -- c6 c1 a9 -- -- -- d1 -- 40 -- -- -- -- -- -- -- 57 -- f3 -- -- --  6 4f 46 -- 5f -- -- 84 -- 96 c3 -- -- -- 95 -- -- -- ce -- -- -- -- -- 66 -- 2b -- -- -- -- -- -- -- 5b -- 55 -- 85 73 -- ac -- 79 -- -- 75 -- -- -- 80 -- -- 69 -- -- -- -- -- -- -- 21 -- -- -- -- ae -- -- -- 31 -- -- cf -- 5a -- --  c 35 9e ab 8c -- -- -- be f1 -- 2d -- -- df -- -- -- fb -- 51 -- -- -- -- -- -- a2 fd 93 -- -- -- -- -- -- 4b 42 -- -- -- -- -- -- -- -- -- -- cc -- -- -- 56 d2 -- -- -- -- -- d7 -- -- -- -- -- -- -- -- b6 -- -- -- aa b4 -- -- dd 81 e6 eb -- 6a 8f 18 -- -- f2 -- -- -- -- 8b ea 49 -- -- -- -- -- 62 

solutions so far:0 maxDepth:10 
iterations:21703912  skipped: 2 
Depth skipped: 
0 0 2 0 0 0 0 0 0 0 0 0 0 0 0 0 0 0 0 0 0 0 0 0 0 0 0 0 0 0 0 0 

running time: 2700 sec
 depth:7
 0  1  2  3  4  5  6  7  8  9  a  b  c  d  e  f 10 11 12 13 14 15 16 17 18 19 1a 1b 1c 1d 1e 1f 20 21 22 23 24 25 26 27 28 29 2a 2b 2c 2d 2e 2f 30 31 32 33 34 35 36 37 38 39 3a 3b 3c 3d 3e 3f 40 41 42 43 44 45 46 47 48 49 4a 4b 4c 4d 4e 4f 50 51 52 53 54 55 56 57 58 59 5a 5b 5c 5d 5e 5f 60 61 62 63 64 65 66 67 68 69 6a 6b 6c 6d 6e 6f 70 71 72 73 74 75 76 77 78 79 7a 7b 7c 7d 7e 7f 80 81 82 83 84 85 86 87 88 89 8a 8b 8c 8d 8e 8f 90 91 92 93 94 95 96 97 98 99 9a 9b 9c 9d 9e 9f a0 a1 a2 a3 a4 a5 a6 a7 a8 a9 aa ab ac ad ae af b0 b1 b2 b3 b4 b5 b6 b7 b8 b9 ba bb bc bd be bf c0 c1 c2 c3 c4 c5 c6 c7 c8 c9 ca cb cc cd ce cf d0 d1 d2 d3 d4 d5 d6 d7 d8 d9 da db dc dd de df e0 e1 e2 e3 e4 e5 e6 e7 e8 e9 ea eb ec ed ee ef f0 f1 f2 f3 f4 f5 f6 f7 f8 f9 fa fb fc fd fe ff 
 0  1  2 1b  4 cb 36 57  8 6f 41 24 6c f8 ae 95 10 -- de -- 82 -- 48 83 d8 -- 27 -- 8b 18 fd  f 20 -- -- -- 6b 4c -- f0 d3 32 -- -- 90 -- d1 -- 67 -- -- 33 4e -- -- bf c1 3b 30 b6 2d -- 1e -- 40 -- -- -- -- -- -- -- d6 -- 98 -- -- -- 37 4f 71 -- 64 -- -- 84 -- 96 f7 -- -- -- 75 -- -- -- ce -- -- -- -- -- 66 -- 9c -- -- da -- -- a9 dd 55 -- 76 -- 60 73 bb  9 5a 79 -- c6 3c -- -- -- 80 -- -- 69 -- -- -- -- -- -- -- 21 -- -- -- -- 7b -- -- -- e7 -- -- 13 --  6 -- -- 6e 3e 9e 47 e2 -- -- -- c8 1f --  3 -- -- df -- -- -- fb -- 39 -- -- -- -- -- -- 72 ea e4 -- -- -- -- -- -- 4b 42 -- -- -- -- -- -- -- -- -- -- cc -- -- -- ef d2 -- -- -- -- 63 d7 -- -- -- -- 85 -- 6d -- aa -- -- -- ec  c -- -- c0 8e e6 eb a1 7c 12 dc b4 -- f2 -- -- -- 5b f6 78 26 -- -- -- -- -- 19 

solutions so far:0 maxDepth:10 
iterations:25738459  skipped: 2 
Depth skipped: 
0 0 2 0 0 0 0 0 0 0 0 0 0 0 0 0 0 0 0 0 0 0 0 0 0 0 0 0 0 0 0 0 

running time: 3000 sec
 depth:7
 0  1  2  3  4  5  6  7  8  9  a  b  c  d  e  f 10 11 12 13 14 15 16 17 18 19 1a 1b 1c 1d 1e 1f 20 21 22 23 24 25 26 27 28 29 2a 2b 2c 2d 2e 2f 30 31 32 33 34 35 36 37 38 39 3a 3b 3c 3d 3e 3f 40 41 42 43 44 45 46 47 48 49 4a 4b 4c 4d 4e 4f 50 51 52 53 54 55 56 57 58 59 5a 5b 5c 5d 5e 5f 60 61 62 63 64 65 66 67 68 69 6a 6b 6c 6d 6e 6f 70 71 72 73 74 75 76 77 78 79 7a 7b 7c 7d 7e 7f 80 81 82 83 84 85 86 87 88 89 8a 8b 8c 8d 8e 8f 90 91 92 93 94 95 96 97 98 99 9a 9b 9c 9d 9e 9f a0 a1 a2 a3 a4 a5 a6 a7 a8 a9 aa ab ac ad ae af b0 b1 b2 b3 b4 b5 b6 b7 b8 b9 ba bb bc bd be bf c0 c1 c2 c3 c4 c5 c6 c7 c8 c9 ca cb cc cd ce cf d0 d1 d2 d3 d4 d5 d6 d7 d8 d9 da db dc dd de df e0 e1 e2 e3 e4 e5 e6 e7 e8 e9 ea eb ec ed ee ef f0 f1 f2 f3 f4 f5 f6 f7 f8 f9 fa fb fc fd fe ff 
 0  1  2 1b  4 c8 36 2c  8 c7 47 ac 6c 35 58 25 10 -- 59 -- 8e -- 8f 9d d8 -- 6a -- b0 77 4a cd 20 -- -- -- b2 e2 -- 11 cb 98 -- -- c9 -- ed -- 67 -- -- 33 d4 -- -- 52 b7 bd ee a0 94 -- 4d -- 40 -- -- -- -- -- -- -- b3 -- 13 -- -- -- 22 4f 41 -- e7 -- -- 84 -- 96 45 -- -- --  d -- -- -- ce -- -- -- -- -- 66 -- 7f -- --  a -- -- a4 e9 b9 -- ad --  b 73 97 2b ff 79 -- 28 9a -- -- -- 80 -- -- 69 -- -- -- -- -- -- -- 21 -- -- -- -- b1 -- -- -- 26 -- -- d3 -- 68 -- -- 44 93 9e 32 82 -- -- -- 19 a2 -- 34 -- -- df -- -- -- fb -- 8a -- -- -- -- -- -- c3 1a 51 -- -- -- -- -- -- 4b 42 -- -- -- -- -- -- -- -- -- -- cc -- -- -- fe d2 -- -- -- -- 14 d7 -- -- -- -- 9f --  5 -- a5 -- -- -- 8d d0 -- -- 16 64 e6 eb f9 f1 56 88 29 -- f2 -- -- -- 50 b5 e3 71 -- -- -- -- -- 4c 

solutions so far:0 maxDepth:10 
iterations:28017530  skipped: 2 
Depth skipped: 
0 0 2 0 0 0 0 0 0 0 0 0 0 0 0 0 0 0 0 0 0 0 0 0 0 0 0 0 0 0 0 0 

running time: 3300 sec
 depth:8
 0  1  2  3  4  5  6  7  8  9  a  b  c  d  e  f 10 11 12 13 14 15 16 17 18 19 1a 1b 1c 1d 1e 1f 20 21 22 23 24 25 26 27 28 29 2a 2b 2c 2d 2e 2f 30 31 32 33 34 35 36 37 38 39 3a 3b 3c 3d 3e 3f 40 41 42 43 44 45 46 47 48 49 4a 4b 4c 4d 4e 4f 50 51 52 53 54 55 56 57 58 59 5a 5b 5c 5d 5e 5f 60 61 62 63 64 65 66 67 68 69 6a 6b 6c 6d 6e 6f 70 71 72 73 74 75 76 77 78 79 7a 7b 7c 7d 7e 7f 80 81 82 83 84 85 86 87 88 89 8a 8b 8c 8d 8e 8f 90 91 92 93 94 95 96 97 98 99 9a 9b 9c 9d 9e 9f a0 a1 a2 a3 a4 a5 a6 a7 a8 a9 aa ab ac ad ae af b0 b1 b2 b3 b4 b5 b6 b7 b8 b9 ba bb bc bd be bf c0 c1 c2 c3 c4 c5 c6 c7 c8 c9 ca cb cc cd ce cf d0 d1 d2 d3 d4 d5 d6 d7 d8 d9 da db dc dd de df e0 e1 e2 e3 e4 e5 e6 e7 e8 e9 ea eb ec ed ee ef f0 f1 f2 f3 f4 f5 f6 f7 f8 f9 fa fb fc fd fe ff 
 0  1  2 1b  4 be 36 aa  8 45 ab 1c 6c e5 83 d0 10 fc 8a -- 81 -- 38  6 d8 -- 1d -- d1 ae 77 d4 20 -- 2f -- c3 8c -- 56 d5 f3 -- -- 70 --  c -- 67 -- -- 33 3a -- -- 2c 75 f1 8b 1a ee -- 7f -- 40 -- -- -- 5e -- -- -- 51 -- cf -- -- f4 ac 4f 7d -- 31 -- -- 84 -- 96 e0 89 -- -- 18 -- -- -- ce -- -- -- -- -- 66 -- 74 -- -- a5 -- -- 58 b7 ea -- 35 -- c1 73 34  7  b 79 -- ed fe -- -- -- 80 -- -- 69 -- -- -- -- bc -- -- 21 -- 3d -- -- a2 -- -- -- 49 -- -- 23 -- c0 3f -- 8f a7 9e c4 fa -- -- -- 62 b8 -- 60 -- -- df -- -- f5 fb -- 17 ba c5 5d -- a3 -- 2e 30 5c -- -- -- 91 -- -- 4b 42 -- -- -- -- -- af -- -- -- -- cc 7a -- -- e8 d2 -- -- -- -- 9d d7 -- -- -- -- b0 -- b9 --  3 -- -- 7e 6a 57 -- -- 55 5f e6 eb 68 99  e c9 16 -- f2 -- -- --  d 93 2b 46 -- -- -- -- -- 92 

solutions so far:0 maxDepth:10 
iterations:31692013  skipped: 4 
Depth skipped: 
0 0 4 0 0 0 0 0 0 0 0 0 0 0 0 0 0 0 0 0 0 0 0 0 0 0 0 0 0 0 0 0 

running time: 3600 sec
 depth:7
 0  1  2  3  4  5  6  7  8  9  a  b  c  d  e  f 10 11 12 13 14 15 16 17 18 19 1a 1b 1c 1d 1e 1f 20 21 22 23 24 25 26 27 28 29 2a 2b 2c 2d 2e 2f 30 31 32 33 34 35 36 37 38 39 3a 3b 3c 3d 3e 3f 40 41 42 43 44 45 46 47 48 49 4a 4b 4c 4d 4e 4f 50 51 52 53 54 55 56 57 58 59 5a 5b 5c 5d 5e 5f 60 61 62 63 64 65 66 67 68 69 6a 6b 6c 6d 6e 6f 70 71 72 73 74 75 76 77 78 79 7a 7b 7c 7d 7e 7f 80 81 82 83 84 85 86 87 88 89 8a 8b 8c 8d 8e 8f 90 91 92 93 94 95 96 97 98 99 9a 9b 9c 9d 9e 9f a0 a1 a2 a3 a4 a5 a6 a7 a8 a9 aa ab ac ad ae af b0 b1 b2 b3 b4 b5 b6 b7 b8 b9 ba bb bc bd be bf c0 c1 c2 c3 c4 c5 c6 c7 c8 c9 ca cb cc cd ce cf d0 d1 d2 d3 d4 d5 d6 d7 d8 d9 da db dc dd de df e0 e1 e2 e3 e4 e5 e6 e7 e8 e9 ea eb ec ed ee ef f0 f1 f2 f3 f4 f5 f6 f7 f8 f9 fa fb fc fd fe ff 
 0  1  2 1b  4 b9 36 7b  8 ae a5 c3 6c 2b f6 2f 10 -- 8b -- 9d -- 51 1e d8 -- 56 -- 3b 6f 5e  3 20 -- -- -- c1 d0 -- 30 ed 16 -- -- a2 -- 3c -- 67 -- -- 33 ac -- -- c5 76 d1 de 3f bc --  6 -- 40 -- -- -- -- -- -- -- 55 -- 77 -- -- -- 60 4f  d -- 2c -- -- 84 -- 96 93 -- -- -- 78 -- -- -- ce -- -- -- -- -- 66 -- 8f -- -- f5 -- -- 5d a3 ec -- 75 -- 6b 73 7e 45 af 79 -- 7a  c -- -- -- 80 -- -- 69 -- -- -- -- -- -- -- 21 -- -- -- -- aa -- -- -- ee -- -- 34 -- 6e -- -- c0 7f 9e b0 1a -- -- -- 58 d4 -- 37 -- -- df -- -- -- fb -- f1 -- -- -- -- -- -- 35 f0 6a -- -- -- -- -- -- 4b 42 -- -- -- -- -- -- -- -- -- -- cc -- -- -- c9 d2 -- -- -- -- 3d d7 -- -- -- -- ba -- 91 --  f -- -- -- ea dc -- -- d6 b7 e6 eb fc fe 8a 57 89 -- f2 -- -- -- f4 83 18 68 -- -- -- -- --  b 

solutions so far:0 maxDepth:10 
iterations:35357488  skipped: 4 
Depth skipped: 
0 0 4 0 0 0 0 0 0 0 0 0 0 0 0 0 0 0 0 0 0 0 0 0 0 0 0 0 0 0 0 0 

running time: 3900 sec
 depth:7
 0  1  2  3  4  5  6  7  8  9  a  b  c  d  e  f 10 11 12 13 14 15 16 17 18 19 1a 1b 1c 1d 1e 1f 20 21 22 23 24 25 26 27 28 29 2a 2b 2c 2d 2e 2f 30 31 32 33 34 35 36 37 38 39 3a 3b 3c 3d 3e 3f 40 41 42 43 44 45 46 47 48 49 4a 4b 4c 4d 4e 4f 50 51 52 53 54 55 56 57 58 59 5a 5b 5c 5d 5e 5f 60 61 62 63 64 65 66 67 68 69 6a 6b 6c 6d 6e 6f 70 71 72 73 74 75 76 77 78 79 7a 7b 7c 7d 7e 7f 80 81 82 83 84 85 86 87 88 89 8a 8b 8c 8d 8e 8f 90 91 92 93 94 95 96 97 98 99 9a 9b 9c 9d 9e 9f a0 a1 a2 a3 a4 a5 a6 a7 a8 a9 aa ab ac ad ae af b0 b1 b2 b3 b4 b5 b6 b7 b8 b9 ba bb bc bd be bf c0 c1 c2 c3 c4 c5 c6 c7 c8 c9 ca cb cc cd ce cf d0 d1 d2 d3 d4 d5 d6 d7 d8 d9 da db dc dd de df e0 e1 e2 e3 e4 e5 e6 e7 e8 e9 ea eb ec ed ee ef f0 f1 f2 f3 f4 f5 f6 f7 f8 f9 fa fb fc fd fe ff 
 0  1  2 1b  4 b5 36 a0  8 f8 bd 8c 6c ab 97 5d 10 -- 27 -- ad -- cf ff d8 -- 81 -- f9  a ba 90 20 -- -- -- 4e 11 -- e4 8d c7 -- -- 49 -- 29 -- 67 -- -- 33 d5 -- -- 3d 25 12 14 af a3 -- f7 -- 40 -- -- -- -- -- -- -- 9c -- 22 -- -- -- 1f 4f cd -- 59 -- -- 84 -- 96 92 -- -- -- 52 -- -- -- ce -- -- -- -- -- 66 -- 7d -- -- fc -- -- 7a 3f 4a -- 24 -- 28 73 89 23 91 79 -- 5e 39 -- -- -- 80 -- -- 69 -- -- -- -- -- -- -- 21 -- -- -- -- ef -- -- -- 44 -- -- 9a -- e9 -- -- 3e 5f 9e b3 4d -- -- -- b2 c4 -- 9f -- -- df -- -- -- fb -- f3 -- -- -- -- -- -- 31 a4 62 -- -- -- -- -- -- 4b 42 -- -- -- -- -- -- -- -- -- -- cc -- -- -- fa d2 -- -- -- -- 2f d7 -- -- -- -- f4 -- 7e -- 94 -- -- -- 48  5 -- -- 50 b1 e6 eb c5 be 46 7c f5 -- f2 -- -- -- bc  9 72 e3 -- -- -- -- -- 88 

solutions so far:0 maxDepth:10 
iterations:38018278  skipped: 4 
Depth skipped: 
0 0 4 0 0 0 0 0 0 0 0 0 0 0 0 0 0 0 0 0 0 0 0 0 0 0 0 0 0 0 0 0 

running time: 4200 sec
 depth:7
 0  1  2  3  4  5  6  7  8  9  a  b  c  d  e  f 10 11 12 13 14 15 16 17 18 19 1a 1b 1c 1d 1e 1f 20 21 22 23 24 25 26 27 28 29 2a 2b 2c 2d 2e 2f 30 31 32 33 34 35 36 37 38 39 3a 3b 3c 3d 3e 3f 40 41 42 43 44 45 46 47 48 49 4a 4b 4c 4d 4e 4f 50 51 52 53 54 55 56 57 58 59 5a 5b 5c 5d 5e 5f 60 61 62 63 64 65 66 67 68 69 6a 6b 6c 6d 6e 6f 70 71 72 73 74 75 76 77 78 79 7a 7b 7c 7d 7e 7f 80 81 82 83 84 85 86 87 88 89 8a 8b 8c 8d 8e 8f 90 91 92 93 94 95 96 97 98 99 9a 9b 9c 9d 9e 9f a0 a1 a2 a3 a4 a5 a6 a7 a8 a9 aa ab ac ad ae af b0 b1 b2 b3 b4 b5 b6 b7 b8 b9 ba bb bc bd be bf c0 c1 c2 c3 c4 c5 c6 c7 c8 c9 ca cb cc cd ce cf d0 d1 d2 d3 d4 d5 d6 d7 d8 d9 da db dc dd de df e0 e1 e2 e3 e4 e5 e6 e7 e8 e9 ea eb ec ed ee ef f0 f1 f2 f3 f4 f5 f6 f7 f8 f9 fa fb fc fd fe ff 
 0  1  2 1b  4 ae 36 81  8 d4 8b 47 6c 4c d5 74 10 -- 7f -- c1 -- 8e 8c d8 -- 98 -- 7d c4 e8 8a 20 -- -- -- fe ea -- 93 55 18 -- -- cb -- cf -- 67 -- -- 33 e7 -- -- 38 fa 8f 5f e5  7 -- c3 -- 40 -- -- -- -- -- -- -- 2b --  3 -- -- -- f1 4f aa -- 30 -- -- 84 -- 96 41 -- -- -- 49 -- -- -- ce -- -- -- -- -- 66 -- 19 -- -- 5c -- -- 70 17 23 -- c9 -- be 73 1d 64  e 79 -- a7 51 -- -- -- 80 -- -- 69 -- -- -- -- -- -- -- 21 -- -- -- -- 56 -- -- --  6 -- -- d1 -- 31 -- -- 35 13 9e c0 83 -- -- -- 60 e2 -- f3 -- -- df -- -- -- fb -- 82 -- -- -- -- -- -- d3 92 71 -- -- -- -- -- -- 4b 42 -- -- -- -- -- -- -- -- -- -- cc -- -- -- 32 d2 -- -- -- -- b8 d7 -- -- -- -- e0 -- 2e -- 46 -- -- -- 45 62 -- -- ab 57 e6 eb 3a 26 c8 6a 1c -- f2 -- -- -- 99 ac a2 75 -- -- -- -- --  c 

solutions so far:0 maxDepth:10 
iterations:40831796  skipped: 5 
Depth skipped: 
0 0 5 0 0 0 0 0 0 0 0 0 0 0 0 0 0 0 0 0 0 0 0 0 0 0 0 0 0 0 0 0 

running time: 4500 sec
 depth:6
 0  1  2  3  4  5  6  7  8  9  a  b  c  d  e  f 10 11 12 13 14 15 16 17 18 19 1a 1b 1c 1d 1e 1f 20 21 22 23 24 25 26 27 28 29 2a 2b 2c 2d 2e 2f 30 31 32 33 34 35 36 37 38 39 3a 3b 3c 3d 3e 3f 40 41 42 43 44 45 46 47 48 49 4a 4b 4c 4d 4e 4f 50 51 52 53 54 55 56 57 58 59 5a 5b 5c 5d 5e 5f 60 61 62 63 64 65 66 67 68 69 6a 6b 6c 6d 6e 6f 70 71 72 73 74 75 76 77 78 79 7a 7b 7c 7d 7e 7f 80 81 82 83 84 85 86 87 88 89 8a 8b 8c 8d 8e 8f 90 91 92 93 94 95 96 97 98 99 9a 9b 9c 9d 9e 9f a0 a1 a2 a3 a4 a5 a6 a7 a8 a9 aa ab ac ad ae af b0 b1 b2 b3 b4 b5 b6 b7 b8 b9 ba bb bc bd be bf c0 c1 c2 c3 c4 c5 c6 c7 c8 c9 ca cb cc cd ce cf d0 d1 d2 d3 d4 d5 d6 d7 d8 d9 da db dc dd de df e0 e1 e2 e3 e4 e5 e6 e7 e8 e9 ea eb ec ed ee ef f0 f1 f2 f3 f4 f5 f6 f7 f8 f9 fa fb fc fd fe ff 
 0  1  2 1b  4 a7 36 cf  8 8f 99  c 6c aa 49 -- 10 -- c9 -- e5 -- 18 c4 d8 -- 83 -- 92 fa -- 35 20 -- -- -- 45  e -- fe 1d e0 -- -- 30 -- 5f -- 67 -- -- 33 d1 -- -- -- f3 a2 23 -- -- -- 6a -- 40 -- -- -- -- -- -- -- 8a -- 1c -- -- -- 2b 4f 3a -- 17 -- -- 84 -- 96 60 -- -- -- be -- -- -- ce -- -- -- -- -- 66 -- 75 -- -- -- -- -- -- -- 31 -- 93 -- 46 73 --  3 -- 79 -- -- d4 -- -- -- 80 -- -- 69 -- -- -- -- -- -- -- 21 -- -- -- -- c3 -- -- -- 38 -- -- e8 -- d5 -- -- 56 c1 9e 5c 74 -- -- -- 2e 8b -- 81 -- -- df -- -- -- fb -- c0 -- -- -- -- -- -- 57 ab ae -- -- -- -- -- -- 4b 42 -- -- -- -- -- -- -- -- -- -- cc -- -- -- ea d2 -- -- -- -- -- d7 -- -- -- -- -- -- -- -- 62 -- -- -- f1 7d -- -- 8c b8 e6 eb -- 55  6 ac -- -- f2 -- -- -- -- 51 7f  7 -- -- -- -- -- 70 

solutions so far:0 maxDepth:10 
iterations:44067111  skipped: 5 
Depth skipped: 
0 0 5 0 0 0 0 0 0 0 0 0 0 0 0 0 0 0 0 0 0 0 0 0 0 0 0 0 0 0 0 0 

running time: 4800 sec
 depth:8
 0  1  2  3  4  5  6  7  8  9  a  b  c  d  e  f 10 11 12 13 14 15 16 17 18 19 1a 1b 1c 1d 1e 1f 20 21 22 23 24 25 26 27 28 29 2a 2b 2c 2d 2e 2f 30 31 32 33 34 35 36 37 38 39 3a 3b 3c 3d 3e 3f 40 41 42 43 44 45 46 47 48 49 4a 4b 4c 4d 4e 4f 50 51 52 53 54 55 56 57 58 59 5a 5b 5c 5d 5e 5f 60 61 62 63 64 65 66 67 68 69 6a 6b 6c 6d 6e 6f 70 71 72 73 74 75 76 77 78 79 7a 7b 7c 7d 7e 7f 80 81 82 83 84 85 86 87 88 89 8a 8b 8c 8d 8e 8f 90 91 92 93 94 95 96 97 98 99 9a 9b 9c 9d 9e 9f a0 a1 a2 a3 a4 a5 a6 a7 a8 a9 aa ab ac ad ae af b0 b1 b2 b3 b4 b5 b6 b7 b8 b9 ba bb bc bd be bf c0 c1 c2 c3 c4 c5 c6 c7 c8 c9 ca cb cc cd ce cf d0 d1 d2 d3 d4 d5 d6 d7 d8 d9 da db dc dd de df e0 e1 e2 e3 e4 e5 e6 e7 e8 e9 ea eb ec ed ee ef f0 f1 f2 f3 f4 f5 f6 f7 f8 f9 fa fb fc fd fe ff 
 0  1  2 1b  4 a3 36 26  8 1a 91  c 6c aa 4c 7d 10 f1 34 -- f5 -- 18 64 d8 -- 83 -- 98 d3 fa 58 20 -- 35 -- 68 fc -- a5 3d af -- -- 30 -- c8 -- 67 -- -- 33 d1 -- -- cf e7  b 71 ab 23 -- b0 -- 40 -- -- -- 6a -- -- -- d0 -- 2f -- -- 51 9d 4f 7a -- 89 -- -- 84 -- 96 60 fe -- -- 47 -- -- -- ce -- -- -- -- -- 66 -- 75 -- -- 62 -- -- 49 f3 19 -- 16 -- e2 73 81  3 46 79 -- 5f b7 -- -- -- 80 -- -- 69 -- -- -- -- d4 -- -- 21 -- 8a -- -- 77 -- -- -- 5e -- -- 3f -- 41 a2 -- ed c1 9e 5d f4 -- -- -- c5 8b -- cb -- -- df -- -- 45 fb -- c0 ac 2b 56 -- 8f -- 57 8e ae -- -- -- c9 -- -- 4b 42 -- -- -- -- -- 7f -- -- -- -- cc c3 -- -- ea d2 -- -- -- -- c4 d7 -- -- -- -- 92 -- 31 -- 32 -- -- 93 2c 82 -- -- 13 ba e6 eb d5 55  6  d 8c -- f2 -- -- -- be ee b9 7e -- -- -- -- -- bc 

solutions so far:0 maxDepth:10 
iterations:46763823  skipped: 6 
Depth skipped: 
0 0 6 0 0 0 0 0 0 0 0 0 0 0 0 0 0 0 0 0 0 0 0 0 0 0 0 0 0 0 0 0 

running time: 5100 sec
 depth:7
 0  1  2  3  4  5  6  7  8  9  a  b  c  d  e  f 10 11 12 13 14 15 16 17 18 19 1a 1b 1c 1d 1e 1f 20 21 22 23 24 25 26 27 28 29 2a 2b 2c 2d 2e 2f 30 31 32 33 34 35 36 37 38 39 3a 3b 3c 3d 3e 3f 40 41 42 43 44 45 46 47 48 49 4a 4b 4c 4d 4e 4f 50 51 52 53 54 55 56 57 58 59 5a 5b 5c 5d 5e 5f 60 61 62 63 64 65 66 67 68 69 6a 6b 6c 6d 6e 6f 70 71 72 73 74 75 76 77 78 79 7a 7b 7c 7d 7e 7f 80 81 82 83 84 85 86 87 88 89 8a 8b 8c 8d 8e 8f 90 91 92 93 94 95 96 97 98 99 9a 9b 9c 9d 9e 9f a0 a1 a2 a3 a4 a5 a6 a7 a8 a9 aa ab ac ad ae af b0 b1 b2 b3 b4 b5 b6 b7 b8 b9 ba bb bc bd be bf c0 c1 c2 c3 c4 c5 c6 c7 c8 c9 ca cb cc cd ce cf d0 d1 d2 d3 d4 d5 d6 d7 d8 d9 da db dc dd de df e0 e1 e2 e3 e4 e5 e6 e7 e8 e9 ea eb ec ed ee ef f0 f1 f2 f3 f4 f5 f6 f7 f8 f9 fa fb fc fd fe ff 
 0  1  2 1b  4 9f 36 3a  8 d9 e9 6f 6c 1e 74 b0 10 -- 65 --  5 -- de 38 d8 -- 3c -- e8 a7 b7 a6 20 -- -- -- ca 97 -- 2a  a 94 -- -- 6b -- 70 -- 67 -- -- 33 78 -- -- ed  7 61 99 16 b9 -- 9b -- 40 -- -- -- -- -- -- -- 43 -- f9 -- -- -- 54 4f 14 -- ff -- -- 84 -- 96 d6 -- -- -- e0 -- -- -- ce -- -- -- -- -- 66 -- f0 -- -- d0 -- --  d 34  e -- c2 -- e5 73 2c 6e a5 79 -- ee e1 -- -- -- 80 -- -- 69 -- -- -- -- -- -- -- 21 -- -- -- -- 86 -- -- -- 25 -- -- 50 -- 5c -- -- a8 ec 9e 52 28 -- -- -- 29 76 -- 2e -- -- df -- -- -- fb -- 7b -- -- -- -- -- -- f6 17 3b -- -- -- -- -- -- 4b 42 -- -- -- -- -- -- -- -- -- -- cc -- -- -- 37 d2 -- -- -- -- 77 d7 -- -- -- -- 1a -- 68 -- 1c -- -- -- 53 b8 -- -- 1d a4 e6 eb 58  f dc 87 9d -- f2 -- -- --  b db 15 a0 -- -- -- -- -- 4a 

solutions so far:0 maxDepth:10 
iterations:49458631  skipped: 6 
Depth skipped: 
0 0 6 0 0 0 0 0 0 0 0 0 0 0 0 0 0 0 0 0 0 0 0 0 0 0 0 0 0 0 0 0 

running time: 5400 sec
 depth:7
 0  1  2  3  4  5  6  7  8  9  a  b  c  d  e  f 10 11 12 13 14 15 16 17 18 19 1a 1b 1c 1d 1e 1f 20 21 22 23 24 25 26 27 28 29 2a 2b 2c 2d 2e 2f 30 31 32 33 34 35 36 37 38 39 3a 3b 3c 3d 3e 3f 40 41 42 43 44 45 46 47 48 49 4a 4b 4c 4d 4e 4f 50 51 52 53 54 55 56 57 58 59 5a 5b 5c 5d 5e 5f 60 61 62 63 64 65 66 67 68 69 6a 6b 6c 6d 6e 6f 70 71 72 73 74 75 76 77 78 79 7a 7b 7c 7d 7e 7f 80 81 82 83 84 85 86 87 88 89 8a 8b 8c 8d 8e 8f 90 91 92 93 94 95 96 97 98 99 9a 9b 9c 9d 9e 9f a0 a1 a2 a3 a4 a5 a6 a7 a8 a9 aa ab ac ad ae af b0 b1 b2 b3 b4 b5 b6 b7 b8 b9 ba bb bc bd be bf c0 c1 c2 c3 c4 c5 c6 c7 c8 c9 ca cb cc cd ce cf d0 d1 d2 d3 d4 d5 d6 d7 d8 d9 da db dc dd de df e0 e1 e2 e3 e4 e5 e6 e7 e8 e9 ea eb ec ed ee ef f0 f1 f2 f3 f4 f5 f6 f7 f8 f9 fa fb fc fd fe ff 
 0  1  2 1b  4 98 36 27  8 6e e7 b4 6c b6 4e 16 10 -- dc -- 19 -- bf 24 d8 -- bb -- 9c 1f 2c 76 20 -- -- -- 6f cb -- 3c 32 71 -- -- a9 -- 48 -- 67 -- -- 33 a1 -- -- b9 ef 7b 3e 77 58 -- ec -- 40 -- -- -- -- -- -- -- de -- 41 -- -- -- 78 4f 64 -- e2 -- -- 84 -- 96 85 -- -- -- 90 -- -- -- ce -- -- -- -- -- 66 -- 95 -- -- 1a -- -- a5 ed  9 -- f6 -- 7c 73 ee 2d b0 79 -- 68  f -- -- -- 80 -- -- 69 -- -- -- -- -- -- -- 21 -- -- -- -- 6b -- -- -- 82 -- -- 47 -- 72 -- -- f0 c6 9e 26 c8 -- -- -- 13 63 -- 39 -- -- df -- -- -- fb -- dd -- -- -- -- -- -- 6d f7 da -- -- -- -- -- -- 4b 42 -- -- -- -- -- -- -- -- -- -- cc -- -- -- fd d2 -- -- -- -- 34 d7 -- -- -- -- 9d --  d -- 12 -- -- -- 3b e4 -- -- f8 4c e6 eb  b 5b 5a 37 b7 -- f2 -- -- -- d0 d6 1e 8e -- -- -- -- -- d3 

solutions so far:0 maxDepth:10 
iterations:52914323  skipped: 7 
Depth skipped: 
0 0 7 0 0 0 0 0 0 0 0 0 0 0 0 0 0 0 0 0 0 0 0 0 0 0 0 0 0 0 0 0 

running time: 5700 sec
 depth:7
 0  1  2  3  4  5  6  7  8  9  a  b  c  d  e  f 10 11 12 13 14 15 16 17 18 19 1a 1b 1c 1d 1e 1f 20 21 22 23 24 25 26 27 28 29 2a 2b 2c 2d 2e 2f 30 31 32 33 34 35 36 37 38 39 3a 3b 3c 3d 3e 3f 40 41 42 43 44 45 46 47 48 49 4a 4b 4c 4d 4e 4f 50 51 52 53 54 55 56 57 58 59 5a 5b 5c 5d 5e 5f 60 61 62 63 64 65 66 67 68 69 6a 6b 6c 6d 6e 6f 70 71 72 73 74 75 76 77 78 79 7a 7b 7c 7d 7e 7f 80 81 82 83 84 85 86 87 88 89 8a 8b 8c 8d 8e 8f 90 91 92 93 94 95 96 97 98 99 9a 9b 9c 9d 9e 9f a0 a1 a2 a3 a4 a5 a6 a7 a8 a9 aa ab ac ad ae af b0 b1 b2 b3 b4 b5 b6 b7 b8 b9 ba bb bc bd be bf c0 c1 c2 c3 c4 c5 c6 c7 c8 c9 ca cb cc cd ce cf d0 d1 d2 d3 d4 d5 d6 d7 d8 d9 da db dc dd de df e0 e1 e2 e3 e4 e5 e6 e7 e8 e9 ea eb ec ed ee ef f0 f1 f2 f3 f4 f5 f6 f7 f8 f9 fa fb fc fd fe ff 
 0  1  2 1b  4 91 36 9b  8 b2 f5 1d 6c 17 e1 81 10 -- b3 -- 3d -- 3a 87 d8 -- 2e -- 15 61 d5 9a 20 -- -- -- b1 2f -- 44 7a 89 -- -- 74 -- d9 -- 67 -- -- 33 5c -- -- 46 2a 8d c2 5f 7d -- e3 -- 40 -- -- -- -- -- -- -- b5 -- 5e -- -- -- 88 4f f4 -- c5 -- -- 84 -- 96 e8 -- -- -- 65 -- -- -- ce -- -- -- -- -- 66 -- b8 -- -- f3 -- -- 8c 49 54 -- cd -- 53 73 be 99 fa 79 -- 62 11 -- -- -- 80 -- -- 69 -- -- -- -- -- -- -- 21 -- -- -- -- bd -- -- -- bc -- -- 7e -- 86 -- -- c7 70 9e ba 3f -- -- -- 5d 38 -- 43 -- -- df -- -- -- fb --  7 -- -- -- -- -- --  e ca 1c -- -- -- -- -- -- 4b 42 -- -- -- -- -- -- -- -- -- -- cc -- -- -- a7 d2 -- -- -- -- 31 d7 -- -- -- -- cf -- 92 -- a8 -- -- -- 4d db -- -- a6 a3 e6 eb ab e0 e5 59 23 -- f2 -- -- -- c4 ad 22 fc -- -- -- -- -- af 

solutions so far:0 maxDepth:10 
iterations:55948912  skipped: 7 
Depth skipped: 
0 0 7 0 0 0 0 0 0 0 0 0 0 0 0 0 0 0 0 0 0 0 0 0 0 0 0 0 0 0 0 0 

running time: 6000 sec
 depth:7
 0  1  2  3  4  5  6  7  8  9  a  b  c  d  e  f 10 11 12 13 14 15 16 17 18 19 1a 1b 1c 1d 1e 1f 20 21 22 23 24 25 26 27 28 29 2a 2b 2c 2d 2e 2f 30 31 32 33 34 35 36 37 38 39 3a 3b 3c 3d 3e 3f 40 41 42 43 44 45 46 47 48 49 4a 4b 4c 4d 4e 4f 50 51 52 53 54 55 56 57 58 59 5a 5b 5c 5d 5e 5f 60 61 62 63 64 65 66 67 68 69 6a 6b 6c 6d 6e 6f 70 71 72 73 74 75 76 77 78 79 7a 7b 7c 7d 7e 7f 80 81 82 83 84 85 86 87 88 89 8a 8b 8c 8d 8e 8f 90 91 92 93 94 95 96 97 98 99 9a 9b 9c 9d 9e 9f a0 a1 a2 a3 a4 a5 a6 a7 a8 a9 aa ab ac ad ae af b0 b1 b2 b3 b4 b5 b6 b7 b8 b9 ba bb bc bd be bf c0 c1 c2 c3 c4 c5 c6 c7 c8 c9 ca cb cc cd ce cf d0 d1 d2 d3 d4 d5 d6 d7 d8 d9 da db dc dd de df e0 e1 e2 e3 e4 e5 e6 e7 e8 e9 ea eb ec ed ee ef f0 f1 f2 f3 f4 f5 f6 f7 f8 f9 fa fb fc fd fe ff 
 0  1  2 1b  4 8c 36  5  8 85 cf 6b 6c 78  a c5 10 -- dd -- 49 -- d6 97 d8 -- f0 -- 14 52 5d a1 20 -- -- -- 6d 5f -- 5a 92 d5 -- -- 7b -- f9 -- 67 -- -- 33 37 -- -- f5 28 5b a4 bc ba -- 95 -- 40 -- -- -- -- -- -- -- da -- be -- -- -- b4 4f f3 -- 7d -- -- 84 -- 96 f6 -- -- -- 25 -- -- -- ce -- -- -- -- -- 66 -- 6e -- -- 7e -- -- 3d f4 50 -- b6 -- 9f 73 af 6f a3 79 -- 2f fd -- -- -- 80 -- -- 69 -- -- -- -- -- -- -- 21 -- -- -- -- 63 -- -- -- ab -- -- 62 -- ff -- -- bf 1e 9e 23 31 -- -- -- fa  f -- 94 -- -- df -- -- -- fb -- 3b -- -- -- -- -- -- 76 4a ec -- -- -- -- -- -- 4b 42 -- -- -- -- -- -- -- -- -- -- cc -- -- -- dc d2 -- -- -- -- fc d7 -- -- -- -- 7a -- 3f -- a0 -- -- -- bb 29 -- -- e9 46 e6 eb 89 3c de a9 91 -- f2 -- -- -- 5e c6 2d c4 -- -- -- -- -- 81 

solutions so far:0 maxDepth:10 
iterations:59859374  skipped: 7 
Depth skipped: 
0 0 7 0 0 0 0 0 0 0 0 0 0 0 0 0 0 0 0 0 0 0 0 0 0 0 0 0 0 0 0 0 

running time: 6300 sec
 depth:7
 0  1  2  3  4  5  6  7  8  9  a  b  c  d  e  f 10 11 12 13 14 15 16 17 18 19 1a 1b 1c 1d 1e 1f 20 21 22 23 24 25 26 27 28 29 2a 2b 2c 2d 2e 2f 30 31 32 33 34 35 36 37 38 39 3a 3b 3c 3d 3e 3f 40 41 42 43 44 45 46 47 48 49 4a 4b 4c 4d 4e 4f 50 51 52 53 54 55 56 57 58 59 5a 5b 5c 5d 5e 5f 60 61 62 63 64 65 66 67 68 69 6a 6b 6c 6d 6e 6f 70 71 72 73 74 75 76 77 78 79 7a 7b 7c 7d 7e 7f 80 81 82 83 84 85 86 87 88 89 8a 8b 8c 8d 8e 8f 90 91 92 93 94 95 96 97 98 99 9a 9b 9c 9d 9e 9f a0 a1 a2 a3 a4 a5 a6 a7 a8 a9 aa ab ac ad ae af b0 b1 b2 b3 b4 b5 b6 b7 b8 b9 ba bb bc bd be bf c0 c1 c2 c3 c4 c5 c6 c7 c8 c9 ca cb cc cd ce cf d0 d1 d2 d3 d4 d5 d6 d7 d8 d9 da db dc dd de df e0 e1 e2 e3 e4 e5 e6 e7 e8 e9 ea eb ec ed ee ef f0 f1 f2 f3 f4 f5 f6 f7 f8 f9 fa fb fc fd fe ff 
 0  1  2 1b  4 83 36 8f  8 1a d1 1c 6c e5 c9 65 10 -- 34 -- 75 -- 38 a2 d8 -- 1d -- 45 fe ca 58 20 -- -- -- 68 30 -- a5 ea ae -- -- 70 -- 93 -- 67 -- -- 33 3a -- -- 61 8a  b 2b a8 43 -- b0 -- 40 -- -- -- -- -- -- -- d0 -- 60 -- -- -- 9d 4f  3 -- 8b -- -- 84 -- 96 e0 -- -- -- f1 -- -- -- ce -- -- -- -- -- 66 -- 74 -- -- e1 -- -- c2 a6 c3 -- 16 -- 56 73 87  7 86 79 -- 2a b7 -- -- -- 80 -- -- 69 -- -- -- -- -- -- -- 21 -- -- -- -- 77 -- -- -- c0 -- --  c -- d4 -- -- ed a7 9e 55  6 -- -- -- c1 b8 -- 6a -- -- df -- -- -- fb -- 17 -- -- -- -- -- -- 2e 35 5c -- -- -- -- -- -- 4b 42 -- -- -- -- -- -- -- -- -- -- cc -- -- -- e8 d2 -- -- -- -- 15 d7 -- -- -- -- 53 -- 9b -- 51 -- -- -- 2c 7f -- -- ac aa e6 eb d9 99  e  d db -- f2 -- -- -- 54 ee b9 18 -- -- -- -- -- 57 

solutions so far:0 maxDepth:10 
iterations:63728169  skipped: 8 
Depth skipped: 
0 0 8 0 0 0 0 0 0 0 0 0 0 0 0 0 0 0 0 0 0 0 0 0 0 0 0 0 0 0 0 0 

running time: 6600 sec
 depth:7
 0  1  2  3  4  5  6  7  8  9  a  b  c  d  e  f 10 11 12 13 14 15 16 17 18 19 1a 1b 1c 1d 1e 1f 20 21 22 23 24 25 26 27 28 29 2a 2b 2c 2d 2e 2f 30 31 32 33 34 35 36 37 38 39 3a 3b 3c 3d 3e 3f 40 41 42 43 44 45 46 47 48 49 4a 4b 4c 4d 4e 4f 50 51 52 53 54 55 56 57 58 59 5a 5b 5c 5d 5e 5f 60 61 62 63 64 65 66 67 68 69 6a 6b 6c 6d 6e 6f 70 71 72 73 74 75 76 77 78 79 7a 7b 7c 7d 7e 7f 80 81 82 83 84 85 86 87 88 89 8a 8b 8c 8d 8e 8f 90 91 92 93 94 95 96 97 98 99 9a 9b 9c 9d 9e 9f a0 a1 a2 a3 a4 a5 a6 a7 a8 a9 aa ab ac ad ae af b0 b1 b2 b3 b4 b5 b6 b7 b8 b9 ba bb bc bd be bf c0 c1 c2 c3 c4 c5 c6 c7 c8 c9 ca cb cc cd ce cf d0 d1 d2 d3 d4 d5 d6 d7 d8 d9 da db dc dd de df e0 e1 e2 e3 e4 e5 e6 e7 e8 e9 ea eb ec ed ee ef f0 f1 f2 f3 f4 f5 f6 f7 f8 f9 fa fb fc fd fe ff 
 0  1  2 1b  4 78 36 8e  8 9f f0 f4 6c 5d cb 2d 10 -- e9 -- 37 -- 3f e2 d8 -- ba -- 41 32 5a f9 20 -- -- --  5 d6 -- ff 6e 76 -- -- 7e -- 13 -- 67 -- -- 33 a3 -- -- 85 82 50 64 a1 b4 -- 25 -- 40 -- -- -- -- -- -- --  a -- 7b -- -- -- 29 4f dc -- ec -- -- 84 -- 96 fc -- -- -- 26 -- -- -- ce -- -- -- -- -- 66 -- 91 -- -- c6 -- -- dd da d3 -- a0 -- c8 73 95 3d bf 79 -- b6 4a -- -- -- 80 -- -- 69 -- -- -- -- -- -- -- 21 -- -- -- -- 14 -- -- -- f6 -- -- de -- e7 -- -- 52 89 9e 1e 6f -- -- --  f af -- 98 -- -- df -- -- -- fb -- 2f -- -- -- -- -- -- 5e 4c bc -- -- -- -- -- -- 4b 42 -- -- -- -- -- -- -- -- -- -- cc -- -- -- f5 d2 -- -- -- -- 5b d7 -- -- -- -- 6d -- 63 -- 71 -- -- -- 97 19 -- -- 47 3c e6 eb fd c5 7a a4 a9 -- f2 -- -- -- bb 28 94 6b -- -- -- -- -- 3b 

solutions so far:0 maxDepth:10 
iterations:67821219  skipped: 10 
Depth skipped: 
0 0 10 0 0 0 0 0 0 0 0 0 0 0 0 0 0 0 0 0 0 0 0 0 0 0 0 0 0 0 0 0 

running time: 6900 sec
 depth:7
 0  1  2  3  4  5  6  7  8  9  a  b  c  d  e  f 10 11 12 13 14 15 16 17 18 19 1a 1b 1c 1d 1e 1f 20 21 22 23 24 25 26 27 28 29 2a 2b 2c 2d 2e 2f 30 31 32 33 34 35 36 37 38 39 3a 3b 3c 3d 3e 3f 40 41 42 43 44 45 46 47 48 49 4a 4b 4c 4d 4e 4f 50 51 52 53 54 55 56 57 58 59 5a 5b 5c 5d 5e 5f 60 61 62 63 64 65 66 67 68 69 6a 6b 6c 6d 6e 6f 70 71 72 73 74 75 76 77 78 79 7a 7b 7c 7d 7e 7f 80 81 82 83 84 85 86 87 88 89 8a 8b 8c 8d 8e 8f 90 91 92 93 94 95 96 97 98 99 9a 9b 9c 9d 9e 9f a0 a1 a2 a3 a4 a5 a6 a7 a8 a9 aa ab ac ad ae af b0 b1 b2 b3 b4 b5 b6 b7 b8 b9 ba bb bc bd be bf c0 c1 c2 c3 c4 c5 c6 c7 c8 c9 ca cb cc cd ce cf d0 d1 d2 d3 d4 d5 d6 d7 d8 d9 da db dc dd de df e0 e1 e2 e3 e4 e5 e6 e7 e8 e9 ea eb ec ed ee ef f0 f1 f2 f3 f4 f5 f6 f7 f8 f9 fa fb fc fd fe ff 
 0  1  2 1b  4 70 36 77  8 31 e0 18 6c 83 ee c8 10 -- 62 -- 17 -- 30 b0 d8 -- d1 --  b 1a 47 fa 20 -- -- -- c4 e5 -- cf 2e e8 -- -- 60 -- b7 -- 67 -- -- 33 75 -- -- 82 16 81 34 19 8e -- 23 -- 40 -- -- -- -- -- -- -- 5f -- 1d -- -- -- 49 4f 5c --  7 -- -- 84 -- 96 c0 -- -- -- b9 -- -- -- ce -- -- -- -- -- 66 -- ea -- -- 26 -- -- d3 e2 2c -- d5 -- 68 73 32  6 cb 79 -- 98 46 -- -- -- 80 -- -- 69 -- -- -- -- -- -- -- 21 -- -- -- -- be -- -- -- 3a -- -- a7 -- ed -- -- 92 55 9e 1c b8 -- -- --  e c1 -- 9d -- -- df -- -- -- fb -- 57 -- -- -- -- -- -- ae a5 8b -- -- -- -- -- -- 4b 42 -- -- -- -- -- -- -- -- -- -- cc -- -- --  3 d2 -- -- -- -- 4c d7 -- -- -- -- 71 -- 13 -- 58 -- -- -- 7d  d -- -- d0 38 e6 eb 64 aa  c f3 41 -- f2 -- -- -- e7 ab 8c 99 -- -- -- -- -- 74 

solutions so far:0 maxDepth:10 
iterations:71996922  skipped: 11 
Depth skipped: 
0 0 11 0 0 0 0 0 0 0 0 0 0 0 0 0 0 0 0 0 0 0 0 0 0 0 0 0 0 0 0 0 

running time: 7200 sec
 depth:5
 0  1  2  3  4  5  6  7  8  9  a  b  c  d  e  f 10 11 12 13 14 15 16 17 18 19 1a 1b 1c 1d 1e 1f 20 21 22 23 24 25 26 27 28 29 2a 2b 2c 2d 2e 2f 30 31 32 33 34 35 36 37 38 39 3a 3b 3c 3d 3e 3f 40 41 42 43 44 45 46 47 48 49 4a 4b 4c 4d 4e 4f 50 51 52 53 54 55 56 57 58 59 5a 5b 5c 5d 5e 5f 60 61 62 63 64 65 66 67 68 69 6a 6b 6c 6d 6e 6f 70 71 72 73 74 75 76 77 78 79 7a 7b 7c 7d 7e 7f 80 81 82 83 84 85 86 87 88 89 8a 8b 8c 8d 8e 8f 90 91 92 93 94 95 96 97 98 99 9a 9b 9c 9d 9e 9f a0 a1 a2 a3 a4 a5 a6 a7 a8 a9 aa ab ac ad ae af b0 b1 b2 b3 b4 b5 b6 b7 b8 b9 ba bb bc bd be bf c0 c1 c2 c3 c4 c5 c6 c7 c8 c9 ca cb cc cd ce cf d0 d1 d2 d3 d4 d5 d6 d7 d8 d9 da db dc dd de df e0 e1 e2 e3 e4 e5 e6 e7 e8 e9 ea eb ec ed ee ef f0 f1 f2 f3 f4 f5 f6 f7 f8 f9 fa fb fc fd fe ff 
 0  1  2 1b  4 68 36 b5  8 e9 d0 -- 6c -- bd -- 10 --  5 -- 77 -- -- 9a d8 -- -- -- ad 59 -- 25 20 -- -- --  a b0 -- 29 ee 9d -- -- -- -- e3 -- 67 -- -- 33 -- -- -- -- 8d a0 b2 -- -- -- 4a -- 40 -- -- -- -- -- -- -- 14 -- b7 -- -- -- 52 4f  b -- ed -- -- 84 -- 96 -- -- -- -- 11 -- -- -- ce -- -- -- -- -- 66 -- -- -- -- -- -- -- -- -- cd -- 97 -- b3 73 -- -- -- 79 -- -- 94 -- -- -- 80 -- -- 69 -- -- -- -- -- -- -- 21 -- -- -- -- 28 -- -- -- b9 -- -- 2c -- 88 -- -- a4 -- 9e 1a 16 -- -- --  d -- -- 44 -- -- df -- -- -- fb -- -- -- -- -- -- -- -- -- 22 -- -- -- -- -- -- -- 4b 42 -- -- -- -- -- -- -- -- -- -- cc -- -- -- -- d2 -- -- -- -- -- d7 -- -- -- -- -- -- -- -- 4d -- -- -- f9 c7 -- -- b1 34 e6 eb -- -- -- 9f -- -- f2 -- -- -- -- 50 ff 58 -- -- -- -- -- a5 

solutions so far:0 maxDepth:10 
iterations:76240283  skipped: 11 
Depth skipped: 
0 0 11 0 0 0 0 0 0 0 0 0 0 0 0 0 0 0 0 0 0 0 0 0 0 0 0 0 0 0 0 0 

running time: 7500 sec
 depth:6
 0  1  2  3  4  5  6  7  8  9  a  b  c  d  e  f 10 11 12 13 14 15 16 17 18 19 1a 1b 1c 1d 1e 1f 20 21 22 23 24 25 26 27 28 29 2a 2b 2c 2d 2e 2f 30 31 32 33 34 35 36 37 38 39 3a 3b 3c 3d 3e 3f 40 41 42 43 44 45 46 47 48 49 4a 4b 4c 4d 4e 4f 50 51 52 53 54 55 56 57 58 59 5a 5b 5c 5d 5e 5f 60 61 62 63 64 65 66 67 68 69 6a 6b 6c 6d 6e 6f 70 71 72 73 74 75 76 77 78 79 7a 7b 7c 7d 7e 7f 80 81 82 83 84 85 86 87 88 89 8a 8b 8c 8d 8e 8f 90 91 92 93 94 95 96 97 98 99 9a 9b 9c 9d 9e 9f a0 a1 a2 a3 a4 a5 a6 a7 a8 a9 aa ab ac ad ae af b0 b1 b2 b3 b4 b5 b6 b7 b8 b9 ba bb bc bd be bf c0 c1 c2 c3 c4 c5 c6 c7 c8 c9 ca cb cc cd ce cf d0 d1 d2 d3 d4 d5 d6 d7 d8 d9 da db dc dd de df e0 e1 e2 e3 e4 e5 e6 e7 e8 e9 ea eb ec ed ee ef f0 f1 f2 f3 f4 f5 f6 f7 f8 f9 fa fb fc fd fe ff 
 0  1  2 1b  4 5d 36 ff  8 23 ba 4c 6c 41 29 -- 10 -- 46 -- a3 -- 98  5 d8 -- 82 -- 52 f9 -- c4 20 -- -- -- 8c 3f -- 81 91 5e -- -- e7 --  a -- 67 -- -- 33 d3 -- -- -- a4 f3 25 -- -- -- 5f -- 40 -- -- -- -- -- -- -- cf -- 7e -- -- -- d5 4f f5 -- bc -- -- 84 -- 96 19 -- -- -- 14 -- -- -- ce -- -- -- -- -- 66 -- 71 -- -- -- -- -- -- -- 9f -- 31 -- 4a 73 -- 13 -- 79 -- -- be -- -- -- 80 -- -- 69 -- -- -- -- -- -- -- 21 -- -- -- -- 49 -- -- -- fc -- -- 7a -- a0 -- -- 7d 8e 9e 89 3d -- -- -- af 47 -- 50 -- -- df -- -- -- fb -- 32 -- -- -- -- -- -- 64 28 c8 -- -- -- -- -- -- 4b 42 -- -- -- -- -- -- -- -- -- -- cc -- -- -- e2 d2 -- -- -- -- -- d7 -- -- -- -- -- -- -- -- e9 -- -- -- 62 97 -- -- 94 c5 e6 eb -- cb 26 fa -- -- f2 -- -- -- -- 92 ab f4 -- -- -- -- -- 2f 

solutions so far:0 maxDepth:10 
iterations:80952414  skipped: 11 
Depth skipped: 
0 0 11 0 0 0 0 0 0 0 0 0 0 0 0 0 0 0 0 0 0 0 0 0 0 0 0 0 0 0 0 0 

running time: 7800 sec
 depth:6
 0  1  2  3  4  5  6  7  8  9  a  b  c  d  e  f 10 11 12 13 14 15 16 17 18 19 1a 1b 1c 1d 1e 1f 20 21 22 23 24 25 26 27 28 29 2a 2b 2c 2d 2e 2f 30 31 32 33 34 35 36 37 38 39 3a 3b 3c 3d 3e 3f 40 41 42 43 44 45 46 47 48 49 4a 4b 4c 4d 4e 4f 50 51 52 53 54 55 56 57 58 59 5a 5b 5c 5d 5e 5f 60 61 62 63 64 65 66 67 68 69 6a 6b 6c 6d 6e 6f 70 71 72 73 74 75 76 77 78 79 7a 7b 7c 7d 7e 7f 80 81 82 83 84 85 86 87 88 89 8a 8b 8c 8d 8e 8f 90 91 92 93 94 95 96 97 98 99 9a 9b 9c 9d 9e 9f a0 a1 a2 a3 a4 a5 a6 a7 a8 a9 aa ab ac ad ae af b0 b1 b2 b3 b4 b5 b6 b7 b8 b9 ba bb bc bd be bf c0 c1 c2 c3 c4 c5 c6 c7 c8 c9 ca cb cc cd ce cf d0 d1 d2 d3 d4 d5 d6 d7 d8 d9 da db dc dd de df e0 e1 e2 e3 e4 e5 e6 e7 e8 e9 ea eb ec ed ee ef f0 f1 f2 f3 f4 f5 f6 f7 f8 f9 fa fb fc fd fe ff 
 0  1  2 1b  4 55 36 b8  8 8e aa 3d 6c 89 a7 -- 10 -- cb -- 83 -- 7a 74 d8 -- c5 -- 99 e0 -- 4c 20 -- -- -- 41  c -- 32 d1 c0 -- -- f4 -- e8 -- 67 -- -- 33 5d -- -- -- e5 e2 17 -- -- -- 98 -- 40 -- -- -- -- -- -- -- 82 -- 18 -- -- -- 64 4f 75 -- 57 -- -- 84 -- 96 3f -- -- --  7 -- -- -- ce -- -- -- -- -- 66 -- ba -- -- -- -- -- -- -- 1d -- 13 -- 2e 73 -- 91 -- 79 -- -- e7 -- -- -- 80 -- -- 69 -- -- -- -- -- -- -- 21 -- -- -- -- d3 -- -- -- 30 -- --  3 -- 38 -- -- c8 bc 9e 8b ea -- -- -- ae 5e -- 1c -- -- df -- -- -- fb -- 7e -- -- -- -- -- -- fc  e 2f -- -- -- -- -- -- 4b 42 -- -- -- -- -- -- -- -- -- -- cc -- -- -- a3 d2 -- -- -- -- -- d7 -- -- -- -- -- -- -- -- 3a -- -- -- 26 70 -- -- 5c c1 e6 eb -- af f5 47 -- -- f2 -- -- -- -- 71 19  6 -- -- -- -- -- 60 

solutions so far:0 maxDepth:10 
iterations:85795142  skipped: 12 
Depth skipped: 
0 0 12 0 0 0 0 0 0 0 0 0 0 0 0 0 0 0 0 0 0 0 0 0 0 0 0 0 0 0 0 0 

running time: 8100 sec
 depth:7
 0  1  2  3  4  5  6  7  8  9  a  b  c  d  e  f 10 11 12 13 14 15 16 17 18 19 1a 1b 1c 1d 1e 1f 20 21 22 23 24 25 26 27 28 29 2a 2b 2c 2d 2e 2f 30 31 32 33 34 35 36 37 38 39 3a 3b 3c 3d 3e 3f 40 41 42 43 44 45 46 47 48 49 4a 4b 4c 4d 4e 4f 50 51 52 53 54 55 56 57 58 59 5a 5b 5c 5d 5e 5f 60 61 62 63 64 65 66 67 68 69 6a 6b 6c 6d 6e 6f 70 71 72 73 74 75 76 77 78 79 7a 7b 7c 7d 7e 7f 80 81 82 83 84 85 86 87 88 89 8a 8b 8c 8d 8e 8f 90 91 92 93 94 95 96 97 98 99 9a 9b 9c 9d 9e 9f a0 a1 a2 a3 a4 a5 a6 a7 a8 a9 aa ab ac ad ae af b0 b1 b2 b3 b4 b5 b6 b7 b8 b9 ba bb bc bd be bf c0 c1 c2 c3 c4 c5 c6 c7 c8 c9 ca cb cc cd ce cf d0 d1 d2 d3 d4 d5 d6 d7 d8 d9 da db dc dd de df e0 e1 e2 e3 e4 e5 e6 e7 e8 e9 ea eb ec ed ee ef f0 f1 f2 f3 f4 f5 f6 f7 f8 f9 fa fb fc fd fe ff 
 0  1  2 1b  4 48 36  d  8 78 90 a2 6c ac 1a 4d 10 -- f0 -- f7 -- 93 ee d8 -- 8f -- 34 b9 9a 7b 20 -- -- -- 37 7c -- ec 39 9c -- -- f1 --  b -- 67 -- -- 33 c9 -- -- 44 68 de a5 ad e3 -- f6 -- 40 -- -- -- -- -- -- -- 6e -- f8 -- -- --  f 4f 72 -- ef -- -- 84 -- 96 35 -- -- -- 16 -- -- -- ce -- -- -- -- -- 66 -- 45 -- -- b3 -- -- 88 59 d0 -- 6b -- 9d 73 8d c3 11 79 -- b5 3b -- -- -- 80 -- -- 69 -- -- -- -- -- -- -- 21 -- -- -- -- dc -- -- -- 27 -- -- 1f -- b0 -- -- 1e 2b 9e 12 e4 -- -- --  9 fe -- 58 -- -- df -- -- -- fb -- 6a -- -- -- -- -- -- d4 2c 7f -- -- -- -- -- -- 4b 42 -- -- -- -- -- -- -- -- -- -- cc -- -- -- 8a d2 -- -- -- -- b1 d7 -- -- -- -- c7 -- b2 -- 77 -- -- -- d6 b7 -- -- ed 24 e6 eb cd 56 51 3c 22 -- f2 -- -- -- bd 6f 76 3e -- -- -- -- -- 4e 

solutions so far:0 maxDepth:10 
iterations:91152142  skipped: 14 
Depth skipped: 
0 0 14 0 0 0 0 0 0 0 0 0 0 0 0 0 0 0 0 0 0 0 0 0 0 0 0 0 0 0 0 0 

running time: 8400 sec
 depth:7
 0  1  2  3  4  5  6  7  8  9  a  b  c  d  e  f 10 11 12 13 14 15 16 17 18 19 1a 1b 1c 1d 1e 1f 20 21 22 23 24 25 26 27 28 29 2a 2b 2c 2d 2e 2f 30 31 32 33 34 35 36 37 38 39 3a 3b 3c 3d 3e 3f 40 41 42 43 44 45 46 47 48 49 4a 4b 4c 4d 4e 4f 50 51 52 53 54 55 56 57 58 59 5a 5b 5c 5d 5e 5f 60 61 62 63 64 65 66 67 68 69 6a 6b 6c 6d 6e 6f 70 71 72 73 74 75 76 77 78 79 7a 7b 7c 7d 7e 7f 80 81 82 83 84 85 86 87 88 89 8a 8b 8c 8d 8e 8f 90 91 92 93 94 95 96 97 98 99 9a 9b 9c 9d 9e 9f a0 a1 a2 a3 a4 a5 a6 a7 a8 a9 aa ab ac ad ae af b0 b1 b2 b3 b4 b5 b6 b7 b8 b9 ba bb bc bd be bf c0 c1 c2 c3 c4 c5 c6 c7 c8 c9 ca cb cc cd ce cf d0 d1 d2 d3 d4 d5 d6 d7 d8 d9 da db dc dd de df e0 e1 e2 e3 e4 e5 e6 e7 e8 e9 ea eb ec ed ee ef f0 f1 f2 f3 f4 f5 f6 f7 f8 f9 fa fb fc fd fe ff 
 0  1  2 1b  4 3b 36 d0  8 5b 76 92 6c 7d 77 6a 10 -- b6 -- ec -- f3 58 d8 -- fa -- ee  d d4 bf 20 -- -- -- bb 37 -- 6d  f de -- -- 31 -- b0 -- 67 -- -- 33 23 -- -- 56  b 2d 1a 93 7f -- a9 -- 40 -- -- -- -- -- -- -- a1 -- 6e -- -- -- da 4f 1e -- 6b -- -- 84 -- 96 62 -- -- -- b7 -- -- -- ce -- -- -- -- -- 66 -- 46 -- -- 8a -- -- ac c9 16 -- 5a -- 34 73 f1 cf fe 79 -- 51 85 -- -- -- 80 -- -- 69 -- -- -- -- -- -- -- 21 -- -- -- -- 95 -- -- -- dc -- -- 78 -- 9d -- -- 63 81 9e 7b 3c -- -- -- d6 ab -- a5 -- -- df -- -- -- fb -- c4 -- -- -- -- -- -- 5f b9 be -- -- -- -- -- -- 4b 42 -- -- -- -- -- -- -- -- -- -- cc -- -- -- 8c d2 -- -- -- -- c3 d7 -- -- -- -- 8f -- 45 -- 2c -- -- -- b4 ed -- -- 68 f6 e6 eb 35 d5 49 c6 2b -- f2 -- -- -- a2 fd dd f0 -- -- -- -- -- 6f 

solutions so far:0 maxDepth:10 
iterations:96818928  skipped: 16 
Depth skipped: 
0 0 16 0 0 0 0 0 0 0 0 0 0 0 0 0 0 0 0 0 0 0 0 0 0 0 0 0 0 0 0 0 

running time: 8700 sec
 depth:6
 0  1  2  3  4  5  6  7  8  9  a  b  c  d  e  f 10 11 12 13 14 15 16 17 18 19 1a 1b 1c 1d 1e 1f 20 21 22 23 24 25 26 27 28 29 2a 2b 2c 2d 2e 2f 30 31 32 33 34 35 36 37 38 39 3a 3b 3c 3d 3e 3f 40 41 42 43 44 45 46 47 48 49 4a 4b 4c 4d 4e 4f 50 51 52 53 54 55 56 57 58 59 5a 5b 5c 5d 5e 5f 60 61 62 63 64 65 66 67 68 69 6a 6b 6c 6d 6e 6f 70 71 72 73 74 75 76 77 78 79 7a 7b 7c 7d 7e 7f 80 81 82 83 84 85 86 87 88 89 8a 8b 8c 8d 8e 8f 90 91 92 93 94 95 96 97 98 99 9a 9b 9c 9d 9e 9f a0 a1 a2 a3 a4 a5 a6 a7 a8 a9 aa ab ac ad ae af b0 b1 b2 b3 b4 b5 b6 b7 b8 b9 ba bb bc bd be bf c0 c1 c2 c3 c4 c5 c6 c7 c8 c9 ca cb cc cd ce cf d0 d1 d2 d3 d4 d5 d6 d7 d8 d9 da db dc dd de df e0 e1 e2 e3 e4 e5 e6 e7 e8 e9 ea eb ec ed ee ef f0 f1 f2 f3 f4 f5 f6 f7 f8 f9 fa fb fc fd fe ff 
 0  1  2 1b  4 2b 36 cf  8 d1 56 a9 6c a1 49 -- 10 -- 75 -- ac -- 85 c4 d8 -- 95 -- 92 fa -- c0 20 -- -- -- ea 51 -- c1 8f 35 -- -- dd -- 5f -- 67 -- -- 33 fd -- -- -- f3 18 23 -- -- -- 57 -- 40 -- -- -- -- -- -- --  3 -- a2 -- -- -- 55 4f c9 -- 6a -- -- 84 -- 96 6d -- -- -- be -- -- -- ce -- -- -- -- -- 66 -- 2d -- -- -- -- -- -- -- 31 -- 30 -- 46 73 -- b4 -- 79 -- -- ae -- -- -- 80 -- -- 69 -- -- -- -- -- -- -- 21 -- -- -- --  6 -- -- -- 93 -- -- 8a -- d5 -- -- aa b6 9e 7f 45 -- -- -- d4 5b -- 81 -- -- df -- -- -- fb -- da -- -- -- -- -- -- 63 ab c6 -- -- -- -- -- -- 4b 42 -- -- -- -- -- -- -- -- -- -- cc -- -- -- 5a d2 -- -- -- -- -- d7 -- -- -- -- -- -- -- -- 62 -- -- -- 60 7d -- -- 8c fe e6 eb -- bb bf 83 -- -- f2 -- -- -- --  c 8b c3 -- -- -- -- -- f1 

solutions so far:0 maxDepth:10 
iterations:102532393  skipped: 16 
Depth skipped: 
0 0 16 0 0 0 0 0 0 0 0 0 0 0 0 0 0 0 0 0 0 0 0 0 0 0 0 0 0 0 0 0 

running time: 9000 sec
 depth:6
 0  1  2  3  4  5  6  7  8  9  a  b  c  d  e  f 10 11 12 13 14 15 16 17 18 19 1a 1b 1c 1d 1e 1f 20 21 22 23 24 25 26 27 28 29 2a 2b 2c 2d 2e 2f 30 31 32 33 34 35 36 37 38 39 3a 3b 3c 3d 3e 3f 40 41 42 43 44 45 46 47 48 49 4a 4b 4c 4d 4e 4f 50 51 52 53 54 55 56 57 58 59 5a 5b 5c 5d 5e 5f 60 61 62 63 64 65 66 67 68 69 6a 6b 6c 6d 6e 6f 70 71 72 73 74 75 76 77 78 79 7a 7b 7c 7d 7e 7f 80 81 82 83 84 85 86 87 88 89 8a 8b 8c 8d 8e 8f 90 91 92 93 94 95 96 97 98 99 9a 9b 9c 9d 9e 9f a0 a1 a2 a3 a4 a5 a6 a7 a8 a9 aa ab ac ad ae af b0 b1 b2 b3 b4 b5 b6 b7 b8 b9 ba bb bc bd be bf c0 c1 c2 c3 c4 c5 c6 c7 c8 c9 ca cb cc cd ce cf d0 d1 d2 d3 d4 d5 d6 d7 d8 d9 da db dc dd de df e0 e1 e2 e3 e4 e5 e6 e7 e8 e9 ea eb ec ed ee ef f0 f1 f2 f3 f4 f5 f6 f7 f8 f9 fa fb fc fd fe ff 
 0  1  2 1b  4 1f 36 f9  8 65 3e 6b 6c 78 25 -- 10 -- ca -- 7c -- d6 52 d8 -- f0 -- 4a 28 -- 9b 20 -- -- -- 43  9 -- 54 f8 90 -- -- 7b -- a4 -- 67 -- -- 33 37 -- -- -- 94 c2 50 -- -- -- e1 -- 40 -- -- -- -- -- -- -- 86 -- 12 -- -- -- a8 4f 27 -- f7 -- -- 84 -- 96 f6 -- -- -- 9f -- -- -- ce -- -- -- -- -- 66 -- 6e -- -- -- -- -- -- -- ff -- 53 -- a0 73 -- 6f -- 79 -- -- 15 -- -- -- 80 -- -- 69 -- -- -- -- -- -- -- 21 -- -- -- -- db -- -- -- 24 -- -- 9c --  a -- -- 87 1e 9e 72 4e -- -- -- 39  f --  5 -- -- df -- -- -- fb -- 3b -- -- -- -- -- -- 76 e9 ec -- -- -- -- -- -- 4b 42 -- -- -- -- -- -- -- -- -- -- cc -- -- -- dc d2 -- -- -- -- -- d7 -- -- -- -- -- -- -- -- 29 -- -- -- a6 14 -- -- 97 e4 e6 eb -- 3c de d9 -- -- f2 -- -- -- -- 61 2a ef -- -- -- -- -- 48 

solutions so far:0 maxDepth:10 
iterations:108280607  skipped: 17 
Depth skipped: 
0 0 17 0 0 0 0 0 0 0 0 0 0 0 0 0 0 0 0 0 0 0 0 0 0 0 0 0 0 0 0 0 

running time: 9300 sec
 depth:7
 0  1  2  3  4  5  6  7  8  9  a  b  c  d  e  f 10 11 12 13 14 15 16 17 18 19 1a 1b 1c 1d 1e 1f 20 21 22 23 24 25 26 27 28 29 2a 2b 2c 2d 2e 2f 30 31 32 33 34 35 36 37 38 39 3a 3b 3c 3d 3e 3f 40 41 42 43 44 45 46 47 48 49 4a 4b 4c 4d 4e 4f 50 51 52 53 54 55 56 57 58 59 5a 5b 5c 5d 5e 5f 60 61 62 63 64 65 66 67 68 69 6a 6b 6c 6d 6e 6f 70 71 72 73 74 75 76 77 78 79 7a 7b 7c 7d 7e 7f 80 81 82 83 84 85 86 87 88 89 8a 8b 8c 8d 8e 8f 90 91 92 93 94 95 96 97 98 99 9a 9b 9c 9d 9e 9f a0 a1 a2 a3 a4 a5 a6 a7 a8 a9 aa ab ac ad ae af b0 b1 b2 b3 b4 b5 b6 b7 b8 b9 ba bb bc bd be bf c0 c1 c2 c3 c4 c5 c6 c7 c8 c9 ca cb cc cd ce cf d0 d1 d2 d3 d4 d5 d6 d7 d8 d9 da db dc dd de df e0 e1 e2 e3 e4 e5 e6 e7 e8 e9 ea eb ec ed ee ef f0 f1 f2 f3 f4 f5 f6 f7 f8 f9 fa fb fc fd fe ff 
 0  1  2 1b  4 13 36 56  8 b2 26 ea 6c 8b ac f4 10 -- b3 -- 4c --  3 c3 d8 -- c1 -- 8f d4 3f 9a 20 -- -- -- b1 c8 -- 44 98 41 -- --  6 -- 51 -- 67 -- -- 33 55 -- -- 5e c9 8d 7f f5 7e -- e3 -- 40 -- -- -- -- -- -- -- b5 -- 47 -- -- -- 88 4f e7 -- 82 -- -- 84 -- 96  c -- -- -- a2 -- -- -- ce -- -- -- -- -- 66 -- aa -- -- 5d -- -- bc 89 45 -- cd -- fe 73 3d d1 fc 79 -- a3 11 -- -- -- 80 -- -- 69 -- -- -- -- -- -- -- 21 -- -- -- -- bd -- -- -- 8e -- -- 32 -- 35 -- -- c7 57 9e 71 19 -- -- -- d3 c0 -- f1 -- -- df -- -- -- fb -- 18 -- -- -- -- -- -- 30 93 60 -- -- -- -- -- -- 4b 42 -- -- -- -- -- -- -- -- -- -- cc -- -- -- 83 d2 -- -- -- -- ba d7 -- -- -- -- af -- c5 -- 8a -- -- -- 4d 6a -- -- 2b e2 e6 eb 7a ae 75 59 2f -- f2 -- -- -- 91 ad 22 64 -- -- -- -- -- cb 

solutions so far:0 maxDepth:10 
iterations:114247016  skipped: 17 
Depth skipped: 
0 0 17 0 0 0 0 0 0 0 0 0 0 0 0 0 0 0 0 0 0 0 0 0 0 0 0 0 0 0 0 0 

running time: 9600 sec
 depth:7
 0  1  2  3  4  5  6  7  8  9  a  b  c  d  e  f 10 11 12 13 14 15 16 17 18 19 1a 1b 1c 1d 1e 1f 20 21 22 23 24 25 26 27 28 29 2a 2b 2c 2d 2e 2f 30 31 32 33 34 35 36 37 38 39 3a 3b 3c 3d 3e 3f 40 41 42 43 44 45 46 47 48 49 4a 4b 4c 4d 4e 4f 50 51 52 53 54 55 56 57 58 59 5a 5b 5c 5d 5e 5f 60 61 62 63 64 65 66 67 68 69 6a 6b 6c 6d 6e 6f 70 71 72 73 74 75 76 77 78 79 7a 7b 7c 7d 7e 7f 80 81 82 83 84 85 86 87 88 89 8a 8b 8c 8d 8e 8f 90 91 92 93 94 95 96 97 98 99 9a 9b 9c 9d 9e 9f a0 a1 a2 a3 a4 a5 a6 a7 a8 a9 aa ab ac ad ae af b0 b1 b2 b3 b4 b5 b6 b7 b8 b9 ba bb bc bd be bf c0 c1 c2 c3 c4 c5 c6 c7 c8 c9 ca cb cc cd ce cf d0 d1 d2 d3 d4 d5 d6 d7 d8 d9 da db dc dd de df e0 e1 e2 e3 e4 e5 e6 e7 e8 e9 ea eb ec ed ee ef f0 f1 f2 f3 f4 f5 f6 f7 f8 f9 fa fb fc fd fe ff 
 0  1  2 1b  4  6 36 49  8 9b  c 74 6c 5c 92 ef 10 -- e1 -- 18 -- e8 5f d8 -- b8 -- f3 23  9 ca 20 -- -- -- 15 8b -- 61 30 83 -- --  7 -- be -- 67 -- -- 33 a7 -- -- 90 31 87 46 27 12 -- 43 -- 40 -- -- -- -- -- -- -- 2a -- c1 -- -- -- c2 4f 60 -- d1 -- -- 84 -- 96  e -- -- -- ab -- -- -- ce -- -- -- -- -- 66 -- 99 -- -- 1f -- -- f7 72 62 -- d9 -- 8c 73 4e 1d 24 79 -- 7c 86 -- -- -- 80 -- -- 69 -- -- -- -- -- -- -- 21 -- -- -- -- 54 -- -- -- 55 -- -- 57 -- 7d -- -- 53 17 9e ea c0 -- -- -- 75 e0 -- d5 -- -- df -- -- -- fb -- 1c -- -- -- -- -- -- 38 81 70 -- -- -- -- -- -- 4b 42 -- -- -- -- -- -- -- -- -- -- cc -- -- -- e5 d2 -- -- -- -- 3e d7 -- -- -- -- 39 -- e4 -- c4 -- -- -- 65 fa -- -- cf  3 e6 eb 9c 2e 3a a6 48 -- f2 -- -- -- f8 a8 db ae -- -- -- -- -- aa 

solutions so far:0 maxDepth:10 
iterations:120004504  skipped: 18 
Depth skipped: 
0 0 18 0 0 0 0 0 0 0 0 0 0 0 0 0 0 0 0 0 0 0 0 0 0 0 0 0 0 0 0 0 

running time: 9900 sec

Finished. Total running time: 9948 sec
