Search S-boxes invariant for matrix: 
{0x00,0x02,0x04,0x06,0x08,0x0a,0x0c,0x0e,0x10,0x12,0x14,0x16,0x18,0x1a,0x1c,0x1e,0x20,0x22,0x24,0x26,0x28,0x2a,0x2c,0x2e,0x30,0x32,0x34,0x36,0x38,0x3a,0x3c,0x3e,0x40,0x42,0x44,0x46,0x48,0x4a,0x4c,0x4e,0x50,0x52,0x54,0x56,0x58,0x5a,0x5c,0x5e,0x60,0x62,0x64,0x66,0x68,0x6a,0x6c,0x6e,0x70,0x72,0x74,0x76,0x78,0x7a,0x7c,0x7e,0x80,0x82,0x84,0x86,0x88,0x8a,0x8c,0x8e,0x90,0x92,0x94,0x96,0x98,0x9a,0x9c,0x9e,0xa0,0xa2,0xa4,0xa6,0xa8,0xaa,0xac,0xae,0xb0,0xb2,0xb4,0xb6,0xb8,0xba,0xbc,0xbe,0xc0,0xc2,0xc4,0xc6,0xc8,0xca,0xcc,0xce,0xd0,0xd2,0xd4,0xd6,0xd8,0xda,0xdc,0xde,0xe0,0xe2,0xe4,0xe6,0xe8,0xea,0xec,0xee,0xf0,0xf2,0xf4,0xf6,0xf8,0xfa,0xfc,0xfe,0xd7,0xd5,0xd3,0xd1,0xdf,0xdd,0xdb,0xd9,0xc7,0xc5,0xc3,0xc1,0xcf,0xcd,0xcb,0xc9,0xf7,0xf5,0xf3,0xf1,0xff,0xfd,0xfb,0xf9,0xe7,0xe5,0xe3,0xe1,0xef,0xed,0xeb,0xe9,0x97,0x95,0x93,0x91,0x9f,0x9d,0x9b,0x99,0x87,0x85,0x83,0x81,0x8f,0x8d,0x8b,0x89,0xb7,0xb5,0xb3,0xb1,0xbf,0xbd,0xbb,0xb9,0xa7,0xa5,0xa3,0xa1,0xaf,0xad,0xab,0xa9,0x57,0x55,0x53,0x51,0x5f,0x5d,0x5b,0x59,0x47,0x45,0x43,0x41,0x4f,0x4d,0x4b,0x49,0x77,0x75,0x73,0x71,0x7f,0x7d,0x7b,0x79,0x67,0x65,0x63,0x61,0x6f,0x6d,0x6b,0x69,0x17,0x15,0x13,0x11,0x1f,0x1d,0x1b,0x19,0x07,0x05,0x03,0x01,0x0f,0x0d,0x0b,0x09,0x37,0x35,0x33,0x31,0x3f,0x3d,0x3b,0x39,0x27,0x25,0x23,0x21,0x2f,0x2d,0x2b,0x29};



 depth:7
 0  1  2  3  4  5  6  7  8  9  a  b  c  d  e  f 10 11 12 13 14 15 16 17 18 19 1a 1b 1c 1d 1e 1f 20 21 22 23 24 25 26 27 28 29 2a 2b 2c 2d 2e 2f 30 31 32 33 34 35 36 37 38 39 3a 3b 3c 3d 3e 3f 40 41 42 43 44 45 46 47 48 49 4a 4b 4c 4d 4e 4f 50 51 52 53 54 55 56 57 58 59 5a 5b 5c 5d 5e 5f 60 61 62 63 64 65 66 67 68 69 6a 6b 6c 6d 6e 6f 70 71 72 73 74 75 76 77 78 79 7a 7b 7c 7d 7e 7f 80 81 82 83 84 85 86 87 88 89 8a 8b 8c 8d 8e 8f 90 91 92 93 94 95 96 97 98 99 9a 9b 9c 9d 9e 9f a0 a1 a2 a3 a4 a5 a6 a7 a8 a9 aa ab ac ad ae af b0 b1 b2 b3 b4 b5 b6 b7 b8 b9 ba bb bc bd be bf c0 c1 c2 c3 c4 c5 c6 c7 c8 c9 ca cb cc cd ce cf d0 d1 d2 d3 d4 d5 d6 d7 d8 d9 da db dc dd de df e0 e1 e2 e3 e4 e5 e6 e7 e8 e9 ea eb ec ed ee ef f0 f1 f2 f3 f4 f5 f6 f7 f8 f9 fa fb fc fd fe ff 
 0  1  2 1f  4 fb 3e cf  8 bd 21 e7 7c d3 49 35 10 -- ad -- 42 -- 19 c4 f8 -- 71 -- 92 fa 6a 44 20 -- -- -- 8d e6 -- b2 84 d8 -- -- 32 -- 5f -- 27 -- -- 33 e2 -- -- 2b f3 e3 23 a2 d4 -- 88 -- 40 -- -- -- -- -- -- -- cd -- 1b -- -- -- b3 4f df -- 67 -- -- 48 -- ef 64 -- -- -- be -- -- -- 4e -- -- -- -- -- 66 -- 13 -- -- 45 -- -- 56 8f 31 -- 11 -- 46 72 93 4c 7f 79 -- c3 c7 -- -- -- 80 -- -- f7 -- -- -- -- -- -- -- 12 -- -- -- -- 4d -- -- -- 36 -- -- d2 -- d5 -- -- b1 41 9e 4b 69 -- -- -- ce cb -- 81 -- -- 90 -- -- --  9 -- c8 -- -- -- -- -- -- 47 ab 8e -- -- -- -- -- -- 9c 24 -- -- -- -- -- -- -- -- -- -- cc -- -- -- 26 39 -- -- -- -- 8a d7 -- -- -- -- ac -- c9 -- 62 -- -- -- 22 7d -- -- 8c 96 e4 eb f1 82 98 b5 fe -- f2 -- -- -- 51 9a 59 73 -- -- -- -- -- 6c 

solutions so far:0 maxDepth:9 
iterations:2117337  skipped: 1 
Depth skipped: 
0 0 1 0 0 0 0 0 0 0 0 0 0 0 0 0 0 0 0 0 0 0 0 0 0 0 0 0 0 0 0 0 

running time: 300 sec
 depth:7
 0  1  2  3  4  5  6  7  8  9  a  b  c  d  e  f 10 11 12 13 14 15 16 17 18 19 1a 1b 1c 1d 1e 1f 20 21 22 23 24 25 26 27 28 29 2a 2b 2c 2d 2e 2f 30 31 32 33 34 35 36 37 38 39 3a 3b 3c 3d 3e 3f 40 41 42 43 44 45 46 47 48 49 4a 4b 4c 4d 4e 4f 50 51 52 53 54 55 56 57 58 59 5a 5b 5c 5d 5e 5f 60 61 62 63 64 65 66 67 68 69 6a 6b 6c 6d 6e 6f 70 71 72 73 74 75 76 77 78 79 7a 7b 7c 7d 7e 7f 80 81 82 83 84 85 86 87 88 89 8a 8b 8c 8d 8e 8f 90 91 92 93 94 95 96 97 98 99 9a 9b 9c 9d 9e 9f a0 a1 a2 a3 a4 a5 a6 a7 a8 a9 aa ab ac ad ae af b0 b1 b2 b3 b4 b5 b6 b7 b8 b9 ba bb bc bd be bf c0 c1 c2 c3 c4 c5 c6 c7 c8 c9 ca cb cc cd ce cf d0 d1 d2 d3 d4 d5 d6 d7 d8 d9 da db dc dd de df e0 e1 e2 e3 e4 e5 e6 e7 e8 e9 ea eb ec ed ee ef f0 f1 f2 f3 f4 f5 f6 f7 f8 f9 fa fb fc fd fe ff 
 0  1  2 1f  4 f6 3e 63  8 9b 3b af 7c f4 c6 32 10 -- e1 -- 76 -- 89 95 f8 -- 3f -- 5b 85 64 ca 20 -- -- -- 15 f0 -- 61 ec 6f -- -- c5 -- fd -- 27 -- -- 33 7e -- -- cb b6 87 dd 98 c8 -- 43 -- 40 -- -- -- -- -- -- -- 2a -- 37 -- -- -- c2 4f  f -- de -- -- 48 -- ef 5d -- -- -- 2d -- -- -- 4e -- -- -- -- -- 66 -- fc -- -- e2 -- -- 41 d3 bb -- d9 -- 6d 72 e7 5e 47 79 -- 26 86 -- -- -- 80 -- -- f7 -- -- -- -- -- -- -- 12 -- -- -- -- 54 -- -- -- 6e -- -- 3c -- bf -- -- 53 3d 9e d6 1e -- -- -- 6b f5 -- b4 -- -- 90 -- -- --  9 -- ba -- -- -- -- -- -- a3 5a 91 -- -- -- -- -- -- 9c 24 -- -- -- -- -- -- -- -- -- -- cc -- -- -- 2f 39 -- -- -- -- 13 d7 -- -- -- -- 82 -- 71 -- a1 -- -- -- 65 a9 -- -- da 7b e4 eb 19 7a bc a6 8e -- f2 -- -- -- 4c a8 db 78 -- -- -- -- -- dc 

solutions so far:0 maxDepth:9 
iterations:4464444  skipped: 1 
Depth skipped: 
0 0 1 0 0 0 0 0 0 0 0 0 0 0 0 0 0 0 0 0 0 0 0 0 0 0 0 0 0 0 0 0 

running time: 600 sec
 depth:5
 0  1  2  3  4  5  6  7  8  9  a  b  c  d  e  f 10 11 12 13 14 15 16 17 18 19 1a 1b 1c 1d 1e 1f 20 21 22 23 24 25 26 27 28 29 2a 2b 2c 2d 2e 2f 30 31 32 33 34 35 36 37 38 39 3a 3b 3c 3d 3e 3f 40 41 42 43 44 45 46 47 48 49 4a 4b 4c 4d 4e 4f 50 51 52 53 54 55 56 57 58 59 5a 5b 5c 5d 5e 5f 60 61 62 63 64 65 66 67 68 69 6a 6b 6c 6d 6e 6f 70 71 72 73 74 75 76 77 78 79 7a 7b 7c 7d 7e 7f 80 81 82 83 84 85 86 87 88 89 8a 8b 8c 8d 8e 8f 90 91 92 93 94 95 96 97 98 99 9a 9b 9c 9d 9e 9f a0 a1 a2 a3 a4 a5 a6 a7 a8 a9 aa ab ac ad ae af b0 b1 b2 b3 b4 b5 b6 b7 b8 b9 ba bb bc bd be bf c0 c1 c2 c3 c4 c5 c6 c7 c8 c9 ca cb cc cd ce cf d0 d1 d2 d3 d4 d5 d6 d7 d8 d9 da db dc dd de df e0 e1 e2 e3 e4 e5 e6 e7 e8 e9 ea eb ec ed ee ef f0 f1 f2 f3 f4 f5 f6 f7 f8 f9 fa fb fc fd fe ff 
 0  1  2 1f  4 f0 3e c4  8 b8 37 -- 7c -- 5f -- 10 -- a7 -- 6e -- -- 7d f8 -- -- -- be 92 --  e 20 -- -- -- 99 7b -- e0 dc ec -- -- -- -- fa -- 27 -- -- 33 -- -- -- -- ab 74 f3 -- -- -- 1c -- 40 -- -- -- -- -- -- -- e5 -- f6 -- -- -- 17 4f 6f --  f -- -- 48 -- ef -- -- -- -- 23 -- -- -- 4e -- -- -- -- -- 66 -- -- -- -- -- -- -- -- -- 81 -- e8 -- 31 72 -- -- -- 79 -- -- 38 -- -- -- 80 -- -- f7 -- -- -- -- -- -- -- 12 -- -- -- -- 1d -- -- -- 3b -- -- 6b -- cf -- -- 2e -- 9e 3c de -- -- -- 1e -- -- 8c -- -- 90 -- -- --  9 -- -- -- -- -- -- -- -- -- 46 -- -- -- -- -- -- -- 9c 24 -- -- -- -- -- -- -- -- -- -- cc -- -- -- -- 39 -- -- -- -- -- d7 -- -- -- -- -- -- -- -- d5 -- -- --  7 49 -- -- 62 78 e4 eb -- -- -- 5c -- -- f2 -- -- -- -- 3a 70 d6 -- -- -- -- -- 76 

solutions so far:0 maxDepth:9 
iterations:6867334  skipped: 1 
Depth skipped: 
0 0 1 0 0 0 0 0 0 0 0 0 0 0 0 0 0 0 0 0 0 0 0 0 0 0 0 0 0 0 0 0 

running time: 900 sec
 depth:7
 0  1  2  3  4  5  6  7  8  9  a  b  c  d  e  f 10 11 12 13 14 15 16 17 18 19 1a 1b 1c 1d 1e 1f 20 21 22 23 24 25 26 27 28 29 2a 2b 2c 2d 2e 2f 30 31 32 33 34 35 36 37 38 39 3a 3b 3c 3d 3e 3f 40 41 42 43 44 45 46 47 48 49 4a 4b 4c 4d 4e 4f 50 51 52 53 54 55 56 57 58 59 5a 5b 5c 5d 5e 5f 60 61 62 63 64 65 66 67 68 69 6a 6b 6c 6d 6e 6f 70 71 72 73 74 75 76 77 78 79 7a 7b 7c 7d 7e 7f 80 81 82 83 84 85 86 87 88 89 8a 8b 8c 8d 8e 8f 90 91 92 93 94 95 96 97 98 99 9a 9b 9c 9d 9e 9f a0 a1 a2 a3 a4 a5 a6 a7 a8 a9 aa ab ac ad ae af b0 b1 b2 b3 b4 b5 b6 b7 b8 b9 ba bb bc bd be bf c0 c1 c2 c3 c4 c5 c6 c7 c8 c9 ca cb cc cd ce cf d0 d1 d2 d3 d4 d5 d6 d7 d8 d9 da db dc dd de df e0 e1 e2 e3 e4 e5 e6 e7 e8 e9 ea eb ec ed ee ef f0 f1 f2 f3 f4 f5 f6 f7 f8 f9 fa fb fc fd fe ff 
 0  1  2 1f  4 ec 3e 5a  8 74  f e6 7c 21 b4  3 10 -- e8 -- 1e -- 1b 6d f8 -- 42 -- bf a1  6 2e 20 -- -- --  7 dc -- 99 3c d6 -- -- 36 -- da -- 27 -- -- 33 84 -- -- 60 a9 70 95 d1  c -- 5c -- 40 -- -- -- -- -- -- --  e -- 6f -- -- -- e5 4f 78 -- 7b -- -- 48 -- ef 6c -- -- -- 63 -- -- -- 4e -- -- -- -- -- 66 -- df -- -- c1 -- -- c0 ae 85 -- e0 -- fd 72 75 d2 18 79 -- aa b8 -- -- -- 80 -- -- f7 -- -- -- -- -- -- -- 12 -- -- -- -- 1c -- -- -- de -- -- 37 -- b6 -- -- 1d 96 9e 3b f0 -- -- -- f6 4b -- 5b -- -- 90 -- -- --  9 -- d8 -- -- -- -- -- -- 67 c6 ce -- -- -- -- -- -- 9c 24 -- -- -- -- -- -- -- -- -- -- cc -- -- -- 69 39 -- -- -- -- 55 d7 -- -- -- -- 57 -- 8b -- dd -- -- -- 17 bb -- -- 2d 76 e4 eb ea fb 73 3a 30 -- f2 -- -- -- 83 38 a7 6e -- -- -- -- -- 6b 

solutions so far:0 maxDepth:9 
iterations:9383016  skipped: 1 
Depth skipped: 
0 0 1 0 0 0 0 0 0 0 0 0 0 0 0 0 0 0 0 0 0 0 0 0 0 0 0 0 0 0 0 0 

running time: 1200 sec
 depth:7
 0  1  2  3  4  5  6  7  8  9  a  b  c  d  e  f 10 11 12 13 14 15 16 17 18 19 1a 1b 1c 1d 1e 1f 20 21 22 23 24 25 26 27 28 29 2a 2b 2c 2d 2e 2f 30 31 32 33 34 35 36 37 38 39 3a 3b 3c 3d 3e 3f 40 41 42 43 44 45 46 47 48 49 4a 4b 4c 4d 4e 4f 50 51 52 53 54 55 56 57 58 59 5a 5b 5c 5d 5e 5f 60 61 62 63 64 65 66 67 68 69 6a 6b 6c 6d 6e 6f 70 71 72 73 74 75 76 77 78 79 7a 7b 7c 7d 7e 7f 80 81 82 83 84 85 86 87 88 89 8a 8b 8c 8d 8e 8f 90 91 92 93 94 95 96 97 98 99 9a 9b 9c 9d 9e 9f a0 a1 a2 a3 a4 a5 a6 a7 a8 a9 aa ab ac ad ae af b0 b1 b2 b3 b4 b5 b6 b7 b8 b9 ba bb bc bd be bf c0 c1 c2 c3 c4 c5 c6 c7 c8 c9 ca cb cc cd ce cf d0 d1 d2 d3 d4 d5 d6 d7 d8 d9 da db dc dd de df e0 e1 e2 e3 e4 e5 e6 e7 e8 e9 ea eb ec ed ee ef f0 f1 f2 f3 f4 f5 f6 f7 f8 f9 fa fb fc fd fe ff 
 0  1  2 1f  4 e8 3e 14  8 d6  7 a6 7c ca 28  6 10 -- 7b --  e -- 9b 25 f8 -- 43 -- 50 9f  c 78 20 -- -- -- f6 2e -- dc 1c 99 -- -- e1 -- 4a -- 27 -- -- 33 86 -- -- c0 a0  f e9 75 18 -- f0 -- 40 -- -- -- -- -- -- -- 3b -- 5c -- -- -- 6f 4f 38 -- e5 -- -- 48 -- ef 15 -- -- -- 94 -- -- -- 4e -- -- -- -- -- 66 -- db -- -- 55 -- -- 57 8b 97 -- 1e --  5 72 ea c2 30 79 -- 83 37 -- -- -- 80 -- -- f7 -- -- -- -- -- -- -- 12 -- -- -- -- 76 -- -- -- b8 -- -- e0 -- 52 -- -- de d9 9e 3a 70 -- -- -- 1d 87 -- 29 -- -- 90 -- -- --  9 -- 2a -- -- -- -- -- -- 54 ff a8 -- -- -- -- -- -- 9c 24 -- -- -- -- -- -- -- -- -- -- cc -- -- -- 61 39 -- -- -- -- aa d7 -- -- -- -- ae -- c1 -- f9 -- -- -- 3c a4 -- --  a 74 e4 eb  3 65 53 6b 60 -- f2 -- -- -- d1 ec 6e 17 -- -- -- -- -- a7 

solutions so far:0 maxDepth:9 
iterations:11661666  skipped: 1 
Depth skipped: 
0 0 1 0 0 0 0 0 0 0 0 0 0 0 0 0 0 0 0 0 0 0 0 0 0 0 0 0 0 0 0 0 

running time: 1500 sec
 depth:6
 0  1  2  3  4  5  6  7  8  9  a  b  c  d  e  f 10 11 12 13 14 15 16 17 18 19 1a 1b 1c 1d 1e 1f 20 21 22 23 24 25 26 27 28 29 2a 2b 2c 2d 2e 2f 30 31 32 33 34 35 36 37 38 39 3a 3b 3c 3d 3e 3f 40 41 42 43 44 45 46 47 48 49 4a 4b 4c 4d 4e 4f 50 51 52 53 54 55 56 57 58 59 5a 5b 5c 5d 5e 5f 60 61 62 63 64 65 66 67 68 69 6a 6b 6c 6d 6e 6f 70 71 72 73 74 75 76 77 78 79 7a 7b 7c 7d 7e 7f 80 81 82 83 84 85 86 87 88 89 8a 8b 8c 8d 8e 8f 90 91 92 93 94 95 96 97 98 99 9a 9b 9c 9d 9e 9f a0 a1 a2 a3 a4 a5 a6 a7 a8 a9 aa ab ac ad ae af b0 b1 b2 b3 b4 b5 b6 b7 b8 b9 ba bb bc bd be bf c0 c1 c2 c3 c4 c5 c6 c7 c8 c9 ca cb cc cd ce cf d0 d1 d2 d3 d4 d5 d6 d7 d8 d9 da db dc dd de df e0 e1 e2 e3 e4 e5 e6 e7 e8 e9 ea eb ec ed ee ef f0 f1 f2 f3 f4 f5 f6 f7 f8 f9 fa fb fc fd fe ff 
 0  1  2 1f  4 e3 3e 82  8 83 11 7d 7c 62 d3 -- 10 -- d1 -- 22 -- fa 4c f8 -- c4 -- 71 47 -- 60 20 -- -- -- 75 b3 -- 8b 44 ad -- -- 23 -- 98 -- 27 -- -- 33 5f -- -- -- e2  c 8e -- -- -- c0 -- 40 -- -- -- -- -- -- -- ea -- b1 -- -- -- c1 4f 88 -- 8d -- -- 48 -- ef 46 -- -- -- e7 -- -- -- 4e -- -- -- -- -- 66 -- be -- -- -- -- -- -- -- 13 -- 18 -- cb 72 -- 81 -- 79 -- -- 57 -- -- -- 80 -- -- f7 -- -- -- -- -- -- -- 12 -- -- -- --  3 -- -- -- b5 -- -- 59 -- 64 -- -- 55 f3 9e 4d c7 -- -- -- cd 92 -- 32 -- -- 90 -- -- --  9 -- 8c -- -- -- -- -- -- cf 19 49 -- -- -- -- -- -- 9c 24 -- -- -- -- -- -- -- -- -- -- cc -- -- -- ab 39 -- -- -- -- -- d7 -- -- -- -- -- -- -- -- 26 -- -- -- 30 c8 -- -- 41 9a e4 eb -- 31 d5 aa -- -- f2 -- -- -- --  6 ae b2 -- -- -- -- -- bd 

solutions so far:0 maxDepth:9 
iterations:13610652  skipped: 2 
Depth skipped: 
0 0 2 0 0 0 0 0 0 0 0 0 0 0 0 0 0 0 0 0 0 0 0 0 0 0 0 0 0 0 0 0 

running time: 1800 sec
 depth:6
 0  1  2  3  4  5  6  7  8  9  a  b  c  d  e  f 10 11 12 13 14 15 16 17 18 19 1a 1b 1c 1d 1e 1f 20 21 22 23 24 25 26 27 28 29 2a 2b 2c 2d 2e 2f 30 31 32 33 34 35 36 37 38 39 3a 3b 3c 3d 3e 3f 40 41 42 43 44 45 46 47 48 49 4a 4b 4c 4d 4e 4f 50 51 52 53 54 55 56 57 58 59 5a 5b 5c 5d 5e 5f 60 61 62 63 64 65 66 67 68 69 6a 6b 6c 6d 6e 6f 70 71 72 73 74 75 76 77 78 79 7a 7b 7c 7d 7e 7f 80 81 82 83 84 85 86 87 88 89 8a 8b 8c 8d 8e 8f 90 91 92 93 94 95 96 97 98 99 9a 9b 9c 9d 9e 9f a0 a1 a2 a3 a4 a5 a6 a7 a8 a9 aa ab ac ad ae af b0 b1 b2 b3 b4 b5 b6 b7 b8 b9 ba bb bc bd be bf c0 c1 c2 c3 c4 c5 c6 c7 c8 c9 ca cb cc cd ce cf d0 d1 d2 d3 d4 d5 d6 d7 d8 d9 da db dc dd de df e0 e1 e2 e3 e4 e5 e6 e7 e8 e9 ea eb ec ed ee ef f0 f1 f2 f3 f4 f5 f6 f7 f8 f9 fa fb fc fd fe ff 
 0  1  2 1f  4 dd 3e aa  8 ab 6d 7a 7c c5 83 -- 10 -- 81 -- da -- f4  6 f8 -- 5d -- d1 ae -- 49 20 -- -- -- d5 a1 -- 62 63 5a -- -- 3f --  c -- 27 -- -- 33 ba -- -- -- 75 46 8b -- -- -- 92 -- 40 -- -- -- -- -- -- -- 7d -- 95 -- -- -- c4 4f c6 -- b4 -- -- 48 -- ef 7e -- -- -- 18 -- -- -- 4e -- -- -- -- -- 66 -- a3 -- -- -- -- -- -- -- ea -- 8c -- c1 72 -- f5 -- 79 -- -- f3 -- -- -- 80 -- -- f7 -- -- -- -- -- -- -- 12 -- -- -- -- fa -- -- -- fd -- -- b6 -- c0 -- -- 5f af 9e a9 5b -- -- -- bf bc -- 60 -- -- 90 -- -- --  9 -- fc -- -- -- -- -- -- 2f 30 5e -- -- -- -- -- -- 9c 24 -- -- -- -- -- -- -- -- -- -- cc -- -- -- 91 39 -- -- -- -- -- d7 -- -- -- -- -- -- -- --  3 -- -- -- cf 57 -- -- 55 85 e4 eb -- 89 3d be -- -- f2 -- -- -- -- 23 31 bb -- -- -- -- -- 2d 

solutions so far:0 maxDepth:9 
iterations:15567402  skipped: 4 
Depth skipped: 
0 0 4 0 0 0 0 0 0 0 0 0 0 0 0 0 0 0 0 0 0 0 0 0 0 0 0 0 0 0 0 0 

running time: 2100 sec
 depth:6
 0  1  2  3  4  5  6  7  8  9  a  b  c  d  e  f 10 11 12 13 14 15 16 17 18 19 1a 1b 1c 1d 1e 1f 20 21 22 23 24 25 26 27 28 29 2a 2b 2c 2d 2e 2f 30 31 32 33 34 35 36 37 38 39 3a 3b 3c 3d 3e 3f 40 41 42 43 44 45 46 47 48 49 4a 4b 4c 4d 4e 4f 50 51 52 53 54 55 56 57 58 59 5a 5b 5c 5d 5e 5f 60 61 62 63 64 65 66 67 68 69 6a 6b 6c 6d 6e 6f 70 71 72 73 74 75 76 77 78 79 7a 7b 7c 7d 7e 7f 80 81 82 83 84 85 86 87 88 89 8a 8b 8c 8d 8e 8f 90 91 92 93 94 95 96 97 98 99 9a 9b 9c 9d 9e 9f a0 a1 a2 a3 a4 a5 a6 a7 a8 a9 aa ab ac ad ae af b0 b1 b2 b3 b4 b5 b6 b7 b8 b9 ba bb bc bd be bf c0 c1 c2 c3 c4 c5 c6 c7 c8 c9 ca cb cc cd ce cf d0 d1 d2 d3 d4 d5 d6 d7 d8 d9 da db dc dd de df e0 e1 e2 e3 e4 e5 e6 e7 e8 e9 ea eb ec ed ee ef f0 f1 f2 f3 f4 f5 f6 f7 f8 f9 fa fb fc fd fe ff 
 0  1  2 1f  4 db 3e 13  8 d4 61 ad 7c c7 26 -- 10 -- 7f -- c2 -- 8d 32 f8 -- 59 -- 4c 82 -- 8a 20 -- -- -- fe 2a -- 93 53 d9 -- -- cd -- 64 -- 27 -- -- 33 b2 -- -- -- 98 8f d3 -- -- -- c3 -- 40 -- -- -- -- -- -- -- 2b -- 54 -- -- -- f1 4f a6 -- 65 -- -- 48 -- ef 4d -- -- -- c8 -- -- -- 4e -- -- -- -- -- 66 -- b3 -- -- -- -- -- -- -- e7 -- c9 -- 71 72 -- b5 -- 79 -- -- 51 -- -- -- 80 -- -- f7 -- -- -- -- -- -- -- 12 -- -- -- -- 56 -- -- -- a8 -- -- e1 -- cb -- -- 35 44 9e 43 9b -- -- -- ca 22 -- 8e -- -- 90 -- -- --  9 -- 9a -- -- -- -- -- -- e3 47 11 -- -- -- -- -- -- 9c 24 -- -- -- -- -- -- -- -- -- -- cc -- -- -- b1 39 -- -- -- -- -- d7 -- -- -- -- -- -- -- -- 19 -- -- -- 45 41 -- -- e2 86 e4 eb -- 88 bd 6a -- -- f2 -- -- -- -- ac a2 15 -- -- -- -- -- 87 

solutions so far:0 maxDepth:9 
iterations:17525353  skipped: 4 
Depth skipped: 
0 0 4 0 0 0 0 0 0 0 0 0 0 0 0 0 0 0 0 0 0 0 0 0 0 0 0 0 0 0 0 0 

running time: 2400 sec
 depth:6
 0  1  2  3  4  5  6  7  8  9  a  b  c  d  e  f 10 11 12 13 14 15 16 17 18 19 1a 1b 1c 1d 1e 1f 20 21 22 23 24 25 26 27 28 29 2a 2b 2c 2d 2e 2f 30 31 32 33 34 35 36 37 38 39 3a 3b 3c 3d 3e 3f 40 41 42 43 44 45 46 47 48 49 4a 4b 4c 4d 4e 4f 50 51 52 53 54 55 56 57 58 59 5a 5b 5c 5d 5e 5f 60 61 62 63 64 65 66 67 68 69 6a 6b 6c 6d 6e 6f 70 71 72 73 74 75 76 77 78 79 7a 7b 7c 7d 7e 7f 80 81 82 83 84 85 86 87 88 89 8a 8b 8c 8d 8e 8f 90 91 92 93 94 95 96 97 98 99 9a 9b 9c 9d 9e 9f a0 a1 a2 a3 a4 a5 a6 a7 a8 a9 aa ab ac ad ae af b0 b1 b2 b3 b4 b5 b6 b7 b8 b9 ba bb bc bd be bf c0 c1 c2 c3 c4 c5 c6 c7 c8 c9 ca cb cc cd ce cf d0 d1 d2 d3 d4 d5 d6 d7 d8 d9 da db dc dd de df e0 e1 e2 e3 e4 e5 e6 e7 e8 e9 ea eb ec ed ee ef f0 f1 f2 f3 f4 f5 f6 f7 f8 f9 fa fb fc fd fe ff 
 0  1  2 1f  4 d5 3e 50  8 74 7d 15 7c db a0 -- 10 -- e8 -- fa -- 2a 94 f8 -- 61 -- 97  5 -- 2e 20 -- -- --  7 92 -- 99 23 c4 -- -- 54 -- ff -- 27 -- -- 33 c2 -- -- -- f9 70  a -- -- -- 5c -- 40 -- -- -- -- -- -- --  e -- f3 -- -- -- e5 4f 46 -- 5f -- -- 48 -- ef a8 -- -- -- 29 -- -- -- 4e -- -- -- -- -- 66 -- 53 -- -- -- -- -- -- -- 25 -- e0 -- 14 72 -- 9b -- 79 -- -- b8 -- -- -- 80 -- -- f7 -- -- -- -- -- -- -- 12 -- -- -- -- 1c -- -- -- 31 -- -- cf -- 9f -- -- 1d 43 9e ab 8c -- -- -- be ca -- a4 -- -- 90 -- -- --  9 -- 87 -- -- -- -- -- -- d9 52 65 -- -- -- -- -- -- 9c 24 -- -- -- -- -- -- -- -- -- -- cc -- -- -- a6 39 -- -- -- -- -- d7 -- -- -- -- -- -- -- -- 4a -- -- -- 17 e9 -- -- 28 81 e4 eb -- 86 e1 3a -- -- f2 -- -- -- -- 38 a7 49 -- -- -- -- -- 62 

solutions so far:0 maxDepth:9 
iterations:20295314  skipped: 5 
Depth skipped: 
0 0 5 0 0 0 0 0 0 0 0 0 0 0 0 0 0 0 0 0 0 0 0 0 0 0 0 0 0 0 0 0 

running time: 2700 sec
 depth:7
 0  1  2  3  4  5  6  7  8  9  a  b  c  d  e  f 10 11 12 13 14 15 16 17 18 19 1a 1b 1c 1d 1e 1f 20 21 22 23 24 25 26 27 28 29 2a 2b 2c 2d 2e 2f 30 31 32 33 34 35 36 37 38 39 3a 3b 3c 3d 3e 3f 40 41 42 43 44 45 46 47 48 49 4a 4b 4c 4d 4e 4f 50 51 52 53 54 55 56 57 58 59 5a 5b 5c 5d 5e 5f 60 61 62 63 64 65 66 67 68 69 6a 6b 6c 6d 6e 6f 70 71 72 73 74 75 76 77 78 79 7a 7b 7c 7d 7e 7f 80 81 82 83 84 85 86 87 88 89 8a 8b 8c 8d 8e 8f 90 91 92 93 94 95 96 97 98 99 9a 9b 9c 9d 9e 9f a0 a1 a2 a3 a4 a5 a6 a7 a8 a9 aa ab ac ad ae af b0 b1 b2 b3 b4 b5 b6 b7 b8 b9 ba bb bc bd be bf c0 c1 c2 c3 c4 c5 c6 c7 c8 c9 ca cb cc cd ce cf d0 d1 d2 d3 d4 d5 d6 d7 d8 d9 da db dc dd de df e0 e1 e2 e3 e4 e5 e6 e7 e8 e9 ea eb ec ed ee ef f0 f1 f2 f3 f4 f5 f6 f7 f8 f9 fa fb fc fd fe ff 
 0  1  2 1f  4 d0 3e 98  8 fd 77 d8 7c 69 e7 22 10 -- 2d -- ee -- 67 47 f8 -- d2 -- 19 e2 44 da 20 -- -- -- 5a b7 -- b6  b ed -- -- ce -- 8e -- 27 -- -- 33 73 -- -- b2 32 85 13 9a 88 -- 63 -- 40 -- -- -- -- -- -- -- b4 -- b9 -- -- -- bb 4f 16 --  d -- -- 48 -- ef 4b -- -- -- cb -- -- -- 4e -- -- -- -- -- 66 -- e6 -- -- ad -- -- b3 b5 64 -- dd -- 26 72 e3 36 c7 79 -- cd c6 -- -- -- 80 -- -- f7 -- -- -- -- -- -- -- 12 -- -- -- -- bf -- -- -- a5 -- -- 58 -- d3 -- -- a1 84 9e 34 2c -- -- -- 1a 42 -- 82 -- -- 90 -- -- --  9 -- 96 -- -- -- -- -- -- fb 41 21 -- -- -- -- -- -- 9c 24 -- -- -- -- -- -- -- -- -- -- cc -- -- -- 1b 39 -- -- -- -- 8d d7 -- -- -- -- b1 -- bd -- c8 -- -- -- 6d 71 -- -- 4c 68 e4 eb 11 df 6c 95 59 -- f2 -- -- -- 4d a9 5b b0 -- -- -- -- -- 9d 

solutions so far:0 maxDepth:9 
iterations:23548794  skipped: 5 
Depth skipped: 
0 0 5 0 0 0 0 0 0 0 0 0 0 0 0 0 0 0 0 0 0 0 0 0 0 0 0 0 0 0 0 0 

running time: 3000 sec
 depth:8
 0  1  2  3  4  5  6  7  8  9  a  b  c  d  e  f 10 11 12 13 14 15 16 17 18 19 1a 1b 1c 1d 1e 1f 20 21 22 23 24 25 26 27 28 29 2a 2b 2c 2d 2e 2f 30 31 32 33 34 35 36 37 38 39 3a 3b 3c 3d 3e 3f 40 41 42 43 44 45 46 47 48 49 4a 4b 4c 4d 4e 4f 50 51 52 53 54 55 56 57 58 59 5a 5b 5c 5d 5e 5f 60 61 62 63 64 65 66 67 68 69 6a 6b 6c 6d 6e 6f 70 71 72 73 74 75 76 77 78 79 7a 7b 7c 7d 7e 7f 80 81 82 83 84 85 86 87 88 89 8a 8b 8c 8d 8e 8f 90 91 92 93 94 95 96 97 98 99 9a 9b 9c 9d 9e 9f a0 a1 a2 a3 a4 a5 a6 a7 a8 a9 aa ab ac ad ae af b0 b1 b2 b3 b4 b5 b6 b7 b8 b9 ba bb bc bd be bf c0 c1 c2 c3 c4 c5 c6 c7 c8 c9 ca cb cc cd ce cf d0 d1 d2 d3 d4 d5 d6 d7 d8 d9 da db dc dd de df e0 e1 e2 e3 e4 e5 e6 e7 e8 e9 ea eb ec ed ee ef f0 f1 f2 f3 f4 f5 f6 f7 f8 f9 fa fb fc fd fe ff 
 0  1  2 1f  4 cb 3e 5d  8 a5 41 54 7c c2 ba de 10 35 9d -- 82 -- a8 7a f8 -- 53 -- a3 bc 6b ee 20 -- 6a -- ed 4c -- 58 d3 32 -- -- 87 -- f4 -- 27 -- -- 33 a6 -- -- 3b 91 68 af 6e d6 --  b -- 40 -- -- -- d4 -- -- --  d -- 98 -- -- a2 b0 4f 71 -- 64 -- -- 48 -- ef d9 2b -- -- 3f -- -- -- 4e -- -- -- -- -- 66 -- 9b -- -- 3c -- -- 76  f f5 -- d0 -- 89 72 dc 15 7b 79 -- f0 16 -- -- -- 80 -- -- f7 -- -- -- -- 7f -- -- 12 -- c3 -- -- 1a -- -- -- e7 -- -- 13 -- 2f 93 -- b7 db 9e 47 e2 -- -- -- c8 86 -- fc -- -- 90 -- -- 8a  9 -- 65 8f 56 ac -- c9 -- ca 7e 43 -- -- -- 45 -- -- 9c 24 -- -- -- -- -- fe -- -- -- -- cc 51 -- -- e1 39 -- -- -- -- 78 d7 -- -- -- -- ec -- 1e -- 3d -- -- f1 77 5e -- -- c5 8e e4 eb 6f 61 2a b9 f6 -- f2 -- -- -- 37 34 2c 26 -- -- -- -- -- 19 

solutions so far:0 maxDepth:9 
iterations:26467654  skipped: 5 
Depth skipped: 
0 0 5 0 0 0 0 0 0 0 0 0 0 0 0 0 0 0 0 0 0 0 0 0 0 0 0 0 0 0 0 0 

running time: 3300 sec
 depth:7
 0  1  2  3  4  5  6  7  8  9  a  b  c  d  e  f 10 11 12 13 14 15 16 17 18 19 1a 1b 1c 1d 1e 1f 20 21 22 23 24 25 26 27 28 29 2a 2b 2c 2d 2e 2f 30 31 32 33 34 35 36 37 38 39 3a 3b 3c 3d 3e 3f 40 41 42 43 44 45 46 47 48 49 4a 4b 4c 4d 4e 4f 50 51 52 53 54 55 56 57 58 59 5a 5b 5c 5d 5e 5f 60 61 62 63 64 65 66 67 68 69 6a 6b 6c 6d 6e 6f 70 71 72 73 74 75 76 77 78 79 7a 7b 7c 7d 7e 7f 80 81 82 83 84 85 86 87 88 89 8a 8b 8c 8d 8e 8f 90 91 92 93 94 95 96 97 98 99 9a 9b 9c 9d 9e 9f a0 a1 a2 a3 a4 a5 a6 a7 a8 a9 aa ab ac ad ae af b0 b1 b2 b3 b4 b5 b6 b7 b8 b9 ba bb bc bd be bf c0 c1 c2 c3 c4 c5 c6 c7 c8 c9 ca cb cc cd ce cf d0 d1 d2 d3 d4 d5 d6 d7 d8 d9 da db dc dd de df e0 e1 e2 e3 e4 e5 e6 e7 e8 e9 ea eb ec ed ee ef f0 f1 f2 f3 f4 f5 f6 f7 f8 f9 fa fb fc fd fe ff 
 0  1  2 1f  4 c7 3e 9f  8 a8 59 a1 7c 6d e9 e0 10 -- 87 -- b2 -- 95 50 f8 -- da --  5 ff 17 c2 20 -- -- -- d9 8d -- e1 b3 e3 -- -- fd -- a0 -- 27 -- -- 33 63 -- -- a7  a 86 29 1c 2e -- 53 -- 40 -- -- -- -- -- -- -- 65 -- cd -- -- -- 15 4f b1 -- 11 -- -- 48 -- ef 2d -- -- -- 97 -- -- -- 4e -- -- -- -- -- 66 -- c6 -- -- 74 -- -- 99 1d 14 -- db -- 52 72 38 b6 5c 79 --  7 a6 -- -- -- 80 -- -- f7 -- -- -- -- -- -- -- 12 -- -- -- -- ca -- -- -- 4d -- -- bd -- 4a -- -- 2a 85 9e 44 b5 -- -- -- 22 a9 -- 25 -- -- 90 -- -- --  9 -- 5a -- -- -- -- -- -- b4 f9 bf -- -- -- -- -- -- 9c 24 -- -- -- -- -- -- -- -- -- -- cc -- -- -- 5b 39 -- -- -- -- e8 d7 -- -- -- -- e5 -- 3a -- 28 -- -- -- 61 94 -- -- a4 88 e4 eb 70 dd bb 54 b8 -- f2 -- -- --  e 43 9b ad -- -- -- -- -- 9a 

solutions so far:0 maxDepth:9 
iterations:28840151  skipped: 5 
Depth skipped: 
0 0 5 0 0 0 0 0 0 0 0 0 0 0 0 0 0 0 0 0 0 0 0 0 0 0 0 0 0 0 0 0 

running time: 3600 sec
 depth:7
 0  1  2  3  4  5  6  7  8  9  a  b  c  d  e  f 10 11 12 13 14 15 16 17 18 19 1a 1b 1c 1d 1e 1f 20 21 22 23 24 25 26 27 28 29 2a 2b 2c 2d 2e 2f 30 31 32 33 34 35 36 37 38 39 3a 3b 3c 3d 3e 3f 40 41 42 43 44 45 46 47 48 49 4a 4b 4c 4d 4e 4f 50 51 52 53 54 55 56 57 58 59 5a 5b 5c 5d 5e 5f 60 61 62 63 64 65 66 67 68 69 6a 6b 6c 6d 6e 6f 70 71 72 73 74 75 76 77 78 79 7a 7b 7c 7d 7e 7f 80 81 82 83 84 85 86 87 88 89 8a 8b 8c 8d 8e 8f 90 91 92 93 94 95 96 97 98 99 9a 9b 9c 9d 9e 9f a0 a1 a2 a3 a4 a5 a6 a7 a8 a9 aa ab ac ad ae af b0 b1 b2 b3 b4 b5 b6 b7 b8 b9 ba bb bc bd be bf c0 c1 c2 c3 c4 c5 c6 c7 c8 c9 ca cb cc cd ce cf d0 d1 d2 d3 d4 d5 d6 d7 d8 d9 da db dc dd de df e0 e1 e2 e3 e4 e5 e6 e7 e8 e9 ea eb ec ed ee ef f0 f1 f2 f3 f4 f5 f6 f7 f8 f9 fa fb fc fd fe ff 
 0  1  2 1f  4 c1 3e  a  8 1d 55 3d 7c 89 14 ca 10 -- 3a -- aa -- 7a f9 f8 -- c5 -- 28 a4 43 e0 20 -- -- -- 74  6 -- b8 83 60 -- -- f4 -- 25 -- 27 -- -- 33 5d -- -- c2 50 1c 9f 87 86 -- 17 -- 40 -- -- -- -- -- -- -- e8 --  c -- -- -- a7 4f d1 -- c0 -- -- 48 -- ef 3f -- -- -- 4a -- -- -- 4e -- -- -- -- -- 66 -- ba -- -- 15 -- -- 53 9b a0 -- 38 -- e9 72 d9 91 db 79 -- 54 2e -- -- -- 80 -- -- f7 -- -- -- -- -- -- -- 12 -- -- -- --  7 -- -- -- 18 -- -- ea -- 29 -- -- 99 bc 9e ae 75 -- -- -- 57 5e -- ff -- -- 90 -- -- --  9 -- 7e -- -- -- -- -- -- fc 94 2f -- -- -- -- -- -- 9c 24 -- -- -- -- -- -- -- -- -- -- cc -- -- -- a3 39 -- -- -- -- 2a d7 -- -- -- -- a6 -- e1 -- 97 -- -- -- 70 52 -- --  5 8b e4 eb 65 af f5 e5 61 -- f2 -- -- -- a8  e 5c  3 -- -- -- -- -- 30 

solutions so far:0 maxDepth:9 
iterations:32641218  skipped: 5 
Depth skipped: 
0 0 5 0 0 0 0 0 0 0 0 0 0 0 0 0 0 0 0 0 0 0 0 0 0 0 0 0 0 0 0 0 

running time: 3900 sec
 depth:7
 0  1  2  3  4  5  6  7  8  9  a  b  c  d  e  f 10 11 12 13 14 15 16 17 18 19 1a 1b 1c 1d 1e 1f 20 21 22 23 24 25 26 27 28 29 2a 2b 2c 2d 2e 2f 30 31 32 33 34 35 36 37 38 39 3a 3b 3c 3d 3e 3f 40 41 42 43 44 45 46 47 48 49 4a 4b 4c 4d 4e 4f 50 51 52 53 54 55 56 57 58 59 5a 5b 5c 5d 5e 5f 60 61 62 63 64 65 66 67 68 69 6a 6b 6c 6d 6e 6f 70 71 72 73 74 75 76 77 78 79 7a 7b 7c 7d 7e 7f 80 81 82 83 84 85 86 87 88 89 8a 8b 8c 8d 8e 8f 90 91 92 93 94 95 96 97 98 99 9a 9b 9c 9d 9e 9f a0 a1 a2 a3 a4 a5 a6 a7 a8 a9 aa ab ac ad ae af b0 b1 b2 b3 b4 b5 b6 b7 b8 b9 ba bb bc bd be bf c0 c1 c2 c3 c4 c5 c6 c7 c8 c9 ca cb cc cd ce cf d0 d1 d2 d3 d4 d5 d6 d7 d8 d9 da db dc dd de df e0 e1 e2 e3 e4 e5 e6 e7 e8 e9 ea eb ec ed ee ef f0 f1 f2 f3 f4 f5 f6 f7 f8 f9 fa fb fc fd fe ff 
 0  1  2 1f  4 b8 3e df  8 23 a7 b3 7c 11 69 c9 10 -- 46 -- 99 -- b1 36 f8 -- 22 -- d2 fb 45 c4 20 -- -- -- 8c  7 -- 81 e5 70 -- -- b5 -- 6c -- 27 -- -- 33 44 -- -- a2 73 f3 21 56 8a -- 5f -- 40 -- -- -- -- -- -- -- cf --  e -- -- -- d5 4f 1d -- e0 -- -- 48 -- ef bd -- -- -- d8 -- -- -- 4e -- -- -- -- -- 66 -- 88 -- -- d4 -- -- 93 35 e6 -- 31 -- 42 72 ac 59 c3 79 -- fe be -- -- -- 80 -- -- f7 -- -- -- -- -- -- -- 12 -- -- -- -- 49 -- -- -- 1c -- -- 74 -- 4b -- -- 7d 9a 9e 2e 3a -- -- -- 17 4d -- ce -- -- 90 -- -- --  9 -- ad -- -- -- -- -- -- 8d 67 cd -- -- -- -- -- -- 9c 24 -- -- -- -- -- -- -- -- -- -- cc -- -- -- c7 39 -- -- -- -- 7f d7 -- -- -- -- f1 -- 6a -- 1b -- -- -- 62 96 -- -- 84 5c e4 eb 8f e3 b2 fa 51 -- f2 -- -- -- 2b 92 ab e8 -- -- -- -- -- 38 

solutions so far:0 maxDepth:10 
iterations:35391761  skipped: 7 
Depth skipped: 
0 0 7 0 0 0 0 0 0 0 0 0 0 0 0 0 0 0 0 0 0 0 0 0 0 0 0 0 0 0 0 0 

running time: 4200 sec
 depth:7
 0  1  2  3  4  5  6  7  8  9  a  b  c  d  e  f 10 11 12 13 14 15 16 17 18 19 1a 1b 1c 1d 1e 1f 20 21 22 23 24 25 26 27 28 29 2a 2b 2c 2d 2e 2f 30 31 32 33 34 35 36 37 38 39 3a 3b 3c 3d 3e 3f 40 41 42 43 44 45 46 47 48 49 4a 4b 4c 4d 4e 4f 50 51 52 53 54 55 56 57 58 59 5a 5b 5c 5d 5e 5f 60 61 62 63 64 65 66 67 68 69 6a 6b 6c 6d 6e 6f 70 71 72 73 74 75 76 77 78 79 7a 7b 7c 7d 7e 7f 80 81 82 83 84 85 86 87 88 89 8a 8b 8c 8d 8e 8f 90 91 92 93 94 95 96 97 98 99 9a 9b 9c 9d 9e 9f a0 a1 a2 a3 a4 a5 a6 a7 a8 a9 aa ab ac ad ae af b0 b1 b2 b3 b4 b5 b6 b7 b8 b9 ba bb bc bd be bf c0 c1 c2 c3 c4 c5 c6 c7 c8 c9 ca cb cc cd ce cf d0 d1 d2 d3 d4 d5 d6 d7 d8 d9 da db dc dd de df e0 e1 e2 e3 e4 e5 e6 e7 e8 e9 ea eb ec ed ee ef f0 f1 f2 f3 f4 f5 f6 f7 f8 f9 fa fb fc fd fe ff 
 0  1  2 1f  4 b4 3e 14  8 2e bf bc 7c 7a 28 1a 10 -- 5c -- a9 -- af 25 f8 -- f4 -- 50 9f 34 e8 20 -- -- -- b8 c6 -- 38 85 a1 -- -- 89 -- 4a -- 27 -- -- 33 3f -- -- ee a0 1d e9 9d 68 --  7 -- 40 -- -- -- -- -- -- -- a7 -- 5b -- -- -- 70 4f dd -- 95 -- -- 48 -- ef c5 -- -- -- 94 -- -- -- 4e -- -- -- -- -- 66 -- 7e -- -- b0 -- --  b 2c 97 -- 3a --  5 72 ed 2f d0 79 -- b9  e -- -- -- 80 -- -- f7 -- -- -- -- -- -- -- 12 -- -- -- -- 99 -- -- -- b6 -- -- da -- 52 -- -- e0 f5 9e 2d 6d -- -- -- fd 91 -- 29 -- -- 90 -- -- --  9 -- 5d -- -- -- -- -- -- ba ff a3 -- -- -- -- -- -- 9c 24 -- -- -- -- -- -- -- -- -- -- cc -- -- -- fc 39 -- -- -- -- b7 d7 -- -- -- -- 16 -- 58 -- f9 -- -- -- 74 a4 -- --  a 5a e4 eb  d 3d 5e 17 77 -- f2 -- -- -- a5 e5 1c 63 -- -- -- -- -- bb 

solutions so far:0 maxDepth:10 
iterations:38768249  skipped: 7 
Depth skipped: 
0 0 7 0 0 0 0 0 0 0 0 0 0 0 0 0 0 0 0 0 0 0 0 0 0 0 0 0 0 0 0 0 

running time: 4500 sec
 depth:6
 0  1  2  3  4  5  6  7  8  9  a  b  c  d  e  f 10 11 12 13 14 15 16 17 18 19 1a 1b 1c 1d 1e 1f 20 21 22 23 24 25 26 27 28 29 2a 2b 2c 2d 2e 2f 30 31 32 33 34 35 36 37 38 39 3a 3b 3c 3d 3e 3f 40 41 42 43 44 45 46 47 48 49 4a 4b 4c 4d 4e 4f 50 51 52 53 54 55 56 57 58 59 5a 5b 5c 5d 5e 5f 60 61 62 63 64 65 66 67 68 69 6a 6b 6c 6d 6e 6f 70 71 72 73 74 75 76 77 78 79 7a 7b 7c 7d 7e 7f 80 81 82 83 84 85 86 87 88 89 8a 8b 8c 8d 8e 8f 90 91 92 93 94 95 96 97 98 99 9a 9b 9c 9d 9e 9f a0 a1 a2 a3 a4 a5 a6 a7 a8 a9 aa ab ac ad ae af b0 b1 b2 b3 b4 b5 b6 b7 b8 b9 ba bb bc bd be bf c0 c1 c2 c3 c4 c5 c6 c7 c8 c9 ca cb cc cd ce cf d0 d1 d2 d3 d4 d5 d6 d7 d8 d9 da db dc dd de df e0 e1 e2 e3 e4 e5 e6 e7 e8 e9 ea eb ec ed ee ef f0 f1 f2 f3 f4 f5 f6 f7 f8 f9 fa fb fc fd fe ff 
 0  1  2 1f  4 af 3e  e  8 c0 89 81 7c f3 1c -- 10 -- 57 -- c5 -- d5 2e f8 -- 31 -- 38 3a -- 75 20 -- -- -- ae 3d --  c 5d 7e -- -- 7d -- 5c -- 27 -- -- 33 62 -- -- -- 70 aa 74 -- -- -- ea -- 40 -- -- -- -- -- -- -- 8b -- 7a -- -- -- 18 4f ba -- fc -- -- 48 -- ef fa -- -- -- b8 -- -- -- 4e -- -- -- -- -- 66 -- c4 -- -- -- -- -- -- -- e0 -- 83 -- e8 72 -- be -- 79 -- --  3 -- -- -- 80 -- -- f7 -- -- -- -- -- -- -- 12 -- -- -- -- c1 -- -- -- f4 -- -- 91 -- e5 -- -- 30 49 9e 5e a3 -- -- -- 2f cf -- 99 -- -- 90 -- -- --  9 -- 23 -- -- -- -- -- -- 46 a7 8c -- -- -- -- -- -- 9c 24 -- -- -- -- -- -- -- -- -- -- cc -- -- -- 5f 39 -- -- -- -- -- d7 -- -- -- -- -- -- -- -- 17 -- -- -- d1 1d -- --  7 bc e4 eb -- 92 ab 60 -- -- f2 -- -- -- -- 55  6 f5 -- -- -- -- -- 3f 

solutions so far:0 maxDepth:10 
iterations:42212575  skipped: 7 
Depth skipped: 
0 0 7 0 0 0 0 0 0 0 0 0 0 0 0 0 0 0 0 0 0 0 0 0 0 0 0 0 0 0 0 0 

running time: 4800 sec
 depth:7
 0  1  2  3  4  5  6  7  8  9  a  b  c  d  e  f 10 11 12 13 14 15 16 17 18 19 1a 1b 1c 1d 1e 1f 20 21 22 23 24 25 26 27 28 29 2a 2b 2c 2d 2e 2f 30 31 32 33 34 35 36 37 38 39 3a 3b 3c 3d 3e 3f 40 41 42 43 44 45 46 47 48 49 4a 4b 4c 4d 4e 4f 50 51 52 53 54 55 56 57 58 59 5a 5b 5c 5d 5e 5f 60 61 62 63 64 65 66 67 68 69 6a 6b 6c 6d 6e 6f 70 71 72 73 74 75 76 77 78 79 7a 7b 7c 7d 7e 7f 80 81 82 83 84 85 86 87 88 89 8a 8b 8c 8d 8e 8f 90 91 92 93 94 95 96 97 98 99 9a 9b 9c 9d 9e 9f a0 a1 a2 a3 a4 a5 a6 a7 a8 a9 aa ab ac ad ae af b0 b1 b2 b3 b4 b5 b6 b7 b8 b9 ba bb bc bd be bf c0 c1 c2 c3 c4 c5 c6 c7 c8 c9 ca cb cc cd ce cf d0 d1 d2 d3 d4 d5 d6 d7 d8 d9 da db dc dd de df e0 e1 e2 e3 e4 e5 e6 e7 e8 e9 ea eb ec ed ee ef f0 f1 f2 f3 f4 f5 f6 f7 f8 f9 fa fb fc fd fe ff 
 0  1  2 1f  4 a8 3e 56  8 d0 87 55 7c 30 ac 11 10 -- 77 -- d9 -- aa c3 f8 -- 60 -- 8f d4 22 b9 20 -- -- -- ee 61 --  d 65 9b -- -- 83 -- 51 -- 27 -- -- 33 c0 -- -- 59 c9 58 7f 4d 44 -- a5 -- 40 -- -- -- -- -- -- --  b -- c2 -- -- -- 1a 4f ca -- e1 -- -- 48 -- ef d1 -- -- -- a2 -- -- -- 4e -- -- -- -- -- 66 -- 57 -- -- bd -- -- b2 b1 45 -- b0 -- fe 72 9a 8b 88 79 -- 8d 9d -- -- -- 80 -- -- f7 -- -- -- -- -- -- -- 12 -- -- -- -- 16 -- -- -- 53 -- -- 86 -- 35 -- -- 34  c 9e 2a 43 -- -- -- 15  6 -- f1 -- -- 90 -- -- --  9 -- 75 -- -- -- -- -- -- ea 93  3 -- -- -- -- -- -- 9c 24 -- -- -- -- -- -- -- -- -- -- cc -- -- -- ae 39 -- -- -- -- ad d7 -- -- -- -- b3 -- b5 -- 8a -- -- -- b7 6a -- -- 2b 54 e4 eb e3 18 c1 68 c7 -- f2 -- -- -- cd 2c ed db -- -- -- -- -- a6 

solutions so far:0 maxDepth:10 
iterations:45918039  skipped: 7 
Depth skipped: 
0 0 7 0 0 0 0 0 0 0 0 0 0 0 0 0 0 0 0 0 0 0 0 0 0 0 0 0 0 0 0 0 

running time: 5100 sec
 depth:7
 0  1  2  3  4  5  6  7  8  9  a  b  c  d  e  f 10 11 12 13 14 15 16 17 18 19 1a 1b 1c 1d 1e 1f 20 21 22 23 24 25 26 27 28 29 2a 2b 2c 2d 2e 2f 30 31 32 33 34 35 36 37 38 39 3a 3b 3c 3d 3e 3f 40 41 42 43 44 45 46 47 48 49 4a 4b 4c 4d 4e 4f 50 51 52 53 54 55 56 57 58 59 5a 5b 5c 5d 5e 5f 60 61 62 63 64 65 66 67 68 69 6a 6b 6c 6d 6e 6f 70 71 72 73 74 75 76 77 78 79 7a 7b 7c 7d 7e 7f 80 81 82 83 84 85 86 87 88 89 8a 8b 8c 8d 8e 8f 90 91 92 93 94 95 96 97 98 99 9a 9b 9c 9d 9e 9f a0 a1 a2 a3 a4 a5 a6 a7 a8 a9 aa ab ac ad ae af b0 b1 b2 b3 b4 b5 b6 b7 b8 b9 ba bb bc bd be bf c0 c1 c2 c3 c4 c5 c6 c7 c8 c9 ca cb cc cd ce cf d0 d1 d2 d3 d4 d5 d6 d7 d8 d9 da db dc dd de df e0 e1 e2 e3 e4 e5 e6 e7 e8 e9 ea eb ec ed ee ef f0 f1 f2 f3 f4 f5 f6 f7 f8 f9 fa fb fc fd fe ff 
 0  1  2 1f  4 9f 3e d5  8 57 e9 6b 7c 78 7d 2c 10 -- ae --  5 -- d6 cf f8 -- f0 -- fa 5f 58 ea 20 -- -- -- 8b 97 -- 18  a 94 -- -- 7b -- 49 -- 27 -- -- 33 37 -- -- a5 23 83 be ee b0 --  3 -- 40 -- -- -- -- -- -- -- c1 -- f9 -- -- -- 30 4f 14 -- ff -- -- 48 -- ef f6 -- -- -- 92 -- -- -- 4e -- -- -- -- -- 66 -- 6e -- -- 34 -- -- 9d  d 46 -- d1 -- ab 72  b 6f b7 79 -- d0  6 -- -- -- 80 -- -- f7 -- -- -- -- -- -- -- 12 -- -- -- -- 55 -- -- -- 25 -- -- 50 -- 62 -- -- 60 1e 9e 52 28 -- -- -- 29  f -- 31 -- -- 90 -- -- --  9 -- 3b -- -- -- -- -- -- 76 f3 ec -- -- -- -- -- -- 9c 24 -- -- -- -- -- -- -- -- -- -- cc -- -- -- dc 39 -- -- -- -- 68 d7 -- -- -- -- ed -- 1a -- 8c -- -- -- 75 c4 -- -- 81 a4 e4 eb 16 3c de c0 b9 -- f2 -- -- -- 77 aa  c a0 -- -- -- -- -- 4a 

solutions so far:0 maxDepth:10 
iterations:50052839  skipped: 9 
Depth skipped: 
0 0 9 0 0 0 0 0 0 0 0 0 0 0 0 0 0 0 0 0 0 0 0 0 0 0 0 0 0 0 0 0 

running time: 5400 sec
 depth:7
 0  1  2  3  4  5  6  7  8  9  a  b  c  d  e  f 10 11 12 13 14 15 16 17 18 19 1a 1b 1c 1d 1e 1f 20 21 22 23 24 25 26 27 28 29 2a 2b 2c 2d 2e 2f 30 31 32 33 34 35 36 37 38 39 3a 3b 3c 3d 3e 3f 40 41 42 43 44 45 46 47 48 49 4a 4b 4c 4d 4e 4f 50 51 52 53 54 55 56 57 58 59 5a 5b 5c 5d 5e 5f 60 61 62 63 64 65 66 67 68 69 6a 6b 6c 6d 6e 6f 70 71 72 73 74 75 76 77 78 79 7a 7b 7c 7d 7e 7f 80 81 82 83 84 85 86 87 88 89 8a 8b 8c 8d 8e 8f 90 91 92 93 94 95 96 97 98 99 9a 9b 9c 9d 9e 9f a0 a1 a2 a3 a4 a5 a6 a7 a8 a9 aa ab ac ad ae af b0 b1 b2 b3 b4 b5 b6 b7 b8 b9 ba bb bc bd be bf c0 c1 c2 c3 c4 c5 c6 c7 c8 c9 ca cb cc cd ce cf d0 d1 d2 d3 d4 d5 d6 d7 d8 d9 da db dc dd de df e0 e1 e2 e3 e4 e5 e6 e7 e8 e9 ea eb ec ed ee ef f0 f1 f2 f3 f4 f5 f6 f7 f8 f9 fa fb fc fd fe ff 
 0  1  2 1f  4 94 3e b1  8 76 ff cf 7c 81 b5 da 10 -- ec -- 29 -- 49 4d f8 -- d5 -- bd c7 63 dc 20 -- -- --  f  a -- d6 52 a0 -- -- 92 -- 9a -- 27 -- -- 33 7d -- -- bb ad f0 59 85 c6 -- 6f -- 40 -- -- -- -- -- -- -- 1e -- 14 -- -- -- 7b 4f a4 -- 97 -- -- 48 -- ef f3 -- -- -- e3 -- -- -- 4e -- -- -- -- -- 66 -- fa -- -- 5a -- -- a1 fd 8d -- 37 -- b2 72 dd 46 5b 79 -- bf de -- -- -- 80 -- -- f7 -- -- -- -- -- -- -- 12 -- -- -- -- 3c -- -- -- 28 -- -- e9 -- 44 -- -- f6 be 9e 25 9f -- -- -- f9 5f -- 22 -- -- 90 -- -- --  9 -- 31 -- -- -- -- -- -- 62 11 c4 -- -- -- -- -- -- 9c 24 -- -- -- -- -- -- -- -- -- -- cc -- -- -- 23 39 -- -- -- -- b4 d7 -- -- -- -- 95 -- 2d -- cd -- -- -- 6e 88 -- -- b3 4a e4 eb 6d ab 8c 3b b6 -- f2 -- -- -- a9 78 6b  5 -- -- -- -- -- 50 

solutions so far:0 maxDepth:10 
iterations:53749928  skipped: 11 
Depth skipped: 
0 0 11 0 0 0 0 0 0 0 0 0 0 0 0 0 0 0 0 0 0 0 0 0 0 0 0 0 0 0 0 0 

running time: 5700 sec
 depth:7
 0  1  2  3  4  5  6  7  8  9  a  b  c  d  e  f 10 11 12 13 14 15 16 17 18 19 1a 1b 1c 1d 1e 1f 20 21 22 23 24 25 26 27 28 29 2a 2b 2c 2d 2e 2f 30 31 32 33 34 35 36 37 38 39 3a 3b 3c 3d 3e 3f 40 41 42 43 44 45 46 47 48 49 4a 4b 4c 4d 4e 4f 50 51 52 53 54 55 56 57 58 59 5a 5b 5c 5d 5e 5f 60 61 62 63 64 65 66 67 68 69 6a 6b 6c 6d 6e 6f 70 71 72 73 74 75 76 77 78 79 7a 7b 7c 7d 7e 7f 80 81 82 83 84 85 86 87 88 89 8a 8b 8c 8d 8e 8f 90 91 92 93 94 95 96 97 98 99 9a 9b 9c 9d 9e 9f a0 a1 a2 a3 a4 a5 a6 a7 a8 a9 aa ab ac ad ae af b0 b1 b2 b3 b4 b5 b6 b7 b8 b9 ba bb bc bd be bf c0 c1 c2 c3 c4 c5 c6 c7 c8 c9 ca cb cc cd ce cf d0 d1 d2 d3 d4 d5 d6 d7 d8 d9 da db dc dd de df e0 e1 e2 e3 e4 e5 e6 e7 e8 e9 ea eb ec ed ee ef f0 f1 f2 f3 f4 f5 f6 f7 f8 f9 fa fb fc fd fe ff 
 0  1  2 1f  4 8c 3e 7e  8 59 cf f1 7c c9 fc c0 10 -- b2 -- 49 -- 35 89 f8 -- 45 -- 2f 3d 57 4d 20 -- -- -- b3 5f -- 22 92 d5 -- -- 6a -- c5 -- 27 -- -- 33 8a -- -- 55 5e ad 7a 18 ae -- 9a -- 40 -- -- -- -- -- -- -- b1 -- be -- -- -- 44 4f f3 -- 7d -- -- 48 -- ef d4 -- -- -- 5d -- -- -- 4e -- -- -- -- -- 66 -- c3 -- -- ea -- -- aa d1 bc -- 8d -- f4 72 30 a2 8b 79 --  6 e3 -- -- -- 80 -- -- f7 -- -- -- -- -- -- -- 12 -- -- -- -- b5 -- -- -- ab -- -- 62 -- 91 -- -- 88 ac 9e 23 31 -- -- -- fa 56 -- a3 -- -- 90 -- -- --  9 -- 7f -- -- -- -- -- -- fe ba 2b -- -- -- -- -- -- 9c 24 -- -- -- -- -- -- -- -- -- -- cc -- -- -- 51 39 -- -- -- --  3 d7 -- -- -- -- 83 -- 75 -- af -- -- -- cd f5 -- -- 3f 46 e4 eb 60 8f 93 c7 c1 -- f2 -- -- --  c bd 11 c4 -- -- -- -- -- 81 

solutions so far:0 maxDepth:10 
iterations:57976893  skipped: 11 
Depth skipped: 
0 0 11 0 0 0 0 0 0 0 0 0 0 0 0 0 0 0 0 0 0 0 0 0 0 0 0 0 0 0 0 0 

running time: 6000 sec
 depth:7
 0  1  2  3  4  5  6  7  8  9  a  b  c  d  e  f 10 11 12 13 14 15 16 17 18 19 1a 1b 1c 1d 1e 1f 20 21 22 23 24 25 26 27 28 29 2a 2b 2c 2d 2e 2f 30 31 32 33 34 35 36 37 38 39 3a 3b 3c 3d 3e 3f 40 41 42 43 44 45 46 47 48 49 4a 4b 4c 4d 4e 4f 50 51 52 53 54 55 56 57 58 59 5a 5b 5c 5d 5e 5f 60 61 62 63 64 65 66 67 68 69 6a 6b 6c 6d 6e 6f 70 71 72 73 74 75 76 77 78 79 7a 7b 7c 7d 7e 7f 80 81 82 83 84 85 86 87 88 89 8a 8b 8c 8d 8e 8f 90 91 92 93 94 95 96 97 98 99 9a 9b 9c 9d 9e 9f a0 a1 a2 a3 a4 a5 a6 a7 a8 a9 aa ab ac ad ae af b0 b1 b2 b3 b4 b5 b6 b7 b8 b9 ba bb bc bd be bf c0 c1 c2 c3 c4 c5 c6 c7 c8 c9 ca cb cc cd ce cf d0 d1 d2 d3 d4 d5 d6 d7 d8 d9 da db dc dd de df e0 e1 e2 e3 e4 e5 e6 e7 e8 e9 ea eb ec ed ee ef f0 f1 f2 f3 f4 f5 f6 f7 f8 f9 fa fb fc fd fe ff 
 0  1  2 1f  4 85 3e f1  8 d2 dd 89 7c 3f 35 b8 10 -- 73 -- 6d -- c5 2b f8 -- 7e -- 6a c3 a7 4b 20 -- -- -- e6 bb -- 42 da 2d -- -- 5d -- 56 -- 27 -- -- 33 fc -- -- 3a d4 d8 51 17 99 -- 96 -- 40 -- -- -- -- -- -- -- 1b -- a1 -- -- -- 84 4f 63 -- 5a -- -- 48 -- ef ba -- -- -- ac -- -- -- 4e -- -- -- -- -- 66 -- 2f -- -- 1c -- -- 74  7 7f -- 67 -- a2 72 2e bc e5 79 -- 70 fb -- -- -- 80 -- -- f7 -- -- -- -- -- -- -- 12 -- -- -- -- 36 -- -- -- 95 -- -- 5b -- 45 -- -- df 7a 9e bf c6 -- -- -- b4 3d -- c9 -- -- 90 -- -- --  9 -- a3 -- -- -- -- -- -- 91 8f f5 -- -- -- -- -- -- 9c 24 -- -- -- -- -- -- -- -- -- -- cc -- -- -- 5e 39 -- -- -- -- 38 d7 -- -- -- -- e8 --  e -- fe -- -- -- ce 8a -- -- 93 a9 e4 eb 5c f4 af 69 1d -- f2 -- -- -- e0 6c 21 b6 -- -- -- -- -- fd 

solutions so far:0 maxDepth:10 
iterations:62485069  skipped: 11 
Depth skipped: 
0 0 11 0 0 0 0 0 0 0 0 0 0 0 0 0 0 0 0 0 0 0 0 0 0 0 0 0 0 0 0 0 

running time: 6300 sec
 depth:7
 0  1  2  3  4  5  6  7  8  9  a  b  c  d  e  f 10 11 12 13 14 15 16 17 18 19 1a 1b 1c 1d 1e 1f 20 21 22 23 24 25 26 27 28 29 2a 2b 2c 2d 2e 2f 30 31 32 33 34 35 36 37 38 39 3a 3b 3c 3d 3e 3f 40 41 42 43 44 45 46 47 48 49 4a 4b 4c 4d 4e 4f 50 51 52 53 54 55 56 57 58 59 5a 5b 5c 5d 5e 5f 60 61 62 63 64 65 66 67 68 69 6a 6b 6c 6d 6e 6f 70 71 72 73 74 75 76 77 78 79 7a 7b 7c 7d 7e 7f 80 81 82 83 84 85 86 87 88 89 8a 8b 8c 8d 8e 8f 90 91 92 93 94 95 96 97 98 99 9a 9b 9c 9d 9e 9f a0 a1 a2 a3 a4 a5 a6 a7 a8 a9 aa ab ac ad ae af b0 b1 b2 b3 b4 b5 b6 b7 b8 b9 ba bb bc bd be bf c0 c1 c2 c3 c4 c5 c6 c7 c8 c9 ca cb cc cd ce cf d0 d1 d2 d3 d4 d5 d6 d7 d8 d9 da db dc dd de df e0 e1 e2 e3 e4 e5 e6 e7 e8 e9 ea eb ec ed ee ef f0 f1 f2 f3 f4 f5 f6 f7 f8 f9 fa fb fc fd fe ff 
 0  1  2 1f  4 7e 3e 62  8 74 fc d1 7c 57 c4 fe 10 -- e8 -- 2f -- 75 d5 f8 -- ae -- 5f 49 2b 2e 20 -- -- --  7 5d -- 99 5e f5 -- -- ea -- 7d -- 27 -- -- 33 8b -- -- c9 be 70 92 6a 56 -- 5c -- 40 -- -- -- -- -- -- --  e -- ba -- -- -- e5 4f bc -- 3d -- -- 48 -- ef  3 -- -- -- fa -- -- -- 4e -- -- -- -- -- 66 -- c1 -- -- a2 -- -- 45 c3 ab -- e0 -- f3 72 d4 aa ac 79 -- f1 b8 -- -- -- 80 -- -- f7 -- -- -- -- -- -- -- 12 -- -- -- -- 1c -- -- -- a3 -- -- 89 -- 8c -- -- 1d 60 9e f4 af -- -- -- 7a 30 -- 46 -- -- 90 -- -- --  9 --  6 -- -- -- -- -- --  c 23 18 -- -- -- -- -- -- 9c 24 -- -- -- -- -- -- -- -- -- -- cc -- -- -- 55 39 -- -- -- -- 93 d7 -- -- -- -- 8a -- 51 -- 81 -- -- -- 17 cf -- -- 31 3f e4 eb 7f c0 83 3a 8f -- f2 -- -- -- 35 38 a7 c5 -- -- -- -- -- 91 

solutions so far:0 maxDepth:10 
iterations:66452094  skipped: 12 
Depth skipped: 
0 0 12 0 0 0 0 0 0 0 0 0 0 0 0 0 0 0 0 0 0 0 0 0 0 0 0 0 0 0 0 0 

running time: 6600 sec
 depth:7
 0  1  2  3  4  5  6  7  8  9  a  b  c  d  e  f 10 11 12 13 14 15 16 17 18 19 1a 1b 1c 1d 1e 1f 20 21 22 23 24 25 26 27 28 29 2a 2b 2c 2d 2e 2f 30 31 32 33 34 35 36 37 38 39 3a 3b 3c 3d 3e 3f 40 41 42 43 44 45 46 47 48 49 4a 4b 4c 4d 4e 4f 50 51 52 53 54 55 56 57 58 59 5a 5b 5c 5d 5e 5f 60 61 62 63 64 65 66 67 68 69 6a 6b 6c 6d 6e 6f 70 71 72 73 74 75 76 77 78 79 7a 7b 7c 7d 7e 7f 80 81 82 83 84 85 86 87 88 89 8a 8b 8c 8d 8e 8f 90 91 92 93 94 95 96 97 98 99 9a 9b 9c 9d 9e 9f a0 a1 a2 a3 a4 a5 a6 a7 a8 a9 aa ab ac ad ae af b0 b1 b2 b3 b4 b5 b6 b7 b8 b9 ba bb bc bd be bf c0 c1 c2 c3 c4 c5 c6 c7 c8 c9 ca cb cc cd ce cf d0 d1 d2 d3 d4 d5 d6 d7 d8 d9 da db dc dd de df e0 e1 e2 e3 e4 e5 e6 e7 e8 e9 ea eb ec ed ee ef f0 f1 f2 f3 f4 f5 f6 f7 f8 f9 fa fb fc fd fe ff 
 0  1  2 1f  4 76 3e a4  8 44 ec bc 7c 7a 9f 69 10 -- 88 --  f -- af 28 f8 -- f4 -- e9 94 d2 ad 20 -- -- -- c7 6e -- 9a 1e 6b -- -- 89 -- 50 -- 27 -- -- 33 3f -- -- 36  5 b1 ff 42 73 -- 8d -- 40 -- -- -- -- -- -- -- 59 -- dc -- -- -- e3 4f 3c -- d6 -- -- 48 -- ef c5 -- -- -- a0 -- -- -- 4e -- -- -- -- -- 66 -- 7e -- -- 4b -- -- 6c 67  a -- b5 -- 29 72 84 2f e6 79 -- fb cd -- -- -- 80 -- -- f7 -- -- -- -- -- -- -- 12 -- -- -- -- b2 -- -- -- 6f -- -- f0 -- 25 -- -- 11 f5 9e f6 78 -- -- -- 7b 91 -- f9 -- -- 90 -- -- --  9 -- 5d -- -- -- -- -- -- ba 97 a3 -- -- -- -- -- -- 9c 24 -- -- -- -- -- -- -- -- -- -- cc -- -- -- fc 39 -- -- -- -- 96 d7 -- -- -- -- d8 -- ce -- 14 -- -- -- bd 4a -- -- 52 3b e4 eb df 3d 5e 22 1b -- f2 -- -- -- 21 b3 4d 37 -- -- -- -- -- de 

solutions so far:0 maxDepth:10 
iterations:69790185  skipped: 13 
Depth skipped: 
0 0 13 0 0 0 0 0 0 0 0 0 0 0 0 0 0 0 0 0 0 0 0 0 0 0 0 0 0 0 0 0 

running time: 6900 sec
 depth:7
 0  1  2  3  4  5  6  7  8  9  a  b  c  d  e  f 10 11 12 13 14 15 16 17 18 19 1a 1b 1c 1d 1e 1f 20 21 22 23 24 25 26 27 28 29 2a 2b 2c 2d 2e 2f 30 31 32 33 34 35 36 37 38 39 3a 3b 3c 3d 3e 3f 40 41 42 43 44 45 46 47 48 49 4a 4b 4c 4d 4e 4f 50 51 52 53 54 55 56 57 58 59 5a 5b 5c 5d 5e 5f 60 61 62 63 64 65 66 67 68 69 6a 6b 6c 6d 6e 6f 70 71 72 73 74 75 76 77 78 79 7a 7b 7c 7d 7e 7f 80 81 82 83 84 85 86 87 88 89 8a 8b 8c 8d 8e 8f 90 91 92 93 94 95 96 97 98 99 9a 9b 9c 9d 9e 9f a0 a1 a2 a3 a4 a5 a6 a7 a8 a9 aa ab ac ad ae af b0 b1 b2 b3 b4 b5 b6 b7 b8 b9 ba bb bc bd be bf c0 c1 c2 c3 c4 c5 c6 c7 c8 c9 ca cb cc cd ce cf d0 d1 d2 d3 d4 d5 d6 d7 d8 d9 da db dc dd de df e0 e1 e2 e3 e4 e5 e6 e7 e8 e9 ea eb ec ed ee ef f0 f1 f2 f3 f4 f5 f6 f7 f8 f9 fa fb fc fd fe ff 
 0  1  2 1f  4 6c 3e d0  8 c3 d8 59 7c 9a 77 7d 10 -- 51 -- 67 -- b2 58 f8 -- e3 -- ee  d fa fe 20 -- -- -- a2 42 -- 8f ce d2 -- -- b3 -- b0 -- 27 -- -- 33 11 -- -- cf  b 6a 1a ab 23 -- 2b -- 40 -- -- -- -- -- -- -- 93 -- 84 -- -- -- c9 4f 4b -- 73 -- -- 48 -- ef b1 -- -- -- b7 -- -- -- 4e -- -- -- -- -- 66 -- 22 -- -- 62 -- -- 49 f3 16 -- d4 -- 34 72 81 88 46 79 -- 5f 56 -- -- -- 80 -- -- f7 -- -- -- -- -- -- -- 12 -- -- -- -- f1 -- -- -- df -- -- fb -- 9d -- -- 45 cd 9e 1b 96 -- -- -- e6 8d -- a5 -- -- 90 -- -- --  9 -- b5 -- -- -- -- -- -- bd b9 ad -- -- -- -- -- -- 9c 24 -- -- -- -- -- -- -- -- -- -- cc -- -- -- 44 39 -- -- -- -- c4 d7 -- -- -- -- 92 -- 31 -- 2c -- -- -- 7f ed -- -- 68 36 e4 eb d5 4d c7 8a 8c -- f2 -- -- -- be 35 ac 21 -- -- -- -- -- 69 

solutions so far:0 maxDepth:10 
iterations:74627099  skipped: 13 
Depth skipped: 
0 0 13 0 0 0 0 0 0 0 0 0 0 0 0 0 0 0 0 0 0 0 0 0 0 0 0 0 0 0 0 0 

running time: 7200 sec
 depth:7
 0  1  2  3  4  5  6  7  8  9  a  b  c  d  e  f 10 11 12 13 14 15 16 17 18 19 1a 1b 1c 1d 1e 1f 20 21 22 23 24 25 26 27 28 29 2a 2b 2c 2d 2e 2f 30 31 32 33 34 35 36 37 38 39 3a 3b 3c 3d 3e 3f 40 41 42 43 44 45 46 47 48 49 4a 4b 4c 4d 4e 4f 50 51 52 53 54 55 56 57 58 59 5a 5b 5c 5d 5e 5f 60 61 62 63 64 65 66 67 68 69 6a 6b 6c 6d 6e 6f 70 71 72 73 74 75 76 77 78 79 7a 7b 7c 7d 7e 7f 80 81 82 83 84 85 86 87 88 89 8a 8b 8c 8d 8e 8f 90 91 92 93 94 95 96 97 98 99 9a 9b 9c 9d 9e 9f a0 a1 a2 a3 a4 a5 a6 a7 a8 a9 aa ab ac ad ae af b0 b1 b2 b3 b4 b5 b6 b7 b8 b9 ba bb bc bd be bf c0 c1 c2 c3 c4 c5 c6 c7 c8 c9 ca cb cc cd ce cf d0 d1 d2 d3 d4 d5 d6 d7 d8 d9 da db dc dd de df e0 e1 e2 e3 e4 e5 e6 e7 e8 e9 ea eb ec ed ee ef f0 f1 f2 f3 f4 f5 f6 f7 f8 f9 fa fb fc fd fe ff 
 0  1  2 1f  4 5f 3e dc  8 9f be a7 7c 38 6f b6 10 -- e9 -- ab -- 99 f6 f8 -- 70 -- de 78 bb f9 20 -- -- --  5 46 -- ff 81 92 -- -- e5 -- 3b -- 27 -- -- 33 e0 -- -- 2d 6b 50 f0 63 a1 -- 25 -- 40 -- -- -- -- -- -- --  a -- 8c -- -- -- 29 4f d5 -- f3 -- -- 48 -- ef 1d -- -- -- 76 -- -- -- 4e -- -- -- -- -- 66 -- 17 -- -- 85 -- -- 5a bf d6 -- a0 -- 37 72 c6 5c 95 79 -- 6d 4a -- -- -- 80 -- -- f7 -- -- -- -- -- -- -- 12 -- -- -- -- 14 -- -- -- cf -- -- fa -- 1e -- -- 52  e 9e 62 7d -- -- -- 31  7 --  f -- -- 90 -- -- --  9 -- 3a -- -- -- -- -- -- 74 ec e8 -- -- -- -- -- -- 9c 24 -- -- -- -- -- -- -- -- -- -- cc -- -- -- 2e 39 -- -- -- -- dd d7 -- -- -- -- b4 -- a9 -- 7b -- -- -- 97 3c -- -- 6e c4 e4 eb 5b 1c b8 a4 fd -- f2 -- -- -- da 28 94 23 -- -- -- -- -- 49 

solutions so far:0 maxDepth:10 
iterations:80095834  skipped: 15 
Depth skipped: 
0 0 15 0 0 0 0 0 0 0 0 0 0 0 0 0 0 0 0 0 0 0 0 0 0 0 0 0 0 0 0 0 

running time: 7500 sec
 depth:7
 0  1  2  3  4  5  6  7  8  9  a  b  c  d  e  f 10 11 12 13 14 15 16 17 18 19 1a 1b 1c 1d 1e 1f 20 21 22 23 24 25 26 27 28 29 2a 2b 2c 2d 2e 2f 30 31 32 33 34 35 36 37 38 39 3a 3b 3c 3d 3e 3f 40 41 42 43 44 45 46 47 48 49 4a 4b 4c 4d 4e 4f 50 51 52 53 54 55 56 57 58 59 5a 5b 5c 5d 5e 5f 60 61 62 63 64 65 66 67 68 69 6a 6b 6c 6d 6e 6f 70 71 72 73 74 75 76 77 78 79 7a 7b 7c 7d 7e 7f 80 81 82 83 84 85 86 87 88 89 8a 8b 8c 8d 8e 8f 90 91 92 93 94 95 96 97 98 99 9a 9b 9c 9d 9e 9f a0 a1 a2 a3 a4 a5 a6 a7 a8 a9 aa ab ac ad ae af b0 b1 b2 b3 b4 b5 b6 b7 b8 b9 ba bb bc bd be bf c0 c1 c2 c3 c4 c5 c6 c7 c8 c9 ca cb cc cd ce cf d0 d1 d2 d3 d4 d5 d6 d7 d8 d9 da db dc dd de df e0 e1 e2 e3 e4 e5 e6 e7 e8 e9 ea eb ec ed ee ef f0 f1 f2 f3 f4 f5 f6 f7 f8 f9 fa fb fc fd fe ff 
 0  1  2 1f  4 57 3e 2f  8 b7 ae 15 7c db 5e 2e 10 -- b9 -- 8b -- 2a 5d f8 -- 61 -- bc f4 5c d0 20 -- -- -- a5 75 -- 16 c1  c -- -- 54 -- ba -- 27 -- -- 33 c2 -- -- e5 af 1a 3f 70 b8 -- 77 -- 40 -- -- -- -- -- -- -- 9d -- ea -- -- -- 2c 4f 55 -- 18 -- -- 48 -- ef a8 -- -- -- a3 -- -- -- 4e -- -- -- -- -- 66 -- 53 -- --  7 -- -- 1d 74 89 -- 34 -- 7e 72 e0 9b a7 79 -- 1c ee -- -- -- 80 -- -- f7 -- -- -- -- -- -- -- 12 -- -- -- -- ed -- -- --  3 -- -- 83 -- 3d -- -- 58 43 9e 60 aa -- -- -- 30 ca -- f5 -- -- 90 -- -- --  9 -- 87 -- -- -- -- -- -- d9 91 65 -- -- -- -- -- -- 9c 24 -- -- -- -- -- -- -- -- -- -- cc -- -- -- a6 39 -- -- -- --  e d7 -- -- -- -- 3a -- e8 -- c5 -- -- -- 68 7a -- -- fc c0 e4 eb 17 86 e1 b0 99 -- f2 -- -- -- 38  d  b d1 -- -- -- -- --  6 

solutions so far:0 maxDepth:10 
iterations:84751832  skipped: 17 
Depth skipped: 
0 0 17 0 0 0 0 0 0 0 0 0 0 0 0 0 0 0 0 0 0 0 0 0 0 0 0 0 0 0 0 0 

running time: 7800 sec
 depth:6
 0  1  2  3  4  5  6  7  8  9  a  b  c  d  e  f 10 11 12 13 14 15 16 17 18 19 1a 1b 1c 1d 1e 1f 20 21 22 23 24 25 26 27 28 29 2a 2b 2c 2d 2e 2f 30 31 32 33 34 35 36 37 38 39 3a 3b 3c 3d 3e 3f 40 41 42 43 44 45 46 47 48 49 4a 4b 4c 4d 4e 4f 50 51 52 53 54 55 56 57 58 59 5a 5b 5c 5d 5e 5f 60 61 62 63 64 65 66 67 68 69 6a 6b 6c 6d 6e 6f 70 71 72 73 74 75 76 77 78 79 7a 7b 7c 7d 7e 7f 80 81 82 83 84 85 86 87 88 89 8a 8b 8c 8d 8e 8f 90 91 92 93 94 95 96 97 98 99 9a 9b 9c 9d 9e 9f a0 a1 a2 a3 a4 a5 a6 a7 a8 a9 aa ab ac ad ae af b0 b1 b2 b3 b4 b5 b6 b7 b8 b9 ba bb bc bd be bf c0 c1 c2 c3 c4 c5 c6 c7 c8 c9 ca cb cc cd ce cf d0 d1 d2 d3 d4 d5 d6 d7 d8 d9 da db dc dd de df e0 e1 e2 e3 e4 e5 e6 e7 e8 e9 ea eb ec ed ee ef f0 f1 f2 f3 f4 f5 f6 f7 f8 f9 fa fb fc fd fe ff 
 0  1  2 1f  4 50 3e 44  8 36 a0 f1 7c c9 88 -- 10 -- 6c -- 97 -- 35 b1 f8 -- 45 -- c7 9a -- 42 20 -- -- -- d8 29 -- d2 f9 e9 -- -- 6a -- b5 -- 27 -- -- 33 8a -- -- -- 59 96 e3 -- -- -- 84 -- 40 -- -- -- -- -- -- -- 67 -- 52 -- -- -- 73 4f 25 --  5 -- -- 48 -- ef d4 -- -- -- bd -- -- -- 4e -- -- -- -- -- 66 -- c3 -- -- -- -- -- -- -- b2 -- fb -- 11 72 -- a2 -- 79 -- -- df -- -- -- 80 -- -- f7 -- -- -- -- -- -- -- 12 -- -- -- -- ce -- -- -- a4 -- -- 94 -- cd -- -- e6 ac 9e 14 4a -- -- --  a 56 -- 8d -- -- 90 -- -- --  9 -- 7f -- -- -- -- -- -- fe ad 2b -- -- -- -- -- -- 9c 24 -- -- -- -- -- -- -- -- -- -- cc -- -- -- 51 39 -- -- -- -- -- d7 -- -- -- -- -- -- -- -- b3 -- -- -- 21 4d -- -- 22 28 e4 eb -- 8f 93 1b -- -- f2 -- -- -- -- 4b 69 ff -- -- -- -- -- 9f 

solutions so far:0 maxDepth:10 
iterations:89743736  skipped: 17 
Depth skipped: 
0 0 17 0 0 0 0 0 0 0 0 0 0 0 0 0 0 0 0 0 0 0 0 0 0 0 0 0 0 0 0 0 

running time: 8100 sec
 depth:7
 0  1  2  3  4  5  6  7  8  9  a  b  c  d  e  f 10 11 12 13 14 15 16 17 18 19 1a 1b 1c 1d 1e 1f 20 21 22 23 24 25 26 27 28 29 2a 2b 2c 2d 2e 2f 30 31 32 33 34 35 36 37 38 39 3a 3b 3c 3d 3e 3f 40 41 42 43 44 45 46 47 48 49 4a 4b 4c 4d 4e 4f 50 51 52 53 54 55 56 57 58 59 5a 5b 5c 5d 5e 5f 60 61 62 63 64 65 66 67 68 69 6a 6b 6c 6d 6e 6f 70 71 72 73 74 75 76 77 78 79 7a 7b 7c 7d 7e 7f 80 81 82 83 84 85 86 87 88 89 8a 8b 8c 8d 8e 8f 90 91 92 93 94 95 96 97 98 99 9a 9b 9c 9d 9e 9f a0 a1 a2 a3 a4 a5 a6 a7 a8 a9 aa ab ac ad ae af b0 b1 b2 b3 b4 b5 b6 b7 b8 b9 ba bb bc bd be bf c0 c1 c2 c3 c4 c5 c6 c7 c8 c9 ca cb cc cd ce cf d0 d1 d2 d3 d4 d5 d6 d7 d8 d9 da db dc dd de df e0 e1 e2 e3 e4 e5 e6 e7 e8 e9 ea eb ec ed ee ef f0 f1 f2 f3 f4 f5 f6 f7 f8 f9 fa fb fc fd fe ff 
 0  1  2 1f  4 43 3e a7  8 63 86 c7 7c 4d 99 81 10 -- c6 -- db -- 59 e8 f8 -- 9a -- e5 17 d5 5a 20 -- -- -- 5b e1 -- 85 61 a8 -- -- b2 --  7 -- 27 -- -- 33 e3 -- -- 46 1d 95 2e 5f 7d -- b4 -- 40 -- -- -- -- -- -- -- b6 -- 15 -- -- -- dd 4f c2 -- 87 -- -- 48 -- ef b3 -- -- --  e -- -- -- 4e -- -- -- -- -- 66 -- 11 -- -- f3 -- -- 8c 49 3a -- fd -- 5c 72 be 44 fa 79 -- 62 bf -- -- -- 80 -- -- f7 -- -- -- -- -- -- -- 12 -- -- -- -- bb -- -- -- 2a -- -- a6 -- 70 -- -- 6d 8d 9e 65 53 -- -- -- d9 ad -- 38 -- -- 90 -- -- --  9 -- b1 -- -- -- -- -- -- b5 1c bd -- -- -- -- -- -- 9c 24 -- -- -- -- -- -- -- -- -- -- cc -- -- -- 22 39 -- -- -- -- 31 d7 -- -- -- -- cf -- 92 -- 74 -- -- -- 2d e0 -- -- b8 ca e4 eb ab cd 88 da 23 -- f2 -- -- -- c4 a1 a9 9b -- -- -- -- -- 54 

solutions so far:0 maxDepth:10 
iterations:95195057  skipped: 18 
Depth skipped: 
0 0 18 0 0 0 0 0 0 0 0 0 0 0 0 0 0 0 0 0 0 0 0 0 0 0 0 0 0 0 0 0 

running time: 8400 sec
 depth:7
 0  1  2  3  4  5  6  7  8  9  a  b  c  d  e  f 10 11 12 13 14 15 16 17 18 19 1a 1b 1c 1d 1e 1f 20 21 22 23 24 25 26 27 28 29 2a 2b 2c 2d 2e 2f 30 31 32 33 34 35 36 37 38 39 3a 3b 3c 3d 3e 3f 40 41 42 43 44 45 46 47 48 49 4a 4b 4c 4d 4e 4f 50 51 52 53 54 55 56 57 58 59 5a 5b 5c 5d 5e 5f 60 61 62 63 64 65 66 67 68 69 6a 6b 6c 6d 6e 6f 70 71 72 73 74 75 76 77 78 79 7a 7b 7c 7d 7e 7f 80 81 82 83 84 85 86 87 88 89 8a 8b 8c 8d 8e 8f 90 91 92 93 94 95 96 97 98 99 9a 9b 9c 9d 9e 9f a0 a1 a2 a3 a4 a5 a6 a7 a8 a9 aa ab ac ad ae af b0 b1 b2 b3 b4 b5 b6 b7 b8 b9 ba bb bc bd be bf c0 c1 c2 c3 c4 c5 c6 c7 c8 c9 ca cb cc cd ce cf d0 d1 d2 d3 d4 d5 d6 d7 d8 d9 da db dc dd de df e0 e1 e2 e3 e4 e5 e6 e7 e8 e9 ea eb ec ed ee ef f0 f1 f2 f3 f4 f5 f6 f7 f8 f9 fa fb fc fd fe ff 
 0  1  2 1f  4 32 3e 78  8 e8 64 21 7c 6c f0 3f 10 --  7 -- c8 -- 42 de f8 -- d8 -- 37 ec 7e 5c 20 -- -- --  e d3 -- e5 47 26 -- -- 84 -- 6b -- 27 -- -- 33 67 -- -- bc 6e e0  f 3d fc -- b8 -- 40 -- -- -- -- -- -- -- 1c -- 71 -- -- -- 1d 4f 8e -- 4c -- -- 48 -- ef df -- -- -- d6 -- -- -- 4e -- -- -- -- -- 66 -- ce -- -- ba -- -- af c5 dc -- 17 -- 1e 72 7a 96 2f 79 -- 91 a7 -- -- -- 80 -- -- f7 -- -- -- -- -- -- -- 12 -- -- -- -- 38 -- -- -- e2 -- -- 41 -- 3b -- -- 3a 1b 9e e7 cb -- -- -- 98 e6 -- f6 -- -- 90 -- -- --  9 -- 69 -- -- -- -- -- -- d2 7b 73 -- -- -- -- -- -- 9c 24 -- -- -- -- -- -- -- -- -- -- cc -- -- -- 4b 39 -- -- -- -- a3 d7 -- -- -- -- 89 -- 5d -- 6f -- -- -- 2e 76 -- -- 3c 19 e4 eb f4 36 fb 74 5e -- f2 -- -- -- f5 70 99 82 -- -- -- -- -- 13 

solutions so far:0 maxDepth:10 
iterations:100434015  skipped: 20 
Depth skipped: 
0 0 20 0 0 0 0 0 0 0 0 0 0 0 0 0 0 0 0 0 0 0 0 0 0 0 0 0 0 0 0 0 

running time: 8700 sec
 depth:8
 0  1  2  3  4  5  6  7  8  9  a  b  c  d  e  f 10 11 12 13 14 15 16 17 18 19 1a 1b 1c 1d 1e 1f 20 21 22 23 24 25 26 27 28 29 2a 2b 2c 2d 2e 2f 30 31 32 33 34 35 36 37 38 39 3a 3b 3c 3d 3e 3f 40 41 42 43 44 45 46 47 48 49 4a 4b 4c 4d 4e 4f 50 51 52 53 54 55 56 57 58 59 5a 5b 5c 5d 5e 5f 60 61 62 63 64 65 66 67 68 69 6a 6b 6c 6d 6e 6f 70 71 72 73 74 75 76 77 78 79 7a 7b 7c 7d 7e 7f 80 81 82 83 84 85 86 87 88 89 8a 8b 8c 8d 8e 8f 90 91 92 93 94 95 96 97 98 99 9a 9b 9c 9d 9e 9f a0 a1 a2 a3 a4 a5 a6 a7 a8 a9 aa ab ac ad ae af b0 b1 b2 b3 b4 b5 b6 b7 b8 b9 ba bb bc bd be bf c0 c1 c2 c3 c4 c5 c6 c7 c8 c9 ca cb cc cd ce cf d0 d1 d2 d3 d4 d5 d6 d7 d8 d9 da db dc dd de df e0 e1 e2 e3 e4 e5 e6 e7 e8 e9 ea eb ec ed ee ef f0 f1 f2 f3 f4 f5 f6 f7 f8 f9 fa fb fc fd fe ff 
 0  1  2 1f  4 28 3e d9  8 7d 50 71 7c c8 65 c3 10  3 fa -- a0 -- e2 61 f8 -- 47 -- ca 2a 51 31 20 --  6 -- 23 ff -- be 97 9f -- -- 13 -- c2 -- 27 -- -- 33 8e -- -- 35 43 49 54 c9 a2 -- 62 -- 40 -- -- --  c -- -- -- 46 -- 29 -- -- d1 ab 4f f9 -- e9 -- -- 48 -- ef 26 60 -- -- 53 -- -- -- 4e -- -- -- -- -- 66 -- cb -- -- 2b -- -- 6a 7f 86 -- 92 -- a8 72 45 82 93 79 -- ac c4 -- -- -- 80 -- -- f7 -- -- -- -- 18 -- -- 12 -- aa -- -- 8c -- -- -- 52 -- -- 4a -- e1 75 -- 81 32 9e  a 25 -- -- --  5 19 -- 9b -- -- 90 -- -- 55  9 -- 4c ae c0 57 -- 8b -- 98 a6 e7 -- -- -- c1 -- -- 9c 24 -- -- -- -- -- 30 -- -- -- -- cc 83 -- -- 41 39 -- -- -- -- 56 d7 -- -- -- -- d4 -- fe -- db -- -- ea f3 15 -- -- 87 14 e4 eb 8a 64 d3 d5 f1 -- f2 -- -- -- 8f cf 5f 94 -- -- -- -- -- a4 

solutions so far:0 maxDepth:10 
iterations:105896659  skipped: 20 
Depth skipped: 
0 0 20 0 0 0 0 0 0 0 0 0 0 0 0 0 0 0 0 0 0 0 0 0 0 0 0 0 0 0 0 0 

running time: 9000 sec
 depth:5
 0  1  2  3  4  5  6  7  8  9  a  b  c  d  e  f 10 11 12 13 14 15 16 17 18 19 1a 1b 1c 1d 1e 1f 20 21 22 23 24 25 26 27 28 29 2a 2b 2c 2d 2e 2f 30 31 32 33 34 35 36 37 38 39 3a 3b 3c 3d 3e 3f 40 41 42 43 44 45 46 47 48 49 4a 4b 4c 4d 4e 4f 50 51 52 53 54 55 56 57 58 59 5a 5b 5c 5d 5e 5f 60 61 62 63 64 65 66 67 68 69 6a 6b 6c 6d 6e 6f 70 71 72 73 74 75 76 77 78 79 7a 7b 7c 7d 7e 7f 80 81 82 83 84 85 86 87 88 89 8a 8b 8c 8d 8e 8f 90 91 92 93 94 95 96 97 98 99 9a 9b 9c 9d 9e 9f a0 a1 a2 a3 a4 a5 a6 a7 a8 a9 aa ab ac ad ae af b0 b1 b2 b3 b4 b5 b6 b7 b8 b9 ba bb bc bd be bf c0 c1 c2 c3 c4 c5 c6 c7 c8 c9 ca cb cc cd ce cf d0 d1 d2 d3 d4 d5 d6 d7 d8 d9 da db dc dd de df e0 e1 e2 e3 e4 e5 e6 e7 e8 e9 ea eb ec ed ee ef f0 f1 f2 f3 f4 f5 f6 f7 f8 f9 fa fb fc fd fe ff 
 0  1  2 1f  4 1b 3e fd  8 77 36 -- 7c -- 2d -- 10 -- ee -- 6c -- -- 85 f8 -- -- -- 5a b6 -- a5 20 -- -- --  b fb -- 1a d8 df -- -- -- -- dd -- 27 -- -- 33 -- -- -- -- b4 b0 bb -- -- -- 9d -- 40 -- -- -- -- -- -- -- 16 -- 21 -- -- -- 34 4f 67 -- 69 -- -- 48 -- ef -- -- -- -- 6d -- -- -- 4e -- -- -- -- -- 66 -- -- -- -- -- -- -- -- -- bf -- b7 -- a1 72 -- -- -- 79 -- -- ed -- -- -- 80 -- -- f7 -- -- -- -- -- -- -- 12 -- -- -- -- 2c -- -- -- 42 -- -- 4b -- c6 -- -- 68 -- 9e 73 ce -- -- -- d2 -- -- 63 -- -- 90 -- -- --  9 -- -- -- -- -- -- -- -- -- da -- -- -- -- -- -- -- 9c 24 -- -- -- -- -- -- -- -- -- -- cc -- -- -- -- 39 -- -- -- -- -- d7 -- -- -- -- -- -- -- -- a9 -- -- -- b9 5b -- -- 95 e6 e4 eb -- -- -- d0 -- -- f2 -- -- -- -- 58  d 96 -- -- -- -- -- 84 

solutions so far:0 maxDepth:10 
iterations:111685154  skipped: 20 
Depth skipped: 
0 0 20 0 0 0 0 0 0 0 0 0 0 0 0 0 0 0 0 0 0 0 0 0 0 0 0 0 0 0 0 0 

running time: 9300 sec
 depth:7
 0  1  2  3  4  5  6  7  8  9  a  b  c  d  e  f 10 11 12 13 14 15 16 17 18 19 1a 1b 1c 1d 1e 1f 20 21 22 23 24 25 26 27 28 29 2a 2b 2c 2d 2e 2f 30 31 32 33 34 35 36 37 38 39 3a 3b 3c 3d 3e 3f 40 41 42 43 44 45 46 47 48 49 4a 4b 4c 4d 4e 4f 50 51 52 53 54 55 56 57 58 59 5a 5b 5c 5d 5e 5f 60 61 62 63 64 65 66 67 68 69 6a 6b 6c 6d 6e 6f 70 71 72 73 74 75 76 77 78 79 7a 7b 7c 7d 7e 7f 80 81 82 83 84 85 86 87 88 89 8a 8b 8c 8d 8e 8f 90 91 92 93 94 95 96 97 98 99 9a 9b 9c 9d 9e 9f a0 a1 a2 a3 a4 a5 a6 a7 a8 a9 aa ab ac ad ae af b0 b1 b2 b3 b4 b5 b6 b7 b8 b9 ba bb bc bd be bf c0 c1 c2 c3 c4 c5 c6 c7 c8 c9 ca cb cc cd ce cf d0 d1 d2 d3 d4 d5 d6 d7 d8 d9 da db dc dd de df e0 e1 e2 e3 e4 e5 e6 e7 e8 e9 ea eb ec ed ee ef f0 f1 f2 f3 f4 f5 f6 f7 f8 f9 fa fb fc fd fe ff 
 0  1  2 1f  4  c 3e d0  8 3b 18 84 7c 67 77 8c 10 -- 76 -- 30 -- df 58 f8 -- ce -- ee  d cf 6e 20 -- -- -- ec c1 -- 6b 60 d1 -- -- 69 -- b0 -- 27 -- -- 33 4b -- -- 31  b 78 1a fa 49 -- dc -- 40 -- -- -- -- -- -- --  f -- 55 -- -- -- d6 4f c0 -- 75 -- -- 48 -- ef d2 -- -- -- b7 -- -- -- 4e -- -- -- -- -- 66 -- 96 -- -- ab -- -- 62 5f 16 -- f0 -- 34 72 23 21 92 79 -- d5 6f -- -- -- 80 -- -- f7 -- -- -- -- -- -- -- 12 -- -- -- -- 1e -- -- -- aa -- -- ae -- 9d -- -- 7b 6c 9e  3 57 -- -- -- ea 36 -- a5 -- -- 90 -- -- --  9 -- 73 -- -- -- -- -- -- e6 b9 1b -- -- -- -- -- -- 9c 24 -- -- -- -- -- -- -- -- -- -- cc -- -- -- fb 39 -- -- -- -- 81 d7 -- -- -- -- c4 -- be -- 2c -- -- -- 37 ed -- -- 68  6 e4 eb 46 d8 42 f6 f3 -- f2 -- -- -- 7d 3c de 8b -- -- -- -- -- 83 

solutions so far:0 maxDepth:10 
iterations:118240010  skipped: 20 
Depth skipped: 
0 0 20 0 0 0 0 0 0 0 0 0 0 0 0 0 0 0 0 0 0 0 0 0 0 0 0 0 0 0 0 0 

running time: 9600 sec

Finished. Total running time: 9734 sec
