Search S-boxes invariant for matrix: 
{0x00,0x02,0x04,0x06,0x08,0x0a,0x0c,0x0e,0x10,0x12,0x14,0x16,0x18,0x1a,0x1c,0x1e,0x20,0x22,0x24,0x26,0x28,0x2a,0x2c,0x2e,0x30,0x32,0x34,0x36,0x38,0x3a,0x3c,0x3e,0x40,0x42,0x44,0x46,0x48,0x4a,0x4c,0x4e,0x50,0x52,0x54,0x56,0x58,0x5a,0x5c,0x5e,0x60,0x62,0x64,0x66,0x68,0x6a,0x6c,0x6e,0x70,0x72,0x74,0x76,0x78,0x7a,0x7c,0x7e,0x80,0x82,0x84,0x86,0x88,0x8a,0x8c,0x8e,0x90,0x92,0x94,0x96,0x98,0x9a,0x9c,0x9e,0xa0,0xa2,0xa4,0xa6,0xa8,0xaa,0xac,0xae,0xb0,0xb2,0xb4,0xb6,0xb8,0xba,0xbc,0xbe,0xc0,0xc2,0xc4,0xc6,0xc8,0xca,0xcc,0xce,0xd0,0xd2,0xd4,0xd6,0xd8,0xda,0xdc,0xde,0xe0,0xe2,0xe4,0xe6,0xe8,0xea,0xec,0xee,0xf0,0xf2,0xf4,0xf6,0xf8,0xfa,0xfc,0xfe,0xd7,0xd5,0xd3,0xd1,0xdf,0xdd,0xdb,0xd9,0xc7,0xc5,0xc3,0xc1,0xcf,0xcd,0xcb,0xc9,0xf7,0xf5,0xf3,0xf1,0xff,0xfd,0xfb,0xf9,0xe7,0xe5,0xe3,0xe1,0xef,0xed,0xeb,0xe9,0x97,0x95,0x93,0x91,0x9f,0x9d,0x9b,0x99,0x87,0x85,0x83,0x81,0x8f,0x8d,0x8b,0x89,0xb7,0xb5,0xb3,0xb1,0xbf,0xbd,0xbb,0xb9,0xa7,0xa5,0xa3,0xa1,0xaf,0xad,0xab,0xa9,0x57,0x55,0x53,0x51,0x5f,0x5d,0x5b,0x59,0x47,0x45,0x43,0x41,0x4f,0x4d,0x4b,0x49,0x77,0x75,0x73,0x71,0x7f,0x7d,0x7b,0x79,0x67,0x65,0x63,0x61,0x6f,0x6d,0x6b,0x69,0x17,0x15,0x13,0x11,0x1f,0x1d,0x1b,0x19,0x07,0x05,0x03,0x01,0x0f,0x0d,0x0b,0x09,0x37,0x35,0x33,0x31,0x3f,0x3d,0x3b,0x39,0x27,0x25,0x23,0x21,0x2f,0x2d,0x2b,0x29};



 depth:6
 0  1  2  3  4  5  6  7  8  9  a  b  c  d  e  f 10 11 12 13 14 15 16 17 18 19 1a 1b 1c 1d 1e 1f 20 21 22 23 24 25 26 27 28 29 2a 2b 2c 2d 2e 2f 30 31 32 33 34 35 36 37 38 39 3a 3b 3c 3d 3e 3f 40 41 42 43 44 45 46 47 48 49 4a 4b 4c 4d 4e 4f 50 51 52 53 54 55 56 57 58 59 5a 5b 5c 5d 5e 5f 60 61 62 63 64 65 66 67 68 69 6a 6b 6c 6d 6e 6f 70 71 72 73 74 75 76 77 78 79 7a 7b 7c 7d 7e 7f 80 81 82 83 84 85 86 87 88 89 8a 8b 8c 8d 8e 8f 90 91 92 93 94 95 96 97 98 99 9a 9b 9c 9d 9e 9f a0 a1 a2 a3 a4 a5 a6 a7 a8 a9 aa ab ac ad ae af b0 b1 b2 b3 b4 b5 b6 b7 b8 b9 ba bb bc bd be bf c0 c1 c2 c3 c4 c5 c6 c7 c8 c9 ca cb cc cd ce cf d0 d1 d2 d3 d4 d5 d6 d7 d8 d9 da db dc dd de df e0 e1 e2 e3 e4 e5 e6 e7 e8 e9 ea eb ec ed ee ef f0 f1 f2 f3 f4 f5 f6 f7 f8 f9 fa fb fc fd fe ff 
 0  1  2 21  4 fa 42 97  8 1a 23 26 84 cb f9 -- 10 -- 34 -- 46 -- 4c 29 df -- 41 -- 25 14 -- 58 20 -- -- -- 68 31 -- a5 8c be -- -- 98 -- 52 -- 69 -- -- 33 82 -- -- -- 4a  b 28 -- -- -- b0 -- 40 -- -- -- -- -- -- -- d0 -- 62 -- -- -- 9d 4f cf -- ab -- -- d8 -- e6 e7 -- -- -- a4 -- -- -- d2 -- -- -- -- -- 66 -- d3 -- -- -- -- -- -- -- 94 -- 16 -- 50 96 -- e2 -- 79 -- -- b7 -- -- -- 80 -- -- ce -- -- -- -- -- -- -- 36 -- -- -- -- 77 -- -- -- c4 -- -- 92 --  5 -- -- ed 47 9e d5 49 -- -- -- 81 c8 -- e9 -- -- 67 -- -- -- 1b -- 19 -- -- -- -- -- -- 32 9f 64 -- -- -- -- -- -- 73 6c -- -- -- -- -- -- -- -- -- -- cc -- -- -- 71 4b -- -- -- -- -- d7 -- -- -- -- -- -- -- -- ff -- -- -- 2c  a -- -- a0 7d fb eb -- 8e 13  d -- -- f2 -- -- -- -- ee b9 f3 -- -- -- -- -- 5f 

solutions so far:0 maxDepth:9 
iterations:2430150  skipped: 1 
Depth skipped: 
0 0 1 0 0 0 0 0 0 0 0 0 0 0 0 0 0 0 0 0 0 0 0 0 0 0 0 0 0 0 0 0 

running time: 300 sec
 depth:7
 0  1  2  3  4  5  6  7  8  9  a  b  c  d  e  f 10 11 12 13 14 15 16 17 18 19 1a 1b 1c 1d 1e 1f 20 21 22 23 24 25 26 27 28 29 2a 2b 2c 2d 2e 2f 30 31 32 33 34 35 36 37 38 39 3a 3b 3c 3d 3e 3f 40 41 42 43 44 45 46 47 48 49 4a 4b 4c 4d 4e 4f 50 51 52 53 54 55 56 57 58 59 5a 5b 5c 5d 5e 5f 60 61 62 63 64 65 66 67 68 69 6a 6b 6c 6d 6e 6f 70 71 72 73 74 75 76 77 78 79 7a 7b 7c 7d 7e 7f 80 81 82 83 84 85 86 87 88 89 8a 8b 8c 8d 8e 8f 90 91 92 93 94 95 96 97 98 99 9a 9b 9c 9d 9e 9f a0 a1 a2 a3 a4 a5 a6 a7 a8 a9 aa ab ac ad ae af b0 b1 b2 b3 b4 b5 b6 b7 b8 b9 ba bb bc bd be bf c0 c1 c2 c3 c4 c5 c6 c7 c8 c9 ca cb cc cd ce cf d0 d1 d2 d3 d4 d5 d6 d7 d8 d9 da db dc dd de df e0 e1 e2 e3 e4 e5 e6 e7 e8 e9 ea eb ec ed ee ef f0 f1 f2 f3 f4 f5 f6 f7 f8 f9 fa fb fc fd fe ff 
 0  1  2 21  4 f6 42 fa  8 7e 3b 97 84 e9 23 11 10 -- fc -- 76 -- f9 92 df --  5 -- 46 ab 22 ba 20 -- -- -- 2f f0 -- 3d ec 6f -- -- 25 -- f3 -- 69 -- -- 33  a -- -- 59 8c 89 81 4d 44 -- a3 -- 40 -- -- -- -- -- -- -- 5e -- 37 -- -- -- 7a 4f  f -- de -- -- d8 -- e6 4a -- -- -- 31 -- -- -- d2 -- -- -- -- -- 66 -- 14 -- -- bd -- -- b2 b1 cf -- c5 -- d5 96 9a 50 88 79 -- 8d 91 -- -- -- 80 -- -- ce -- -- -- -- -- -- -- 36 -- -- -- -- bc -- -- -- 6e -- -- 3c -- 5f -- -- f4 a4 9e d6 1e -- -- -- 6b 52 -- c4 -- -- 67 -- -- -- 1b -- 94 -- -- -- -- -- -- ff 62 29 -- -- -- -- -- -- 73 6c -- -- -- -- -- -- -- -- -- -- cc -- -- -- 28 4b -- -- -- -- ad d7 -- -- -- -- b3 -- b5 -- 49 -- -- -- 5d be -- -- 7d 7b fb eb e3 9f a0 3f c7 -- f2 -- -- -- cd af f5 78 -- -- -- -- -- dc 

solutions so far:0 maxDepth:9 
iterations:4857398  skipped: 1 
Depth skipped: 
0 0 1 0 0 0 0 0 0 0 0 0 0 0 0 0 0 0 0 0 0 0 0 0 0 0 0 0 0 0 0 0 

running time: 600 sec
 depth:7
 0  1  2  3  4  5  6  7  8  9  a  b  c  d  e  f 10 11 12 13 14 15 16 17 18 19 1a 1b 1c 1d 1e 1f 20 21 22 23 24 25 26 27 28 29 2a 2b 2c 2d 2e 2f 30 31 32 33 34 35 36 37 38 39 3a 3b 3c 3d 3e 3f 40 41 42 43 44 45 46 47 48 49 4a 4b 4c 4d 4e 4f 50 51 52 53 54 55 56 57 58 59 5a 5b 5c 5d 5e 5f 60 61 62 63 64 65 66 67 68 69 6a 6b 6c 6d 6e 6f 70 71 72 73 74 75 76 77 78 79 7a 7b 7c 7d 7e 7f 80 81 82 83 84 85 86 87 88 89 8a 8b 8c 8d 8e 8f 90 91 92 93 94 95 96 97 98 99 9a 9b 9c 9d 9e 9f a0 a1 a2 a3 a4 a5 a6 a7 a8 a9 aa ab ac ad ae af b0 b1 b2 b3 b4 b5 b6 b7 b8 b9 ba bb bc bd be bf c0 c1 c2 c3 c4 c5 c6 c7 c8 c9 ca cb cc cd ce cf d0 d1 d2 d3 d4 d5 d6 d7 d8 d9 da db dc dd de df e0 e1 e2 e3 e4 e5 e6 e7 e8 e9 ea eb ec ed ee ef f0 f1 f2 f3 f4 f5 f6 f7 f8 f9 fa fb fc fd fe ff 
 0  1  2 21  4 f1 42 b1  8 52 35 87 84 a6 b5 6b 10 -- a4 -- 6a -- d9 4d df -- 9b -- bd c7 d6 a0 20 -- -- -- 9f ac -- 4a d4 8a -- -- 65 -- 9a -- 69 -- -- 33 e1 -- -- 76 ad 14 59 dc 7b -- 97 -- 40 -- -- -- -- -- -- -- e9 -- 8f -- -- -- 94 4f 7f -- c3 -- -- d8 -- e6 ca -- -- -- e3 -- -- -- d2 -- -- -- -- -- 66 -- 15 -- -- 78 -- -- ec 1e 8d -- 28 -- b2 96 6f 54 f6 79 -- 37 f9 -- -- -- 80 -- -- ce -- -- -- -- -- -- -- 36 -- -- -- --  5 -- -- -- c9 -- -- 2b -- 44 -- -- ff c2 9e a2 fe -- -- -- 51 61 -- 22 -- -- 67 -- -- -- 1b -- 43 -- -- -- -- -- -- 86 11 db -- -- -- -- -- -- 73 6c -- -- -- -- -- -- -- -- -- -- cc -- -- -- 2a 4b -- -- -- -- f0 d7 -- -- -- --  f -- 3c -- cd -- -- -- 50 88 -- -- b3 93 fb eb de 53 a8 29 3b -- f2 -- -- -- 6e  a 25 56 -- -- -- -- -- 45 

solutions so far:0 maxDepth:9 
iterations:7074805  skipped: 2 
Depth skipped: 
0 0 2 0 0 0 0 0 0 0 0 0 0 0 0 0 0 0 0 0 0 0 0 0 0 0 0 0 0 0 0 0 

running time: 900 sec
 depth:7
 0  1  2  3  4  5  6  7  8  9  a  b  c  d  e  f 10 11 12 13 14 15 16 17 18 19 1a 1b 1c 1d 1e 1f 20 21 22 23 24 25 26 27 28 29 2a 2b 2c 2d 2e 2f 30 31 32 33 34 35 36 37 38 39 3a 3b 3c 3d 3e 3f 40 41 42 43 44 45 46 47 48 49 4a 4b 4c 4d 4e 4f 50 51 52 53 54 55 56 57 58 59 5a 5b 5c 5d 5e 5f 60 61 62 63 64 65 66 67 68 69 6a 6b 6c 6d 6e 6f 70 71 72 73 74 75 76 77 78 79 7a 7b 7c 7d 7e 7f 80 81 82 83 84 85 86 87 88 89 8a 8b 8c 8d 8e 8f 90 91 92 93 94 95 96 97 98 99 9a 9b 9c 9d 9e 9f a0 a1 a2 a3 a4 a5 a6 a7 a8 a9 aa ab ac ad ae af b0 b1 b2 b3 b4 b5 b6 b7 b8 b9 ba bb bc bd be bf c0 c1 c2 c3 c4 c5 c6 c7 c8 c9 ca cb cc cd ce cf d0 d1 d2 d3 d4 d5 d6 d7 d8 d9 da db dc dd de df e0 e1 e2 e3 e4 e5 e6 e7 e8 e9 ea eb ec ed ee ef f0 f1 f2 f3 f4 f5 f6 f7 f8 f9 fa fb fc fd fe ff 
 0  1  2 21  4 ec 42 55  8 77  f 7c 84 90 aa 22 10 -- ee -- 1e -- f8  3 df -- f7 -- 83 57 44 a5 20 -- -- --  b dc -- 1a 3c d6 -- -- 27 --  6 -- 69 -- -- 33 39 -- -- b2 d1 b0 ae 9a 88 -- 9d -- 40 -- -- -- -- -- -- -- 16 -- 6f -- -- -- 34 4f 78 -- 7b -- -- d8 -- e6 4e -- -- --  c -- -- -- d2 -- -- -- -- -- 66 -- 72 -- -- ad -- -- b3 b5 75 -- b7 -- 8b 96 e3 1f c7 79 -- cd ed -- -- -- 80 -- -- ce -- -- -- -- -- -- -- 36 -- -- -- -- 2c -- -- -- de -- -- 37 -- 60 -- -- 68 24 9e 3b f0 -- -- -- f6 12 -- 30 -- -- 67 -- -- -- 1b -- 9c -- -- -- -- -- -- ef 18  9 -- -- -- -- -- -- 73 6c -- -- -- -- -- -- -- -- -- -- cc -- -- -- e4 4b -- -- -- -- 8d d7 -- -- -- -- b1 -- bd -- ea -- -- -- b9 c0 -- -- c1 76 fb eb 11 48 3e d0 59 -- f2 -- -- -- 4d 58  d 6e -- -- -- -- -- 6b 

solutions so far:0 maxDepth:9 
iterations:9382649  skipped: 3 
Depth skipped: 
0 0 3 0 0 0 0 0 0 0 0 0 0 0 0 0 0 0 0 0 0 0 0 0 0 0 0 0 0 0 0 0 

running time: 1200 sec
 depth:6
 0  1  2  3  4  5  6  7  8  9  a  b  c  d  e  f 10 11 12 13 14 15 16 17 18 19 1a 1b 1c 1d 1e 1f 20 21 22 23 24 25 26 27 28 29 2a 2b 2c 2d 2e 2f 30 31 32 33 34 35 36 37 38 39 3a 3b 3c 3d 3e 3f 40 41 42 43 44 45 46 47 48 49 4a 4b 4c 4d 4e 4f 50 51 52 53 54 55 56 57 58 59 5a 5b 5c 5d 5e 5f 60 61 62 63 64 65 66 67 68 69 6a 6b 6c 6d 6e 6f 70 71 72 73 74 75 76 77 78 79 7a 7b 7c 7d 7e 7f 80 81 82 83 84 85 86 87 88 89 8a 8b 8c 8d 8e 8f 90 91 92 93 94 95 96 97 98 99 9a 9b 9c 9d 9e 9f a0 a1 a2 a3 a4 a5 a6 a7 a8 a9 aa ab ac ad ae af b0 b1 b2 b3 b4 b5 b6 b7 b8 b9 ba bb bc bd be bf c0 c1 c2 c3 c4 c5 c6 c7 c8 c9 ca cb cc cd ce cf d0 d1 d2 d3 d4 d5 d6 d7 d8 d9 da db dc dd de df e0 e1 e2 e3 e4 e5 e6 e7 e8 e9 ea eb ec ed ee ef f0 f1 f2 f3 f4 f5 f6 f7 f8 f9 fa fb fc fd fe ff 
 0  1  2 21  4 e5 42 f1  8 6e 1d ba 84 2f 35 -- 10 -- dc -- 3a -- a3 2b df -- 5e -- 6a c3 -- 76 20 -- -- -- 6f 38 -- 3c 74 2e -- -- 91 -- 56 -- 69 -- -- 33 bc -- -- -- d4 7b 51 -- -- -- ec -- 40 -- -- -- -- -- -- -- de -- 70 -- -- -- 78 4f e8 -- 5c -- -- d8 -- e6 f5 -- -- -- ac -- -- -- d2 -- -- -- -- -- 66 -- af -- -- -- -- -- -- -- 7f -- f6 -- a2 96 -- c5 -- 79 -- --  f -- -- -- 80 -- -- ce -- -- -- -- -- -- -- 36 -- -- -- -- 6b -- -- -- e0 -- --  e -- 45 -- -- f0 7e 9e a7  7 -- -- -- b8 3f -- c9 -- -- 67 -- -- -- 1b -- 3d -- -- -- -- -- -- 7a 8f f4 -- -- -- -- -- -- 73 6c -- -- -- -- -- -- -- -- -- -- cc -- -- -- 89 4b -- -- -- -- -- d7 -- -- -- -- -- -- -- -- fe -- -- -- 3b 8a -- -- 93 99 fb eb -- fc 5d 37 -- -- f2 -- -- -- -- d6 1e 1c -- -- -- -- -- 17 

solutions so far:0 maxDepth:9 
iterations:11710029  skipped: 4 
Depth skipped: 
0 0 4 0 0 0 0 0 0 0 0 0 0 0 0 0 0 0 0 0 0 0 0 0 0 0 0 0 0 0 0 0 

running time: 1500 sec
 depth:6
 0  1  2  3  4  5  6  7  8  9  a  b  c  d  e  f 10 11 12 13 14 15 16 17 18 19 1a 1b 1c 1d 1e 1f 20 21 22 23 24 25 26 27 28 29 2a 2b 2c 2d 2e 2f 30 31 32 33 34 35 36 37 38 39 3a 3b 3c 3d 3e 3f 40 41 42 43 44 45 46 47 48 49 4a 4b 4c 4d 4e 4f 50 51 52 53 54 55 56 57 58 59 5a 5b 5c 5d 5e 5f 60 61 62 63 64 65 66 67 68 69 6a 6b 6c 6d 6e 6f 70 71 72 73 74 75 76 77 78 79 7a 7b 7c 7d 7e 7f 80 81 82 83 84 85 86 87 88 89 8a 8b 8c 8d 8e 8f 90 91 92 93 94 95 96 97 98 99 9a 9b 9c 9d 9e 9f a0 a1 a2 a3 a4 a5 a6 a7 a8 a9 aa ab ac ad ae af b0 b1 b2 b3 b4 b5 b6 b7 b8 b9 ba bb bc bd be bf c0 c1 c2 c3 c4 c5 c6 c7 c8 c9 ca cb cc cd ce cf d0 d1 d2 d3 d4 d5 d6 d7 d8 d9 da db dc dd de df e0 e1 e2 e3 e4 e5 e6 e7 e8 e9 ea eb ec ed ee ef f0 f1 f2 f3 f4 f5 f6 f7 f8 f9 fa fb fc fd fe ff 
 0  1  2 21  4 e2 42 7c  8 6e 13 5a 84 5b f8 -- 10 -- dc -- 26 -- b4  9 df -- b6 -- 27 72 -- 76 20 -- -- -- 6f 64 -- 3c 4c cb -- -- bf -- 12 -- 69 -- -- 33 bb -- -- -- 4e 7b e4 -- -- -- ec -- 40 -- -- -- -- -- -- -- de -- c8 -- -- -- 78 4f 98 -- 41 -- -- d8 -- e6 a9 -- -- -- 24 -- -- -- d2 -- -- -- -- -- 66 -- a1 -- -- -- -- -- -- -- 9c -- f6 -- 1f 96 -- fd -- 79 -- --  f -- -- -- 80 -- -- ce -- -- -- -- -- -- -- 36 -- -- -- -- 6b -- -- -- 47 -- -- 19 -- f7 -- -- f0 63 9e d3 e7 -- -- -- 82 da -- 90 -- -- 67 -- -- -- 1b -- 85 -- -- -- -- -- -- dd 48 6d -- -- -- -- -- -- 73 6c -- -- -- -- -- -- -- -- -- -- cc -- -- -- 95 4b -- -- -- -- -- d7 -- -- -- -- -- -- -- -- ef -- -- -- 3b 39 -- -- 3e 71 fb eb -- c6 2d 37 -- -- f2 -- -- -- -- d6 1e 32 -- -- -- -- -- 8e 

solutions so far:0 maxDepth:9 
iterations:13971965  skipped: 4 
Depth skipped: 
0 0 4 0 0 0 0 0 0 0 0 0 0 0 0 0 0 0 0 0 0 0 0 0 0 0 0 0 0 0 0 0 

running time: 1800 sec
 depth:7
 0  1  2  3  4  5  6  7  8  9  a  b  c  d  e  f 10 11 12 13 14 15 16 17 18 19 1a 1b 1c 1d 1e 1f 20 21 22 23 24 25 26 27 28 29 2a 2b 2c 2d 2e 2f 30 31 32 33 34 35 36 37 38 39 3a 3b 3c 3d 3e 3f 40 41 42 43 44 45 46 47 48 49 4a 4b 4c 4d 4e 4f 50 51 52 53 54 55 56 57 58 59 5a 5b 5c 5d 5e 5f 60 61 62 63 64 65 66 67 68 69 6a 6b 6c 6d 6e 6f 70 71 72 73 74 75 76 77 78 79 7a 7b 7c 7d 7e 7f 80 81 82 83 84 85 86 87 88 89 8a 8b 8c 8d 8e 8f 90 91 92 93 94 95 96 97 98 99 9a 9b 9c 9d 9e 9f a0 a1 a2 a3 a4 a5 a6 a7 a8 a9 aa ab ac ad ae af b0 b1 b2 b3 b4 b5 b6 b7 b8 b9 ba bb bc bd be bf c0 c1 c2 c3 c4 c5 c6 c7 c8 c9 ca cb cc cd ce cf d0 d1 d2 d3 d4 d5 d6 d7 d8 d9 da db dc dd de df e0 e1 e2 e3 e4 e5 e6 e7 e8 e9 ea eb ec ed ee ef f0 f1 f2 f3 f4 f5 f6 f7 f8 f9 fa fb fc fd fe ff 
 0  1  2 21  4 de 42 2e  8 ba 6b 4d 84 b3 5c b6 10 -- a3 -- d6 -- 9a 1d df -- b1 -- b8 38 bb fc 20 -- -- -- 91  f -- af 7b f0 -- -- e3 -- 3a -- 69 -- -- 33 b5 -- -- 2d a7 f4 70 63 a1 -- 2f -- 40 -- -- -- -- -- -- -- f5 -- 1e -- -- -- 89 4f f6 -- 37 -- -- d8 -- e6 11 -- -- -- 74 -- -- -- d2 -- -- -- -- -- 66 -- bd -- -- 85 -- -- 5a bf 99 -- 3f -- e0 96 c6 8d 95 79 -- 6d 5e -- -- -- 80 -- -- ce -- -- -- -- -- -- -- 36 -- -- -- -- 3d -- -- -- 3c -- -- 76 --  e -- -- c5 59 9e dc 3b -- -- -- 6e c7 --  7 -- -- 67 -- -- -- 1b -- 22 -- -- -- -- -- -- 44 e8 88 -- -- -- -- -- -- 73 6c -- -- -- -- -- -- -- -- -- -- cc -- -- -- ad 4b -- -- -- -- dd d7 -- -- -- -- b4 -- a9 -- e5 -- -- -- 7e 1c -- -- 17 6f fb eb 5b b2 cd 5d fd -- f2 -- -- -- da 7a bc ec -- -- -- -- -- 78 

solutions so far:0 maxDepth:9 
iterations:16109041  skipped: 4 
Depth skipped: 
0 0 4 0 0 0 0 0 0 0 0 0 0 0 0 0 0 0 0 0 0 0 0 0 0 0 0 0 0 0 0 0 

running time: 2100 sec
 depth:7
 0  1  2  3  4  5  6  7  8  9  a  b  c  d  e  f 10 11 12 13 14 15 16 17 18 19 1a 1b 1c 1d 1e 1f 20 21 22 23 24 25 26 27 28 29 2a 2b 2c 2d 2e 2f 30 31 32 33 34 35 36 37 38 39 3a 3b 3c 3d 3e 3f 40 41 42 43 44 45 46 47 48 49 4a 4b 4c 4d 4e 4f 50 51 52 53 54 55 56 57 58 59 5a 5b 5c 5d 5e 5f 60 61 62 63 64 65 66 67 68 69 6a 6b 6c 6d 6e 6f 70 71 72 73 74 75 76 77 78 79 7a 7b 7c 7d 7e 7f 80 81 82 83 84 85 86 87 88 89 8a 8b 8c 8d 8e 8f 90 91 92 93 94 95 96 97 98 99 9a 9b 9c 9d 9e 9f a0 a1 a2 a3 a4 a5 a6 a7 a8 a9 aa ab ac ad ae af b0 b1 b2 b3 b4 b5 b6 b7 b8 b9 ba bb bc bd be bf c0 c1 c2 c3 c4 c5 c6 c7 c8 c9 ca cb cc cd ce cf d0 d1 d2 d3 d4 d5 d6 d7 d8 d9 da db dc dd de df e0 e1 e2 e3 e4 e5 e6 e7 e8 e9 ea eb ec ed ee ef f0 f1 f2 f3 f4 f5 f6 f7 f8 f9 fa fb fc fd fe ff 
 0  1  2 21  4 da 42 97  8 5d 63 41 84 19 f9 2a 10 -- ba -- c6 -- 82 29 df -- 32 -- 25 14 54 7e 20 -- -- -- a3 fd -- bc 5b bf -- -- d3 -- 52 -- 69 -- -- 33 64 -- -- 65 4a 7a 28 9b a8 -- fc -- 40 -- -- -- -- -- -- -- 91 -- 2d -- -- -- af 4f b6 -- a9 -- -- d8 -- e6 71 -- -- -- a4 -- -- -- d2 -- -- -- -- -- 66 -- c8 -- -- 61 -- -- ca 86 94 -- f4 -- 50 96 e1 8e 87 79 -- 53 2f -- -- -- 80 -- -- ce -- -- -- -- -- -- -- 36 -- -- -- -- f5 -- -- -- 5a -- -- a1 --  5 -- -- 89 98 9e dd bb -- -- -- 85 4c -- e9 -- -- 67 -- -- -- 1b -- e2 -- -- -- -- -- -- 13 9f 26 -- -- -- -- -- -- 73 6c -- -- -- -- -- -- -- -- -- -- cc -- -- -- 47 4b -- -- -- -- c2 d7 -- -- -- -- 43 -- db -- ff -- -- -- 3f  a -- -- a0 6d fb eb 15 e7 cb c5 d9 -- f2 -- -- -- a6 3d 5e 95 -- -- -- -- -- b4 

solutions so far:0 maxDepth:9 
iterations:18515283  skipped: 4 
Depth skipped: 
0 0 4 0 0 0 0 0 0 0 0 0 0 0 0 0 0 0 0 0 0 0 0 0 0 0 0 0 0 0 0 0 

running time: 2400 sec
 depth:6
 0  1  2  3  4  5  6  7  8  9  a  b  c  d  e  f 10 11 12 13 14 15 16 17 18 19 1a 1b 1c 1d 1e 1f 20 21 22 23 24 25 26 27 28 29 2a 2b 2c 2d 2e 2f 30 31 32 33 34 35 36 37 38 39 3a 3b 3c 3d 3e 3f 40 41 42 43 44 45 46 47 48 49 4a 4b 4c 4d 4e 4f 50 51 52 53 54 55 56 57 58 59 5a 5b 5c 5d 5e 5f 60 61 62 63 64 65 66 67 68 69 6a 6b 6c 6d 6e 6f 70 71 72 73 74 75 76 77 78 79 7a 7b 7c 7d 7e 7f 80 81 82 83 84 85 86 87 88 89 8a 8b 8c 8d 8e 8f 90 91 92 93 94 95 96 97 98 99 9a 9b 9c 9d 9e 9f a0 a1 a2 a3 a4 a5 a6 a7 a8 a9 aa ab ac ad ae af b0 b1 b2 b3 b4 b5 b6 b7 b8 b9 ba bb bc bd be bf c0 c1 c2 c3 c4 c5 c6 c7 c8 c9 ca cb cc cd ce cf d0 d1 d2 d3 d4 d5 d6 d7 d8 d9 da db dc dd de df e0 e1 e2 e3 e4 e5 e6 e7 e8 e9 ea eb ec ed ee ef f0 f1 f2 f3 f4 f5 f6 f7 f8 f9 fa fb fc fd fe ff 
 0  1  2 21  4 d4 42 19  8 1d 7f 4a 84 14 32 -- 10 -- 3a -- fe -- 94 cb df -- 28 -- 64 26 -- e0 20 -- -- -- 74 45 -- b8 2b a2 -- -- ff -- 41 -- 69 -- -- 33 50 -- -- -- c8 1c 4c -- -- -- 17 -- 40 -- -- -- -- -- -- -- e8 -- 8a -- -- -- a7 4f 56 -- 93 -- -- d8 -- e6 29 -- -- -- 82 -- -- -- d2 -- -- -- -- -- 66 -- a0 -- -- -- -- -- -- -- 47 -- 38 -- 98 96 -- f9 -- 79 -- -- 2e -- -- -- 80 -- -- ce -- -- -- -- -- -- -- 36 -- -- -- --  7 -- -- -- c3 -- -- 8f -- e2 -- -- 99  5 9e 35 ac -- -- -- f1 e9 -- 71 -- -- 67 -- -- -- 1b -- 52 -- -- -- -- -- -- a4 d3 9f -- -- -- -- -- -- 73 6c -- -- -- -- -- -- -- -- -- -- cc -- -- -- 97 4b -- -- -- -- -- d7 -- -- -- -- -- -- -- -- 8e -- -- -- 70 13 -- -- e7 6a fb eb --  a 25 e5 -- -- f2 -- -- -- --  e 5c c9 -- -- -- -- -- 51 

solutions so far:0 maxDepth:9 
iterations:20917121  skipped: 4 
Depth skipped: 
0 0 4 0 0 0 0 0 0 0 0 0 0 0 0 0 0 0 0 0 0 0 0 0 0 0 0 0 0 0 0 0 

running time: 2700 sec
 depth:8
 0  1  2  3  4  5  6  7  8  9  a  b  c  d  e  f 10 11 12 13 14 15 16 17 18 19 1a 1b 1c 1d 1e 1f 20 21 22 23 24 25 26 27 28 29 2a 2b 2c 2d 2e 2f 30 31 32 33 34 35 36 37 38 39 3a 3b 3c 3d 3e 3f 40 41 42 43 44 45 46 47 48 49 4a 4b 4c 4d 4e 4f 50 51 52 53 54 55 56 57 58 59 5a 5b 5c 5d 5e 5f 60 61 62 63 64 65 66 67 68 69 6a 6b 6c 6d 6e 6f 70 71 72 73 74 75 76 77 78 79 7a 7b 7c 7d 7e 7f 80 81 82 83 84 85 86 87 88 89 8a 8b 8c 8d 8e 8f 90 91 92 93 94 95 96 97 98 99 9a 9b 9c 9d 9e 9f a0 a1 a2 a3 a4 a5 a6 a7 a8 a9 aa ab ac ad ae af b0 b1 b2 b3 b4 b5 b6 b7 b8 b9 ba bb bc bd be bf c0 c1 c2 c3 c4 c5 c6 c7 c8 c9 ca cb cc cd ce cf d0 d1 d2 d3 d4 d5 d6 d7 d8 d9 da db dc dd de df e0 e1 e2 e3 e4 e5 e6 e7 e8 e9 ea eb ec ed ee ef f0 f1 f2 f3 f4 f5 f6 f7 f8 f9 fa fb fc fd fe ff 
 0  1  2 21  4 cd 42 9c  8 cf 4d c3 84 2b ef 70 10 19 49 -- 9a -- 51 90 df -- 56 --  9 7c e0 ab 20 -- 32 -- 92 c7 -- fa e3 b1 -- -- a2 -- f7 -- 69 -- -- 33 ac -- -- b8 12 c4 f8  e 17 -- 81 -- 40 -- -- -- 64 -- -- -- f3 -- 59 -- -- 4c 23 4f 11 -- b5 -- -- d8 -- e6 93 8e -- -- 39 -- -- -- d2 -- -- -- -- -- 66 -- 8f -- -- 3a -- -- a7 e5 24 -- 5f -- 27 96 1c 45 2e 79 -- e8 d5 -- -- -- 80 -- -- ce -- -- -- -- c8 -- -- 36 -- 13 -- -- 31 -- -- -- b2 -- -- 44 -- 1f 98 -- 46 7f 9e ad 22 -- -- -- bd d4 -- e4 -- -- 67 -- -- e2 1b -- f1 82 cb 41 -- d3 -- 35 72 6a -- -- -- 71 -- -- 73 6c -- -- -- -- -- 47 -- -- -- -- cc 26 -- -- c9 4b -- -- -- -- 74 d7 -- -- -- -- 99 -- 1d -- 48 -- -- e7 be 3e -- -- 4e 8d fb eb 38 fe 8a 8c 5c -- f2 -- -- --  7 62 7d 88 -- -- -- -- -- b3 

solutions so far:0 maxDepth:9 
iterations:23890393  skipped: 4 
Depth skipped: 
0 0 4 0 0 0 0 0 0 0 0 0 0 0 0 0 0 0 0 0 0 0 0 0 0 0 0 0 0 0 0 0 

running time: 3000 sec
 depth:6
 0  1  2  3  4  5  6  7  8  9  a  b  c  d  e  f 10 11 12 13 14 15 16 17 18 19 1a 1b 1c 1d 1e 1f 20 21 22 23 24 25 26 27 28 29 2a 2b 2c 2d 2e 2f 30 31 32 33 34 35 36 37 38 39 3a 3b 3c 3d 3e 3f 40 41 42 43 44 45 46 47 48 49 4a 4b 4c 4d 4e 4f 50 51 52 53 54 55 56 57 58 59 5a 5b 5c 5d 5e 5f 60 61 62 63 64 65 66 67 68 69 6a 6b 6c 6d 6e 6f 70 71 72 73 74 75 76 77 78 79 7a 7b 7c 7d 7e 7f 80 81 82 83 84 85 86 87 88 89 8a 8b 8c 8d 8e 8f 90 91 92 93 94 95 96 97 98 99 9a 9b 9c 9d 9e 9f a0 a1 a2 a3 a4 a5 a6 a7 a8 a9 aa ab ac ad ae af b0 b1 b2 b3 b4 b5 b6 b7 b8 b9 ba bb bc bd be bf c0 c1 c2 c3 c4 c5 c6 c7 c8 c9 ca cb cc cd ce cf d0 d1 d2 d3 d4 d5 d6 d7 d8 d9 da db dc dd de df e0 e1 e2 e3 e4 e5 e6 e7 e8 e9 ea eb ec ed ee ef f0 f1 f2 f3 f4 f5 f6 f7 f8 f9 fa fb fc fd fe ff 
 0  1  2 21  4 c8 42 12  8 61 47 a4 84 f9 24 -- 10 -- c2 -- 8e -- 9f 72 df -- 25 -- 48 4e -- a8 20 -- -- -- 53 e2 -- ca cb 98 -- -- e9 -- e4 -- 69 -- -- 33 4a -- -- -- 90 15 9c -- -- -- 87 -- 40 -- -- -- -- -- -- -- a6 -- 13 -- -- -- 43 4f 41 -- e7 -- -- d8 -- e6  5 -- -- -- 1f -- -- -- d2 -- -- -- -- -- 66 -- 94 -- -- -- -- -- -- -- f7 -- 2a -- ef 96 -- 29 -- 79 -- -- d9 -- -- -- 80 -- -- ce -- -- -- -- -- -- -- 36 -- -- -- -- 9b -- -- -- 26 -- -- d3 -- f8 -- -- 86 a0 9e 32 82 -- -- -- 19 50 -- 7c -- -- 67 -- -- -- 1b --  a -- -- -- -- -- -- 14 3e 28 -- -- -- -- -- -- 73 6c -- -- -- -- -- -- -- -- -- -- cc -- -- -- ff 4b -- -- -- -- -- d7 -- -- -- -- -- -- -- -- 39 -- -- -- 54 27 -- --  9 64 fb eb -- 97 52 db -- -- f2 -- -- -- -- e1 65 71 -- -- -- -- -- 4c 

solutions so far:0 maxDepth:9 
iterations:27053204  skipped: 4 
Depth skipped: 
0 0 4 0 0 0 0 0 0 0 0 0 0 0 0 0 0 0 0 0 0 0 0 0 0 0 0 0 0 0 0 0 

running time: 3300 sec
 depth:7
 0  1  2  3  4  5  6  7  8  9  a  b  c  d  e  f 10 11 12 13 14 15 16 17 18 19 1a 1b 1c 1d 1e 1f 20 21 22 23 24 25 26 27 28 29 2a 2b 2c 2d 2e 2f 30 31 32 33 34 35 36 37 38 39 3a 3b 3c 3d 3e 3f 40 41 42 43 44 45 46 47 48 49 4a 4b 4c 4d 4e 4f 50 51 52 53 54 55 56 57 58 59 5a 5b 5c 5d 5e 5f 60 61 62 63 64 65 66 67 68 69 6a 6b 6c 6d 6e 6f 70 71 72 73 74 75 76 77 78 79 7a 7b 7c 7d 7e 7f 80 81 82 83 84 85 86 87 88 89 8a 8b 8c 8d 8e 8f 90 91 92 93 94 95 96 97 98 99 9a 9b 9c 9d 9e 9f a0 a1 a2 a3 a4 a5 a6 a7 a8 a9 aa ab ac ad ae af b0 b1 b2 b3 b4 b5 b6 b7 b8 b9 ba bb bc bd be bf c0 c1 c2 c3 c4 c5 c6 c7 c8 c9 ca cb cc cd ce cf d0 d1 d2 d3 d4 d5 d6 d7 d8 d9 da db dc dd de df e0 e1 e2 e3 e4 e5 e6 e7 e8 e9 ea eb ec ed ee ef f0 f1 f2 f3 f4 f5 f6 f7 f8 f9 fa fb fc fd fe ff 
 0  1  2 21  4 c3 42 f6  8 b3 51 63 84 b4 3b c2 10 -- b1 -- a2 -- c6 3c df -- bf -- 76 de 53 e3 20 -- -- -- b5 7f -- 88 93 ac -- -- 5b -- 78 -- 69 -- -- 33 a9 -- -- 15 ec cd 6b 86 a6 -- 11 -- 40 -- -- -- -- -- -- -- bd -- fe -- -- -- c7 4f f1 -- 8f -- -- d8 -- e6 b6 -- -- -- f0 -- -- -- d2 -- -- -- -- -- 66 -- 85 -- -- d9 -- -- 2a a8  f -- 4d -- d6 96 db 6d 9b 79 -- ca 22 -- -- -- 80 -- -- ce -- -- -- -- -- -- -- 36 -- -- -- -- ad -- -- -- 2b -- -- 6a -- dc -- -- 59 2d 9e 45 35 -- -- -- c9 fd -- 6e -- -- 67 -- -- -- 1b -- bb -- -- -- -- -- -- a1 37 95 -- -- -- -- -- -- 73 6c -- -- -- -- -- -- -- -- -- -- cc -- -- -- dd 4b -- -- -- -- 65 d7 -- -- -- -- 54 -- 87 -- 1e -- -- -- 9a 6f -- -- 7b 8a fb eb 61 5a da b2 e1 -- f2 -- -- -- 43 8d 44 d4 -- -- -- -- -- 56 

solutions so far:0 maxDepth:9 
iterations:29267143  skipped: 5 
Depth skipped: 
0 0 5 0 0 0 0 0 0 0 0 0 0 0 0 0 0 0 0 0 0 0 0 0 0 0 0 0 0 0 0 0 

running time: 3600 sec
 depth:8
 0  1  2  3  4  5  6  7  8  9  a  b  c  d  e  f 10 11 12 13 14 15 16 17 18 19 1a 1b 1c 1d 1e 1f 20 21 22 23 24 25 26 27 28 29 2a 2b 2c 2d 2e 2f 30 31 32 33 34 35 36 37 38 39 3a 3b 3c 3d 3e 3f 40 41 42 43 44 45 46 47 48 49 4a 4b 4c 4d 4e 4f 50 51 52 53 54 55 56 57 58 59 5a 5b 5c 5d 5e 5f 60 61 62 63 64 65 66 67 68 69 6a 6b 6c 6d 6e 6f 70 71 72 73 74 75 76 77 78 79 7a 7b 7c 7d 7e 7f 80 81 82 83 84 85 86 87 88 89 8a 8b 8c 8d 8e 8f 90 91 92 93 94 95 96 97 98 99 9a 9b 9c 9d 9e 9f a0 a1 a2 a3 a4 a5 a6 a7 a8 a9 aa ab ac ad ae af b0 b1 b2 b3 b4 b5 b6 b7 b8 b9 ba bb bc bd be bf c0 c1 c2 c3 c4 c5 c6 c7 c8 c9 ca cb cc cd ce cf d0 d1 d2 d3 d4 d5 d6 d7 d8 d9 da db dc dd de df e0 e1 e2 e3 e4 e5 e6 e7 e8 e9 ea eb ec ed ee ef f0 f1 f2 f3 f4 f5 f6 f7 f8 f9 fa fb fc fd fe ff 
 0  1  2 21  4 be 42 5a  8 c0 ab 9f 84 25 b4 2e 10 7e 57 -- 81 -- e9 6d df -- 4a -- bf a1 5c 75 20 -- fc -- ae 8c --  c d5 f3 -- --  5 -- da -- 69 -- -- 33 94 -- -- e5 a9 aa 95 70 b8 -- ea -- 40 -- -- -- 2f -- -- -- 8b -- cf -- -- 7a 18 4f 7d -- 31 -- -- d8 -- e6  a af -- -- 63 -- -- -- d2 -- -- -- -- -- 66 -- ff -- --  7 -- -- 1d 74 85 -- 83 -- fd 96 e0 52 a7 79 -- 1c  3 -- -- -- 80 -- -- ce -- -- -- -- 5e -- -- 36 -- f5 -- -- c1 -- -- -- 49 -- -- 23 -- b6 f4 -- 30 97 9e c4 fa -- -- -- 62 a0 -- 5b -- -- 67 -- -- 91 1b -- 14 5d 89 c5 -- ba -- 28 c6 50 -- -- -- a3 -- -- 73 6c -- -- -- -- -- bc -- -- -- -- cc 3d -- -- 29 4b -- -- -- --  e d7 -- -- -- -- 3a -- e8 -- dd -- -- 3f d1 bb -- -- 2d 5f fb eb 17 f9 a4 60 99 -- f2 -- -- -- 38 55  6 46 -- -- -- -- -- 92 

solutions so far:0 maxDepth:9 
iterations:31705616  skipped: 5 
Depth skipped: 
0 0 5 0 0 0 0 0 0 0 0 0 0 0 0 0 0 0 0 0 0 0 0 0 0 0 0 0 0 0 0 0 

running time: 3900 sec
 depth:7
 0  1  2  3  4  5  6  7  8  9  a  b  c  d  e  f 10 11 12 13 14 15 16 17 18 19 1a 1b 1c 1d 1e 1f 20 21 22 23 24 25 26 27 28 29 2a 2b 2c 2d 2e 2f 30 31 32 33 34 35 36 37 38 39 3a 3b 3c 3d 3e 3f 40 41 42 43 44 45 46 47 48 49 4a 4b 4c 4d 4e 4f 50 51 52 53 54 55 56 57 58 59 5a 5b 5c 5d 5e 5f 60 61 62 63 64 65 66 67 68 69 6a 6b 6c 6d 6e 6f 70 71 72 73 74 75 76 77 78 79 7a 7b 7c 7d 7e 7f 80 81 82 83 84 85 86 87 88 89 8a 8b 8c 8d 8e 8f 90 91 92 93 94 95 96 97 98 99 9a 9b 9c 9d 9e 9f a0 a1 a2 a3 a4 a5 a6 a7 a8 a9 aa ab ac ad ae af b0 b1 b2 b3 b4 b5 b6 b7 b8 b9 ba bb bc bd be bf c0 c1 c2 c3 c4 c5 c6 c7 c8 c9 ca cb cc cd ce cf d0 d1 d2 d3 d4 d5 d6 d7 d8 d9 da db dc dd de df e0 e1 e2 e3 e4 e5 e6 e7 e8 e9 ea eb ec ed ee ef f0 f1 f2 f3 f4 f5 f6 f7 f8 f9 fa fb fc fd fe ff 
 0  1  2 21  4 b5 42 f4  8 99 bd 97 84 e9 3f 45 10 -- e5 -- ad -- f9 bc df --  5 -- 7e 91 8a 38 20 -- -- -- 1d 11 -- 2e 8d c7 -- -- 25 -- af -- 69 -- -- 33  a -- -- 93 fc  7 f5 ac c3 -- 70 -- 40 -- -- -- -- -- -- -- 3a -- 22 -- -- -- 5c 4f cd -- 59 -- -- d8 -- e6 4a -- -- -- 89 -- -- -- d2 -- -- -- -- -- 66 -- 14 -- -- 7f -- -- f1 6a 2f --  e -- 3d 96 8f 50 51 79 -- 2b e0 -- -- -- 80 -- -- ce -- -- -- -- -- -- -- 36 -- -- -- -- 74 -- -- -- 44 -- -- 9a -- ba -- -- b8 a4 9e b3 4d -- -- -- b2 52 -- 5d -- -- 67 -- -- -- 1b -- 94 -- -- -- -- -- -- ff c5 29 -- -- -- -- -- -- 73 6c -- -- -- -- -- -- -- -- -- -- cc -- -- -- 28 4b -- -- -- -- fe d7 -- -- -- -- 35 -- d4 -- 5e -- -- -- 1c a3 -- -- 7a b1 fb eb c9 9f a0 a7 a2 -- f2 -- -- -- 56 e8 17 e3 -- -- -- -- -- 88 

solutions so far:0 maxDepth:10 
iterations:34639908  skipped: 7 
Depth skipped: 
0 0 7 0 0 0 0 0 0 0 0 0 0 0 0 0 0 0 0 0 0 0 0 0 0 0 0 0 0 0 0 0 

running time: 4200 sec
 depth:6
 0  1  2  3  4  5  6  7  8  9  a  b  c  d  e  f 10 11 12 13 14 15 16 17 18 19 1a 1b 1c 1d 1e 1f 20 21 22 23 24 25 26 27 28 29 2a 2b 2c 2d 2e 2f 30 31 32 33 34 35 36 37 38 39 3a 3b 3c 3d 3e 3f 40 41 42 43 44 45 46 47 48 49 4a 4b 4c 4d 4e 4f 50 51 52 53 54 55 56 57 58 59 5a 5b 5c 5d 5e 5f 60 61 62 63 64 65 66 67 68 69 6a 6b 6c 6d 6e 6f 70 71 72 73 74 75 76 77 78 79 7a 7b 7c 7d 7e 7f 80 81 82 83 84 85 86 87 88 89 8a 8b 8c 8d 8e 8f 90 91 92 93 94 95 96 97 98 99 9a 9b 9c 9d 9e 9f a0 a1 a2 a3 a4 a5 a6 a7 a8 a9 aa ab ac ad ae af b0 b1 b2 b3 b4 b5 b6 b7 b8 b9 ba bb bc bd be bf c0 c1 c2 c3 c4 c5 c6 c7 c8 c9 ca cb cc cd ce cf d0 d1 d2 d3 d4 d5 d6 d7 d8 d9 da db dc dd de df e0 e1 e2 e3 e4 e5 e6 e7 e8 e9 ea eb ec ed ee ef f0 f1 f2 f3 f4 f5 f6 f7 f8 f9 fa fb fc fd fe ff 
 0  1  2 21  4 ae 42 6a  8 3a 8b 16 84 1a d4 -- 10 -- 74 -- c1 -- 2c ac df -- 34 -- 7f a2 -- 17 20 -- -- -- e8 ea -- a7 55 18 -- -- 58 -- 8f -- 69 -- -- 33 68 -- -- -- fe 38 93 -- -- -- 2e -- 40 -- -- -- -- -- -- --  7 --  3 -- -- -- 99 4f aa -- 30 -- -- d8 -- e6 b0 -- -- -- c9 -- -- -- d2 -- -- -- -- -- 66 -- d0 -- -- -- -- -- -- -- 2b -- 70 -- f1 96 -- ee -- 79 -- -- 5c -- -- -- 80 -- -- ce -- -- -- -- -- -- -- 36 -- -- -- --  e -- -- --  6 -- -- d1 -- c3 -- -- e5 ed 9e c0 83 -- -- -- 60 9d -- 8a -- -- 67 -- -- -- 1b -- b7 -- -- -- -- -- -- b9 45 a5 -- -- -- -- -- -- 73 6c -- -- -- -- -- -- -- -- -- -- cc -- -- -- 77 4b -- -- -- -- -- d7 -- -- -- -- -- -- -- -- 56 -- -- -- e0 51 -- -- 35 57 fb eb --  d  b 1d -- -- f2 -- -- -- -- 1c b8 75 -- -- -- -- --  c 

solutions so far:0 maxDepth:10 
iterations:37830072  skipped: 7 
Depth skipped: 
0 0 7 0 0 0 0 0 0 0 0 0 0 0 0 0 0 0 0 0 0 0 0 0 0 0 0 0 0 0 0 0 

running time: 4500 sec
 depth:7
 0  1  2  3  4  5  6  7  8  9  a  b  c  d  e  f 10 11 12 13 14 15 16 17 18 19 1a 1b 1c 1d 1e 1f 20 21 22 23 24 25 26 27 28 29 2a 2b 2c 2d 2e 2f 30 31 32 33 34 35 36 37 38 39 3a 3b 3c 3d 3e 3f 40 41 42 43 44 45 46 47 48 49 4a 4b 4c 4d 4e 4f 50 51 52 53 54 55 56 57 58 59 5a 5b 5c 5d 5e 5f 60 61 62 63 64 65 66 67 68 69 6a 6b 6c 6d 6e 6f 70 71 72 73 74 75 76 77 78 79 7a 7b 7c 7d 7e 7f 80 81 82 83 84 85 86 87 88 89 8a 8b 8c 8d 8e 8f 90 91 92 93 94 95 96 97 98 99 9a 9b 9c 9d 9e 9f a0 a1 a2 a3 a4 a5 a6 a7 a8 a9 aa ab ac ad ae af b0 b1 b2 b3 b4 b5 b6 b7 b8 b9 ba bb bc bd be bf c0 c1 c2 c3 c4 c5 c6 c7 c8 c9 ca cb cc cd ce cf d0 d1 d2 d3 d4 d5 d6 d7 d8 d9 da db dc dd de df e0 e1 e2 e3 e4 e5 e6 e7 e8 e9 ea eb ec ed ee ef f0 f1 f2 f3 f4 f5 f6 f7 f8 f9 fa fb fc fd fe ff 
 0  1  2 21  4 a9 42 bd  8 de 85 8c 84 ab ad 18 10 -- 6b -- dd -- cf e3 df -- 81 -- 8d b2 30 1e 20 -- -- -- d6 b6 -- 37 6d fd -- -- 49 -- 11 -- 69 -- -- 33 d5 -- -- ae cd 76 b3  3 60 -- 3c -- 40 -- -- -- -- -- -- -- 7b -- bb -- -- -- 6e 4f da -- 2d -- -- d8 -- e6 92 -- -- -- 22 -- -- -- d2 -- -- -- -- -- 66 -- 7d -- -- 83 -- -- 8b 55 4d -- ec -- b1 96  6 23 c0 79 -- 75 78 -- -- -- 80 -- -- ce -- -- -- -- -- -- -- 36 -- -- -- -- f6 -- -- -- a1 -- -- c6 -- c7 -- -- dc 5f 9e b4 63 -- -- -- 5a c4 -- 88 -- -- 67 -- -- -- 1b -- f3 -- -- -- -- -- -- 31 44 62 -- -- -- -- -- -- 73 6c -- -- -- -- -- -- -- -- -- -- cc -- -- -- fa 4b -- -- -- -- d1 d7 -- -- -- -- c1 -- aa -- 9a -- -- --  f 59 -- -- b5 bf fb eb  c be 46 6f 57 -- f2 -- -- -- ea 3b f0 5b -- -- -- -- -- 95 

solutions so far:0 maxDepth:10 
iterations:40808146  skipped: 7 
Depth skipped: 
0 0 7 0 0 0 0 0 0 0 0 0 0 0 0 0 0 0 0 0 0 0 0 0 0 0 0 0 0 0 0 0 

running time: 4800 sec
 depth:7
 0  1  2  3  4  5  6  7  8  9  a  b  c  d  e  f 10 11 12 13 14 15 16 17 18 19 1a 1b 1c 1d 1e 1f 20 21 22 23 24 25 26 27 28 29 2a 2b 2c 2d 2e 2f 30 31 32 33 34 35 36 37 38 39 3a 3b 3c 3d 3e 3f 40 41 42 43 44 45 46 47 48 49 4a 4b 4c 4d 4e 4f 50 51 52 53 54 55 56 57 58 59 5a 5b 5c 5d 5e 5f 60 61 62 63 64 65 66 67 68 69 6a 6b 6c 6d 6e 6f 70 71 72 73 74 75 76 77 78 79 7a 7b 7c 7d 7e 7f 80 81 82 83 84 85 86 87 88 89 8a 8b 8c 8d 8e 8f 90 91 92 93 94 95 96 97 98 99 9a 9b 9c 9d 9e 9f a0 a1 a2 a3 a4 a5 a6 a7 a8 a9 aa ab ac ad ae af b0 b1 b2 b3 b4 b5 b6 b7 b8 b9 ba bb bc bd be bf c0 c1 c2 c3 c4 c5 c6 c7 c8 c9 ca cb cc cd ce cf d0 d1 d2 d3 d4 d5 d6 d7 d8 d9 da db dc dd de df e0 e1 e2 e3 e4 e5 e6 e7 e8 e9 ea eb ec ed ee ef f0 f1 f2 f3 f4 f5 f6 f7 f8 f9 fa fb fc fd fe ff 
 0  1  2 21  4 a2 42 90  8 ab 93 7b 84 37 f7 83 10 -- 81 -- f1 -- f6 3e df -- 6e -- 39  9 d1 49 20 -- -- -- d5 2b -- 62 35 c9 -- -- 3b -- 7c -- 69 -- -- 33 dc -- --  6 72 46 12 c1 75 -- 92 -- 40 -- -- -- -- -- -- -- 7d -- 56 -- -- -- c4 4f 6a -- 45 -- -- d8 -- e6 76 -- -- -- f8 -- -- -- d2 -- -- -- -- -- 66 -- 6f -- -- c0 -- --  c 30 e4 -- 8c -- 24 96 55 6b ea 79 -- ae f3 -- -- -- 80 -- -- ce -- -- -- -- -- -- -- 36 -- -- -- -- fa -- -- -- ac -- -- 7f -- 9c -- -- 5f 78 9e c3 d4 -- -- -- 8a 3c -- 4e -- -- 67 -- -- -- 1b -- ec -- -- -- -- -- --  f 27 1e -- -- -- -- -- -- 73 6c -- -- -- -- -- -- -- -- -- -- cc -- -- -- de 4b -- -- -- -- 57 d7 -- -- -- -- 18 -- 60 -- 1f -- -- -- cf ef -- -- 48 51 fb eb aa f0 d6 be  3 -- f2 -- -- -- 8b 23 31 fe -- -- -- -- -- 8f 

solutions so far:0 maxDepth:10 
iterations:44695253  skipped: 8 
Depth skipped: 
0 0 8 0 0 0 0 0 0 0 0 0 0 0 0 0 0 0 0 0 0 0 0 0 0 0 0 0 0 0 0 0 

running time: 5100 sec
 depth:8
 0  1  2  3  4  5  6  7  8  9  a  b  c  d  e  f 10 11 12 13 14 15 16 17 18 19 1a 1b 1c 1d 1e 1f 20 21 22 23 24 25 26 27 28 29 2a 2b 2c 2d 2e 2f 30 31 32 33 34 35 36 37 38 39 3a 3b 3c 3d 3e 3f 40 41 42 43 44 45 46 47 48 49 4a 4b 4c 4d 4e 4f 50 51 52 53 54 55 56 57 58 59 5a 5b 5c 5d 5e 5f 60 61 62 63 64 65 66 67 68 69 6a 6b 6c 6d 6e 6f 70 71 72 73 74 75 76 77 78 79 7a 7b 7c 7d 7e 7f 80 81 82 83 84 85 86 87 88 89 8a 8b 8c 8d 8e 8f 90 91 92 93 94 95 96 97 98 99 9a 9b 9c 9d 9e 9f a0 a1 a2 a3 a4 a5 a6 a7 a8 a9 aa ab ac ad ae af b0 b1 b2 b3 b4 b5 b6 b7 b8 b9 ba bb bc bd be bf c0 c1 c2 c3 c4 c5 c6 c7 c8 c9 ca cb cc cd ce cf d0 d1 d2 d3 d4 d5 d6 d7 d8 d9 da db dc dd de df e0 e1 e2 e3 e4 e5 e6 e7 e8 e9 ea eb ec ed ee ef f0 f1 f2 f3 f4 f5 f6 f7 f8 f9 fa fb fc fd fe ff 
 0  1  2 21  4 9a 42 f7  8 a8 e3 25 84  a 39 fe 10 85 87 -- 11 -- 4a 7c df -- 14 -- 72 12 2b c2 20 -- dd -- d9 b2 -- e1 22 bd -- -- 94 -- f8 -- 69 -- -- 33 28 -- -- c9 e4 86 24 6a 56 -- 53 -- 40 -- -- -- 6d -- -- -- 65 -- b3 -- -- b4 15 4f 44 -- ad -- -- d8 -- e6 ff c6 -- -- 27 -- -- -- d2 -- -- -- -- -- 66 -- 50 -- -- a2 -- -- 45 c3 1f -- db -- 48 96 d4 97 ac 79 -- f1 a6 -- -- -- 80 -- -- ce -- -- -- -- da -- -- 36 -- 2d -- -- ca -- -- -- b1 -- -- c7 -- ef bf -- 2a e9 9e cd 88 -- -- -- 8d 9f -- 9c -- -- 67 -- -- fd 1b -- 29 bb 5b b6 -- a1 -- 52 4e a4 -- -- -- 95 -- -- 73 6c -- -- -- -- -- 63 -- -- -- -- cc 5a -- -- a0 4b -- -- -- -- 93 d7 -- -- -- -- 8a -- 51 -- 3e -- -- a9 61  9 -- -- 90 4d fb eb 7f  5 f9 54 8f -- f2 -- -- -- 35 43 9b 59 -- -- -- -- -- b5 

solutions so far:0 maxDepth:10 
iterations:48494195  skipped: 9 
Depth skipped: 
0 0 9 0 0 0 0 0 0 0 0 0 0 0 0 0 0 0 0 0 0 0 0 0 0 0 0 0 0 0 0 0 

running time: 5400 sec
 depth:8
 0  1  2  3  4  5  6  7  8  9  a  b  c  d  e  f 10 11 12 13 14 15 16 17 18 19 1a 1b 1c 1d 1e 1f 20 21 22 23 24 25 26 27 28 29 2a 2b 2c 2d 2e 2f 30 31 32 33 34 35 36 37 38 39 3a 3b 3c 3d 3e 3f 40 41 42 43 44 45 46 47 48 49 4a 4b 4c 4d 4e 4f 50 51 52 53 54 55 56 57 58 59 5a 5b 5c 5d 5e 5f 60 61 62 63 64 65 66 67 68 69 6a 6b 6c 6d 6e 6f 70 71 72 73 74 75 76 77 78 79 7a 7b 7c 7d 7e 7f 80 81 82 83 84 85 86 87 88 89 8a 8b 8c 8d 8e 8f 90 91 92 93 94 95 96 97 98 99 9a 9b 9c 9d 9e 9f a0 a1 a2 a3 a4 a5 a6 a7 a8 a9 aa ab ac ad ae af b0 b1 b2 b3 b4 b5 b6 b7 b8 b9 ba bb bc bd be bf c0 c1 c2 c3 c4 c5 c6 c7 c8 c9 ca cb cc cd ce cf d0 d1 d2 d3 d4 d5 d6 d7 d8 d9 da db dc dd de df e0 e1 e2 e3 e4 e5 e6 e7 e8 e9 ea eb ec ed ee ef f0 f1 f2 f3 f4 f5 f6 f7 f8 f9 fa fb fc fd fe ff 
 0  1  2 21  4 92 42 bb  8 99 f3 34 84 b7 a1 7a 10 94 e5 -- 31 -- 68 b4 df -- b9 -- 95 63 f4 38 20 -- ff -- 1d 81 -- 2e 62 23 -- -- d0 -- bf -- 69 -- -- 33 a5 -- -- 2f fd  7 c6 91 3f -- 70 -- 40 -- -- -- 29 -- -- -- 3a -- d5 -- -- f9 5c 4f c4 -- 46 -- -- d8 -- e6 77 9f -- -- a9 -- -- -- d2 -- -- -- -- -- 66 -- 9d -- -- c5 -- -- 5e af 2d --  e -- 5b 96 f5  d 7e 79 -- ba e0 -- -- -- 80 -- -- ce -- -- -- -- 52 -- -- 36 -- a0 -- -- 74 -- -- -- 7d -- -- be -- 6d 25 -- b8 58 9e cf 5f -- -- -- 8c 2c -- dd -- -- 67 -- -- 50 1b -- ee  a e9  5 -- 14 --  b 85 16 -- -- -- 28 -- -- 73 6c -- -- -- -- -- a4 -- -- -- -- cc 97 -- -- ed 4b -- -- -- -- 5d d7 -- -- -- -- bc -- 89 -- 5a -- -- 4a 1c da -- -- b6 49 fb eb 3d b0 1a a7 fc -- f2 -- -- -- a3 e8 17 ab -- -- -- -- -- fa 

solutions so far:0 maxDepth:10 
iterations:52113595  skipped: 10 
Depth skipped: 
0 0 10 0 0 0 0 0 0 0 0 0 0 0 0 0 0 0 0 0 0 0 0 0 0 0 0 0 0 0 0 0 

running time: 5700 sec
 depth:7
 0  1  2  3  4  5  6  7  8  9  a  b  c  d  e  f 10 11 12 13 14 15 16 17 18 19 1a 1b 1c 1d 1e 1f 20 21 22 23 24 25 26 27 28 29 2a 2b 2c 2d 2e 2f 30 31 32 33 34 35 36 37 38 39 3a 3b 3c 3d 3e 3f 40 41 42 43 44 45 46 47 48 49 4a 4b 4c 4d 4e 4f 50 51 52 53 54 55 56 57 58 59 5a 5b 5c 5d 5e 5f 60 61 62 63 64 65 66 67 68 69 6a 6b 6c 6d 6e 6f 70 71 72 73 74 75 76 77 78 79 7a 7b 7c 7d 7e 7f 80 81 82 83 84 85 86 87 88 89 8a 8b 8c 8d 8e 8f 90 91 92 93 94 95 96 97 98 99 9a 9b 9c 9d 9e 9f a0 a1 a2 a3 a4 a5 a6 a7 a8 a9 aa ab ac ad ae af b0 b1 b2 b3 b4 b5 b6 b7 b8 b9 ba bb bc bd be bf c0 c1 c2 c3 c4 c5 c6 c7 c8 c9 ca cb cc cd ce cf d0 d1 d2 d3 d4 d5 d6 d7 d8 d9 da db dc dd de df e0 e1 e2 e3 e4 e5 e6 e7 e8 e9 ea eb ec ed ee ef f0 f1 f2 f3 f4 f5 f6 f7 f8 f9 fa fb fc fd fe ff 
 0  1  2 21  4 89 42 dd  8 59 c5 ac 84 35 6d 30 10 -- b2 -- 5d -- 8f b6 df -- 6a -- da b4 60 4d 20 -- -- -- b3 7a -- 22 ba fc -- -- c9 -- bb -- 69 -- -- 33 d4 -- -- 8b 63 ad bf  6 c0 -- 9a -- 40 -- -- -- -- -- -- -- b1 -- f4 -- -- -- 44 4f a3 -- 2f -- -- d8 -- e6 45 -- -- -- a1 -- -- -- d2 -- -- -- -- -- 66 -- 7f -- -- d1 -- -- c1 aa c6 -- 8d -- a9 96  c 2b 57 79 -- ea e3 -- -- -- 80 -- -- ce -- -- -- -- -- -- -- 36 -- -- -- -- b5 -- -- -- 3f -- -- f5 -- 2d -- -- 88 93 9e bc 91 -- -- -- 5e a2 -- fd -- -- 67 -- -- -- 1b -- 8a -- -- -- -- -- -- c3 95 51 -- -- -- -- -- -- 73 6c -- -- -- -- -- -- -- -- -- -- cc -- -- -- fe 4b -- -- -- -- 75 d7 -- -- -- -- 55 -- 83 -- 5b -- -- -- cd 5a -- -- 85 af fb eb 18 f1 56 c7 ae -- f2 -- -- --  3 bd 11 3d -- -- -- -- -- 7e 

solutions so far:0 maxDepth:10 
iterations:55907657  skipped: 11 
Depth skipped: 
0 0 11 0 0 0 0 0 0 0 0 0 0 0 0 0 0 0 0 0 0 0 0 0 0 0 0 0 0 0 0 0 

running time: 6000 sec
 depth:7
 0  1  2  3  4  5  6  7  8  9  a  b  c  d  e  f 10 11 12 13 14 15 16 17 18 19 1a 1b 1c 1d 1e 1f 20 21 22 23 24 25 26 27 28 29 2a 2b 2c 2d 2e 2f 30 31 32 33 34 35 36 37 38 39 3a 3b 3c 3d 3e 3f 40 41 42 43 44 45 46 47 48 49 4a 4b 4c 4d 4e 4f 50 51 52 53 54 55 56 57 58 59 5a 5b 5c 5d 5e 5f 60 61 62 63 64 65 66 67 68 69 6a 6b 6c 6d 6e 6f 70 71 72 73 74 75 76 77 78 79 7a 7b 7c 7d 7e 7f 80 81 82 83 84 85 86 87 88 89 8a 8b 8c 8d 8e 8f 90 91 92 93 94 95 96 97 98 99 9a 9b 9c 9d 9e 9f a0 a1 a2 a3 a4 a5 a6 a7 a8 a9 aa ab ac ad ae af b0 b1 b2 b3 b4 b5 b6 b7 b8 b9 ba bb bc bd be bf c0 c1 c2 c3 c4 c5 c6 c7 c8 c9 ca cb cc cd ce cf d0 d1 d2 d3 d4 d5 d6 d7 d8 d9 da db dc dd de df e0 e1 e2 e3 e4 e5 e6 e7 e8 e9 ea eb ec ed ee ef f0 f1 f2 f3 f4 f5 f6 f7 f8 f9 fa fb fc fd fe ff 
 0  1  2 21  4 81 42 bc  8 c9 d5 d0 84 a5 af 3e 10 -- 45 -- 7d -- 77 a3 df -- 9d -- 89 7e 7c 6a 20 -- -- -- 8a 49 -- 2b fa 62 -- -- ee -- 91 -- 69 -- -- 33 ed -- -- 9c c5 93 fc 72 f8 -- d4 -- 40 -- -- -- -- -- -- -- c3 -- 92 -- -- -- 56 4f 23 -- c4 -- -- d8 -- e6  b -- -- -- f5 -- -- -- d2 -- -- -- -- -- 66 --  d -- -- 48 -- -- ef 12 5d -- f1 -- 2f 96 e4 34 27 79 -- f7 7f -- -- -- 80 -- -- ce -- -- -- -- -- -- -- 36 -- -- -- -- 51 -- -- -- f3 -- -- 8c -- f4 -- -- ac b7 9e be 46 -- -- -- 5f b0 -- 7a -- -- 67 -- -- -- 1b -- 16 -- -- -- -- -- -- 2c 3d 58 -- -- -- -- -- -- 73 6c -- -- -- -- -- -- -- -- -- -- cc -- -- -- 1a 4b -- -- -- -- 90 d7 -- -- -- --  9 -- 24 -- ba -- -- -- 35 3f -- -- 5e ab fb eb 1f b9 68 8f 4e -- f2 -- -- -- 39 a2 fe cf -- -- -- -- -- 31 

solutions so far:0 maxDepth:10 
iterations:60008296  skipped: 11 
Depth skipped: 
0 0 11 0 0 0 0 0 0 0 0 0 0 0 0 0 0 0 0 0 0 0 0 0 0 0 0 0 0 0 0 0 

running time: 6300 sec
 depth:6
 0  1  2  3  4  5  6  7  8  9  a  b  c  d  e  f 10 11 12 13 14 15 16 17 18 19 1a 1b 1c 1d 1e 1f 20 21 22 23 24 25 26 27 28 29 2a 2b 2c 2d 2e 2f 30 31 32 33 34 35 36 37 38 39 3a 3b 3c 3d 3e 3f 40 41 42 43 44 45 46 47 48 49 4a 4b 4c 4d 4e 4f 50 51 52 53 54 55 56 57 58 59 5a 5b 5c 5d 5e 5f 60 61 62 63 64 65 66 67 68 69 6a 6b 6c 6d 6e 6f 70 71 72 73 74 75 76 77 78 79 7a 7b 7c 7d 7e 7f 80 81 82 83 84 85 86 87 88 89 8a 8b 8c 8d 8e 8f 90 91 92 93 94 95 96 97 98 99 9a 9b 9c 9d 9e 9f a0 a1 a2 a3 a4 a5 a6 a7 a8 a9 aa ab ac ad ae af b0 b1 b2 b3 b4 b5 b6 b7 b8 b9 ba bb bc bd be bf c0 c1 c2 c3 c4 c5 c6 c7 c8 c9 ca cb cc cd ce cf d0 d1 d2 d3 d4 d5 d6 d7 d8 d9 da db dc dd de df e0 e1 e2 e3 e4 e5 e6 e7 e8 e9 ea eb ec ed ee ef f0 f1 f2 f3 f4 f5 f6 f7 f8 f9 fa fb fc fd fe ff 
 0  1  2 21  4 7b 42 a6  8 12 f6 a3 84 5e 9b -- 10 -- 24 -- 3b -- 91 a8 df -- bc -- e1 db -- 3e 20 -- -- -- 48 78 -- 4e 76 dc -- -- f5 -- 87 -- 69 -- -- 33 af -- -- -- 15 72 61 -- -- -- 7c -- 40 -- -- -- -- -- -- -- 90 -- f0 -- -- -- 9c 4f ec -- 6f -- -- d8 -- e6 3d -- -- -- d9 -- -- -- d2 -- -- -- -- -- 66 -- 89 -- -- -- -- -- -- -- 2a -- e4 -- c2 96 -- 5d -- 79 -- -- f8 -- -- -- 80 -- -- ce -- -- -- -- -- -- -- 36 -- -- -- -- f7 -- -- -- 37 -- -- 1e -- 43 -- -- ef fc 9e 6b  f -- -- -- de 7e -- ca -- -- 67 -- -- -- 1b -- 7a -- -- -- -- -- -- f4 65 3f -- -- -- -- -- -- 73 6c -- -- -- -- -- -- -- -- -- -- cc -- -- -- c5 4b -- -- -- -- -- d7 -- -- -- -- -- -- -- -- 54 -- -- -- 1f 86 -- -- 53 d6 fb eb -- 2f ba  9 -- -- f2 -- -- -- -- 39 27 3c -- -- -- -- -- 6e 

solutions so far:0 maxDepth:10 
iterations:62780039  skipped: 11 
Depth skipped: 
0 0 11 0 0 0 0 0 0 0 0 0 0 0 0 0 0 0 0 0 0 0 0 0 0 0 0 0 0 0 0 0 

running time: 6600 sec
 depth:7
 0  1  2  3  4  5  6  7  8  9  a  b  c  d  e  f 10 11 12 13 14 15 16 17 18 19 1a 1b 1c 1d 1e 1f 20 21 22 23 24 25 26 27 28 29 2a 2b 2c 2d 2e 2f 30 31 32 33 34 35 36 37 38 39 3a 3b 3c 3d 3e 3f 40 41 42 43 44 45 46 47 48 49 4a 4b 4c 4d 4e 4f 50 51 52 53 54 55 56 57 58 59 5a 5b 5c 5d 5e 5f 60 61 62 63 64 65 66 67 68 69 6a 6b 6c 6d 6e 6f 70 71 72 73 74 75 76 77 78 79 7a 7b 7c 7d 7e 7f 80 81 82 83 84 85 86 87 88 89 8a 8b 8c 8d 8e 8f 90 91 92 93 94 95 96 97 98 99 9a 9b 9c 9d 9e 9f a0 a1 a2 a3 a4 a5 a6 a7 a8 a9 aa ab ac ad ae af b0 b1 b2 b3 b4 b5 b6 b7 b8 b9 ba bb bc bd be bf c0 c1 c2 c3 c4 c5 c6 c7 c8 c9 ca cb cc cd ce cf d0 d1 d2 d3 d4 d5 d6 d7 d8 d9 da db dc dd de df e0 e1 e2 e3 e4 e5 e6 e7 e8 e9 ea eb ec ed ee ef f0 f1 f2 f3 f4 f5 f6 f7 f8 f9 fa fb fc fd fe ff 
 0  1  2 21  4 71 42 ee  8 90 e2 ea 84 8b  b d4 10 -- f7 -- 13 --  3 b7 df -- c1 -- 16 34 7f 27 20 -- -- -- 39 32 --  9 26 8e -- --  6 -- b9 -- 69 -- -- 33 55 -- -- ac 2c 3e 68 f1 fe -- 4e -- 40 -- -- -- -- -- -- -- 72 -- 64 -- -- -- 12 4f 4c -- cb -- -- d8 -- e6  c -- -- -- a5 -- -- -- d2 -- -- -- -- -- 66 -- aa -- -- c3 -- -- 8f 45 58 -- 7c -- d0 96 35 d1 2b 79 -- a2 9c -- -- -- 80 -- -- ce -- -- -- -- -- -- -- 36 -- -- -- -- e4 -- -- -- c8 -- -- e7 --  d -- -- 24 57 9e 82 98 -- -- -- 41 c0 -- ed -- -- 67 -- -- -- 1b -- 18 -- -- -- -- -- -- 30 9d 60 -- -- -- -- -- -- 73 6c -- -- -- -- -- -- -- -- -- -- cc -- -- -- 83 4b -- -- -- -- 51 d7 -- -- -- -- c9 -- 8a -- b0 -- -- -- f8 1a -- -- 77 d3 fb eb 6a ae 75 48 56 -- f2 -- -- -- 93 1f ef 19 -- -- -- -- -- 47 

solutions so far:0 maxDepth:10 
iterations:67178984  skipped: 12 
Depth skipped: 
0 0 12 0 0 0 0 0 0 0 0 0 0 0 0 0 0 0 0 0 0 0 0 0 0 0 0 0 0 0 0 0 

running time: 6900 sec
 depth:7
 0  1  2  3  4  5  6  7  8  9  a  b  c  d  e  f 10 11 12 13 14 15 16 17 18 19 1a 1b 1c 1d 1e 1f 20 21 22 23 24 25 26 27 28 29 2a 2b 2c 2d 2e 2f 30 31 32 33 34 35 36 37 38 39 3a 3b 3c 3d 3e 3f 40 41 42 43 44 45 46 47 48 49 4a 4b 4c 4d 4e 4f 50 51 52 53 54 55 56 57 58 59 5a 5b 5c 5d 5e 5f 60 61 62 63 64 65 66 67 68 69 6a 6b 6c 6d 6e 6f 70 71 72 73 74 75 76 77 78 79 7a 7b 7c 7d 7e 7f 80 81 82 83 84 85 86 87 88 89 8a 8b 8c 8d 8e 8f 90 91 92 93 94 95 96 97 98 99 9a 9b 9c 9d 9e 9f a0 a1 a2 a3 a4 a5 a6 a7 a8 a9 aa ab ac ad ae af b0 b1 b2 b3 b4 b5 b6 b7 b8 b9 ba bb bc bd be bf c0 c1 c2 c3 c4 c5 c6 c7 c8 c9 ca cb cc cd ce cf d0 d1 d2 d3 d4 d5 d6 d7 d8 d9 da db dc dd de df e0 e1 e2 e3 e4 e5 e6 e7 e8 e9 ea eb ec ed ee ef f0 f1 f2 f3 f4 f5 f6 f7 f8 f9 fa fb fc fd fe ff 
 0  1  2 21  4 65 42  e  8 d5 ca 56 84 f1 1c 57 10 -- 7d -- 43 -- ac 2e df -- 35 -- 38 3a ae f3 20 -- -- -- fa a6 -- 5f 86 2a -- -- 8f -- 5c -- 69 -- -- 33 6a -- -- aa 70 cf 74 30 8b -- 31 -- 40 -- -- -- -- -- -- -- 23 -- 9b -- -- -- be 4f db -- 54 -- -- d8 -- e6 c9 -- -- -- b8 -- -- -- d2 -- -- -- -- -- 66 -- d4 -- --  3 -- -- 83 75 e0 -- 49 -- e8 96 60 fe c1 79 --  c 62 -- -- -- 80 -- -- ce -- -- -- -- -- -- -- 36 -- -- -- -- 46 -- -- -- e1 -- -- c2 -- e5 -- -- ab a2 9e 87 61 -- -- -- a8 51 -- 99 -- -- 67 -- -- -- 1b -- 45 -- -- -- -- -- -- 8a a7 c3 -- -- -- -- -- -- 73 6c -- -- -- -- -- -- -- -- -- -- cc -- -- -- 7f 4b -- -- -- --  6 d7 -- -- -- -- d1 -- ea -- 17 -- -- -- 92 1d -- --  7 d9 fb eb c0 93 2b 81 55 -- f2 -- -- -- 18 8c c4 53 -- -- -- -- -- 15 

solutions so far:0 maxDepth:10 
iterations:72643637  skipped: 13 
Depth skipped: 
0 0 13 0 0 0 0 0 0 0 0 0 0 0 0 0 0 0 0 0 0 0 0 0 0 0 0 0 0 0 0 0 

running time: 7200 sec
 depth:7
 0  1  2  3  4  5  6  7  8  9  a  b  c  d  e  f 10 11 12 13 14 15 16 17 18 19 1a 1b 1c 1d 1e 1f 20 21 22 23 24 25 26 27 28 29 2a 2b 2c 2d 2e 2f 30 31 32 33 34 35 36 37 38 39 3a 3b 3c 3d 3e 3f 40 41 42 43 44 45 46 47 48 49 4a 4b 4c 4d 4e 4f 50 51 52 53 54 55 56 57 58 59 5a 5b 5c 5d 5e 5f 60 61 62 63 64 65 66 67 68 69 6a 6b 6c 6d 6e 6f 70 71 72 73 74 75 76 77 78 79 7a 7b 7c 7d 7e 7f 80 81 82 83 84 85 86 87 88 89 8a 8b 8c 8d 8e 8f 90 91 92 93 94 95 96 97 98 99 9a 9b 9c 9d 9e 9f a0 a1 a2 a3 a4 a5 a6 a7 a8 a9 aa ab ac ad ae af b0 b1 b2 b3 b4 b5 b6 b7 b8 b9 ba bb bc bd be bf c0 c1 c2 c3 c4 c5 c6 c7 c8 c9 ca cb cc cd ce cf d0 d1 d2 d3 d4 d5 d6 d7 d8 d9 da db dc dd de df e0 e1 e2 e3 e4 e5 e6 e7 e8 e9 ea eb ec ed ee ef f0 f1 f2 f3 f4 f5 f6 f7 f8 f9 fa fb fc fd fe ff 
 0  1  2 21  4 5a 42 99  8 c8 b4 4d 84 b3 e5 aa 10 -- 47 -- bf -- 9a  7 df -- b1 -- 1d 2e 83 13 20 -- -- -- 8e 63 -- e7 a9 bb -- -- e3 --  e -- 69 -- -- 33 b5 -- --  3 3a d3 5c 8b d1 -- 26 -- 40 -- -- -- -- -- -- -- cb -- c6 -- -- -- 19 4f 85 -- a1 -- -- d8 -- e6 11 -- -- -- 1c -- -- -- d2 -- -- -- -- -- 66 -- bd -- -- 60 -- --  6 18 74 -- 71 -- b8 96 c1 8d 75 79 -- 57 4c -- -- -- 80 -- -- ce -- -- -- -- -- -- -- 36 -- -- -- -- 41 -- -- -- 5b -- -- 6d -- e0 -- -- 32 59 9e fd dd -- -- -- 95 c7 -- 70 -- -- 67 -- -- -- 1b -- 22 -- -- -- -- -- -- 44 38 88 -- -- -- -- -- -- 73 6c -- -- -- -- -- -- -- -- -- -- cc -- -- -- ad 4b -- -- -- -- c0 d7 -- -- -- --  c -- 30 -- e8 -- -- -- e2 17 -- -- a7 2d fb eb 55 b2 cd 64 ea -- f2 -- -- -- ae 82 98 da -- -- -- -- -- b6 

solutions so far:0 maxDepth:10 
iterations:78148279  skipped: 14 
Depth skipped: 
0 0 14 0 0 0 0 0 0 0 0 0 0 0 0 0 0 0 0 0 0 0 0 0 0 0 0 0 0 0 0 0 

running time: 7500 sec
 depth:6
 0  1  2  3  4  5  6  7  8  9  a  b  c  d  e  f 10 11 12 13 14 15 16 17 18 19 1a 1b 1c 1d 1e 1f 20 21 22 23 24 25 26 27 28 29 2a 2b 2c 2d 2e 2f 30 31 32 33 34 35 36 37 38 39 3a 3b 3c 3d 3e 3f 40 41 42 43 44 45 46 47 48 49 4a 4b 4c 4d 4e 4f 50 51 52 53 54 55 56 57 58 59 5a 5b 5c 5d 5e 5f 60 61 62 63 64 65 66 67 68 69 6a 6b 6c 6d 6e 6f 70 71 72 73 74 75 76 77 78 79 7a 7b 7c 7d 7e 7f 80 81 82 83 84 85 86 87 88 89 8a 8b 8c 8d 8e 8f 90 91 92 93 94 95 96 97 98 99 9a 9b 9c 9d 9e 9f a0 a1 a2 a3 a4 a5 a6 a7 a8 a9 aa ab ac ad ae af b0 b1 b2 b3 b4 b5 b6 b7 b8 b9 ba bb bc bd be bf c0 c1 c2 c3 c4 c5 c6 c7 c8 c9 ca cb cc cd ce cf d0 d1 d2 d3 d4 d5 d6 d7 d8 d9 da db dc dd de df e0 e1 e2 e3 e4 e5 e6 e7 e8 e9 ea eb ec ed ee ef f0 f1 f2 f3 f4 f5 f6 f7 f8 f9 fa fb fc fd fe ff 
 0  1  2 21  4 4e 42 7b  8 25 9c 98 84 82 f6 -- 10 -- 4a -- ef -- e7 1e df -- d3 -- 3b 6f --  5 20 -- -- -- 94 f7 -- 50  9 1f -- -- 19 -- 3c -- 69 -- -- 33 71 -- -- -- 76 a4 de -- -- --  a -- 40 -- -- -- -- -- -- -- ff -- 39 -- -- -- a0 4f 12 -- 3e -- -- d8 -- e6 32 -- -- -- 78 -- -- -- d2 -- -- -- -- -- 66 -- e2 -- -- -- -- -- -- -- ec -- 9f -- 6b 96 -- 26 -- 79 -- -- 14 -- -- -- 80 -- -- ce -- -- -- -- -- -- -- 36 -- -- -- -- 29 -- -- -- 72 -- -- 48 -- 6e -- -- 97 cb 9e f8 24 -- -- -- 7c 8e -- 37 -- -- 67 -- -- -- 1b -- 64 -- -- -- -- -- -- c8 f0 47 -- -- -- -- -- -- 73 6c -- -- -- -- -- -- -- -- -- -- cc -- -- -- 13 4b -- -- -- -- -- d7 -- -- -- -- -- -- -- --  f -- -- -- e9 dc -- -- d6 27 fb eb -- 41 4c f9 -- -- f2 -- -- -- -- 52 28 90 -- -- -- -- -- e4 

solutions so far:0 maxDepth:10 
iterations:82897518  skipped: 15 
Depth skipped: 
0 0 15 0 0 0 0 0 0 0 0 0 0 0 0 0 0 0 0 0 0 0 0 0 0 0 0 0 0 0 0 0 

running time: 7800 sec
 depth:5
 0  1  2  3  4  5  6  7  8  9  a  b  c  d  e  f 10 11 12 13 14 15 16 17 18 19 1a 1b 1c 1d 1e 1f 20 21 22 23 24 25 26 27 28 29 2a 2b 2c 2d 2e 2f 30 31 32 33 34 35 36 37 38 39 3a 3b 3c 3d 3e 3f 40 41 42 43 44 45 46 47 48 49 4a 4b 4c 4d 4e 4f 50 51 52 53 54 55 56 57 58 59 5a 5b 5c 5d 5e 5f 60 61 62 63 64 65 66 67 68 69 6a 6b 6c 6d 6e 6f 70 71 72 73 74 75 76 77 78 79 7a 7b 7c 7d 7e 7f 80 81 82 83 84 85 86 87 88 89 8a 8b 8c 8d 8e 8f 90 91 92 93 94 95 96 97 98 99 9a 9b 9c 9d 9e 9f a0 a1 a2 a3 a4 a5 a6 a7 a8 a9 aa ab ac ad ae af b0 b1 b2 b3 b4 b5 b6 b7 b8 b9 ba bb bc bd be bf c0 c1 c2 c3 c4 c5 c6 c7 c8 c9 ca cb cc cd ce cf d0 d1 d2 d3 d4 d5 d6 d7 d8 d9 da db dc dd de df e0 e1 e2 e3 e4 e5 e6 e7 e8 e9 ea eb ec ed ee ef f0 f1 f2 f3 f4 f5 f6 f7 f8 f9 fa fb fc fd fe ff 
 0  1  2 21  4 43 42 d1  8 bf 86 -- 84 -- 75 -- 10 -- a9 -- db -- -- 18 df -- -- -- ea c1 -- b6 20 -- -- -- 85 e1 -- fd 61 a8 -- -- -- -- 30 -- 69 -- -- 33 -- -- -- --  3 63 55 -- -- -- bb -- 40 -- -- -- -- -- -- -- dd -- 15 -- -- -- 2d 4f c2 -- 87 -- -- d8 -- e6 -- -- -- -- 60 -- -- -- d2 -- -- -- -- -- 66 -- -- -- -- -- -- -- -- --  6 -- c6 -- aa 96 -- -- -- 79 -- -- a1 -- -- -- 80 -- -- ce -- -- -- -- -- -- -- 36 -- -- -- -- 6d -- -- -- 2a -- -- a6 -- ae -- -- 5a -- 9e 65 53 -- -- -- d9 -- -- 57 -- -- 67 -- -- -- 1b -- -- -- -- -- -- -- -- -- c0 -- -- -- -- -- -- -- 73 6c -- -- -- -- -- -- -- -- -- -- cc -- -- -- -- 4b -- -- -- -- -- d7 -- -- -- -- -- -- -- --  c -- -- -- 5b 8b -- -- 83 ca fb eb -- -- -- b4 -- -- f2 -- -- -- -- da 95 9b -- -- -- -- -- 54 

solutions so far:0 maxDepth:10 
iterations:88121042  skipped: 16 
Depth skipped: 
0 0 16 0 0 0 0 0 0 0 0 0 0 0 0 0 0 0 0 0 0 0 0 0 0 0 0 0 0 0 0 0 

running time: 8100 sec
 depth:8
 0  1  2  3  4  5  6  7  8  9  a  b  c  d  e  f 10 11 12 13 14 15 16 17 18 19 1a 1b 1c 1d 1e 1f 20 21 22 23 24 25 26 27 28 29 2a 2b 2c 2d 2e 2f 30 31 32 33 34 35 36 37 38 39 3a 3b 3c 3d 3e 3f 40 41 42 43 44 45 46 47 48 49 4a 4b 4c 4d 4e 4f 50 51 52 53 54 55 56 57 58 59 5a 5b 5c 5d 5e 5f 60 61 62 63 64 65 66 67 68 69 6a 6b 6c 6d 6e 6f 70 71 72 73 74 75 76 77 78 79 7a 7b 7c 7d 7e 7f 80 81 82 83 84 85 86 87 88 89 8a 8b 8c 8d 8e 8f 90 91 92 93 94 95 96 97 98 99 9a 9b 9c 9d 9e 9f a0 a1 a2 a3 a4 a5 a6 a7 a8 a9 aa ab ac ad ae af b0 b1 b2 b3 b4 b5 b6 b7 b8 b9 ba bb bc bd be bf c0 c1 c2 c3 c4 c5 c6 c7 c8 c9 ca cb cc cd ce cf d0 d1 d2 d3 d4 d5 d6 d7 d8 d9 da db dc dd de df e0 e1 e2 e3 e4 e5 e6 e7 e8 e9 ea eb ec ed ee ef f0 f1 f2 f3 f4 f5 f6 f7 f8 f9 fa fb fc fd fe ff 
 0  1  2 21  4 39 42 3a  8 d0 72 83 84 c0 74 af 10 5a 77 -- e4 -- d1 38 df -- 57 -- e8 a7 89 b9 20 -- b4 -- ee 4e --  d 1f 12 -- -- 75 -- 70 -- 69 -- -- 33 ae -- -- a3  7 58 99 2f c5 -- a5 -- 40 -- -- -- bf -- -- --  b -- 9c -- -- 95 1a 4f 3e -- 24 -- -- d8 -- e6 ea dd -- -- e0 -- -- -- d2 -- -- -- -- -- 66 -- 8b -- -- f4 -- -- 91 3d  e -- b0 -- e5 96 5e 55 5d 79 -- 7e 9d -- -- -- 80 -- -- ce -- -- -- -- a9 -- -- 36 -- bb -- -- 16 -- -- -- ef -- -- f8 -- 5c fd -- 34 30 9e 90 7c -- -- -- 48 18 -- 2e -- -- 67 -- -- b6 1b --  3 63 6d da -- c6 --  6 17  c -- -- -- 5b -- -- 73 6c -- -- -- -- -- 85 -- -- -- -- cc a1 -- -- c1 4b -- -- -- -- 3f d7 -- -- -- -- f5 -- 7a -- 1c -- -- 2d b7 b8 -- -- 1d f7 fb eb bc 60 aa 68 ba -- f2 -- -- -- fc 2c ed 27 -- -- -- -- --  9 

solutions so far:0 maxDepth:10 
iterations:93183752  skipped: 16 
Depth skipped: 
0 0 16 0 0 0 0 0 0 0 0 0 0 0 0 0 0 0 0 0 0 0 0 0 0 0 0 0 0 0 0 0 

running time: 8400 sec
 depth:7
 0  1  2  3  4  5  6  7  8  9  a  b  c  d  e  f 10 11 12 13 14 15 16 17 18 19 1a 1b 1c 1d 1e 1f 20 21 22 23 24 25 26 27 28 29 2a 2b 2c 2d 2e 2f 30 31 32 33 34 35 36 37 38 39 3a 3b 3c 3d 3e 3f 40 41 42 43 44 45 46 47 48 49 4a 4b 4c 4d 4e 4f 50 51 52 53 54 55 56 57 58 59 5a 5b 5c 5d 5e 5f 60 61 62 63 64 65 66 67 68 69 6a 6b 6c 6d 6e 6f 70 71 72 73 74 75 76 77 78 79 7a 7b 7c 7d 7e 7f 80 81 82 83 84 85 86 87 88 89 8a 8b 8c 8d 8e 8f 90 91 92 93 94 95 96 97 98 99 9a 9b 9c 9d 9e 9f a0 a1 a2 a3 a4 a5 a6 a7 a8 a9 aa ab ac ad ae af b0 b1 b2 b3 b4 b5 b6 b7 b8 b9 ba bb bc bd be bf c0 c1 c2 c3 c4 c5 c6 c7 c8 c9 ca cb cc cd ce cf d0 d1 d2 d3 d4 d5 d6 d7 d8 d9 da db dc dd de df e0 e1 e2 e3 e4 e5 e6 e7 e8 e9 ea eb ec ed ee ef f0 f1 f2 f3 f4 f5 f6 f7 f8 f9 fa fb fc fd fe ff 
 0  1  2 21  4 2d 42 51  8  6 5a 3b 84 dc a2 b8 10 --  c -- b4 -- 76 d4 df -- 6f -- 93 c9 a7 c1 20 -- -- -- 18 da -- d1 bf b6 -- -- ec -- 7f -- 69 -- -- 33 de -- -- 3a f1 57 45 17 99 -- 55 -- 40 -- -- -- -- -- -- -- 30 -- 63 -- -- -- 75 4f a9 -- bb -- -- d8 -- e6  f -- -- -- fe -- -- -- d2 -- -- -- -- -- 66 -- 6b -- -- 1c -- -- 74  7 35 -- ae -- 8a 96 2e 7b e5 79 -- 70 aa -- -- -- 80 -- -- ce -- -- -- -- -- -- -- 36 -- -- -- -- 60 -- -- -- c6 -- -- dd -- ac -- -- ea 37 9e 95 85 -- -- -- a1 f0 -- 56 -- -- 67 -- -- -- 1b -- 1e -- -- -- -- -- -- 3c 2b 78 -- -- -- -- -- -- 73 6c -- -- -- -- -- -- -- -- -- -- cc -- -- -- d6 4b -- -- -- -- 38 d7 -- -- -- -- e8 --  e -- 6a -- -- -- 8b 8f -- -- c3 fd fb eb 5c 6e f6  3 1d -- f2 -- -- -- e0 c0 83 6d -- -- -- -- -- 5b 

solutions so far:0 maxDepth:10 
iterations:98546841  skipped: 18 
Depth skipped: 
0 0 18 0 0 0 0 0 0 0 0 0 0 0 0 0 0 0 0 0 0 0 0 0 0 0 0 0 0 0 0 0 

running time: 8700 sec
 depth:6
 0  1  2  3  4  5  6  7  8  9  a  b  c  d  e  f 10 11 12 13 14 15 16 17 18 19 1a 1b 1c 1d 1e 1f 20 21 22 23 24 25 26 27 28 29 2a 2b 2c 2d 2e 2f 30 31 32 33 34 35 36 37 38 39 3a 3b 3c 3d 3e 3f 40 41 42 43 44 45 46 47 48 49 4a 4b 4c 4d 4e 4f 50 51 52 53 54 55 56 57 58 59 5a 5b 5c 5d 5e 5f 60 61 62 63 64 65 66 67 68 69 6a 6b 6c 6d 6e 6f 70 71 72 73 74 75 76 77 78 79 7a 7b 7c 7d 7e 7f 80 81 82 83 84 85 86 87 88 89 8a 8b 8c 8d 8e 8f 90 91 92 93 94 95 96 97 98 99 9a 9b 9c 9d 9e 9f a0 a1 a2 a3 a4 a5 a6 a7 a8 a9 aa ab ac ad ae af b0 b1 b2 b3 b4 b5 b6 b7 b8 b9 ba bb bc bd be bf c0 c1 c2 c3 c4 c5 c6 c7 c8 c9 ca cb cc cd ce cf d0 d1 d2 d3 d4 d5 d6 d7 d8 d9 da db dc dd de df e0 e1 e2 e3 e4 e5 e6 e7 e8 e9 ea eb ec ed ee ef f0 f1 f2 f3 f4 f5 f6 f7 f8 f9 fa fb fc fd fe ff 
 0  1  2 21  4 22 42 71  8 af 44 75 84 ae e2 -- 10 -- 89 -- 88 -- ea e7 df -- 8b -- 13 cb -- 7a 20 -- -- -- c5 b5 -- fc c7 cd -- --  3 -- 19 -- 69 -- -- 33 c1 -- -- -- 26 91 41 -- -- -- f4 -- 40 -- -- -- -- -- -- -- 5d -- bd -- -- -- 2f 4f 59 -- 4d -- -- d8 -- e6  6 -- -- -- 32 -- -- -- d2 -- -- -- -- -- 66 -- 55 -- -- -- -- -- -- -- 4c -- f5 -- 82 96 -- 83 -- 79 -- -- 3f -- -- -- 80 -- -- ce -- -- -- -- -- -- -- 36 -- -- -- -- ba -- -- -- ad -- -- b3 -- 47 -- -- 5e c0 9e e3 b2 -- -- -- 9a 60 -- c8 -- -- 67 -- -- -- 1b --  c -- -- -- -- -- -- 18 64 30 -- -- -- -- -- -- 73 6c -- -- -- -- -- -- -- -- -- -- cc -- -- -- aa 4b -- -- -- -- -- d7 -- -- -- -- -- -- -- -- 98 -- -- -- 3d 8e -- -- d3 11 fb eb -- 57 d1 bc -- -- f2 -- -- -- -- a3 7e b1 -- -- -- -- -- 8d 

solutions so far:0 maxDepth:10 
iterations:103895891  skipped: 19 
Depth skipped: 
0 0 19 0 0 0 0 0 0 0 0 0 0 0 0 0 0 0 0 0 0 0 0 0 0 0 0 0 0 0 0 0 

running time: 9000 sec
 depth:7
 0  1  2  3  4  5  6  7  8  9  a  b  c  d  e  f 10 11 12 13 14 15 16 17 18 19 1a 1b 1c 1d 1e 1f 20 21 22 23 24 25 26 27 28 29 2a 2b 2c 2d 2e 2f 30 31 32 33 34 35 36 37 38 39 3a 3b 3c 3d 3e 3f 40 41 42 43 44 45 46 47 48 49 4a 4b 4c 4d 4e 4f 50 51 52 53 54 55 56 57 58 59 5a 5b 5c 5d 5e 5f 60 61 62 63 64 65 66 67 68 69 6a 6b 6c 6d 6e 6f 70 71 72 73 74 75 76 77 78 79 7a 7b 7c 7d 7e 7f 80 81 82 83 84 85 86 87 88 89 8a 8b 8c 8d 8e 8f 90 91 92 93 94 95 96 97 98 99 9a 9b 9c 9d 9e 9f a0 a1 a2 a3 a4 a5 a6 a7 a8 a9 aa ab ac ad ae af b0 b1 b2 b3 b4 b5 b6 b7 b8 b9 ba bb bc bd be bf c0 c1 c2 c3 c4 c5 c6 c7 c8 c9 ca cb cc cd ce cf d0 d1 d2 d3 d4 d5 d6 d7 d8 d9 da db dc dd de df e0 e1 e2 e3 e4 e5 e6 e7 e8 e9 ea eb ec ed ee ef f0 f1 f2 f3 f4 f5 f6 f7 f8 f9 fa fb fc fd fe ff 
 0  1  2 21  4 12 42 16  8 2f 24 bd 84 88 2c  3 10 -- 5e -- 48 -- ad a5 df -- c7 -- 58 d0  6 91 20 -- -- -- bc 1f -- f4 90 27 -- -- 8d -- 9d -- 69 -- -- 33 59 -- -- 60 b0 5d 77 d1  c -- f5 -- 40 -- -- -- -- -- -- -- af -- 3e -- -- -- 3f 4f f7 -- 4e -- -- d8 -- e6 cd -- -- -- ed -- -- -- d2 -- -- -- -- -- 66 -- b2 -- -- c1 -- -- c0 ae b7 -- ba -- ee 96 75 b1 18 79 -- aa 3d -- -- -- 80 -- -- ce -- -- -- -- -- -- -- 36 -- -- -- -- 89 -- -- -- 7c -- -- 72 -- 34 -- -- 7e 22 9e ef 39 -- -- -- 9c 11 -- 1a -- -- 67 -- -- -- 1b -- 4d -- -- -- -- -- -- 9a  d e3 -- -- -- -- -- -- 73 6c -- -- -- -- -- -- -- -- -- -- cc -- -- -- b3 4b -- -- -- -- 55 d7 -- -- -- -- 57 -- 8b -- b9 -- -- -- a3 68 -- --  b  9 fb eb ea 44 b5 fc 30 -- f2 -- -- -- 83 c5 7a e4 -- -- -- -- -- f8 

solutions so far:0 maxDepth:10 
iterations:109619655  skipped: 21 
Depth skipped: 
0 0 21 0 0 0 0 0 0 0 0 0 0 0 0 0 0 0 0 0 0 0 0 0 0 0 0 0 0 0 0 0 

running time: 9300 sec

Finished. Total running time: 9551 sec
