Search S-boxes invariant for matrix: 
{0x00,0x02,0x04,0x06,0x08,0x0a,0x0c,0x0e,0x10,0x12,0x14,0x16,0x18,0x1a,0x1c,0x1e,0x20,0x22,0x24,0x26,0x28,0x2a,0x2c,0x2e,0x30,0x32,0x34,0x36,0x38,0x3a,0x3c,0x3e,0x40,0x42,0x44,0x46,0x48,0x4a,0x4c,0x4e,0x50,0x52,0x54,0x56,0x58,0x5a,0x5c,0x5e,0x60,0x62,0x64,0x66,0x68,0x6a,0x6c,0x6e,0x70,0x72,0x74,0x76,0x78,0x7a,0x7c,0x7e,0x80,0x82,0x84,0x86,0x88,0x8a,0x8c,0x8e,0x90,0x92,0x94,0x96,0x98,0x9a,0x9c,0x9e,0xa0,0xa2,0xa4,0xa6,0xa8,0xaa,0xac,0xae,0xb0,0xb2,0xb4,0xb6,0xb8,0xba,0xbc,0xbe,0xc0,0xc2,0xc4,0xc6,0xc8,0xca,0xcc,0xce,0xd0,0xd2,0xd4,0xd6,0xd8,0xda,0xdc,0xde,0xe0,0xe2,0xe4,0xe6,0xe8,0xea,0xec,0xee,0xf0,0xf2,0xf4,0xf6,0xf8,0xfa,0xfc,0xfe,0xd7,0xd5,0xd3,0xd1,0xdf,0xdd,0xdb,0xd9,0xc7,0xc5,0xc3,0xc1,0xcf,0xcd,0xcb,0xc9,0xf7,0xf5,0xf3,0xf1,0xff,0xfd,0xfb,0xf9,0xe7,0xe5,0xe3,0xe1,0xef,0xed,0xeb,0xe9,0x97,0x95,0x93,0x91,0x9f,0x9d,0x9b,0x99,0x87,0x85,0x83,0x81,0x8f,0x8d,0x8b,0x89,0xb7,0xb5,0xb3,0xb1,0xbf,0xbd,0xbb,0xb9,0xa7,0xa5,0xa3,0xa1,0xaf,0xad,0xab,0xa9,0x57,0x55,0x53,0x51,0x5f,0x5d,0x5b,0x59,0x47,0x45,0x43,0x41,0x4f,0x4d,0x4b,0x49,0x77,0x75,0x73,0x71,0x7f,0x7d,0x7b,0x79,0x67,0x65,0x63,0x61,0x6f,0x6d,0x6b,0x69,0x17,0x15,0x13,0x11,0x1f,0x1d,0x1b,0x19,0x07,0x05,0x03,0x01,0x0f,0x0d,0x0b,0x09,0x37,0x35,0x33,0x31,0x3f,0x3d,0x3b,0x39,0x27,0x25,0x23,0x21,0x2f,0x2d,0x2b,0x29};



 depth:6
 0  1  2  3  4  5  6  7  8  9  a  b  c  d  e  f 10 11 12 13 14 15 16 17 18 19 1a 1b 1c 1d 1e 1f 20 21 22 23 24 25 26 27 28 29 2a 2b 2c 2d 2e 2f 30 31 32 33 34 35 36 37 38 39 3a 3b 3c 3d 3e 3f 40 41 42 43 44 45 46 47 48 49 4a 4b 4c 4d 4e 4f 50 51 52 53 54 55 56 57 58 59 5a 5b 5c 5d 5e 5f 60 61 62 63 64 65 66 67 68 69 6a 6b 6c 6d 6e 6f 70 71 72 73 74 75 76 77 78 79 7a 7b 7c 7d 7e 7f 80 81 82 83 84 85 86 87 88 89 8a 8b 8c 8d 8e 8f 90 91 92 93 94 95 96 97 98 99 9a 9b 9c 9d 9e 9f a0 a1 a2 a3 a4 a5 a6 a7 a8 a9 aa ab ac ad ae af b0 b1 b2 b3 b4 b5 b6 b7 b8 b9 ba bb bc bd be bf c0 c1 c2 c3 c4 c5 c6 c7 c8 c9 ca cb cc cd ce cf d0 d1 d2 d3 d4 d5 d6 d7 d8 d9 da db dc dd de df e0 e1 e2 e3 e4 e5 e6 e7 e8 e9 ea eb ec ed ee ef f0 f1 f2 f3 f4 f5 f6 f7 f8 f9 fa fb fc fd fe ff 
 0  1  2 23  4 fb 46 a3  8 56 21 fd 8c 63 91 -- 10 -- ac -- 42 -- 2d 3f cf -- c6 -- f5 89 -- 93 20 -- -- -- 8f e6 -- d4 84 d8 -- -- 5a -- 7e -- 49 -- -- 33 5b -- -- -- 3d c3 c5 -- -- -- f1 -- 40 -- -- -- -- -- -- -- c9 -- 1b -- -- -- 7f 4f df -- 67 -- -- be -- 31 b4 -- -- -- fc -- -- -- 92 -- -- -- -- -- 66 -- b6 -- -- -- -- -- -- -- 7a -- 51 -- 5d 7d -- a1 -- 79 -- -- 35 -- -- -- 80 -- -- 81 -- -- -- -- -- -- -- c4 -- -- -- -- 45 -- -- -- 36 -- -- d2 -- bc -- -- fe 6d 9e 4b 69 -- -- -- ce dd -- 5e -- -- ab -- -- -- 62 -- bf -- -- -- -- -- -- a9 2f 85 -- -- -- -- -- -- f3 5f -- -- -- -- -- -- -- -- -- -- cc -- -- -- bb d5 -- -- -- -- -- d7 -- -- -- -- -- -- -- -- f4 -- -- -- a2 af -- -- ba 96 fa eb -- da 95 2b -- -- f2 -- -- -- -- 8a 6a 73 -- -- -- -- -- 6c 

solutions so far:0 maxDepth:10 
iterations:2249386  skipped: 0 
Depth skipped: 
0 0 0 0 0 0 0 0 0 0 0 0 0 0 0 0 0 0 0 0 0 0 0 0 0 0 0 0 0 0 0 0 

running time: 300 sec
 depth:7
 0  1  2  3  4  5  6  7  8  9  a  b  c  d  e  f 10 11 12 13 14 15 16 17 18 19 1a 1b 1c 1d 1e 1f 20 21 22 23 24 25 26 27 28 29 2a 2b 2c 2d 2e 2f 30 31 32 33 34 35 36 37 38 39 3a 3b 3c 3d 3e 3f 40 41 42 43 44 45 46 47 48 49 4a 4b 4c 4d 4e 4f 50 51 52 53 54 55 56 57 58 59 5a 5b 5c 5d 5e 5f 60 61 62 63 64 65 66 67 68 69 6a 6b 6c 6d 6e 6f 70 71 72 73 74 75 76 77 78 79 7a 7b 7c 7d 7e 7f 80 81 82 83 84 85 86 87 88 89 8a 8b 8c 8d 8e 8f 90 91 92 93 94 95 96 97 98 99 9a 9b 9c 9d 9e 9f a0 a1 a2 a3 a4 a5 a6 a7 a8 a9 aa ab ac ad ae af b0 b1 b2 b3 b4 b5 b6 b7 b8 b9 ba bb bc bd be bf c0 c1 c2 c3 c4 c5 c6 c7 c8 c9 ca cb cc cd ce cf d0 d1 d2 d3 d4 d5 d6 d7 d8 d9 da db dc dd de df e0 e1 e2 e3 e4 e5 e6 e7 e8 e9 ea eb ec ed ee ef f0 f1 f2 f3 f4 f5 f6 f7 f8 f9 fa fb fc fd fe ff 
 0  1  2 23  4 f7 46 ba  8 c3 39 2e 8c  7 a3 5a 10 -- 51 -- 72 -- 5c f4 cf --  e -- 91 af b4 fe 20 -- -- -- a2 27 -- 8f e4  9 -- -- b8 -- 3f -- 49 -- -- 33 1c -- -- dd f5 6a 89 95 bf -- 2b -- 40 -- -- -- -- -- -- -- 93 -- 4e -- -- -- c9 4f 1f -- 12 -- -- be -- 31 a7 -- -- -- 7e -- -- -- 92 -- -- -- -- -- 66 -- 38 -- -- 5b -- -- 6d 63 3d -- d4 -- c5 7d fd e0 a9 79 -- bb 56 -- -- -- 80 -- -- 81 -- -- -- -- -- -- -- c4 -- -- -- -- f1 -- -- -- 9c -- -- 7c -- 5e -- -- 45 74 9e 48 3e -- -- -- 24 3a -- 2f -- -- ab -- -- -- 62 -- 99 -- -- -- -- -- -- e5 fc 1d -- -- -- -- -- -- f3 5f -- -- -- -- -- -- -- -- -- -- cc -- -- -- 70 d5 -- -- -- -- b6 d7 -- -- -- -- da -- c6 -- 7a -- -- -- 7f bc -- -- 5d 90 fa eb 2d e8 17 8a 85 -- f2 -- -- -- a1 35 ac f8 -- -- -- -- -- ef 

solutions so far:0 maxDepth:10 
iterations:4187634  skipped: 0 
Depth skipped: 
0 0 0 0 0 0 0 0 0 0 0 0 0 0 0 0 0 0 0 0 0 0 0 0 0 0 0 0 0 0 0 0 

running time: 600 sec
 depth:7
 0  1  2  3  4  5  6  7  8  9  a  b  c  d  e  f 10 11 12 13 14 15 16 17 18 19 1a 1b 1c 1d 1e 1f 20 21 22 23 24 25 26 27 28 29 2a 2b 2c 2d 2e 2f 30 31 32 33 34 35 36 37 38 39 3a 3b 3c 3d 3e 3f 40 41 42 43 44 45 46 47 48 49 4a 4b 4c 4d 4e 4f 50 51 52 53 54 55 56 57 58 59 5a 5b 5c 5d 5e 5f 60 61 62 63 64 65 66 67 68 69 6a 6b 6c 6d 6e 6f 70 71 72 73 74 75 76 77 78 79 7a 7b 7c 7d 7e 7f 80 81 82 83 84 85 86 87 88 89 8a 8b 8c 8d 8e 8f 90 91 92 93 94 95 96 97 98 99 9a 9b 9c 9d 9e 9f a0 a1 a2 a3 a4 a5 a6 a7 a8 a9 aa ab ac ad ae af b0 b1 b2 b3 b4 b5 b6 b7 b8 b9 ba bb bc bd be bf c0 c1 c2 c3 c4 c5 c6 c7 c8 c9 ca cb cc cd ce cf d0 d1 d2 d3 d4 d5 d6 d7 d8 d9 da db dc dd de df e0 e1 e2 e3 e4 e5 e6 e7 e8 e9 ea eb ec ed ee ef f0 f1 f2 f3 f4 f5 f6 f7 f8 f9 fa fb fc fd fe ff 
 0  1  2 23  4 f4 46 f8  8 87 3f 37 8c 76 27 da 10 -- d9 -- 7e -- 6e 12 cf -- ec -- 4e e4 63 53 20 -- -- -- 65 89 -- 15 fc a3 -- -- dc -- 24 -- 49 -- -- 33  f -- -- bb 9c db 1f 85 c6 -- a6 -- 40 -- -- -- -- -- -- -- ca -- c5 -- -- -- 2a 4f 2f -- 91 -- -- be -- 31 6f -- -- -- 48 -- -- -- 92 -- -- -- -- -- 66 -- 1e -- -- 5a -- -- a1 fd ef -- 61 -- 3e 7d dd 78 5b 79 -- bf 9b -- -- -- 80 -- -- 81 -- -- -- -- -- -- -- c4 -- -- -- -- 43 -- -- -- 5d -- -- bc -- 39 -- -- 54 f6 9e 3d 5e -- -- -- f5 7b -- f7 -- -- ab -- -- -- 62 -- de -- -- -- -- -- -- 6b 90 d6 -- -- -- -- -- -- f3 5f -- -- -- -- -- -- -- -- -- -- cc -- -- -- 3c d5 -- -- -- -- b4 d7 -- -- -- -- 95 -- 2d --  9 -- -- -- c2 72 -- -- 7c 7a fa eb 6d 3b f0 a8 b6 -- f2 -- -- -- a9 86 e1 af -- -- -- -- -- ba 

solutions so far:0 maxDepth:10 
iterations:6199958  skipped: 0 
Depth skipped: 
0 0 0 0 0 0 0 0 0 0 0 0 0 0 0 0 0 0 0 0 0 0 0 0 0 0 0 0 0 0 0 0 

running time: 900 sec
 depth:7
 0  1  2  3  4  5  6  7  8  9  a  b  c  d  e  f 10 11 12 13 14 15 16 17 18 19 1a 1b 1c 1d 1e 1f 20 21 22 23 24 25 26 27 28 29 2a 2b 2c 2d 2e 2f 30 31 32 33 34 35 36 37 38 39 3a 3b 3c 3d 3e 3f 40 41 42 43 44 45 46 47 48 49 4a 4b 4c 4d 4e 4f 50 51 52 53 54 55 56 57 58 59 5a 5b 5c 5d 5e 5f 60 61 62 63 64 65 66 67 68 69 6a 6b 6c 6d 6e 6f 70 71 72 73 74 75 76 77 78 79 7a 7b 7c 7d 7e 7f 80 81 82 83 84 85 86 87 88 89 8a 8b 8c 8d 8e 8f 90 91 92 93 94 95 96 97 98 99 9a 9b 9c 9d 9e 9f a0 a1 a2 a3 a4 a5 a6 a7 a8 a9 aa ab ac ad ae af b0 b1 b2 b3 b4 b5 b6 b7 b8 b9 ba bb bc bd be bf c0 c1 c2 c3 c4 c5 c6 c7 c8 c9 ca cb cc cd ce cf d0 d1 d2 d3 d4 d5 d6 d7 d8 d9 da db dc dd de df e0 e1 e2 e3 e4 e5 e6 e7 e8 e9 ea eb ec ed ee ef f0 f1 f2 f3 f4 f5 f6 f7 f8 f9 fa fb fc fd fe ff 
 0  1  2 23  4 ed 46 7b  8 71  d 18 8c 83 f6 8a 10 -- e2 -- 1a -- 30 1e cf -- d1 -- 3b 6f c3 64 20 -- -- -- 13  b -- cb 34 b0 -- -- 60 -- 3c -- 49 -- -- 33 75 -- -- f1 76 e7 de 8f 51 -- c8 -- 40 -- -- -- -- -- -- -- 26 -- 16 -- -- -- 41 4f 68 -- b7 -- -- be -- 31 c0 -- -- -- 78 -- -- -- 92 -- -- -- -- -- 66 -- ea -- -- fe -- -- 35 d4 ec -- 19 -- 6b 7d c9  6 a2 79 -- 56 47 -- -- -- 80 -- -- 81 -- -- -- -- -- -- -- c4 -- -- -- -- 4c -- -- -- 2c -- -- 77 -- 6e -- -- 82 55 9e a5 d0 -- -- -- b9 c1 -- 37 -- -- ab -- -- -- 62 -- 57 -- -- -- -- -- -- ae f0 8b -- -- -- -- -- -- f3 5f -- -- -- -- -- -- -- -- -- -- cc -- -- --  3 d5 -- -- -- -- 2b d7 -- -- -- -- 6a -- 7f --  f -- -- -- 32 dc -- -- d6 9d fa eb 45 aa  c d3 93 -- f2 -- -- -- ac 98 8e ee -- -- -- -- -- 58 

solutions so far:0 maxDepth:10 
iterations:9331846  skipped: 0 
Depth skipped: 
0 0 0 0 0 0 0 0 0 0 0 0 0 0 0 0 0 0 0 0 0 0 0 0 0 0 0 0 0 0 0 0 

running time: 1200 sec
 depth:7
 0  1  2  3  4  5  6  7  8  9  a  b  c  d  e  f 10 11 12 13 14 15 16 17 18 19 1a 1b 1c 1d 1e 1f 20 21 22 23 24 25 26 27 28 29 2a 2b 2c 2d 2e 2f 30 31 32 33 34 35 36 37 38 39 3a 3b 3c 3d 3e 3f 40 41 42 43 44 45 46 47 48 49 4a 4b 4c 4d 4e 4f 50 51 52 53 54 55 56 57 58 59 5a 5b 5c 5d 5e 5f 60 61 62 63 64 65 66 67 68 69 6a 6b 6c 6d 6e 6f 70 71 72 73 74 75 76 77 78 79 7a 7b 7c 7d 7e 7f 80 81 82 83 84 85 86 87 88 89 8a 8b 8c 8d 8e 8f 90 91 92 93 94 95 96 97 98 99 9a 9b 9c 9d 9e 9f a0 a1 a2 a3 a4 a5 a6 a7 a8 a9 aa ab ac ad ae af b0 b1 b2 b3 b4 b5 b6 b7 b8 b9 ba bb bc bd be bf c0 c1 c2 c3 c4 c5 c6 c7 c8 c9 ca cb cc cd ce cf d0 d1 d2 d3 d4 d5 d6 d7 d8 d9 da db dc dd de df e0 e1 e2 e3 e4 e5 e6 e7 e8 e9 ea eb ec ed ee ef f0 f1 f2 f3 f4 f5 f6 f7 f8 f9 fa fb fc fd fe ff 
 0  1  2 23  4 e5 46 c6  8 27 1d ec 8c de 5b 5e 10 -- 4e -- 3a --  f fd cf -- 6b -- b6 dd bc f7 20 -- -- -- 9c 38 -- 1f 74 2e -- -- 1e -- 2d -- 49 -- -- 33 d6 -- -- 5d bb 24 6d 7e af -- 39 -- 40 -- -- -- -- -- -- -- ef -- 70 -- -- -- 3e 4f e8 -- 5c -- -- be -- 31 3c -- -- -- 5a -- -- -- 92 -- -- -- -- -- 66 -- 7b -- -- 3d -- -- ba 91 a1 -- 48 -- da 7d fc 3b 89 79 -- f4 72 -- -- -- 80 -- -- 81 -- -- -- -- -- -- -- c4 -- -- -- --  9 -- -- -- e0 -- --  e -- a9 -- -- 7c dc 9e a7  7 -- -- -- b8 6e -- bf -- -- ab -- -- -- 62 -- 78 -- -- -- -- -- -- f0 b4 37 -- -- -- -- -- -- f3 5f -- -- -- -- -- -- -- -- -- -- cc -- -- -- f6 d5 -- -- -- -- 7a d7 -- -- -- -- a3 -- f5 -- 95 -- -- -- 90 85 -- -- 63 99 fa eb 2f 6f 76 f8 c5 -- f2 -- -- -- 3f 12 e4 1c -- -- -- -- -- 17 

solutions so far:0 maxDepth:10 
iterations:11917179  skipped: 3 
Depth skipped: 
0 0 3 0 0 0 0 0 0 0 0 0 0 0 0 0 0 0 0 0 0 0 0 0 0 0 0 0 0 0 0 0 

running time: 1500 sec
 depth:6
 0  1  2  3  4  5  6  7  8  9  a  b  c  d  e  f 10 11 12 13 14 15 16 17 18 19 1a 1b 1c 1d 1e 1f 20 21 22 23 24 25 26 27 28 29 2a 2b 2c 2d 2e 2f 30 31 32 33 34 35 36 37 38 39 3a 3b 3c 3d 3e 3f 40 41 42 43 44 45 46 47 48 49 4a 4b 4c 4d 4e 4f 50 51 52 53 54 55 56 57 58 59 5a 5b 5c 5d 5e 5f 60 61 62 63 64 65 66 67 68 69 6a 6b 6c 6d 6e 6f 70 71 72 73 74 75 76 77 78 79 7a 7b 7c 7d 7e 7f 80 81 82 83 84 85 86 87 88 89 8a 8b 8c 8d 8e 8f 90 91 92 93 94 95 96 97 98 99 9a 9b 9c 9d 9e 9f a0 a1 a2 a3 a4 a5 a6 a7 a8 a9 aa ab ac ad ae af b0 b1 b2 b3 b4 b5 b6 b7 b8 b9 ba bb bc bd be bf c0 c1 c2 c3 c4 c5 c6 c7 c8 c9 ca cb cc cd ce cf d0 d1 d2 d3 d4 d5 d6 d7 d8 d9 da db dc dd de df e0 e1 e2 e3 e4 e5 e6 e7 e8 e9 ea eb ec ed ee ef f0 f1 f2 f3 f4 f5 f6 f7 f8 f9 fa fb fc fd fe ff 
 0  1  2 23  4 e0 46 8f  8 91 17 73 8c fb c9 -- 10 -- f5 -- 2e -- e6 a2 cf -- 21 -- 45 fe -- 5e 20 -- -- -- 3d 1d -- c5 5c  7 -- -- 1b -- 93 -- 49 -- -- 33 42 -- -- -- 8a 7e 2b -- -- -- bc -- 40 -- -- -- -- -- -- -- 7a -- 3a -- -- -- 5d 4f b8 --  e -- -- be -- 31 36 -- -- -- f1 -- -- -- 92 -- -- -- -- -- 66 -- 84 -- -- -- -- -- -- -- c3 -- fc -- 56 7d -- 69 -- 79 -- -- af -- -- -- 80 -- -- 81 -- -- -- -- -- -- -- c4 -- -- -- -- f4 -- -- -- 74 -- -- 99 -- d4 -- -- ba 4b 9e 38 a7 -- -- -- 1c ce -- 6a -- -- ab -- -- -- 62 -- 6c -- -- -- -- -- -- d8 35 67 -- -- -- -- -- -- f3 5f -- -- -- -- -- -- -- -- -- -- cc -- -- -- df d5 -- -- -- -- -- d7 -- -- -- -- -- -- -- -- 51 -- -- -- 2f 7f -- -- ac 70 fa eb -- 96 d2 a3 -- -- f2 -- -- -- -- 3f 89 e5 -- -- -- -- -- e8 

solutions so far:0 maxDepth:10 
iterations:14131930  skipped: 4 
Depth skipped: 
0 0 4 0 0 0 0 0 0 0 0 0 0 0 0 0 0 0 0 0 0 0 0 0 0 0 0 0 0 0 0 0 

running time: 1800 sec
 depth:7
 0  1  2  3  4  5  6  7  8  9  a  b  c  d  e  f 10 11 12 13 14 15 16 17 18 19 1a 1b 1c 1d 1e 1f 20 21 22 23 24 25 26 27 28 29 2a 2b 2c 2d 2e 2f 30 31 32 33 34 35 36 37 38 39 3a 3b 3c 3d 3e 3f 40 41 42 43 44 45 46 47 48 49 4a 4b 4c 4d 4e 4f 50 51 52 53 54 55 56 57 58 59 5a 5b 5c 5d 5e 5f 60 61 62 63 64 65 66 67 68 69 6a 6b 6c 6d 6e 6f 70 71 72 73 74 75 76 77 78 79 7a 7b 7c 7d 7e 7f 80 81 82 83 84 85 86 87 88 89 8a 8b 8c 8d 8e 8f 90 91 92 93 94 95 96 97 98 99 9a 9b 9c 9d 9e 9f a0 a1 a2 a3 a4 a5 a6 a7 a8 a9 aa ab ac ad ae af b0 b1 b2 b3 b4 b5 b6 b7 b8 b9 ba bb bc bd be bf c0 c1 c2 c3 c4 c5 c6 c7 c8 c9 ca cb cc cd ce cf d0 d1 d2 d3 d4 d5 d6 d7 d8 d9 da db dc dd de df e0 e1 e2 e3 e4 e5 e6 e7 e8 e9 ea eb ec ed ee ef f0 f1 f2 f3 f4 f5 f6 f7 f8 f9 fa fb fc fd fe ff 
 0  1  2 23  4 dd 46 96  8  5 6d e2 8c 47 fb 56 10 --  a -- da -- 13 69 cf -- 8e -- 21 d8 ac 4a 20 -- -- -- 14 a1 -- 52 63 5a -- -- 26 -- d2 -- 49 -- -- 33 cb -- -- 8a 42 97 67 7f 8f -- 94 -- 40 -- -- -- -- -- -- -- 28 -- 95 -- -- -- a4 4f c6 -- b4 -- -- be -- 31 4c -- -- -- 73 -- -- -- 92 -- -- -- -- -- 66 -- 41 -- -- f1 -- -- c3 a2 84 -- f9 -- ce 7d fe d3 c9 79 -- 6a ff -- -- -- 80 -- -- 81 -- -- -- -- -- -- -- c4 -- -- -- -- 50 -- -- -- fd -- -- b6 -- 36 -- -- 9f 64 9e a9 5b -- -- -- bf 32 -- 1b -- -- ab -- -- -- 62 -- 98 -- -- -- -- -- -- e7 e6 19 -- -- -- -- -- -- f3 5f -- -- -- -- -- -- -- -- -- -- cc -- -- -- 82 d5 -- -- -- -- 35 d7 -- -- -- -- 51 -- 93 -- df -- -- -- 25 6c -- -- 4b 85 fa eb 2b c8 71 e9 45 -- f2 -- -- -- d4 a0 29 bb -- -- -- -- -- 2d 

solutions so far:0 maxDepth:10 
iterations:16102623  skipped: 4 
Depth skipped: 
0 0 4 0 0 0 0 0 0 0 0 0 0 0 0 0 0 0 0 0 0 0 0 0 0 0 0 0 0 0 0 0 

running time: 2100 sec
 depth:7
 0  1  2  3  4  5  6  7  8  9  a  b  c  d  e  f 10 11 12 13 14 15 16 17 18 19 1a 1b 1c 1d 1e 1f 20 21 22 23 24 25 26 27 28 29 2a 2b 2c 2d 2e 2f 30 31 32 33 34 35 36 37 38 39 3a 3b 3c 3d 3e 3f 40 41 42 43 44 45 46 47 48 49 4a 4b 4c 4d 4e 4f 50 51 52 53 54 55 56 57 58 59 5a 5b 5c 5d 5e 5f 60 61 62 63 64 65 66 67 68 69 6a 6b 6c 6d 6e 6f 70 71 72 73 74 75 76 77 78 79 7a 7b 7c 7d 7e 7f 80 81 82 83 84 85 86 87 88 89 8a 8b 8c 8d 8e 8f 90 91 92 93 94 95 96 97 98 99 9a 9b 9c 9d 9e 9f a0 a1 a2 a3 a4 a5 a6 a7 a8 a9 aa ab ac ad ae af b0 b1 b2 b3 b4 b5 b6 b7 b8 b9 ba bb bc bd be bf c0 c1 c2 c3 c4 c5 c6 c7 c8 c9 ca cb cc cd ce cf d0 d1 d2 d3 d4 d5 d6 d7 d8 d9 da db dc dd de df e0 e1 e2 e3 e4 e5 e6 e7 e8 e9 ea eb ec ed ee ef f0 f1 f2 f3 f4 f5 f6 f7 f8 f9 fa fb fc fd fe ff 
 0  1  2 23  4 da 46 37  8 2b 63 2a 8c 61 6e 22 10 -- 56 -- c6 -- 54 d6 cf -- c2 -- dc 1e 44 a2 20 -- -- -- ac fd -- 6a 5b bf -- -- a8 -- 7b -- 49 -- -- 33 53 -- -- b2 6f 8a 3c 9a 88 -- 93 -- 40 -- -- -- -- -- -- -- 8f -- 2d -- -- -- d4 4f b6 -- a9 -- -- be -- 31 87 -- -- -- f6 -- -- -- 92 -- -- -- -- -- 66 -- a6 -- -- ad -- -- b3 b5 de -- c3 -- 78 7d e3 e1 c7 79 -- cd f1 -- -- -- 80 -- -- 81 -- -- -- -- -- -- -- c4 -- -- -- -- c9 -- -- -- 5a -- -- a1 -- ec -- -- 7f 86 9e dd bb -- -- -- 85 43 -- 76 -- -- ab -- -- -- 62 -- d9 -- -- -- -- -- -- 65 3b ca -- -- -- -- -- -- f3 5f -- -- -- -- -- -- -- -- -- -- cc -- -- -- 9b d5 -- -- -- -- 8d d7 -- -- -- -- b1 -- bd -- 6b -- -- -- 51  f -- -- f0 6d fa eb 11 db 15 fe 59 -- f2 -- -- -- 4d 45 35 95 -- -- -- -- -- b4 

solutions so far:0 maxDepth:10 
iterations:18399666  skipped: 4 
Depth skipped: 
0 0 4 0 0 0 0 0 0 0 0 0 0 0 0 0 0 0 0 0 0 0 0 0 0 0 0 0 0 0 0 0 

running time: 2400 sec
 depth:6
 0  1  2  3  4  5  6  7  8  9  a  b  c  d  e  f 10 11 12 13 14 15 16 17 18 19 1a 1b 1c 1d 1e 1f 20 21 22 23 24 25 26 27 28 29 2a 2b 2c 2d 2e 2f 30 31 32 33 34 35 36 37 38 39 3a 3b 3c 3d 3e 3f 40 41 42 43 44 45 46 47 48 49 4a 4b 4c 4d 4e 4f 50 51 52 53 54 55 56 57 58 59 5a 5b 5c 5d 5e 5f 60 61 62 63 64 65 66 67 68 69 6a 6b 6c 6d 6e 6f 70 71 72 73 74 75 76 77 78 79 7a 7b 7c 7d 7e 7f 80 81 82 83 84 85 86 87 88 89 8a 8b 8c 8d 8e 8f 90 91 92 93 94 95 96 97 98 99 9a 9b 9c 9d 9e 9f a0 a1 a2 a3 a4 a5 a6 a7 a8 a9 aa ab ac ad ae af b0 b1 b2 b3 b4 b5 b6 b7 b8 b9 ba bb bc bd be bf c0 c1 c2 c3 c4 c5 c6 c7 c8 c9 ca cb cc cd ce cf d0 d1 d2 d3 d4 d5 d6 d7 d8 d9 da db dc dd de df e0 e1 e2 e3 e4 e5 e6 e7 e8 e9 ea eb ec ed ee ef f0 f1 f2 f3 f4 f5 f6 f7 f8 f9 fa fb fc fd fe ff 
 0  1  2 23  4 d1 46 2d  8 99 75 8a 8c fe 5a -- 10 -- e5 -- ea -- c3 dd cf -- 2b -- b4 bb -- 38 20 -- -- -- 1d 60 -- 2e  3 8b -- -- 51 -- 6d -- 49 -- -- 33 56 -- -- -- bf  7 a1 -- -- -- 70 -- 40 -- -- -- -- -- -- -- 3a -- c0 -- -- -- 5c 4f  6 -- c1 -- -- be -- 31 a2 -- -- -- da -- -- -- 92 -- -- -- -- -- 66 -- ac -- -- -- -- -- -- -- a9 --  e -- 95 7d -- c9 -- 79 -- -- e0 -- -- -- 80 -- -- 81 -- -- -- -- -- -- -- c4 -- -- -- -- 74 -- -- -- 57 -- -- 18 -- 5b -- -- b8 d4 9e aa  c -- -- -- 55 6a -- c6 -- -- ab -- -- -- 62 -- 93 -- -- -- -- -- -- f1 63 35 -- -- -- -- -- -- f3 5f -- -- -- -- -- -- -- -- -- -- cc -- -- -- 8f d5 -- -- -- -- -- d7 -- -- -- -- -- -- -- -- 85 -- -- -- 1c b6 -- -- fd 83 fa eb -- 7f 45 a7 -- -- f2 -- -- -- -- e8 17 30 -- -- -- -- -- ae 

solutions so far:0 maxDepth:10 
iterations:21795027  skipped: 4 
Depth skipped: 
0 0 4 0 0 0 0 0 0 0 0 0 0 0 0 0 0 0 0 0 0 0 0 0 0 0 0 0 0 0 0 0 

running time: 2700 sec
 depth:6
 0  1  2  3  4  5  6  7  8  9  a  b  c  d  e  f 10 11 12 13 14 15 16 17 18 19 1a 1b 1c 1d 1e 1f 20 21 22 23 24 25 26 27 28 29 2a 2b 2c 2d 2e 2f 30 31 32 33 34 35 36 37 38 39 3a 3b 3c 3d 3e 3f 40 41 42 43 44 45 46 47 48 49 4a 4b 4c 4d 4e 4f 50 51 52 53 54 55 56 57 58 59 5a 5b 5c 5d 5e 5f 60 61 62 63 64 65 66 67 68 69 6a 6b 6c 6d 6e 6f 70 71 72 73 74 75 76 77 78 79 7a 7b 7c 7d 7e 7f 80 81 82 83 84 85 86 87 88 89 8a 8b 8c 8d 8e 8f 90 91 92 93 94 95 96 97 98 99 9a 9b 9c 9d 9e 9f a0 a1 a2 a3 a4 a5 a6 a7 a8 a9 aa ab ac ad ae af b0 b1 b2 b3 b4 b5 b6 b7 b8 b9 ba bb bc bd be bf c0 c1 c2 c3 c4 c5 c6 c7 c8 c9 ca cb cc cd ce cf d0 d1 d2 d3 d4 d5 d6 d7 d8 d9 da db dc dd de df e0 e1 e2 e3 e4 e5 e6 e7 e8 e9 ea eb ec ed ee ef f0 f1 f2 f3 f4 f5 f6 f7 f8 f9 fa fb fc fd fe ff 
 0  1  2 23  4 c7 46  c  8 7c 59 e7 8c d3 18 -- 10 -- f8 -- b2 -- 19 ae cf -- 71 -- 30 75 -- 48 20 -- -- -- 27 8d -- 72 b3 e3 -- -- 32 -- 8b -- 49 -- -- 33 e2 -- -- -- 60  9 ea -- -- -- 90 -- 40 -- -- -- -- -- -- -- 4e -- cd -- -- -- e4 4f b1 -- 11 -- -- be -- 31 64 -- -- -- c1 -- -- -- 92 -- -- -- -- -- 66 -- 13 -- -- -- -- -- -- -- c0 -- 12 --  3 7d -- 4c -- 79 -- -- f7 -- -- -- 80 -- -- 81 -- -- -- -- -- -- -- c4 -- -- -- -- 9c -- -- -- 4d -- -- bd -- 83 -- -- 1f 41 9e 44 b5 -- -- -- 22 cb -- aa -- -- ab -- -- -- 62 -- c8 -- -- -- -- -- -- 47 55 8e -- -- -- -- -- -- f3 5f -- -- -- -- -- -- -- -- -- -- cc -- -- -- 26 d5 -- -- -- -- -- d7 -- -- -- -- -- -- -- -- 57 -- -- -- 24 d1 -- --  6 88 fa eb -- 82 98 3e -- -- f2 -- -- -- -- ef 39 ad -- -- -- -- -- 9a 

solutions so far:0 maxDepth:10 
iterations:24596672  skipped: 5 
Depth skipped: 
0 0 5 0 0 0 0 0 0 0 0 0 0 0 0 0 0 0 0 0 0 0 0 0 0 0 0 0 0 0 0 0 

running time: 3000 sec
 depth:7
 0  1  2  3  4  5  6  7  8  9  a  b  c  d  e  f 10 11 12 13 14 15 16 17 18 19 1a 1b 1c 1d 1e 1f 20 21 22 23 24 25 26 27 28 29 2a 2b 2c 2d 2e 2f 30 31 32 33 34 35 36 37 38 39 3a 3b 3c 3d 3e 3f 40 41 42 43 44 45 46 47 48 49 4a 4b 4c 4d 4e 4f 50 51 52 53 54 55 56 57 58 59 5a 5b 5c 5d 5e 5f 60 61 62 63 64 65 66 67 68 69 6a 6b 6c 6d 6e 6f 70 71 72 73 74 75 76 77 78 79 7a 7b 7c 7d 7e 7f 80 81 82 83 84 85 86 87 88 89 8a 8b 8c 8d 8e 8f 90 91 92 93 94 95 96 97 98 99 9a 9b 9c 9d 9e 9f a0 a1 a2 a3 a4 a5 a6 a7 a8 a9 aa ab ac ad ae af b0 b1 b2 b3 b4 b5 b6 b7 b8 b9 ba bb bc bd be bf c0 c1 c2 c3 c4 c5 c6 c7 c8 c9 ca cb cc cd ce cf d0 d1 d2 d3 d4 d5 d6 d7 d8 d9 da db dc dd de df e0 e1 e2 e3 e4 e5 e6 e7 e8 e9 ea eb ec ed ee ef f0 f1 f2 f3 f4 f5 f6 f7 f8 f9 fa fb fc fd fe ff 
 0  1  2 23  4 c1 46 c7  8 d9 55 64 8c 13 59 e6 10 -- 65 -- aa -- c8 bd cf -- 26 -- b2 11 1b a6 20 -- -- -- ca  6 -- 2a 83 60 -- -- 47 -- ad -- 49 -- -- 33 4c -- -- 67 b3 61 22 69 36 -- 9b -- 40 -- -- -- -- -- -- -- 43 --  c -- -- -- 54 4f d1 -- c0 -- -- be -- 31 8e -- -- -- 8d -- -- -- 92 -- -- -- -- -- 66 -- 98 -- -- 21 -- -- ce 96 b1 -- c2 -- 44 7d d2 19 6c 79 -- 84 e1 -- -- -- 80 -- -- 81 -- -- -- -- -- -- -- c4 -- -- -- -- 86 -- -- -- 18 -- -- ea -- 9a -- -- a8 71 9e ae 75 -- -- -- 57 d3 -- 4d -- -- ab -- -- -- 62 -- cb -- -- -- -- -- -- 41 cd 82 -- -- -- -- -- -- f3 5f -- -- -- -- -- -- -- -- -- -- cc -- -- -- e7 d5 -- -- -- -- 42 d7 -- -- -- -- 4b -- fb -- b5 -- -- -- 53 e3 -- -- 88 8b fa eb 73 e2 32 87 d8 -- f2 -- -- -- df db 15  3 -- -- -- -- -- 30 

solutions so far:0 maxDepth:10 
iterations:26854680  skipped: 6 
Depth skipped: 
0 0 6 0 0 0 0 0 0 0 0 0 0 0 0 0 0 0 0 0 0 0 0 0 0 0 0 0 0 0 0 0 

running time: 3300 sec
 depth:6
 0  1  2  3  4  5  6  7  8  9  a  b  c  d  e  f 10 11 12 13 14 15 16 17 18 19 1a 1b 1c 1d 1e 1f 20 21 22 23 24 25 26 27 28 29 2a 2b 2c 2d 2e 2f 30 31 32 33 34 35 36 37 38 39 3a 3b 3c 3d 3e 3f 40 41 42 43 44 45 46 47 48 49 4a 4b 4c 4d 4e 4f 50 51 52 53 54 55 56 57 58 59 5a 5b 5c 5d 5e 5f 60 61 62 63 64 65 66 67 68 69 6a 6b 6c 6d 6e 6f 70 71 72 73 74 75 76 77 78 79 7a 7b 7c 7d 7e 7f 80 81 82 83 84 85 86 87 88 89 8a 8b 8c 8d 8e 8f 90 91 92 93 94 95 96 97 98 99 9a 9b 9c 9d 9e 9f a0 a1 a2 a3 a4 a5 a6 a7 a8 a9 aa ab ac ad ae af b0 b1 b2 b3 b4 b5 b6 b7 b8 b9 ba bb bc bd be bf c0 c1 c2 c3 c4 c5 c6 c7 c8 c9 ca cb cc cd ce cf d0 d1 d2 d3 d4 d5 d6 d7 d8 d9 da db dc dd de df e0 e1 e2 e3 e4 e5 e6 e7 e8 e9 ea eb ec ed ee ef f0 f1 f2 f3 f4 f5 f6 f7 f8 f9 fa fb fc fd fe ff 
 0  1  2 23  4 bc 46 85  8 3c af 34 8c b7 dd -- 10 -- 78 -- 89 -- 68 5b cf -- b9 -- 6d 5a -- d6 20 -- -- -- f0 f5 -- 76 c5 3f -- -- d0 -- b6 -- 49 -- -- 33 a5 -- -- -- da 6f b4 -- -- -- 7b -- 40 -- -- -- -- -- -- -- 37 -- 3d -- -- -- ec 4f 5d -- 7e -- -- be -- 31 77 -- -- -- bb -- -- -- 92 -- -- -- -- -- 66 -- 9d -- -- -- -- -- -- -- 63 -- de -- bf 7d --  d -- 79 -- -- f6 -- -- -- 80 -- -- 81 -- -- -- -- -- -- -- c4 -- -- -- -- 6e -- -- -- 7a -- -- a3 -- fd -- --  f 58 9e 2f ba -- -- -- fc 2c -- 95 -- -- ab -- -- -- 62 -- ee -- -- -- -- -- --  b a1 16 -- -- -- -- -- -- f3 5f -- -- -- -- -- -- -- -- -- -- cc -- -- -- ed d5 -- -- -- -- -- d7 -- -- -- -- -- -- -- -- c6 -- -- -- 6b 2d -- -- a9 5e fa eb -- b0 1a 1e -- -- f2 -- -- -- -- dc 3b 91 -- -- -- -- -- f4 

solutions so far:0 maxDepth:10 
iterations:28963163  skipped: 7 
Depth skipped: 
0 0 7 0 0 0 0 0 0 0 0 0 0 0 0 0 0 0 0 0 0 0 0 0 0 0 0 0 0 0 0 0 

running time: 3600 sec
 depth:7
 0  1  2  3  4  5  6  7  8  9  a  b  c  d  e  f 10 11 12 13 14 15 16 17 18 19 1a 1b 1c 1d 1e 1f 20 21 22 23 24 25 26 27 28 29 2a 2b 2c 2d 2e 2f 30 31 32 33 34 35 36 37 38 39 3a 3b 3c 3d 3e 3f 40 41 42 43 44 45 46 47 48 49 4a 4b 4c 4d 4e 4f 50 51 52 53 54 55 56 57 58 59 5a 5b 5c 5d 5e 5f 60 61 62 63 64 65 66 67 68 69 6a 6b 6c 6d 6e 6f 70 71 72 73 74 75 76 77 78 79 7a 7b 7c 7d 7e 7f 80 81 82 83 84 85 86 87 88 89 8a 8b 8c 8d 8e 8f 90 91 92 93 94 95 96 97 98 99 9a 9b 9c 9d 9e 9f a0 a1 a2 a3 a4 a5 a6 a7 a8 a9 aa ab ac ad ae af b0 b1 b2 b3 b4 b5 b6 b7 b8 b9 ba bb bc bd be bf c0 c1 c2 c3 c4 c5 c6 c7 c8 c9 ca cb cc cd ce cf d0 d1 d2 d3 d4 d5 d6 d7 d8 d9 da db dc dd de df e0 e1 e2 e3 e4 e5 e6 e7 e8 e9 ea eb ec ed ee ef f0 f1 f2 f3 f4 f5 f6 f7 f8 f9 fa fb fc fd fe ff 
 0  1  2 23  4 b7 46 c1  8  f b9 41 8c 19 55 e8 10 -- 1e -- a5 -- 82 ea cf -- 32 -- aa c0  7 de 20 -- -- -- 3c 68 -- f6 9d  b -- -- d3 --  3 -- 49 -- -- 33 64 -- -- 70 83 6e 57 1d  e -- 6b -- 40 -- -- -- -- -- -- -- 78 -- d0 -- -- -- 3b 4f ed -- 16 -- -- be -- 31 71 -- -- --  6 -- -- -- 92 -- -- -- -- -- 66 -- c8 -- -- b8 -- -- e0 2e d1 -- dc -- ae 7d 3a 8e 1c 79 -- 99 d6 -- -- -- 80 -- -- 81 -- -- -- -- -- -- -- c4 -- -- -- -- f0 -- -- -- 77 -- -- 1a -- 30 -- -- 76 98 9e 58  d -- -- -- 2c 4c -- 18 -- -- ab -- -- -- 62 -- e2 -- -- -- -- -- -- 13  c 26 -- -- -- -- -- -- f3 5f -- -- -- -- -- -- -- -- -- -- cc -- -- -- 47 d5 -- -- -- -- a7 d7 -- -- -- -- 17 -- 5c -- 75 -- -- -- 6f 60 -- -- 8b b0 fa eb 74 e7 cb ec 38 -- f2 -- -- -- e5 37 7b 34 -- -- -- -- -- ee 

solutions so far:0 maxDepth:10 
iterations:31569201  skipped: 7 
Depth skipped: 
0 0 7 0 0 0 0 0 0 0 0 0 0 0 0 0 0 0 0 0 0 0 0 0 0 0 0 0 0 0 0 0 

running time: 3900 sec
 depth:5
 0  1  2  3  4  5  6  7  8  9  a  b  c  d  e  f 10 11 12 13 14 15 16 17 18 19 1a 1b 1c 1d 1e 1f 20 21 22 23 24 25 26 27 28 29 2a 2b 2c 2d 2e 2f 30 31 32 33 34 35 36 37 38 39 3a 3b 3c 3d 3e 3f 40 41 42 43 44 45 46 47 48 49 4a 4b 4c 4d 4e 4f 50 51 52 53 54 55 56 57 58 59 5a 5b 5c 5d 5e 5f 60 61 62 63 64 65 66 67 68 69 6a 6b 6c 6d 6e 6f 70 71 72 73 74 75 76 77 78 79 7a 7b 7c 7d 7e 7f 80 81 82 83 84 85 86 87 88 89 8a 8b 8c 8d 8e 8f 90 91 92 93 94 95 96 97 98 99 9a 9b 9c 9d 9e 9f a0 a1 a2 a3 a4 a5 a6 a7 a8 a9 aa ab ac ad ae af b0 b1 b2 b3 b4 b5 b6 b7 b8 b9 ba bb bc bd be bf c0 c1 c2 c3 c4 c5 c6 c7 c8 c9 ca cb cc cd ce cf d0 d1 d2 d3 d4 d5 d6 d7 d8 d9 da db dc dd de df e0 e1 e2 e3 e4 e5 e6 e7 e8 e9 ea eb ec ed ee ef f0 f1 f2 f3 f4 f5 f6 f7 f8 f9 fa fb fc fd fe ff 
 0  1  2 23  4 b3 46 a0  8 42 b1 -- 8c -- 97 -- 10 -- 84 -- b5 -- -- ff cf -- -- -- f9  a -- 6c 20 -- -- -- df 9a -- 4b bd 44 -- -- -- -- 29 -- 49 -- -- 33 -- -- -- -- 25 e6 14 -- -- -- d8 -- 40 -- -- -- -- -- -- -- 69 -- e3 -- -- -- 96 4f ad -- 88 -- -- be -- 31 -- -- -- -- 52 -- -- -- 92 -- -- -- -- -- 66 -- -- -- -- -- -- -- -- -- 4a -- 1b -- 28 7d -- -- -- 79 -- -- 67 -- -- -- 80 -- -- 81 -- -- -- -- -- -- -- c4 -- -- -- -- d2 -- -- -- 11 -- -- cd -- e9 -- -- fb -- 9e 59 8d -- -- -- c7 -- -- 9f -- -- ab -- -- -- 62 -- -- -- -- -- -- -- -- -- a4 -- -- -- -- -- -- -- f3 5f -- -- -- -- -- -- -- -- -- -- cc -- -- -- -- d5 -- -- -- -- -- d7 -- -- -- -- -- -- -- -- 94 -- -- -- 36  5 -- -- 50 b2 fa eb -- -- -- 21 -- -- f2 -- -- -- -- 73 ce 4d -- -- -- -- -- 22 

solutions so far:0 maxDepth:10 
iterations:34424875  skipped: 7 
Depth skipped: 
0 0 7 0 0 0 0 0 0 0 0 0 0 0 0 0 0 0 0 0 0 0 0 0 0 0 0 0 0 0 0 0 

running time: 4200 sec
 depth:7
 0  1  2  3  4  5  6  7  8  9  a  b  c  d  e  f 10 11 12 13 14 15 16 17 18 19 1a 1b 1c 1d 1e 1f 20 21 22 23 24 25 26 27 28 29 2a 2b 2c 2d 2e 2f 30 31 32 33 34 35 36 37 38 39 3a 3b 3c 3d 3e 3f 40 41 42 43 44 45 46 47 48 49 4a 4b 4c 4d 4e 4f 50 51 52 53 54 55 56 57 58 59 5a 5b 5c 5d 5e 5f 60 61 62 63 64 65 66 67 68 69 6a 6b 6c 6d 6e 6f 70 71 72 73 74 75 76 77 78 79 7a 7b 7c 7d 7e 7f 80 81 82 83 84 85 86 87 88 89 8a 8b 8c 8d 8e 8f 90 91 92 93 94 95 96 97 98 99 9a 9b 9c 9d 9e 9f a0 a1 a2 a3 a4 a5 a6 a7 a8 a9 aa ab ac ad ae af b0 b1 b2 b3 b4 b5 b6 b7 b8 b9 ba bb bc bd be bf c0 c1 c2 c3 c4 c5 c6 c7 c8 c9 ca cb cc cd ce cf d0 d1 d2 d3 d4 d5 d6 d7 d8 d9 da db dc dd de df e0 e1 e2 e3 e4 e5 e6 e7 e8 e9 ea eb ec ed ee ef f0 f1 f2 f3 f4 f5 f6 f7 f8 f9 fa fb fc fd fe ff 
 0  1  2 23  4 ad 46 b4  8 56 8d 1b 8c 42 bf 90 10 -- ac -- cd -- 36 da cf -- 84 -- a9 95 f7 93 20 -- -- -- 8f 44 -- d4 4d b2 -- -- 6c -- 63 -- 49 -- -- 33 df -- -- 1f 85 c3 fd 12 39 -- f1 -- 40 -- -- -- -- -- -- -- c9 -- 88 -- -- -- 7f 4f 9a -- b3 -- -- be -- 31 d8 -- -- -- c6 -- -- -- 92 -- -- -- -- -- 66 -- 69 -- -- 4e -- -- 3e f8 dd -- 51 -- 2d 7d 24 73 72 79 -- ef 35 -- -- -- 80 -- -- 81 -- -- -- -- -- -- -- c4 -- -- -- -- 45 -- -- -- c7 -- -- 11 -- bb -- -- fe fb 9e b5 e3 -- -- -- b1 96 -- b6 -- -- ab -- -- -- 62 -- 67 -- -- -- -- -- -- ce 5b 4b -- -- -- -- -- -- f3 5f -- -- -- -- -- -- -- -- -- -- cc -- -- -- d2 d5 -- -- -- -- 9c d7 -- -- -- -- 7c -- 27 -- 6d -- -- -- a2 a1 -- -- 5a bd fa eb 48 21 e6 2b e4 -- f2 -- -- --  9 8a 6a 22 -- -- -- -- -- 59 

solutions so far:0 maxDepth:10 
iterations:37210889  skipped: 9 
Depth skipped: 
0 0 9 0 0 0 0 0 0 0 0 0 0 0 0 0 0 0 0 0 0 0 0 0 0 0 0 0 0 0 0 0 

running time: 4500 sec
 depth:7
 0  1  2  3  4  5  6  7  8  9  a  b  c  d  e  f 10 11 12 13 14 15 16 17 18 19 1a 1b 1c 1d 1e 1f 20 21 22 23 24 25 26 27 28 29 2a 2b 2c 2d 2e 2f 30 31 32 33 34 35 36 37 38 39 3a 3b 3c 3d 3e 3f 40 41 42 43 44 45 46 47 48 49 4a 4b 4c 4d 4e 4f 50 51 52 53 54 55 56 57 58 59 5a 5b 5c 5d 5e 5f 60 61 62 63 64 65 66 67 68 69 6a 6b 6c 6d 6e 6f 70 71 72 73 74 75 76 77 78 79 7a 7b 7c 7d 7e 7f 80 81 82 83 84 85 86 87 88 89 8a 8b 8c 8d 8e 8f 90 91 92 93 94 95 96 97 98 99 9a 9b 9c 9d 9e 9f a0 a1 a2 a3 a4 a5 a6 a7 a8 a9 aa ab ac ad ae af b0 b1 b2 b3 b4 b5 b6 b7 b8 b9 ba bb bc bd be bf c0 c1 c2 c3 c4 c5 c6 c7 c8 c9 ca cb cc cd ce cf d0 d1 d2 d3 d4 d5 d6 d7 d8 d9 da db dc dd de df e0 e1 e2 e3 e4 e5 e6 e7 e8 e9 ea eb ec ed ee ef f0 f1 f2 f3 f4 f5 f6 f7 f8 f9 fa fb fc fd fe ff 
 0  1  2 23  4 a6 46 73  8 71 9b 11 8c bd e6 a4 10 -- e2 -- e1 -- 22 67 cf -- ad -- 1b 84 9f 64 20 -- -- -- 13 d9 -- cb 15 86 -- -- 44 -- ce -- 49 -- -- 33 8d -- -- 14 36 e7 df ff e9 -- c8 -- 40 -- -- -- -- -- -- -- 26 -- 65 -- -- -- 41 4f 2a -- db -- -- be -- 31 88 -- -- -- 4b -- -- -- 92 -- -- -- -- -- 66 -- cd -- -- f9 -- -- 28 a0 6c -- 19 -- 69 7d 29 9a  5 79 -- 4a 47 -- -- -- 80 -- -- 81 -- -- -- -- -- -- -- c4 -- -- -- -- 4c -- -- -- ca -- -- a8 -- 21 -- -- 82 b1 9e c2 54 -- -- -- 61 b3 -- fb -- -- ab -- -- -- 62 -- c7 -- -- -- -- -- -- 59 96 b2 -- -- -- -- -- -- f3 5f -- -- -- -- -- -- -- -- -- -- cc -- -- -- 4d d5 -- -- -- -- 25 d7 -- -- -- -- 50 -- 97 -- d8 -- -- -- 32 42 -- -- d2 53 fa eb 52 b5 e3 d3  a -- f2 -- -- -- 94 98 8e 87 -- -- -- -- -- 43 

solutions so far:0 maxDepth:10 
iterations:40137723  skipped: 10 
Depth skipped: 
0 0 10 0 0 0 0 0 0 0 0 0 0 0 0 0 0 0 0 0 0 0 0 0 0 0 0 0 0 0 0 0 

running time: 4800 sec
 depth:7
 0  1  2  3  4  5  6  7  8  9  a  b  c  d  e  f 10 11 12 13 14 15 16 17 18 19 1a 1b 1c 1d 1e 1f 20 21 22 23 24 25 26 27 28 29 2a 2b 2c 2d 2e 2f 30 31 32 33 34 35 36 37 38 39 3a 3b 3c 3d 3e 3f 40 41 42 43 44 45 46 47 48 49 4a 4b 4c 4d 4e 4f 50 51 52 53 54 55 56 57 58 59 5a 5b 5c 5d 5e 5f 60 61 62 63 64 65 66 67 68 69 6a 6b 6c 6d 6e 6f 70 71 72 73 74 75 76 77 78 79 7a 7b 7c 7d 7e 7f 80 81 82 83 84 85 86 87 88 89 8a 8b 8c 8d 8e 8f 90 91 92 93 94 95 96 97 98 99 9a 9b 9c 9d 9e 9f a0 a1 a2 a3 a4 a5 a6 a7 a8 a9 aa ab ac ad ae af b0 b1 b2 b3 b4 b5 b6 b7 b8 b9 ba bb bc bd be bf c0 c1 c2 c3 c4 c5 c6 c7 c8 c9 ca cb cc cd ce cf d0 d1 d2 d3 d4 d5 d6 d7 d8 d9 da db dc dd de df e0 e1 e2 e3 e4 e5 e6 e7 e8 e9 ea eb ec ed ee ef f0 f1 f2 f3 f4 f5 f6 f7 f8 f9 fa fb fc fd fe ff 
 0  1  2 23  4 9d 46 64  8 84 ed bc 8c 7a c8 4e 10 -- df --  d -- af 82 cf -- f4 -- 47 98 9c d8 20 -- -- -- 69 ee -- 96 1a 58 -- -- 89 -- d3 -- 49 -- -- 33 3f -- -- 24 8e 1b e7 7c ef -- 67 -- 40 -- -- -- -- -- -- -- d2 --  b -- -- -- fb 4f 34 -- b0 -- -- be -- 31 c5 -- -- -- 71 -- -- -- 92 -- -- -- -- -- 66 -- 7e -- -- 72 -- -- 48 f7 cb -- 36 -- 19 7d f8 2f  9 79 -- 1f ce -- -- -- 80 -- -- 81 -- -- -- -- -- -- -- c4 -- -- -- -- 73 -- -- -- 16 -- -- d0 -- 26 -- -- 21 f5 9e b9 68 -- -- -- b7 91 -- 13 -- -- ab -- -- -- 62 -- 5d -- -- -- -- -- -- ba e2 a3 -- -- -- -- -- -- f3 5f -- -- -- -- -- -- -- -- -- -- cc -- -- -- fc d5 -- -- -- -- e4 d7 -- -- -- -- 90 -- 39 -- 41 -- -- -- 6c 4c -- -- 32 a5 fa eb 27 3d 5e 42 12 -- f2 -- -- -- 3e e6 4b 77 -- -- -- -- -- 2c 

solutions so far:0 maxDepth:10 
iterations:44438295  skipped: 11 
Depth skipped: 
0 0 11 0 0 0 0 0 0 0 0 0 0 0 0 0 0 0 0 0 0 0 0 0 0 0 0 0 0 0 0 0 

running time: 5100 sec
 depth:6
 0  1  2  3  4  5  6  7  8  9  a  b  c  d  e  f 10 11 12 13 14 15 16 17 18 19 1a 1b 1c 1d 1e 1f 20 21 22 23 24 25 26 27 28 29 2a 2b 2c 2d 2e 2f 30 31 32 33 34 35 36 37 38 39 3a 3b 3c 3d 3e 3f 40 41 42 43 44 45 46 47 48 49 4a 4b 4c 4d 4e 4f 50 51 52 53 54 55 56 57 58 59 5a 5b 5c 5d 5e 5f 60 61 62 63 64 65 66 67 68 69 6a 6b 6c 6d 6e 6f 70 71 72 73 74 75 76 77 78 79 7a 7b 7c 7d 7e 7f 80 81 82 83 84 85 86 87 88 89 8a 8b 8c 8d 8e 8f 90 91 92 93 94 95 96 97 98 99 9a 9b 9c 9d 9e 9f a0 a1 a2 a3 a4 a5 a6 a7 a8 a9 aa ab ac ad ae af b0 b1 b2 b3 b4 b5 b6 b7 b8 b9 ba bb bc bd be bf c0 c1 c2 c3 c4 c5 c6 c7 c8 c9 ca cb cc cd ce cf d0 d1 d2 d3 d4 d5 d6 d7 d8 d9 da db dc dd de df e0 e1 e2 e3 e4 e5 e6 e7 e8 e9 ea eb ec ed ee ef f0 f1 f2 f3 f4 f5 f6 f7 f8 f9 fa fb fc fd fe ff 
 0  1  2 23  4 97 46 30  8 c7 f9 a9 8c a1 60 -- 10 -- 59 -- 25 -- 85 c1 cf -- 95 -- c0  3 -- cd 20 -- -- -- b2 a4 -- 11 4a  a -- -- dd -- 55 -- 49 -- -- 33 fd -- -- -- 57 bd  6 -- -- -- 4d -- 40 -- -- -- -- -- -- -- b3 -- 9f -- -- -- 22 4f 94 -- 14 -- -- be -- 31 6d -- -- -- aa -- -- -- 92 -- -- -- -- -- 66 -- 2d -- -- -- -- -- -- -- ae -- ad --  c 7d -- b4 -- 79 -- -- 9a -- -- -- 80 -- -- 81 -- -- -- -- -- -- -- c4 -- -- -- -- b1 -- -- -- e9 -- -- 29 -- 75 -- -- 44 b6 9e 50 ff -- -- -- 28 5b -- d1 -- -- ab -- -- -- 62 -- da -- -- -- -- -- -- 63 83 c6 -- -- -- -- -- -- f3 5f -- -- -- -- -- -- -- -- -- -- cc -- -- -- 5a d5 -- -- -- -- -- d7 -- -- -- -- -- -- -- -- 8b -- -- -- 8d ea -- -- 18 a0 fa eb -- bb bf 88 -- -- f2 -- -- -- -- b5 e3 52 -- -- -- -- --  5 

solutions so far:0 maxDepth:10 
iterations:48185779  skipped: 11 
Depth skipped: 
0 0 11 0 0 0 0 0 0 0 0 0 0 0 0 0 0 0 0 0 0 0 0 0 0 0 0 0 0 0 0 0 

running time: 5400 sec
 depth:7
 0  1  2  3  4  5  6  7  8  9  a  b  c  d  e  f 10 11 12 13 14 15 16 17 18 19 1a 1b 1c 1d 1e 1f 20 21 22 23 24 25 26 27 28 29 2a 2b 2c 2d 2e 2f 30 31 32 33 34 35 36 37 38 39 3a 3b 3c 3d 3e 3f 40 41 42 43 44 45 46 47 48 49 4a 4b 4c 4d 4e 4f 50 51 52 53 54 55 56 57 58 59 5a 5b 5c 5d 5e 5f 60 61 62 63 64 65 66 67 68 69 6a 6b 6c 6d 6e 6f 70 71 72 73 74 75 76 77 78 79 7a 7b 7c 7d 7e 7f 80 81 82 83 84 85 86 87 88 89 8a 8b 8c 8d 8e 8f 90 91 92 93 94 95 96 97 98 99 9a 9b 9c 9d 9e 9f a0 a1 a2 a3 a4 a5 a6 a7 a8 a9 aa ab ac ad ae af b0 b1 b2 b3 b4 b5 b6 b7 b8 b9 ba bb bc bd be bf c0 c1 c2 c3 c4 c5 c6 c7 c8 c9 ca cb cc cd ce cf d0 d1 d2 d3 d4 d5 d6 d7 d8 d9 da db dc dd de df e0 e1 e2 e3 e4 e5 e6 e7 e8 e9 ea eb ec ed ee ef f0 f1 f2 f3 f4 f5 f6 f7 f8 f9 fa fb fc fd fe ff 
 0  1  2 23  4 90 46 25  8 ae f7 e2 8c 47 4a a9 10 -- 8b -- 39 -- 13 a4 cf -- 8e -- 94 50 85  3 20 -- -- -- c1 f8 -- 30 72 ef -- -- 26 -- 9f -- 49 -- -- 33 cb -- -- 63 ff d1 a0 5a dd --  6 -- 40 -- -- -- -- -- -- -- 55 -- 27 -- -- -- 60 4f e4 --  9 -- -- be -- 31 4c -- -- -- e9 -- -- -- 92 -- -- -- -- -- 66 -- 41 -- -- a1 -- -- c6 b6 29 -- 75 -- 97 7d b4 d3 6d 79 -- fd  c -- -- -- 80 -- -- 81 -- -- -- -- -- -- -- c4 -- -- -- -- aa -- -- -- 4e -- -- 3e -- 14 -- -- c0 64 9e 24 1f -- -- -- 12 32 --  a -- -- ab -- -- -- 62 -- 98 -- -- -- -- -- -- e7  5 19 -- -- -- -- -- -- f3 5f -- -- -- -- -- -- -- -- -- -- cc -- -- -- 82 d5 -- -- -- -- 95 d7 -- -- -- -- 5b -- bb -- 52 -- -- -- ea 28 -- -- f9 48 fa eb bf c8 71 57 da -- f2 -- -- -- 2d 83 18 7c -- -- -- -- -- 9c 

solutions so far:0 maxDepth:10 
iterations:52263855  skipped: 11 
Depth skipped: 
0 0 11 0 0 0 0 0 0 0 0 0 0 0 0 0 0 0 0 0 0 0 0 0 0 0 0 0 0 0 0 0 

running time: 5700 sec
 depth:6
 0  1  2  3  4  5  6  7  8  9  a  b  c  d  e  f 10 11 12 13 14 15 16 17 18 19 1a 1b 1c 1d 1e 1f 20 21 22 23 24 25 26 27 28 29 2a 2b 2c 2d 2e 2f 30 31 32 33 34 35 36 37 38 39 3a 3b 3c 3d 3e 3f 40 41 42 43 44 45 46 47 48 49 4a 4b 4c 4d 4e 4f 50 51 52 53 54 55 56 57 58 59 5a 5b 5c 5d 5e 5f 60 61 62 63 64 65 66 67 68 69 6a 6b 6c 6d 6e 6f 70 71 72 73 74 75 76 77 78 79 7a 7b 7c 7d 7e 7f 80 81 82 83 84 85 86 87 88 89 8a 8b 8c 8d 8e 8f 90 91 92 93 94 95 96 97 98 99 9a 9b 9c 9d 9e 9f a0 a1 a2 a3 a4 a5 a6 a7 a8 a9 aa ab ac ad ae af b0 b1 b2 b3 b4 b5 b6 b7 b8 b9 ba bb bc bd be bf c0 c1 c2 c3 c4 c5 c6 c7 c8 c9 ca cb cc cd ce cf d0 d1 d2 d3 d4 d5 d6 d7 d8 d9 da db dc dd de df e0 e1 e2 e3 e4 e5 e6 e7 e8 e9 ea eb ec ed ee ef f0 f1 f2 f3 f4 f5 f6 f7 f8 f9 fa fb fc fd fe ff 
 0  1  2 23  4 87 46 b1  8 b4 d9 6e 8c ec b5 -- 10 -- bf -- 65 -- dc 4d cf --  f -- bd c7 -- 5b 20 -- -- -- a9 c2 -- 95 ca e1 -- -- 6f -- 9a -- 49 -- -- 33 1e -- -- -- ad da 59 -- -- -- b6 -- 40 -- -- -- -- -- -- -- 85 -- 53 -- -- -- fd 4f 43 -- 15 -- -- be -- 31 de -- -- -- e3 -- -- -- 92 -- -- -- -- -- 66 -- 3c -- -- -- -- -- -- -- 8d -- 63 -- b2 7d -- f0 -- 79 -- -- bb -- -- -- 80 -- -- 81 -- -- -- -- -- -- -- c4 -- -- -- -- dd -- -- -- a6 -- -- db -- 44 -- -- 2d 3b 9e 54 86 -- -- -- 2a f6 -- 22 -- -- ab -- -- -- 62 -- 6b -- -- -- -- -- -- d6 11 7b -- -- -- -- -- -- f3 5f -- -- -- -- -- -- -- -- -- -- cc -- -- -- 78 d5 -- -- -- -- -- d7 -- -- -- -- -- -- -- -- cd -- -- -- c6 88 -- -- b3 a8 fa eb -- 76 37 5a -- -- f2 -- -- -- -- 6d a1 61 -- -- -- -- -- 9b 

solutions so far:0 maxDepth:10 
iterations:55964866  skipped: 12 
Depth skipped: 
0 0 12 0 0 0 0 0 0 0 0 0 0 0 0 0 0 0 0 0 0 0 0 0 0 0 0 0 0 0 0 0 

running time: 6000 sec
 depth:7
 0  1  2  3  4  5  6  7  8  9  a  b  c  d  e  f 10 11 12 13 14 15 16 17 18 19 1a 1b 1c 1d 1e 1f 20 21 22 23 24 25 26 27 28 29 2a 2b 2c 2d 2e 2f 30 31 32 33 34 35 36 37 38 39 3a 3b 3c 3d 3e 3f 40 41 42 43 44 45 46 47 48 49 4a 4b 4c 4d 4e 4f 50 51 52 53 54 55 56 57 58 59 5a 5b 5c 5d 5e 5f 60 61 62 63 64 65 66 67 68 69 6a 6b 6c 6d 6e 6f 70 71 72 73 74 75 76 77 78 79 7a 7b 7c 7d 7e 7f 80 81 82 83 84 85 86 87 88 89 8a 8b 8c 8d 8e 8f 90 91 92 93 94 95 96 97 98 99 9a 9b 9c 9d 9e 9f a0 a1 a2 a3 a4 a5 a6 a7 a8 a9 aa ab ac ad ae af b0 b1 b2 b3 b4 b5 b6 b7 b8 b9 ba bb bc bd be bf c0 c1 c2 c3 c4 c5 c6 c7 c8 c9 ca cb cc cd ce cf d0 d1 d2 d3 d4 d5 d6 d7 d8 d9 da db dc dd de df e0 e1 e2 e3 e4 e5 e6 e7 e8 e9 ea eb ec ed ee ef f0 f1 f2 f3 f4 f5 f6 f7 f8 f9 fa fb fc fd fe ff 
 0  1  2 23  4 7c 46  a  8 1c f8 5b 8c a9 14 9a 10 -- 38 -- 27 -- b6 f9 cf -- 85 -- 28 a4 e3 99 20 -- -- -- 70 24 -- 74 4e 39 -- -- bb -- 25 -- 49 -- -- 33 dd -- -- 88 50 5c 9f 8d 11 -- e5 -- 40 -- -- -- -- -- -- -- e0 -- 48 -- -- -- e8 4f 9c -- 72 -- -- be -- 31 a1 -- -- -- 4a -- -- -- 92 -- -- -- -- -- 66 -- 6d -- -- b1 -- -- c7 b2 a0 -- b8 -- e9 7d cd 63 22 79 -- bd 1d -- -- -- 80 -- -- 81 -- -- -- -- -- -- -- c4 -- -- -- -- 17 -- -- -- 90 -- --  9 -- 29 -- --  7 b4 9e 1f ef -- -- -- e4 5a -- ff -- -- ab -- -- -- 62 -- 95 -- -- -- -- -- -- fd 94 2d -- -- -- -- -- -- f3 5f -- -- -- -- -- -- -- -- -- -- cc -- -- -- da d5 -- -- -- -- b5 d7 -- -- -- -- 59 -- b3 -- 97 -- -- -- a7 52 -- --  5 3e fa eb 4d bf c6  e 44 -- f2 -- -- -- ad 2e 3a 12 -- -- -- -- -- f7 

solutions so far:0 maxDepth:10 
iterations:59884083  skipped: 13 
Depth skipped: 
0 0 13 0 0 0 0 0 0 0 0 0 0 0 0 0 0 0 0 0 0 0 0 0 0 0 0 0 0 0 0 0 

running time: 6300 sec
 depth:7
 0  1  2  3  4  5  6  7  8  9  a  b  c  d  e  f 10 11 12 13 14 15 16 17 18 19 1a 1b 1c 1d 1e 1f 20 21 22 23 24 25 26 27 28 29 2a 2b 2c 2d 2e 2f 30 31 32 33 34 35 36 37 38 39 3a 3b 3c 3d 3e 3f 40 41 42 43 44 45 46 47 48 49 4a 4b 4c 4d 4e 4f 50 51 52 53 54 55 56 57 58 59 5a 5b 5c 5d 5e 5f 60 61 62 63 64 65 66 67 68 69 6a 6b 6c 6d 6e 6f 70 71 72 73 74 75 76 77 78 79 7a 7b 7c 7d 7e 7f 80 81 82 83 84 85 86 87 88 89 8a 8b 8c 8d 8e 8f 90 91 92 93 94 95 96 97 98 99 9a 9b 9c 9d 9e 9f a0 a1 a2 a3 a4 a5 a6 a7 a8 a9 aa ab ac ad ae af b0 b1 b2 b3 b4 b5 b6 b7 b8 b9 ba bb bc bd be bf c0 c1 c2 c3 c4 c5 c6 c7 c8 c9 ca cb cc cd ce cf d0 d1 d2 d3 d4 d5 d6 d7 d8 d9 da db dc dd de df e0 e1 e2 e3 e4 e5 e6 e7 e8 e9 ea eb ec ed ee ef f0 f1 f2 f3 f4 f5 f6 f7 f8 f9 fa fb fc fd fe ff 
 0  1  2 23  4 75 46 4c  8 b8 ea da 8c 5a 98 2a 10 -- a7 --  3 -- 63 c8 cf -- b4 -- e7 71 54  e 20 -- -- -- 99 c0 -- e0  6 c1 -- -- c6 -- 47 -- 49 -- -- 33 bf -- -- 65 19 74 e2 9b a8 -- 1c -- 40 -- -- -- -- -- -- -- e5 -- 57 -- -- -- 17 4f  c -- 55 -- -- be -- 31 5b -- -- -- 8e -- -- -- 92 -- -- -- -- -- 66 -- a9 -- -- 61 -- -- ca 86 32 -- e8 -- 13 7d e1 dd 87 79 -- 53 38 -- -- -- 80 -- -- 81 -- -- -- -- -- -- -- c4 -- -- -- -- 1d -- -- -- ae -- -- 30 -- 82 -- -- 2e fd 9e 83 18 -- -- -- aa 95 -- 41 -- -- ab -- -- -- 62 -- b6 -- -- -- -- -- -- bb cb a1 -- -- -- -- -- -- f3 5f -- -- -- -- -- -- -- -- -- -- cc -- -- -- 85 d5 -- -- -- -- c2 d7 -- -- -- -- 43 -- db -- 64 -- -- --  7 d3 -- -- 26 d1 fa eb 15 2d 6d 5c d9 -- f2 -- -- -- a6 3a 70 60 -- -- -- -- -- 8b 

solutions so far:0 maxDepth:10 
iterations:63746556  skipped: 13 
Depth skipped: 
0 0 13 0 0 0 0 0 0 0 0 0 0 0 0 0 0 0 0 0 0 0 0 0 0 0 0 0 0 0 0 0 

running time: 6600 sec
 depth:7
 0  1  2  3  4  5  6  7  8  9  a  b  c  d  e  f 10 11 12 13 14 15 16 17 18 19 1a 1b 1c 1d 1e 1f 20 21 22 23 24 25 26 27 28 29 2a 2b 2c 2d 2e 2f 30 31 32 33 34 35 36 37 38 39 3a 3b 3c 3d 3e 3f 40 41 42 43 44 45 46 47 48 49 4a 4b 4c 4d 4e 4f 50 51 52 53 54 55 56 57 58 59 5a 5b 5c 5d 5e 5f 60 61 62 63 64 65 66 67 68 69 6a 6b 6c 6d 6e 6f 70 71 72 73 74 75 76 77 78 79 7a 7b 7c 7d 7e 7f 80 81 82 83 84 85 86 87 88 89 8a 8b 8c 8d 8e 8f 90 91 92 93 94 95 96 97 98 99 9a 9b 9c 9d 9e 9f a0 a1 a2 a3 a4 a5 a6 a7 a8 a9 aa ab ac ad ae af b0 b1 b2 b3 b4 b5 b6 b7 b8 b9 ba bb bc bd be bf c0 c1 c2 c3 c4 c5 c6 c7 c8 c9 ca cb cc cd ce cf d0 d1 d2 d3 d4 d5 d6 d7 d8 d9 da db dc dd de df e0 e1 e2 e3 e4 e5 e6 e7 e8 e9 ea eb ec ed ee ef f0 f1 f2 f3 f4 f5 f6 f7 f8 f9 fa fb fc fd fe ff 
 0  1  2 23  4 6c 46 7f  8 c1 d8 a5 8c  b fe 90 10 -- 55 -- 67 -- 9d c9 cf -- 16 -- 2b f1 f7  c 20 -- -- -- aa 42 -- c0 ce d2 -- -- ed -- 45 -- 49 -- -- 33 2c -- -- 1f 56 ea 35 12 39 -- 18 -- 40 -- -- -- -- -- -- -- 83 -- 84 -- -- -- 57 4f 4b -- 73 -- -- be -- 31  d -- -- -- 8a -- -- -- 92 -- -- -- -- -- 66 -- 58 -- -- 4e -- -- 3e f8 ac --  3 -- 6a 7d 24 b7 72 79 -- ef 30 -- -- -- 80 -- -- 81 -- -- -- -- -- -- -- c4 -- -- -- -- d1 -- -- -- df -- -- fb -- a2 -- -- ae 77 9e 1b 96 -- -- -- e6 d0 -- 51 -- -- ab -- -- -- 62 -- 1a -- -- -- -- -- -- 34 c3 68 -- -- -- -- -- -- f3 5f -- -- -- -- -- -- -- -- -- -- cc -- -- -- b0 d5 -- -- -- -- 9c d7 -- -- -- -- 7c -- 27 -- 8f -- -- --  6 93 -- -- d4 36 fa eb 48 ee b9 8b e4 -- f2 -- -- --  9 75 60 21 -- -- -- -- -- 69 

solutions so far:0 maxDepth:10 
iterations:68675674  skipped: 14 
Depth skipped: 
0 0 14 0 0 0 0 0 0 0 0 0 0 0 0 0 0 0 0 0 0 0 0 0 0 0 0 0 0 0 0 0 

running time: 6900 sec
 depth:6
 0  1  2  3  4  5  6  7  8  9  a  b  c  d  e  f 10 11 12 13 14 15 16 17 18 19 1a 1b 1c 1d 1e 1f 20 21 22 23 24 25 26 27 28 29 2a 2b 2c 2d 2e 2f 30 31 32 33 34 35 36 37 38 39 3a 3b 3c 3d 3e 3f 40 41 42 43 44 45 46 47 48 49 4a 4b 4c 4d 4e 4f 50 51 52 53 54 55 56 57 58 59 5a 5b 5c 5d 5e 5f 60 61 62 63 64 65 66 67 68 69 6a 6b 6c 6d 6e 6f 70 71 72 73 74 75 76 77 78 79 7a 7b 7c 7d 7e 7f 80 81 82 83 84 85 86 87 88 89 8a 8b 8c 8d 8e 8f 90 91 92 93 94 95 96 97 98 99 9a 9b 9c 9d 9e 9f a0 a1 a2 a3 a4 a5 a6 a7 a8 a9 aa ab ac ad ae af b0 b1 b2 b3 b4 b5 b6 b7 b8 b9 ba bb bc bd be bf c0 c1 c2 c3 c4 c5 c6 c7 c8 c9 ca cb cc cd ce cf d0 d1 d2 d3 d4 d5 d6 d7 d8 d9 da db dc dd de df e0 e1 e2 e3 e4 e5 e6 e7 e8 e9 ea eb ec ed ee ef f0 f1 f2 f3 f4 f5 f6 f7 f8 f9 fa fb fc fd fe ff 
 0  1  2 23  4 5e 46 a6  8 b5 bc  a 8c ff 9b -- 10 -- bd -- af -- 14 a8 cf -- 29 -- e1 db -- 22 20 -- -- -- ad 91 -- 59 89 f4 -- -- 28 -- 87 -- 49 -- -- 33 52 -- -- -- 15 9a 61 -- -- -- 44 -- 40 -- -- -- -- -- -- -- 8d -- f5 -- -- -- b2 4f c5 -- 3f -- -- be -- 31 50 -- -- -- d9 -- -- -- 92 -- -- -- -- -- 66 -- a4 -- -- -- -- -- -- -- 2a -- e3 -- c2 7d -- e9 -- 79 -- -- 88 -- -- -- 80 -- -- 81 -- -- -- -- -- -- -- c4 -- -- -- -- cd -- -- -- 3d -- -- ba -- 43 -- -- b3 4a 9e fc 5d -- -- -- 7e 25 -- ca -- -- ab -- -- -- 62 -- a0 -- -- -- -- -- -- 97 65 f9 -- -- -- -- -- -- f3 5f -- -- -- -- -- -- -- -- -- -- cc -- -- -- 9f d5 -- -- -- -- -- d7 -- -- -- -- -- -- -- -- 54 -- -- -- 11 86 -- -- 53 2f fa eb -- 94  5 b1 -- -- f2 -- -- -- -- 4d c7 a3 -- -- -- -- -- 7a 

solutions so far:0 maxDepth:10 
iterations:73272737  skipped: 16 
Depth skipped: 
0 0 16 0 0 0 0 0 0 0 0 0 0 0 0 0 0 0 0 0 0 0 0 0 0 0 0 0 0 0 0 0 

running time: 7200 sec
 depth:7
 0  1  2  3  4  5  6  7  8  9  a  b  c  d  e  f 10 11 12 13 14 15 16 17 18 19 1a 1b 1c 1d 1e 1f 20 21 22 23 24 25 26 27 28 29 2a 2b 2c 2d 2e 2f 30 31 32 33 34 35 36 37 38 39 3a 3b 3c 3d 3e 3f 40 41 42 43 44 45 46 47 48 49 4a 4b 4c 4d 4e 4f 50 51 52 53 54 55 56 57 58 59 5a 5b 5c 5d 5e 5f 60 61 62 63 64 65 66 67 68 69 6a 6b 6c 6d 6e 6f 70 71 72 73 74 75 76 77 78 79 7a 7b 7c 7d 7e 7f 80 81 82 83 84 85 86 87 88 89 8a 8b 8c 8d 8e 8f 90 91 92 93 94 95 96 97 98 99 9a 9b 9c 9d 9e 9f a0 a1 a2 a3 a4 a5 a6 a7 a8 a9 aa ab ac ad ae af b0 b1 b2 b3 b4 b5 b6 b7 b8 b9 ba bb bc bd be bf c0 c1 c2 c3 c4 c5 c6 c7 c8 c9 ca cb cc cd ce cf d0 d1 d2 d3 d4 d5 d6 d7 d8 d9 da db dc dd de df e0 e1 e2 e3 e4 e5 e6 e7 e8 e9 ea eb ec ed ee ef f0 f1 f2 f3 f4 f5 f6 f7 f8 f9 fa fb fc fd fe ff 
 0  1  2 23  4 58 46 5b  8 a2 b0 26 8c cb b6 b1 10 -- 93 -- b7 -- 4c 2d cf -- 41 -- bb 6d b5 56 20 -- -- -- f1 1a -- 45 b9 77 -- -- 98 -- 5a -- 49 -- -- 33 82 -- -- cd a1 7f da 59 bd -- ac -- 40 -- -- -- -- -- -- -- 35 -- 34 -- -- -- 8a 4f a5 -- ee -- -- be -- 31 e7 -- -- -- b4 -- -- -- 92 -- -- -- -- -- 66 -- d3 -- -- 22 -- -- 4d e3 95 -- fe -- 63 7d b2 e2 ad 79 -- 88 8f -- -- -- 80 -- -- 81 -- -- -- -- -- -- -- c4 -- -- -- -- 6a -- -- -- 68 -- -- ed -- 85 -- -- c3 47 9e 16 9d -- -- --  b c8 -- a9 -- -- ab -- -- -- 62 -- 19 -- -- -- -- -- -- 32 bf 64 -- -- -- -- -- -- f3 5f -- -- -- -- -- -- -- -- -- -- cc -- -- -- 71 d5 -- -- -- -- 44 d7 -- -- -- -- 9a -- 11 -- fd -- -- -- 2b dd -- -- c6 2c fa eb b3 8e 13 51 8d -- f2 -- -- -- c7 d4 c9  d -- -- -- -- -- d0 

solutions so far:0 maxDepth:10 
iterations:77570929  skipped: 16 
Depth skipped: 
0 0 16 0 0 0 0 0 0 0 0 0 0 0 0 0 0 0 0 0 0 0 0 0 0 0 0 0 0 0 0 0 

running time: 7500 sec
 depth:7
 0  1  2  3  4  5  6  7  8  9  a  b  c  d  e  f 10 11 12 13 14 15 16 17 18 19 1a 1b 1c 1d 1e 1f 20 21 22 23 24 25 26 27 28 29 2a 2b 2c 2d 2e 2f 30 31 32 33 34 35 36 37 38 39 3a 3b 3c 3d 3e 3f 40 41 42 43 44 45 46 47 48 49 4a 4b 4c 4d 4e 4f 50 51 52 53 54 55 56 57 58 59 5a 5b 5c 5d 5e 5f 60 61 62 63 64 65 66 67 68 69 6a 6b 6c 6d 6e 6f 70 71 72 73 74 75 76 77 78 79 7a 7b 7c 7d 7e 7f 80 81 82 83 84 85 86 87 88 89 8a 8b 8c 8d 8e 8f 90 91 92 93 94 95 96 97 98 99 9a 9b 9c 9d 9e 9f a0 a1 a2 a3 a4 a5 a6 a7 a8 a9 aa ab ac ad ae af b0 b1 b2 b3 b4 b5 b6 b7 b8 b9 ba bb bc bd be bf c0 c1 c2 c3 c4 c5 c6 c7 c8 c9 ca cb cc cd ce cf d0 d1 d2 d3 d4 d5 d6 d7 d8 d9 da db dc dd de df e0 e1 e2 e3 e4 e5 e6 e7 e8 e9 ea eb ec ed ee ef f0 f1 f2 f3 f4 f5 f6 f7 f8 f9 fa fb fc fd fe ff 
 0  1  2 23  4 50 46 b4  8 1e a0 c2 8c d9 bf 89 10 -- 3c -- 97 -- 53 da cf -- 65 -- a9 95 c5 6b 20 -- -- -- 78 29 -- 3b f9 e9 -- -- a6 -- 63 -- 49 -- -- 33 ca -- -- 91 85 dc fd 5e 5d -- d6 -- 40 -- -- -- -- -- -- -- f0 -- 52 -- -- -- 76 4f 25 --  5 -- -- be -- 31 9b -- -- -- c6 -- -- -- 92 -- -- -- -- -- 66 -- 43 -- -- 3f -- -- f5 7a dd -- 6f -- 2d 7d bc db ba 79 -- fc 7b -- -- -- 80 -- -- 81 -- -- -- -- -- -- -- c4 -- -- -- -- 37 -- -- -- a4 -- -- 94 -- bb -- -- ec a8 9e 14 4a -- -- --  a 54 -- b6 -- -- ab -- -- -- 62 -- e1 -- -- -- -- -- -- 15 5b 2a -- -- -- -- -- -- f3 5f -- -- -- -- -- -- -- -- -- -- cc -- -- -- 86 d5 -- -- -- -- 7e d7 -- -- -- -- 3d -- f4 -- 6d -- -- -- de a1 -- -- 5a 28 fa eb af 87 61  f a3 -- f2 -- -- -- 2f 6e f6 ff -- -- -- -- -- 9f 

solutions so far:0 maxDepth:10 
iterations:82203877  skipped: 16 
Depth skipped: 
0 0 16 0 0 0 0 0 0 0 0 0 0 0 0 0 0 0 0 0 0 0 0 0 0 0 0 0 0 0 0 0 

running time: 7800 sec
 depth:6
 0  1  2  3  4  5  6  7  8  9  a  b  c  d  e  f 10 11 12 13 14 15 16 17 18 19 1a 1b 1c 1d 1e 1f 20 21 22 23 24 25 26 27 28 29 2a 2b 2c 2d 2e 2f 30 31 32 33 34 35 36 37 38 39 3a 3b 3c 3d 3e 3f 40 41 42 43 44 45 46 47 48 49 4a 4b 4c 4d 4e 4f 50 51 52 53 54 55 56 57 58 59 5a 5b 5c 5d 5e 5f 60 61 62 63 64 65 66 67 68 69 6a 6b 6c 6d 6e 6f 70 71 72 73 74 75 76 77 78 79 7a 7b 7c 7d 7e 7f 80 81 82 83 84 85 86 87 88 89 8a 8b 8c 8d 8e 8f 90 91 92 93 94 95 96 97 98 99 9a 9b 9c 9d 9e 9f a0 a1 a2 a3 a4 a5 a6 a7 a8 a9 aa ab ac ad ae af b0 b1 b2 b3 b4 b5 b6 b7 b8 b9 ba bb bc bd be bf c0 c1 c2 c3 c4 c5 c6 c7 c8 c9 ca cb cc cd ce cf d0 d1 d2 d3 d4 d5 d6 d7 d8 d9 da db dc dd de df e0 e1 e2 e3 e4 e5 e6 e7 e8 e9 ea eb ec ed ee ef f0 f1 f2 f3 f4 f5 f6 f7 f8 f9 fa fb fc fd fe ff 
 0  1  2 23  4 41 46 60  8 7f 82  5 8c 94 c0 -- 10 -- fe -- d3 --  a 55 cf -- ff -- 57  6 -- c3 20 -- -- -- 2b 98 -- f1 71 64 -- -- 14 -- aa -- 49 -- -- 33 29 -- -- -- ae c9  c -- -- -- 51 -- 40 -- -- -- -- -- -- -- 56 -- e7 -- -- -- 35 4f e2 -- c8 -- -- be -- 31 28 -- -- -- 83 -- -- -- 92 -- -- -- -- -- 66 -- 52 -- -- -- -- -- -- -- 8b -- 45 -- 18 7d -- 9f -- 79 -- -- a2 -- -- -- 80 -- -- 81 -- -- -- -- -- -- -- c4 -- -- -- -- ac -- -- -- 19 -- -- 26 -- ea -- -- 6a 25 9e 8e 13 -- -- -- 47 f9 -- 75 -- -- ab -- -- -- 62 -- 50 -- -- -- -- -- -- a0 d1 97 -- -- -- -- -- -- f3 5f -- -- -- -- -- -- -- -- -- -- cc -- -- -- a4 d5 -- -- -- -- -- d7 -- -- -- -- -- -- -- -- c1 -- -- -- 8a  3 -- -- 30 cb fa eb -- 4a e9 d4 -- -- f2 -- -- -- -- 8f 93 4c -- -- -- -- -- 32 

solutions so far:0 maxDepth:10 
iterations:87225920  skipped: 18 
Depth skipped: 
0 0 18 0 0 0 0 0 0 0 0 0 0 0 0 0 0 0 0 0 0 0 0 0 0 0 0 0 0 0 0 0 

running time: 8100 sec
 depth:6
 0  1  2  3  4  5  6  7  8  9  a  b  c  d  e  f 10 11 12 13 14 15 16 17 18 19 1a 1b 1c 1d 1e 1f 20 21 22 23 24 25 26 27 28 29 2a 2b 2c 2d 2e 2f 30 31 32 33 34 35 36 37 38 39 3a 3b 3c 3d 3e 3f 40 41 42 43 44 45 46 47 48 49 4a 4b 4c 4d 4e 4f 50 51 52 53 54 55 56 57 58 59 5a 5b 5c 5d 5e 5f 60 61 62 63 64 65 66 67 68 69 6a 6b 6c 6d 6e 6f 70 71 72 73 74 75 76 77 78 79 7a 7b 7c 7d 7e 7f 80 81 82 83 84 85 86 87 88 89 8a 8b 8c 8d 8e 8f 90 91 92 93 94 95 96 97 98 99 9a 9b 9c 9d 9e 9f a0 a1 a2 a3 a4 a5 a6 a7 a8 a9 aa ab ac ad ae af b0 b1 b2 b3 b4 b5 b6 b7 b8 b9 ba bb bc bd be bf c0 c1 c2 c3 c4 c5 c6 c7 c8 c9 ca cb cc cd ce cf d0 d1 d2 d3 d4 d5 d6 d7 d8 d9 da db dc dd de df e0 e1 e2 e3 e4 e5 e6 e7 e8 e9 ea eb ec ed ee ef f0 f1 f2 f3 f4 f5 f6 f7 f8 f9 fa fb fc fd fe ff 
 0  1  2 23  4 36 46 9a  8 8b 6c 39 8c ef e3 -- 10 -- c1 -- d8 -- 72 c7 cf --  9 -- 11 ad --  6 20 -- -- -- 55 21 -- 60 67 69 -- -- e4 -- 59 -- 49 -- -- 33 12 -- -- -- 22 75 8d -- -- --  c -- 40 -- -- -- -- -- -- -- aa -- 42 -- -- -- c0 4f ce -- d2 -- -- be -- 31 1f -- -- -- b2 -- -- -- 92 -- -- -- -- -- 66 -- 24 -- -- -- -- -- -- -- 44 -- ea -- cd 7d -- 90 -- 79 -- -- 18 -- -- -- 80 -- -- 81 -- -- -- -- -- -- -- c4 -- -- -- -- 83 -- -- -- 84 -- -- 96 -- b5 -- -- 57 4e 9e e6 4b -- -- -- 73 27 -- b1 -- -- ab -- -- -- 62 -- 3e -- -- -- -- -- -- 7c b3 f8 -- -- -- -- -- -- f3 5f -- -- -- -- -- -- -- -- -- -- cc -- -- -- 48 d5 -- -- -- -- -- d7 -- -- -- -- -- -- -- -- 88 -- -- --  3 bd -- -- 4d 1b fa eb -- 9c f7 ae -- -- f2 -- -- -- -- d1 30 fb -- -- -- -- -- df 

solutions so far:0 maxDepth:10 
iterations:92652960  skipped: 18 
Depth skipped: 
0 0 18 0 0 0 0 0 0 0 0 0 0 0 0 0 0 0 0 0 0 0 0 0 0 0 0 0 0 0 0 0 

running time: 8400 sec
 depth:6
 0  1  2  3  4  5  6  7  8  9  a  b  c  d  e  f 10 11 12 13 14 15 16 17 18 19 1a 1b 1c 1d 1e 1f 20 21 22 23 24 25 26 27 28 29 2a 2b 2c 2d 2e 2f 30 31 32 33 34 35 36 37 38 39 3a 3b 3c 3d 3e 3f 40 41 42 43 44 45 46 47 48 49 4a 4b 4c 4d 4e 4f 50 51 52 53 54 55 56 57 58 59 5a 5b 5c 5d 5e 5f 60 61 62 63 64 65 66 67 68 69 6a 6b 6c 6d 6e 6f 70 71 72 73 74 75 76 77 78 79 7a 7b 7c 7d 7e 7f 80 81 82 83 84 85 86 87 88 89 8a 8b 8c 8d 8e 8f 90 91 92 93 94 95 96 97 98 99 9a 9b 9c 9d 9e 9f a0 a1 a2 a3 a4 a5 a6 a7 a8 a9 aa ab ac ad ae af b0 b1 b2 b3 b4 b5 b6 b7 b8 b9 ba bb bc bd be bf c0 c1 c2 c3 c4 c5 c6 c7 c8 c9 ca cb cc cd ce cf d0 d1 d2 d3 d4 d5 d6 d7 d8 d9 da db dc dd de df e0 e1 e2 e3 e4 e5 e6 e7 e8 e9 ea eb ec ed ee ef f0 f1 f2 f3 f4 f5 f6 f7 f8 f9 fa fb fc fd fe ff 
 0  1  2 23  4 2b 46 f0  8 cb 56 5e 8c 3d 37 -- 10 -- 41 -- ac -- bc 6b cf -- 7a -- 6e  f -- 98 20 -- -- -- 82 51 -- 64 8f 35 -- -- af -- d6 -- 49 -- -- 33 f4 -- -- -- dc 13 1e -- -- -- e7 -- 40 -- -- -- -- -- -- -- d3 -- a2 -- -- -- c8 4f c9 -- 6a -- -- be -- 31 89 -- -- -- 7b -- -- -- 92 -- -- -- -- -- 66 -- 3f -- -- -- -- -- -- -- 6f -- 26 -- 3c 7d -- fc -- 79 -- -- 19 -- -- -- 80 -- -- 81 -- -- -- -- -- -- -- c4 -- -- -- -- 71 -- -- -- 93 -- -- 8a -- 76 -- -- 47 91 9e 7f 45 -- -- -- d4 a3 -- 3b -- -- ab -- -- -- 62 -- c5 -- -- -- -- -- -- 5d f6 ba -- -- -- -- -- -- f3 5f -- -- -- -- -- -- -- -- -- -- cc -- -- -- 7e d5 -- -- -- -- -- d7 -- -- -- -- -- -- -- -- de -- -- -- 4c ec -- -- 78 fe fa eb -- f5 2f 8e -- -- f2 -- -- -- -- e2 32 c3 -- -- -- -- -- f1 

solutions so far:0 maxDepth:10 
iterations:98205310  skipped: 19 
Depth skipped: 
0 0 19 0 0 0 0 0 0 0 0 0 0 0 0 0 0 0 0 0 0 0 0 0 0 0 0 0 0 0 0 0 

running time: 8700 sec
 depth:7
 0  1  2  3  4  5  6  7  8  9  a  b  c  d  e  f 10 11 12 13 14 15 16 17 18 19 1a 1b 1c 1d 1e 1f 20 21 22 23 24 25 26 27 28 29 2a 2b 2c 2d 2e 2f 30 31 32 33 34 35 36 37 38 39 3a 3b 3c 3d 3e 3f 40 41 42 43 44 45 46 47 48 49 4a 4b 4c 4d 4e 4f 50 51 52 53 54 55 56 57 58 59 5a 5b 5c 5d 5e 5f 60 61 62 63 64 65 66 67 68 69 6a 6b 6c 6d 6e 6f 70 71 72 73 74 75 76 77 78 79 7a 7b 7c 7d 7e 7f 80 81 82 83 84 85 86 87 88 89 8a 8b 8c 8d 8e 8f 90 91 92 93 94 95 96 97 98 99 9a 9b 9c 9d 9e 9f a0 a1 a2 a3 a4 a5 a6 a7 a8 a9 aa ab ac ad ae af b0 b1 b2 b3 b4 b5 b6 b7 b8 b9 ba bb bc bd be bf c0 c1 c2 c3 c4 c5 c6 c7 c8 c9 ca cb cc cd ce cf d0 d1 d2 d3 d4 d5 d6 d7 d8 d9 da db dc dd de df e0 e1 e2 e3 e4 e5 e6 e7 e8 e9 ea eb ec ed ee ef f0 f1 f2 f3 f4 f5 f6 f7 f8 f9 fa fb fc fd fe ff 
 0  1  2 23  4 1d 46 dc  8 1f 3a d2 8c 96 6f 5e 10 -- 3e -- 74 -- 73 f6 cf -- fb -- de 78 bc 12 20 -- -- -- 7c 70 -- f7 e8 5c -- -- e6 -- 3b -- 49 -- -- 33 21 -- -- 5d 6b 9c f0 7e af -- 24 -- 40 -- -- -- -- -- -- -- f8 -- e0 -- -- -- 39 4f  7 -- b8 -- -- be -- 31 1b -- -- -- 76 -- -- -- 92 -- -- -- -- -- 66 -- 42 -- -- 3d -- -- ba 91 d6 -- ef -- 37 7d fc df 89 79 -- f4 48 -- -- -- 80 -- -- 81 -- -- -- -- -- -- -- c4 -- -- -- -- 27 -- -- -- 17 -- -- 1c -- 1e -- -- 72 ce 9e 99  e -- -- -- a7 67 --  f -- -- ab -- -- -- 62 -- 36 -- -- -- -- -- -- 6c ec d8 -- -- -- -- -- -- f3 5f -- -- -- -- -- -- -- -- -- -- cc -- -- -- 84 d5 -- -- -- -- 7a d7 -- -- -- -- a3 -- f5 -- 7b -- -- --  9 3c -- -- 6e e5 fa eb 2f 4b 69 e4 c5 -- f2 -- -- -- 3f 4e 90 38 -- -- -- -- -- 2e 

solutions so far:0 maxDepth:10 
iterations:103858480  skipped: 21 
Depth skipped: 
0 0 21 0 0 0 0 0 0 0 0 0 0 0 0 0 0 0 0 0 0 0 0 0 0 0 0 0 0 0 0 0 

running time: 9000 sec
 depth:7
 0  1  2  3  4  5  6  7  8  9  a  b  c  d  e  f 10 11 12 13 14 15 16 17 18 19 1a 1b 1c 1d 1e 1f 20 21 22 23 24 25 26 27 28 29 2a 2b 2c 2d 2e 2f 30 31 32 33 34 35 36 37 38 39 3a 3b 3c 3d 3e 3f 40 41 42 43 44 45 46 47 48 49 4a 4b 4c 4d 4e 4f 50 51 52 53 54 55 56 57 58 59 5a 5b 5c 5d 5e 5f 60 61 62 63 64 65 66 67 68 69 6a 6b 6c 6d 6e 6f 70 71 72 73 74 75 76 77 78 79 7a 7b 7c 7d 7e 7f 80 81 82 83 84 85 86 87 88 89 8a 8b 8c 8d 8e 8f 90 91 92 93 94 95 96 97 98 99 9a 9b 9c 9d 9e 9f a0 a1 a2 a3 a4 a5 a6 a7 a8 a9 aa ab ac ad ae af b0 b1 b2 b3 b4 b5 b6 b7 b8 b9 ba bb bc bd be bf c0 c1 c2 c3 c4 c5 c6 c7 c8 c9 ca cb cc cd ce cf d0 d1 d2 d3 d4 d5 d6 d7 d8 d9 da db dc dd de df e0 e1 e2 e3 e4 e5 e6 e7 e8 e9 ea eb ec ed ee ef f0 f1 f2 f3 f4 f5 f6 f7 f8 f9 fa fb fc fd fe ff 
 0  1  2 23  4 14 46 b3  8 82 28 e0 8c 74 b1 1b 10 -- d3 -- 50 -- 17 cd cf -- e8 -- b5 88 36 19 20 -- -- -- 71 94 -- 47 a0 a4 -- -- 2e -- 4d -- 49 -- -- 33  7 -- -- ce bd 4c c7 d2 6c -- 32 -- 40 -- -- -- -- -- -- -- e2 -- ff -- -- -- 8e 4f 97 -- 9f -- -- be -- 31 5c -- -- -- 9a -- -- -- 92 -- -- -- -- -- 66 --  e -- -- 42 -- -- 4b fb ad -- 98 -- 59 7d 73 38 d8 79 -- df 64 -- -- -- 80 -- -- 81 -- -- -- -- -- -- -- c4 -- -- -- -- 13 -- -- -- 29 -- -- 25 -- 22 -- -- cb 1d 9e  5 f9 -- -- -- e9 e5 -- 11 -- -- ab -- -- -- 62 -- b8 -- -- -- -- -- -- a7 e3 99 -- -- -- -- -- -- f3 5f -- -- -- -- -- -- -- -- -- -- cc -- -- -- 1c d5 -- -- -- -- 84 d7 -- -- -- -- 96 -- 21 -- 8d -- -- -- e7 44 -- -- b2  a fa eb e6 3a 70 41 67 -- f2 -- -- -- 69 26 c8 4a -- -- -- -- -- 52 

solutions so far:0 maxDepth:10 
iterations:109640037  skipped: 21 
Depth skipped: 
0 0 21 0 0 0 0 0 0 0 0 0 0 0 0 0 0 0 0 0 0 0 0 0 0 0 0 0 0 0 0 0 

running time: 9300 sec
 depth:7
 0  1  2  3  4  5  6  7  8  9  a  b  c  d  e  f 10 11 12 13 14 15 16 17 18 19 1a 1b 1c 1d 1e 1f 20 21 22 23 24 25 26 27 28 29 2a 2b 2c 2d 2e 2f 30 31 32 33 34 35 36 37 38 39 3a 3b 3c 3d 3e 3f 40 41 42 43 44 45 46 47 48 49 4a 4b 4c 4d 4e 4f 50 51 52 53 54 55 56 57 58 59 5a 5b 5c 5d 5e 5f 60 61 62 63 64 65 66 67 68 69 6a 6b 6c 6d 6e 6f 70 71 72 73 74 75 76 77 78 79 7a 7b 7c 7d 7e 7f 80 81 82 83 84 85 86 87 88 89 8a 8b 8c 8d 8e 8f 90 91 92 93 94 95 96 97 98 99 9a 9b 9c 9d 9e 9f a0 a1 a2 a3 a4 a5 a6 a7 a8 a9 aa ab ac ad ae af b0 b1 b2 b3 b4 b5 b6 b7 b8 b9 ba bb bc bd be bf c0 c1 c2 c3 c4 c5 c6 c7 c8 c9 ca cb cc cd ce cf d0 d1 d2 d3 d4 d5 d6 d7 d8 d9 da db dc dd de df e0 e1 e2 e3 e4 e5 e6 e7 e8 e9 ea eb ec ed ee ef f0 f1 f2 f3 f4 f5 f6 f7 f8 f9 fa fb fc fd fe ff 
 0  1  2 23  4  7 46 95  8 b5  e 51 8c 56 fd 48 10 -- bd -- 1c -- a2 a9 cf -- ac -- 2d 5b 90 22 20 -- -- -- ad 5c -- 59 38 e5 -- -- 93 -- 85 -- 49 -- -- 33 8f -- -- e4 5a 9a b6  9 f7 -- 44 -- 40 -- -- -- -- -- -- -- 8d -- b8 -- -- -- b2 4f 70 -- 1d -- -- be -- 31 f1 -- -- -- dd -- -- -- 92 -- -- -- -- -- 66 -- c9 -- -- 27 -- -- 1f 7c b4 -- e3 -- bb 7d 12 8a 39 79 -- 9c 88 -- -- -- 80 -- -- 81 -- -- -- -- -- -- -- c4 -- -- -- -- cd -- -- -- a7 -- -- 17 -- 63 -- -- b3 fe 9e 74 e0 -- -- -- 3a 7f -- da -- -- ab -- -- -- 62 -- 35 -- -- -- -- -- -- 6a 6d d4 -- -- -- -- -- -- f3 5f -- -- -- -- -- -- -- -- -- -- cc -- -- -- 45 d5 -- -- -- -- 4e d7 -- -- -- -- 3e -- f8 -- bf -- -- -- 11 c6 -- -- a1 e8 fa eb 24 2b c3 b1 72 -- f2 -- -- -- ef 4d c7 2e -- -- -- -- -- 99 

solutions so far:0 maxDepth:10 
iterations:115460993  skipped: 23 
Depth skipped: 
0 0 23 0 0 0 0 0 0 0 0 0 0 0 0 0 0 0 0 0 0 0 0 0 0 0 0 0 0 0 0 0 

running time: 9600 sec

Finished. Total running time: 9659 sec
