Search S-boxes invariant for matrix: 
{0x00,0x02,0x04,0x06,0x08,0x0a,0x0c,0x0e,0x10,0x12,0x14,0x16,0x18,0x1a,0x1c,0x1e,0x20,0x22,0x24,0x26,0x28,0x2a,0x2c,0x2e,0x30,0x32,0x34,0x36,0x38,0x3a,0x3c,0x3e,0x40,0x42,0x44,0x46,0x48,0x4a,0x4c,0x4e,0x50,0x52,0x54,0x56,0x58,0x5a,0x5c,0x5e,0x60,0x62,0x64,0x66,0x68,0x6a,0x6c,0x6e,0x70,0x72,0x74,0x76,0x78,0x7a,0x7c,0x7e,0x80,0x82,0x84,0x86,0x88,0x8a,0x8c,0x8e,0x90,0x92,0x94,0x96,0x98,0x9a,0x9c,0x9e,0xa0,0xa2,0xa4,0xa6,0xa8,0xaa,0xac,0xae,0xb0,0xb2,0xb4,0xb6,0xb8,0xba,0xbc,0xbe,0xc0,0xc2,0xc4,0xc6,0xc8,0xca,0xcc,0xce,0xd0,0xd2,0xd4,0xd6,0xd8,0xda,0xdc,0xde,0xe0,0xe2,0xe4,0xe6,0xe8,0xea,0xec,0xee,0xf0,0xf2,0xf4,0xf6,0xf8,0xfa,0xfc,0xfe,0xd7,0xd5,0xd3,0xd1,0xdf,0xdd,0xdb,0xd9,0xc7,0xc5,0xc3,0xc1,0xcf,0xcd,0xcb,0xc9,0xf7,0xf5,0xf3,0xf1,0xff,0xfd,0xfb,0xf9,0xe7,0xe5,0xe3,0xe1,0xef,0xed,0xeb,0xe9,0x97,0x95,0x93,0x91,0x9f,0x9d,0x9b,0x99,0x87,0x85,0x83,0x81,0x8f,0x8d,0x8b,0x89,0xb7,0xb5,0xb3,0xb1,0xbf,0xbd,0xbb,0xb9,0xa7,0xa5,0xa3,0xa1,0xaf,0xad,0xab,0xa9,0x57,0x55,0x53,0x51,0x5f,0x5d,0x5b,0x59,0x47,0x45,0x43,0x41,0x4f,0x4d,0x4b,0x49,0x77,0x75,0x73,0x71,0x7f,0x7d,0x7b,0x79,0x67,0x65,0x63,0x61,0x6f,0x6d,0x6b,0x69,0x17,0x15,0x13,0x11,0x1f,0x1d,0x1b,0x19,0x07,0x05,0x03,0x01,0x0f,0x0d,0x0b,0x09,0x37,0x35,0x33,0x31,0x3f,0x3d,0x3b,0x39,0x27,0x25,0x23,0x21,0x2f,0x2d,0x2b,0x29};



 depth:7
 0  1  2  3  4  5  6  7  8  9  a  b  c  d  e  f 10 11 12 13 14 15 16 17 18 19 1a 1b 1c 1d 1e 1f 20 21 22 23 24 25 26 27 28 29 2a 2b 2c 2d 2e 2f 30 31 32 33 34 35 36 37 38 39 3a 3b 3c 3d 3e 3f 40 41 42 43 44 45 46 47 48 49 4a 4b 4c 4d 4e 4f 50 51 52 53 54 55 56 57 58 59 5a 5b 5c 5d 5e 5f 60 61 62 63 64 65 66 67 68 69 6a 6b 6c 6d 6e 6f 70 71 72 73 74 75 76 77 78 79 7a 7b 7c 7d 7e 7f 80 81 82 83 84 85 86 87 88 89 8a 8b 8c 8d 8e 8f 90 91 92 93 94 95 96 97 98 99 9a 9b 9c 9d 9e 9f a0 a1 a2 a3 a4 a5 a6 a7 a8 a9 aa ab ac ad ae af b0 b1 b2 b3 b4 b5 b6 b7 b8 b9 ba bb bc bd be bf c0 c1 c2 c3 c4 c5 c6 c7 c8 c9 ca cb cc cd ce cf d0 d1 d2 d3 d4 d5 d6 d7 d8 d9 da db dc dd de df e0 e1 e2 e3 e4 e5 e6 e7 e8 e9 ea eb ec ed ee ef f0 f1 f2 f3 f4 f5 f6 f7 f8 f9 fa fb fc fd fe ff 
 0  1  2 25  4 fa 4a 34  8 8a 23 75 94 ae 68 1f 10 -- c3 -- 46 -- ea 16 ff -- 8b -- d0 9d 3e 7f 20 -- -- -- 51 31 -- ac 8c be -- --  3 -- 2c -- 29 -- -- 33 c1 -- -- 4e 77 35 ed 39 7c -- fe -- 40 -- -- -- -- -- -- -- a2 -- 62 -- -- -- 8f 4f cf -- ab -- -- 14 -- 9f  6 -- -- -- 58 -- -- -- 52 -- -- -- -- -- 66 -- 55 -- -- 24 -- -- 9c  9 ee -- 6a --  d 97 72 83 f8 79 -- 90 2b -- -- -- 80 -- -- 50 -- -- -- -- -- -- --  5 -- -- -- -- 93 -- -- -- c4 -- -- 92 -- b9 -- -- c9 c0 9e d5 49 -- -- -- 81 60 -- b7 -- -- 28 -- -- -- e9 --  c -- -- -- -- -- -- 18 b0 30 -- -- -- -- -- -- a4  a -- -- -- -- -- -- -- -- -- -- cc -- -- -- aa a0 -- -- -- -- 48 d7 -- -- -- -- ef -- 12 --  b -- -- -- d4 a5 -- -- 1a 7d f9 eb e4 57 d1 45 27 -- f2 -- -- -- f7 f1 56 f3 -- -- -- -- -- 5f 

solutions so far:0 maxDepth:9 
iterations:1939015  skipped: 1 
Depth skipped: 
0 0 1 0 0 0 0 0 0 0 0 0 0 0 0 0 0 0 0 0 0 0 0 0 0 0 0 0 0 0 0 0 

running time: 300 sec
 depth:6
 0  1  2  3  4  5  6  7  8  9  a  b  c  d  e  f 10 11 12 13 14 15 16 17 18 19 1a 1b 1c 1d 1e 1f 20 21 22 23 24 25 26 27 28 29 2a 2b 2c 2d 2e 2f 30 31 32 33 34 35 36 37 38 39 3a 3b 3c 3d 3e 3f 40 41 42 43 44 45 46 47 48 49 4a 4b 4c 4d 4e 4f 50 51 52 53 54 55 56 57 58 59 5a 5b 5c 5d 5e 5f 60 61 62 63 64 65 66 67 68 69 6a 6b 6c 6d 6e 6f 70 71 72 73 74 75 76 77 78 79 7a 7b 7c 7d 7e 7f 80 81 82 83 84 85 86 87 88 89 8a 8b 8c 8d 8e 8f 90 91 92 93 94 95 96 97 98 99 9a 9b 9c 9d 9e 9f a0 a1 a2 a3 a4 a5 a6 a7 a8 a9 aa ab ac ad ae af b0 b1 b2 b3 b4 b5 b6 b7 b8 b9 ba bb bc bd be bf c0 c1 c2 c3 c4 c5 c6 c7 c8 c9 ca cb cc cd ce cf d0 d1 d2 d3 d4 d5 d6 d7 d8 d9 da db dc dd de df e0 e1 e2 e3 e4 e5 e6 e7 e8 e9 ea eb ec ed ee ef f0 f1 f2 f3 f4 f5 f6 f7 f8 f9 fa fb fc fd fe ff 
 0  1  2 25  4 f5 4a 2b  8 b7 3d 8d 94 59 56 -- 10 -- b9 -- 7a -- cd 8a ff -- b2 -- ac 6a -- d0 20 -- -- -- a5 5e -- 16 f4 c5 -- -- 4d -- c3 -- 29 -- -- 33 b3 -- -- -- 8f 1a d4 -- -- -- 77 -- 40 -- -- -- -- -- -- -- 9d -- bc -- -- -- 2c 4f 3f -- 5d -- -- 14 -- 9f 9a -- -- -- 51 -- -- -- 52 -- -- -- -- -- 66 -- b1 -- -- -- -- -- -- -- c9 -- 34 -- 7f 97 -- bd -- 79 -- -- ee -- -- -- 80 -- -- 50 -- -- -- -- -- -- --  5 -- -- -- -- ed -- -- -- af -- -- fc -- f1 -- -- 58 88 9e a3 7e -- -- -- ba 44 -- 93 -- -- 28 -- -- -- e9 -- e3 -- -- -- -- -- -- 11 a2 22 -- -- -- -- -- -- a4  a -- -- -- -- -- -- -- -- -- -- cc -- -- -- b5 a0 -- -- -- -- -- d7 -- -- -- -- -- -- -- -- 45 -- -- -- 68 35 -- -- fe 91 f9 eb -- c7 ad b0 -- -- f2 -- -- -- --  d  b 2f -- -- -- -- -- 89 

solutions so far:0 maxDepth:9 
iterations:3910974  skipped: 2 
Depth skipped: 
0 0 2 0 0 0 0 0 0 0 0 0 0 0 0 0 0 0 0 0 0 0 0 0 0 0 0 0 0 0 0 0 

running time: 600 sec
 depth:8
 0  1  2  3  4  5  6  7  8  9  a  b  c  d  e  f 10 11 12 13 14 15 16 17 18 19 1a 1b 1c 1d 1e 1f 20 21 22 23 24 25 26 27 28 29 2a 2b 2c 2d 2e 2f 30 31 32 33 34 35 36 37 38 39 3a 3b 3c 3d 3e 3f 40 41 42 43 44 45 46 47 48 49 4a 4b 4c 4d 4e 4f 50 51 52 53 54 55 56 57 58 59 5a 5b 5c 5d 5e 5f 60 61 62 63 64 65 66 67 68 69 6a 6b 6c 6d 6e 6f 70 71 72 73 74 75 76 77 78 79 7a 7b 7c 7d 7e 7f 80 81 82 83 84 85 86 87 88 89 8a 8b 8c 8d 8e 8f 90 91 92 93 94 95 96 97 98 99 9a 9b 9c 9d 9e 9f a0 a1 a2 a3 a4 a5 a6 a7 a8 a9 aa ab ac ad ae af b0 b1 b2 b3 b4 b5 b6 b7 b8 b9 ba bb bc bd be bf c0 c1 c2 c3 c4 c5 c6 c7 c8 c9 ca cb cc cd ce cf d0 d1 d2 d3 d4 d5 d6 d7 d8 d9 da db dc dd de df e0 e1 e2 e3 e4 e5 e6 e7 e8 e9 ea eb ec ed ee ef f0 f1 f2 f3 f4 f5 f6 f7 f8 f9 fa fb fc fd fe ff 
 0  1  2 25  4 ef 4a a8  8 68  9 67 94 d2 87 5d 10 76 d0 -- 12 -- ce 86 ff -- 73 -- d9 e1 ba b7 20 -- ec -- 77 72 -- ed 24 7c -- -- 4b -- db -- 29 -- -- 33 e6 -- -- 3d 65 2c 15 af a3 -- b9 -- 40 -- -- --  f -- -- -- ee -- e4 -- -- 7b  d 4f 48 -- f8 -- -- 14 -- 9f 96 78 -- -- 61 -- -- -- 52 -- -- -- -- -- 66 -- 1b -- -- fc -- -- 7a 3f ca -- 58 -- 2a 97 89 6c 91 79 -- 5e a5 -- -- -- 80 -- -- 50 -- -- -- -- 1e -- --  5 -- 6b -- --  b -- -- -- 1f -- -- f7 -- a6 f6 -- 1a df 9e 4e 90 -- -- -- 27 84 -- 53 -- -- 28 -- -- de e9 -- fb 6e f0 37 -- dc -- 21 c2 42 -- -- -- 6f -- -- a4  a -- -- -- -- -- 3c -- -- -- -- cc d6 -- -- 36 a0 -- -- -- -- 2f d7 -- -- -- -- f4 -- 7e -- 43 -- -- 3b b0 9b -- -- 54 9c f9 eb c5 69 d8 34 f5 -- f2 -- -- -- bc 16 9d 39 -- -- -- -- -- 3e 

solutions so far:0 maxDepth:9 
iterations:6372835  skipped: 3 
Depth skipped: 
0 0 3 0 0 0 0 0 0 0 0 0 0 0 0 0 0 0 0 0 0 0 0 0 0 0 0 0 0 0 0 0 

running time: 900 sec
 depth:6
 0  1  2  3  4  5  6  7  8  9  a  b  c  d  e  f 10 11 12 13 14 15 16 17 18 19 1a 1b 1c 1d 1e 1f 20 21 22 23 24 25 26 27 28 29 2a 2b 2c 2d 2e 2f 30 31 32 33 34 35 36 37 38 39 3a 3b 3c 3d 3e 3f 40 41 42 43 44 45 46 47 48 49 4a 4b 4c 4d 4e 4f 50 51 52 53 54 55 56 57 58 59 5a 5b 5c 5d 5e 5f 60 61 62 63 64 65 66 67 68 69 6a 6b 6c 6d 6e 6f 70 71 72 73 74 75 76 77 78 79 7a 7b 7c 7d 7e 7f 80 81 82 83 84 85 86 87 88 89 8a 8b 8c 8d 8e 8f 90 91 92 93 94 95 96 97 98 99 9a 9b 9c 9d 9e 9f a0 a1 a2 a3 a4 a5 a6 a7 a8 a9 aa ab ac ad ae af b0 b1 b2 b3 b4 b5 b6 b7 b8 b9 ba bb bc bd be bf c0 c1 c2 c3 c4 c5 c6 c7 c8 c9 ca cb cc cd ce cf d0 d1 d2 d3 d4 d5 d6 d7 d8 d9 da db dc dd de df e0 e1 e2 e3 e4 e5 e6 e7 e8 e9 ea eb ec ed ee ef f0 f1 f2 f3 f4 f5 f6 f7 f8 f9 fa fb fc fd fe ff 
 0  1  2 25  4 ec 4a da  8 39  f 8a 94 fe 63 -- 10 -- 72 -- 1e -- c3 a1 ff -- 2b -- c6 a9 -- 9c 20 -- -- -- e4 dc -- 24 3c d6 -- -- 51 -- 95 -- 29 -- -- 33 56 -- -- -- 5b f8 85 -- -- -- ef -- 40 -- -- -- -- -- -- -- 1f -- 6f -- -- -- 48 4f 78 -- 7b -- -- 14 -- 9f a2 -- -- -- fd -- -- -- 52 -- -- -- -- -- 66 -- ac -- -- -- -- -- -- -- b6 -- 27 -- dd 97 -- c9 -- 79 -- --  9 -- -- -- 80 -- -- 50 -- -- -- -- -- -- --  5 -- -- -- -- 3e -- -- -- de -- -- 37 -- b4 -- -- 90 d4 9e 3b f0 -- -- -- f6 6a -- 5a -- -- 28 -- -- -- e9 -- 93 -- -- -- -- -- -- f1 2d 35 -- -- -- -- -- -- a4  a -- -- -- -- -- -- -- -- -- -- cc -- -- -- 8f a0 -- -- -- -- -- d7 -- -- -- -- -- -- -- -- bb -- -- -- 4e bf -- -- 6d 76 f9 eb -- 7f 45 f7 -- -- f2 -- -- -- -- 7c 12 6e -- -- -- -- -- 6b 

solutions so far:0 maxDepth:9 
iterations:8342863  skipped: 3 
Depth skipped: 
0 0 3 0 0 0 0 0 0 0 0 0 0 0 0 0 0 0 0 0 0 0 0 0 0 0 0 0 0 0 0 0 

running time: 1200 sec
 depth:5
 0  1  2  3  4  5  6  7  8  9  a  b  c  d  e  f 10 11 12 13 14 15 16 17 18 19 1a 1b 1c 1d 1e 1f 20 21 22 23 24 25 26 27 28 29 2a 2b 2c 2d 2e 2f 30 31 32 33 34 35 36 37 38 39 3a 3b 3c 3d 3e 3f 40 41 42 43 44 45 46 47 48 49 4a 4b 4c 4d 4e 4f 50 51 52 53 54 55 56 57 58 59 5a 5b 5c 5d 5e 5f 60 61 62 63 64 65 66 67 68 69 6a 6b 6c 6d 6e 6f 70 71 72 73 74 75 76 77 78 79 7a 7b 7c 7d 7e 7f 80 81 82 83 84 85 86 87 88 89 8a 8b 8c 8d 8e 8f 90 91 92 93 94 95 96 97 98 99 9a 9b 9c 9d 9e 9f a0 a1 a2 a3 a4 a5 a6 a7 a8 a9 aa ab ac ad ae af b0 b1 b2 b3 b4 b5 b6 b7 b8 b9 ba bb bc bd be bf c0 c1 c2 c3 c4 c5 c6 c7 c8 c9 ca cb cc cd ce cf d0 d1 d2 d3 d4 d5 d6 d7 d8 d9 da db dc dd de df e0 e1 e2 e3 e4 e5 e6 e7 e8 e9 ea eb ec ed ee ef f0 f1 f2 f3 f4 f5 f6 f7 f8 f9 fa fb fc fd fe ff 
 0  1  2 25  4 e7 4a 88  8 53 19 -- 94 -- c7 -- 10 -- a6 -- 32 -- -- b5 ff -- -- -- 59 e3 -- d9 20 -- -- -- 9b 41 -- 86 64 e2 -- -- -- -- bd -- 29 -- -- 33 -- -- -- -- b2 54 11 -- -- -- 65 -- 40 -- -- -- -- -- -- -- e1 -- 82 -- -- -- db 4f c8 -- 13 -- -- 14 -- 9f -- -- -- -- ad -- -- -- 52 -- -- -- -- -- 66 -- -- -- -- -- -- -- -- -- b3 -- a8 -- 22 97 -- -- -- 79 -- -- ca -- -- -- 80 -- -- 50 -- -- -- -- -- -- --  5 -- -- -- -- 15 -- -- -- d3 -- -- 8e -- 4d -- -- 61 -- 9e 4c 47 -- -- -- 26 -- -- cd -- -- 28 -- -- -- e9 -- -- -- -- -- -- -- -- -- 8d -- -- -- -- -- -- -- a4  a -- -- -- -- -- -- -- -- -- -- cc -- -- -- -- a0 -- -- -- -- -- d7 -- -- -- -- -- -- -- -- b1 -- -- -- 87 9a -- -- 44 98 f9 eb -- -- -- c2 -- -- f2 -- -- -- -- 2a 43 cb -- -- -- -- -- 71 

solutions so far:0 maxDepth:9 
iterations:10802443  skipped: 3 
Depth skipped: 
0 0 3 0 0 0 0 0 0 0 0 0 0 0 0 0 0 0 0 0 0 0 0 0 0 0 0 0 0 0 0 0 

running time: 1500 sec
 depth:7
 0  1  2  3  4  5  6  7  8  9  a  b  c  d  e  f 10 11 12 13 14 15 16 17 18 19 1a 1b 1c 1d 1e 1f 20 21 22 23 24 25 26 27 28 29 2a 2b 2c 2d 2e 2f 30 31 32 33 34 35 36 37 38 39 3a 3b 3c 3d 3e 3f 40 41 42 43 44 45 46 47 48 49 4a 4b 4c 4d 4e 4f 50 51 52 53 54 55 56 57 58 59 5a 5b 5c 5d 5e 5f 60 61 62 63 64 65 66 67 68 69 6a 6b 6c 6d 6e 6f 70 71 72 73 74 75 76 77 78 79 7a 7b 7c 7d 7e 7f 80 81 82 83 84 85 86 87 88 89 8a 8b 8c 8d 8e 8f 90 91 92 93 94 95 96 97 98 99 9a 9b 9c 9d 9e 9f a0 a1 a2 a3 a4 a5 a6 a7 a8 a9 aa ab ac ad ae af b0 b1 b2 b3 b4 b5 b6 b7 b8 b9 ba bb bc bd be bf c0 c1 c2 c3 c4 c5 c6 c7 c8 c9 ca cb cc cd ce cf d0 d1 d2 d3 d4 d5 d6 d7 d8 d9 da db dc dd de df e0 e1 e2 e3 e4 e5 e6 e7 e8 e9 ea eb ec ed ee ef f0 f1 f2 f3 f4 f5 f6 f7 f8 f9 fa fb fc fd fe ff 
 0  1  2 25  4 e3 4a  c  8 bb 11 8e 94 98 18 54 10 -- a1 -- 22 -- cb ae ff -- e7 -- 30 75 a8 85 20 -- -- -- 95 b3 -- 63 44 ad -- -- 41 -- 8b -- 29 -- -- 33 19 -- -- ca 60 b4 ea e1 87 -- dd -- 40 -- -- -- -- -- -- -- fd -- b1 -- -- -- c6 4f 88 -- 8d -- -- 14 -- 9f 82 -- -- -- c1 -- -- -- 52 -- -- -- -- -- 66 -- 32 -- -- c2 -- -- 43 db c0 -- bf --  3 97 15 c8 d9 79 -- a6 6d -- -- -- 80 -- -- 50 -- -- -- -- -- -- --  5 -- -- -- -- 2d -- -- -- b5 -- -- 59 -- 83 -- -- 5b 26 9e 4d c7 -- -- -- cd 13 -- aa -- -- 28 -- -- -- e9 -- d3 -- -- -- -- -- -- 71 55 e2 -- -- -- -- -- -- a4  a -- -- -- -- -- -- -- -- -- -- cc -- -- -- 64 a0 -- -- -- -- 53 d7 -- -- -- -- 86 -- 61 -- 57 -- -- -- a9 d1 -- --  6 9a f9 eb 2a 4c 47 b6 65 -- f2 -- -- -- 9b 5a da b2 -- -- -- -- -- bd 

solutions so far:0 maxDepth:9 
iterations:13846863  skipped: 3 
Depth skipped: 
0 0 3 0 0 0 0 0 0 0 0 0 0 0 0 0 0 0 0 0 0 0 0 0 0 0 0 0 0 0 0 0 

running time: 1800 sec
 depth:7
 0  1  2  3  4  5  6  7  8  9  a  b  c  d  e  f 10 11 12 13 14 15 16 17 18 19 1a 1b 1c 1d 1e 1f 20 21 22 23 24 25 26 27 28 29 2a 2b 2c 2d 2e 2f 30 31 32 33 34 35 36 37 38 39 3a 3b 3c 3d 3e 3f 40 41 42 43 44 45 46 47 48 49 4a 4b 4c 4d 4e 4f 50 51 52 53 54 55 56 57 58 59 5a 5b 5c 5d 5e 5f 60 61 62 63 64 65 66 67 68 69 6a 6b 6c 6d 6e 6f 70 71 72 73 74 75 76 77 78 79 7a 7b 7c 7d 7e 7f 80 81 82 83 84 85 86 87 88 89 8a 8b 8c 8d 8e 8f 90 91 92 93 94 95 96 97 98 99 9a 9b 9c 9d 9e 9f a0 a1 a2 a3 a4 a5 a6 a7 a8 a9 aa ab ac ad ae af b0 b1 b2 b3 b4 b5 b6 b7 b8 b9 ba bb bc bd be bf c0 c1 c2 c3 c4 c5 c6 c7 c8 c9 ca cb cc cd ce cf d0 d1 d2 d3 d4 d5 d6 d7 d8 d9 da db dc dd de df e0 e1 e2 e3 e4 e5 e6 e7 e8 e9 ea eb ec ed ee ef f0 f1 f2 f3 f4 f5 f6 f7 f8 f9 fa fb fc fd fe ff 
 0  1  2 25  4 dd 4a 74  8 de 6d 8a 94 fe e8 ca 10 -- 6b -- da -- c3 70 ff -- 2b --  7 99 43 1e 20 -- -- -- d6 a1 -- 37 63 5a -- -- 51 -- e0 -- 29 -- -- 33 56 -- -- c2  e 76 e5 87 86 -- 3c -- 40 -- -- -- -- -- -- -- 7b -- 95 -- -- -- 6e 4f c6 -- b4 -- -- 14 -- 9f a2 -- -- -- 17 -- -- -- 52 -- -- -- -- -- 66 -- ac -- -- 15 -- -- 53 9b 1c -- ec -- 1d 97 d9 c9 db 79 -- 54 78 -- -- -- 80 -- -- 50 -- -- -- -- -- -- --  5 -- -- -- -- f6 -- -- -- fd -- -- b6 -- b8 -- -- dc d4 9e a9 5b -- -- -- bf 6a -- 5c -- -- 28 -- -- -- e9 -- 93 -- -- -- -- -- -- f1 2e 35 -- -- -- -- -- -- a4  a -- -- -- -- -- -- -- -- -- -- cc -- -- -- 8f a0 -- -- -- -- 2a d7 -- -- -- -- a6 -- e1 -- 38 -- -- --  f a7 -- -- 3a 85 f9 eb 65 7f 45 6f 61 -- f2 -- -- -- a8 3b f0 bb -- -- -- -- -- 2d 

solutions so far:0 maxDepth:9 
iterations:17075351  skipped: 4 
Depth skipped: 
0 0 4 0 0 0 0 0 0 0 0 0 0 0 0 0 0 0 0 0 0 0 0 0 0 0 0 0 0 0 0 0 

running time: 2100 sec
 depth:6
 0  1  2  3  4  5  6  7  8  9  a  b  c  d  e  f 10 11 12 13 14 15 16 17 18 19 1a 1b 1c 1d 1e 1f 20 21 22 23 24 25 26 27 28 29 2a 2b 2c 2d 2e 2f 30 31 32 33 34 35 36 37 38 39 3a 3b 3c 3d 3e 3f 40 41 42 43 44 45 46 47 48 49 4a 4b 4c 4d 4e 4f 50 51 52 53 54 55 56 57 58 59 5a 5b 5c 5d 5e 5f 60 61 62 63 64 65 66 67 68 69 6a 6b 6c 6d 6e 6f 70 71 72 73 74 75 76 77 78 79 7a 7b 7c 7d 7e 7f 80 81 82 83 84 85 86 87 88 89 8a 8b 8c 8d 8e 8f 90 91 92 93 94 95 96 97 98 99 9a 9b 9c 9d 9e 9f a0 a1 a2 a3 a4 a5 a6 a7 a8 a9 aa ab ac ad ae af b0 b1 b2 b3 b4 b5 b6 b7 b8 b9 ba bb bc bd be bf c0 c1 c2 c3 c4 c5 c6 c7 c8 c9 ca cb cc cd ce cf d0 d1 d2 d3 d4 d5 d6 d7 d8 d9 da db dc dd de df e0 e1 e2 e3 e4 e5 e6 e7 e8 e9 ea eb ec ed ee ef f0 f1 f2 f3 f4 f5 f6 f7 f8 f9 fa fb fc fd fe ff 
 0  1  2 25  4 d8 4a 32  8 43 67 2f 94 f5 64 -- 10 -- 86 -- ce -- 5e 41 ff -- 3d -- c8 4c -- 15 20 -- -- -- db 84 -- 87 4b 73 -- -- bc -- 82 -- 29 -- -- 33 7a -- -- -- 47 a6 98 -- -- -- 2a -- 40 -- -- -- -- -- -- -- 61 -- df -- -- -- d9 4f 96 -- e6 -- -- 14 -- 9f af -- -- -- d3 -- -- -- 52 -- -- -- -- -- 66 -- f4 -- -- -- -- -- -- -- 8e -- 9b -- e7 97 -- 7e -- 79 -- -- 54 -- -- -- 80 -- -- 50 -- -- -- -- -- -- --  5 -- -- -- -- c2 -- -- -- 69 -- -- 21 -- 13 -- -- 65 a3 9e 36 fb -- -- -- 1b ba -- e2 -- -- 28 -- -- -- e9 -- 89 -- -- -- -- -- -- c5 71 5d -- -- -- -- -- -- a4  a -- -- -- -- -- -- -- -- -- -- cc -- -- -- 3f a0 -- -- -- -- -- d7 -- -- -- -- -- -- -- -- cb -- -- -- e1 26 -- -- 19 6c f9 eb -- 91 fc ca -- -- f2 -- -- -- -- 53 a8 42 -- -- -- -- -- d2 

solutions so far:0 maxDepth:9 
iterations:20090329  skipped: 5 
Depth skipped: 
0 0 5 0 0 0 0 0 0 0 0 0 0 0 0 0 0 0 0 0 0 0 0 0 0 0 0 0 0 0 0 0 

running time: 2400 sec
 depth:7
 0  1  2  3  4  5  6  7  8  9  a  b  c  d  e  f 10 11 12 13 14 15 16 17 18 19 1a 1b 1c 1d 1e 1f 20 21 22 23 24 25 26 27 28 29 2a 2b 2c 2d 2e 2f 30 31 32 33 34 35 36 37 38 39 3a 3b 3c 3d 3e 3f 40 41 42 43 44 45 46 47 48 49 4a 4b 4c 4d 4e 4f 50 51 52 53 54 55 56 57 58 59 5a 5b 5c 5d 5e 5f 60 61 62 63 64 65 66 67 68 69 6a 6b 6c 6d 6e 6f 70 71 72 73 74 75 76 77 78 79 7a 7b 7c 7d 7e 7f 80 81 82 83 84 85 86 87 88 89 8a 8b 8c 8d 8e 8f 90 91 92 93 94 95 96 97 98 99 9a 9b 9c 9d 9e 9f a0 a1 a2 a3 a4 a5 a6 a7 a8 a9 aa ab ac ad ae af b0 b1 b2 b3 b4 b5 b6 b7 b8 b9 ba bb bc bd be bf c0 c1 c2 c3 c4 c5 c6 c7 c8 c9 ca cb cc cd ce cf d0 d1 d2 d3 d4 d5 d6 d7 d8 d9 da db dc dd de df e0 e1 e2 e3 e4 e5 e6 e7 e8 e9 ea eb ec ed ee ef f0 f1 f2 f3 f4 f5 f6 f7 f8 f9 fa fb fc fd fe ff 
 0  1  2 25  4 d0 4a 3d  8 a9 77 be 94 49 7a c9 10 -- 85 -- ee -- ab 2f ff -- 92 -- f4 ba 45 bb 20 -- -- -- dd b7 -- 2d  b ed -- -- 81 -- 5e -- 29 -- -- 33 f3 -- -- a2 3f c6 a3 56 8a -- a1 -- 40 -- -- -- -- -- -- -- 6d -- b9 -- -- -- 5a 4f 16 --  d -- -- 14 -- 9f d5 -- -- -- bc -- -- -- 52 -- -- -- -- -- 66 -- 31 -- -- d4 -- -- 93 35 7e -- 5b -- 91 97 ac c4 c3 79 -- fe 95 -- -- -- 80 -- -- 50 -- -- -- -- -- -- --  5 -- -- -- -- da -- -- -- a5 -- -- 58 -- c5 -- -- b4 8c 9e 34 2c -- -- -- 1a 46 -- 89 -- -- 28 -- -- -- e9 -- 7d -- -- -- -- -- -- fa af 23 -- -- -- -- -- -- a4  a -- -- -- -- -- -- -- -- -- -- cc -- -- -- 62 a0 -- -- -- -- 7f d7 -- -- -- -- f1 -- 6a -- fc -- -- -- b6 5d -- -- f5 68 f9 eb 8f cf 5f bf 51 -- f2 -- -- -- 2b 63 fd b0 -- -- -- -- -- 9d 

solutions so far:0 maxDepth:9 
iterations:22827159  skipped: 6 
Depth skipped: 
0 0 6 0 0 0 0 0 0 0 0 0 0 0 0 0 0 0 0 0 0 0 0 0 0 0 0 0 0 0 0 0 

running time: 2700 sec
 depth:6
 0  1  2  3  4  5  6  7  8  9  a  b  c  d  e  f 10 11 12 13 14 15 16 17 18 19 1a 1b 1c 1d 1e 1f 20 21 22 23 24 25 26 27 28 29 2a 2b 2c 2d 2e 2f 30 31 32 33 34 35 36 37 38 39 3a 3b 3c 3d 3e 3f 40 41 42 43 44 45 46 47 48 49 4a 4b 4c 4d 4e 4f 50 51 52 53 54 55 56 57 58 59 5a 5b 5c 5d 5e 5f 60 61 62 63 64 65 66 67 68 69 6a 6b 6c 6d 6e 6f 70 71 72 73 74 75 76 77 78 79 7a 7b 7c 7d 7e 7f 80 81 82 83 84 85 86 87 88 89 8a 8b 8c 8d 8e 8f 90 91 92 93 94 95 96 97 98 99 9a 9b 9c 9d 9e 9f a0 a1 a2 a3 a4 a5 a6 a7 a8 a9 aa ab ac ad ae af b0 b1 b2 b3 b4 b5 b6 b7 b8 b9 ba bb bc bd be bf c0 c1 c2 c3 c4 c5 c6 c7 c8 c9 ca cb cc cd ce cf d0 d1 d2 d3 d4 d5 d6 d7 d8 d9 da db dc dd de df e0 e1 e2 e3 e4 e5 e6 e7 e8 e9 ea eb ec ed ee ef f0 f1 f2 f3 f4 f5 f6 f7 f8 f9 fa fb fc fd fe ff 
 0  1  2 25  4 c7 4a 70  8 82 59 b4 94 b6 e0 -- 10 -- d3 -- b2 -- bf a7 ff -- bb -- 17  7 -- 19 20 -- -- -- 71 8d -- 47 b3 e3 -- -- a9 -- 99 -- 29 -- -- 33 a1 -- -- -- 2e 4c  e -- -- -- 32 -- 40 -- -- -- -- -- -- -- e2 -- cd -- -- -- 8e 4f b1 -- 11 -- -- 14 -- 9f 85 -- -- -- e5 -- -- -- 52 -- -- -- -- -- 66 -- 95 -- -- -- -- -- -- -- 5c -- 98 -- 1c 97 -- 2d -- 79 -- -- 64 -- -- -- 80 -- -- 50 -- -- -- -- -- -- --  5 -- -- -- -- 13 -- -- -- 4d -- -- bd -- 74 -- -- cb c6 9e 44 b5 -- -- -- 22 63 -- 3a -- -- 28 -- -- -- e9 -- dd -- -- -- -- -- -- 6d 1d da -- -- -- -- -- -- a4  a -- -- -- -- -- -- -- -- -- -- cc -- -- -- fd a0 -- -- -- -- -- d7 -- -- -- -- -- -- -- -- b8 -- -- -- e7 e8 -- -- 38 88 f9 eb -- 5b 5a 41 -- -- f2 -- -- -- -- 26 c8 ad -- -- -- -- -- 9a 

solutions so far:0 maxDepth:9 
iterations:26588691  skipped: 6 
Depth skipped: 
0 0 6 0 0 0 0 0 0 0 0 0 0 0 0 0 0 0 0 0 0 0 0 0 0 0 0 0 0 0 0 0 

running time: 3000 sec
 depth:7
 0  1  2  3  4  5  6  7  8  9  a  b  c  d  e  f 10 11 12 13 14 15 16 17 18 19 1a 1b 1c 1d 1e 1f 20 21 22 23 24 25 26 27 28 29 2a 2b 2c 2d 2e 2f 30 31 32 33 34 35 36 37 38 39 3a 3b 3c 3d 3e 3f 40 41 42 43 44 45 46 47 48 49 4a 4b 4c 4d 4e 4f 50 51 52 53 54 55 56 57 58 59 5a 5b 5c 5d 5e 5f 60 61 62 63 64 65 66 67 68 69 6a 6b 6c 6d 6e 6f 70 71 72 73 74 75 76 77 78 79 7a 7b 7c 7d 7e 7f 80 81 82 83 84 85 86 87 88 89 8a 8b 8c 8d 8e 8f 90 91 92 93 94 95 96 97 98 99 9a 9b 9c 9d 9e 9f a0 a1 a2 a3 a4 a5 a6 a7 a8 a9 aa ab ac ad ae af b0 b1 b2 b3 b4 b5 b6 b7 b8 b9 ba bb bc bd be bf c0 c1 c2 c3 c4 c5 c6 c7 c8 c9 ca cb cc cd ce cf d0 d1 d2 d3 d4 d5 d6 d7 d8 d9 da db dc dd de df e0 e1 e2 e3 e4 e5 e6 e7 e8 e9 ea eb ec ed ee ef f0 f1 f2 f3 f4 f5 f6 f7 f8 f9 fa fb fc fd fe ff 
 0  1  2 25  4 c2 4a d5  8 9a 53 6a 94 8a 7d 1e 10 -- e3 -- a6 -- d4 cf ff -- c3 -- fa 5f 3c b3 20 -- -- -- 11 a8 -- ad 9b ca -- -- 7f -- 49 -- 29 -- -- 33 51 -- -- 6e 23 c7 be 76 78 -- b1 -- 40 -- -- -- -- -- -- -- 22 -- 87 -- -- -- 8d 4f e1 -- 43 -- -- 14 -- 9f fe -- -- -- 92 -- -- -- 52 -- -- -- -- -- 66 -- a2 -- -- d6 -- -- dc de 46 -- 59 -- ab 97 ec f1 f0 79 -- f6 b5 -- -- -- 80 -- -- 50 -- -- -- -- -- -- --  5 -- -- -- -- 44 -- -- -- d9 -- -- 2a -- 62 -- -- cd c9 9e db 15 -- -- -- 86 8f -- 31 -- -- 28 -- -- -- e9 -- 2b -- -- -- -- -- -- 56 f3 ac -- -- -- -- -- -- a4  a -- -- -- -- -- -- -- -- -- -- cc -- -- -- 93 a0 -- -- -- -- 7b d7 -- -- -- -- 6f -- 6b -- 8c -- -- -- b2 c4 -- -- 81 61 f9 eb  f 45 35 4d 37 -- f2 -- -- -- 3b 88 bd 54 -- -- -- -- -- 65 

solutions so far:0 maxDepth:9 
iterations:29073367  skipped: 7 
Depth skipped: 
0 0 7 0 0 0 0 0 0 0 0 0 0 0 0 0 0 0 0 0 0 0 0 0 0 0 0 0 0 0 0 0 

running time: 3300 sec
 depth:7
 0  1  2  3  4  5  6  7  8  9  a  b  c  d  e  f 10 11 12 13 14 15 16 17 18 19 1a 1b 1c 1d 1e 1f 20 21 22 23 24 25 26 27 28 29 2a 2b 2c 2d 2e 2f 30 31 32 33 34 35 36 37 38 39 3a 3b 3c 3d 3e 3f 40 41 42 43 44 45 46 47 48 49 4a 4b 4c 4d 4e 4f 50 51 52 53 54 55 56 57 58 59 5a 5b 5c 5d 5e 5f 60 61 62 63 64 65 66 67 68 69 6a 6b 6c 6d 6e 6f 70 71 72 73 74 75 76 77 78 79 7a 7b 7c 7d 7e 7f 80 81 82 83 84 85 86 87 88 89 8a 8b 8c 8d 8e 8f 90 91 92 93 94 95 96 97 98 99 9a 9b 9c 9d 9e 9f a0 a1 a2 a3 a4 a5 a6 a7 a8 a9 aa ab ac ad ae af b0 b1 b2 b3 b4 b5 b6 b7 b8 b9 ba bb bc bd be bf c0 c1 c2 c3 c4 c5 c6 c7 c8 c9 ca cb cc cd ce cf d0 d1 d2 d3 d4 d5 d6 d7 d8 d9 da db dc dd de df e0 e1 e2 e3 e4 e5 e6 e7 e8 e9 ea eb ec ed ee ef f0 f1 f2 f3 f4 f5 f6 f7 f8 f9 fa fb fc fd fe ff 
 0  1  2 25  4 bc 4a a1  8 f7 af 8f 94 6a 95 98 10 -- 39 -- 89 -- c9 bf ff -- d4 -- fd c6 e7 4e 20 -- -- -- 72 f5 -- 12 c5 3f -- -- 45 -- a9 -- 29 -- -- 33 7f -- -- c8 2d 7c 5b 13 19 -- 9c -- 40 -- -- -- -- -- -- -- e4 -- 3d -- -- -- 24 4f 5d -- 7e -- -- 14 -- 9f 8a -- -- -- 85 -- -- -- 52 -- -- -- -- -- 66 -- fe -- -- 82 -- -- 47 cb 5a -- f8 -- b6 97 26 56 32 79 -- 71 ef -- -- -- 80 -- -- 50 -- -- -- -- -- -- --  5 -- -- -- -- 1f -- -- -- 7a -- -- a3 -- da -- -- 48 f1 9e 2f ba -- -- -- fc 93 -- 6d -- -- 28 -- -- -- e9 -- c3 -- -- -- -- -- -- 51 dd a2 -- -- -- -- -- -- a4  a -- -- -- -- -- -- -- -- -- -- cc -- -- -- 2b a0 -- -- -- -- d3 d7 -- -- -- -- 8e -- 41 -- b4 -- -- -- 27 63 -- -- bb 5e f9 eb 4c 35 ac 90 64 -- f2 -- -- -- e2 3e  9 91 -- -- -- -- -- f4 

solutions so far:0 maxDepth:9 
iterations:31943535  skipped: 8 
Depth skipped: 
0 0 8 0 0 0 0 0 0 0 0 0 0 0 0 0 0 0 0 0 0 0 0 0 0 0 0 0 0 0 0 0 

running time: 3600 sec
 depth:7
 0  1  2  3  4  5  6  7  8  9  a  b  c  d  e  f 10 11 12 13 14 15 16 17 18 19 1a 1b 1c 1d 1e 1f 20 21 22 23 24 25 26 27 28 29 2a 2b 2c 2d 2e 2f 30 31 32 33 34 35 36 37 38 39 3a 3b 3c 3d 3e 3f 40 41 42 43 44 45 46 47 48 49 4a 4b 4c 4d 4e 4f 50 51 52 53 54 55 56 57 58 59 5a 5b 5c 5d 5e 5f 60 61 62 63 64 65 66 67 68 69 6a 6b 6c 6d 6e 6f 70 71 72 73 74 75 76 77 78 79 7a 7b 7c 7d 7e 7f 80 81 82 83 84 85 86 87 88 89 8a 8b 8c 8d 8e 8f 90 91 92 93 94 95 96 97 98 99 9a 9b 9c 9d 9e 9f a0 a1 a2 a3 a4 a5 a6 a7 a8 a9 aa ab ac ad ae af b0 b1 b2 b3 b4 b5 b6 b7 b8 b9 ba bb bc bd be bf c0 c1 c2 c3 c4 c5 c6 c7 c8 c9 ca cb cc cd ce cf d0 d1 d2 d3 d4 d5 d6 d7 d8 d9 da db dc dd de df e0 e1 e2 e3 e4 e5 e6 e7 e8 e9 ea eb ec ed ee ef f0 f1 f2 f3 f4 f5 f6 f7 f8 f9 fa fb fc fd fe ff 
 0  1  2 25  4 b7 4a 65  8 3c b9 d1 94 57 ca 5a 10 -- 78 -- a5 -- 75 c2 ff -- ae -- 43 54 b4 d6 20 -- -- -- f0 68 -- 76 9d  b -- -- ea -- 53 -- 29 -- -- 33 8b -- -- dd 86 6f a8 95 bf -- 7b -- 40 -- -- -- -- -- -- -- 37 -- d0 -- -- -- ec 4f ed -- 16 -- -- 14 -- 9f  3 -- -- -- a6 -- -- -- 52 -- -- -- -- -- 66 -- c1 -- -- 5b -- -- 6d 63 db -- de -- 87 97 fd aa a9 79 -- bb f6 -- -- -- 80 -- -- 50 -- -- -- -- -- -- --  5 -- -- -- -- 6e -- -- -- 77 -- -- 1a -- 15 -- --  f 60 9e 58  d -- -- -- 2c 30 -- e1 -- -- 28 -- -- -- e9 --  6 -- -- -- -- -- --  c 9b 18 -- -- -- -- -- -- a4  a -- -- -- -- -- -- -- -- -- -- cc -- -- -- 55 a0 -- -- -- -- b6 d7 -- -- -- -- da -- c6 -- 61 -- -- -- 6b 2a -- -- d9 b0 f9 eb 2d c0 83 1e 85 -- f2 -- -- -- a1 dc 3b 34 -- -- -- -- -- ee 

solutions so far:0 maxDepth:9 
iterations:34026045  skipped: 9 
Depth skipped: 
0 0 9 0 0 0 0 0 0 0 0 0 0 0 0 0 0 0 0 0 0 0 0 0 0 0 0 0 0 0 0 0 

running time: 3900 sec
 depth:7
 0  1  2  3  4  5  6  7  8  9  a  b  c  d  e  f 10 11 12 13 14 15 16 17 18 19 1a 1b 1c 1d 1e 1f 20 21 22 23 24 25 26 27 28 29 2a 2b 2c 2d 2e 2f 30 31 32 33 34 35 36 37 38 39 3a 3b 3c 3d 3e 3f 40 41 42 43 44 45 46 47 48 49 4a 4b 4c 4d 4e 4f 50 51 52 53 54 55 56 57 58 59 5a 5b 5c 5d 5e 5f 60 61 62 63 64 65 66 67 68 69 6a 6b 6c 6d 6e 6f 70 71 72 73 74 75 76 77 78 79 7a 7b 7c 7d 7e 7f 80 81 82 83 84 85 86 87 88 89 8a 8b 8c 8d 8e 8f 90 91 92 93 94 95 96 97 98 99 9a 9b 9c 9d 9e 9f a0 a1 a2 a3 a4 a5 a6 a7 a8 a9 aa ab ac ad ae af b0 b1 b2 b3 b4 b5 b6 b7 b8 b9 ba bb bc bd be bf c0 c1 c2 c3 c4 c5 c6 c7 c8 c9 ca cb cc cd ce cf d0 d1 d2 d3 d4 d5 d6 d7 d8 d9 da db dc dd de df e0 e1 e2 e3 e4 e5 e6 e7 e8 e9 ea eb ec ed ee ef f0 f1 f2 f3 f4 f5 f6 f7 f8 f9 fa fb fc fd fe ff 
 0  1  2 25  4 b0 4a ce  8 b5 b7 de 94 3c 4b  c 10 -- bd -- b9 -- 6b 84 ff -- 78 -- 96 36 18 22 20 -- -- -- ad 34 -- 59 a5 ee -- -- d6 -- df -- 29 -- -- 33 f0 -- -- 57 fb 9a 6c ea 30 -- 44 -- 40 -- -- -- -- -- -- -- 8d -- 68 -- -- -- b2 4f 9d --  b -- -- 14 -- 9f 7b -- -- -- 69 -- -- -- 52 -- -- -- -- -- 66 -- 37 -- -- aa -- -- ae c1 21 -- e3 -- d8 97  3 dc 60 79 -- d1 88 -- -- -- 80 -- -- 50 -- -- -- -- -- -- --  5 -- -- -- -- cd -- -- -- d0 -- --  d -- e6 -- -- b3  f 9e 2c ed -- -- -- 16 ec -- 73 -- -- 28 -- -- -- e9 -- f6 -- -- -- -- -- -- 3b d2 76 -- -- -- -- -- -- a4  a -- -- -- -- -- -- -- -- -- -- cc -- -- -- 6e a0 -- -- -- -- 83 d7 -- -- -- -- 8b -- 55 -- 42 -- -- -- 11 1b -- -- 67 58 f9 eb  6 1e 6f b1 c0 -- f2 -- -- -- 75 4d c7 1a -- -- -- -- -- 77 

solutions so far:0 maxDepth:9 
iterations:37038673  skipped: 11 
Depth skipped: 
0 0 11 0 0 0 0 0 0 0 0 0 0 0 0 0 0 0 0 0 0 0 0 0 0 0 0 0 0 0 0 0 

running time: 4200 sec
 depth:7
 0  1  2  3  4  5  6  7  8  9  a  b  c  d  e  f 10 11 12 13 14 15 16 17 18 19 1a 1b 1c 1d 1e 1f 20 21 22 23 24 25 26 27 28 29 2a 2b 2c 2d 2e 2f 30 31 32 33 34 35 36 37 38 39 3a 3b 3c 3d 3e 3f 40 41 42 43 44 45 46 47 48 49 4a 4b 4c 4d 4e 4f 50 51 52 53 54 55 56 57 58 59 5a 5b 5c 5d 5e 5f 60 61 62 63 64 65 66 67 68 69 6a 6b 6c 6d 6e 6f 70 71 72 73 74 75 76 77 78 79 7a 7b 7c 7d 7e 7f 80 81 82 83 84 85 86 87 88 89 8a 8b 8c 8d 8e 8f 90 91 92 93 94 95 96 97 98 99 9a 9b 9c 9d 9e 9f a0 a1 a2 a3 a4 a5 a6 a7 a8 a9 aa ab ac ad ae af b0 b1 b2 b3 b4 b5 b6 b7 b8 b9 ba bb bc bd be bf c0 c1 c2 c3 c4 c5 c6 c7 c8 c9 ca cb cc cd ce cf d0 d1 d2 d3 d4 d5 d6 d7 d8 d9 da db dc dd de df e0 e1 e2 e3 e4 e5 e6 e7 e8 e9 ea eb ec ed ee ef f0 f1 f2 f3 f4 f5 f6 f7 f8 f9 fa fb fc fd fe ff 
 0  1  2 25  4 ab 4a 96  8 4d 81 86 94 54 fb 57 10 -- 9a -- d5 -- db 69 ff -- a8 -- 21 d8 ae b2 20 -- -- -- e3 cf -- bd 7d 31 -- -- 61 -- d2 -- 29 -- -- 33 87 -- -- aa 42 88 67 30 8b -- b3 -- 40 -- -- -- -- -- -- -- 11 -- 49 -- -- -- ad 4f fa -- 62 -- -- 14 -- 9f c2 -- -- -- 73 -- -- -- 52 -- -- -- -- -- 66 -- d9 -- --  3 -- -- 83 75 84 -- c7 -- ce 97 60 ca c1 79 --  c b1 -- -- -- 80 -- -- 50 -- -- -- -- -- -- --  5 -- -- -- -- 22 -- -- -- 92 -- -- 46 -- 36 -- -- 8d 15 9e 5f 23 -- -- -- c4 e1 -- 1b -- -- 28 -- -- -- e9 -- 53 -- -- -- -- -- -- a6 e6 9b -- -- -- -- -- -- a4  a -- -- -- -- -- -- -- -- -- -- cc -- -- -- 65 a0 -- -- -- --  6 d7 -- -- -- -- d1 -- ea -- df -- -- -- 59 6c -- -- 4b be f9 eb c0 2a 43 cd 55 -- f2 -- -- -- 18 44 b5 8c -- -- -- -- -- f3 

solutions so far:0 maxDepth:9 
iterations:40535869  skipped: 11 
Depth skipped: 
0 0 11 0 0 0 0 0 0 0 0 0 0 0 0 0 0 0 0 0 0 0 0 0 0 0 0 0 0 0 0 0 

running time: 4500 sec
 depth:7
 0  1  2  3  4  5  6  7  8  9  a  b  c  d  e  f 10 11 12 13 14 15 16 17 18 19 1a 1b 1c 1d 1e 1f 20 21 22 23 24 25 26 27 28 29 2a 2b 2c 2d 2e 2f 30 31 32 33 34 35 36 37 38 39 3a 3b 3c 3d 3e 3f 40 41 42 43 44 45 46 47 48 49 4a 4b 4c 4d 4e 4f 50 51 52 53 54 55 56 57 58 59 5a 5b 5c 5d 5e 5f 60 61 62 63 64 65 66 67 68 69 6a 6b 6c 6d 6e 6f 70 71 72 73 74 75 76 77 78 79 7a 7b 7c 7d 7e 7f 80 81 82 83 84 85 86 87 88 89 8a 8b 8c 8d 8e 8f 90 91 92 93 94 95 96 97 98 99 9a 9b 9c 9d 9e 9f a0 a1 a2 a3 a4 a5 a6 a7 a8 a9 aa ab ac ad ae af b0 b1 b2 b3 b4 b5 b6 b7 b8 b9 ba bb bc bd be bf c0 c1 c2 c3 c4 c5 c6 c7 c8 c9 ca cb cc cd ce cf d0 d1 d2 d3 d4 d5 d6 d7 d8 d9 da db dc dd de df e0 e1 e2 e3 e4 e5 e6 e7 e8 e9 ea eb ec ed ee ef f0 f1 f2 f3 f4 f5 f6 f7 f8 f9 fa fb fc fd fe ff 
 0  1  2 25  4 a5 4a 4e  8 c8 9d bf 94 bb 9c 1c 10 -- 47 -- ed -- a9 48 ff -- a1 -- ef 3e 38 13 20 -- -- -- 8e 77 -- e7  d 2c -- -- 85 -- 90 -- 29 -- -- 33 95 -- -- 2e  9 d3 7c e8 70 -- 26 -- 40 -- -- -- -- -- -- -- cb -- ee -- -- -- 19 4f 1a -- 58 -- -- 14 -- 9f dd -- -- -- f7 -- -- -- 52 -- -- -- -- -- 66 -- fd -- -- e5 -- -- 5c a7 12 -- 71 -- f8 97  7 5a e0 79 -- 3a 4c -- -- -- 80 -- -- 50 -- -- -- -- -- -- --  5 -- -- -- -- 41 -- -- --  b -- -- 68 -- e4 -- -- 32 5b 9e b7 34 -- -- -- b0 c6 -- 72 -- -- 28 -- -- -- e9 -- 6d -- -- -- -- -- -- da 39 63 -- -- -- -- -- -- a4  a -- -- -- -- -- -- -- -- -- -- cc -- -- -- 2d a0 -- -- -- -- 1d d7 -- -- -- -- b8 -- 99 -- 24 -- -- -- e2 1f -- -- 27 b9 f9 eb  e b6 b4 64 17 -- f2 -- -- -- 74 82 98 d0 -- -- -- -- -- 16 

solutions so far:0 maxDepth:9 
iterations:43606031  skipped: 11 
Depth skipped: 
0 0 11 0 0 0 0 0 0 0 0 0 0 0 0 0 0 0 0 0 0 0 0 0 0 0 0 0 0 0 0 0 

running time: 4800 sec
 depth:6
 0  1  2  3  4  5  6  7  8  9  a  b  c  d  e  f 10 11 12 13 14 15 16 17 18 19 1a 1b 1c 1d 1e 1f 20 21 22 23 24 25 26 27 28 29 2a 2b 2c 2d 2e 2f 30 31 32 33 34 35 36 37 38 39 3a 3b 3c 3d 3e 3f 40 41 42 43 44 45 46 47 48 49 4a 4b 4c 4d 4e 4f 50 51 52 53 54 55 56 57 58 59 5a 5b 5c 5d 5e 5f 60 61 62 63 64 65 66 67 68 69 6a 6b 6c 6d 6e 6f 70 71 72 73 74 75 76 77 78 79 7a 7b 7c 7d 7e 7f 80 81 82 83 84 85 86 87 88 89 8a 8b 8c 8d 8e 8f 90 91 92 93 94 95 96 97 98 99 9a 9b 9c 9d 9e 9f a0 a1 a2 a3 a4 a5 a6 a7 a8 a9 aa ab ac ad ae af b0 b1 b2 b3 b4 b5 b6 b7 b8 b9 ba bb bc bd be bf c0 c1 c2 c3 c4 c5 c6 c7 c8 c9 ca cb cc cd ce cf d0 d1 d2 d3 d4 d5 d6 d7 d8 d9 da db dc dd de df e0 e1 e2 e3 e4 e5 e6 e7 e8 e9 ea eb ec ed ee ef f0 f1 f2 f3 f4 f5 f6 f7 f8 f9 fa fb fc fd fe ff 
 0  1  2 25  4 96 4a ae  8 ba fb  d 94 58 8b -- 10 -- a3 -- 21 -- 1a d1 ff -- b0 -- c1 30 -- fc 20 -- -- -- 91 73 -- af 42 6c -- -- 34 -- 75 -- 29 -- -- 33 b7 -- -- -- 55 f4 60 -- -- -- 2f -- 40 -- -- -- -- -- -- -- f5 -- e6 -- -- -- 89 4f 84 -- d8 -- -- 14 -- 9f 68 -- -- -- ea -- -- -- 52 -- -- -- -- -- 66 -- b9 -- -- -- -- -- -- -- aa -- 3f -- c0 97 -- 9d -- 79 -- -- 5e -- -- -- 80 -- -- 50 -- -- -- -- -- -- --  5 -- -- -- -- 3d -- -- -- 1b -- -- 69 --  c -- -- c5 16 9e ce df -- -- -- 67  b --  6 -- -- 28 -- -- -- e9 -- d0 -- -- -- -- -- -- 77  3 ee -- -- -- -- -- -- a4  a -- -- -- -- -- -- -- -- -- -- cc -- -- -- a5 a0 -- -- -- -- -- d7 -- -- -- -- -- -- -- -- 83 -- -- -- 7e 18 -- -- 57 4b f9 eb -- 2c ed 5d -- -- f2 -- -- -- -- 7a bc d2 -- -- -- -- -- 36 

solutions so far:0 maxDepth:9 
iterations:47350408  skipped: 13 
Depth skipped: 
0 0 13 0 0 0 0 0 0 0 0 0 0 0 0 0 0 0 0 0 0 0 0 0 0 0 0 0 0 0 0 0 

running time: 5100 sec
 depth:7
 0  1  2  3  4  5  6  7  8  9  a  b  c  d  e  f 10 11 12 13 14 15 16 17 18 19 1a 1b 1c 1d 1e 1f 20 21 22 23 24 25 26 27 28 29 2a 2b 2c 2d 2e 2f 30 31 32 33 34 35 36 37 38 39 3a 3b 3c 3d 3e 3f 40 41 42 43 44 45 46 47 48 49 4a 4b 4c 4d 4e 4f 50 51 52 53 54 55 56 57 58 59 5a 5b 5c 5d 5e 5f 60 61 62 63 64 65 66 67 68 69 6a 6b 6c 6d 6e 6f 70 71 72 73 74 75 76 77 78 79 7a 7b 7c 7d 7e 7f 80 81 82 83 84 85 86 87 88 89 8a 8b 8c 8d 8e 8f 90 91 92 93 94 95 96 97 98 99 9a 9b 9c 9d 9e 9f a0 a1 a2 a3 a4 a5 a6 a7 a8 a9 aa ab ac ad ae af b0 b1 b2 b3 b4 b5 b6 b7 b8 b9 ba bb bc bd be bf c0 c1 c2 c3 c4 c5 c6 c7 c8 c9 ca cb cc cd ce cf d0 d1 d2 d3 d4 d5 d6 d7 d8 d9 da db dc dd de df e0 e1 e2 e3 e4 e5 e6 e7 e8 e9 ea eb ec ed ee ef f0 f1 f2 f3 f4 f5 f6 f7 f8 f9 fa fb fc fd fe ff 
 0  1  2 25  4 8e 4a 78  8 3f cb e5 94 e0 f0 5f 10 -- 7e -- 41 -- 1d de ff -- 17 -- 37 ec be 5d 20 -- -- -- fc 26 -- f5 82 19 -- -- 3a -- 6b -- 29 -- -- 33 2e -- -- 7d 6e af  f 31 ab -- ba -- 40 -- -- -- -- -- -- -- 2f -- 4c -- -- -- 3d 4f d3 -- 32 -- -- 14 -- 9f 74 -- -- -- d6 -- -- -- 52 -- -- -- -- -- 66 -- 5c -- -- cf -- -- fa 46 dc -- 89 -- 1e 97 62 a7 81 79 -- 92 a3 -- -- -- 80 -- -- 50 -- -- -- -- -- -- --  5 -- -- -- -- 5e -- -- -- 98 -- -- e2 -- 3b -- -- 7a 38 9e c8 71 -- -- -- 64 1c -- f6 -- -- 28 -- -- -- e9 -- e8 -- -- -- -- -- --  7 7b  e -- -- -- -- -- -- a4  a -- -- -- -- -- -- -- -- -- -- cc -- -- -- b8 a0 -- -- -- -- 49 d7 -- -- -- -- 23 -- 8c -- 6f -- -- -- c5 76 -- -- 3c 47 f9 eb c4 70 99 f4 d5 -- f2 -- -- -- f3 bc 91 13 -- -- -- -- -- e7 

solutions so far:0 maxDepth:10 
iterations:50847826  skipped: 14 
Depth skipped: 
0 0 14 0 0 0 0 0 0 0 0 0 0 0 0 0 0 0 0 0 0 0 0 0 0 0 0 0 0 0 0 0 

running time: 5400 sec
 depth:8
 0  1  2  3  4  5  6  7  8  9  a  b  c  d  e  f 10 11 12 13 14 15 16 17 18 19 1a 1b 1c 1d 1e 1f 20 21 22 23 24 25 26 27 28 29 2a 2b 2c 2d 2e 2f 30 31 32 33 34 35 36 37 38 39 3a 3b 3c 3d 3e 3f 40 41 42 43 44 45 46 47 48 49 4a 4b 4c 4d 4e 4f 50 51 52 53 54 55 56 57 58 59 5a 5b 5c 5d 5e 5f 60 61 62 63 64 65 66 67 68 69 6a 6b 6c 6d 6e 6f 70 71 72 73 74 75 76 77 78 79 7a 7b 7c 7d 7e 7f 80 81 82 83 84 85 86 87 88 89 8a 8b 8c 8d 8e 8f 90 91 92 93 94 95 96 97 98 99 9a 9b 9c 9d 9e 9f a0 a1 a2 a3 a4 a5 a6 a7 a8 a9 aa ab ac ad ae af b0 b1 b2 b3 b4 b5 b6 b7 b8 b9 ba bb bc bd be bf c0 c1 c2 c3 c4 c5 c6 c7 c8 c9 ca cb cc cd ce cf d0 d1 d2 d3 d4 d5 d6 d7 d8 d9 da db dc dd de df e0 e1 e2 e3 e4 e5 e6 e7 e8 e9 ea eb ec ed ee ef f0 f1 f2 f3 f4 f5 f6 f7 f8 f9 fa fb fc fd fe ff 
 0  1  2 25  4 88 4a 30  8 d0 c7 db 94 a8 60 1e 10  9 77 -- 59 -- 61 c1 ff -- 87 -- c0  3 3c b9 20 -- 12 -- ee ad --  d b2 9a -- -- c2 -- 55 -- 29 -- -- 33 d9 -- -- 6e 57 58  6 76 78 -- a5 -- 40 -- -- -- 24 -- -- --  b -- 8d -- -- 4e 1a 4f b3 -- e3 -- -- 14 -- 9f 53 f7 -- -- aa -- -- -- 52 -- -- -- -- -- 66 -- 65 -- -- d6 -- -- dc de ae -- b0 --  c 97 ec 43 f0 79 -- f6 9d -- -- -- 80 -- -- 50 -- -- -- -- 48 -- --  5 -- f8 -- -- 16 -- -- -- cd -- -- b5 -- 75 9c -- 34 2a 9e 22 b1 -- -- -- 11 15 -- d1 -- -- 28 -- -- 7c e9 -- a6 e4 39 72 -- 1f -- 9b 83 e1 -- -- -- 3e -- -- a4  a -- -- -- -- -- 90 -- -- -- -- cc 27 -- -- ca a0 -- -- -- -- 7b d7 -- -- -- -- 6f -- 6b -- 8b -- -- ef b7 ea -- -- 18 44 f9 eb  f 54 86 68 37 -- f2 -- -- -- 3b 2c ed bd -- -- -- -- -- 4d 

solutions so far:0 maxDepth:10 
iterations:54476430  skipped: 14 
Depth skipped: 
0 0 14 0 0 0 0 0 0 0 0 0 0 0 0 0 0 0 0 0 0 0 0 0 0 0 0 0 0 0 0 0 

running time: 5700 sec
 depth:6
 0  1  2  3  4  5  6  7  8  9  a  b  c  d  e  f 10 11 12 13 14 15 16 17 18 19 1a 1b 1c 1d 1e 1f 20 21 22 23 24 25 26 27 28 29 2a 2b 2c 2d 2e 2f 30 31 32 33 34 35 36 37 38 39 3a 3b 3c 3d 3e 3f 40 41 42 43 44 45 46 47 48 49 4a 4b 4c 4d 4e 4f 50 51 52 53 54 55 56 57 58 59 5a 5b 5c 5d 5e 5f 60 61 62 63 64 65 66 67 68 69 6a 6b 6c 6d 6e 6f 70 71 72 73 74 75 76 77 78 79 7a 7b 7c 7d 7e 7f 80 81 82 83 84 85 86 87 88 89 8a 8b 8c 8d 8e 8f 90 91 92 93 94 95 96 97 98 99 9a 9b 9c 9d 9e 9f a0 a1 a2 a3 a4 a5 a6 a7 a8 a9 aa ab ac ad ae af b0 b1 b2 b3 b4 b5 b6 b7 b8 b9 ba bb bc bd be bf c0 c1 c2 c3 c4 c5 c6 c7 c8 c9 ca cb cc cd ce cf d0 d1 d2 d3 d4 d5 d6 d7 d8 d9 da db dc dd de df e0 e1 e2 e3 e4 e5 e6 e7 e8 e9 ea eb ec ed ee ef f0 f1 f2 f3 f4 f5 f6 f7 f8 f9 fa fb fc fd fe ff 
 0  1  2 25  4 82 4a 51  8 34 d3 b6 94 85 a2 -- 10 -- 68 -- 71 -- bb d4 ff -- dd -- 93 c9 -- b0 20 -- -- -- d0 e7 -- 9d e2 c8 -- -- a1 -- 7f -- 29 -- -- 33 6d -- -- -- f1 16 45 -- -- -- b7 -- 40 -- -- -- -- -- -- -- 77 -- 19 -- -- -- ed 4f 13 -- 47 -- -- 14 -- 9f 95 -- -- -- fe -- -- -- 52 -- -- -- -- -- 66 -- da -- -- -- -- -- -- -- 35 -- 2c -- 8a 97 -- c6 -- 79 -- -- b9 -- -- -- 80 -- -- 50 -- -- -- -- -- -- --  5 -- -- -- -- ee -- -- -- 32 -- -- 4c -- ac -- --  d bf 9e cb 26 -- -- -- 8e b4 -- 56 -- -- 28 -- -- -- e9 -- fd -- -- -- -- -- -- 2d 2b 5a -- -- -- -- -- -- a4  a -- -- -- -- -- -- -- -- -- -- cc -- -- -- 63 a0 -- -- -- -- -- d7 -- -- -- -- -- -- -- -- 6a -- -- -- 58 8f -- -- c3 41 f9 eb -- a9 5b 1a -- -- f2 -- -- -- --  b a5 98 -- -- -- -- -- 64 

solutions so far:0 maxDepth:10 
iterations:58453207  skipped: 14 
Depth skipped: 
0 0 14 0 0 0 0 0 0 0 0 0 0 0 0 0 0 0 0 0 0 0 0 0 0 0 0 0 0 0 0 0 

running time: 6000 sec
 depth:7
 0  1  2  3  4  5  6  7  8  9  a  b  c  d  e  f 10 11 12 13 14 15 16 17 18 19 1a 1b 1c 1d 1e 1f 20 21 22 23 24 25 26 27 28 29 2a 2b 2c 2d 2e 2f 30 31 32 33 34 35 36 37 38 39 3a 3b 3c 3d 3e 3f 40 41 42 43 44 45 46 47 48 49 4a 4b 4c 4d 4e 4f 50 51 52 53 54 55 56 57 58 59 5a 5b 5c 5d 5e 5f 60 61 62 63 64 65 66 67 68 69 6a 6b 6c 6d 6e 6f 70 71 72 73 74 75 76 77 78 79 7a 7b 7c 7d 7e 7f 80 81 82 83 84 85 86 87 88 89 8a 8b 8c 8d 8e 8f 90 91 92 93 94 95 96 97 98 99 9a 9b 9c 9d 9e 9f a0 a1 a2 a3 a4 a5 a6 a7 a8 a9 aa ab ac ad ae af b0 b1 b2 b3 b4 b5 b6 b7 b8 b9 ba bb bc bd be bf c0 c1 c2 c3 c4 c5 c6 c7 c8 c9 ca cb cc cd ce cf d0 d1 d2 d3 d4 d5 d6 d7 d8 d9 da db dc dd de df e0 e1 e2 e3 e4 e5 e6 e7 e8 e9 ea eb ec ed ee ef f0 f1 f2 f3 f4 f5 f6 f7 f8 f9 fa fb fc fd fe ff 
 0  1  2 25  4 7c 4a 2d  8 b3 f8 d5 94 31 5a 16 10 -- b1 -- 27 -- 7d dd ff -- 62 -- b4 bb 2c e3 20 -- -- -- b5 24 -- 88 4e 39 -- -- fa -- 6d -- 29 -- -- 33 c4 -- -- b9 bf cd a1 77 58 -- 11 -- 40 -- -- -- -- -- -- -- bd -- 48 -- -- -- c7 4f 9c -- 72 -- -- 14 -- 9f 23 -- -- -- da -- -- -- 52 -- -- -- -- -- 66 -- 5f -- -- 1a -- -- a5 ed a9 -- 4d -- 95 97 ee ab b0 79 -- 68 22 -- -- -- 80 -- -- 50 -- -- -- -- -- -- --  5 -- -- -- -- ad -- -- -- 90 -- --  9 -- 5b -- -- 59 92 9e 1f ef -- -- -- e4 49 -- c6 -- -- 28 -- -- -- e9 -- 46 -- -- -- -- -- -- 8c 63 cf -- -- -- -- -- -- a4  a -- -- -- -- -- -- -- -- -- -- cc -- -- -- be a0 -- -- -- -- 34 d7 -- -- -- -- 9d --  d -- 85 -- -- -- 9a b6 -- -- fd 3e f9 eb  b f3 81 b2 b7 -- f2 -- -- -- d0 8d 44 12 -- -- -- -- -- f7 

solutions so far:0 maxDepth:10 
iterations:62009307  skipped: 14 
Depth skipped: 
0 0 14 0 0 0 0 0 0 0 0 0 0 0 0 0 0 0 0 0 0 0 0 0 0 0 0 0 0 0 0 0 

running time: 6300 sec
 depth:6
 0  1  2  3  4  5  6  7  8  9  a  b  c  d  e  f 10 11 12 13 14 15 16 17 18 19 1a 1b 1c 1d 1e 1f 20 21 22 23 24 25 26 27 28 29 2a 2b 2c 2d 2e 2f 30 31 32 33 34 35 36 37 38 39 3a 3b 3c 3d 3e 3f 40 41 42 43 44 45 46 47 48 49 4a 4b 4c 4d 4e 4f 50 51 52 53 54 55 56 57 58 59 5a 5b 5c 5d 5e 5f 60 61 62 63 64 65 66 67 68 69 6a 6b 6c 6d 6e 6f 70 71 72 73 74 75 76 77 78 79 7a 7b 7c 7d 7e 7f 80 81 82 83 84 85 86 87 88 89 8a 8b 8c 8d 8e 8f 90 91 92 93 94 95 96 97 98 99 9a 9b 9c 9d 9e 9f a0 a1 a2 a3 a4 a5 a6 a7 a8 a9 aa ab ac ad ae af b0 b1 b2 b3 b4 b5 b6 b7 b8 b9 ba bb bc bd be bf c0 c1 c2 c3 c4 c5 c6 c7 c8 c9 ca cb cc cd ce cf d0 d1 d2 d3 d4 d5 d6 d7 d8 d9 da db dc dd de df e0 e1 e2 e3 e4 e5 e6 e7 e8 e9 ea eb ec ed ee ef f0 f1 f2 f3 f4 f5 f6 f7 f8 f9 fa fb fc fd fe ff 
 0  1  2 25  4 74 4a 71  8 53 e8 59 94 9a e2 -- 10 -- a6 --  7 -- b2 e7 ff -- e3 -- 13 cb -- d9 20 -- -- -- 9b 17 -- 86  e a7 -- -- b3 -- 19 -- 29 -- -- 33 11 -- -- -- 26 54 41 -- -- -- 65 -- 40 -- -- -- -- -- -- -- e1 -- 2e -- -- -- db 4f 1c -- 99 -- -- 14 -- 9f b1 -- -- -- 32 -- -- -- 52 -- -- -- -- -- 66 -- 22 -- -- -- -- -- -- -- 4c -- a8 -- 82 97 -- 88 -- 79 -- -- ca -- -- -- 80 -- -- 50 -- -- -- -- -- -- --  5 -- -- -- -- 15 -- -- -- 5c -- -- 70 -- 47 -- -- 61 cd 9e 1d 38 -- -- -- e5 8d -- c8 -- -- 28 -- -- -- e9 -- b5 -- -- -- -- -- -- bd 64 ad -- -- -- -- -- -- a4  a -- -- -- -- -- -- -- -- -- -- cc -- -- -- 44 a0 -- -- -- -- -- d7 -- -- -- -- -- -- -- -- 98 -- -- -- 87 8e -- -- d3 3a f9 eb -- 4d c7 c2 -- -- f2 -- -- -- -- 2a 43 e0 -- -- -- -- -- b8 

solutions so far:0 maxDepth:10 
iterations:65355369  skipped: 15 
Depth skipped: 
0 0 15 0 0 0 0 0 0 0 0 0 0 0 0 0 0 0 0 0 0 0 0 0 0 0 0 0 0 0 0 0 

running time: 6600 sec
 depth:6
 0  1  2  3  4  5  6  7  8  9  a  b  c  d  e  f 10 11 12 13 14 15 16 17 18 19 1a 1b 1c 1d 1e 1f 20 21 22 23 24 25 26 27 28 29 2a 2b 2c 2d 2e 2f 30 31 32 33 34 35 36 37 38 39 3a 3b 3c 3d 3e 3f 40 41 42 43 44 45 46 47 48 49 4a 4b 4c 4d 4e 4f 50 51 52 53 54 55 56 57 58 59 5a 5b 5c 5d 5e 5f 60 61 62 63 64 65 66 67 68 69 6a 6b 6c 6d 6e 6f 70 71 72 73 74 75 76 77 78 79 7a 7b 7c 7d 7e 7f 80 81 82 83 84 85 86 87 88 89 8a 8b 8c 8d 8e 8f 90 91 92 93 94 95 96 97 98 99 9a 9b 9c 9d 9e 9f a0 a1 a2 a3 a4 a5 a6 a7 a8 a9 aa ab ac ad ae af b0 b1 b2 b3 b4 b5 b6 b7 b8 b9 ba bb bc bd be bf c0 c1 c2 c3 c4 c5 c6 c7 c8 c9 ca cb cc cd ce cf d0 d1 d2 d3 d4 d5 d6 d7 d8 d9 da db dc dd de df e0 e1 e2 e3 e4 e5 e6 e7 e8 e9 ea eb ec ed ee ef f0 f1 f2 f3 f4 f5 f6 f7 f8 f9 fa fb fc fd fe ff 
 0  1  2 25  4 6e 4a 99  8 2d dc a8 94 53 e5 -- 10 -- 5a -- 6f -- 87  7 ff -- a6 -- 1d 2e -- 63 20 -- -- -- b4 3b -- bb de 1e -- -- d9 --  e -- 29 -- -- 33 9b -- -- -- 3a dd 5c -- -- -- c6 -- 40 -- -- -- -- -- -- -- bf -- 76 -- -- -- a1 4f 6b -- 3c -- -- 14 -- 9f 65 -- -- -- 1c -- -- -- 52 -- -- -- -- -- 66 -- e1 -- -- -- -- -- -- -- 74 -- 6d -- b8 97 -- 2a -- 79 -- -- 5b -- -- -- 80 -- -- 50 -- -- -- -- -- -- --  5 -- -- -- -- a9 -- -- -- ec -- -- 7b -- e0 -- -- 95 61 9e f0 d6 -- -- -- 78 db -- 70 -- -- 28 -- -- -- e9 -- ca -- -- -- -- -- -- 43 38 86 -- -- -- -- -- -- a4  a -- -- -- -- -- -- -- -- -- -- cc -- -- -- 15 a0 -- -- -- -- -- d7 -- -- -- -- -- -- -- -- e8 -- -- -- da 17 -- -- a7 37 f9 eb -- c2 54 fd -- -- f2 -- -- -- -- 85 b6 f6 -- -- -- -- --  f 

solutions so far:0 maxDepth:10 
iterations:68680946  skipped: 15 
Depth skipped: 
0 0 15 0 0 0 0 0 0 0 0 0 0 0 0 0 0 0 0 0 0 0 0 0 0 0 0 0 0 0 0 0 

running time: 6900 sec
 depth:6
 0  1  2  3  4  5  6  7  8  9  a  b  c  d  e  f 10 11 12 13 14 15 16 17 18 19 1a 1b 1c 1d 1e 1f 20 21 22 23 24 25 26 27 28 29 2a 2b 2c 2d 2e 2f 30 31 32 33 34 35 36 37 38 39 3a 3b 3c 3d 3e 3f 40 41 42 43 44 45 46 47 48 49 4a 4b 4c 4d 4e 4f 50 51 52 53 54 55 56 57 58 59 5a 5b 5c 5d 5e 5f 60 61 62 63 64 65 66 67 68 69 6a 6b 6c 6d 6e 6f 70 71 72 73 74 75 76 77 78 79 7a 7b 7c 7d 7e 7f 80 81 82 83 84 85 86 87 88 89 8a 8b 8c 8d 8e 8f 90 91 92 93 94 95 96 97 98 99 9a 9b 9c 9d 9e 9f a0 a1 a2 a3 a4 a5 a6 a7 a8 a9 aa ab ac ad ae af b0 b1 b2 b3 b4 b5 b6 b7 b8 b9 ba bb bc bd be bf c0 c1 c2 c3 c4 c5 c6 c7 c8 c9 ca cb cc cd ce cf d0 d1 d2 d3 d4 d5 d6 d7 d8 d9 da db dc dd de df e0 e1 e2 e3 e4 e5 e6 e7 e8 e9 ea eb ec ed ee ef f0 f1 f2 f3 f4 f5 f6 f7 f8 f9 fa fb fc fd fe ff 
 0  1  2 25  4 64 4a 5c  8 61 c8 a2 94 ac b8 -- 10 -- c2 -- 47 -- 93 3a ff -- 8f -- a7 70 -- a8 20 -- -- -- 53 71 -- ca 8e 4c -- -- f1 -- 74 -- 29 -- -- 33 c9 -- -- -- 99 15 e0 -- -- -- 87 -- 40 -- -- -- -- -- -- -- a6 -- e2 -- -- -- 43 4f cb -- 98 -- -- 14 -- 9f 35 -- -- -- e8 -- -- -- 52 -- -- -- -- -- 66 -- 45 -- -- -- -- -- -- -- e5 -- 2a -- 17 97 -- c3 -- 79 -- -- d9 -- -- -- 80 -- -- 50 -- -- -- -- -- -- --  5 -- -- -- -- 9b -- -- -- 13 -- -- 82 -- 1c -- -- 86 2b 9e 19 41 -- -- -- e7 fe --  e -- -- 28 -- -- -- e9 -- 6a -- -- -- -- -- -- d4  7 7f -- -- -- -- -- -- a4  a -- -- -- -- -- -- -- -- -- -- cc -- -- -- 8a a0 -- -- -- -- -- d7 -- -- -- -- -- -- -- -- 1d -- -- -- 54 38 -- -- 2e 32 f9 eb -- 56 51 db -- -- f2 -- -- -- -- e1 65 d3 -- -- -- -- -- 26 

solutions so far:0 maxDepth:10 
iterations:72882500  skipped: 17 
Depth skipped: 
0 0 17 0 0 0 0 0 0 0 0 0 0 0 0 0 0 0 0 0 0 0 0 0 0 0 0 0 0 0 0 0 

running time: 7200 sec
 depth:6
 0  1  2  3  4  5  6  7  8  9  a  b  c  d  e  f 10 11 12 13 14 15 16 17 18 19 1a 1b 1c 1d 1e 1f 20 21 22 23 24 25 26 27 28 29 2a 2b 2c 2d 2e 2f 30 31 32 33 34 35 36 37 38 39 3a 3b 3c 3d 3e 3f 40 41 42 43 44 45 46 47 48 49 4a 4b 4c 4d 4e 4f 50 51 52 53 54 55 56 57 58 59 5a 5b 5c 5d 5e 5f 60 61 62 63 64 65 66 67 68 69 6a 6b 6c 6d 6e 6f 70 71 72 73 74 75 76 77 78 79 7a 7b 7c 7d 7e 7f 80 81 82 83 84 85 86 87 88 89 8a 8b 8c 8d 8e 8f 90 91 92 93 94 95 96 97 98 99 9a 9b 9c 9d 9e 9f a0 a1 a2 a3 a4 a5 a6 a7 a8 a9 aa ab ac ad ae af b0 b1 b2 b3 b4 b5 b6 b7 b8 b9 ba bb bc bd be bf c0 c1 c2 c3 c4 c5 c6 c7 c8 c9 ca cb cc cd ce cf d0 d1 d2 d3 d4 d5 d6 d7 d8 d9 da db dc dd de df e0 e1 e2 e3 e4 e5 e6 e7 e8 e9 ea eb ec ed ee ef f0 f1 f2 f3 f4 f5 f6 f7 f8 f9 fa fb fc fd fe ff 
 0  1  2 25  4 5c 4a 34  8 1f b8 3f 94 ba 68 -- 10 -- 3e -- a7 -- 7e 16 ff -- a3 -- d0 9d -- 12 20 -- -- -- 7c e8 -- f7 99 38 -- -- fc -- 2c -- 29 -- -- 33 91 -- -- -- 77 9c ed -- -- -- 24 -- 40 -- -- -- -- -- -- -- f8 --  7 -- -- -- 39 4f e5 -- 70 -- -- 14 -- 9f 2f -- -- -- 58 -- -- -- 52 -- -- -- -- -- 66 -- f5 -- -- -- -- -- -- -- ee -- ef --  d 97 -- 7a -- 79 -- -- 48 -- -- -- 80 -- -- 50 -- -- -- -- -- -- --  5 -- -- -- -- 27 -- -- --  e -- -- 3a -- b9 -- -- 72 c5 9e 17 1d -- -- -- e0 89 -- b7 -- -- 28 -- -- -- e9 -- 5e -- -- -- -- -- -- bc b0 af -- -- -- -- -- -- a4  a -- -- -- -- -- -- -- -- -- -- cc -- -- -- 3d a0 -- -- -- -- -- d7 -- -- -- -- -- -- -- --  b -- -- --  9 a5 -- -- 1a 2e f9 eb -- 5d f4 e4 -- -- f2 -- -- -- -- 4e 90 74 -- -- -- -- -- 1c 

solutions so far:0 maxDepth:10 
iterations:77683217  skipped: 18 
Depth skipped: 
0 0 18 0 0 0 0 0 0 0 0 0 0 0 0 0 0 0 0 0 0 0 0 0 0 0 0 0 0 0 0 0 

running time: 7500 sec
 depth:6
 0  1  2  3  4  5  6  7  8  9  a  b  c  d  e  f 10 11 12 13 14 15 16 17 18 19 1a 1b 1c 1d 1e 1f 20 21 22 23 24 25 26 27 28 29 2a 2b 2c 2d 2e 2f 30 31 32 33 34 35 36 37 38 39 3a 3b 3c 3d 3e 3f 40 41 42 43 44 45 46 47 48 49 4a 4b 4c 4d 4e 4f 50 51 52 53 54 55 56 57 58 59 5a 5b 5c 5d 5e 5f 60 61 62 63 64 65 66 67 68 69 6a 6b 6c 6d 6e 6f 70 71 72 73 74 75 76 77 78 79 7a 7b 7c 7d 7e 7f 80 81 82 83 84 85 86 87 88 89 8a 8b 8c 8d 8e 8f 90 91 92 93 94 95 96 97 98 99 9a 9b 9c 9d 9e 9f a0 a1 a2 a3 a4 a5 a6 a7 a8 a9 aa ab ac ad ae af b0 b1 b2 b3 b4 b5 b6 b7 b8 b9 ba bb bc bd be bf c0 c1 c2 c3 c4 c5 c6 c7 c8 c9 ca cb cc cd ce cf d0 d1 d2 d3 d4 d5 d6 d7 d8 d9 da db dc dd de df e0 e1 e2 e3 e4 e5 e6 e7 e8 e9 ea eb ec ed ee ef f0 f1 f2 f3 f4 f5 f6 f7 f8 f9 fa fb fc fd fe ff 
 0  1  2 25  4 54 4a 2f  8 35 a8 1d 94 17 5e -- 10 -- 6a -- 87 -- 3a 5d ff -- 2e -- bc f4 -- c9 20 -- -- -- d4 db -- 51 d9 a6 -- -- 74 -- ba -- 29 -- -- 33 5c -- -- -- af 56 3f -- -- -- 45 -- 40 -- -- -- -- -- -- -- 7f -- 61 -- -- -- a2 4f 65 -- 9b -- -- 14 -- 9f e8 -- -- -- a3 -- -- -- 52 -- -- -- -- -- 66 -- b8 -- -- -- -- -- -- -- 89 -- ac -- 7e 97 -- 99 -- 79 -- -- 8a -- -- -- 80 -- -- 50 -- -- -- -- -- -- --  5 -- -- -- -- fe -- -- -- c2 -- -- 43 -- 3d -- -- 93 70 9e 15 ca -- -- -- e1 38 -- f5 -- -- 28 -- -- -- e9 --  7 -- -- -- -- -- --  e 91 1c -- -- -- -- -- -- a4  a -- -- -- -- -- -- -- -- -- -- cc -- -- -- a7 a0 -- -- -- -- -- d7 -- -- -- -- -- -- -- -- c5 -- -- -- 8f 7a -- -- fc 2a f9 eb -- e0 e5 f1 -- -- f2 -- -- -- -- 2b c3 86 -- -- -- -- -- 53 

solutions so far:0 maxDepth:10 
iterations:82317899  skipped: 18 
Depth skipped: 
0 0 18 0 0 0 0 0 0 0 0 0 0 0 0 0 0 0 0 0 0 0 0 0 0 0 0 0 0 0 0 0 

running time: 7800 sec
 depth:7
 0  1  2  3  4  5  6  7  8  9  a  b  c  d  e  f 10 11 12 13 14 15 16 17 18 19 1a 1b 1c 1d 1e 1f 20 21 22 23 24 25 26 27 28 29 2a 2b 2c 2d 2e 2f 30 31 32 33 34 35 36 37 38 39 3a 3b 3c 3d 3e 3f 40 41 42 43 44 45 46 47 48 49 4a 4b 4c 4d 4e 4f 50 51 52 53 54 55 56 57 58 59 5a 5b 5c 5d 5e 5f 60 61 62 63 64 65 66 67 68 69 6a 6b 6c 6d 6e 6f 70 71 72 73 74 75 76 77 78 79 7a 7b 7c 7d 7e 7f 80 81 82 83 84 85 86 87 88 89 8a 8b 8c 8d 8e 8f 90 91 92 93 94 95 96 97 98 99 9a 9b 9c 9d 9e 9f a0 a1 a2 a3 a4 a5 a6 a7 a8 a9 aa ab ac ad ae af b0 b1 b2 b3 b4 b5 b6 b7 b8 b9 ba bb bc bd be bf c0 c1 c2 c3 c4 c5 c6 c7 c8 c9 ca cb cc cd ce cf d0 d1 d2 d3 d4 d5 d6 d7 d8 d9 da db dc dd de df e0 e1 e2 e3 e4 e5 e6 e7 e8 e9 ea eb ec ed ee ef f0 f1 f2 f3 f4 f5 f6 f7 f8 f9 fa fb fc fd fe ff 
 0  1  2 25  4 45 4a e2  8  6 8a e8 94 b8 13 e1 10 --  c -- c3 --  7 19 ff -- a7 -- 26 41 15 c1 20 -- -- -- 18 6a -- d1 51 2b -- --  e -- 32 -- 29 -- -- 33 99 -- -- 87 4c 57 82 53 2a -- 55 -- 40 -- -- -- -- -- -- -- 30 -- d4 -- -- -- 75 4f a2 -- 56 -- -- 14 -- 9f 1c -- -- -- 64 -- -- -- 52 -- -- -- -- -- 66 -- e5 -- -- 86 -- -- d9 ca 98 -- ae -- d3 97 a6 3a 54 79 -- 61 aa -- -- -- 80 -- -- 50 -- -- -- -- -- -- --  5 -- -- -- -- 60 -- -- -- 7f -- -- f1 -- 8e -- -- ea 2e 9e 8f 93 -- -- -- ac 17 -- 47 -- -- 28 -- -- -- e9 -- 38 -- -- -- -- -- -- 70 c8 e0 -- -- -- -- -- -- a4  a -- -- -- -- -- -- -- -- -- -- cc -- -- -- 1d a0 -- -- -- -- db d7 -- -- -- -- 65 -- 43 -- e7 -- -- -- 8b cb -- -- 71 c9 f9 eb 9b 5c 74  3 a8 -- f2 -- -- -- c2 c0 83 35 -- -- -- -- -- fe 

solutions so far:0 maxDepth:10 
iterations:87156048  skipped: 20 
Depth skipped: 
0 0 20 0 0 0 0 0 0 0 0 0 0 0 0 0 0 0 0 0 0 0 0 0 0 0 0 0 0 0 0 0 

running time: 8100 sec
 depth:7
 0  1  2  3  4  5  6  7  8  9  a  b  c  d  e  f 10 11 12 13 14 15 16 17 18 19 1a 1b 1c 1d 1e 1f 20 21 22 23 24 25 26 27 28 29 2a 2b 2c 2d 2e 2f 30 31 32 33 34 35 36 37 38 39 3a 3b 3c 3d 3e 3f 40 41 42 43 44 45 46 47 48 49 4a 4b 4c 4d 4e 4f 50 51 52 53 54 55 56 57 58 59 5a 5b 5c 5d 5e 5f 60 61 62 63 64 65 66 67 68 69 6a 6b 6c 6d 6e 6f 70 71 72 73 74 75 76 77 78 79 7a 7b 7c 7d 7e 7f 80 81 82 83 84 85 86 87 88 89 8a 8b 8c 8d 8e 8f 90 91 92 93 94 95 96 97 98 99 9a 9b 9c 9d 9e 9f a0 a1 a2 a3 a4 a5 a6 a7 a8 a9 aa ab ac ad ae af b0 b1 b2 b3 b4 b5 b6 b7 b8 b9 ba bb bc bd be bf c0 c1 c2 c3 c4 c5 c6 c7 c8 c9 ca cb cc cd ce cf d0 d1 d2 d3 d4 d5 d6 d7 d8 d9 da db dc dd de df e0 e1 e2 e3 e4 e5 e6 e7 e8 e9 ea eb ec ed ee ef f0 f1 f2 f3 f4 f5 f6 f7 f8 f9 fa fb fc fd fe ff 
 0  1  2 25  4 39 4a bf  8 76 72 3d 94 89 a9  d 10 -- ec -- e4 -- 7a 63 ff -- c5 -- 85 fd 1a dc 20 -- -- --  f 4e -- d6 1f 12 -- -- f4 -- c6 -- 29 -- -- 33 5d -- -- 77 dd f0 2d a5 34 -- 6f -- 40 -- -- -- -- -- -- -- 1e -- 9c -- -- -- 7b 4f 3e -- 24 -- -- 14 -- 9f 3f -- -- -- 5b -- -- -- 52 -- -- -- -- -- 66 -- ba -- -- 58 -- -- ee 16 6d -- 37 -- 5a 97 9d 91 68 79 -- b7 de -- -- -- 80 -- -- 50 -- -- -- -- -- -- --  5 -- -- -- -- 3c -- -- -- ef -- -- f8 -- a1 -- -- f6 bc 9e 90 7c -- -- -- 48 5e -- bb -- -- 28 -- -- -- e9 -- 7e -- -- -- -- -- -- fc b6 2f -- -- -- -- -- -- a4  a -- -- -- -- -- -- -- -- -- -- cc -- -- -- a3 a0 -- -- -- -- b0 d7 -- -- -- --  b -- 2c -- da -- -- -- 6e 95 -- -- b4 f7 f9 eb ed af f5 3b d0 -- f2 -- -- -- b9 78 6b 27 -- -- -- -- --  9 

solutions so far:0 maxDepth:10 
iterations:92697017  skipped: 21 
Depth skipped: 
0 0 21 0 0 0 0 0 0 0 0 0 0 0 0 0 0 0 0 0 0 0 0 0 0 0 0 0 0 0 0 0 

running time: 8400 sec
 depth:6
 0  1  2  3  4  5  6  7  8  9  a  b  c  d  e  f 10 11 12 13 14 15 16 17 18 19 1a 1b 1c 1d 1e 1f 20 21 22 23 24 25 26 27 28 29 2a 2b 2c 2d 2e 2f 30 31 32 33 34 35 36 37 38 39 3a 3b 3c 3d 3e 3f 40 41 42 43 44 45 46 47 48 49 4a 4b 4c 4d 4e 4f 50 51 52 53 54 55 56 57 58 59 5a 5b 5c 5d 5e 5f 60 61 62 63 64 65 66 67 68 69 6a 6b 6c 6d 6e 6f 70 71 72 73 74 75 76 77 78 79 7a 7b 7c 7d 7e 7f 80 81 82 83 84 85 86 87 88 89 8a 8b 8c 8d 8e 8f 90 91 92 93 94 95 96 97 98 99 9a 9b 9c 9d 9e 9f a0 a1 a2 a3 a4 a5 a6 a7 a8 a9 aa ab ac ad ae af b0 b1 b2 b3 b4 b5 b6 b7 b8 b9 ba bb bc bd be bf c0 c1 c2 c3 c4 c5 c6 c7 c8 c9 ca cb cc cd ce cf d0 d1 d2 d3 d4 d5 d6 d7 d8 d9 da db dc dd de df e0 e1 e2 e3 e4 e5 e6 e7 e8 e9 ea eb ec ed ee ef f0 f1 f2 f3 f4 f5 f6 f7 f8 f9 fa fb fc fd fe ff 
 0  1  2 25  4 2c 4a c6  8 bd 58 c3 94 2b 5b -- 10 -- ad -- b0 -- 51 fd ff -- 56 -- b6 dd -- 44 20 -- -- -- 8d  d -- b2 b7 d0 -- -- a2 -- 2d -- 29 -- -- 33 ac -- -- -- bb e3 6d -- -- -- 88 -- 40 -- -- -- -- -- -- -- cd -- 1a -- -- -- b3 4f b9 -- 77 -- -- 14 -- 9f 93 -- -- -- 5a -- -- -- 52 -- -- -- -- -- 66 -- 8f -- -- -- -- -- -- -- a1 -- 11 -- da 97 -- 45 -- 79 -- -- c7 -- -- -- 80 -- -- 50 -- -- -- -- -- -- --  5 -- -- -- -- 4d -- -- -- 34 -- -- 9d -- a9 -- -- b1 7f 9e  b a5 -- -- -- ee d4 -- bf -- -- 28 -- -- -- e9 -- f1 -- -- -- -- -- -- 35 b4 6a -- -- -- -- -- -- a4  a -- -- -- -- -- -- -- -- -- -- cc -- -- -- c9 a0 -- -- -- -- -- d7 -- -- -- -- -- -- -- -- 95 -- -- -- 22 85 -- -- 63 16 f9 eb -- fe 8a b5 -- -- f2 -- -- -- -- 9a 59 ed -- -- -- -- -- 68 

solutions so far:0 maxDepth:10 
iterations:98196139  skipped: 22 
Depth skipped: 
0 0 22 0 0 0 0 0 0 0 0 0 0 0 0 0 0 0 0 0 0 0 0 0 0 0 0 0 0 0 0 0 

running time: 8700 sec
 depth:7
 0  1  2  3  4  5  6  7  8  9  a  b  c  d  e  f 10 11 12 13 14 15 16 17 18 19 1a 1b 1c 1d 1e 1f 20 21 22 23 24 25 26 27 28 29 2a 2b 2c 2d 2e 2f 30 31 32 33 34 35 36 37 38 39 3a 3b 3c 3d 3e 3f 40 41 42 43 44 45 46 47 48 49 4a 4b 4c 4d 4e 4f 50 51 52 53 54 55 56 57 58 59 5a 5b 5c 5d 5e 5f 60 61 62 63 64 65 66 67 68 69 6a 6b 6c 6d 6e 6f 70 71 72 73 74 75 76 77 78 79 7a 7b 7c 7d 7e 7f 80 81 82 83 84 85 86 87 88 89 8a 8b 8c 8d 8e 8f 90 91 92 93 94 95 96 97 98 99 9a 9b 9c 9d 9e 9f a0 a1 a2 a3 a4 a5 a6 a7 a8 a9 aa ab ac ad ae af b0 b1 b2 b3 b4 b5 b6 b7 b8 b9 ba bb bc bd be bf c0 c1 c2 c3 c4 c5 c6 c7 c8 c9 ca cb cc cd ce cf d0 d1 d2 d3 d4 d5 d6 d7 d8 d9 da db dc dd de df e0 e1 e2 e3 e4 e5 e6 e7 e8 e9 ea eb ec ed ee ef f0 f1 f2 f3 f4 f5 f6 f7 f8 f9 fa fb fc fd fe ff 
 0  1  2 25  4 1e 4a d9  8 83 3c a3 94 5e 65 1b 10 -- d1 -- 78 -- 91 61 ff -- bc -- ca 2a 36 60 20 -- -- -- 75 de -- 8b f0 f6 -- -- f5 -- c2 -- 29 -- -- 33 af -- -- ce 43  c 54 d2 6c -- c0 -- 40 -- -- -- -- -- -- -- ea -- 6b -- -- -- c1 4f 37 -- 3b -- -- 14 -- 9f 3d -- -- -- 53 -- -- -- 52 -- -- -- -- -- 66 -- 89 -- -- 42 -- -- 4b fb 86 -- 18 -- a8 97 73 5d d8 79 -- df 57 -- -- -- 80 -- -- 50 -- -- -- -- -- -- --  5 -- -- -- --  3 -- -- -- d6 -- -- dc -- e1 -- -- 55 fc 9e ec 6e -- -- -- 76 7e -- 9b -- -- 28 -- -- -- e9 -- 7a -- -- -- -- -- -- f4 a6 3f -- -- -- -- -- -- a4  a -- -- -- -- -- -- -- -- -- -- cc -- -- -- c5 a0 -- -- -- -- 84 d7 -- -- -- -- 96 -- 21 -- db -- -- -- 30 15 -- -- 87  f f9 eb e6 2f ba aa 67 -- f2 -- -- -- 69  6 ae 6f -- -- -- -- -- 7b 

solutions so far:0 maxDepth:10 
iterations:103616600  skipped: 23 
Depth skipped: 
0 0 23 0 0 0 0 0 0 0 0 0 0 0 0 0 0 0 0 0 0 0 0 0 0 0 0 0 0 0 0 0 

running time: 9000 sec
 depth:7
 0  1  2  3  4  5  6  7  8  9  a  b  c  d  e  f 10 11 12 13 14 15 16 17 18 19 1a 1b 1c 1d 1e 1f 20 21 22 23 24 25 26 27 28 29 2a 2b 2c 2d 2e 2f 30 31 32 33 34 35 36 37 38 39 3a 3b 3c 3d 3e 3f 40 41 42 43 44 45 46 47 48 49 4a 4b 4c 4d 4e 4f 50 51 52 53 54 55 56 57 58 59 5a 5b 5c 5d 5e 5f 60 61 62 63 64 65 66 67 68 69 6a 6b 6c 6d 6e 6f 70 71 72 73 74 75 76 77 78 79 7a 7b 7c 7d 7e 7f 80 81 82 83 84 85 86 87 88 89 8a 8b 8c 8d 8e 8f 90 91 92 93 94 95 96 97 98 99 9a 9b 9c 9d 9e 9f a0 a1 a2 a3 a4 a5 a6 a7 a8 a9 aa ab ac ad ae af b0 b1 b2 b3 b4 b5 b6 b7 b8 b9 ba bb bc bd be bf c0 c1 c2 c3 c4 c5 c6 c7 c8 c9 ca cb cc cd ce cf d0 d1 d2 d3 d4 d5 d6 d7 d8 d9 da db dc dd de df e0 e1 e2 e3 e4 e5 e6 e7 e8 e9 ea eb ec ed ee ef f0 f1 f2 f3 f4 f5 f6 f7 f8 f9 fa fb fc fd fe ff 
 0  1  2 25  4 13 4a 54  8  6 26 a5 94  b a8 90 10 --  c -- 4c -- 9d 43 ff -- 16 -- 87 9b f7 c1 20 -- -- -- 18 c8 -- d1 98 41 -- -- ed -- 86 -- 29 -- -- 33 2c -- -- 1f d9 57 e1 12 39 -- 55 -- 40 -- -- -- -- -- -- -- 30 -- 47 -- -- -- 75 4f e7 -- 82 -- -- 14 -- 9f  d -- -- -- db -- -- -- 52 -- -- -- -- -- 66 -- 58 -- -- 4e -- -- 3e f8 65 -- ae -- 15 97 24 b7 72 79 -- ef aa -- -- -- 80 -- -- 50 -- -- -- -- -- -- --  5 -- -- -- -- 60 -- -- -- 8e -- -- 32 -- 53 -- -- ea 77 9e 71 19 -- -- -- d3 d0 -- c2 -- -- 28 -- -- -- e9 -- 1a -- -- -- -- -- -- 34 61 68 -- -- -- -- -- -- a4  a -- -- -- -- -- -- -- -- -- -- cc -- -- -- b0 a0 -- -- -- -- 9c d7 -- -- -- -- 7c -- 27 -- ca -- -- -- 8b a6 -- -- 2a e2 f9 eb 48 ee b9  3 e4 -- f2 -- -- --  9 c0 83 64 -- -- -- -- -- cb 

solutions so far:0 maxDepth:10 
iterations:109372260  skipped: 23 
Depth skipped: 
0 0 23 0 0 0 0 0 0 0 0 0 0 0 0 0 0 0 0 0 0 0 0 0 0 0 0 0 0 0 0 0 

running time: 9300 sec
 depth:7
 0  1  2  3  4  5  6  7  8  9  a  b  c  d  e  f 10 11 12 13 14 15 16 17 18 19 1a 1b 1c 1d 1e 1f 20 21 22 23 24 25 26 27 28 29 2a 2b 2c 2d 2e 2f 30 31 32 33 34 35 36 37 38 39 3a 3b 3c 3d 3e 3f 40 41 42 43 44 45 46 47 48 49 4a 4b 4c 4d 4e 4f 50 51 52 53 54 55 56 57 58 59 5a 5b 5c 5d 5e 5f 60 61 62 63 64 65 66 67 68 69 6a 6b 6c 6d 6e 6f 70 71 72 73 74 75 76 77 78 79 7a 7b 7c 7d 7e 7f 80 81 82 83 84 85 86 87 88 89 8a 8b 8c 8d 8e 8f 90 91 92 93 94 95 96 97 98 99 9a 9b 9c 9d 9e 9f a0 a1 a2 a3 a4 a5 a6 a7 a8 a9 aa ab ac ad ae af b0 b1 b2 b3 b4 b5 b6 b7 b8 b9 ba bb bc bd be bf c0 c1 c2 c3 c4 c5 c6 c7 c8 c9 ca cb cc cd ce cf d0 d1 d2 d3 d4 d5 d6 d7 d8 d9 da db dc dd de df e0 e1 e2 e3 e4 e5 e6 e7 e8 e9 ea eb ec ed ee ef f0 f1 f2 f3 f4 f5 f6 f7 f8 f9 fa fb fc fd fe ff 
 0  1  2 25  4  3 4a fb  8 8d  6 d5 94 31 21 6a 10 -- cd --  c -- 7d d2 ff -- 62 -- 42 67 d4 c7 20 -- -- -- 4d ae -- b1 18 aa -- -- fa -- 73 -- 29 -- -- 33 c4 -- -- 56 84 22 ce 93 7f -- 59 -- 40 -- -- -- -- -- -- -- 9a -- 8b -- -- -- b5 4f 30 -- 83 -- -- 14 -- 9f 23 -- -- -- e6 -- -- -- 52 -- -- -- -- -- 66 -- 5f -- -- 8a -- -- ac c9 df -- 44 -- 4b 97 f1 ab fe 79 -- 51 b2 -- -- -- 80 -- -- 50 -- -- -- -- -- -- --  5 -- -- -- -- e3 -- -- -- c1 -- -- c0 -- 6c -- -- bd 92 9e 75 60 -- -- -- d1 49 -- 36 -- -- 28 -- -- -- e9 -- 46 -- -- -- -- -- -- 8c 1b cf -- -- -- -- -- -- a4  a -- -- -- -- -- -- -- -- -- -- cc -- -- -- be a0 -- -- -- -- c3 d7 -- -- -- -- 8f -- 45 -- 69 -- -- -- 88 d8 -- -- 96 ea f9 eb 35 f3 81 ad 2b -- f2 -- -- -- a2 11 b3 57 -- -- -- -- -- 55 

solutions so far:0 maxDepth:10 
iterations:115141090  skipped: 24 
Depth skipped: 
0 0 24 0 0 0 0 0 0 0 0 0 0 0 0 0 0 0 0 0 0 0 0 0 0 0 0 0 0 0 0 0 

running time: 9600 sec

Finished. Total running time: 9623 sec
