Search S-boxes invariant for matrix: 
{0x00,0x02,0x04,0x06,0x08,0x0a,0x0c,0x0e,0x10,0x12,0x14,0x16,0x18,0x1a,0x1c,0x1e,0x20,0x22,0x24,0x26,0x28,0x2a,0x2c,0x2e,0x30,0x32,0x34,0x36,0x38,0x3a,0x3c,0x3e,0x40,0x42,0x44,0x46,0x48,0x4a,0x4c,0x4e,0x50,0x52,0x54,0x56,0x58,0x5a,0x5c,0x5e,0x60,0x62,0x64,0x66,0x68,0x6a,0x6c,0x6e,0x70,0x72,0x74,0x76,0x78,0x7a,0x7c,0x7e,0x80,0x82,0x84,0x86,0x88,0x8a,0x8c,0x8e,0x90,0x92,0x94,0x96,0x98,0x9a,0x9c,0x9e,0xa0,0xa2,0xa4,0xa6,0xa8,0xaa,0xac,0xae,0xb0,0xb2,0xb4,0xb6,0xb8,0xba,0xbc,0xbe,0xc0,0xc2,0xc4,0xc6,0xc8,0xca,0xcc,0xce,0xd0,0xd2,0xd4,0xd6,0xd8,0xda,0xdc,0xde,0xe0,0xe2,0xe4,0xe6,0xe8,0xea,0xec,0xee,0xf0,0xf2,0xf4,0xf6,0xf8,0xfa,0xfc,0xfe,0xd7,0xd5,0xd3,0xd1,0xdf,0xdd,0xdb,0xd9,0xc7,0xc5,0xc3,0xc1,0xcf,0xcd,0xcb,0xc9,0xf7,0xf5,0xf3,0xf1,0xff,0xfd,0xfb,0xf9,0xe7,0xe5,0xe3,0xe1,0xef,0xed,0xeb,0xe9,0x97,0x95,0x93,0x91,0x9f,0x9d,0x9b,0x99,0x87,0x85,0x83,0x81,0x8f,0x8d,0x8b,0x89,0xb7,0xb5,0xb3,0xb1,0xbf,0xbd,0xbb,0xb9,0xa7,0xa5,0xa3,0xa1,0xaf,0xad,0xab,0xa9,0x57,0x55,0x53,0x51,0x5f,0x5d,0x5b,0x59,0x47,0x45,0x43,0x41,0x4f,0x4d,0x4b,0x49,0x77,0x75,0x73,0x71,0x7f,0x7d,0x7b,0x79,0x67,0x65,0x63,0x61,0x6f,0x6d,0x6b,0x69,0x17,0x15,0x13,0x11,0x1f,0x1d,0x1b,0x19,0x07,0x05,0x03,0x01,0x0f,0x0d,0x0b,0x09,0x37,0x35,0x33,0x31,0x3f,0x3d,0x3b,0x39,0x27,0x25,0x23,0x21,0x2f,0x2d,0x2b,0x29};



 depth:7
 0  1  2  3  4  5  6  7  8  9  a  b  c  d  e  f 10 11 12 13 14 15 16 17 18 19 1a 1b 1c 1d 1e 1f 20 21 22 23 24 25 26 27 28 29 2a 2b 2c 2d 2e 2f 30 31 32 33 34 35 36 37 38 39 3a 3b 3c 3d 3e 3f 40 41 42 43 44 45 46 47 48 49 4a 4b 4c 4d 4e 4f 50 51 52 53 54 55 56 57 58 59 5a 5b 5c 5d 5e 5f 60 61 62 63 64 65 66 67 68 69 6a 6b 6c 6d 6e 6f 70 71 72 73 74 75 76 77 78 79 7a 7b 7c 7d 7e 7f 80 81 82 83 84 85 86 87 88 89 8a 8b 8c 8d 8e 8f 90 91 92 93 94 95 96 97 98 99 9a 9b 9c 9d 9e 9f a0 a1 a2 a3 a4 a5 a6 a7 a8 a9 aa ab ac ad ae af b0 b1 b2 b3 b4 b5 b6 b7 b8 b9 ba bb bc bd be bf c0 c1 c2 c3 c4 c5 c6 c7 c8 c9 ca cb cc cd ce cf d0 d1 d2 d3 d4 d5 d6 d7 d8 d9 da db dc dd de df e0 e1 e2 e3 e4 e5 e6 e7 e8 e9 ea eb ec ed ee ef f0 f1 f2 f3 f4 f5 f6 f7 f8 f9 fa fb fc fd fe ff 
 0  1  2 28  4 f7 50 1d  8 88 39 c1 a0 18 3a 23 10 -- c7 -- 72 -- 55 1c 97 -- 30 -- 74 b8 46 8d 20 -- -- -- 59 27 -- e3 e4  9 -- -- aa -- 38 -- f9 -- -- 33 60 -- -- 92 e8 b5 a7 d5 8c -- cd -- 40 -- -- -- -- -- -- -- b2 -- 4e -- -- -- 11 4f 1f -- 12 -- -- a4 -- 94 83 -- -- -- 70 -- -- -- 25 -- -- -- -- -- 66 -- c0 -- -- 5f -- -- f3 62  7 -- bd -- 99  a 7d ae cf 79 -- ab 4d -- -- -- 80 -- -- e9 -- -- -- -- -- -- -- 29 -- -- -- -- b3 -- -- -- 9c -- -- 7c -- 2e -- -- 22  6 9e 48 3e -- -- -- 24  3 -- 17 -- -- 9f -- -- -- ff -- d1 -- -- -- -- -- -- 75 e0 ea -- -- -- -- -- -- 4a 52 -- -- -- -- -- -- -- -- -- -- cc -- -- -- 57  5 -- -- -- -- be d7 -- -- -- -- 31 -- c4 --  e -- -- -- ad 5c -- -- e5 90 14 eb fa  c 8b 44 49 -- f2 -- -- -- 81 b1 9a f8 -- -- -- -- -- ef 

solutions so far:0 maxDepth:9 
iterations:2727611  skipped: 1 
Depth skipped: 
0 0 1 0 0 0 0 0 0 0 0 0 0 0 0 0 0 0 0 0 0 0 0 0 0 0 0 0 0 0 0 0 

running time: 300 sec
 depth:5
 0  1  2  3  4  5  6  7  8  9  a  b  c  d  e  f 10 11 12 13 14 15 16 17 18 19 1a 1b 1c 1d 1e 1f 20 21 22 23 24 25 26 27 28 29 2a 2b 2c 2d 2e 2f 30 31 32 33 34 35 36 37 38 39 3a 3b 3c 3d 3e 3f 40 41 42 43 44 45 46 47 48 49 4a 4b 4c 4d 4e 4f 50 51 52 53 54 55 56 57 58 59 5a 5b 5c 5d 5e 5f 60 61 62 63 64 65 66 67 68 69 6a 6b 6c 6d 6e 6f 70 71 72 73 74 75 76 77 78 79 7a 7b 7c 7d 7e 7f 80 81 82 83 84 85 86 87 88 89 8a 8b 8c 8d 8e 8f 90 91 92 93 94 95 96 97 98 99 9a 9b 9c 9d 9e 9f a0 a1 a2 a3 a4 a5 a6 a7 a8 a9 aa ab ac ad ae af b0 b1 b2 b3 b4 b5 b6 b7 b8 b9 ba bb bc bd be bf c0 c1 c2 c3 c4 c5 c6 c7 c8 c9 ca cb cc cd ce cf d0 d1 d2 d3 d4 d5 d6 d7 d8 d9 da db dc dd de df e0 e1 e2 e3 e4 e5 e6 e7 e8 e9 ea eb ec ed ee ef f0 f1 f2 f3 f4 f5 f6 f7 f8 f9 fa fb fc fd fe ff 
 0  1  2 28  4 ee 50 d5  8 19  b -- a0 -- 7d -- 10 -- 32 -- 16 -- -- cf 97 -- -- -- fa 5f -- d3 20 -- -- -- 64 a5 -- 26 2c 1a -- -- -- -- 49 -- f9 -- -- 33 -- -- -- -- 23 cb be -- -- -- 71 -- 40 -- -- -- -- -- -- -- c8 -- 9d -- -- -- 4c 4f 58 -- 34 -- -- a4 -- 94 -- -- -- -- 92 -- -- -- 25 -- -- -- -- -- 66 -- -- -- -- -- -- -- -- -- 46 -- 41 -- ab  a -- -- -- 79 -- -- e2 -- -- -- 80 -- -- e9 -- -- -- -- -- -- -- 29 -- -- -- -- 47 -- -- -- ed -- -- b7 -- 62 -- -- 98 -- 9e d0 b0 -- -- -- 68 -- -- 31 -- -- 9f -- -- -- ff -- -- -- -- -- -- -- -- -- f3 -- -- -- -- -- -- -- 4a 52 -- -- -- -- -- -- -- -- -- -- cc -- -- -- --  5 -- -- -- -- -- d7 -- -- -- -- -- -- -- -- 8c -- -- -- 82 c4 -- -- 81 77 14 eb -- -- -- e7 -- -- f2 -- -- -- -- 8e 13 b9 -- -- -- -- --  d 

solutions so far:0 maxDepth:10 
iterations:4977933  skipped: 3 
Depth skipped: 
0 0 3 0 0 0 0 0 0 0 0 0 0 0 0 0 0 0 0 0 0 0 0 0 0 0 0 0 0 0 0 0 

running time: 600 sec
 depth:7
 0  1  2  3  4  5  6  7  8  9  a  b  c  d  e  f 10 11 12 13 14 15 16 17 18 19 1a 1b 1c 1d 1e 1f 20 21 22 23 24 25 26 27 28 29 2a 2b 2c 2d 2e 2f 30 31 32 33 34 35 36 37 38 39 3a 3b 3c 3d 3e 3f 40 41 42 43 44 45 46 47 48 49 4a 4b 4c 4d 4e 4f 50 51 52 53 54 55 56 57 58 59 5a 5b 5c 5d 5e 5f 60 61 62 63 64 65 66 67 68 69 6a 6b 6c 6d 6e 6f 70 71 72 73 74 75 76 77 78 79 7a 7b 7c 7d 7e 7f 80 81 82 83 84 85 86 87 88 89 8a 8b 8c 8d 8e 8f 90 91 92 93 94 95 96 97 98 99 9a 9b 9c 9d 9e 9f a0 a1 a2 a3 a4 a5 a6 a7 a8 a9 aa ab ac ad ae af b0 b1 b2 b3 b4 b5 b6 b7 b8 b9 ba bb bc bd be bf c0 c1 c2 c3 c4 c5 c6 c7 c8 c9 ca cb cc cd ce cf d0 d1 d2 d3 d4 d5 d6 d7 d8 d9 da db dc dd de df e0 e1 e2 e3 e4 e5 e6 e7 e8 e9 ea eb ec ed ee ef f0 f1 f2 f3 f4 f5 f6 f7 f8 f9 fa fb fc fd fe ff 
 0  1  2 28  4 ea 50 f1  8 6b  3 d3 a0 64 35 90 10 -- d6 --  6 -- 71 2b 97 -- c8 -- 6a c3 f7 3c 20 -- -- -- 7b 57 -- 6e  c 55 -- -- e2 -- 56 -- f9 -- -- 33 47 -- -- 1f d4 ec 51 12 39 -- 78 -- 40 -- -- -- -- -- -- -- f6 -- ae -- -- -- dc 4f 18 -- aa -- -- a4 -- 94 13 -- -- -- ac -- -- -- 25 -- -- -- -- -- 66 -- 8e -- -- 4e -- -- 3e f8 7f --  f -- a2  a 24 41 72 79 -- ef f0 -- -- -- 80 -- -- e9 -- -- -- -- -- -- -- 29 -- -- -- -- 3b -- -- -- 8b -- -- 60 -- 45 -- -- 6f 19 9e d1 30 -- -- -- 83 e7 -- c9 -- -- 9f -- -- -- ff -- 26 -- -- -- -- -- -- 4c 8f 98 -- -- -- -- -- -- 4a 52 -- -- -- -- -- -- -- -- -- -- cc -- -- -- cb  5 -- -- -- -- 9c d7 -- -- -- -- 7c -- 27 -- fe -- -- -- 1e 8a -- -- 93 75 14 eb 48 32 82 de e4 -- f2 -- -- --  9 76 37 c0 -- -- -- -- -- c1 

solutions so far:0 maxDepth:10 
iterations:6996836  skipped: 3 
Depth skipped: 
0 0 3 0 0 0 0 0 0 0 0 0 0 0 0 0 0 0 0 0 0 0 0 0 0 0 0 0 0 0 0 0 

running time: 900 sec
 depth:6
 0  1  2  3  4  5  6  7  8  9  a  b  c  d  e  f 10 11 12 13 14 15 16 17 18 19 1a 1b 1c 1d 1e 1f 20 21 22 23 24 25 26 27 28 29 2a 2b 2c 2d 2e 2f 30 31 32 33 34 35 36 37 38 39 3a 3b 3c 3d 3e 3f 40 41 42 43 44 45 46 47 48 49 4a 4b 4c 4d 4e 4f 50 51 52 53 54 55 56 57 58 59 5a 5b 5c 5d 5e 5f 60 61 62 63 64 65 66 67 68 69 6a 6b 6c 6d 6e 6f 70 71 72 73 74 75 76 77 78 79 7a 7b 7c 7d 7e 7f 80 81 82 83 84 85 86 87 88 89 8a 8b 8c 8d 8e 8f 90 91 92 93 94 95 96 97 98 99 9a 9b 9c 9d 9e 9f a0 a1 a2 a3 a4 a5 a6 a7 a8 a9 aa ab ac ad ae af b0 b1 b2 b3 b4 b5 b6 b7 b8 b9 ba bb bc bd be bf c0 c1 c2 c3 c4 c5 c6 c7 c8 c9 ca cb cc cd ce cf d0 d1 d2 d3 d4 d5 d6 d7 d8 d9 da db dc dd de df e0 e1 e2 e3 e4 e5 e6 e7 e8 e9 ea eb ec ed ee ef f0 f1 f2 f3 f4 f5 f6 f7 f8 f9 fa fb fc fd fe ff 
 0  1  2 28  4 e5 50 da  8 34 1d e3 a0 b5 63 -- 10 -- 68 -- 3a -- 11 a1 97 -- bd -- c6 a9 -- b0 20 -- -- -- d0 38 -- 9d 74 2e -- -- 22 -- 95 -- f9 -- -- 33 ad -- -- -- 5b 16 85 -- -- -- b7 -- 40 -- -- -- -- -- -- -- 77 -- 70 -- -- -- ed 4f e8 -- 5c -- -- a4 -- 94 44 -- -- -- fd -- -- -- 25 -- -- -- -- -- 66 -- 8d -- -- -- -- -- -- -- b6 -- 2c -- dd  a -- 4d -- 79 -- -- b9 -- -- -- 80 -- -- e9 -- -- -- -- -- -- -- 29 -- -- -- -- ee -- -- -- e0 -- --  e -- b4 -- --  d b3 9e a7  7 -- -- -- b8 b2 -- 5a -- -- 9f -- -- -- ff -- 88 -- -- -- -- -- -- c7 2d 59 -- -- -- -- -- -- 4a 52 -- -- -- -- -- -- -- -- -- -- cc -- -- -- cd  5 -- -- -- -- -- d7 -- -- -- -- -- -- -- -- bb -- -- -- 58 bf -- -- 6d 99 14 eb -- b1 9a 1a -- -- f2 -- -- -- --  b a5 1c -- -- -- -- -- 17 

solutions so far:0 maxDepth:10 
iterations:9150661  skipped: 4 
Depth skipped: 
0 0 4 0 0 0 0 0 0 0 0 0 0 0 0 0 0 0 0 0 0 0 0 0 0 0 0 0 0 0 0 0 

running time: 1200 sec
 depth:7
 0  1  2  3  4  5  6  7  8  9  a  b  c  d  e  f 10 11 12 13 14 15 16 17 18 19 1a 1b 1c 1d 1e 1f 20 21 22 23 24 25 26 27 28 29 2a 2b 2c 2d 2e 2f 30 31 32 33 34 35 36 37 38 39 3a 3b 3c 3d 3e 3f 40 41 42 43 44 45 46 47 48 49 4a 4b 4c 4d 4e 4f 50 51 52 53 54 55 56 57 58 59 5a 5b 5c 5d 5e 5f 60 61 62 63 64 65 66 67 68 69 6a 6b 6c 6d 6e 6f 70 71 72 73 74 75 76 77 78 79 7a 7b 7c 7d 7e 7f 80 81 82 83 84 85 86 87 88 89 8a 8b 8c 8d 8e 8f 90 91 92 93 94 95 96 97 98 99 9a 9b 9c 9d 9e 9f a0 a1 a2 a3 a4 a5 a6 a7 a8 a9 aa ab ac ad ae af b0 b1 b2 b3 b4 b5 b6 b7 b8 b9 ba bb bc bd be bf c0 c1 c2 c3 c4 c5 c6 c7 c8 c9 ca cb cc cd ce cf d0 d1 d2 d3 d4 d5 d6 d7 d8 d9 da db dc dd de df e0 e1 e2 e3 e4 e5 e6 e7 e8 e9 ea eb ec ed ee ef f0 f1 f2 f3 f4 f5 f6 f7 f8 f9 fa fb fc fd fe ff 
 0  1  2 28  4 e3 50 38  8 37 11 30 a0 d1 70 c5 10 -- 6e -- 22 -- 60 b8 97 -- 75 -- e0 e8 5d 3b 20 -- -- -- dc b3 -- 1e 44 ad -- -- c0 -- a7 -- f9 -- -- 33 ea -- -- f5 17 d6  7 bc ba -- 76 -- 40 -- -- -- -- -- -- -- 6f -- b1 -- -- -- 3c 4f 88 -- 8d -- -- a4 -- 94 57 -- -- -- 99 -- -- -- 25 -- -- -- -- -- 66 --  3 -- -- 7e -- -- 3d f4 2e -- 7b --  e  a af  c a3 79 -- 2f ec -- -- -- 80 -- -- e9 -- -- -- -- -- -- -- 29 -- -- -- -- de -- -- -- b5 -- -- 59 -- 3a -- -- 78 aa 9e 4d c7 -- -- -- cd 55 -- 1d -- -- 9f -- -- -- ff -- ae -- -- -- -- -- -- 8b e5 c1 -- -- -- -- -- -- 4a 52 -- -- -- -- -- -- -- -- -- -- cc -- -- --  6  5 -- -- -- -- fc d7 -- -- -- -- 7a -- 3f -- 5c -- -- -- f6 74 -- -- 1c 9a 14 eb 89 83 18 f0 91 -- f2 -- -- -- 5e 6b  f b2 -- -- -- -- -- bd 

solutions so far:0 maxDepth:10 
iterations:11155055  skipped: 4 
Depth skipped: 
0 0 4 0 0 0 0 0 0 0 0 0 0 0 0 0 0 0 0 0 0 0 0 0 0 0 0 0 0 0 0 0 

running time: 1500 sec
 depth:6
 0  1  2  3  4  5  6  7  8  9  a  b  c  d  e  f 10 11 12 13 14 15 16 17 18 19 1a 1b 1c 1d 1e 1f 20 21 22 23 24 25 26 27 28 29 2a 2b 2c 2d 2e 2f 30 31 32 33 34 35 36 37 38 39 3a 3b 3c 3d 3e 3f 40 41 42 43 44 45 46 47 48 49 4a 4b 4c 4d 4e 4f 50 51 52 53 54 55 56 57 58 59 5a 5b 5c 5d 5e 5f 60 61 62 63 64 65 66 67 68 69 6a 6b 6c 6d 6e 6f 70 71 72 73 74 75 76 77 78 79 7a 7b 7c 7d 7e 7f 80 81 82 83 84 85 86 87 88 89 8a 8b 8c 8d 8e 8f 90 91 92 93 94 95 96 97 98 99 9a 9b 9c 9d 9e 9f a0 a1 a2 a3 a4 a5 a6 a7 a8 a9 aa ab ac ad ae af b0 b1 b2 b3 b4 b5 b6 b7 b8 b9 ba bb bc bd be bf c0 c1 c2 c3 c4 c5 c6 c7 c8 c9 ca cb cc cd ce cf d0 d1 d2 d3 d4 d5 d6 d7 d8 d9 da db dc dd de df e0 e1 e2 e3 e4 e5 e6 e7 e8 e9 ea eb ec ed ee ef f0 f1 f2 f3 f4 f5 f6 f7 f8 f9 fa fb fc fd fe ff 
 0  1  2 28  4 dd 50 bd  8 2c 6d 48 a0 27 ad -- 10 -- 58 -- da -- 90 e3 97 -- 4e -- 8d b2 -- 1a 20 -- -- -- b0 a1 -- 77 63 5a -- -- f7 -- 11 -- f9 -- -- 33 9c -- -- -- cd 9d b3 -- -- -- 34 -- 40 -- -- -- -- -- -- -- b7 -- 95 -- -- -- ee 4f c6 -- b4 -- -- a4 -- 94 39 -- -- -- 22 -- -- -- 25 -- -- -- -- -- 66 -- ef -- -- -- -- -- -- -- 4d -- ed -- b1  a -- 12 -- 79 -- -- 68 -- -- -- 80 -- -- e9 -- -- -- -- -- -- -- 29 -- -- -- -- b9 -- -- -- fd -- -- b6 -- c7 -- --  b 7c 9e a9 5b -- -- -- bf 3e -- 88 -- -- 9f -- -- -- ff -- 72 -- -- -- -- -- -- e4 44 1f -- -- -- -- -- -- 4a 52 -- -- -- -- -- -- -- -- -- -- cc -- -- --  9  5 -- -- -- -- -- d7 -- -- -- -- -- -- -- -- 9a -- -- --  d 59 -- -- b5 85 14 eb -- f8 24 16 -- -- f2 -- -- -- -- a5 d0 bb -- -- -- -- -- 2d 

solutions so far:0 maxDepth:10 
iterations:13790210  skipped: 4 
Depth skipped: 
0 0 4 0 0 0 0 0 0 0 0 0 0 0 0 0 0 0 0 0 0 0 0 0 0 0 0 0 0 0 0 0 

running time: 1800 sec
 depth:8
 0  1  2  3  4  5  6  7  8  9  a  b  c  d  e  f 10 11 12 13 14 15 16 17 18 19 1a 1b 1c 1d 1e 1f 20 21 22 23 24 25 26 27 28 29 2a 2b 2c 2d 2e 2f 30 31 32 33 34 35 36 37 38 39 3a 3b 3c 3d 3e 3f 40 41 42 43 44 45 46 47 48 49 4a 4b 4c 4d 4e 4f 50 51 52 53 54 55 56 57 58 59 5a 5b 5c 5d 5e 5f 60 61 62 63 64 65 66 67 68 69 6a 6b 6c 6d 6e 6f 70 71 72 73 74 75 76 77 78 79 7a 7b 7c 7d 7e 7f 80 81 82 83 84 85 86 87 88 89 8a 8b 8c 8d 8e 8f 90 91 92 93 94 95 96 97 98 99 9a 9b 9c 9d 9e 9f a0 a1 a2 a3 a4 a5 a6 a7 a8 a9 aa ab ac ad ae af b0 b1 b2 b3 b4 b5 b6 b7 b8 b9 ba bb bc bd be bf c0 c1 c2 c3 c4 c5 c6 c7 c8 c9 ca cb cc cd ce cf d0 d1 d2 d3 d4 d5 d6 d7 d8 d9 da db dc dd de df e0 e1 e2 e3 e4 e5 e6 e7 e8 e9 ea eb ec ed ee ef f0 f1 f2 f3 f4 f5 f6 f7 f8 f9 fa fb fc fd fe ff 
 0  1  2 28  4 da 50 c9  8 e6 63 ec a0 de 45 aa 10 48 1b -- c6 --  f 93 97 -- 6b -- 8a 2b 83 fb 20 -- 90 -- 36 fd -- df 5b bf -- -- 1e -- f1 -- f9 -- -- 33 d6 -- --  3 c3 ce 56 8b d1 -- 21 -- 40 -- -- -- f7 -- -- -- 6c -- 2d -- --  9 69 4f b6 -- a9 -- -- a4 -- 94 3c e4 -- -- 35 -- -- -- 25 -- -- -- -- -- 66 -- 7b -- -- 60 -- --  6 18 51 -- 4b -- ac  a c1 3b 75 79 -- 57 42 -- -- -- 80 -- -- e9 -- -- -- -- 39 -- -- 29 -- 9c -- -- d8 -- -- -- 5a -- -- a1 -- 7f 12 -- d2 dc 9e dd bb -- -- -- 85 6e -- d4 -- -- 9f -- -- 4e ff -- 78 7c 1f 3e -- f8 -- f0 6a 37 -- -- -- 27 -- -- 4a 52 -- -- -- -- -- 72 -- -- -- -- cc ef -- -- f6  5 -- -- -- -- c0 d7 -- -- -- --  c -- 30 -- a2 -- -- 24 96 fe -- -- 8f 6d 14 eb 55 6f 76 73 ea -- f2 -- -- -- ae 67 84 95 -- -- -- -- -- b4 

solutions so far:0 maxDepth:10 
iterations:16036900  skipped: 4 
Depth skipped: 
0 0 4 0 0 0 0 0 0 0 0 0 0 0 0 0 0 0 0 0 0 0 0 0 0 0 0 0 0 0 0 0 

running time: 2100 sec
 depth:8
 0  1  2  3  4  5  6  7  8  9  a  b  c  d  e  f 10 11 12 13 14 15 16 17 18 19 1a 1b 1c 1d 1e 1f 20 21 22 23 24 25 26 27 28 29 2a 2b 2c 2d 2e 2f 30 31 32 33 34 35 36 37 38 39 3a 3b 3c 3d 3e 3f 40 41 42 43 44 45 46 47 48 49 4a 4b 4c 4d 4e 4f 50 51 52 53 54 55 56 57 58 59 5a 5b 5c 5d 5e 5f 60 61 62 63 64 65 66 67 68 69 6a 6b 6c 6d 6e 6f 70 71 72 73 74 75 76 77 78 79 7a 7b 7c 7d 7e 7f 80 81 82 83 84 85 86 87 88 89 8a 8b 8c 8d 8e 8f 90 91 92 93 94 95 96 97 98 99 9a 9b 9c 9d 9e 9f a0 a1 a2 a3 a4 a5 a6 a7 a8 a9 aa ab ac ad ae af b0 b1 b2 b3 b4 b5 b6 b7 b8 b9 ba bb bc bd be bf c0 c1 c2 c3 c4 c5 c6 c7 c8 c9 ca cb cc cd ce cf d0 d1 d2 d3 d4 d5 d6 d7 d8 d9 da db dc dd de df e0 e1 e2 e3 e4 e5 e6 e7 e8 e9 ea eb ec ed ee ef f0 f1 f2 f3 f4 f5 f6 f7 f8 f9 fa fb fc fd fe ff 
 0  1  2 28  4 d4 50 76  8 a6 7f c1 a0 18 ec 4b 10  9 9b -- fe -- 55 f0 97 -- 30 --  f d6 96 65 20 -- 12 -- e1 45 -- db 2b a2 -- -- aa -- 37 -- f9 -- -- 33 60 -- -- 84 1e a8 7b d8 fb -- ca -- 40 -- -- -- 24 -- -- -- 15 -- 8a -- -- 4e 61 4f 56 -- 93 -- -- a4 -- 94 83 f7 -- -- 6e -- -- -- 25 -- -- -- -- -- 66 -- c0 -- -- e6 -- -- df d2 3c -- 87 -- f6  a 67 ae 21 79 -- 36 43 -- -- -- 80 -- -- e9 -- -- -- -- 48 -- -- 29 -- f8 -- -- 2a -- -- -- c3 -- -- 8f -- de 9c -- c2  6 9e 35 ac -- -- -- f1  3 -- 6f -- -- 9f -- -- 7c ff -- d1 e4 39 72 -- 1f -- 75 dc ea -- -- -- 3e -- -- 4a 52 -- -- -- -- -- 90 -- -- -- -- cc 27 -- -- 57  5 -- -- -- -- 1b d7 -- -- -- -- 69 -- 73 -- 78 -- -- ef d9 6b -- -- 3b 6a 14 eb ce  c 8b 53 42 -- f2 -- -- -- 6c 54 86 c9 -- -- -- -- -- 51 

solutions so far:0 maxDepth:10 
iterations:18379364  skipped: 6 
Depth skipped: 
0 0 6 0 0 0 0 0 0 0 0 0 0 0 0 0 0 0 0 0 0 0 0 0 0 0 0 0 0 0 0 0 

running time: 2400 sec
 depth:6
 0  1  2  3  4  5  6  7  8  9  a  b  c  d  e  f 10 11 12 13 14 15 16 17 18 19 1a 1b 1c 1d 1e 1f 20 21 22 23 24 25 26 27 28 29 2a 2b 2c 2d 2e 2f 30 31 32 33 34 35 36 37 38 39 3a 3b 3c 3d 3e 3f 40 41 42 43 44 45 46 47 48 49 4a 4b 4c 4d 4e 4f 50 51 52 53 54 55 56 57 58 59 5a 5b 5c 5d 5e 5f 60 61 62 63 64 65 66 67 68 69 6a 6b 6c 6d 6e 6f 70 71 72 73 74 75 76 77 78 79 7a 7b 7c 7d 7e 7f 80 81 82 83 84 85 86 87 88 89 8a 8b 8c 8d 8e 8f 90 91 92 93 94 95 96 97 98 99 9a 9b 9c 9d 9e 9f a0 a1 a2 a3 a4 a5 a6 a7 a8 a9 aa ab ac ad ae af b0 b1 b2 b3 b4 b5 b6 b7 b8 b9 ba bb bc bd be bf c0 c1 c2 c3 c4 c5 c6 c7 c8 c9 ca cb cc cd ce cf d0 d1 d2 d3 d4 d5 d6 d7 d8 d9 da db dc dd de df e0 e1 e2 e3 e4 e5 e6 e7 e8 e9 ea eb ec ed ee ef f0 f1 f2 f3 f4 f5 f6 f7 f8 f9 fa fb fc fd fe ff 
 0  1  2 28  4 cf 50 1f  8 42 49 c8 a0 26 3e -- 10 -- 84 -- 92 -- 47 9c 97 -- 4c -- 7c f7 -- 6c 20 -- -- -- df be -- 4b f3 7d -- -- 8e -- ef -- f9 -- -- 33 98 -- -- -- f8 e6 39 -- -- -- d8 -- 40 -- -- -- -- -- -- -- 69 -- ab -- -- -- 96 4f 31 -- fa -- -- a4 -- 94 cb -- -- --  9 -- -- -- 25 -- -- -- -- -- 66 -- e7 -- -- -- -- -- -- -- 27 -- 1b -- 72  a -- 32 -- 79 -- -- 67 -- -- -- 80 -- -- e9 -- -- -- -- -- -- -- 29 -- -- -- -- d2 -- -- -- 81 -- -- c4 -- 48 -- -- fb e2 9e 46 62 -- -- -- 23 71 -- 24 -- -- 9f -- -- -- ff -- 41 -- -- -- -- -- -- 82 12 d3 -- -- -- -- -- -- 4a 52 -- -- -- -- -- -- -- -- -- -- cc -- -- -- 19  5 -- -- -- -- -- d7 -- -- -- -- -- -- -- -- 4e -- -- -- 36 90 -- -- e4 8c 14 eb -- 13 64 21 -- -- f2 -- -- -- -- 73 ce 5f -- -- -- -- -- d5 

solutions so far:0 maxDepth:10 
iterations:21598180  skipped: 7 
Depth skipped: 
0 0 7 0 0 0 0 0 0 0 0 0 0 0 0 0 0 0 0 0 0 0 0 0 0 0 0 0 0 0 0 0 

running time: 2700 sec
 depth:7
 0  1  2  3  4  5  6  7  8  9  a  b  c  d  e  f 10 11 12 13 14 15 16 17 18 19 1a 1b 1c 1d 1e 1f 20 21 22 23 24 25 26 27 28 29 2a 2b 2c 2d 2e 2f 30 31 32 33 34 35 36 37 38 39 3a 3b 3c 3d 3e 3f 40 41 42 43 44 45 46 47 48 49 4a 4b 4c 4d 4e 4f 50 51 52 53 54 55 56 57 58 59 5a 5b 5c 5d 5e 5f 60 61 62 63 64 65 66 67 68 69 6a 6b 6c 6d 6e 6f 70 71 72 73 74 75 76 77 78 79 7a 7b 7c 7d 7e 7f 80 81 82 83 84 85 86 87 88 89 8a 8b 8c 8d 8e 8f 90 91 92 93 94 95 96 97 98 99 9a 9b 9c 9d 9e 9f a0 a1 a2 a3 a4 a5 a6 a7 a8 a9 aa ab ac ad ae af b0 b1 b2 b3 b4 b5 b6 b7 b8 b9 ba bb bc bd be bf c0 c1 c2 c3 c4 c5 c6 c7 c8 c9 ca cb cc cd ce cf d0 d1 d2 d3 d4 d5 d6 d7 d8 d9 da db dc dd de df e0 e1 e2 e3 e4 e5 e6 e7 e8 e9 ea eb ec ed ee ef f0 f1 f2 f3 f4 f5 f6 f7 f8 f9 fa fb fc fd fe ff 
 0  1  2 28  4 c9 50 15  8 1b 45 11 a0 bd 2a dc 10 -- 36 -- 8a -- 22 65 97 -- ad -- 54 53 6f 21 20 -- -- -- 6c 35 -- 69 c3 fe -- -- 44 -- ca -- f9 -- -- 33 8d -- -- 7b a8 4b a6 f0 de -- 42 -- 40 -- -- -- -- -- -- -- d8 -- 6a -- -- -- d2 4f 51 -- 2b -- -- a4 -- 94 88 -- -- -- 43 -- -- -- 25 -- -- -- -- -- 66 -- cd -- --  f -- -- f6 76 87 -- 96 -- 9b  a 37 9a 6b 79 -- 3c 84 -- -- -- 80 -- -- e9 -- -- -- -- -- -- -- 29 -- -- -- -- 67 -- -- -- d4 -- -- 93 -- 61 -- -- 73 b1 9e ac a2 -- -- -- 56 b3 -- db -- -- 9f -- -- -- ff -- c7 -- -- -- -- -- -- 59 86 b2 -- -- -- -- -- -- 4a 52 -- -- -- -- -- -- -- -- -- -- cc -- -- -- 4d  5 -- -- -- -- 1e d7 -- -- -- -- 3b -- ec -- d9 -- -- -- fb c2 -- -- e1 8f 14 eb 6e b5 e3 e6 d6 -- f2 -- -- -- 78 ce df f1 -- -- -- -- -- 7f 

solutions so far:0 maxDepth:10 
iterations:24491763  skipped: 8 
Depth skipped: 
0 0 8 0 0 0 0 0 0 0 0 0 0 0 0 0 0 0 0 0 0 0 0 0 0 0 0 0 0 0 0 0 

running time: 3000 sec
 depth:7
 0  1  2  3  4  5  6  7  8  9  a  b  c  d  e  f 10 11 12 13 14 15 16 17 18 19 1a 1b 1c 1d 1e 1f 20 21 22 23 24 25 26 27 28 29 2a 2b 2c 2d 2e 2f 30 31 32 33 34 35 36 37 38 39 3a 3b 3c 3d 3e 3f 40 41 42 43 44 45 46 47 48 49 4a 4b 4c 4d 4e 4f 50 51 52 53 54 55 56 57 58 59 5a 5b 5c 5d 5e 5f 60 61 62 63 64 65 66 67 68 69 6a 6b 6c 6d 6e 6f 70 71 72 73 74 75 76 77 78 79 7a 7b 7c 7d 7e 7f 80 81 82 83 84 85 86 87 88 89 8a 8b 8c 8d 8e 8f 90 91 92 93 94 95 96 97 98 99 9a 9b 9c 9d 9e 9f a0 a1 a2 a3 a4 a5 a6 a7 a8 a9 aa ab ac ad ae af b0 b1 b2 b3 b4 b5 b6 b7 b8 b9 ba bb bc bd be bf c0 c1 c2 c3 c4 c5 c6 c7 c8 c9 ca cb cc cd ce cf d0 d1 d2 d3 d4 d5 d6 d7 d8 d9 da db dc dd de df e0 e1 e2 e3 e4 e5 e6 e7 e8 e9 ea eb ec ed ee ef f0 f1 f2 f3 f4 f5 f6 f7 f8 f9 fa fb fc fd fe ff 
 0  1  2 28  4 c3 50  f  8 4e 51 3d a0 89 1e 38 10 -- 9c -- a2 -- 7a 6e 97 -- c5 -- 3c f6 70 39 20 -- -- -- ef 7f -- 3e 93 ac -- -- f4 -- dc -- f9 -- -- 33 5d -- -- 5c 78 48 3b  7 e0 -- 72 -- 40 -- -- -- -- -- -- --  9 -- fe -- -- -- 7c 4f f1 -- 8f -- -- a4 -- 94 3f -- -- -- 6f -- -- -- 25 -- -- -- -- -- 66 -- ba -- -- 1d -- -- b8 99 f0 -- 90 -- 76  a  e 91 17 79 -- 74 e4 -- -- -- 80 -- -- e9 -- -- -- -- -- -- -- 29 -- -- -- -- 12 -- -- -- 2b -- -- 6a -- d6 -- -- f8 bc 9e 45 35 -- -- -- c9 5e -- 6b -- -- 9f -- -- -- ff -- 7e -- -- -- -- -- -- fc de 2f -- -- -- -- -- -- 4a 52 -- -- -- -- -- -- -- -- -- -- cc -- -- -- a3  5 -- -- -- -- 3a d7 -- -- -- -- a7 -- e5 -- 37 -- -- -- f7 7b -- -- ec 8a 14 eb 1c af f5 27 2e -- f2 -- -- -- e8 24 1f d4 -- -- -- -- -- 56 

solutions so far:0 maxDepth:10 
iterations:27300533  skipped: 9 
Depth skipped: 
0 0 9 0 0 0 0 0 0 0 0 0 0 0 0 0 0 0 0 0 0 0 0 0 0 0 0 0 0 0 0 0 

running time: 3300 sec
 depth:7
 0  1  2  3  4  5  6  7  8  9  a  b  c  d  e  f 10 11 12 13 14 15 16 17 18 19 1a 1b 1c 1d 1e 1f 20 21 22 23 24 25 26 27 28 29 2a 2b 2c 2d 2e 2f 30 31 32 33 34 35 36 37 38 39 3a 3b 3c 3d 3e 3f 40 41 42 43 44 45 46 47 48 49 4a 4b 4c 4d 4e 4f 50 51 52 53 54 55 56 57 58 59 5a 5b 5c 5d 5e 5f 60 61 62 63 64 65 66 67 68 69 6a 6b 6c 6d 6e 6f 70 71 72 73 74 75 76 77 78 79 7a 7b 7c 7d 7e 7f 80 81 82 83 84 85 86 87 88 89 8a 8b 8c 8d 8e 8f 90 91 92 93 94 95 96 97 98 99 9a 9b 9c 9d 9e 9f a0 a1 a2 a3 a4 a5 a6 a7 a8 a9 aa ab ac ad ae af b0 b1 b2 b3 b4 b5 b6 b7 b8 b9 ba bb bc bd be bf c0 c1 c2 c3 c4 c5 c6 c7 c8 c9 ca cb cc cd ce cf d0 d1 d2 d3 d4 d5 d6 d7 d8 d9 da db dc dd de df e0 e1 e2 e3 e4 e5 e6 e7 e8 e9 ea eb ec ed ee ef f0 f1 f2 f3 f4 f5 f6 f7 f8 f9 fa fb fc fd fe ff 
 0  1  2 28  4 be 50 e5  8 77 ab 26 a0 cb 1d 8f 10 -- ee -- 81 -- 4c  e 97 -- 41 -- 3a 5c c9 a5 20 -- -- --  b 8c -- 1a d5 f3 -- -- 98 -- 1c -- f9 -- -- 33 82 -- -- 51 74 b0 b8 2b 45 -- 9d -- 40 -- -- -- -- -- -- -- 16 -- cf -- -- -- 34 4f 7d -- 31 -- -- a4 -- 94 e7 -- -- -- 38 -- -- -- 25 -- -- -- -- -- 66 -- d3 -- -- 6a -- -- a2 f1 e8 -- b7 -- a7  a 56 e2 8a 79 -- 7f ed -- -- -- 80 -- -- e9 -- -- -- -- -- -- -- 29 -- -- -- -- 2c -- -- -- 49 -- -- 23 -- 17 -- -- 68 47 9e c4 fa -- -- -- 62 c8 -- e0 -- -- 9f -- -- -- ff -- 19 -- -- -- -- -- -- 32 70 64 -- -- -- -- -- -- 4a 52 -- -- -- -- -- -- -- -- -- -- cc -- -- -- 71  5 -- -- -- -- d4 d7 -- -- -- -- 93 -- 35 --  7 -- -- -- b9 2e -- -- 99 5f 14 eb ac 8e 13 d0 c3 -- f2 -- -- -- fe 58  d 46 -- -- -- -- -- 92 

solutions so far:0 maxDepth:10 
iterations:29415832  skipped: 10 
Depth skipped: 
0 0 10 0 0 0 0 0 0 0 0 0 0 0 0 0 0 0 0 0 0 0 0 0 0 0 0 0 0 0 0 0 

running time: 3600 sec
 depth:7
 0  1  2  3  4  5  6  7  8  9  a  b  c  d  e  f 10 11 12 13 14 15 16 17 18 19 1a 1b 1c 1d 1e 1f 20 21 22 23 24 25 26 27 28 29 2a 2b 2c 2d 2e 2f 30 31 32 33 34 35 36 37 38 39 3a 3b 3c 3d 3e 3f 40 41 42 43 44 45 46 47 48 49 4a 4b 4c 4d 4e 4f 50 51 52 53 54 55 56 57 58 59 5a 5b 5c 5d 5e 5f 60 61 62 63 64 65 66 67 68 69 6a 6b 6c 6d 6e 6f 70 71 72 73 74 75 76 77 78 79 7a 7b 7c 7d 7e 7f 80 81 82 83 84 85 86 87 88 89 8a 8b 8c 8d 8e 8f 90 91 92 93 94 95 96 97 98 99 9a 9b 9c 9d 9e 9f a0 a1 a2 a3 a4 a5 a6 a7 a8 a9 aa ab ac ad ae af b0 b1 b2 b3 b4 b5 b6 b7 b8 b9 ba bb bc bd be bf c0 c1 c2 c3 c4 c5 c6 c7 c8 c9 ca cb cc cd ce cf d0 d1 d2 d3 d4 d5 d6 d7 d8 d9 da db dc dd de df e0 e1 e2 e3 e4 e5 e6 e7 e8 e9 ea eb ec ed ee ef f0 f1 f2 f3 f4 f5 f6 f7 f8 f9 fa fb fc fd fe ff 
 0  1  2 28  4 ba 50 cb  8 a2 a3 74 a0 5c 41 15 10 -- 93 -- 91 -- e8 13 97 -- b8 -- 82 64 2a 56 20 -- -- -- f1 7e -- 45 f5 bc -- --  7 -- 26 -- f9 -- -- 33 a7 -- -- d9 d3 7f c8 a6 54 -- ac -- 40 -- -- -- -- -- -- -- 35 -- fc -- -- -- 8a 4f 3d -- af -- -- a4 -- 94  e -- -- -- 4c -- -- -- 25 -- -- -- -- -- 66 -- 99 -- -- db -- -- 65 43 71 -- fe -- 47  a 9b 1d a8 79 -- c2 8f -- -- -- 80 -- -- e9 -- -- -- -- -- -- -- 29 -- -- -- -- 6a -- -- -- 2f -- -- f4 -- 19 -- -- c3 17 9e c5 7a -- -- -- 89 e0 -- e7 -- -- 9f -- -- -- ff -- 1c -- -- -- -- -- -- 38 98 70 -- -- -- -- -- -- 4a 52 -- -- -- -- -- -- -- -- -- -- cc -- -- -- e5  5 -- -- -- -- 61 d7 -- -- -- -- ca -- 86 -- e2 -- -- -- 2b 32 -- -- 8e 5d 14 eb e1 2e 3a 51 87 -- f2 -- -- -- 53 d4 c9 3f -- -- -- -- -- 5e 

solutions so far:0 maxDepth:10 
iterations:31590282  skipped: 10 
Depth skipped: 
0 0 10 0 0 0 0 0 0 0 0 0 0 0 0 0 0 0 0 0 0 0 0 0 0 0 0 0 0 0 0 0 

running time: 3900 sec
 depth:7
 0  1  2  3  4  5  6  7  8  9  a  b  c  d  e  f 10 11 12 13 14 15 16 17 18 19 1a 1b 1c 1d 1e 1f 20 21 22 23 24 25 26 27 28 29 2a 2b 2c 2d 2e 2f 30 31 32 33 34 35 36 37 38 39 3a 3b 3c 3d 3e 3f 40 41 42 43 44 45 46 47 48 49 4a 4b 4c 4d 4e 4f 50 51 52 53 54 55 56 57 58 59 5a 5b 5c 5d 5e 5f 60 61 62 63 64 65 66 67 68 69 6a 6b 6c 6d 6e 6f 70 71 72 73 74 75 76 77 78 79 7a 7b 7c 7d 7e 7f 80 81 82 83 84 85 86 87 88 89 8a 8b 8c 8d 8e 8f 90 91 92 93 94 95 96 97 98 99 9a 9b 9c 9d 9e 9f a0 a1 a2 a3 a4 a5 a6 a7 a8 a9 aa ab ac ad ae af b0 b1 b2 b3 b4 b5 b6 b7 b8 b9 ba bb bc bd be bf c0 c1 c2 c3 c4 c5 c6 c7 c8 c9 ca cb cc cd ce cf d0 d1 d2 d3 d4 d5 d6 d7 d8 d9 da db dc dd de df e0 e1 e2 e3 e4 e5 e6 e7 e8 e9 ea eb ec ed ee ef f0 f1 f2 f3 f4 f5 f6 f7 f8 f9 fa fb fc fd fe ff 
 0  1  2 28  4 b5 50 91  8 6c bd 7d a0 62 f5 8a 10 -- d8 -- ad -- fa 7e 97 -- c4 -- 3d c5 c3 84 20 -- -- -- 67 11 -- 73 8d c7 -- -- 23 -- fc -- f9 -- -- 33 5f -- -- f1 7a fb 5d 8f 51 -- df -- 40 -- -- -- -- -- -- -- ce -- 22 -- -- -- e6 4f cd -- 59 -- -- a4 -- 94 46 -- -- -- 2f -- -- -- 25 -- -- -- -- -- 66 -- be -- -- fe -- -- 35 d4 f4 -- 21 -- ba  a c9 81 a2 79 -- 56 69 -- -- -- 80 -- -- e9 -- -- -- -- -- -- -- 29 -- -- -- -- 4b -- -- -- 44 -- -- 9a -- af -- -- 1b f3 9e b3 4d -- -- -- b2 92 -- bc -- -- 9f -- -- -- ff -- 8c -- -- -- -- -- -- cf 5e 49 -- -- -- -- -- -- 4a 52 -- -- -- -- -- -- -- -- -- -- cc -- -- -- ab  5 -- -- -- -- 2b d7 -- -- -- -- 6a -- 7f -- 3f -- -- -- 42 89 -- -- a3 b1 14 eb 45 31 d5 36 93 -- f2 -- -- -- ac 96 d2 e3 -- -- -- -- -- 88 

solutions so far:0 maxDepth:10 
iterations:34497708  skipped: 11 
Depth skipped: 
0 0 11 0 0 0 0 0 0 0 0 0 0 0 0 0 0 0 0 0 0 0 0 0 0 0 0 0 0 0 0 0 

running time: 4200 sec
 depth:7
 0  1  2  3  4  5  6  7  8  9  a  b  c  d  e  f 10 11 12 13 14 15 16 17 18 19 1a 1b 1c 1d 1e 1f 20 21 22 23 24 25 26 27 28 29 2a 2b 2c 2d 2e 2f 30 31 32 33 34 35 36 37 38 39 3a 3b 3c 3d 3e 3f 40 41 42 43 44 45 46 47 48 49 4a 4b 4c 4d 4e 4f 50 51 52 53 54 55 56 57 58 59 5a 5b 5c 5d 5e 5f 60 61 62 63 64 65 66 67 68 69 6a 6b 6c 6d 6e 6f 70 71 72 73 74 75 76 77 78 79 7a 7b 7c 7d 7e 7f 80 81 82 83 84 85 86 87 88 89 8a 8b 8c 8d 8e 8f 90 91 92 93 94 95 96 97 98 99 9a 9b 9c 9d 9e 9f a0 a1 a2 a3 a4 a5 a6 a7 a8 a9 aa ab ac ad ae af b0 b1 b2 b3 b4 b5 b6 b7 b8 b9 ba bb bc bd be bf c0 c1 c2 c3 c4 c5 c6 c7 c8 c9 ca cb cc cd ce cf d0 d1 d2 d3 d4 d5 d6 d7 d8 d9 da db dc dd de df e0 e1 e2 e3 e4 e5 e6 e7 e8 e9 ea eb ec ed ee ef f0 f1 f2 f3 f4 f5 f6 f7 f8 f9 fa fb fc fd fe ff 
 0  1  2 28  4 b1 50 5d  8 6c b5 d4 a0 c3 ba c2 10 -- d8 -- bd -- 7f 7a 97 -- 51 -- a3 bc 53 84 20 -- -- -- 67 e3 -- 73 ad 88 -- -- fe -- f4 -- f9 -- -- 33 a2 -- -- 15 91 fb af 86 a6 -- df -- 40 -- -- -- -- -- -- -- ce -- 11 -- -- -- e6 4f 8d -- c7 -- -- a4 -- 94 2b -- -- -- 3f -- -- -- 25 -- -- -- -- -- 66 -- 93 -- -- d9 -- -- 2a a8 f5 -- 21 -- 89  a db 35 9b 79 -- ca 69 -- -- -- 80 -- -- e9 -- -- -- -- -- -- -- 29 -- -- -- -- 4b -- -- -- 22 -- -- 4d -- 2f -- -- 1b 45 9e b2 cd -- -- -- 59 c9 -- fc -- -- 9f -- -- -- ff -- 56 -- -- -- -- -- -- ac 7e 8f -- -- -- -- -- -- 4a 52 -- -- -- -- -- -- -- -- -- -- cc -- -- -- f1  5 -- -- -- -- 65 d7 -- -- -- -- 54 -- 87 -- 3d -- -- -- 42 5e -- -- c5 b3 14 eb 61 8a 6a 36 e1 -- f2 -- -- -- 43 96 d2 9a -- -- -- -- -- 44 

solutions so far:0 maxDepth:10 
iterations:36670956  skipped: 11 
Depth skipped: 
0 0 11 0 0 0 0 0 0 0 0 0 0 0 0 0 0 0 0 0 0 0 0 0 0 0 0 0 0 0 0 0 

running time: 4500 sec
 depth:7
 0  1  2  3  4  5  6  7  8  9  a  b  c  d  e  f 10 11 12 13 14 15 16 17 18 19 1a 1b 1c 1d 1e 1f 20 21 22 23 24 25 26 27 28 29 2a 2b 2c 2d 2e 2f 30 31 32 33 34 35 36 37 38 39 3a 3b 3c 3d 3e 3f 40 41 42 43 44 45 46 47 48 49 4a 4b 4c 4d 4e 4f 50 51 52 53 54 55 56 57 58 59 5a 5b 5c 5d 5e 5f 60 61 62 63 64 65 66 67 68 69 6a 6b 6c 6d 6e 6f 70 71 72 73 74 75 76 77 78 79 7a 7b 7c 7d 7e 7f 80 81 82 83 84 85 86 87 88 89 8a 8b 8c 8d 8e 8f 90 91 92 93 94 95 96 97 98 99 9a 9b 9c 9d 9e 9f a0 a1 a2 a3 a4 a5 a6 a7 a8 a9 aa ab ac ad ae af b0 b1 b2 b3 b4 b5 b6 b7 b8 b9 ba bb bc bd be bf c0 c1 c2 c3 c4 c5 c6 c7 c8 c9 ca cb cc cd ce cf d0 d1 d2 d3 d4 d5 d6 d7 d8 d9 da db dc dd de df e0 e1 e2 e3 e4 e5 e6 e7 e8 e9 ea eb ec ed ee ef f0 f1 f2 f3 f4 f5 f6 f7 f8 f9 fa fb fc fd fe ff 
 0  1  2 28  4 aa 50 a9  8 d3 83 15 a0 db 85 21 10 -- 71 -- d1 -- 2a c6 97 -- 61 -- dd 2d 42 32 20 -- -- -- e2 18 -- 8e 75 57 -- -- 54 -- 5b -- f9 -- -- 33 c2 -- -- d2 6d 98 5a 4b 84 -- 64 -- 40 -- -- -- -- -- -- -- 13 -- 30 -- -- -- cb 4f ea -- ae -- -- a4 -- 94 a8 -- -- -- b6 -- -- -- 25 -- -- -- -- -- 66 -- 53 -- -- 6c -- -- 73 1b da -- e7 -- b4  a 96 9b df 79 -- 67 c8 -- -- -- 80 -- -- e9 -- -- -- -- -- -- -- 29 -- -- -- -- 26 -- -- -- 60 -- --  6 -- 95 -- -- 41 43 9e c1  3 -- -- -- 8b ca -- a1 -- -- 9f -- -- -- ff -- 87 -- -- -- -- -- -- d9 bb 65 -- -- -- -- -- -- 4a 52 -- -- -- -- -- -- -- -- -- -- cc -- -- -- a6  5 -- -- -- -- d8 d7 -- -- -- -- e6 -- 36 -- 63 -- -- -- 19 fd -- -- bf 55 14 eb fb 86 e1 82 69 -- f2 -- -- -- ce 4c 47  c -- -- -- -- -- c0 

solutions so far:0 maxDepth:10 
iterations:39977698  skipped: 11 
Depth skipped: 
0 0 11 0 0 0 0 0 0 0 0 0 0 0 0 0 0 0 0 0 0 0 0 0 0 0 0 0 0 0 0 0 

running time: 4800 sec
 depth:6
 0  1  2  3  4  5  6  7  8  9  a  b  c  d  e  f 10 11 12 13 14 15 16 17 18 19 1a 1b 1c 1d 1e 1f 20 21 22 23 24 25 26 27 28 29 2a 2b 2c 2d 2e 2f 30 31 32 33 34 35 36 37 38 39 3a 3b 3c 3d 3e 3f 40 41 42 43 44 45 46 47 48 49 4a 4b 4c 4d 4e 4f 50 51 52 53 54 55 56 57 58 59 5a 5b 5c 5d 5e 5f 60 61 62 63 64 65 66 67 68 69 6a 6b 6c 6d 6e 6f 70 71 72 73 74 75 76 77 78 79 7a 7b 7c 7d 7e 7f 80 81 82 83 84 85 86 87 88 89 8a 8b 8c 8d 8e 8f 90 91 92 93 94 95 96 97 98 99 9a 9b 9c 9d 9e 9f a0 a1 a2 a3 a4 a5 a6 a7 a8 a9 aa ab ac ad ae af b0 b1 b2 b3 b4 b5 b6 b7 b8 b9 ba bb bc bd be bf c0 c1 c2 c3 c4 c5 c6 c7 c8 c9 ca cb cc cd ce cf d0 d1 d2 d3 d4 d5 d6 d7 d8 d9 da db dc dd de df e0 e1 e2 e3 e4 e5 e6 e7 e8 e9 ea eb ec ed ee ef f0 f1 f2 f3 f4 f5 f6 f7 f8 f9 fa fb fc fd fe ff 
 0  1  2 28  4 a3 50 71  8 a2 91 2c a0 34 e2 -- 10 -- 93 -- f5 -- 58 e7 97 -- 68 -- 13 cb -- 56 20 -- -- -- f1 fc -- 45 3d af -- -- b0 -- 19 -- f9 -- -- 33 d0 -- -- -- 26 7f 41 -- -- -- ac -- 40 -- -- -- -- -- -- -- 35 -- 2f -- -- -- 8a 4f 7a -- 89 -- -- a4 -- 94 b7 -- -- -- 32 -- -- -- 25 -- -- -- -- -- 66 -- 77 -- -- -- -- -- -- -- 4c -- fe -- 82  a --  b -- 79 -- -- 8f -- -- -- 80 -- -- e9 -- -- -- -- -- -- -- 29 -- -- -- -- 6a -- -- -- 5e -- -- 3f -- 47 -- -- c3  d 9e 5d f4 -- -- -- c5 ed -- c8 -- -- 9f -- -- -- ff -- b9 -- -- -- -- -- -- a5 64 9d -- -- -- -- -- -- 4a 52 -- -- -- -- -- -- -- -- -- -- cc -- -- -- ee  5 -- -- -- -- -- d7 -- -- -- -- -- -- -- -- 98 -- -- -- 2b 8e -- -- d3 ba 14 eb -- 1a 16 51 -- -- f2 -- -- -- -- d4 c9 7e -- -- -- -- -- bc 

solutions so far:0 maxDepth:10 
iterations:42942269  skipped: 11 
Depth skipped: 
0 0 11 0 0 0 0 0 0 0 0 0 0 0 0 0 0 0 0 0 0 0 0 0 0 0 0 0 0 0 0 0 

running time: 5100 sec
 depth:7
 0  1  2  3  4  5  6  7  8  9  a  b  c  d  e  f 10 11 12 13 14 15 16 17 18 19 1a 1b 1c 1d 1e 1f 20 21 22 23 24 25 26 27 28 29 2a 2b 2c 2d 2e 2f 30 31 32 33 34 35 36 37 38 39 3a 3b 3c 3d 3e 3f 40 41 42 43 44 45 46 47 48 49 4a 4b 4c 4d 4e 4f 50 51 52 53 54 55 56 57 58 59 5a 5b 5c 5d 5e 5f 60 61 62 63 64 65 66 67 68 69 6a 6b 6c 6d 6e 6f 70 71 72 73 74 75 76 77 78 79 7a 7b 7c 7d 7e 7f 80 81 82 83 84 85 86 87 88 89 8a 8b 8c 8d 8e 8f 90 91 92 93 94 95 96 97 98 99 9a 9b 9c 9d 9e 9f a0 a1 a2 a3 a4 a5 a6 a7 a8 a9 aa ab ac ad ae af b0 b1 b2 b3 b4 b5 b6 b7 b8 b9 ba bb bc bd be bf c0 c1 c2 c3 c4 c5 c6 c7 c8 c9 ca cb cc cd ce cf d0 d1 d2 d3 d4 d5 d6 d7 d8 d9 da db dc dd de df e0 e1 e2 e3 e4 e5 e6 e7 e8 e9 ea eb ec ed ee ef f0 f1 f2 f3 f4 f5 f6 f7 f8 f9 fa fb fc fd fe ff 
 0  1  2 28  4 9b 50 de  8 b3 e1 bf a0 bb 6b 74 10 -- b1 -- 15 -- a9 76 97 -- a1 -- d6 37 e8 e3 20 -- -- -- b5 65 -- 88 2a db -- -- 85 -- ec -- f9 -- -- 33 95 -- -- 38 7b cd 6e e5  7 -- 11 -- 40 -- -- -- -- -- -- -- bd -- ca -- -- -- c7 4f 54 -- 61 -- -- a4 -- 94 dd -- -- --  f -- -- -- 25 -- -- -- -- -- 66 -- fd -- -- 5c -- -- 70 17 f6 -- 4d -- dc  a 1d 5a  e 79 -- a7 22 -- -- -- 80 -- -- e9 -- -- -- -- -- -- -- 29 -- -- -- -- ad -- -- -- 43 -- -- 87 -- 78 -- -- 59 5b 9e 53 a8 -- -- -- c2 c6 -- 3c -- -- 9f -- -- -- ff -- 6d -- -- -- -- -- -- da 1e 63 -- -- -- -- -- -- 4a 52 -- -- -- -- -- -- -- -- -- -- cc -- -- -- 2d  5 -- -- -- -- b8 d7 -- -- -- -- e0 -- 2e -- 3b -- -- -- 9a f0 -- -- 6f a6 14 eb 3a b6 b4 b2 1c -- f2 -- -- -- 99 8d 44 d9 -- -- -- -- -- 86 

solutions so far:0 maxDepth:10 
iterations:46432252  skipped: 11 
Depth skipped: 
0 0 11 0 0 0 0 0 0 0 0 0 0 0 0 0 0 0 0 0 0 0 0 0 0 0 0 0 0 0 0 0 

running time: 5400 sec
 depth:6
 0  1  2  3  4  5  6  7  8  9  a  b  c  d  e  f 10 11 12 13 14 15 16 17 18 19 1a 1b 1c 1d 1e 1f 20 21 22 23 24 25 26 27 28 29 2a 2b 2c 2d 2e 2f 30 31 32 33 34 35 36 37 38 39 3a 3b 3c 3d 3e 3f 40 41 42 43 44 45 46 47 48 49 4a 4b 4c 4d 4e 4f 50 51 52 53 54 55 56 57 58 59 5a 5b 5c 5d 5e 5f 60 61 62 63 64 65 66 67 68 69 6a 6b 6c 6d 6e 6f 70 71 72 73 74 75 76 77 78 79 7a 7b 7c 7d 7e 7f 80 81 82 83 84 85 86 87 88 89 8a 8b 8c 8d 8e 8f 90 91 92 93 94 95 96 97 98 99 9a 9b 9c 9d 9e 9f a0 a1 a2 a3 a4 a5 a6 a7 a8 a9 aa ab ac ad ae af b0 b1 b2 b3 b4 b5 b6 b7 b8 b9 ba bb bc bd be bf c0 c1 c2 c3 c4 c5 c6 c7 c8 c9 ca cb cc cd ce cf d0 d1 d2 d3 d4 d5 d6 d7 d8 d9 da db dc dd de df e0 e1 e2 e3 e4 e5 e6 e7 e8 e9 ea eb ec ed ee ef f0 f1 f2 f3 f4 f5 f6 f7 f8 f9 fa fb fc fd fe ff 
 0  1  2 28  4 93 50 68  8 73 f1 8b a0  c d0 -- 10 -- e6 -- 35 -- c1 2c 97 -- 18 -- 77 ed -- 96 20 -- -- -- 1b 56 -- 84 6a 45 -- -- 55 -- 58 -- f9 -- -- 33 30 -- -- -- ee 67  d -- -- -- fb -- 40 -- -- -- -- -- -- -- 36 -- ac -- -- -- df 4f d4 -- 8a -- -- a4 -- 94 aa -- -- -- b0 -- -- -- 25 -- -- -- -- -- 66 -- 60 -- -- -- -- -- -- --  b -- ce -- 1a  a -- 57 -- 79 -- -- 21 -- -- -- 80 -- -- e9 -- -- -- -- -- -- -- 29 -- -- -- -- 6c -- -- -- 8f -- -- fe -- a5 -- -- 69  3 9e 51 7f -- -- -- c3 ea -- b9 -- -- 9f -- -- -- ff -- 83 -- -- -- -- -- -- d1 b7 75 -- -- -- -- -- -- 4a 52 -- -- -- -- -- -- -- -- -- -- cc -- -- -- c0  5 -- -- -- -- -- d7 -- -- -- -- -- -- -- -- 16 -- -- -- 4b 9d -- -- 34 a2 14 eb --  6 ae d2 -- -- f2 -- -- -- -- d8 42 2b -- -- -- -- -- c9 

solutions so far:0 maxDepth:10 
iterations:49542520  skipped: 11 
Depth skipped: 
0 0 11 0 0 0 0 0 0 0 0 0 0 0 0 0 0 0 0 0 0 0 0 0 0 0 0 0 0 0 0 0 

running time: 5700 sec
 depth:7
 0  1  2  3  4  5  6  7  8  9  a  b  c  d  e  f 10 11 12 13 14 15 16 17 18 19 1a 1b 1c 1d 1e 1f 20 21 22 23 24 25 26 27 28 29 2a 2b 2c 2d 2e 2f 30 31 32 33 34 35 36 37 38 39 3a 3b 3c 3d 3e 3f 40 41 42 43 44 45 46 47 48 49 4a 4b 4c 4d 4e 4f 50 51 52 53 54 55 56 57 58 59 5a 5b 5c 5d 5e 5f 60 61 62 63 64 65 66 67 68 69 6a 6b 6c 6d 6e 6f 70 71 72 73 74 75 76 77 78 79 7a 7b 7c 7d 7e 7f 80 81 82 83 84 85 86 87 88 89 8a 8b 8c 8d 8e 8f 90 91 92 93 94 95 96 97 98 99 9a 9b 9c 9d 9e 9f a0 a1 a2 a3 a4 a5 a6 a7 a8 a9 aa ab ac ad ae af b0 b1 b2 b3 b4 b5 b6 b7 b8 b9 ba bb bc bd be bf c0 c1 c2 c3 c4 c5 c6 c7 c8 c9 ca cb cc cd ce cf d0 d1 d2 d3 d4 d5 d6 d7 d8 d9 da db dc dd de df e0 e1 e2 e3 e4 e5 e6 e7 e8 e9 ea eb ec ed ee ef f0 f1 f2 f3 f4 f5 f6 f7 f8 f9 fa fb fc fd fe ff 
 0  1  2 28  4 8d 50 fe  8 c6 cd ec a0 de 2b c2 10 -- 5b -- 4d --  f 45 97 -- 6b -- 56 35 53 b4 20 -- -- -- b6 88 -- dd 9a b3 -- -- 1e -- 8a -- f9 -- -- 33 d6 -- -- 15 ac fd 6a 86 a6 -- bf -- 40 -- -- -- -- -- -- -- bb -- c7 -- -- -- 6d 4f e3 -- b1 -- -- a4 -- 94 3c -- -- -- c3 -- -- -- 25 -- -- -- -- -- 66 -- 7b -- -- d9 -- -- 2a a8 8f -- 2d -- d4  a db 3b 9b 79 -- ca a9 -- -- -- 80 -- -- e9 -- -- -- -- -- -- -- 29 -- -- -- -- a1 -- -- -- 59 -- -- 22 -- 93 -- -- da dc 9e bd 11 -- -- -- b5 6e -- a2 -- -- 9f -- -- -- ff -- 78 -- -- -- -- -- -- f0 51 37 -- -- -- -- -- -- 4a 52 -- -- -- -- -- -- -- -- -- -- cc -- -- -- f6  5 -- -- -- -- 65 d7 -- -- -- -- 54 -- 87 -- c9 -- -- -- 5a f1 -- -- 7f ad 14 eb 61 6f 76 63 e1 -- f2 -- -- -- 43 95 85 44 -- -- -- -- -- b2 

solutions so far:0 maxDepth:10 
iterations:53417229  skipped: 11 
Depth skipped: 
0 0 11 0 0 0 0 0 0 0 0 0 0 0 0 0 0 0 0 0 0 0 0 0 0 0 0 0 0 0 0 0 

running time: 6000 sec
 depth:7
 0  1  2  3  4  5  6  7  8  9  a  b  c  d  e  f 10 11 12 13 14 15 16 17 18 19 1a 1b 1c 1d 1e 1f 20 21 22 23 24 25 26 27 28 29 2a 2b 2c 2d 2e 2f 30 31 32 33 34 35 36 37 38 39 3a 3b 3c 3d 3e 3f 40 41 42 43 44 45 46 47 48 49 4a 4b 4c 4d 4e 4f 50 51 52 53 54 55 56 57 58 59 5a 5b 5c 5d 5e 5f 60 61 62 63 64 65 66 67 68 69 6a 6b 6c 6d 6e 6f 70 71 72 73 74 75 76 77 78 79 7a 7b 7c 7d 7e 7f 80 81 82 83 84 85 86 87 88 89 8a 8b 8c 8d 8e 8f 90 91 92 93 94 95 96 97 98 99 9a 9b 9c 9d 9e 9f a0 a1 a2 a3 a4 a5 a6 a7 a8 a9 aa ab ac ad ae af b0 b1 b2 b3 b4 b5 b6 b7 b8 b9 ba bb bc bd be bf c0 c1 c2 c3 c4 c5 c6 c7 c8 c9 ca cb cc cd ce cf d0 d1 d2 d3 d4 d5 d6 d7 d8 d9 da db dc dd de df e0 e1 e2 e3 e4 e5 e6 e7 e8 e9 ea eb ec ed ee ef f0 f1 f2 f3 f4 f5 f6 f7 f8 f9 fa fb fc fd fe ff 
 0  1  2 28  4 86 50 be  8 3b db f7 a0 9c ab  e 10 -- 76 -- 61 -- 39 23 97 -- ef -- 81 31 1c 6e 20 -- -- -- ec 15 -- 6b c2 87 -- -- 72 -- 46 -- f9 -- -- 33  9 -- -- 17 d5 78 62 74 38 -- dc -- 40 -- -- -- -- -- -- --  f -- 2a -- -- -- d6 4f 53 -- d9 -- -- a4 -- 94 e4 -- -- -- 8c -- -- -- 25 -- -- -- -- -- 66 -- 12 -- -- 99 -- -- 2e b8 7d -- f0 -- c4  a e8 48 70 79 -- 1d 6f -- -- -- 80 -- -- e9 -- -- -- -- -- -- -- 29 -- -- -- -- 1e -- -- -- 54 -- -- 9b -- 92 -- -- 7b 27 9e ca a6 -- -- -- 65 f8 -- 49 -- -- 9f -- -- -- ff -- 1f -- -- -- -- -- -- 3e cf 7c -- -- -- -- -- -- 4a 52 -- -- -- -- -- -- -- -- -- -- cc -- -- -- 24  5 -- -- -- -- e5 d7 -- -- -- -- 5c -- a7 -- fa -- -- -- 37 f3 -- -- 5f 43 14 eb  7 4e 90 f6 e0 -- f2 -- -- -- 3a 3c de e1 -- -- -- -- -- a8 

solutions so far:0 maxDepth:10 
iterations:57324675  skipped: 11 
Depth skipped: 
0 0 11 0 0 0 0 0 0 0 0 0 0 0 0 0 0 0 0 0 0 0 0 0 0 0 0 0 0 0 0 0 

running time: 6300 sec
 depth:7
 0  1  2  3  4  5  6  7  8  9  a  b  c  d  e  f 10 11 12 13 14 15 16 17 18 19 1a 1b 1c 1d 1e 1f 20 21 22 23 24 25 26 27 28 29 2a 2b 2c 2d 2e 2f 30 31 32 33 34 35 36 37 38 39 3a 3b 3c 3d 3e 3f 40 41 42 43 44 45 46 47 48 49 4a 4b 4c 4d 4e 4f 50 51 52 53 54 55 56 57 58 59 5a 5b 5c 5d 5e 5f 60 61 62 63 64 65 66 67 68 69 6a 6b 6c 6d 6e 6f 70 71 72 73 74 75 76 77 78 79 7a 7b 7c 7d 7e 7f 80 81 82 83 84 85 86 87 88 89 8a 8b 8c 8d 8e 8f 90 91 92 93 94 95 96 97 98 99 9a 9b 9c 9d 9e 9f a0 a1 a2 a3 a4 a5 a6 a7 a8 a9 aa ab ac ad ae af b0 b1 b2 b3 b4 b5 b6 b7 b8 b9 ba bb bc bd be bf c0 c1 c2 c3 c4 c5 c6 c7 c8 c9 ca cb cc cd ce cf d0 d1 d2 d3 d4 d5 d6 d7 d8 d9 da db dc dd de df e0 e1 e2 e3 e4 e5 e6 e7 e8 e9 ea eb ec ed ee ef f0 f1 f2 f3 f4 f5 f6 f7 f8 f9 fa fb fc fd fe ff 
 0  1  2 28  4 7c 50 a8  8 be f8 c1 a0 18 87 64 10 -- ab -- 27 -- 55 86 97 -- 30 -- d9 e1 c8 cf 20 -- -- -- 81 24 -- 31 4e 39 -- -- aa -- db -- f9 -- -- 33 60 -- -- 41 65 23 15 e7 47 -- 49 -- 40 -- -- -- -- -- -- -- d5 -- 48 -- -- -- 62 4f 9c -- 72 -- -- a4 -- 94 83 -- -- -- 61 -- -- -- 25 -- -- -- -- -- 66 -- c0 -- -- 13 -- -- 82 71 ca -- 46 -- 2a  a 19 ae 8e 79 -- 4c 92 -- -- -- 80 -- -- e9 -- -- -- -- -- -- -- 29 -- -- -- -- 7d -- -- -- 90 -- --  9 -- a6 -- -- c4  6 9e 1f ef -- -- -- e4  3 -- 53 -- -- 9f -- -- -- ff -- d1 -- -- -- -- -- -- 75 c2 ea -- -- -- -- -- -- 4a 52 -- -- -- -- -- -- -- -- -- -- cc -- -- -- 57  5 -- -- -- -- 26 d7 -- -- -- -- d3 -- e2 -- 43 -- -- -- 8c 9b -- -- 54 3e 14 eb 32  c 8b 5f cb -- f2 -- -- -- 98 fa f3 12 -- -- -- -- -- f7 

solutions so far:0 maxDepth:10 
iterations:61747819  skipped: 13 
Depth skipped: 
0 0 13 0 0 0 0 0 0 0 0 0 0 0 0 0 0 0 0 0 0 0 0 0 0 0 0 0 0 0 0 0 

running time: 6600 sec
 depth:7
 0  1  2  3  4  5  6  7  8  9  a  b  c  d  e  f 10 11 12 13 14 15 16 17 18 19 1a 1b 1c 1d 1e 1f 20 21 22 23 24 25 26 27 28 29 2a 2b 2c 2d 2e 2f 30 31 32 33 34 35 36 37 38 39 3a 3b 3c 3d 3e 3f 40 41 42 43 44 45 46 47 48 49 4a 4b 4c 4d 4e 4f 50 51 52 53 54 55 56 57 58 59 5a 5b 5c 5d 5e 5f 60 61 62 63 64 65 66 67 68 69 6a 6b 6c 6d 6e 6f 70 71 72 73 74 75 76 77 78 79 7a 7b 7c 7d 7e 7f 80 81 82 83 84 85 86 87 88 89 8a 8b 8c 8d 8e 8f 90 91 92 93 94 95 96 97 98 99 9a 9b 9c 9d 9e 9f a0 a1 a2 a3 a4 a5 a6 a7 a8 a9 aa ab ac ad ae af b0 b1 b2 b3 b4 b5 b6 b7 b8 b9 ba bb bc bd be bf c0 c1 c2 c3 c4 c5 c6 c7 c8 c9 ca cb cc cd ce cf d0 d1 d2 d3 d4 d5 d6 d7 d8 d9 da db dc dd de df e0 e1 e2 e3 e4 e5 e6 e7 e8 e9 ea eb ec ed ee ef f0 f1 f2 f3 f4 f5 f6 f7 f8 f9 fa fb fc fd fe ff 
 0  1  2 28  4 6f 50 9d  8 7c de ab a0 92 ed 15 10 -- f8 -- 6b -- 81 d0 97 -- f3 --  d b0 2a 48 20 -- -- -- 27 ec -- 72 d6 78 -- -- d5 -- 77 -- f9 -- -- 33 31 -- -- d9 1a  9 b7 a6 54 -- 90 -- 40 -- -- -- -- -- -- -- 4e --  f -- -- -- e4 4f 7b -- f0 -- -- a4 -- 94 7d -- -- -- ee -- -- -- 25 -- -- -- -- -- 66 -- 62 -- -- db -- -- 65 43 34 -- 12 -- b9  a 9b 5f a8 79 -- c2 f7 -- -- -- 80 -- -- e9 -- -- -- -- -- -- -- 29 -- -- -- -- 9c -- -- -- 1e -- -- 3b -- 2c -- -- 1f cf 9e 6e f6 -- -- -- 37 8c -- 16 -- -- 9f -- -- -- ff -- fa -- -- -- -- -- -- 23  b 46 -- -- -- -- -- -- 4a 52 -- -- -- -- -- -- -- -- -- -- cc -- -- -- c4  5 -- -- -- -- 61 d7 -- -- -- -- ca -- 86 -- 68 -- -- -- 24 58 -- -- a5 dc 14 eb e1 49 be 3e 87 -- f2 -- -- -- 53 ef 39 76 -- -- -- -- -- 3c 

solutions so far:0 maxDepth:10 
iterations:67421353  skipped: 15 
Depth skipped: 
0 0 15 0 0 0 0 0 0 0 0 0 0 0 0 0 0 0 0 0 0 0 0 0 0 0 0 0 0 0 0 0 

running time: 6900 sec
 depth:7
 0  1  2  3  4  5  6  7  8  9  a  b  c  d  e  f 10 11 12 13 14 15 16 17 18 19 1a 1b 1c 1d 1e 1f 20 21 22 23 24 25 26 27 28 29 2a 2b 2c 2d 2e 2f 30 31 32 33 34 35 36 37 38 39 3a 3b 3c 3d 3e 3f 40 41 42 43 44 45 46 47 48 49 4a 4b 4c 4d 4e 4f 50 51 52 53 54 55 56 57 58 59 5a 5b 5c 5d 5e 5f 60 61 62 63 64 65 66 67 68 69 6a 6b 6c 6d 6e 6f 70 71 72 73 74 75 76 77 78 79 7a 7b 7c 7d 7e 7f 80 81 82 83 84 85 86 87 88 89 8a 8b 8c 8d 8e 8f 90 91 92 93 94 95 96 97 98 99 9a 9b 9c 9d 9e 9f a0 a1 a2 a3 a4 a5 a6 a7 a8 a9 aa ab ac ad ae af b0 b1 b2 b3 b4 b5 b6 b7 b8 b9 ba bb bc bd be bf c0 c1 c2 c3 c4 c5 c6 c7 c8 c9 ca cb cc cd ce cf d0 d1 d2 d3 d4 d5 d6 d7 d8 d9 da db dc dd de df e0 e1 e2 e3 e4 e5 e6 e7 e8 e9 ea eb ec ed ee ef f0 f1 f2 f3 f4 f5 f6 f7 f8 f9 fa fb fc fd fe ff 
 0  1  2 28  4 63 50 74  8 12 c6 91 a0 bc e8 2b 10 -- 24 -- 5b -- f5 70 97 -- af --  7 99 56 3e 20 -- -- -- 48 2d -- 4e b6 a9 -- -- 3d -- e0 -- f9 -- -- 33 89 -- -- 45  e 72 e5 d4 ac -- 7c -- 40 -- -- -- -- -- -- -- 90 -- 5a -- -- -- 9c 4f bb -- 85 -- -- a4 -- 94 7a -- -- -- 17 -- -- -- 25 -- -- -- -- -- 66 -- c5 -- -- 93 -- -- 8a 51 1c -- e4 -- 1d  a 7f ba 8f 79 -- 35 f8 -- -- -- 80 -- -- e9 -- -- -- -- -- -- -- 29 -- -- -- -- f7 -- -- -- b4 -- -- 95 -- b8 -- -- ef 2f 9e 6d a1 -- -- -- dd fc -- 5c -- -- 9f -- -- -- ff -- f4 -- -- -- -- -- -- 3f 2e 7e -- -- -- -- -- -- 4a 52 -- -- -- -- -- -- -- -- -- -- cc -- -- -- 5d  5 -- -- -- -- f1 d7 -- -- -- -- c3 -- a2 -- 38 -- -- -- 1f a7 -- -- 3a da 14 eb fe 5e a3  9 c9 -- f2 -- -- -- 6a 39 27 fd -- -- -- -- -- bf 

solutions so far:0 maxDepth:10 
iterations:72914974  skipped: 17 
Depth skipped: 
0 0 17 0 0 0 0 0 0 0 0 0 0 0 0 0 0 0 0 0 0 0 0 0 0 0 0 0 0 0 0 0 

running time: 7200 sec
 depth:7
 0  1  2  3  4  5  6  7  8  9  a  b  c  d  e  f 10 11 12 13 14 15 16 17 18 19 1a 1b 1c 1d 1e 1f 20 21 22 23 24 25 26 27 28 29 2a 2b 2c 2d 2e 2f 30 31 32 33 34 35 36 37 38 39 3a 3b 3c 3d 3e 3f 40 41 42 43 44 45 46 47 48 49 4a 4b 4c 4d 4e 4f 50 51 52 53 54 55 56 57 58 59 5a 5b 5c 5d 5e 5f 60 61 62 63 64 65 66 67 68 69 6a 6b 6c 6d 6e 6f 70 71 72 73 74 75 76 77 78 79 7a 7b 7c 7d 7e 7f 80 81 82 83 84 85 86 87 88 89 8a 8b 8c 8d 8e 8f 90 91 92 93 94 95 96 97 98 99 9a 9b 9c 9d 9e 9f a0 a1 a2 a3 a4 a5 a6 a7 a8 a9 aa ab ac ad ae af b0 b1 b2 b3 b4 b5 b6 b7 b8 b9 ba bb bc bd be bf c0 c1 c2 c3 c4 c5 c6 c7 c8 c9 ca cb cc cd ce cf d0 d1 d2 d3 d4 d5 d6 d7 d8 d9 da db dc dd de df e0 e1 e2 e3 e4 e5 e6 e7 e8 e9 ea eb ec ed ee ef f0 f1 f2 f3 f4 f5 f6 f7 f8 f9 fa fb fc fd fe ff 
 0  1  2 28  4 57 50 95  8  e ae 67 a0 d2 fd 8e 10 -- 1c -- 8b -- ce a9 97 -- 73 -- 2d 5b cb a7 20 -- -- -- 38 75 -- 3a c1  c -- -- 4b -- 85 -- f9 -- -- 33 e6 -- -- 71 5a 2e b6 64 41 -- 99 -- 40 -- -- -- -- -- -- -- 70 -- ea -- -- -- 74 4f 55 -- 18 -- -- a4 -- 94 96 -- -- -- dd -- -- -- 25 -- -- -- -- -- 66 -- 1b -- -- 98 -- -- e2 26 b4 -- 5c -- bb  a c8 6c 82 79 -- 19 e5 -- -- -- 80 -- -- e9 -- -- -- -- -- -- -- 29 -- -- -- -- e0 -- -- --  3 -- -- 83 -- 63 -- -- e8 df 9e 60 aa -- -- -- 30 84 -- da -- -- 9f -- -- -- ff -- fb -- -- -- -- -- -- 21 6d 42 -- -- -- -- -- -- 4a 52 -- -- -- -- -- -- -- -- -- -- cc -- -- -- 36  5 -- -- -- -- e7 d7 -- -- -- -- 13 -- 4c -- bf -- -- -- b8 c6 -- -- a1 c0 14 eb 47 69 d8  7 d3 -- f2 -- -- -- 32 17 1d d1 -- -- -- -- --  6 

solutions so far:0 maxDepth:10 
iterations:78540270  skipped: 19 
Depth skipped: 
0 0 19 0 0 0 0 0 0 0 0 0 0 0 0 0 0 0 0 0 0 0 0 0 0 0 0 0 0 0 0 0 

running time: 7500 sec
 depth:8
 0  1  2  3  4  5  6  7  8  9  a  b  c  d  e  f 10 11 12 13 14 15 16 17 18 19 1a 1b 1c 1d 1e 1f 20 21 22 23 24 25 26 27 28 29 2a 2b 2c 2d 2e 2f 30 31 32 33 34 35 36 37 38 39 3a 3b 3c 3d 3e 3f 40 41 42 43 44 45 46 47 48 49 4a 4b 4c 4d 4e 4f 50 51 52 53 54 55 56 57 58 59 5a 5b 5c 5d 5e 5f 60 61 62 63 64 65 66 67 68 69 6a 6b 6c 6d 6e 6f 70 71 72 73 74 75 76 77 78 79 7a 7b 7c 7d 7e 7f 80 81 82 83 84 85 86 87 88 89 8a 8b 8c 8d 8e 8f 90 91 92 93 94 95 96 97 98 99 9a 9b 9c 9d 9e 9f a0 a1 a2 a3 a4 a5 a6 a7 a8 a9 aa ab ac ad ae af b0 b1 b2 b3 b4 b5 b6 b7 b8 b9 ba bb bc bd be bf c0 c1 c2 c3 c4 c5 c6 c7 c8 c9 ca cb cc cd ce cf d0 d1 d2 d3 d4 d5 d6 d7 d8 d9 da db dc dd de df e0 e1 e2 e3 e4 e5 e6 e7 e8 e9 ea eb ec ed ee ef f0 f1 f2 f3 f4 f5 f6 f7 f8 f9 fa fb fc fd fe ff 
 0  1  2 28  4 4b 50 63  8 dc 96 57 a0  3 c6 ac 10 b9 6f -- fb -- ae 95 97 --  6 -- 5b 85 8f ec 20 -- a5 -- de d2 -- 78 21 36 -- -- 8b -- fd -- f9 -- -- 33  c -- -- c3 b6 f6 dd fe c9 --  f -- 40 -- -- -- 9d -- -- -- 6b -- 73 -- -- 58 f0 4f 42 -- 6c -- -- a4 -- 94 c1 1a -- -- 2d -- -- -- 25 -- -- -- -- -- 66 -- 18 -- -- 35 -- -- 51 93 bb -- 3b -- 6d  a 2b 60 45 79 -- d4 1e -- -- -- 80 -- -- e9 -- -- -- -- ed -- -- 29 -- 16 -- -- d6 -- -- -- e6 -- -- df -- bf b0 -- 37 75 9e 67 84 -- -- -- d8 d1 -- b4 -- -- 9f -- --  b ff -- 55 d0 34 68 -- 77 -- aa 5a 83 -- -- -- ee -- -- 4a 52 -- -- -- -- --  d -- -- -- -- cc 2c -- -- 30  5 -- -- -- -- 6a d7 -- -- -- -- a2 -- f1 -- a1 -- -- b7 76 a9 -- -- da ce 14 eb 56 ea c0 6e 8a -- f2 -- -- -- 7f 7b 3c 69 -- -- -- -- -- 1b 

solutions so far:0 maxDepth:10 
iterations:83552639  skipped: 19 
Depth skipped: 
0 0 19 0 0 0 0 0 0 0 0 0 0 0 0 0 0 0 0 0 0 0 0 0 0 0 0 0 0 0 0 0 

running time: 7800 sec
 depth:7
 0  1  2  3  4  5  6  7  8  9  a  b  c  d  e  f 10 11 12 13 14 15 16 17 18 19 1a 1b 1c 1d 1e 1f 20 21 22 23 24 25 26 27 28 29 2a 2b 2c 2d 2e 2f 30 31 32 33 34 35 36 37 38 39 3a 3b 3c 3d 3e 3f 40 41 42 43 44 45 46 47 48 49 4a 4b 4c 4d 4e 4f 50 51 52 53 54 55 56 57 58 59 5a 5b 5c 5d 5e 5f 60 61 62 63 64 65 66 67 68 69 6a 6b 6c 6d 6e 6f 70 71 72 73 74 75 76 77 78 79 7a 7b 7c 7d 7e 7f 80 81 82 83 84 85 86 87 88 89 8a 8b 8c 8d 8e 8f 90 91 92 93 94 95 96 97 98 99 9a 9b 9c 9d 9e 9f a0 a1 a2 a3 a4 a5 a6 a7 a8 a9 aa ab ac ad ae af b0 b1 b2 b3 b4 b5 b6 b7 b8 b9 ba bb bc bd be bf c0 c1 c2 c3 c4 c5 c6 c7 c8 c9 ca cb cc cd ce cf d0 d1 d2 d3 d4 d5 d6 d7 d8 d9 da db dc dd de df e0 e1 e2 e3 e4 e5 e6 e7 e8 e9 ea eb ec ed ee ef f0 f1 f2 f3 f4 f5 f6 f7 f8 f9 fa fb fc fd fe ff 
 0  1  2 28  4 42 50 c9  8 e3 84 b8 a0 1c 45 76 10 -- 11 -- df -- a7 93 97 -- 38 -- 8a 2b ec b1 20 -- -- -- 22 36 -- 8d 69 ce -- -- 99 -- f1 -- f9 -- -- 33 70 -- -- 78 c3 59 56 7b  f -- b5 -- 40 -- -- -- -- -- -- -- 44 -- 6c -- -- -- cd 4f d2 -- 4b -- -- a4 -- 94 e5 -- -- -- 35 -- -- -- 25 -- -- -- -- -- 66 -- e0 -- -- 6f -- -- f0 6e 51 -- b2 -- ac  a f6 2e 1e 79 -- 6b bd -- -- -- 80 -- -- e9 -- -- -- -- -- -- -- 29 -- -- -- -- 88 -- -- -- d8 -- -- e6 -- 7f -- -- 4d  7 9e fb 73 -- -- -- 96 e8 -- d4 -- -- 9f -- -- -- ff -- 1d -- -- -- -- -- -- 3a 6a 74 -- -- -- -- -- -- 4a 52 -- -- -- -- -- -- -- -- -- -- cc -- -- -- 17  5 -- -- -- -- de d7 -- -- -- -- 37 -- dc -- a2 -- -- -- b3 fe -- -- 8f 21 14 eb 3b  e 5c 9a 3c -- f2 -- -- -- d6 c7 ad 1b -- -- -- -- -- 67 

solutions so far:0 maxDepth:10 
iterations:88280829  skipped: 20 
Depth skipped: 
0 0 20 0 0 0 0 0 0 0 0 0 0 0 0 0 0 0 0 0 0 0 0 0 0 0 0 0 0 0 0 0 

running time: 8100 sec
 depth:7
 0  1  2  3  4  5  6  7  8  9  a  b  c  d  e  f 10 11 12 13 14 15 16 17 18 19 1a 1b 1c 1d 1e 1f 20 21 22 23 24 25 26 27 28 29 2a 2b 2c 2d 2e 2f 30 31 32 33 34 35 36 37 38 39 3a 3b 3c 3d 3e 3f 40 41 42 43 44 45 46 47 48 49 4a 4b 4c 4d 4e 4f 50 51 52 53 54 55 56 57 58 59 5a 5b 5c 5d 5e 5f 60 61 62 63 64 65 66 67 68 69 6a 6b 6c 6d 6e 6f 70 71 72 73 74 75 76 77 78 79 7a 7b 7c 7d 7e 7f 80 81 82 83 84 85 86 87 88 89 8a 8b 8c 8d 8e 8f 90 91 92 93 94 95 96 97 98 99 9a 9b 9c 9d 9e 9f a0 a1 a2 a3 a4 a5 a6 a7 a8 a9 aa ab ac ad ae af b0 b1 b2 b3 b4 b5 b6 b7 b8 b9 ba bb bc bd be bf c0 c1 c2 c3 c4 c5 c6 c7 c8 c9 ca cb cc cd ce cf d0 d1 d2 d3 d4 d5 d6 d7 d8 d9 da db dc dd de df e0 e1 e2 e3 e4 e5 e6 e7 e8 e9 ea eb ec ed ee ef f0 f1 f2 f3 f4 f5 f6 f7 f8 f9 fa fb fc fd fe ff 
 0  1  2 28  4 35 50 ba  8 34 6a 4d a0 b3 a3 d3 10 -- 68 -- d4 -- 9a f4 97 -- b1 -- 91 af 71 b0 20 -- -- -- d0 8f -- 9d 7f c3 -- -- e3 -- 3f -- f9 -- -- 33 b5 -- -- 4c f5 16 89 cb e2 -- b7 -- 40 -- -- -- -- -- -- -- 77 -- c9 -- -- -- ed 4f fe -- 51 -- -- a4 -- 94 11 -- -- -- 7e -- -- -- 25 -- -- -- -- -- 66 -- bd -- -- 64 -- -- 98 19 3d -- 2c -- c5  a 41 8d 13 79 -- 47 b9 -- -- -- 80 -- -- e9 -- -- -- -- -- -- -- 29 -- -- -- -- ee -- -- -- 45 -- -- 56 -- 5e -- --  d 59 9e 93 2b -- -- -- a2 c7 -- 2f -- -- 9f -- -- -- ff -- 22 -- -- -- -- -- -- 44 fc 88 -- -- -- -- -- -- 4a 52 -- -- -- -- -- -- -- -- -- -- cc -- -- -- ad  5 -- -- -- -- c8 d7 -- -- -- -- e7 -- 32 -- 7a -- -- -- 58 bc -- -- 5d f1 14 eb 82 b2 cd 1a 26 -- f2 -- -- -- 8e  b a5 ac -- -- -- -- -- 8a 

solutions so far:0 maxDepth:10 
iterations:93756084  skipped: 22 
Depth skipped: 
0 0 22 0 0 0 0 0 0 0 0 0 0 0 0 0 0 0 0 0 0 0 0 0 0 0 0 0 0 0 0 0 

running time: 8400 sec
 depth:7
 0  1  2  3  4  5  6  7  8  9  a  b  c  d  e  f 10 11 12 13 14 15 16 17 18 19 1a 1b 1c 1d 1e 1f 20 21 22 23 24 25 26 27 28 29 2a 2b 2c 2d 2e 2f 30 31 32 33 34 35 36 37 38 39 3a 3b 3c 3d 3e 3f 40 41 42 43 44 45 46 47 48 49 4a 4b 4c 4d 4e 4f 50 51 52 53 54 55 56 57 58 59 5a 5b 5c 5d 5e 5f 60 61 62 63 64 65 66 67 68 69 6a 6b 6c 6d 6e 6f 70 71 72 73 74 75 76 77 78 79 7a 7b 7c 7d 7e 7f 80 81 82 83 84 85 86 87 88 89 8a 8b 8c 8d 8e 8f 90 91 92 93 94 95 96 97 98 99 9a 9b 9c 9d 9e 9f a0 a1 a2 a3 a4 a5 a6 a7 a8 a9 aa ab ac ad ae af b0 b1 b2 b3 b4 b5 b6 b7 b8 b9 ba bb bc bd be bf c0 c1 c2 c3 c4 c5 c6 c7 c8 c9 ca cb cc cd ce cf d0 d1 d2 d3 d4 d5 d6 d7 d8 d9 da db dc dd de df e0 e1 e2 e3 e4 e5 e6 e7 e8 e9 ea eb ec ed ee ef f0 f1 f2 f3 f4 f5 f6 f7 f8 f9 fa fb fc fd fe ff 
 0  1  2 28  4 2b 50 31  8 7c 56 2c a0 34 62 3a 10 -- f8 -- ac -- 58 81 97 -- 68 -- c4 cf 74 48 20 -- -- -- 27 51 -- 72 8f 35 -- -- b0 -- d5 -- f9 -- -- 33 d0 -- -- 1c 5f  9 49 99 e8 -- 90 -- 40 -- -- -- -- -- -- -- 4e -- a2 -- -- -- e4 4f c9 -- 6a -- -- a4 -- 94 b7 -- -- -- 7d -- -- -- 25 -- -- -- -- -- 66 -- 77 -- -- 2e -- -- 38 e0 be -- 12 -- 92  a e5  b  7 79 -- b8 f7 -- -- -- 80 -- -- e9 -- -- -- -- -- -- -- 29 -- -- -- -- 9c -- -- -- 93 -- -- 8a -- 46 -- -- 1f  d 9e 7f 45 -- -- -- d4 ed -- 23 -- -- 9f -- -- -- ff -- b9 -- -- -- -- -- -- a5 fa 9d -- -- -- -- -- -- 4a 52 -- -- -- -- -- -- -- -- -- -- cc -- -- -- ee  5 -- -- -- -- 5c d7 -- -- -- -- 70 -- 17 -- ab -- -- -- 24 8c -- -- f3 fe 14 eb 1d 1a 16 3e  e -- f2 -- -- -- a7 ef 39 c3 -- -- -- -- -- f1 

solutions so far:0 maxDepth:10 
iterations:99269783  skipped: 22 
Depth skipped: 
0 0 22 0 0 0 0 0 0 0 0 0 0 0 0 0 0 0 0 0 0 0 0 0 0 0 0 0 0 0 0 0 

running time: 8700 sec
 depth:7
 0  1  2  3  4  5  6  7  8  9  a  b  c  d  e  f 10 11 12 13 14 15 16 17 18 19 1a 1b 1c 1d 1e 1f 20 21 22 23 24 25 26 27 28 29 2a 2b 2c 2d 2e 2f 30 31 32 33 34 35 36 37 38 39 3a 3b 3c 3d 3e 3f 40 41 42 43 44 45 46 47 48 49 4a 4b 4c 4d 4e 4f 50 51 52 53 54 55 56 57 58 59 5a 5b 5c 5d 5e 5f 60 61 62 63 64 65 66 67 68 69 6a 6b 6c 6d 6e 6f 70 71 72 73 74 75 76 77 78 79 7a 7b 7c 7d 7e 7f 80 81 82 83 84 85 86 87 88 89 8a 8b 8c 8d 8e 8f 90 91 92 93 94 95 96 97 98 99 9a 9b 9c 9d 9e 9f a0 a1 a2 a3 a4 a5 a6 a7 a8 a9 aa ab ac ad ae af b0 b1 b2 b3 b4 b5 b6 b7 b8 b9 ba bb bc bd be bf c0 c1 c2 c3 c4 c5 c6 c7 c8 c9 ca cb cc cd ce cf d0 d1 d2 d3 d4 d5 d6 d7 d8 d9 da db dc dd de df e0 e1 e2 e3 e4 e5 e6 e7 e8 e9 ea eb ec ed ee ef f0 f1 f2 f3 f4 f5 f6 f7 f8 f9 fa fb fc fd fe ff 
 0  1  2 28  4 1d 50 55  8 72 3a be a0 49 aa 5e 10 -- e4 -- 74 -- ab  3 97 -- 92 -- 83 57 bc ef 20 -- -- -- 1f 70 -- 48 e8 5c -- -- 81 --  6 -- f9 -- -- 33 f3 -- -- 5d d1 27 ae 7e af --  9 -- 40 -- -- -- -- -- -- -- 3e -- e0 -- -- -- 90 4f  7 -- b8 -- -- a4 -- 94 d5 -- -- --  c -- -- -- 25 -- -- -- -- -- 66 -- 31 -- -- 3d -- -- ba 91 75 -- 4e -- 8b  a fc c4 89 79 -- f4 12 -- -- -- 80 -- -- e9 -- -- -- -- -- -- -- 29 -- -- -- -- 7c -- -- -- 17 -- -- 1c -- 60 -- -- f7 8c 9e 99  e -- -- -- a7 46 -- 30 -- -- 9f -- -- -- ff -- 7d -- -- -- -- -- -- fa 18 23 -- -- -- -- -- -- 4a 52 -- -- -- -- -- -- -- -- -- -- cc -- -- -- 62  5 -- -- -- -- 7a d7 -- -- -- -- a3 -- f5 -- ea -- -- -- 9c c0 -- -- c1 e5 14 eb 2f cf 5f 39 c5 -- f2 -- -- -- 3f f8 24 38 -- -- -- -- -- 2e 

solutions so far:0 maxDepth:10 
iterations:104857967  skipped: 24 
Depth skipped: 
0 0 24 0 0 0 0 0 0 0 0 0 0 0 0 0 0 0 0 0 0 0 0 0 0 0 0 0 0 0 0 0 

running time: 9000 sec
 depth:7
 0  1  2  3  4  5  6  7  8  9  a  b  c  d  e  f 10 11 12 13 14 15 16 17 18 19 1a 1b 1c 1d 1e 1f 20 21 22 23 24 25 26 27 28 29 2a 2b 2c 2d 2e 2f 30 31 32 33 34 35 36 37 38 39 3a 3b 3c 3d 3e 3f 40 41 42 43 44 45 46 47 48 49 4a 4b 4c 4d 4e 4f 50 51 52 53 54 55 56 57 58 59 5a 5b 5c 5d 5e 5f 60 61 62 63 64 65 66 67 68 69 6a 6b 6c 6d 6e 6f 70 71 72 73 74 75 76 77 78 79 7a 7b 7c 7d 7e 7f 80 81 82 83 84 85 86 87 88 89 8a 8b 8c 8d 8e 8f 90 91 92 93 94 95 96 97 98 99 9a 9b 9c 9d 9e 9f a0 a1 a2 a3 a4 a5 a6 a7 a8 a9 aa ab ac ad ae af b0 b1 b2 b3 b4 b5 b6 b7 b8 b9 ba bb bc bd be bf c0 c1 c2 c3 c4 c5 c6 c7 c8 c9 ca cb cc cd ce cf d0 d1 d2 d3 d4 d5 d6 d7 d8 d9 da db dc dd de df e0 e1 e2 e3 e4 e5 e6 e7 e8 e9 ea eb ec ed ee ef f0 f1 f2 f3 f4 f5 f6 f7 f8 f9 fa fb fc fd fe ff 
 0  1  2 28  4 11 50 cb  8 1e 22 65 a0 e1 41 1f 10 -- 3c -- 44 -- ca 13 97 -- 15 -- 82 64 3e 6b 20 -- -- -- 78 b1 -- 3b 88 8d -- -- 43 -- 26 -- f9 -- -- 33 2a -- -- 4e d3 dc c8 39 7c -- d6 -- 40 -- -- -- -- -- -- -- f0 -- b5 -- -- -- 76 4f c7 -- cd -- -- a4 -- 94 86 -- -- -- 4c -- -- -- 25 -- -- -- -- -- 66 -- 54 -- -- 24 -- -- 9c  9 71 -- 6f -- 47  a 72 87 f8 79 -- 90 7b -- -- -- 80 -- -- e9 -- -- -- -- -- -- -- 29 -- -- -- -- 37 -- -- -- bd -- -- b2 -- 19 -- -- ec a6 9e 9a 59 -- -- -- 4d 53 -- e7 -- -- 9f -- -- -- ff -- db -- -- -- -- -- -- 61 98 c2 -- -- -- -- -- -- 4a 52 -- -- -- -- -- -- -- -- -- -- cc -- -- -- a8  5 -- -- -- -- 48 d7 -- -- -- -- ef -- 12 -- e2 -- -- -- de 32 -- -- 8e e3 14 eb e4 9b d9  f 27 -- f2 -- -- -- f7 6e f6 b3 -- -- -- -- -- ad 

solutions so far:0 maxDepth:10 
iterations:110538550  skipped: 25 
Depth skipped: 
0 0 25 0 0 0 0 0 0 0 0 0 0 0 0 0 0 0 0 0 0 0 0 0 0 0 0 0 0 0 0 0 

running time: 9300 sec

Finished. Total running time: 9538 sec
