Search S-boxes invariant for matrix: 
{0x00,0x02,0x04,0x06,0x08,0x0a,0x0c,0x0e,0x10,0x12,0x14,0x16,0x18,0x1a,0x1c,0x1e,0x20,0x22,0x24,0x26,0x28,0x2a,0x2c,0x2e,0x30,0x32,0x34,0x36,0x38,0x3a,0x3c,0x3e,0x40,0x42,0x44,0x46,0x48,0x4a,0x4c,0x4e,0x50,0x52,0x54,0x56,0x58,0x5a,0x5c,0x5e,0x60,0x62,0x64,0x66,0x68,0x6a,0x6c,0x6e,0x70,0x72,0x74,0x76,0x78,0x7a,0x7c,0x7e,0x80,0x82,0x84,0x86,0x88,0x8a,0x8c,0x8e,0x90,0x92,0x94,0x96,0x98,0x9a,0x9c,0x9e,0xa0,0xa2,0xa4,0xa6,0xa8,0xaa,0xac,0xae,0xb0,0xb2,0xb4,0xb6,0xb8,0xba,0xbc,0xbe,0xc0,0xc2,0xc4,0xc6,0xc8,0xca,0xcc,0xce,0xd0,0xd2,0xd4,0xd6,0xd8,0xda,0xdc,0xde,0xe0,0xe2,0xe4,0xe6,0xe8,0xea,0xec,0xee,0xf0,0xf2,0xf4,0xf6,0xf8,0xfa,0xfc,0xfe,0xd7,0xd5,0xd3,0xd1,0xdf,0xdd,0xdb,0xd9,0xc7,0xc5,0xc3,0xc1,0xcf,0xcd,0xcb,0xc9,0xf7,0xf5,0xf3,0xf1,0xff,0xfd,0xfb,0xf9,0xe7,0xe5,0xe3,0xe1,0xef,0xed,0xeb,0xe9,0x97,0x95,0x93,0x91,0x9f,0x9d,0x9b,0x99,0x87,0x85,0x83,0x81,0x8f,0x8d,0x8b,0x89,0xb7,0xb5,0xb3,0xb1,0xbf,0xbd,0xbb,0xb9,0xa7,0xa5,0xa3,0xa1,0xaf,0xad,0xab,0xa9,0x57,0x55,0x53,0x51,0x5f,0x5d,0x5b,0x59,0x47,0x45,0x43,0x41,0x4f,0x4d,0x4b,0x49,0x77,0x75,0x73,0x71,0x7f,0x7d,0x7b,0x79,0x67,0x65,0x63,0x61,0x6f,0x6d,0x6b,0x69,0x17,0x15,0x13,0x11,0x1f,0x1d,0x1b,0x19,0x07,0x05,0x03,0x01,0x0f,0x0d,0x0b,0x09,0x37,0x35,0x33,0x31,0x3f,0x3d,0x3b,0x39,0x27,0x25,0x23,0x21,0x2f,0x2d,0x2b,0x29};



 depth:6
 0  1  2  3  4  5  6  7  8  9  a  b  c  d  e  f 10 11 12 13 14 15 16 17 18 19 1a 1b 1c 1d 1e 1f 20 21 22 23 24 25 26 27 28 29 2a 2b 2c 2d 2e 2f 30 31 32 33 34 35 36 37 38 39 3a 3b 3c 3d 3e 3f 40 41 42 43 44 45 46 47 48 49 4a 4b 4c 4d 4e 4f 50 51 52 53 54 55 56 57 58 59 5a 5b 5c 5d 5e 5f 60 61 62 63 64 65 66 67 68 69 6a 6b 6c 6d 6e 6f 70 71 72 73 74 75 76 77 78 79 7a 7b 7c 7d 7e 7f 80 81 82 83 84 85 86 87 88 89 8a 8b 8c 8d 8e 8f 90 91 92 93 94 95 96 97 98 99 9a 9b 9c 9d 9e 9f a0 a1 a2 a3 a4 a5 a6 a7 a8 a9 aa ab ac ad ae af b0 b1 b2 b3 b4 b5 b6 b7 b8 b9 ba bb bc bd be bf c0 c1 c2 c3 c4 c5 c6 c7 c8 c9 ca cb cc cd ce cf d0 d1 d2 d3 d4 d5 d6 d7 d8 d9 da db dc dd de df e0 e1 e2 e3 e4 e5 e6 e7 e8 e9 ea eb ec ed ee ef f0 f1 f2 f3 f4 f5 f6 f7 f8 f9 fa fb fc fd fe ff 
 0  1  2 2a  4 fd 54 36  8 f8 2d d5 a8 31 6c -- 10 -- 27 -- 5a -- 7d 96 87 -- 62 -- d8 d2 -- 90 20 -- -- -- 4e 6d -- e4 b4 5b -- -- fa -- fb -- d9 -- -- 33 c4 -- -- -- 67 12 73 -- -- -- f7 -- 40 -- -- -- -- -- -- -- 9c -- da -- -- -- 1f 4f bf -- b6 -- -- c2 -- 43 23 -- -- -- 21 -- -- -- 65 -- -- -- -- -- 66 -- 5f -- -- -- -- -- -- -- ce -- 24 -- e6 e1 -- ab -- 79 -- -- 39 -- -- -- 80 -- -- a6 -- -- -- -- -- -- -- db -- -- -- -- ef -- -- -- 63 -- -- 85 -- df -- -- 3e 92 9e a1 a9 -- -- -- bb 49 -- 84 -- -- 53 -- -- -- 86 -- 46 -- -- -- -- -- -- 8c 42 cf -- -- -- -- -- -- ca 61 -- -- -- -- -- -- -- -- -- -- cc -- -- -- be 9b -- -- -- -- -- d7 -- -- -- -- -- -- -- -- 4b -- -- -- 48 69 -- -- 1b 95 15 eb -- f3 81 7c -- -- f2 -- -- -- --  9 72 dd -- -- -- -- -- c6 

solutions so far:0 maxDepth:9 
iterations:1985887  skipped: 0 
Depth skipped: 
0 0 0 0 0 0 0 0 0 0 0 0 0 0 0 0 0 0 0 0 0 0 0 0 0 0 0 0 0 0 0 0 

running time: 300 sec
 depth:7
 0  1  2  3  4  5  6  7  8  9  a  b  c  d  e  f 10 11 12 13 14 15 16 17 18 19 1a 1b 1c 1d 1e 1f 20 21 22 23 24 25 26 27 28 29 2a 2b 2c 2d 2e 2f 30 31 32 33 34 35 36 37 38 39 3a 3b 3c 3d 3e 3f 40 41 42 43 44 45 46 47 48 49 4a 4b 4c 4d 4e 4f 50 51 52 53 54 55 56 57 58 59 5a 5b 5c 5d 5e 5f 60 61 62 63 64 65 66 67 68 69 6a 6b 6c 6d 6e 6f 70 71 72 73 74 75 76 77 78 79 7a 7b 7c 7d 7e 7f 80 81 82 83 84 85 86 87 88 89 8a 8b 8c 8d 8e 8f 90 91 92 93 94 95 96 97 98 99 9a 9b 9c 9d 9e 9f a0 a1 a2 a3 a4 a5 a6 a7 a8 a9 aa ab ac ad ae af b0 b1 b2 b3 b4 b5 b6 b7 b8 b9 ba bb bc bd be bf c0 c1 c2 c3 c4 c5 c6 c7 c8 c9 ca cb cc cd ce cf d0 d1 d2 d3 d4 d5 d6 d7 d8 d9 da db dc dd de df e0 e1 e2 e3 e4 e5 e6 e7 e8 e9 ea eb ec ed ee ef f0 f1 f2 f3 f4 f5 f6 f7 f8 f9 fa fb fc fd fe ff 
 0  1  2 2a  4 f7 54 52  8 a1 39 ae a8  6 a4 b7 10 -- 95 -- 72 -- 8b 14 87 --  c -- 9f 4a b9 dd 20 -- -- -- fd 27 -- c6 e4  9 -- -- c1 -- 28 -- d9 -- -- 33 18 -- --  d e9 bf 94 2c a5 -- 6d -- 40 -- -- -- -- -- -- -- 2d -- 4e -- -- -- 5b 4f 1f -- 12 -- -- c2 -- 43 55 -- -- -- 50 -- -- -- 65 -- -- -- -- -- 66 -- 30 -- -- 77 -- -- 1a 68  5 -- a9 -- ff e1 58 c0 9d 79 --  b da -- -- -- 80 -- -- a6 -- -- -- -- -- -- -- db -- -- -- -- 5a -- -- -- 9c -- -- 7c -- f9 -- -- b6 ea 9e 48 3e -- -- -- 24 75 -- 97 -- -- 53 -- -- -- 86 -- aa -- -- -- -- -- -- 83 a0 d1 -- -- -- -- -- -- ca 61 -- -- -- -- -- -- -- -- -- -- cc -- -- -- 60 9b -- -- -- -- ee d7 -- -- -- -- 34 -- d0 --  a -- -- -- 85 25 -- -- 29 90 15 eb b0  3 57 bb ed -- f2 -- -- -- 16 b4 63 f8 -- -- -- -- -- ef 

solutions so far:0 maxDepth:9 
iterations:3940654  skipped: 2 
Depth skipped: 
0 0 2 0 0 0 0 0 0 0 0 0 0 0 0 0 0 0 0 0 0 0 0 0 0 0 0 0 0 0 0 0 

running time: 600 sec
 depth:6
 0  1  2  3  4  5  6  7  8  9  a  b  c  d  e  f 10 11 12 13 14 15 16 17 18 19 1a 1b 1c 1d 1e 1f 20 21 22 23 24 25 26 27 28 29 2a 2b 2c 2d 2e 2f 30 31 32 33 34 35 36 37 38 39 3a 3b 3c 3d 3e 3f 40 41 42 43 44 45 46 47 48 49 4a 4b 4c 4d 4e 4f 50 51 52 53 54 55 56 57 58 59 5a 5b 5c 5d 5e 5f 60 61 62 63 64 65 66 67 68 69 6a 6b 6c 6d 6e 6f 70 71 72 73 74 75 76 77 78 79 7a 7b 7c 7d 7e 7f 80 81 82 83 84 85 86 87 88 89 8a 8b 8c 8d 8e 8f 90 91 92 93 94 95 96 97 98 99 9a 9b 9c 9d 9e 9f a0 a1 a2 a3 a4 a5 a6 a7 a8 a9 aa ab ac ad ae af b0 b1 b2 b3 b4 b5 b6 b7 b8 b9 ba bb bc bd be bf c0 c1 c2 c3 c4 c5 c6 c7 c8 c9 ca cb cc cd ce cf d0 d1 d2 d3 d4 d5 d6 d7 d8 d9 da db dc dd de df e0 e1 e2 e3 e4 e5 e6 e7 e8 e9 ea eb ec ed ee ef f0 f1 f2 f3 f4 f5 f6 f7 f8 f9 fa fb fc fd fe ff 
 0  1  2 2a  4 f0 54  9  8 89 37 93 a8 8f 12 -- 10 -- c5 -- 6e -- f1 39 87 -- c9 -- 24 27 -- f4 20 -- -- -- 5d 7b -- 2f dc ec -- -- 35 -- 72 -- d9 -- -- 33 45 -- -- -- 48 f5 4e -- -- -- 3f -- 40 -- -- -- -- -- -- -- ba -- f6 -- -- -- 5e 4f 6f --  f -- -- c2 -- 43 6a -- -- -- e4 -- -- -- 65 -- -- -- -- -- 66 -- 8a -- -- -- -- -- -- -- 90 -- 3d -- 9c e1 -- 51 -- 79 -- -- 7e -- -- -- 80 -- -- a6 -- -- -- -- -- -- -- db -- -- -- -- a3 -- -- -- 3b -- -- 6b -- 7c -- -- bc 56 9e 3c de -- -- -- 1e 2b -- 3e -- -- 53 -- -- -- 86 -- d4 -- -- -- -- -- -- 7f 1f fe -- -- -- -- -- -- ca 61 -- -- -- -- -- -- -- -- -- -- cc -- -- -- c3 9b -- -- -- -- -- d7 -- -- -- -- -- -- -- -- f7 -- -- -- 7a f8 -- -- ef 78 15 eb -- ac a2 af -- -- f2 -- -- -- -- 91 fc d6 -- -- -- -- -- 76 

solutions so far:0 maxDepth:9 
iterations:6256546  skipped: 4 
Depth skipped: 
0 0 4 0 0 0 0 0 0 0 0 0 0 0 0 0 0 0 0 0 0 0 0 0 0 0 0 0 0 0 0 0 

running time: 900 sec
 depth:7
 0  1  2  3  4  5  6  7  8  9  a  b  c  d  e  f 10 11 12 13 14 15 16 17 18 19 1a 1b 1c 1d 1e 1f 20 21 22 23 24 25 26 27 28 29 2a 2b 2c 2d 2e 2f 30 31 32 33 34 35 36 37 38 39 3a 3b 3c 3d 3e 3f 40 41 42 43 44 45 46 47 48 49 4a 4b 4c 4d 4e 4f 50 51 52 53 54 55 56 57 58 59 5a 5b 5c 5d 5e 5f 60 61 62 63 64 65 66 67 68 69 6a 6b 6c 6d 6e 6f 70 71 72 73 74 75 76 77 78 79 7a 7b 7c 7d 7e 7f 80 81 82 83 84 85 86 87 88 89 8a 8b 8c 8d 8e 8f 90 91 92 93 94 95 96 97 98 99 9a 9b 9c 9d 9e 9f a0 a1 a2 a3 a4 a5 a6 a7 a8 a9 aa ab ac ad ae af b0 b1 b2 b3 b4 b5 b6 b7 b8 b9 ba bb bc bd be bf c0 c1 c2 c3 c4 c5 c6 c7 c8 c9 ca cb cc cd ce cf d0 d1 d2 d3 d4 d5 d6 d7 d8 d9 da db dc dd de df e0 e1 e2 e3 e4 e5 e6 e7 e8 e9 ea eb ec ed ee ef f0 f1 f2 f3 f4 f5 f6 f7 f8 f9 fa fb fc fd fe ff 
 0  1  2 2a  4 ec 54 b1  8 cb  f 7d a8 62 b5 93 10 -- 41 -- 1e -- fa 4d 87 -- c4 -- bd c7 f1 98 20 -- -- -- 82 dc -- 64 3c d6 -- -- 23 -- 9a -- d9 -- -- 33 5f -- -- 7f ad 13 59 c3 35 -- e7 -- 40 -- -- -- -- -- -- -- d3 -- 6f -- -- -- c8 4f 78 -- 7b -- -- c2 -- 43 46 -- -- -- e3 -- -- -- 65 -- -- -- -- -- 66 -- be -- -- 8f -- -- fe 56 8d -- 26 -- b2 e1 51 81 6a 79 -- 45 19 -- -- -- 80 -- -- a6 -- -- -- -- -- -- -- db -- -- -- -- 71 -- -- -- de -- -- 37 -- 44 -- -- 47 f3 9e 3b f0 -- -- -- f6 92 -- 22 -- -- 53 -- -- -- 86 -- 8c -- -- -- -- -- -- cf 11 49 -- -- -- -- -- -- ca 61 -- -- -- -- -- -- -- -- -- -- cc -- -- -- ab 9b -- -- -- -- c9 d7 -- -- -- -- 2b -- ac -- cd -- -- -- 4c 88 -- -- b3 76 15 eb a2 31 d5 8e d4 -- f2 -- -- -- 8a e2 32 6e -- -- -- -- -- 6b 

solutions so far:0 maxDepth:9 
iterations:8657528  skipped: 4 
Depth skipped: 
0 0 4 0 0 0 0 0 0 0 0 0 0 0 0 0 0 0 0 0 0 0 0 0 0 0 0 0 0 0 0 0 

running time: 1200 sec
 depth:7
 0  1  2  3  4  5  6  7  8  9  a  b  c  d  e  f 10 11 12 13 14 15 16 17 18 19 1a 1b 1c 1d 1e 1f 20 21 22 23 24 25 26 27 28 29 2a 2b 2c 2d 2e 2f 30 31 32 33 34 35 36 37 38 39 3a 3b 3c 3d 3e 3f 40 41 42 43 44 45 46 47 48 49 4a 4b 4c 4d 4e 4f 50 51 52 53 54 55 56 57 58 59 5a 5b 5c 5d 5e 5f 60 61 62 63 64 65 66 67 68 69 6a 6b 6c 6d 6e 6f 70 71 72 73 74 75 76 77 78 79 7a 7b 7c 7d 7e 7f 80 81 82 83 84 85 86 87 88 89 8a 8b 8c 8d 8e 8f 90 91 92 93 94 95 96 97 98 99 9a 9b 9c 9d 9e 9f a0 a1 a2 a3 a4 a5 a6 a7 a8 a9 aa ab ac ad ae af b0 b1 b2 b3 b4 b5 b6 b7 b8 b9 ba bb bc bd be bf c0 c1 c2 c3 c4 c5 c6 c7 c8 c9 ca cb cc cd ce cf d0 d1 d2 d3 d4 d5 d6 d7 d8 d9 da db dc dd de df e0 e1 e2 e3 e4 e5 e6 e7 e8 e9 ea eb ec ed ee ef f0 f1 f2 f3 f4 f5 f6 f7 f8 f9 fa fb fc fd fe ff 
 0  1  2 2a  4 e6 54 ad  8 29 1b fe a8 a2 8d 24 10 -- 52 -- 36 -- 2b 11 87 -- 93 -- cd b3 48 50 20 -- -- -- a4 96 -- 25 6c 84 -- -- 56 -- 22 -- d9 -- -- 33 f1 -- -- 72 4d  a b1 ef 90 -- a0 -- 40 -- -- -- -- -- -- -- 9f -- fb -- -- -- 4a 4f d8 -- df -- -- c2 -- 43 ac -- -- -- 44 -- -- -- 65 -- -- -- -- -- 66 -- 35 -- -- f8 -- -- e4 3e 9a -- 14 -- b5 e1  9 d4 f7 79 -- 4e 97 -- -- -- 80 -- -- a6 -- -- -- -- -- -- -- db -- -- -- -- e9 -- -- -- 21 -- -- ce -- 59 -- -- 94 c3 9e d2 67 -- -- -- 69 8a -- c7 -- -- 53 -- -- -- 86 -- 8f -- -- -- -- -- -- c9 88 45 -- -- -- -- -- -- ca 61 -- -- -- -- -- -- -- -- -- -- cc -- -- -- 6a 9b -- -- -- -- 27 d7 -- -- -- -- 1f -- 7c -- e3 -- -- -- 28 b2 -- -- bd 73 15 eb 12 51 7f ff 39 -- f2 -- -- -- 9c  5 f9 4b -- -- -- -- -- 42 

solutions so far:0 maxDepth:9 
iterations:10853732  skipped: 5 
Depth skipped: 
0 0 5 0 0 0 0 0 0 0 0 0 0 0 0 0 0 0 0 0 0 0 0 0 0 0 0 0 0 0 0 0 

running time: 1500 sec
 depth:7
 0  1  2  3  4  5  6  7  8  9  a  b  c  d  e  f 10 11 12 13 14 15 16 17 18 19 1a 1b 1c 1d 1e 1f 20 21 22 23 24 25 26 27 28 29 2a 2b 2c 2d 2e 2f 30 31 32 33 34 35 36 37 38 39 3a 3b 3c 3d 3e 3f 40 41 42 43 44 45 46 47 48 49 4a 4b 4c 4d 4e 4f 50 51 52 53 54 55 56 57 58 59 5a 5b 5c 5d 5e 5f 60 61 62 63 64 65 66 67 68 69 6a 6b 6c 6d 6e 6f 70 71 72 73 74 75 76 77 78 79 7a 7b 7c 7d 7e 7f 80 81 82 83 84 85 86 87 88 89 8a 8b 8c 8d 8e 8f 90 91 92 93 94 95 96 97 98 99 9a 9b 9c 9d 9e 9f a0 a1 a2 a3 a4 a5 a6 a7 a8 a9 aa ab ac ad ae af b0 b1 b2 b3 b4 b5 b6 b7 b8 b9 ba bb bc bd be bf c0 c1 c2 c3 c4 c5 c6 c7 c8 c9 ca cb cc cd ce cf d0 d1 d2 d3 d4 d5 d6 d7 d8 d9 da db dc dd de df e0 e1 e2 e3 e4 e5 e6 e7 e8 e9 ea eb ec ed ee ef f0 f1 f2 f3 f4 f5 f6 f7 f8 f9 fa fb fc fd fe ff 
 0  1  2 2a  4 e0 54 fd  8 4c 17 1a a8 b0 2d b5 10 -- 98 -- 2e -- 34 85 87 -- b7 -- 5a b6 bd cb 20 -- -- -- e7 1d -- 71 5c  7 -- -- 68 -- dd -- d9 -- -- 33 b9 -- -- 4d b4 c8 bb b2 ad -- 41 -- 40 -- -- -- -- -- -- -- 19 -- 3a -- -- -- e2 4f b8 --  e -- -- c2 -- 43 d0 -- -- -- 6d -- -- -- 65 -- -- -- -- -- 66 -- a5 -- -- 44 -- -- 9a 11 bf -- 47 -- a1 e1 b3 ed 8d 79 -- c7 82 -- -- -- 80 -- -- a6 -- -- -- -- -- -- -- db -- -- -- -- 32 -- -- -- 74 -- -- 99 -- c6 -- -- 13 2c 9e 38 a7 -- -- -- 1c 16 -- 63 -- -- 53 -- -- -- 86 -- 77 -- -- -- -- -- -- ee da  b -- -- -- -- -- -- ca 61 -- -- -- -- -- -- -- -- -- -- cc -- -- -- 9d 9b -- -- -- -- 88 d7 -- -- -- -- e3 -- 22 -- a9 -- -- -- 8e 5b -- -- 95 70 15 eb b1 58  d 26 cd -- f2 -- -- -- 59 64 d3 e5 -- -- -- -- -- e8 

solutions so far:0 maxDepth:10 
iterations:13351942  skipped: 6 
Depth skipped: 
0 0 6 0 0 0 0 0 0 0 0 0 0 0 0 0 0 0 0 0 0 0 0 0 0 0 0 0 0 0 0 0 

running time: 1800 sec
 depth:6
 0  1  2  3  4  5  6  7  8  9  a  b  c  d  e  f 10 11 12 13 14 15 16 17 18 19 1a 1b 1c 1d 1e 1f 20 21 22 23 24 25 26 27 28 29 2a 2b 2c 2d 2e 2f 30 31 32 33 34 35 36 37 38 39 3a 3b 3c 3d 3e 3f 40 41 42 43 44 45 46 47 48 49 4a 4b 4c 4d 4e 4f 50 51 52 53 54 55 56 57 58 59 5a 5b 5c 5d 5e 5f 60 61 62 63 64 65 66 67 68 69 6a 6b 6c 6d 6e 6f 70 71 72 73 74 75 76 77 78 79 7a 7b 7c 7d 7e 7f 80 81 82 83 84 85 86 87 88 89 8a 8b 8c 8d 8e 8f 90 91 92 93 94 95 96 97 98 99 9a 9b 9c 9d 9e 9f a0 a1 a2 a3 a4 a5 a6 a7 a8 a9 aa ab ac ad ae af b0 b1 b2 b3 b4 b5 b6 b7 b8 b9 ba bb bc bd be bf c0 c1 c2 c3 c4 c5 c6 c7 c8 c9 ca cb cc cd ce cf d0 d1 d2 d3 d4 d5 d6 d7 d8 d9 da db dc dd de df e0 e1 e2 e3 e4 e5 e6 e7 e8 e9 ea eb ec ed ee ef f0 f1 f2 f3 f4 f5 f6 f7 f8 f9 fa fb fc fd fe ff 
 0  1  2 2a  4 dd 54 ed  8 27 6d d6 a8 f0  d -- 10 -- 4e -- da -- 7b 77 87 -- 37 -- 1a b7 -- f7 20 -- -- -- 9c a1 -- 1f 63 5a -- -- f6 -- ee -- d9 -- -- 33 6e -- -- -- 34 24 b9 -- -- -- 39 -- 40 -- -- -- -- -- -- -- ef -- 95 -- -- -- 3e 4f c6 -- b4 -- -- c2 -- 43 3b -- -- --  b -- -- -- 65 -- -- -- -- -- 66 -- dc -- -- -- -- -- -- -- 68 -- 48 -- a5 e1 -- de -- 79 -- -- 72 -- -- -- 80 -- -- a6 -- -- -- -- -- -- -- db -- -- -- --  9 -- -- -- fd -- -- b6 -- 58 -- -- 7c 3c 9e a9 5b -- -- -- bf 1e -- 2c -- -- 53 -- -- -- 86 -- 76 -- -- -- -- -- -- ec 16  f -- -- -- -- -- -- ca 61 -- -- -- -- -- -- -- -- -- -- cc -- -- -- 6f 9b -- -- -- -- -- d7 -- -- -- -- -- -- -- -- d0 -- -- -- 90 b0 -- -- 9d 85 15 eb -- 78 6b f8 -- -- f2 -- -- -- -- 12 e4 bb -- -- -- -- -- 2d 

solutions so far:0 maxDepth:10 
iterations:15401410  skipped: 6 
Depth skipped: 
0 0 6 0 0 0 0 0 0 0 0 0 0 0 0 0 0 0 0 0 0 0 0 0 0 0 0 0 0 0 0 0 

running time: 2100 sec
 depth:7
 0  1  2  3  4  5  6  7  8  9  a  b  c  d  e  f 10 11 12 13 14 15 16 17 18 19 1a 1b 1c 1d 1e 1f 20 21 22 23 24 25 26 27 28 29 2a 2b 2c 2d 2e 2f 30 31 32 33 34 35 36 37 38 39 3a 3b 3c 3d 3e 3f 40 41 42 43 44 45 46 47 48 49 4a 4b 4c 4d 4e 4f 50 51 52 53 54 55 56 57 58 59 5a 5b 5c 5d 5e 5f 60 61 62 63 64 65 66 67 68 69 6a 6b 6c 6d 6e 6f 70 71 72 73 74 75 76 77 78 79 7a 7b 7c 7d 7e 7f 80 81 82 83 84 85 86 87 88 89 8a 8b 8c 8d 8e 8f 90 91 92 93 94 95 96 97 98 99 9a 9b 9c 9d 9e 9f a0 a1 a2 a3 a4 a5 a6 a7 a8 a9 aa ab ac ad ae af b0 b1 b2 b3 b4 b5 b6 b7 b8 b9 ba bb bc bd be bf c0 c1 c2 c3 c4 c5 c6 c7 c8 c9 ca cb cc cd ce cf d0 d1 d2 d3 d4 d5 d6 d7 d8 d9 da db dc dd de df e0 e1 e2 e3 e4 e5 e6 e7 e8 e9 ea eb ec ed ee ef f0 f1 f2 f3 f4 f5 f6 f7 f8 f9 fa fb fc fd fe ff 
 0  1  2 2a  4 d1 54 c8  8 14 75 fc a8 91 47 7b 10 -- 28 -- ea -- 2f d3 87 -- f5 -- 8e e7 f6 ff 20 -- -- -- 50 60 -- 9f  3 8b -- -- 5e -- 71 -- d9 -- -- 33 3d -- --  f cb 25 19 de 3b -- 29 -- 40 -- -- -- -- -- -- -- a0 -- c0 -- -- -- e9 4f  6 -- c1 -- -- c2 -- 43 bc -- -- -- e2 -- -- -- 65 -- -- -- -- -- 66 -- 7a -- -- 37 -- -- 1e 78 41 -- 4a -- 32 e1 6b 3f 76 79 -- dc 52 -- -- -- 80 -- -- a6 -- -- -- -- -- -- -- db -- -- -- -- 97 -- -- -- 57 -- -- 18 -- 4c -- --  5 ba 9e aa  c -- -- -- 55 5d -- 26 -- -- 53 -- -- -- 86 -- af -- -- -- -- -- -- 89 13 c5 -- -- -- -- -- -- ca 61 -- -- -- -- -- -- -- -- -- -- cc -- -- -- f4 9b -- -- -- -- 6e d7 -- -- -- -- 3c -- f0 -- 82 -- -- -- 94 98 -- -- 64 83 15 eb d6 a3 7e  a ec -- f2 -- -- -- 6f f9 a4 30 -- -- -- -- -- ae 

solutions so far:0 maxDepth:10 
iterations:18953499  skipped: 9 
Depth skipped: 
0 0 9 0 0 0 0 0 0 0 0 0 0 0 0 0 0 0 0 0 0 0 0 0 0 0 0 0 0 0 0 0 

running time: 2400 sec
 depth:7
 0  1  2  3  4  5  6  7  8  9  a  b  c  d  e  f 10 11 12 13 14 15 16 17 18 19 1a 1b 1c 1d 1e 1f 20 21 22 23 24 25 26 27 28 29 2a 2b 2c 2d 2e 2f 30 31 32 33 34 35 36 37 38 39 3a 3b 3c 3d 3e 3f 40 41 42 43 44 45 46 47 48 49 4a 4b 4c 4d 4e 4f 50 51 52 53 54 55 56 57 58 59 5a 5b 5c 5d 5e 5f 60 61 62 63 64 65 66 67 68 69 6a 6b 6c 6d 6e 6f 70 71 72 73 74 75 76 77 78 79 7a 7b 7c 7d 7e 7f 80 81 82 83 84 85 86 87 88 89 8a 8b 8c 8d 8e 8f 90 91 92 93 94 95 96 97 98 99 9a 9b 9c 9d 9e 9f a0 a1 a2 a3 a4 a5 a6 a7 a8 a9 aa ab ac ad ae af b0 b1 b2 b3 b4 b5 b6 b7 b8 b9 ba bb bc bd be bf c0 c1 c2 c3 c4 c5 c6 c7 c8 c9 ca cb cc cd ce cf d0 d1 d2 d3 d4 d5 d6 d7 d8 d9 da db dc dd de df e0 e1 e2 e3 e4 e5 e6 e7 e8 e9 ea eb ec ed ee ef f0 f1 f2 f3 f4 f5 f6 f7 f8 f9 fa fb fc fd fe ff 
 0  1  2 2a  4 cb 54 ad  8 e5 41  6 a8 55 8d 6d 10 -- 1d -- 82 --  c 11 87 -- aa -- cd b3 da 70 20 -- -- -- 3a 4c -- 5c d3 32 -- -- 18 -- 22 -- d9 -- -- 33 83 -- -- b6 4d  e b1 a9 63 -- e0 -- 40 -- -- -- -- -- -- -- 74 -- 98 -- -- -- b8 4f 71 -- 64 -- -- c2 -- 43 30 -- -- -- 44 -- -- -- 65 -- -- -- -- -- 66 -- d1 -- -- 2d -- -- bb 95 9a -- 1c -- b5 e1 85 ea c6 79 -- b4 17 -- -- -- 80 -- -- a6 -- -- -- -- -- -- -- db -- -- -- -- e8 -- -- -- e7 -- -- 13 -- 59 -- -- a7 8b 9e 47 e2 -- -- -- c8 ae -- c7 -- -- 53 -- -- -- 86 -- 60 -- -- -- -- -- -- c0 88 57 -- -- -- -- -- -- ca 61 -- -- -- -- -- -- -- -- -- -- cc -- -- -- 75 9b -- -- -- -- 5a d7 -- -- -- -- a1 -- fd -- e3 -- -- -- 38 b2 -- -- bd 8e 15 eb dd c1  3 99 5b -- f2 -- -- -- bf  7 2e 26 -- -- -- -- -- 19 

solutions so far:0 maxDepth:10 
iterations:21130184  skipped: 10 
Depth skipped: 
0 0 10 0 0 0 0 0 0 0 0 0 0 0 0 0 0 0 0 0 0 0 0 0 0 0 0 0 0 0 0 0 

running time: 2700 sec
 depth:6
 0  1  2  3  4  5  6  7  8  9  a  b  c  d  e  f 10 11 12 13 14 15 16 17 18 19 1a 1b 1c 1d 1e 1f 20 21 22 23 24 25 26 27 28 29 2a 2b 2c 2d 2e 2f 30 31 32 33 34 35 36 37 38 39 3a 3b 3c 3d 3e 3f 40 41 42 43 44 45 46 47 48 49 4a 4b 4c 4d 4e 4f 50 51 52 53 54 55 56 57 58 59 5a 5b 5c 5d 5e 5f 60 61 62 63 64 65 66 67 68 69 6a 6b 6c 6d 6e 6f 70 71 72 73 74 75 76 77 78 79 7a 7b 7c 7d 7e 7f 80 81 82 83 84 85 86 87 88 89 8a 8b 8c 8d 8e 8f 90 91 92 93 94 95 96 97 98 99 9a 9b 9c 9d 9e 9f a0 a1 a2 a3 a4 a5 a6 a7 a8 a9 aa ab ac ad ae af b0 b1 b2 b3 b4 b5 b6 b7 b8 b9 ba bb bc bd be bf c0 c1 c2 c3 c4 c5 c6 c7 c8 c9 ca cb cc cd ce cf d0 d1 d2 d3 d4 d5 d6 d7 d8 d9 da db dc dd de df e0 e1 e2 e3 e4 e5 e6 e7 e8 e9 ea eb ec ed ee ef f0 f1 f2 f3 f4 f5 f6 f7 f8 f9 fa fb fc fd fe ff 
 0  1  2 2a  4 c5 54 25  8 f0 5d 70 a8 3a 4a -- 10 -- 37 -- ba -- e0 a4 87 -- 74 -- 94 50 -- f6 20 -- -- -- 6e f4 --  f a3 2f -- -- 17 -- 9f -- d9 -- -- 33 e8 -- -- -- ff 6b a0 -- -- -- 3b -- 40 -- -- -- -- -- -- -- dc -- 3f -- -- -- 1e 4f 91 -- 5e -- -- c2 -- 43 2e -- -- -- e9 -- -- -- 65 -- -- -- -- -- 66 --  7 -- -- -- -- -- -- -- 29 -- d6 -- 97 e1 -- 1c -- 79 -- -- 76 -- -- -- 80 -- -- a6 -- -- -- -- -- -- -- db -- -- -- -- 6f -- -- -- 7e -- -- 3d -- 14 -- -- 3c e5 9e af f5 -- -- -- bc 99 --  a -- -- 53 -- -- -- 86 -- 5c -- -- -- -- -- -- b8  5 a7 -- -- -- -- -- -- ca 61 -- -- -- -- -- -- -- -- -- -- cc -- -- --  e 9b -- -- -- -- -- d7 -- -- -- -- -- -- -- -- 52 -- -- -- 7b 28 -- -- f9 89 15 eb -- 1d 38 78 -- -- f2 -- -- -- -- de ec 7a -- -- -- -- -- fc 

solutions so far:0 maxDepth:10 
iterations:24188935  skipped: 11 
Depth skipped: 
0 0 11 0 0 0 0 0 0 0 0 0 0 0 0 0 0 0 0 0 0 0 0 0 0 0 0 0 0 0 0 0 

running time: 3000 sec
 depth:8
 0  1  2  3  4  5  6  7  8  9  a  b  c  d  e  f 10 11 12 13 14 15 16 17 18 19 1a 1b 1c 1d 1e 1f 20 21 22 23 24 25 26 27 28 29 2a 2b 2c 2d 2e 2f 30 31 32 33 34 35 36 37 38 39 3a 3b 3c 3d 3e 3f 40 41 42 43 44 45 46 47 48 49 4a 4b 4c 4d 4e 4f 50 51 52 53 54 55 56 57 58 59 5a 5b 5c 5d 5e 5f 60 61 62 63 64 65 66 67 68 69 6a 6b 6c 6d 6e 6f 70 71 72 73 74 75 76 77 78 79 7a 7b 7c 7d 7e 7f 80 81 82 83 84 85 86 87 88 89 8a 8b 8c 8d 8e 8f 90 91 92 93 94 95 96 97 98 99 9a 9b 9c 9d 9e 9f a0 a1 a2 a3 a4 a5 a6 a7 a8 a9 aa ab ac ad ae af b0 b1 b2 b3 b4 b5 b6 b7 b8 b9 ba bb bc bd be bf c0 c1 c2 c3 c4 c5 c6 c7 c8 c9 ca cb cc cd ce cf d0 d1 d2 d3 d4 d5 d6 d7 d8 d9 da db dc dd de df e0 e1 e2 e3 e4 e5 e6 e7 e8 e9 ea eb ec ed ee ef f0 f1 f2 f3 f4 f5 f6 f7 f8 f9 fa fb fc fd fe ff 
 0  1  2 2a  4 c0 54 ec  8 fd 57 df a8 ce  f f8 10 74 2d -- ae -- 69 37 87 -- 4b -- 1e 7b 27 da 20 -- e8 -- 5a d1 -- b6 8b  6 -- -- d2 -- 6e -- d9 -- -- 33 96 -- --  9 3c 85 f6 1f 4e -- 63 -- 40 -- -- --  7 -- -- -- b4 -- 75 -- -- e5 bb 4f c1 --  c -- -- c2 -- 43 73 38 -- -- dc -- -- -- 65 -- -- -- -- -- 66 -- fb -- -- f7 -- -- 12 48 78 -- dd -- 3b e1 3e 42 9c 79 -- 72 c6 -- -- -- 80 -- -- a6 -- -- -- --  e -- -- db -- a7 -- -- bf -- -- -- ea -- -- aa -- 6b 1d -- a1 d8 9e 30 55 -- -- -- 18 6c -- de -- -- 53 -- -- b8 86 -- e6 17 70 e0 -- 2e -- 1b 6f 36 -- -- -- 5c -- -- ca 61 -- -- -- -- -- 1c -- -- -- -- cc 99 -- -- 21 9b -- -- -- -- 39 d7 -- -- -- -- 24 -- 90 -- f0 -- -- 3a 6d d6 -- -- 76 60 15 eb 7c 67 84 95 ef -- f2 -- -- -- e4 a9 5b 83 -- -- -- -- --  3 

solutions so far:0 maxDepth:10 
iterations:26525058  skipped: 11 
Depth skipped: 
0 0 11 0 0 0 0 0 0 0 0 0 0 0 0 0 0 0 0 0 0 0 0 0 0 0 0 0 0 0 0 0 

running time: 3300 sec
 depth:7
 0  1  2  3  4  5  6  7  8  9  a  b  c  d  e  f 10 11 12 13 14 15 16 17 18 19 1a 1b 1c 1d 1e 1f 20 21 22 23 24 25 26 27 28 29 2a 2b 2c 2d 2e 2f 30 31 32 33 34 35 36 37 38 39 3a 3b 3c 3d 3e 3f 40 41 42 43 44 45 46 47 48 49 4a 4b 4c 4d 4e 4f 50 51 52 53 54 55 56 57 58 59 5a 5b 5c 5d 5e 5f 60 61 62 63 64 65 66 67 68 69 6a 6b 6c 6d 6e 6f 70 71 72 73 74 75 76 77 78 79 7a 7b 7c 7d 7e 7f 80 81 82 83 84 85 86 87 88 89 8a 8b 8c 8d 8e 8f 90 91 92 93 94 95 96 97 98 99 9a 9b 9c 9d 9e 9f a0 a1 a2 a3 a4 a5 a6 a7 a8 a9 aa ab ac ad ae af b0 b1 b2 b3 b4 b5 b6 b7 b8 b9 ba bb bc bd be bf c0 c1 c2 c3 c4 c5 c6 c7 c8 c9 ca cb cc cd ce cf d0 d1 d2 d3 d4 d5 d6 d7 d8 d9 da db dc dd de df e0 e1 e2 e3 e4 e5 e6 e7 e8 e9 ea eb ec ed ee ef f0 f1 f2 f3 f4 f5 f6 f7 f8 f9 fa fb fc fd fe ff 
 0  1  2 2a  4 bb 54 a0  8 d4 a1 1c a8 e5 97 cf 10 -- 7f -- 95 -- 38 ff 87 -- 1d -- f9  a 49 8a 20 -- -- -- fe a9 -- 93 fd da -- -- 70 -- 29 -- d9 -- -- 33 3a -- -- 62 25 8f 14 23 92 -- c3 -- 40 -- -- -- -- -- -- -- 2b -- 85 -- -- -- f1 4f 2d -- 63 -- -- c2 -- 43 e0 -- -- -- 52 -- -- -- 65 -- -- -- -- -- 66 -- 74 -- -- 81 -- -- c4 be 4a -- c9 -- 28 e1 46  7 f3 79 -- 7d 51 -- -- -- 80 -- -- a6 -- -- -- -- -- -- -- db -- -- -- -- 56 -- -- -- dd -- -- b4 -- e9 -- -- 35 a7 9e 5b 5a -- -- -- c6 b8 -- 9f -- -- 53 -- -- -- 86 -- 17 -- -- -- -- -- -- 2e a4 5c -- -- -- -- -- -- ca 61 -- -- -- -- -- -- -- -- -- -- cc -- -- -- e8 9b -- -- -- -- d5 d7 -- -- -- -- 5f -- ab -- 94 -- -- -- 45  5 -- -- 50 b6 15 eb 8c 99  e 6a 31 -- f2 -- -- -- fa ac a2 bf -- -- -- -- -- 6d 

solutions so far:0 maxDepth:10 
iterations:28866137  skipped: 11 
Depth skipped: 
0 0 11 0 0 0 0 0 0 0 0 0 0 0 0 0 0 0 0 0 0 0 0 0 0 0 0 0 0 0 0 0 

running time: 3600 sec
 depth:6
 0  1  2  3  4  5  6  7  8  9  a  b  c  d  e  f 10 11 12 13 14 15 16 17 18 19 1a 1b 1c 1d 1e 1f 20 21 22 23 24 25 26 27 28 29 2a 2b 2c 2d 2e 2f 30 31 32 33 34 35 36 37 38 39 3a 3b 3c 3d 3e 3f 40 41 42 43 44 45 46 47 48 49 4a 4b 4c 4d 4e 4f 50 51 52 53 54 55 56 57 58 59 5a 5b 5c 5d 5e 5f 60 61 62 63 64 65 66 67 68 69 6a 6b 6c 6d 6e 6f 70 71 72 73 74 75 76 77 78 79 7a 7b 7c 7d 7e 7f 80 81 82 83 84 85 86 87 88 89 8a 8b 8c 8d 8e 8f 90 91 92 93 94 95 96 97 98 99 9a 9b 9c 9d 9e 9f a0 a1 a2 a3 a4 a5 a6 a7 a8 a9 aa ab ac ad ae af b0 b1 b2 b3 b4 b5 b6 b7 b8 b9 ba bb bc bd be bf c0 c1 c2 c3 c4 c5 c6 c7 c8 c9 ca cb cc cd ce cf d0 d1 d2 d3 d4 d5 d6 d7 d8 d9 da db dc dd de df e0 e1 e2 e3 e4 e5 e6 e7 e8 e9 ea eb ec ed ee ef f0 f1 f2 f3 f4 f5 f6 f7 f8 f9 fa fb fc fd fe ff 
 0  1  2 2a  4 b8 54 ef  8 c7 a7 fa a8 c4  9 -- 10 -- 59 -- 99 -- 23 f7 87 -- 5f -- 12 f8 -- cd 20 -- -- -- b2  7 -- 11 e5 70 -- -- 46 -- 39 -- d9 -- -- 33 be -- -- -- 24 bd 27 -- -- -- 4d -- 40 -- -- -- -- -- -- -- b3 --  e -- -- -- 22 4f 1d -- e0 -- -- c2 -- 43 8c -- -- -- 72 -- -- -- 65 -- -- -- -- -- 66 -- ab -- -- -- -- -- -- -- 48 -- ad -- 4e e1 -- d5 -- 79 -- -- 9a -- -- -- 80 -- -- a6 -- -- -- -- -- -- -- db -- -- -- -- b1 -- -- -- 1c -- -- 74 -- 3e -- -- 44 31 9e 2e 3a -- -- -- 17 f3 -- 1f -- -- 53 -- -- -- 86 -- cf -- -- -- -- -- -- 49 e4 92 -- -- -- -- -- -- ca 61 -- -- -- -- -- -- -- -- -- -- cc -- -- -- 81 9b -- -- -- -- -- d7 -- -- -- -- -- -- -- -- 90 -- -- -- 8d 7c -- -- 9c 5c 15 eb -- 62 7d 88 -- -- f2 -- -- -- -- b5 e3 e8 -- -- -- -- -- 38 

solutions so far:0 maxDepth:10 
iterations:30830791  skipped: 11 
Depth skipped: 
0 0 11 0 0 0 0 0 0 0 0 0 0 0 0 0 0 0 0 0 0 0 0 0 0 0 0 0 0 0 0 0 

running time: 3900 sec
 depth:7
 0  1  2  3  4  5  6  7  8  9  a  b  c  d  e  f 10 11 12 13 14 15 16 17 18 19 1a 1b 1c 1d 1e 1f 20 21 22 23 24 25 26 27 28 29 2a 2b 2c 2d 2e 2f 30 31 32 33 34 35 36 37 38 39 3a 3b 3c 3d 3e 3f 40 41 42 43 44 45 46 47 48 49 4a 4b 4c 4d 4e 4f 50 51 52 53 54 55 56 57 58 59 5a 5b 5c 5d 5e 5f 60 61 62 63 64 65 66 67 68 69 6a 6b 6c 6d 6e 6f 70 71 72 73 74 75 76 77 78 79 7a 7b 7c 7d 7e 7f 80 81 82 83 84 85 86 87 88 89 8a 8b 8c 8d 8e 8f 90 91 92 93 94 95 96 97 98 99 9a 9b 9c 9d 9e 9f a0 a1 a2 a3 a4 a5 a6 a7 a8 a9 aa ab ac ad ae af b0 b1 b2 b3 b4 b5 b6 b7 b8 b9 ba bb bc bd be bf c0 c1 c2 c3 c4 c5 c6 c7 c8 c9 ca cb cc cd ce cf d0 d1 d2 d3 d4 d5 d6 d7 d8 d9 da db dc dd de df e0 e1 e2 e3 e4 e5 e6 e7 e8 e9 ea eb ec ed ee ef f0 f1 f2 f3 f4 f5 f6 f7 f8 f9 fa fb fc fd fe ff 
 0  1  2 2a  4 b4 54 b1  8 4a bf 2f a8 f5 b5  3 10 -- 94 -- a9 -- 5e 4d 87 -- 3d -- bd c7  6  a 20 -- -- -- ff c6 -- a0 85 a1 -- -- bc -- 9a -- d9 -- -- 33 7a -- -- 60 ad 9f 59 d1  c -- 14 -- 40 -- -- -- -- -- -- -- 29 -- 5b -- -- -- 97 4f dd -- 95 -- -- c2 -- 43 af -- -- -- e3 -- -- -- 65 -- -- -- -- -- 66 -- f4 -- -- c1 -- -- c0 ae 8d -- e9 -- b2 e1 75 7e 18 79 -- aa 28 -- -- -- 80 -- -- a6 -- -- -- -- -- -- -- db -- -- -- -- 52 -- -- -- b6 -- -- da -- 44 -- -- f9 a3 9e 2d 6d -- -- -- fd ba -- 22 -- -- 53 -- -- -- 86 -- 89 -- -- -- -- -- -- c5 11 5d -- -- -- -- -- -- ca 61 -- -- -- -- -- -- -- -- -- -- cc -- -- -- 3f 9b -- -- -- -- 55 d7 -- -- -- -- 57 -- 8b -- cd -- -- --  5 88 -- -- b3 5a 15 eb ea 91 fc 25 30 -- f2 -- -- -- 83 a4 50 63 -- -- -- -- -- bb 

solutions so far:0 maxDepth:10 
iterations:33876467  skipped: 11 
Depth skipped: 
0 0 11 0 0 0 0 0 0 0 0 0 0 0 0 0 0 0 0 0 0 0 0 0 0 0 0 0 0 0 0 0 

running time: 4200 sec
 depth:7
 0  1  2  3  4  5  6  7  8  9  a  b  c  d  e  f 10 11 12 13 14 15 16 17 18 19 1a 1b 1c 1d 1e 1f 20 21 22 23 24 25 26 27 28 29 2a 2b 2c 2d 2e 2f 30 31 32 33 34 35 36 37 38 39 3a 3b 3c 3d 3e 3f 40 41 42 43 44 45 46 47 48 49 4a 4b 4c 4d 4e 4f 50 51 52 53 54 55 56 57 58 59 5a 5b 5c 5d 5e 5f 60 61 62 63 64 65 66 67 68 69 6a 6b 6c 6d 6e 6f 70 71 72 73 74 75 76 77 78 79 7a 7b 7c 7d 7e 7f 80 81 82 83 84 85 86 87 88 89 8a 8b 8c 8d 8e 8f 90 91 92 93 94 95 96 97 98 99 9a 9b 9c 9d 9e 9f a0 a1 a2 a3 a4 a5 a6 a7 a8 a9 aa ab ac ad ae af b0 b1 b2 b3 b4 b5 b6 b7 b8 b9 ba bb bc bd be bf c0 c1 c2 c3 c4 c5 c6 c7 c8 c9 ca cb cc cd ce cf d0 d1 d2 d3 d4 d5 d6 d7 d8 d9 da db dc dd de df e0 e1 e2 e3 e4 e5 e6 e7 e8 e9 ea eb ec ed ee ef f0 f1 f2 f3 f4 f5 f6 f7 f8 f9 fa fb fc fd fe ff 
 0  1  2 2a  4 ae 54 e0  8 fb 8b e9 a8 4a 17 b5 10 -- 21 -- c1 --  5 99 87 -- 94 -- 2e  e bd 1b 20 -- -- -- 42 ea -- 67 55 18 -- --  a -- e5 -- d9 -- -- 33 ff -- -- 4d 5c d2 1c b2 ad -- 36 -- 40 -- -- -- -- -- -- -- 84 --  3 -- -- -- ce 4f aa -- 30 -- -- c2 -- 43 14 -- -- -- 1d -- -- -- 65 -- -- -- -- -- 66 -- 29 -- -- 44 -- -- 9a 11 b8 -- 73 -- 38 e1 b3 a4 8d 79 -- c7 6c -- -- -- 80 -- -- a6 -- -- -- -- -- -- -- db -- -- -- -- df -- -- --  6 -- -- d1 -- e8 -- -- 4b f9 9e c0 83 -- -- -- 60 97 -- 74 -- -- 53 -- -- -- 86 -- 28 -- -- -- -- -- -- 50 3a a0 -- -- -- -- -- -- ca 61 -- -- -- -- -- -- -- -- -- -- cc -- -- -- 52 9b -- -- -- -- 88 d7 -- -- -- -- e3 -- 22 -- a7 -- -- -- e6  7 -- -- 70 57 15 eb b1 25 9f 96 cd -- f2 -- -- -- 59 69 d8 75 -- -- -- -- --  c 

solutions so far:0 maxDepth:10 
iterations:36538915  skipped: 12 
Depth skipped: 
0 0 12 0 0 0 0 0 0 0 0 0 0 0 0 0 0 0 0 0 0 0 0 0 0 0 0 0 0 0 0 0 

running time: 4500 sec
 depth:6
 0  1  2  3  4  5  6  7  8  9  a  b  c  d  e  f 10 11 12 13 14 15 16 17 18 19 1a 1b 1c 1d 1e 1f 20 21 22 23 24 25 26 27 28 29 2a 2b 2c 2d 2e 2f 30 31 32 33 34 35 36 37 38 39 3a 3b 3c 3d 3e 3f 40 41 42 43 44 45 46 47 48 49 4a 4b 4c 4d 4e 4f 50 51 52 53 54 55 56 57 58 59 5a 5b 5c 5d 5e 5f 60 61 62 63 64 65 66 67 68 69 6a 6b 6c 6d 6e 6f 70 71 72 73 74 75 76 77 78 79 7a 7b 7c 7d 7e 7f 80 81 82 83 84 85 86 87 88 89 8a 8b 8c 8d 8e 8f 90 91 92 93 94 95 96 97 98 99 9a 9b 9c 9d 9e 9f a0 a1 a2 a3 a4 a5 a6 a7 a8 a9 aa ab ac ad ae af b0 b1 b2 b3 b4 b5 b6 b7 b8 b9 ba bb bc bd be bf c0 c1 c2 c3 c4 c5 c6 c7 c8 c9 ca cb cc cd ce cf d0 d1 d2 d3 d4 d5 d6 d7 d8 d9 da db dc dd de df e0 e1 e2 e3 e4 e5 e6 e7 e8 e9 ea eb ec ed ee ef f0 f1 f2 f3 f4 f5 f6 f7 f8 f9 fa fb fc fd fe ff 
 0  1  2 2a  4 aa 54 1c  8 22 83 64 a8 13 38 -- 10 -- 44 -- d1 -- c8 5c 87 -- 26 -- 70 74 -- bd 20 -- -- -- 88 18 -- 4d 75 57 -- -- 47 -- b8 -- d9 -- -- 33 4c -- -- -- e0 b3 e8 -- -- -- ad -- 40 -- -- -- -- -- -- -- c7 -- 30 -- -- -- 9a 4f ea -- ae -- -- c2 -- 43 8e -- -- -- a7 -- -- -- 65 -- -- -- -- -- 66 -- 98 -- -- -- -- -- -- -- 17 -- b1 --  7 e1 -- 19 -- 79 -- -- 8d -- -- -- 80 -- -- a6 -- -- -- -- -- -- -- db -- -- -- -- 59 -- -- -- 60 -- --  6 -- 1d -- -- e3 71 9e c1  3 -- -- -- 8b d3 -- e5 -- -- 53 -- -- -- 86 -- cb -- -- -- -- -- -- 41 99 82 -- -- -- -- -- -- ca 61 -- -- -- -- -- -- -- -- -- -- cc -- -- -- e7 9b -- -- -- -- -- d7 -- -- -- -- -- -- -- -- 2e -- -- -- b5 3a -- --  e 55 15 eb -- e2 32 11 -- -- f2 -- -- -- -- b2 cd  c -- -- -- -- -- c0 

solutions so far:0 maxDepth:10 
iterations:39221817  skipped: 13 
Depth skipped: 
0 0 13 0 0 0 0 0 0 0 0 0 0 0 0 0 0 0 0 0 0 0 0 0 0 0 0 0 0 0 0 0 

running time: 4800 sec
 depth:7
 0  1  2  3  4  5  6  7  8  9  a  b  c  d  e  f 10 11 12 13 14 15 16 17 18 19 1a 1b 1c 1d 1e 1f 20 21 22 23 24 25 26 27 28 29 2a 2b 2c 2d 2e 2f 30 31 32 33 34 35 36 37 38 39 3a 3b 3c 3d 3e 3f 40 41 42 43 44 45 46 47 48 49 4a 4b 4c 4d 4e 4f 50 51 52 53 54 55 56 57 58 59 5a 5b 5c 5d 5e 5f 60 61 62 63 64 65 66 67 68 69 6a 6b 6c 6d 6e 6f 70 71 72 73 74 75 76 77 78 79 7a 7b 7c 7d 7e 7f 80 81 82 83 84 85 86 87 88 89 8a 8b 8c 8d 8e 8f 90 91 92 93 94 95 96 97 98 99 9a 9b 9c 9d 9e 9f a0 a1 a2 a3 a4 a5 a6 a7 a8 a9 aa ab ac ad ae af b0 b1 b2 b3 b4 b5 b6 b7 b8 b9 ba bb bc bd be bf c0 c1 c2 c3 c4 c5 c6 c7 c8 c9 ca cb cc cd ce cf d0 d1 d2 d3 d4 d5 d6 d7 d8 d9 da db dc dd de df e0 e1 e2 e3 e4 e5 e6 e7 e8 e9 ea eb ec ed ee ef f0 f1 f2 f3 f4 f5 f6 f7 f8 f9 fa fb fc fd fe ff 
 0  1  2 2a  4 9d 54 cb  8 3e ed 3b a8 dc 41 49 10 -- 7c --  d -- 76 13 87 -- 6f -- 82 64 92 24 20 -- -- -- f8 ee -- 39 1a 58 -- -- ec -- 26 -- d9 -- -- 33 de -- -- c4 d3 ef c8 46 f3 -- 48 -- 40 -- -- -- -- -- -- -- 27 --  b -- -- -- 72 4f 34 -- b0 -- -- c2 -- 43  f -- -- -- 4c -- -- -- 65 -- -- -- -- -- 66 -- 6b -- -- d5 -- -- 5f ab 71 --  9 -- 47 e1 8c 7b 31 79 -- fa 90 -- -- -- 80 -- -- a6 -- -- -- -- -- -- -- db -- -- -- -- 4e -- -- -- 16 -- -- d0 -- 19 -- -- e4 37 9e b9 68 -- -- -- b7 f0 -- e7 -- -- 53 -- -- -- 86 -- 1e -- -- -- -- -- -- 3c 98 78 -- -- -- -- -- -- ca 61 -- -- -- -- -- -- -- -- -- -- cc -- -- -- d6 9b -- -- -- -- 7d d7 -- -- -- -- be -- 81 -- e2 -- -- -- 12 32 -- -- 8e a5 15 eb cf 6e f6 1f 62 -- f2 -- -- -- 23 9c f7 77 -- -- -- -- -- 2c 

solutions so far:0 maxDepth:10 
iterations:42786618  skipped: 15 
Depth skipped: 
0 0 15 0 0 0 0 0 0 0 0 0 0 0 0 0 0 0 0 0 0 0 0 0 0 0 0 0 0 0 0 0 

running time: 5100 sec
 depth:7
 0  1  2  3  4  5  6  7  8  9  a  b  c  d  e  f 10 11 12 13 14 15 16 17 18 19 1a 1b 1c 1d 1e 1f 20 21 22 23 24 25 26 27 28 29 2a 2b 2c 2d 2e 2f 30 31 32 33 34 35 36 37 38 39 3a 3b 3c 3d 3e 3f 40 41 42 43 44 45 46 47 48 49 4a 4b 4c 4d 4e 4f 50 51 52 53 54 55 56 57 58 59 5a 5b 5c 5d 5e 5f 60 61 62 63 64 65 66 67 68 69 6a 6b 6c 6d 6e 6f 70 71 72 73 74 75 76 77 78 79 7a 7b 7c 7d 7e 7f 80 81 82 83 84 85 86 87 88 89 8a 8b 8c 8d 8e 8f 90 91 92 93 94 95 96 97 98 99 9a 9b 9c 9d 9e 9f a0 a1 a2 a3 a4 a5 a6 a7 a8 a9 aa ab ac ad ae af b0 b1 b2 b3 b4 b5 b6 b7 b8 b9 ba bb bc bd be bf c0 c1 c2 c3 c4 c5 c6 c7 c8 c9 ca cb cc cd ce cf d0 d1 d2 d3 d4 d5 d6 d7 d8 d9 da db dc dd de df e0 e1 e2 e3 e4 e5 e6 e7 e8 e9 ea eb ec ed ee ef f0 f1 f2 f3 f4 f5 f6 f7 f8 f9 fa fb fc fd fe ff 
 0  1  2 2a  4 98 54  6  8 2f e7 fb a8 36  c 51 10 -- 5e -- 19 -- 21 57 87 -- 6c -- 18 d1 a2 91 20 -- -- -- bc cb -- f4 32 71 -- -- 42 -- ae -- d9 -- -- 33 d8 -- -- 6a 30 5d 75 45 93 -- f5 -- 40 -- -- -- -- -- -- -- af -- 41 -- -- -- 3f 4f 64 -- e2 -- -- c2 -- 43 84 -- -- -- 8b -- -- -- 65 -- -- -- -- -- 66 -- 67 -- -- 56 -- -- d4 fe 60 -- ba -- ea e1 8a 4b f1 79 -- 8f 3d -- -- -- 80 -- -- a6 -- -- -- -- -- -- -- db -- -- -- -- 89 -- -- -- 82 -- -- 47 -- aa -- -- 7e e6 9e 26 c8 -- -- -- 13 73 -- 55 -- -- 53 -- -- -- 86 -- df -- -- -- -- -- -- 69 c1 d2 -- -- -- -- -- -- ca 61 -- -- -- -- -- -- -- -- -- -- cc -- -- -- ce 9b -- -- -- -- ac d7 -- -- -- -- 7f -- 2b -- c0 -- -- -- a3 83 -- --  3 4c 15 eb c3 1b 96 fc 35 -- f2 -- -- -- c9 c5 7a 8e -- -- -- -- -- d3 

solutions so far:0 maxDepth:10 
iterations:45530526  skipped: 16 
Depth skipped: 
0 0 16 0 0 0 0 0 0 0 0 0 0 0 0 0 0 0 0 0 0 0 0 0 0 0 0 0 0 0 0 0 

running time: 5400 sec
 depth:7
 0  1  2  3  4  5  6  7  8  9  a  b  c  d  e  f 10 11 12 13 14 15 16 17 18 19 1a 1b 1c 1d 1e 1f 20 21 22 23 24 25 26 27 28 29 2a 2b 2c 2d 2e 2f 30 31 32 33 34 35 36 37 38 39 3a 3b 3c 3d 3e 3f 40 41 42 43 44 45 46 47 48 49 4a 4b 4c 4d 4e 4f 50 51 52 53 54 55 56 57 58 59 5a 5b 5c 5d 5e 5f 60 61 62 63 64 65 66 67 68 69 6a 6b 6c 6d 6e 6f 70 71 72 73 74 75 76 77 78 79 7a 7b 7c 7d 7e 7f 80 81 82 83 84 85 86 87 88 89 8a 8b 8c 8d 8e 8f 90 91 92 93 94 95 96 97 98 99 9a 9b 9c 9d 9e 9f a0 a1 a2 a3 a4 a5 a6 a7 a8 a9 aa ab ac ad ae af b0 b1 b2 b3 b4 b5 b6 b7 b8 b9 ba bb bc bd be bf c0 c1 c2 c3 c4 c5 c6 c7 c8 c9 ca cb cc cd ce cf d0 d1 d2 d3 d4 d5 d6 d7 d8 d9 da db dc dd de df e0 e1 e2 e3 e4 e5 e6 e7 e8 e9 ea eb ec ed ee ef f0 f1 f2 f3 f4 f5 f6 f7 f8 f9 fa fb fc fd fe ff 
 0  1  2 2a  4 91 54 f6  8 71 f5 18 a8 83 3b 1d 10 -- e2 -- 3d -- 30 3c 87 -- d1 -- 76 de 3a 64 20 -- -- -- 13 2f -- cb 7a 89 -- -- 60 -- 78 -- d9 -- -- 33 75 -- --  e ec e7 6b a7 74 -- c8 -- 40 -- -- -- -- -- -- -- 26 -- 5e -- -- -- 41 4f f4 -- c5 -- -- c2 -- 43 c0 -- -- -- f0 -- -- -- 65 -- -- -- -- -- 66 -- ea -- -- 17 -- -- 1c 70  f -- 19 -- d6 e1 99  6 e8 79 -- 5c 47 -- -- -- 80 -- -- a6 -- -- -- -- -- -- -- db -- -- -- -- 4c -- -- -- bc -- -- 7e -- dc -- -- 82 55 9e ba 3f -- -- -- 5d c1 -- 6e -- -- 53 -- -- -- 86 -- 57 -- -- -- -- -- -- ae 37 8b -- -- -- -- -- -- ca 61 -- -- -- -- -- -- -- -- -- -- cc -- -- --  3 9b -- -- -- -- 2e d7 -- -- -- -- 38 -- e0 -- 1e -- -- -- 32 6f -- -- 7b a3 15 eb e5 aa  c d3  7 -- f2 -- -- -- b8 98 8e fc -- -- -- -- -- af 

solutions so far:0 maxDepth:10 
iterations:48210171  skipped: 16 
Depth skipped: 
0 0 16 0 0 0 0 0 0 0 0 0 0 0 0 0 0 0 0 0 0 0 0 0 0 0 0 0 0 0 0 0 

running time: 5700 sec
 depth:7
 0  1  2  3  4  5  6  7  8  9  a  b  c  d  e  f 10 11 12 13 14 15 16 17 18 19 1a 1b 1c 1d 1e 1f 20 21 22 23 24 25 26 27 28 29 2a 2b 2c 2d 2e 2f 30 31 32 33 34 35 36 37 38 39 3a 3b 3c 3d 3e 3f 40 41 42 43 44 45 46 47 48 49 4a 4b 4c 4d 4e 4f 50 51 52 53 54 55 56 57 58 59 5a 5b 5c 5d 5e 5f 60 61 62 63 64 65 66 67 68 69 6a 6b 6c 6d 6e 6f 70 71 72 73 74 75 76 77 78 79 7a 7b 7c 7d 7e 7f 80 81 82 83 84 85 86 87 88 89 8a 8b 8c 8d 8e 8f 90 91 92 93 94 95 96 97 98 99 9a 9b 9c 9d 9e 9f a0 a1 a2 a3 a4 a5 a6 a7 a8 a9 aa ab ac ad ae af b0 b1 b2 b3 b4 b5 b6 b7 b8 b9 ba bb bc bd be bf c0 c1 c2 c3 c4 c5 c6 c7 c8 c9 ca cb cc cd ce cf d0 d1 d2 d3 d4 d5 d6 d7 d8 d9 da db dc dd de df e0 e1 e2 e3 e4 e5 e6 e7 e8 e9 ea eb ec ed ee ef f0 f1 f2 f3 f4 f5 f6 f7 f8 f9 fa fb fc fd fe ff 
 0  1  2 2a  4 8a 54 23  8 8e c3 59 a8 9a 46 36 10 -- cb -- 51 -- b2 f3 87 -- e3 -- 8c 81 6c 4c 20 -- -- -- 41 d4 -- 32 a2 56 -- -- b3 -- 31 -- d9 -- -- 33 11 -- -- 4b cf e2 d5 73 d8 -- 98 -- 40 -- -- -- -- -- -- -- 82 -- 7f -- -- -- 64 4f 93 -- ac -- -- c2 -- 43 b1 -- -- -- 62 -- -- -- 65 -- -- -- -- -- 66 -- 22 -- -- 84 -- -- 96 21 49 -- 13 -- 7d e1 e6 88 67 79 -- 69 e7 -- -- -- 80 -- -- a6 -- -- -- -- -- -- -- db -- -- -- -- d3 -- -- -- fe -- -- 35 -- be -- -- c8 cd 9e c9 f1 -- -- -- 8f 8d -- 5f -- -- 53 -- -- -- 86 -- b5 -- -- -- -- -- -- bd c4 ad -- -- -- -- -- -- ca 61 -- -- -- -- -- -- -- -- -- -- cc -- -- -- 44 9b -- -- -- -- df d7 -- -- -- -- fb -- 42 -- 92 -- -- -- 26 ab -- -- fa 45 15 eb 1b 4d c7 47 ce -- f2 -- -- -- d2 71 19 6a -- -- -- -- -- 2b 

solutions so far:0 maxDepth:10 
iterations:52378113  skipped: 17 
Depth skipped: 
0 0 17 0 0 0 0 0 0 0 0 0 0 0 0 0 0 0 0 0 0 0 0 0 0 0 0 0 0 0 0 0 

running time: 6000 sec
 depth:7
 0  1  2  3  4  5  6  7  8  9  a  b  c  d  e  f 10 11 12 13 14 15 16 17 18 19 1a 1b 1c 1d 1e 1f 20 21 22 23 24 25 26 27 28 29 2a 2b 2c 2d 2e 2f 30 31 32 33 34 35 36 37 38 39 3a 3b 3c 3d 3e 3f 40 41 42 43 44 45 46 47 48 49 4a 4b 4c 4d 4e 4f 50 51 52 53 54 55 56 57 58 59 5a 5b 5c 5d 5e 5f 60 61 62 63 64 65 66 67 68 69 6a 6b 6c 6d 6e 6f 70 71 72 73 74 75 76 77 78 79 7a 7b 7c 7d 7e 7f 80 81 82 83 84 85 86 87 88 89 8a 8b 8c 8d 8e 8f 90 91 92 93 94 95 96 97 98 99 9a 9b 9c 9d 9e 9f a0 a1 a2 a3 a4 a5 a6 a7 a8 a9 aa ab ac ad ae af b0 b1 b2 b3 b4 b5 b6 b7 b8 b9 ba bb bc bd be bf c0 c1 c2 c3 c4 c5 c6 c7 c8 c9 ca cb cc cd ce cf d0 d1 d2 d3 d4 d5 d6 d7 d8 d9 da db dc dd de df e0 e1 e2 e3 e4 e5 e6 e7 e8 e9 ea eb ec ed ee ef f0 f1 f2 f3 f4 f5 f6 f7 f8 f9 fa fb fc fd fe ff 
 0  1  2 2a  4 7f 54 14  8 88 fe 32 a8 e2 28 9c 10 -- c7 -- 2b -- 64 25 87 -- 13 -- 50 9f ef 8d 20 -- -- -- 59 8a -- e3 56 93 -- -- c8 -- 4a -- d9 -- -- 33 26 -- -- 48 a0 b5 e9 f8  9 -- cd -- 40 -- -- -- -- -- -- -- b2 -- c3 -- -- -- 11 4f ac -- f1 -- -- c2 -- 43 47 -- -- -- 94 -- -- -- 65 -- -- -- -- -- 66 -- 4c -- -- e4 -- -- 90 39 97 -- bd --  5 e1 27 e7 12 79 -- 3e 4d -- -- -- 80 -- -- a6 -- -- -- -- -- -- -- db -- -- -- -- b3 -- -- -- 51 -- -- c9 -- 52 -- -- 22 d3 9e 6a 8f -- -- -- 35 82 -- 29 -- -- 53 -- -- -- 86 -- 8e -- -- -- -- -- -- cb ff 41 -- -- -- -- -- -- ca 61 -- -- -- -- -- -- -- -- -- -- cc -- -- -- 98 9b -- -- -- -- 1f d7 -- -- -- -- f7 -- 72 -- f9 -- -- -- ad a4 -- --  a d4 15 eb 4e 71 19 44 24 -- f2 -- -- -- 7c b1 9a 45 -- -- -- -- -- a2 

solutions so far:0 maxDepth:10 
iterations:56610234  skipped: 18 
Depth skipped: 
0 0 18 0 0 0 0 0 0 0 0 0 0 0 0 0 0 0 0 0 0 0 0 0 0 0 0 0 0 0 0 0 

running time: 6300 sec
 depth:6
 0  1  2  3  4  5  6  7  8  9  a  b  c  d  e  f 10 11 12 13 14 15 16 17 18 19 1a 1b 1c 1d 1e 1f 20 21 22 23 24 25 26 27 28 29 2a 2b 2c 2d 2e 2f 30 31 32 33 34 35 36 37 38 39 3a 3b 3c 3d 3e 3f 40 41 42 43 44 45 46 47 48 49 4a 4b 4c 4d 4e 4f 50 51 52 53 54 55 56 57 58 59 5a 5b 5c 5d 5e 5f 60 61 62 63 64 65 66 67 68 69 6a 6b 6c 6d 6e 6f 70 71 72 73 74 75 76 77 78 79 7a 7b 7c 7d 7e 7f 80 81 82 83 84 85 86 87 88 89 8a 8b 8c 8d 8e 8f 90 91 92 93 94 95 96 97 98 99 9a 9b 9c 9d 9e 9f a0 a1 a2 a3 a4 a5 a6 a7 a8 a9 aa ab ac ad ae af b0 b1 b2 b3 b4 b5 b6 b7 b8 b9 ba bb bc bd be bf c0 c1 c2 c3 c4 c5 c6 c7 c8 c9 ca cb cc cd ce cf d0 d1 d2 d3 d4 d5 d6 d7 d8 d9 da db dc dd de df e0 e1 e2 e3 e4 e5 e6 e7 e8 e9 ea eb ec ed ee ef f0 f1 f2 f3 f4 f5 f6 f7 f8 f9 fa fb fc fd fe ff 
 0  1  2 2a  4 70 54 a1  8 55 e0 f1 a8 c9 95 -- 10 -- aa -- 17 -- 35 bf 87 -- 45 -- fd c6 -- 18 20 -- -- -- 83 e5 -- 57 2e e8 -- -- 6a -- a9 -- d9 -- -- 33 8a -- -- -- 2d  3 5b -- -- -- 30 -- 40 -- -- -- -- -- -- -- d1 -- 1d -- -- -- ae 4f 5c --  7 -- -- c2 -- 43 d4 -- -- -- 85 -- -- -- 65 -- -- -- -- -- 66 -- c3 -- -- -- -- -- -- -- 5a --  6 -- b6 e1 -- a2 -- 79 -- -- 60 -- -- -- 80 -- -- a6 -- -- -- -- -- -- -- db -- -- -- -- 75 -- -- -- 3a -- -- a7 -- da -- -- 8b ac 9e 1c b8 -- -- --  e 56 -- 6d -- -- 53 -- -- -- 86 -- 7f -- -- -- -- -- -- fe dd 2b -- -- -- -- -- -- ca 61 -- -- -- -- -- -- -- -- -- -- cc -- -- -- 51 9b -- -- -- -- -- d7 -- -- -- -- -- -- -- -- b4 -- -- --  c 63 -- -- bb 38 15 eb -- 8f 93 c1 -- -- f2 -- -- -- -- ea c0 99 -- -- -- -- -- 74 

solutions so far:0 maxDepth:10 
iterations:60509937  skipped: 21 
Depth skipped: 
0 0 21 0 0 0 0 0 0 0 0 0 0 0 0 0 0 0 0 0 0 0 0 0 0 0 0 0 0 0 0 0 

running time: 6600 sec
 depth:6
 0  1  2  3  4  5  6  7  8  9  a  b  c  d  e  f 10 11 12 13 14 15 16 17 18 19 1a 1b 1c 1d 1e 1f 20 21 22 23 24 25 26 27 28 29 2a 2b 2c 2d 2e 2f 30 31 32 33 34 35 36 37 38 39 3a 3b 3c 3d 3e 3f 40 41 42 43 44 45 46 47 48 49 4a 4b 4c 4d 4e 4f 50 51 52 53 54 55 56 57 58 59 5a 5b 5c 5d 5e 5f 60 61 62 63 64 65 66 67 68 69 6a 6b 6c 6d 6e 6f 70 71 72 73 74 75 76 77 78 79 7a 7b 7c 7d 7e 7f 80 81 82 83 84 85 86 87 88 89 8a 8b 8c 8d 8e 8f 90 91 92 93 94 95 96 97 98 99 9a 9b 9c 9d 9e 9f a0 a1 a2 a3 a4 a5 a6 a7 a8 a9 aa ab ac ad ae af b0 b1 b2 b3 b4 b5 b6 b7 b8 b9 ba bb bc bd be bf c0 c1 c2 c3 c4 c5 c6 c7 c8 c9 ca cb cc cd ce cf d0 d1 d2 d3 d4 d5 d6 d7 d8 d9 da db dc dd de df e0 e1 e2 e3 e4 e5 e6 e7 e8 e9 ea eb ec ed ee ef f0 f1 f2 f3 f4 f5 f6 f7 f8 f9 fa fb fc fd fe ff 
 0  1  2 2a  4 68 54 c9  8 69 d0 b3 a8 11 45 -- 10 -- d2 -- 77 -- b1 93 87 -- 22 -- 8a 2b -- ce 20 -- -- -- 73 b0 -- 21 ee 9d -- -- b5 -- f1 -- d9 -- -- 33 44 -- -- -- c3 6c 56 -- -- -- 4b -- 40 -- -- -- -- -- -- -- e6 -- b7 -- -- -- 42 4f  b -- ed -- -- c2 -- 43 bd -- -- -- 35 -- -- -- 65 -- -- -- -- -- 66 -- 88 -- -- -- -- -- -- -- 51 -- d8 -- ac e1 -- 59 -- 79 -- -- 96 -- -- -- 80 -- -- a6 -- -- -- -- -- -- -- db -- -- -- -- 1b -- -- -- b9 -- -- 2c -- 7f -- -- 84 9a 9e 1a 16 -- -- --  d 4d -- d4 -- -- 53 -- -- -- 86 -- ad -- -- -- -- -- -- 8d 6a cd -- -- -- -- -- -- ca 61 -- -- -- -- -- -- -- -- -- -- cc -- -- -- c7 9b -- -- -- -- -- d7 -- -- -- -- -- -- -- -- a2 -- -- -- 67 fe -- -- 8f 34 15 eb -- e3 b2 df -- -- f2 -- -- -- -- 36 fb 58 -- -- -- -- -- a5 

solutions so far:0 maxDepth:10 
iterations:64501776  skipped: 21 
Depth skipped: 
0 0 21 0 0 0 0 0 0 0 0 0 0 0 0 0 0 0 0 0 0 0 0 0 0 0 0 0 0 0 0 0 

running time: 6900 sec
 depth:6
 0  1  2  3  4  5  6  7  8  9  a  b  c  d  e  f 10 11 12 13 14 15 16 17 18 19 1a 1b 1c 1d 1e 1f 20 21 22 23 24 25 26 27 28 29 2a 2b 2c 2d 2e 2f 30 31 32 33 34 35 36 37 38 39 3a 3b 3c 3d 3e 3f 40 41 42 43 44 45 46 47 48 49 4a 4b 4c 4d 4e 4f 50 51 52 53 54 55 56 57 58 59 5a 5b 5c 5d 5e 5f 60 61 62 63 64 65 66 67 68 69 6a 6b 6c 6d 6e 6f 70 71 72 73 74 75 76 77 78 79 7a 7b 7c 7d 7e 7f 80 81 82 83 84 85 86 87 88 89 8a 8b 8c 8d 8e 8f 90 91 92 93 94 95 96 97 98 99 9a 9b 9c 9d 9e 9f a0 a1 a2 a3 a4 a5 a6 a7 a8 a9 aa ab ac ad ae af b0 b1 b2 b3 b4 b5 b6 b7 b8 b9 ba bb bc bd be bf c0 c1 c2 c3 c4 c5 c6 c7 c8 c9 ca cb cc cd ce cf d0 d1 d2 d3 d4 d5 d6 d7 d8 d9 da db dc dd de df e0 e1 e2 e3 e4 e5 e6 e7 e8 e9 ea eb ec ed ee ef f0 f1 f2 f3 f4 f5 f6 f7 f8 f9 fa fb fc fd fe ff 
 0  1  2 2a  4 5f 54 dd  8 c9 be 6f a8 1e 6d -- 10 -- 45 -- ab -- de b6 87 -- 3c -- da b4 -- 6a 20 -- -- -- 8a 46 -- 2b 81 92 -- -- 6b -- bb -- d9 -- -- 33 78 -- -- -- 63 93 bf -- -- -- d4 -- 40 -- -- -- -- -- -- -- c3 -- 8c -- -- -- 56 4f d5 -- f3 -- -- c2 -- 43 d6 -- -- -- a1 -- -- -- 65 -- -- -- -- -- 66 -- f0 -- -- -- -- -- -- -- c6 -- f1 -- a9 e1 -- 6e -- 79 -- -- 7f -- -- -- 80 -- -- a6 -- -- -- -- -- -- -- db -- -- -- -- 51 -- -- -- cf -- -- fa -- 2d -- -- ac ec 9e 62 7d -- -- -- 31 76 -- fd -- -- 53 -- -- -- 86 -- 7b -- -- -- -- -- -- f6 95 3b -- -- -- -- -- -- ca 61 -- -- -- -- -- -- -- -- -- -- cc -- -- -- 37 9b -- -- -- -- -- d7 -- -- -- -- -- -- -- -- 5b -- -- -- 35 5a -- -- 85 c4 15 eb --  f dc 8f -- -- f2 -- -- -- -- a2 fe 23 -- -- -- -- -- 49 

solutions so far:0 maxDepth:10 
iterations:68549846  skipped: 21 
Depth skipped: 
0 0 21 0 0 0 0 0 0 0 0 0 0 0 0 0 0 0 0 0 0 0 0 0 0 0 0 0 0 0 0 0 

running time: 7200 sec
 depth:7
 0  1  2  3  4  5  6  7  8  9  a  b  c  d  e  f 10 11 12 13 14 15 16 17 18 19 1a 1b 1c 1d 1e 1f 20 21 22 23 24 25 26 27 28 29 2a 2b 2c 2d 2e 2f 30 31 32 33 34 35 36 37 38 39 3a 3b 3c 3d 3e 3f 40 41 42 43 44 45 46 47 48 49 4a 4b 4c 4d 4e 4f 50 51 52 53 54 55 56 57 58 59 5a 5b 5c 5d 5e 5f 60 61 62 63 64 65 66 67 68 69 6a 6b 6c 6d 6e 6f 70 71 72 73 74 75 76 77 78 79 7a 7b 7c 7d 7e 7f 80 81 82 83 84 85 86 87 88 89 8a 8b 8c 8d 8e 8f 90 91 92 93 94 95 96 97 98 99 9a 9b 9c 9d 9e 9f a0 a1 a2 a3 a4 a5 a6 a7 a8 a9 aa ab ac ad ae af b0 b1 b2 b3 b4 b5 b6 b7 b8 b9 ba bb bc bd be bf c0 c1 c2 c3 c4 c5 c6 c7 c8 c9 ca cb cc cd ce cf d0 d1 d2 d3 d4 d5 d6 d7 d8 d9 da db dc dd de df e0 e1 e2 e3 e4 e5 e6 e7 e8 e9 ea eb ec ed ee ef f0 f1 f2 f3 f4 f5 f6 f7 f8 f9 fa fb fc fd fe ff 
 0  1  2 2a  4 52 54 fa  8 3a a4 76 a8 6f 23 48 10 -- 74 -- 9f -- ec 92 87 -- de -- 46 ab 90 17 20 -- -- -- e8 50 -- a7 e9 25 -- --  f -- f3 -- d9 -- -- 33 6b -- -- e4 8c 38 81  9 f7 -- 2e -- 40 -- -- -- -- -- -- --  7 -- a0 -- -- -- 99 4f  5 -- 4a -- -- c2 -- 43 1e -- -- -- 31 -- -- -- 65 -- -- -- -- -- 66 -- d6 -- -- 27 -- -- 1f 7c cf -- 70 -- d5 e1 12 f6 39 79 -- 9c 5c -- -- -- 80 -- -- a6 -- -- -- -- -- -- -- db -- -- -- --  e -- -- -- 97 -- -- 14 -- 5f -- -- e5 6e 9e ff  a -- -- -- 94 37 -- c4 -- -- 53 -- -- -- 86 -- 3c -- -- -- -- -- -- 78 62 f0 -- -- -- -- -- -- ca 61 -- -- -- -- -- -- -- -- -- -- cc -- -- -- 7b 9b -- -- -- -- 4e d7 -- -- -- -- 3e -- f8 -- 49 -- -- -- e0 be -- -- 7d 29 15 eb 24 dc 3b 1d 72 -- f2 -- -- -- ef 1c b8 28 -- -- -- -- -- f9 

solutions so far:0 maxDepth:10 
iterations:73413587  skipped: 23 
Depth skipped: 
0 0 23 0 0 0 0 0 0 0 0 0 0 0 0 0 0 0 0 0 0 0 0 0 0 0 0 0 0 0 0 0 

running time: 7500 sec
 depth:6
 0  1  2  3  4  5  6  7  8  9  a  b  c  d  e  f 10 11 12 13 14 15 16 17 18 19 1a 1b 1c 1d 1e 1f 20 21 22 23 24 25 26 27 28 29 2a 2b 2c 2d 2e 2f 30 31 32 33 34 35 36 37 38 39 3a 3b 3c 3d 3e 3f 40 41 42 43 44 45 46 47 48 49 4a 4b 4c 4d 4e 4f 50 51 52 53 54 55 56 57 58 59 5a 5b 5c 5d 5e 5f 60 61 62 63 64 65 66 67 68 69 6a 6b 6c 6d 6e 6f 70 71 72 73 74 75 76 77 78 79 7a 7b 7c 7d 7e 7f 80 81 82 83 84 85 86 87 88 89 8a 8b 8c 8d 8e 8f 90 91 92 93 94 95 96 97 98 99 9a 9b 9c 9d 9e 9f a0 a1 a2 a3 a4 a5 a6 a7 a8 a9 aa ab ac ad ae af b0 b1 b2 b3 b4 b5 b6 b7 b8 b9 ba bb bc bd be bf c0 c1 c2 c3 c4 c5 c6 c7 c8 c9 ca cb cc cd ce cf d0 d1 d2 d3 d4 d5 d6 d7 d8 d9 da db dc dd de df e0 e1 e2 e3 e4 e5 e6 e7 e8 e9 ea eb ec ed ee ef f0 f1 f2 f3 f4 f5 f6 f7 f8 f9 fa fb fc fd fe ff 
 0  1  2 2a  4 4a 54 2f  8 45 94 75 a8 ae 5e -- 10 -- 8a -- ff -- ea 5d 87 -- 8b -- bc f4 -- d4 20 -- -- -- c3  5 -- 56 29 50 -- --  3 -- ba -- d9 -- -- 33 c1 -- -- -- af f1 3f -- -- -- 7f -- 40 -- -- -- -- -- -- -- 51 --  a -- -- -- ac 4f 52 -- a0 -- -- c2 -- 43  6 -- -- -- a3 -- -- -- 65 -- -- -- -- -- 66 -- 55 -- -- -- -- -- -- -- 89 -- 35 -- 7e e1 -- 83 -- 79 -- -- fe -- -- -- 80 -- -- a6 -- -- -- -- -- -- -- db -- -- -- -- a2 -- -- -- 14 -- -- 9f -- 3d -- -- 8f c0 9e f9 a4 -- -- -- 97 60 -- f5 -- -- 53 -- -- -- 86 --  c -- -- -- -- -- -- 18 91 30 -- -- -- -- -- -- ca 61 -- -- -- -- -- -- -- -- -- -- cc -- -- -- aa 9b -- -- -- -- -- d7 -- -- -- -- -- -- -- -- c5 -- -- -- 6a 7a -- -- fc 25 15 eb -- 57 d1 c9 -- -- f2 -- -- -- -- 93 2b e9 -- -- -- -- -- 28 

solutions so far:0 maxDepth:10 
iterations:78157576  skipped: 24 
Depth skipped: 
0 0 24 0 0 0 0 0 0 0 0 0 0 0 0 0 0 0 0 0 0 0 0 0 0 0 0 0 0 0 0 0 

running time: 7800 sec
 depth:8
 0  1  2  3  4  5  6  7  8  9  a  b  c  d  e  f 10 11 12 13 14 15 16 17 18 19 1a 1b 1c 1d 1e 1f 20 21 22 23 24 25 26 27 28 29 2a 2b 2c 2d 2e 2f 30 31 32 33 34 35 36 37 38 39 3a 3b 3c 3d 3e 3f 40 41 42 43 44 45 46 47 48 49 4a 4b 4c 4d 4e 4f 50 51 52 53 54 55 56 57 58 59 5a 5b 5c 5d 5e 5f 60 61 62 63 64 65 66 67 68 69 6a 6b 6c 6d 6e 6f 70 71 72 73 74 75 76 77 78 79 7a 7b 7c 7d 7e 7f 80 81 82 83 84 85 86 87 88 89 8a 8b 8c 8d 8e 8f 90 91 92 93 94 95 96 97 98 99 9a 9b 9c 9d 9e 9f a0 a1 a2 a3 a4 a5 a6 a7 a8 a9 aa ab ac ad ae af b0 b1 b2 b3 b4 b5 b6 b7 b8 b9 ba bb bc bd be bf c0 c1 c2 c3 c4 c5 c6 c7 c8 c9 ca cb cc cd ce cf d0 d1 d2 d3 d4 d5 d6 d7 d8 d9 da db dc dd de df e0 e1 e2 e3 e4 e5 e6 e7 e8 e9 ea eb ec ed ee ef f0 f1 f2 f3 f4 f5 f6 f7 f8 f9 fa fb fc fd fe ff 
 0  1  2 2a  4 41 54 49  8 36 82 48 a8 27 92  3 10 2d 6c -- d3 -- 90 5f 87 -- 4e -- f3 23  6 42 20 -- 5a -- d8 98 -- d2 71 64 -- -- f7 -- be -- d9 -- -- 33 9c -- -- 60 31 96 46 d1  c -- 84 -- 40 -- -- -- b4 -- -- -- 67 -- e7 -- -- a1 73 4f e2 -- c8 -- -- c2 -- 43 39 85 -- -- ab -- -- -- 65 -- -- -- -- -- 66 -- ef -- -- c1 -- -- c0 ae 62 -- fb -- 8c e1 75 12 18 79 -- aa df -- -- -- 80 -- -- a6 -- -- -- -- bf -- -- db -- b6 -- -- ce -- -- -- 19 -- -- 26 -- 7d 95 -- e6 7c 9e 8e 13 -- -- -- 47 3e -- d5 -- -- 53 -- -- 5b 86 -- 72 da dd 6d -- 63 -- e4 81 1f -- -- -- c6 -- -- ca 61 -- -- -- -- -- a9 -- -- -- -- cc bb -- --  9 9b -- -- -- -- 55 d7 -- -- -- -- 57 -- 8b -- c4 -- -- fd 21 fa -- -- cf cb 15 eb ea f8 24 1b 30 -- f2 -- -- -- 83 4b 69 4c -- -- -- -- -- 32 

solutions so far:0 maxDepth:10 
iterations:82894936  skipped: 24 
Depth skipped: 
0 0 24 0 0 0 0 0 0 0 0 0 0 0 0 0 0 0 0 0 0 0 0 0 0 0 0 0 0 0 0 0 

running time: 8100 sec
 depth:6
 0  1  2  3  4  5  6  7  8  9  a  b  c  d  e  f 10 11 12 13 14 15 16 17 18 19 1a 1b 1c 1d 1e 1f 20 21 22 23 24 25 26 27 28 29 2a 2b 2c 2d 2e 2f 30 31 32 33 34 35 36 37 38 39 3a 3b 3c 3d 3e 3f 40 41 42 43 44 45 46 47 48 49 4a 4b 4c 4d 4e 4f 50 51 52 53 54 55 56 57 58 59 5a 5b 5c 5d 5e 5f 60 61 62 63 64 65 66 67 68 69 6a 6b 6c 6d 6e 6f 70 71 72 73 74 75 76 77 78 79 7a 7b 7c 7d 7e 7f 80 81 82 83 84 85 86 87 88 89 8a 8b 8c 8d 8e 8f 90 91 92 93 94 95 96 97 98 99 9a 9b 9c 9d 9e 9f a0 a1 a2 a3 a4 a5 a6 a7 a8 a9 aa ab ac ad ae af b0 b1 b2 b3 b4 b5 b6 b7 b8 b9 ba bb bc bd be bf c0 c1 c2 c3 c4 c5 c6 c7 c8 c9 ca cb cc cd ce cf d0 d1 d2 d3 d4 d5 d6 d7 d8 d9 da db dc dd de df e0 e1 e2 e3 e4 e5 e6 e7 e8 e9 ea eb ec ed ee ef f0 f1 f2 f3 f4 f5 f6 f7 f8 f9 fa fb fc fd fe ff 
 0  1  2 2a  4 38 54 d0  8 24 70 6a a8 8a 77 -- 10 -- 48 -- e0 -- d4 58 87 -- c3 -- ee  d -- 7c 20 -- -- -- 90 99 -- 9c 17 74 -- -- 7f -- b0 -- d9 -- -- 33 51 -- -- --  b e4 1a -- -- -- f8 -- 40 -- -- -- -- -- -- -- f7 -- e5 -- -- -- ef 4f 2e -- e8 -- -- c2 -- 43 fe -- -- -- b7 -- -- -- 65 -- -- -- -- -- 66 -- a2 -- -- -- -- -- -- -- 16 -- 1f -- 34 e1 -- f1 -- 79 -- -- 27 -- -- -- 80 -- -- a6 -- -- -- -- -- -- -- db -- -- -- -- 39 -- -- -- 1d -- -- b8 -- 9d -- --  9 c9 9e  e 5c -- -- --  7 8f -- a5 -- -- 53 -- -- -- 86 -- 2b -- -- -- -- -- -- 56 b9 ac -- -- -- -- -- -- ca 61 -- -- -- -- -- -- -- -- -- -- cc -- -- -- 93 9b -- -- -- -- -- d7 -- -- -- -- -- -- -- -- 2c -- -- -- 3e ed -- -- 68 1c 15 eb -- 45 35 12 -- -- f2 -- -- -- -- 72 4e a7 -- -- -- -- -- 3a 

solutions so far:0 maxDepth:10 
iterations:88176218  skipped: 24 
Depth skipped: 
0 0 24 0 0 0 0 0 0 0 0 0 0 0 0 0 0 0 0 0 0 0 0 0 0 0 0 0 0 0 0 0 

running time: 8400 sec
 depth:8
 0  1  2  3  4  5  6  7  8  9  a  b  c  d  e  f 10 11 12 13 14 15 16 17 18 19 1a 1b 1c 1d 1e 1f 20 21 22 23 24 25 26 27 28 29 2a 2b 2c 2d 2e 2f 30 31 32 33 34 35 36 37 38 39 3a 3b 3c 3d 3e 3f 40 41 42 43 44 45 46 47 48 49 4a 4b 4c 4d 4e 4f 50 51 52 53 54 55 56 57 58 59 5a 5b 5c 5d 5e 5f 60 61 62 63 64 65 66 67 68 69 6a 6b 6c 6d 6e 6f 70 71 72 73 74 75 76 77 78 79 7a 7b 7c 7d 7e 7f 80 81 82 83 84 85 86 87 88 89 8a 8b 8c 8d 8e 8f 90 91 92 93 94 95 96 97 98 99 9a 9b 9c 9d 9e 9f a0 a1 a2 a3 a4 a5 a6 a7 a8 a9 aa ab ac ad ae af b0 b1 b2 b3 b4 b5 b6 b7 b8 b9 ba bb bc bd be bf c0 c1 c2 c3 c4 c5 c6 c7 c8 c9 ca cb cc cd ce cf d0 d1 d2 d3 d4 d5 d6 d7 d8 d9 da db dc dd de df e0 e1 e2 e3 e4 e5 e6 e7 e8 e9 ea eb ec ed ee ef f0 f1 f2 f3 f4 f5 f6 f7 f8 f9 fa fb fc fd fe ff 
 0  1  2 2a  4 2e 54 12  8 98 5c ff a8 50 24 dd 10 ac e7 -- b8 -- 29 72 87 -- a0 -- 48 4e 6d 41 20 -- 8f -- 19 74 -- e2 a7 1c -- -- 52 -- e4 -- d9 -- -- 33 97 -- -- 5b 90 47 9c bf da -- 82 -- 40 -- -- -- c9 -- -- -- 32 -- e8 -- -- fe 13 4f 99 -- 38 -- -- c2 -- 43 a4 c3 -- -- 1f -- -- -- 65 -- -- -- -- -- 66 -- f9 -- -- fd -- -- b6 a1 f7 -- 8e -- ef e1 a9 4a 63 79 -- 5a d3 -- -- -- 80 -- -- a6 -- -- -- -- 45 -- -- db -- d4 -- -- 64 -- -- --  7 -- -- 1d -- f8 2b -- 26 14 9e e0 e5 -- -- -- 70  a -- 7c -- -- 53 -- -- 6a 86 -- 9f 93 51 a2 -- f1 -- e9 3e  5 -- -- -- 35 -- -- ca 61 -- -- -- -- -- 8a -- -- -- -- cc 7f -- -- 25 9b -- -- -- -- 2d d7 -- -- -- -- bb -- 95 -- 39 -- -- 56 cb 27 -- --  9 17 15 eb 85 28 94 4c c6 -- f2 -- -- -- b4 c8 71 3a -- -- -- -- --  e 

solutions so far:0 maxDepth:10 
iterations:93653955  skipped: 26 
Depth skipped: 
0 0 26 0 0 0 0 0 0 0 0 0 0 0 0 0 0 0 0 0 0 0 0 0 0 0 0 0 0 0 0 0 

running time: 8700 sec
 depth:7
 0  1  2  3  4  5  6  7  8  9  a  b  c  d  e  f 10 11 12 13 14 15 16 17 18 19 1a 1b 1c 1d 1e 1f 20 21 22 23 24 25 26 27 28 29 2a 2b 2c 2d 2e 2f 30 31 32 33 34 35 36 37 38 39 3a 3b 3c 3d 3e 3f 40 41 42 43 44 45 46 47 48 49 4a 4b 4c 4d 4e 4f 50 51 52 53 54 55 56 57 58 59 5a 5b 5c 5d 5e 5f 60 61 62 63 64 65 66 67 68 69 6a 6b 6c 6d 6e 6f 70 71 72 73 74 75 76 77 78 79 7a 7b 7c 7d 7e 7f 80 81 82 83 84 85 86 87 88 89 8a 8b 8c 8d 8e 8f 90 91 92 93 94 95 96 97 98 99 9a 9b 9c 9d 9e 9f a0 a1 a2 a3 a4 a5 a6 a7 a8 a9 aa ab ac ad ae af b0 b1 b2 b3 b4 b5 b6 b7 b8 b9 ba bb bc bd be bf c0 c1 c2 c3 c4 c5 c6 c7 c8 c9 ca cb cc cd ce cf d0 d1 d2 d3 d4 d5 d6 d7 d8 d9 da db dc dd de df e0 e1 e2 e3 e4 e5 e6 e7 e8 e9 ea eb ec ed ee ef f0 f1 f2 f3 f4 f5 f6 f7 f8 f9 fa fb fc fd fe ff 
 0  1  2 2a  4 1f 54 32  8 28 3e 67 a8 d2 64 3c 10 -- 50 -- 7c -- ce 41 87 -- 73 -- c8 4c 78 29 20 -- -- -- a0  9 -- e9 f8 90 -- -- 4b -- 82 -- d9 -- -- 33 e6 -- -- dc 47 4a 98 ec f0 -- 52 -- 40 -- -- -- -- -- -- -- 97 -- 12 -- -- --  5 4f 27 -- f7 -- -- c2 -- 43 96 -- -- -- d3 -- -- -- 65 -- -- -- -- -- 66 -- 1b -- -- 7b -- -- 6f 6b 8e -- 94 -- e7 e1  f 6c 37 79 -- 3b a4 -- -- -- 80 -- -- a6 -- -- -- -- -- -- -- db -- -- -- -- f9 -- -- -- 24 -- -- 9c -- 13 -- --  a df 9e 72 4e -- -- -- 39 84 -- e2 -- -- 53 -- -- -- 86 -- fb -- -- -- -- -- -- 21 71 42 -- -- -- -- -- -- ca 61 -- -- -- -- -- -- -- -- -- -- cc -- -- -- 36 9b -- -- -- -- f6 d7 -- -- -- -- de -- d6 -- cb -- -- -- ff 26 -- -- 19 e4 15 eb 1e 69 d8 14 6e -- f2 -- -- -- 76 25 9f ef -- -- -- -- -- 48 

solutions so far:0 maxDepth:10 
iterations:99162111  skipped: 27 
Depth skipped: 
0 0 27 0 0 0 0 0 0 0 0 0 0 0 0 0 0 0 0 0 0 0 0 0 0 0 0 0 0 0 0 0 

running time: 9000 sec
 depth:6
 0  1  2  3  4  5  6  7  8  9  a  b  c  d  e  f 10 11 12 13 14 15 16 17 18 19 1a 1b 1c 1d 1e 1f 20 21 22 23 24 25 26 27 28 29 2a 2b 2c 2d 2e 2f 30 31 32 33 34 35 36 37 38 39 3a 3b 3c 3d 3e 3f 40 41 42 43 44 45 46 47 48 49 4a 4b 4c 4d 4e 4f 50 51 52 53 54 55 56 57 58 59 5a 5b 5c 5d 5e 5f 60 61 62 63 64 65 66 67 68 69 6a 6b 6c 6d 6e 6f 70 71 72 73 74 75 76 77 78 79 7a 7b 7c 7d 7e 7f 80 81 82 83 84 85 86 87 88 89 8a 8b 8c 8d 8e 8f 90 91 92 93 94 95 96 97 98 99 9a 9b 9c 9d 9e 9f a0 a1 a2 a3 a4 a5 a6 a7 a8 a9 aa ab ac ad ae af b0 b1 b2 b3 b4 b5 b6 b7 b8 b9 ba bb bc bd be bf c0 c1 c2 c3 c4 c5 c6 c7 c8 c9 ca cb cc cd ce cf d0 d1 d2 d3 d4 d5 d6 d7 d8 d9 da db dc dd de df e0 e1 e2 e3 e4 e5 e6 e7 e8 e9 ea eb ec ed ee ef f0 f1 f2 f3 f4 f5 f6 f7 f8 f9 fa fb fc fd fe ff 
 0  1  2 2a  4 16 54 1b  8 6f 2c 9a a8 b1 36 -- 10 -- de -- 58 -- e3 4b 87 -- b5 -- 6c 69 --  f 20 -- -- -- 6b ed -- f0 b0 68 -- -- 11 -- 96 -- d9 -- -- 33 bd -- -- -- d8 3b d2 -- -- -- 1e -- 40 -- -- -- -- -- -- -- d6 --  d -- -- -- 37 4f b7 -- d0 -- -- c2 -- 43 22 -- -- -- fb -- -- -- 65 -- -- -- -- -- 66 -- ad -- -- -- -- -- -- -- 67 -- 76 -- 73 e1 -- cd -- 79 -- -- 3c -- -- -- 80 -- -- a6 -- -- -- -- -- -- -- db -- -- -- -- 7b -- -- -- 1a -- -- a5 -- 84 -- -- 6e b2 9e ee b9 -- -- -- 77 59 -- 42 -- -- 53 -- -- -- 86 -- 44 -- -- -- -- -- -- 88 21 c7 -- -- -- -- -- -- ca 61 -- -- -- -- -- -- -- -- -- -- cc -- -- -- 8d 9b -- -- -- -- -- d7 -- -- -- -- -- -- -- -- ce -- -- -- ec df -- -- e6  b 15 eb -- b3 4d dc -- -- f2 -- -- -- -- f6 78 9d -- -- -- -- -- 34 

solutions so far:0 maxDepth:10 
iterations:104925759  skipped: 28 
Depth skipped: 
0 0 28 0 0 0 0 0 0 0 0 0 0 0 0 0 0 0 0 0 0 0 0 0 0 0 0 0 0 0 0 0 

running time: 9300 sec
 depth:7
 0  1  2  3  4  5  6  7  8  9  a  b  c  d  e  f 10 11 12 13 14 15 16 17 18 19 1a 1b 1c 1d 1e 1f 20 21 22 23 24 25 26 27 28 29 2a 2b 2c 2d 2e 2f 30 31 32 33 34 35 36 37 38 39 3a 3b 3c 3d 3e 3f 40 41 42 43 44 45 46 47 48 49 4a 4b 4c 4d 4e 4f 50 51 52 53 54 55 56 57 58 59 5a 5b 5c 5d 5e 5f 60 61 62 63 64 65 66 67 68 69 6a 6b 6c 6d 6e 6f 70 71 72 73 74 75 76 77 78 79 7a 7b 7c 7d 7e 7f 80 81 82 83 84 85 86 87 88 89 8a 8b 8c 8d 8e 8f 90 91 92 93 94 95 96 97 98 99 9a 9b 9c 9d 9e 9f a0 a1 a2 a3 a4 a5 a6 a7 a8 a9 aa ab ac ad ae af b0 b1 b2 b3 b4 b5 b6 b7 b8 b9 ba bb bc bd be bf c0 c1 c2 c3 c4 c5 c6 c7 c8 c9 ca cb cc cd ce cf d0 d1 d2 d3 d4 d5 d6 d7 d8 d9 da db dc dd de df e0 e1 e2 e3 e4 e5 e6 e7 e8 e9 ea eb ec ed ee ef f0 f1 f2 f3 f4 f5 f6 f7 f8 f9 fa fb fc fd fe ff 
 0  1  2 2a  4  7 54 fc  8 fd  e 42 a8 d8 2f 31 10 -- 2d -- 1c -- 84 c5 87 -- 67 -- 5e 7a 62 da 20 -- -- -- 5a 5c -- b6 38 e5 -- -- df -- 5d -- d9 -- -- 33 ce -- -- ab bc 85 f4 49 c4 -- 63 -- 40 -- -- -- -- -- -- -- b4 -- b8 -- -- -- bb 4f 70 -- 1d -- -- c2 -- 43 69 -- -- -- ba -- -- -- 65 -- -- -- -- -- 66 -- 4b -- -- 23 -- -- 81 7d af -- dd -- 3f e1 92 fb 5f 79 -- 8c c6 -- -- -- 80 -- -- a6 -- -- -- -- -- -- -- db -- -- -- -- bf -- -- -- a7 -- -- 17 -- f5 -- -- a1 36 9e 74 e0 -- -- -- 3a 1b -- 91 -- -- 53 -- -- -- 86 -- d2 -- -- -- -- -- -- 73 a3 e6 -- -- -- -- -- -- ca 61 -- -- -- -- -- -- -- -- -- -- cc -- -- -- 96 9b -- -- -- -- 46 d7 -- -- -- -- d5 -- fa -- 89 -- -- -- 6d 3d -- -- 7e e8 15 eb f3 6c 21 95 be -- f2 -- -- -- cf a9 5b 2e -- -- -- -- -- 99 

solutions so far:0 maxDepth:10 
iterations:110875049  skipped: 30 
Depth skipped: 
0 0 30 0 0 0 0 0 0 0 0 0 0 0 0 0 0 0 0 0 0 0 0 0 0 0 0 0 0 0 0 0 

running time: 9600 sec

Finished. Total running time: 9706 sec
