Search S-boxes invariant for matrix: 
{0x00,0x02,0x04,0x06,0x08,0x0a,0x0c,0x0e,0x10,0x12,0x14,0x16,0x18,0x1a,0x1c,0x1e,0x20,0x22,0x24,0x26,0x28,0x2a,0x2c,0x2e,0x30,0x32,0x34,0x36,0x38,0x3a,0x3c,0x3e,0x40,0x42,0x44,0x46,0x48,0x4a,0x4c,0x4e,0x50,0x52,0x54,0x56,0x58,0x5a,0x5c,0x5e,0x60,0x62,0x64,0x66,0x68,0x6a,0x6c,0x6e,0x70,0x72,0x74,0x76,0x78,0x7a,0x7c,0x7e,0x80,0x82,0x84,0x86,0x88,0x8a,0x8c,0x8e,0x90,0x92,0x94,0x96,0x98,0x9a,0x9c,0x9e,0xa0,0xa2,0xa4,0xa6,0xa8,0xaa,0xac,0xae,0xb0,0xb2,0xb4,0xb6,0xb8,0xba,0xbc,0xbe,0xc0,0xc2,0xc4,0xc6,0xc8,0xca,0xcc,0xce,0xd0,0xd2,0xd4,0xd6,0xd8,0xda,0xdc,0xde,0xe0,0xe2,0xe4,0xe6,0xe8,0xea,0xec,0xee,0xf0,0xf2,0xf4,0xf6,0xf8,0xfa,0xfc,0xfe,0xd7,0xd5,0xd3,0xd1,0xdf,0xdd,0xdb,0xd9,0xc7,0xc5,0xc3,0xc1,0xcf,0xcd,0xcb,0xc9,0xf7,0xf5,0xf3,0xf1,0xff,0xfd,0xfb,0xf9,0xe7,0xe5,0xe3,0xe1,0xef,0xed,0xeb,0xe9,0x97,0x95,0x93,0x91,0x9f,0x9d,0x9b,0x99,0x87,0x85,0x83,0x81,0x8f,0x8d,0x8b,0x89,0xb7,0xb5,0xb3,0xb1,0xbf,0xbd,0xbb,0xb9,0xa7,0xa5,0xa3,0xa1,0xaf,0xad,0xab,0xa9,0x57,0x55,0x53,0x51,0x5f,0x5d,0x5b,0x59,0x47,0x45,0x43,0x41,0x4f,0x4d,0x4b,0x49,0x77,0x75,0x73,0x71,0x7f,0x7d,0x7b,0x79,0x67,0x65,0x63,0x61,0x6f,0x6d,0x6b,0x69,0x17,0x15,0x13,0x11,0x1f,0x1d,0x1b,0x19,0x07,0x05,0x03,0x01,0x0f,0x0d,0x0b,0x09,0x37,0x35,0x33,0x31,0x3f,0x3d,0x3b,0x39,0x27,0x25,0x23,0x21,0x2f,0x2d,0x2b,0x29};



 depth:6
 0  1  2  3  4  5  6  7  8  9  a  b  c  d  e  f 10 11 12 13 14 15 16 17 18 19 1a 1b 1c 1d 1e 1f 20 21 22 23 24 25 26 27 28 29 2a 2b 2c 2d 2e 2f 30 31 32 33 34 35 36 37 38 39 3a 3b 3c 3d 3e 3f 40 41 42 43 44 45 46 47 48 49 4a 4b 4c 4d 4e 4f 50 51 52 53 54 55 56 57 58 59 5a 5b 5c 5d 5e 5f 60 61 62 63 64 65 66 67 68 69 6a 6b 6c 6d 6e 6f 70 71 72 73 74 75 76 77 78 79 7a 7b 7c 7d 7e 7f 80 81 82 83 84 85 86 87 88 89 8a 8b 8c 8d 8e 8f 90 91 92 93 94 95 96 97 98 99 9a 9b 9c 9d 9e 9f a0 a1 a2 a3 a4 a5 a6 a7 a8 a9 aa ab ac ad ae af b0 b1 b2 b3 b4 b5 b6 b7 b8 b9 ba bb bc bd be bf c0 c1 c2 c3 c4 c5 c6 c7 c8 c9 ca cb cc cd ce cf d0 d1 d2 d3 d4 d5 d6 d7 d8 d9 da db dc dd de df e0 e1 e2 e3 e4 e5 e6 e7 e8 e9 ea eb ec ed ee ef f0 f1 f2 f3 f4 f5 f6 f7 f8 f9 fa fb fc fd fe ff 
 0  1  2 2d  4 fc 5a 72  8 e8 2f ce b4 73 e4 -- 10 --  7 -- 5e -- 4b 27 bf -- e6 -- 1f 48 -- 5c 20 -- -- --  e ba -- e5 bc 3d -- -- 96 -- 4e -- a9 -- -- 33 1b -- -- -- 3e e0 90 -- -- -- b8 -- 40 -- -- -- -- -- -- -- 1c -- a3 -- -- -- 1d 4f af -- 7a -- -- 5b -- 6d fb -- -- -- 9c -- -- -- 85 -- -- -- -- -- 66 -- 36 -- -- -- -- -- -- -- 7c -- 17 -- f7 95 -- d8 -- 79 -- -- a7 -- -- -- 80 -- -- bb -- -- -- -- -- -- -- 63 -- -- -- -- 38 -- -- -- 91 -- -- c5 -- 12 -- -- 3a 69 9e 3f 89 -- -- -- f4 df --  9 -- -- b6 -- -- -- da -- 21 -- -- -- -- -- -- 42 ef 84 -- -- -- -- -- -- dd c6 -- -- -- -- -- -- -- -- -- -- cc -- -- -- 6c a1 -- -- -- -- -- d7 -- -- -- -- -- -- -- -- f8 -- -- -- 2e 24 -- -- 39 7e fd eb -- d2 67 74 -- -- f2 -- -- -- -- 70 99 5d -- -- -- -- -- f5 

solutions so far:0 maxDepth:9 
iterations:1920721  skipped: 0 
Depth skipped: 
0 0 0 0 0 0 0 0 0 0 0 0 0 0 0 0 0 0 0 0 0 0 0 0 0 0 0 0 0 0 0 0 

running time: 300 sec
 depth:7
 0  1  2  3  4  5  6  7  8  9  a  b  c  d  e  f 10 11 12 13 14 15 16 17 18 19 1a 1b 1c 1d 1e 1f 20 21 22 23 24 25 26 27 28 29 2a 2b 2c 2d 2e 2f 30 31 32 33 34 35 36 37 38 39 3a 3b 3c 3d 3e 3f 40 41 42 43 44 45 46 47 48 49 4a 4b 4c 4d 4e 4f 50 51 52 53 54 55 56 57 58 59 5a 5b 5c 5d 5e 5f 60 61 62 63 64 65 66 67 68 69 6a 6b 6c 6d 6e 6f 70 71 72 73 74 75 76 77 78 79 7a 7b 7c 7d 7e 7f 80 81 82 83 84 85 86 87 88 89 8a 8b 8c 8d 8e 8f 90 91 92 93 94 95 96 97 98 99 9a 9b 9c 9d 9e 9f a0 a1 a2 a3 a4 a5 a6 a7 a8 a9 aa ab ac ad ae af b0 b1 b2 b3 b4 b5 b6 b7 b8 b9 ba bb bc bd be bf c0 c1 c2 c3 c4 c5 c6 c7 c8 c9 ca cb cc cd ce cf d0 d1 d2 d3 d4 d5 d6 d7 d8 d9 da db dc dd de df e0 e1 e2 e3 e4 e5 e6 e7 e8 e9 ea eb ec ed ee ef f0 f1 f2 f3 f4 f5 f6 f7 f8 f9 fa fb fc fd fe ff 
 0  1  2 2d  4 f7 5a f6  8 15 39 c0 b4 ea 3b fc 10 -- 2a -- 72 -- 57 3c bf --  3 -- 76 de 2f 86 20 -- -- -- 54 27 -- 53 e4  9 -- -- ae -- 78 -- a9 -- -- 33  6 -- -- 89 ec 65 6b f4 5e -- db -- 40 -- -- -- -- -- -- -- a8 -- 4e -- -- -- a6 4f 1f -- 12 -- -- 5b -- 6d 8b -- -- -- f0 -- -- -- 85 -- -- -- -- -- 66 --  c -- -- 91 -- -- c5 ba  f -- ca -- d6 95 3f 30 bc 79 -- 3d 61 -- -- -- 80 -- -- bb -- -- -- -- -- -- -- 63 -- -- -- -- 87 -- -- -- 9c -- -- 7c -- dc -- -- 9b d1 9e 48 3e -- -- -- 24 83 -- 6e -- -- b6 -- -- -- da -- c1 -- -- -- -- -- -- 55 37 aa -- -- -- -- -- -- dd c6 -- -- -- -- -- -- -- -- -- -- cc -- -- -- 18 a1 -- -- -- -- f5 d7 -- -- -- -- 5d -- a3 -- 1e -- -- -- 43 6f -- -- 7b 90 fd eb 7e 75 60 e1 af -- f2 -- -- -- 7a d9 c2 f8 -- -- -- -- -- ef 

solutions so far:0 maxDepth:9 
iterations:4340612  skipped: 1 
Depth skipped: 
0 0 1 0 0 0 0 0 0 0 0 0 0 0 0 0 0 0 0 0 0 0 0 0 0 0 0 0 0 0 0 0 

running time: 600 sec
 depth:7
 0  1  2  3  4  5  6  7  8  9  a  b  c  d  e  f 10 11 12 13 14 15 16 17 18 19 1a 1b 1c 1d 1e 1f 20 21 22 23 24 25 26 27 28 29 2a 2b 2c 2d 2e 2f 30 31 32 33 34 35 36 37 38 39 3a 3b 3c 3d 3e 3f 40 41 42 43 44 45 46 47 48 49 4a 4b 4c 4d 4e 4f 50 51 52 53 54 55 56 57 58 59 5a 5b 5c 5d 5e 5f 60 61 62 63 64 65 66 67 68 69 6a 6b 6c 6d 6e 6f 70 71 72 73 74 75 76 77 78 79 7a 7b 7c 7d 7e 7f 80 81 82 83 84 85 86 87 88 89 8a 8b 8c 8d 8e 8f 90 91 92 93 94 95 96 97 98 99 9a 9b 9c 9d 9e 9f a0 a1 a2 a3 a4 a5 a6 a7 a8 a9 aa ab ac ad ae af b0 b1 b2 b3 b4 b5 b6 b7 b8 b9 ba bb bc bd be bf c0 c1 c2 c3 c4 c5 c6 c7 c8 c9 ca cb cc cd ce cf d0 d1 d2 d3 d4 d5 d6 d7 d8 d9 da db dc dd de df e0 e1 e2 e3 e4 e5 e6 e7 e8 e9 ea eb ec ed ee ef f0 f1 f2 f3 f4 f5 f6 f7 f8 f9 fa fb fc fd fe ff 
 0  1  2 2d  4 f5 5a 22  8 36 3d d4 b4 c3 44 ae 10 -- 6c -- 7a -- 7f b3 bf -- 51 -- 88 4d 8b 42 20 -- -- -- d8 5e -- d2 f4 c5 -- -- fe -- b1 -- a9 -- -- 33 a2 -- -- 83 c7 96 9a 60 c1 -- 84 -- 40 -- -- -- -- -- -- -- 67 -- bc -- -- -- 73 4f 3f -- 5d -- -- 5b -- 6d 2b -- -- -- b5 -- -- -- 85 -- -- -- -- -- 66 -- 93 -- --  6 -- -- d1 ea 59 -- fb -- e3 95 c0 35 55 79 -- 18 df -- -- -- 80 -- -- bb -- -- -- -- -- -- -- 63 -- -- -- -- ce -- -- -- af -- -- fc -- 8d -- -- e6 45 9e a3 7e -- -- -- ba c9 -- ad -- -- b6 -- -- -- da -- 56 -- -- -- -- -- -- ac bd 8f -- -- -- -- -- -- dd c6 -- -- -- -- -- -- -- -- -- -- cc -- -- -- f1 a1 -- -- -- --  c d7 -- -- -- -- 75 --  3 -- b2 -- -- -- 21 cd -- -- 11 91 fd eb 57 8a 6a 1b aa -- f2 -- -- -- 30 4b 69 2f -- -- -- -- -- 89 

solutions so far:0 maxDepth:9 
iterations:6325704  skipped: 1 
Depth skipped: 
0 0 1 0 0 0 0 0 0 0 0 0 0 0 0 0 0 0 0 0 0 0 0 0 0 0 0 0 0 0 0 0 

running time: 900 sec
 depth:7
 0  1  2  3  4  5  6  7  8  9  a  b  c  d  e  f 10 11 12 13 14 15 16 17 18 19 1a 1b 1c 1d 1e 1f 20 21 22 23 24 25 26 27 28 29 2a 2b 2c 2d 2e 2f 30 31 32 33 34 35 36 37 38 39 3a 3b 3c 3d 3e 3f 40 41 42 43 44 45 46 47 48 49 4a 4b 4c 4d 4e 4f 50 51 52 53 54 55 56 57 58 59 5a 5b 5c 5d 5e 5f 60 61 62 63 64 65 66 67 68 69 6a 6b 6c 6d 6e 6f 70 71 72 73 74 75 76 77 78 79 7a 7b 7c 7d 7e 7f 80 81 82 83 84 85 86 87 88 89 8a 8b 8c 8d 8e 8f 90 91 92 93 94 95 96 97 98 99 9a 9b 9c 9d 9e 9f a0 a1 a2 a3 a4 a5 a6 a7 a8 a9 aa ab ac ad ae af b0 b1 b2 b3 b4 b5 b6 b7 b8 b9 ba bb bc bd be bf c0 c1 c2 c3 c4 c5 c6 c7 c8 c9 ca cb cc cd ce cf d0 d1 d2 d3 d4 d5 d6 d7 d8 d9 da db dc dd de df e0 e1 e2 e3 e4 e5 e6 e7 e8 e9 ea eb ec ed ee ef f0 f1 f2 f3 f4 f5 f6 f7 f8 f9 fa fb fc fd fe ff 
 0  1  2 2d  4 f0 5a 42  8 ba 37 be b4 49 84 35 10 -- a3 -- 6e -- ab e6 bf -- 92 -- df 4b 6a fc 20 -- -- -- 91 7b -- af dc ec -- -- 81 -- 1b -- a9 -- -- 33 f3 -- -- 2b 69 f4 96 a2 d4 -- 2f -- 40 -- -- -- -- -- -- -- f5 -- f6 -- -- -- 89 4f 6f --  f -- -- 5b -- 6d d5 -- -- -- 36 -- -- -- 85 -- -- -- -- -- 66 -- 31 -- -- 45 -- -- 56 8f d2 -- 3f -- fb 95 93 c4 7f 79 -- c3 5e -- -- -- 80 -- -- bb -- -- -- -- -- -- -- 63 -- -- -- -- 3d -- -- -- 3b -- -- 6b -- 67 -- -- c5 8c 9e 3c de -- -- -- 1e 46 -- d8 -- -- b6 -- -- -- da -- 7d -- -- -- -- -- -- fa 6c 23 -- -- -- -- -- -- dd c6 -- -- -- -- -- -- -- -- -- -- cc -- -- -- 62 a1 -- -- -- -- 8a d7 -- -- -- -- ac -- c9 -- 73 -- -- -- 7e ce -- -- 21 78 fd eb f1 cf 5f 5d fe -- f2 -- -- -- 51 7a bc d6 -- -- -- -- -- 76 

solutions so far:0 maxDepth:9 
iterations:8348977  skipped: 2 
Depth skipped: 
0 0 2 0 0 0 0 0 0 0 0 0 0 0 0 0 0 0 0 0 0 0 0 0 0 0 0 0 0 0 0 0 

running time: 1200 sec
 depth:7
 0  1  2  3  4  5  6  7  8  9  a  b  c  d  e  f 10 11 12 13 14 15 16 17 18 19 1a 1b 1c 1d 1e 1f 20 21 22 23 24 25 26 27 28 29 2a 2b 2c 2d 2e 2f 30 31 32 33 34 35 36 37 38 39 3a 3b 3c 3d 3e 3f 40 41 42 43 44 45 46 47 48 49 4a 4b 4c 4d 4e 4f 50 51 52 53 54 55 56 57 58 59 5a 5b 5c 5d 5e 5f 60 61 62 63 64 65 66 67 68 69 6a 6b 6c 6d 6e 6f 70 71 72 73 74 75 76 77 78 79 7a 7b 7c 7d 7e 7f 80 81 82 83 84 85 86 87 88 89 8a 8b 8c 8d 8e 8f 90 91 92 93 94 95 96 97 98 99 9a 9b 9c 9d 9e 9f a0 a1 a2 a3 a4 a5 a6 a7 a8 a9 aa ab ac ad ae af b0 b1 b2 b3 b4 b5 b6 b7 b8 b9 ba bb bc bd be bf c0 c1 c2 c3 c4 c5 c6 c7 c8 c9 ca cb cc cd ce cf d0 d1 d2 d3 d4 d5 d6 d7 d8 d9 da db dc dd de df e0 e1 e2 e3 e4 e5 e6 e7 e8 e9 ea eb ec ed ee ef f0 f1 f2 f3 f4 f5 f6 f7 f8 f9 fa fb fc fd fe ff 
 0  1  2 2d  4 e9 5a 42  8 24  5 c7 b4 4d 84 49 10 -- 48 --  a -- 59 e6 bf -- 9a -- df 4b 92 7c 20 -- -- -- 90 f9 -- 9c 14 ff -- -- b2 -- 1b -- a9 -- -- 33 e3 -- -- c4 69 e4 96 46 f3 -- f8 -- 40 -- -- -- -- -- -- -- f7 -- 25 -- -- -- ef 4f 28 -- 29 -- -- 5b -- 6d b3 -- -- -- 36 -- -- -- 85 -- -- -- -- -- 66 -- 11 -- -- d5 -- -- 5f ab d2 -- 1f -- fb 95 8c 44 31 79 -- fa 27 -- -- -- 80 -- -- bb -- -- -- -- -- -- -- 63 -- -- -- -- 39 -- -- -- 4a -- -- a0 -- 67 -- --  9 8d 9e a4 50 -- -- -- 52 ad -- d8 -- -- b6 -- -- -- da -- b1 -- -- -- -- -- -- b5 6c bd -- -- -- -- -- -- dd c6 -- -- -- -- -- -- -- -- -- -- cc -- -- -- 22 a1 -- -- -- -- 7d d7 -- -- -- -- be -- 81 -- 73 -- -- -- 3e ce -- -- 21 9f fd eb cf cd 88 12 62 -- f2 -- -- -- 23 72 4e 97 -- -- -- -- -- 94 

solutions so far:0 maxDepth:9 
iterations:10412679  skipped: 3 
Depth skipped: 
0 0 3 0 0 0 0 0 0 0 0 0 0 0 0 0 0 0 0 0 0 0 0 0 0 0 0 0 0 0 0 0 

running time: 1500 sec
 depth:8
 0  1  2  3  4  5  6  7  8  9  a  b  c  d  e  f 10 11 12 13 14 15 16 17 18 19 1a 1b 1c 1d 1e 1f 20 21 22 23 24 25 26 27 28 29 2a 2b 2c 2d 2e 2f 30 31 32 33 34 35 36 37 38 39 3a 3b 3c 3d 3e 3f 40 41 42 43 44 45 46 47 48 49 4a 4b 4c 4d 4e 4f 50 51 52 53 54 55 56 57 58 59 5a 5b 5c 5d 5e 5f 60 61 62 63 64 65 66 67 68 69 6a 6b 6c 6d 6e 6f 70 71 72 73 74 75 76 77 78 79 7a 7b 7c 7d 7e 7f 80 81 82 83 84 85 86 87 88 89 8a 8b 8c 8d 8e 8f 90 91 92 93 94 95 96 97 98 99 9a 9b 9c 9d 9e 9f a0 a1 a2 a3 a4 a5 a6 a7 a8 a9 aa ab ac ad ae af b0 b1 b2 b3 b4 b5 b6 b7 b8 b9 ba bb bc bd be bf c0 c1 c2 c3 c4 c5 c6 c7 c8 c9 ca cb cc cd ce cf d0 d1 d2 d3 d4 d5 d6 d7 d8 d9 da db dc dd de df e0 e1 e2 e3 e4 e5 e6 e7 e8 e9 ea eb ec ed ee ef f0 f1 f2 f3 f4 f5 f6 f7 f8 f9 fa fb fc fd fe ff 
 0  1  2 2d  4 e6 5a 4d  8 70 1b 4e b4 72 9a 18 10 64 e0 -- 36 -- 9c 88 bf -- e4 -- e3 bd 30 1d 20 -- c8 -- 17 96 --  7 6c 84 -- -- ef -- c7 -- a9 -- -- 33 1f -- -- ae 11 a7 ad  3 60 -- 3a -- 40 -- -- -- 47 -- -- -- 2e -- fb -- -- e7  e 4f d8 -- df -- -- 5b -- 6d  9 41 -- -- 59 -- -- -- 85 -- -- -- -- -- 66 -- 3e -- -- 83 -- -- 8b 55 22 -- 99 -- 8d 95  6 f8 c0 79 -- 75 74 -- -- -- 80 -- -- bb -- -- -- -- 8e -- -- 63 -- 4c -- -- 5c -- -- -- 21 -- -- ce -- b1 19 -- 1c f7 9e d2 67 -- -- -- 69 90 -- b3 -- -- b6 -- -- 26 da -- 12 71 82 d3 -- e2 -- 24 b2 48 -- -- -- 13 -- -- dd c6 -- -- -- -- -- cb -- -- -- -- cc 98 -- -- 7c a1 -- -- -- -- d1 d7 -- -- -- -- c1 -- aa -- 44 -- -- 32 e5 b5 -- -- cd 73 fd eb  c 39 27 38 57 -- f2 -- -- -- ea b8 e8 4b -- -- -- -- -- 42 

solutions so far:0 maxDepth:9 
iterations:12482122  skipped: 3 
Depth skipped: 
0 0 3 0 0 0 0 0 0 0 0 0 0 0 0 0 0 0 0 0 0 0 0 0 0 0 0 0 0 0 0 0 

running time: 1800 sec
 depth:6
 0  1  2  3  4  5  6  7  8  9  a  b  c  d  e  f 10 11 12 13 14 15 16 17 18 19 1a 1b 1c 1d 1e 1f 20 21 22 23 24 25 26 27 28 29 2a 2b 2c 2d 2e 2f 30 31 32 33 34 35 36 37 38 39 3a 3b 3c 3d 3e 3f 40 41 42 43 44 45 46 47 48 49 4a 4b 4c 4d 4e 4f 50 51 52 53 54 55 56 57 58 59 5a 5b 5c 5d 5e 5f 60 61 62 63 64 65 66 67 68 69 6a 6b 6c 6d 6e 6f 70 71 72 73 74 75 76 77 78 79 7a 7b 7c 7d 7e 7f 80 81 82 83 84 85 86 87 88 89 8a 8b 8c 8d 8e 8f 90 91 92 93 94 95 96 97 98 99 9a 9b 9c 9d 9e 9f a0 a1 a2 a3 a4 a5 a6 a7 a8 a9 aa ab ac ad ae af b0 b1 b2 b3 b4 b5 b6 b7 b8 b9 ba bb bc bd be bf c0 c1 c2 c3 c4 c5 c6 c7 c8 c9 ca cb cc cd ce cf d0 d1 d2 d3 d4 d5 d6 d7 d8 d9 da db dc dd de df e0 e1 e2 e3 e4 e5 e6 e7 e8 e9 ea eb ec ed ee ef f0 f1 f2 f3 f4 f5 f6 f7 f8 f9 fa fb fc fd fe ff 
 0  1  2 2d  4 e2 5a 58  8 53 13 3f b4 ba b0 -- 10 -- a6 -- 26 -- 7e ed bf -- a3 -- b7 ee -- d9 20 -- -- -- 9b 64 -- 86 4c cb -- -- fc --  d -- a9 -- -- 33 91 -- -- -- b9 54  b -- -- -- 65 -- 40 -- -- -- -- -- -- -- e1 -- c8 -- -- -- db 4f 98 -- 41 -- -- 5b -- 6d 2f -- -- -- 1a -- -- -- 85 -- -- -- -- -- 66 -- f5 -- -- -- -- -- -- -- a5 -- a8 -- 16 95 -- 7a -- 79 -- -- ca -- -- -- 80 -- -- bb -- -- -- -- -- -- -- 63 -- -- -- -- 15 -- -- -- 47 -- -- 19 -- d0 -- -- 61 c5 9e d3 e7 -- -- -- 82 89 -- 68 -- -- b6 -- -- -- da -- 5e -- -- -- -- -- -- bc 34 af -- -- -- -- -- -- dd c6 -- -- -- -- -- -- -- -- -- -- cc -- -- -- 3d a1 -- -- -- -- -- d7 -- -- -- -- -- -- -- -- 9d -- -- -- 87 77 -- -- 2c 71 fd eb -- 5d f4 c2 -- -- f2 -- -- -- -- 2a 43 32 -- -- -- -- -- 8e 

solutions so far:0 maxDepth:9 
iterations:14570941  skipped: 4 
Depth skipped: 
0 0 4 0 0 0 0 0 0 0 0 0 0 0 0 0 0 0 0 0 0 0 0 0 0 0 0 0 0 0 0 0 

running time: 2100 sec
 depth:6
 0  1  2  3  4  5  6  7  8  9  a  b  c  d  e  f 10 11 12 13 14 15 16 17 18 19 1a 1b 1c 1d 1e 1f 20 21 22 23 24 25 26 27 28 29 2a 2b 2c 2d 2e 2f 30 31 32 33 34 35 36 37 38 39 3a 3b 3c 3d 3e 3f 40 41 42 43 44 45 46 47 48 49 4a 4b 4c 4d 4e 4f 50 51 52 53 54 55 56 57 58 59 5a 5b 5c 5d 5e 5f 60 61 62 63 64 65 66 67 68 69 6a 6b 6c 6d 6e 6f 70 71 72 73 74 75 76 77 78 79 7a 7b 7c 7d 7e 7f 80 81 82 83 84 85 86 87 88 89 8a 8b 8c 8d 8e 8f 90 91 92 93 94 95 96 97 98 99 9a 9b 9c 9d 9e 9f a0 a1 a2 a3 a4 a5 a6 a7 a8 a9 aa ab ac ad ae af b0 b1 b2 b3 b4 b5 b6 b7 b8 b9 ba bb bc bd be bf c0 c1 c2 c3 c4 c5 c6 c7 c8 c9 ca cb cc cd ce cf d0 d1 d2 d3 d4 d5 d6 d7 d8 d9 da db dc dd de df e0 e1 e2 e3 e4 e5 e6 e7 e8 e9 ea eb ec ed ee ef f0 f1 f2 f3 f4 f5 f6 f7 f8 f9 fa fb fc fd fe ff 
 0  1  2 2d  4 d9 5a e4  8 30 65 93 b4 8f 1f -- 10 -- 60 -- ca -- f1 4e bf -- c9 -- 3e 90 -- 83 20 -- -- -- c0 53 --  3 43 15 -- -- 35 -- 9c -- a9 -- -- 33 45 -- -- -- 7c c1 f7 -- -- -- d1 -- 40 -- -- -- -- -- -- -- 57 -- a6 -- -- --  6 4f 86 -- 2a -- -- 5b -- 6d 6a -- -- -- ef -- -- -- 85 -- -- -- -- -- 66 -- 8a -- -- -- -- -- -- -- f8 -- 55 -- 39 95 -- 51 -- 79 -- -- 75 -- -- -- 80 -- -- bb -- -- -- -- -- -- -- 63 -- -- -- -- ae -- -- -- 9b -- -- 61 -- 24 -- --  c 56 9e a8 db -- -- -- 54 2b -- 12 -- -- b6 -- -- -- da -- d4 -- -- -- -- -- -- 7f  9 fe -- -- -- -- -- -- dd c6 -- -- -- -- -- -- -- -- -- -- cc -- -- -- c3 a1 -- -- -- -- -- d7 -- -- -- -- -- -- -- -- 27 -- -- -- aa 48 -- -- 72 87 fd eb -- ac a2 18 -- -- f2 -- -- -- -- 8b ea c2 -- -- -- -- -- e1 

solutions so far:0 maxDepth:9 
iterations:16939392  skipped: 6 
Depth skipped: 
0 0 6 0 0 0 0 0 0 0 0 0 0 0 0 0 0 0 0 0 0 0 0 0 0 0 0 0 0 0 0 0 

running time: 2400 sec
 depth:7
 0  1  2  3  4  5  6  7  8  9  a  b  c  d  e  f 10 11 12 13 14 15 16 17 18 19 1a 1b 1c 1d 1e 1f 20 21 22 23 24 25 26 27 28 29 2a 2b 2c 2d 2e 2f 30 31 32 33 34 35 36 37 38 39 3a 3b 3c 3d 3e 3f 40 41 42 43 44 45 46 47 48 49 4a 4b 4c 4d 4e 4f 50 51 52 53 54 55 56 57 58 59 5a 5b 5c 5d 5e 5f 60 61 62 63 64 65 66 67 68 69 6a 6b 6c 6d 6e 6f 70 71 72 73 74 75 76 77 78 79 7a 7b 7c 7d 7e 7f 80 81 82 83 84 85 86 87 88 89 8a 8b 8c 8d 8e 8f 90 91 92 93 94 95 96 97 98 99 9a 9b 9c 9d 9e 9f a0 a1 a2 a3 a4 a5 a6 a7 a8 a9 aa ab ac ad ae af b0 b1 b2 b3 b4 b5 b6 b7 b8 b9 ba bb bc bd be bf c0 c1 c2 c3 c4 c5 c6 c7 c8 c9 ca cb cc cd ce cf d0 d1 d2 d3 d4 d5 d6 d7 d8 d9 da db dc dd de df e0 e1 e2 e3 e4 e5 e6 e7 e8 e9 ea eb ec ed ee ef f0 f1 f2 f3 f4 f5 f6 f7 f8 f9 fa fb fc fd fe ff 
 0  1  2 2d  4 d1 5a a6  8  5 75 5c b4  e 9b 47 10 --  a -- ea -- b8 a8 bf -- 1c -- e1 db 8e 4a 20 -- -- -- 14 60 -- 52  3 8b -- -- a7 -- 87 -- a9 -- -- 33 38 -- -- d3 15 97 61 32 cb -- 94 -- 40 -- -- -- -- -- -- -- 28 -- c0 -- -- -- a4 4f  6 -- c1 -- -- 5b -- 6d 99 -- -- -- d9 -- -- -- 85 -- -- -- -- -- 66 -- 70 -- -- 4c -- -- 71 13 2a -- f9 -- c2 95 64 17 41 79 -- e7 ff -- -- -- 80 -- -- bb -- -- -- -- -- -- -- 63 -- -- -- -- 50 -- -- -- 57 -- -- 18 -- 43 -- -- 9f e8 9e aa  c -- -- -- 55 74 -- ca -- -- b6 -- -- -- da -- e5 -- -- -- -- -- -- 1d 65 3a -- -- -- -- -- -- dd c6 -- -- -- -- -- -- -- -- -- -- cc -- -- -- e0 a1 -- -- -- -- 98 d7 -- -- -- -- e2 -- 26 -- 54 -- -- -- 25 86 -- -- 53 83 fd eb c8  7 2e e9 82 -- f2 -- -- -- 19 a0 29 30 -- -- -- -- -- ae 

solutions so far:0 maxDepth:9 
iterations:19861784  skipped: 7 
Depth skipped: 
0 0 7 0 0 0 0 0 0 0 0 0 0 0 0 0 0 0 0 0 0 0 0 0 0 0 0 0 0 0 0 0 

running time: 2700 sec
 depth:7
 0  1  2  3  4  5  6  7  8  9  a  b  c  d  e  f 10 11 12 13 14 15 16 17 18 19 1a 1b 1c 1d 1e 1f 20 21 22 23 24 25 26 27 28 29 2a 2b 2c 2d 2e 2f 30 31 32 33 34 35 36 37 38 39 3a 3b 3c 3d 3e 3f 40 41 42 43 44 45 46 47 48 49 4a 4b 4c 4d 4e 4f 50 51 52 53 54 55 56 57 58 59 5a 5b 5c 5d 5e 5f 60 61 62 63 64 65 66 67 68 69 6a 6b 6c 6d 6e 6f 70 71 72 73 74 75 76 77 78 79 7a 7b 7c 7d 7e 7f 80 81 82 83 84 85 86 87 88 89 8a 8b 8c 8d 8e 8f 90 91 92 93 94 95 96 97 98 99 9a 9b 9c 9d 9e 9f a0 a1 a2 a3 a4 a5 a6 a7 a8 a9 aa ab ac ad ae af b0 b1 b2 b3 b4 b5 b6 b7 b8 b9 ba bb bc bd be bf c0 c1 c2 c3 c4 c5 c6 c7 c8 c9 ca cb cc cd ce cf d0 d1 d2 d3 d4 d5 d6 d7 d8 d9 da db dc dd de df e0 e1 e2 e3 e4 e5 e6 e7 e8 e9 ea eb ec ed ee ef f0 f1 f2 f3 f4 f5 f6 f7 f8 f9 fa fb fc fd fe ff 
 0  1  2 2d  4 cd 5a 12  8 d5 4d 26 b4 cb 24 83 10 -- 7d -- 9a -- 4c 72 bf -- 41 -- 48 4e d1 f3 20 -- -- -- fa c7 -- 5f e3 b1 -- -- 98 -- e4 -- a9 -- -- 33 82 -- --  6 90 cf 9c c1 75 -- 31 -- 40 -- -- -- -- -- -- -- 23 -- 59 -- -- -- be 4f 11 -- b5 -- -- 5b -- 6d e7 -- -- -- 1f -- -- -- 85 -- -- -- -- -- 66 -- d3 -- -- c0 -- --  c 30 f7 -- 49 -- ef 95 55 e2 ea 79 -- ae 62 -- -- -- 80 -- -- bb -- -- -- -- -- -- -- 63 -- -- -- -- 46 -- -- -- b2 -- -- 44 -- f8 -- -- ab 47 9e ad 22 -- -- -- bd c8 -- 7c -- -- b6 -- -- -- da -- 19 -- -- -- -- -- -- 32 3e 64 -- -- -- -- -- -- dd c6 -- -- -- -- -- -- -- -- -- -- cc -- -- -- 71 a1 -- -- -- -- 57 d7 -- -- -- -- 18 -- 60 -- 39 -- -- -- 92 27 -- --  9 8d fd eb aa 8e 13 81  3 -- f2 -- -- -- 8b 8c c4 88 -- -- -- -- -- b3 

solutions so far:0 maxDepth:9 
iterations:22498615  skipped: 7 
Depth skipped: 
0 0 7 0 0 0 0 0 0 0 0 0 0 0 0 0 0 0 0 0 0 0 0 0 0 0 0 0 0 0 0 0 

running time: 3000 sec
 depth:7
 0  1  2  3  4  5  6  7  8  9  a  b  c  d  e  f 10 11 12 13 14 15 16 17 18 19 1a 1b 1c 1d 1e 1f 20 21 22 23 24 25 26 27 28 29 2a 2b 2c 2d 2e 2f 30 31 32 33 34 35 36 37 38 39 3a 3b 3c 3d 3e 3f 40 41 42 43 44 45 46 47 48 49 4a 4b 4c 4d 4e 4f 50 51 52 53 54 55 56 57 58 59 5a 5b 5c 5d 5e 5f 60 61 62 63 64 65 66 67 68 69 6a 6b 6c 6d 6e 6f 70 71 72 73 74 75 76 77 78 79 7a 7b 7c 7d 7e 7f 80 81 82 83 84 85 86 87 88 89 8a 8b 8c 8d 8e 8f 90 91 92 93 94 95 96 97 98 99 9a 9b 9c 9d 9e 9f a0 a1 a2 a3 a4 a5 a6 a7 a8 a9 aa ab ac ad ae af b0 b1 b2 b3 b4 b5 b6 b7 b8 b9 ba bb bc bd be bf c0 c1 c2 c3 c4 c5 c6 c7 c8 c9 ca cb cc cd ce cf d0 d1 d2 d3 d4 d5 d6 d7 d8 d9 da db dc dd de df e0 e1 e2 e3 e4 e5 e6 e7 e8 e9 ea eb ec ed ee ef f0 f1 f2 f3 f4 f5 f6 f7 f8 f9 fa fb fc fd fe ff 
 0  1  2 2d  4 c7 5a 2e  8 18 59 b0 b4 d0 5c 31 10 -- 30 -- b2 -- b7 1d bf -- 77 -- b8 38 62 aa 20 -- -- -- 60 8d -- ea b3 e3 -- -- b9 -- 3a -- a9 -- -- 33 ee -- -- ab a7 8b 70 49 c4 -- 83 -- 40 -- -- -- -- -- -- -- c0 -- cd -- -- --  3 4f b1 -- 11 -- -- 5b -- 6d a5 -- -- -- 74 -- -- -- 85 -- -- -- -- -- 66 --  b -- -- 23 -- -- 81 7d 99 -- c1 -- e0 95 92 2c 5f 79 -- 8c d1 -- -- -- 80 -- -- bb -- -- -- -- -- -- -- 63 -- -- -- -- 57 -- -- -- 4d -- -- bd --  e -- --  6 34 9e 44 b5 -- -- -- 22 1a --  7 -- -- b6 -- -- -- da -- 9d -- -- -- -- -- -- ed e8  d -- -- -- -- -- -- dd c6 -- -- -- -- -- -- -- -- -- -- cc -- -- -- 16 a1 -- -- -- -- 46 d7 -- -- -- -- d5 -- fa -- e5 -- -- -- 55 1c -- -- 17 88 fd eb f3 68 58  c be -- f2 -- -- -- cf ae 75 ad -- -- -- -- -- 9a 

solutions so far:0 maxDepth:9 
iterations:25273124  skipped: 8 
Depth skipped: 
0 0 8 0 0 0 0 0 0 0 0 0 0 0 0 0 0 0 0 0 0 0 0 0 0 0 0 0 0 0 0 0 

running time: 3300 sec
 depth:6
 0  1  2  3  4  5  6  7  8  9  a  b  c  d  e  f 10 11 12 13 14 15 16 17 18 19 1a 1b 1c 1d 1e 1f 20 21 22 23 24 25 26 27 28 29 2a 2b 2c 2d 2e 2f 30 31 32 33 34 35 36 37 38 39 3a 3b 3c 3d 3e 3f 40 41 42 43 44 45 46 47 48 49 4a 4b 4c 4d 4e 4f 50 51 52 53 54 55 56 57 58 59 5a 5b 5c 5d 5e 5f 60 61 62 63 64 65 66 67 68 69 6a 6b 6c 6d 6e 6f 70 71 72 73 74 75 76 77 78 79 7a 7b 7c 7d 7e 7f 80 81 82 83 84 85 86 87 88 89 8a 8b 8c 8d 8e 8f 90 91 92 93 94 95 96 97 98 99 9a 9b 9c 9d 9e 9f a0 a1 a2 a3 a4 a5 a6 a7 a8 a9 aa ab ac ad ae af b0 b1 b2 b3 b4 b5 b6 b7 b8 b9 ba bb bc bd be bf c0 c1 c2 c3 c4 c5 c6 c7 c8 c9 ca cb cc cd ce cf d0 d1 d2 d3 d4 d5 d6 d7 d8 d9 da db dc dd de df e0 e1 e2 e3 e4 e5 e6 e7 e8 e9 ea eb ec ed ee ef f0 f1 f2 f3 f4 f5 f6 f7 f8 f9 fa fb fc fd fe ff 
 0  1  2 2d  4 be 5a b7  8 f5 ab 6e b4 ec b9 -- 10 -- 3d -- 81 -- dc 1a bf --  f -- a5 16 -- bc 20 -- -- -- 7a 8c -- 5d d5 f3 -- -- 6f -- 34 -- a9 -- -- 33 1e -- -- -- 9d fc 2c -- -- -- af -- 40 -- -- -- -- -- -- -- f4 -- cf -- -- -- ba 4f 7d -- 31 -- -- 5b -- 6d de -- -- -- 68 -- -- -- 85 -- -- -- -- -- 66 -- 3c -- -- -- -- -- -- -- ed -- 2f -- 58 95 -- f0 -- 79 -- -- 89 -- -- -- 80 -- -- bb -- -- -- -- -- -- -- 63 -- -- -- -- 3f -- -- -- 49 -- -- 23 -- ee -- -- a3 3b 9e c4 fa -- -- -- 62 f6 -- 77 -- -- b6 -- -- -- da -- 6b -- -- -- -- -- -- d6 d0 7b -- -- -- -- -- -- dd c6 -- -- -- -- -- -- -- -- -- -- cc -- -- -- 78 a1 -- -- -- -- -- d7 -- -- -- -- -- -- -- --  d -- -- -- 5e  b -- -- b0 5f fd eb -- 76 37 91 -- -- f2 -- -- -- -- 7e c5 46 -- -- -- -- -- 92 

solutions so far:0 maxDepth:9 
iterations:28316658  skipped: 9 
Depth skipped: 
0 0 9 0 0 0 0 0 0 0 0 0 0 0 0 0 0 0 0 0 0 0 0 0 0 0 0 0 0 0 0 0 

running time: 3600 sec
 depth:7
 0  1  2  3  4  5  6  7  8  9  a  b  c  d  e  f 10 11 12 13 14 15 16 17 18 19 1a 1b 1c 1d 1e 1f 20 21 22 23 24 25 26 27 28 29 2a 2b 2c 2d 2e 2f 30 31 32 33 34 35 36 37 38 39 3a 3b 3c 3d 3e 3f 40 41 42 43 44 45 46 47 48 49 4a 4b 4c 4d 4e 4f 50 51 52 53 54 55 56 57 58 59 5a 5b 5c 5d 5e 5f 60 61 62 63 64 65 66 67 68 69 6a 6b 6c 6d 6e 6f 70 71 72 73 74 75 76 77 78 79 7a 7b 7c 7d 7e 7f 80 81 82 83 84 85 86 87 88 89 8a 8b 8c 8d 8e 8f 90 91 92 93 94 95 96 97 98 99 9a 9b 9c 9d 9e 9f a0 a1 a2 a3 a4 a5 a6 a7 a8 a9 aa ab ac ad ae af b0 b1 b2 b3 b4 b5 b6 b7 b8 b9 ba bb bc bd be bf c0 c1 c2 c3 c4 c5 c6 c7 c8 c9 ca cb cc cd ce cf d0 d1 d2 d3 d4 d5 d6 d7 d8 d9 da db dc dd de df e0 e1 e2 e3 e4 e5 e6 e7 e8 e9 ea eb ec ed ee ef f0 f1 f2 f3 f4 f5 f6 f7 f8 f9 fa fb fc fd fe ff 
 0  1  2 2d  4 b9 5a 9b  8 49 a5 f9 b4  5 e1 70 10 -- 92 -- 9d -- 25 87 bf --  a -- 15 61 e0 81 20 -- -- -- f3 d0 -- 23 ed 16 -- -- 4a -- d9 -- a9 -- -- 33 14 -- -- b8 2a 5f c2  e 17 -- d5 -- 40 -- -- -- -- -- -- -- 31 -- 77 -- -- -- 46 4f  d -- 2c -- -- 5b -- 6d 94 -- -- -- 65 -- -- -- 85 -- -- -- -- -- 66 -- 28 -- -- 3a -- -- a7 e5 54 -- be -- 53 95 1c a0 2e 79 -- e8 7d -- -- -- 80 -- -- bb -- -- -- -- -- -- -- 63 -- -- -- -- 62 -- -- -- ee -- -- 34 -- 86 -- -- 8c 9f 9e b0 1a -- -- -- 58 a4 -- 43 -- -- b6 -- -- -- da -- ff -- -- -- -- -- -- 29 ca 52 -- -- -- -- -- -- dd c6 -- -- -- -- -- -- -- -- -- -- cc -- -- -- 50 a1 -- -- -- -- 74 d7 -- -- -- -- 99 -- 1d -- a8 -- -- -- ab db -- -- a6 b7 fd eb 38 e9 97 cf 5c -- f2 -- -- --  7 c4 fa 68 -- -- -- -- --  b 

solutions so far:0 maxDepth:9 
iterations:30506976  skipped: 9 
Depth skipped: 
0 0 9 0 0 0 0 0 0 0 0 0 0 0 0 0 0 0 0 0 0 0 0 0 0 0 0 0 0 0 0 0 

running time: 3900 sec
 depth:7
 0  1  2  3  4  5  6  7  8  9  a  b  c  d  e  f 10 11 12 13 14 15 16 17 18 19 1a 1b 1c 1d 1e 1f 20 21 22 23 24 25 26 27 28 29 2a 2b 2c 2d 2e 2f 30 31 32 33 34 35 36 37 38 39 3a 3b 3c 3d 3e 3f 40 41 42 43 44 45 46 47 48 49 4a 4b 4c 4d 4e 4f 50 51 52 53 54 55 56 57 58 59 5a 5b 5c 5d 5e 5f 60 61 62 63 64 65 66 67 68 69 6a 6b 6c 6d 6e 6f 70 71 72 73 74 75 76 77 78 79 7a 7b 7c 7d 7e 7f 80 81 82 83 84 85 86 87 88 89 8a 8b 8c 8d 8e 8f 90 91 92 93 94 95 96 97 98 99 9a 9b 9c 9d 9e 9f a0 a1 a2 a3 a4 a5 a6 a7 a8 a9 aa ab ac ad ae af b0 b1 b2 b3 b4 b5 b6 b7 b8 b9 ba bb bc bd be bf c0 c1 c2 c3 c4 c5 c6 c7 c8 c9 ca cb cc cd ce cf d0 d1 d2 d3 d4 d5 d6 d7 d8 d9 da db dc dd de df e0 e1 e2 e3 e4 e5 e6 e7 e8 e9 ea eb ec ed ee ef f0 f1 f2 f3 f4 f5 f6 f7 f8 f9 fa fb fc fd fe ff 
 0  1  2 2d  4 b2 5a d1  8 8c b3 86 b4 54 75 16 10 -- cf -- b1 -- db 18 bf -- a8 -- ea c1 2c be 20 -- -- -- 49 4d -- 7d b5 22 -- -- 61 -- 30 -- a9 -- -- 33 87 -- -- b9  3 62 55 77 58 -- ab -- 40 -- -- -- -- -- -- -- 92 -- 9a -- -- -- fa 4f bd -- 44 -- -- 5b -- 6d c2 -- -- -- 60 -- -- -- 85 -- -- -- -- -- 66 -- d9 -- -- 1a -- -- a5 ed  6 -- c4 -- aa 95 ee ca b0 79 -- 68 81 -- -- -- 80 -- -- bb -- -- -- -- -- -- -- 63 -- -- -- -- f3 -- -- -- e3 -- -- 8d -- ae -- -- 23 15 9e c7 ad -- -- -- 88 e1 -- 57 -- -- b6 -- -- -- da -- 53 -- -- -- -- -- -- a6 c0 9b -- -- -- -- -- -- dd c6 -- -- -- -- -- -- -- -- -- -- cc -- -- -- 65 a1 -- -- -- -- 34 d7 -- -- -- -- 9d --  d --  c -- -- -- 5f 8b -- -- 83 59 fd eb  b 2a 43 46 b7 -- f2 -- -- -- d0 31 d5 cd -- -- -- -- -- 11 

solutions so far:0 maxDepth:9 
iterations:33912187  skipped: 9 
Depth skipped: 
0 0 9 0 0 0 0 0 0 0 0 0 0 0 0 0 0 0 0 0 0 0 0 0 0 0 0 0 0 0 0 0 

running time: 4200 sec
 depth:5
 0  1  2  3  4  5  6  7  8  9  a  b  c  d  e  f 10 11 12 13 14 15 16 17 18 19 1a 1b 1c 1d 1e 1f 20 21 22 23 24 25 26 27 28 29 2a 2b 2c 2d 2e 2f 30 31 32 33 34 35 36 37 38 39 3a 3b 3c 3d 3e 3f 40 41 42 43 44 45 46 47 48 49 4a 4b 4c 4d 4e 4f 50 51 52 53 54 55 56 57 58 59 5a 5b 5c 5d 5e 5f 60 61 62 63 64 65 66 67 68 69 6a 6b 6c 6d 6e 6f 70 71 72 73 74 75 76 77 78 79 7a 7b 7c 7d 7e 7f 80 81 82 83 84 85 86 87 88 89 8a 8b 8c 8d 8e 8f 90 91 92 93 94 95 96 97 98 99 9a 9b 9c 9d 9e 9f a0 a1 a2 a3 a4 a5 a6 a7 a8 a9 aa ab ac ad ae af b0 b1 b2 b3 b4 b5 b6 b7 b8 b9 ba bb bc bd be bf c0 c1 c2 c3 c4 c5 c6 c7 c8 c9 ca cb cc cd ce cf d0 d1 d2 d3 d4 d5 d6 d7 d8 d9 da db dc dd de df e0 e1 e2 e3 e4 e5 e6 e7 e8 e9 ea eb ec ed ee ef f0 f1 f2 f3 f4 f5 f6 f7 f8 f9 fa fb fc fd fe ff 
 0  1  2 2d  4 ad 5a a8  8 be 8d -- b4 -- 87 -- 10 -- ab -- cd -- -- 86 bf -- -- -- d9 e1 -- cf 20 -- -- -- 81 44 -- 31 4d b2 -- -- -- -- db -- a9 -- -- 33 -- -- -- -- 65 23 15 -- -- -- 49 -- 40 -- -- -- -- -- -- -- d5 -- 88 -- -- -- 62 4f 9a -- b3 -- -- 5b -- 6d -- -- -- -- 61 -- -- -- 85 -- -- -- -- -- 66 -- -- -- -- -- -- -- -- -- ca -- 46 -- 2a 95 -- -- -- 79 -- -- 92 -- -- -- 80 -- -- bb -- -- -- -- -- -- -- 63 -- -- -- -- 7d -- -- -- c7 -- -- 11 -- a6 -- -- c4 -- 9e b5 e3 -- -- -- b1 -- -- 53 -- -- b6 -- -- -- da -- -- -- -- -- -- -- -- -- c2 -- -- -- -- -- -- -- dd c6 -- -- -- -- -- -- -- -- -- -- cc -- -- -- -- a1 -- -- -- -- -- d7 -- -- -- -- -- -- -- -- 43 -- -- -- 8c 9b -- -- 54 bd fd eb -- -- -- 5f -- -- f2 -- -- -- -- fa f3 22 -- -- -- -- -- 59 

solutions so far:0 maxDepth:9 
iterations:37405959  skipped: 9 
Depth skipped: 
0 0 9 0 0 0 0 0 0 0 0 0 0 0 0 0 0 0 0 0 0 0 0 0 0 0 0 0 0 0 0 0 

running time: 4500 sec
 depth:5
 0  1  2  3  4  5  6  7  8  9  a  b  c  d  e  f 10 11 12 13 14 15 16 17 18 19 1a 1b 1c 1d 1e 1f 20 21 22 23 24 25 26 27 28 29 2a 2b 2c 2d 2e 2f 30 31 32 33 34 35 36 37 38 39 3a 3b 3c 3d 3e 3f 40 41 42 43 44 45 46 47 48 49 4a 4b 4c 4d 4e 4f 50 51 52 53 54 55 56 57 58 59 5a 5b 5c 5d 5e 5f 60 61 62 63 64 65 66 67 68 69 6a 6b 6c 6d 6e 6f 70 71 72 73 74 75 76 77 78 79 7a 7b 7c 7d 7e 7f 80 81 82 83 84 85 86 87 88 89 8a 8b 8c 8d 8e 8f 90 91 92 93 94 95 96 97 98 99 9a 9b 9c 9d 9e 9f a0 a1 a2 a3 a4 a5 a6 a7 a8 a9 aa ab ac ad ae af b0 b1 b2 b3 b4 b5 b6 b7 b8 b9 ba bb bc bd be bf c0 c1 c2 c3 c4 c5 c6 c7 c8 c9 ca cb cc cd ce cf d0 d1 d2 d3 d4 d5 d6 d7 d8 d9 da db dc dd de df e0 e1 e2 e3 e4 e5 e6 e7 e8 e9 ea eb ec ed ee ef f0 f1 f2 f3 f4 f5 f6 f7 f8 f9 fa fb fc fd fe ff 
 0  1  2 2d  4 a6 5a 83  8 a4 9b -- b4 -- d1 -- 10 -- 9f -- e1 -- --  c bf -- -- -- 75 8b -- 97 20 -- -- -- e9 d9 -- 94 15 86 -- -- -- -- 18 -- a9 -- -- 33 -- -- -- -- ea 28 c1 -- -- -- f9 -- 40 -- -- -- -- -- -- --  5 -- 65 -- -- -- ff 4f 2a -- db -- -- 5b -- 6d -- -- -- -- 30 -- -- -- 85 -- -- -- -- -- 66 -- -- -- -- -- -- -- -- --  3 -- 50 -- 55 95 -- -- -- 79 -- -- 25 -- -- -- 80 -- -- bb -- -- -- -- -- -- -- 63 -- -- -- --  a -- -- -- ca -- -- a8 -- 57 -- -- 29 -- 9e c2 54 -- -- -- 61 -- -- c0 -- -- b6 -- -- -- da -- -- -- -- -- -- -- -- -- 60 -- -- -- -- -- -- -- dd c6 -- -- -- -- -- -- -- -- -- -- cc -- -- -- -- a1 -- -- -- -- -- d7 -- -- -- -- -- -- -- --  6 -- -- -- a0 ae -- -- aa 53 fd eb -- -- -- 52 -- -- f2 -- -- -- -- 14 4a 87 -- -- -- -- -- 43 

solutions so far:0 maxDepth:9 
iterations:40993990  skipped: 10 
Depth skipped: 
0 0 10 0 0 0 0 0 0 0 0 0 0 0 0 0 0 0 0 0 0 0 0 0 0 0 0 0 0 0 0 0 

running time: 4800 sec
 depth:6
 0  1  2  3  4  5  6  7  8  9  a  b  c  d  e  f 10 11 12 13 14 15 16 17 18 19 1a 1b 1c 1d 1e 1f 20 21 22 23 24 25 26 27 28 29 2a 2b 2c 2d 2e 2f 30 31 32 33 34 35 36 37 38 39 3a 3b 3c 3d 3e 3f 40 41 42 43 44 45 46 47 48 49 4a 4b 4c 4d 4e 4f 50 51 52 53 54 55 56 57 58 59 5a 5b 5c 5d 5e 5f 60 61 62 63 64 65 66 67 68 69 6a 6b 6c 6d 6e 6f 70 71 72 73 74 75 76 77 78 79 7a 7b 7c 7d 7e 7f 80 81 82 83 84 85 86 87 88 89 8a 8b 8c 8d 8e 8f 90 91 92 93 94 95 96 97 98 99 9a 9b 9c 9d 9e 9f a0 a1 a2 a3 a4 a5 a6 a7 a8 a9 aa ab ac ad ae af b0 b1 b2 b3 b4 b5 b6 b7 b8 b9 ba bb bc bd be bf c0 c1 c2 c3 c4 c5 c6 c7 c8 c9 ca cb cc cd ce cf d0 d1 d2 d3 d4 d5 d6 d7 d8 d9 da db dc dd de df e0 e1 e2 e3 e4 e5 e6 e7 e8 e9 ea eb ec ed ee ef f0 f1 f2 f3 f4 f5 f6 f7 f8 f9 fa fb fc fd fe ff 
 0  1  2 2d  4 9d 5a 70  8 98 ed d1 b4 57 e0 -- 10 -- e7 --  d -- 75 a7 bf -- ae -- 17  7 -- 41 20 -- -- -- 19 ee -- e2 1a 58 -- -- ea -- 99 -- a9 -- -- 33 8b -- -- -- 2e 47  e -- -- -- 82 -- 40 -- -- -- -- -- -- -- 32 --  b -- -- -- 13 4f 34 -- b0 -- -- 5b -- 6d  3 -- -- -- e5 -- -- -- 85 -- -- -- -- -- 66 -- c1 -- -- -- -- -- -- -- 5c -- 8e -- 1c 95 -- aa -- 79 -- -- d3 -- -- -- 80 -- -- bb -- -- -- -- -- -- -- 63 -- -- -- -- 64 -- -- -- 16 -- -- d0 -- 74 -- -- 26 60 9e b9 68 -- -- -- b7 30 -- 3a -- -- b6 -- -- -- da --  6 -- -- -- -- -- --  c 1d 18 -- -- -- -- -- -- dd c6 -- -- -- -- -- -- -- -- -- -- cc -- -- -- 55 a1 -- -- -- -- -- d7 -- -- -- -- -- -- -- -- b8 -- -- -- cb e8 -- -- 38 a5 fd eb -- c0 83 4c -- -- f2 -- -- -- -- c8 71 77 -- -- -- -- -- 2c 

solutions so far:0 maxDepth:10 
iterations:45401403  skipped: 11 
Depth skipped: 
0 0 11 0 0 0 0 0 0 0 0 0 0 0 0 0 0 0 0 0 0 0 0 0 0 0 0 0 0 0 0 0 

running time: 5100 sec
 depth:6
 0  1  2  3  4  5  6  7  8  9  a  b  c  d  e  f 10 11 12 13 14 15 16 17 18 19 1a 1b 1c 1d 1e 1f 20 21 22 23 24 25 26 27 28 29 2a 2b 2c 2d 2e 2f 30 31 32 33 34 35 36 37 38 39 3a 3b 3c 3d 3e 3f 40 41 42 43 44 45 46 47 48 49 4a 4b 4c 4d 4e 4f 50 51 52 53 54 55 56 57 58 59 5a 5b 5c 5d 5e 5f 60 61 62 63 64 65 66 67 68 69 6a 6b 6c 6d 6e 6f 70 71 72 73 74 75 76 77 78 79 7a 7b 7c 7d 7e 7f 80 81 82 83 84 85 86 87 88 89 8a 8b 8c 8d 8e 8f 90 91 92 93 94 95 96 97 98 99 9a 9b 9c 9d 9e 9f a0 a1 a2 a3 a4 a5 a6 a7 a8 a9 aa ab ac ad ae af b0 b1 b2 b3 b4 b5 b6 b7 b8 b9 ba bb bc bd be bf c0 c1 c2 c3 c4 c5 c6 c7 c8 c9 ca cb cc cd ce cf d0 d1 d2 d3 d4 d5 d6 d7 d8 d9 da db dc dd de df e0 e1 e2 e3 e4 e5 e6 e7 e8 e9 ea eb ec ed ee ef f0 f1 f2 f3 f4 f5 f6 f7 f8 f9 fa fb fc fd fe ff 
 0  1  2 2d  4 97 5a 4d  8 1c f9 1f b4 24 9a -- 10 -- 38 -- 25 -- 3e 88 bf -- 48 -- e3 bd -- 99 20 -- -- -- 70 a4 -- 74 4a  a -- -- 7c -- c7 -- a9 -- -- 33 90 -- -- -- 11 5c ad -- -- -- e5 -- 40 -- -- -- -- -- -- -- e0 -- 9f -- -- -- e8 4f 94 -- 14 -- -- 5b -- 6d f8 -- -- -- 59 -- -- -- 85 -- -- -- -- -- 66 -- f7 -- -- -- -- -- -- -- 22 -- b8 -- 8d 95 -- 72 -- 79 -- -- 1d -- -- -- 80 -- -- bb -- -- -- -- -- -- -- 63 -- -- -- -- 17 -- -- -- e9 -- -- 29 -- b1 -- --  7  9 9e 50 ff -- -- -- 28 ef -- b3 -- -- b6 -- -- -- da -- 27 -- -- -- -- -- -- 4e b2 9c -- -- -- -- -- -- dd c6 -- -- -- -- -- -- -- -- -- -- cc -- -- -- 39 a1 -- -- -- -- -- d7 -- -- -- -- -- -- -- -- 44 -- -- -- a7 b5 -- -- cd a0 fd eb -- 12 e4  e -- -- f2 -- -- -- -- 2e 3a 52 -- -- -- -- --  5 

solutions so far:0 maxDepth:10 
iterations:48317701  skipped: 11 
Depth skipped: 
0 0 11 0 0 0 0 0 0 0 0 0 0 0 0 0 0 0 0 0 0 0 0 0 0 0 0 0 0 0 0 0 

running time: 5400 sec
 depth:6
 0  1  2  3  4  5  6  7  8  9  a  b  c  d  e  f 10 11 12 13 14 15 16 17 18 19 1a 1b 1c 1d 1e 1f 20 21 22 23 24 25 26 27 28 29 2a 2b 2c 2d 2e 2f 30 31 32 33 34 35 36 37 38 39 3a 3b 3c 3d 3e 3f 40 41 42 43 44 45 46 47 48 49 4a 4b 4c 4d 4e 4f 50 51 52 53 54 55 56 57 58 59 5a 5b 5c 5d 5e 5f 60 61 62 63 64 65 66 67 68 69 6a 6b 6c 6d 6e 6f 70 71 72 73 74 75 76 77 78 79 7a 7b 7c 7d 7e 7f 80 81 82 83 84 85 86 87 88 89 8a 8b 8c 8d 8e 8f 90 91 92 93 94 95 96 97 98 99 9a 9b 9c 9d 9e 9f a0 a1 a2 a3 a4 a5 a6 a7 a8 a9 aa ab ac ad ae af b0 b1 b2 b3 b4 b5 b6 b7 b8 b9 ba bb bc bd be bf c0 c1 c2 c3 c4 c5 c6 c7 c8 c9 ca cb cc cd ce cf d0 d1 d2 d3 d4 d5 d6 d7 d8 d9 da db dc dd de df e0 e1 e2 e3 e4 e5 e6 e7 e8 e9 ea eb ec ed ee ef f0 f1 f2 f3 f4 f5 f6 f7 f8 f9 fa fb fc fd fe ff 
 0  1  2 2d  4 90 5a e9  8 2f f7 c1 b4 18  5 -- 10 -- 5e -- 39 -- 55 a0 bf -- 30 --  a 29 -- 91 20 -- -- -- bc f8 -- f4 72 ef -- -- aa -- 97 -- a9 -- -- 33 60 -- -- -- 14 5d 52 -- -- -- f5 -- 40 -- -- -- -- -- -- -- af -- 27 -- -- -- 3f 4f e4 --  9 -- -- 5b -- 6d 83 -- -- -- f9 -- -- -- 85 -- -- -- -- -- 66 -- c0 -- -- -- -- -- -- -- 28 -- ba -- a4 95 -- ae -- 79 -- -- 3d -- -- -- 80 -- -- bb -- -- -- -- -- -- -- 63 -- -- -- -- 89 -- -- -- 4e -- -- 3e -- 94 -- -- 7e  6 9e 24 1f -- -- -- 12  3 -- 4a -- -- b6 -- -- -- da -- d1 -- -- -- -- -- -- 75 25 ea -- -- -- -- -- -- dd c6 -- -- -- -- -- -- -- -- -- -- cc -- -- -- 57 a1 -- -- -- -- -- d7 -- -- -- -- -- -- -- -- 50 -- -- -- a3 ff -- -- 9f 48 fd eb --  c 8b fc -- -- f2 -- -- -- -- c5 7a 7c -- -- -- -- -- 9c 

solutions so far:0 maxDepth:10 
iterations:50671634  skipped: 12 
Depth skipped: 
0 0 12 0 0 0 0 0 0 0 0 0 0 0 0 0 0 0 0 0 0 0 0 0 0 0 0 0 0 0 0 0 

running time: 5700 sec
 depth:7
 0  1  2  3  4  5  6  7  8  9  a  b  c  d  e  f 10 11 12 13 14 15 16 17 18 19 1a 1b 1c 1d 1e 1f 20 21 22 23 24 25 26 27 28 29 2a 2b 2c 2d 2e 2f 30 31 32 33 34 35 36 37 38 39 3a 3b 3c 3d 3e 3f 40 41 42 43 44 45 46 47 48 49 4a 4b 4c 4d 4e 4f 50 51 52 53 54 55 56 57 58 59 5a 5b 5c 5d 5e 5f 60 61 62 63 64 65 66 67 68 69 6a 6b 6c 6d 6e 6f 70 71 72 73 74 75 76 77 78 79 7a 7b 7c 7d 7e 7f 80 81 82 83 84 85 86 87 88 89 8a 8b 8c 8d 8e 8f 90 91 92 93 94 95 96 97 98 99 9a 9b 9c 9d 9e 9f a0 a1 a2 a3 a4 a5 a6 a7 a8 a9 aa ab ac ad ae af b0 b1 b2 b3 b4 b5 b6 b7 b8 b9 ba bb bc bd be bf c0 c1 c2 c3 c4 c5 c6 c7 c8 c9 ca cb cc cd ce cf d0 d1 d2 d3 d4 d5 d6 d7 d8 d9 da db dc dd de df e0 e1 e2 e3 e4 e5 e6 e7 e8 e9 ea eb ec ed ee ef f0 f1 f2 f3 f4 f5 f6 f7 f8 f9 fa fb fc fd fe ff 
 0  1  2 2d  4 89 5a c1  8 44 c5 a7 b4 38 55 64 10 -- 88 -- 5d -- 99 ea bf -- 70 -- aa c0 c8 ad 20 -- -- -- c7 7a -- 9a ba fc -- -- e5 --  3 -- a9 -- -- 33 e0 -- -- 41 83 b1 57 e7 47 -- 8d -- 40 -- -- -- -- -- -- -- 59 -- f4 -- -- -- e3 4f a3 -- 2f -- -- 5b -- 6d 1d -- -- --  6 -- -- -- 85 -- -- -- -- -- 66 -- 17 -- -- 13 -- -- 82 71 d1 -- b5 -- ae 95 19 5c 8e 79 -- 4c cd -- -- -- 80 -- -- bb -- -- -- -- -- -- -- 63 -- -- -- -- b2 -- -- -- 3f -- -- f5 -- 30 -- -- 11  e 9e bc 91 -- -- -- 5e  7 -- 18 -- -- b6 -- -- -- da -- 3a -- -- -- -- -- -- 74  c e8 -- -- -- -- -- -- dd c6 -- -- -- -- -- -- -- -- -- -- cc -- -- -- 2e a1 -- -- -- -- 26 d7 -- -- -- -- d3 -- e2 -- 75 -- -- -- bd 60 -- -- 8b af fd eb 32 1c b8 22 cb -- f2 -- -- -- 98 b3 4d 3d -- -- -- -- -- 7e 

solutions so far:0 maxDepth:10 
iterations:54297565  skipped: 14 
Depth skipped: 
0 0 14 0 0 0 0 0 0 0 0 0 0 0 0 0 0 0 0 0 0 0 0 0 0 0 0 0 0 0 0 0 

running time: 6000 sec
 depth:7
 0  1  2  3  4  5  6  7  8  9  a  b  c  d  e  f 10 11 12 13 14 15 16 17 18 19 1a 1b 1c 1d 1e 1f 20 21 22 23 24 25 26 27 28 29 2a 2b 2c 2d 2e 2f 30 31 32 33 34 35 36 37 38 39 3a 3b 3c 3d 3e 3f 40 41 42 43 44 45 46 47 48 49 4a 4b 4c 4d 4e 4f 50 51 52 53 54 55 56 57 58 59 5a 5b 5c 5d 5e 5f 60 61 62 63 64 65 66 67 68 69 6a 6b 6c 6d 6e 6f 70 71 72 73 74 75 76 77 78 79 7a 7b 7c 7d 7e 7f 80 81 82 83 84 85 86 87 88 89 8a 8b 8c 8d 8e 8f 90 91 92 93 94 95 96 97 98 99 9a 9b 9c 9d 9e 9f a0 a1 a2 a3 a4 a5 a6 a7 a8 a9 aa ab ac ad ae af b0 b1 b2 b3 b4 b5 b6 b7 b8 b9 ba bb bc bd be bf c0 c1 c2 c3 c4 c5 c6 c7 c8 c9 ca cb cc cd ce cf d0 d1 d2 d3 d4 d5 d6 d7 d8 d9 da db dc dd de df e0 e1 e2 e3 e4 e5 e6 e7 e8 e9 ea eb ec ed ee ef f0 f1 f2 f3 f4 f5 f6 f7 f8 f9 fa fb fc fd fe ff 
 0  1  2 2d  4 81 5a 3c  8 48 d5 70 b4 3a 78 55 10 -- 90 -- 7d -- e0 6f bf -- 74 -- f0 76 aa f8 20 -- -- -- f7 49 -- ef fa 62 -- -- 17 -- de -- a9 -- -- 33 e8 -- -- ea 37 1f ec ae 83 -- 27 -- 40 -- -- -- -- -- -- -- 39 -- 92 -- -- --  9 4f 23 -- c4 -- -- 5b -- 6d 2e -- -- -- 6b -- -- -- 85 -- -- -- -- -- 66 --  7 -- -- 30 -- --  3  c 6e -- 3e --  f 95 8b 1c d1 79 -- c0 4e -- -- -- 80 -- -- bb -- -- -- -- -- -- -- 63 -- -- -- -- 72 -- -- -- f3 -- -- 8c -- f6 -- -- 12 e5 9e be 46 -- -- -- 5f 99 -- 7b -- -- b6 -- -- -- da -- 5c -- -- -- -- -- -- b8 d6 a7 -- -- -- -- -- -- dd c6 -- -- -- -- -- -- -- -- -- -- cc -- -- --  e a1 -- -- -- -- 60 d7 -- -- -- --  6 -- 18 -- dc -- -- -- 7c 3b -- -- 1e ab fd eb c1 1d 38 24 75 -- f2 -- -- -- 57 e4 9c cf -- -- -- -- -- 31 

solutions so far:0 maxDepth:10 
iterations:58599916  skipped: 15 
Depth skipped: 
0 0 15 0 0 0 0 0 0 0 0 0 0 0 0 0 0 0 0 0 0 0 0 0 0 0 0 0 0 0 0 0 

running time: 6300 sec
 depth:7
 0  1  2  3  4  5  6  7  8  9  a  b  c  d  e  f 10 11 12 13 14 15 16 17 18 19 1a 1b 1c 1d 1e 1f 20 21 22 23 24 25 26 27 28 29 2a 2b 2c 2d 2e 2f 30 31 32 33 34 35 36 37 38 39 3a 3b 3c 3d 3e 3f 40 41 42 43 44 45 46 47 48 49 4a 4b 4c 4d 4e 4f 50 51 52 53 54 55 56 57 58 59 5a 5b 5c 5d 5e 5f 60 61 62 63 64 65 66 67 68 69 6a 6b 6c 6d 6e 6f 70 71 72 73 74 75 76 77 78 79 7a 7b 7c 7d 7e 7f 80 81 82 83 84 85 86 87 88 89 8a 8b 8c 8d 8e 8f 90 91 92 93 94 95 96 97 98 99 9a 9b 9c 9d 9e 9f a0 a1 a2 a3 a4 a5 a6 a7 a8 a9 aa ab ac ad ae af b0 b1 b2 b3 b4 b5 b6 b7 b8 b9 ba bb bc bd be bf c0 c1 c2 c3 c4 c5 c6 c7 c8 c9 ca cb cc cd ce cf d0 d1 d2 d3 d4 d5 d6 d7 d8 d9 da db dc dd de df e0 e1 e2 e3 e4 e5 e6 e7 e8 e9 ea eb ec ed ee ef f0 f1 f2 f3 f4 f5 f6 f7 f8 f9 fa fb fc fd fe ff 
 0  1  2 2d  4 76 5a 4b  8 5f ec cb b4 e7 96 e1 10 -- be --  f -- 41 df bf -- 19 -- fb 6c 15 8c 20 -- -- -- ab 6e -- f3 1e 6b -- -- 82 -- 69 -- a9 -- -- 33 32 -- -- 87 21 fa d8 53 2a -- cf -- 40 -- -- -- -- -- -- -- 81 -- dc -- -- -- 31 4f 3c -- d6 -- -- 5b -- 6d d3 -- -- -- d2 -- -- -- 85 -- -- -- -- -- 66 -- 64 -- -- 86 -- -- d9 ca 42 -- 23 -- 67 95 a6 47 54 79 -- 61 49 -- -- -- 80 -- -- bb -- -- -- -- -- -- -- 63 -- -- -- -- d5 -- -- -- 6f -- -- f0 -- 1b -- -- 62 4c 9e f6 78 -- -- -- 7b 26 -- e6 -- -- b6 -- -- -- da -- 71 -- -- -- -- -- -- e2 73 13 -- -- -- -- -- -- dd c6 -- -- -- -- -- -- -- -- -- -- cc -- -- -- c8 a1 -- -- -- -- db d7 -- -- -- -- 65 -- 43 -- 84 -- -- -- 46 36 -- -- ce 3b fd eb 9b 98 8e c4 a8 -- f2 -- -- -- c2 7d 92 37 -- -- -- -- -- de 

solutions so far:0 maxDepth:10 
iterations:62539896  skipped: 15 
Depth skipped: 
0 0 15 0 0 0 0 0 0 0 0 0 0 0 0 0 0 0 0 0 0 0 0 0 0 0 0 0 0 0 0 0 

running time: 6600 sec
 depth:6
 0  1  2  3  4  5  6  7  8  9  a  b  c  d  e  f 10 11 12 13 14 15 16 17 18 19 1a 1b 1c 1d 1e 1f 20 21 22 23 24 25 26 27 28 29 2a 2b 2c 2d 2e 2f 30 31 32 33 34 35 36 37 38 39 3a 3b 3c 3d 3e 3f 40 41 42 43 44 45 46 47 48 49 4a 4b 4c 4d 4e 4f 50 51 52 53 54 55 56 57 58 59 5a 5b 5c 5d 5e 5f 60 61 62 63 64 65 66 67 68 69 6a 6b 6c 6d 6e 6f 70 71 72 73 74 75 76 77 78 79 7a 7b 7c 7d 7e 7f 80 81 82 83 84 85 86 87 88 89 8a 8b 8c 8d 8e 8f 90 91 92 93 94 95 96 97 98 99 9a 9b 9c 9d 9e 9f a0 a1 a2 a3 a4 a5 a6 a7 a8 a9 aa ab ac ad ae af b0 b1 b2 b3 b4 b5 b6 b7 b8 b9 ba bb bc bd be bf c0 c1 c2 c3 c4 c5 c6 c7 c8 c9 ca cb cc cd ce cf d0 d1 d2 d3 d4 d5 d6 d7 d8 d9 da db dc dd de df e0 e1 e2 e3 e4 e5 e6 e7 e8 e9 ea eb ec ed ee ef f0 f1 f2 f3 f4 f5 f6 f7 f8 f9 fa fb fc fd fe ff 
 0  1  2 2d  4 6f 5a 88  8 1f de 8e b4 98 c7 -- 10 -- 3e -- 6b -- cb b5 bf -- e7 -- 59 e3 -- 12 20 -- -- -- 7c ec -- f7 d6 78 -- -- 41 -- bd -- a9 -- -- 33 19 -- -- -- b2 9c 11 -- -- -- 24 -- 40 -- -- -- -- -- -- -- f8 --  f -- -- -- 39 4f 7b -- f0 -- -- 5b -- 6d 82 -- -- -- ad -- -- -- 85 -- -- -- -- -- 66 -- 32 -- -- -- -- -- -- -- b3 -- ef -- 22 95 -- c8 -- 79 -- -- 48 -- -- -- 80 -- -- bb -- -- -- -- -- -- -- 63 -- -- -- -- 27 -- -- -- 1e -- -- 3b -- 4d -- -- 72 26 9e 6e f6 -- -- -- 37 13 -- cd -- -- b6 -- -- -- da -- d3 -- -- -- -- -- -- 71 8d e2 -- -- -- -- -- -- dd c6 -- -- -- -- -- -- -- -- -- -- cc -- -- -- 64 a1 -- -- -- -- -- d7 -- -- -- -- -- -- -- -- b1 -- -- --  9 9a -- -- 44 dc fd eb -- 4c 47 e4 -- -- f2 -- -- -- -- 4e 90 76 -- -- -- -- -- 3c 

solutions so far:0 maxDepth:10 
iterations:66431955  skipped: 15 
Depth skipped: 
0 0 15 0 0 0 0 0 0 0 0 0 0 0 0 0 0 0 0 0 0 0 0 0 0 0 0 0 0 0 0 0 

running time: 6900 sec
 depth:8
 0  1  2  3  4  5  6  7  8  9  a  b  c  d  e  f 10 11 12 13 14 15 16 17 18 19 1a 1b 1c 1d 1e 1f 20 21 22 23 24 25 26 27 28 29 2a 2b 2c 2d 2e 2f 30 31 32 33 34 35 36 37 38 39 3a 3b 3c 3d 3e 3f 40 41 42 43 44 45 46 47 48 49 4a 4b 4c 4d 4e 4f 50 51 52 53 54 55 56 57 58 59 5a 5b 5c 5d 5e 5f 60 61 62 63 64 65 66 67 68 69 6a 6b 6c 6d 6e 6f 70 71 72 73 74 75 76 77 78 79 7a 7b 7c 7d 7e 7f 80 81 82 83 84 85 86 87 88 89 8a 8b 8c 8d 8e 8f 90 91 92 93 94 95 96 97 98 99 9a 9b 9c 9d 9e 9f a0 a1 a2 a3 a4 a5 a6 a7 a8 a9 aa ab ac ad ae af b0 b1 b2 b3 b4 b5 b6 b7 b8 b9 ba bb bc bd be bf c0 c1 c2 c3 c4 c5 c6 c7 c8 c9 ca cb cc cd ce cf d0 d1 d2 d3 d4 d5 d6 d7 d8 d9 da db dc dd de df e0 e1 e2 e3 e4 e5 e6 e7 e8 e9 ea eb ec ed ee ef f0 f1 f2 f3 f4 f5 f6 f7 f8 f9 fa fb fc fd fe ff 
 0  1  2 2d  4 65 5a 58  8 78 ca 72 b4  9 b0 a0 10 3a f0 -- 43 -- e4 ed bf -- 12 -- b7 ee 97 7b 20 -- 74 -- 37 a6 -- ec 86 2a -- -- 1f --  d -- a9 -- -- 33 24 -- -- 94 b9 de  b 14 f9 -- f6 -- 40 -- -- -- e8 -- -- -- 6e -- 9b -- -- 99  f 4f db -- 54 -- -- 5b -- 6d 3e 1c -- -- 1a -- -- -- 85 -- -- -- -- -- 66 -- 48 -- -- 9f -- -- ff 52 a5 -- 6b -- 16 95 28 f7 25 79 --  5 3b -- -- -- 80 -- -- bb -- -- -- --  7 -- -- 63 -- b8 -- -- dc -- -- -- e1 -- -- c2 -- d0 e5 -- 1e 9c 9e 87 61 -- -- -- a8 4e -- 68 -- -- b6 -- -- 5c da -- 7c e0 38 70 -- 17 -- f8 34 27 -- -- -- 2e -- -- dd c6 -- -- -- -- --  e -- -- -- -- cc a7 -- -- 90 a1 -- -- -- -- e9 d7 -- -- -- -- 29 -- a4 -- 9d -- -- 1d d6 77 -- -- 2c d9 fd eb 50 ef 39 3c 4a -- f2 -- -- --  a 6f 76 53 -- -- -- -- -- 15 

solutions so far:0 maxDepth:10 
iterations:70674145  skipped: 17 
Depth skipped: 
0 0 17 0 0 0 0 0 0 0 0 0 0 0 0 0 0 0 0 0 0 0 0 0 0 0 0 0 0 0 0 0 

running time: 7200 sec
 depth:7
 0  1  2  3  4  5  6  7  8  9  a  b  c  d  e  f 10 11 12 13 14 15 16 17 18 19 1a 1b 1c 1d 1e 1f 20 21 22 23 24 25 26 27 28 29 2a 2b 2c 2d 2e 2f 30 31 32 33 34 35 36 37 38 39 3a 3b 3c 3d 3e 3f 40 41 42 43 44 45 46 47 48 49 4a 4b 4c 4d 4e 4f 50 51 52 53 54 55 56 57 58 59 5a 5b 5c 5d 5e 5f 60 61 62 63 64 65 66 67 68 69 6a 6b 6c 6d 6e 6f 70 71 72 73 74 75 76 77 78 79 7a 7b 7c 7d 7e 7f 80 81 82 83 84 85 86 87 88 89 8a 8b 8c 8d 8e 8f 90 91 92 93 94 95 96 97 98 99 9a 9b 9c 9d 9e 9f a0 a1 a2 a3 a4 a5 a6 a7 a8 a9 aa ab ac ad ae af b0 b1 b2 b3 b4 b5 b6 b7 b8 b9 ba bb bc bd be bf c0 c1 c2 c3 c4 c5 c6 c7 c8 c9 ca cb cc cd ce cf d0 d1 d2 d3 d4 d5 d6 d7 d8 d9 da db dc dd de df e0 e1 e2 e3 e4 e5 e6 e7 e8 e9 ea eb ec ed ee ef f0 f1 f2 f3 f4 f5 f6 f7 f8 f9 fa fb fc fd fe ff 
 0  1  2 2d  4 58 5a d8  8 a4 b0 22 b4 ad 67 a8 10 -- 9f -- b7 -- 44 21 bf -- 8d -- ce e6 87 97 20 -- -- -- e9 1a -- 94 b9 77 -- -- 88 -- 42 -- a9 -- -- 33 cd -- -- 43 4b 28 1b 15 d9 -- f9 -- 40 -- -- -- -- -- -- --  5 -- 34 -- -- -- ff 4f a5 -- ee -- -- 5b -- 6d c7 -- -- -- 84 -- -- -- 85 -- -- -- -- -- 66 -- 4d -- -- 53 -- -- 86 61 96 -- 50 -- 36 95 2a e3 65 79 -- 9b 25 -- -- -- 80 -- -- bb -- -- -- -- -- -- -- 63 -- -- -- --  a -- -- -- 68 -- -- ed -- d2 -- -- 29 b5 9e 16 9d -- -- --  b b1 -- 69 -- -- b6 -- -- -- da -- 59 -- -- -- -- -- -- b2 df b3 -- -- -- -- -- -- dd c6 -- -- -- -- -- -- -- -- -- -- cc -- -- -- 9a a1 -- -- -- -- a6 d7 -- -- -- -- db -- c2 -- fb -- -- -- a0 73 -- -- 6c 2c fd eb 54 bd 11 52 ca -- f2 -- -- -- e1 14 4a  d -- -- -- -- -- d0 

solutions so far:0 maxDepth:10 
iterations:75065503  skipped: 18 
Depth skipped: 
0 0 18 0 0 0 0 0 0 0 0 0 0 0 0 0 0 0 0 0 0 0 0 0 0 0 0 0 0 0 0 0 

running time: 7500 sec
 depth:6
 0  1  2  3  4  5  6  7  8  9  a  b  c  d  e  f 10 11 12 13 14 15 16 17 18 19 1a 1b 1c 1d 1e 1f 20 21 22 23 24 25 26 27 28 29 2a 2b 2c 2d 2e 2f 30 31 32 33 34 35 36 37 38 39 3a 3b 3c 3d 3e 3f 40 41 42 43 44 45 46 47 48 49 4a 4b 4c 4d 4e 4f 50 51 52 53 54 55 56 57 58 59 5a 5b 5c 5d 5e 5f 60 61 62 63 64 65 66 67 68 69 6a 6b 6c 6d 6e 6f 70 71 72 73 74 75 76 77 78 79 7a 7b 7c 7d 7e 7f 80 81 82 83 84 85 86 87 88 89 8a 8b 8c 8d 8e 8f 90 91 92 93 94 95 96 97 98 99 9a 9b 9c 9d 9e 9f a0 a1 a2 a3 a4 a5 a6 a7 a8 a9 aa ab ac ad ae af b0 b1 b2 b3 b4 b5 b6 b7 b8 b9 ba bb bc bd be bf c0 c1 c2 c3 c4 c5 c6 c7 c8 c9 ca cb cc cd ce cf d0 d1 d2 d3 d4 d5 d6 d7 d8 d9 da db dc dd de df e0 e1 e2 e3 e4 e5 e6 e7 e8 e9 ea eb ec ed ee ef f0 f1 f2 f3 f4 f5 f6 f7 f8 f9 fa fb fc fd fe ff 
 0  1  2 2d  4 52 5a ba  8 59 a4 db b4 a8 a3 -- 10 -- b2 -- 9f -- 61 f4 bf -- 87 -- 91 af -- 4d 20 -- -- -- b3 50 -- 22 e9 25 -- -- c2 -- 3f -- a9 -- -- 33 d9 -- -- -- f5 ad 89 -- -- -- 9a -- 40 -- -- -- -- -- -- -- b1 -- a0 -- -- -- 44 4f  5 -- 4a -- -- 5b -- 6d 53 -- -- -- 7e -- -- -- 85 -- -- -- -- -- 66 -- 65 -- -- -- -- -- -- -- 3d -- 8d -- c5 95 -- 43 -- 79 -- -- e3 -- -- -- 80 -- -- bb -- -- -- -- -- -- -- 63 -- -- -- -- b5 -- -- -- 97 -- -- 14 -- 5e -- -- 88 2a 9e ff  a -- -- -- 94 15 -- 2f -- -- b6 -- -- -- da -- a6 -- -- -- -- -- -- 9b fc e1 -- -- -- -- -- -- dd c6 -- -- -- -- -- -- -- -- -- -- cc -- -- -- ca a1 -- -- -- -- -- d7 -- -- -- -- -- -- -- -- 7a -- -- -- cd bc -- -- 5d 29 fd eb -- 54 86 c7 -- -- f2 -- -- -- -- bd 11 28 -- -- -- -- -- f9 

solutions so far:0 maxDepth:10 
iterations:79477675  skipped: 18 
Depth skipped: 
0 0 18 0 0 0 0 0 0 0 0 0 0 0 0 0 0 0 0 0 0 0 0 0 0 0 0 0 0 0 0 0 

running time: 7800 sec
 depth:6
 0  1  2  3  4  5  6  7  8  9  a  b  c  d  e  f 10 11 12 13 14 15 16 17 18 19 1a 1b 1c 1d 1e 1f 20 21 22 23 24 25 26 27 28 29 2a 2b 2c 2d 2e 2f 30 31 32 33 34 35 36 37 38 39 3a 3b 3c 3d 3e 3f 40 41 42 43 44 45 46 47 48 49 4a 4b 4c 4d 4e 4f 50 51 52 53 54 55 56 57 58 59 5a 5b 5c 5d 5e 5f 60 61 62 63 64 65 66 67 68 69 6a 6b 6c 6d 6e 6f 70 71 72 73 74 75 76 77 78 79 7a 7b 7c 7d 7e 7f 80 81 82 83 84 85 86 87 88 89 8a 8b 8c 8d 8e 8f 90 91 92 93 94 95 96 97 98 99 9a 9b 9c 9d 9e 9f a0 a1 a2 a3 a4 a5 a6 a7 a8 a9 aa ab ac ad ae af b0 b1 b2 b3 b4 b5 b6 b7 b8 b9 ba bb bc bd be bf c0 c1 c2 c3 c4 c5 c6 c7 c8 c9 ca cb cc cd ce cf d0 d1 d2 d3 d4 d5 d6 d7 d8 d9 da db dc dd de df e0 e1 e2 e3 e4 e5 e6 e7 e8 e9 ea eb ec ed ee ef f0 f1 f2 f3 f4 f5 f6 f7 f8 f9 fa fb fc fd fe ff 
 0  1  2 2d  4 44 5a 4a  8 8f 88 e2 b4 47 94 -- 10 -- c9 -- c7 -- 13 9f bf -- 8e -- ff a0 -- 35 20 -- -- -- 45 bd -- fe 59 4d -- -- 26 -- e9 -- a9 -- -- 33 cb -- -- -- 29 a2 97 -- -- -- 6a -- 40 -- -- -- -- -- -- -- 8a -- ad -- -- -- 2b 4f b2 -- 9a -- -- 5b -- 6d 4c -- -- --  5 -- -- -- 85 -- -- -- -- -- 66 -- 41 -- -- -- -- -- -- -- 52 -- 93 -- f9 95 -- d3 -- 79 -- -- d4 -- -- -- 80 -- -- bb -- -- -- -- -- -- -- 63 -- -- -- -- c3 -- -- -- 8d -- -- b1 -- 28 -- -- 56 64 9e 11 b3 -- -- -- e3 32 -- 14 -- -- b6 -- -- -- da -- 98 -- -- -- -- -- -- e7  a 19 -- -- -- -- -- -- dd c6 -- -- -- -- -- -- -- -- -- -- cc -- -- -- 82 a1 -- -- -- -- -- d7 -- -- -- -- -- -- -- -- a4 -- -- -- f1 50 -- -- 25 22 fd eb -- c8 71 ac -- -- f2 -- -- -- -- 51 7f b5 -- -- -- -- -- cd 

solutions so far:0 maxDepth:10 
iterations:84594684  skipped: 21 
Depth skipped: 
0 0 21 0 0 0 0 0 0 0 0 0 0 0 0 0 0 0 0 0 0 0 0 0 0 0 0 0 0 0 0 0 

running time: 8100 sec
 depth:7
 0  1  2  3  4  5  6  7  8  9  a  b  c  d  e  f 10 11 12 13 14 15 16 17 18 19 1a 1b 1c 1d 1e 1f 20 21 22 23 24 25 26 27 28 29 2a 2b 2c 2d 2e 2f 30 31 32 33 34 35 36 37 38 39 3a 3b 3c 3d 3e 3f 40 41 42 43 44 45 46 47 48 49 4a 4b 4c 4d 4e 4f 50 51 52 53 54 55 56 57 58 59 5a 5b 5c 5d 5e 5f 60 61 62 63 64 65 66 67 68 69 6a 6b 6c 6d 6e 6f 70 71 72 73 74 75 76 77 78 79 7a 7b 7c 7d 7e 7f 80 81 82 83 84 85 86 87 88 89 8a 8b 8c 8d 8e 8f 90 91 92 93 94 95 96 97 98 99 9a 9b 9c 9d 9e 9f a0 a1 a2 a3 a4 a5 a6 a7 a8 a9 aa ab ac ad ae af b0 b1 b2 b3 b4 b5 b6 b7 b8 b9 ba bb bc bd be bf c0 c1 c2 c3 c4 c5 c6 c7 c8 c9 ca cb cc cd ce cf d0 d1 d2 d3 d4 d5 d6 d7 d8 d9 da db dc dd de df e0 e1 e2 e3 e4 e5 e6 e7 e8 e9 ea eb ec ed ee ef f0 f1 f2 f3 f4 f5 f6 f7 f8 f9 fa fb fc fd fe ff 
 0  1  2 2d  4 38 5a 92  8 96 70 b0 b4 d0 f3 28 10 -- fb -- e0 -- b7 be bf -- 77 -- 31 46 50 e6 20 -- -- -- 21 99 -- d8 17 74 -- -- b9 -- ab -- a9 -- -- 33 ee -- -- 25 62 69 8c  5 a0 -- 1b -- 40 -- -- -- -- -- -- -- 42 -- e5 -- -- -- 67 4f 2e -- e8 -- -- 5b -- 6d a5 -- -- -- 81 -- -- -- 85 -- -- -- -- -- 66 --  b -- -- 52 -- -- 4a ff c4 -- d2 -- cf 95  a 2c 97 79 -- 9f 36 -- -- -- 80 -- -- bb -- -- -- -- -- -- -- 63 -- -- -- -- 84 -- -- -- 1d -- -- b8 -- fa -- -- ce 34 9e  e 5c -- -- --  7 1a -- 7d -- -- b6 -- -- -- da -- 9d -- -- -- -- -- -- ed d5  d -- -- -- -- -- -- dd c6 -- -- -- -- -- -- -- -- -- -- cc -- -- -- 16 a1 -- -- -- -- a4 d7 -- -- -- -- 94 -- 29 -- 5f -- -- -- 73 23 -- -- 49 1c fd eb 14 68 58 4b f9 -- f2 -- -- -- e9 df 6c a7 -- -- -- -- -- 3a 

solutions so far:0 maxDepth:10 
iterations:89996315  skipped: 23 
Depth skipped: 
0 0 23 0 0 0 0 0 0 0 0 0 0 0 0 0 0 0 0 0 0 0 0 0 0 0 0 0 0 0 0 0 

running time: 8400 sec
 depth:6
 0  1  2  3  4  5  6  7  8  9  a  b  c  d  e  f 10 11 12 13 14 15 16 17 18 19 1a 1b 1c 1d 1e 1f 20 21 22 23 24 25 26 27 28 29 2a 2b 2c 2d 2e 2f 30 31 32 33 34 35 36 37 38 39 3a 3b 3c 3d 3e 3f 40 41 42 43 44 45 46 47 48 49 4a 4b 4c 4d 4e 4f 50 51 52 53 54 55 56 57 58 59 5a 5b 5c 5d 5e 5f 60 61 62 63 64 65 66 67 68 69 6a 6b 6c 6d 6e 6f 70 71 72 73 74 75 76 77 78 79 7a 7b 7c 7d 7e 7f 80 81 82 83 84 85 86 87 88 89 8a 8b 8c 8d 8e 8f 90 91 92 93 94 95 96 97 98 99 9a 9b 9c 9d 9e 9f a0 a1 a2 a3 a4 a5 a6 a7 a8 a9 aa ab ac ad ae af b0 b1 b2 b3 b4 b5 b6 b7 b8 b9 ba bb bc bd be bf c0 c1 c2 c3 c4 c5 c6 c7 c8 c9 ca cb cc cd ce cf d0 d1 d2 d3 d4 d5 d6 d7 d8 d9 da db dc dd de df e0 e1 e2 e3 e4 e5 e6 e7 e8 e9 ea eb ec ed ee ef f0 f1 f2 f3 f4 f5 f6 f7 f8 f9 fa fb fc fd fe ff 
 0  1  2 2d  4 2c 5a 44  8 8a 58  f b4 6b 88 -- 10 -- c3 -- b0 -- 1e b1 bf -- d6 -- c7 9a -- 7f 20 -- -- -- 51  d -- ac b7 d0 -- -- 3c -- b5 -- a9 -- -- 33 7b -- -- -- 59 35 e3 -- -- -- fe -- 40 -- -- -- -- -- -- -- a2 -- 1a -- -- -- 8f 4f b9 -- 77 -- -- 5b -- 6d 78 -- -- -- bd -- -- -- 85 -- -- -- -- -- 66 -- f6 -- -- -- -- -- -- -- b2 -- 6a -- 11 95 -- 76 -- 79 -- -- 2b -- -- -- 80 -- -- bb -- -- -- -- -- -- -- 63 -- -- -- -- 93 -- -- -- 34 -- -- 9d -- cd -- -- c9 6f 9e  b a5 -- -- -- ee dc -- 8d -- -- b6 -- -- -- da -- f0 -- -- -- -- -- -- 37 ad 6e -- -- -- -- -- -- dd c6 -- -- -- -- -- -- -- -- -- -- cc -- -- -- 3b a1 -- -- -- -- -- d7 -- -- -- -- -- -- -- -- b3 -- -- -- d4 4d -- -- 22 16 fd eb -- de ec 45 -- -- f2 -- -- -- -- f1 56 ed -- -- -- -- -- 68 

solutions so far:0 maxDepth:10 
iterations:95720626  skipped: 24 
Depth skipped: 
0 0 24 0 0 0 0 0 0 0 0 0 0 0 0 0 0 0 0 0 0 0 0 0 0 0 0 0 0 0 0 0 

running time: 8700 sec
 depth:6
 0  1  2  3  4  5  6  7  8  9  a  b  c  d  e  f 10 11 12 13 14 15 16 17 18 19 1a 1b 1c 1d 1e 1f 20 21 22 23 24 25 26 27 28 29 2a 2b 2c 2d 2e 2f 30 31 32 33 34 35 36 37 38 39 3a 3b 3c 3d 3e 3f 40 41 42 43 44 45 46 47 48 49 4a 4b 4c 4d 4e 4f 50 51 52 53 54 55 56 57 58 59 5a 5b 5c 5d 5e 5f 60 61 62 63 64 65 66 67 68 69 6a 6b 6c 6d 6e 6f 70 71 72 73 74 75 76 77 78 79 7a 7b 7c 7d 7e 7f 80 81 82 83 84 85 86 87 88 89 8a 8b 8c 8d 8e 8f 90 91 92 93 94 95 96 97 98 99 9a 9b 9c 9d 9e 9f a0 a1 a2 a3 a4 a5 a6 a7 a8 a9 aa ab ac ad ae af b0 b1 b2 b3 b4 b5 b6 b7 b8 b9 ba bb bc bd be bf c0 c1 c2 c3 c4 c5 c6 c7 c8 c9 ca cb cc cd ce cf d0 d1 d2 d3 d4 d5 d6 d7 d8 d9 da db dc dd de df e0 e1 e2 e3 e4 e5 e6 e7 e8 e9 ea eb ec ed ee ef f0 f1 f2 f3 f4 f5 f6 f7 f8 f9 fa fb fc fd fe ff 
 0  1  2 2d  4 21 5a a6  8 7e 42 93 b4 8f 9b -- 10 -- fc -- 84 -- f1 a8 bf -- c9 -- e1 db -- ba 20 -- -- -- 2f 1b -- 3d df 67 -- -- 35 -- 87 -- a9 -- -- 33 45 -- -- -- 15 89 61 -- -- -- a3 -- 40 -- -- -- -- -- -- -- 5e -- 36 -- -- -- 7a 4f 69 -- ce -- -- 5b -- 6d 6a -- -- -- d9 -- -- -- 85 -- -- -- -- -- 66 -- 8a -- -- -- -- -- -- -- 2a -- c5 -- c2 95 -- 51 -- 79 -- -- 91 -- -- -- 80 -- -- bb -- -- -- -- -- -- -- 63 -- -- -- -- bc -- -- -- 6c -- -- 73 -- 43 -- -- f4 56 9e 96 d2 -- -- -- 4b 2b -- ca -- -- b6 -- -- -- da -- d4 -- -- -- -- -- -- 7f 65 fe -- -- -- -- -- -- dd c6 -- -- -- -- -- -- -- -- -- -- cc -- -- -- c3 a1 -- -- -- -- -- d7 -- -- -- -- -- -- -- -- 54 -- -- -- 5d 86 -- -- 53 fb fd eb -- ac a2 3f -- -- f2 -- -- -- -- af f5 e6 -- -- -- -- -- d8 

solutions so far:0 maxDepth:10 
iterations:101754254  skipped: 25 
Depth skipped: 
0 0 25 0 0 0 0 0 0 0 0 0 0 0 0 0 0 0 0 0 0 0 0 0 0 0 0 0 0 0 0 0 

running time: 9000 sec
 depth:7
 0  1  2  3  4  5  6  7  8  9  a  b  c  d  e  f 10 11 12 13 14 15 16 17 18 19 1a 1b 1c 1d 1e 1f 20 21 22 23 24 25 26 27 28 29 2a 2b 2c 2d 2e 2f 30 31 32 33 34 35 36 37 38 39 3a 3b 3c 3d 3e 3f 40 41 42 43 44 45 46 47 48 49 4a 4b 4c 4d 4e 4f 50 51 52 53 54 55 56 57 58 59 5a 5b 5c 5d 5e 5f 60 61 62 63 64 65 66 67 68 69 6a 6b 6c 6d 6e 6f 70 71 72 73 74 75 76 77 78 79 7a 7b 7c 7d 7e 7f 80 81 82 83 84 85 86 87 88 89 8a 8b 8c 8d 8e 8f 90 91 92 93 94 95 96 97 98 99 9a 9b 9c 9d 9e 9f a0 a1 a2 a3 a4 a5 a6 a7 a8 a9 aa ab ac ad ae af b0 b1 b2 b3 b4 b5 b6 b7 b8 b9 ba bb bc bd be bf c0 c1 c2 c3 c4 c5 c6 c7 c8 c9 ca cb cc cd ce cf d0 d1 d2 d3 d4 d5 d6 d7 d8 d9 da db dc dd de df e0 e1 e2 e3 e4 e5 e6 e7 e8 e9 ea eb ec ed ee ef f0 f1 f2 f3 f4 f5 f6 f7 f8 f9 fa fb fc fd fe ff 
 0  1  2 2d  4 13 5a ce  8 c7 26 a7 b4 38 4b 2a 10 -- 59 -- 4c -- 99 84 bf -- 70 -- 96 36 54 cd 20 -- -- -- b2 c8 -- 11 98 41 -- -- e5 -- df -- a9 -- -- 33 e0 -- -- 65 fb bd 6c 9b a8 -- 4d -- 40 -- -- -- -- -- -- -- b3 -- 47 -- -- -- 22 4f e7 -- 82 -- -- 5b -- 6d 1d -- -- -- 69 -- -- -- 85 -- -- -- -- -- 66 -- 17 -- -- 61 -- -- ca 86 21 -- ad -- d8 95 e1 5c 87 79 -- 53 9a -- -- -- 80 -- -- bb -- -- -- -- -- -- -- 63 -- -- -- -- b1 -- -- -- 8e -- -- 32 -- e6 -- -- 44  e 9e 71 19 -- -- -- d3  7 -- 73 -- -- b6 -- -- -- da -- 3a -- -- -- -- -- -- 74 d2 e8 -- -- -- -- -- -- dd c6 -- -- -- -- -- -- -- -- -- -- cc -- -- -- 2e a1 -- -- -- -- c2 d7 -- -- -- -- 43 -- db -- 42 -- -- -- 8d 1b -- -- 67 e2 fd eb 15 1c b8 88 d9 -- f2 -- -- -- a6 b5 e3 64 -- -- -- -- -- cb 

solutions so far:0 maxDepth:10 
iterations:107434751  skipped: 29 
Depth skipped: 
0 0 29 0 0 0 0 0 0 0 0 0 0 0 0 0 0 0 0 0 0 0 0 0 0 0 0 0 0 0 0 0 

running time: 9300 sec
 depth:6
 0  1  2  3  4  5  6  7  8  9  a  b  c  d  e  f 10 11 12 13 14 15 16 17 18 19 1a 1b 1c 1d 1e 1f 20 21 22 23 24 25 26 27 28 29 2a 2b 2c 2d 2e 2f 30 31 32 33 34 35 36 37 38 39 3a 3b 3c 3d 3e 3f 40 41 42 43 44 45 46 47 48 49 4a 4b 4c 4d 4e 4f 50 51 52 53 54 55 56 57 58 59 5a 5b 5c 5d 5e 5f 60 61 62 63 64 65 66 67 68 69 6a 6b 6c 6d 6e 6f 70 71 72 73 74 75 76 77 78 79 7a 7b 7c 7d 7e 7f 80 81 82 83 84 85 86 87 88 89 8a 8b 8c 8d 8e 8f 90 91 92 93 94 95 96 97 98 99 9a 9b 9c 9d 9e 9f a0 a1 a2 a3 a4 a5 a6 a7 a8 a9 aa ab ac ad ae af b0 b1 b2 b3 b4 b5 b6 b7 b8 b9 ba bb bc bd be bf c0 c1 c2 c3 c4 c5 c6 c7 c8 c9 ca cb cc cd ce cf d0 d1 d2 d3 d4 d5 d6 d7 d8 d9 da db dc dd de df e0 e1 e2 e3 e4 e5 e6 e7 e8 e9 ea eb ec ed ee ef f0 f1 f2 f3 f4 f5 f6 f7 f8 f9 fa fb fc fd fe ff 
 0  1  2 2d  4  6 5a f1  8 59  c 71 b4 c8 35 -- 10 -- b2 -- 18 -- e2 2b bf -- 47 -- 6a c3 -- 4d 20 -- -- -- b3 8b -- 22 30 83 -- -- 13 -- 56 -- a9 -- -- 33 8e -- -- -- d4 ad 51 -- -- -- 9a -- 40 -- -- -- -- -- -- -- b1 -- c1 -- -- -- 44 4f 60 -- d1 -- -- 5b -- 6d 26 -- -- -- ac -- -- -- 85 -- -- -- -- -- 66 -- cb -- -- -- -- -- -- -- 7f -- 8d -- a2 95 -- 82 -- 79 -- -- e3 -- -- -- 80 -- -- bb -- -- -- -- -- -- -- 63 -- -- -- -- b5 -- -- -- 55 -- -- 57 -- 45 -- -- 88 32 9e ea c0 -- -- -- 75 19 -- c9 -- -- b6 -- -- -- da -- 4c -- -- -- -- -- -- 98 8f e7 -- -- -- -- -- -- dd c6 -- -- -- -- -- -- -- -- -- -- cc -- -- -- 41 a1 -- -- -- -- -- d7 -- -- -- -- -- -- -- -- fe -- -- -- cd 8a -- -- 93  3 fd eb -- 64 d3 c7 -- -- f2 -- -- -- -- bd 11 ae -- -- -- -- -- aa 

solutions so far:0 maxDepth:10 
iterations:113851824  skipped: 29 
Depth skipped: 
0 0 29 0 0 0 0 0 0 0 0 0 0 0 0 0 0 0 0 0 0 0 0 0 0 0 0 0 0 0 0 0 

running time: 9600 sec

Finished. Total running time: 9663 sec
