Search S-boxes invariant for matrix: 
{0x00,0x02,0x04,0x06,0x08,0x0a,0x0c,0x0e,0x10,0x12,0x14,0x16,0x18,0x1a,0x1c,0x1e,0x20,0x22,0x24,0x26,0x28,0x2a,0x2c,0x2e,0x30,0x32,0x34,0x36,0x38,0x3a,0x3c,0x3e,0x40,0x42,0x44,0x46,0x48,0x4a,0x4c,0x4e,0x50,0x52,0x54,0x56,0x58,0x5a,0x5c,0x5e,0x60,0x62,0x64,0x66,0x68,0x6a,0x6c,0x6e,0x70,0x72,0x74,0x76,0x78,0x7a,0x7c,0x7e,0x80,0x82,0x84,0x86,0x88,0x8a,0x8c,0x8e,0x90,0x92,0x94,0x96,0x98,0x9a,0x9c,0x9e,0xa0,0xa2,0xa4,0xa6,0xa8,0xaa,0xac,0xae,0xb0,0xb2,0xb4,0xb6,0xb8,0xba,0xbc,0xbe,0xc0,0xc2,0xc4,0xc6,0xc8,0xca,0xcc,0xce,0xd0,0xd2,0xd4,0xd6,0xd8,0xda,0xdc,0xde,0xe0,0xe2,0xe4,0xe6,0xe8,0xea,0xec,0xee,0xf0,0xf2,0xf4,0xf6,0xf8,0xfa,0xfc,0xfe,0xd7,0xd5,0xd3,0xd1,0xdf,0xdd,0xdb,0xd9,0xc7,0xc5,0xc3,0xc1,0xcf,0xcd,0xcb,0xc9,0xf7,0xf5,0xf3,0xf1,0xff,0xfd,0xfb,0xf9,0xe7,0xe5,0xe3,0xe1,0xef,0xed,0xeb,0xe9,0x97,0x95,0x93,0x91,0x9f,0x9d,0x9b,0x99,0x87,0x85,0x83,0x81,0x8f,0x8d,0x8b,0x89,0xb7,0xb5,0xb3,0xb1,0xbf,0xbd,0xbb,0xb9,0xa7,0xa5,0xa3,0xa1,0xaf,0xad,0xab,0xa9,0x57,0x55,0x53,0x51,0x5f,0x5d,0x5b,0x59,0x47,0x45,0x43,0x41,0x4f,0x4d,0x4b,0x49,0x77,0x75,0x73,0x71,0x7f,0x7d,0x7b,0x79,0x67,0x65,0x63,0x61,0x6f,0x6d,0x6b,0x69,0x17,0x15,0x13,0x11,0x1f,0x1d,0x1b,0x19,0x07,0x05,0x03,0x01,0x0f,0x0d,0x0b,0x09,0x37,0x35,0x33,0x31,0x3f,0x3d,0x3b,0x39,0x27,0x25,0x23,0x21,0x2f,0x2d,0x2b,0x29};



 depth:6
 0  1  2  3  4  5  6  7  8  9  a  b  c  d  e  f 10 11 12 13 14 15 16 17 18 19 1a 1b 1c 1d 1e 1f 20 21 22 23 24 25 26 27 28 29 2a 2b 2c 2d 2e 2f 30 31 32 33 34 35 36 37 38 39 3a 3b 3c 3d 3e 3f 40 41 42 43 44 45 46 47 48 49 4a 4b 4c 4d 4e 4f 50 51 52 53 54 55 56 57 58 59 5a 5b 5c 5d 5e 5f 60 61 62 63 64 65 66 67 68 69 6a 6b 6c 6d 6e 6f 70 71 72 73 74 75 76 77 78 79 7a 7b 7c 7d 7e 7f 80 81 82 83 84 85 86 87 88 89 8a 8b 8c 8d 8e 8f 90 91 92 93 94 95 96 97 98 99 9a 9b 9c 9d 9e 9f a0 a1 a2 a3 a4 a5 a6 a7 a8 a9 aa ab ac ad ae af b0 b1 b2 b3 b4 b5 b6 b7 b8 b9 ba bb bc bd be bf c0 c1 c2 c3 c4 c5 c6 c7 c8 c9 ca cb cc cd ce cf d0 d1 d2 d3 d4 d5 d6 d7 d8 d9 da db dc dd de df e0 e1 e2 e3 e4 e5 e6 e7 e8 e9 ea eb ec ed ee ef f0 f1 f2 f3 f4 f5 f6 f7 f8 f9 fa fb fc fd fe ff 
 0  1  2 2e  4 fd 5c 24  8 4a 2d d5 b8 31 48 -- 10 -- 94 -- 5a -- 7d e4 a7 -- 62 -- 90 9c --  a 20 -- -- -- ff 6d -- a0 b4 5b -- -- fa -- 1f -- 99 -- -- 33 c4 -- -- -- f7 9f ef -- -- -- 14 -- 40 -- -- -- -- -- -- -- 29 -- da -- -- -- 97 4f bf -- b6 -- --  e -- 3a 23 -- -- -- 3e -- -- -- e5 -- -- -- -- -- 66 -- 5f -- -- -- -- -- -- -- 39 -- e9 --  9 e0 -- ab -- 79 -- -- 28 -- -- -- 80 -- -- 38 -- -- -- -- -- -- -- e8 -- -- -- -- 52 -- -- -- 63 -- -- 85 -- 27 -- -- f9 92 9e a1 a9 -- -- -- bb 49 -- f8 -- -- 1c -- -- -- 74 -- 46 -- -- -- -- -- -- 8c 7c cf -- -- -- -- -- -- 1d  7 -- -- -- -- -- -- -- -- -- -- cc -- -- -- be 70 -- -- -- -- -- d7 -- -- -- -- -- -- -- -- 72 -- -- --  5 4e -- -- 12 95 17 eb -- f3 81 25 -- -- f2 -- -- -- -- a4 50 dd -- -- -- -- -- c6 

solutions so far:0 maxDepth:9 
iterations:1998838  skipped: 0 
Depth skipped: 
0 0 0 0 0 0 0 0 0 0 0 0 0 0 0 0 0 0 0 0 0 0 0 0 0 0 0 0 0 0 0 0 

running time: 300 sec
 depth:7
 0  1  2  3  4  5  6  7  8  9  a  b  c  d  e  f 10 11 12 13 14 15 16 17 18 19 1a 1b 1c 1d 1e 1f 20 21 22 23 24 25 26 27 28 29 2a 2b 2c 2d 2e 2f 30 31 32 33 34 35 36 37 38 39 3a 3b 3c 3d 3e 3f 40 41 42 43 44 45 46 47 48 49 4a 4b 4c 4d 4e 4f 50 51 52 53 54 55 56 57 58 59 5a 5b 5c 5d 5e 5f 60 61 62 63 64 65 66 67 68 69 6a 6b 6c 6d 6e 6f 70 71 72 73 74 75 76 77 78 79 7a 7b 7c 7d 7e 7f 80 81 82 83 84 85 86 87 88 89 8a 8b 8c 8d 8e 8f 90 91 92 93 94 95 96 97 98 99 9a 9b 9c 9d 9e 9f a0 a1 a2 a3 a4 a5 a6 a7 a8 a9 aa ab ac ad ae af b0 b1 b2 b3 b4 b5 b6 b7 b8 b9 ba bb bc bd be bf c0 c1 c2 c3 c4 c5 c6 c7 c8 c9 ca cb cc cd ce cf d0 d1 d2 d3 d4 d5 d6 d7 d8 d9 da db dc dd de df e0 e1 e2 e3 e4 e5 e6 e7 e8 e9 ea eb ec ed ee ef f0 f1 f2 f3 f4 f5 f6 f7 f8 f9 fa fb fc fd fe ff 
 0  1  2 2e  4 f5 5c d4  8 c0 3d 54 b8 c2 7f d8 10 -- 57 -- 7a -- a8 8f a7 -- 53 -- fe 93 67 75 20 -- -- -- ae 5e --  c f4 c5 -- -- 87 -- c9 -- 99 -- -- 33 a6 -- -- fb 2b aa f1 1b ce -- ea -- 40 -- -- -- -- -- -- -- 8b -- bc -- -- -- 18 4f 3f -- 5d -- --  e -- 3a d9 -- -- -- 45 -- -- -- e5 -- -- -- -- -- 66 -- 9b -- -- 69 -- -- 21 84 56 -- 83 -- 35 e0 36 15 4b 79 -- 73  3 -- -- -- 80 -- -- 38 -- -- -- -- -- -- -- e8 -- -- -- -- c1 -- -- -- af -- -- fc -- 51 -- -- 30 db 9e a3 7e -- -- -- ba 86 -- c3 -- -- 1c -- -- -- 74 -- 65 -- -- -- -- -- -- ca 8a 43 -- -- -- -- -- -- 1d  7 -- -- -- -- -- -- -- -- -- -- cc -- -- -- e1 70 -- -- -- -- d2 d7 -- -- -- -- 42 -- df -- ac -- -- -- d1 a2 -- -- 6a 91 17 eb 6c 61 2a 60 96 -- f2 -- -- -- e6 55  6 2f -- -- -- -- -- 89 

solutions so far:0 maxDepth:9 
iterations:4135607  skipped: 2 
Depth skipped: 
0 0 2 0 0 0 0 0 0 0 0 0 0 0 0 0 0 0 0 0 0 0 0 0 0 0 0 0 0 0 0 0 

running time: 600 sec
 depth:7
 0  1  2  3  4  5  6  7  8  9  a  b  c  d  e  f 10 11 12 13 14 15 16 17 18 19 1a 1b 1c 1d 1e 1f 20 21 22 23 24 25 26 27 28 29 2a 2b 2c 2d 2e 2f 30 31 32 33 34 35 36 37 38 39 3a 3b 3c 3d 3e 3f 40 41 42 43 44 45 46 47 48 49 4a 4b 4c 4d 4e 4f 50 51 52 53 54 55 56 57 58 59 5a 5b 5c 5d 5e 5f 60 61 62 63 64 65 66 67 68 69 6a 6b 6c 6d 6e 6f 70 71 72 73 74 75 76 77 78 79 7a 7b 7c 7d 7e 7f 80 81 82 83 84 85 86 87 88 89 8a 8b 8c 8d 8e 8f 90 91 92 93 94 95 96 97 98 99 9a 9b 9c 9d 9e 9f a0 a1 a2 a3 a4 a5 a6 a7 a8 a9 aa ab ac ad ae af b0 b1 b2 b3 b4 b5 b6 b7 b8 b9 ba bb bc bd be bf c0 c1 c2 c3 c4 c5 c6 c7 c8 c9 ca cb cc cd ce cf d0 d1 d2 d3 d4 d5 d6 d7 d8 d9 da db dc dd de df e0 e1 e2 e3 e4 e5 e6 e7 e8 e9 ea eb ec ed ee ef f0 f1 f2 f3 f4 f5 f6 f7 f8 f9 fa fb fc fd fe ff 
 0  1  2 2e  4 f0 5c 91  8 5a 37 e6 b8 21 f5 c8 10 -- b4 -- 6e -- 1b 7e a7 -- 42 -- 3d c5 47 c6 20 -- -- -- bf 7b -- a1 dc ec -- -- 36 -- fc -- 99 -- -- 33 84 -- -- 82 7a 6d 5d 19 8e -- 5b -- 40 -- -- -- -- -- -- -- a9 -- f6 -- -- -- 95 4f 6f --  f -- --  e -- 3a 6c -- -- -- 2f -- -- -- e5 -- -- -- -- -- 66 -- df -- -- 26 -- -- d3 e2 f4 -- da -- ba e0 32 d2 cb 79 -- 98 b6 -- -- -- 80 -- -- 38 -- -- -- -- -- -- -- e8 -- -- -- -- 85 -- -- -- 3b -- -- 6b -- af -- -- fd 96 9e 3c de -- -- -- 1e 4b -- bc -- -- 1c -- -- -- 74 -- d8 -- -- -- -- -- -- 67 5e ce -- -- -- -- -- -- 1d  7 -- -- -- -- -- -- -- -- -- -- cc -- -- -- 69 70 -- -- -- -- 4c d7 -- -- -- -- 71 -- 13 -- 3f -- -- -- 63 89 -- -- a3 78 17 eb 64 fb 73 2d 41 -- f2 -- -- -- e7 dd bb d6 -- -- -- -- -- 76 

solutions so far:0 maxDepth:10 
iterations:6458920  skipped: 3 
Depth skipped: 
0 0 3 0 0 0 0 0 0 0 0 0 0 0 0 0 0 0 0 0 0 0 0 0 0 0 0 0 0 0 0 0 

running time: 900 sec
 depth:7
 0  1  2  3  4  5  6  7  8  9  a  b  c  d  e  f 10 11 12 13 14 15 16 17 18 19 1a 1b 1c 1d 1e 1f 20 21 22 23 24 25 26 27 28 29 2a 2b 2c 2d 2e 2f 30 31 32 33 34 35 36 37 38 39 3a 3b 3c 3d 3e 3f 40 41 42 43 44 45 46 47 48 49 4a 4b 4c 4d 4e 4f 50 51 52 53 54 55 56 57 58 59 5a 5b 5c 5d 5e 5f 60 61 62 63 64 65 66 67 68 69 6a 6b 6c 6d 6e 6f 70 71 72 73 74 75 76 77 78 79 7a 7b 7c 7d 7e 7f 80 81 82 83 84 85 86 87 88 89 8a 8b 8c 8d 8e 8f 90 91 92 93 94 95 96 97 98 99 9a 9b 9c 9d 9e 9f a0 a1 a2 a3 a4 a5 a6 a7 a8 a9 aa ab ac ad ae af b0 b1 b2 b3 b4 b5 b6 b7 b8 b9 ba bb bc bd be bf c0 c1 c2 c3 c4 c5 c6 c7 c8 c9 ca cb cc cd ce cf d0 d1 d2 d3 d4 d5 d6 d7 d8 d9 da db dc dd de df e0 e1 e2 e3 e4 e5 e6 e7 e8 e9 ea eb ec ed ee ef f0 f1 f2 f3 f4 f5 f6 f7 f8 f9 fa fb fc fd fe ff 
 0  1  2 2e  4 ed 5c bb  8 1b  d 27 b8 39 a1 cf 10 -- 36 -- 1a -- 4e b4 a7 -- 72 -- 95 63 49 21 20 -- -- -- 6c  b -- 69 34 b0 -- -- 9c -- bf -- 99 -- -- 33 e4 -- -- 62 fd 4b c6 23 92 -- 42 -- 40 -- -- -- -- -- -- -- d8 -- 16 -- -- -- d2 4f 68 -- b7 -- --  e -- 3a ef -- -- -- a9 -- -- -- e5 -- -- -- -- -- 66 -- 1f -- -- 81 -- -- c4 be 2d -- 96 -- 5b e0 46 7c f3 79 -- 7d 84 -- -- -- 80 -- -- 38 -- -- -- -- -- -- -- e8 -- -- -- -- 67 -- -- -- 2c -- -- 77 -- 6d -- -- 73 90 9e a5 d0 -- -- -- b9 48 -- dd -- -- 1c -- -- -- 74 --  9 -- -- -- -- -- -- 12 85 24 -- -- -- -- -- -- 1d  7 -- -- -- -- -- -- -- -- -- -- cc -- -- -- 3e 70 -- -- -- -- d5 d7 -- -- -- -- 5f -- ab -- 5a -- -- -- fb da -- -- b6 9d 17 eb 8c f7 f8 e6 31 -- f2 -- -- -- fa ce df ee -- -- -- -- -- 58 

solutions so far:0 maxDepth:10 
iterations:8408551  skipped: 3 
Depth skipped: 
0 0 3 0 0 0 0 0 0 0 0 0 0 0 0 0 0 0 0 0 0 0 0 0 0 0 0 0 0 0 0 0 

running time: 1200 sec
 depth:7
 0  1  2  3  4  5  6  7  8  9  a  b  c  d  e  f 10 11 12 13 14 15 16 17 18 19 1a 1b 1c 1d 1e 1f 20 21 22 23 24 25 26 27 28 29 2a 2b 2c 2d 2e 2f 30 31 32 33 34 35 36 37 38 39 3a 3b 3c 3d 3e 3f 40 41 42 43 44 45 46 47 48 49 4a 4b 4c 4d 4e 4f 50 51 52 53 54 55 56 57 58 59 5a 5b 5c 5d 5e 5f 60 61 62 63 64 65 66 67 68 69 6a 6b 6c 6d 6e 6f 70 71 72 73 74 75 76 77 78 79 7a 7b 7c 7d 7e 7f 80 81 82 83 84 85 86 87 88 89 8a 8b 8c 8d 8e 8f 90 91 92 93 94 95 96 97 98 99 9a 9b 9c 9d 9e 9f a0 a1 a2 a3 a4 a5 a6 a7 a8 a9 aa ab ac ad ae af b0 b1 b2 b3 b4 b5 b6 b7 b8 b9 ba bb bc bd be bf c0 c1 c2 c3 c4 c5 c6 c7 c8 c9 ca cb cc cd ce cf d0 d1 d2 d3 d4 d5 d6 d7 d8 d9 da db dc dd de df e0 e1 e2 e3 e4 e5 e6 e7 e8 e9 ea eb ec ed ee ef f0 f1 f2 f3 f4 f5 f6 f7 f8 f9 fa fb fc fd fe ff 
 0  1  2 2e  4 e7 5c 8a  8 61 19 af b8 f4 c3 46 10 -- c2 -- 32 -- 89 35 a7 -- 3f -- 51 ac 8c a8 20 -- -- -- 53 41 -- ca 64 e2 -- -- c5 -- 6a -- 99 -- -- 33 7e -- -- f3 a2 15 8f 7d cf -- 87 -- 40 -- -- -- -- -- -- -- a6 -- 82 -- -- -- 43 4f c8 -- 13 -- --  e -- 3a 5d -- -- -- d4 -- -- -- e5 -- -- -- -- -- 66 -- fc -- -- be -- -- 31 c4 93 -- 2a -- c9 e0 fa 5e 49 79 -- 81 d9 -- -- -- 80 -- -- 38 -- -- -- -- -- -- -- e8 -- -- -- -- 9b -- -- -- d3 -- -- 8e -- 2b -- -- 86 3d 9e 4c 47 -- -- -- 26 f5 -- fe -- -- 1c -- -- -- 74 -- ba -- -- -- -- -- -- a3 7f 91 -- -- -- -- -- -- 1d  7 -- -- -- -- -- -- -- -- -- -- cc -- -- -- 2f 70 -- -- -- -- ab d7 -- -- -- -- 62 -- 5f -- f1 -- -- -- 54 56 -- -- 45 98 17 eb 23 7a bc db 92 -- f2 -- -- -- d5 e1 65 cb -- -- -- -- -- 71 

solutions so far:0 maxDepth:10 
iterations:11331654  skipped: 3 
Depth skipped: 
0 0 3 0 0 0 0 0 0 0 0 0 0 0 0 0 0 0 0 0 0 0 0 0 0 0 0 0 0 0 0 0 

running time: 1500 sec
 depth:7
 0  1  2  3  4  5  6  7  8  9  a  b  c  d  e  f 10 11 12 13 14 15 16 17 18 19 1a 1b 1c 1d 1e 1f 20 21 22 23 24 25 26 27 28 29 2a 2b 2c 2d 2e 2f 30 31 32 33 34 35 36 37 38 39 3a 3b 3c 3d 3e 3f 40 41 42 43 44 45 46 47 48 49 4a 4b 4c 4d 4e 4f 50 51 52 53 54 55 56 57 58 59 5a 5b 5c 5d 5e 5f 60 61 62 63 64 65 66 67 68 69 6a 6b 6c 6d 6e 6f 70 71 72 73 74 75 76 77 78 79 7a 7b 7c 7d 7e 7f 80 81 82 83 84 85 86 87 88 89 8a 8b 8c 8d 8e 8f 90 91 92 93 94 95 96 97 98 99 9a 9b 9c 9d 9e 9f a0 a1 a2 a3 a4 a5 a6 a7 a8 a9 aa ab ac ad ae af b0 b1 b2 b3 b4 b5 b6 b7 b8 b9 ba bb bc bd be bf c0 c1 c2 c3 c4 c5 c6 c7 c8 c9 ca cb cc cd ce cf d0 d1 d2 d3 d4 d5 d6 d7 d8 d9 da db dc dd de df e0 e1 e2 e3 e4 e5 e6 e7 e8 e9 ea eb ec ed ee ef f0 f1 f2 f3 f4 f5 f6 f7 f8 f9 fa fb fc fd fe ff 
 0  1  2 2e  4 e1 5c 84  8 b3 15 6e b8 ec df 60 10 -- b1 -- 2a -- dc 1b a7 --  f -- 69 96 c0 e3 20 -- -- -- b5 ca -- 88 54 61 -- -- 6f -- 36 -- 99 -- -- 33 1e -- -- c1 d2 cd fb  c 57 -- 11 -- 40 -- -- -- -- -- -- -- bd -- 43 -- -- -- c7 4f a8 -- c2 -- --  e -- 3a de -- -- -- 6c -- -- -- e5 -- -- -- -- -- 66 -- 3c -- -- 75 -- -- 55 83 73 -- 4d -- 21 e0 18 f0 ae 79 --  3 22 -- -- -- 80 -- -- 38 -- -- -- -- -- -- -- e8 -- -- -- -- ad -- -- -- 86 -- -- d9 -- ce -- -- 59 3b 9e a6 87 -- -- -- 53 f6 -- 67 -- -- 1c -- -- -- 74 -- 6b -- -- -- -- -- -- d6 d8 7b -- -- -- -- -- -- 1d  7 -- -- -- -- -- -- -- -- -- -- cc -- -- -- 78 70 -- -- -- -- ea d7 -- -- -- -- aa -- d1 -- e6 -- -- -- 9a 4b -- -- 42 9b 17 eb 30 76 37 b2 8b -- f2 -- -- --  6 8d 44 65 -- -- -- -- -- db 

solutions so far:0 maxDepth:10 
iterations:14194833  skipped: 3 
Depth skipped: 
0 0 3 0 0 0 0 0 0 0 0 0 0 0 0 0 0 0 0 0 0 0 0 0 0 0 0 0 0 0 0 0 

running time: 1800 sec
 depth:7
 0  1  2  3  4  5  6  7  8  9  a  b  c  d  e  f 10 11 12 13 14 15 16 17 18 19 1a 1b 1c 1d 1e 1f 20 21 22 23 24 25 26 27 28 29 2a 2b 2c 2d 2e 2f 30 31 32 33 34 35 36 37 38 39 3a 3b 3c 3d 3e 3f 40 41 42 43 44 45 46 47 48 49 4a 4b 4c 4d 4e 4f 50 51 52 53 54 55 56 57 58 59 5a 5b 5c 5d 5e 5f 60 61 62 63 64 65 66 67 68 69 6a 6b 6c 6d 6e 6f 70 71 72 73 74 75 76 77 78 79 7a 7b 7c 7d 7e 7f 80 81 82 83 84 85 86 87 88 89 8a 8b 8c 8d 8e 8f 90 91 92 93 94 95 96 97 98 99 9a 9b 9c 9d 9e 9f a0 a1 a2 a3 a4 a5 a6 a7 a8 a9 aa ab ac ad ae af b0 b1 b2 b3 b4 b5 b6 b7 b8 b9 ba bb bc bd be bf c0 c1 c2 c3 c4 c5 c6 c7 c8 c9 ca cb cc cd ce cf d0 d1 d2 d3 d4 d5 d6 d7 d8 d9 da db dc dd de df e0 e1 e2 e3 e4 e5 e6 e7 e8 e9 ea eb ec ed ee ef f0 f1 f2 f3 f4 f5 f6 f7 f8 f9 fa fb fc fd fe ff 
 0  1  2 2e  4 dc 5c 77  8 94 6f b1 b8 22 ee 61 10 -- ff -- de -- b5 b0 a7 -- 44 --  b 1a c2 14 20 -- -- -- 29 76 -- 97 6b 3c -- -- bd -- b7 -- 99 -- -- 33 88 -- -- e1 16 e9 34 43 53 -- 28 -- 40 -- -- -- -- -- -- -- 52 -- ec -- -- -- f9 4f d6 -- 78 -- --  e -- 3a ad -- -- -- b9 -- -- -- e5 -- -- -- -- -- 66 -- c7 -- -- 87 -- -- 15 54 2c --  5 -- 68 e0 86 b2 a6 79 -- 65 50 -- -- -- 80 -- -- 38 -- -- -- -- -- -- -- e8 -- -- -- -- a4 -- -- --  f -- -- f6 -- ed -- -- 25 e3 9e 37 7b -- -- -- f0 9a -- 9d -- -- 1c -- -- -- 74 -- 8d -- -- -- -- -- -- cd a5 4d -- -- -- -- -- -- 1d  7 -- -- -- -- -- -- -- -- -- -- cc -- -- -- 59 70 -- -- -- -- d9 d7 -- -- -- -- 2a -- a8 -- 58 -- -- --  a  d -- -- d0 6e 17 eb db 11 b3 4a 9b -- f2 -- -- -- ca 9f a0 3b -- -- -- -- -- 1e 

solutions so far:0 maxDepth:10 
iterations:16298876  skipped: 3 
Depth skipped: 
0 0 3 0 0 0 0 0 0 0 0 0 0 0 0 0 0 0 0 0 0 0 0 0 0 0 0 0 0 0 0 0 

running time: 2100 sec
 depth:7
 0  1  2  3  4  5  6  7  8  9  a  b  c  d  e  f 10 11 12 13 14 15 16 17 18 19 1a 1b 1c 1d 1e 1f 20 21 22 23 24 25 26 27 28 29 2a 2b 2c 2d 2e 2f 30 31 32 33 34 35 36 37 38 39 3a 3b 3c 3d 3e 3f 40 41 42 43 44 45 46 47 48 49 4a 4b 4c 4d 4e 4f 50 51 52 53 54 55 56 57 58 59 5a 5b 5c 5d 5e 5f 60 61 62 63 64 65 66 67 68 69 6a 6b 6c 6d 6e 6f 70 71 72 73 74 75 76 77 78 79 7a 7b 7c 7d 7e 7f 80 81 82 83 84 85 86 87 88 89 8a 8b 8c 8d 8e 8f 90 91 92 93 94 95 96 97 98 99 9a 9b 9c 9d 9e 9f a0 a1 a2 a3 a4 a5 a6 a7 a8 a9 aa ab ac ad ae af b0 b1 b2 b3 b4 b5 b6 b7 b8 b9 ba bb bc bd be bf c0 c1 c2 c3 c4 c5 c6 c7 c8 c9 ca cb cc cd ce cf d0 d1 d2 d3 d4 d5 d6 d7 d8 d9 da db dc dd de df e0 e1 e2 e3 e4 e5 e6 e7 e8 e9 ea eb ec ed ee ef f0 f1 f2 f3 f4 f5 f6 f7 f8 f9 fa fb fc fd fe ff 
 0  1  2 2e  4 d6 5c 8b  8 5a 7b bd b8 88 c1 45 10 -- b4 -- f6 -- ad 75 a7 -- c7 -- 55 60 8a c6 20 -- -- -- bf 3c -- a1 3b 6e -- -- 8d -- ea -- 99 -- -- 33 59 -- -- 93 aa 6d c0 ac c3 -- 5b -- 40 -- -- -- -- -- -- -- a9 -- 78 -- -- -- 95 4f 76 -- dc -- --  e -- 3a cd -- -- --  3 -- -- -- e5 -- -- -- -- -- 66 -- b2 -- -- 7f -- -- f1 6a 83 -- da -- 57 e0 8f b1 51 79 -- 2b b6 -- -- -- 80 -- -- 38 -- -- -- -- -- -- -- e8 -- -- -- -- 85 -- -- -- f0 -- --  f -- 18 -- -- fd 22 9e de ec -- -- -- 6f 11 --  c -- -- 1c -- -- -- 74 -- 4d -- -- -- -- -- -- 9a  6 e3 -- -- -- -- -- -- 1d  7 -- -- -- -- -- -- -- -- -- -- cc -- -- -- b3 70 -- -- -- -- fe d7 -- -- -- -- 35 -- d4 -- d1 -- -- -- 63 30 -- -- ae 6b 17 eb c9 44 b5 2d a2 -- f2 -- -- -- 56 dd bb 1e -- -- -- -- -- 37 

solutions so far:0 maxDepth:10 
iterations:19007994  skipped: 4 
Depth skipped: 
0 0 4 0 0 0 0 0 0 0 0 0 0 0 0 0 0 0 0 0 0 0 0 0 0 0 0 0 0 0 0 0 

running time: 2400 sec
 depth:6
 0  1  2  3  4  5  6  7  8  9  a  b  c  d  e  f 10 11 12 13 14 15 16 17 18 19 1a 1b 1c 1d 1e 1f 20 21 22 23 24 25 26 27 28 29 2a 2b 2c 2d 2e 2f 30 31 32 33 34 35 36 37 38 39 3a 3b 3c 3d 3e 3f 40 41 42 43 44 45 46 47 48 49 4a 4b 4c 4d 4e 4f 50 51 52 53 54 55 56 57 58 59 5a 5b 5c 5d 5e 5f 60 61 62 63 64 65 66 67 68 69 6a 6b 6c 6d 6e 6f 70 71 72 73 74 75 76 77 78 79 7a 7b 7c 7d 7e 7f 80 81 82 83 84 85 86 87 88 89 8a 8b 8c 8d 8e 8f 90 91 92 93 94 95 96 97 98 99 9a 9b 9c 9d 9e 9f a0 a1 a2 a3 a4 a5 a6 a7 a8 a9 aa ab ac ad ae af b0 b1 b2 b3 b4 b5 b6 b7 b8 b9 ba bb bc bd be bf c0 c1 c2 c3 c4 c5 c6 c7 c8 c9 ca cb cc cd ce cf d0 d1 d2 d3 d4 d5 d6 d7 d8 d9 da db dc dd de df e0 e1 e2 e3 e4 e5 e6 e7 e8 e9 ea eb ec ed ee ef f0 f1 f2 f3 f4 f5 f6 f7 f8 f9 fa fb fc fd fe ff 
 0  1  2 2e  4 d0 5c df  8 46 77 ef b8 1f 69 -- 10 -- 8c -- ee --  9 36 a7 -- 3e -- d2 fb -- 5f 20 -- -- -- cf b7 -- d5  b ed -- -- 12 -- 6c -- 99 -- -- 33 7c -- -- -- 73 31 21 -- -- -- be -- 40 -- -- -- -- -- -- -- 49 -- b9 -- -- -- 7d 4f 16 --  d -- --  e -- 3a 24 -- -- -- d8 -- -- -- e5 -- -- -- -- -- 66 -- f8 -- -- -- -- -- -- -- e6 -- 62 -- 42 e0 -- 4e -- 79 -- -- ab -- -- -- 80 -- -- 38 -- -- -- -- -- -- -- e8 -- -- -- -- 92 -- -- -- a5 -- -- 58 -- 4b -- -- fa 72 9e 34 2c -- -- -- 1a 39 -- ce -- -- 1c -- -- -- 74 -- 48 -- -- -- -- -- -- 90 67 f7 -- -- -- -- -- -- 1d  7 -- -- -- -- -- -- -- -- -- -- cc -- -- -- 27 70 -- -- -- -- -- d7 -- -- -- -- -- -- -- -- 1b -- -- -- c4 96 -- -- 84 68 17 eb -- e4 9c 23 -- -- f2 -- -- -- -- f3 81 b0 -- -- -- -- -- 9d 

solutions so far:0 maxDepth:10 
iterations:21527690  skipped: 6 
Depth skipped: 
0 0 6 0 0 0 0 0 0 0 0 0 0 0 0 0 0 0 0 0 0 0 0 0 0 0 0 0 0 0 0 0 

running time: 2700 sec
 depth:6
 0  1  2  3  4  5  6  7  8  9  a  b  c  d  e  f 10 11 12 13 14 15 16 17 18 19 1a 1b 1c 1d 1e 1f 20 21 22 23 24 25 26 27 28 29 2a 2b 2c 2d 2e 2f 30 31 32 33 34 35 36 37 38 39 3a 3b 3c 3d 3e 3f 40 41 42 43 44 45 46 47 48 49 4a 4b 4c 4d 4e 4f 50 51 52 53 54 55 56 57 58 59 5a 5b 5c 5d 5e 5f 60 61 62 63 64 65 66 67 68 69 6a 6b 6c 6d 6e 6f 70 71 72 73 74 75 76 77 78 79 7a 7b 7c 7d 7e 7f 80 81 82 83 84 85 86 87 88 89 8a 8b 8c 8d 8e 8f 90 91 92 93 94 95 96 97 98 99 9a 9b 9c 9d 9e 9f a0 a1 a2 a3 a4 a5 a6 a7 a8 a9 aa ab ac ad ae af b0 b1 b2 b3 b4 b5 b6 b7 b8 b9 ba bb bc bd be bf c0 c1 c2 c3 c4 c5 c6 c7 c8 c9 ca cb cc cd ce cf d0 d1 d2 d3 d4 d5 d6 d7 d8 d9 da db dc dd de df e0 e1 e2 e3 e4 e5 e6 e7 e8 e9 ea eb ec ed ee ef f0 f1 f2 f3 f4 f5 f6 f7 f8 f9 fa fb fc fd fe ff 
 0  1  2 2e  4 ce 5c 16  8 8b 4b c5 b8 7e 2c -- 10 -- c1 -- 96 -- 5d a5 a7 -- fc -- 58 d0 --  6 20 -- -- -- 55 69 -- 60 fb 1b -- -- ba -- 9d -- 99 -- -- 33 2f -- -- -- b0 75 77 -- -- --  c -- 40 -- -- -- -- -- -- -- aa -- d2 -- -- -- c0 4f 21 -- 36 -- --  e -- 3a a3 -- -- -- ed -- -- -- e5 -- -- -- -- -- 66 -- 5e -- -- -- -- -- -- -- b7 -- ea -- ee e0 -- af -- 79 -- -- 18 -- -- -- 80 -- -- 38 -- -- -- -- -- -- -- e8 -- -- -- -- 83 -- -- -- 73 -- -- 84 -- 34 -- -- 57 f4 9e d8 42 -- -- -- 6c 7a -- 1a -- -- 1c -- -- -- 74 -- 91 -- -- -- -- -- -- f5  d 3d -- -- -- -- -- -- 1d  7 -- -- -- -- -- -- -- -- -- -- cc -- -- -- bc 70 -- -- -- -- -- d7 -- -- -- -- -- -- -- -- b9 -- -- --  3 68 -- --  b 67 17 eb -- 3f 89 ae -- -- f2 -- -- -- -- d1 30 df -- -- -- -- -- e6 

solutions so far:0 maxDepth:10 
iterations:23528795  skipped: 6 
Depth skipped: 
0 0 6 0 0 0 0 0 0 0 0 0 0 0 0 0 0 0 0 0 0 0 0 0 0 0 0 0 0 0 0 0 

running time: 3000 sec
 depth:7
 0  1  2  3  4  5  6  7  8  9  a  b  c  d  e  f 10 11 12 13 14 15 16 17 18 19 1a 1b 1c 1d 1e 1f 20 21 22 23 24 25 26 27 28 29 2a 2b 2c 2d 2e 2f 30 31 32 33 34 35 36 37 38 39 3a 3b 3c 3d 3e 3f 40 41 42 43 44 45 46 47 48 49 4a 4b 4c 4d 4e 4f 50 51 52 53 54 55 56 57 58 59 5a 5b 5c 5d 5e 5f 60 61 62 63 64 65 66 67 68 69 6a 6b 6c 6d 6e 6f 70 71 72 73 74 75 76 77 78 79 7a 7b 7c 7d 7e 7f 80 81 82 83 84 85 86 87 88 89 8a 8b 8c 8d 8e 8f 90 91 92 93 94 95 96 97 98 99 9a 9b 9c 9d 9e 9f a0 a1 a2 a3 a4 a5 a6 a7 a8 a9 aa ab ac ad ae af b0 b1 b2 b3 b4 b5 b6 b7 b8 b9 ba bb bc bd be bf c0 c1 c2 c3 c4 c5 c6 c7 c8 c9 ca cb cc cd ce cf d0 d1 d2 d3 d4 d5 d6 d7 d8 d9 da db dc dd de df e0 e1 e2 e3 e4 e5 e6 e7 e8 e9 ea eb ec ed ee ef f0 f1 f2 f3 f4 f5 f6 f7 f8 f9 fa fb fc fd fe ff 
 0  1  2 2e  4 c6 5c ce  8 6f 5b 2b b8 93 4b 19 10 -- de -- b6 -- 56 84 a7 -- f1 -- 96 36 32  f 20 -- -- -- 6b 5a -- f0 bb 85 -- -- ac -- df -- 99 -- -- 33 35 -- -- 8e fb 3b 6c 4c 64 -- 1e -- 40 -- -- -- -- -- -- -- d6 -- b4 -- -- -- 37 4f a1 -- dd -- --  e -- 3a 8f -- -- -- 69 -- -- -- e5 -- -- -- -- -- 66 -- 6a -- -- 71 -- -- cb 82 21 -- 76 -- d8 e0 98 7f c8 79 -- 13 3c -- -- -- 80 -- -- 38 -- -- -- -- -- -- -- e8 -- -- -- -- 7b -- -- -- bf -- -- fd -- e6 -- -- 6e 51 9e da 95 -- -- -- 6d c3 -- 73 -- -- 1c -- -- -- 74 -- c9 -- -- -- -- -- -- 45 d2 8a -- -- -- -- -- -- 1d  7 -- -- -- -- -- -- -- -- -- -- cc -- -- -- d4 70 -- -- -- -- e2 d7 -- -- -- -- 41 -- d3 -- 42 -- -- -- ec 1b -- -- 67 63 17 eb e7 a2 fe dc 47 -- f2 -- -- -- 26 f6 78 2d -- -- -- -- -- a9 

solutions so far:0 maxDepth:10 
iterations:26264958  skipped: 8 
Depth skipped: 
0 0 8 0 0 0 0 0 0 0 0 0 0 0 0 0 0 0 0 0 0 0 0 0 0 0 0 0 0 0 0 0 

running time: 3300 sec
 depth:6
 0  1  2  3  4  5  6  7  8  9  a  b  c  d  e  f 10 11 12 13 14 15 16 17 18 19 1a 1b 1c 1d 1e 1f 20 21 22 23 24 25 26 27 28 29 2a 2b 2c 2d 2e 2f 30 31 32 33 34 35 36 37 38 39 3a 3b 3c 3d 3e 3f 40 41 42 43 44 45 46 47 48 49 4a 4b 4c 4d 4e 4f 50 51 52 53 54 55 56 57 58 59 5a 5b 5c 5d 5e 5f 60 61 62 63 64 65 66 67 68 69 6a 6b 6c 6d 6e 6f 70 71 72 73 74 75 76 77 78 79 7a 7b 7c 7d 7e 7f 80 81 82 83 84 85 86 87 88 89 8a 8b 8c 8d 8e 8f 90 91 92 93 94 95 96 97 98 99 9a 9b 9c 9d 9e 9f a0 a1 a2 a3 a4 a5 a6 a7 a8 a9 aa ab ac ad ae af b0 b1 b2 b3 b4 b5 b6 b7 b8 b9 ba bb bc bd be bf c0 c1 c2 c3 c4 c5 c6 c7 c8 c9 ca cb cc cd ce cf d0 d1 d2 d3 d4 d5 d6 d7 d8 d9 da db dc dd de df e0 e1 e2 e3 e4 e5 e6 e7 e8 e9 ea eb ec ed ee ef f0 f1 f2 f3 f4 f5 f6 f7 f8 f9 fa fb fc fd fe ff 
 0  1  2 2e  4 c1 5c 37  8 fc 55 72 b8  9 6e -- 10 -- 2f -- aa -- e4 d6 a7 -- 12 -- dc 1e -- a3 20 -- -- -- 5e  6 -- 7a 83 60 -- -- 1f -- 7b -- 99 -- -- 33 24 -- -- -- 6f c5 3c -- -- -- 91 -- 40 -- -- -- -- -- -- -- bc --  c -- -- -- f4 4f d1 -- c0 -- --  e -- 3a 3e -- -- -- f6 -- -- -- e5 -- -- -- -- -- 66 -- 48 -- -- -- -- -- -- -- de -- 5d -- 78 e0 -- f7 -- 79 -- -- f5 -- -- -- 80 -- -- 38 -- -- -- -- -- -- -- e8 -- -- -- -- af -- -- -- 18 -- -- ea -- ec -- -- 3f 9c 9e ae 75 -- -- -- 57 4e -- 76 -- -- 1c -- -- -- 74 -- 7c -- -- -- -- -- -- f8 3b 27 -- -- -- -- -- -- 1d  7 -- -- -- -- -- -- -- -- -- -- cc -- -- -- 90 70 -- -- -- -- -- d7 -- -- -- -- -- -- -- -- 6b -- -- -- ba  f -- -- f0 8b 17 eb -- ef 39 7e -- -- f2 -- -- -- -- 89 3d  3 -- -- -- -- -- 30 

solutions so far:0 maxDepth:10 
iterations:28812044  skipped: 9 
Depth skipped: 
0 0 9 0 0 0 0 0 0 0 0 0 0 0 0 0 0 0 0 0 0 0 0 0 0 0 0 0 0 0 0 0 

running time: 3600 sec
 depth:7
 0  1  2  3  4  5  6  7  8  9  a  b  c  d  e  f 10 11 12 13 14 15 16 17 18 19 1a 1b 1c 1d 1e 1f 20 21 22 23 24 25 26 27 28 29 2a 2b 2c 2d 2e 2f 30 31 32 33 34 35 36 37 38 39 3a 3b 3c 3d 3e 3f 40 41 42 43 44 45 46 47 48 49 4a 4b 4c 4d 4e 4f 50 51 52 53 54 55 56 57 58 59 5a 5b 5c 5d 5e 5f 60 61 62 63 64 65 66 67 68 69 6a 6b 6c 6d 6e 6f 70 71 72 73 74 75 76 77 78 79 7a 7b 7c 7d 7e 7f 80 81 82 83 84 85 86 87 88 89 8a 8b 8c 8d 8e 8f 90 91 92 93 94 95 96 97 98 99 9a 9b 9c 9d 9e 9f a0 a1 a2 a3 a4 a5 a6 a7 a8 a9 aa ab ac ad ae af b0 b1 b2 b3 b4 b5 b6 b7 b8 b9 ba bb bc bd be bf c0 c1 c2 c3 c4 c5 c6 c7 c8 c9 ca cb cc cd ce cf d0 d1 d2 d3 d4 d5 d6 d7 d8 d9 da db dc dd de df e0 e1 e2 e3 e4 e5 e6 e7 e8 e9 ea eb ec ed ee ef f0 f1 f2 f3 f4 f5 f6 f7 f8 f9 fa fb fc fd fe ff 
 0  1  2 2e  4 bd 5c 75  8 69 ad c8 b8 26 ea 95 10 -- d2 -- 8d -- 47 30 a7 -- 4c --  3 55 fd ce 20 -- -- -- 73 22 -- 21 cd 59 -- -- 8e -- 60 -- 99 -- -- 33 98 -- -- bf  6 6c aa b6 2d -- 4b -- 40 -- -- -- -- -- -- -- e6 -- 44 -- -- -- 42 4f 4d -- b2 -- --  e -- 3a cb -- -- -- c0 -- -- -- e5 -- -- -- -- -- 66 -- e7 -- -- da -- -- a9 dd  c -- d8 -- 83 e0 bb 32 5a 79 -- c6 96 -- -- -- 80 -- -- 38 -- -- -- -- -- -- -- e8 -- -- -- -- 1b -- -- -- 88 -- -- e3 -- 8b -- -- 84 e2 9e b1 9a -- -- -- b3 71 -- ae -- -- 1c -- -- -- 74 -- 41 -- -- -- -- -- -- 82 57 d3 -- -- -- -- -- -- 1d  7 -- -- -- -- -- -- -- -- -- -- cc -- -- -- 19 70 -- -- -- -- 63 d7 -- -- -- -- 85 -- 6d -- 18 -- -- -- 67 c1 -- -- d1 b5 17 eb a1 13 64 df b4 -- f2 -- -- -- 5b 36 fb 11 -- -- -- -- -- c7 

solutions so far:0 maxDepth:10 
iterations:31472789  skipped: 9 
Depth skipped: 
0 0 9 0 0 0 0 0 0 0 0 0 0 0 0 0 0 0 0 0 0 0 0 0 0 0 0 0 0 0 0 0 

running time: 3900 sec
 depth:7
 0  1  2  3  4  5  6  7  8  9  a  b  c  d  e  f 10 11 12 13 14 15 16 17 18 19 1a 1b 1c 1d 1e 1f 20 21 22 23 24 25 26 27 28 29 2a 2b 2c 2d 2e 2f 30 31 32 33 34 35 36 37 38 39 3a 3b 3c 3d 3e 3f 40 41 42 43 44 45 46 47 48 49 4a 4b 4c 4d 4e 4f 50 51 52 53 54 55 56 57 58 59 5a 5b 5c 5d 5e 5f 60 61 62 63 64 65 66 67 68 69 6a 6b 6c 6d 6e 6f 70 71 72 73 74 75 76 77 78 79 7a 7b 7c 7d 7e 7f 80 81 82 83 84 85 86 87 88 89 8a 8b 8c 8d 8e 8f 90 91 92 93 94 95 96 97 98 99 9a 9b 9c 9d 9e 9f a0 a1 a2 a3 a4 a5 a6 a7 a8 a9 aa ab ac ad ae af b0 b1 b2 b3 b4 b5 b6 b7 b8 b9 ba bb bc bd be bf c0 c1 c2 c3 c4 c5 c6 c7 c8 c9 ca cb cc cd ce cf d0 d1 d2 d3 d4 d5 d6 d7 d8 d9 da db dc dd de df e0 e1 e2 e3 e4 e5 e6 e7 e8 e9 ea eb ec ed ee ef f0 f1 f2 f3 f4 f5 f6 f7 f8 f9 fa fb fc fd fe ff 
 0  1  2 2e  4 b6 5c 88  8 1b bb 4a b8 14 c7 8f 10 -- 36 -- a1 -- 94 b5 a7 -- 28 -- 59 e3 c9 21 20 -- -- -- 6c bf -- 69 95 6d -- -- ff -- bd -- 99 -- -- 33 50 -- -- 51 b2 4b 11 2b 45 -- 42 -- 40 -- -- -- -- -- -- -- d8 -- a9 -- -- -- d2 4f fd -- da -- --  e -- 3a 29 -- -- -- ad -- -- -- e5 -- -- -- -- -- 66 -- a0 -- -- 6a -- -- a2 f1 b3 -- 96 -- 22 e0 56 f9 8a 79 -- 7f 84 -- -- -- 80 -- -- 38 -- -- -- -- -- -- -- e8 -- -- -- -- 67 -- -- -- 85 -- -- 5a -- 4d -- -- 73  5 9e c6 2d -- -- -- 63 e9 -- cd -- -- 1c -- -- -- 74 -- 52 -- -- -- -- -- -- a4 8d 9f -- -- -- -- -- -- 1d  7 -- -- -- -- -- -- -- -- -- -- cc -- -- -- 97 70 -- -- -- -- d4 d7 -- -- -- -- 93 -- 35 -- b1 -- -- -- fb 9a -- -- 44 5b 17 eb ac  a 25 e6 c3 -- f2 -- -- -- fe ce df b4 -- -- -- -- -- dd 

solutions so far:0 maxDepth:10 
iterations:33557526  skipped: 11 
Depth skipped: 
0 0 11 0 0 0 0 0 0 0 0 0 0 0 0 0 0 0 0 0 0 0 0 0 0 0 0 0 0 0 0 0 

running time: 4200 sec
 depth:7
 0  1  2  3  4  5  6  7  8  9  a  b  c  d  e  f 10 11 12 13 14 15 16 17 18 19 1a 1b 1c 1d 1e 1f 20 21 22 23 24 25 26 27 28 29 2a 2b 2c 2d 2e 2f 30 31 32 33 34 35 36 37 38 39 3a 3b 3c 3d 3e 3f 40 41 42 43 44 45 46 47 48 49 4a 4b 4c 4d 4e 4f 50 51 52 53 54 55 56 57 58 59 5a 5b 5c 5d 5e 5f 60 61 62 63 64 65 66 67 68 69 6a 6b 6c 6d 6e 6f 70 71 72 73 74 75 76 77 78 79 7a 7b 7c 7d 7e 7f 80 81 82 83 84 85 86 87 88 89 8a 8b 8c 8d 8e 8f 90 91 92 93 94 95 96 97 98 99 9a 9b 9c 9d 9e 9f a0 a1 a2 a3 a4 a5 a6 a7 a8 a9 aa ab ac ad ae af b0 b1 b2 b3 b4 b5 b6 b7 b8 b9 ba bb bc bd be bf c0 c1 c2 c3 c4 c5 c6 c7 c8 c9 ca cb cc cd ce cf d0 d1 d2 d3 d4 d5 d6 d7 d8 d9 da db dc dd de df e0 e1 e2 e3 e4 e5 e6 e7 e8 e9 ea eb ec ed ee ef f0 f1 f2 f3 f4 f5 f6 f7 f8 f9 fa fb fc fd fe ff 
 0  1  2 2e  4 b2 5c d9  8 97 b3 12 b8 7c 65 81 10 -- f9 -- b1 -- 24 61 a7 -- f8 -- ca 2a d5 9f 20 -- -- -- 25 4d -- 14 b5 22 -- -- 48 -- c2 -- 99 -- -- 33 27 -- -- 46 43 29 54 5f 7d -- e9 -- 40 -- -- -- -- -- -- -- 4a -- 9a -- -- -- 28 4f bd -- 44 -- --  e -- 3a 90 -- -- -- 53 -- -- -- e5 -- -- -- -- -- 66 -- 4e -- -- f3 -- -- 8c 49 86 -- 52 -- a8 e0 be ef fa 79 -- 62  5 -- -- -- 80 -- -- 38 -- -- -- -- -- -- -- e8 -- -- -- -- 94 -- -- -- e3 -- -- 8d -- e1 -- -- 50 1f 9e c7 ad -- -- -- 88 e4 -- 9b -- -- 1c -- -- -- 74 -- f7 -- -- -- -- -- -- 39 a6 72 -- -- -- -- -- -- 1d  7 -- -- -- -- -- -- -- -- -- -- cc -- -- -- 9c 70 -- -- -- -- 31 d7 -- -- -- -- cf -- 92 -- db -- -- -- a4 15 -- -- 87 59 17 eb ab 3e  9 a0 23 -- f2 -- -- -- c4 ff  a cd -- -- -- -- -- 11 

solutions so far:0 maxDepth:10 
iterations:36075538  skipped: 11 
Depth skipped: 
0 0 11 0 0 0 0 0 0 0 0 0 0 0 0 0 0 0 0 0 0 0 0 0 0 0 0 0 0 0 0 0 

running time: 4500 sec
 depth:6
 0  1  2  3  4  5  6  7  8  9  a  b  c  d  e  f 10 11 12 13 14 15 16 17 18 19 1a 1b 1c 1d 1e 1f 20 21 22 23 24 25 26 27 28 29 2a 2b 2c 2d 2e 2f 30 31 32 33 34 35 36 37 38 39 3a 3b 3c 3d 3e 3f 40 41 42 43 44 45 46 47 48 49 4a 4b 4c 4d 4e 4f 50 51 52 53 54 55 56 57 58 59 5a 5b 5c 5d 5e 5f 60 61 62 63 64 65 66 67 68 69 6a 6b 6c 6d 6e 6f 70 71 72 73 74 75 76 77 78 79 7a 7b 7c 7d 7e 7f 80 81 82 83 84 85 86 87 88 89 8a 8b 8c 8d 8e 8f 90 91 92 93 94 95 96 97 98 99 9a 9b 9c 9d 9e 9f a0 a1 a2 a3 a4 a5 a6 a7 a8 a9 aa ab ac ad ae af b0 b1 b2 b3 b4 b5 b6 b7 b8 b9 ba bb bc bd be bf c0 c1 c2 c3 c4 c5 c6 c7 c8 c9 ca cb cc cd ce cf d0 d1 d2 d3 d4 d5 d6 d7 d8 d9 da db dc dd de df e0 e1 e2 e3 e4 e5 e6 e7 e8 e9 ea eb ec ed ee ef f0 f1 f2 f3 f4 f5 f6 f7 f8 f9 fa fb fc fd fe ff 
 0  1  2 2e  4 ab 5c 5e  8 d4 81 c8 b8 26 bc -- 10 -- 7f -- d5 -- 47 ba a7 -- 4c -- af 3f -- 8a 20 -- -- -- fe cf -- 93 7d 31 -- -- 8e -- a3 -- 99 -- -- 33 98 -- -- -- 89 8f 7e -- -- -- c3 -- 40 -- -- -- -- -- -- -- 2b -- 49 -- -- -- f1 4f fa -- 62 -- --  e -- 3a cb -- -- -- 91 -- -- -- e5 -- -- -- -- -- 66 -- e7 -- -- -- -- -- -- -- c5 -- c9 -- fc e0 -- 32 -- 79 -- -- 51 -- -- -- 80 -- -- 38 -- -- -- -- -- -- -- e8 -- -- -- -- 56 -- -- -- 92 -- -- 46 -- 7a -- -- 35 e2 9e 5f 23 -- -- -- c4 71 -- 3d -- -- 1c -- -- -- 74 -- 41 -- -- -- -- -- -- 82 f5 d3 -- -- -- -- -- -- 1d  7 -- -- -- -- -- -- -- -- -- -- cc -- -- -- 19 70 -- -- -- -- -- d7 -- -- -- -- -- -- -- -- 5d -- -- -- 45 f4 -- -- 2f be 17 eb -- 13 64 6a -- -- f2 -- -- -- -- ac a2 8c -- -- -- -- -- f3 

solutions so far:0 maxDepth:10 
iterations:39676131  skipped: 11 
Depth skipped: 
0 0 11 0 0 0 0 0 0 0 0 0 0 0 0 0 0 0 0 0 0 0 0 0 0 0 0 0 0 0 0 0 

running time: 4800 sec
 depth:6
 0  1  2  3  4  5  6  7  8  9  a  b  c  d  e  f 10 11 12 13 14 15 16 17 18 19 1a 1b 1c 1d 1e 1f 20 21 22 23 24 25 26 27 28 29 2a 2b 2c 2d 2e 2f 30 31 32 33 34 35 36 37 38 39 3a 3b 3c 3d 3e 3f 40 41 42 43 44 45 46 47 48 49 4a 4b 4c 4d 4e 4f 50 51 52 53 54 55 56 57 58 59 5a 5b 5c 5d 5e 5f 60 61 62 63 64 65 66 67 68 69 6a 6b 6c 6d 6e 6f 70 71 72 73 74 75 76 77 78 79 7a 7b 7c 7d 7e 7f 80 81 82 83 84 85 86 87 88 89 8a 8b 8c 8d 8e 8f 90 91 92 93 94 95 96 97 98 99 9a 9b 9c 9d 9e 9f a0 a1 a2 a3 a4 a5 a6 a7 a8 a9 aa ab ac ad ae af b0 b1 b2 b3 b4 b5 b6 b7 b8 b9 ba bb bc bd be bf c0 c1 c2 c3 c4 c5 c6 c7 c8 c9 ca cb cc cd ce cf d0 d1 d2 d3 d4 d5 d6 d7 d8 d9 da db dc dd de df e0 e1 e2 e3 e4 e5 e6 e7 e8 e9 ea eb ec ed ee ef f0 f1 f2 f3 f4 f5 f6 f7 f8 f9 fa fb fc fd fe ff 
 0  1  2 2e  4 a3 5c f7  8 67 91 35 b8 45 39 -- 10 -- ce -- f5 -- 6a 7c a7 -- 8a -- 72 12 -- 69 20 -- -- -- 4b fc -- 1b 3d af -- -- d4 -- f8 -- 99 -- -- 33 c3 -- -- -- e4 42 24 -- -- -- d2 -- 40 -- -- -- -- -- -- -- 96 -- 2f -- -- -- 36 4f 7a -- 89 -- --  e -- 3a 7f -- -- -- 27 -- -- -- e5 -- -- -- -- -- 66 -- 51 -- -- -- -- -- -- -- 1f -- 84 -- 48 e0 -- 93 -- 79 -- -- 73 -- -- -- 80 -- -- 38 -- -- -- -- -- -- -- e8 -- -- -- -- fb -- -- -- 5e -- -- 3f -- ef -- -- 6c 8f 9e 5d f4 -- -- -- c5 ac -- 9c -- -- 1c -- -- -- 74 -- fe -- -- -- -- -- -- 2b 4e 56 -- -- -- -- -- -- 1d  7 -- -- -- -- -- -- -- -- -- -- cc -- -- -- a2 70 -- -- -- -- -- d7 -- -- -- -- -- -- -- -- 3e -- -- -- df  9 -- -- 90 ba 17 eb -- c9 f1 d8 -- -- f2 -- -- -- -- 21 e6 7e -- -- -- -- -- bc 

solutions so far:0 maxDepth:10 
iterations:43523667  skipped: 12 
Depth skipped: 
0 0 12 0 0 0 0 0 0 0 0 0 0 0 0 0 0 0 0 0 0 0 0 0 0 0 0 0 0 0 0 0 

running time: 5100 sec
 depth:7
 0  1  2  3  4  5  6  7  8  9  a  b  c  d  e  f 10 11 12 13 14 15 16 17 18 19 1a 1b 1c 1d 1e 1f 20 21 22 23 24 25 26 27 28 29 2a 2b 2c 2d 2e 2f 30 31 32 33 34 35 36 37 38 39 3a 3b 3c 3d 3e 3f 40 41 42 43 44 45 46 47 48 49 4a 4b 4c 4d 4e 4f 50 51 52 53 54 55 56 57 58 59 5a 5b 5c 5d 5e 5f 60 61 62 63 64 65 66 67 68 69 6a 6b 6c 6d 6e 6f 70 71 72 73 74 75 76 77 78 79 7a 7b 7c 7d 7e 7f 80 81 82 83 84 85 86 87 88 89 8a 8b 8c 8d 8e 8f 90 91 92 93 94 95 96 97 98 99 9a 9b 9c 9d 9e 9f a0 a1 a2 a3 a4 a5 a6 a7 a8 a9 aa ab ac ad ae af b0 b1 b2 b3 b4 b5 b6 b7 b8 b9 ba bb bc bd be bf c0 c1 c2 c3 c4 c5 c6 c7 c8 c9 ca cb cc cd ce cf d0 d1 d2 d3 d4 d5 d6 d7 d8 d9 da db dc dd de df e0 e1 e2 e3 e4 e5 e6 e7 e8 e9 ea eb ec ed ee ef f0 f1 f2 f3 f4 f5 f6 f7 f8 f9 fa fb fc fd fe ff 
 0  1  2 2e  4 9b 5c 12  8 bc e1 4b b8 e6 24 32 10 -- af -- 15 -- 96 72 a7 -- 1b -- 48 4e 64 3d 20 -- -- -- 89 65 -- 7e 2a db -- -- fb -- e4 -- 99 -- -- 33 36 -- -- cb 90 a3 9c 98 c8 -- 7a -- 40 -- -- -- -- -- -- -- c5 -- ca -- -- -- fc 4f 54 -- 61 -- --  e -- 3a 21 -- -- -- 1f -- -- -- e5 -- -- -- -- -- 66 -- 6c -- -- e2 -- -- 41 d3 f7 -- 91 -- ef e0 e7 67 47 79 -- 26 f4 -- -- -- 80 -- -- 38 -- -- -- -- -- -- -- e8 -- -- -- -- 5d -- -- -- 43 -- -- 87 -- f8 -- -- 2f d2 9e 53 a8 -- -- -- c2 69 -- 7c -- -- 1c -- -- -- 74 -- 42 -- -- -- -- -- -- 84 3e df -- -- -- -- -- -- 1d  7 -- -- -- -- -- -- -- -- -- -- cc -- -- -- d8 70 -- -- -- -- 13 d7 -- -- -- -- 82 -- 71 -- 39 -- -- -- f5 27 -- --  9 a6 17 eb 19 73 ce 5e 8e -- f2 -- -- -- 4c ba 3f d9 -- -- -- -- -- 86 

solutions so far:0 maxDepth:10 
iterations:46796791  skipped: 12 
Depth skipped: 
0 0 12 0 0 0 0 0 0 0 0 0 0 0 0 0 0 0 0 0 0 0 0 0 0 0 0 0 0 0 0 0 

running time: 5400 sec
 depth:6
 0  1  2  3  4  5  6  7  8  9  a  b  c  d  e  f 10 11 12 13 14 15 16 17 18 19 1a 1b 1c 1d 1e 1f 20 21 22 23 24 25 26 27 28 29 2a 2b 2c 2d 2e 2f 30 31 32 33 34 35 36 37 38 39 3a 3b 3c 3d 3e 3f 40 41 42 43 44 45 46 47 48 49 4a 4b 4c 4d 4e 4f 50 51 52 53 54 55 56 57 58 59 5a 5b 5c 5d 5e 5f 60 61 62 63 64 65 66 67 68 69 6a 6b 6c 6d 6e 6f 70 71 72 73 74 75 76 77 78 79 7a 7b 7c 7d 7e 7f 80 81 82 83 84 85 86 87 88 89 8a 8b 8c 8d 8e 8f 90 91 92 93 94 95 96 97 98 99 9a 9b 9c 9d 9e 9f a0 a1 a2 a3 a4 a5 a6 a7 a8 a9 aa ab ac ad ae af b0 b1 b2 b3 b4 b5 b6 b7 b8 b9 ba bb bc bd be bf c0 c1 c2 c3 c4 c5 c6 c7 c8 c9 ca cb cc cd ce cf d0 d1 d2 d3 d4 d5 d6 d7 d8 d9 da db dc dd de df e0 e1 e2 e3 e4 e5 e6 e7 e8 e9 ea eb ec ed ee ef f0 f1 f2 f3 f4 f5 f6 f7 f8 f9 fa fb fc fd fe ff 
 0  1  2 2e  4 92 5c fc  8 63 f3 72 b8  9 2f -- 10 -- c6 -- 31 -- e4 c5 a7 -- 12 -- 5e 7a -- 5a 20 -- -- -- 5b 81 -- 85 62 23 -- -- 1f -- 5d -- 99 -- -- 33 24 -- -- -- bc 95 f4 -- -- -- b4 -- 40 -- -- -- -- -- -- -- b6 -- d5 -- -- -- dd 4f c4 -- 46 -- --  e -- 3a 3e -- -- -- ba -- -- -- e5 -- -- -- -- -- 66 -- 48 -- -- -- -- -- -- -- af -- fd -- 3f e0 -- f7 -- 79 -- -- bf -- -- -- 80 -- -- 38 -- -- -- -- -- -- -- e8 -- -- -- -- bb -- -- -- 7d -- -- be -- f5 -- -- 6d 9c 9e cf 5f -- -- -- 8c 4e -- 91 -- -- 1c -- -- -- 74 -- 7c -- -- -- -- -- -- f8 a3 27 -- -- -- -- -- -- 1d  7 -- -- -- -- -- -- -- -- -- -- cc -- -- -- 90 70 -- -- -- -- -- d7 -- -- -- -- -- -- -- -- 89 -- -- -- 2d 3d -- -- 7e 49 17 eb -- ef 39 da -- -- f2 -- -- -- -- a1 a9 ab -- -- -- -- -- fa 

solutions so far:0 maxDepth:10 
iterations:50449863  skipped: 14 
Depth skipped: 
0 0 14 0 0 0 0 0 0 0 0 0 0 0 0 0 0 0 0 0 0 0 0 0 0 0 0 0 0 0 0 0 

running time: 5700 sec
 depth:6
 0  1  2  3  4  5  6  7  8  9  a  b  c  d  e  f 10 11 12 13 14 15 16 17 18 19 1a 1b 1c 1d 1e 1f 20 21 22 23 24 25 26 27 28 29 2a 2b 2c 2d 2e 2f 30 31 32 33 34 35 36 37 38 39 3a 3b 3c 3d 3e 3f 40 41 42 43 44 45 46 47 48 49 4a 4b 4c 4d 4e 4f 50 51 52 53 54 55 56 57 58 59 5a 5b 5c 5d 5e 5f 60 61 62 63 64 65 66 67 68 69 6a 6b 6c 6d 6e 6f 70 71 72 73 74 75 76 77 78 79 7a 7b 7c 7d 7e 7f 80 81 82 83 84 85 86 87 88 89 8a 8b 8c 8d 8e 8f 90 91 92 93 94 95 96 97 98 99 9a 9b 9c 9d 9e 9f a0 a1 a2 a3 a4 a5 a6 a7 a8 a9 aa ab ac ad ae af b0 b1 b2 b3 b4 b5 b6 b7 b8 b9 ba bb bc bd be bf c0 c1 c2 c3 c4 c5 c6 c7 c8 c9 ca cb cc cd ce cf d0 d1 d2 d3 d4 d5 d6 d7 d8 d9 da db dc dd de df e0 e1 e2 e3 e4 e5 e6 e7 e8 e9 ea eb ec ed ee ef f0 f1 f2 f3 f4 f5 f6 f7 f8 f9 fa fb fc fd fe ff 
 0  1  2 2e  4 8e 5c 35  8 ce cb 2a b8 61 6a -- 10 -- 4b -- 41 -- 54 56 a7 -- c2 -- d4 51 -- d2 20 -- -- -- 96 26 -- 36 82 19 -- -- a8 -- ac -- 99 -- -- 33 53 -- -- -- 7f 84 a2 -- -- -- 73 -- 40 -- -- -- -- -- -- -- fb -- 4c -- -- -- 6c 4f d3 -- 32 -- --  e -- 3a 87 -- -- -- 8f -- -- -- e5 -- -- -- -- -- 66 -- a6 -- -- -- -- -- -- -- fe -- df -- 93 e0 -- e1 -- 79 -- -- e6 -- -- -- 80 -- -- 38 -- -- -- -- -- -- -- e8 -- -- -- -- 21 -- -- -- 98 -- -- e2 -- 8a -- -- d8 86 9e c8 71 -- -- -- 64 43 -- 45 -- -- 1c -- -- -- 74 -- d9 -- -- -- -- -- -- 65 c9 ca -- -- -- -- -- -- 1d  7 -- -- -- -- -- -- -- -- -- -- cc -- -- -- 9b 70 -- -- -- -- -- d7 -- -- -- -- -- -- -- -- 2b -- -- -- 69 c3 -- -- f1 47 17 eb -- db 15 67 -- -- f2 -- -- -- -- 42 1b 13 -- -- -- -- -- e7 

solutions so far:0 maxDepth:10 
iterations:53946120  skipped: 14 
Depth skipped: 
0 0 14 0 0 0 0 0 0 0 0 0 0 0 0 0 0 0 0 0 0 0 0 0 0 0 0 0 0 0 0 0 

running time: 6000 sec
 depth:7
 0  1  2  3  4  5  6  7  8  9  a  b  c  d  e  f 10 11 12 13 14 15 16 17 18 19 1a 1b 1c 1d 1e 1f 20 21 22 23 24 25 26 27 28 29 2a 2b 2c 2d 2e 2f 30 31 32 33 34 35 36 37 38 39 3a 3b 3c 3d 3e 3f 40 41 42 43 44 45 46 47 48 49 4a 4b 4c 4d 4e 4f 50 51 52 53 54 55 56 57 58 59 5a 5b 5c 5d 5e 5f 60 61 62 63 64 65 66 67 68 69 6a 6b 6c 6d 6e 6f 70 71 72 73 74 75 76 77 78 79 7a 7b 7c 7d 7e 7f 80 81 82 83 84 85 86 87 88 89 8a 8b 8c 8d 8e 8f 90 91 92 93 94 95 96 97 98 99 9a 9b 9c 9d 9e 9f a0 a1 a2 a3 a4 a5 a6 a7 a8 a9 aa ab ac ad ae af b0 b1 b2 b3 b4 b5 b6 b7 b8 b9 ba bb bc bd be bf c0 c1 c2 c3 c4 c5 c6 c7 c8 c9 ca cb cc cd ce cf d0 d1 d2 d3 d4 d5 d6 d7 d8 d9 da db dc dd de df e0 e1 e2 e3 e4 e5 e6 e7 e8 e9 ea eb ec ed ee ef f0 f1 f2 f3 f4 f5 f6 f7 f8 f9 fa fb fc fd fe ff 
 0  1  2 2e  4 87 5c 26  8 2b d9 9d b8 16 4c 3d 10 -- 56 -- 65 -- ed 64 a7 -- 2c -- 98 d3 7a a2 20 -- -- -- ac c2 -- 6a ca e1 -- --  d -- c8 -- 99 -- -- 33 58 -- -- fc e7 8a 71 a3 f4 -- 93 -- 40 -- -- -- -- -- -- -- 8f -- 53 -- -- -- d4 4f 43 -- 15 -- --  e -- 3a 1a -- -- -- 47 -- -- -- e5 -- -- -- -- -- 66 -- b0 -- -- 89 -- -- 2f bc 19 -- c3 -- e2 e0 91 b9 3f 79 -- 5d f1 -- -- -- 80 -- -- 38 -- -- -- -- -- -- -- e8 -- -- -- -- c9 -- -- -- a6 -- -- db -- 41 -- -- 7f ee 9e 54 86 -- -- -- 2a 77 -- cb -- -- 1c -- -- -- 74 -- 34 -- -- -- -- -- -- 68 8e d0 -- -- -- -- -- -- 1d  7 -- -- -- -- -- -- -- -- -- -- cc -- -- -- b7 70 -- -- -- -- c5 d7 -- -- -- -- 5e -- af -- 32 -- -- -- 51 82 -- -- 13 a8 17 eb f5  b a5 fe 7e -- f2 -- -- -- ba 45 35 61 -- -- -- -- -- 9b 

solutions so far:0 maxDepth:10 
iterations:58118560  skipped: 14 
Depth skipped: 
0 0 14 0 0 0 0 0 0 0 0 0 0 0 0 0 0 0 0 0 0 0 0 0 0 0 0 0 0 0 0 0 

running time: 6300 sec
 depth:6
 0  1  2  3  4  5  6  7  8  9  a  b  c  d  e  f 10 11 12 13 14 15 16 17 18 19 1a 1b 1c 1d 1e 1f 20 21 22 23 24 25 26 27 28 29 2a 2b 2c 2d 2e 2f 30 31 32 33 34 35 36 37 38 39 3a 3b 3c 3d 3e 3f 40 41 42 43 44 45 46 47 48 49 4a 4b 4c 4d 4e 4f 50 51 52 53 54 55 56 57 58 59 5a 5b 5c 5d 5e 5f 60 61 62 63 64 65 66 67 68 69 6a 6b 6c 6d 6e 6f 70 71 72 73 74 75 76 77 78 79 7a 7b 7c 7d 7e 7f 80 81 82 83 84 85 86 87 88 89 8a 8b 8c 8d 8e 8f 90 91 92 93 94 95 96 97 98 99 9a 9b 9c 9d 9e 9f a0 a1 a2 a3 a4 a5 a6 a7 a8 a9 aa ab ac ad ae af b0 b1 b2 b3 b4 b5 b6 b7 b8 b9 ba bb bc bd be bf c0 c1 c2 c3 c4 c5 c6 c7 c8 c9 ca cb cc cd ce cf d0 d1 d2 d3 d4 d5 d6 d7 d8 d9 da db dc dd de df e0 e1 e2 e3 e4 e5 e6 e7 e8 e9 ea eb ec ed ee ef f0 f1 f2 f3 f4 f5 f6 f7 f8 f9 fa fb fc fd fe ff 
 0  1  2 2e  4 7f 5c 53  8  a fe da b8 5a a6 -- 10 -- 14 -- 2b -- 63 54 a7 -- b4 -- 9b 86 -- 94 20 -- -- -- 28 8a -- a4 56 93 -- -- c6 -- a8 -- 99 -- -- 33 bf -- -- -- e1 f9 db -- -- -- ff -- 40 -- -- -- -- -- -- -- 50 -- c3 -- -- -- 9f 4f ac -- f1 -- --  e -- 3a 5b -- -- -- 87 -- -- -- e5 -- -- -- -- -- 66 -- a9 -- -- -- -- -- -- -- 15 -- 25 -- 61 e0 -- dd -- 79 -- -- 29 -- -- -- 80 -- -- 38 -- -- -- -- -- -- -- e8 -- -- -- -- a0 -- -- -- 51 -- -- c9 -- ca -- -- e9 fd 9e 6a 8f -- -- -- 35 95 -- 65 -- -- 1c -- -- -- 74 -- b6 -- -- -- -- -- -- bb d9 a1 -- -- -- -- -- -- 1d  7 -- -- -- -- -- -- -- -- -- -- cc -- -- -- 85 70 -- -- -- -- -- d7 -- -- -- -- -- -- -- -- 2a -- -- -- 4a 43 -- -- c2 d4 17 eb -- 2d 6d  5 -- -- f2 -- -- -- -- 97 52 45 -- -- -- -- -- a2 

solutions so far:0 maxDepth:10 
iterations:61868499  skipped: 15 
Depth skipped: 
0 0 15 0 0 0 0 0 0 0 0 0 0 0 0 0 0 0 0 0 0 0 0 0 0 0 0 0 0 0 0 0 

running time: 6600 sec
 depth:7
 0  1  2  3  4  5  6  7  8  9  a  b  c  d  e  f 10 11 12 13 14 15 16 17 18 19 1a 1b 1c 1d 1e 1f 20 21 22 23 24 25 26 27 28 29 2a 2b 2c 2d 2e 2f 30 31 32 33 34 35 36 37 38 39 3a 3b 3c 3d 3e 3f 40 41 42 43 44 45 46 47 48 49 4a 4b 4c 4d 4e 4f 50 51 52 53 54 55 56 57 58 59 5a 5b 5c 5d 5e 5f 60 61 62 63 64 65 66 67 68 69 6a 6b 6c 6d 6e 6f 70 71 72 73 74 75 76 77 78 79 7a 7b 7c 7d 7e 7f 80 81 82 83 84 85 86 87 88 89 8a 8b 8c 8d 8e 8f 90 91 92 93 94 95 96 97 98 99 9a 9b 9c 9d 9e 9f a0 a1 a2 a3 a4 a5 a6 a7 a8 a9 aa ab ac ad ae af b0 b1 b2 b3 b4 b5 b6 b7 b8 b9 ba bb bc bd be bf c0 c1 c2 c3 c4 c5 c6 c7 c8 c9 ca cb cc cd ce cf d0 d1 d2 d3 d4 d5 d6 d7 d8 d9 da db dc dd de df e0 e1 e2 e3 e4 e5 e6 e7 e8 e9 ea eb ec ed ee ef f0 f1 f2 f3 f4 f5 f6 f7 f8 f9 fa fb fc fd fe ff 
 0  1  2 2e  4 77 5c 65  8 2f ee bf b8 bb ca 1f 10 -- 5e --  b -- a9 c2 a7 -- a1 -- 43 54 3e 91 20 -- -- -- bc b9 -- f4 16  d -- -- 85 -- 53 -- 99 -- -- 33 95 -- -- 4e 86 5d a8 39 7c -- f5 -- 40 -- -- -- -- -- -- -- af -- a5 -- -- -- 3f 4f 2c -- 1a -- --  e -- 3a dd -- -- -- a6 -- -- -- e5 -- -- -- -- -- 66 -- fd -- -- 24 -- -- 9c  9 db -- ba -- 87 e0 72 5a f8 79 -- 90 3d -- -- -- 80 -- -- 38 -- -- -- -- -- -- -- e8 -- -- -- -- 89 -- -- -- 9d -- -- b0 -- 15 -- -- 7e 5b 9e 68 58 -- -- -- 34 c6 -- e1 -- -- 1c -- -- -- 74 -- 6d -- -- -- -- -- -- da 9b 63 -- -- -- -- -- -- 1d  7 -- -- -- -- -- -- -- -- -- -- cc -- -- -- 2d 70 -- -- -- -- 48 d7 -- -- -- -- ef -- 12 -- 61 -- -- -- a3 2a -- -- d9 d0 17 eb e4 b6 b4 fc 27 -- f2 -- -- -- f7 c5 7a b7 -- -- -- -- -- ed 

solutions so far:0 maxDepth:10 
iterations:65804787  skipped: 16 
Depth skipped: 
0 0 16 0 0 0 0 0 0 0 0 0 0 0 0 0 0 0 0 0 0 0 0 0 0 0 0 0 0 0 0 0 

running time: 6900 sec
 depth:7
 0  1  2  3  4  5  6  7  8  9  a  b  c  d  e  f 10 11 12 13 14 15 16 17 18 19 1a 1b 1c 1d 1e 1f 20 21 22 23 24 25 26 27 28 29 2a 2b 2c 2d 2e 2f 30 31 32 33 34 35 36 37 38 39 3a 3b 3c 3d 3e 3f 40 41 42 43 44 45 46 47 48 49 4a 4b 4c 4d 4e 4f 50 51 52 53 54 55 56 57 58 59 5a 5b 5c 5d 5e 5f 60 61 62 63 64 65 66 67 68 69 6a 6b 6c 6d 6e 6f 70 71 72 73 74 75 76 77 78 79 7a 7b 7c 7d 7e 7f 80 81 82 83 84 85 86 87 88 89 8a 8b 8c 8d 8e 8f 90 91 92 93 94 95 96 97 98 99 9a 9b 9c 9d 9e 9f a0 a1 a2 a3 a4 a5 a6 a7 a8 a9 aa ab ac ad ae af b0 b1 b2 b3 b4 b5 b6 b7 b8 b9 ba bb bc bd be bf c0 c1 c2 c3 c4 c5 c6 c7 c8 c9 ca cb cc cd ce cf d0 d1 d2 d3 d4 d5 d6 d7 d8 d9 da db dc dd de df e0 e1 e2 e3 e4 e5 e6 e7 e8 e9 ea eb ec ed ee ef f0 f1 f2 f3 f4 f5 f6 f7 f8 f9 fa fb fc fd fe ff 
 0  1  2 2e  4 67 5c 7a  8 ec ce  d b8 58 f4  5 10 --  f -- 4b -- 1a 5e a7 -- b0 -- 3f a3  a 6f 20 -- -- -- 1e df -- 7b 96 e6 -- -- 34 -- bc -- 99 -- -- 33 b7 -- -- a0 7e 37 91 a4 14 -- de -- 40 -- -- -- -- -- -- -- 3c -- 69 -- -- -- f6 4f fb -- 1b -- --  e -- 3a 68 -- -- -- af -- -- -- e5 -- -- -- -- -- 66 -- b9 -- -- 94 -- -- 97 25 fc -- 6e -- f5 e0 9f 9d 28 79 -- 29 6b -- -- -- 80 -- -- 38 -- -- -- -- -- -- -- e8 -- -- -- -- 78 -- -- -- d2 -- -- 42 -- 5d -- -- 3b 16 9e 6c 21 -- -- -- 36  b -- c5 -- -- 1c -- -- -- 74 -- d0 -- -- -- -- -- -- 77 89 ee -- -- -- -- -- -- 1d  7 -- -- -- -- -- -- -- -- -- -- cc -- -- -- a5 70 -- -- -- -- ff d7 -- -- -- -- f9 -- 4a -- 2f -- -- -- dc ba -- -- 3d d8 17 eb e9 2c ed 76 50 -- f2 -- -- -- 52 f0 d6 84 -- -- -- -- -- 73 

solutions so far:0 maxDepth:10 
iterations:71142857  skipped: 19 
Depth skipped: 
0 0 19 0 0 0 0 0 0 0 0 0 0 0 0 0 0 0 0 0 0 0 0 0 0 0 0 0 0 0 0 0 

running time: 7200 sec
 depth:6
 0  1  2  3  4  5  6  7  8  9  a  b  c  d  e  f 10 11 12 13 14 15 16 17 18 19 1a 1b 1c 1d 1e 1f 20 21 22 23 24 25 26 27 28 29 2a 2b 2c 2d 2e 2f 30 31 32 33 34 35 36 37 38 39 3a 3b 3c 3d 3e 3f 40 41 42 43 44 45 46 47 48 49 4a 4b 4c 4d 4e 4f 50 51 52 53 54 55 56 57 58 59 5a 5b 5c 5d 5e 5f 60 61 62 63 64 65 66 67 68 69 6a 6b 6c 6d 6e 6f 70 71 72 73 74 75 76 77 78 79 7a 7b 7c 7d 7e 7f 80 81 82 83 84 85 86 87 88 89 8a 8b 8c 8d 8e 8f 90 91 92 93 94 95 96 97 98 99 9a 9b 9c 9d 9e 9f a0 a1 a2 a3 a4 a5 a6 a7 a8 a9 aa ab ac ad ae af b0 b1 b2 b3 b4 b5 b6 b7 b8 b9 ba bb bc bd be bf c0 c1 c2 c3 c4 c5 c6 c7 c8 c9 ca cb cc cd ce cf d0 d1 d2 d3 d4 d5 d6 d7 d8 d9 da db dc dd de df e0 e1 e2 e3 e4 e5 e6 e7 e8 e9 ea eb ec ed ee ef f0 f1 f2 f3 f4 f5 f6 f7 f8 f9 fa fb fc fd fe ff 
 0  1  2 2e  4 59 5c 53  8 be b2 dc b8  f a6 -- 10 -- ab -- b3 -- 6f 54 a7 -- 1e -- 9b 86 -- cf 20 -- -- -- 81 cd -- 31 b1 11 -- -- de -- a8 -- 99 -- -- 33 3c -- -- -- e1 23 db -- -- -- 49 -- 40 -- -- -- -- -- -- -- d5 -- 4d -- -- -- 62 4f b5 -- 22 -- --  e -- 3a 6b -- -- -- 87 -- -- -- e5 -- -- -- -- -- 66 -- 78 -- -- -- -- -- -- -- 15 -- 46 -- 61 e0 -- 37 -- 79 -- -- 92 -- -- -- 80 -- -- 38 -- -- -- -- -- -- -- e8 -- -- -- -- 7d -- -- -- 9a -- -- ad -- ca -- -- c4 76 9e 88 bd -- -- -- 44 3b -- 65 -- -- 1c -- -- -- 74 -- d6 -- -- -- -- -- -- 7b d9 f6 -- -- -- -- -- -- 1d  7 -- -- -- -- -- -- -- -- -- -- cc -- -- -- f0 70 -- -- -- -- -- d7 -- -- -- -- -- -- -- -- 2a -- -- -- 8c 43 -- -- c2 c7 17 eb -- ec 6e 5f -- -- f2 -- -- -- -- fa f3 8d -- -- -- -- -- e3 

solutions so far:0 maxDepth:10 
iterations:76691613  skipped: 21 
Depth skipped: 
0 0 21 0 0 0 0 0 0 0 0 0 0 0 0 0 0 0 0 0 0 0 0 0 0 0 0 0 0 0 0 0 

running time: 7500 sec
 depth:6
 0  1  2  3  4  5  6  7  8  9  a  b  c  d  e  f 10 11 12 13 14 15 16 17 18 19 1a 1b 1c 1d 1e 1f 20 21 22 23 24 25 26 27 28 29 2a 2b 2c 2d 2e 2f 30 31 32 33 34 35 36 37 38 39 3a 3b 3c 3d 3e 3f 40 41 42 43 44 45 46 47 48 49 4a 4b 4c 4d 4e 4f 50 51 52 53 54 55 56 57 58 59 5a 5b 5c 5d 5e 5f 60 61 62 63 64 65 66 67 68 69 6a 6b 6c 6d 6e 6f 70 71 72 73 74 75 76 77 78 79 7a 7b 7c 7d 7e 7f 80 81 82 83 84 85 86 87 88 89 8a 8b 8c 8d 8e 8f 90 91 92 93 94 95 96 97 98 99 9a 9b 9c 9d 9e 9f a0 a1 a2 a3 a4 a5 a6 a7 a8 a9 aa ab ac ad ae af b0 b1 b2 b3 b4 b5 b6 b7 b8 b9 ba bb bc bd be bf c0 c1 c2 c3 c4 c5 c6 c7 c8 c9 ca cb cc cd ce cf d0 d1 d2 d3 d4 d5 d6 d7 d8 d9 da db dc dd de df e0 e1 e2 e3 e4 e5 e6 e7 e8 e9 ea eb ec ed ee ef f0 f1 f2 f3 f4 f5 f6 f7 f8 f9 fa fb fc fd fe ff 
 0  1  2 2e  4 4d 5c ac  8 62 9a ff b8 50 8f -- 10 -- c4 -- e3 -- 29 51 a7 -- a0 -- c9 7f -- 23 20 -- -- -- 5f 59 -- 49 11 b5 -- -- 52 -- a2 -- 99 -- -- 33 97 -- -- -- 45 d5 fe -- -- -- 46 -- 40 -- -- -- -- -- -- -- be -- b2 -- -- -- 92 4f 22 -- bd -- --  e -- 3a a4 -- -- -- 93 -- -- -- e5 -- -- -- -- -- 66 -- f9 -- -- -- -- -- -- -- 8a -- 7d -- 2b e0 -- 4a -- 79 -- -- 8c -- -- -- 80 -- -- 38 -- -- -- -- -- -- -- e8 -- -- -- -- ab -- -- -- b3 -- -- 88 -- 6a -- -- f3 14 9e 8d 44 -- -- -- ad  a -- 35 -- -- 1c -- -- -- 74 -- 9f -- -- -- -- -- -- e9 f1  5 -- -- -- -- -- -- 1d  7 -- -- -- -- -- -- -- -- -- -- cc -- -- -- 25 70 -- -- -- -- -- d7 -- -- -- -- -- -- -- -- c3 -- -- -- fa d4 -- -- 56 cd 17 eb -- 28 94 31 -- -- f2 -- -- -- -- 81 cf c7 -- -- -- -- -- b1 

solutions so far:0 maxDepth:10 
iterations:81294292  skipped: 22 
Depth skipped: 
0 0 22 0 0 0 0 0 0 0 0 0 0 0 0 0 0 0 0 0 0 0 0 0 0 0 0 0 0 0 0 0 

running time: 7800 sec
 depth:7
 0  1  2  3  4  5  6  7  8  9  a  b  c  d  e  f 10 11 12 13 14 15 16 17 18 19 1a 1b 1c 1d 1e 1f 20 21 22 23 24 25 26 27 28 29 2a 2b 2c 2d 2e 2f 30 31 32 33 34 35 36 37 38 39 3a 3b 3c 3d 3e 3f 40 41 42 43 44 45 46 47 48 49 4a 4b 4c 4d 4e 4f 50 51 52 53 54 55 56 57 58 59 5a 5b 5c 5d 5e 5f 60 61 62 63 64 65 66 67 68 69 6a 6b 6c 6d 6e 6f 70 71 72 73 74 75 76 77 78 79 7a 7b 7c 7d 7e 7f 80 81 82 83 84 85 86 87 88 89 8a 8b 8c 8d 8e 8f 90 91 92 93 94 95 96 97 98 99 9a 9b 9c 9d 9e 9f a0 a1 a2 a3 a4 a5 a6 a7 a8 a9 aa ab ac ad ae af b0 b1 b2 b3 b4 b5 b6 b7 b8 b9 ba bb bc bd be bf c0 c1 c2 c3 c4 c5 c6 c7 c8 c9 ca cb cc cd ce cf d0 d1 d2 d3 d4 d5 d6 d7 d8 d9 da db dc dd de df e0 e1 e2 e3 e4 e5 e6 e7 e8 e9 ea eb ec ed ee ef f0 f1 f2 f3 f4 f5 f6 f7 f8 f9 fa fb fc fd fe ff 
 0  1  2 2e  4 45 5c ec  8 91 8a e7 b8 d3  f a6 10 -- f5 -- c3 -- 19 37 a7 -- 71 -- 1e 7b 9b 5e 20 -- -- -- 3d 6a -- c5 51 2b -- -- 32 -- 6e -- 99 -- -- 33 e2 -- -- 54 3c 7e f6 61 e1 -- bc -- 40 -- -- -- -- -- -- -- 7a -- d4 -- -- -- 5d 4f a2 -- 56 -- --  e -- 3a 64 -- -- -- dc -- -- -- e5 -- -- -- -- -- 66 -- 13 -- -- ca -- -- a8 d9 78 -- fc -- 3b e0 c2 4c 15 79 -- 86 af -- -- -- 80 -- -- 38 -- -- -- -- -- -- -- e8 -- -- -- -- f4 -- -- -- 7f -- -- f1 -- 6b -- -- ba 41 9e 8f 93 -- -- -- ac cb -- de -- -- 1c -- -- -- 74 -- c8 -- -- -- -- -- -- 47 6f 8e -- -- -- -- -- -- 1d  7 -- -- -- -- -- -- -- -- -- -- cc -- -- -- 26 70 -- -- -- -- 43 d7 -- -- -- -- 87 -- 65 -- f0 -- -- -- 2f d6 -- -- 76 c9 17 eb 53 82 98 a3 2a -- f2 -- -- -- db 3f 89 35 -- -- -- -- -- fe 

solutions so far:0 maxDepth:10 
iterations:85905073  skipped: 23 
Depth skipped: 
0 0 23 0 0 0 0 0 0 0 0 0 0 0 0 0 0 0 0 0 0 0 0 0 0 0 0 0 0 0 0 0 

running time: 8100 sec
 depth:7
 0  1  2  3  4  5  6  7  8  9  a  b  c  d  e  f 10 11 12 13 14 15 16 17 18 19 1a 1b 1c 1d 1e 1f 20 21 22 23 24 25 26 27 28 29 2a 2b 2c 2d 2e 2f 30 31 32 33 34 35 36 37 38 39 3a 3b 3c 3d 3e 3f 40 41 42 43 44 45 46 47 48 49 4a 4b 4c 4d 4e 4f 50 51 52 53 54 55 56 57 58 59 5a 5b 5c 5d 5e 5f 60 61 62 63 64 65 66 67 68 69 6a 6b 6c 6d 6e 6f 70 71 72 73 74 75 76 77 78 79 7a 7b 7c 7d 7e 7f 80 81 82 83 84 85 86 87 88 89 8a 8b 8c 8d 8e 8f 90 91 92 93 94 95 96 97 98 99 9a 9b 9c 9d 9e 9f a0 a1 a2 a3 a4 a5 a6 a7 a8 a9 aa ab ac ad ae af b0 b1 b2 b3 b4 b5 b6 b7 b8 b9 ba bb bc bd be bf c0 c1 c2 c3 c4 c5 c6 c7 c8 c9 ca cb cc cd ce cf d0 d1 d2 d3 d4 d5 d6 d7 d8 d9 da db dc dd de df e0 e1 e2 e3 e4 e5 e6 e7 e8 e9 ea eb ec ed ee ef f0 f1 f2 f3 f4 f5 f6 f7 f8 f9 fa fb fc fd fe ff 
 0  1  2 2e  4 37 5c 9d  8 65 6e 95 b8 da ed e7 10 -- ca -- dc -- fd d0 a7 -- 63 --  d b0 19 9b 20 -- -- -- 43 f6 -- 54 6f  f -- -- 2d -- 77 -- 99 -- -- 33 c6 -- -- 47 1a c2 b7 26 32 -- e1 -- 40 -- -- -- -- -- -- -- 86 -- 3b -- -- -- a8 4f de -- 1e -- --  e -- 3a 5a -- -- -- ee -- -- -- e5 -- -- -- -- -- 66 -- 5b -- -- d3 -- -- 8e 41 34 -- 53 -- b9 e0 4c bb 64 79 -- e2 15 -- -- -- 80 -- -- 38 -- -- -- -- -- -- -- e8 -- -- -- -- db -- -- -- 76 -- -- d6 -- 2c -- -- 87 dd 9e 78 6b -- -- -- 3c 85 -- 16 -- -- 1c -- -- -- 74 -- b4 -- -- -- -- -- -- bf  b a9 -- -- -- -- -- -- 1d  7 -- -- -- -- -- -- -- -- -- -- cc -- -- -- b6 70 -- -- -- -- 71 d7 -- -- -- -- cb -- 82 -- 68 -- -- -- a6 58 -- -- a5 f0 17 eb 98 6d a1 d9 c8 -- f2 -- -- -- 13 61 2a 7b -- -- -- -- -- ec 

solutions so far:0 maxDepth:10 
iterations:91009699  skipped: 26 
Depth skipped: 
0 0 26 0 0 0 0 0 0 0 0 0 0 0 0 0 0 0 0 0 0 0 0 0 0 0 0 0 0 0 0 0 

running time: 8400 sec
 depth:7
 0  1  2  3  4  5  6  7  8  9  a  b  c  d  e  f 10 11 12 13 14 15 16 17 18 19 1a 1b 1c 1d 1e 1f 20 21 22 23 24 25 26 27 28 29 2a 2b 2c 2d 2e 2f 30 31 32 33 34 35 36 37 38 39 3a 3b 3c 3d 3e 3f 40 41 42 43 44 45 46 47 48 49 4a 4b 4c 4d 4e 4f 50 51 52 53 54 55 56 57 58 59 5a 5b 5c 5d 5e 5f 60 61 62 63 64 65 66 67 68 69 6a 6b 6c 6d 6e 6f 70 71 72 73 74 75 76 77 78 79 7a 7b 7c 7d 7e 7f 80 81 82 83 84 85 86 87 88 89 8a 8b 8c 8d 8e 8f 90 91 92 93 94 95 96 97 98 99 9a 9b 9c 9d 9e 9f a0 a1 a2 a3 a4 a5 a6 a7 a8 a9 aa ab ac ad ae af b0 b1 b2 b3 b4 b5 b6 b7 b8 b9 ba bb bc bd be bf c0 c1 c2 c3 c4 c5 c6 c7 c8 c9 ca cb cc cd ce cf d0 d1 d2 d3 d4 d5 d6 d7 d8 d9 da db dc dd de df e0 e1 e2 e3 e4 e5 e6 e7 e8 e9 ea eb ec ed ee ef f0 f1 f2 f3 f4 f5 f6 f7 f8 f9 fa fb fc fd fe ff 
 0  1  2 2e  4 2b 5c 27  8 63 56 de b8 3c 4e ce 10 -- c6 -- ac -- 6b 24 a7 -- 78 -- 9c 1f 4b 5a 20 -- -- -- 5b 51 -- 85 8f 35 -- -- d6 -- 48 -- 99 -- -- 33 f0 -- -- 42 ef 95 3e 6c 96 -- b4 -- 40 -- -- -- -- -- -- -- b6 -- a2 -- -- -- dd 4f c9 -- 6a -- --  e -- 3a 7b -- -- -- 90 -- -- -- e5 -- -- -- -- -- 66 -- 37 -- -- 73 -- -- 84 69  9 -- fd -- 7c e0 d8 dc fb 79 -- 1b bf -- -- -- 80 -- -- 38 -- -- -- -- -- -- -- e8 -- -- -- -- bb -- -- -- 93 -- -- 8a -- 72 -- -- 6d  f 9e 7f 45 -- -- -- d4 ec -- 39 -- -- 1c -- -- -- 74 -- f6 -- -- -- -- -- -- 3b f7 76 -- -- -- -- -- -- 1d  7 -- -- -- -- -- -- -- -- -- -- cc -- -- -- 6e 70 -- -- -- -- e6 d7 -- -- -- -- df -- d2 -- 12 -- -- -- 2d e4 -- -- f8 fe 17 eb 67 1e 6f da 21 -- f2 -- -- -- 36 a1 a9 c3 -- -- -- -- -- f1 

solutions so far:0 maxDepth:10 
iterations:96328937  skipped: 29 
Depth skipped: 
0 0 29 0 0 0 0 0 0 0 0 0 0 0 0 0 0 0 0 0 0 0 0 0 0 0 0 0 0 0 0 0 

running time: 8700 sec
 depth:7
 0  1  2  3  4  5  6  7  8  9  a  b  c  d  e  f 10 11 12 13 14 15 16 17 18 19 1a 1b 1c 1d 1e 1f 20 21 22 23 24 25 26 27 28 29 2a 2b 2c 2d 2e 2f 30 31 32 33 34 35 36 37 38 39 3a 3b 3c 3d 3e 3f 40 41 42 43 44 45 46 47 48 49 4a 4b 4c 4d 4e 4f 50 51 52 53 54 55 56 57 58 59 5a 5b 5c 5d 5e 5f 60 61 62 63 64 65 66 67 68 69 6a 6b 6c 6d 6e 6f 70 71 72 73 74 75 76 77 78 79 7a 7b 7c 7d 7e 7f 80 81 82 83 84 85 86 87 88 89 8a 8b 8c 8d 8e 8f 90 91 92 93 94 95 96 97 98 99 9a 9b 9c 9d 9e 9f a0 a1 a2 a3 a4 a5 a6 a7 a8 a9 aa ab ac ad ae af b0 b1 b2 b3 b4 b5 b6 b7 b8 b9 ba bb bc bd be bf c0 c1 c2 c3 c4 c5 c6 c7 c8 c9 ca cb cc cd ce cf d0 d1 d2 d3 d4 d5 d6 d7 d8 d9 da db dc dd de df e0 e1 e2 e3 e4 e5 e6 e7 e8 e9 ea eb ec ed ee ef f0 f1 f2 f3 f4 f5 f6 f7 f8 f9 fa fb fc fd fe ff 
 0  1  2 2e  4 1a 5c 60  8 f6 34 a4 b8 f9 c0 24 10 -- 3b -- 68 -- 9f 55 a7 -- 25 -- 57  6 48 37 20 -- -- -- 76 2c -- de d0 b9 -- -- e9 -- aa -- 99 -- -- 33 4a -- -- 72 ae 3c  c ef 90 -- 6e -- 40 -- -- -- -- -- -- -- ec -- 58 -- -- -- 6b 4f 77 -- a5 -- --  e -- 3a  5 -- -- -- 83 -- -- -- e5 -- -- -- -- -- 66 -- 94 -- -- f8 -- -- e4 3e 8b -- 78 -- 18 e0  9 29 f7 79 -- 4e dc -- -- -- 80 -- -- 38 -- -- -- -- -- -- -- e8 -- -- -- --  f -- -- -- b0 -- --  b -- ea -- -- d6 a0 9e ed ee -- -- -- 9d 50 -- 75 -- -- 1c -- -- -- 74 --  a -- -- -- -- -- -- 14 d1 28 -- -- -- -- -- -- 1d  7 -- -- -- -- -- -- -- -- -- -- cc -- -- -- ff 70 -- -- -- -- 27 d7 -- -- -- -- 1f -- 7c -- c1 -- -- -- f0  3 -- -- 30  d 17 eb 12 97 52 7b 39 -- f2 -- -- -- 9c 1e 6f 16 -- -- -- -- -- b7 

solutions so far:0 maxDepth:10 
iterations:101855834  skipped: 30 
Depth skipped: 
0 0 30 0 0 0 0 0 0 0 0 0 0 0 0 0 0 0 0 0 0 0 0 0 0 0 0 0 0 0 0 0 

running time: 9000 sec
 depth:7
 0  1  2  3  4  5  6  7  8  9  a  b  c  d  e  f 10 11 12 13 14 15 16 17 18 19 1a 1b 1c 1d 1e 1f 20 21 22 23 24 25 26 27 28 29 2a 2b 2c 2d 2e 2f 30 31 32 33 34 35 36 37 38 39 3a 3b 3c 3d 3e 3f 40 41 42 43 44 45 46 47 48 49 4a 4b 4c 4d 4e 4f 50 51 52 53 54 55 56 57 58 59 5a 5b 5c 5d 5e 5f 60 61 62 63 64 65 66 67 68 69 6a 6b 6c 6d 6e 6f 70 71 72 73 74 75 76 77 78 79 7a 7b 7c 7d 7e 7f 80 81 82 83 84 85 86 87 88 89 8a 8b 8c 8d 8e 8f 90 91 92 93 94 95 96 97 98 99 9a 9b 9c 9d 9e 9f a0 a1 a2 a3 a4 a5 a6 a7 a8 a9 aa ab ac ad ae af b0 b1 b2 b3 b4 b5 b6 b7 b8 b9 ba bb bc bd be bf c0 c1 c2 c3 c4 c5 c6 c7 c8 c9 ca cb cc cd ce cf d0 d1 d2 d3 d4 d5 d6 d7 d8 d9 da db dc dd de df e0 e1 e2 e3 e4 e5 e6 e7 e8 e9 ea eb ec ed ee ef f0 f1 f2 f3 f4 f5 f6 f7 f8 f9 fa fb fc fd fe ff 
 0  1  2 2e  4  d 5c 93  8 69 1a 28 b8 52 f1 a6 10 -- d2 -- 34 -- 50 fe a7 -- a4 -- 35 8a 9b ce 20 -- -- -- 73 16 -- 21 68 b7 -- -- a0 -- 2b -- 99 -- -- 33 9f -- -- 54 6a 6c c3 61 e1 -- 4b -- 40 -- -- -- -- -- -- -- e6 -- 2c -- -- -- 42 4f d0 -- b9 -- --  e -- 3a 97 -- -- -- 56 -- -- -- e5 -- -- -- -- -- 66 -- e9 -- -- ca -- -- a8 d9 d4 -- d8 -- 51 e0 c2  a 15 79 -- 86 96 -- -- -- 80 -- -- 38 -- -- -- -- -- -- -- e8 -- -- -- -- 1b -- -- -- 58 -- -- ee -- c9 -- -- 84 ff 9e 9d 77 -- -- -- a5 94 -- 8f -- -- 1c -- -- -- 74 -- f9 -- -- -- -- -- -- 25 ac 4a -- -- -- -- -- -- 1d  7 -- -- -- -- -- -- -- -- -- -- cc -- -- --  5 70 -- -- -- -- 43 d7 -- -- -- -- 87 -- 65 -- 7f -- -- -- 67 45 -- -- a2 ed 17 eb 53 29 14 df 2a -- f2 -- -- -- db 36 fb  b -- -- -- -- -- b0 

solutions so far:0 maxDepth:10 
iterations:107363332  skipped: 31 
Depth skipped: 
0 0 31 0 0 0 0 0 0 0 0 0 0 0 0 0 0 0 0 0 0 0 0 0 0 0 0 0 0 0 0 0 

running time: 9300 sec

Finished. Total running time: 9530 sec
