Search S-boxes invariant for matrix: 
{0x00,0x02,0x04,0x06,0x08,0x0a,0x0c,0x0e,0x10,0x12,0x14,0x16,0x18,0x1a,0x1c,0x1e,0x20,0x22,0x24,0x26,0x28,0x2a,0x2c,0x2e,0x30,0x32,0x34,0x36,0x38,0x3a,0x3c,0x3e,0x40,0x42,0x44,0x46,0x48,0x4a,0x4c,0x4e,0x50,0x52,0x54,0x56,0x58,0x5a,0x5c,0x5e,0x60,0x62,0x64,0x66,0x68,0x6a,0x6c,0x6e,0x70,0x72,0x74,0x76,0x78,0x7a,0x7c,0x7e,0x80,0x82,0x84,0x86,0x88,0x8a,0x8c,0x8e,0x90,0x92,0x94,0x96,0x98,0x9a,0x9c,0x9e,0xa0,0xa2,0xa4,0xa6,0xa8,0xaa,0xac,0xae,0xb0,0xb2,0xb4,0xb6,0xb8,0xba,0xbc,0xbe,0xc0,0xc2,0xc4,0xc6,0xc8,0xca,0xcc,0xce,0xd0,0xd2,0xd4,0xd6,0xd8,0xda,0xdc,0xde,0xe0,0xe2,0xe4,0xe6,0xe8,0xea,0xec,0xee,0xf0,0xf2,0xf4,0xf6,0xf8,0xfa,0xfc,0xfe,0xd7,0xd5,0xd3,0xd1,0xdf,0xdd,0xdb,0xd9,0xc7,0xc5,0xc3,0xc1,0xcf,0xcd,0xcb,0xc9,0xf7,0xf5,0xf3,0xf1,0xff,0xfd,0xfb,0xf9,0xe7,0xe5,0xe3,0xe1,0xef,0xed,0xeb,0xe9,0x97,0x95,0x93,0x91,0x9f,0x9d,0x9b,0x99,0x87,0x85,0x83,0x81,0x8f,0x8d,0x8b,0x89,0xb7,0xb5,0xb3,0xb1,0xbf,0xbd,0xbb,0xb9,0xa7,0xa5,0xa3,0xa1,0xaf,0xad,0xab,0xa9,0x57,0x55,0x53,0x51,0x5f,0x5d,0x5b,0x59,0x47,0x45,0x43,0x41,0x4f,0x4d,0x4b,0x49,0x77,0x75,0x73,0x71,0x7f,0x7d,0x7b,0x79,0x67,0x65,0x63,0x61,0x6f,0x6d,0x6b,0x69,0x17,0x15,0x13,0x11,0x1f,0x1d,0x1b,0x19,0x07,0x05,0x03,0x01,0x0f,0x0d,0x0b,0x09,0x37,0x35,0x33,0x31,0x3f,0x3d,0x3b,0x39,0x27,0x25,0x23,0x21,0x2f,0x2d,0x2b,0x29};



 depth:5
 0  1  2  3  4  5  6  7  8  9  a  b  c  d  e  f 10 11 12 13 14 15 16 17 18 19 1a 1b 1c 1d 1e 1f 20 21 22 23 24 25 26 27 28 29 2a 2b 2c 2d 2e 2f 30 31 32 33 34 35 36 37 38 39 3a 3b 3c 3d 3e 3f 40 41 42 43 44 45 46 47 48 49 4a 4b 4c 4d 4e 4f 50 51 52 53 54 55 56 57 58 59 5a 5b 5c 5d 5e 5f 60 61 62 63 64 65 66 67 68 69 6a 6b 6c 6d 6e 6f 70 71 72 73 74 75 76 77 78 79 7a 7b 7c 7d 7e 7f 80 81 82 83 84 85 86 87 88 89 8a 8b 8c 8d 8e 8f 90 91 92 93 94 95 96 97 98 99 9a 9b 9c 9d 9e 9f a0 a1 a2 a3 a4 a5 a6 a7 a8 a9 aa ab ac ad ae af b0 b1 b2 b3 b4 b5 b6 b7 b8 b9 ba bb bc bd be bf c0 c1 c2 c3 c4 c5 c6 c7 c8 c9 ca cb cc cd ce cf d0 d1 d2 d3 d4 d5 d6 d7 d8 d9 da db dc dd de df e0 e1 e2 e3 e4 e5 e6 e7 e8 e9 ea eb ec ed ee ef f0 f1 f2 f3 f4 f5 f6 f7 f8 f9 fa fb fc fd fe ff 
 0  1  2 30  4 f8 60 f9  8 f1 27 -- c0 -- 25 -- 10 -- 35 -- 4e -- -- 52 57 -- -- -- 4a 28 -- 8f 20 -- -- -- 6a 48 -- c3 9c 72 -- -- -- -- a4 -- ae -- -- 33 -- -- -- -- 94 2b 50 -- -- -- c9 -- 40 -- -- -- -- -- -- -- d4 -- 90 -- -- -- 51 4f ef -- e4 -- -- 75 -- 55 -- -- -- -- 9f -- -- -- 8b -- -- -- -- -- 66 -- -- -- -- -- -- -- -- -- ff -- 56 -- a0  c -- -- -- 79 -- -- 45 -- -- -- 80 -- --  3 -- -- -- -- -- -- -- 83 -- -- -- -- 7f -- -- -- f7 -- -- 12 --  a -- -- a2 -- 9e 3e  9 -- -- -- 1f -- --  5 -- -- ea -- -- -- aa -- -- -- -- -- -- -- -- -- e9 -- -- -- -- -- -- -- c1 d1 -- -- -- -- -- -- -- -- -- -- cc -- -- -- --  6 -- -- -- -- -- d7 -- -- -- -- -- -- -- -- 29 -- -- -- ac 14 -- -- 97 7c 18 eb -- -- -- 93 -- -- f2 -- -- -- -- fe 8a 24 -- -- -- -- -- 39 

solutions so far:0 maxDepth:9 
iterations:2004874  skipped: 2 
Depth skipped: 
0 0 2 0 0 0 0 0 0 0 0 0 0 0 0 0 0 0 0 0 0 0 0 0 0 0 0 0 0 0 0 0 

running time: 300 sec
 depth:7
 0  1  2  3  4  5  6  7  8  9  a  b  c  d  e  f 10 11 12 13 14 15 16 17 18 19 1a 1b 1c 1d 1e 1f 20 21 22 23 24 25 26 27 28 29 2a 2b 2c 2d 2e 2f 30 31 32 33 34 35 36 37 38 39 3a 3b 3c 3d 3e 3f 40 41 42 43 44 45 46 47 48 49 4a 4b 4c 4d 4e 4f 50 51 52 53 54 55 56 57 58 59 5a 5b 5c 5d 5e 5f 60 61 62 63 64 65 66 67 68 69 6a 6b 6c 6d 6e 6f 70 71 72 73 74 75 76 77 78 79 7a 7b 7c 7d 7e 7f 80 81 82 83 84 85 86 87 88 89 8a 8b 8c 8d 8e 8f 90 91 92 93 94 95 96 97 98 99 9a 9b 9c 9d 9e 9f a0 a1 a2 a3 a4 a5 a6 a7 a8 a9 aa ab ac ad ae af b0 b1 b2 b3 b4 b5 b6 b7 b8 b9 ba bb bc bd be bf c0 c1 c2 c3 c4 c5 c6 c7 c8 c9 ca cb cc cd ce cf d0 d1 d2 d3 d4 d5 d6 d7 d8 d9 da db dc dd de df e0 e1 e2 e3 e4 e5 e6 e7 e8 e9 ea eb ec ed ee ef f0 f1 f2 f3 f4 f5 f6 f7 f8 f9 fa fb fc fd fe ff 
 0  1  2 30  4 f5 60 19  8 63 3d e5 c0 e0 32 a2 10 -- c6 -- 7a -- 1d cb 57 -- 17 -- 64 26 93 5a 20 -- -- -- 5b 5e -- 85 f4 c5 -- -- 3a -- 41 -- ae -- -- 33 2e -- -- d4 c8 95 4c 8a f1 -- b4 -- 40 -- -- -- -- -- -- -- b6 -- bc -- -- -- dd 4f 3f -- 5d -- -- 75 -- 55 74 -- -- -- 82 -- -- -- 8b -- -- -- -- -- 66 -- 5c -- -- ac -- -- 7f 2b 47 -- fd -- 98  c c3 a7 35 79 -- c9 bf -- -- -- 80 -- --  3 -- -- -- -- -- -- -- 83 -- -- -- -- bb -- -- -- af -- -- fc -- e2 -- -- 6d 38 9e a3 7e -- -- -- ba 1c -- 71 -- -- ea -- -- -- aa -- e8 -- -- -- -- -- --  7 d3  e -- -- -- -- -- -- c1 d1 -- -- -- -- -- -- -- -- -- -- cc -- -- -- b8  6 -- -- -- -- 8f d7 -- -- -- -- fe -- 56 -- 8e -- -- -- 2d 13 -- -- e7 91 18 eb 51 70 99 da 6a -- f2 -- -- -- 45 a1 a9 2f -- -- -- -- -- 89 

solutions so far:0 maxDepth:9 
iterations:4130902  skipped: 2 
Depth skipped: 
0 0 2 0 0 0 0 0 0 0 0 0 0 0 0 0 0 0 0 0 0 0 0 0 0 0 0 0 0 0 0 0 

running time: 600 sec
 depth:8
 0  1  2  3  4  5  6  7  8  9  a  b  c  d  e  f 10 11 12 13 14 15 16 17 18 19 1a 1b 1c 1d 1e 1f 20 21 22 23 24 25 26 27 28 29 2a 2b 2c 2d 2e 2f 30 31 32 33 34 35 36 37 38 39 3a 3b 3c 3d 3e 3f 40 41 42 43 44 45 46 47 48 49 4a 4b 4c 4d 4e 4f 50 51 52 53 54 55 56 57 58 59 5a 5b 5c 5d 5e 5f 60 61 62 63 64 65 66 67 68 69 6a 6b 6c 6d 6e 6f 70 71 72 73 74 75 76 77 78 79 7a 7b 7c 7d 7e 7f 80 81 82 83 84 85 86 87 88 89 8a 8b 8c 8d 8e 8f 90 91 92 93 94 95 96 97 98 99 9a 9b 9c 9d 9e 9f a0 a1 a2 a3 a4 a5 a6 a7 a8 a9 aa ab ac ad ae af b0 b1 b2 b3 b4 b5 b6 b7 b8 b9 ba bb bc bd be bf c0 c1 c2 c3 c4 c5 c6 c7 c8 c9 ca cb cc cd ce cf d0 d1 d2 d3 d4 d5 d6 d7 d8 d9 da db dc dd de df e0 e1 e2 e3 e4 e5 e6 e7 e8 e9 ea eb ec ed ee ef f0 f1 f2 f3 f4 f5 f6 f7 f8 f9 fa fb fc fd fe ff 
 0  1  2 30  4 f1 60 16  8 7a 35 a9 c0 a1 2c 23 10 e9 f4 -- 6a -- 85 a5 57 -- 95 -- 58 d0 46 89 20 --  5 -- 3f ac -- a3 d4 8a -- -- dd -- 9d -- ae -- -- 33 fd -- -- 92 b0 5e 77 d5 8c -- c5 -- 40 -- -- --  a -- -- -- 7e -- 8f -- -- 52 91 4f 7f -- c3 -- -- 75 -- 55 6d 50 -- -- ed -- -- -- 8b -- -- -- -- -- 66 -- 2d -- -- 5f -- -- f3 62 b7 -- bc -- ee  c 7d b4 cf 79 -- ab 5d -- -- -- 80 -- --  3 -- -- -- -- 14 -- -- 83 -- ff -- -- fc -- -- -- c9 -- -- 2b -- 34 a4 -- f5 b6 9e a2 fe -- -- -- 51 5b -- 1a -- -- ea -- -- 94 aa -- da f9 a0 97 -- 25 -- 63  d c6 -- -- -- 4a -- -- c1 d1 -- -- -- -- -- 28 -- -- -- -- cc 29 -- -- 5a  6 -- -- -- -- be d7 -- -- -- -- 31 -- c4 -- b9 -- -- 9f af 68 -- --  b 93 18 eb fa bb bf 3d 49 -- f2 -- -- -- 81 2f ba 56 -- -- -- -- -- 45 

solutions so far:0 maxDepth:9 
iterations:6064815  skipped: 2 
Depth skipped: 
0 0 2 0 0 0 0 0 0 0 0 0 0 0 0 0 0 0 0 0 0 0 0 0 0 0 0 0 0 0 0 0 

running time: 900 sec
 depth:8
 0  1  2  3  4  5  6  7  8  9  a  b  c  d  e  f 10 11 12 13 14 15 16 17 18 19 1a 1b 1c 1d 1e 1f 20 21 22 23 24 25 26 27 28 29 2a 2b 2c 2d 2e 2f 30 31 32 33 34 35 36 37 38 39 3a 3b 3c 3d 3e 3f 40 41 42 43 44 45 46 47 48 49 4a 4b 4c 4d 4e 4f 50 51 52 53 54 55 56 57 58 59 5a 5b 5c 5d 5e 5f 60 61 62 63 64 65 66 67 68 69 6a 6b 6c 6d 6e 6f 70 71 72 73 74 75 76 77 78 79 7a 7b 7c 7d 7e 7f 80 81 82 83 84 85 86 87 88 89 8a 8b 8c 8d 8e 8f 90 91 92 93 94 95 96 97 98 99 9a 9b 9c 9d 9e 9f a0 a1 a2 a3 a4 a5 a6 a7 a8 a9 aa ab ac ad ae af b0 b1 b2 b3 b4 b5 b6 b7 b8 b9 ba bb bc bd be bf c0 c1 c2 c3 c4 c5 c6 c7 c8 c9 ca cb cc cd ce cf d0 d1 d2 d3 d4 d5 d6 d7 d8 d9 da db dc dd de df e0 e1 e2 e3 e4 e5 e6 e7 e8 e9 ea eb ec ed ee ef f0 f1 f2 f3 f4 f5 f6 f7 f8 f9 fa fb fc fd fe ff 
 0  1  2 30  4 ed 60 43  8 c7  d a7 c0 38 86 81 10 a2 59 -- 1a -- 99 a6 57 -- 70 -- db 87 d5 cd 20 -- 93 -- b2  b -- 11 34 b0 -- -- e5 -- 9b -- ae -- -- 33 e0 -- -- 46 61 bd d9 5f 7d -- 4d -- 40 -- -- -- f1 -- -- -- b3 -- 16 -- -- 8a 22 4f 68 -- b7 -- -- 75 -- 55 1d d4 -- -- e1 -- -- -- 8b -- -- -- -- -- 66 -- 17 -- -- f3 -- -- 8c 49 c2 -- ad -- 65  c be 5c fa 79 -- 62 9a -- -- -- 80 -- --  3 -- -- -- -- 35 -- -- 83 -- c9 -- -- b1 -- -- -- 2c -- -- 77 -- 54 c3 -- 44  e 9e a5 d0 -- -- -- b9  7 -- 2a -- -- ea -- -- 8f aa -- 3a 2b 7f fe -- 56 -- 74 15 e8 -- -- -- ac -- -- c1 d1 -- -- -- -- -- 6a -- -- -- -- cc 45 -- -- 2e  6 -- -- -- -- 31 d7 -- -- -- -- cf -- 92 -- 53 -- -- 51 8d a8 -- -- ca 9d 18 eb ab 1c b8 88 23 -- f2 -- -- -- c4 b5 e3 ee -- -- -- -- -- 58 

solutions so far:0 maxDepth:9 
iterations:8097739  skipped: 3 
Depth skipped: 
0 0 3 0 0 0 0 0 0 0 0 0 0 0 0 0 0 0 0 0 0 0 0 0 0 0 0 0 0 0 0 0 

running time: 1200 sec
 depth:8
 0  1  2  3  4  5  6  7  8  9  a  b  c  d  e  f 10 11 12 13 14 15 16 17 18 19 1a 1b 1c 1d 1e 1f 20 21 22 23 24 25 26 27 28 29 2a 2b 2c 2d 2e 2f 30 31 32 33 34 35 36 37 38 39 3a 3b 3c 3d 3e 3f 40 41 42 43 44 45 46 47 48 49 4a 4b 4c 4d 4e 4f 50 51 52 53 54 55 56 57 58 59 5a 5b 5c 5d 5e 5f 60 61 62 63 64 65 66 67 68 69 6a 6b 6c 6d 6e 6f 70 71 72 73 74 75 76 77 78 79 7a 7b 7c 7d 7e 7f 80 81 82 83 84 85 86 87 88 89 8a 8b 8c 8d 8e 8f 90 91 92 93 94 95 96 97 98 99 9a 9b 9c 9d 9e 9f a0 a1 a2 a3 a4 a5 a6 a7 a8 a9 aa ab ac ad ae af b0 b1 b2 b3 b4 b5 b6 b7 b8 b9 ba bb bc bd be bf c0 c1 c2 c3 c4 c5 c6 c7 c8 c9 ca cb cc cd ce cf d0 d1 d2 d3 d4 d5 d6 d7 d8 d9 da db dc dd de df e0 e1 e2 e3 e4 e5 e6 e7 e8 e9 ea eb ec ed ee ef f0 f1 f2 f3 f4 f5 f6 f7 f8 f9 fa fb fc fd fe ff 
 0  1  2 30  4 e7 60 7f  8 2a 19 b9 c0 ee fe e5 10 69 54 -- 32 -- a5 c9 57 --  b -- 2b f1 1d db 20 -- d2 -- a8 41 -- a6 64 e2 -- -- 9d -- 45 -- ae -- -- 33 16 -- --  7 56 ca 35 b8 3a -- 61 -- 40 -- -- -- 73 -- -- -- 87 -- 82 -- -- 42 9b 4f c8 -- 13 -- -- 75 -- 55 ed 36 -- -- 8a -- -- -- 8b -- -- -- -- -- 66 -- 2c -- -- e0 -- --  e 38 ac -- 43 -- 6a  c a7 b0 74 79 -- 2e c2 -- -- -- 80 -- --  3 -- -- -- -- e6 -- -- 83 -- fb -- -- d9 -- -- -- d3 -- -- 8e -- a2 84 -- e1 d0 9e 4c 47 -- -- -- 26 68 -- 51 -- -- ea -- -- 96 aa --  d 67 6c d8 -- ce -- 1a c3 34 -- -- -- 4b -- -- c1 d1 -- -- -- -- -- 1b -- -- -- -- cc 21 -- -- 58  6 -- -- -- -- 17 d7 -- -- -- -- 1c -- 70 -- 8f -- -- df 86 93 -- -- d4 98 18 eb 99 77 b7 15 e8 -- f2 -- -- -- 5c 65 53 cb -- -- -- -- -- 71 

solutions so far:0 maxDepth:9 
iterations:10067901  skipped: 4 
Depth skipped: 
0 0 4 0 0 0 0 0 0 0 0 0 0 0 0 0 0 0 0 0 0 0 0 0 0 0 0 0 0 0 0 0 

running time: 1500 sec
 depth:7
 0  1  2  3  4  5  6  7  8  9  a  b  c  d  e  f 10 11 12 13 14 15 16 17 18 19 1a 1b 1c 1d 1e 1f 20 21 22 23 24 25 26 27 28 29 2a 2b 2c 2d 2e 2f 30 31 32 33 34 35 36 37 38 39 3a 3b 3c 3d 3e 3f 40 41 42 43 44 45 46 47 48 49 4a 4b 4c 4d 4e 4f 50 51 52 53 54 55 56 57 58 59 5a 5b 5c 5d 5e 5f 60 61 62 63 64 65 66 67 68 69 6a 6b 6c 6d 6e 6f 70 71 72 73 74 75 76 77 78 79 7a 7b 7c 7d 7e 7f 80 81 82 83 84 85 86 87 88 89 8a 8b 8c 8d 8e 8f 90 91 92 93 94 95 96 97 98 99 9a 9b 9c 9d 9e 9f a0 a1 a2 a3 a4 a5 a6 a7 a8 a9 aa ab ac ad ae af b0 b1 b2 b3 b4 b5 b6 b7 b8 b9 ba bb bc bd be bf c0 c1 c2 c3 c4 c5 c6 c7 c8 c9 ca cb cc cd ce cf d0 d1 d2 d3 d4 d5 d6 d7 d8 d9 da db dc dd de df e0 e1 e2 e3 e4 e5 e6 e7 e8 e9 ea eb ec ed ee ef f0 f1 f2 f3 f4 f5 f6 f7 f8 f9 fa fb fc fd fe ff 
 0  1  2 30  4 e4 60 14  8 61 1f bf c0 bb 28  b 10 -- c2 -- 3e -- a9 25 57 -- a1 -- 50 9f 16 a8 20 -- -- -- 53 ef -- ca 7c 48 -- -- 85 -- 4a -- ae -- -- 33 95 -- -- b7 a0 15 e9 d0 2c -- 87 -- 40 -- -- -- -- -- -- -- a6 --  9 -- -- -- 43 4f f8 -- 90 -- -- 75 -- 55 dd -- -- -- 94 -- -- -- 8b -- -- -- -- -- 66 -- fd -- --  d -- -- b9 9d 97 -- 2a --  5  c 77 5a 58 79 -- 34 d9 -- -- -- 80 -- --  3 -- -- -- -- -- -- -- 83 -- -- -- -- 9b -- -- -- 12 -- -- 4e -- 52 -- -- 86 5b 9e 39 27 -- -- -- f7 c6 -- 29 -- -- ea -- -- -- aa -- 6d -- -- -- -- -- -- da ff 63 -- -- -- -- -- -- c1 d1 -- -- -- -- -- -- -- -- -- -- cc -- -- -- 2d  6 -- -- -- -- 1a d7 -- -- -- -- a5 -- ed -- f9 -- -- -- 54 a4 -- --  a 72 18 eb ee b6 b4 db b0 -- f2 -- -- -- 68 e1 65 9c -- -- -- -- -- 24 

solutions so far:0 maxDepth:9 
iterations:12451661  skipped: 4 
Depth skipped: 
0 0 4 0 0 0 0 0 0 0 0 0 0 0 0 0 0 0 0 0 0 0 0 0 0 0 0 0 0 0 0 0 

running time: 1800 sec
 depth:3
 0  1  2  3  4  5  6  7  8  9  a  b  c  d  e  f 10 11 12 13 14 15 16 17 18 19 1a 1b 1c 1d 1e 1f 20 21 22 23 24 25 26 27 28 29 2a 2b 2c 2d 2e 2f 30 31 32 33 34 35 36 37 38 39 3a 3b 3c 3d 3e 3f 40 41 42 43 44 45 46 47 48 49 4a 4b 4c 4d 4e 4f 50 51 52 53 54 55 56 57 58 59 5a 5b 5c 5d 5e 5f 60 61 62 63 64 65 66 67 68 69 6a 6b 6c 6d 6e 6f 70 71 72 73 74 75 76 77 78 79 7a 7b 7c 7d 7e 7f 80 81 82 83 84 85 86 87 88 89 8a 8b 8c 8d 8e 8f 90 91 92 93 94 95 96 97 98 99 9a 9b 9c 9d 9e 9f a0 a1 a2 a3 a4 a5 a6 a7 a8 a9 aa ab ac ad ae af b0 b1 b2 b3 b4 b5 b6 b7 b8 b9 ba bb bc bd be bf c0 c1 c2 c3 c4 c5 c6 c7 c8 c9 ca cb cc cd ce cf d0 d1 d2 d3 d4 d5 d6 d7 d8 d9 da db dc dd de df e0 e1 e2 e3 e4 e5 e6 e7 e8 e9 ea eb ec ed ee ef f0 f1 f2 f3 f4 f5 f6 f7 f8 f9 fa fb fc fd fe ff 
 0  1  2 30  4 d9 60 --  8 -- 65 -- c0 -- -- -- 10 -- -- -- ca -- -- -- 57 -- -- -- -- -- -- -- 20 -- -- -- -- 53 -- -- 43 15 -- -- -- -- -- -- ae -- -- 33 -- -- -- -- -- -- -- -- -- -- -- -- 40 -- -- -- -- -- -- -- -- -- a6 -- -- -- -- 4f 86 -- 2a -- -- 75 -- 55 -- -- -- -- -- -- -- -- 8b -- -- -- -- -- 66 -- -- -- -- -- -- -- -- -- -- -- -- -- --  c -- -- -- 79 -- -- -- -- -- -- 80 -- --  3 -- -- -- -- -- -- -- 83 -- -- -- -- -- -- -- -- 9b -- -- 61 -- -- -- -- -- -- 9e a8 db -- -- -- 54 -- -- -- -- -- ea -- -- -- aa -- -- -- -- -- -- -- -- -- -- -- -- -- -- -- -- -- c1 d1 -- -- -- -- -- -- -- -- -- -- cc -- -- -- --  6 -- -- -- -- -- d7 -- -- -- -- -- -- -- -- -- -- -- -- -- -- -- -- -- 87 18 eb -- -- -- -- -- -- f2 -- -- -- -- -- -- c2 -- -- -- -- -- e1 

solutions so far:0 maxDepth:10 
iterations:14473453  skipped: 5 
Depth skipped: 
0 0 5 0 0 0 0 0 0 0 0 0 0 0 0 0 0 0 0 0 0 0 0 0 0 0 0 0 0 0 0 0 

running time: 2100 sec
 depth:6
 0  1  2  3  4  5  6  7  8  9  a  b  c  d  e  f 10 11 12 13 14 15 16 17 18 19 1a 1b 1c 1d 1e 1f 20 21 22 23 24 25 26 27 28 29 2a 2b 2c 2d 2e 2f 30 31 32 33 34 35 36 37 38 39 3a 3b 3c 3d 3e 3f 40 41 42 43 44 45 46 47 48 49 4a 4b 4c 4d 4e 4f 50 51 52 53 54 55 56 57 58 59 5a 5b 5c 5d 5e 5f 60 61 62 63 64 65 66 67 68 69 6a 6b 6c 6d 6e 6f 70 71 72 73 74 75 76 77 78 79 7a 7b 7c 7d 7e 7f 80 81 82 83 84 85 86 87 88 89 8a 8b 8c 8d 8e 8f 90 91 92 93 94 95 96 97 98 99 9a 9b 9c 9d 9e 9f a0 a1 a2 a3 a4 a5 a6 a7 a8 a9 aa ab ac ad ae af b0 b1 b2 b3 b4 b5 b6 b7 b8 b9 ba bb bc bd be bf c0 c1 c2 c3 c4 c5 c6 c7 c8 c9 ca cb cc cd ce cf d0 d1 d2 d3 d4 d5 d6 d7 d8 d9 da db dc dd de df e0 e1 e2 e3 e4 e5 e6 e7 e8 e9 ea eb ec ed ee ef f0 f1 f2 f3 f4 f5 f6 f7 f8 f9 fa fb fc fd fe ff 
 0  1  2 30  4 d5 60 76  8 b6 7d e7 c0 d3 ec -- 10 -- bb -- fa -- 19 f0 57 -- 71 --  f d6 -- a9 20 -- -- -- a1 92 -- da 23 c4 -- -- 32 -- 37 -- ae -- -- 33 e2 -- -- -- 1e 5a 7b -- -- -- 85 -- 40 -- -- -- -- -- -- -- 95 -- f3 -- -- -- 63 4f 46 -- 5f -- -- 75 -- 55 64 -- -- -- 6e -- -- -- 8b -- -- -- -- -- 66 -- 13 -- -- -- -- -- -- -- 3c -- b4 -- f6  c -- 4c -- 79 -- -- dd -- -- -- 80 -- --  3 -- -- -- -- -- -- -- 83 -- -- -- -- fd -- -- -- 31 -- -- cf -- de -- -- c6 41 9e ab 8c -- -- -- be cb -- 6f -- -- ea -- -- -- aa -- c8 -- -- -- -- -- -- 47 dc 8e -- -- -- -- -- -- c1 d1 -- -- -- -- -- -- -- -- -- -- cc -- -- -- 26  6 -- -- -- -- -- d7 -- -- -- -- -- -- -- -- 78 -- -- -- bf 6b -- -- 3b 81 18 eb -- 82 98 5b -- -- f2 -- -- -- -- 2d 6d 49 -- -- -- -- -- 62 

solutions so far:0 maxDepth:10 
iterations:16890254  skipped: 5 
Depth skipped: 
0 0 5 0 0 0 0 0 0 0 0 0 0 0 0 0 0 0 0 0 0 0 0 0 0 0 0 0 0 0 0 0 

running time: 2400 sec
 depth:7
 0  1  2  3  4  5  6  7  8  9  a  b  c  d  e  f 10 11 12 13 14 15 16 17 18 19 1a 1b 1c 1d 1e 1f 20 21 22 23 24 25 26 27 28 29 2a 2b 2c 2d 2e 2f 30 31 32 33 34 35 36 37 38 39 3a 3b 3c 3d 3e 3f 40 41 42 43 44 45 46 47 48 49 4a 4b 4c 4d 4e 4f 50 51 52 53 54 55 56 57 58 59 5a 5b 5c 5d 5e 5f 60 61 62 63 64 65 66 67 68 69 6a 6b 6c 6d 6e 6f 70 71 72 73 74 75 76 77 78 79 7a 7b 7c 7d 7e 7f 80 81 82 83 84 85 86 87 88 89 8a 8b 8c 8d 8e 8f 90 91 92 93 94 95 96 97 98 99 9a 9b 9c 9d 9e 9f a0 a1 a2 a3 a4 a5 a6 a7 a8 a9 aa ab ac ad ae af b0 b1 b2 b3 b4 b5 b6 b7 b8 b9 ba bb bc bd be bf c0 c1 c2 c3 c4 c5 c6 c7 c8 c9 ca cb cc cd ce cf d0 d1 d2 d3 d4 d5 d6 d7 d8 d9 da db dc dd de df e0 e1 e2 e3 e4 e5 e6 e7 e8 e9 ea eb ec ed ee ef f0 f1 f2 f3 f4 f5 f6 f7 f8 f9 fa fb fc fd fe ff 
 0  1  2 30  4 d2 60 38  8 82 73 db c0 a8 70 5f 10 -- d3 -- e6 -- 61 b8 57 -- 87 -- e0 e8 be 19 20 -- -- -- 71 ce -- 47 1b 21 -- -- c2 -- a7 -- ae -- -- 33 d9 -- -- 7d 17 4c  7 31 ab -- 32 -- 40 -- -- -- -- -- -- -- e2 -- 4b -- -- -- 8e 4f 36 -- 42 -- -- 75 -- 55 53 -- -- -- 99 -- -- -- 8b -- -- -- -- -- 66 -- 65 -- -- cf -- -- fa 46 2e -- 98 --  e  c 62 43 81 79 -- 92 64 -- -- -- 80 -- --  3 -- -- -- -- -- -- -- 83 -- -- -- -- 13 -- -- -- 96 -- -- d8 -- 3a -- -- cb 2a 9e df 6c -- -- -- 84 15 -- 1d -- -- ea -- -- -- aa -- a6 -- -- -- -- -- -- 9b e5 e1 -- -- -- -- -- -- c1 d1 -- -- -- -- -- -- -- -- -- -- cc -- -- -- ca  6 -- -- -- -- 49 d7 -- -- -- -- 23 -- 8c -- 5c -- -- -- e7 74 -- -- 1c 69 18 eb c4 54 86 41 d5 -- f2 -- -- -- f3 26 c8 67 -- -- -- -- -- fb 

solutions so far:0 maxDepth:10 
iterations:19168921  skipped: 5 
Depth skipped: 
0 0 5 0 0 0 0 0 0 0 0 0 0 0 0 0 0 0 0 0 0 0 0 0 0 0 0 0 0 0 0 0 

running time: 2700 sec
 depth:7
 0  1  2  3  4  5  6  7  8  9  a  b  c  d  e  f 10 11 12 13 14 15 16 17 18 19 1a 1b 1c 1d 1e 1f 20 21 22 23 24 25 26 27 28 29 2a 2b 2c 2d 2e 2f 30 31 32 33 34 35 36 37 38 39 3a 3b 3c 3d 3e 3f 40 41 42 43 44 45 46 47 48 49 4a 4b 4c 4d 4e 4f 50 51 52 53 54 55 56 57 58 59 5a 5b 5c 5d 5e 5f 60 61 62 63 64 65 66 67 68 69 6a 6b 6c 6d 6e 6f 70 71 72 73 74 75 76 77 78 79 7a 7b 7c 7d 7e 7f 80 81 82 83 84 85 86 87 88 89 8a 8b 8c 8d 8e 8f 90 91 92 93 94 95 96 97 98 99 9a 9b 9c 9d 9e 9f a0 a1 a2 a3 a4 a5 a6 a7 a8 a9 aa ab ac ad ae af b0 b1 b2 b3 b4 b5 b6 b7 b8 b9 ba bb bc bd be bf c0 c1 c2 c3 c4 c5 c6 c7 c8 c9 ca cb cc cd ce cf d0 d1 d2 d3 d4 d5 d6 d7 d8 d9 da db dc dd de df e0 e1 e2 e3 e4 e5 e6 e7 e8 e9 ea eb ec ed ee ef f0 f1 f2 f3 f4 f5 f6 f7 f8 f9 fa fb fc fd fe ff 
 0  1  2 30  4 cb 60 f9  8 22 41 dd c0 fd 25 f8 10 -- 44 -- 82 -- 6d 52 57 -- 2d -- 4a 28 27 bd 20 -- -- -- 88 4c -- 4d d3 32 -- -- da -- a4 -- ae -- -- 33 5a -- --  9 94 b3 50 1f 4e -- ad -- 40 -- -- -- -- -- -- -- c7 -- 98 -- -- -- 9a 4f 71 -- 64 -- -- 75 -- 55 63 -- -- -- 9f -- -- -- 8b -- -- -- -- -- 66 -- b4 -- -- f7 -- -- 12 48 ff -- b1 -- a0  c 3e a9 9c 79 -- 72 8d -- -- -- 80 -- --  3 -- -- -- -- -- -- -- 83 -- -- -- -- 59 -- -- -- e7 -- -- 13 --  a -- -- e3 a1 9e 47 e2 -- -- -- c8 bb --  5 -- -- ea -- -- -- aa -- c6 -- -- -- -- -- -- 5b e9 b6 -- -- -- -- -- -- c1 d1 -- -- -- -- -- -- -- -- -- -- cc -- -- -- bf  6 -- -- -- -- 39 d7 -- -- -- -- 24 -- 90 -- 29 -- -- -- b5 14 -- -- 97 8e 18 eb 7c 95 85 11 ef -- f2 -- -- -- e4 b2 cd 26 -- -- -- -- -- 19 

solutions so far:0 maxDepth:10 
iterations:21174471  skipped: 6 
Depth skipped: 
0 0 6 0 0 0 0 0 0 0 0 0 0 0 0 0 0 0 0 0 0 0 0 0 0 0 0 0 0 0 0 0 

running time: 3000 sec
 depth:6
 0  1  2  3  4  5  6  7  8  9  a  b  c  d  e  f 10 11 12 13 14 15 16 17 18 19 1a 1b 1c 1d 1e 1f 20 21 22 23 24 25 26 27 28 29 2a 2b 2c 2d 2e 2f 30 31 32 33 34 35 36 37 38 39 3a 3b 3c 3d 3e 3f 40 41 42 43 44 45 46 47 48 49 4a 4b 4c 4d 4e 4f 50 51 52 53 54 55 56 57 58 59 5a 5b 5c 5d 5e 5f 60 61 62 63 64 65 66 67 68 69 6a 6b 6c 6d 6e 6f 70 71 72 73 74 75 76 77 78 79 7a 7b 7c 7d 7e 7f 80 81 82 83 84 85 86 87 88 89 8a 8b 8c 8d 8e 8f 90 91 92 93 94 95 96 97 98 99 9a 9b 9c 9d 9e 9f a0 a1 a2 a3 a4 a5 a6 a7 a8 a9 aa ab ac ad ae af b0 b1 b2 b3 b4 b5 b6 b7 b8 b9 ba bb bc bd be bf c0 c1 c2 c3 c4 c5 c6 c7 c8 c9 ca cb cc cd ce cf d0 d1 d2 d3 d4 d5 d6 d7 d8 d9 da db dc dd de df e0 e1 e2 e3 e4 e5 e6 e7 e8 e9 ea eb ec ed ee ef f0 f1 f2 f3 f4 f5 f6 f7 f8 f9 fa fb fc fd fe ff 
 0  1  2 30  4 c4 60 4b  8 ca 5f 3c c0 7b 96 -- 10 -- 43 -- be -- 78 df 57 -- f6 -- fb 6c -- e1 20 -- -- -- 86 23 -- a8 ab 49 -- -- f0 -- 69 -- ae -- -- 33 3b -- -- -- 21 53 d8 -- -- -- 15 -- 40 -- -- -- -- -- -- -- db -- 46 -- -- -- 87 4f 81 -- 92 -- -- 75 -- 55 37 -- -- -- d2 -- -- -- 8b -- -- -- -- -- 66 -- 76 -- -- -- -- -- -- -- 42 -- a6 -- 67  c --  f -- 79 -- -- 2a -- -- -- 80 -- --  3 -- -- -- -- -- -- -- 83 -- -- -- -- 61 -- -- -- 8c -- -- 7d -- 1b -- -- d9 6b 9e 31 d5 -- -- -- f3 de -- e6 -- -- ea -- -- -- aa -- 6e -- -- -- -- -- -- dc 73 6f -- -- -- -- -- -- c1 d1 -- -- -- -- -- -- -- -- -- -- cc -- -- -- ec  6 -- -- -- -- -- d7 -- -- -- -- -- -- -- -- 84 -- -- -- 9b 36 -- -- ce 62 18 eb -- d6 1e 65 -- -- f2 -- -- -- -- c2 54 fa -- -- -- -- -- cf 

solutions so far:0 maxDepth:10 
iterations:24405834  skipped: 7 
Depth skipped: 
0 0 7 0 0 0 0 0 0 0 0 0 0 0 0 0 0 0 0 0 0 0 0 0 0 0 0 0 0 0 0 0 

running time: 3300 sec
 depth:7
 0  1  2  3  4  5  6  7  8  9  a  b  c  d  e  f 10 11 12 13 14 15 16 17 18 19 1a 1b 1c 1d 1e 1f 20 21 22 23 24 25 26 27 28 29 2a 2b 2c 2d 2e 2f 30 31 32 33 34 35 36 37 38 39 3a 3b 3c 3d 3e 3f 40 41 42 43 44 45 46 47 48 49 4a 4b 4c 4d 4e 4f 50 51 52 53 54 55 56 57 58 59 5a 5b 5c 5d 5e 5f 60 61 62 63 64 65 66 67 68 69 6a 6b 6c 6d 6e 6f 70 71 72 73 74 75 76 77 78 79 7a 7b 7c 7d 7e 7f 80 81 82 83 84 85 86 87 88 89 8a 8b 8c 8d 8e 8f 90 91 92 93 94 95 96 97 98 99 9a 9b 9c 9d 9e 9f a0 a1 a2 a3 a4 a5 a6 a7 a8 a9 aa ab ac ad ae af b0 b1 b2 b3 b4 b5 b6 b7 b8 b9 ba bb bc bd be bf c0 c1 c2 c3 c4 c5 c6 c7 c8 c9 ca cb cc cd ce cf d0 d1 d2 d3 d4 d5 d6 d7 d8 d9 da db dc dd de df e0 e1 e2 e3 e4 e5 e6 e7 e8 e9 ea eb ec ed ee ef f0 f1 f2 f3 f4 f5 f6 f7 f8 f9 fa fb fc fd fe ff 
 0  1  2 30  4 be 60 9a  8  f ab 65 c0 e1 e3 c6 10 -- 1e -- 81 -- ca c7 57 -- 15 -- 11 ad 5b de 20 -- -- -- 3c 8c -- f6 d5 f3 -- -- 43 -- 59 -- ae -- -- 33 2a -- -- 95 22 6e 8d 6d b6 -- 6b -- 40 -- -- -- -- -- -- -- 78 -- cf -- -- -- 3b 4f 7d -- 31 -- -- 75 -- 55 86 -- -- -- b2 -- -- -- 8b -- -- -- -- -- 66 -- 54 -- -- bf -- -- fd 5a 44 -- dc -- cd  c da 87 bb 79 -- 85 d6 -- -- -- 80 -- --  3 -- -- -- -- -- -- -- 83 -- -- -- -- f0 -- -- -- 49 -- -- 23 -- b5 -- -- 76 a6 9e c4 fa -- -- -- 62 53 -- b1 -- -- ea -- -- -- aa -- db -- -- -- -- -- -- 61 b3 c2 -- -- -- -- -- -- c1 d1 -- -- -- -- -- -- -- -- -- -- cc -- -- -- a8  6 -- -- -- -- a9 d7 -- -- -- -- 2d -- b4 -- 88 -- -- -- 6f bd -- -- 4d 5f 18 eb 63 9b d9 ec a1 -- f2 -- -- -- dd 37 7b 46 -- -- -- -- -- 92 

solutions so far:0 maxDepth:10 
iterations:27049984  skipped: 7 
Depth skipped: 
0 0 7 0 0 0 0 0 0 0 0 0 0 0 0 0 0 0 0 0 0 0 0 0 0 0 0 0 0 0 0 0 

running time: 3600 sec
 depth:7
 0  1  2  3  4  5  6  7  8  9  a  b  c  d  e  f 10 11 12 13 14 15 16 17 18 19 1a 1b 1c 1d 1e 1f 20 21 22 23 24 25 26 27 28 29 2a 2b 2c 2d 2e 2f 30 31 32 33 34 35 36 37 38 39 3a 3b 3c 3d 3e 3f 40 41 42 43 44 45 46 47 48 49 4a 4b 4c 4d 4e 4f 50 51 52 53 54 55 56 57 58 59 5a 5b 5c 5d 5e 5f 60 61 62 63 64 65 66 67 68 69 6a 6b 6c 6d 6e 6f 70 71 72 73 74 75 76 77 78 79 7a 7b 7c 7d 7e 7f 80 81 82 83 84 85 86 87 88 89 8a 8b 8c 8d 8e 8f 90 91 92 93 94 95 96 97 98 99 9a 9b 9c 9d 9e 9f a0 a1 a2 a3 a4 a5 a6 a7 a8 a9 aa ab ac ad ae af b0 b1 b2 b3 b4 b5 b6 b7 b8 b9 ba bb bc bd be bf c0 c1 c2 c3 c4 c5 c6 c7 c8 c9 ca cb cc cd ce cf d0 d1 d2 d3 d4 d5 d6 d7 d8 d9 da db dc dd de df e0 e1 e2 e3 e4 e5 e6 e7 e8 e9 ea eb ec ed ee ef f0 f1 f2 f3 f4 f5 f6 f7 f8 f9 fa fb fc fd fe ff 
 0  1  2 30  4 b6 60 8c  8 1f bb 99 c0 70 cf dc 10 -- 3e -- a1 -- e5 62 57 -- e0 -- 49 7d 6f 12 20 -- -- -- 7c bf -- f7 95 6d -- -- 1d -- c4 -- ae -- -- 33 17 -- -- 7b 92 9c fa f0 de -- 24 -- 40 -- -- -- -- -- -- -- f8 -- a9 -- -- -- 39 4f fd -- da -- -- 75 -- 55 3a -- -- -- 5f -- -- -- 8b -- -- -- -- -- 66 -- 2e -- --  f -- -- f6 76 f3 -- ef -- 23  c 37 b8 6b 79 -- 3c 48 -- -- -- 80 -- --  3 -- -- -- -- -- -- -- 83 -- -- -- -- 27 -- -- -- 85 -- -- 5a -- 81 -- -- 72 1c 9e c6 2d -- -- -- 63  e -- ab -- -- ea -- -- -- aa -- 74 -- -- -- -- -- -- e8 be  7 -- -- -- -- -- -- c1 d1 -- -- -- -- -- -- -- -- -- -- cc -- -- -- 5c  6 -- -- -- -- 1e d7 -- -- -- -- 3b -- ec -- 31 -- -- --  9 d5 -- -- 46 5b 18 eb 6e 38 a7 e4 d6 -- f2 -- -- -- 78 4e 90 b4 -- -- -- -- -- dd 

solutions so far:0 maxDepth:10 
iterations:30442363  skipped: 9 
Depth skipped: 
0 0 9 0 0 0 0 0 0 0 0 0 0 0 0 0 0 0 0 0 0 0 0 0 0 0 0 0 0 0 0 0 

running time: 3900 sec
 depth:7
 0  1  2  3  4  5  6  7  8  9  a  b  c  d  e  f 10 11 12 13 14 15 16 17 18 19 1a 1b 1c 1d 1e 1f 20 21 22 23 24 25 26 27 28 29 2a 2b 2c 2d 2e 2f 30 31 32 33 34 35 36 37 38 39 3a 3b 3c 3d 3e 3f 40 41 42 43 44 45 46 47 48 49 4a 4b 4c 4d 4e 4f 50 51 52 53 54 55 56 57 58 59 5a 5b 5c 5d 5e 5f 60 61 62 63 64 65 66 67 68 69 6a 6b 6c 6d 6e 6f 70 71 72 73 74 75 76 77 78 79 7a 7b 7c 7d 7e 7f 80 81 82 83 84 85 86 87 88 89 8a 8b 8c 8d 8e 8f 90 91 92 93 94 95 96 97 98 99 9a 9b 9c 9d 9e 9f a0 a1 a2 a3 a4 a5 a6 a7 a8 a9 aa ab ac ad ae af b0 b1 b2 b3 b4 b5 b6 b7 b8 b9 ba bb bc bd be bf c0 c1 c2 c3 c4 c5 c6 c7 c8 c9 ca cb cc cd ce cf d0 d1 d2 d3 d4 d5 d6 d7 d8 d9 da db dc dd de df e0 e1 e2 e3 e4 e5 e6 e7 e8 e9 ea eb ec ed ee ef f0 f1 f2 f3 f4 f5 f6 f7 f8 f9 fa fb fc fd fe ff 
 0  1  2 30  4 b2 60 c2  8 f9 b3 ed c0 2c 53 a1 10 -- 25 -- b1 --  d 2a 57 -- 58 -- a6 43 95 e9 20 -- -- -- 4a 4d -- 28 b5 22 -- -- 1a -- 54 -- ae -- -- 33 b0 -- -- b4 9b 52 86 5b fd --  5 -- 40 -- -- -- -- -- -- -- 94 -- 9a -- -- -- 50 4f bd -- 44 -- -- 75 -- 55 34 -- -- -- a8 -- -- -- 8b -- -- -- -- -- 66 -- b7 -- -- 6d -- -- bf 85 e1 -- a4 -- db  c b6 a5 2d 79 -- 63  a -- -- -- 80 -- --  3 -- -- -- -- -- -- -- 83 -- -- -- -- ff -- -- -- e3 -- -- 8d -- 65 -- -- a0  b 9e c7 ad -- -- -- 88 ee -- d9 -- -- ea -- -- -- aa -- 68 -- -- -- -- -- -- d0 87 77 -- -- -- -- -- -- c1 d1 -- -- -- -- -- -- -- -- -- -- cc -- -- -- b9  6 -- -- -- -- da d7 -- -- -- -- a9 -- dd -- 15 -- -- -- 9f ca -- -- 61 59 18 eb bb 16 9d 97 5a -- f2 -- -- -- c6 29 14 cd -- -- -- -- -- 11 

solutions so far:0 maxDepth:10 
iterations:33127061  skipped: 9 
Depth skipped: 
0 0 9 0 0 0 0 0 0 0 0 0 0 0 0 0 0 0 0 0 0 0 0 0 0 0 0 0 0 0 0 0 

running time: 4200 sec
 depth:7
 0  1  2  3  4  5  6  7  8  9  a  b  c  d  e  f 10 11 12 13 14 15 16 17 18 19 1a 1b 1c 1d 1e 1f 20 21 22 23 24 25 26 27 28 29 2a 2b 2c 2d 2e 2f 30 31 32 33 34 35 36 37 38 39 3a 3b 3c 3d 3e 3f 40 41 42 43 44 45 46 47 48 49 4a 4b 4c 4d 4e 4f 50 51 52 53 54 55 56 57 58 59 5a 5b 5c 5d 5e 5f 60 61 62 63 64 65 66 67 68 69 6a 6b 6c 6d 6e 6f 70 71 72 73 74 75 76 77 78 79 7a 7b 7c 7d 7e 7f 80 81 82 83 84 85 86 87 88 89 8a 8b 8c 8d 8e 8f 90 91 92 93 94 95 96 97 98 99 9a 9b 9c 9d 9e 9f a0 a1 a2 a3 a4 a5 a6 a7 a8 a9 aa ab ac ad ae af b0 b1 b2 b3 b4 b5 b6 b7 b8 b9 ba bb bc bd be bf c0 c1 c2 c3 c4 c5 c6 c7 c8 c9 ca cb cc cd ce cf d0 d1 d2 d3 d4 d5 d6 d7 d8 d9 da db dc dd de df e0 e1 e2 e3 e4 e5 e6 e7 e8 e9 ea eb ec ed ee ef f0 f1 f2 f3 f4 f5 f6 f7 f8 f9 fa fb fc fd fe ff 
 0  1  2 30  4 ac 60 a4  8 72 8f bb c0 dd 9f 5e 10 -- e4 -- c9 -- a1 28 57 -- 6d -- e9 94 bc ef 20 -- -- -- 1f 93 -- 48 45 d4 -- -- 95 -- 50 -- ae -- -- 33 da -- -- 5d  5 27 ff 7e af --  9 -- 40 -- -- -- -- -- -- -- 3e -- f1 -- -- -- 90 4f 8a -- 7f -- -- 75 -- 55 fd -- -- -- a0 -- -- -- 8b -- -- -- -- -- 66 -- 63 -- -- 3d -- -- ba 91  a -- 4e -- 29  c fc 5b 89 79 -- f4 12 -- -- -- 80 -- --  3 -- -- -- -- -- -- -- 83 -- -- -- -- 7c -- -- -- 35 -- -- 51 -- 25 -- -- f7 a9 9e 2b c3 -- -- -- fe bf -- f9 -- -- ea -- -- -- aa -- 2d -- -- -- -- -- -- 5a 97 b4 -- -- -- -- -- -- c1 d1 -- -- -- -- -- -- -- -- -- -- cc -- -- -- c6  6 -- -- -- -- 7a d7 -- -- -- -- a3 -- f5 -- 14 -- -- -- 9c 4a -- -- 52 56 18 eb 2f 85 b6 39 c5 -- f2 -- -- -- 3f f8 24 a2 -- -- -- -- -- 6a 

solutions so far:0 maxDepth:10 
iterations:36507212  skipped: 9 
Depth skipped: 
0 0 9 0 0 0 0 0 0 0 0 0 0 0 0 0 0 0 0 0 0 0 0 0 0 0 0 0 0 0 0 0 

running time: 4500 sec
 depth:6
 0  1  2  3  4  5  6  7  8  9  a  b  c  d  e  f 10 11 12 13 14 15 16 17 18 19 1a 1b 1c 1d 1e 1f 20 21 22 23 24 25 26 27 28 29 2a 2b 2c 2d 2e 2f 30 31 32 33 34 35 36 37 38 39 3a 3b 3c 3d 3e 3f 40 41 42 43 44 45 46 47 48 49 4a 4b 4c 4d 4e 4f 50 51 52 53 54 55 56 57 58 59 5a 5b 5c 5d 5e 5f 60 61 62 63 64 65 66 67 68 69 6a 6b 6c 6d 6e 6f 70 71 72 73 74 75 76 77 78 79 7a 7b 7c 7d 7e 7f 80 81 82 83 84 85 86 87 88 89 8a 8b 8c 8d 8e 8f 90 91 92 93 94 95 96 97 98 99 9a 9b 9c 9d 9e 9f a0 a1 a2 a3 a4 a5 a6 a7 a8 a9 aa ab ac ad ae af b0 b1 b2 b3 b4 b5 b6 b7 b8 b9 ba bb bc bd be bf c0 c1 c2 c3 c4 c5 c6 c7 c8 c9 ca cb cc cd ce cf d0 d1 d2 d3 d4 d5 d6 d7 d8 d9 da db dc dd de df e0 e1 e2 e3 e4 e5 e6 e7 e8 e9 ea eb ec ed ee ef f0 f1 f2 f3 f4 f5 f6 f7 f8 f9 fa fb fc fd fe ff 
 0  1  2 30  4 a6 60  a  8 67 9b e3 c0 b5 14 -- 10 -- ce -- e1 -- 11 f9 57 -- bd -- 28 a4 -- 69 20 -- -- -- 4b d9 -- 1b 15 86 -- -- 22 -- 25 -- ae -- -- 33 ad -- -- -- 50 42 9f -- -- -- d2 -- 40 -- -- -- -- -- -- -- 96 -- 65 -- -- -- 36 4f 2a -- db -- -- 75 -- 55 44 -- -- -- 4a -- -- -- 8b -- -- -- -- -- 66 -- 8d -- -- -- -- -- -- -- a0 -- 84 -- e9  c -- 4d -- 79 -- -- 73 -- -- -- 80 -- --  3 -- -- -- -- -- -- -- 83 -- -- -- -- fb -- -- -- ca -- -- a8 -- 29 -- -- 6c b3 9e c2 54 -- -- -- 61 b2 -- ff -- -- ea -- -- -- aa -- 88 -- -- -- -- -- -- c7 94 59 -- -- -- -- -- -- c1 d1 -- -- -- -- -- -- -- -- -- -- cc -- -- -- cd  6 -- -- -- -- -- d7 -- -- -- -- -- -- -- -- 97 -- -- -- df 52 -- --  5 53 18 eb -- b1 9a d8 -- -- f2 -- -- -- -- 21 e6 87 -- -- -- -- -- 43 

solutions so far:0 maxDepth:10 
iterations:38985716  skipped: 11 
Depth skipped: 
0 0 11 0 0 0 0 0 0 0 0 0 0 0 0 0 0 0 0 0 0 0 0 0 0 0 0 0 0 0 0 0 

running time: 4800 sec
 depth:6
 0  1  2  3  4  5  6  7  8  9  a  b  c  d  e  f 10 11 12 13 14 15 16 17 18 19 1a 1b 1c 1d 1e 1f 20 21 22 23 24 25 26 27 28 29 2a 2b 2c 2d 2e 2f 30 31 32 33 34 35 36 37 38 39 3a 3b 3c 3d 3e 3f 40 41 42 43 44 45 46 47 48 49 4a 4b 4c 4d 4e 4f 50 51 52 53 54 55 56 57 58 59 5a 5b 5c 5d 5e 5f 60 61 62 63 64 65 66 67 68 69 6a 6b 6c 6d 6e 6f 70 71 72 73 74 75 76 77 78 79 7a 7b 7c 7d 7e 7f 80 81 82 83 84 85 86 87 88 89 8a 8b 8c 8d 8e 8f 90 91 92 93 94 95 96 97 98 99 9a 9b 9c 9d 9e 9f a0 a1 a2 a3 a4 a5 a6 a7 a8 a9 aa ab ac ad ae af b0 b1 b2 b3 b4 b5 b6 b7 b8 b9 ba bb bc bd be bf c0 c1 c2 c3 c4 c5 c6 c7 c8 c9 ca cb cc cd ce cf d0 d1 d2 d3 d4 d5 d6 d7 d8 d9 da db dc dd de df e0 e1 e2 e3 e4 e5 e6 e7 e8 e9 ea eb ec ed ee ef f0 f1 f2 f3 f4 f5 f6 f7 f8 f9 fa fb fc fd fe ff 
 0  1  2 30  4 9c 60 fb  8 6d ef a0 c0 9f 21 -- 10 -- da --  9 -- 97 d2 57 -- e9 -- 42 67 -- fd 20 -- -- -- 63 39 -- bf 12 3e -- -- f9 -- 73 -- ae -- -- 33  5 -- -- -- 84 bb ce -- -- -- 2d -- 40 -- -- -- -- -- -- -- c6 -- 72 -- -- -- a9 4f 24 -- 7c -- -- 75 -- 55 25 -- -- -- e6 -- -- -- 8b -- -- -- -- -- 66 --  a -- -- -- -- -- -- -- df -- a1 -- 4b  c -- 28 -- 79 -- -- 5a -- -- -- 80 -- --  3 -- -- -- -- -- -- -- 83 -- -- -- -- 5b -- -- -- e4 -- -- 90 -- 6c -- -- 85 52 9e 27 48 -- -- -- f8 29 -- 36 -- -- ea -- -- -- aa -- 4a -- -- -- -- -- -- 94 1b ff -- -- -- -- -- -- c1 d1 -- -- -- -- -- -- -- -- -- -- cc -- -- -- 14  6 -- -- -- -- -- d7 -- -- -- -- -- -- -- -- 69 -- -- -- 95 d8 -- -- 96 4e 18 eb -- a4 50 dd -- -- f2 -- -- -- -- b6 b4 f7 -- -- -- -- -- 1f 

solutions so far:0 maxDepth:10 
iterations:42517051  skipped: 12 
Depth skipped: 
0 0 12 0 0 0 0 0 0 0 0 0 0 0 0 0 0 0 0 0 0 0 0 0 0 0 0 0 0 0 0 0 

running time: 5100 sec
 depth:7
 0  1  2  3  4  5  6  7  8  9  a  b  c  d  e  f 10 11 12 13 14 15 16 17 18 19 1a 1b 1c 1d 1e 1f 20 21 22 23 24 25 26 27 28 29 2a 2b 2c 2d 2e 2f 30 31 32 33 34 35 36 37 38 39 3a 3b 3c 3d 3e 3f 40 41 42 43 44 45 46 47 48 49 4a 4b 4c 4d 4e 4f 50 51 52 53 54 55 56 57 58 59 5a 5b 5c 5d 5e 5f 60 61 62 63 64 65 66 67 68 69 6a 6b 6c 6d 6e 6f 70 71 72 73 74 75 76 77 78 79 7a 7b 7c 7d 7e 7f 80 81 82 83 84 85 86 87 88 89 8a 8b 8c 8d 8e 8f 90 91 92 93 94 95 96 97 98 99 9a 9b 9c 9d 9e 9f a0 a1 a2 a3 a4 a5 a6 a7 a8 a9 aa ab ac ad ae af b0 b1 b2 b3 b4 b5 b6 b7 b8 b9 ba bb bc bd be bf c0 c1 c2 c3 c4 c5 c6 c7 c8 c9 ca cb cc cd ce cf d0 d1 d2 d3 d4 d5 d6 d7 d8 d9 da db dc dd de df e0 e1 e2 e3 e4 e5 e6 e7 e8 e9 ea eb ec ed ee ef f0 f1 f2 f3 f4 f5 f6 f7 f8 f9 fa fb fc fd fe ff 
 0  1  2 30  4 96 60 4c  8 a9 fb c7 c0 4d 98 7a 10 -- 85 -- 21 -- 59 c8 57 -- 9a -- e7 71 f4 bb 20 -- -- -- dd 73 -- 2d 42 6c -- -- b2 -- 47 -- ae -- -- 33 e3 -- -- 2f 19 c6 e2 91 3f -- a1 -- 40 -- -- -- -- -- -- -- 6d -- e6 -- -- -- 5a 4f 84 -- d8 -- -- 75 -- 55 b3 -- -- -- 8e -- -- -- 8b -- -- -- -- -- 66 -- 11 -- -- c5 -- -- 5e af 32 -- 5b -- 13  c f5 44 7e 79 -- ba 95 -- -- -- 80 -- --  3 -- -- -- -- -- -- -- 83 -- -- -- -- da -- -- -- 1b -- -- 69 -- 82 -- -- b4 8d 9e ce df -- -- -- 67 ad -- 41 -- -- ea -- -- -- aa -- b1 -- -- -- -- -- -- b5 cb bd -- -- -- -- -- -- c1 d1 -- -- -- -- -- -- -- -- -- -- cc -- -- -- 22  6 -- -- -- -- 5d d7 -- -- -- -- bc -- 89 -- 64 -- -- -- b6 d3 -- -- 26 4b 18 eb 3d cd 88 bf fc -- f2 -- -- -- a3 63 fd d2 -- -- -- -- -- 36 

solutions so far:0 maxDepth:10 
iterations:45604341  skipped: 13 
Depth skipped: 
0 0 13 0 0 0 0 0 0 0 0 0 0 0 0 0 0 0 0 0 0 0 0 0 0 0 0 0 0 0 0 0 

running time: 5400 sec
 depth:8
 0  1  2  3  4  5  6  7  8  9  a  b  c  d  e  f 10 11 12 13 14 15 16 17 18 19 1a 1b 1c 1d 1e 1f 20 21 22 23 24 25 26 27 28 29 2a 2b 2c 2d 2e 2f 30 31 32 33 34 35 36 37 38 39 3a 3b 3c 3d 3e 3f 40 41 42 43 44 45 46 47 48 49 4a 4b 4c 4d 4e 4f 50 51 52 53 54 55 56 57 58 59 5a 5b 5c 5d 5e 5f 60 61 62 63 64 65 66 67 68 69 6a 6b 6c 6d 6e 6f 70 71 72 73 74 75 76 77 78 79 7a 7b 7c 7d 7e 7f 80 81 82 83 84 85 86 87 88 89 8a 8b 8c 8d 8e 8f 90 91 92 93 94 95 96 97 98 99 9a 9b 9c 9d 9e 9f a0 a1 a2 a3 a4 a5 a6 a7 a8 a9 aa ab ac ad ae af b0 b1 b2 b3 b4 b5 b6 b7 b8 b9 ba bb bc bd be bf c0 c1 c2 c3 c4 c5 c6 c7 c8 c9 ca cb cc cd ce cf d0 d1 d2 d3 d4 d5 d6 d7 d8 d9 da db dc dd de df e0 e1 e2 e3 e4 e5 e6 e7 e8 e9 ea eb ec ed ee ef f0 f1 f2 f3 f4 f5 f6 f7 f8 f9 fa fb fc fd fe ff 
 0  1  2 30  4 8e 60 5f  8 72 cb  f c0 6b be 2a 10 74 e4 -- 41 -- 1e fa 57 -- d6 -- ab f3 54 ef 20 -- e8 -- 1f 26 -- 48 82 19 -- -- 3c -- 23 -- ae -- -- 33 7b -- -- 65 81 27 31 9b a8 --  9 -- 40 -- -- --  7 -- -- -- 3e -- 4c -- -- e5 90 4f d3 -- 32 -- -- 75 -- 55 78 38 -- -- 46 -- -- -- 8b -- -- -- -- -- 66 -- f6 -- -- 61 -- -- ca 86 d5 -- 4e -- 62  c e1 76 87 79 -- 53 12 -- -- -- 80 -- --  3 -- -- -- --  e -- -- 83 -- a7 -- -- 7c -- -- -- 98 -- -- e2 -- 49 1d -- f7 6f 9e c8 71 -- -- -- 64 dc -- cf -- -- ea -- -- b8 aa -- f0 17 70 e0 -- 2e -- 37 8c 6e -- -- -- 5c -- -- c1 d1 -- -- -- -- -- 1c -- -- -- -- cc 99 -- -- 3b  6 -- -- -- -- c2 d7 -- -- -- -- 43 -- db -- 7d -- -- 3a 9c 92 -- -- c4 47 18 eb 15 de ec 39 d9 -- f2 -- -- -- a6 f8 24 13 -- -- -- -- -- e7 

solutions so far:0 maxDepth:10 
iterations:49592426  skipped: 14 
Depth skipped: 
0 0 14 0 0 0 0 0 0 0 0 0 0 0 0 0 0 0 0 0 0 0 0 0 0 0 0 0 0 0 0 0 

running time: 5700 sec
 depth:7
 0  1  2  3  4  5  6  7  8  9  a  b  c  d  e  f 10 11 12 13 14 15 16 17 18 19 1a 1b 1c 1d 1e 1f 20 21 22 23 24 25 26 27 28 29 2a 2b 2c 2d 2e 2f 30 31 32 33 34 35 36 37 38 39 3a 3b 3c 3d 3e 3f 40 41 42 43 44 45 46 47 48 49 4a 4b 4c 4d 4e 4f 50 51 52 53 54 55 56 57 58 59 5a 5b 5c 5d 5e 5f 60 61 62 63 64 65 66 67 68 69 6a 6b 6c 6d 6e 6f 70 71 72 73 74 75 76 77 78 79 7a 7b 7c 7d 7e 7f 80 81 82 83 84 85 86 87 88 89 8a 8b 8c 8d 8e 8f 90 91 92 93 94 95 96 97 98 99 9a 9b 9c 9d 9e 9f a0 a1 a2 a3 a4 a5 a6 a7 a8 a9 aa ab ac ad ae af b0 b1 b2 b3 b4 b5 b6 b7 b8 b9 ba bb bc bd be bf c0 c1 c2 c3 c4 c5 c6 c7 c8 c9 ca cb cc cd ce cf d0 d1 d2 d3 d4 d5 d6 d7 d8 d9 da db dc dd de df e0 e1 e2 e3 e4 e5 e6 e7 e8 e9 ea eb ec ed ee ef f0 f1 f2 f3 f4 f5 f6 f7 f8 f9 fa fb fc fd fe ff 
 0  1  2 30  4 87 60 2c  8 a2 d9 bd c0 88 58 21 10 -- 93 -- 65 -- ad 9d 57 -- c7 -- b0 77 42 56 20 -- -- -- f1 c2 -- 45 ca e1 -- -- 8d -- ed -- ae -- -- 33 59 -- -- d2 b7 7f ee 4b 84 -- ac -- 40 -- -- -- -- -- -- -- 35 -- 53 -- -- -- 8a 4f 43 -- 15 -- -- 75 -- 55 cd -- -- --  d -- -- -- 8b -- -- -- -- -- 66 -- b2 -- -- 6c -- -- 73 1b b9 -- fe --  b  c 96 b1 df 79 -- 67 8f -- -- -- 80 -- --  3 -- -- -- -- -- -- -- 83 -- -- -- -- 6a -- -- -- a6 -- -- db -- 68 -- -- c3 22 9e 54 86 -- -- -- 2a 11 -- 34 -- -- ea -- -- -- aa -- 4d -- -- -- -- -- -- 9a 1a e3 -- -- -- -- -- -- c1 d1 -- -- -- -- -- -- -- -- -- -- cc -- -- -- b3  6 -- -- -- -- d8 d7 -- -- -- -- e6 -- 36 -- a5 -- -- -- 2b d0 -- -- 16 a8 18 eb fb 44 b5 51 69 -- f2 -- -- -- ce d4 c9 61 -- -- -- -- -- 9b 

solutions so far:0 maxDepth:10 
iterations:53092909  skipped: 15 
Depth skipped: 
0 0 15 0 0 0 0 0 0 0 0 0 0 0 0 0 0 0 0 0 0 0 0 0 0 0 0 0 0 0 0 0 

running time: 6000 sec
 depth:7
 0  1  2  3  4  5  6  7  8  9  a  b  c  d  e  f 10 11 12 13 14 15 16 17 18 19 1a 1b 1c 1d 1e 1f 20 21 22 23 24 25 26 27 28 29 2a 2b 2c 2d 2e 2f 30 31 32 33 34 35 36 37 38 39 3a 3b 3c 3d 3e 3f 40 41 42 43 44 45 46 47 48 49 4a 4b 4c 4d 4e 4f 50 51 52 53 54 55 56 57 58 59 5a 5b 5c 5d 5e 5f 60 61 62 63 64 65 66 67 68 69 6a 6b 6c 6d 6e 6f 70 71 72 73 74 75 76 77 78 79 7a 7b 7c 7d 7e 7f 80 81 82 83 84 85 86 87 88 89 8a 8b 8c 8d 8e 8f 90 91 92 93 94 95 96 97 98 99 9a 9b 9c 9d 9e 9f a0 a1 a2 a3 a4 a5 a6 a7 a8 a9 aa ab ac ad ae af b0 b1 b2 b3 b4 b5 b6 b7 b8 b9 ba bb bc bd be bf c0 c1 c2 c3 c4 c5 c6 c7 c8 c9 ca cb cc cd ce cf d0 d1 d2 d3 d4 d5 d6 d7 d8 d9 da db dc dd de df e0 e1 e2 e3 e4 e5 e6 e7 e8 e9 ea eb ec ed ee ef f0 f1 f2 f3 f4 f5 f6 f7 f8 f9 fa fb fc fd fe ff 
 0  1  2 30  4 7f 60 96  8  7 fe 6e c0 ec fb 19 10 --  e -- 2b -- dc 69 57 --  f -- 21 d8 32 b8 20 -- -- -- 1c 8a -- 1d 56 93 -- -- 6f -- d2 -- ae -- -- 33 1e -- -- 8e 42 17 67 4c 64 -- a7 -- 40 -- -- -- -- -- -- -- 38 -- c3 -- -- -- 3a 4f ac -- f1 -- -- 75 -- 55 de -- -- -- 73 -- -- -- 8b -- -- -- -- -- 66 -- 3c -- -- 71 -- -- cb 82 84 -- 2e -- ce  c 98 f0 c8 79 -- 13 99 -- -- -- 80 -- --  3 -- -- -- -- -- -- -- 83 -- -- -- -- 70 -- -- -- 51 -- -- c9 -- 36 -- -- 74 3b 9e 6a 8f -- -- -- 35 f6 -- 1b -- -- ea -- -- -- aa -- 6b -- -- -- -- -- -- d6 e6 7b -- -- -- -- -- -- c1 d1 -- -- -- -- -- -- -- -- -- -- cc -- -- -- 78  6 -- -- -- -- e2 d7 -- -- -- -- 41 -- d3 -- df -- -- -- 5c 6c -- -- 4b d4 18 eb e7 76 37 e8 47 -- f2 -- -- -- 26 e0 e5 45 -- -- -- -- -- a2 

solutions so far:0 maxDepth:10 
iterations:56899501  skipped: 15 
Depth skipped: 
0 0 15 0 0 0 0 0 0 0 0 0 0 0 0 0 0 0 0 0 0 0 0 0 0 0 0 0 0 0 0 0 

running time: 6300 sec
 depth:6
 0  1  2  3  4  5  6  7  8  9  a  b  c  d  e  f 10 11 12 13 14 15 16 17 18 19 1a 1b 1c 1d 1e 1f 20 21 22 23 24 25 26 27 28 29 2a 2b 2c 2d 2e 2f 30 31 32 33 34 35 36 37 38 39 3a 3b 3c 3d 3e 3f 40 41 42 43 44 45 46 47 48 49 4a 4b 4c 4d 4e 4f 50 51 52 53 54 55 56 57 58 59 5a 5b 5c 5d 5e 5f 60 61 62 63 64 65 66 67 68 69 6a 6b 6c 6d 6e 6f 70 71 72 73 74 75 76 77 78 79 7a 7b 7c 7d 7e 7f 80 81 82 83 84 85 86 87 88 89 8a 8b 8c 8d 8e 8f 90 91 92 93 94 95 96 97 98 99 9a 9b 9c 9d 9e 9f a0 a1 a2 a3 a4 a5 a6 a7 a8 a9 aa ab ac ad ae af b0 b1 b2 b3 b4 b5 b6 b7 b8 b9 ba bb bc bd be bf c0 c1 c2 c3 c4 c5 c6 c7 c8 c9 ca cb cc cd ce cf d0 d1 d2 d3 d4 d5 d6 d7 d8 d9 da db dc dd de df e0 e1 e2 e3 e4 e5 e6 e7 e8 e9 ea eb ec ed ee ef f0 f1 f2 f3 f4 f5 f6 f7 f8 f9 fa fb fc fd fe ff 
 0  1  2 30  4 77 60 f4  8 b8 ee b2 c0 e3 3f -- 10 -- a7 --  b -- b3 bc 57 -- 11 -- 7e 91 --  e 20 -- -- -- 99 b9 -- e0 16  d -- -- b1 -- af -- ae -- -- 33 22 -- -- -- fc 74 f5 -- -- -- 1c -- 40 -- -- -- -- -- -- -- e5 -- a5 -- -- -- 17 4f 2c -- 1a -- -- 75 -- 55 b5 -- -- -- 89 -- -- -- 8b -- -- -- -- -- 66 -- 44 -- -- -- -- -- -- -- 2f -- e8 -- 3d  c -- c7 -- 79 -- -- 38 -- -- -- 80 -- --  3 -- -- -- -- -- -- -- 83 -- -- -- -- 1d -- -- -- 9d -- -- b0 -- ba -- -- 2e 4d 9e 68 58 -- -- -- 34 cd -- 5d -- -- ea -- -- -- aa -- bd -- -- -- -- -- -- ad c5 8d -- -- -- -- -- -- c1 d1 -- -- -- -- -- -- -- -- -- -- cc -- -- -- 88  6 -- -- -- -- -- d7 -- -- -- -- -- -- -- -- 5e -- -- --  7 a3 -- -- 7a d0 18 eb -- 9a 59 5c -- -- f2 -- -- -- -- 3a 70 b7 -- -- -- -- -- ed 

solutions so far:0 maxDepth:10 
iterations:60092545  skipped: 17 
Depth skipped: 
0 0 17 0 0 0 0 0 0 0 0 0 0 0 0 0 0 0 0 0 0 0 0 0 0 0 0 0 0 0 0 0 

running time: 6600 sec
 depth:7
 0  1  2  3  4  5  6  7  8  9  a  b  c  d  e  f 10 11 12 13 14 15 16 17 18 19 1a 1b 1c 1d 1e 1f 20 21 22 23 24 25 26 27 28 29 2a 2b 2c 2d 2e 2f 30 31 32 33 34 35 36 37 38 39 3a 3b 3c 3d 3e 3f 40 41 42 43 44 45 46 47 48 49 4a 4b 4c 4d 4e 4f 50 51 52 53 54 55 56 57 58 59 5a 5b 5c 5d 5e 5f 60 61 62 63 64 65 66 67 68 69 6a 6b 6c 6d 6e 6f 70 71 72 73 74 75 76 77 78 79 7a 7b 7c 7d 7e 7f 80 81 82 83 84 85 86 87 88 89 8a 8b 8c 8d 8e 8f 90 91 92 93 94 95 96 97 98 99 9a 9b 9c 9d 9e 9f a0 a1 a2 a3 a4 a5 a6 a7 a8 a9 aa ab ac ad ae af b0 b1 b2 b3 b4 b5 b6 b7 b8 b9 ba bb bc bd be bf c0 c1 c2 c3 c4 c5 c6 c7 c8 c9 ca cb cc cd ce cf d0 d1 d2 d3 d4 d5 d6 d7 d8 d9 da db dc dd de df e0 e1 e2 e3 e4 e5 e6 e7 e8 e9 ea eb ec ed ee ef f0 f1 f2 f3 f4 f5 f6 f7 f8 f9 fa fb fc fd fe ff 
 0  1  2 30  4 72 60 84  8 b5 e4 31 c0 23 df 61 10 -- bd -- 1f -- 62 1b 57 -- 46 -- 69 96 c2 22 20 -- -- -- ad 9c -- 59 3e 24 -- -- c4 -- 36 -- ae -- -- 33 8c -- -- e1 d2 9a fb 43 53 -- 44 -- 40 -- -- -- -- -- -- -- 8d -- ef -- -- -- b2 4f 7c -- 48 -- -- 75 -- 55 5f -- -- -- 6c -- -- -- 8b -- -- -- -- -- 66 -- cf -- -- 87 -- -- 15 54 73 -- e3 -- 21  c 86 92 a6 79 -- 65 88 -- -- -- 80 -- --  3 -- -- -- -- -- -- -- 83 -- -- -- -- cd -- -- --  9 -- -- 27 -- ce -- -- b3 7d 9e f7 f8 -- -- -- 90 d5 -- 67 -- -- ea -- -- -- aa -- be -- -- -- -- -- -- ab d8 81 -- -- -- -- -- -- c1 d1 -- -- -- -- -- -- -- -- -- -- cc -- -- -- 49  6 -- -- -- -- d9 d7 -- -- -- -- 2a -- a8 -- e6 -- -- -- 11 4b -- -- 42 39 18 eb db fa f3 b1 9b -- f2 -- -- -- ca 4d c7 4e -- -- -- -- -- 12 

solutions so far:0 maxDepth:10 
iterations:63182764  skipped: 17 
Depth skipped: 
0 0 17 0 0 0 0 0 0 0 0 0 0 0 0 0 0 0 0 0 0 0 0 0 0 0 0 0 0 0 0 0 

running time: 6900 sec
 depth:7
 0  1  2  3  4  5  6  7  8  9  a  b  c  d  e  f 10 11 12 13 14 15 16 17 18 19 1a 1b 1c 1d 1e 1f 20 21 22 23 24 25 26 27 28 29 2a 2b 2c 2d 2e 2f 30 31 32 33 34 35 36 37 38 39 3a 3b 3c 3d 3e 3f 40 41 42 43 44 45 46 47 48 49 4a 4b 4c 4d 4e 4f 50 51 52 53 54 55 56 57 58 59 5a 5b 5c 5d 5e 5f 60 61 62 63 64 65 66 67 68 69 6a 6b 6c 6d 6e 6f 70 71 72 73 74 75 76 77 78 79 7a 7b 7c 7d 7e 7f 80 81 82 83 84 85 86 87 88 89 8a 8b 8c 8d 8e 8f 90 91 92 93 94 95 96 97 98 99 9a 9b 9c 9d 9e 9f a0 a1 a2 a3 a4 a5 a6 a7 a8 a9 aa ab ac ad ae af b0 b1 b2 b3 b4 b5 b6 b7 b8 b9 ba bb bc bd be bf c0 c1 c2 c3 c4 c5 c6 c7 c8 c9 ca cb cc cd ce cf d0 d1 d2 d3 d4 d5 d6 d7 d8 d9 da db dc dd de df e0 e1 e2 e3 e4 e5 e6 e7 e8 e9 ea eb ec ed ee ef f0 f1 f2 f3 f4 f5 f6 f7 f8 f9 fa fb fc fd fe ff 
 0  1  2 30  4 6a 60 a1  8 d9 d4 59 c0 9a 95 62 10 -- 65 -- 7f -- b2 bf 57 -- e3 -- fd c6 c4 a6 20 -- -- -- ca c9 -- 2a fe 51 -- -- b3 -- a9 -- ae -- -- 33 11 -- -- 81 2d 61 5b 92 5f -- 9b -- 40 -- -- -- -- -- -- -- 43 -- 45 -- -- -- 54 4f 2b -- a2 -- -- 75 -- 55 b1 -- -- -- 85 -- -- -- 8b -- -- -- -- -- 66 -- 22 -- -- 46 -- -- d5 fa 5a -- c2 -- b6  c f3 88 be 79 -- cf e1 -- -- -- 80 -- --  3 -- -- -- -- -- -- -- 83 -- -- -- -- 86 -- -- -- 8a -- -- ac -- da -- -- a8 cd 9e f1 56 -- -- -- 93 8d -- 6d -- -- ea -- -- -- aa -- b5 -- -- -- -- -- -- bd dd ad -- -- -- -- -- -- c1 d1 -- -- -- -- -- -- -- -- -- -- cc -- -- -- 44  6 -- -- -- -- 8c d7 -- -- -- -- 7d -- 23 -- b4 -- -- -- 53 63 -- -- bb 35 18 eb 31 4d c7 87 ab -- f2 -- -- -- 49 db 15 8f -- -- -- -- -- c3 

solutions so far:0 maxDepth:10 
iterations:67276800  skipped: 18 
Depth skipped: 
0 0 18 0 0 0 0 0 0 0 0 0 0 0 0 0 0 0 0 0 0 0 0 0 0 0 0 0 0 0 0 0 

running time: 7200 sec
 depth:7
 0  1  2  3  4  5  6  7  8  9  a  b  c  d  e  f 10 11 12 13 14 15 16 17 18 19 1a 1b 1c 1d 1e 1f 20 21 22 23 24 25 26 27 28 29 2a 2b 2c 2d 2e 2f 30 31 32 33 34 35 36 37 38 39 3a 3b 3c 3d 3e 3f 40 41 42 43 44 45 46 47 48 49 4a 4b 4c 4d 4e 4f 50 51 52 53 54 55 56 57 58 59 5a 5b 5c 5d 5e 5f 60 61 62 63 64 65 66 67 68 69 6a 6b 6c 6d 6e 6f 70 71 72 73 74 75 76 77 78 79 7a 7b 7c 7d 7e 7f 80 81 82 83 84 85 86 87 88 89 8a 8b 8c 8d 8e 8f 90 91 92 93 94 95 96 97 98 99 9a 9b 9c 9d 9e 9f a0 a1 a2 a3 a4 a5 a6 a7 a8 a9 aa ab ac ad ae af b0 b1 b2 b3 b4 b5 b6 b7 b8 b9 ba bb bc bd be bf c0 c1 c2 c3 c4 c5 c6 c7 c8 c9 ca cb cc cd ce cf d0 d1 d2 d3 d4 d5 d6 d7 d8 d9 da db dc dd de df e0 e1 e2 e3 e4 e5 e6 e7 e8 e9 ea eb ec ed ee ef f0 f1 f2 f3 f4 f5 f6 f7 f8 f9 fa fb fc fd fe ff 
 0  1  2 30  4 5f 60 5e  8 ed be 3e c0 48 bc 6a 10 --  d -- ab -- 7c ba 57 -- 90 -- af 3f d4 16 20 -- -- -- 1a 46 -- b7 81 92 -- -- f8 -- a3 -- ae -- -- 33 f7 -- -- 56 89 77 7e 93 7f -- 2c -- 40 -- -- -- -- -- -- -- 34 -- 8c -- -- -- b9 4f d5 -- f3 -- -- 75 -- 55 27 -- -- -- 91 -- -- -- 8b -- -- -- -- -- 66 -- 39 -- -- 8a -- -- ac c9 c5 -- ee -- fc  c f1 e4 fe 79 -- 51 58 -- -- -- 80 -- --  3 -- -- -- -- -- -- -- 83 -- -- -- -- 68 -- -- -- cf -- -- fa -- 7a -- -- a5 12 9e 62 7d -- -- -- 31  9 -- 3d -- -- ea -- -- -- aa -- 4e -- -- -- -- -- -- 9c f5 ef -- -- -- -- -- -- c1 d1 -- -- -- -- -- -- -- -- -- -- cc -- -- -- 72  6 -- -- -- -- c3 d7 -- -- -- -- 8f -- 45 -- 5d -- -- --  b f4 -- -- 2f c4 18 eb 35 24 1f 9d 2b -- f2 -- -- -- a2 d0 b0 23 -- -- -- -- -- 49 

solutions so far:0 maxDepth:10 
iterations:71438253  skipped: 20 
Depth skipped: 
0 0 20 0 0 0 0 0 0 0 0 0 0 0 0 0 0 0 0 0 0 0 0 0 0 0 0 0 0 0 0 0 

running time: 7500 sec
 depth:7
 0  1  2  3  4  5  6  7  8  9  a  b  c  d  e  f 10 11 12 13 14 15 16 17 18 19 1a 1b 1c 1d 1e 1f 20 21 22 23 24 25 26 27 28 29 2a 2b 2c 2d 2e 2f 30 31 32 33 34 35 36 37 38 39 3a 3b 3c 3d 3e 3f 40 41 42 43 44 45 46 47 48 49 4a 4b 4c 4d 4e 4f 50 51 52 53 54 55 56 57 58 59 5a 5b 5c 5d 5e 5f 60 61 62 63 64 65 66 67 68 69 6a 6b 6c 6d 6e 6f 70 71 72 73 74 75 76 77 78 79 7a 7b 7c 7d 7e 7f 80 81 82 83 84 85 86 87 88 89 8a 8b 8c 8d 8e 8f 90 91 92 93 94 95 96 97 98 99 9a 9b 9c 9d 9e 9f a0 a1 a2 a3 a4 a5 a6 a7 a8 a9 aa ab ac ad ae af b0 b1 b2 b3 b4 b5 b6 b7 b8 b9 ba bb bc bd be bf c0 c1 c2 c3 c4 c5 c6 c7 c8 c9 ca cb cc cd ce cf d0 d1 d2 d3 d4 d5 d6 d7 d8 d9 da db dc dd de df e0 e1 e2 e3 e4 e5 e6 e7 e8 e9 ea eb ec ed ee ef f0 f1 f2 f3 f4 f5 f6 f7 f8 f9 fa fb fc fd fe ff 
 0  1  2 30  4 56 60 28  8 7c ac 1b c0 42 50 8c 10 -- f8 -- 8f -- 36 4a 57 -- 84 -- a0 e9 cf 48 20 -- -- -- 27 a2 -- 72 c9 6a -- -- 6c -- 94 -- ae -- -- 33 df -- -- 31 97  9  5 fa 49 -- 90 -- 40 -- -- -- -- -- -- -- 4e -- 93 -- -- -- e4 4f 45 -- d4 -- -- 75 -- 55 d8 -- -- -- ff -- -- -- 8b -- -- -- -- -- 66 -- 69 -- -- ab -- -- 62 5f f9 -- 12 --  a  c 23 73 92 79 -- d5 f7 -- -- -- 80 -- --  3 -- -- -- -- -- -- -- 83 -- -- -- -- 9c -- -- -- f1 -- -- c3 -- a4 -- -- 1f fb 9e fe 8a -- -- -- 7f 96 -- 52 -- -- ea -- -- -- aa -- 67 -- -- -- -- -- -- ce 29 4b -- -- -- -- -- -- c1 d1 -- -- -- -- -- -- -- -- -- -- cc -- -- -- d2  6 -- -- -- -- 81 d7 -- -- -- -- c4 -- be -- 25 -- -- -- 24 9f -- -- 14 2b 18 eb 46 21 e6 3e f3 -- f2 -- -- -- 7d ef 39 51 -- -- -- -- -- 35 

solutions so far:0 maxDepth:10 
iterations:75760108  skipped: 22 
Depth skipped: 
0 0 22 0 0 0 0 0 0 0 0 0 0 0 0 0 0 0 0 0 0 0 0 0 0 0 0 0 0 0 0 0 

running time: 7800 sec
 depth:6
 0  1  2  3  4  5  6  7  8  9  a  b  c  d  e  f 10 11 12 13 14 15 16 17 18 19 1a 1b 1c 1d 1e 1f 20 21 22 23 24 25 26 27 28 29 2a 2b 2c 2d 2e 2f 30 31 32 33 34 35 36 37 38 39 3a 3b 3c 3d 3e 3f 40 41 42 43 44 45 46 47 48 49 4a 4b 4c 4d 4e 4f 50 51 52 53 54 55 56 57 58 59 5a 5b 5c 5d 5e 5f 60 61 62 63 64 65 66 67 68 69 6a 6b 6c 6d 6e 6f 70 71 72 73 74 75 76 77 78 79 7a 7b 7c 7d 7e 7f 80 81 82 83 84 85 86 87 88 89 8a 8b 8c 8d 8e 8f 90 91 92 93 94 95 96 97 98 99 9a 9b 9c 9d 9e 9f a0 a1 a2 a3 a4 a5 a6 a7 a8 a9 aa ab ac ad ae af b0 b1 b2 b3 b4 b5 b6 b7 b8 b9 ba bb bc bd be bf c0 c1 c2 c3 c4 c5 c6 c7 c8 c9 ca cb cc cd ce cf d0 d1 d2 d3 d4 d5 d6 d7 d8 d9 da db dc dd de df e0 e1 e2 e3 e4 e5 e6 e7 e8 e9 ea eb ec ed ee ef f0 f1 f2 f3 f4 f5 f6 f7 f8 f9 fa fb fc fd fe ff 
 0  1  2 30  4 49 60 3b  8 7a 92 bb c0 dd 76 -- 10 -- f4 -- f3 -- a1 78 57 -- 6d -- ec 6b -- 89 20 -- -- -- 3f ab -- a3 31 fa -- -- 95 -- f0 -- ae -- -- 33 da -- -- --  f 5e d6 -- -- -- c5 -- 40 -- -- -- -- -- -- -- 7e -- 81 -- -- -- 91 4f 62 -- 23 -- -- 75 -- 55 fd -- -- -- 37 -- -- -- 8b -- -- -- -- -- 66 -- 63 -- -- -- -- -- -- -- 1e -- bc -- 7b  c -- 5b -- 79 -- -- 5d -- -- -- 80 -- --  3 -- -- -- -- -- -- -- 83 -- -- -- -- fc -- -- -- d5 -- -- 5f -- 6f -- -- f5 a9 9e 8c c4 -- -- -- 46 bf -- dc -- -- ea -- -- -- aa -- 2d -- -- -- -- -- -- 5a 6e b4 -- -- -- -- -- -- c1 d1 -- -- -- -- -- -- -- -- -- -- cc -- -- -- c6  6 -- -- -- -- -- d7 -- -- -- -- -- -- -- -- 3c -- -- -- af de -- -- f6 cf 18 eb -- 85 b6 3d -- -- f2 -- -- -- -- 2f ba be -- -- -- -- -- 7d 

solutions so far:0 maxDepth:10 
iterations:80598494  skipped: 24 
Depth skipped: 
0 0 24 0 0 0 0 0 0 0 0 0 0 0 0 0 0 0 0 0 0 0 0 0 0 0 0 0 0 0 0 0 

running time: 8100 sec
 depth:6
 0  1  2  3  4  5  6  7  8  9  a  b  c  d  e  f 10 11 12 13 14 15 16 17 18 19 1a 1b 1c 1d 1e 1f 20 21 22 23 24 25 26 27 28 29 2a 2b 2c 2d 2e 2f 30 31 32 33 34 35 36 37 38 39 3a 3b 3c 3d 3e 3f 40 41 42 43 44 45 46 47 48 49 4a 4b 4c 4d 4e 4f 50 51 52 53 54 55 56 57 58 59 5a 5b 5c 5d 5e 5f 60 61 62 63 64 65 66 67 68 69 6a 6b 6c 6d 6e 6f 70 71 72 73 74 75 76 77 78 79 7a 7b 7c 7d 7e 7f 80 81 82 83 84 85 86 87 88 89 8a 8b 8c 8d 8e 8f 90 91 92 93 94 95 96 97 98 99 9a 9b 9c 9d 9e 9f a0 a1 a2 a3 a4 a5 a6 a7 a8 a9 aa ab ac ad ae af b0 b1 b2 b3 b4 b5 b6 b7 b8 b9 ba bb bc bd be bf c0 c1 c2 c3 c4 c5 c6 c7 c8 c9 ca cb cc cd ce cf d0 d1 d2 d3 d4 d5 d6 d7 d8 d9 da db dc dd de df e0 e1 e2 e3 e4 e5 e6 e7 e8 e9 ea eb ec ed ee ef f0 f1 f2 f3 f4 f5 f6 f7 f8 f9 fa fb fc fd fe ff 
 0  1  2 30  4 42 60 23  8 8e 84 e8 c0 b8 46 -- 10 -- cb -- df --  7 f3 57 -- a7 -- 8c 81 -- 4c 20 -- -- -- 41 36 -- 32 69 ce -- --  e -- 31 -- ae -- -- 33 99 -- -- -- cf e2 d5 -- -- -- 98 -- 40 -- -- -- -- -- -- -- 82 -- 6c -- -- -- 64 4f d2 -- 4b -- -- 75 -- 55 1c -- -- -- 62 -- -- -- 8b -- -- -- -- -- 66 -- e5 -- -- -- -- -- -- -- 49 -- 13 -- 7d  c -- 3a -- 79 -- -- e7 -- -- -- 80 -- --  3 -- -- -- -- -- -- -- 83 -- -- -- -- d3 -- -- -- d8 -- -- e6 -- be -- -- c8 2e 9e fb 73 -- -- -- 96 17 -- 5f -- -- ea -- -- -- aa -- 38 -- -- -- -- -- -- 70 c4 e0 -- -- -- -- -- -- c1 d1 -- -- -- -- -- -- -- -- -- -- cc -- -- -- 1d  6 -- -- -- -- -- d7 -- -- -- -- -- -- -- -- 92 -- -- -- 26 ab -- -- fa 21 18 eb -- 5c 74 47 -- -- f2 -- -- -- -- 71 19 1b -- -- -- -- -- 67 

solutions so far:0 maxDepth:10 
iterations:85568142  skipped: 24 
Depth skipped: 
0 0 24 0 0 0 0 0 0 0 0 0 0 0 0 0 0 0 0 0 0 0 0 0 0 0 0 0 0 0 0 0 

running time: 8400 sec
 depth:7
 0  1  2  3  4  5  6  7  8  9  a  b  c  d  e  f 10 11 12 13 14 15 16 17 18 19 1a 1b 1c 1d 1e 1f 20 21 22 23 24 25 26 27 28 29 2a 2b 2c 2d 2e 2f 30 31 32 33 34 35 36 37 38 39 3a 3b 3c 3d 3e 3f 40 41 42 43 44 45 46 47 48 49 4a 4b 4c 4d 4e 4f 50 51 52 53 54 55 56 57 58 59 5a 5b 5c 5d 5e 5f 60 61 62 63 64 65 66 67 68 69 6a 6b 6c 6d 6e 6f 70 71 72 73 74 75 76 77 78 79 7a 7b 7c 7d 7e 7f 80 81 82 83 84 85 86 87 88 89 8a 8b 8c 8d 8e 8f 90 91 92 93 94 95 96 97 98 99 9a 9b 9c 9d 9e 9f a0 a1 a2 a3 a4 a5 a6 a7 a8 a9 aa ab ac ad ae af b0 b1 b2 b3 b4 b5 b6 b7 b8 b9 ba bb bc bd be bf c0 c1 c2 c3 c4 c5 c6 c7 c8 c9 ca cb cc cd ce cf d0 d1 d2 d3 d4 d5 d6 d7 d8 d9 da db dc dd de df e0 e1 e2 e3 e4 e5 e6 e7 e8 e9 ea eb ec ed ee ef f0 f1 f2 f3 f4 f5 f6 f7 f8 f9 fa fb fc fd fe ff 
 0  1  2 30  4 34 60 4c  8  7 68  f c0 6b 98 59 10 --  e -- d0 -- 1e c8 57 -- d6 -- e7 71 b2 b8 20 -- -- -- 1c 58 -- 1d 77 a5 -- -- 3c -- 47 -- ae -- -- 33 7b -- -- bd 19 17 e2 44 b3 -- a7 -- 40 -- -- -- -- -- -- -- 38 -- b0 -- -- -- 3a 4f ee -- 9d -- -- 75 -- 55 78 -- -- -- 8e -- -- -- 8b -- -- -- -- -- 66 -- f6 -- -- 9a -- -- ad cd 32 -- 2e -- 13  c 88 76 b1 79 -- 11 99 -- -- -- 80 -- --  3 -- -- -- -- -- -- -- 83 -- -- -- -- 70 -- -- -- b7 -- -- 16 -- 82 -- -- 74 6f 9e  d  b -- -- -- ed dc -- 41 -- -- ea -- -- -- aa -- f0 -- -- -- -- -- -- 37 cb 6e -- -- -- -- -- -- c1 d1 -- -- -- -- -- -- -- -- -- -- cc -- -- -- 3b  6 -- -- -- -- e3 d7 -- -- -- -- 8d -- 4d -- 64 -- -- -- 5c d3 -- -- 26 1a 18 eb c7 de ec e8 b5 -- f2 -- -- -- 22 e0 e5 2c -- -- -- -- -- b9 

solutions so far:0 maxDepth:10 
iterations:90954077  skipped: 27 
Depth skipped: 
0 0 27 0 0 0 0 0 0 0 0 0 0 0 0 0 0 0 0 0 0 0 0 0 0 0 0 0 0 0 0 0 

running time: 8700 sec
 depth:7
 0  1  2  3  4  5  6  7  8  9  a  b  c  d  e  f 10 11 12 13 14 15 16 17 18 19 1a 1b 1c 1d 1e 1f 20 21 22 23 24 25 26 27 28 29 2a 2b 2c 2d 2e 2f 30 31 32 33 34 35 36 37 38 39 3a 3b 3c 3d 3e 3f 40 41 42 43 44 45 46 47 48 49 4a 4b 4c 4d 4e 4f 50 51 52 53 54 55 56 57 58 59 5a 5b 5c 5d 5e 5f 60 61 62 63 64 65 66 67 68 69 6a 6b 6c 6d 6e 6f 70 71 72 73 74 75 76 77 78 79 7a 7b 7c 7d 7e 7f 80 81 82 83 84 85 86 87 88 89 8a 8b 8c 8d 8e 8f 90 91 92 93 94 95 96 97 98 99 9a 9b 9c 9d 9e 9f a0 a1 a2 a3 a4 a5 a6 a7 a8 a9 aa ab ac ad ae af b0 b1 b2 b3 b4 b5 b6 b7 b8 b9 ba bb bc bd be bf c0 c1 c2 c3 c4 c5 c6 c7 c8 c9 ca cb cc cd ce cf d0 d1 d2 d3 d4 d5 d6 d7 d8 d9 da db dc dd de df e0 e1 e2 e3 e4 e5 e6 e7 e8 e9 ea eb ec ed ee ef f0 f1 f2 f3 f4 f5 f6 f7 f8 f9 fa fb fc fd fe ff 
 0  1  2 30  4 27 60 e3  8 68 4e 5c c0  e 11 6c 10 -- d0 -- 9c -- b8 59 57 -- 1c -- 22 8d d8 b7 20 -- -- -- 77 90 -- ed ef e4 -- -- a7 -- b2 -- ae -- -- 33 38 -- -- 96 44 2c cd e6 67 -- b9 -- 40 -- -- -- -- -- -- -- ee -- f7 -- -- --  d 4f  9 -- 1f -- -- 75 -- 55 99 -- -- -- b3 -- -- -- 8b -- -- -- -- -- 66 -- 70 -- -- df -- -- fb 42 88 -- 58 -- 4d  c 1b 17 ce 79 -- d2 a5 -- -- -- 80 -- --  3 -- -- -- -- -- -- -- 83 -- -- -- --  b -- -- -- 39 -- -- 24 -- bd -- -- 1a e8 9e 7c 12 -- -- -- 3e 74 -- b5 -- -- ea -- -- -- aa -- e5 -- -- -- -- -- -- 1d b1 3a -- -- -- -- -- -- c1 d1 -- -- -- -- -- -- -- -- -- -- cc -- -- -- e0  6 -- -- -- -- 69 d7 -- -- -- -- 21 -- 84 -- c7 -- -- -- b0 ad -- -- 9a f8 18 eb 36  7 2e 34 4b -- f2 -- -- -- 73 16 9d 48 -- -- -- -- -- 72 

solutions so far:0 maxDepth:10 
iterations:96844751  skipped: 29 
Depth skipped: 
0 0 29 0 0 0 0 0 0 0 0 0 0 0 0 0 0 0 0 0 0 0 0 0 0 0 0 0 0 0 0 0 

running time: 9000 sec
 depth:6
 0  1  2  3  4  5  6  7  8  9  a  b  c  d  e  f 10 11 12 13 14 15 16 17 18 19 1a 1b 1c 1d 1e 1f 20 21 22 23 24 25 26 27 28 29 2a 2b 2c 2d 2e 2f 30 31 32 33 34 35 36 37 38 39 3a 3b 3c 3d 3e 3f 40 41 42 43 44 45 46 47 48 49 4a 4b 4c 4d 4e 4f 50 51 52 53 54 55 56 57 58 59 5a 5b 5c 5d 5e 5f 60 61 62 63 64 65 66 67 68 69 6a 6b 6c 6d 6e 6f 70 71 72 73 74 75 76 77 78 79 7a 7b 7c 7d 7e 7f 80 81 82 83 84 85 86 87 88 89 8a 8b 8c 8d 8e 8f 90 91 92 93 94 95 96 97 98 99 9a 9b 9c 9d 9e 9f a0 a1 a2 a3 a4 a5 a6 a7 a8 a9 aa ab ac ad ae af b0 b1 b2 b3 b4 b5 b6 b7 b8 b9 ba bb bc bd be bf c0 c1 c2 c3 c4 c5 c6 c7 c8 c9 ca cb cc cd ce cf d0 d1 d2 d3 d4 d5 d6 d7 d8 d9 da db dc dd de df e0 e1 e2 e3 e4 e5 e6 e7 e8 e9 ea eb ec ed ee ef f0 f1 f2 f3 f4 f5 f6 f7 f8 f9 fa fb fc fd fe ff 
 0  1  2 30  4 1a 60 39  8 f6 34 61 c0 87 72 -- 10 -- 3b -- 68 -- c2 f8 57 -- d9 -- e4 24 -- 37 20 -- -- -- 76 2c -- de d0 b9 -- -- 53 -- 27 -- ae -- -- 33 65 -- -- -- 1f 3c 48 -- -- -- 6e -- 40 -- -- -- -- -- -- -- ec -- 58 -- -- -- 6b 4f 77 -- a5 -- -- 75 -- 55 a6 -- -- -- 4e -- -- -- 8b -- -- -- -- -- 66 -- ca -- -- -- -- -- -- -- 3e -- 78 -- 90  c -- 86 -- 79 -- -- dc -- -- -- 80 -- --  3 -- -- -- -- -- -- -- 83 -- -- -- --  f -- -- -- b0 -- --  b --  9 -- -- d6 54 9e ed ee -- -- -- 9d 2a -- ef -- -- ea -- -- -- aa -- 9b -- -- -- -- -- -- e1 9c 15 -- -- -- -- -- -- c1 d1 -- -- -- -- -- -- -- -- -- -- cc -- -- -- 43  6 -- -- -- -- -- d7 -- -- -- -- -- -- -- -- 7c -- -- -- f0 12 -- -- f7  d 18 eb -- a8 db 7b -- -- f2 -- -- -- -- 1e 6f 16 -- -- -- -- -- b7 

solutions so far:0 maxDepth:10 
iterations:102893370  skipped: 31 
Depth skipped: 
0 0 31 0 0 0 0 0 0 0 0 0 0 0 0 0 0 0 0 0 0 0 0 0 0 0 0 0 0 0 0 0 

running time: 9300 sec
 depth:8
 0  1  2  3  4  5  6  7  8  9  a  b  c  d  e  f 10 11 12 13 14 15 16 17 18 19 1a 1b 1c 1d 1e 1f 20 21 22 23 24 25 26 27 28 29 2a 2b 2c 2d 2e 2f 30 31 32 33 34 35 36 37 38 39 3a 3b 3c 3d 3e 3f 40 41 42 43 44 45 46 47 48 49 4a 4b 4c 4d 4e 4f 50 51 52 53 54 55 56 57 58 59 5a 5b 5c 5d 5e 5f 60 61 62 63 64 65 66 67 68 69 6a 6b 6c 6d 6e 6f 70 71 72 73 74 75 76 77 78 79 7a 7b 7c 7d 7e 7f 80 81 82 83 84 85 86 87 88 89 8a 8b 8c 8d 8e 8f 90 91 92 93 94 95 96 97 98 99 9a 9b 9c 9d 9e 9f a0 a1 a2 a3 a4 a5 a6 a7 a8 a9 aa ab ac ad ae af b0 b1 b2 b3 b4 b5 b6 b7 b8 b9 ba bb bc bd be bf c0 c1 c2 c3 c4 c5 c6 c7 c8 c9 ca cb cc cd ce cf d0 d1 d2 d3 d4 d5 d6 d7 d8 d9 da db dc dd de df e0 e1 e2 e3 e4 e5 e6 e7 e8 e9 ea eb ec ed ee ef f0 f1 f2 f3 f4 f5 f6 f7 f8 f9 fa fb fc fd fe ff 
 0  1  2 30  4  a 60 9d  8 d3 14 4b c0 e6 ed 5f 10 db 71 -- 28 -- 96 d0 57 -- 1b --  d b0 be 32 20 -- 61 -- e2 4a -- 8e 50 52 -- -- fb -- 77 -- ae -- -- 33 36 -- -- 7d 1a 98 b7 31 ab -- 64 -- 40 -- -- -- c2 -- -- -- 13 -- 94 -- -- ca cb 4f a0 -- a4 -- -- 75 -- 55 21 9b -- -- ee -- -- -- 8b -- -- -- -- -- 66 -- 6c -- -- cf -- -- fa 46 34 -- e7 -- b9  c 62 67 81 79 -- 92 c8 -- -- -- 80 -- --  3 -- -- -- -- 53 -- -- 83 -- d9 -- -- 26 -- -- -- ff -- -- f9 -- 2c 43 -- 41 d2 9e e9 97 -- -- -- 9f 69 -- 16 -- -- ea -- -- 87 aa -- 42 2a e1 15 -- 54 -- 84  b df -- -- -- a8 -- -- c1 d1 -- -- -- -- -- a6 -- -- -- -- cc 65 -- -- d8  6 -- -- -- -- 49 d7 -- -- -- -- 23 -- 8c -- 68 -- -- 86 19 58 -- -- a5  5 18 eb c4 73 ce 82 d5 -- f2 -- -- -- f3 4c 47 25 -- -- -- -- -- 29 

solutions so far:0 maxDepth:10 
iterations:108833723  skipped: 32 
Depth skipped: 
0 0 32 0 0 0 0 0 0 0 0 0 0 0 0 0 0 0 0 0 0 0 0 0 0 0 0 0 0 0 0 0 

running time: 9600 sec

Finished. Total running time: 9620 sec
