Search S-boxes invariant for matrix: 
{0x00,0x02,0x04,0x06,0x08,0x0a,0x0c,0x0e,0x10,0x12,0x14,0x16,0x18,0x1a,0x1c,0x1e,0x20,0x22,0x24,0x26,0x28,0x2a,0x2c,0x2e,0x30,0x32,0x34,0x36,0x38,0x3a,0x3c,0x3e,0x40,0x42,0x44,0x46,0x48,0x4a,0x4c,0x4e,0x50,0x52,0x54,0x56,0x58,0x5a,0x5c,0x5e,0x60,0x62,0x64,0x66,0x68,0x6a,0x6c,0x6e,0x70,0x72,0x74,0x76,0x78,0x7a,0x7c,0x7e,0x80,0x82,0x84,0x86,0x88,0x8a,0x8c,0x8e,0x90,0x92,0x94,0x96,0x98,0x9a,0x9c,0x9e,0xa0,0xa2,0xa4,0xa6,0xa8,0xaa,0xac,0xae,0xb0,0xb2,0xb4,0xb6,0xb8,0xba,0xbc,0xbe,0xc0,0xc2,0xc4,0xc6,0xc8,0xca,0xcc,0xce,0xd0,0xd2,0xd4,0xd6,0xd8,0xda,0xdc,0xde,0xe0,0xe2,0xe4,0xe6,0xe8,0xea,0xec,0xee,0xf0,0xf2,0xf4,0xf6,0xf8,0xfa,0xfc,0xfe,0xd7,0xd5,0xd3,0xd1,0xdf,0xdd,0xdb,0xd9,0xc7,0xc5,0xc3,0xc1,0xcf,0xcd,0xcb,0xc9,0xf7,0xf5,0xf3,0xf1,0xff,0xfd,0xfb,0xf9,0xe7,0xe5,0xe3,0xe1,0xef,0xed,0xeb,0xe9,0x97,0x95,0x93,0x91,0x9f,0x9d,0x9b,0x99,0x87,0x85,0x83,0x81,0x8f,0x8d,0x8b,0x89,0xb7,0xb5,0xb3,0xb1,0xbf,0xbd,0xbb,0xb9,0xa7,0xa5,0xa3,0xa1,0xaf,0xad,0xab,0xa9,0x57,0x55,0x53,0x51,0x5f,0x5d,0x5b,0x59,0x47,0x45,0x43,0x41,0x4f,0x4d,0x4b,0x49,0x77,0x75,0x73,0x71,0x7f,0x7d,0x7b,0x79,0x67,0x65,0x63,0x61,0x6f,0x6d,0x6b,0x69,0x17,0x15,0x13,0x11,0x1f,0x1d,0x1b,0x19,0x07,0x05,0x03,0x01,0x0f,0x0d,0x0b,0x09,0x37,0x35,0x33,0x31,0x3f,0x3d,0x3b,0x39,0x27,0x25,0x23,0x21,0x2f,0x2d,0x2b,0x29};



 depth:6
 0  1  2  3  4  5  6  7  8  9  a  b  c  d  e  f 10 11 12 13 14 15 16 17 18 19 1a 1b 1c 1d 1e 1f 20 21 22 23 24 25 26 27 28 29 2a 2b 2c 2d 2e 2f 30 31 32 33 34 35 36 37 38 39 3a 3b 3c 3d 3e 3f 40 41 42 43 44 45 46 47 48 49 4a 4b 4c 4d 4e 4f 50 51 52 53 54 55 56 57 58 59 5a 5b 5c 5d 5e 5f 60 61 62 63 64 65 66 67 68 69 6a 6b 6c 6d 6e 6f 70 71 72 73 74 75 76 77 78 79 7a 7b 7c 7d 7e 7f 80 81 82 83 84 85 86 87 88 89 8a 8b 8c 8d 8e 8f 90 91 92 93 94 95 96 97 98 99 9a 9b 9c 9d 9e 9f a0 a1 a2 a3 a4 a5 a6 a7 a8 a9 aa ab ac ad ae af b0 b1 b2 b3 b4 b5 b6 b7 b8 b9 ba bb bc bd be bf c0 c1 c2 c3 c4 c5 c6 c7 c8 c9 ca cb cc cd ce cf d0 d1 d2 d3 d4 d5 d6 d7 d8 d9 da db dc dd de df e0 e1 e2 e3 e4 e5 e6 e7 e8 e9 ea eb ec ed ee ef f0 f1 f2 f3 f4 f5 f6 f7 f8 f9 fa fb fc fd fe ff 
 0  1  2 32  4 f7 64 d6  8 16 39 93 c8 8f 7b -- 10 -- 2c -- 72 -- f1  f 47 -- c9 -- f6 dc --  d 20 -- -- -- 58 27 -- d0 e4  9 -- -- 35 -- 1e -- 8e -- -- 33 45 -- -- -- 3b a5 6f -- -- -- 1a -- 40 -- -- -- -- -- -- -- b0 -- 4e -- -- -- 77 4f 1f -- 12 -- -- 13 -- 82 6a -- -- -- 3c -- -- -- cb -- -- -- -- -- 66 -- 8a -- -- -- -- -- -- -- 76 -- 9d -- de e7 -- 51 -- 79 -- -- 34 -- -- -- 80 -- -- 4c -- -- -- -- -- -- -- 71 -- -- -- -- b7 -- -- -- 9c -- -- 7c -- 37 -- -- ee 56 9e 48 3e -- -- -- 24 2b -- f0 -- -- 26 -- -- -- d3 -- d4 -- -- -- -- -- -- 7f 78 fe -- -- -- -- -- -- 41 e2 -- -- -- -- -- -- -- -- -- -- cc -- -- -- c3 98 -- -- -- -- -- d7 -- -- -- -- -- -- -- -- ec -- -- -- ed 6e -- -- 6b 90 19 eb -- ac a2  b -- -- f2 -- -- -- -- b9 68 f8 -- -- -- -- -- ef 

solutions so far:0 maxDepth:10 
iterations:2135397  skipped: 3 
Depth skipped: 
0 0 3 0 0 0 0 0 0 0 0 0 0 0 0 0 0 0 0 0 0 0 0 0 0 0 0 0 0 0 0 0 

running time: 300 sec
 depth:7
 0  1  2  3  4  5  6  7  8  9  a  b  c  d  e  f 10 11 12 13 14 15 16 17 18 19 1a 1b 1c 1d 1e 1f 20 21 22 23 24 25 26 27 28 29 2a 2b 2c 2d 2e 2f 30 31 32 33 34 35 36 37 38 39 3a 3b 3c 3d 3e 3f 40 41 42 43 44 45 46 47 48 49 4a 4b 4c 4d 4e 4f 50 51 52 53 54 55 56 57 58 59 5a 5b 5c 5d 5e 5f 60 61 62 63 64 65 66 67 68 69 6a 6b 6c 6d 6e 6f 70 71 72 73 74 75 76 77 78 79 7a 7b 7c 7d 7e 7f 80 81 82 83 84 85 86 87 88 89 8a 8b 8c 8d 8e 8f 90 91 92 93 94 95 96 97 98 99 9a 9b 9c 9d 9e 9f a0 a1 a2 a3 a4 a5 a6 a7 a8 a9 aa ab ac ad ae af b0 b1 b2 b3 b4 b5 b6 b7 b8 b9 ba bb bc bd be bf c0 c1 c2 c3 c4 c5 c6 c7 c8 c9 ca cb cc cd ce cf d0 d1 d2 d3 d4 d5 d6 d7 d8 d9 da db dc dd de df e0 e1 e2 e3 e4 e5 e6 e7 e8 e9 ea eb ec ed ee ef f0 f1 f2 f3 f4 f5 f6 f7 f8 f9 fa fb fc fd fe ff 
 0  1  2 32  4 f1 64 75  8 52 35 e5 c8 e0 ea 3c 10 -- a4 -- 6a -- 1d 30 47 -- 17 --  3 55 78 a0 20 -- -- -- 9f ac -- 4a d4 8a -- -- 3a -- 60 -- 8e -- -- 33 2e -- -- dc  6 14 aa ec f0 -- 97 -- 40 -- -- -- -- -- -- -- e9 -- 8f -- -- -- 94 4f 7f -- c3 -- -- 13 -- 82 74 -- -- -- c0 -- -- -- cb -- -- -- -- -- 66 -- 5c -- -- 7b -- -- 6f 6b  c -- 28 -- 83 e7  f a7 37 79 -- 3b f9 -- -- -- 80 -- -- 4c -- -- -- -- -- -- -- 71 -- -- -- --  5 -- -- -- c9 -- -- 2b -- 8b -- -- ff 38 9e a2 fe -- -- -- 51 1c -- ae -- -- 26 -- -- -- d3 -- e8 -- -- -- -- -- --  7 57  e -- -- -- -- -- -- 41 e2 -- -- -- -- -- -- -- -- -- -- cc -- -- -- b8 98 -- -- -- -- f6 d7 -- -- -- -- de -- d6 -- 18 -- -- -- 50 c1 -- -- d1 93 19 eb 1e 70 99 29 6e -- f2 -- -- -- 76  a 25 56 -- -- -- -- -- 45 

solutions so far:0 maxDepth:10 
iterations:4397145  skipped: 3 
Depth skipped: 
0 0 3 0 0 0 0 0 0 0 0 0 0 0 0 0 0 0 0 0 0 0 0 0 0 0 0 0 0 0 0 0 

running time: 600 sec
 depth:7
 0  1  2  3  4  5  6  7  8  9  a  b  c  d  e  f 10 11 12 13 14 15 16 17 18 19 1a 1b 1c 1d 1e 1f 20 21 22 23 24 25 26 27 28 29 2a 2b 2c 2d 2e 2f 30 31 32 33 34 35 36 37 38 39 3a 3b 3c 3d 3e 3f 40 41 42 43 44 45 46 47 48 49 4a 4b 4c 4d 4e 4f 50 51 52 53 54 55 56 57 58 59 5a 5b 5c 5d 5e 5f 60 61 62 63 64 65 66 67 68 69 6a 6b 6c 6d 6e 6f 70 71 72 73 74 75 76 77 78 79 7a 7b 7c 7d 7e 7f 80 81 82 83 84 85 86 87 88 89 8a 8b 8c 8d 8e 8f 90 91 92 93 94 95 96 97 98 99 9a 9b 9c 9d 9e 9f a0 a1 a2 a3 a4 a5 a6 a7 a8 a9 aa ab ac ad ae af b0 b1 b2 b3 b4 b5 b6 b7 b8 b9 ba bb bc bd be bf c0 c1 c2 c3 c4 c5 c6 c7 c8 c9 ca cb cc cd ce cf d0 d1 d2 d3 d4 d5 d6 d7 d8 d9 da db dc dd de df e0 e1 e2 e3 e4 e5 e6 e7 e8 e9 ea eb ec ed ee ef f0 f1 f2 f3 f4 f5 f6 f7 f8 f9 fa fb fc fd fe ff 
 0  1  2 32  4 ed 64 5a  8 76  d f9 c8  5 b4 2b 10 -- ec -- 1a -- 25 6d 47 --  a -- bf a1 56 dc 20 -- -- --  f  b -- d6 34 b0 -- -- 4a -- da -- 8e -- -- 33 14 -- -- 45 a9 f0 95 d4 ac -- 6f -- 40 -- -- -- -- -- -- -- 1e -- 16 -- -- -- 7b 4f 68 -- b7 -- -- 13 -- 82 94 -- -- -- 63 -- -- -- cb -- -- -- -- -- 66 -- 28 -- -- 93 -- -- 8a 51 85 -- 37 -- fd e7 7f a0 8f 79 -- 35 de -- -- -- 80 -- -- 4c -- -- -- -- -- -- -- 71 -- -- -- -- 3c -- -- -- 2c -- -- 77 -- b6 -- -- f6 9f 9e a5 d0 -- -- -- b9 a4 -- 5b -- -- 26 -- -- -- d3 -- ff -- -- -- -- -- -- 29 c6 52 -- -- -- -- -- -- 41 e2 -- -- -- -- -- -- -- -- -- -- cc -- -- -- 50 98 -- -- -- -- f1 d7 -- -- -- -- c3 -- a2 -- dd -- -- -- 6e bb -- -- 2d 9d 19 eb fe e9 97 3b c9 -- f2 -- -- -- 6a 78 6b ee -- -- -- -- -- 58 

solutions so far:0 maxDepth:10 
iterations:6364632  skipped: 3 
Depth skipped: 
0 0 3 0 0 0 0 0 0 0 0 0 0 0 0 0 0 0 0 0 0 0 0 0 0 0 0 0 0 0 0 0 

running time: 900 sec
 depth:5
 0  1  2  3  4  5  6  7  8  9  a  b  c  d  e  f 10 11 12 13 14 15 16 17 18 19 1a 1b 1c 1d 1e 1f 20 21 22 23 24 25 26 27 28 29 2a 2b 2c 2d 2e 2f 30 31 32 33 34 35 36 37 38 39 3a 3b 3c 3d 3e 3f 40 41 42 43 44 45 46 47 48 49 4a 4b 4c 4d 4e 4f 50 51 52 53 54 55 56 57 58 59 5a 5b 5c 5d 5e 5f 60 61 62 63 64 65 66 67 68 69 6a 6b 6c 6d 6e 6f 70 71 72 73 74 75 76 77 78 79 7a 7b 7c 7d 7e 7f 80 81 82 83 84 85 86 87 88 89 8a 8b 8c 8d 8e 8f 90 91 92 93 94 95 96 97 98 99 9a 9b 9c 9d 9e 9f a0 a1 a2 a3 a4 a5 a6 a7 a8 a9 aa ab ac ad ae af b0 b1 b2 b3 b4 b5 b6 b7 b8 b9 ba bb bc bd be bf c0 c1 c2 c3 c4 c5 c6 c7 c8 c9 ca cb cc cd ce cf d0 d1 d2 d3 d4 d5 d6 d7 d8 d9 da db dc dd de df e0 e1 e2 e3 e4 e5 e6 e7 e8 e9 ea eb ec ed ee ef f0 f1 f2 f3 f4 f5 f6 f7 f8 f9 fa fb fc fd fe ff 
 0  1  2 32  4 e6 64 7a  8  7 1b -- c8 -- f4 -- 10 --  e -- 36 -- -- 5e 47 -- -- -- 3f a3 -- b8 20 -- -- -- 1c 96 -- 1d 6c 84 -- -- -- -- bc -- 8e -- -- 33 -- -- -- -- 7e 17 91 -- -- -- a7 -- 40 -- -- -- -- -- -- -- 38 -- fb -- -- -- 3a 4f d8 -- df -- -- 13 -- 82 -- -- -- -- af -- -- -- cb -- -- -- -- -- 66 -- -- -- -- -- -- -- -- -- fc -- 2e -- f5 e7 -- -- -- 79 -- -- 99 -- -- -- 80 -- -- 4c -- -- -- -- -- -- -- 71 -- -- -- -- 70 -- -- -- 21 -- -- ce -- 5d -- -- 74 -- 9e d2 67 -- -- -- 69 -- -- c5 -- -- 26 -- -- -- d3 -- -- -- -- -- -- -- -- -- 89 -- -- -- -- -- -- -- 41 e2 -- -- -- -- -- -- -- -- -- -- cc -- -- -- -- 98 -- -- -- -- -- d7 -- -- -- -- -- -- -- -- 2f -- -- -- 5c ba -- -- 3d 73 19 eb -- -- -- e8 -- -- f2 -- -- -- -- e0 e5 4b -- -- -- -- -- 42 

solutions so far:0 maxDepth:10 
iterations:8316080  skipped: 5 
Depth skipped: 
0 0 5 0 0 0 0 0 0 0 0 0 0 0 0 0 0 0 0 0 0 0 0 0 0 0 0 0 0 0 0 0 

running time: 1200 sec
 depth:5
 0  1  2  3  4  5  6  7  8  9  a  b  c  d  e  f 10 11 12 13 14 15 16 17 18 19 1a 1b 1c 1d 1e 1f 20 21 22 23 24 25 26 27 28 29 2a 2b 2c 2d 2e 2f 30 31 32 33 34 35 36 37 38 39 3a 3b 3c 3d 3e 3f 40 41 42 43 44 45 46 47 48 49 4a 4b 4c 4d 4e 4f 50 51 52 53 54 55 56 57 58 59 5a 5b 5c 5d 5e 5f 60 61 62 63 64 65 66 67 68 69 6a 6b 6c 6d 6e 6f 70 71 72 73 74 75 76 77 78 79 7a 7b 7c 7d 7e 7f 80 81 82 83 84 85 86 87 88 89 8a 8b 8c 8d 8e 8f 90 91 92 93 94 95 96 97 98 99 9a 9b 9c 9d 9e 9f a0 a1 a2 a3 a4 a5 a6 a7 a8 a9 aa ab ac ad ae af b0 b1 b2 b3 b4 b5 b6 b7 b8 b9 ba bb bc bd be bf c0 c1 c2 c3 c4 c5 c6 c7 c8 c9 ca cb cc cd ce cf d0 d1 d2 d3 d4 d5 d6 d7 d8 d9 da db dc dd de df e0 e1 e2 e3 e4 e5 e6 e7 e8 e9 ea eb ec ed ee ef f0 f1 f2 f3 f4 f5 f6 f7 f8 f9 fa fb fc fd fe ff 
 0  1  2 32  4 e1 64 bd  8 85 15 -- c8 -- ad -- 10 -- dd -- 2a -- -- e3 47 -- -- -- 8d b2 -- a1 20 -- -- -- 6d ca -- 5a 54 61 -- -- -- -- 11 -- 8e -- -- 33 -- -- -- -- cd 5b b3 -- -- -- 95 -- 40 -- -- -- -- -- -- -- da -- 43 -- -- -- b4 4f a8 -- c2 -- -- 13 -- 82 -- -- -- -- 22 -- -- -- cb -- -- -- -- -- 66 -- -- -- -- -- -- -- -- -- 4d -- b6 -- b1 e7 -- -- -- 79 -- -- fd -- -- -- 80 -- -- 4c -- -- -- -- -- -- -- 71 -- -- -- -- 63 -- -- -- 86 -- -- d9 -- c7 -- -- bf -- 9e a6 87 -- -- -- 53 -- -- 88 -- -- 26 -- -- -- d3 -- -- -- -- -- -- -- -- -- 44 -- -- -- -- -- -- -- 41 e2 -- -- -- -- -- -- -- -- -- -- cc -- -- -- -- 98 -- -- -- -- -- d7 -- -- -- -- -- -- -- -- 9a -- -- -- bb 59 -- -- b5 9b 19 eb -- -- -- a9 -- -- f2 -- -- -- -- c6 2d 65 -- -- -- -- -- db 

solutions so far:0 maxDepth:10 
iterations:10770150  skipped: 5 
Depth skipped: 
0 0 5 0 0 0 0 0 0 0 0 0 0 0 0 0 0 0 0 0 0 0 0 0 0 0 0 0 0 0 0 0 

running time: 1500 sec
 depth:7
 0  1  2  3  4  5  6  7  8  9  a  b  c  d  e  f 10 11 12 13 14 15 16 17 18 19 1a 1b 1c 1d 1e 1f 20 21 22 23 24 25 26 27 28 29 2a 2b 2c 2d 2e 2f 30 31 32 33 34 35 36 37 38 39 3a 3b 3c 3d 3e 3f 40 41 42 43 44 45 46 47 48 49 4a 4b 4c 4d 4e 4f 50 51 52 53 54 55 56 57 58 59 5a 5b 5c 5d 5e 5f 60 61 62 63 64 65 66 67 68 69 6a 6b 6c 6d 6e 6f 70 71 72 73 74 75 76 77 78 79 7a 7b 7c 7d 7e 7f 80 81 82 83 84 85 86 87 88 89 8a 8b 8c 8d 8e 8f 90 91 92 93 94 95 96 97 98 99 9a 9b 9c 9d 9e 9f a0 a1 a2 a3 a4 a5 a6 a7 a8 a9 aa ab ac ad ae af b0 b1 b2 b3 b4 b5 b6 b7 b8 b9 ba bb bc bd be bf c0 c1 c2 c3 c4 c5 c6 c7 c8 c9 ca cb cc cd ce cf d0 d1 d2 d3 d4 d5 d6 d7 d8 d9 da db dc dd de df e0 e1 e2 e3 e4 e5 e6 e7 e8 e9 ea eb ec ed ee ef f0 f1 f2 f3 f4 f5 f6 f7 f8 f9 fa fb fc fd fe ff 
 0  1  2 32  4 de 64 c0  8 45 6b 22 c8 ad 57 36 10 -- 8a -- d6 -- 44 aa 47 -- 8d -- ae  c 6c d4 20 -- -- -- c3  f -- 56 7b f0 -- -- 88 -- 83 -- 8e -- -- 33 cd -- -- 4b 8b f1 18 73 d8 -- 7f -- 40 -- -- -- -- -- -- -- 51 -- 1e -- -- -- ac 4f f6 -- 37 -- -- 13 -- 82 c7 -- -- -- d1 -- -- -- cb -- -- -- -- -- 66 -- 4d -- -- 84 -- -- 96 21 c1 -- 35 -- 30 e7 e6 e3 67 79 -- 69 fe -- -- -- 80 -- -- 4c -- -- -- -- -- -- -- 71 -- -- -- -- a2 -- -- -- 3c -- -- 76 --  3 -- -- 8f b5 9e dc 3b -- -- -- 6e b1 -- ea -- -- 26 -- -- -- d3 -- 59 -- -- -- -- -- -- b2 75 b3 -- -- -- -- -- -- 41 e2 -- -- -- -- -- -- -- -- -- -- cc -- -- -- 9a 98 -- -- -- -- df d7 -- -- -- -- fb -- 42 -- 55 -- -- -- 6a  6 -- -- 60 6f 19 eb 1b bd 11 c9 ce -- f2 -- -- -- d2 93 2b ec -- -- -- -- -- 78 

solutions so far:0 maxDepth:10 
iterations:12899370  skipped: 5 
Depth skipped: 
0 0 5 0 0 0 0 0 0 0 0 0 0 0 0 0 0 0 0 0 0 0 0 0 0 0 0 0 0 0 0 0 

running time: 1800 sec
 depth:7
 0  1  2  3  4  5  6  7  8  9  a  b  c  d  e  f 10 11 12 13 14 15 16 17 18 19 1a 1b 1c 1d 1e 1f 20 21 22 23 24 25 26 27 28 29 2a 2b 2c 2d 2e 2f 30 31 32 33 34 35 36 37 38 39 3a 3b 3c 3d 3e 3f 40 41 42 43 44 45 46 47 48 49 4a 4b 4c 4d 4e 4f 50 51 52 53 54 55 56 57 58 59 5a 5b 5c 5d 5e 5f 60 61 62 63 64 65 66 67 68 69 6a 6b 6c 6d 6e 6f 70 71 72 73 74 75 76 77 78 79 7a 7b 7c 7d 7e 7f 80 81 82 83 84 85 86 87 88 89 8a 8b 8c 8d 8e 8f 90 91 92 93 94 95 96 97 98 99 9a 9b 9c 9d 9e 9f a0 a1 a2 a3 a4 a5 a6 a7 a8 a9 aa ab ac ad ae af b0 b1 b2 b3 b4 b5 b6 b7 b8 b9 ba bb bc bd be bf c0 c1 c2 c3 c4 c5 c6 c7 c8 c9 ca cb cc cd ce cf d0 d1 d2 d3 d4 d5 d6 d7 d8 d9 da db dc dd de df e0 e1 e2 e3 e4 e5 e6 e7 e8 e9 ea eb ec ed ee ef f0 f1 f2 f3 f4 f5 f6 f7 f8 f9 fa fb fc fd fe ff 
 0  1  2 32  4 db 64 1a  8 c0 61 7c c8 90 34 6f 10 -- 57 -- c2 -- f8  b 47 -- f7 -- 68 a5 de 75 20 -- -- -- ae 2a --  c 53 d9 -- -- 27 -- 16 -- 8e -- -- 33 39 -- -- f6 d0 aa 9d 37 6b -- ea -- 40 -- -- -- -- -- -- -- 8b -- 54 -- -- -- 18 4f a6 -- 65 -- -- 13 -- 82 4e -- -- -- 2c -- -- -- cb -- -- -- -- -- 66 -- 72 -- -- 1e -- -- 3b ec 77 -- 83 -- ed e7 6e 1f d6 79 -- 78  3 -- -- -- 80 -- -- 4c -- -- -- -- -- -- -- 71 -- -- -- -- c1 -- -- -- a8 -- -- e1 -- b7 -- -- 30 24 9e 43 9b -- -- -- ca 12 -- b0 -- -- 26 -- -- -- d3 -- 9c -- -- -- -- -- -- ef 58  9 -- -- -- -- -- -- 41 e2 -- -- -- -- -- -- -- -- -- -- cc -- -- -- e4 98 -- -- -- -- 3c d7 -- -- -- -- 76 --  f -- ee -- -- -- d1 b9 -- --  d 86 19 eb dc 48 3e 60 7b -- f2 -- -- -- f0 55  6 15 -- -- -- -- -- 87 

solutions so far:0 maxDepth:10 
iterations:14867360  skipped: 5 
Depth skipped: 
0 0 5 0 0 0 0 0 0 0 0 0 0 0 0 0 0 0 0 0 0 0 0 0 0 0 0 0 0 0 0 0 

running time: 2100 sec
 depth:8
 0  1  2  3  4  5  6  7  8  9  a  b  c  d  e  f 10 11 12 13 14 15 16 17 18 19 1a 1b 1c 1d 1e 1f 20 21 22 23 24 25 26 27 28 29 2a 2b 2c 2d 2e 2f 30 31 32 33 34 35 36 37 38 39 3a 3b 3c 3d 3e 3f 40 41 42 43 44 45 46 47 48 49 4a 4b 4c 4d 4e 4f 50 51 52 53 54 55 56 57 58 59 5a 5b 5c 5d 5e 5f 60 61 62 63 64 65 66 67 68 69 6a 6b 6c 6d 6e 6f 70 71 72 73 74 75 76 77 78 79 7a 7b 7c 7d 7e 7f 80 81 82 83 84 85 86 87 88 89 8a 8b 8c 8d 8e 8f 90 91 92 93 94 95 96 97 98 99 9a 9b 9c 9d 9e 9f a0 a1 a2 a3 a4 a5 a6 a7 a8 a9 aa ab ac ad ae af b0 b1 b2 b3 b4 b5 b6 b7 b8 b9 ba bb bc bd be bf c0 c1 c2 c3 c4 c5 c6 c7 c8 c9 ca cb cc cd ce cf d0 d1 d2 d3 d4 d5 d6 d7 d8 d9 da db dc dd de df e0 e1 e2 e3 e4 e5 e6 e7 e8 e9 ea eb ec ed ee ef f0 f1 f2 f3 f4 f5 f6 f7 f8 f9 fa fb fc fd fe ff 
 0  1  2 32  4 d4 64 27  8 3b 7f 75 c8 ae 4e 61 10 5a 76 -- fe -- ea 24 47 -- 8b -- 9c 1f c2 6e 20 -- b4 -- ec 45 -- 6b 2b a2 -- --  3 -- 48 -- 8e -- -- 33 c1 -- -- e1 ef 78 3e 43 53 -- dc -- 40 -- -- -- bf -- -- --  f -- 8a -- -- 95 d6 4f 56 -- 93 -- -- 13 -- 82  6 dd -- -- 90 -- -- -- cb -- -- -- -- -- 66 -- 55 -- -- 87 -- -- 15 54  9 -- f0 -- 7c e7 86 83 a6 79 -- 65 6f -- -- -- 80 -- -- 4c -- -- -- -- a9 -- -- 71 -- bb -- -- 1e -- -- -- c3 -- -- 8f -- 72 fd -- 7b c0 9e 35 ac -- -- -- f1 60 -- 39 -- -- 26 -- -- b6 d3 --  c 63 6d da -- c6 -- 18 f7 30 -- -- -- 5b -- -- 41 e2 -- -- -- -- -- 85 -- -- -- -- cc a1 -- -- aa 98 -- -- -- -- d9 d7 -- -- -- -- 2a -- a8 -- 12 -- -- 2d 37 e4 -- -- f8 6a 19 eb db 57 d1 f6 9b -- f2 -- -- -- ca 3c de c9 -- -- -- -- -- 51 

solutions so far:0 maxDepth:10 
iterations:16851691  skipped: 7 
Depth skipped: 
0 0 7 0 0 0 0 0 0 0 0 0 0 0 0 0 0 0 0 0 0 0 0 0 0 0 0 0 0 0 0 0 

running time: 2400 sec
 depth:7
 0  1  2  3  4  5  6  7  8  9  a  b  c  d  e  f 10 11 12 13 14 15 16 17 18 19 1a 1b 1c 1d 1e 1f 20 21 22 23 24 25 26 27 28 29 2a 2b 2c 2d 2e 2f 30 31 32 33 34 35 36 37 38 39 3a 3b 3c 3d 3e 3f 40 41 42 43 44 45 46 47 48 49 4a 4b 4c 4d 4e 4f 50 51 52 53 54 55 56 57 58 59 5a 5b 5c 5d 5e 5f 60 61 62 63 64 65 66 67 68 69 6a 6b 6c 6d 6e 6f 70 71 72 73 74 75 76 77 78 79 7a 7b 7c 7d 7e 7f 80 81 82 83 84 85 86 87 88 89 8a 8b 8c 8d 8e 8f 90 91 92 93 94 95 96 97 98 99 9a 9b 9c 9d 9e 9f a0 a1 a2 a3 a4 a5 a6 a7 a8 a9 aa ab ac ad ae af b0 b1 b2 b3 b4 b5 b6 b7 b8 b9 ba bb bc bd be bf c0 c1 c2 c3 c4 c5 c6 c7 c8 c9 ca cb cc cd ce cf d0 d1 d2 d3 d4 d5 d6 d7 d8 d9 da db dc dd de df e0 e1 e2 e3 e4 e5 e6 e7 e8 e9 ea eb ec ed ee ef f0 f1 f2 f3 f4 f5 f6 f7 f8 f9 fa fb fc fd fe ff 
 0  1  2 32  4 cf 64 14  8 ad 49  3 c8 c1 28 78 10 -- 8d -- 92 --  6 25 47 -- 55 -- 50 9f f0 88 20 -- -- -- cd be -- b3 f3 7d -- --  c -- 4a -- 8e -- -- 33 aa -- -- 6f a0 11 e9  f 37 -- c7 -- 40 -- -- -- -- -- -- -- 4d -- ab -- -- -- b1 4f 31 -- fa -- -- 13 -- 82 18 -- -- -- 94 -- -- -- cb -- -- -- -- -- 66 -- 83 -- -- f6 -- -- de d6 97 -- 22 --  5 e7 1e 75 6e 79 -- 76 59 -- -- -- 80 -- -- 4c -- -- -- -- -- -- -- 71 -- -- -- -- 9a -- -- -- 81 -- -- c4 -- 52 -- -- b5 ae 9e 46 62 -- -- -- 23 57 -- 29 -- -- 26 -- -- -- d3 -- 30 -- -- -- -- -- -- 60 ff c0 -- -- -- -- -- -- 41 e2 -- -- -- -- -- -- -- -- -- -- cc -- -- -- d1 98 -- -- -- -- 3b d7 -- -- -- -- 6b -- 7b -- f9 -- -- -- 44 a4 -- --  a 8c 19 eb 3c 8b ea bd dc -- f2 -- -- -- ec e3 b2 5f -- -- -- -- -- d5 

solutions so far:0 maxDepth:10 
iterations:19059434  skipped: 7 
Depth skipped: 
0 0 7 0 0 0 0 0 0 0 0 0 0 0 0 0 0 0 0 0 0 0 0 0 0 0 0 0 0 0 0 0 

running time: 2700 sec
 depth:7
 0  1  2  3  4  5  6  7  8  9  a  b  c  d  e  f 10 11 12 13 14 15 16 17 18 19 1a 1b 1c 1d 1e 1f 20 21 22 23 24 25 26 27 28 29 2a 2b 2c 2d 2e 2f 30 31 32 33 34 35 36 37 38 39 3a 3b 3c 3d 3e 3f 40 41 42 43 44 45 46 47 48 49 4a 4b 4c 4d 4e 4f 50 51 52 53 54 55 56 57 58 59 5a 5b 5c 5d 5e 5f 60 61 62 63 64 65 66 67 68 69 6a 6b 6c 6d 6e 6f 70 71 72 73 74 75 76 77 78 79 7a 7b 7c 7d 7e 7f 80 81 82 83 84 85 86 87 88 89 8a 8b 8c 8d 8e 8f 90 91 92 93 94 95 96 97 98 99 9a 9b 9c 9d 9e 9f a0 a1 a2 a3 a4 a5 a6 a7 a8 a9 aa ab ac ad ae af b0 b1 b2 b3 b4 b5 b6 b7 b8 b9 ba bb bc bd be bf c0 c1 c2 c3 c4 c5 c6 c7 c8 c9 ca cb cc cd ce cf d0 d1 d2 d3 d4 d5 d6 d7 d8 d9 da db dc dd de df e0 e1 e2 e3 e4 e5 e6 e7 e8 e9 ea eb ec ed ee ef f0 f1 f2 f3 f4 f5 f6 f7 f8 f9 fa fb fc fd fe ff 
 0  1  2 32  4 c7 64 6b  8 21 59 6d c8 2d d6 9f 10 -- 42 -- b2 -- da ec 47 -- 5a -- 7b 6e e9 36 20 -- -- -- 84 8d -- ce b3 e3 -- -- 63 --  f -- 8e -- -- 33 b4 -- -- 28 f6 73 dc 29  5 -- 6c -- 40 -- -- -- -- -- -- -- df -- cd -- -- -- 4b 4f b1 -- 11 -- -- 13 -- 82 c6 -- -- -- 1e -- -- -- cb -- -- -- -- -- 66 -- bf -- -- 25 -- -- 50 97 3b -- e6 -- 6f e7 52 85  a 79 -- 94 d8 -- -- -- 80 -- -- 4c -- -- -- -- -- -- -- 71 -- -- -- -- 69 -- -- -- 4d -- -- bd -- f0 -- -- 96 95 9e 44 b5 -- -- -- 22 a1 -- 78 -- -- 26 -- -- -- d3 -- 5b -- -- -- -- -- -- b6 3c bb -- -- -- -- -- -- 41 e2 -- -- -- -- -- -- -- -- -- -- cc -- -- -- a9 98 -- -- -- -- 4a d7 -- -- -- -- a0 -- f9 -- 76 -- -- -- 1b 37 -- -- de 88 19 eb a4 fd dd fb 14 -- f2 -- -- -- ff d2 67 ad -- -- -- -- -- 9a 

solutions so far:0 maxDepth:10 
iterations:21575635  skipped: 8 
Depth skipped: 
0 0 8 0 0 0 0 0 0 0 0 0 0 0 0 0 0 0 0 0 0 0 0 0 0 0 0 0 0 0 0 0 

running time: 3000 sec
 depth:7
 0  1  2  3  4  5  6  7  8  9  a  b  c  d  e  f 10 11 12 13 14 15 16 17 18 19 1a 1b 1c 1d 1e 1f 20 21 22 23 24 25 26 27 28 29 2a 2b 2c 2d 2e 2f 30 31 32 33 34 35 36 37 38 39 3a 3b 3c 3d 3e 3f 40 41 42 43 44 45 46 47 48 49 4a 4b 4c 4d 4e 4f 50 51 52 53 54 55 56 57 58 59 5a 5b 5c 5d 5e 5f 60 61 62 63 64 65 66 67 68 69 6a 6b 6c 6d 6e 6f 70 71 72 73 74 75 76 77 78 79 7a 7b 7c 7d 7e 7f 80 81 82 83 84 85 86 87 88 89 8a 8b 8c 8d 8e 8f 90 91 92 93 94 95 96 97 98 99 9a 9b 9c 9d 9e 9f a0 a1 a2 a3 a4 a5 a6 a7 a8 a9 aa ab ac ad ae af b0 b1 b2 b3 b4 b5 b6 b7 b8 b9 ba bb bc bd be bf c0 c1 c2 c3 c4 c5 c6 c7 c8 c9 ca cb cc cd ce cf d0 d1 d2 d3 d4 d5 d6 d7 d8 d9 da db dc dd de df e0 e1 e2 e3 e4 e5 e6 e7 e8 e9 ea eb ec ed ee ef f0 f1 f2 f3 f4 f5 f6 f7 f8 f9 fa fb fc fd fe ff 
 0  1  2 32  4 c3 64 f4  8 8d 51 90 c8 4e 3f  6 10 -- cd -- a2 -- f7 bc 47 -- 9c -- 7e 91  c c7 20 -- -- -- 4d 7f -- b1 93 ac -- -- 39 -- af -- 8e -- -- 33 ef -- -- c0 fc 22 f5 75 18 -- 59 -- 40 -- -- -- -- -- -- -- 9a -- fe -- -- -- b5 4f f1 -- 8f -- -- 13 -- 82 72 -- -- -- 89 -- -- -- cb -- -- -- -- -- 66 --  9 -- -- 55 -- -- 57 8b 2f -- 44 -- 3d e7 ea 24 30 79 -- 83 b2 -- -- -- 80 -- -- 4c -- -- -- -- -- -- -- 71 -- -- -- -- e3 -- -- -- 2b -- -- 6a -- ba -- -- bd f8 9e 45 35 -- -- -- c9 7c -- 5d -- -- 26 -- -- -- d3 -- e4 -- -- -- -- -- -- 1f c5 3e -- -- -- -- -- -- 41 e2 -- -- -- -- -- -- -- -- -- -- cc -- -- -- 12 98 -- -- -- -- aa d7 -- -- -- -- ae -- c1 -- 5e -- -- -- 88 a3 -- -- 7a 8a 19 eb  3 27 48 ad 60 -- f2 -- -- -- d1 11 b3 d4 -- -- -- -- -- 56 

solutions so far:0 maxDepth:10 
iterations:24081859  skipped: 8 
Depth skipped: 
0 0 8 0 0 0 0 0 0 0 0 0 0 0 0 0 0 0 0 0 0 0 0 0 0 0 0 0 0 0 0 0 

running time: 3300 sec
 depth:8
 0  1  2  3  4  5  6  7  8  9  a  b  c  d  e  f 10 11 12 13 14 15 16 17 18 19 1a 1b 1c 1d 1e 1f 20 21 22 23 24 25 26 27 28 29 2a 2b 2c 2d 2e 2f 30 31 32 33 34 35 36 37 38 39 3a 3b 3c 3d 3e 3f 40 41 42 43 44 45 46 47 48 49 4a 4b 4c 4d 4e 4f 50 51 52 53 54 55 56 57 58 59 5a 5b 5c 5d 5e 5f 60 61 62 63 64 65 66 67 68 69 6a 6b 6c 6d 6e 6f 70 71 72 73 74 75 76 77 78 79 7a 7b 7c 7d 7e 7f 80 81 82 83 84 85 86 87 88 89 8a 8b 8c 8d 8e 8f 90 91 92 93 94 95 96 97 98 99 9a 9b 9c 9d 9e 9f a0 a1 a2 a3 a4 a5 a6 a7 a8 a9 aa ab ac ad ae af b0 b1 b2 b3 b4 b5 b6 b7 b8 b9 ba bb bc bd be bf c0 c1 c2 c3 c4 c5 c6 c7 c8 c9 ca cb cc cd ce cf d0 d1 d2 d3 d4 d5 d6 d7 d8 d9 da db dc dd de df e0 e1 e2 e3 e4 e5 e6 e7 e8 e9 ea eb ec ed ee ef f0 f1 f2 f3 f4 f5 f6 f7 f8 f9 fa fb fc fd fe ff 
 0  1  2 32  4 bf 64 b1  8 27 a9 ba c8 2f b5 6a 10 18 4e -- 85 -- a3 4d 47 -- 5e -- bd c7 d4 f7 20 -- 30 -- 9c 5b -- 1f dd 95 -- -- 91 -- 9a -- 8e -- -- 33 bc -- -- 56 ad 24 59 93 7f -- 39 -- 40 -- -- -- 60 -- -- -- ef -- b6 -- --  3 3e 4f 6d -- fd -- -- 13 -- 82 f5 ae -- -- e3 -- -- -- cb -- -- -- -- -- 66 -- af -- -- 8a -- -- ac c9 8d -- 48 -- b2 e7 f1 c5 fe 79 -- 51 72 -- -- -- 80 -- -- 4c -- -- -- -- c0 -- -- 71 -- 75 -- --  9 -- -- -- bb -- -- 63 -- 44  6 -- 7c 7e 9e 5a da -- -- -- 2d 3f -- 22 -- -- 26 -- -- d1 d3 -- 3d 55 8b c1 -- aa -- 7a 11 f4 -- -- -- 83 -- -- 41 e2 -- -- -- -- -- 57 -- -- -- -- cc ea -- -- 89 98 -- -- -- -- c3 d7 -- -- -- -- 8f -- 45 -- cd -- --  c 90 88 -- -- b3 b4 19 eb 35 fc 5d f8 2b -- f2 -- -- -- a2 12 e4 c6 -- -- -- -- -- a1 

solutions so far:0 maxDepth:10 
iterations:26421434  skipped: 8 
Depth skipped: 
0 0 8 0 0 0 0 0 0 0 0 0 0 0 0 0 0 0 0 0 0 0 0 0 0 0 0 0 0 0 0 0 

running time: 3600 sec
 depth:7
 0  1  2  3  4  5  6  7  8  9  a  b  c  d  e  f 10 11 12 13 14 15 16 17 18 19 1a 1b 1c 1d 1e 1f 20 21 22 23 24 25 26 27 28 29 2a 2b 2c 2d 2e 2f 30 31 32 33 34 35 36 37 38 39 3a 3b 3c 3d 3e 3f 40 41 42 43 44 45 46 47 48 49 4a 4b 4c 4d 4e 4f 50 51 52 53 54 55 56 57 58 59 5a 5b 5c 5d 5e 5f 60 61 62 63 64 65 66 67 68 69 6a 6b 6c 6d 6e 6f 70 71 72 73 74 75 76 77 78 79 7a 7b 7c 7d 7e 7f 80 81 82 83 84 85 86 87 88 89 8a 8b 8c 8d 8e 8f 90 91 92 93 94 95 96 97 98 99 9a 9b 9c 9d 9e 9f a0 a1 a2 a3 a4 a5 a6 a7 a8 a9 aa ab ac ad ae af b0 b1 b2 b3 b4 b5 b6 b7 b8 b9 ba bb bc bd be bf c0 c1 c2 c3 c4 c5 c6 c7 c8 c9 ca cb cc cd ce cf d0 d1 d2 d3 d4 d5 d6 d7 d8 d9 da db dc dd de df e0 e1 e2 e3 e4 e5 e6 e7 e8 e9 ea eb ec ed ee ef f0 f1 f2 f3 f4 f5 f6 f7 f8 f9 fa fb fc fd fe ff 
 0  1  2 32  4 b9 64 18  8 d9 a5 fb c8 36 30 cd 10 -- 65 -- 9d -- 21 8b 47 -- 6c -- 60 ea 4d a6 20 -- -- -- ca d0 -- 2a ed 16 -- -- 42 -- c1 -- 8e -- -- 33 d8 -- -- 22 c0 61  3 bd 9a -- 9b -- 40 -- -- -- -- -- -- -- 43 -- 77 -- -- -- 54 4f  d -- 2c -- -- 13 -- 82 84 -- -- -- 55 -- -- -- cb -- -- -- -- -- 66 -- 67 -- -- b2 -- -- 44 c7 57 -- c2 --  6 e7 ad 4b e3 79 -- b1 e1 -- -- -- 80 -- -- 4c -- -- -- -- -- -- -- 71 -- -- -- -- 86 -- -- -- ee -- -- 34 -- d1 -- -- a8 e6 9e b0 1a -- -- -- 58 73 -- 83 -- -- 26 -- -- -- d3 -- df -- -- -- -- -- -- 69 aa d2 -- -- -- -- -- -- 41 e2 -- -- -- -- -- -- -- -- -- -- cc -- -- -- ce 98 -- -- -- -- b3 d7 -- -- -- -- 88 -- 59 -- ae -- -- -- 53 75 -- --  c b7 19 eb 8d 1b 96 87 11 -- f2 -- -- -- b5 db 15 68 -- -- -- -- --  b 

solutions so far:0 maxDepth:10 
iterations:29094701  skipped: 11 
Depth skipped: 
0 0 11 0 0 0 0 0 0 0 0 0 0 0 0 0 0 0 0 0 0 0 0 0 0 0 0 0 0 0 0 0 

running time: 3900 sec
 depth:7
 0  1  2  3  4  5  6  7  8  9  a  b  c  d  e  f 10 11 12 13 14 15 16 17 18 19 1a 1b 1c 1d 1e 1f 20 21 22 23 24 25 26 27 28 29 2a 2b 2c 2d 2e 2f 30 31 32 33 34 35 36 37 38 39 3a 3b 3c 3d 3e 3f 40 41 42 43 44 45 46 47 48 49 4a 4b 4c 4d 4e 4f 50 51 52 53 54 55 56 57 58 59 5a 5b 5c 5d 5e 5f 60 61 62 63 64 65 66 67 68 69 6a 6b 6c 6d 6e 6f 70 71 72 73 74 75 76 77 78 79 7a 7b 7c 7d 7e 7f 80 81 82 83 84 85 86 87 88 89 8a 8b 8c 8d 8e 8f 90 91 92 93 94 95 96 97 98 99 9a 9b 9c 9d 9e 9f a0 a1 a2 a3 a4 a5 a6 a7 a8 a9 aa ab ac ad ae af b0 b1 b2 b3 b4 b5 b6 b7 b8 b9 ba bb bc bd be bf c0 c1 c2 c3 c4 c5 c6 c7 c8 c9 ca cb cc cd ce cf d0 d1 d2 d3 d4 d5 d6 d7 d8 d9 da db dc dd de df e0 e1 e2 e3 e4 e5 e6 e7 e8 e9 ea eb ec ed ee ef f0 f1 f2 f3 f4 f5 f6 f7 f8 f9 fa fb fc fd fe ff 
 0  1  2 32  4 b3 64 1c  8  b b1 da c8 5a 38 94 10 -- 16 -- b5 -- 63 5c 47 -- b4 -- 70 74 ff ed 20 -- -- -- 2c 9a -- 68 bd 44 -- -- c6 -- b8 -- 8e -- -- 33 bf -- -- 9f e0 b9 e8 f9 29 --  d -- 40 -- -- -- -- -- -- -- 58 -- e3 -- -- -- d0 4f ad -- 88 -- -- 13 -- 82 5b -- -- -- a7 -- -- -- cb -- -- -- -- -- 66 -- a9 -- -- 28 -- -- e9  a 17 -- a5 --  7 e7 25 dd 52 79 -- a0 1a -- -- -- 80 -- -- 4c -- -- -- -- -- -- -- 71 -- -- -- -- b0 -- -- -- 11 -- -- cd -- 1d -- -- 77 fd 9e 59 8d -- -- -- c7 95 -- e5 -- -- 26 -- -- -- d3 -- b6 -- -- -- -- -- -- bb 99 a1 -- -- -- -- -- -- 41 e2 -- -- -- -- -- -- -- -- -- -- cc -- -- -- 85 98 -- -- -- -- 50 d7 -- -- -- --  5 -- 14 -- 2e -- -- -- 9d 3a -- --  e b2 19 eb 4a 2d 6d ee a4 -- f2 -- -- -- 97 b7 34 4d -- -- -- -- -- 22 

solutions so far:0 maxDepth:10 
iterations:33193763  skipped: 11 
Depth skipped: 
0 0 11 0 0 0 0 0 0 0 0 0 0 0 0 0 0 0 0 0 0 0 0 0 0 0 0 0 0 0 0 0 

running time: 4200 sec
 depth:8
 0  1  2  3  4  5  6  7  8  9  a  b  c  d  e  f 10 11 12 13 14 15 16 17 18 19 1a 1b 1c 1d 1e 1f 20 21 22 23 24 25 26 27 28 29 2a 2b 2c 2d 2e 2f 30 31 32 33 34 35 36 37 38 39 3a 3b 3c 3d 3e 3f 40 41 42 43 44 45 46 47 48 49 4a 4b 4c 4d 4e 4f 50 51 52 53 54 55 56 57 58 59 5a 5b 5c 5d 5e 5f 60 61 62 63 64 65 66 67 68 69 6a 6b 6c 6d 6e 6f 70 71 72 73 74 75 76 77 78 79 7a 7b 7c 7d 7e 7f 80 81 82 83 84 85 86 87 88 89 8a 8b 8c 8d 8e 8f 90 91 92 93 94 95 96 97 98 99 9a 9b 9c 9d 9e 9f a0 a1 a2 a3 a4 a5 a6 a7 a8 a9 aa ab ac ad ae af b0 b1 b2 b3 b4 b5 b6 b7 b8 b9 ba bb bc bd be bf c0 c1 c2 c3 c4 c5 c6 c7 c8 c9 ca cb cc cd ce cf d0 d1 d2 d3 d4 d5 d6 d7 d8 d9 da db dc dd de df e0 e1 e2 e3 e4 e5 e6 e7 e8 e9 ea eb ec ed ee ef f0 f1 f2 f3 f4 f5 f6 f7 f8 f9 fa fb fc fd fe ff 
 0  1  2 32  4 ab 64 d4  8 fd 81 58 c8 68 7f c2 10 d2 2d -- d5 -- b0 8f 47 -- d0 -- fe 93 53 da 20 -- 73 -- 5a cf -- b6 7d 31 -- -- b7 -- c9 -- 8e -- -- 33 77 -- -- 15 2b 85 f1 86 a6 -- 63 -- 40 -- -- -- e6 -- -- -- b4 -- 49 -- -- 84 bb 4f fa -- 62 -- -- 13 -- 82 b9 6c -- -- 45 -- -- -- cb -- -- -- -- -- 66 -- ee -- -- d9 -- -- 2a a8 56 -- dd -- 35 e7 db 16 9b 79 -- ca c6 -- -- -- 80 -- -- 4c -- -- -- -- 1b -- -- 71 -- 21 -- -- bf -- -- -- 92 -- -- 46 -- 51 df -- a1 1a 9e 5f 23 -- -- -- c4  d -- c3 -- -- 26 -- -- fb d3 -- a5 ce d8 67 -- 4b -- 9d 8a ed -- -- -- 96 -- -- 41 e2 -- -- -- -- -- 36 -- -- -- -- cc 42 -- --  b 98 -- -- -- -- 65 d7 -- -- -- -- 54 -- 87 -- ac -- -- 69 6d a2 -- -- 6a be 19 eb 61 34 2c 95 e1 -- f2 -- -- -- 43 a9 5b 8c -- -- -- -- -- f3 

solutions so far:0 maxDepth:10 
iterations:36156145  skipped: 14 
Depth skipped: 
0 0 14 0 0 0 0 0 0 0 0 0 0 0 0 0 0 0 0 0 0 0 0 0 0 0 0 0 0 0 0 0 

running time: 4500 sec
 depth:7
 0  1  2  3  4  5  6  7  8  9  a  b  c  d  e  f 10 11 12 13 14 15 16 17 18 19 1a 1b 1c 1d 1e 1f 20 21 22 23 24 25 26 27 28 29 2a 2b 2c 2d 2e 2f 30 31 32 33 34 35 36 37 38 39 3a 3b 3c 3d 3e 3f 40 41 42 43 44 45 46 47 48 49 4a 4b 4c 4d 4e 4f 50 51 52 53 54 55 56 57 58 59 5a 5b 5c 5d 5e 5f 60 61 62 63 64 65 66 67 68 69 6a 6b 6c 6d 6e 6f 70 71 72 73 74 75 76 77 78 79 7a 7b 7c 7d 7e 7f 80 81 82 83 84 85 86 87 88 89 8a 8b 8c 8d 8e 8f 90 91 92 93 94 95 96 97 98 99 9a 9b 9c 9d 9e 9f a0 a1 a2 a3 a4 a5 a6 a7 a8 a9 aa ab ac ad ae af b0 b1 b2 b3 b4 b5 b6 b7 b8 b9 ba bb bc bd be bf c0 c1 c2 c3 c4 c5 c6 c7 c8 c9 ca cb cc cd ce cf d0 d1 d2 d3 d4 d5 d6 d7 d8 d9 da db dc dd de df e0 e1 e2 e3 e4 e5 e6 e7 e8 e9 ea eb ec ed ee ef f0 f1 f2 f3 f4 f5 f6 f7 f8 f9 fa fb fc fd fe ff 
 0  1  2 32  4 a4 64 a1  8 74 9f b7 c8 77 95 2f 10 -- e8 -- e9 -- b9 bf 47 -- ee -- fd c6 5e 2e 20 -- -- --  7 a0 -- 99  5 4a -- -- a5 -- a9 -- 8e -- -- 33  b -- -- c5 2d 70 5b 3f bc -- 5c -- 40 -- -- -- -- -- -- --  e -- 97 -- -- -- e5 4f  a -- 94 -- -- 13 -- 82 9d -- -- -- 85 -- -- -- cb -- -- -- -- -- 66 -- 16 -- -- f5 -- -- 5d a3 5a -- e0 -- b6 e7 7e 58 af 79 -- 7a b8 -- -- -- 80 -- -- 4c -- -- -- -- -- -- -- 71 -- -- -- -- 1c -- -- -- f9 -- -- 28 -- da -- -- 1d 68 9e 29 14 -- -- -- ff 34 -- 6d -- -- 26 -- -- -- d3 -- ed -- -- -- -- -- --  d dd 1a -- -- -- -- -- -- 41 e2 -- -- -- -- -- -- -- -- -- -- cc -- -- -- 2c 98 -- -- -- -- 3d d7 -- -- -- -- ba -- 91 -- b4 -- -- -- 17 63 -- -- bb 52 19 eb fc d0 b0 3a 89 -- f2 -- -- -- f4 38 a7 50 -- -- -- -- -- 25 

solutions so far:0 maxDepth:10 
iterations:39965172  skipped: 14 
Depth skipped: 
0 0 14 0 0 0 0 0 0 0 0 0 0 0 0 0 0 0 0 0 0 0 0 0 0 0 0 0 0 0 0 0 

running time: 4800 sec
 depth:6
 0  1  2  3  4  5  6  7  8  9  a  b  c  d  e  f 10 11 12 13 14 15 16 17 18 19 1a 1b 1c 1d 1e 1f 20 21 22 23 24 25 26 27 28 29 2a 2b 2c 2d 2e 2f 30 31 32 33 34 35 36 37 38 39 3a 3b 3c 3d 3e 3f 40 41 42 43 44 45 46 47 48 49 4a 4b 4c 4d 4e 4f 50 51 52 53 54 55 56 57 58 59 5a 5b 5c 5d 5e 5f 60 61 62 63 64 65 66 67 68 69 6a 6b 6c 6d 6e 6f 70 71 72 73 74 75 76 77 78 79 7a 7b 7c 7d 7e 7f 80 81 82 83 84 85 86 87 88 89 8a 8b 8c 8d 8e 8f 90 91 92 93 94 95 96 97 98 99 9a 9b 9c 9d 9e 9f a0 a1 a2 a3 a4 a5 a6 a7 a8 a9 aa ab ac ad ae af b0 b1 b2 b3 b4 b5 b6 b7 b8 b9 ba bb bc bd be bf c0 c1 c2 c3 c4 c5 c6 c7 c8 c9 ca cb cc cd ce cf d0 d1 d2 d3 d4 d5 d6 d7 d8 d9 da db dc dd de df e0 e1 e2 e3 e4 e5 e6 e7 e8 e9 ea eb ec ed ee ef f0 f1 f2 f3 f4 f5 f6 f7 f8 f9 fa fb fc fd fe ff 
 0  1  2 32  4 a0 64 ad  8 a3 97 2b c8 93 8d -- 10 -- 91 -- f9 -- 56 11 47 -- f1 -- cd b3 -- 2f 20 -- -- -- f5 52 -- 89 25  5 -- -- ac -- 22 -- 8e -- -- 33 35 -- -- -- 4d 3f b1 -- -- -- 5e -- 40 -- -- -- -- -- -- -- 3d -- a4 -- -- -- c5 4f 4a --  a -- -- 13 -- 82 8f -- -- -- 44 -- -- -- cb -- -- -- -- -- 66 -- 6a -- -- -- -- -- -- -- 9a -- 7e -- b5 e7 -- 7f -- 79 -- -- bc -- -- -- 80 -- -- 4c -- -- -- -- -- -- -- 71 -- -- -- -- 7a -- -- -- 9f -- -- ff -- 59 -- -- 5d 51 9e 28 94 -- -- -- 14 c3 -- c7 -- -- 26 -- -- -- d3 -- c9 -- -- -- -- -- -- 45 88 8a -- -- -- -- -- -- 41 e2 -- -- -- -- -- -- -- -- -- -- cc -- -- -- d4 98 -- -- -- -- -- d7 -- -- -- -- -- -- -- -- e3 -- -- -- fc b2 -- -- bd 50 19 eb -- a2 fe ba -- -- f2 -- -- -- -- f4 af 29 -- -- -- -- -- e9 

solutions so far:0 maxDepth:10 
iterations:42891706  skipped: 14 
Depth skipped: 
0 0 14 0 0 0 0 0 0 0 0 0 0 0 0 0 0 0 0 0 0 0 0 0 0 0 0 0 0 0 0 0 

running time: 5100 sec
 depth:7
 0  1  2  3  4  5  6  7  8  9  a  b  c  d  e  f 10 11 12 13 14 15 16 17 18 19 1a 1b 1c 1d 1e 1f 20 21 22 23 24 25 26 27 28 29 2a 2b 2c 2d 2e 2f 30 31 32 33 34 35 36 37 38 39 3a 3b 3c 3d 3e 3f 40 41 42 43 44 45 46 47 48 49 4a 4b 4c 4d 4e 4f 50 51 52 53 54 55 56 57 58 59 5a 5b 5c 5d 5e 5f 60 61 62 63 64 65 66 67 68 69 6a 6b 6c 6d 6e 6f 70 71 72 73 74 75 76 77 78 79 7a 7b 7c 7d 7e 7f 80 81 82 83 84 85 86 87 88 89 8a 8b 8c 8d 8e 8f 90 91 92 93 94 95 96 97 98 99 9a 9b 9c 9d 9e 9f a0 a1 a2 a3 a4 a5 a6 a7 a8 a9 aa ab ac ad ae af b0 b1 b2 b3 b4 b5 b6 b7 b8 b9 ba bb bc bd be bf c0 c1 c2 c3 c4 c5 c6 c7 c8 c9 ca cb cc cd ce cf d0 d1 d2 d3 d4 d5 d6 d7 d8 d9 da db dc dd de df e0 e1 e2 e3 e4 e5 e6 e7 e8 e9 ea eb ec ed ee ef f0 f1 f2 f3 f4 f5 f6 f7 f8 f9 fa fb fc fd fe ff 
 0  1  2 32  4 93 64 a3  8 9a f1 60 c8 75 91 7b 10 -- e3 -- 35 -- c0 3f 47 -- ea -- f5 89 f6 b3 20 -- -- -- 11 56 -- ad 6a 45 -- -- 57 -- 7e -- 8e -- -- 33  3 -- --  f 3d c7 c5 de 3b -- b1 -- 40 -- -- -- -- -- -- -- 22 -- ac -- -- -- 8d 4f d4 -- 8a -- -- 13 -- 82 ae -- -- -- fc -- -- -- cb -- -- -- -- -- 66 --  6 -- -- 37 -- -- 1e 78 7a -- 59 -- 5d e7 6b 18 76 79 -- dc b5 -- -- -- 80 -- -- 4c -- -- -- -- -- -- -- 71 -- -- -- -- 44 -- -- -- 8f -- -- fe -- bc -- -- cd 83 9e 51 7f -- -- -- c3 aa -- 5e -- -- 26 -- -- -- d3 -- 8b -- -- -- -- -- -- c1 2f 55 -- -- -- -- -- -- 41 e2 -- -- -- -- -- -- -- -- -- -- cc -- -- --  c 98 -- -- -- -- 6e d7 -- -- -- -- 3c -- f0 -- f4 -- -- -- b2 af -- -- ba a2 19 eb d6 d1 30 4d ec -- f2 -- -- -- 6f 88 bd 2b -- -- -- -- -- c9 

solutions so far:0 maxDepth:10 
iterations:47133453  skipped: 15 
Depth skipped: 
0 0 15 0 0 0 0 0 0 0 0 0 0 0 0 0 0 0 0 0 0 0 0 0 0 0 0 0 0 0 0 0 

running time: 5400 sec
 depth:6
 0  1  2  3  4  5  6  7  8  9  a  b  c  d  e  f 10 11 12 13 14 15 16 17 18 19 1a 1b 1c 1d 1e 1f 20 21 22 23 24 25 26 27 28 29 2a 2b 2c 2d 2e 2f 30 31 32 33 34 35 36 37 38 39 3a 3b 3c 3d 3e 3f 40 41 42 43 44 45 46 47 48 49 4a 4b 4c 4d 4e 4f 50 51 52 53 54 55 56 57 58 59 5a 5b 5c 5d 5e 5f 60 61 62 63 64 65 66 67 68 69 6a 6b 6c 6d 6e 6f 70 71 72 73 74 75 76 77 78 79 7a 7b 7c 7d 7e 7f 80 81 82 83 84 85 86 87 88 89 8a 8b 8c 8d 8e 8f 90 91 92 93 94 95 96 97 98 99 9a 9b 9c 9d 9e 9f a0 a1 a2 a3 a4 a5 a6 a7 a8 a9 aa ab ac ad ae af b0 b1 b2 b3 b4 b5 b6 b7 b8 b9 ba bb bc bd be bf c0 c1 c2 c3 c4 c5 c6 c7 c8 c9 ca cb cc cd ce cf d0 d1 d2 d3 d4 d5 d6 d7 d8 d9 da db dc dd de df e0 e1 e2 e3 e4 e5 e6 e7 e8 e9 ea eb ec ed ee ef f0 f1 f2 f3 f4 f5 f6 f7 f8 f9 fa fb fc fd fe ff 
 0  1  2 32  4 8d 64 1f  8 fe cd 50 c8 a4 3e -- 10 -- 2b -- 4d -- a0 9c 47 -- 9f -- 7c f7 -- 51 20 -- -- -- 56 88 -- 35 9a b3 -- -- 97 -- ef -- 8e -- -- 33 e9 -- -- -- f8 45 39 -- -- -- a2 -- 40 -- -- -- -- -- -- -- ac -- c7 -- -- -- 6a 4f e3 -- b1 -- -- 13 -- 82 f9 -- -- --  9 -- -- -- cb -- -- -- -- -- 66 --  5 -- -- -- -- -- -- -- 27 -- 8a -- 72 e7 -- 14 -- 79 -- -- 93 -- -- -- 80 -- -- 4c -- -- -- -- -- -- -- 71 -- -- -- -- 8f -- -- -- 59 -- -- 22 -- 48 -- -- d4 29 9e bd 11 -- -- -- b5 ff -- 24 -- -- 26 -- -- -- d3 -- 25 -- -- -- -- -- -- 4a 12 94 -- -- -- -- -- -- 41 e2 -- -- -- -- -- -- -- -- -- -- cc -- -- --  a 98 -- -- -- -- -- d7 -- -- -- -- -- -- -- -- 4e -- -- -- c3 90 -- -- e4 ad 19 eb -- 52 28 7f -- -- f2 -- -- -- -- c9 f1 44 -- -- -- -- -- b2 

solutions so far:0 maxDepth:10 
iterations:50231912  skipped: 16 
Depth skipped: 
0 0 16 0 0 0 0 0 0 0 0 0 0 0 0 0 0 0 0 0 0 0 0 0 0 0 0 0 0 0 0 0 

running time: 5700 sec
 depth:8
 0  1  2  3  4  5  6  7  8  9  a  b  c  d  e  f 10 11 12 13 14 15 16 17 18 19 1a 1b 1c 1d 1e 1f 20 21 22 23 24 25 26 27 28 29 2a 2b 2c 2d 2e 2f 30 31 32 33 34 35 36 37 38 39 3a 3b 3c 3d 3e 3f 40 41 42 43 44 45 46 47 48 49 4a 4b 4c 4d 4e 4f 50 51 52 53 54 55 56 57 58 59 5a 5b 5c 5d 5e 5f 60 61 62 63 64 65 66 67 68 69 6a 6b 6c 6d 6e 6f 70 71 72 73 74 75 76 77 78 79 7a 7b 7c 7d 7e 7f 80 81 82 83 84 85 86 87 88 89 8a 8b 8c 8d 8e 8f 90 91 92 93 94 95 96 97 98 99 9a 9b 9c 9d 9e 9f a0 a1 a2 a3 a4 a5 a6 a7 a8 a9 aa ab ac ad ae af b0 b1 b2 b3 b4 b5 b6 b7 b8 b9 ba bb bc bd be bf c0 c1 c2 c3 c4 c5 c6 c7 c8 c9 ca cb cc cd ce cf d0 d1 d2 d3 d4 d5 d6 d7 d8 d9 da db dc dd de df e0 e1 e2 e3 e4 e5 e6 e7 e8 e9 ea eb ec ed ee ef f0 f1 f2 f3 f4 f5 f6 f7 f8 f9 fa fb fc fd fe ff 
 0  1  2 32  4 87 64 aa  8 5b d9 3d c8 89 83 7d 10 22 b6 -- 65 -- 7a  6 47 -- c5 -- d1 ae fa bf 20 -- 44 -- bb c2 -- 6d ca e1 -- -- f4 --  c -- 8e -- -- 33 5d -- -- cf 75 2d 8b ab 23 -- a9 -- 40 -- -- -- 88 -- -- -- a1 -- 53 -- -- 9a da 4f 43 -- 15 -- -- 13 -- 82 3f b2 -- -- 18 -- -- -- cb -- -- -- -- -- 66 -- ba -- -- 62 -- -- 49 f3 ea -- 5a -- c1 e7 81 91 46 79 -- 5f 85 -- -- -- 80 -- -- 4c -- -- -- -- c7 -- -- 71 -- cd -- -- 95 -- -- -- a6 -- -- db -- c0 e3 -- 63 bc 9e 54 86 -- -- -- 2a 5e -- 60 -- -- 26 -- -- 8d d3 -- 7e b5 b3 b1 -- bd -- fc 30 2f -- -- -- ad -- -- 41 e2 -- -- -- -- -- 59 -- -- -- -- cc 4d -- -- a3 98 -- -- -- -- c4 d7 -- -- -- -- 92 -- 31 --  3 -- -- 11 b4 57 -- -- 55 a8 19 eb d5 af f5 c6 8c -- f2 -- -- -- be fd dd 61 -- -- -- -- -- 9b 

solutions so far:0 maxDepth:10 
iterations:53442845  skipped: 17 
Depth skipped: 
0 0 17 0 0 0 0 0 0 0 0 0 0 0 0 0 0 0 0 0 0 0 0 0 0 0 0 0 0 0 0 0 

running time: 6000 sec
 depth:7
 0  1  2  3  4  5  6  7  8  9  a  b  c  d  e  f 10 11 12 13 14 15 16 17 18 19 1a 1b 1c 1d 1e 1f 20 21 22 23 24 25 26 27 28 29 2a 2b 2c 2d 2e 2f 30 31 32 33 34 35 36 37 38 39 3a 3b 3c 3d 3e 3f 40 41 42 43 44 45 46 47 48 49 4a 4b 4c 4d 4e 4f 50 51 52 53 54 55 56 57 58 59 5a 5b 5c 5d 5e 5f 60 61 62 63 64 65 66 67 68 69 6a 6b 6c 6d 6e 6f 70 71 72 73 74 75 76 77 78 79 7a 7b 7c 7d 7e 7f 80 81 82 83 84 85 86 87 88 89 8a 8b 8c 8d 8e 8f 90 91 92 93 94 95 96 97 98 99 9a 9b 9c 9d 9e 9f a0 a1 a2 a3 a4 a5 a6 a7 a8 a9 aa ab ac ad ae af b0 b1 b2 b3 b4 b5 b6 b7 b8 b9 ba bb bc bd be bf c0 c1 c2 c3 c4 c5 c6 c7 c8 c9 ca cb cc cd ce cf d0 d1 d2 d3 d4 d5 d6 d7 d8 d9 da db dc dd de df e0 e1 e2 e3 e4 e5 e6 e7 e8 e9 ea eb ec ed ee ef f0 f1 f2 f3 f4 f5 f6 f7 f8 f9 fa fb fc fd fe ff 
 0  1  2 32  4 7f 64 3f  8 dc fe 5f c8 cf 7e 3a 10 -- 6f -- 2b -- be af 47 -- 49 -- fc f5 74 ec 20 -- -- -- de 8a -- 78 56 93 -- -- ab -- 89 -- 8e -- -- 33 92 -- -- 1c 2f f6 3d 99 e8 --  f -- 40 -- -- -- -- -- -- -- 6b -- c3 -- -- -- f0 4f ac -- f1 -- -- 13 -- 82 81 -- -- -- c5 -- -- -- cb -- -- -- -- -- 66 -- f3 -- -- 2e -- -- 38 e0 5e -- 3b -- 7a e7 e5 62  7 79 -- b8 1e -- -- -- 80 -- -- 4c -- -- -- -- -- -- -- 71 -- -- -- -- d6 -- -- -- 51 -- -- c9 -- a3 -- -- 37 46 9e 6a 8f -- -- -- 35 23 -- ba -- -- 26 -- -- -- d3 -- d5 -- -- -- -- -- -- 7d 5d fa -- -- -- -- -- -- 41 e2 -- -- -- -- -- -- -- -- -- -- cc -- -- -- 31 98 -- -- -- -- 5c d7 -- -- -- -- 70 -- 17 -- bc -- -- -- 76 91 -- -- f4 d4 19 eb 1d 8c c4 6e  e -- f2 -- -- -- a7 7b 3c 45 -- -- -- -- -- a2 

solutions so far:0 maxDepth:10 
iterations:57138554  skipped: 17 
Depth skipped: 
0 0 17 0 0 0 0 0 0 0 0 0 0 0 0 0 0 0 0 0 0 0 0 0 0 0 0 0 0 0 0 0 

running time: 6300 sec
 depth:7
 0  1  2  3  4  5  6  7  8  9  a  b  c  d  e  f 10 11 12 13 14 15 16 17 18 19 1a 1b 1c 1d 1e 1f 20 21 22 23 24 25 26 27 28 29 2a 2b 2c 2d 2e 2f 30 31 32 33 34 35 36 37 38 39 3a 3b 3c 3d 3e 3f 40 41 42 43 44 45 46 47 48 49 4a 4b 4c 4d 4e 4f 50 51 52 53 54 55 56 57 58 59 5a 5b 5c 5d 5e 5f 60 61 62 63 64 65 66 67 68 69 6a 6b 6c 6d 6e 6f 70 71 72 73 74 75 76 77 78 79 7a 7b 7c 7d 7e 7f 80 81 82 83 84 85 86 87 88 89 8a 8b 8c 8d 8e 8f 90 91 92 93 94 95 96 97 98 99 9a 9b 9c 9d 9e 9f a0 a1 a2 a3 a4 a5 a6 a7 a8 a9 aa ab ac ad ae af b0 b1 b2 b3 b4 b5 b6 b7 b8 b9 ba bb bc bd be bf c0 c1 c2 c3 c4 c5 c6 c7 c8 c9 ca cb cc cd ce cf d0 d1 d2 d3 d4 d5 d6 d7 d8 d9 da db dc dd de df e0 e1 e2 e3 e4 e5 e6 e7 e8 e9 ea eb ec ed ee ef f0 f1 f2 f3 f4 f5 f6 f7 f8 f9 fa fb fc fd fe ff 
 0  1  2 32  4 72 64 a9  8 6a e4 9a c8 b1 85 29 10 -- d4 -- 1f -- e3 c6 47 -- b5 -- dd 2d 52 45 20 -- -- -- 7f 9c -- a2 3e 24 -- -- 11 -- 5b -- 8e -- -- 33 bd -- --  5 6d ac 5a 4a a4 -- 8a -- 40 -- -- -- -- -- -- -- fe -- ef -- -- -- 93 4f 7c -- 48 -- -- 13 -- 82 22 -- -- -- b6 -- -- -- cb -- -- -- -- -- 66 -- ad -- -- a0 -- --  a 28 da -- 8f -- b4 e7 94 cd 9f 79 -- f9 c3 -- -- -- 80 -- -- 4c -- -- -- -- -- -- -- 71 -- -- -- -- 2b -- -- --  9 -- -- 27 -- 95 -- -- f1 b2 9e f7 f8 -- -- -- 90 59 -- a1 -- -- 26 -- -- -- d3 -- 44 -- -- -- -- -- -- 88 bb c7 -- -- -- -- -- -- 41 e2 -- -- -- -- -- -- -- -- -- -- cc -- -- -- 8d 98 -- -- -- -- 97 d7 -- -- -- -- 14 -- 50 -- 63 -- -- -- c9 fd -- -- bf 39 19 eb ff b3 4d 35 e9 -- f2 -- -- -- 25 56 51 4e -- -- -- -- -- 12 

solutions so far:0 maxDepth:10 
iterations:61158458  skipped: 21 
Depth skipped: 
0 0 21 0 0 0 0 0 0 0 0 0 0 0 0 0 0 0 0 0 0 0 0 0 0 0 0 0 0 0 0 0 

running time: 6600 sec
 depth:7
 0  1  2  3  4  5  6  7  8  9  a  b  c  d  e  f 10 11 12 13 14 15 16 17 18 19 1a 1b 1c 1d 1e 1f 20 21 22 23 24 25 26 27 28 29 2a 2b 2c 2d 2e 2f 30 31 32 33 34 35 36 37 38 39 3a 3b 3c 3d 3e 3f 40 41 42 43 44 45 46 47 48 49 4a 4b 4c 4d 4e 4f 50 51 52 53 54 55 56 57 58 59 5a 5b 5c 5d 5e 5f 60 61 62 63 64 65 66 67 68 69 6a 6b 6c 6d 6e 6f 70 71 72 73 74 75 76 77 78 79 7a 7b 7c 7d 7e 7f 80 81 82 83 84 85 86 87 88 89 8a 8b 8c 8d 8e 8f 90 91 92 93 94 95 96 97 98 99 9a 9b 9c 9d 9e 9f a0 a1 a2 a3 a4 a5 a6 a7 a8 a9 aa ab ac ad ae af b0 b1 b2 b3 b4 b5 b6 b7 b8 b9 ba bb bc bd be bf c0 c1 c2 c3 c4 c5 c6 c7 c8 c9 ca cb cc cd ce cf d0 d1 d2 d3 d4 d5 d6 d7 d8 d9 da db dc dd de df e0 e1 e2 e3 e4 e5 e6 e7 e8 e9 ea eb ec ed ee ef f0 f1 f2 f3 f4 f5 f6 f7 f8 f9 fa fb fc fd fe ff 
 0  1  2 32  4 6b 64 cd  8 b4 d6 55 c8 30 4d 2a 10 -- bf -- 7b -- aa 44 47 -- 60 -- 9a b5 54 5b 20 -- -- -- a9 1e -- 95 f6 37 -- -- 83 -- 88 -- 8e -- -- 33 c0 -- -- 65 e3 da bd 9b a8 -- b6 -- 40 -- -- -- -- -- -- -- 85 -- 3c -- -- -- fd 4f 3b -- 6e -- -- 13 -- 82 d1 -- -- -- c7 -- -- -- cb -- -- -- -- -- 66 -- 57 -- -- 61 -- -- ca 86 11 -- 63 -- ad e7 e1 8b 87 79 -- 53 bb -- -- -- 80 -- -- 4c -- -- -- -- -- -- -- 71 -- -- -- -- dd -- -- -- 78 -- -- ec -- b3 -- -- 2d  c 9e 6f 76 -- -- -- dc  6 -- b2 -- -- 26 -- -- -- d3 -- 75 -- -- -- -- -- -- ea 59  3 -- -- -- -- -- -- 41 e2 -- -- -- -- -- -- -- -- -- -- cc -- -- -- ae 98 -- -- -- -- c2 d7 -- -- -- -- 43 -- db -- 22 -- -- -- c6 b1 -- -- 8d de 19 eb 15 18 c1 5a d9 -- f2 -- -- -- a6 6d a1  f -- -- -- -- -- f0 

solutions so far:0 maxDepth:10 
iterations:65236907  skipped: 21 
Depth skipped: 
0 0 21 0 0 0 0 0 0 0 0 0 0 0 0 0 0 0 0 0 0 0 0 0 0 0 0 0 0 0 0 0 

running time: 6900 sec
 depth:7
 0  1  2  3  4  5  6  7  8  9  a  b  c  d  e  f 10 11 12 13 14 15 16 17 18 19 1a 1b 1c 1d 1e 1f 20 21 22 23 24 25 26 27 28 29 2a 2b 2c 2d 2e 2f 30 31 32 33 34 35 36 37 38 39 3a 3b 3c 3d 3e 3f 40 41 42 43 44 45 46 47 48 49 4a 4b 4c 4d 4e 4f 50 51 52 53 54 55 56 57 58 59 5a 5b 5c 5d 5e 5f 60 61 62 63 64 65 66 67 68 69 6a 6b 6c 6d 6e 6f 70 71 72 73 74 75 76 77 78 79 7a 7b 7c 7d 7e 7f 80 81 82 83 84 85 86 87 88 89 8a 8b 8c 8d 8e 8f 90 91 92 93 94 95 96 97 98 99 9a 9b 9c 9d 9e 9f a0 a1 a2 a3 a4 a5 a6 a7 a8 a9 aa ab ac ad ae af b0 b1 b2 b3 b4 b5 b6 b7 b8 b9 ba bb bc bd be bf c0 c1 c2 c3 c4 c5 c6 c7 c8 c9 ca cb cc cd ce cf d0 d1 d2 d3 d4 d5 d6 d7 d8 d9 da db dc dd de df e0 e1 e2 e3 e4 e5 e6 e7 e8 e9 ea eb ec ed ee ef f0 f1 f2 f3 f4 f5 f6 f7 f8 f9 fa fb fc fd fe ff 
 0  1  2 32  4 61 64 fb  8 6f c2 7f c8 51 21 1d 10 -- de -- 53 -- fe d2 47 -- a2 -- 42 67 3a  f 20 -- -- -- 6b 54 -- f0 a6 65 -- -- 2b -- 73 -- 8e -- -- 33 93 -- --  e 84 3b ce a7 74 -- 1e -- 40 -- -- -- -- -- -- -- d6 -- a8 -- -- -- 37 4f 9b -- ca -- -- 13 -- 82 56 -- -- -- e6 -- -- -- cb -- -- -- -- -- 66 -- f1 -- -- 17 -- -- 1c 70 df -- 76 -- 4b e7 99 6a e8 79 -- 5c 3c -- -- -- 80 -- -- 4c -- -- -- -- -- -- -- 71 -- -- -- -- 7b -- -- -- 87 -- -- 15 -- 6c -- -- 6e 8a 9e 86 e1 -- -- -- 43 45 -- 36 -- -- 26 -- -- -- d3 -- ac -- -- -- -- -- -- 8f 1b c9 -- -- -- -- -- -- 41 e2 -- -- -- -- -- -- -- -- -- -- cc -- -- -- 35 98 -- -- -- -- 2e d7 -- -- -- -- 38 -- e0 -- 69 -- -- -- ec d8 -- -- 96 db 19 eb e5 c3 d4 dc  7 -- f2 -- -- -- b8 f6 78 2a -- -- -- -- -- d9 

solutions so far:0 maxDepth:10 
iterations:69288142  skipped: 22 
Depth skipped: 
0 0 22 0 0 0 0 0 0 0 0 0 0 0 0 0 0 0 0 0 0 0 0 0 0 0 0 0 0 0 0 0 

running time: 7200 sec
 depth:7
 0  1  2  3  4  5  6  7  8  9  a  b  c  d  e  f 10 11 12 13 14 15 16 17 18 19 1a 1b 1c 1d 1e 1f 20 21 22 23 24 25 26 27 28 29 2a 2b 2c 2d 2e 2f 30 31 32 33 34 35 36 37 38 39 3a 3b 3c 3d 3e 3f 40 41 42 43 44 45 46 47 48 49 4a 4b 4c 4d 4e 4f 50 51 52 53 54 55 56 57 58 59 5a 5b 5c 5d 5e 5f 60 61 62 63 64 65 66 67 68 69 6a 6b 6c 6d 6e 6f 70 71 72 73 74 75 76 77 78 79 7a 7b 7c 7d 7e 7f 80 81 82 83 84 85 86 87 88 89 8a 8b 8c 8d 8e 8f 90 91 92 93 94 95 96 97 98 99 9a 9b 9c 9d 9e 9f a0 a1 a2 a3 a4 a5 a6 a7 a8 a9 aa ab ac ad ae af b0 b1 b2 b3 b4 b5 b6 b7 b8 b9 ba bb bc bd be bf c0 c1 c2 c3 c4 c5 c6 c7 c8 c9 ca cb cc cd ce cf d0 d1 d2 d3 d4 d5 d6 d7 d8 d9 da db dc dd de df e0 e1 e2 e3 e4 e5 e6 e7 e8 e9 ea eb ec ed ee ef f0 f1 f2 f3 f4 f5 f6 f7 f8 f9 fa fb fc fd fe ff 
 0  1  2 32  4 5a 64 d0  8 a3 b4 ff c8 50 77 4e 10 -- 91 -- bf -- 29 58 47 -- a0 -- ee  d 9c 2f 20 -- -- -- f5 63 -- 89 a9 bb -- -- 52 -- b0 -- 8e -- -- 33 97 -- -- 24  b 3f 1a 7c ef -- 5e -- 40 -- -- -- -- -- -- -- 3d -- c6 -- -- -- c5 4f 85 -- a1 -- -- 13 -- 82 a4 -- -- -- b7 -- -- -- cb -- -- -- -- -- 66 -- f9 -- -- 72 -- -- 48 f7 16 -- 7e -- 34 e7 f8 4a  9 79 -- 1f bc -- -- -- 80 -- -- 4c -- -- -- -- -- -- -- 71 -- -- -- -- 7a -- -- -- 5b -- -- 6d -- 9d -- -- 5d 14 9e fd dd -- -- -- 95  a -- a5 -- -- 26 -- -- -- d3 -- 9f -- -- -- -- -- -- e9 b9  5 -- -- -- -- -- -- 41 e2 -- -- -- -- -- -- -- -- -- -- cc -- -- -- 25 98 -- -- -- -- e4 d7 -- -- -- -- 90 -- 39 -- 2c -- -- -- fc ed -- -- 68 2d 19 eb 27 28 94 ba 12 -- f2 -- -- -- 3e f4 af da -- -- -- -- -- b6 

solutions so far:0 maxDepth:10 
iterations:74331282  skipped: 22 
Depth skipped: 
0 0 22 0 0 0 0 0 0 0 0 0 0 0 0 0 0 0 0 0 0 0 0 0 0 0 0 0 0 0 0 0 

running time: 7500 sec
 depth:7
 0  1  2  3  4  5  6  7  8  9  a  b  c  d  e  f 10 11 12 13 14 15 16 17 18 19 1a 1b 1c 1d 1e 1f 20 21 22 23 24 25 26 27 28 29 2a 2b 2c 2d 2e 2f 30 31 32 33 34 35 36 37 38 39 3a 3b 3c 3d 3e 3f 40 41 42 43 44 45 46 47 48 49 4a 4b 4c 4d 4e 4f 50 51 52 53 54 55 56 57 58 59 5a 5b 5c 5d 5e 5f 60 61 62 63 64 65 66 67 68 69 6a 6b 6c 6d 6e 6f 70 71 72 73 74 75 76 77 78 79 7a 7b 7c 7d 7e 7f 80 81 82 83 84 85 86 87 88 89 8a 8b 8c 8d 8e 8f 90 91 92 93 94 95 96 97 98 99 9a 9b 9c 9d 9e 9f a0 a1 a2 a3 a4 a5 a6 a7 a8 a9 aa ab ac ad ae af b0 b1 b2 b3 b4 b5 b6 b7 b8 b9 ba bb bc bd be bf c0 c1 c2 c3 c4 c5 c6 c7 c8 c9 ca cb cc cd ce cf d0 d1 d2 d3 d4 d5 d6 d7 d8 d9 da db dc dd de df e0 e1 e2 e3 e4 e5 e6 e7 e8 e9 ea eb ec ed ee ef f0 f1 f2 f3 f4 f5 f6 f7 f8 f9 fa fb fc fd fe ff 
 0  1  2 32  4 50 64 77  8 3d a0 78 c8 f6 ee c9 10 -- 7a -- 97 -- f0 b0 47 -- 3b --  b 1a 45 af 20 -- -- -- f4 29 -- ba f9 e9 -- -- 37 -- b7 -- 8e -- -- 33 76 -- -- a2 16 2f 34 56 8a -- 89 -- 40 -- -- -- -- -- -- -- 3f -- 52 -- -- -- a3 4f 25 --  5 -- -- 13 -- 82 6e -- -- -- b9 -- -- -- cb -- -- -- -- -- 66 -- ec -- -- d4 -- -- 93 35 2c -- 5e -- 68 e7 ac 1e c3 79 -- fe c5 -- -- -- 80 -- -- 4c -- -- -- -- -- -- -- 71 -- -- -- -- 7e -- -- -- a4 -- -- 94 -- ed -- -- 91 d6 9e 14 4a -- -- --  a 6b -- 9d -- -- 26 -- -- -- d3 -- dc -- -- -- -- -- -- 6f a5 de -- -- -- -- -- -- 41 e2 -- -- -- -- -- -- -- -- -- -- cc -- -- --  f 98 -- -- -- -- 7f d7 -- -- -- -- f1 -- 6a -- 58 -- -- -- bc  d -- -- d0 28 19 eb 8f 7b 3c f5 51 -- f2 -- -- -- 2b fc 5d ff -- -- -- -- -- 9f 

solutions so far:0 maxDepth:10 
iterations:79578299  skipped: 23 
Depth skipped: 
0 0 23 0 0 0 0 0 0 0 0 0 0 0 0 0 0 0 0 0 0 0 0 0 0 0 0 0 0 0 0 0 

running time: 7800 sec
 depth:7
 0  1  2  3  4  5  6  7  8  9  a  b  c  d  e  f 10 11 12 13 14 15 16 17 18 19 1a 1b 1c 1d 1e 1f 20 21 22 23 24 25 26 27 28 29 2a 2b 2c 2d 2e 2f 30 31 32 33 34 35 36 37 38 39 3a 3b 3c 3d 3e 3f 40 41 42 43 44 45 46 47 48 49 4a 4b 4c 4d 4e 4f 50 51 52 53 54 55 56 57 58 59 5a 5b 5c 5d 5e 5f 60 61 62 63 64 65 66 67 68 69 6a 6b 6c 6d 6e 6f 70 71 72 73 74 75 76 77 78 79 7a 7b 7c 7d 7e 7f 80 81 82 83 84 85 86 87 88 89 8a 8b 8c 8d 8e 8f 90 91 92 93 94 95 96 97 98 99 9a 9b 9c 9d 9e 9f a0 a1 a2 a3 a4 a5 a6 a7 a8 a9 aa ab ac ad ae af b0 b1 b2 b3 b4 b5 b6 b7 b8 b9 ba bb bc bd be bf c0 c1 c2 c3 c4 c5 c6 c7 c8 c9 ca cb cc cd ce cf d0 d1 d2 d3 d4 d5 d6 d7 d8 d9 da db dc dd de df e0 e1 e2 e3 e4 e5 e6 e7 e8 e9 ea eb ec ed ee ef f0 f1 f2 f3 f4 f5 f6 f7 f8 f9 fa fb fc fd fe ff 
 0  1  2 32  4 42 64 6d  8  a 84 b2 c8 e3 da 87 10 -- 14 -- df -- b3 bb 47 -- 11 -- 63 bf d9 94 20 -- -- -- 28 36 -- a4 69 ce -- -- b1 -- a1 -- 8e -- -- 33 22 -- -- 86 c6 f9 a9 2a 65 -- ff -- 40 -- -- -- -- -- -- -- 50 -- 6c -- -- -- 9f 4f d2 -- 4b -- -- 13 -- 82 b5 -- -- -- 95 -- -- -- cb -- -- -- -- -- 66 -- 44 -- -- a6 -- -- db c2 5b -- 25 -- 85 e7 54 c7 ca 79 -- e1 29 -- -- -- 80 -- -- 4c -- -- -- -- -- -- -- 71 -- -- -- -- a0 -- -- -- d8 -- -- e6 -- 5a -- -- e9 4d 9e fb 73 -- -- -- 96 cd -- 2d -- -- 26 -- -- -- d3 -- bd -- -- -- -- -- -- ad fd 8d -- -- -- -- -- -- 41 e2 -- -- -- -- -- -- -- -- -- -- cc -- -- -- 88 98 -- -- -- -- 9b d7 -- -- -- -- 61 -- 53 -- b6 -- -- -- 4a b4 -- -- dd 21 19 eb a8 9a 59  5 43 -- f2 -- -- -- 15 97 52 1b -- -- -- -- -- 67 

solutions so far:0 maxDepth:10 
iterations:84606691  skipped: 26 
Depth skipped: 
0 0 26 0 0 0 0 0 0 0 0 0 0 0 0 0 0 0 0 0 0 0 0 0 0 0 0 0 0 0 0 0 

running time: 8100 sec
 depth:6
 0  1  2  3  4  5  6  7  8  9  a  b  c  d  e  f 10 11 12 13 14 15 16 17 18 19 1a 1b 1c 1d 1e 1f 20 21 22 23 24 25 26 27 28 29 2a 2b 2c 2d 2e 2f 30 31 32 33 34 35 36 37 38 39 3a 3b 3c 3d 3e 3f 40 41 42 43 44 45 46 47 48 49 4a 4b 4c 4d 4e 4f 50 51 52 53 54 55 56 57 58 59 5a 5b 5c 5d 5e 5f 60 61 62 63 64 65 66 67 68 69 6a 6b 6c 6d 6e 6f 70 71 72 73 74 75 76 77 78 79 7a 7b 7c 7d 7e 7f 80 81 82 83 84 85 86 87 88 89 8a 8b 8c 8d 8e 8f 90 91 92 93 94 95 96 97 98 99 9a 9b 9c 9d 9e 9f a0 a1 a2 a3 a4 a5 a6 a7 a8 a9 aa ab ac ad ae af b0 b1 b2 b3 b4 b5 b6 b7 b8 b9 ba bb bc bd be bf c0 c1 c2 c3 c4 c5 c6 c7 c8 c9 ca cb cc cd ce cf d0 d1 d2 d3 d4 d5 d6 d7 d8 d9 da db dc dd de df e0 e1 e2 e3 e4 e5 e6 e7 e8 e9 ea eb ec ed ee ef f0 f1 f2 f3 f4 f5 f6 f7 f8 f9 fa fb fc fd fe ff 
 0  1  2 32  4 38 64 23  8  b 70 42 c8 d8 46 -- 10 -- 16 -- e0 -- 84 f3 47 -- 67 -- 8c 81 -- ed 20 -- -- -- 2c 99 -- 68 17 74 -- -- df -- 31 -- 8e -- -- 33 ce -- -- -- cf b9 d5 -- -- --  d -- 40 -- -- -- -- -- -- -- 58 -- e5 -- -- -- d0 4f 2e -- e8 -- -- 13 -- 82 69 -- -- -- 62 -- -- -- cb -- -- -- -- -- 66 -- 4b -- -- -- -- -- -- -- 49 -- a5 -- 7d e7 -- fb -- 79 -- -- 1a -- -- -- 80 -- -- 4c -- -- -- -- -- -- -- 71 -- -- -- -- b0 -- -- -- 1d -- -- b8 -- be -- -- 77 36 9e  e 5c -- -- --  7 1b -- 5f -- -- 26 -- -- -- d3 -- d2 -- -- -- -- -- -- 73 c4 e6 -- -- -- -- -- -- 41 e2 -- -- -- -- -- -- -- -- -- -- cc -- -- -- 96 98 -- -- -- -- -- d7 -- -- -- -- -- -- -- -- 92 -- -- -- 9d ab -- -- fa 1c 19 eb -- 6c 21 ee -- -- f2 -- -- -- -- b7 34 a7 -- -- -- -- -- 3a 

solutions so far:0 maxDepth:10 
iterations:89716278  skipped: 26 
Depth skipped: 
0 0 26 0 0 0 0 0 0 0 0 0 0 0 0 0 0 0 0 0 0 0 0 0 0 0 0 0 0 0 0 0 

running time: 8400 sec
 depth:7
 0  1  2  3  4  5  6  7  8  9  a  b  c  d  e  f 10 11 12 13 14 15 16 17 18 19 1a 1b 1c 1d 1e 1f 20 21 22 23 24 25 26 27 28 29 2a 2b 2c 2d 2e 2f 30 31 32 33 34 35 36 37 38 39 3a 3b 3c 3d 3e 3f 40 41 42 43 44 45 46 47 48 49 4a 4b 4c 4d 4e 4f 50 51 52 53 54 55 56 57 58 59 5a 5b 5c 5d 5e 5f 60 61 62 63 64 65 66 67 68 69 6a 6b 6c 6d 6e 6f 70 71 72 73 74 75 76 77 78 79 7a 7b 7c 7d 7e 7f 80 81 82 83 84 85 86 87 88 89 8a 8b 8c 8d 8e 8f 90 91 92 93 94 95 96 97 98 99 9a 9b 9c 9d 9e 9f a0 a1 a2 a3 a4 a5 a6 a7 a8 a9 aa ab ac ad ae af b0 b1 b2 b3 b4 b5 b6 b7 b8 b9 ba bb bc bd be bf c0 c1 c2 c3 c4 c5 c6 c7 c8 c9 ca cb cc cd ce cf d0 d1 d2 d3 d4 d5 d6 d7 d8 d9 da db dc dd de df e0 e1 e2 e3 e4 e5 e6 e7 e8 e9 ea eb ec ed ee ef f0 f1 f2 f3 f4 f5 f6 f7 f8 f9 fa fb fc fd fe ff 
 0  1  2 32  4 2c 64 6b  8 35 58 df c8 ce d6 65 10 -- 6a -- b0 -- 69 ec 47 -- 4b -- 7b 6e ca c9 20 -- -- -- d4  d -- 51 b7 d0 -- -- d2 --  f -- 8e -- -- 33 96 -- -- 61 f6 56 dc a8 43 -- 45 -- 40 -- -- -- -- -- -- -- 7f -- 1a -- -- -- a2 4f b9 -- 77 -- -- 13 -- 82 73 -- -- -- 1e -- -- -- cb -- -- -- -- -- 66 -- fb -- -- e1 -- -- c2 a6 3b -- ac -- 6f e7 87 42 86 79 -- 2a 8a -- -- -- 80 -- -- 4c -- -- -- -- -- -- -- 71 -- -- -- -- fe -- -- -- 34 -- -- 9d -- f0 -- -- 93 d8 9e  b a5 -- -- -- ee 6c -- 78 -- -- 26 -- -- -- d3 -- e6 -- -- -- -- -- -- 1b 3c 36 -- -- -- -- -- -- 41 e2 -- -- -- -- -- -- -- -- -- -- cc -- -- -- 21 98 -- -- -- -- 15 d7 -- -- -- -- 53 -- 9b -- 76 -- -- -- 8f 37 -- -- de 16 19 eb d9 67 84 f1 db -- f2 -- -- -- 54 2b c3 ed -- -- -- -- -- 68 

solutions so far:0 maxDepth:10 
iterations:95135611  skipped: 27 
Depth skipped: 
0 0 27 0 0 0 0 0 0 0 0 0 0 0 0 0 0 0 0 0 0 0 0 0 0 0 0 0 0 0 0 0 

running time: 8700 sec
 depth:7
 0  1  2  3  4  5  6  7  8  9  a  b  c  d  e  f 10 11 12 13 14 15 16 17 18 19 1a 1b 1c 1d 1e 1f 20 21 22 23 24 25 26 27 28 29 2a 2b 2c 2d 2e 2f 30 31 32 33 34 35 36 37 38 39 3a 3b 3c 3d 3e 3f 40 41 42 43 44 45 46 47 48 49 4a 4b 4c 4d 4e 4f 50 51 52 53 54 55 56 57 58 59 5a 5b 5c 5d 5e 5f 60 61 62 63 64 65 66 67 68 69 6a 6b 6c 6d 6e 6f 70 71 72 73 74 75 76 77 78 79 7a 7b 7c 7d 7e 7f 80 81 82 83 84 85 86 87 88 89 8a 8b 8c 8d 8e 8f 90 91 92 93 94 95 96 97 98 99 9a 9b 9c 9d 9e 9f a0 a1 a2 a3 a4 a5 a6 a7 a8 a9 aa ab ac ad ae af b0 b1 b2 b3 b4 b5 b6 b7 b8 b9 ba bb bc bd be bf c0 c1 c2 c3 c4 c5 c6 c7 c8 c9 ca cb cc cd ce cf d0 d1 d2 d3 d4 d5 d6 d7 d8 d9 da db dc dd de df e0 e1 e2 e3 e4 e5 e6 e7 e8 e9 ea eb ec ed ee ef f0 f1 f2 f3 f4 f5 f6 f7 f8 f9 fa fb fc fd fe ff 
 0  1  2 32  4 1d 64 bc  8  c 3a 7c c8 90 af 5a 10 -- 18 -- 74 -- f8 a3 47 -- f7 -- 89 7e b4 55 20 -- -- -- 30 70 -- 75 e8 5c -- -- 27 -- 91 -- 8e -- -- 33 39 -- -- dd c5 ae fc 95 bf -- aa -- 40 -- -- -- -- -- -- -- 60 -- e0 -- -- -- ea 4f  7 -- b8 -- -- 13 -- 82 4e -- -- -- f5 -- -- -- cb -- -- -- -- -- 66 -- 72 -- -- 5b -- -- 6d 63 5d -- 8b -- 2f e7 fd 1f a9 79 -- bb 83 -- -- -- 80 -- -- 4c -- -- -- -- -- -- -- 71 -- -- -- -- c0 -- -- -- 17 -- -- 1c -- f4 -- --  3 24 9e 99  e -- -- -- a7 12 -- 7a -- -- 26 -- -- -- d3 -- 9c -- -- -- -- -- -- ef 3d  9 -- -- -- -- -- -- 41 e2 -- -- -- -- -- -- -- -- -- -- cc -- -- -- e4 98 -- -- -- -- b6 d7 -- -- -- -- da -- c6 -- ba -- -- -- c1 3f -- -- 5e e5 19 eb 2d 48 3e  6 85 -- f2 -- -- -- a1 57 d1 38 -- -- -- -- -- 2e 

solutions so far:0 maxDepth:10 
iterations:100609983  skipped: 29 
Depth skipped: 
0 0 29 0 0 0 0 0 0 0 0 0 0 0 0 0 0 0 0 0 0 0 0 0 0 0 0 0 0 0 0 0 

running time: 9000 sec
 depth:6
 0  1  2  3  4  5  6  7  8  9  a  b  c  d  e  f 10 11 12 13 14 15 16 17 18 19 1a 1b 1c 1d 1e 1f 20 21 22 23 24 25 26 27 28 29 2a 2b 2c 2d 2e 2f 30 31 32 33 34 35 36 37 38 39 3a 3b 3c 3d 3e 3f 40 41 42 43 44 45 46 47 48 49 4a 4b 4c 4d 4e 4f 50 51 52 53 54 55 56 57 58 59 5a 5b 5c 5d 5e 5f 60 61 62 63 64 65 66 67 68 69 6a 6b 6c 6d 6e 6f 70 71 72 73 74 75 76 77 78 79 7a 7b 7c 7d 7e 7f 80 81 82 83 84 85 86 87 88 89 8a 8b 8c 8d 8e 8f 90 91 92 93 94 95 96 97 98 99 9a 9b 9c 9d 9e 9f a0 a1 a2 a3 a4 a5 a6 a7 a8 a9 aa ab ac ad ae af b0 b1 b2 b3 b4 b5 b6 b7 b8 b9 ba bb bc bd be bf c0 c1 c2 c3 c4 c5 c6 c7 c8 c9 ca cb cc cd ce cf d0 d1 d2 d3 d4 d5 d6 d7 d8 d9 da db dc dd de df e0 e1 e2 e3 e4 e5 e6 e7 e8 e9 ea eb ec ed ee ef f0 f1 f2 f3 f4 f5 f6 f7 f8 f9 fa fb fc fd fe ff 
 0  1  2 32  4 14 64 4d  8 fc 28 2d c8 c6 9a -- 10 -- 2f -- 50 -- 5a 88 47 -- 5b -- e3 bd -- a3 20 -- -- -- 5e 94 -- 7a a0 a4 -- -- b4 -- c7 -- 8e -- -- 33 b6 -- -- -- 11 c5 ad -- -- -- 91 -- 40 -- -- -- -- -- -- -- bc -- ff -- -- -- f4 4f 97 -- 9f -- -- 13 -- 82 bf -- -- -- 59 -- -- -- cb -- -- -- -- -- 66 -- bb -- -- -- -- -- -- -- 22 -- 5d -- 8d e7 -- 95 -- 79 -- -- f5 -- -- -- 80 -- -- 4c -- -- -- -- -- -- -- 71 -- -- -- -- af -- -- -- 29 -- -- 25 -- b1 -- -- 3f da 9e  5 f9 -- -- -- e9 6d -- b3 -- -- 26 -- -- -- d3 -- a9 -- -- -- -- -- -- 85 b2 dd -- -- -- -- -- -- 41 e2 -- -- -- -- -- -- -- -- -- -- cc -- -- -- a1 98 -- -- -- -- -- d7 -- -- -- -- -- -- -- -- 44 -- -- -- ba b5 -- -- cd  a 19 eb -- 63 fd 7e -- -- f2 -- -- -- -- 89 3d 4a -- -- -- -- -- 52 

solutions so far:0 maxDepth:10 
iterations:106324900  skipped: 29 
Depth skipped: 
0 0 29 0 0 0 0 0 0 0 0 0 0 0 0 0 0 0 0 0 0 0 0 0 0 0 0 0 0 0 0 0 

running time: 9300 sec
 depth:6
 0  1  2  3  4  5  6  7  8  9  a  b  c  d  e  f 10 11 12 13 14 15 16 17 18 19 1a 1b 1c 1d 1e 1f 20 21 22 23 24 25 26 27 28 29 2a 2b 2c 2d 2e 2f 30 31 32 33 34 35 36 37 38 39 3a 3b 3c 3d 3e 3f 40 41 42 43 44 45 46 47 48 49 4a 4b 4c 4d 4e 4f 50 51 52 53 54 55 56 57 58 59 5a 5b 5c 5d 5e 5f 60 61 62 63 64 65 66 67 68 69 6a 6b 6c 6d 6e 6f 70 71 72 73 74 75 76 77 78 79 7a 7b 7c 7d 7e 7f 80 81 82 83 84 85 86 87 88 89 8a 8b 8c 8d 8e 8f 90 91 92 93 94 95 96 97 98 99 9a 9b 9c 9d 9e 9f a0 a1 a2 a3 a4 a5 a6 a7 a8 a9 aa ab ac ad ae af b0 b1 b2 b3 b4 b5 b6 b7 b8 b9 ba bb bc bd be bf c0 c1 c2 c3 c4 c5 c6 c7 c8 c9 ca cb cc cd ce cf d0 d1 d2 d3 d4 d5 d6 d7 d8 d9 da db dc dd de df e0 e1 e2 e3 e4 e5 e6 e7 e8 e9 ea eb ec ed ee ef f0 f1 f2 f3 f4 f5 f6 f7 f8 f9 fa fb fc fd fe ff 
 0  1  2 32  4  6 64 f4  8 12  c 35 c8 45 3f -- 10 -- 24 -- 18 -- 6a bc 47 -- 8a -- 7e 91 -- 3e 20 -- -- -- 48 8b -- 4e 30 83 -- -- d4 -- af -- 8e -- -- 33 c3 -- -- -- fc 72 f5 -- -- -- 7c -- 40 -- -- -- -- -- -- -- 90 -- c1 -- -- -- 9c 4f 60 -- d1 -- -- 13 -- 82 7f -- -- -- 89 -- -- -- cb -- -- -- -- -- 66 -- 51 -- -- -- -- -- -- -- 2f -- e4 -- 3d e7 -- 93 -- 79 -- -- f8 -- -- -- 80 -- -- 4c -- -- -- -- -- -- -- 71 -- -- -- -- f7 -- -- -- 55 -- -- 57 -- ba -- -- ef 8f 9e ea c0 -- -- -- 75 ac -- 5d -- -- 26 -- -- -- d3 -- fe -- -- -- -- -- -- 2b c5 56 -- -- -- -- -- -- 41 e2 -- -- -- -- -- -- -- -- -- -- cc -- -- -- a2 98 -- -- -- -- -- d7 -- -- -- -- -- -- -- -- 5e -- -- -- 1f a3 -- -- 7a  3 19 eb -- c9 f1  9 -- -- f2 -- -- -- -- 39 27 ae -- -- -- -- -- aa 

solutions so far:0 maxDepth:10 
iterations:112185018  skipped: 31 
Depth skipped: 
0 0 31 0 0 0 0 0 0 0 0 0 0 0 0 0 0 0 0 0 0 0 0 0 0 0 0 0 0 0 0 0 

running time: 9600 sec

Finished. Total running time: 9634 sec
