Search S-boxes invariant for matrix: 
{0x00,0x02,0x04,0x06,0x08,0x0a,0x0c,0x0e,0x10,0x12,0x14,0x16,0x18,0x1a,0x1c,0x1e,0x20,0x22,0x24,0x26,0x28,0x2a,0x2c,0x2e,0x30,0x32,0x34,0x36,0x38,0x3a,0x3c,0x3e,0x40,0x42,0x44,0x46,0x48,0x4a,0x4c,0x4e,0x50,0x52,0x54,0x56,0x58,0x5a,0x5c,0x5e,0x60,0x62,0x64,0x66,0x68,0x6a,0x6c,0x6e,0x70,0x72,0x74,0x76,0x78,0x7a,0x7c,0x7e,0x80,0x82,0x84,0x86,0x88,0x8a,0x8c,0x8e,0x90,0x92,0x94,0x96,0x98,0x9a,0x9c,0x9e,0xa0,0xa2,0xa4,0xa6,0xa8,0xaa,0xac,0xae,0xb0,0xb2,0xb4,0xb6,0xb8,0xba,0xbc,0xbe,0xc0,0xc2,0xc4,0xc6,0xc8,0xca,0xcc,0xce,0xd0,0xd2,0xd4,0xd6,0xd8,0xda,0xdc,0xde,0xe0,0xe2,0xe4,0xe6,0xe8,0xea,0xec,0xee,0xf0,0xf2,0xf4,0xf6,0xf8,0xfa,0xfc,0xfe,0xd7,0xd5,0xd3,0xd1,0xdf,0xdd,0xdb,0xd9,0xc7,0xc5,0xc3,0xc1,0xcf,0xcd,0xcb,0xc9,0xf7,0xf5,0xf3,0xf1,0xff,0xfd,0xfb,0xf9,0xe7,0xe5,0xe3,0xe1,0xef,0xed,0xeb,0xe9,0x97,0x95,0x93,0x91,0x9f,0x9d,0x9b,0x99,0x87,0x85,0x83,0x81,0x8f,0x8d,0x8b,0x89,0xb7,0xb5,0xb3,0xb1,0xbf,0xbd,0xbb,0xb9,0xa7,0xa5,0xa3,0xa1,0xaf,0xad,0xab,0xa9,0x57,0x55,0x53,0x51,0x5f,0x5d,0x5b,0x59,0x47,0x45,0x43,0x41,0x4f,0x4d,0x4b,0x49,0x77,0x75,0x73,0x71,0x7f,0x7d,0x7b,0x79,0x67,0x65,0x63,0x61,0x6f,0x6d,0x6b,0x69,0x17,0x15,0x13,0x11,0x1f,0x1d,0x1b,0x19,0x07,0x05,0x03,0x01,0x0f,0x0d,0x0b,0x09,0x37,0x35,0x33,0x31,0x3f,0x3d,0x3b,0x39,0x27,0x25,0x23,0x21,0x2f,0x2d,0x2b,0x29};



 depth:7
 0  1  2  3  4  5  6  7  8  9  a  b  c  d  e  f 10 11 12 13 14 15 16 17 18 19 1a 1b 1c 1d 1e 1f 20 21 22 23 24 25 26 27 28 29 2a 2b 2c 2d 2e 2f 30 31 32 33 34 35 36 37 38 39 3a 3b 3c 3d 3e 3f 40 41 42 43 44 45 46 47 48 49 4a 4b 4c 4d 4e 4f 50 51 52 53 54 55 56 57 58 59 5a 5b 5c 5d 5e 5f 60 61 62 63 64 65 66 67 68 69 6a 6b 6c 6d 6e 6f 70 71 72 73 74 75 76 77 78 79 7a 7b 7c 7d 7e 7f 80 81 82 83 84 85 86 87 88 89 8a 8b 8c 8d 8e 8f 90 91 92 93 94 95 96 97 98 99 9a 9b 9c 9d 9e 9f a0 a1 a2 a3 a4 a5 a6 a7 a8 a9 aa ab ac ad ae af b0 b1 b2 b3 b4 b5 b6 b7 b8 b9 ba bb bc bd be bf c0 c1 c2 c3 c4 c5 c6 c7 c8 c9 ca cb cc cd ce cf d0 d1 d2 d3 d4 d5 d6 d7 d8 d9 da db dc dd de df e0 e1 e2 e3 e4 e5 e6 e7 e8 e9 ea eb ec ed ee ef f0 f1 f2 f3 f4 f5 f6 f7 f8 f9 fa fb fc fd fe ff 
 0  1  2 35  4 f9 6a 76  8 c6 25 23 d4 5f ec e0 10 -- 5b -- 4a -- 46 f0 7f -- be --  f d6 17 b4 20 -- -- -- b6 9f -- dd 94 14 -- -- 8c -- 37 -- fe -- -- 33 ab -- -- a7 1e fd 7b 1c 2e -- bf -- 40 -- -- -- -- -- -- -- bb -- e9 -- -- -- 6d 4f ff -- 28 -- -- 8a -- ac cf -- -- -- 6e -- -- -- 2b -- -- -- -- -- 66 -- 81 -- -- 74 -- -- 99 1d 3c -- 2d -- f6 93 38 7d 5c 79 --  7 a9 -- -- -- 80 -- -- 51 -- -- -- -- -- -- -- c9 -- -- -- -- a1 -- -- --  5 -- -- 52 -- de -- -- da 62 9e a0 29 -- -- -- 50 31 -- 6f -- -- c3 -- -- -- 8f -- 49 -- -- -- -- -- -- 92 dc f3 -- -- -- -- -- -- 56 45 -- -- -- -- -- -- -- -- -- -- cc -- -- -- d5 a2 -- -- -- -- e8 d7 -- -- -- -- e5 -- 3a -- 78 -- -- -- 5a 6b -- -- 3b 97 f1 eb 70 c4 fa 63 b8 -- f2 -- -- --  e 95 85 a4 -- -- -- -- --  a 

solutions so far:0 maxDepth:9 
iterations:2864960  skipped: 1 
Depth skipped: 
0 0 1 0 0 0 0 0 0 0 0 0 0 0 0 0 0 0 0 0 0 0 0 0 0 0 0 0 0 0 0 0 

running time: 300 sec
 depth:7
 0  1  2  3  4  5  6  7  8  9  a  b  c  d  e  f 10 11 12 13 14 15 16 17 18 19 1a 1b 1c 1d 1e 1f 20 21 22 23 24 25 26 27 28 29 2a 2b 2c 2d 2e 2f 30 31 32 33 34 35 36 37 38 39 3a 3b 3c 3d 3e 3f 40 41 42 43 44 45 46 47 48 49 4a 4b 4c 4d 4e 4f 50 51 52 53 54 55 56 57 58 59 5a 5b 5c 5d 5e 5f 60 61 62 63 64 65 66 67 68 69 6a 6b 6c 6d 6e 6f 70 71 72 73 74 75 76 77 78 79 7a 7b 7c 7d 7e 7f 80 81 82 83 84 85 86 87 88 89 8a 8b 8c 8d 8e 8f 90 91 92 93 94 95 96 97 98 99 9a 9b 9c 9d 9e 9f a0 a1 a2 a3 a4 a5 a6 a7 a8 a9 aa ab ac ad ae af b0 b1 b2 b3 b4 b5 b6 b7 b8 b9 ba bb bc bd be bf c0 c1 c2 c3 c4 c5 c6 c7 c8 c9 ca cb cc cd ce cf d0 d1 d2 d3 d4 d5 d6 d7 d8 d9 da db dc dd de df e0 e1 e2 e3 e4 e5 e6 e7 e8 e9 ea eb ec ed ee ef f0 f1 f2 f3 f4 f5 f6 f7 f8 f9 fa fb fc fd fe ff 
 0  1  2 35  4 f6 6a 71  8 9b 3b 4e d4 72 e2 4b 10 -- e1 -- 76 -- 9c e7 7f -- e4 -- 13 cb 96 ca 20 -- -- -- 15 f0 -- 61 ec 6f -- -- ef -- 19 -- fe -- -- 33 1f -- -- 84 26 87 41 d8 fb -- 43 -- 40 -- -- -- -- -- -- -- 2a -- 37 -- -- -- c2 4f  f -- de -- -- 8a -- ac  9 -- -- -- 32 -- -- -- 2b -- -- -- -- -- 66 -- 3e -- -- e6 -- -- df d2 4c -- d9 -- 82 93 67 f8 21 79 -- 36 86 -- -- -- 80 -- -- 51 -- -- -- -- -- -- -- c9 -- -- -- -- 54 -- -- -- 6e -- -- 3c -- 47 -- -- 53 f7 9e d6 1e -- -- -- 6b 90 -- c8 -- -- c3 -- -- -- 8f -- 12 -- -- -- -- -- -- 24 64 48 -- -- -- -- -- -- 56 45 -- -- -- -- -- -- -- -- -- -- cc -- -- -- 7c a2 -- -- -- -- 1b d7 -- -- -- -- 69 -- 73 -- 98 -- -- -- 65 8e -- -- d3 7b f1 eb ce 39 27 a6 42 -- f2 -- -- -- 6c a8 db 78 -- -- -- -- -- dc 

solutions so far:0 maxDepth:9 
iterations:4914121  skipped: 1 
Depth skipped: 
0 0 1 0 0 0 0 0 0 0 0 0 0 0 0 0 0 0 0 0 0 0 0 0 0 0 0 0 0 0 0 0 

running time: 600 sec
 depth:7
 0  1  2  3  4  5  6  7  8  9  a  b  c  d  e  f 10 11 12 13 14 15 16 17 18 19 1a 1b 1c 1d 1e 1f 20 21 22 23 24 25 26 27 28 29 2a 2b 2c 2d 2e 2f 30 31 32 33 34 35 36 37 38 39 3a 3b 3c 3d 3e 3f 40 41 42 43 44 45 46 47 48 49 4a 4b 4c 4d 4e 4f 50 51 52 53 54 55 56 57 58 59 5a 5b 5c 5d 5e 5f 60 61 62 63 64 65 66 67 68 69 6a 6b 6c 6d 6e 6f 70 71 72 73 74 75 76 77 78 79 7a 7b 7c 7d 7e 7f 80 81 82 83 84 85 86 87 88 89 8a 8b 8c 8d 8e 8f 90 91 92 93 94 95 96 97 98 99 9a 9b 9c 9d 9e 9f a0 a1 a2 a3 a4 a5 a6 a7 a8 a9 aa ab ac ad ae af b0 b1 b2 b3 b4 b5 b6 b7 b8 b9 ba bb bc bd be bf c0 c1 c2 c3 c4 c5 c6 c7 c8 c9 ca cb cc cd ce cf d0 d1 d2 d3 d4 d5 d6 d7 d8 d9 da db dc dd de df e0 e1 e2 e3 e4 e5 e6 e7 e8 e9 ea eb ec ed ee ef f0 f1 f2 f3 f4 f5 f6 f7 f8 f9 fa fb fc fd fe ff 
 0  1  2 35  4 ef 6a 8e  8 bf  9 d8 d4 69 cb 46 10 -- a9 -- 12 -- 67 e2 7f -- d2 -- 41 32 8c b6 20 -- -- -- 85 72 -- fd 24 7c -- -- ce -- 13 -- fe -- -- 33 73 -- -- f3 82 63 64 7d cf -- bb -- 40 -- -- -- -- -- -- -- dd -- e4 -- -- -- 2d 4f 48 -- f8 -- -- 8a -- ac 4b -- -- -- 26 -- -- -- 2b -- -- -- -- -- 66 -- e6 -- -- be -- -- 31 c4 d3 -- c6 -- c8 93 fa 36 49 79 -- 81 a1 -- -- -- 80 -- -- 51 -- -- -- -- -- -- -- c9 -- -- -- -- 6d -- -- -- 1f -- -- f7 -- e7 -- -- 5a 84 9e 4e 90 -- -- -- 27 42 -- 98 -- -- c3 -- -- -- 8f -- 96 -- -- -- -- -- -- fb 4c 21 -- -- -- -- -- -- 56 45 -- -- -- -- -- -- -- -- -- -- cc -- -- -- 1b a2 -- -- -- -- ab d7 -- -- -- -- 62 -- 5f -- 71 -- -- -- 5b 19 -- -- 47 9c f1 eb 23 df 6c b4 92 -- f2 -- -- -- d5 da 95 39 -- -- -- -- -- 3e 

solutions so far:0 maxDepth:9 
iterations:7495381  skipped: 2 
Depth skipped: 
0 0 2 0 0 0 0 0 0 0 0 0 0 0 0 0 0 0 0 0 0 0 0 0 0 0 0 0 0 0 0 0 

running time: 900 sec
 depth:7
 0  1  2  3  4  5  6  7  8  9  a  b  c  d  e  f 10 11 12 13 14 15 16 17 18 19 1a 1b 1c 1d 1e 1f 20 21 22 23 24 25 26 27 28 29 2a 2b 2c 2d 2e 2f 30 31 32 33 34 35 36 37 38 39 3a 3b 3c 3d 3e 3f 40 41 42 43 44 45 46 47 48 49 4a 4b 4c 4d 4e 4f 50 51 52 53 54 55 56 57 58 59 5a 5b 5c 5d 5e 5f 60 61 62 63 64 65 66 67 68 69 6a 6b 6c 6d 6e 6f 70 71 72 73 74 75 76 77 78 79 7a 7b 7c 7d 7e 7f 80 81 82 83 84 85 86 87 88 89 8a 8b 8c 8d 8e 8f 90 91 92 93 94 95 96 97 98 99 9a 9b 9c 9d 9e 9f a0 a1 a2 a3 a4 a5 a6 a7 a8 a9 aa ab ac ad ae af b0 b1 b2 b3 b4 b5 b6 b7 b8 b9 ba bb bc bd be bf c0 c1 c2 c3 c4 c5 c6 c7 c8 c9 ca cb cc cd ce cf d0 d1 d2 d3 d4 d5 d6 d7 d8 d9 da db dc dd de df e0 e1 e2 e3 e4 e5 e6 e7 e8 e9 ea eb ec ed ee ef f0 f1 f2 f3 f4 f5 f6 f7 f8 f9 fa fb fc fd fe ff 
 0  1  2 35  4 e8 6a e6  8 ba  7 12 d4 7c 1b 11 10 -- a3 --  e -- 24 ce 7f -- f8 -- 36 df 22 fc 20 -- -- -- 91 2e -- af 1c 99 -- -- 48 -- 4b -- fe -- -- 33 27 -- -- 59 6c f4 69 4d 44 -- 2f -- 40 -- -- -- -- -- -- -- f5 -- 5c -- -- -- 89 4f 38 -- e5 -- -- 8a -- ac 90 -- -- -- 96 -- -- -- 2b -- -- -- -- -- 66 -- 4e -- -- bd -- -- b2 b1 d8 -- 3f -- d2 93 9a ef 88 79 -- 8d 5e -- -- -- 80 -- -- 51 -- -- -- -- -- -- -- c9 -- -- -- -- 3d -- -- -- b8 -- -- e0 -- 42 -- -- c5 1f 9e 3a 70 -- -- -- 1d e4 -- 21 -- -- c3 -- -- -- 8f -- f7 -- -- -- -- -- -- 39 fb 72 -- -- -- -- -- -- 56 45 -- -- -- -- -- -- -- -- -- -- cc -- -- -- 9c a2 -- -- -- -- ad d7 -- -- -- -- b3 -- b5 -- 67 -- -- -- 7e 84 -- -- 73 74 f1 eb e3 3e  9 5d c7 -- f2 -- -- -- cd 7a bc 17 -- -- -- -- -- a7 

solutions so far:0 maxDepth:9 
iterations:9957216  skipped: 3 
Depth skipped: 
0 0 3 0 0 0 0 0 0 0 0 0 0 0 0 0 0 0 0 0 0 0 0 0 0 0 0 0 0 0 0 0 

running time: 1200 sec
 depth:6
 0  1  2  3  4  5  6  7  8  9  a  b  c  d  e  f 10 11 12 13 14 15 16 17 18 19 1a 1b 1c 1d 1e 1f 20 21 22 23 24 25 26 27 28 29 2a 2b 2c 2d 2e 2f 30 31 32 33 34 35 36 37 38 39 3a 3b 3c 3d 3e 3f 40 41 42 43 44 45 46 47 48 49 4a 4b 4c 4d 4e 4f 50 51 52 53 54 55 56 57 58 59 5a 5b 5c 5d 5e 5f 60 61 62 63 64 65 66 67 68 69 6a 6b 6c 6d 6e 6f 70 71 72 73 74 75 76 77 78 79 7a 7b 7c 7d 7e 7f 80 81 82 83 84 85 86 87 88 89 8a 8b 8c 8d 8e 8f 90 91 92 93 94 95 96 97 98 99 9a 9b 9c 9d 9e 9f a0 a1 a2 a3 a4 a5 a6 a7 a8 a9 aa ab ac ad ae af b0 b1 b2 b3 b4 b5 b6 b7 b8 b9 ba bb bc bd be bf c0 c1 c2 c3 c4 c5 c6 c7 c8 c9 ca cb cc cd ce cf d0 d1 d2 d3 d4 d5 d6 d7 d8 d9 da db dc dd de df e0 e1 e2 e3 e4 e5 e6 e7 e8 e9 ea eb ec ed ee ef f0 f1 f2 f3 f4 f5 f6 f7 f8 f9 fa fb fc fd fe ff 
 0  1  2 35  4 e5 6a dd  8 ba 1d d8 d4 69 6d -- 10 -- a3 -- 3a -- 67 b6 7f -- d2 -- da b4 -- fc 20 -- -- -- 91 38 -- af 74 2e -- -- ce -- bb -- fe -- -- 33 73 -- -- -- 63 f4 bf -- -- -- 2f -- 40 -- -- -- -- -- -- -- f5 -- 70 -- -- -- 89 4f e8 -- 5c -- -- 8a -- ac 4b -- -- -- a1 -- -- -- 2b -- -- -- -- -- 66 -- e6 -- -- -- -- -- -- -- c6 -- 3f -- a9 93 -- 36 -- 79 -- -- 5e -- -- -- 80 -- -- 51 -- -- -- -- -- -- -- c9 -- -- -- -- 3d -- -- -- e0 -- --  e -- 2d -- -- c5 84 9e a7  7 -- -- -- b8 42 -- fd -- -- c3 -- -- -- 8f -- 96 -- -- -- -- -- -- fb 95 21 -- -- -- -- -- -- 56 45 -- -- -- -- -- -- -- -- -- -- cc -- -- -- 1b a2 -- -- -- -- -- d7 -- -- -- -- -- -- -- -- 5b -- -- -- 7e 5a -- -- 85 99 f1 eb -- df 6c 5d -- -- f2 -- -- -- -- 7a bc 1c -- -- -- -- -- 17 

solutions so far:0 maxDepth:9 
iterations:12015470  skipped: 3 
Depth skipped: 
0 0 3 0 0 0 0 0 0 0 0 0 0 0 0 0 0 0 0 0 0 0 0 0 0 0 0 0 0 0 0 0 

running time: 1500 sec
 depth:7
 0  1  2  3  4  5  6  7  8  9  a  b  c  d  e  f 10 11 12 13 14 15 16 17 18 19 1a 1b 1c 1d 1e 1f 20 21 22 23 24 25 26 27 28 29 2a 2b 2c 2d 2e 2f 30 31 32 33 34 35 36 37 38 39 3a 3b 3c 3d 3e 3f 40 41 42 43 44 45 46 47 48 49 4a 4b 4c 4d 4e 4f 50 51 52 53 54 55 56 57 58 59 5a 5b 5c 5d 5e 5f 60 61 62 63 64 65 66 67 68 69 6a 6b 6c 6d 6e 6f 70 71 72 73 74 75 76 77 78 79 7a 7b 7c 7d 7e 7f 80 81 82 83 84 85 86 87 88 89 8a 8b 8c 8d 8e 8f 90 91 92 93 94 95 96 97 98 99 9a 9b 9c 9d 9e 9f a0 a1 a2 a3 a4 a5 a6 a7 a8 a9 aa ab ac ad ae af b0 b1 b2 b3 b4 b5 b6 b7 b8 b9 ba bb bc bd be bf c0 c1 c2 c3 c4 c5 c6 c7 c8 c9 ca cb cc cd ce cf d0 d1 d2 d3 d4 d5 d6 d7 d8 d9 da db dc dd de df e0 e1 e2 e3 e4 e5 e6 e7 e8 e9 ea eb ec ed ee ef f0 f1 f2 f3 f4 f5 f6 f7 f8 f9 fa fb fc fd fe ff 
 0  1  2 35  4 e2 6a 96  8 d9 13 6e d4 ec fb 38 10 -- 65 -- 26 -- dc 69 7f --  f -- 21 d8 70 a6 20 -- -- -- ca 64 -- 2a 4c cb -- -- 6f -- d2 -- fe -- -- 33 1e -- -- 5c 42 61 67  7 e0 -- 9b -- 40 -- -- -- -- -- -- -- 43 -- c8 -- -- -- 54 4f 98 -- 41 -- -- 8a -- ac de -- -- -- 73 -- -- -- 2b -- -- -- -- -- 66 -- 3c -- -- 1d -- -- b8 99 84 -- c2 -- ce 93  e f0 17 79 -- 74 e1 -- -- -- 80 -- -- 51 -- -- -- -- -- -- -- c9 -- -- -- -- 86 -- -- -- 47 -- -- 19 -- 36 -- -- a8 3b 9e d3 e7 -- -- -- 82 f6 -- 1b -- -- c3 -- -- -- 8f -- 6b -- -- -- -- -- -- d6 e6 7b -- -- -- -- -- -- 56 45 -- -- -- -- -- -- -- -- -- -- cc -- -- -- 78 a2 -- -- -- -- 3a d7 -- -- -- -- a7 -- e5 -- df -- -- -- 53 6c -- -- 4b 71 f1 eb 1c 76 37 87 2e -- f2 -- -- -- e8 db 15 32 -- -- -- -- -- 8e 

solutions so far:0 maxDepth:9 
iterations:14430545  skipped: 3 
Depth skipped: 
0 0 3 0 0 0 0 0 0 0 0 0 0 0 0 0 0 0 0 0 0 0 0 0 0 0 0 0 0 0 0 0 

running time: 1800 sec
 depth:7
 0  1  2  3  4  5  6  7  8  9  a  b  c  d  e  f 10 11 12 13 14 15 16 17 18 19 1a 1b 1c 1d 1e 1f 20 21 22 23 24 25 26 27 28 29 2a 2b 2c 2d 2e 2f 30 31 32 33 34 35 36 37 38 39 3a 3b 3c 3d 3e 3f 40 41 42 43 44 45 46 47 48 49 4a 4b 4c 4d 4e 4f 50 51 52 53 54 55 56 57 58 59 5a 5b 5c 5d 5e 5f 60 61 62 63 64 65 66 67 68 69 6a 6b 6c 6d 6e 6f 70 71 72 73 74 75 76 77 78 79 7a 7b 7c 7d 7e 7f 80 81 82 83 84 85 86 87 88 89 8a 8b 8c 8d 8e 8f 90 91 92 93 94 95 96 97 98 99 9a 9b 9c 9d 9e 9f a0 a1 a2 a3 a4 a5 a6 a7 a8 a9 aa ab ac ad ae af b0 b1 b2 b3 b4 b5 b6 b7 b8 b9 ba bb bc bd be bf c0 c1 c2 c3 c4 c5 c6 c7 c8 c9 ca cb cc cd ce cf d0 d1 d2 d3 d4 d5 d6 d7 d8 d9 da db dc dd de df e0 e1 e2 e3 e4 e5 e6 e7 e8 e9 ea eb ec ed ee ef f0 f1 f2 f3 f4 f5 f6 f7 f8 f9 fa fb fc fd fe ff 
 0  1  2 35  4 d9 6a 64  8 4a 65 5e d4 3d c8 e0 10 -- 94 -- ca -- bc 82 7f -- 7a -- 47 98 17  a 20 -- -- -- ff 53 -- a0 43 15 -- -- af -- d3 -- fe -- -- 33 f4 -- -- a7 8e 9f e7 1c 2e -- 14 -- 40 -- -- -- -- -- -- -- 29 -- a6 -- -- -- 97 4f 86 -- 2a -- -- 8a -- ac 89 -- -- -- 71 -- -- -- 2b -- -- -- -- -- 66 -- 3f -- -- 74 -- -- 99 1d cb -- e9 -- 19 93 38 fc 5c 79 --  7 28 -- -- -- 80 -- -- 51 -- -- -- -- -- -- -- c9 -- -- -- -- 52 -- -- -- 9b -- -- 61 -- 26 -- -- f9 91 9e a8 db -- -- -- 54 a3 -- 13 -- -- c3 -- -- -- 8f -- c5 -- -- -- -- -- -- 5d e2 ba -- -- -- -- -- -- 56 45 -- -- -- -- -- -- -- -- -- -- cc -- -- -- 7e a2 -- -- -- -- e8 d7 -- -- -- -- e5 -- 3a -- 41 -- -- --  5 4c -- -- 32 87 f1 eb 70 f5 2f 25 b8 -- f2 -- -- --  e a4 50 c2 -- -- -- -- -- e1 

solutions so far:0 maxDepth:9 
iterations:16404087  skipped: 6 
Depth skipped: 
0 0 6 0 0 0 0 0 0 0 0 0 0 0 0 0 0 0 0 0 0 0 0 0 0 0 0 0 0 0 0 0 

running time: 2100 sec
 depth:7
 0  1  2  3  4  5  6  7  8  9  a  b  c  d  e  f 10 11 12 13 14 15 16 17 18 19 1a 1b 1c 1d 1e 1f 20 21 22 23 24 25 26 27 28 29 2a 2b 2c 2d 2e 2f 30 31 32 33 34 35 36 37 38 39 3a 3b 3c 3d 3e 3f 40 41 42 43 44 45 46 47 48 49 4a 4b 4c 4d 4e 4f 50 51 52 53 54 55 56 57 58 59 5a 5b 5c 5d 5e 5f 60 61 62 63 64 65 66 67 68 69 6a 6b 6c 6d 6e 6f 70 71 72 73 74 75 76 77 78 79 7a 7b 7c 7d 7e 7f 80 81 82 83 84 85 86 87 88 89 8a 8b 8c 8d 8e 8f 90 91 92 93 94 95 96 97 98 99 9a 9b 9c 9d 9e 9f a0 a1 a2 a3 a4 a5 a6 a7 a8 a9 aa ab ac ad ae af b0 b1 b2 b3 b4 b5 b6 b7 b8 b9 ba bb bc bd be bf c0 c1 c2 c3 c4 c5 c6 c7 c8 c9 ca cb cc cd ce cf d0 d1 d2 d3 d4 d5 d6 d7 d8 d9 da db dc dd de df e0 e1 e2 e3 e4 e5 e6 e7 e8 e9 ea eb ec ed ee ef f0 f1 f2 f3 f4 f5 f6 f7 f8 f9 fa fb fc fd fe ff 
 0  1  2 35  4 d1 6a 97  8 63 75 d8 d4 69 f9 b1 10 -- c6 -- ea -- 67 29 7f -- d2 -- 25 14 b5 5a 20 -- -- -- 5b 60 -- 85  3 8b -- -- ce -- 52 -- fe -- -- 33 73 -- -- cd 4a 95 28 59 bd -- b4 -- 40 -- -- -- -- -- -- -- b6 -- c0 -- -- -- dd 4f  6 -- c1 -- -- 8a -- ac 4b -- -- -- a4 -- -- -- 2b -- -- -- -- -- 66 -- e6 -- -- 22 -- -- 4d e3 94 -- fd -- 50 93 b2 36 ad 79 -- 88 bf -- -- -- 80 -- -- 51 -- -- -- -- -- -- -- c9 -- -- -- -- bb -- -- -- 57 -- -- 18 --  5 -- -- 6d 84 9e aa  c -- -- -- 55 42 -- e9 -- -- c3 -- -- -- 8f -- 96 -- -- -- -- -- -- fb 9f 21 -- -- -- -- -- -- 56 45 -- -- -- -- -- -- -- -- -- -- cc -- -- -- 1b a2 -- -- -- -- 44 d7 -- -- -- -- 9a -- 11 -- ff -- -- -- 2d  a -- -- a0 83 f1 eb b3 df 6c da 8d -- f2 -- -- -- c7 a1 a9 30 -- -- -- -- -- ae 

solutions so far:0 maxDepth:9 
iterations:18324148  skipped: 7 
Depth skipped: 
0 0 7 0 0 0 0 0 0 0 0 0 0 0 0 0 0 0 0 0 0 0 0 0 0 0 0 0 0 0 0 0 

running time: 2400 sec
 depth:7
 0  1  2  3  4  5  6  7  8  9  a  b  c  d  e  f 10 11 12 13 14 15 16 17 18 19 1a 1b 1c 1d 1e 1f 20 21 22 23 24 25 26 27 28 29 2a 2b 2c 2d 2e 2f 30 31 32 33 34 35 36 37 38 39 3a 3b 3c 3d 3e 3f 40 41 42 43 44 45 46 47 48 49 4a 4b 4c 4d 4e 4f 50 51 52 53 54 55 56 57 58 59 5a 5b 5c 5d 5e 5f 60 61 62 63 64 65 66 67 68 69 6a 6b 6c 6d 6e 6f 70 71 72 73 74 75 76 77 78 79 7a 7b 7c 7d 7e 7f 80 81 82 83 84 85 86 87 88 89 8a 8b 8c 8d 8e 8f 90 91 92 93 94 95 96 97 98 99 9a 9b 9c 9d 9e 9f a0 a1 a2 a3 a4 a5 a6 a7 a8 a9 aa ab ac ad ae af b0 b1 b2 b3 b4 b5 b6 b7 b8 b9 ba bb bc bd be bf c0 c1 c2 c3 c4 c5 c6 c7 c8 c9 ca cb cc cd ce cf d0 d1 d2 d3 d4 d5 d6 d7 d8 d9 da db dc dd de df e0 e1 e2 e3 e4 e5 e6 e7 e8 e9 ea eb ec ed ee ef f0 f1 f2 f3 f4 f5 f6 f7 f8 f9 fa fb fc fd fe ff 
 0  1  2 35  4 c7 6a 77  8 63 59 7d d4 62 ee 12 10 -- c6 -- b2 -- fa b0 7f -- c4 --  b 1a 24 5a 20 -- -- -- 5b 8d -- 85 b3 e3 -- -- 23 -- b7 -- fe -- -- 33 5f -- -- 39 16 95 34 9c 48 -- b4 -- 40 -- -- -- -- -- -- -- b6 -- cd -- -- -- dd 4f b1 -- 11 -- -- 8a -- ac 46 -- -- -- b9 -- -- -- 2b -- -- -- -- -- 66 -- be -- -- 7c -- -- 72 1f 2c -- fd -- 68 93 ef 81 90 79 -- 27 bf -- -- -- 80 -- -- 51 -- -- -- -- -- -- -- c9 -- -- -- -- bb -- -- -- 4d -- -- bd -- ed -- -- 6d f3 9e 44 b5 -- -- -- 22 92 -- 9d -- -- c3 -- -- -- 8f -- 8c -- -- -- -- -- -- cf a5 49 -- -- -- -- -- -- 56 45 -- -- -- -- -- -- -- -- -- -- cc -- -- -- ab a2 -- -- -- -- f8 d7 -- -- -- -- e4 -- 3e -- 58 -- -- -- 2d  d -- -- d0 88 f1 eb  9 31 d5 da f7 -- f2 -- -- -- 4e a1 a9 ad -- -- -- -- -- 9a 

solutions so far:0 maxDepth:9 
iterations:21749772  skipped: 9 
Depth skipped: 
0 0 9 0 0 0 0 0 0 0 0 0 0 0 0 0 0 0 0 0 0 0 0 0 0 0 0 0 0 0 0 0 

running time: 2700 sec
 depth:6
 0  1  2  3  4  5  6  7  8  9  a  b  c  d  e  f 10 11 12 13 14 15 16 17 18 19 1a 1b 1c 1d 1e 1f 20 21 22 23 24 25 26 27 28 29 2a 2b 2c 2d 2e 2f 30 31 32 33 34 35 36 37 38 39 3a 3b 3c 3d 3e 3f 40 41 42 43 44 45 46 47 48 49 4a 4b 4c 4d 4e 4f 50 51 52 53 54 55 56 57 58 59 5a 5b 5c 5d 5e 5f 60 61 62 63 64 65 66 67 68 69 6a 6b 6c 6d 6e 6f 70 71 72 73 74 75 76 77 78 79 7a 7b 7c 7d 7e 7f 80 81 82 83 84 85 86 87 88 89 8a 8b 8c 8d 8e 8f 90 91 92 93 94 95 96 97 98 99 9a 9b 9c 9d 9e 9f a0 a1 a2 a3 a4 a5 a6 a7 a8 a9 aa ab ac ad ae af b0 b1 b2 b3 b4 b5 b6 b7 b8 b9 ba bb bc bd be bf c0 c1 c2 c3 c4 c5 c6 c7 c8 c9 ca cb cc cd ce cf d0 d1 d2 d3 d4 d5 d6 d7 d8 d9 da db dc dd de df e0 e1 e2 e3 e4 e5 e6 e7 e8 e9 ea eb ec ed ee ef f0 f1 f2 f3 f4 f5 f6 f7 f8 f9 fa fb fc fd fe ff 
 0  1  2 35  4 c2 6a b0  8 4c 53 23 d4 5f b7 -- 10 -- 98 -- a6 -- 46  d 7f -- be -- b9  b -- cb 20 -- -- -- e7 a8 -- 71 9b ca -- -- 8c -- 1a -- fe -- -- 33 ab -- -- -- a5 c8 16 -- -- -- 41 -- 40 -- -- -- -- -- -- -- 19 -- 87 -- -- -- e2 4f e1 -- 43 -- -- 8a -- ac cf -- -- -- 34 -- -- -- 2b -- -- -- -- -- 66 -- 81 -- -- -- -- -- -- -- 9d -- 47 -- 2c 93 -- 7d -- 79 -- -- 82 -- -- -- 80 -- -- 51 -- -- -- -- -- -- -- c9 -- -- -- -- 32 -- -- -- d9 -- -- 2a -- 77 -- -- 13 62 9e db 15 -- -- -- 86 31 -- d0 -- -- c3 -- -- -- 8f -- 49 -- -- -- -- -- -- 92 68 f3 -- -- -- -- -- -- 56 45 -- -- -- -- -- -- -- -- -- -- cc -- -- -- d5 a2 -- -- -- -- -- d7 -- -- -- -- -- -- -- -- ed -- -- -- 8e ee -- -- 58 61 f1 eb -- c4 fa 26 -- -- f2 -- -- -- -- 64 d3 54 -- -- -- -- -- 65 

solutions so far:0 maxDepth:9 
iterations:24338335  skipped: 9 
Depth skipped: 
0 0 9 0 0 0 0 0 0 0 0 0 0 0 0 0 0 0 0 0 0 0 0 0 0 0 0 0 0 0 0 0 

running time: 3000 sec
 depth:6
 0  1  2  3  4  5  6  7  8  9  a  b  c  d  e  f 10 11 12 13 14 15 16 17 18 19 1a 1b 1c 1d 1e 1f 20 21 22 23 24 25 26 27 28 29 2a 2b 2c 2d 2e 2f 30 31 32 33 34 35 36 37 38 39 3a 3b 3c 3d 3e 3f 40 41 42 43 44 45 46 47 48 49 4a 4b 4c 4d 4e 4f 50 51 52 53 54 55 56 57 58 59 5a 5b 5c 5d 5e 5f 60 61 62 63 64 65 66 67 68 69 6a 6b 6c 6d 6e 6f 70 71 72 73 74 75 76 77 78 79 7a 7b 7c 7d 7e 7f 80 81 82 83 84 85 86 87 88 89 8a 8b 8c 8d 8e 8f 90 91 92 93 94 95 96 97 98 99 9a 9b 9c 9d 9e 9f a0 a1 a2 a3 a4 a5 a6 a7 a8 a9 aa ab ac ad ae af b0 b1 b2 b3 b4 b5 b6 b7 b8 b9 ba bb bc bd be bf c0 c1 c2 c3 c4 c5 c6 c7 c8 c9 ca cb cc cd ce cf d0 d1 d2 d3 d4 d5 d6 d7 d8 d9 da db dc dd de df e0 e1 e2 e3 e4 e5 e6 e7 e8 e9 ea eb ec ed ee ef f0 f1 f2 f3 f4 f5 f6 f7 f8 f9 fa fb fc fd fe ff 
 0  1  2 35  4 ba 6a c2  8 92 a3 5b d4 a9 53 -- 10 -- f3 -- 91 -- b6 2a 7f -- 85 -- a6 43 -- d5 20 -- -- -- 31 7e -- 46 f5 bc -- -- bb -- 54 -- fe -- -- 33 dd -- -- -- 9b be 86 -- -- -- 7d -- 40 -- -- -- -- -- -- -- 62 -- fc -- -- -- 8c 4f 3d -- af -- -- 8a -- ac a1 -- -- -- a8 -- -- -- 2b -- -- -- -- -- 66 -- 6d -- -- -- -- -- -- -- e1 -- ab -- db 93 -- 63 -- 79 -- -- fa -- -- -- 80 -- -- 51 -- -- -- -- -- -- -- c9 -- -- -- -- c4 -- -- -- 2f -- -- f4 -- 65 -- -- cf b4 9e c5 7a -- -- -- 89 5a -- d9 -- -- c3 -- -- -- 8f -- 95 -- -- -- -- -- -- fd 87 2d -- -- -- -- -- -- 56 45 -- -- -- -- -- -- -- -- -- -- cc -- -- -- da a2 -- -- -- -- -- d7 -- -- -- -- -- -- -- -- 15 -- -- -- 81 ca -- -- 61 5d f1 eb -- bf c6 49 -- -- f2 -- -- -- -- 5f 23 3f -- -- -- -- -- 5e 

solutions so far:0 maxDepth:9 
iterations:26955214  skipped: 12 
Depth skipped: 
0 0 12 0 0 0 0 0 0 0 0 0 0 0 0 0 0 0 0 0 0 0 0 0 0 0 0 0 0 0 0 0 

running time: 3300 sec
 depth:7
 0  1  2  3  4  5  6  7  8  9  a  b  c  d  e  f 10 11 12 13 14 15 16 17 18 19 1a 1b 1c 1d 1e 1f 20 21 22 23 24 25 26 27 28 29 2a 2b 2c 2d 2e 2f 30 31 32 33 34 35 36 37 38 39 3a 3b 3c 3d 3e 3f 40 41 42 43 44 45 46 47 48 49 4a 4b 4c 4d 4e 4f 50 51 52 53 54 55 56 57 58 59 5a 5b 5c 5d 5e 5f 60 61 62 63 64 65 66 67 68 69 6a 6b 6c 6d 6e 6f 70 71 72 73 74 75 76 77 78 79 7a 7b 7c 7d 7e 7f 80 81 82 83 84 85 86 87 88 89 8a 8b 8c 8d 8e 8f 90 91 92 93 94 95 96 97 98 99 9a 9b 9c 9d 9e 9f a0 a1 a2 a3 a4 a5 a6 a7 a8 a9 aa ab ac ad ae af b0 b1 b2 b3 b4 b5 b6 b7 b8 b9 ba bb bc bd be bf c0 c1 c2 c3 c4 c5 c6 c7 c8 c9 ca cb cc cd ce cf d0 d1 d2 d3 d4 d5 d6 d7 d8 d9 da db dc dd de df e0 e1 e2 e3 e4 e5 e6 e7 e8 e9 ea eb ec ed ee ef f0 f1 f2 f3 f4 f5 f6 f7 f8 f9 fa fb fc fd fe ff 
 0  1  2 35  4 b6 6a af  8 e6 bb cf d4 81 89 6b 10 -- 1b -- a1 -- 49 91 7f -- d5 -- c5 fc d6 fb 20 -- -- -- 36 bf -- df 95 6d -- -- 92 -- f5 -- fe -- -- 33 7d -- -- 76 5d ce 2f dc 7b -- 21 -- 40 -- -- -- -- -- -- -- 6c -- a9 -- -- -- 69 4f fd -- da -- -- 8a -- ac f3 -- -- -- 3d -- -- -- 2b -- -- -- -- -- 66 -- fa -- -- 78 -- -- ec 1e ba -- 4b -- 5e 93 6f 46 f6 79 -- 37 42 -- -- -- 80 -- -- 51 -- -- -- -- -- -- -- c9 -- -- -- -- d8 -- -- -- 85 -- -- 5a -- 3f -- -- d2 be 9e c6 2d -- -- -- 63 5f -- f4 -- -- c3 -- -- -- 8f -- 31 -- -- -- -- -- -- 62 7a c4 -- -- -- -- -- -- 56 45 -- -- -- -- -- -- -- -- -- -- cc -- -- -- 23 a2 -- -- -- -- f0 d7 -- -- -- --  f -- 3c -- a3 -- -- -- 96 7e -- -- bc 5b f1 eb de ab 8c 73 3b -- f2 -- -- -- 6e 67 84 b4 -- -- -- -- -- dd 

solutions so far:0 maxDepth:9 
iterations:29821925  skipped: 12 
Depth skipped: 
0 0 12 0 0 0 0 0 0 0 0 0 0 0 0 0 0 0 0 0 0 0 0 0 0 0 0 0 0 0 0 0 

running time: 3600 sec
 depth:6
 0  1  2  3  4  5  6  7  8  9  a  b  c  d  e  f 10 11 12 13 14 15 16 17 18 19 1a 1b 1c 1d 1e 1f 20 21 22 23 24 25 26 27 28 29 2a 2b 2c 2d 2e 2f 30 31 32 33 34 35 36 37 38 39 3a 3b 3c 3d 3e 3f 40 41 42 43 44 45 46 47 48 49 4a 4b 4c 4d 4e 4f 50 51 52 53 54 55 56 57 58 59 5a 5b 5c 5d 5e 5f 60 61 62 63 64 65 66 67 68 69 6a 6b 6c 6d 6e 6f 70 71 72 73 74 75 76 77 78 79 7a 7b 7c 7d 7e 7f 80 81 82 83 84 85 86 87 88 89 8a 8b 8c 8d 8e 8f 90 91 92 93 94 95 96 97 98 99 9a 9b 9c 9d 9e 9f a0 a1 a2 a3 a4 a5 a6 a7 a8 a9 aa ab ac ad ae af b0 b1 b2 b3 b4 b5 b6 b7 b8 b9 ba bb bc bd be bf c0 c1 c2 c3 c4 c5 c6 c7 c8 c9 ca cb cc cd ce cf d0 d1 d2 d3 d4 d5 d6 d7 d8 d9 da db dc dd de df e0 e1 e2 e3 e4 e5 e6 e7 e8 e9 ea eb ec ed ee ef f0 f1 f2 f3 f4 f5 f6 f7 f8 f9 fa fb fc fd fe ff 
 0  1  2 35  4 af 6a ce  8 83 89 26 d4 cb 4b -- 10 -- d1 -- c5 -- 4c 84 7f -- 41 -- 96 36 -- 60 20 -- -- -- 75 3d -- 8b 5d 7e -- -- 98 -- df -- fe -- -- 33 82 -- -- -- fb  c 6c -- -- -- c0 -- 40 -- -- -- -- -- -- -- ea -- 7a -- -- -- c1 4f ba -- fc -- -- 8a -- ac e7 -- -- -- 69 -- -- -- 2b -- -- -- -- -- 66 -- d3 -- -- -- -- -- -- -- 21 -- 18 -- d8 93 -- e2 -- 79 -- -- 57 -- -- -- 80 -- -- 51 -- -- -- -- -- -- -- c9 -- -- -- --  3 -- -- -- f4 -- -- 91 -- e6 -- -- 55 47 9e 5e a3 -- -- -- 2f c8 -- 73 -- -- c3 -- -- -- 8f -- 19 -- -- -- -- -- -- 32 d2 64 -- -- -- -- -- -- 56 45 -- -- -- -- -- -- -- -- -- -- cc -- -- -- 71 a2 -- -- -- -- -- d7 -- -- -- -- -- -- -- -- 42 -- -- -- 30 1b -- -- 67 bc f1 eb -- 8e 13 aa -- -- f2 -- -- -- --  6 ae f5 -- -- -- -- -- 3f 

solutions so far:0 maxDepth:10 
iterations:32651662  skipped: 14 
Depth skipped: 
0 0 14 0 0 0 0 0 0 0 0 0 0 0 0 0 0 0 0 0 0 0 0 0 0 0 0 0 0 0 0 0 

running time: 3900 sec
 depth:7
 0  1  2  3  4  5  6  7  8  9  a  b  c  d  e  f 10 11 12 13 14 15 16 17 18 19 1a 1b 1c 1d 1e 1f 20 21 22 23 24 25 26 27 28 29 2a 2b 2c 2d 2e 2f 30 31 32 33 34 35 36 37 38 39 3a 3b 3c 3d 3e 3f 40 41 42 43 44 45 46 47 48 49 4a 4b 4c 4d 4e 4f 50 51 52 53 54 55 56 57 58 59 5a 5b 5c 5d 5e 5f 60 61 62 63 64 65 66 67 68 69 6a 6b 6c 6d 6e 6f 70 71 72 73 74 75 76 77 78 79 7a 7b 7c 7d 7e 7f 80 81 82 83 84 85 86 87 88 89 8a 8b 8c 8d 8e 8f 90 91 92 93 94 95 96 97 98 99 9a 9b 9c 9d 9e 9f a0 a1 a2 a3 a4 a5 a6 a7 a8 a9 aa ab ac ad ae af b0 b1 b2 b3 b4 b5 b6 b7 b8 b9 ba bb bc bd be bf c0 c1 c2 c3 c4 c5 c6 c7 c8 c9 ca cb cc cd ce cf d0 d1 d2 d3 d4 d5 d6 d7 d8 d9 da db dc dd de df e0 e1 e2 e3 e4 e5 e6 e7 e8 e9 ea eb ec ed ee ef f0 f1 f2 f3 f4 f5 f6 f7 f8 f9 fa fb fc fd fe ff 
 0  1  2 35  4 aa 6a 4d  8 af 83 5b d4 a9 9a b0 10 -- 89 -- d1 -- b6 88 7f -- 85 -- e3 bd b7 7a 20 -- -- -- c5 18 -- fc 75 57 -- -- bb -- c7 -- fe -- -- 33 dd -- -- ed 11 91 ad 16 b9 -- f4 -- 40 -- -- -- -- -- -- -- 5d -- 30 -- -- -- 2f 4f ea -- ae -- -- 8a -- ac a1 -- -- -- 59 -- -- -- 2b -- -- -- -- -- 66 -- 6d -- -- d0 -- --  d 34 22 -- f5 -- 8d 93 2c 63 a5 79 -- ee 3f -- -- -- 80 -- -- 51 -- -- -- -- -- -- -- c9 -- -- -- -- ba -- -- -- 60 -- --  6 -- b1 -- -- 5e b4 9e c1  3 -- -- -- 8b 5a -- b3 -- -- c3 -- -- -- 8f -- 95 -- -- -- -- -- -- fd b2 2d -- -- -- -- -- -- 56 45 -- -- -- -- -- -- -- -- -- -- cc -- -- -- da a2 -- -- -- -- 77 d7 -- -- -- -- 1a -- 68 -- 44 -- -- -- 3d b5 -- -- cd 55 f1 eb 58 bf c6 bc 9d -- f2 -- -- --  b a3 7e  c -- -- -- -- -- c0 

solutions so far:0 maxDepth:10 
iterations:35159463  skipped: 15 
Depth skipped: 
0 0 15 0 0 0 0 0 0 0 0 0 0 0 0 0 0 0 0 0 0 0 0 0 0 0 0 0 0 0 0 0 

running time: 4200 sec
 depth:6
 0  1  2  3  4  5  6  7  8  9  a  b  c  d  e  f 10 11 12 13 14 15 16 17 18 19 1a 1b 1c 1d 1e 1f 20 21 22 23 24 25 26 27 28 29 2a 2b 2c 2d 2e 2f 30 31 32 33 34 35 36 37 38 39 3a 3b 3c 3d 3e 3f 40 41 42 43 44 45 46 47 48 49 4a 4b 4c 4d 4e 4f 50 51 52 53 54 55 56 57 58 59 5a 5b 5c 5d 5e 5f 60 61 62 63 64 65 66 67 68 69 6a 6b 6c 6d 6e 6f 70 71 72 73 74 75 76 77 78 79 7a 7b 7c 7d 7e 7f 80 81 82 83 84 85 86 87 88 89 8a 8b 8c 8d 8e 8f 90 91 92 93 94 95 96 97 98 99 9a 9b 9c 9d 9e 9f a0 a1 a2 a3 a4 a5 a6 a7 a8 a9 aa ab ac ad ae af b0 b1 b2 b3 b4 b5 b6 b7 b8 b9 ba bb bc bd be bf c0 c1 c2 c3 c4 c5 c6 c7 c8 c9 ca cb cc cd ce cf d0 d1 d2 d3 d4 d5 d6 d7 d8 d9 da db dc dd de df e0 e1 e2 e3 e4 e5 e6 e7 e8 e9 ea eb ec ed ee ef f0 f1 f2 f3 f4 f5 f6 f7 f8 f9 fa fb fc fd fe ff 
 0  1  2 35  4 a3 6a 68  8 a8 91 19 d4 71 d0 -- 10 -- 87 -- f5 -- 32 2c 7f -- e2 -- 77 ed -- c2 20 -- -- -- d9 fc -- e1 3d af -- -- 64 -- 58 -- fe -- -- 33 13 -- -- -- ee 86  d -- -- -- 53 -- 40 -- -- -- -- -- -- -- 65 -- 2f -- -- -- 15 4f 7a -- 89 -- -- 8a -- ac c8 -- -- -- b0 -- -- -- 2b -- -- -- -- -- 66 -- 26 -- -- -- -- -- -- --  b -- db -- 1a 93 -- 98 -- 79 -- -- a6 -- -- -- 80 -- -- 51 -- -- -- -- -- -- -- c9 -- -- -- -- ca -- -- -- 5e -- -- 3f -- a5 -- -- 2a 82 9e 5d f4 -- -- -- c5 41 -- b9 -- -- c3 -- -- -- 8f -- 47 -- -- -- -- -- -- 8e b7 cb -- -- -- -- -- -- 56 45 -- -- -- -- -- -- -- -- -- -- cc -- -- -- 4c a2 -- -- -- -- -- d7 -- -- -- -- -- -- -- -- 16 -- -- -- 61 9d -- -- 34 ba f1 eb -- d3 e7 54 -- -- f2 -- -- -- -- 43 9b 7e -- -- -- -- -- bc 

solutions so far:0 maxDepth:10 
iterations:37675057  skipped: 15 
Depth skipped: 
0 0 15 0 0 0 0 0 0 0 0 0 0 0 0 0 0 0 0 0 0 0 0 0 0 0 0 0 0 0 0 0 

running time: 4500 sec
 depth:7
 0  1  2  3  4  5  6  7  8  9  a  b  c  d  e  f 10 11 12 13 14 15 16 17 18 19 1a 1b 1c 1d 1e 1f 20 21 22 23 24 25 26 27 28 29 2a 2b 2c 2d 2e 2f 30 31 32 33 34 35 36 37 38 39 3a 3b 3c 3d 3e 3f 40 41 42 43 44 45 46 47 48 49 4a 4b 4c 4d 4e 4f 50 51 52 53 54 55 56 57 58 59 5a 5b 5c 5d 5e 5f 60 61 62 63 64 65 66 67 68 69 6a 6b 6c 6d 6e 6f 70 71 72 73 74 75 76 77 78 79 7a 7b 7c 7d 7e 7f 80 81 82 83 84 85 86 87 88 89 8a 8b 8c 8d 8e 8f 90 91 92 93 94 95 96 97 98 99 9a 9b 9c 9d 9e 9f a0 a1 a2 a3 a4 a5 a6 a7 a8 a9 aa ab ac ad ae af b0 b1 b2 b3 b4 b5 b6 b7 b8 b9 ba bb bc bd be bf c0 c1 c2 c3 c4 c5 c6 c7 c8 c9 ca cb cc cd ce cf d0 d1 d2 d3 d4 d5 d6 d7 d8 d9 da db dc dd de df e0 e1 e2 e3 e4 e5 e6 e7 e8 e9 ea eb ec ed ee ef f0 f1 f2 f3 f4 f5 f6 f7 f8 f9 fa fb fc fd fe ff 
 0  1  2 35  4 9c 6a 2f  8 69 ef 32 d4 e2 5e 65 10 -- d2 --  9 -- 64 5d 7f -- 13 -- bc f4 ca ce 20 -- -- -- 73 39 -- 21 12 3e -- -- c8 -- ba -- fe -- -- 33 26 -- -- 61 af 6c 3f a8 43 -- 4b -- 40 -- -- -- -- -- -- -- e6 -- 72 -- -- -- 42 4f 24 -- 7c -- -- 8a -- ac 47 -- -- -- a3 -- -- -- 2b -- -- -- -- -- 66 -- 4c -- -- e1 -- -- c2 a6 89 -- d8 -- 7e 93 87 e7 86 79 -- 2a 96 -- -- -- 80 -- -- 51 -- -- -- -- -- -- -- c9 -- -- -- -- 1b -- -- -- e4 -- -- 90 -- 3d -- -- 84 d3 9e 27 48 -- -- -- f8 82 -- f5 -- -- c3 -- -- -- 8f -- 8e -- -- -- -- -- -- cb 91 41 -- -- -- -- -- -- 56 45 -- -- -- -- -- -- -- -- -- -- cc -- -- -- 98 a2 -- -- -- -- 15 d7 -- -- -- -- 53 -- 9b -- c5 -- -- -- 67 7a -- -- fc 4e f1 eb d9 71 19 df db -- f2 -- -- -- 54 36 fb f7 -- -- -- -- -- 1f 

solutions so far:0 maxDepth:10 
iterations:39939962  skipped: 17 
Depth skipped: 
0 0 17 0 0 0 0 0 0 0 0 0 0 0 0 0 0 0 0 0 0 0 0 0 0 0 0 0 0 0 0 0 

running time: 4800 sec
 depth:6
 0  1  2  3  4  5  6  7  8  9  a  b  c  d  e  f 10 11 12 13 14 15 16 17 18 19 1a 1b 1c 1d 1e 1f 20 21 22 23 24 25 26 27 28 29 2a 2b 2c 2d 2e 2f 30 31 32 33 34 35 36 37 38 39 3a 3b 3c 3d 3e 3f 40 41 42 43 44 45 46 47 48 49 4a 4b 4c 4d 4e 4f 50 51 52 53 54 55 56 57 58 59 5a 5b 5c 5d 5e 5f 60 61 62 63 64 65 66 67 68 69 6a 6b 6c 6d 6e 6f 70 71 72 73 74 75 76 77 78 79 7a 7b 7c 7d 7e 7f 80 81 82 83 84 85 86 87 88 89 8a 8b 8c 8d 8e 8f 90 91 92 93 94 95 96 97 98 99 9a 9b 9c 9d 9e 9f a0 a1 a2 a3 a4 a5 a6 a7 a8 a9 aa ab ac ad ae af b0 b1 b2 b3 b4 b5 b6 b7 b8 b9 ba bb bc bd be bf c0 c1 c2 c3 c4 c5 c6 c7 c8 c9 ca cb cc cd ce cf d0 d1 d2 d3 d4 d5 d6 d7 d8 d9 da db dc dd de df e0 e1 e2 e3 e4 e5 e6 e7 e8 e9 ea eb ec ed ee ef f0 f1 f2 f3 f4 f5 f6 f7 f8 f9 fa fb fc fd fe ff 
 0  1  2 35  4 97 6a 84  8 89 f9 1d d4 17 df -- 10 -- c5 -- 25 -- 3a 1b 7f -- 2e -- 69 96 -- f4 20 -- -- -- 5d a4 -- 2f 4a  a -- -- 74 -- 36 -- fe -- -- 33 5c -- -- -- d2 f5 fb -- -- -- 3f -- 40 -- -- -- -- -- -- -- ba -- 9f -- -- -- 5e 4f 94 -- 14 -- -- 8a -- ac e8 -- -- -- 6c -- -- -- 2b -- -- -- -- -- 66 -- b8 -- -- -- -- -- -- -- 73 -- 3d -- 21 93 -- 99 -- 79 -- -- 7e -- -- -- 80 -- -- 51 -- -- -- -- -- -- -- c9 -- -- -- -- a3 -- -- -- e9 -- -- 29 -- ce -- -- bc 70 9e 50 ff -- -- -- 28 38 -- 67 -- -- c3 -- -- -- 8f --  7 -- -- -- -- -- --  e d8 1c -- -- -- -- -- -- 56 45 -- -- -- -- -- -- -- -- -- -- cc -- -- -- a7 a2 -- -- -- -- -- d7 -- -- -- -- -- -- -- -- e6 -- -- -- 7a 4b -- -- 42 a0 f1 eb -- e0 e5 af -- -- f2 -- -- -- -- 91 fc 52 -- -- -- -- --  5 

solutions so far:0 maxDepth:10 
iterations:43120087  skipped: 17 
Depth skipped: 
0 0 17 0 0 0 0 0 0 0 0 0 0 0 0 0 0 0 0 0 0 0 0 0 0 0 0 0 0 0 0 0 

running time: 5100 sec
 depth:7
 0  1  2  3  4  5  6  7  8  9  a  b  c  d  e  f 10 11 12 13 14 15 16 17 18 19 1a 1b 1c 1d 1e 1f 20 21 22 23 24 25 26 27 28 29 2a 2b 2c 2d 2e 2f 30 31 32 33 34 35 36 37 38 39 3a 3b 3c 3d 3e 3f 40 41 42 43 44 45 46 47 48 49 4a 4b 4c 4d 4e 4f 50 51 52 53 54 55 56 57 58 59 5a 5b 5c 5d 5e 5f 60 61 62 63 64 65 66 67 68 69 6a 6b 6c 6d 6e 6f 70 71 72 73 74 75 76 77 78 79 7a 7b 7c 7d 7e 7f 80 81 82 83 84 85 86 87 88 89 8a 8b 8c 8d 8e 8f 90 91 92 93 94 95 96 97 98 99 9a 9b 9c 9d 9e 9f a0 a1 a2 a3 a4 a5 a6 a7 a8 a9 aa ab ac ad ae af b0 b1 b2 b3 b4 b5 b6 b7 b8 b9 ba bb bc bd be bf c0 c1 c2 c3 c4 c5 c6 c7 c8 c9 ca cb cc cd ce cf d0 d1 d2 d3 d4 d5 d6 d7 d8 d9 da db dc dd de df e0 e1 e2 e3 e4 e5 e6 e7 e8 e9 ea eb ec ed ee ef f0 f1 f2 f3 f4 f5 f6 f7 f8 f9 fa fb fc fd fe ff 
 0  1  2 35  4 8e 6a 77  8 54 cb 44 d4 8d ee c1 10 -- a8 -- 41 -- 88 b0 7f -- cd --  b 1a 55 61 20 -- -- -- 87 26 -- 9b 82 19 -- -- c7 -- b7 -- fe -- -- 33 4d -- -- 75 16 43 34 57 aa -- c2 -- 40 -- -- -- -- -- -- -- d9 -- 4c -- -- -- e1 4f d3 -- 32 -- -- 8a -- ac 59 -- -- -- b9 -- -- -- 2b -- -- -- -- -- 66 -- 9a -- -- 18 -- -- ea  6 2c -- 86 -- 68 93 ae 11 83 79 -- 60 53 -- -- -- 80 -- -- 51 -- -- -- -- -- -- -- c9 -- -- -- -- 65 -- -- -- 98 -- -- e2 -- ed -- -- 15 bd 9e c8 71 -- -- -- 64 b5 -- 9d -- -- c3 -- -- -- 8f -- b2 -- -- -- -- -- -- b3 a5 b1 -- -- -- -- -- -- 56 45 -- -- -- -- -- -- -- -- -- -- cc -- -- -- e3 a2 -- -- -- -- 30 d7 -- -- -- --  3 --  c -- 58 -- -- -- db  d -- -- d0 47 f1 eb 8b ad 22 2a d1 -- f2 -- -- -- c0 ca a6 13 -- -- -- -- -- e7 

solutions so far:0 maxDepth:10 
iterations:46581692  skipped: 19 
Depth skipped: 
0 0 19 0 0 0 0 0 0 0 0 0 0 0 0 0 0 0 0 0 0 0 0 0 0 0 0 0 0 0 0 0 

running time: 5400 sec
 depth:6
 0  1  2  3  4  5  6  7  8  9  a  b  c  d  e  f 10 11 12 13 14 15 16 17 18 19 1a 1b 1c 1d 1e 1f 20 21 22 23 24 25 26 27 28 29 2a 2b 2c 2d 2e 2f 30 31 32 33 34 35 36 37 38 39 3a 3b 3c 3d 3e 3f 40 41 42 43 44 45 46 47 48 49 4a 4b 4c 4d 4e 4f 50 51 52 53 54 55 56 57 58 59 5a 5b 5c 5d 5e 5f 60 61 62 63 64 65 66 67 68 69 6a 6b 6c 6d 6e 6f 70 71 72 73 74 75 76 77 78 79 7a 7b 7c 7d 7e 7f 80 81 82 83 84 85 86 87 88 89 8a 8b 8c 8d 8e 8f 90 91 92 93 94 95 96 97 98 99 9a 9b 9c 9d 9e 9f a0 a1 a2 a3 a4 a5 a6 a7 a8 a9 aa ab ac ad ae af b0 b1 b2 b3 b4 b5 b6 b7 b8 b9 ba bb bc bd be bf c0 c1 c2 c3 c4 c5 c6 c7 c8 c9 ca cb cc cd ce cf d0 d1 d2 d3 d4 d5 d6 d7 d8 d9 da db dc dd de df e0 e1 e2 e3 e4 e5 e6 e7 e8 e9 ea eb ec ed ee ef f0 f1 f2 f3 f4 f5 f6 f7 f8 f9 fa fb fc fd fe ff 
 0  1  2 35  4 88 6a 28  8 7b c7 67 d4 d2 50 -- 10 -- f6 -- 59 -- ce 4a 7f -- 73 -- a0 e9 -- f0 20 -- -- -- 3b ad -- 6f b2 9a -- -- 4b -- 94 -- fe -- -- 33 e6 -- -- -- 97 1e  5 -- -- -- 37 -- 40 -- -- -- -- -- -- -- 76 -- 8d -- -- -- de 4f b3 -- e3 -- -- 8a -- ac 96 -- -- -- ff -- -- -- 2b -- -- -- -- -- 66 -- 1b -- -- -- -- -- -- -- f9 -- 3c --  a 93 -- 6c -- 79 -- -- 6e -- -- -- 80 -- -- 51 -- -- -- -- -- -- -- c9 -- -- -- -- ec -- -- -- cd -- -- b5 -- a4 -- -- 6b df 9e 22 b1 -- -- -- 11 84 -- 52 -- -- c3 -- -- -- 8f -- fb -- -- -- -- -- -- 21 29 42 -- -- -- -- -- -- 56 45 -- -- -- -- -- -- -- -- -- -- cc -- -- -- 36 a2 -- -- -- -- -- d7 -- -- -- -- -- -- -- -- 25 -- -- -- 78 9f -- -- 14 44 f1 eb -- 69 d8 d6 -- -- f2 -- -- -- --  f dc bd -- -- -- -- -- 4d 

solutions so far:0 maxDepth:10 
iterations:49533206  skipped: 20 
Depth skipped: 
0 0 20 0 0 0 0 0 0 0 0 0 0 0 0 0 0 0 0 0 0 0 0 0 0 0 0 0 0 0 0 0 

running time: 5700 sec
 depth:7
 0  1  2  3  4  5  6  7  8  9  a  b  c  d  e  f 10 11 12 13 14 15 16 17 18 19 1a 1b 1c 1d 1e 1f 20 21 22 23 24 25 26 27 28 29 2a 2b 2c 2d 2e 2f 30 31 32 33 34 35 36 37 38 39 3a 3b 3c 3d 3e 3f 40 41 42 43 44 45 46 47 48 49 4a 4b 4c 4d 4e 4f 50 51 52 53 54 55 56 57 58 59 5a 5b 5c 5d 5e 5f 60 61 62 63 64 65 66 67 68 69 6a 6b 6c 6d 6e 6f 70 71 72 73 74 75 76 77 78 79 7a 7b 7c 7d 7e 7f 80 81 82 83 84 85 86 87 88 89 8a 8b 8c 8d 8e 8f 90 91 92 93 94 95 96 97 98 99 9a 9b 9c 9d 9e 9f a0 a1 a2 a3 a4 a5 a6 a7 a8 a9 aa ab ac ad ae af b0 b1 b2 b3 b4 b5 b6 b7 b8 b9 ba bb bc bd be bf c0 c1 c2 c3 c4 c5 c6 c7 c8 c9 ca cb cc cd ce cf d0 d1 d2 d3 d4 d5 d6 d7 d8 d9 da db dc dd de df e0 e1 e2 e3 e4 e5 e6 e7 e8 e9 ea eb ec ed ee ef f0 f1 f2 f3 f4 f5 f6 f7 f8 f9 fa fb fc fd fe ff 
 0  1  2 35  4 83 6a 11  8  a d1 2e d4  7 22 d5 10 -- 14 -- 75 -- 5c b2 7f --  e -- 44 cd 7d 94 20 -- -- -- 28 30 -- a4 ea ae -- -- b8 -- b3 -- fe -- -- 33 1c -- -- 8c 88 f9 4d be fa -- ff -- 40 -- -- -- -- -- -- -- 50 -- 60 -- -- -- 9f 4f  3 -- 8b -- -- 8a -- ac a7 -- -- -- b1 -- -- -- 2b -- -- -- -- -- 66 -- 38 -- -- 31 -- -- cf 92 c7 -- 25 -- 9a 93 ab e0 23 79 -- c4 29 -- -- -- 80 -- -- 51 -- -- -- -- -- -- -- c9 -- -- -- -- a0 -- -- -- c0 -- --  c -- ad -- -- e9 74 9e 55  6 -- -- -- c1 3a -- bd -- -- c3 -- -- -- 8f -- 99 -- -- -- -- -- -- e5 b5 1d -- -- -- -- -- -- 56 45 -- -- -- -- -- -- -- -- -- -- cc -- -- -- 70 a2 -- -- -- -- 62 d7 -- -- -- -- 49 -- f3 -- 59 -- -- -- 4a 8d -- -- e3 aa f1 eb 81 e8 17  5 46 -- f2 -- -- -- 5f 97 52 18 -- -- -- -- -- 57 

solutions so far:0 maxDepth:10 
iterations:52909632  skipped: 20 
Depth skipped: 
0 0 20 0 0 0 0 0 0 0 0 0 0 0 0 0 0 0 0 0 0 0 0 0 0 0 0 0 0 0 0 0 

running time: 6000 sec
 depth:7
 0  1  2  3  4  5  6  7  8  9  a  b  c  d  e  f 10 11 12 13 14 15 16 17 18 19 1a 1b 1c 1d 1e 1f 20 21 22 23 24 25 26 27 28 29 2a 2b 2c 2d 2e 2f 30 31 32 33 34 35 36 37 38 39 3a 3b 3c 3d 3e 3f 40 41 42 43 44 45 46 47 48 49 4a 4b 4c 4d 4e 4f 50 51 52 53 54 55 56 57 58 59 5a 5b 5c 5d 5e 5f 60 61 62 63 64 65 66 67 68 69 6a 6b 6c 6d 6e 6f 70 71 72 73 74 75 76 77 78 79 7a 7b 7c 7d 7e 7f 80 81 82 83 84 85 86 87 88 89 8a 8b 8c 8d 8e 8f 90 91 92 93 94 95 96 97 98 99 9a 9b 9c 9d 9e 9f a0 a1 a2 a3 a4 a5 a6 a7 a8 a9 aa ab ac ad ae af b0 b1 b2 b3 b4 b5 b6 b7 b8 b9 ba bb bc bd be bf c0 c1 c2 c3 c4 c5 c6 c7 c8 c9 ca cb cc cd ce cf d0 d1 d2 d3 d4 d5 d6 d7 d8 d9 da db dc dd de df e0 e1 e2 e3 e4 e5 e6 e7 e8 e9 ea eb ec ed ee ef f0 f1 f2 f3 f4 f5 f6 f7 f8 f9 fa fb fc fd fe ff 
 0  1  2 35  4 77 6a a0  8 86 ee cf d4 81 97  6 10 -- db --  b -- 49 ff 7f -- d5 -- f9  a  c 2a 20 -- -- -- 61 b9 -- d9 16  d -- -- 92 -- 29 -- fe -- -- 33 7d -- -- c0 25 9b 14 75 18 -- 54 -- 40 -- -- -- -- -- -- -- c2 -- a5 -- -- -- 65 4f 2c -- 1a -- -- 8a -- ac f3 -- -- -- 52 -- -- -- 2b -- -- -- -- -- 66 -- fa -- -- 55 -- -- 57 8b 4a -- e1 -- 28 93 ea 46 30 79 -- 83 a8 -- -- -- 80 -- -- 51 -- -- -- -- -- -- -- c9 -- -- -- -- 53 -- -- -- 9d -- -- b0 -- e9 -- -- ca be 9e 68 58 -- -- -- 34 5f -- 9f -- -- c3 -- -- -- 8f -- 31 -- -- -- -- -- -- 62 a4 c4 -- -- -- -- -- -- 56 45 -- -- -- -- -- -- -- -- -- -- cc -- -- -- 23 a2 -- -- -- -- aa d7 -- -- -- -- ae -- c1 -- 94 -- -- -- 15  5 -- -- 50 d0 f1 eb  3 ab 8c 43 60 -- f2 -- -- -- d1 a6 87 b7 -- -- -- -- -- ed 

solutions so far:0 maxDepth:10 
iterations:57220851  skipped: 20 
Depth skipped: 
0 0 20 0 0 0 0 0 0 0 0 0 0 0 0 0 0 0 0 0 0 0 0 0 0 0 0 0 0 0 0 0 

running time: 6300 sec
 depth:6
 0  1  2  3  4  5  6  7  8  9  a  b  c  d  e  f 10 11 12 13 14 15 16 17 18 19 1a 1b 1c 1d 1e 1f 20 21 22 23 24 25 26 27 28 29 2a 2b 2c 2d 2e 2f 30 31 32 33 34 35 36 37 38 39 3a 3b 3c 3d 3e 3f 40 41 42 43 44 45 46 47 48 49 4a 4b 4c 4d 4e 4f 50 51 52 53 54 55 56 57 58 59 5a 5b 5c 5d 5e 5f 60 61 62 63 64 65 66 67 68 69 6a 6b 6c 6d 6e 6f 70 71 72 73 74 75 76 77 78 79 7a 7b 7c 7d 7e 7f 80 81 82 83 84 85 86 87 88 89 8a 8b 8c 8d 8e 8f 90 91 92 93 94 95 96 97 98 99 9a 9b 9c 9d 9e 9f a0 a1 a2 a3 a4 a5 a6 a7 a8 a9 aa ab ac ad ae af b0 b1 b2 b3 b4 b5 b6 b7 b8 b9 ba bb bc bd be bf c0 c1 c2 c3 c4 c5 c6 c7 c8 c9 ca cb cc cd ce cf d0 d1 d2 d3 d4 d5 d6 d7 d8 d9 da db dc dd de df e0 e1 e2 e3 e4 e5 e6 e7 e8 e9 ea eb ec ed ee ef f0 f1 f2 f3 f4 f5 f6 f7 f8 f9 fa fb fc fd fe ff 
 0  1  2 35  4 6d 6a c7  8 9d da c8 d4 26 59 -- 10 -- ed -- 63 -- 47 bd 7f -- 4c -- b2 11 --  b 20 -- -- --  d 95 -- b0 c6 b4 -- -- 8e -- ad -- fe -- -- 33 98 -- -- -- b3 d0 22 -- -- -- 16 -- 40 -- -- -- -- -- -- -- 1a -- fd -- -- -- b7 4f 5b -- bf -- -- 8a -- ac cb -- -- -- 8d -- -- -- 2b -- -- -- -- -- 66 -- e7 -- -- -- -- -- -- -- b1 -- 77 -- 44 93 -- 32 -- 79 -- -- 2c -- -- -- 80 -- -- 51 -- -- -- -- -- -- -- c9 -- -- -- -- 34 -- -- -- 2d -- -- bb -- 9a -- -- b9 e2 9e 85 b6 -- -- -- a9 71 -- 4d -- -- c3 -- -- -- 8f -- 41 -- -- -- -- -- -- 82 cd d3 -- -- -- -- -- -- 56 45 -- -- -- -- -- -- -- -- -- -- cc -- -- -- 19 a2 -- -- -- -- -- d7 -- -- -- -- -- -- -- -- b5 -- -- -- ee e3 -- -- 88 dd f1 eb -- 13 64 a5 -- -- f2 -- -- -- -- 68 58 a1 -- -- -- -- -- 5a 

solutions so far:0 maxDepth:10 
iterations:61756588  skipped: 22 
Depth skipped: 
0 0 22 0 0 0 0 0 0 0 0 0 0 0 0 0 0 0 0 0 0 0 0 0 0 0 0 0 0 0 0 0 

running time: 6600 sec
 depth:6
 0  1  2  3  4  5  6  7  8  9  a  b  c  d  e  f 10 11 12 13 14 15 16 17 18 19 1a 1b 1c 1d 1e 1f 20 21 22 23 24 25 26 27 28 29 2a 2b 2c 2d 2e 2f 30 31 32 33 34 35 36 37 38 39 3a 3b 3c 3d 3e 3f 40 41 42 43 44 45 46 47 48 49 4a 4b 4c 4d 4e 4f 50 51 52 53 54 55 56 57 58 59 5a 5b 5c 5d 5e 5f 60 61 62 63 64 65 66 67 68 69 6a 6b 6c 6d 6e 6f 70 71 72 73 74 75 76 77 78 79 7a 7b 7c 7d 7e 7f 80 81 82 83 84 85 86 87 88 89 8a 8b 8c 8d 8e 8f 90 91 92 93 94 95 96 97 98 99 9a 9b 9c 9d 9e 9f a0 a1 a2 a3 a4 a5 a6 a7 a8 a9 aa ab ac ad ae af b0 b1 b2 b3 b4 b5 b6 b7 b8 b9 ba bb bc bd be bf c0 c1 c2 c3 c4 c5 c6 c7 c8 c9 ca cb cc cd ce cf d0 d1 d2 d3 d4 d5 d6 d7 d8 d9 da db dc dd de df e0 e1 e2 e3 e4 e5 e6 e7 e8 e9 ea eb ec ed ee ef f0 f1 f2 f3 f4 f5 f6 f7 f8 f9 fa fb fc fd fe ff 
 0  1  2 35  4 63 6a e3  8 aa c6 7e d4 a3 11 -- 10 -- 83 -- 5b -- fc 59 7f -- 91 -- 22 8d -- 30 20 -- -- -- d1 2d -- ae b6 a9 -- -- 2f -- b2 -- fe -- -- 33 f5 -- -- -- 44  6 cd -- -- -- 60 -- 40 -- -- -- -- -- -- -- 75 -- 5a -- -- -- 8b 4f bb -- 85 -- -- 8a -- ac 5e -- -- -- b3 -- -- -- 2b -- -- -- -- -- 66 -- 3d -- -- -- -- -- -- -- 88 --  c -- 4d 93 -- f4 -- 79 -- -- c0 -- -- -- 80 -- -- 51 -- -- -- -- -- -- -- c9 -- -- -- -- ea -- -- -- b4 -- -- 95 -- bd -- -- c1 5d 9e 6d a1 -- -- -- dd c5 -- b5 -- -- c3 -- -- -- 8f -- bc -- -- -- -- -- -- af b1 89 -- -- -- -- -- -- 56 45 -- -- -- -- -- -- -- -- -- -- cc -- -- -- 7a a2 -- -- -- -- -- d7 -- -- -- -- -- -- -- -- c7 -- -- -- 18 ad -- -- 9a da f1 eb -- ba 3f 55 -- -- f2 -- -- -- --  3 57 fd -- -- -- -- -- bf 

solutions so far:0 maxDepth:10 
iterations:66367709  skipped: 22 
Depth skipped: 
0 0 22 0 0 0 0 0 0 0 0 0 0 0 0 0 0 0 0 0 0 0 0 0 0 0 0 0 0 0 0 0 

running time: 6900 sec
 depth:8
 0  1  2  3  4  5  6  7  8  9  a  b  c  d  e  f 10 11 12 13 14 15 16 17 18 19 1a 1b 1c 1d 1e 1f 20 21 22 23 24 25 26 27 28 29 2a 2b 2c 2d 2e 2f 30 31 32 33 34 35 36 37 38 39 3a 3b 3c 3d 3e 3f 40 41 42 43 44 45 46 47 48 49 4a 4b 4c 4d 4e 4f 50 51 52 53 54 55 56 57 58 59 5a 5b 5c 5d 5e 5f 60 61 62 63 64 65 66 67 68 69 6a 6b 6c 6d 6e 6f 70 71 72 73 74 75 76 77 78 79 7a 7b 7c 7d 7e 7f 80 81 82 83 84 85 86 87 88 89 8a 8b 8c 8d 8e 8f 90 91 92 93 94 95 96 97 98 99 9a 9b 9c 9d 9e 9f a0 a1 a2 a3 a4 a5 a6 a7 a8 a9 aa ab ac ad ae af b0 b1 b2 b3 b4 b5 b6 b7 b8 b9 ba bb bc bd be bf c0 c1 c2 c3 c4 c5 c6 c7 c8 c9 ca cb cc cd ce cf d0 d1 d2 d3 d4 d5 d6 d7 d8 d9 da db dc dd de df e0 e1 e2 e3 e4 e5 e6 e7 e8 e9 ea eb ec ed ee ef f0 f1 f2 f3 f4 f5 f6 f7 f8 f9 fa fb fc fd fe ff 
 0  1  2 35  4 59 6a 9c  8 df b2 30 d4 d1 ef c8 10 68 69 -- b3 -- 60 90 7f -- 75 --  9 7c 47 67 20 -- d0 -- d2 cd -- fb b1 11 -- -- c0 -- f7 -- fe -- -- 33 ea -- -- 82 12 36 f8 19 8e -- ce -- 40 -- -- -- 77 -- -- -- 73 -- 4d -- --  d 21 4f b5 -- 22 -- -- 8a -- ac 57 16 -- -- 39 -- -- -- 2b -- -- -- -- -- 66 --  3 -- -- 26 -- -- d3 e2 24 -- 6c -- 27 93 32  c cb 79 -- 98 4b -- -- -- 80 -- -- 51 -- -- -- -- ee -- -- c9 -- 9d -- -- e6 -- -- -- 9a -- -- ad -- 1f 1a -- 42 aa 9e 88 bd -- -- -- 44 55 -- e4 -- -- c3 -- -- a5 8f -- ae b0 2c 58 -- b7 -- 8b 72 c1 -- -- -- b9 -- -- 56 45 -- -- -- -- --  b -- -- -- -- cc ed -- --  6 a2 -- -- -- -- 4c d7 -- -- -- -- 71 -- 13 -- 48 -- -- 34 d8 3e -- -- 4e c7 f1 eb 64 83 18 84 41 -- f2 -- -- -- e7 1b 96 8d -- -- -- -- -- e3 

solutions so far:0 maxDepth:10 
iterations:71372182  skipped: 24 
Depth skipped: 
0 0 24 0 0 0 0 0 0 0 0 0 0 0 0 0 0 0 0 0 0 0 0 0 0 0 0 0 0 0 0 0 

running time: 7200 sec
 depth:7
 0  1  2  3  4  5  6  7  8  9  a  b  c  d  e  f 10 11 12 13 14 15 16 17 18 19 1a 1b 1c 1d 1e 1f 20 21 22 23 24 25 26 27 28 29 2a 2b 2c 2d 2e 2f 30 31 32 33 34 35 36 37 38 39 3a 3b 3c 3d 3e 3f 40 41 42 43 44 45 46 47 48 49 4a 4b 4c 4d 4e 4f 50 51 52 53 54 55 56 57 58 59 5a 5b 5c 5d 5e 5f 60 61 62 63 64 65 66 67 68 69 6a 6b 6c 6d 6e 6f 70 71 72 73 74 75 76 77 78 79 7a 7b 7c 7d 7e 7f 80 81 82 83 84 85 86 87 88 89 8a 8b 8c 8d 8e 8f 90 91 92 93 94 95 96 97 98 99 9a 9b 9c 9d 9e 9f a0 a1 a2 a3 a4 a5 a6 a7 a8 a9 aa ab ac ad ae af b0 b1 b2 b3 b4 b5 b6 b7 b8 b9 ba bb bc bd be bf c0 c1 c2 c3 c4 c5 c6 c7 c8 c9 ca cb cc cd ce cf d0 d1 d2 d3 d4 d5 d6 d7 d8 d9 da db dc dd de df e0 e1 e2 e3 e4 e5 e6 e7 e8 e9 ea eb ec ed ee ef f0 f1 f2 f3 f4 f5 f6 f7 f8 f9 fa fb fc fd fe ff 
 0  1  2 35  4 4b 6a 2f  8 85 96 7d d4 62 5e 6b 10 -- dd -- fb -- fa 5d 7f -- c4 -- bc f4 d6 a1 20 -- -- -- 6d d2 -- 5a 21 36 -- -- 23 -- ba -- fe -- -- 33 5f -- -- 76 af 5b 3f dc 7b -- 95 -- 40 -- -- -- -- -- -- -- da -- 73 -- -- -- b4 4f 42 -- 6c -- -- 8a -- ac 46 -- -- -- a3 -- -- -- 2b -- -- -- -- -- 66 -- be -- -- 78 -- -- ec 1e 89 -- b6 -- 7e 93 6f 81 f6 79 -- 37 fd -- -- -- 80 -- -- 51 -- -- -- -- -- -- -- c9 -- -- -- -- 63 -- -- -- e6 -- -- df -- 3d -- -- bf f3 9e 67 84 -- -- -- d8 92 -- f5 -- -- c3 -- -- -- 8f -- 8c -- -- -- -- -- -- cf 91 49 -- -- -- -- -- -- 56 45 -- -- -- -- -- -- -- -- -- -- cc -- -- -- ab a2 -- -- -- -- f0 d7 -- -- -- --  f -- 3c -- c5 -- -- -- bb 7a -- -- fc ce f1 eb de 31 d5 a9 3b -- f2 -- -- -- 6e c6 2d 69 -- -- -- -- -- 1b 

solutions so far:0 maxDepth:10 
iterations:76914003  skipped: 26 
Depth skipped: 
0 0 26 0 0 0 0 0 0 0 0 0 0 0 0 0 0 0 0 0 0 0 0 0 0 0 0 0 0 0 0 0 

running time: 7500 sec
 depth:7
 0  1  2  3  4  5  6  7  8  9  a  b  c  d  e  f 10 11 12 13 14 15 16 17 18 19 1a 1b 1c 1d 1e 1f 20 21 22 23 24 25 26 27 28 29 2a 2b 2c 2d 2e 2f 30 31 32 33 34 35 36 37 38 39 3a 3b 3c 3d 3e 3f 40 41 42 43 44 45 46 47 48 49 4a 4b 4c 4d 4e 4f 50 51 52 53 54 55 56 57 58 59 5a 5b 5c 5d 5e 5f 60 61 62 63 64 65 66 67 68 69 6a 6b 6c 6d 6e 6f 70 71 72 73 74 75 76 77 78 79 7a 7b 7c 7d 7e 7f 80 81 82 83 84 85 86 87 88 89 8a 8b 8c 8d 8e 8f 90 91 92 93 94 95 96 97 98 99 9a 9b 9c 9d 9e 9f a0 a1 a2 a3 a4 a5 a6 a7 a8 a9 aa ab ac ad ae af b0 b1 b2 b3 b4 b5 b6 b7 b8 b9 ba bb bc bd be bf c0 c1 c2 c3 c4 c5 c6 c7 c8 c9 ca cb cc cd ce cf d0 d1 d2 d3 d4 d5 d6 d7 d8 d9 da db dc dd de df e0 e1 e2 e3 e4 e5 e6 e7 e8 e9 ea eb ec ed ee ef f0 f1 f2 f3 f4 f5 f6 f7 f8 f9 fa fb fc fd fe ff 
 0  1  2 35  4 3c 6a 7d  8 7c 78 73 d4 fb fa a0 10 -- f8 -- f0 -- e6 49 7f -- 21 -- 23 be 97 48 20 -- -- -- 27 6b -- 72 37 3b -- -- 1b -- 92 -- fe -- -- 33 42 -- -- 94 46  9 ab 14 f9 -- 90 -- 40 -- -- -- -- -- -- -- 4e -- d6 -- -- -- e4 4f 6e -- 76 -- -- 8a -- ac 36 -- -- -- f3 -- -- -- 2b -- -- -- -- -- 66 -- 84 -- -- 9f -- -- ff 52 8c -- 12 -- 81 93 28 69 25 79 --  5 f7 -- -- -- 80 -- -- 51 -- -- -- -- -- -- -- c9 -- -- -- -- 9c -- -- -- 7b -- -- 6f -- c4 -- -- 1f 4b 9e  f dc -- -- -- ec ce -- 62 -- -- c3 -- -- -- 8f -- 6c -- -- -- -- -- -- d8 31 67 -- -- -- -- -- -- 56 45 -- -- -- -- -- -- -- -- -- -- cc -- -- -- df a2 -- -- -- -- e9 d7 -- -- -- -- 29 -- a4 -- cf -- -- -- 24 5f -- -- d5 1e f1 eb 50 96 d2 3e 4a -- f2 -- -- --  a ef 39 de -- -- -- -- -- f6 

solutions so far:0 maxDepth:10 
iterations:82378316  skipped: 30 
Depth skipped: 
0 0 30 0 0 0 0 0 0 0 0 0 0 0 0 0 0 0 0 0 0 0 0 0 0 0 0 0 0 0 0 0 

running time: 7800 sec
 depth:8
 0  1  2  3  4  5  6  7  8  9  a  b  c  d  e  f 10 11 12 13 14 15 16 17 18 19 1a 1b 1c 1d 1e 1f 20 21 22 23 24 25 26 27 28 29 2a 2b 2c 2d 2e 2f 30 31 32 33 34 35 36 37 38 39 3a 3b 3c 3d 3e 3f 40 41 42 43 44 45 46 47 48 49 4a 4b 4c 4d 4e 4f 50 51 52 53 54 55 56 57 58 59 5a 5b 5c 5d 5e 5f 60 61 62 63 64 65 66 67 68 69 6a 6b 6c 6d 6e 6f 70 71 72 73 74 75 76 77 78 79 7a 7b 7c 7d 7e 7f 80 81 82 83 84 85 86 87 88 89 8a 8b 8c 8d 8e 8f 90 91 92 93 94 95 96 97 98 99 9a 9b 9c 9d 9e 9f a0 a1 a2 a3 a4 a5 a6 a7 a8 a9 aa ab ac ad ae af b0 b1 b2 b3 b4 b5 b6 b7 b8 b9 ba bb bc bd be bf c0 c1 c2 c3 c4 c5 c6 c7 c8 c9 ca cb cc cd ce cf d0 d1 d2 d3 d4 d5 d6 d7 d8 d9 da db dc dd de df e0 e1 e2 e3 e4 e5 e6 e7 e8 e9 ea eb ec ed ee ef f0 f1 f2 f3 f4 f5 f6 f7 f8 f9 fa fb fc fd fe ff 
 0  1  2 35  4 32 6a c5  8 ce 64 ff d4 50 5d  9 10 9b 4b -- c8 -- 29 3d 7f -- a0 -- ba 5e 12 d2 20 -- e1 -- 96 d3 -- 36 47 26 -- -- 52 -- 7a -- fe -- -- 33 97 -- -- f7 a3 84 bc 4e 24 -- 73 -- 40 -- -- -- 15 -- -- -- fb -- 71 -- -- c2 6c 4f 8e -- 4c -- -- 8a -- ac a4 a8 -- -- f4 -- -- -- 2b -- -- -- -- -- 66 -- f9 -- -- 3e -- -- 39 e4 91 -- df -- af 93 9c 4a 48 79 -- f8 e6 -- -- -- 80 -- -- 51 -- -- -- -- 2a -- -- c9 -- db -- -- 21 -- -- -- e2 -- -- 41 -- fc 53 -- d8 14 9e e7 cb -- -- -- 98  a -- 7e -- -- c3 -- -- 86 8f -- 9f 65 87 d9 -- ca -- e9 3f  5 -- -- -- 43 -- -- 56 45 -- -- -- -- -- 54 -- -- -- -- cc 61 -- -- 25 a2 -- -- -- -- 7c d7 -- -- -- -- 72 -- 1f -- f5 -- -- a6 69 2f -- -- 89 19 f1 eb ef 28 94 67 90 -- f2 -- -- -- 27 42 1b 82 -- -- -- -- -- 13 

solutions so far:0 maxDepth:10 
iterations:87663842  skipped: 30 
Depth skipped: 
0 0 30 0 0 0 0 0 0 0 0 0 0 0 0 0 0 0 0 0 0 0 0 0 0 0 0 0 0 0 0 0 

running time: 8100 sec
 depth:7
 0  1  2  3  4  5  6  7  8  9  a  b  c  d  e  f 10 11 12 13 14 15 16 17 18 19 1a 1b 1c 1d 1e 1f 20 21 22 23 24 25 26 27 28 29 2a 2b 2c 2d 2e 2f 30 31 32 33 34 35 36 37 38 39 3a 3b 3c 3d 3e 3f 40 41 42 43 44 45 46 47 48 49 4a 4b 4c 4d 4e 4f 50 51 52 53 54 55 56 57 58 59 5a 5b 5c 5d 5e 5f 60 61 62 63 64 65 66 67 68 69 6a 6b 6c 6d 6e 6f 70 71 72 73 74 75 76 77 78 79 7a 7b 7c 7d 7e 7f 80 81 82 83 84 85 86 87 88 89 8a 8b 8c 8d 8e 8f 90 91 92 93 94 95 96 97 98 99 9a 9b 9c 9d 9e 9f a0 a1 a2 a3 a4 a5 a6 a7 a8 a9 aa ab ac ad ae af b0 b1 b2 b3 b4 b5 b6 b7 b8 b9 ba bb bc bd be bf c0 c1 c2 c3 c4 c5 c6 c7 c8 c9 ca cb cc cd ce cf d0 d1 d2 d3 d4 d5 d6 d7 d8 d9 da db dc dd de df e0 e1 e2 e3 e4 e5 e6 e7 e8 e9 ea eb ec ed ee ef f0 f1 f2 f3 f4 f5 f6 f7 f8 f9 fa fb fc fd fe ff 
 0  1  2 35  4 28 6a 68  8 96 50 f7 d4 9c d0 3f 10 -- fb -- a0 -- 39 2c 7f -- ef -- 77 ed 7e e6 20 -- -- -- 21 ff -- d8 97 9f -- -- 72 -- 58 -- fe -- -- 33  9 -- -- bc ee 69  d 3d fc -- 1b -- 40 -- -- -- -- -- -- -- 42 -- 29 -- -- -- 67 4f f9 -- e9 -- -- 8a -- ac e4 -- -- -- b0 -- -- -- 2b -- -- -- -- -- 66 -- 12 -- -- ba -- -- af c5  b -- d2 -- 1a 93 7a 48 2f 79 -- 91 36 -- -- -- 80 -- -- 51 -- -- -- -- -- -- -- c9 -- -- -- -- 84 -- -- -- 52 -- -- 4a -- a5 -- -- ce 27 9e  a 25 -- -- --  5 f8 -- b9 -- -- c3 -- -- -- 8f -- 1f -- -- -- -- -- -- 3e b7 7c -- -- -- -- -- -- 56 45 -- -- -- -- -- -- -- -- -- -- cc -- -- -- 24 a2 -- -- -- -- a3 d7 -- -- -- -- 89 -- 5d -- 16 -- -- -- 73 9d -- -- 34 14 f1 eb f4 4e 90 4b 5e -- f2 -- -- -- f5 df 6c 94 -- -- -- -- -- a4 

solutions so far:0 maxDepth:10 
iterations:92627622  skipped: 31 
Depth skipped: 
0 0 31 0 0 0 0 0 0 0 0 0 0 0 0 0 0 0 0 0 0 0 0 0 0 0 0 0 0 0 0 0 

running time: 8400 sec
 depth:7
 0  1  2  3  4  5  6  7  8  9  a  b  c  d  e  f 10 11 12 13 14 15 16 17 18 19 1a 1b 1c 1d 1e 1f 20 21 22 23 24 25 26 27 28 29 2a 2b 2c 2d 2e 2f 30 31 32 33 34 35 36 37 38 39 3a 3b 3c 3d 3e 3f 40 41 42 43 44 45 46 47 48 49 4a 4b 4c 4d 4e 4f 50 51 52 53 54 55 56 57 58 59 5a 5b 5c 5d 5e 5f 60 61 62 63 64 65 66 67 68 69 6a 6b 6c 6d 6e 6f 70 71 72 73 74 75 76 77 78 79 7a 7b 7c 7d 7e 7f 80 81 82 83 84 85 86 87 88 89 8a 8b 8c 8d 8e 8f 90 91 92 93 94 95 96 97 98 99 9a 9b 9c 9d 9e 9f a0 a1 a2 a3 a4 a5 a6 a7 a8 a9 aa ab ac ad ae af b0 b1 b2 b3 b4 b5 b6 b7 b8 b9 ba bb bc bd be bf c0 c1 c2 c3 c4 c5 c6 c7 c8 c9 ca cb cc cd ce cf d0 d1 d2 d3 d4 d5 d6 d7 d8 d9 da db dc dd de df e0 e1 e2 e3 e4 e5 e6 e7 e8 e9 ea eb ec ed ee ef f0 f1 f2 f3 f4 f5 f6 f7 f8 f9 fa fb fc fd fe ff 
 0  1  2 35  4 1c 6a c8  8 f0 38 dd d4 fd 47 be 10 -- 37 -- 70 -- 6d d3 7f -- 2d -- 8e e7 ab f6 20 -- -- -- 6e a7 --  f e0 3a -- -- da -- 71 -- fe -- -- 33 5a -- -- fa cb 6b 19 62 81 -- 3b -- 40 -- -- -- -- -- -- -- dc -- 99 -- -- -- 1e 4f 17 -- 74 -- -- 8a -- ac 63 -- -- -- e2 -- -- -- 2b -- -- -- -- -- 66 -- b4 -- -- 49 -- -- 23 8c 41 -- d6 -- 32 93 c4 a9 d5 79 -- f3 76 -- -- -- 80 -- -- 51 -- -- -- -- -- -- -- c9 -- -- -- -- 6f -- -- -- e5 -- -- 5c -- 4c -- -- 3c a1 9e  7 2e -- -- -- e8 bb -- 26 -- -- c3 -- -- -- 8f -- c6 -- -- -- -- -- -- 5b 13 b6 -- -- -- -- -- -- 56 45 -- -- -- -- -- -- -- -- -- -- cc -- -- -- bf a2 -- -- -- -- 92 d7 -- -- -- -- 46 -- cf -- 82 -- -- -- 7b 98 -- -- 64  e f1 eb 5f 95 85 78 7d -- f2 -- -- -- 31 de ec b8 -- -- -- -- -- 1d 

solutions so far:0 maxDepth:10 
iterations:98001902  skipped: 32 
Depth skipped: 
0 0 32 0 0 0 0 0 0 0 0 0 0 0 0 0 0 0 0 0 0 0 0 0 0 0 0 0 0 0 0 0 

running time: 8700 sec
 depth:6
 0  1  2  3  4  5  6  7  8  9  a  b  c  d  e  f 10 11 12 13 14 15 16 17 18 19 1a 1b 1c 1d 1e 1f 20 21 22 23 24 25 26 27 28 29 2a 2b 2c 2d 2e 2f 30 31 32 33 34 35 36 37 38 39 3a 3b 3c 3d 3e 3f 40 41 42 43 44 45 46 47 48 49 4a 4b 4c 4d 4e 4f 50 51 52 53 54 55 56 57 58 59 5a 5b 5c 5d 5e 5f 60 61 62 63 64 65 66 67 68 69 6a 6b 6c 6d 6e 6f 70 71 72 73 74 75 76 77 78 79 7a 7b 7c 7d 7e 7f 80 81 82 83 84 85 86 87 88 89 8a 8b 8c 8d 8e 8f 90 91 92 93 94 95 96 97 98 99 9a 9b 9c 9d 9e 9f a0 a1 a2 a3 a4 a5 a6 a7 a8 a9 aa ab ac ad ae af b0 b1 b2 b3 b4 b5 b6 b7 b8 b9 ba bb bc bd be bf c0 c1 c2 c3 c4 c5 c6 c7 c8 c9 ca cb cc cd ce cf d0 d1 d2 d3 d4 d5 d6 d7 d8 d9 da db dc dd de df e0 e1 e2 e3 e4 e5 e6 e7 e8 e9 ea eb ec ed ee ef f0 f1 f2 f3 f4 f5 f6 f7 f8 f9 fa fb fc fd fe ff 
 0  1  2 35  4 12 6a b7  8 84 24 46 d4 be b9 -- 10 -- df -- 48 -- 8c 1a 7f -- ab -- a5 16 -- d8 20 -- -- -- 69 1f -- 96 90 27 -- -- cf -- 34 -- fe -- -- 33 81 -- -- -- 9d 1b 2c -- -- -- 67 -- 40 -- -- -- -- -- -- -- d2 -- 3e -- -- -- fb 4f f7 -- 4e -- -- 8a -- ac 49 -- -- -- 68 -- -- -- 2b -- -- -- -- -- 66 -- d5 -- -- -- -- -- -- -- ed -- 36 -- 58 93 -- fa -- 79 -- -- ce -- -- -- 80 -- -- 51 -- -- -- -- -- -- -- c9 -- -- -- -- 73 -- -- -- 7c -- -- 72 -- ee -- -- 21 c4 9e ef 39 -- -- -- 9c 62 -- 77 -- -- c3 -- -- -- 8f -- 92 -- -- -- -- -- -- f3 d0 31 -- -- -- -- -- -- 56 45 -- -- -- -- -- -- -- -- -- -- cc -- -- -- 7d a2 -- -- -- -- -- d7 -- -- -- -- -- -- -- --  d -- -- -- 6c  b -- -- b0  9 f1 eb -- 5f 23 42 -- -- f2 -- -- -- -- e6 4b e4 -- -- -- -- -- f8 

solutions so far:0 maxDepth:10 
iterations:103456688  skipped: 33 
Depth skipped: 
0 0 33 0 0 0 0 0 0 0 0 0 0 0 0 0 0 0 0 0 0 0 0 0 0 0 0 0 0 0 0 0 

running time: 9000 sec
 depth:7
 0  1  2  3  4  5  6  7  8  9  a  b  c  d  e  f 10 11 12 13 14 15 16 17 18 19 1a 1b 1c 1d 1e 1f 20 21 22 23 24 25 26 27 28 29 2a 2b 2c 2d 2e 2f 30 31 32 33 34 35 36 37 38 39 3a 3b 3c 3d 3e 3f 40 41 42 43 44 45 46 47 48 49 4a 4b 4c 4d 4e 4f 50 51 52 53 54 55 56 57 58 59 5a 5b 5c 5d 5e 5f 60 61 62 63 64 65 66 67 68 69 6a 6b 6c 6d 6e 6f 70 71 72 73 74 75 76 77 78 79 7a 7b 7c 7d 7e 7f 80 81 82 83 84 85 86 87 88 89 8a 8b 8c 8d 8e 8f 90 91 92 93 94 95 96 97 98 99 9a 9b 9c 9d 9e 9f a0 a1 a2 a3 a4 a5 a6 a7 a8 a9 aa ab ac ad ae af b0 b1 b2 b3 b4 b5 b6 b7 b8 b9 ba bb bc bd be bf c0 c1 c2 c3 c4 c5 c6 c7 c8 c9 ca cb cc cd ce cf d0 d1 d2 d3 d4 d5 d6 d7 d8 d9 da db dc dd de df e0 e1 e2 e3 e4 e5 e6 e7 e8 e9 ea eb ec ed ee ef f0 f1 f2 f3 f4 f5 f6 f7 f8 f9 fa fb fc fd fe ff 
 0  1  2 35  4  3 6a 63  8 b7  6 c2 d4 d9 c6 22 10 -- b9 --  c -- 53 95 7f -- 65 -- 5b 85 44 d0 20 -- -- -- a5 ae -- 16 18 aa -- -- a6 -- fd -- fe -- -- 33 ca -- -- b2 b6 1a dd 9a 88 -- 77 -- 40 -- -- -- -- -- -- -- 9d -- 8b -- -- -- 2c 4f 30 -- 83 -- -- 8a -- ac 9b -- -- -- 2d -- -- -- 2b -- -- -- -- -- 66 -- 43 -- -- ad -- -- b3 b5 bb -- 34 -- 6d 93 e3 db c7 79 -- cd ee -- -- -- 80 -- -- 51 -- -- -- -- -- -- -- c9 -- -- -- -- ed -- -- -- c1 -- -- c0 -- bf -- -- 58 a8 9e 75 60 -- -- -- d1 54 -- b4 -- -- c3 -- -- -- 8f -- e1 -- -- -- -- -- -- 15 5a 2a -- -- -- -- -- -- 56 45 -- -- -- -- -- -- -- -- -- -- cc -- -- -- 86 a2 -- -- -- -- 8d d7 -- -- -- -- b1 -- bd -- a1 -- -- -- 68 a9 -- -- da ea f1 eb 11 87 61 b0 59 -- f2 -- -- -- 4d  d  b 57 -- -- -- -- -- 55 

solutions so far:0 maxDepth:10 
iterations:109246804  skipped: 35 
Depth skipped: 
0 0 35 0 0 0 0 0 0 0 0 0 0 0 0 0 0 0 0 0 0 0 0 0 0 0 0 0 0 0 0 0 

running time: 9300 sec

Finished. Total running time: 9312 sec
