Search S-boxes invariant for matrix: 
{0x00,0x02,0x04,0x06,0x08,0x0a,0x0c,0x0e,0x10,0x12,0x14,0x16,0x18,0x1a,0x1c,0x1e,0x20,0x22,0x24,0x26,0x28,0x2a,0x2c,0x2e,0x30,0x32,0x34,0x36,0x38,0x3a,0x3c,0x3e,0x40,0x42,0x44,0x46,0x48,0x4a,0x4c,0x4e,0x50,0x52,0x54,0x56,0x58,0x5a,0x5c,0x5e,0x60,0x62,0x64,0x66,0x68,0x6a,0x6c,0x6e,0x70,0x72,0x74,0x76,0x78,0x7a,0x7c,0x7e,0x80,0x82,0x84,0x86,0x88,0x8a,0x8c,0x8e,0x90,0x92,0x94,0x96,0x98,0x9a,0x9c,0x9e,0xa0,0xa2,0xa4,0xa6,0xa8,0xaa,0xac,0xae,0xb0,0xb2,0xb4,0xb6,0xb8,0xba,0xbc,0xbe,0xc0,0xc2,0xc4,0xc6,0xc8,0xca,0xcc,0xce,0xd0,0xd2,0xd4,0xd6,0xd8,0xda,0xdc,0xde,0xe0,0xe2,0xe4,0xe6,0xe8,0xea,0xec,0xee,0xf0,0xf2,0xf4,0xf6,0xf8,0xfa,0xfc,0xfe,0xd7,0xd5,0xd3,0xd1,0xdf,0xdd,0xdb,0xd9,0xc7,0xc5,0xc3,0xc1,0xcf,0xcd,0xcb,0xc9,0xf7,0xf5,0xf3,0xf1,0xff,0xfd,0xfb,0xf9,0xe7,0xe5,0xe3,0xe1,0xef,0xed,0xeb,0xe9,0x97,0x95,0x93,0x91,0x9f,0x9d,0x9b,0x99,0x87,0x85,0x83,0x81,0x8f,0x8d,0x8b,0x89,0xb7,0xb5,0xb3,0xb1,0xbf,0xbd,0xbb,0xb9,0xa7,0xa5,0xa3,0xa1,0xaf,0xad,0xab,0xa9,0x57,0x55,0x53,0x51,0x5f,0x5d,0x5b,0x59,0x47,0x45,0x43,0x41,0x4f,0x4d,0x4b,0x49,0x77,0x75,0x73,0x71,0x7f,0x7d,0x7b,0x79,0x67,0x65,0x63,0x61,0x6f,0x6d,0x6b,0x69,0x17,0x15,0x13,0x11,0x1f,0x1d,0x1b,0x19,0x07,0x05,0x03,0x01,0x0f,0x0d,0x0b,0x09,0x37,0x35,0x33,0x31,0x3f,0x3d,0x3b,0x39,0x27,0x25,0x23,0x21,0x2f,0x2d,0x2b,0x29};



 depth:7
 0  1  2  3  4  5  6  7  8  9  a  b  c  d  e  f 10 11 12 13 14 15 16 17 18 19 1a 1b 1c 1d 1e 1f 20 21 22 23 24 25 26 27 28 29 2a 2b 2c 2d 2e 2f 30 31 32 33 34 35 36 37 38 39 3a 3b 3c 3d 3e 3f 40 41 42 43 44 45 46 47 48 49 4a 4b 4c 4d 4e 4f 50 51 52 53 54 55 56 57 58 59 5a 5b 5c 5d 5e 5f 60 61 62 63 64 65 66 67 68 69 6a 6b 6c 6d 6e 6f 70 71 72 73 74 75 76 77 78 79 7a 7b 7c 7d 7e 7f 80 81 82 83 84 85 86 87 88 89 8a 8b 8c 8d 8e 8f 90 91 92 93 94 95 96 97 98 99 9a 9b 9c 9d 9e 9f a0 a1 a2 a3 a4 a5 a6 a7 a8 a9 aa ab ac ad ae af b0 b1 b2 b3 b4 b5 b6 b7 b8 b9 ba bb bc bd be bf c0 c1 c2 c3 c4 c5 c6 c7 c8 c9 ca cb cc cd ce cf d0 d1 d2 d3 d4 d5 d6 d7 d8 d9 da db dc dd de df e0 e1 e2 e3 e4 e5 e6 e7 e8 e9 ea eb ec ed ee ef f0 f1 f2 f3 f4 f5 f6 f7 f8 f9 fa fb fc fd fe ff 
 0  1  2 39  4 fd 72 14  8 cd 2d a6 e4 ca 28 6a 10 -- 4d -- 5a -- 9b 25 1f -- 43 -- 50 9f d4 59 20 -- -- -- 9a 6d -- b5 b4 5b -- -- e1 -- 4a -- 3e -- -- 33 86 -- -- 56 a0 44 e9 93 7f -- b2 -- 40 -- -- -- -- -- -- -- e3 -- da -- -- -- bd 4f bf -- b6 -- --  9 -- 27 15 -- -- -- 94 -- -- -- 7c -- -- -- -- -- 66 -- db -- -- 8a -- -- ac c9 97 -- 88 --  5 90 f1 c2 fe 79 -- 51 b3 -- -- -- 80 -- -- 24 -- -- -- -- -- -- -- 9c -- -- -- -- 11 -- -- -- 63 -- -- 85 -- 52 -- -- ad d9 9e a1 a9 -- -- -- bb 87 -- 29 -- -- 12 -- -- -- 4e -- 2a -- -- -- -- -- -- 54 ff a8 -- -- -- -- -- -- f8 ef -- -- -- -- -- -- -- -- -- -- cc -- -- -- 61 48 -- -- -- -- c3 d7 -- -- -- -- 8f -- 45 -- f9 -- -- -- c7 a4 -- --  a 95 f7 eb 35 65 53 8d 2b -- f2 -- -- -- a2 22 b1 dd -- -- -- -- -- c6 

solutions so far:0 maxDepth:9 
iterations:2084577  skipped: 0 
Depth skipped: 
0 0 0 0 0 0 0 0 0 0 0 0 0 0 0 0 0 0 0 0 0 0 0 0 0 0 0 0 0 0 0 0 

running time: 300 sec
 depth:7
 0  1  2  3  4  5  6  7  8  9  a  b  c  d  e  f 10 11 12 13 14 15 16 17 18 19 1a 1b 1c 1d 1e 1f 20 21 22 23 24 25 26 27 28 29 2a 2b 2c 2d 2e 2f 30 31 32 33 34 35 36 37 38 39 3a 3b 3c 3d 3e 3f 40 41 42 43 44 45 46 47 48 49 4a 4b 4c 4d 4e 4f 50 51 52 53 54 55 56 57 58 59 5a 5b 5c 5d 5e 5f 60 61 62 63 64 65 66 67 68 69 6a 6b 6c 6d 6e 6f 70 71 72 73 74 75 76 77 78 79 7a 7b 7c 7d 7e 7f 80 81 82 83 84 85 86 87 88 89 8a 8b 8c 8d 8e 8f 90 91 92 93 94 95 96 97 98 99 9a 9b 9c 9d 9e 9f a0 a1 a2 a3 a4 a5 a6 a7 a8 a9 aa ab ac ad ae af b0 b1 b2 b3 b4 b5 b6 b7 b8 b9 ba bb bc bd be bf c0 c1 c2 c3 c4 c5 c6 c7 c8 c9 ca cb cc cd ce cf d0 d1 d2 d3 d4 d5 d6 d7 d8 d9 da db dc dd de df e0 e1 e2 e3 e4 e5 e6 e7 e8 e9 ea eb ec ed ee ef f0 f1 f2 f3 f4 f5 f6 f7 f8 f9 fa fb fc fd fe ff 
 0  1  2 39  4 f4 72 a7  8 50 3f 8a e4 fe 99 81 10 -- a0 -- 7e -- c3 e8 1f -- 2b -- e5 17 d5 52 20 -- -- -- 97 89 --  5 fc a3 -- -- 51 --  7 -- 3e -- -- 33 56 -- -- 46 1d 94 2e 5f 7d -- a4 -- 40 -- -- -- -- -- -- -- f9 -- c5 -- -- --  a 4f 2f -- 91 -- --  9 -- 27 a2 -- -- --  e -- -- -- 7c -- -- -- -- -- 66 -- ac -- -- f3 -- -- 8c 49 3a -- ff -- 5c 90 be c9 fa 79 -- 62 9f -- -- -- 80 -- -- 24 -- -- -- -- -- -- -- 9c -- -- -- -- 25 -- -- -- 5d -- -- bc -- 70 -- -- 14 d4 9e 3d 5e -- -- -- f5 6a -- 38 -- -- 12 -- -- -- 4e -- 93 -- -- -- -- -- -- f1 1c 35 -- -- -- -- -- -- f8 ef -- -- -- -- -- -- -- -- -- -- cc -- -- -- 8f 48 -- -- -- -- 31 d7 -- -- -- -- cf -- 92 -- 74 -- -- -- 29 e0 -- -- b8 7a f7 eb ab 7f 45 28 23 -- f2 -- -- -- c4 4a e9 af -- -- -- -- -- ba 

solutions so far:0 maxDepth:9 
iterations:4418910  skipped: 2 
Depth skipped: 
0 0 2 0 0 0 0 0 0 0 0 0 0 0 0 0 0 0 0 0 0 0 0 0 0 0 0 0 0 0 0 0 

running time: 600 sec
 depth:6
 0  1  2  3  4  5  6  7  8  9  a  b  c  d  e  f 10 11 12 13 14 15 16 17 18 19 1a 1b 1c 1d 1e 1f 20 21 22 23 24 25 26 27 28 29 2a 2b 2c 2d 2e 2f 30 31 32 33 34 35 36 37 38 39 3a 3b 3c 3d 3e 3f 40 41 42 43 44 45 46 47 48 49 4a 4b 4c 4d 4e 4f 50 51 52 53 54 55 56 57 58 59 5a 5b 5c 5d 5e 5f 60 61 62 63 64 65 66 67 68 69 6a 6b 6c 6d 6e 6f 70 71 72 73 74 75 76 77 78 79 7a 7b 7c 7d 7e 7f 80 81 82 83 84 85 86 87 88 89 8a 8b 8c 8d 8e 8f 90 91 92 93 94 95 96 97 98 99 9a 9b 9c 9d 9e 9f a0 a1 a2 a3 a4 a5 a6 a7 a8 a9 aa ab ac ad ae af b0 b1 b2 b3 b4 b5 b6 b7 b8 b9 ba bb bc bd be bf c0 c1 c2 c3 c4 c5 c6 c7 c8 c9 ca cb cc cd ce cf d0 d1 d2 d3 d4 d5 d6 d7 d8 d9 da db dc dd de df e0 e1 e2 e3 e4 e5 e6 e7 e8 e9 ea eb ec ed ee ef f0 f1 f2 f3 f4 f5 f6 f7 f8 f9 fa fb fc fd fe ff 
 0  1  2 39  4 ec 72 c8  8 25  f 2f e4 f5 47 -- 10 -- 4a -- 1e -- 5e d3 1f -- 3d -- 8e e7 --  5 20 -- -- -- 94 dc -- 50 3c d6 -- -- bc -- 71 -- 3e -- -- 33 7a -- -- -- cb a4 19 -- -- --  a -- 40 -- -- -- -- -- -- -- ff -- 6f -- -- -- a0 4f 78 -- 7b -- --  9 -- 27 af -- -- -- e2 -- -- -- 7c -- -- -- -- -- 66 -- f4 -- -- -- -- -- -- -- 41 -- 9f -- 32 90 -- 7e -- 79 -- -- 14 -- -- -- 80 -- -- 24 -- -- -- -- -- -- -- 9c -- -- -- -- 29 -- -- -- de -- -- 37 -- 4c -- -- 97 a3 9e 3b f0 -- -- -- f6 ba -- 26 -- -- 12 -- -- -- 4e -- 89 -- -- -- -- -- -- c5 13 5d -- -- -- -- -- -- f8 ef -- -- -- -- -- -- -- -- -- -- cc -- -- -- 3f 48 -- -- -- -- -- d7 -- -- -- -- -- -- -- -- 82 -- -- -- e9 98 -- -- 64 76 f7 eb -- 91 fc f9 -- -- f2 -- -- -- -- 52 28 6e -- -- -- -- -- 6b 

solutions so far:0 maxDepth:9 
iterations:7013805  skipped: 2 
Depth skipped: 
0 0 2 0 0 0 0 0 0 0 0 0 0 0 0 0 0 0 0 0 0 0 0 0 0 0 0 0 0 0 0 0 

running time: 900 sec
 depth:7
 0  1  2  3  4  5  6  7  8  9  a  b  c  d  e  f 10 11 12 13 14 15 16 17 18 19 1a 1b 1c 1d 1e 1f 20 21 22 23 24 25 26 27 28 29 2a 2b 2c 2d 2e 2f 30 31 32 33 34 35 36 37 38 39 3a 3b 3c 3d 3e 3f 40 41 42 43 44 45 46 47 48 49 4a 4b 4c 4d 4e 4f 50 51 52 53 54 55 56 57 58 59 5a 5b 5c 5d 5e 5f 60 61 62 63 64 65 66 67 68 69 6a 6b 6c 6d 6e 6f 70 71 72 73 74 75 76 77 78 79 7a 7b 7c 7d 7e 7f 80 81 82 83 84 85 86 87 88 89 8a 8b 8c 8d 8e 8f 90 91 92 93 94 95 96 97 98 99 9a 9b 9c 9d 9e 9f a0 a1 a2 a3 a4 a5 a6 a7 a8 a9 aa ab ac ad ae af b0 b1 b2 b3 b4 b5 b6 b7 b8 b9 ba bb bc bd be bf c0 c1 c2 c3 c4 c5 c6 c7 c8 c9 ca cb cc cd ce cf d0 d1 d2 d3 d4 d5 d6 d7 d8 d9 da db dc dd de df e0 e1 e2 e3 e4 e5 e6 e7 e8 e9 ea eb ec ed ee ef f0 f1 f2 f3 f4 f5 f6 f7 f8 f9 fa fb fc fd fe ff 
 0  1  2 39  4 e6 72 44  8 d5 1b dd e4 fd 88 19 10 -- 7d -- 36 -- 6d b1 1f -- 2d -- c7 9a 32 f3 20 -- -- -- fa 96 -- 5f 6c 84 -- -- da -- b5 -- 3e -- -- 33 5a -- -- 8e 59 cf e3 4c 64 -- 31 -- 40 -- -- -- -- -- -- -- 23 -- fb -- -- -- be 4f d8 -- df -- --  9 -- 27 63 -- -- -- bd -- -- -- 7c -- -- -- -- -- 66 -- b4 -- -- 71 -- -- cb 82 b2 -- 49 -- 11 90 98 a9 c8 79 -- 13 62 -- -- -- 80 -- -- 24 -- -- -- -- -- -- -- 9c -- -- -- -- 46 -- -- -- 21 -- -- ce -- cd -- -- ab a1 9e d2 67 -- -- -- 69 bb -- 8d -- -- 12 -- -- -- 4e -- c6 -- -- -- -- -- -- 5b ad b6 -- -- -- -- -- -- f8 ef -- -- -- -- -- -- -- -- -- -- cc -- -- -- bf 48 -- -- -- -- e2 d7 -- -- -- -- 41 -- d3 -- b3 -- -- -- 92 4d -- -- 22 73 f7 eb e7 95 85 81 47 -- f2 -- -- -- 26 8c c4 4b -- -- -- -- -- 42 

solutions so far:0 maxDepth:9 
iterations:10015977  skipped: 3 
Depth skipped: 
0 0 3 0 0 0 0 0 0 0 0 0 0 0 0 0 0 0 0 0 0 0 0 0 0 0 0 0 0 0 0 0 

running time: 1200 sec
 depth:7
 0  1  2  3  4  5  6  7  8  9  a  b  c  d  e  f 10 11 12 13 14 15 16 17 18 19 1a 1b 1c 1d 1e 1f 20 21 22 23 24 25 26 27 28 29 2a 2b 2c 2d 2e 2f 30 31 32 33 34 35 36 37 38 39 3a 3b 3c 3d 3e 3f 40 41 42 43 44 45 46 47 48 49 4a 4b 4c 4d 4e 4f 50 51 52 53 54 55 56 57 58 59 5a 5b 5c 5d 5e 5f 60 61 62 63 64 65 66 67 68 69 6a 6b 6c 6d 6e 6f 70 71 72 73 74 75 76 77 78 79 7a 7b 7c 7d 7e 7f 80 81 82 83 84 85 86 87 88 89 8a 8b 8c 8d 8e 8f 90 91 92 93 94 95 96 97 98 99 9a 9b 9c 9d 9e 9f a0 a1 a2 a3 a4 a5 a6 a7 a8 a9 aa ab ac ad ae af b0 b1 b2 b3 b4 b5 b6 b7 b8 b9 ba bb bc bd be bf c0 c1 c2 c3 c4 c5 c6 c7 c8 c9 ca cb cc cd ce cf d0 d1 d2 d3 d4 d5 d6 d7 d8 d9 da db dc dd de df e0 e1 e2 e3 e4 e5 e6 e7 e8 e9 ea eb ec ed ee ef f0 f1 f2 f3 f4 f5 f6 f7 f8 f9 fa fb fc fd fe ff 
 0  1  2 39  4 df 72 ec  8 e2 69 57 e4  3  f 29 10 -- 13 -- d2 -- ae 37 1f --  6 -- 1e 7b 52 c8 20 -- -- -- 26 d8 -- 41 73 96 -- -- 8b -- 6e -- 3e -- -- 33  c -- --  5 3c 19 f6 4a a4 -- 47 -- 40 -- -- -- -- -- -- -- 4c -- 67 -- -- -- 82 4f e6 -- fb -- --  9 -- 27 c1 -- -- -- dc -- -- -- 7c -- -- -- -- -- 66 -- 18 -- -- a0 -- --  a 28 78 -- 32 -- 3b 90 94 60 9f 79 -- f9 8e -- -- -- 80 -- -- 24 -- -- -- -- -- -- -- 9c -- -- -- -- 98 -- -- -- ce -- -- 36 -- 6b -- -- d3 75 9e 42 1b -- -- -- 21 d1 -- de -- -- 12 -- -- -- 4e -- 55 -- -- -- -- -- -- aa 6f 83 -- -- -- -- -- -- f8 ef -- -- -- -- -- -- -- -- -- -- cc -- -- -- 30 48 -- -- -- -- 97 d7 -- -- -- -- 14 -- 50 -- f0 -- -- -- 64 d6 -- -- 76 84 f7 eb ff ea c0 71 e9 -- f2 -- -- -- 25 e7 cb 6c -- -- -- -- -- 4b 

solutions so far:0 maxDepth:9 
iterations:12509778  skipped: 4 
Depth skipped: 
0 0 4 0 0 0 0 0 0 0 0 0 0 0 0 0 0 0 0 0 0 0 0 0 0 0 0 0 0 0 0 0 

running time: 1500 sec
 depth:7
 0  1  2  3  4  5  6  7  8  9  a  b  c  d  e  f 10 11 12 13 14 15 16 17 18 19 1a 1b 1c 1d 1e 1f 20 21 22 23 24 25 26 27 28 29 2a 2b 2c 2d 2e 2f 30 31 32 33 34 35 36 37 38 39 3a 3b 3c 3d 3e 3f 40 41 42 43 44 45 46 47 48 49 4a 4b 4c 4d 4e 4f 50 51 52 53 54 55 56 57 58 59 5a 5b 5c 5d 5e 5f 60 61 62 63 64 65 66 67 68 69 6a 6b 6c 6d 6e 6f 70 71 72 73 74 75 76 77 78 79 7a 7b 7c 7d 7e 7f 80 81 82 83 84 85 86 87 88 89 8a 8b 8c 8d 8e 8f 90 91 92 93 94 95 96 97 98 99 9a 9b 9c 9d 9e 9f a0 a1 a2 a3 a4 a5 a6 a7 a8 a9 aa ab ac ad ae af b0 b1 b2 b3 b4 b5 b6 b7 b8 b9 ba bb bc bd be bf c0 c1 c2 c3 c4 c5 c6 c7 c8 c9 ca cb cc cd ce cf d0 d1 d2 d3 d4 d5 d6 d7 d8 d9 da db dc dd de df e0 e1 e2 e3 e4 e5 e6 e7 e8 e9 ea eb ec ed ee ef f0 f1 f2 f3 f4 f5 f6 f7 f8 f9 fa fb fc fd fe ff 
 0  1  2 39  4 db 72 97  8 cd 61 8a e4 fe f9 1a 10 -- 4d -- c2 -- c3 29 1f -- 2b -- 25 14 34 59 20 -- -- -- 9a 2a -- b5 53 d9 -- -- 51 -- 52 -- 3e -- -- 33 56 -- -- ee 4a 44 28 9d 68 -- b2 -- 40 -- -- -- -- -- -- -- e3 -- 54 -- -- -- bd 4f a6 -- 65 -- --  9 -- 27 a2 -- -- -- a4 -- -- -- 7c -- -- -- -- -- 66 -- ac -- -- b0 -- --  b 2c 94 -- 88 -- 50 90 ed c9 d0 79 -- b9 b3 -- -- -- 80 -- -- 24 -- -- -- -- -- -- -- 9c -- -- -- -- 11 -- -- -- a8 -- -- e1 --  5 -- -- ad d4 9e 43 9b -- -- -- ca 6a -- e9 -- -- 12 -- -- -- 4e -- 93 -- -- -- -- -- -- f1 9f 35 -- -- -- -- -- -- f8 ef -- -- -- -- -- -- -- -- -- -- cc -- -- -- 8f 48 -- -- -- -- b7 d7 -- -- -- -- 16 -- 58 -- ff -- -- -- c7  a -- -- a0 86 f7 eb  d 7f 45 8d 77 -- f2 -- -- -- a5 22 b1 15 -- -- -- -- -- 87 

solutions so far:0 maxDepth:9 
iterations:14946488  skipped: 5 
Depth skipped: 
0 0 5 0 0 0 0 0 0 0 0 0 0 0 0 0 0 0 0 0 0 0 0 0 0 0 0 0 0 0 0 0 

running time: 1800 sec
 depth:6
 0  1  2  3  4  5  6  7  8  9  a  b  c  d  e  f 10 11 12 13 14 15 16 17 18 19 1a 1b 1c 1d 1e 1f 20 21 22 23 24 25 26 27 28 29 2a 2b 2c 2d 2e 2f 30 31 32 33 34 35 36 37 38 39 3a 3b 3c 3d 3e 3f 40 41 42 43 44 45 46 47 48 49 4a 4b 4c 4d 4e 4f 50 51 52 53 54 55 56 57 58 59 5a 5b 5c 5d 5e 5f 60 61 62 63 64 65 66 67 68 69 6a 6b 6c 6d 6e 6f 70 71 72 73 74 75 76 77 78 79 7a 7b 7c 7d 7e 7f 80 81 82 83 84 85 86 87 88 89 8a 8b 8c 8d 8e 8f 90 91 92 93 94 95 96 97 98 99 9a 9b 9c 9d 9e 9f a0 a1 a2 a3 a4 a5 a6 a7 a8 a9 aa ab ac ad ae af b0 b1 b2 b3 b4 b5 b6 b7 b8 b9 ba bb bc bd be bf c0 c1 c2 c3 c4 c5 c6 c7 c8 c9 ca cb cc cd ce cf d0 d1 d2 d3 d4 d5 d6 d7 d8 d9 da db dc dd de df e0 e1 e2 e3 e4 e5 e6 e7 e8 e9 ea eb ec ed ee ef f0 f1 f2 f3 f4 f5 f6 f7 f8 f9 fa fb fc fd fe ff 
 0  1  2 39  4 d5 72 de  8 2b 7d b9 e4 ee 6b -- 10 -- 56 -- fa -- a5 76 1f --  b -- d6 37 -- a2 20 -- -- -- ac 92 -- 6a 23 c4 -- -- 9d -- ec -- 3e -- -- 33 16 -- -- -- 7b 8a 6e -- -- -- 93 -- 40 -- -- -- -- -- -- -- 8f -- f3 -- -- -- d4 4f 46 -- 5f -- --  9 -- 27 ed -- -- --  f -- -- -- 7c -- -- -- -- -- 66 -- 2c -- -- -- -- -- -- -- f6 -- c3 -- dc 90 -- b0 -- 79 -- -- f1 -- -- -- 80 -- -- 24 -- -- -- -- -- -- -- 9c -- -- -- -- c9 -- -- -- 31 -- -- cf -- 78 -- -- 7f d0 9e ab 8c -- -- -- be 68 -- 3c -- -- 12 -- -- -- 4e --  d -- -- -- -- -- -- 1a 1e 34 -- -- -- -- -- -- f8 ef -- -- -- -- -- -- -- -- -- -- cc -- -- -- 58 48 -- -- -- -- -- d7 -- -- -- -- -- -- -- -- 3b -- -- -- 51 f0 -- -- 6f 81 f7 eb -- 77 b7 fe -- -- f2 -- -- -- -- 45 35 49 -- -- -- -- -- 62 

solutions so far:0 maxDepth:9 
iterations:16837100  skipped: 6 
Depth skipped: 
0 0 6 0 0 0 0 0 0 0 0 0 0 0 0 0 0 0 0 0 0 0 0 0 0 0 0 0 0 0 0 0 

running time: 2100 sec
 depth:7
 0  1  2  3  4  5  6  7  8  9  a  b  c  d  e  f 10 11 12 13 14 15 16 17 18 19 1a 1b 1c 1d 1e 1f 20 21 22 23 24 25 26 27 28 29 2a 2b 2c 2d 2e 2f 30 31 32 33 34 35 36 37 38 39 3a 3b 3c 3d 3e 3f 40 41 42 43 44 45 46 47 48 49 4a 4b 4c 4d 4e 4f 50 51 52 53 54 55 56 57 58 59 5a 5b 5c 5d 5e 5f 60 61 62 63 64 65 66 67 68 69 6a 6b 6c 6d 6e 6f 70 71 72 73 74 75 76 77 78 79 7a 7b 7c 7d 7e 7f 80 81 82 83 84 85 86 87 88 89 8a 8b 8c 8d 8e 8f 90 91 92 93 94 95 96 97 98 99 9a 9b 9c 9d 9e 9f a0 a1 a2 a3 a4 a5 a6 a7 a8 a9 aa ab ac ad ae af b0 b1 b2 b3 b4 b5 b6 b7 b8 b9 ba bb bc bd be bf c0 c1 c2 c3 c4 c5 c6 c7 c8 c9 ca cb cc cd ce cf d0 d1 d2 d3 d4 d5 d6 d7 d8 d9 da db dc dd de df e0 e1 e2 e3 e4 e5 e6 e7 e8 e9 ea eb ec ed ee ef f0 f1 f2 f3 f4 f5 f6 f7 f8 f9 fa fb fc fd fe ff 
 0  1  2 39  4 cf 72 32  8 df 49 2c e4 34 64 9b 10 -- 69 -- 92 -- 58 41 1f -- 68 -- c8 4c e1 67 20 -- -- -- d2 be -- fb f3 7d -- -- b0 -- 82 -- 3e -- -- 33 d0 -- -- a8 47 36 98 c2 15 -- ce -- 40 -- -- -- -- -- -- -- 73 -- ab -- -- -- 21 4f 31 -- fa -- --  9 -- 27 b7 -- -- -- d3 -- -- -- 7c -- -- -- -- -- 66 -- 77 -- -- 43 -- -- 87 65 8e -- 6c -- e7 90 53  b 2a 79 -- db 4b -- -- -- 80 -- -- 24 -- -- -- -- -- -- -- 9c -- -- -- -- e6 -- -- -- 81 -- -- c4 -- 13 -- -- 42  d 9e 46 62 -- -- -- 23 ed -- e2 -- -- 12 -- -- -- 4e -- b9 -- -- -- -- -- -- a5 71 9d -- -- -- -- -- -- f8 ef -- -- -- -- -- -- -- -- -- -- cc -- -- -- ee 48 -- -- -- -- 86 d7 -- -- -- -- d9 -- ca -- cb -- -- -- d8 26 -- -- 19 8c f7 eb a6 1a 16 84 54 -- f2 -- -- -- 61 1b 96 5f -- -- -- -- -- d5 

solutions so far:0 maxDepth:9 
iterations:20156949  skipped: 8 
Depth skipped: 
0 0 8 0 0 0 0 0 0 0 0 0 0 0 0 0 0 0 0 0 0 0 0 0 0 0 0 0 0 0 0 0 

running time: 2400 sec
 depth:7
 0  1  2  3  4  5  6  7  8  9  a  b  c  d  e  f 10 11 12 13 14 15 16 17 18 19 1a 1b 1c 1d 1e 1f 20 21 22 23 24 25 26 27 28 29 2a 2b 2c 2d 2e 2f 30 31 32 33 34 35 36 37 38 39 3a 3b 3c 3d 3e 3f 40 41 42 43 44 45 46 47 48 49 4a 4b 4c 4d 4e 4f 50 51 52 53 54 55 56 57 58 59 5a 5b 5c 5d 5e 5f 60 61 62 63 64 65 66 67 68 69 6a 6b 6c 6d 6e 6f 70 71 72 73 74 75 76 77 78 79 7a 7b 7c 7d 7e 7f 80 81 82 83 84 85 86 87 88 89 8a 8b 8c 8d 8e 8f 90 91 92 93 94 95 96 97 98 99 9a 9b 9c 9d 9e 9f a0 a1 a2 a3 a4 a5 a6 a7 a8 a9 aa ab ac ad ae af b0 b1 b2 b3 b4 b5 b6 b7 b8 b9 ba bb bc bd be bf c0 c1 c2 c3 c4 c5 c6 c7 c8 c9 ca cb cc cd ce cf d0 d1 d2 d3 d4 d5 d6 d7 d8 d9 da db dc dd de df e0 e1 e2 e3 e4 e5 e6 e7 e8 e9 ea eb ec ed ee ef f0 f1 f2 f3 f4 f5 f6 f7 f8 f9 fa fb fc fd fe ff 
 0  1  2 39  4 cb 72 5f  8  c 41 d6 e4 f0 be 89 10 -- 18 -- 82 -- 7b fa 1f -- 37 -- ab f3 c5 55 20 -- -- -- 30 4c -- 75 d3 32 -- -- f6 -- 23 -- 3e -- -- 33 6e -- -- 91 81 ae 31 5e 5d -- aa -- 40 -- -- -- -- -- -- -- 60 -- 98 -- -- -- ea 4f 71 -- 64 -- --  9 -- 27 3b -- -- -- 46 -- -- -- 7c -- -- -- -- -- 66 -- dc -- -- 3f -- -- f5 7a d5 -- 8b -- 62 90 bc de ba 79 -- fc 83 -- -- -- 80 -- -- 24 -- -- -- -- -- -- -- 9c -- -- -- -- c0 -- -- -- e7 -- -- 13 -- 49 -- --  3 3c 9e 47 e2 -- -- -- c8 1e -- cf -- -- 12 -- -- -- 4e -- 76 -- -- -- -- -- -- ec 8c  f -- -- -- -- -- -- f8 ef -- -- -- -- -- -- -- -- -- -- cc -- -- -- 6f 48 -- -- -- -- 7e d7 -- -- -- -- 3d -- f4 -- 7d -- -- -- c1 92 -- -- c4 8e f7 eb af 78 6b  6 a3 -- f2 -- -- -- 2f 57 d1 26 -- -- -- -- -- 19 

solutions so far:0 maxDepth:10 
iterations:22230274  skipped: 8 
Depth skipped: 
0 0 8 0 0 0 0 0 0 0 0 0 0 0 0 0 0 0 0 0 0 0 0 0 0 0 0 0 0 0 0 0 

running time: 2700 sec
 depth:7
 0  1  2  3  4  5  6  7  8  9  a  b  c  d  e  f 10 11 12 13 14 15 16 17 18 19 1a 1b 1c 1d 1e 1f 20 21 22 23 24 25 26 27 28 29 2a 2b 2c 2d 2e 2f 30 31 32 33 34 35 36 37 38 39 3a 3b 3c 3d 3e 3f 40 41 42 43 44 45 46 47 48 49 4a 4b 4c 4d 4e 4f 50 51 52 53 54 55 56 57 58 59 5a 5b 5c 5d 5e 5f 60 61 62 63 64 65 66 67 68 69 6a 6b 6c 6d 6e 6f 70 71 72 73 74 75 76 77 78 79 7a 7b 7c 7d 7e 7f 80 81 82 83 84 85 86 87 88 89 8a 8b 8c 8d 8e 8f 90 91 92 93 94 95 96 97 98 99 9a 9b 9c 9d 9e 9f a0 a1 a2 a3 a4 a5 a6 a7 a8 a9 aa ab ac ad ae af b0 b1 b2 b3 b4 b5 b6 b7 b8 b9 ba bb bc bd be bf c0 c1 c2 c3 c4 c5 c6 c7 c8 c9 ca cb cc cd ce cf d0 d1 d2 d3 d4 d5 d6 d7 d8 d9 da db dc dd de df e0 e1 e2 e3 e4 e5 e6 e7 e8 e9 ea eb ec ed ee ef f0 f1 f2 f3 f4 f5 f6 f7 f8 f9 fa fb fc fd fe ff 
 0  1  2 39  4 c8 72 28  8 c3 47 e1 e4 86 50 b7 10 -- 51 -- 8e -- 15 4a 1f -- db -- a0 e9 b9 fe 20 -- -- -- a2 e2 -- 8f cb 98 -- -- 2a -- 94 -- 3e -- -- 33 61 -- --  d 97 6a  5 2c a5 -- 2b -- 40 -- -- -- -- -- -- -- 93 -- 13 -- -- -- c9 4f 41 -- e7 -- --  9 -- 27 54 -- -- -- ff -- -- -- 7c -- -- -- -- -- 66 -- c2 -- -- 77 -- -- 1a 68 f9 -- d4 --  a 90 58 a6 9d 79 --  b 56 -- -- -- 80 -- -- 24 -- -- -- -- -- -- -- 9c -- -- -- -- f1 -- -- -- 26 -- -- d3 -- a4 -- -- 45 ca 9e 32 82 -- -- -- 19 65 -- 52 -- -- 12 -- -- -- 4e -- a8 -- -- -- -- -- -- 87 29 d9 -- -- -- -- -- -- f8 ef -- -- -- -- -- -- -- -- -- -- cc -- -- -- 53 48 -- -- -- -- ee d7 -- -- -- -- 34 -- d0 -- 25 -- -- -- 7f 9f -- -- 14 64 f7 eb b0 43 9b 8a ed -- f2 -- -- -- 16 35 ac 71 -- -- -- -- -- 4c 

solutions so far:0 maxDepth:10 
iterations:24488551  skipped: 8 
Depth skipped: 
0 0 8 0 0 0 0 0 0 0 0 0 0 0 0 0 0 0 0 0 0 0 0 0 0 0 0 0 0 0 0 0 

running time: 3000 sec
 depth:8
 0  1  2  3  4  5  6  7  8  9  a  b  c  d  e  f 10 11 12 13 14 15 16 17 18 19 1a 1b 1c 1d 1e 1f 20 21 22 23 24 25 26 27 28 29 2a 2b 2c 2d 2e 2f 30 31 32 33 34 35 36 37 38 39 3a 3b 3c 3d 3e 3f 40 41 42 43 44 45 46 47 48 49 4a 4b 4c 4d 4e 4f 50 51 52 53 54 55 56 57 58 59 5a 5b 5c 5d 5e 5f 60 61 62 63 64 65 66 67 68 69 6a 6b 6c 6d 6e 6f 70 71 72 73 74 75 76 77 78 79 7a 7b 7c 7d 7e 7f 80 81 82 83 84 85 86 87 88 89 8a 8b 8c 8d 8e 8f 90 91 92 93 94 95 96 97 98 99 9a 9b 9c 9d 9e 9f a0 a1 a2 a3 a4 a5 a6 a7 a8 a9 aa ab ac ad ae af b0 b1 b2 b3 b4 b5 b6 b7 b8 b9 ba bb bc bd be bf c0 c1 c2 c3 c4 c5 c6 c7 c8 c9 ca cb cc cd ce cf d0 d1 d2 d3 d4 d5 d6 d7 d8 d9 da db dc dd de df e0 e1 e2 e3 e4 e5 e6 e7 e8 e9 ea eb ec ed ee ef f0 f1 f2 f3 f4 f5 f6 f7 f8 f9 fa fb fc fd fe ff 
 0  1  2 39  4 c1 72 61  8 7f 55 e5 e4 e0 c2 6f 10 6c fe -- aa -- 1d 15 1f -- 17 -- 53 ca de c3 20 -- d8 -- 2b  6 -- f1 83 60 -- -- 3a -- 2a -- 3e -- -- 33 2e -- -- f6 a6 c9 43 37 6b -- 51 -- 40 -- -- -- 67 -- -- -- 56 --  c -- -- e6 35 4f d1 -- c0 -- --  9 -- 27 74 96 -- -- 54 -- -- -- 7c -- -- -- -- -- 66 -- 5c -- -- 1e -- -- 3b ec 9b -- 45 -- 86 90 6e a7 d6 79 -- 78 a2 -- -- -- 80 -- -- 24 -- -- -- -- ce -- -- 9c -- d2 -- -- ac -- -- -- 18 -- -- ea -- d9 1b -- 6a 38 9e ae 75 -- -- -- 57 1c -- 87 -- -- 12 -- -- 69 4e -- e8 42 fb 21 -- 84 --  7 a8  e -- -- -- df -- -- f8 ef -- -- -- -- -- 4b -- -- -- -- cc 73 -- -- b8 48 -- -- -- -- 3c d7 -- -- -- -- 76 --  f -- e1 -- -- 36 8a 65 -- -- db 8b f7 eb dc 70 99 d4 7b -- f2 -- -- -- f0 8f 93  3 -- -- -- -- -- 30 

solutions so far:0 maxDepth:10 
iterations:26917901  skipped: 10 
Depth skipped: 
0 0 10 0 0 0 0 0 0 0 0 0 0 0 0 0 0 0 0 0 0 0 0 0 0 0 0 0 0 0 0 0 

running time: 3300 sec
 depth:7
 0  1  2  3  4  5  6  7  8  9  a  b  c  d  e  f 10 11 12 13 14 15 16 17 18 19 1a 1b 1c 1d 1e 1f 20 21 22 23 24 25 26 27 28 29 2a 2b 2c 2d 2e 2f 30 31 32 33 34 35 36 37 38 39 3a 3b 3c 3d 3e 3f 40 41 42 43 44 45 46 47 48 49 4a 4b 4c 4d 4e 4f 50 51 52 53 54 55 56 57 58 59 5a 5b 5c 5d 5e 5f 60 61 62 63 64 65 66 67 68 69 6a 6b 6c 6d 6e 6f 70 71 72 73 74 75 76 77 78 79 7a 7b 7c 7d 7e 7f 80 81 82 83 84 85 86 87 88 89 8a 8b 8c 8d 8e 8f 90 91 92 93 94 95 96 97 98 99 9a 9b 9c 9d 9e 9f a0 a1 a2 a3 a4 a5 a6 a7 a8 a9 aa ab ac ad ae af b0 b1 b2 b3 b4 b5 b6 b7 b8 b9 ba bb bc bd be bf c0 c1 c2 c3 c4 c5 c6 c7 c8 c9 ca cb cc cd ce cf d0 d1 d2 d3 d4 d5 d6 d7 d8 d9 da db dc dd de df e0 e1 e2 e3 e4 e5 e6 e7 e8 e9 ea eb ec ed ee ef f0 f1 f2 f3 f4 f5 f6 f7 f8 f9 fa fb fc fd fe ff 
 0  1  2 39  4 bc 72 c4  8 3b af 50 e4 a4 5f 42 10 -- 76 -- 89 -- a0 7d 1f -- 9f -- be 92 84 6e 20 -- -- -- ec f5 -- 6b c5 3f -- -- 97 -- fa -- 3e -- -- 33 e9 -- -- 73 ab 78 f3 96 df -- dc -- 40 -- -- -- -- -- -- --  f -- 3d -- -- -- d6 4f 5d -- 7e -- --  9 -- 27 f9 -- -- -- 23 -- -- -- 7c -- -- -- -- -- 66 --  5 -- -- d8 -- -- e6 36 81 -- f0 -- 31 90 fb 14 69 79 -- ce 6f -- -- -- 80 -- -- 24 -- -- -- -- -- -- -- 9c -- -- -- -- 1e -- -- -- 7a -- -- a3 -- cf -- -- 7b 29 9e 2f ba -- -- -- fc ff -- 8c -- -- 12 -- -- -- 4e -- 25 -- -- -- -- -- -- 4a 46 94 -- -- -- -- -- -- f8 ef -- -- -- -- -- -- -- -- -- -- cc -- -- --  a 48 -- -- -- -- 67 d7 -- -- -- -- 1b -- 6c -- d5 -- -- -- 37 49 -- -- 62 5e f7 eb 21 52 28 f6 d2 -- f2 -- -- -- 4b 3c de 91 -- -- -- -- -- f4 

solutions so far:0 maxDepth:10 
iterations:29468618  skipped: 11 
Depth skipped: 
0 0 11 0 0 0 0 0 0 0 0 0 0 0 0 0 0 0 0 0 0 0 0 0 0 0 0 0 0 0 0 0 

running time: 3600 sec
 depth:7
 0  1  2  3  4  5  6  7  8  9  a  b  c  d  e  f 10 11 12 13 14 15 16 17 18 19 1a 1b 1c 1d 1e 1f 20 21 22 23 24 25 26 27 28 29 2a 2b 2c 2d 2e 2f 30 31 32 33 34 35 36 37 38 39 3a 3b 3c 3d 3e 3f 40 41 42 43 44 45 46 47 48 49 4a 4b 4c 4d 4e 4f 50 51 52 53 54 55 56 57 58 59 5a 5b 5c 5d 5e 5f 60 61 62 63 64 65 66 67 68 69 6a 6b 6c 6d 6e 6f 70 71 72 73 74 75 76 77 78 79 7a 7b 7c 7d 7e 7f 80 81 82 83 84 85 86 87 88 89 8a 8b 8c 8d 8e 8f 90 91 92 93 94 95 96 97 98 99 9a 9b 9c 9d 9e 9f a0 a1 a2 a3 a4 a5 a6 a7 a8 a9 aa ab ac ad ae af b0 b1 b2 b3 b4 b5 b6 b7 b8 b9 ba bb bc bd be bf c0 c1 c2 c3 c4 c5 c6 c7 c8 c9 ca cb cc cd ce cf d0 d1 d2 d3 d4 d5 d6 d7 d8 d9 da db dc dd de df e0 e1 e2 e3 e4 e5 e6 e7 e8 e9 ea eb ec ed ee ef f0 f1 f2 f3 f4 f5 f6 f7 f8 f9 fa fb fc fd fe ff 
 0  1  2 39  4 b8 72 68  8 d4 a7 e6 e4 21 d0 7d 10 -- 7f -- 99 -- 1b 2c 1f -- 42 -- 77 ed fa 8a 20 -- -- -- fe  7 -- 93 e5 70 -- -- 36 -- 58 -- 3e -- -- 33 84 -- -- cf ee 8f  d ab 23 -- c3 -- 40 -- -- -- -- -- -- -- 2b --  e -- -- -- f1 4f 1d -- e0 -- --  9 -- 27 6c -- -- -- b0 -- -- -- 7c -- -- -- -- -- 66 -- df -- -- 62 -- -- 49 f3  b -- c9 -- 1a 90 81 d2 46 79 -- 5f 51 -- -- -- 80 -- -- 24 -- -- -- -- -- -- -- 9c -- -- -- -- 56 -- -- -- 1c -- -- 74 -- a5 -- -- 35 96 9e 2e 3a -- -- -- 17 4b -- b9 -- -- 12 -- -- -- 4e -- d8 -- -- -- -- -- -- 67 b7 ce -- -- -- -- -- -- f8 ef -- -- -- -- -- -- -- -- -- -- cc -- -- -- 69 48 -- -- -- -- c4 d7 -- -- -- -- 92 -- 31 -- 16 -- -- -- 45 9d -- -- 34 5c f7 eb d5 fb 73 6a 8c -- f2 -- -- -- be ac a2 e8 -- -- -- -- -- 38 

solutions so far:0 maxDepth:10 
iterations:32439334  skipped: 11 
Depth skipped: 
0 0 11 0 0 0 0 0 0 0 0 0 0 0 0 0 0 0 0 0 0 0 0 0 0 0 0 0 0 0 0 0 

running time: 3900 sec
 depth:7
 0  1  2  3  4  5  6  7  8  9  a  b  c  d  e  f 10 11 12 13 14 15 16 17 18 19 1a 1b 1c 1d 1e 1f 20 21 22 23 24 25 26 27 28 29 2a 2b 2c 2d 2e 2f 30 31 32 33 34 35 36 37 38 39 3a 3b 3c 3d 3e 3f 40 41 42 43 44 45 46 47 48 49 4a 4b 4c 4d 4e 4f 50 51 52 53 54 55 56 57 58 59 5a 5b 5c 5d 5e 5f 60 61 62 63 64 65 66 67 68 69 6a 6b 6c 6d 6e 6f 70 71 72 73 74 75 76 77 78 79 7a 7b 7c 7d 7e 7f 80 81 82 83 84 85 86 87 88 89 8a 8b 8c 8d 8e 8f 90 91 92 93 94 95 96 97 98 99 9a 9b 9c 9d 9e 9f a0 a1 a2 a3 a4 a5 a6 a7 a8 a9 aa ab ac ad ae af b0 b1 b2 b3 b4 b5 b6 b7 b8 b9 ba bb bc bd be bf c0 c1 c2 c3 c4 c5 c6 c7 c8 c9 ca cb cc cd ce cf d0 d1 d2 d3 d4 d5 d6 d7 d8 d9 da db dc dd de df e0 e1 e2 e3 e4 e5 e6 e7 e8 e9 ea eb ec ed ee ef f0 f1 f2 f3 f4 f5 f6 f7 f8 f9 fa fb fc fd fe ff 
 0  1  2 39  4 b4 72 1d  8 4a bf f3 e4 fa 3a 64 10 -- 94 -- a9 -- 31 1c 1f -- 23 -- 74 b8 c8  a 20 -- -- -- ff c6 -- a0 85 a1 -- -- 62 -- 38 -- 3e -- -- 33 46 -- -- 41 e8 9f a7 e7 47 -- 14 -- 40 -- -- -- -- -- -- -- 29 -- 5b -- -- -- 97 4f dd -- 95 -- --  9 -- 27 c4 -- -- -- 70 -- -- -- 7c -- -- -- -- -- 66 -- 8c -- -- 13 -- -- 82 71  7 -- e9 -- 99 90 19 49 8e 79 -- 4c 28 -- -- -- 80 -- -- 24 -- -- -- -- -- -- -- 9c -- -- -- -- 52 -- -- -- b6 -- -- da -- 2e -- -- f9 d5 9e 2d 6d -- -- -- fd 81 -- 17 -- -- 12 -- -- -- 4e -- 5f -- -- -- -- -- -- be e0 ab -- -- -- -- -- -- f8 ef -- -- -- -- -- -- -- -- -- -- cc -- -- -- cf 48 -- -- -- -- 26 d7 -- -- -- -- d3 -- e2 --  e -- -- --  5 5c -- -- e5 5a f7 eb 32 7d 92 25 cb -- f2 -- -- -- 98 a4 50 63 -- -- -- -- -- bb 

solutions so far:0 maxDepth:10 
iterations:34724130  skipped: 12 
Depth skipped: 
0 0 12 0 0 0 0 0 0 0 0 0 0 0 0 0 0 0 0 0 0 0 0 0 0 0 0 0 0 0 0 0 

running time: 4200 sec
 depth:7
 0  1  2  3  4  5  6  7  8  9  a  b  c  d  e  f 10 11 12 13 14 15 16 17 18 19 1a 1b 1c 1d 1e 1f 20 21 22 23 24 25 26 27 28 29 2a 2b 2c 2d 2e 2f 30 31 32 33 34 35 36 37 38 39 3a 3b 3c 3d 3e 3f 40 41 42 43 44 45 46 47 48 49 4a 4b 4c 4d 4e 4f 50 51 52 53 54 55 56 57 58 59 5a 5b 5c 5d 5e 5f 60 61 62 63 64 65 66 67 68 69 6a 6b 6c 6d 6e 6f 70 71 72 73 74 75 76 77 78 79 7a 7b 7c 7d 7e 7f 80 81 82 83 84 85 86 87 88 89 8a 8b 8c 8d 8e 8f 90 91 92 93 94 95 96 97 98 99 9a 9b 9c 9d 9e 9f a0 a1 a2 a3 a4 a5 a6 a7 a8 a9 aa ab ac ad ae af b0 b1 b2 b3 b4 b5 b6 b7 b8 b9 ba bb bc bd be bf c0 c1 c2 c3 c4 c5 c6 c7 c8 c9 ca cb cc cd ce cf d0 d1 d2 d3 d4 d5 d6 d7 d8 d9 da db dc dd de df e0 e1 e2 e3 e4 e5 e6 e7 e8 e9 ea eb ec ed ee ef f0 f1 f2 f3 f4 f5 f6 f7 f8 f9 fa fb fc fd fe ff 
 0  1  2 39  4 ae 72 99  8 77 8b bc e4 7a e5 56 10 -- ee -- c1 -- af  7 1f -- f4 -- 1d 2e ac a5 20 -- -- --  b ea -- 1a 55 18 -- -- 89 --  e -- 3e -- -- 33 3f -- -- 8a 3a b0 5c 7f 8f -- 9d -- 40 -- -- -- -- -- -- -- 16 --  3 -- -- -- 34 4f aa -- 30 -- --  9 -- 27 c5 -- -- -- 1c -- -- -- 7c -- -- -- -- -- 66 -- 7e -- -- f1 -- -- c3 a2 74 -- b7 -- b8 90 fe 2f c9 79 -- 6a ed -- -- -- 80 -- -- 24 -- -- -- -- -- -- -- 9c -- -- -- -- 2c -- -- --  6 -- -- d1 -- e0 -- -- 68 f5 9e c0 83 -- -- -- 60 91 -- 70 -- -- 12 -- -- -- 4e -- 5d -- -- -- -- -- -- ba 38 a3 -- -- -- -- -- -- f8 ef -- -- -- -- -- -- -- -- -- -- cc -- -- -- fc 48 -- -- -- -- 35 d7 -- -- -- -- 51 -- 93 -- e8 -- -- -- b9 17 -- -- a7 57 f7 eb 2b 3d 5e d0 45 -- f2 -- -- -- d4 58  d 75 -- -- -- -- --  c 

solutions so far:0 maxDepth:10 
iterations:37274816  skipped: 14 
Depth skipped: 
0 0 14 0 0 0 0 0 0 0 0 0 0 0 0 0 0 0 0 0 0 0 0 0 0 0 0 0 0 0 0 0 

running time: 4500 sec
 depth:7
 0  1  2  3  4  5  6  7  8  9  a  b  c  d  e  f 10 11 12 13 14 15 16 17 18 19 1a 1b 1c 1d 1e 1f 20 21 22 23 24 25 26 27 28 29 2a 2b 2c 2d 2e 2f 30 31 32 33 34 35 36 37 38 39 3a 3b 3c 3d 3e 3f 40 41 42 43 44 45 46 47 48 49 4a 4b 4c 4d 4e 4f 50 51 52 53 54 55 56 57 58 59 5a 5b 5c 5d 5e 5f 60 61 62 63 64 65 66 67 68 69 6a 6b 6c 6d 6e 6f 70 71 72 73 74 75 76 77 78 79 7a 7b 7c 7d 7e 7f 80 81 82 83 84 85 86 87 88 89 8a 8b 8c 8d 8e 8f 90 91 92 93 94 95 96 97 98 99 9a 9b 9c 9d 9e 9f a0 a1 a2 a3 a4 a5 a6 a7 a8 a9 aa ab ac ad ae af b0 b1 b2 b3 b4 b5 b6 b7 b8 b9 ba bb bc bd be bf c0 c1 c2 c3 c4 c5 c6 c7 c8 c9 ca cb cc cd ce cf d0 d1 d2 d3 d4 d5 d6 d7 d8 d9 da db dc dd de df e0 e1 e2 e3 e4 e5 e6 e7 e8 e9 ea eb ec ed ee ef f0 f1 f2 f3 f4 f5 f6 f7 f8 f9 fa fb fc fd fe ff 
 0  1  2 39  4 aa 72 ab  8 c2 83 44 e4 8d 81 1a 10 -- 53 -- d1 -- 88 46 1f -- cd -- d5 62 34 87 20 -- -- -- a6 18 -- 43 75 57 -- -- c7 -- 8c -- 3e -- -- 33 4d -- -- ee 7d 2a c4 9d 68 -- d9 -- 40 -- -- -- -- -- -- -- 9b -- 30 -- -- -- 86 4f ea -- ae -- --  9 -- 27 59 -- -- -- cf -- -- -- 7c -- -- -- -- -- 66 -- 9a -- -- b0 -- --  b 2c fa -- 54 -- 5f 90 ed 11 d0 79 -- b9 65 -- -- -- 80 -- -- 24 -- -- -- -- -- -- -- 9c -- -- -- -- e1 -- -- -- 60 -- --  6 -- f3 -- -- db bd 9e c1  3 -- -- -- 8b b5 -- 92 -- -- 12 -- -- -- 4e -- b2 -- -- -- -- -- -- b3 49 b1 -- -- -- -- -- -- f8 ef -- -- -- -- -- -- -- -- -- -- cc -- -- -- e3 48 -- -- -- -- b7 d7 -- -- -- -- 16 -- 58 -- 23 -- -- -- a8 31 -- -- be 55 f7 eb  d ad 22 61 77 -- f2 -- -- -- a5 15 ca  c -- -- -- -- -- c0 

solutions so far:0 maxDepth:10 
iterations:39937635  skipped: 14 
Depth skipped: 
0 0 14 0 0 0 0 0 0 0 0 0 0 0 0 0 0 0 0 0 0 0 0 0 0 0 0 0 0 0 0 0 

running time: 4800 sec
 depth:7
 0  1  2  3  4  5  6  7  8  9  a  b  c  d  e  f 10 11 12 13 14 15 16 17 18 19 1a 1b 1c 1d 1e 1f 20 21 22 23 24 25 26 27 28 29 2a 2b 2c 2d 2e 2f 30 31 32 33 34 35 36 37 38 39 3a 3b 3c 3d 3e 3f 40 41 42 43 44 45 46 47 48 49 4a 4b 4c 4d 4e 4f 50 51 52 53 54 55 56 57 58 59 5a 5b 5c 5d 5e 5f 60 61 62 63 64 65 66 67 68 69 6a 6b 6c 6d 6e 6f 70 71 72 73 74 75 76 77 78 79 7a 7b 7c 7d 7e 7f 80 81 82 83 84 85 86 87 88 89 8a 8b 8c 8d 8e 8f 90 91 92 93 94 95 96 97 98 99 9a 9b 9c 9d 9e 9f a0 a1 a2 a3 a4 a5 a6 a7 a8 a9 aa ab ac ad ae af b0 b1 b2 b3 b4 b5 b6 b7 b8 b9 ba bb bc bd be bf c0 c1 c2 c3 c4 c5 c6 c7 c8 c9 ca cb cc cd ce cf d0 d1 d2 d3 d4 d5 d6 d7 d8 d9 da db dc dd de df e0 e1 e2 e3 e4 e5 e6 e7 e8 e9 ea eb ec ed ee ef f0 f1 f2 f3 f4 f5 f6 f7 f8 f9 fa fb fc fd fe ff 
 0  1  2 39  4 a2 72 ca  8 63 93 67 e4 d2 43 a7 10 -- c6 -- f1 -- ce 53 1f -- 73 -- 86 a8 99 5a 20 -- -- -- 5b 2b -- 85 35 c9 -- -- 4b -- a6 -- 3e -- -- 33 e6 -- -- 74 db 95 87 2e e5 -- b4 -- 40 -- -- -- -- -- -- -- b6 -- 56 -- -- -- dd 4f 6a -- 45 -- --  9 -- 27 96 -- -- -- 9b -- -- -- 7c -- -- -- -- -- 66 -- 1b -- -- 38 -- -- e8  e 61 -- fd -- d9 90 5c 6c 1d 79 -- e0 bf -- -- -- 80 -- -- 24 -- -- -- -- -- -- -- 9c -- -- -- -- bb -- -- -- ac -- -- 7f -- 2a -- -- 6d df 9e c3 d4 -- -- -- 8a 84 -- 15 -- -- 12 -- -- -- 4e -- fb -- -- -- -- -- -- 21 e1 42 -- -- -- -- -- -- f8 ef -- -- -- -- -- -- -- -- -- -- cc -- -- -- 36 48 -- -- -- -- 70 d7 -- -- -- --  7 -- 1c -- c2 -- -- -- 2d 54 -- -- 65 51 f7 eb b8 69 d8 da 3a -- f2 -- -- -- 17 a1 a9 fe -- -- -- -- -- 8f 

solutions so far:0 maxDepth:10 
iterations:42779121  skipped: 15 
Depth skipped: 
0 0 15 0 0 0 0 0 0 0 0 0 0 0 0 0 0 0 0 0 0 0 0 0 0 0 0 0 0 0 0 0 

running time: 5100 sec
 depth:7
 0  1  2  3  4  5  6  7  8  9  a  b  c  d  e  f 10 11 12 13 14 15 16 17 18 19 1a 1b 1c 1d 1e 1f 20 21 22 23 24 25 26 27 28 29 2a 2b 2c 2d 2e 2f 30 31 32 33 34 35 36 37 38 39 3a 3b 3c 3d 3e 3f 40 41 42 43 44 45 46 47 48 49 4a 4b 4c 4d 4e 4f 50 51 52 53 54 55 56 57 58 59 5a 5b 5c 5d 5e 5f 60 61 62 63 64 65 66 67 68 69 6a 6b 6c 6d 6e 6f 70 71 72 73 74 75 76 77 78 79 7a 7b 7c 7d 7e 7f 80 81 82 83 84 85 86 87 88 89 8a 8b 8c 8d 8e 8f 90 91 92 93 94 95 96 97 98 99 9a 9b 9c 9d 9e 9f a0 a1 a2 a3 a4 a5 a6 a7 a8 a9 aa ab ac ad ae af b0 b1 b2 b3 b4 b5 b6 b7 b8 b9 ba bb bc bd be bf c0 c1 c2 c3 c4 c5 c6 c7 c8 c9 ca cb cc cd ce cf d0 d1 d2 d3 d4 d5 d6 d7 d8 d9 da db dc dd de df e0 e1 e2 e3 e4 e5 e6 e7 e8 e9 ea eb ec ed ee ef f0 f1 f2 f3 f4 f5 f6 f7 f8 f9 fa fb fc fd fe ff 
 0  1  2 39  4 99 72 52  8 bf e5 9a e4 b1 a4 5f 10 -- a9 -- 1d -- e3 14 1f -- b5 -- 9f 4a be b6 20 -- -- -- 85 1c -- fd 3a 17 -- -- 11 -- 28 -- 3e -- -- 33 bd -- -- 7d e9 63 94 31 ab -- bb -- 40 -- -- -- -- -- -- -- dd -- 38 -- -- -- 2d 4f 74 -- 2e -- --  9 -- 27 22 -- -- -- 50 -- -- -- 7c -- -- -- -- -- 66 -- ad -- -- cf -- -- fa 46  5 -- c6 -- ff 90 62 cd 81 79 -- 92 a1 -- -- -- 80 -- -- 24 -- -- -- -- -- -- -- 9c -- -- -- -- 6d -- -- -- 70 -- --  7 -- f9 -- -- 5a b2 9e b8 e8 -- -- -- 5c 59 -- 97 -- -- 12 -- -- -- 4e -- 44 -- -- -- -- -- -- 88 a0 c7 -- -- -- -- -- -- f8 ef -- -- -- -- -- -- -- -- -- -- cc -- -- -- 8d 48 -- -- -- -- 49 d7 -- -- -- -- 23 -- 8c --  a -- -- -- 5b 25 -- -- 29 a7 f7 eb c4 b3 4d b4 d5 -- f2 -- -- -- f3 da 95  e -- -- -- -- -- e0 

solutions so far:0 maxDepth:10 
iterations:46104149  skipped: 17 
Depth skipped: 
0 0 17 0 0 0 0 0 0 0 0 0 0 0 0 0 0 0 0 0 0 0 0 0 0 0 0 0 0 0 0 0 

running time: 5400 sec
 depth:7
 0  1  2  3  4  5  6  7  8  9  a  b  c  d  e  f 10 11 12 13 14 15 16 17 18 19 1a 1b 1c 1d 1e 1f 20 21 22 23 24 25 26 27 28 29 2a 2b 2c 2d 2e 2f 30 31 32 33 34 35 36 37 38 39 3a 3b 3c 3d 3e 3f 40 41 42 43 44 45 46 47 48 49 4a 4b 4c 4d 4e 4f 50 51 52 53 54 55 56 57 58 59 5a 5b 5c 5d 5e 5f 60 61 62 63 64 65 66 67 68 69 6a 6b 6c 6d 6e 6f 70 71 72 73 74 75 76 77 78 79 7a 7b 7c 7d 7e 7f 80 81 82 83 84 85 86 87 88 89 8a 8b 8c 8d 8e 8f 90 91 92 93 94 95 96 97 98 99 9a 9b 9c 9d 9e 9f a0 a1 a2 a3 a4 a5 a6 a7 a8 a9 aa ab ac ad ae af b0 b1 b2 b3 b4 b5 b6 b7 b8 b9 ba bb bc bd be bf c0 c1 c2 c3 c4 c5 c6 c7 c8 c9 ca cb cc cd ce cf d0 d1 d2 d3 d4 d5 d6 d7 d8 d9 da db dc dd de df e0 e1 e2 e3 e4 e5 e6 e7 e8 e9 ea eb ec ed ee ef f0 f1 f2 f3 f4 f5 f6 f7 f8 f9 fa fb fc fd fe ff 
 0  1  2 39  4 8f 72 e0  8 ee c9 ab e4 92 17 cd 10 --  b -- 45 -- 81 99 1f -- f3 -- 2e  e 4d 9d 20 -- -- -- 16 f1 -- 34 8a 7f -- -- d5 -- e5 -- 3e -- -- 33 31 -- -- 22 5c b7 1c bd 9a -- ed -- 40 -- -- -- -- -- -- -- 2c -- 35 -- -- -- 68 4f c3 -- fe -- --  9 -- 27 7d -- -- -- 1d -- -- -- 7c -- -- -- -- -- 66 -- 62 -- -- b2 -- -- 44 c7 b8 -- b9 -- 38 90 ad 5f e3 79 -- b1  d -- -- -- 80 -- -- 24 -- -- -- -- -- -- -- 9c -- -- -- -- 58 -- -- -- 6a -- -- a2 -- e8 -- -- d0 cf 9e 56 51 -- -- -- 2b 8c -- 74 -- -- 12 -- -- -- 4e -- fa -- -- -- -- -- -- 23 3a 46 -- -- -- -- -- -- f8 ef -- -- -- -- -- -- -- -- -- -- cc -- -- -- c4 48 -- -- -- -- b3 d7 -- -- -- -- 88 -- 59 -- a7 -- -- -- a5  7 -- -- 70 ac f7 eb 8d 49 be 77 11 -- f2 -- -- -- b5 b0 1a 93 -- -- -- -- -- d4 

solutions so far:0 maxDepth:10 
iterations:49890374  skipped: 20 
Depth skipped: 
0 0 20 0 0 0 0 0 0 0 0 0 0 0 0 0 0 0 0 0 0 0 0 0 0 0 0 0 0 0 0 0 

running time: 5700 sec
 depth:6
 0  1  2  3  4  5  6  7  8  9  a  b  c  d  e  f 10 11 12 13 14 15 16 17 18 19 1a 1b 1c 1d 1e 1f 20 21 22 23 24 25 26 27 28 29 2a 2b 2c 2d 2e 2f 30 31 32 33 34 35 36 37 38 39 3a 3b 3c 3d 3e 3f 40 41 42 43 44 45 46 47 48 49 4a 4b 4c 4d 4e 4f 50 51 52 53 54 55 56 57 58 59 5a 5b 5c 5d 5e 5f 60 61 62 63 64 65 66 67 68 69 6a 6b 6c 6d 6e 6f 70 71 72 73 74 75 76 77 78 79 7a 7b 7c 7d 7e 7f 80 81 82 83 84 85 86 87 88 89 8a 8b 8c 8d 8e 8f 90 91 92 93 94 95 96 97 98 99 9a 9b 9c 9d 9e 9f a0 a1 a2 a3 a4 a5 a6 a7 a8 a9 aa ab ac ad ae af b0 b1 b2 b3 b4 b5 b6 b7 b8 b9 ba bb bc bd be bf c0 c1 c2 c3 c4 c5 c6 c7 c8 c9 ca cb cc cd ce cf d0 d1 d2 d3 d4 d5 d6 d7 d8 d9 da db dc dd de df e0 e1 e2 e3 e4 e5 e6 e7 e8 e9 ea eb ec ed ee ef f0 f1 f2 f3 f4 f5 f6 f7 f8 f9 fa fb fc fd fe ff 
 0  1  2 39  4 8a 72 19  8 ae c3 bc e4 7a 32 -- 10 -- 8b -- 51 -- af cb 1f -- f4 -- 64 26 --  3 20 -- -- -- c1 d4 -- 30 a2 56 -- -- 89 -- 41 -- 3e -- -- 33 3f -- -- -- c8 d1 4c -- -- --  6 -- 40 -- -- -- -- -- -- -- 55 -- 7f -- -- -- 60 4f 93 -- ac -- --  9 -- 27 c5 -- -- -- 82 -- -- -- 7c -- -- -- -- -- 66 -- 7e -- -- -- -- -- -- -- 47 -- 75 -- 98 90 -- 2f -- 79 -- --  c -- -- -- 80 -- -- 24 -- -- -- -- -- -- -- 9c -- -- -- -- aa -- -- -- fe -- -- 35 -- e2 -- -- c0 f5 9e c9 f1 -- -- -- 8f 91 -- 71 -- -- 12 -- -- -- 4e -- 5d -- -- -- -- -- -- ba d3 a3 -- -- -- -- -- -- f8 ef -- -- -- -- -- -- -- -- -- -- cc -- -- -- fc 48 -- -- -- -- -- d7 -- -- -- -- -- -- -- -- 8e -- -- -- ea 13 -- -- e7 45 f7 eb -- 3d 5e 57 -- -- f2 -- -- -- -- 83 18 6a -- -- -- -- -- 2b 

solutions so far:0 maxDepth:10 
iterations:53201174  skipped: 21 
Depth skipped: 
0 0 21 0 0 0 0 0 0 0 0 0 0 0 0 0 0 0 0 0 0 0 0 0 0 0 0 0 0 0 0 0 

running time: 6000 sec
 depth:6
 0  1  2  3  4  5  6  7  8  9  a  b  c  d  e  f 10 11 12 13 14 15 16 17 18 19 1a 1b 1c 1d 1e 1f 20 21 22 23 24 25 26 27 28 29 2a 2b 2c 2d 2e 2f 30 31 32 33 34 35 36 37 38 39 3a 3b 3c 3d 3e 3f 40 41 42 43 44 45 46 47 48 49 4a 4b 4c 4d 4e 4f 50 51 52 53 54 55 56 57 58 59 5a 5b 5c 5d 5e 5f 60 61 62 63 64 65 66 67 68 69 6a 6b 6c 6d 6e 6f 70 71 72 73 74 75 76 77 78 79 7a 7b 7c 7d 7e 7f 80 81 82 83 84 85 86 87 88 89 8a 8b 8c 8d 8e 8f 90 91 92 93 94 95 96 97 98 99 9a 9b 9c 9d 9e 9f a0 a1 a2 a3 a4 a5 a6 a7 a8 a9 aa ab ac ad ae af b0 b1 b2 b3 b4 b5 b6 b7 b8 b9 ba bb bc bd be bf c0 c1 c2 c3 c4 c5 c6 c7 c8 c9 ca cb cc cd ce cf d0 d1 d2 d3 d4 d5 d6 d7 d8 d9 da db dc dd de df e0 e1 e2 e3 e4 e5 e6 e7 e8 e9 ea eb ec ed ee ef f0 f1 f2 f3 f4 f5 f6 f7 f8 f9 fa fb fc fd fe ff 
 0  1  2 39  4 82 72 6b  8 91 d3 d8 e4 69 d6 -- 10 -- f5 -- 71 -- 67 ec 1f -- d2 -- 7b 6e -- 5e 20 -- -- -- 3d e7 -- c5 e2 c8 -- -- ce --  f -- 3e -- -- 33 73 -- -- -- f6 7e dc -- -- -- bc -- 40 -- -- -- -- -- -- -- 7a -- 19 -- -- -- 5d 4f 13 -- 47 -- --  9 -- 27 4b -- -- -- 1e -- -- -- 7c -- -- -- -- -- 66 -- e6 -- -- -- -- -- -- -- 3b -- fc -- 6f 90 -- 36 -- 79 -- -- af -- -- -- 80 -- -- 24 -- -- -- -- -- -- -- 9c -- -- -- -- f4 -- -- -- 32 -- -- 4c -- f0 -- -- ba 84 9e cb 26 -- -- -- 8e 42 -- 78 -- -- 12 -- -- -- 4e -- 96 -- -- -- -- -- -- fb 3c 21 -- -- -- -- -- -- f8 ef -- -- -- -- -- -- -- -- -- -- cc -- -- -- 1b 48 -- -- -- -- -- d7 -- -- -- -- -- -- -- -- 76 -- -- -- 2f 37 -- -- de 41 f7 eb -- df 6c a3 -- -- f2 -- -- -- -- 3f 89 98 -- -- -- -- -- 64 

solutions so far:0 maxDepth:10 
iterations:57074007  skipped: 23 
Depth skipped: 
0 0 23 0 0 0 0 0 0 0 0 0 0 0 0 0 0 0 0 0 0 0 0 0 0 0 0 0 0 0 0 0 

running time: 6300 sec
 depth:7
 0  1  2  3  4  5  6  7  8  9  a  b  c  d  e  f 10 11 12 13 14 15 16 17 18 19 1a 1b 1c 1d 1e 1f 20 21 22 23 24 25 26 27 28 29 2a 2b 2c 2d 2e 2f 30 31 32 33 34 35 36 37 38 39 3a 3b 3c 3d 3e 3f 40 41 42 43 44 45 46 47 48 49 4a 4b 4c 4d 4e 4f 50 51 52 53 54 55 56 57 58 59 5a 5b 5c 5d 5e 5f 60 61 62 63 64 65 66 67 68 69 6a 6b 6c 6d 6e 6f 70 71 72 73 74 75 76 77 78 79 7a 7b 7c 7d 7e 7f 80 81 82 83 84 85 86 87 88 89 8a 8b 8c 8d 8e 8f 90 91 92 93 94 95 96 97 98 99 9a 9b 9c 9d 9e 9f a0 a1 a2 a3 a4 a5 a6 a7 a8 a9 aa ab ac ad ae af b0 b1 b2 b3 b4 b5 b6 b7 b8 b9 ba bb bc bd be bf c0 c1 c2 c3 c4 c5 c6 c7 c8 c9 ca cb cc cd ce cf d0 d1 d2 d3 d4 d5 d6 d7 d8 d9 da db dc dd de df e0 e1 e2 e3 e4 e5 e6 e7 e8 e9 ea eb ec ed ee ef f0 f1 f2 f3 f4 f5 f6 f7 f8 f9 fa fb fc fd fe ff 
 0  1  2 39  4 76 72 da  8 d9 ec d8 e4 69 63 4c 10 -- 65 --  f -- 67 a1 1f -- d2 -- c6 a9 98 a6 20 -- -- -- ca 6e -- 2a 1e 6b -- -- ce -- 95 -- 3e -- -- 33 73 -- -- 64 5b 61 85 e2 e7 -- 9b -- 40 -- -- -- -- -- -- -- 43 -- dc -- -- -- 54 4f 3c -- d6 -- --  9 -- 27 4b -- -- -- fd -- -- -- 7c -- -- -- -- -- 66 -- e6 -- -- 41 -- -- c8 8e b6 -- c2 -- dd 90 13 36 19 79 -- d3 e1 -- -- -- 80 -- -- 24 -- -- -- -- -- -- -- 9c -- -- -- -- 86 -- -- -- 6f -- -- f0 -- b4 -- -- a8 84 9e f6 78 -- -- -- 7b 42 -- 5a -- -- 12 -- -- -- 4e -- 96 -- -- -- -- -- -- fb 2d 21 -- -- -- -- -- -- f8 ef -- -- -- -- -- -- -- -- -- -- cc -- -- -- 1b 48 -- -- -- -- 82 d7 -- -- -- -- 47 -- cb -- bb -- -- -- 53 bf -- -- 6d 3b f7 eb 26 df 6c 87 32 -- f2 -- -- -- 71 db 15 37 -- -- -- -- -- de 

solutions so far:0 maxDepth:10 
iterations:61447409  skipped: 24 
Depth skipped: 
0 0 24 0 0 0 0 0 0 0 0 0 0 0 0 0 0 0 0 0 0 0 0 0 0 0 0 0 0 0 0 0 

running time: 6600 sec
 depth:6
 0  1  2  3  4  5  6  7  8  9  a  b  c  d  e  f 10 11 12 13 14 15 16 17 18 19 1a 1b 1c 1d 1e 1f 20 21 22 23 24 25 26 27 28 29 2a 2b 2c 2d 2e 2f 30 31 32 33 34 35 36 37 38 39 3a 3b 3c 3d 3e 3f 40 41 42 43 44 45 46 47 48 49 4a 4b 4c 4d 4e 4f 50 51 52 53 54 55 56 57 58 59 5a 5b 5c 5d 5e 5f 60 61 62 63 64 65 66 67 68 69 6a 6b 6c 6d 6e 6f 70 71 72 73 74 75 76 77 78 79 7a 7b 7c 7d 7e 7f 80 81 82 83 84 85 86 87 88 89 8a 8b 8c 8d 8e 8f 90 91 92 93 94 95 96 97 98 99 9a 9b 9c 9d 9e 9f a0 a1 a2 a3 a4 a5 a6 a7 a8 a9 aa ab ac ad ae af b0 b1 b2 b3 b4 b5 b6 b7 b8 b9 ba bb bc bd be bf c0 c1 c2 c3 c4 c5 c6 c7 c8 c9 ca cb cc cd ce cf d0 d1 d2 d3 d4 d5 d6 d7 d8 d9 da db dc dd de df e0 e1 e2 e3 e4 e5 e6 e7 e8 e9 ea eb ec ed ee ef f0 f1 f2 f3 f4 f5 f6 f7 f8 f9 fa fb fc fd fe ff 
 0  1  2 39  4 68 72 74  8 50 d0 8a e4 fe e8 -- 10 -- a0 -- 77 -- c3 70 1f -- 2b --  7 99 -- 52 20 -- -- -- 97 b0 --  5 ee 9d -- -- 51 -- e0 -- 3e -- -- 33 56 -- -- --  e 94 e5 -- -- -- a4 -- 40 -- -- -- -- -- -- -- f9 -- b7 -- -- --  a 4f  b -- ed -- --  9 -- 27 a2 -- -- -- 17 -- -- -- 7c -- -- -- -- -- 66 -- ac -- -- -- -- -- -- -- 1c -- ff -- 1d 90 -- c9 -- 79 -- -- 9f -- -- -- 80 -- -- 24 -- -- -- -- -- -- -- 9c -- -- -- -- 25 -- -- -- b9 -- -- 2c -- b8 -- -- 14 d4 9e 1a 16 -- -- --  d 6a -- 5c -- -- 12 -- -- -- 4e -- 93 -- -- -- -- -- -- f1 2e 35 -- -- -- -- -- -- f8 ef -- -- -- -- -- -- -- -- -- -- cc -- -- -- 8f 48 -- -- -- -- -- d7 -- -- -- -- -- -- -- -- 38 -- -- -- 29 a7 -- -- 3a 34 f7 eb -- 7f 45 28 -- -- f2 -- -- -- -- 4a e9 58 -- -- -- -- -- a5 

solutions so far:0 maxDepth:10 
iterations:67020545  skipped: 26 
Depth skipped: 
0 0 26 0 0 0 0 0 0 0 0 0 0 0 0 0 0 0 0 0 0 0 0 0 0 0 0 0 0 0 0 0 

running time: 6900 sec
 depth:7
 0  1  2  3  4  5  6  7  8  9  a  b  c  d  e  f 10 11 12 13 14 15 16 17 18 19 1a 1b 1c 1d 1e 1f 20 21 22 23 24 25 26 27 28 29 2a 2b 2c 2d 2e 2f 30 31 32 33 34 35 36 37 38 39 3a 3b 3c 3d 3e 3f 40 41 42 43 44 45 46 47 48 49 4a 4b 4c 4d 4e 4f 50 51 52 53 54 55 56 57 58 59 5a 5b 5c 5d 5e 5f 60 61 62 63 64 65 66 67 68 69 6a 6b 6c 6d 6e 6f 70 71 72 73 74 75 76 77 78 79 7a 7b 7c 7d 7e 7f 80 81 82 83 84 85 86 87 88 89 8a 8b 8c 8d 8e 8f 90 91 92 93 94 95 96 97 98 99 9a 9b 9c 9d 9e 9f a0 a1 a2 a3 a4 a5 a6 a7 a8 a9 aa ab ac ad ae af b0 b1 b2 b3 b4 b5 b6 b7 b8 b9 ba bb bc bd be bf c0 c1 c2 c3 c4 c5 c6 c7 c8 c9 ca cb cc cd ce cf d0 d1 d2 d3 d4 d5 d6 d7 d8 d9 da db dc dd de df e0 e1 e2 e3 e4 e5 e6 e7 e8 e9 ea eb ec ed ee ef f0 f1 f2 f3 f4 f5 f6 f7 f8 f9 fa fb fc fd fe ff 
 0  1  2 39  4 60 72 1a  8 7f c0 a1 e4 6d 34 73 10 -- fe -- 57 -- 95  b 1f -- da -- 68 a5 e6 c3 20 -- -- -- 2b 83 -- f1 ae  3 -- -- fd -- 16 -- 3e -- -- 33 63 -- -- d8 d0 c9 9d df 1b -- 51 -- 40 -- -- -- -- -- -- -- 56 -- d1 -- -- -- 35 4f 8b --  6 -- --  9 -- 27 2d -- -- -- 2c -- -- -- 7c -- -- -- -- -- 66 -- c6 -- -- fb -- -- 67 4b 77 -- 45 -- ed 90 69 b6 36 79 -- 42 a2 -- -- -- 80 -- -- 24 -- -- -- -- -- -- -- 9c -- -- -- -- ac -- -- -- 75 -- -- 55 -- b7 -- -- 6a 85 9e 18 c1 -- -- --  c a9 -- b0 -- -- 12 -- -- -- 4e -- 5a -- -- -- -- -- -- b4 58 bf -- -- -- -- -- -- f8 ef -- -- -- -- -- -- -- -- -- -- cc -- -- -- 5b 48 -- -- -- -- 21 d7 -- -- -- -- ce -- 96 -- ee -- -- -- 8a b9 -- --  d 30 f7 eb d2 dd bb d4 6c -- f2 -- -- -- 84 8f 93 aa -- -- -- -- -- ea 

solutions so far:0 maxDepth:10 
iterations:71523028  skipped: 27 
Depth skipped: 
0 0 27 0 0 0 0 0 0 0 0 0 0 0 0 0 0 0 0 0 0 0 0 0 0 0 0 0 0 0 0 0 

running time: 7200 sec
 depth:7
 0  1  2  3  4  5  6  7  8  9  a  b  c  d  e  f 10 11 12 13 14 15 16 17 18 19 1a 1b 1c 1d 1e 1f 20 21 22 23 24 25 26 27 28 29 2a 2b 2c 2d 2e 2f 30 31 32 33 34 35 36 37 38 39 3a 3b 3c 3d 3e 3f 40 41 42 43 44 45 46 47 48 49 4a 4b 4c 4d 4e 4f 50 51 52 53 54 55 56 57 58 59 5a 5b 5c 5d 5e 5f 60 61 62 63 64 65 66 67 68 69 6a 6b 6c 6d 6e 6f 70 71 72 73 74 75 76 77 78 79 7a 7b 7c 7d 7e 7f 80 81 82 83 84 85 86 87 88 89 8a 8b 8c 8d 8e 8f 90 91 92 93 94 95 96 97 98 99 9a 9b 9c 9d 9e 9f a0 a1 a2 a3 a4 a5 a6 a7 a8 a9 aa ab ac ad ae af b0 b1 b2 b3 b4 b5 b6 b7 b8 b9 ba bb bc bd be bf c0 c1 c2 c3 c4 c5 c6 c7 c8 c9 ca cb cc cd ce cf d0 d1 d2 d3 d4 d5 d6 d7 d8 d9 da db dc dd de df e0 e1 e2 e3 e4 e5 e6 e7 e8 e9 ea eb ec ed ee ef f0 f1 f2 f3 f4 f5 f6 f7 f8 f9 fa fb fc fd fe ff 
 0  1  2 39  4 55 72 1d  8  f aa b5 e4 44 3a c8 10 -- 1e -- 83 -- bd 1c 1f -- 88 -- 74 b8 47 de 20 -- -- -- 3c  c -- f6 d1 c0 -- -- ad -- 38 -- 3e -- -- 33 c7 -- -- 82 e8 6e a7 19 8e -- 6b -- 40 -- -- -- -- -- -- -- 78 -- 18 -- -- -- 3b 4f 75 -- 57 -- --  9 -- 27 8d -- -- -- 70 -- -- -- 7c -- -- -- -- -- 66 -- 59 -- -- 26 -- -- d3 e2  7 -- dc -- 99 90 32 b3 cb 79 -- 98 d6 -- -- -- 80 -- -- 24 -- -- -- -- -- -- -- 9c -- -- -- -- f0 -- -- -- 30 -- --  3 -- 2e -- -- 76 11 9e 8b ea -- -- -- ae e3 -- 17 -- -- 12 -- -- -- 4e -- cd -- -- -- -- -- -- 4d e0 9a -- -- -- -- -- -- f8 ef -- -- -- -- -- -- -- -- -- -- cc -- -- -- b2 48 -- -- -- -- 4c d7 -- -- -- -- 71 -- 13 --  e -- -- -- 6f 5c -- -- e5 c1 f7 eb 64 22 b1 ec 41 -- f2 -- -- -- e7 37 7b  6 -- -- -- -- -- 60 

solutions so far:0 maxDepth:10 
iterations:77099195  skipped: 28 
Depth skipped: 
0 0 28 0 0 0 0 0 0 0 0 0 0 0 0 0 0 0 0 0 0 0 0 0 0 0 0 0 0 0 0 0 

running time: 7500 sec
 depth:7
 0  1  2  3  4  5  6  7  8  9  a  b  c  d  e  f 10 11 12 13 14 15 16 17 18 19 1a 1b 1c 1d 1e 1f 20 21 22 23 24 25 26 27 28 29 2a 2b 2c 2d 2e 2f 30 31 32 33 34 35 36 37 38 39 3a 3b 3c 3d 3e 3f 40 41 42 43 44 45 46 47 48 49 4a 4b 4c 4d 4e 4f 50 51 52 53 54 55 56 57 58 59 5a 5b 5c 5d 5e 5f 60 61 62 63 64 65 66 67 68 69 6a 6b 6c 6d 6e 6f 70 71 72 73 74 75 76 77 78 79 7a 7b 7c 7d 7e 7f 80 81 82 83 84 85 86 87 88 89 8a 8b 8c 8d 8e 8f 90 91 92 93 94 95 96 97 98 99 9a 9b 9c 9d 9e 9f a0 a1 a2 a3 a4 a5 a6 a7 a8 a9 aa ab ac ad ae af b0 b1 b2 b3 b4 b5 b6 b7 b8 b9 ba bb bc bd be bf c0 c1 c2 c3 c4 c5 c6 c7 c8 c9 ca cb cc cd ce cf d0 d1 d2 d3 d4 d5 d6 d7 d8 d9 da db dc dd de df e0 e1 e2 e3 e4 e5 e6 e7 e8 e9 ea eb ec ed ee ef f0 f1 f2 f3 f4 f5 f6 f7 f8 f9 fa fb fc fd fe ff 
 0  1  2 39  4 44 72 f3  8 35 88 ae e4  6 31 bb 10 -- 6a -- c7 -- 8b ab 1f --  c -- 62 8c a1 c9 20 -- -- -- d4 bd -- 51 59 4d -- -- c1 -- 81 -- 3e -- -- 33 18 -- -- 5a c4 56 cf c6 95 -- 45 -- 40 -- -- -- -- -- -- -- 7f -- ad -- -- -- a2 4f b2 -- 9a -- --  9 -- 27 55 -- -- -- d5 -- -- -- 7c -- -- -- -- -- 66 -- 30 -- -- dd -- -- b4 a9 5f -- ac -- 49 90 5b c0 fd 79 -- da 8a -- -- -- 80 -- -- 24 -- -- -- -- -- -- -- 9c -- -- -- -- fe -- -- -- 8d -- -- b1 -- 23 -- -- 93 ea 9e 11 b3 -- -- -- e3 75 -- fa -- -- 12 -- -- -- 4e -- aa -- -- -- -- -- -- 83 7d d1 -- -- -- -- -- -- f8 ef -- -- -- -- -- -- -- -- -- -- cc -- -- -- 60 48 -- -- -- -- 6d d7 -- -- -- -- bf -- 85 -- be -- -- -- 8f 46 -- -- 92 22 f7 eb b6  3 57 f1 2d -- f2 -- -- -- 63 2b c3 b5 -- -- -- -- -- cd 

solutions so far:0 maxDepth:10 
iterations:82767567  skipped: 32 
Depth skipped: 
0 0 32 0 0 0 0 0 0 0 0 0 0 0 0 0 0 0 0 0 0 0 0 0 0 0 0 0 0 0 0 0 

running time: 7800 sec
 depth:6
 0  1  2  3  4  5  6  7  8  9  a  b  c  d  e  f 10 11 12 13 14 15 16 17 18 19 1a 1b 1c 1d 1e 1f 20 21 22 23 24 25 26 27 28 29 2a 2b 2c 2d 2e 2f 30 31 32 33 34 35 36 37 38 39 3a 3b 3c 3d 3e 3f 40 41 42 43 44 45 46 47 48 49 4a 4b 4c 4d 4e 4f 50 51 52 53 54 55 56 57 58 59 5a 5b 5c 5d 5e 5f 60 61 62 63 64 65 66 67 68 69 6a 6b 6c 6d 6e 6f 70 71 72 73 74 75 76 77 78 79 7a 7b 7c 7d 7e 7f 80 81 82 83 84 85 86 87 88 89 8a 8b 8c 8d 8e 8f 90 91 92 93 94 95 96 97 98 99 9a 9b 9c 9d 9e 9f a0 a1 a2 a3 a4 a5 a6 a7 a8 a9 aa ab ac ad ae af b0 b1 b2 b3 b4 b5 b6 b7 b8 b9 ba bb bc bd be bf c0 c1 c2 c3 c4 c5 c6 c7 c8 c9 ca cb cc cd ce cf d0 d1 d2 d3 d4 d5 d6 d7 d8 d9 da db dc dd de df e0 e1 e2 e3 e4 e5 e6 e7 e8 e9 ea eb ec ed ee ef f0 f1 f2 f3 f4 f5 f6 f7 f8 f9 fa fb fc fd fe ff 
 0  1  2 39  4 35 72 a5  8 c6 6a 57 e4  3 9d -- 10 -- 5b -- d4 -- ae 68 1f --  6 -- ed 58 -- b4 20 -- -- -- b6 8f -- dd 7f c3 -- -- 8b -- d0 -- 3e -- -- 33  c -- -- --  d fd b0 -- -- -- bf -- 40 -- -- -- -- -- -- -- bb -- c9 -- -- -- 6d 4f fe -- 51 -- --  9 -- 27 c1 -- -- -- 77 -- -- -- 7c -- -- -- -- -- 66 -- 18 -- -- -- -- -- -- -- 1a -- 2d -- b7 90 -- 60 -- 79 -- -- a9 -- -- -- 80 -- -- 24 -- -- -- -- -- -- -- 9c -- -- -- -- a1 -- -- -- 45 -- -- 56 -- 16 -- -- da 75 9e 93 2b -- -- -- a2 d1 --  b -- -- 12 -- -- -- 4e -- 55 -- -- -- -- -- -- aa ee 83 -- -- -- -- -- -- f8 ef -- -- -- -- -- -- -- -- -- -- cc -- -- -- 30 48 -- -- -- -- -- d7 -- -- -- -- -- -- -- -- 34 -- -- -- 5a 2c -- -- b9 f1 f7 eb -- ea c0 63 -- -- f2 -- -- -- -- 95 85 ac -- -- -- -- -- 8a 

solutions so far:0 maxDepth:10 
iterations:87744353  skipped: 34 
Depth skipped: 
0 0 34 0 0 0 0 0 0 0 0 0 0 0 0 0 0 0 0 0 0 0 0 0 0 0 0 0 0 0 0 0 

running time: 8100 sec
 depth:7
 0  1  2  3  4  5  6  7  8  9  a  b  c  d  e  f 10 11 12 13 14 15 16 17 18 19 1a 1b 1c 1d 1e 1f 20 21 22 23 24 25 26 27 28 29 2a 2b 2c 2d 2e 2f 30 31 32 33 34 35 36 37 38 39 3a 3b 3c 3d 3e 3f 40 41 42 43 44 45 46 47 48 49 4a 4b 4c 4d 4e 4f 50 51 52 53 54 55 56 57 58 59 5a 5b 5c 5d 5e 5f 60 61 62 63 64 65 66 67 68 69 6a 6b 6c 6d 6e 6f 70 71 72 73 74 75 76 77 78 79 7a 7b 7c 7d 7e 7f 80 81 82 83 84 85 86 87 88 89 8a 8b 8c 8d 8e 8f 90 91 92 93 94 95 96 97 98 99 9a 9b 9c 9d 9e 9f a0 a1 a2 a3 a4 a5 a6 a7 a8 a9 aa ab ac ad ae af b0 b1 b2 b3 b4 b5 b6 b7 b8 b9 ba bb bc bd be bf c0 c1 c2 c3 c4 c5 c6 c7 c8 c9 ca cb cc cd ce cf d0 d1 d2 d3 d4 d5 d6 d7 d8 d9 da db dc dd de df e0 e1 e2 e3 e4 e5 e6 e7 e8 e9 ea eb ec ed ee ef f0 f1 f2 f3 f4 f5 f6 f7 f8 f9 fa fb fc fd fe ff 
 0  1  2 39  4 2c 72 4b  8 81 58 ec e4 de 96 2a 10 -- d5 -- b0 --  f df 1f -- 6b -- fb 6c 54 92 20 -- -- -- 7d  d -- c4 b7 d0 -- -- 1e -- 69 -- 3e -- -- 33 d6 -- -- 65 21 8c d8 9b a8 -- f3 -- 40 -- -- -- -- -- -- -- fa -- 1a -- -- -- 5f 4f b9 -- 77 -- --  9 -- 27 3c -- -- -- d2 -- -- -- 7c -- -- -- -- -- 66 -- 7b -- -- 61 -- -- ca 86 42 -- cf -- 67 90 e1 3b 87 79 -- 53 31 -- -- -- 80 -- -- 24 -- -- -- -- -- -- -- 9c -- -- -- -- 23 -- -- -- 34 -- -- 9d -- 1b -- -- be dc 9e  b a5 -- -- -- ee 6e -- e6 -- -- 12 -- -- -- 4e -- 78 -- -- -- -- -- -- f0 73 37 -- -- -- -- -- -- f8 ef -- -- -- -- -- -- -- -- -- -- cc -- -- -- f6 48 -- -- -- -- c2 d7 -- -- -- -- 43 -- db -- 84 -- -- -- 49 36 -- -- ce 16 f7 eb 15 6f 76 ab d9 -- f2 -- -- -- a6 46 62 ed -- -- -- -- -- 68 

solutions so far:0 maxDepth:10 
iterations:92950341  skipped: 35 
Depth skipped: 
0 0 35 0 0 0 0 0 0 0 0 0 0 0 0 0 0 0 0 0 0 0 0 0 0 0 0 0 0 0 0 0 

running time: 8400 sec
 depth:7
 0  1  2  3  4  5  6  7  8  9  a  b  c  d  e  f 10 11 12 13 14 15 16 17 18 19 1a 1b 1c 1d 1e 1f 20 21 22 23 24 25 26 27 28 29 2a 2b 2c 2d 2e 2f 30 31 32 33 34 35 36 37 38 39 3a 3b 3c 3d 3e 3f 40 41 42 43 44 45 46 47 48 49 4a 4b 4c 4d 4e 4f 50 51 52 53 54 55 56 57 58 59 5a 5b 5c 5d 5e 5f 60 61 62 63 64 65 66 67 68 69 6a 6b 6c 6d 6e 6f 70 71 72 73 74 75 76 77 78 79 7a 7b 7c 7d 7e 7f 80 81 82 83 84 85 86 87 88 89 8a 8b 8c 8d 8e 8f 90 91 92 93 94 95 96 97 98 99 9a 9b 9c 9d 9e 9f a0 a1 a2 a3 a4 a5 a6 a7 a8 a9 aa ab ac ad ae af b0 b1 b2 b3 b4 b5 b6 b7 b8 b9 ba bb bc bd be bf c0 c1 c2 c3 c4 c5 c6 c7 c8 c9 ca cb cc cd ce cf d0 d1 d2 d3 d4 d5 d6 d7 d8 d9 da db dc dd de df e0 e1 e2 e3 e4 e5 e6 e7 e8 e9 ea eb ec ed ee ef f0 f1 f2 f3 f4 f5 f6 f7 f8 f9 fa fb fc fd fe ff 
 0  1  2 39  4 1a 72 95  8 4a 34 f4 e4 5d fd  3 10 -- 94 -- 68 -- 3f a9 1f -- ba -- 2d 5b  6  a 20 -- -- -- ff 2c -- a0 d0 b9 -- -- 7e -- 85 -- 3e -- -- 33 a3 -- -- 60 5a 9f b6 d1  c -- 14 -- 40 -- -- -- -- -- -- -- 29 -- 58 -- -- -- 97 4f 77 -- a5 -- --  9 -- 27 fc -- -- -- dd -- -- -- 7c -- -- -- -- -- 66 -- 91 -- -- c1 -- -- c0 ae b4 -- e9 -- bb 90 75 3d 18 79 -- aa 28 -- -- -- 80 -- -- 24 -- -- -- -- -- -- -- 9c -- -- -- -- 52 -- -- -- b0 -- --  b -- 63 -- -- f9 89 9e ed ee -- -- -- 9d af -- da -- -- 12 -- -- -- 4e -- 2f -- -- -- -- -- -- 5e 6d bc -- -- -- -- -- -- f8 ef -- -- -- -- -- -- -- -- -- -- cc -- -- -- f5 48 -- -- -- -- 55 d7 -- -- -- -- 57 -- 8b -- bf -- -- --  5 c6 -- -- a1  d f7 eb ea c5 7a 25 30 -- f2 -- -- -- 83 a4 50 16 -- -- -- -- -- b7 

solutions so far:0 maxDepth:10 
iterations:98478151  skipped: 38 
Depth skipped: 
0 0 38 0 0 0 0 0 0 0 0 0 0 0 0 0 0 0 0 0 0 0 0 0 0 0 0 0 0 0 0 0 

running time: 8700 sec
 depth:8
 0  1  2  3  4  5  6  7  8  9  a  b  c  d  e  f 10 11 12 13 14 15 16 17 18 19 1a 1b 1c 1d 1e 1f 20 21 22 23 24 25 26 27 28 29 2a 2b 2c 2d 2e 2f 30 31 32 33 34 35 36 37 38 39 3a 3b 3c 3d 3e 3f 40 41 42 43 44 45 46 47 48 49 4a 4b 4c 4d 4e 4f 50 51 52 53 54 55 56 57 58 59 5a 5b 5c 5d 5e 5f 60 61 62 63 64 65 66 67 68 69 6a 6b 6c 6d 6e 6f 70 71 72 73 74 75 76 77 78 79 7a 7b 7c 7d 7e 7f 80 81 82 83 84 85 86 87 88 89 8a 8b 8c 8d 8e 8f 90 91 92 93 94 95 96 97 98 99 9a 9b 9c 9d 9e 9f a0 a1 a2 a3 a4 a5 a6 a7 a8 a9 aa ab ac ad ae af b0 b1 b2 b3 b4 b5 b6 b7 b8 b9 ba bb bc bd be bf c0 c1 c2 c3 c4 c5 c6 c7 c8 c9 ca cb cc cd ce cf d0 d1 d2 d3 d4 d5 d6 d7 d8 d9 da db dc dd de df e0 e1 e2 e3 e4 e5 e6 e7 e8 e9 ea eb ec ed ee ef f0 f1 f2 f3 f4 f5 f6 f7 f8 f9 fa fb fc fd fe ff 
 0  1  2 39  4  c 72 32  8 53 18 9a e4 b1 64 b6 10 99 a6 -- 30 -- e3 41 1f -- b5 -- c8 4c bb d9 20 -- e5 -- 9b c1 -- 86 60 d1 -- -- 11 -- 82 -- 3e -- -- 33 bd -- -- 2d 47 54 98 63 a1 -- 65 -- 40 -- -- -- 1d -- -- -- e1 -- 55 -- -- 5c db 4f c0 -- 75 -- --  9 -- 27 22 e8 -- -- d3 -- -- -- 7c -- -- -- -- -- 66 -- ad -- -- 85 -- -- 5a bf 8e -- a8 -- e7 90 c6 cd 95 79 -- 6d ca -- -- -- 80 -- -- 24 -- -- -- -- 3a -- -- 9c -- 17 -- -- 15 -- -- -- aa -- -- ae -- 13 b8 -- 61 b2 9e  3 57 -- -- -- ea 59 -- e2 -- -- 12 -- -- e0 4e -- 44 1c  7  e -- 38 -- 88 71 c7 -- -- -- 70 -- -- f8 ef -- -- -- -- -- 74 -- -- -- -- cc 2e -- -- 8d 48 -- -- -- -- dd d7 -- -- -- -- b4 -- a9 -- cb -- -- a7 87 26 -- -- 19  6 f7 eb 5b b3 4d c2 fd -- f2 -- -- -- da 2a 43 8b -- -- -- -- -- 83 

solutions so far:0 maxDepth:10 
iterations:103935797  skipped: 40 
Depth skipped: 
0 0 40 0 0 0 0 0 0 0 0 0 0 0 0 0 0 0 0 0 0 0 0 0 0 0 0 0 0 0 0 0 

running time: 9000 sec

Finished. Total running time: 9154 sec
