Search S-boxes invariant for matrix: 
{0x00,0x02,0x04,0x06,0x08,0x0a,0x0c,0x0e,0x10,0x12,0x14,0x16,0x18,0x1a,0x1c,0x1e,0x20,0x22,0x24,0x26,0x28,0x2a,0x2c,0x2e,0x30,0x32,0x34,0x36,0x38,0x3a,0x3c,0x3e,0x40,0x42,0x44,0x46,0x48,0x4a,0x4c,0x4e,0x50,0x52,0x54,0x56,0x58,0x5a,0x5c,0x5e,0x60,0x62,0x64,0x66,0x68,0x6a,0x6c,0x6e,0x70,0x72,0x74,0x76,0x78,0x7a,0x7c,0x7e,0x80,0x82,0x84,0x86,0x88,0x8a,0x8c,0x8e,0x90,0x92,0x94,0x96,0x98,0x9a,0x9c,0x9e,0xa0,0xa2,0xa4,0xa6,0xa8,0xaa,0xac,0xae,0xb0,0xb2,0xb4,0xb6,0xb8,0xba,0xbc,0xbe,0xc0,0xc2,0xc4,0xc6,0xc8,0xca,0xcc,0xce,0xd0,0xd2,0xd4,0xd6,0xd8,0xda,0xdc,0xde,0xe0,0xe2,0xe4,0xe6,0xe8,0xea,0xec,0xee,0xf0,0xf2,0xf4,0xf6,0xf8,0xfa,0xfc,0xfe,0xd7,0xd5,0xd3,0xd1,0xdf,0xdd,0xdb,0xd9,0xc7,0xc5,0xc3,0xc1,0xcf,0xcd,0xcb,0xc9,0xf7,0xf5,0xf3,0xf1,0xff,0xfd,0xfb,0xf9,0xe7,0xe5,0xe3,0xe1,0xef,0xed,0xeb,0xe9,0x97,0x95,0x93,0x91,0x9f,0x9d,0x9b,0x99,0x87,0x85,0x83,0x81,0x8f,0x8d,0x8b,0x89,0xb7,0xb5,0xb3,0xb1,0xbf,0xbd,0xbb,0xb9,0xa7,0xa5,0xa3,0xa1,0xaf,0xad,0xab,0xa9,0x57,0x55,0x53,0x51,0x5f,0x5d,0x5b,0x59,0x47,0x45,0x43,0x41,0x4f,0x4d,0x4b,0x49,0x77,0x75,0x73,0x71,0x7f,0x7d,0x7b,0x79,0x67,0x65,0x63,0x61,0x6f,0x6d,0x6b,0x69,0x17,0x15,0x13,0x11,0x1f,0x1d,0x1b,0x19,0x07,0x05,0x03,0x01,0x0f,0x0d,0x0b,0x09,0x37,0x35,0x33,0x31,0x3f,0x3d,0x3b,0x39,0x27,0x25,0x23,0x21,0x2f,0x2d,0x2b,0x29};



 depth:7
 0  1  2  3  4  5  6  7  8  9  a  b  c  d  e  f 10 11 12 13 14 15 16 17 18 19 1a 1b 1c 1d 1e 1f 20 21 22 23 24 25 26 27 28 29 2a 2b 2c 2d 2e 2f 30 31 32 33 34 35 36 37 38 39 3a 3b 3c 3d 3e 3f 40 41 42 43 44 45 46 47 48 49 4a 4b 4c 4d 4e 4f 50 51 52 53 54 55 56 57 58 59 5a 5b 5c 5d 5e 5f 60 61 62 63 64 65 66 67 68 69 6a 6b 6c 6d 6e 6f 70 71 72 73 74 75 76 77 78 79 7a 7b 7c 7d 7e 7f 80 81 82 83 84 85 86 87 88 89 8a 8b 8c 8d 8e 8f 90 91 92 93 94 95 96 97 98 99 9a 9b 9c 9d 9e 9f a0 a1 a2 a3 a4 a5 a6 a7 a8 a9 aa ab ac ad ae af b0 b1 b2 b3 b4 b5 b6 b7 b8 b9 ba bb bc bd be bf c0 c1 c2 c3 c4 c5 c6 c7 c8 c9 ca cb cc cd ce cf d0 d1 d2 d3 d4 d5 d6 d7 d8 d9 da db dc dd de df e0 e1 e2 e3 e4 e5 e6 e7 e8 e9 ea eb ec ed ee ef f0 f1 f2 f3 f4 f5 f6 f7 f8 f9 fa fb fc fd fe ff 
 0  1  2 3c  4 f8 78 b7  8 e2 27 c6 f0 bf b9 5e 10 -- 13 -- 4e -- 5b 1a 37 -- a9 -- a5 16 bc c8 20 -- -- -- 26 48 -- 41 9c 72 -- -- b6 -- 34 -- 6e -- -- 33 85 -- -- 5d 9d 19 2c 7e af -- 47 -- 40 -- -- -- -- -- -- -- 4c -- 90 -- -- -- 82 4f ef -- e4 -- -- f6 -- de bb -- -- -- 68 -- -- -- dc -- -- -- -- -- 66 -- dd -- -- 3d -- -- ba 91 ed -- 32 -- 58  f fc da 89 79 -- f4 8e -- -- -- 80 -- -- 76 -- -- -- -- -- -- -- d6 -- -- -- -- 98 -- -- -- f7 -- -- 12 -- ee -- -- d3 5a 9e 3e  9 -- -- -- 1f 2d -- 77 -- -- 3b -- -- -- 6b -- a1 -- -- -- -- -- -- 95 d0 fd -- -- -- -- -- -- 6f 7b -- -- -- -- -- -- -- -- -- -- cc -- -- -- 6d ec -- -- -- -- 7a d7 -- -- -- -- a3 -- f5 --  d -- -- -- 64  b -- -- b0 7c 1e eb 2f b4 63 71 c5 -- f2 -- -- -- 3f e7 cb 24 -- -- -- -- -- 39 

solutions so far:0 maxDepth:9 
iterations:2892854  skipped: 2 
Depth skipped: 
0 0 2 0 0 0 0 0 0 0 0 0 0 0 0 0 0 0 0 0 0 0 0 0 0 0 0 0 0 0 0 0 

running time: 300 sec
 depth:8
 0  1  2  3  4  5  6  7  8  9  a  b  c  d  e  f 10 11 12 13 14 15 16 17 18 19 1a 1b 1c 1d 1e 1f 20 21 22 23 24 25 26 27 28 29 2a 2b 2c 2d 2e 2f 30 31 32 33 34 35 36 37 38 39 3a 3b 3c 3d 3e 3f 40 41 42 43 44 45 46 47 48 49 4a 4b 4c 4d 4e 4f 50 51 52 53 54 55 56 57 58 59 5a 5b 5c 5d 5e 5f 60 61 62 63 64 65 66 67 68 69 6a 6b 6c 6d 6e 6f 70 71 72 73 74 75 76 77 78 79 7a 7b 7c 7d 7e 7f 80 81 82 83 84 85 86 87 88 89 8a 8b 8c 8d 8e 8f 90 91 92 93 94 95 96 97 98 99 9a 9b 9c 9d 9e 9f a0 a1 a2 a3 a4 a5 a6 a7 a8 a9 aa ab ac ad ae af b0 b1 b2 b3 b4 b5 b6 b7 b8 b9 ba bb bc bd be bf c0 c1 c2 c3 c4 c5 c6 c7 c8 c9 ca cb cc cd ce cf d0 d1 d2 d3 d4 d5 d6 d7 d8 d9 da db dc dd de df e0 e1 e2 e3 e4 e5 e6 e7 e8 e9 ea eb ec ed ee ef f0 f1 f2 f3 f4 f5 f6 f7 f8 f9 fa fb fc fd fe ff 
 0  1  2 3c  4 f4 78 ca  8 a7 3f ee f0 ed 43 c4 10 a1 99 -- 7e --  b 53 37 --  d -- 86 a8 5f 1c 20 -- 95 -- e5 89 -- 17 fc a3 -- -- 16 -- a6 -- 6e -- -- 33 1a -- -- d5 db e8 87 f3 be -- 38 -- 40 -- -- -- fd -- -- -- 1d -- c5 -- -- 5b 2e 4f 2f -- 91 -- -- f6 -- de 2c b4 -- -- 9b -- -- -- dc -- -- -- -- -- 66 -- 34 -- -- 8c -- -- 7d 23 61 --  7 -- d9  f 31 d0 ab 79 -- 49 70 -- -- -- 80 -- -- 76 -- -- -- -- 2d -- -- d6 -- 63 -- -- 3a -- -- -- 5d -- -- bc -- 2a b6 -- 5c a5 9e 3d 5e -- -- -- f5 b9 -- 15 -- -- 3b -- -- da 6b -- 58 85 bf a9 -- dd -- b0 e1 b7 -- -- -- 6d -- -- 6f 7b -- -- -- -- -- 5a -- -- -- -- cc c6 -- -- 68 ec -- -- -- -- cf d7 -- -- -- -- fa -- 46 -- c2 -- -- bb  e 54 -- -- 65 7a 1e eb 62 9d 77 b8 81 -- f2 -- -- -- 92 74 e0 af -- -- -- -- -- ba 

solutions so far:0 maxDepth:9 
iterations:4977934  skipped: 2 
Depth skipped: 
0 0 2 0 0 0 0 0 0 0 0 0 0 0 0 0 0 0 0 0 0 0 0 0 0 0 0 0 0 0 0 0 

running time: 600 sec
 depth:6
 0  1  2  3  4  5  6  7  8  9  a  b  c  d  e  f 10 11 12 13 14 15 16 17 18 19 1a 1b 1c 1d 1e 1f 20 21 22 23 24 25 26 27 28 29 2a 2b 2c 2d 2e 2f 30 31 32 33 34 35 36 37 38 39 3a 3b 3c 3d 3e 3f 40 41 42 43 44 45 46 47 48 49 4a 4b 4c 4d 4e 4f 50 51 52 53 54 55 56 57 58 59 5a 5b 5c 5d 5e 5f 60 61 62 63 64 65 66 67 68 69 6a 6b 6c 6d 6e 6f 70 71 72 73 74 75 76 77 78 79 7a 7b 7c 7d 7e 7f 80 81 82 83 84 85 86 87 88 89 8a 8b 8c 8d 8e 8f 90 91 92 93 94 95 96 97 98 99 9a 9b 9c 9d 9e 9f a0 a1 a2 a3 a4 a5 a6 a7 a8 a9 aa ab ac ad ae af b0 b1 b2 b3 b4 b5 b6 b7 b8 b9 ba bb bc bd be bf c0 c1 c2 c3 c4 c5 c6 c7 c8 c9 ca cb cc cd ce cf d0 d1 d2 d3 d4 d5 d6 d7 d8 d9 da db dc dd de df e0 e1 e2 e3 e4 e5 e6 e7 e8 e9 ea eb ec ed ee ef f0 f1 f2 f3 f4 f5 f6 f7 f8 f9 fa fb fc fd fe ff 
 0  1  2 3c  4 ee 78 57  8 15  b cd f0 b2 ae -- 10 -- 2a -- 16 -- 4d 83 37 -- b3 -- 8b 18 -- 86 20 -- -- -- 54 a5 -- 53 2c 1a -- -- 9a -- d1 -- 6e -- -- 33 b1 -- -- -- c1 65 30 -- -- -- db -- 40 -- -- -- -- -- -- -- a8 -- 9d -- -- -- a6 4f 58 -- 34 -- -- f6 -- de e3 -- -- -- 75 -- -- -- dc -- -- -- -- -- 66 -- b5 -- -- -- -- -- -- -- 55 -- ca -- 60  f -- ad -- 79 -- -- 61 -- -- -- 80 -- -- 76 -- -- -- -- -- -- -- d6 -- -- -- -- 87 -- -- -- ed -- -- b7 --  6 -- -- 9b c7 9e d0 b0 -- -- -- 68 88 --  3 -- -- 3b -- -- -- 6b -- 11 -- -- -- -- -- -- 22 ea 44 -- -- -- -- -- -- 6f 7b -- -- -- -- -- -- -- -- -- -- cc -- -- -- bd ec -- -- -- -- -- d7 -- -- -- -- -- -- -- -- aa -- -- -- 43  c -- -- c0 77 1e eb -- 59 8d e1 -- -- f2 -- -- -- -- d9 c2 b9 -- -- -- -- --  d 

solutions so far:0 maxDepth:9 
iterations:7345995  skipped: 2 
Depth skipped: 
0 0 2 0 0 0 0 0 0 0 0 0 0 0 0 0 0 0 0 0 0 0 0 0 0 0 0 0 0 0 0 0 

running time: 900 sec
 depth:8
 0  1  2  3  4  5  6  7  8  9  a  b  c  d  e  f 10 11 12 13 14 15 16 17 18 19 1a 1b 1c 1d 1e 1f 20 21 22 23 24 25 26 27 28 29 2a 2b 2c 2d 2e 2f 30 31 32 33 34 35 36 37 38 39 3a 3b 3c 3d 3e 3f 40 41 42 43 44 45 46 47 48 49 4a 4b 4c 4d 4e 4f 50 51 52 53 54 55 56 57 58 59 5a 5b 5c 5d 5e 5f 60 61 62 63 64 65 66 67 68 69 6a 6b 6c 6d 6e 6f 70 71 72 73 74 75 76 77 78 79 7a 7b 7c 7d 7e 7f 80 81 82 83 84 85 86 87 88 89 8a 8b 8c 8d 8e 8f 90 91 92 93 94 95 96 97 98 99 9a 9b 9c 9d 9e 9f a0 a1 a2 a3 a4 a5 a6 a7 a8 a9 aa ab ac ad ae af b0 b1 b2 b3 b4 b5 b6 b7 b8 b9 ba bb bc bd be bf c0 c1 c2 c3 c4 c5 c6 c7 c8 c9 ca cb cc cd ce cf d0 d1 d2 d3 d4 d5 d6 d7 d8 d9 da db dc dd de df e0 e1 e2 e3 e4 e5 e6 e7 e8 e9 ea eb ec ed ee ef f0 f1 f2 f3 f4 f5 f6 f7 f8 f9 fa fb fc fd fe ff 
 0  1  2 3c  4 e5 78 ac  8 28 1d a8 f0 53 8f e3 10 31 50 -- 3a -- 87 51 37 -- a6 -- c9 7f 11 29 20 -- 62 -- a0 38 -- e9 74 2e -- -- d9 -- a2 -- 6e -- -- 33 9b -- -- c7 45 4a fe cd 22 -- 52 -- 40 -- -- -- c4 -- -- -- 97 -- 70 -- -- 49  5 4f e8 -- 5c -- -- f6 -- de 65 ab -- -- 93 -- -- -- dc -- -- -- -- -- 66 -- e1 -- -- b5 -- -- 59 b3 8a -- 94 -- 2b  f 4d 2a 44 79 -- ad a4 -- -- -- 80 -- -- 76 -- -- -- -- 5f -- -- d6 -- 8c -- -- f9 -- -- -- e0 -- --  e -- 6a 92 --  a 61 9e a7  7 -- -- -- b8 db -- 35 -- -- 3b -- -- 46 6b -- ca 7d 81 d5 -- fa -- 43 f1 86 -- -- -- 23 -- -- 6f 7b -- -- -- -- -- be -- -- -- -- cc cf -- -- 15 ec -- -- -- -- bd d7 -- -- -- -- b2 -- b1 -- c3 -- -- f3 ff d4 -- -- 56 99 1e eb 9a c2 54 14 88 -- f2 -- -- -- 8d 25 9f 1c -- -- -- -- -- 17 

solutions so far:0 maxDepth:9 
iterations:9920170  skipped: 4 
Depth skipped: 
0 0 4 0 0 0 0 0 0 0 0 0 0 0 0 0 0 0 0 0 0 0 0 0 0 0 0 0 0 0 0 0 

running time: 1200 sec
 depth:7
 0  1  2  3  4  5  6  7  8  9  a  b  c  d  e  f 10 11 12 13 14 15 16 17 18 19 1a 1b 1c 1d 1e 1f 20 21 22 23 24 25 26 27 28 29 2a 2b 2c 2d 2e 2f 30 31 32 33 34 35 36 37 38 39 3a 3b 3c 3d 3e 3f 40 41 42 43 44 45 46 47 48 49 4a 4b 4c 4d 4e 4f 50 51 52 53 54 55 56 57 58 59 5a 5b 5c 5d 5e 5f 60 61 62 63 64 65 66 67 68 69 6a 6b 6c 6d 6e 6f 70 71 72 73 74 75 76 77 78 79 7a 7b 7c 7d 7e 7f 80 81 82 83 84 85 86 87 88 89 8a 8b 8c 8d 8e 8f 90 91 92 93 94 95 96 97 98 99 9a 9b 9c 9d 9e 9f a0 a1 a2 a3 a4 a5 a6 a7 a8 a9 aa ab ac ad ae af b0 b1 b2 b3 b4 b5 b6 b7 b8 b9 ba bb bc bd be bf c0 c1 c2 c3 c4 c5 c6 c7 c8 c9 ca cb cc cd ce cf d0 d1 d2 d3 d4 d5 d6 d7 d8 d9 da db dc dd de df e0 e1 e2 e3 e4 e5 e6 e7 e8 e9 ea eb ec ed ee ef f0 f1 f2 f3 f4 f5 f6 f7 f8 f9 fa fb fc fd fe ff 
 0  1  2 3c  4 e1 78 e6  8 ff 15 f4 f0 5d 1b 8c 10 -- 29 -- 2a -- 3f ce 37 -- ba -- 36 df cf 28 20 -- -- -- 52 ca -- f9 54 61 -- -- 7e -- 4b -- 6e -- -- 33 a3 -- -- 31 6c  5 69 fa 49 -- 50 -- 40 -- -- -- -- -- -- -- a4 -- 43 -- -- -- 25 4f a8 -- c2 -- -- f6 -- de fc -- -- -- 96 -- -- -- dc -- -- -- -- -- 66 -- 91 -- -- ab -- -- 62 5f d8 --  a -- d2  f 23 3d 92 79 -- d5 a0 -- -- -- 80 -- -- 76 -- -- -- -- -- -- -- d6 -- -- -- -- 9f -- -- -- 86 -- -- d9 -- 42 -- -- 4a 89 9e a6 87 -- -- -- 53 af -- 21 -- -- 3b -- -- -- 6b -- 2f -- -- -- -- -- -- 5e fb bc -- -- -- -- -- -- 6f 7b -- -- -- -- -- -- -- -- -- -- cc -- -- -- f5 ec -- -- -- -- 81 d7 -- -- -- -- c4 -- be -- 67 -- -- -- 14 84 -- -- 73 9b 1e eb 46 c5 7a 94 f3 -- f2 -- -- -- 7d e9 97 65 -- -- -- -- -- db 

solutions so far:0 maxDepth:9 
iterations:11956988  skipped: 4 
Depth skipped: 
0 0 4 0 0 0 0 0 0 0 0 0 0 0 0 0 0 0 0 0 0 0 0 0 0 0 0 0 0 0 0 0 

running time: 1500 sec
 depth:5
 0  1  2  3  4  5  6  7  8  9  a  b  c  d  e  f 10 11 12 13 14 15 16 17 18 19 1a 1b 1c 1d 1e 1f 20 21 22 23 24 25 26 27 28 29 2a 2b 2c 2d 2e 2f 30 31 32 33 34 35 36 37 38 39 3a 3b 3c 3d 3e 3f 40 41 42 43 44 45 46 47 48 49 4a 4b 4c 4d 4e 4f 50 51 52 53 54 55 56 57 58 59 5a 5b 5c 5d 5e 5f 60 61 62 63 64 65 66 67 68 69 6a 6b 6c 6d 6e 6f 70 71 72 73 74 75 76 77 78 79 7a 7b 7c 7d 7e 7f 80 81 82 83 84 85 86 87 88 89 8a 8b 8c 8d 8e 8f 90 91 92 93 94 95 96 97 98 99 9a 9b 9c 9d 9e 9f a0 a1 a2 a3 a4 a5 a6 a7 a8 a9 aa ab ac ad ae af b0 b1 b2 b3 b4 b5 b6 b7 b8 b9 ba bb bc bd be bf c0 c1 c2 c3 c4 c5 c6 c7 c8 c9 ca cb cc cd ce cf d0 d1 d2 d3 d4 d5 d6 d7 d8 d9 da db dc dd de df e0 e1 e2 e3 e4 e5 e6 e7 e8 e9 ea eb ec ed ee ef f0 f1 f2 f3 f4 f5 f6 f7 f8 f9 fa fb fc fd fe ff 
 0  1  2 3c  4 d9 78 bd  8 41 65 -- f0 -- ad -- 10 -- 82 -- ca -- -- e3 37 -- -- -- 8d b2 -- e7 20 -- -- -- d3 53 -- c8 43 15 -- -- -- -- 11 -- 6e -- -- 33 -- -- -- -- cd 26 b3 -- -- -- 19 -- 40 -- -- -- -- -- -- -- 71 -- a6 -- -- -- 47 4f 86 -- 2a -- -- f6 -- de -- -- -- -- 22 -- -- -- dc -- -- -- -- -- 66 -- -- -- -- -- -- -- -- -- 4d -- 4c -- b1  f -- -- -- 79 -- -- 32 -- -- -- 80 -- -- 76 -- -- -- -- -- -- -- d6 -- -- -- -- e2 -- -- -- 9b -- -- 61 -- c7 -- -- 8e -- 9e a8 db -- -- -- 54 -- -- 88 -- -- 3b -- -- -- 6b -- -- -- -- -- -- -- -- -- 44 -- -- -- -- -- -- -- 6f 7b -- -- -- -- -- -- -- -- -- -- cc -- -- -- -- ec -- -- -- -- -- d7 -- -- -- -- -- -- -- -- 9a -- -- -- 98 59 -- -- b5 87 1e eb -- -- -- cb -- -- f2 -- -- -- -- 13 64 c2 -- -- -- -- -- e1 

solutions so far:0 maxDepth:10 
iterations:14111047  skipped: 6 
Depth skipped: 
0 0 6 0 0 0 0 0 0 0 0 0 0 0 0 0 0 0 0 0 0 0 0 0 0 0 0 0 0 0 0 0 

running time: 1800 sec
 depth:7
 0  1  2  3  4  5  6  7  8  9  a  b  c  d  e  f 10 11 12 13 14 15 16 17 18 19 1a 1b 1c 1d 1e 1f 20 21 22 23 24 25 26 27 28 29 2a 2b 2c 2d 2e 2f 30 31 32 33 34 35 36 37 38 39 3a 3b 3c 3d 3e 3f 40 41 42 43 44 45 46 47 48 49 4a 4b 4c 4d 4e 4f 50 51 52 53 54 55 56 57 58 59 5a 5b 5c 5d 5e 5f 60 61 62 63 64 65 66 67 68 69 6a 6b 6c 6d 6e 6f 70 71 72 73 74 75 76 77 78 79 7a 7b 7c 7d 7e 7f 80 81 82 83 84 85 86 87 88 89 8a 8b 8c 8d 8e 8f 90 91 92 93 94 95 96 97 98 99 9a 9b 9c 9d 9e 9f a0 a1 a2 a3 a4 a5 a6 a7 a8 a9 aa ab ac ad ae af b0 b1 b2 b3 b4 b5 b6 b7 b8 b9 ba bb bc bd be bf c0 c1 c2 c3 c4 c5 c6 c7 c8 c9 ca cb cc cd ce cf d0 d1 d2 d3 d4 d5 d6 d7 d8 d9 da db dc dd de df e0 e1 e2 e3 e4 e5 e6 e7 e8 e9 ea eb ec ed ee ef f0 f1 f2 f3 f4 f5 f6 f7 f8 f9 fa fb fc fd fe ff 
 0  1  2 3c  4 d3 78 f4  8 18 71 77 f0 9d 3f  a 10 -- 30 -- e2 -- ee bc 37 -- ed -- 7e 91 14 aa 20 -- -- -- 60 19 -- ea 13 47 -- --  b -- af -- 6e -- -- 33  d -- -- 97 fc 8b f5 9f 28 -- 83 -- 40 -- -- -- -- -- -- -- c0 -- 32 -- -- --  3 4f 26 -- 8e -- -- f6 -- de 16 -- -- -- 89 -- -- -- dc -- -- -- -- -- 66 -- 1a -- -- ff -- -- f9 4a 2f -- c1 -- 3d  f e9 68 50 79 -- 52 d1 -- -- -- 80 -- -- 76 -- -- -- -- -- -- -- d6 -- -- -- -- 57 -- -- -- 64 -- -- 98 -- ba -- --  6 b9 9e 41 4c -- -- -- cb b7 -- 5d -- -- 3b -- -- -- 6b -- 2c -- -- -- -- -- -- 58 c5 b0 -- -- -- -- -- -- 6f 7b -- -- -- -- -- -- -- -- -- -- cc -- -- -- 34 ec -- -- -- -- 29 d7 -- -- -- -- 25 -- 94 -- 5e -- -- -- 55 a3 -- -- 7a 82 1e eb  5 a5 d0  c a0 -- f2 -- -- -- a4 ae 75 e7 -- -- -- -- -- c8 

solutions so far:0 maxDepth:10 
iterations:16637166  skipped: 6 
Depth skipped: 
0 0 6 0 0 0 0 0 0 0 0 0 0 0 0 0 0 0 0 0 0 0 0 0 0 0 0 0 0 0 0 0 

running time: 2100 sec
 depth:7
 0  1  2  3  4  5  6  7  8  9  a  b  c  d  e  f 10 11 12 13 14 15 16 17 18 19 1a 1b 1c 1d 1e 1f 20 21 22 23 24 25 26 27 28 29 2a 2b 2c 2d 2e 2f 30 31 32 33 34 35 36 37 38 39 3a 3b 3c 3d 3e 3f 40 41 42 43 44 45 46 47 48 49 4a 4b 4c 4d 4e 4f 50 51 52 53 54 55 56 57 58 59 5a 5b 5c 5d 5e 5f 60 61 62 63 64 65 66 67 68 69 6a 6b 6c 6d 6e 6f 70 71 72 73 74 75 76 77 78 79 7a 7b 7c 7d 7e 7f 80 81 82 83 84 85 86 87 88 89 8a 8b 8c 8d 8e 8f 90 91 92 93 94 95 96 97 98 99 9a 9b 9c 9d 9e 9f a0 a1 a2 a3 a4 a5 a6 a7 a8 a9 aa ab ac ad ae af b0 b1 b2 b3 b4 b5 b6 b7 b8 b9 ba bb bc bd be bf c0 c1 c2 c3 c4 c5 c6 c7 c8 c9 ca cb cc cd ce cf d0 d1 d2 d3 d4 d5 d6 d7 d8 d9 da db dc dd de df e0 e1 e2 e3 e4 e5 e6 e7 e8 e9 ea eb ec ed ee ef f0 f1 f2 f3 f4 f5 f6 f7 f8 f9 fa fb fc fd fe ff 
 0  1  2 3c  4 d0 78 57  8 45 77 8d f0 59 ae 84 10 -- 8a -- ee -- cd 83 37 -- b2 -- 8b 18 df d4 20 -- -- -- c3 b7 -- 56  b ed -- -- 4d -- d1 -- 6e -- -- 33 b3 -- -- e6 c1 f1 30 fb 69 -- 7f -- 40 -- -- -- -- -- -- -- 51 -- b9 -- -- -- ac 4f 16 --  d -- -- f6 -- de 9a -- -- -- 75 -- -- -- dc -- -- -- -- -- 66 -- b1 -- -- 67 -- -- 1b 6c 55 -- 35 -- 60  f 21 bd d2 79 -- 4b fe -- -- -- 80 -- -- 76 -- -- -- -- -- -- -- d6 -- -- -- -- a2 -- -- -- a5 -- -- 58 --  6 -- -- 8f 88 9e 34 2c -- -- -- 1a 44 --  3 -- -- 3b -- -- -- 6b -- e3 -- -- -- -- -- -- 11 ea 22 -- -- -- -- -- -- 6f 7b -- -- -- -- -- -- -- -- -- -- cc -- -- -- b5 ec -- -- -- -- ce d7 -- -- -- -- 36 -- d8 -- aa -- -- -- 6a  c -- -- c0 68 1e eb 42 c7 ad c9 73 -- f2 -- -- -- 96 93 2b b0 -- -- -- -- -- 9d 

solutions so far:0 maxDepth:10 
iterations:18508481  skipped: 7 
Depth skipped: 
0 0 7 0 0 0 0 0 0 0 0 0 0 0 0 0 0 0 0 0 0 0 0 0 0 0 0 0 0 0 0 0 

running time: 2400 sec
 depth:7
 0  1  2  3  4  5  6  7  8  9  a  b  c  d  e  f 10 11 12 13 14 15 16 17 18 19 1a 1b 1c 1d 1e 1f 20 21 22 23 24 25 26 27 28 29 2a 2b 2c 2d 2e 2f 30 31 32 33 34 35 36 37 38 39 3a 3b 3c 3d 3e 3f 40 41 42 43 44 45 46 47 48 49 4a 4b 4c 4d 4e 4f 50 51 52 53 54 55 56 57 58 59 5a 5b 5c 5d 5e 5f 60 61 62 63 64 65 66 67 68 69 6a 6b 6c 6d 6e 6f 70 71 72 73 74 75 76 77 78 79 7a 7b 7c 7d 7e 7f 80 81 82 83 84 85 86 87 88 89 8a 8b 8c 8d 8e 8f 90 91 92 93 94 95 96 97 98 99 9a 9b 9c 9d 9e 9f a0 a1 a2 a3 a4 a5 a6 a7 a8 a9 aa ab ac ad ae af b0 b1 b2 b3 b4 b5 b6 b7 b8 b9 ba bb bc bd be bf c0 c1 c2 c3 c4 c5 c6 c7 c8 c9 ca cb cc cd ce cf d0 d1 d2 d3 d4 d5 d6 d7 d8 d9 da db dc dd de df e0 e1 e2 e3 e4 e5 e6 e7 e8 e9 ea eb ec ed ee ef f0 f1 f2 f3 f4 f5 f6 f7 f8 f9 fa fb fc fd fe ff 
 0  1  2 3c  4 c9 78 60  8 ca 45 71 f0 c8 c0 c5 10 -- 43 -- 8a -- e2 55 37 -- 47 -- 57  6 5d e1 20 -- -- -- 86 35 -- a8 c3 fe -- -- 13 -- aa -- 6e -- -- 33 8e -- -- f5 ae 53  c bc ba -- 15 -- 40 -- -- -- -- -- -- -- db -- 6a -- -- -- 87 4f 51 -- 2b -- -- f6 -- de 26 -- -- -- 83 -- -- -- dc -- -- -- -- -- 66 -- cb -- -- 7e -- -- 3d f4 8b -- a6 -- 18  f af 82 a3 79 -- 2f 2a -- -- -- 80 -- -- 76 -- -- -- -- -- -- -- d6 -- -- -- -- 61 -- -- -- d4 -- -- 93 -- ea -- -- d9 32 9e ac a2 -- -- -- 56 19 -- 75 -- -- 3b -- -- -- 6b -- 4c -- -- -- -- -- -- 98 d1 e7 -- -- -- -- -- -- 6f 7b -- -- -- -- -- -- -- -- -- -- cc -- -- -- 41 ec -- -- -- -- fc d7 -- -- -- -- 7a -- 3f -- c1 -- -- -- 9b  3 -- -- 30 8f 1e eb 89 64 d3 65 91 -- f2 -- -- -- 5e c2 54 f1 -- -- -- -- -- 7f 

solutions so far:0 maxDepth:10 
iterations:21441995  skipped: 8 
Depth skipped: 
0 0 8 0 0 0 0 0 0 0 0 0 0 0 0 0 0 0 0 0 0 0 0 0 0 0 0 0 0 0 0 0 

running time: 2700 sec
 depth:6
 0  1  2  3  4  5  6  7  8  9  a  b  c  d  e  f 10 11 12 13 14 15 16 17 18 19 1a 1b 1c 1d 1e 1f 20 21 22 23 24 25 26 27 28 29 2a 2b 2c 2d 2e 2f 30 31 32 33 34 35 36 37 38 39 3a 3b 3c 3d 3e 3f 40 41 42 43 44 45 46 47 48 49 4a 4b 4c 4d 4e 4f 50 51 52 53 54 55 56 57 58 59 5a 5b 5c 5d 5e 5f 60 61 62 63 64 65 66 67 68 69 6a 6b 6c 6d 6e 6f 70 71 72 73 74 75 76 77 78 79 7a 7b 7c 7d 7e 7f 80 81 82 83 84 85 86 87 88 89 8a 8b 8c 8d 8e 8f 90 91 92 93 94 95 96 97 98 99 9a 9b 9c 9d 9e 9f a0 a1 a2 a3 a4 a5 a6 a7 a8 a9 aa ab ac ad ae af b0 b1 b2 b3 b4 b5 b6 b7 b8 b9 ba bb bc bd be bf c0 c1 c2 c3 c4 c5 c6 c7 c8 c9 ca cb cc cd ce cf d0 d1 d2 d3 d4 d5 d6 d7 d8 d9 da db dc dd de df e0 e1 e2 e3 e4 e5 e6 e7 e8 e9 ea eb ec ed ee ef f0 f1 f2 f3 f4 f5 f6 f7 f8 f9 fa fb fc fd fe ff 
 0  1  2 3c  4 c4 78 84  8 45 5f 90 f0 4e df -- 10 -- 8a -- be -- f7 1b 37 -- 9c -- 69 96 -- d4 20 -- -- -- c3 23 -- 56 ab 49 -- -- 39 -- 36 -- 6e -- -- 33 ef -- -- -- d2 f1 fb -- -- -- 7f -- 40 -- -- -- -- -- -- -- 51 -- 46 -- -- -- ac 4f 81 -- 92 -- -- f6 -- de 72 -- -- -- 6c -- -- -- dc -- -- -- -- -- 66 --  9 -- -- -- -- -- -- -- 73 -- 35 -- 21  f -- 24 -- 79 -- -- fe -- -- -- 80 -- -- 76 -- -- -- -- -- -- -- d6 -- -- -- -- a2 -- -- -- 8c -- -- 7d -- ce -- -- 8f f8 9e 31 d5 -- -- -- f3 7c -- 67 -- -- 3b -- -- -- 6b -- e4 -- -- -- -- -- -- 1f d8 3e -- -- -- -- -- -- 6f 7b -- -- -- -- -- -- -- -- -- -- cc -- -- -- 12 ec -- -- -- -- -- d7 -- -- -- -- -- -- -- -- e6 -- -- -- 6a 4b -- -- 42 62 1e eb -- 27 48 c9 -- -- f2 -- -- -- -- 93 2b fa -- -- -- -- -- cf 

solutions so far:0 maxDepth:10 
iterations:23462985  skipped: 9 
Depth skipped: 
0 0 9 0 0 0 0 0 0 0 0 0 0 0 0 0 0 0 0 0 0 0 0 0 0 0 0 0 0 0 0 0 

running time: 3000 sec
 depth:7
 0  1  2  3  4  5  6  7  8  9  a  b  c  d  e  f 10 11 12 13 14 15 16 17 18 19 1a 1b 1c 1d 1e 1f 20 21 22 23 24 25 26 27 28 29 2a 2b 2c 2d 2e 2f 30 31 32 33 34 35 36 37 38 39 3a 3b 3c 3d 3e 3f 40 41 42 43 44 45 46 47 48 49 4a 4b 4c 4d 4e 4f 50 51 52 53 54 55 56 57 58 59 5a 5b 5c 5d 5e 5f 60 61 62 63 64 65 66 67 68 69 6a 6b 6c 6d 6e 6f 70 71 72 73 74 75 76 77 78 79 7a 7b 7c 7d 7e 7f 80 81 82 83 84 85 86 87 88 89 8a 8b 8c 8d 8e 8f 90 91 92 93 94 95 96 97 98 99 9a 9b 9c 9d 9e 9f a0 a1 a2 a3 a4 a5 a6 a7 a8 a9 aa ab ac ad ae af b0 b1 b2 b3 b4 b5 b6 b7 b8 b9 ba bb bc bd be bf c0 c1 c2 c3 c4 c5 c6 c7 c8 c9 ca cb cc cd ce cf d0 d1 d2 d3 d4 d5 d6 d7 d8 d9 da db dc dd de df e0 e1 e2 e3 e4 e5 e6 e7 e8 e9 ea eb ec ed ee ef f0 f1 f2 f3 f4 f5 f6 f7 f8 f9 fa fb fc fd fe ff 
 0  1  2 3c  4 bc 78 49  8 2b af 64 f0 13 92 ee 10 -- 56 -- 89 -- c8 5f 37 -- 26 -- f3 23  b a2 20 -- -- -- ac f5 -- 6a c5 3f -- -- 47 -- be -- 6e -- -- 33 4c -- -- b0 31 8a 46 68 16 -- 93 -- 40 -- -- -- -- -- -- -- 8f -- 3d -- -- -- d4 4f 5d -- 7e -- -- f6 -- de 8e -- -- -- ab -- -- -- dc -- -- -- -- -- 66 -- 98 -- -- ed -- -- b7 a5 62 -- c3 -- 8c  f d0 19 2c 79 -- 1a f1 -- -- -- 80 -- -- 76 -- -- -- -- -- -- -- d6 -- -- -- -- c9 -- -- -- 7a -- -- a3 -- 7d -- -- 7f 71 9e 2f ba -- -- -- fc d3 -- d5 -- -- 3b -- -- -- 6b -- cb -- -- -- -- -- -- 41 81 82 -- -- -- -- -- -- 6f 7b -- -- -- -- -- -- -- -- -- -- cc -- -- -- e7 ec -- -- -- --  d d7 -- -- -- -- b9 -- 9d -- c4 -- -- -- 51 fa -- -- cf 5e 1e eb 77 e2 32 fe 58 -- f2 -- -- -- 34 45 35 91 -- -- -- -- -- f4 

solutions so far:0 maxDepth:10 
iterations:26515232  skipped: 10 
Depth skipped: 
0 0 10 0 0 0 0 0 0 0 0 0 0 0 0 0 0 0 0 0 0 0 0 0 0 0 0 0 0 0 0 0 

running time: 3300 sec
 depth:6
 0  1  2  3  4  5  6  7  8  9  a  b  c  d  e  f 10 11 12 13 14 15 16 17 18 19 1a 1b 1c 1d 1e 1f 20 21 22 23 24 25 26 27 28 29 2a 2b 2c 2d 2e 2f 30 31 32 33 34 35 36 37 38 39 3a 3b 3c 3d 3e 3f 40 41 42 43 44 45 46 47 48 49 4a 4b 4c 4d 4e 4f 50 51 52 53 54 55 56 57 58 59 5a 5b 5c 5d 5e 5f 60 61 62 63 64 65 66 67 68 69 6a 6b 6c 6d 6e 6f 70 71 72 73 74 75 76 77 78 79 7a 7b 7c 7d 7e 7f 80 81 82 83 84 85 86 87 88 89 8a 8b 8c 8d 8e 8f 90 91 92 93 94 95 96 97 98 99 9a 9b 9c 9d 9e 9f a0 a1 a2 a3 a4 a5 a6 a7 a8 a9 aa ab ac ad ae af b0 b1 b2 b3 b4 b5 b6 b7 b8 b9 ba bb bc bd be bf c0 c1 c2 c3 c4 c5 c6 c7 c8 c9 ca cb cc cd ce cf d0 d1 d2 d3 d4 d5 d6 d7 d8 d9 da db dc dd de df e0 e1 e2 e3 e4 e5 e6 e7 e8 e9 ea eb ec ed ee ef f0 f1 f2 f3 f4 f5 f6 f7 f8 f9 fa fb fc fd fe ff 
 0  1  2 3c  4 b7 78 8c  8 ca b9 ea f0 8b cf -- 10 -- 43 -- a5 --  3 62 37 -- c1 -- 49 7d -- e1 20 -- -- -- 86 68 -- a8 9d  b -- --  6 -- c4 -- 6e -- -- 33 55 -- -- -- 92 53 fa -- -- -- 15 -- 40 -- -- -- -- -- -- -- db -- d0 -- -- -- 87 4f ed -- 16 -- -- f6 -- de  c -- -- -- 5f -- -- -- dc -- -- -- -- -- 66 -- aa -- -- -- -- -- -- -- f3 -- a6 -- 23  f -- d1 -- 79 -- -- 2a -- -- -- 80 -- -- 76 -- -- -- -- -- -- -- d6 -- -- -- -- 61 -- -- -- 77 -- -- 1a -- 81 -- -- d9 57 9e 58  d -- -- -- 2c c0 -- ab -- -- 3b -- -- -- 6b -- 18 -- -- -- -- -- -- 30 be 60 -- -- -- -- -- -- 6f 7b -- -- -- -- -- -- -- -- -- -- cc -- -- -- 83 ec -- -- -- -- -- d7 -- -- -- -- -- -- -- -- 31 -- -- -- 9b d5 -- -- 46 b0 1e eb -- ae 75 65 -- -- f2 -- -- -- -- c2 54 34 -- -- -- -- -- ee 

solutions so far:0 maxDepth:10 
iterations:29177538  skipped: 11 
Depth skipped: 
0 0 11 0 0 0 0 0 0 0 0 0 0 0 0 0 0 0 0 0 0 0 0 0 0 0 0 0 0 0 0 0 

running time: 3600 sec
 depth:7
 0  1  2  3  4  5  6  7  8  9  a  b  c  d  e  f 10 11 12 13 14 15 16 17 18 19 1a 1b 1c 1d 1e 1f 20 21 22 23 24 25 26 27 28 29 2a 2b 2c 2d 2e 2f 30 31 32 33 34 35 36 37 38 39 3a 3b 3c 3d 3e 3f 40 41 42 43 44 45 46 47 48 49 4a 4b 4c 4d 4e 4f 50 51 52 53 54 55 56 57 58 59 5a 5b 5c 5d 5e 5f 60 61 62 63 64 65 66 67 68 69 6a 6b 6c 6d 6e 6f 70 71 72 73 74 75 76 77 78 79 7a 7b 7c 7d 7e 7f 80 81 82 83 84 85 86 87 88 89 8a 8b 8c 8d 8e 8f 90 91 92 93 94 95 96 97 98 99 9a 9b 9c 9d 9e 9f a0 a1 a2 a3 a4 a5 a6 a7 a8 a9 aa ab ac ad ae af b0 b1 b2 b3 b4 b5 b6 b7 b8 b9 ba bb bc bd be bf c0 c1 c2 c3 c4 c5 c6 c7 c8 c9 ca cb cc cd ce cf d0 d1 d2 d3 d4 d5 d6 d7 d8 d9 da db dc dd de df e0 e1 e2 e3 e4 e5 e6 e7 e8 e9 ea eb ec ed ee ef f0 f1 f2 f3 f4 f5 f6 f7 f8 f9 fa fb fc fd fe ff 
 0  1  2 3c  4 b3 78 34  8 e5 b1 13 f0 8e 68 c4 10 -- 1d -- b5 -- 26 16 37 -- cb -- d0 9d 5f 70 20 -- -- -- 3a 9a -- 5c bd 44 -- -- 4c -- 2c -- 6e -- -- 33 41 -- -- d5 77  e ed f3 be -- e0 -- 40 -- -- -- -- -- -- -- 74 -- e3 -- -- -- b8 4f ad -- 88 -- -- f6 -- de 98 -- -- -- 58 -- -- -- dc -- -- -- -- -- 66 -- 82 -- -- 8c -- -- 7d 23 ee -- 1c --  d  f 31 71 ab 79 -- 49 17 -- -- -- 80 -- -- 76 -- -- -- -- -- -- -- d6 -- -- -- -- e8 -- -- -- 11 -- -- cd -- b9 -- -- a7 c8 9e 59 8d -- -- -- c7 64 -- b7 -- -- 3b -- -- -- 6b -- e7 -- -- -- -- -- -- 19 b0 32 -- -- -- -- -- -- 6f 7b -- -- -- -- -- -- -- -- -- -- cc -- -- -- d3 ec -- -- -- -- cf d7 -- -- -- -- fa -- 46 --  b -- -- -- 38 a5 -- -- 1a b2 1e eb 62 47 e2 99 81 -- f2 -- -- -- 92  7 2e 4d -- -- -- -- -- 22 

solutions so far:0 maxDepth:10 
iterations:31506602  skipped: 11 
Depth skipped: 
0 0 11 0 0 0 0 0 0 0 0 0 0 0 0 0 0 0 0 0 0 0 0 0 0 0 0 0 0 0 0 0 

running time: 3900 sec
 depth:7
 0  1  2  3  4  5  6  7  8  9  a  b  c  d  e  f 10 11 12 13 14 15 16 17 18 19 1a 1b 1c 1d 1e 1f 20 21 22 23 24 25 26 27 28 29 2a 2b 2c 2d 2e 2f 30 31 32 33 34 35 36 37 38 39 3a 3b 3c 3d 3e 3f 40 41 42 43 44 45 46 47 48 49 4a 4b 4c 4d 4e 4f 50 51 52 53 54 55 56 57 58 59 5a 5b 5c 5d 5e 5f 60 61 62 63 64 65 66 67 68 69 6a 6b 6c 6d 6e 6f 70 71 72 73 74 75 76 77 78 79 7a 7b 7c 7d 7e 7f 80 81 82 83 84 85 86 87 88 89 8a 8b 8c 8d 8e 8f 90 91 92 93 94 95 96 97 98 99 9a 9b 9c 9d 9e 9f a0 a1 a2 a3 a4 a5 a6 a7 a8 a9 aa ab ac ad ae af b0 b1 b2 b3 b4 b5 b6 b7 b8 b9 ba bb bc bd be bf c0 c1 c2 c3 c4 c5 c6 c7 c8 c9 ca cb cc cd ce cf d0 d1 d2 d3 d4 d5 d6 d7 d8 d9 da db dc dd de df e0 e1 e2 e3 e4 e5 e6 e7 e8 e9 ea eb ec ed ee ef f0 f1 f2 f3 f4 f5 f6 f7 f8 f9 fa fb fc fd fe ff 
 0  1  2 3c  4 ab 78 d8  8 8e 81 a1 f0 6d 67 1c 10 -- cb -- d5 -- 95 21 37 -- da -- ce e6 38 4c 20 -- -- -- 41 cf -- 32 7d 31 -- -- fd -- 42 -- 6e -- -- 33 63 -- -- 2e 4b e2 1b e8 70 -- 98 -- 40 -- -- -- -- -- -- -- 82 -- 49 -- -- -- 64 4f fa -- 62 -- -- f6 -- de 2d -- -- -- 84 -- -- -- dc -- -- -- -- -- 66 -- c6 -- -- e5 -- -- 5c a7 96 -- 13 -- 36  f  7 b6 e0 79 -- 3a e7 -- -- -- 80 -- -- 76 -- -- -- -- -- -- -- d6 -- -- -- -- d3 -- -- -- 92 -- -- 46 -- d2 -- -- c8 85 9e 5f 23 -- -- -- c4 a9 -- 69 -- -- 3b -- -- -- 6b -- 5a -- -- -- -- -- -- b4 df bf -- -- -- -- -- -- 6f 7b -- -- -- -- -- -- -- -- -- -- cc -- -- -- 5b ec -- -- -- -- 1d d7 -- -- -- -- b8 -- 99 -- fb -- -- -- 26 73 -- -- 6c be 1e eb  e dd bb 47 17 -- f2 -- -- -- 74 71 19 8c -- -- -- -- -- f3 

solutions so far:0 maxDepth:10 
iterations:35254232  skipped: 13 
Depth skipped: 
0 0 13 0 0 0 0 0 0 0 0 0 0 0 0 0 0 0 0 0 0 0 0 0 0 0 0 0 0 0 0 0 

running time: 4200 sec
 depth:5
 0  1  2  3  4  5  6  7  8  9  a  b  c  d  e  f 10 11 12 13 14 15 16 17 18 19 1a 1b 1c 1d 1e 1f 20 21 22 23 24 25 26 27 28 29 2a 2b 2c 2d 2e 2f 30 31 32 33 34 35 36 37 38 39 3a 3b 3c 3d 3e 3f 40 41 42 43 44 45 46 47 48 49 4a 4b 4c 4d 4e 4f 50 51 52 53 54 55 56 57 58 59 5a 5b 5c 5d 5e 5f 60 61 62 63 64 65 66 67 68 69 6a 6b 6c 6d 6e 6f 70 71 72 73 74 75 76 77 78 79 7a 7b 7c 7d 7e 7f 80 81 82 83 84 85 86 87 88 89 8a 8b 8c 8d 8e 8f 90 91 92 93 94 95 96 97 98 99 9a 9b 9c 9d 9e 9f a0 a1 a2 a3 a4 a5 a6 a7 a8 a9 aa ab ac ad ae af b0 b1 b2 b3 b4 b5 b6 b7 b8 b9 ba bb bc bd be bf c0 c1 c2 c3 c4 c5 c6 c7 c8 c9 ca cb cc cd ce cf d0 d1 d2 d3 d4 d5 d6 d7 d8 d9 da db dc dd de df e0 e1 e2 e3 e4 e5 e6 e7 e8 e9 ea eb ec ed ee ef f0 f1 f2 f3 f4 f5 f6 f7 f8 f9 fa fb fc fd fe ff 
 0  1  2 3c  4 a3 78 5f  8 ef 91 -- f0 -- be -- 10 --  9 -- f5 -- -- fa 37 -- -- -- ab f3 -- e4 20 -- -- -- 12 fc -- f8 3d af -- -- -- -- 23 -- 6e -- -- 33 -- -- -- -- 81 f7 31 -- -- -- 1f -- 40 -- -- -- -- -- -- -- 24 -- 2f -- -- -- 27 4f 7a -- 89 -- -- f6 -- de -- -- -- -- 46 -- -- -- dc -- -- -- -- -- 66 -- -- -- -- -- -- -- -- -- d5 -- 39 -- 62  f -- -- -- 79 -- -- 3e -- -- -- 80 -- -- 76 -- -- -- -- -- -- -- d6 -- -- -- -- 48 -- -- -- 5e -- -- 3f -- 49 -- -- 4e -- 9e 5d f4 -- -- -- c5 -- -- cf -- -- 3b -- -- -- 6b -- -- -- -- -- -- -- -- -- 8c -- -- -- -- -- -- -- 6f 7b -- -- -- -- -- -- -- -- -- -- cc -- -- -- -- ec -- -- -- -- -- d7 -- -- -- -- -- -- -- -- 7d -- -- -- 72 92 -- -- c4 ba 1e eb -- -- -- 9c -- -- f2 -- -- -- -- 90 7c 7e -- -- -- -- -- bc 

solutions so far:0 maxDepth:10 
iterations:38548701  skipped: 15 
Depth skipped: 
0 0 15 0 0 0 0 0 0 0 0 0 0 0 0 0 0 0 0 0 0 0 0 0 0 0 0 0 0 0 0 0 

running time: 4500 sec
 depth:6
 0  1  2  3  4  5  6  7  8  9  a  b  c  d  e  f 10 11 12 13 14 15 16 17 18 19 1a 1b 1c 1d 1e 1f 20 21 22 23 24 25 26 27 28 29 2a 2b 2c 2d 2e 2f 30 31 32 33 34 35 36 37 38 39 3a 3b 3c 3d 3e 3f 40 41 42 43 44 45 46 47 48 49 4a 4b 4c 4d 4e 4f 50 51 52 53 54 55 56 57 58 59 5a 5b 5c 5d 5e 5f 60 61 62 63 64 65 66 67 68 69 6a 6b 6c 6d 6e 6f 70 71 72 73 74 75 76 77 78 79 7a 7b 7c 7d 7e 7f 80 81 82 83 84 85 86 87 88 89 8a 8b 8c 8d 8e 8f 90 91 92 93 94 95 96 97 98 99 9a 9b 9c 9d 9e 9f a0 a1 a2 a3 a4 a5 a6 a7 a8 a9 aa ab ac ad ae af b0 b1 b2 b3 b4 b5 b6 b7 b8 b9 ba bb bc bd be bf c0 c1 c2 c3 c4 c5 c6 c7 c8 c9 ca cb cc cd ce cf d0 d1 d2 d3 d4 d5 d6 d7 d8 d9 da db dc dd de df e0 e1 e2 e3 e4 e5 e6 e7 e8 e9 ea eb ec ed ee ef f0 f1 f2 f3 f4 f5 f6 f7 f8 f9 fa fb fc fd fe ff 
 0  1  2 3c  4 9b 78 c3  8  6 e1 d0 f0 a5 51 -- 10 --  c -- 15 -- 77 6a 37 -- 9d -- a2 8f -- c1 20 -- -- -- 18 65 -- d1 2a db -- -- ee -- d4 -- 6e -- -- 33 ed -- -- -- 93 57 c9 -- -- -- 55 -- 40 -- -- -- -- -- -- -- 30 -- ca -- -- -- 75 4f 54 -- 61 -- -- f6 -- de  b -- -- -- 7f -- -- -- dc -- -- -- -- -- 66 --  d -- -- -- -- -- -- -- f1 -- ae -- 45  f -- 34 -- 79 -- -- aa -- -- -- 80 -- -- 76 -- -- -- -- -- -- -- d6 -- -- -- -- 60 -- -- -- 43 -- -- 87 -- 56 -- -- ea b7 9e 53 a8 -- -- -- c2 b0 -- 2b -- -- 3b -- -- -- 6b -- 16 -- -- -- -- -- -- 2c fe 58 -- -- -- -- -- -- 6f 7b -- -- -- -- -- -- -- -- -- -- cc -- -- -- 1a ec -- -- -- -- -- d7 -- -- -- -- -- -- -- -- 35 -- -- -- 8b ac -- -- 8a a6 1e eb -- b9 68  3 -- -- f2 -- -- -- -- c0 83 d9 -- -- -- -- -- 86 

solutions so far:0 maxDepth:10 
iterations:41885899  skipped: 16 
Depth skipped: 
0 0 16 0 0 0 0 0 0 0 0 0 0 0 0 0 0 0 0 0 0 0 0 0 0 0 0 0 0 0 0 0 

running time: 4800 sec
 depth:7
 0  1  2  3  4  5  6  7  8  9  a  b  c  d  e  f 10 11 12 13 14 15 16 17 18 19 1a 1b 1c 1d 1e 1f 20 21 22 23 24 25 26 27 28 29 2a 2b 2c 2d 2e 2f 30 31 32 33 34 35 36 37 38 39 3a 3b 3c 3d 3e 3f 40 41 42 43 44 45 46 47 48 49 4a 4b 4c 4d 4e 4f 50 51 52 53 54 55 56 57 58 59 5a 5b 5c 5d 5e 5f 60 61 62 63 64 65 66 67 68 69 6a 6b 6c 6d 6e 6f 70 71 72 73 74 75 76 77 78 79 7a 7b 7c 7d 7e 7f 80 81 82 83 84 85 86 87 88 89 8a 8b 8c 8d 8e 8f 90 91 92 93 94 95 96 97 98 99 9a 9b 9c 9d 9e 9f a0 a1 a2 a3 a4 a5 a6 a7 a8 a9 aa ab ac ad ae af b0 b1 b2 b3 b4 b5 b6 b7 b8 b9 ba bb bc bd be bf c0 c1 c2 c3 c4 c5 c6 c7 c8 c9 ca cb cc cd ce cf d0 d1 d2 d3 d4 d5 d6 d7 d8 d9 da db dc dd de df e0 e1 e2 e3 e4 e5 e6 e7 e8 e9 ea eb ec ed ee ef f0 f1 f2 f3 f4 f5 f6 f7 f8 f9 fa fb fc fd fe ff 
 0  1  2 3c  4 97 78 42  8 db f9 11 f0 bd 84 64 10 -- 61 -- 25 -- 22 e6 37 -- ad -- df 4b c8 54 20 -- -- -- c2 a4 -- 65 4a  a -- -- 44 -- 1b -- 6e -- -- 33 8d -- -- 41 69 e1 96 e7 47 -- a8 -- 40 -- -- -- -- -- -- -- 53 -- 9f -- -- -- ca 4f 94 -- 14 -- -- f6 -- de 88 -- -- -- 36 -- -- -- dc -- -- -- -- -- 66 -- cd -- -- 13 -- -- 82 71 d2 -- 15 -- fb  f 19 9a 8e 79 -- 4c 87 -- -- -- 80 -- -- 76 -- -- -- -- -- -- -- d6 -- -- -- -- a6 -- -- -- e9 -- -- 29 -- 67 -- -- 43 b1 9e 50 ff -- -- -- 28 b3 -- d8 -- -- 3b -- -- -- 6b -- c7 -- -- -- -- -- -- 59 6c b2 -- -- -- -- -- -- 6f 7b -- -- -- -- -- -- -- -- -- -- cc -- -- -- 4d ec -- -- -- -- 26 d7 -- -- -- -- d3 -- e2 -- 73 -- -- -- 2a ce -- -- 21 a0 1e eb 32 b5 e3 86 cb -- f2 -- -- -- 98 9b d9 52 -- -- -- -- --  5 

solutions so far:0 maxDepth:10 
iterations:44364234  skipped: 17 
Depth skipped: 
0 0 17 0 0 0 0 0 0 0 0 0 0 0 0 0 0 0 0 0 0 0 0 0 0 0 0 0 0 0 0 0 

running time: 5100 sec
 depth:7
 0  1  2  3  4  5  6  7  8  9  a  b  c  d  e  f 10 11 12 13 14 15 16 17 18 19 1a 1b 1c 1d 1e 1f 20 21 22 23 24 25 26 27 28 29 2a 2b 2c 2d 2e 2f 30 31 32 33 34 35 36 37 38 39 3a 3b 3c 3d 3e 3f 40 41 42 43 44 45 46 47 48 49 4a 4b 4c 4d 4e 4f 50 51 52 53 54 55 56 57 58 59 5a 5b 5c 5d 5e 5f 60 61 62 63 64 65 66 67 68 69 6a 6b 6c 6d 6e 6f 70 71 72 73 74 75 76 77 78 79 7a 7b 7c 7d 7e 7f 80 81 82 83 84 85 86 87 88 89 8a 8b 8c 8d 8e 8f 90 91 92 93 94 95 96 97 98 99 9a 9b 9c 9d 9e 9f a0 a1 a2 a3 a4 a5 a6 a7 a8 a9 aa ab ac ad ae af b0 b1 b2 b3 b4 b5 b6 b7 b8 b9 ba bb bc bd be bf c0 c1 c2 c3 c4 c5 c6 c7 c8 c9 ca cb cc cd ce cf d0 d1 d2 d3 d4 d5 d6 d7 d8 d9 da db dc dd de df e0 e1 e2 e3 e4 e5 e6 e7 e8 e9 ea eb ec ed ee ef f0 f1 f2 f3 f4 f5 f6 f7 f8 f9 fa fb fc fd fe ff 
 0  1  2 3c  4 90 78 fc  8 2e f7 98 f0 82 2f c0 10 -- 5c -- 39 -- e7 c5 37 -- d3 -- 5e 7a 57 e8 20 -- -- -- b8 f8 -- 38 72 ef -- -- 19 -- 5d -- 6e -- -- 33 71 -- -- 55 bc 1d f4 18 ae --  7 -- 40 -- -- -- -- -- -- -- a7 -- 27 -- -- -- 70 4f e4 --  9 -- -- f6 -- de 32 -- -- -- ba -- -- -- dc -- -- -- -- -- 66 -- e2 -- -- ea -- -- aa d1 af -- 3a -- 3f  f 30 26 8b 79 --  6  e -- -- -- 80 -- -- 76 -- -- -- -- -- -- -- d6 -- -- -- -- 99 -- -- -- 4e -- -- 3e -- f5 -- -- e0 cb 9e 24 1f -- -- -- 12 8e -- 91 -- -- 3b -- -- -- 6b -- 64 -- -- -- -- -- -- c8 a3 47 -- -- -- -- -- -- 6f 7b -- -- -- -- -- -- -- -- -- -- cc -- -- -- 13 ec -- -- -- --  3 d7 -- -- -- -- 83 -- 75 -- 89 -- -- -- 74 3d -- -- 7e 48 1e eb 60 41 4c 17 c1 -- f2 -- -- --  c e5 1c 7c -- -- -- -- -- 9c 

solutions so far:0 maxDepth:10 
iterations:47300645  skipped: 19 
Depth skipped: 
0 0 19 0 0 0 0 0 0 0 0 0 0 0 0 0 0 0 0 0 0 0 0 0 0 0 0 0 0 0 0 0 

running time: 5400 sec
 depth:7
 0  1  2  3  4  5  6  7  8  9  a  b  c  d  e  f 10 11 12 13 14 15 16 17 18 19 1a 1b 1c 1d 1e 1f 20 21 22 23 24 25 26 27 28 29 2a 2b 2c 2d 2e 2f 30 31 32 33 34 35 36 37 38 39 3a 3b 3c 3d 3e 3f 40 41 42 43 44 45 46 47 48 49 4a 4b 4c 4d 4e 4f 50 51 52 53 54 55 56 57 58 59 5a 5b 5c 5d 5e 5f 60 61 62 63 64 65 66 67 68 69 6a 6b 6c 6d 6e 6f 70 71 72 73 74 75 76 77 78 79 7a 7b 7c 7d 7e 7f 80 81 82 83 84 85 86 87 88 89 8a 8b 8c 8d 8e 8f 90 91 92 93 94 95 96 97 98 99 9a 9b 9c 9d 9e 9f a0 a1 a2 a3 a4 a5 a6 a7 a8 a9 aa ab ac ad ae af b0 b1 b2 b3 b4 b5 b6 b7 b8 b9 ba bb bc bd be bf c0 c1 c2 c3 c4 c5 c6 c7 c8 c9 ca cb cc cd ce cf d0 d1 d2 d3 d4 d5 d6 d7 d8 d9 da db dc dd de df e0 e1 e2 e3 e4 e5 e6 e7 e8 e9 ea eb ec ed ee ef f0 f1 f2 f3 f4 f5 f6 f7 f8 f9 fa fb fc fd fe ff 
 0  1  2 3c  4 87 78 cd  8 21 d9 2b f0 93 4d c8 10 -- 42 -- 65 -- 56 44 37 -- f1 -- 9a b5 47 36 20 -- -- -- 84 c2 -- ce ca e1 -- -- ac -- 88 -- 6e -- -- 33 35 -- -- 82 e3 73 bd 19 8e -- 6c -- 40 -- -- -- -- -- -- -- df -- 53 -- -- -- 4b 4f 43 -- 15 -- -- f6 -- de 8f -- -- -- c7 -- -- -- dc -- -- -- -- -- 66 -- 6a -- -- 26 -- -- d3 e2 11 -- e6 -- ad  f 32 7f cb 79 -- 98 d8 -- -- -- 80 -- -- 76 -- -- -- -- -- -- -- d6 -- -- -- -- 69 -- -- -- a6 -- -- db -- b3 -- -- 96 51 9e 54 86 -- -- -- 2a c3 -- b2 -- -- 3b -- -- -- 6b -- c9 -- -- -- -- -- -- 45 59 8a -- -- -- -- -- -- 6f 7b -- -- -- -- -- -- -- -- -- -- cc -- -- -- d4 ec -- -- -- -- 4c d7 -- -- -- -- 71 -- 13 -- 22 -- -- -- 1b b1 -- -- 8d a8 1e eb 64 a2 fe fb 41 -- f2 -- -- -- e7 d2 67 61 -- -- -- -- -- 9b 

solutions so far:0 maxDepth:10 
iterations:50975855  skipped: 20 
Depth skipped: 
0 0 20 0 0 0 0 0 0 0 0 0 0 0 0 0 0 0 0 0 0 0 0 0 0 0 0 0 0 0 0 0 

running time: 5700 sec
 depth:7
 0  1  2  3  4  5  6  7  8  9  a  b  c  d  e  f 10 11 12 13 14 15 16 17 18 19 1a 1b 1c 1d 1e 1f 20 21 22 23 24 25 26 27 28 29 2a 2b 2c 2d 2e 2f 30 31 32 33 34 35 36 37 38 39 3a 3b 3c 3d 3e 3f 40 41 42 43 44 45 46 47 48 49 4a 4b 4c 4d 4e 4f 50 51 52 53 54 55 56 57 58 59 5a 5b 5c 5d 5e 5f 60 61 62 63 64 65 66 67 68 69 6a 6b 6c 6d 6e 6f 70 71 72 73 74 75 76 77 78 79 7a 7b 7c 7d 7e 7f 80 81 82 83 84 85 86 87 88 89 8a 8b 8c 8d 8e 8f 90 91 92 93 94 95 96 97 98 99 9a 9b 9c 9d 9e 9f a0 a1 a2 a3 a4 a5 a6 a7 a8 a9 aa ab ac ad ae af b0 b1 b2 b3 b4 b5 b6 b7 b8 b9 ba bb bc bd be bf c0 c1 c2 c3 c4 c5 c6 c7 c8 c9 ca cb cc cd ce cf d0 d1 d2 d3 d4 d5 d6 d7 d8 d9 da db dc dd de df e0 e1 e2 e3 e4 e5 e6 e7 e8 e9 ea eb ec ed ee ef f0 f1 f2 f3 f4 f5 f6 f7 f8 f9 fa fb fc fd fe ff 
 0  1  2 3c  4 7d 78 2c  8 1f fa 8a f0 fe 58 1d 10 -- 3e -- 23 -- c3 9d 37 -- 2b -- b0 77 3a 12 20 -- -- -- 7c f3 -- f7 46 5f -- -- 51 -- ed -- 6e -- -- 33 56 -- --  e b7 9c ee a7 74 -- 24 -- 40 -- -- -- -- -- -- -- f8 -- 31 -- -- -- 39 4f 8c -- be -- -- f6 -- de a2 -- -- --  d -- -- -- dc -- -- -- -- -- 66 -- ac -- -- 17 -- -- 1c 70 b9 -- ef --  b  f 99 c9 e8 79 -- 5c 48 -- -- -- 80 -- -- 76 -- -- -- -- -- -- -- d6 -- -- -- -- 27 -- -- -- 62 -- -- 49 -- 68 -- -- 72 d4 9e 81 cf -- -- -- ab 6a -- 34 -- -- 3b -- -- -- 6b -- 93 -- -- -- -- -- -- f1 1a 35 -- -- -- -- -- -- 6f 7b -- -- -- -- -- -- -- -- -- -- cc -- -- -- 8f ec -- -- -- -- 2e d7 -- -- -- -- 38 -- e0 -- a5 -- -- --  9 d0 -- -- 16 d5 1e eb e5 7f 45 e4  7 -- f2 -- -- -- b8 4e 90 92 -- -- -- -- -- c4 

solutions so far:0 maxDepth:10 
iterations:54890519  skipped: 23 
Depth skipped: 
0 0 23 0 0 0 0 0 0 0 0 0 0 0 0 0 0 0 0 0 0 0 0 0 0 0 0 0 0 0 0 0 

running time: 6000 sec
 depth:6
 0  1  2  3  4  5  6  7  8  9  a  b  c  d  e  f 10 11 12 13 14 15 16 17 18 19 1a 1b 1c 1d 1e 1f 20 21 22 23 24 25 26 27 28 29 2a 2b 2c 2d 2e 2f 30 31 32 33 34 35 36 37 38 39 3a 3b 3c 3d 3e 3f 40 41 42 43 44 45 46 47 48 49 4a 4b 4c 4d 4e 4f 50 51 52 53 54 55 56 57 58 59 5a 5b 5c 5d 5e 5f 60 61 62 63 64 65 66 67 68 69 6a 6b 6c 6d 6e 6f 70 71 72 73 74 75 76 77 78 79 7a 7b 7c 7d 7e 7f 80 81 82 83 84 85 86 87 88 89 8a 8b 8c 8d 8e 8f 90 91 92 93 94 95 96 97 98 99 9a 9b 9c 9d 9e 9f a0 a1 a2 a3 a4 a5 a6 a7 a8 a9 aa ab ac ad ae af b0 b1 b2 b3 b4 b5 b6 b7 b8 b9 ba bb bc bd be bf c0 c1 c2 c3 c4 c5 c6 c7 c8 c9 ca cb cc cd ce cf d0 d1 d2 d3 d4 d5 d6 d7 d8 d9 da db dc dd de df e0 e1 e2 e3 e4 e5 e6 e7 e8 e9 ea eb ec ed ee ef f0 f1 f2 f3 f4 f5 f6 f7 f8 f9 fa fb fc fd fe ff 
 0  1  2 3c  4 72 78 c5  8 32 e4 74 f0 5c 5d -- 10 -- 64 -- 1f -- e8 3d 37 -- b8 -- ba 5e -- 71 20 -- -- -- c8 9c -- 4c 3e 24 -- --  7 -- 7a -- 6e -- -- 33 a7 -- -- -- a3 41 bc -- -- -- e2 -- 40 -- -- -- -- -- -- -- 47 -- ef -- -- -- 98 4f 7c -- 48 -- -- f6 -- de  e -- -- -- f4 -- -- -- dc -- -- -- -- -- 66 -- 99 -- -- -- -- -- -- -- 91 -- 82 -- af  f -- 1d -- 79 -- -- 13 -- -- -- 80 -- -- 76 -- -- -- -- -- -- -- d6 -- -- -- -- 8e -- -- --  9 -- -- 27 -- fc -- -- e7 17 9e f7 f8 -- -- -- 90 e0 -- 7e -- -- 3b -- -- -- 6b -- 1c -- -- -- -- -- -- 38 3f 70 -- -- -- -- -- -- 6f 7b -- -- -- -- -- -- -- -- -- -- cc -- -- -- e5 ec -- -- -- -- -- d7 -- -- -- -- -- -- -- -- f5 -- -- -- d3 2f -- -- 89 39 1e eb -- 2e 3a 19 -- -- f2 -- -- -- -- cb 26 4e -- -- -- -- -- 12 

solutions so far:0 maxDepth:10 
iterations:58643056  skipped: 24 
Depth skipped: 
0 0 24 0 0 0 0 0 0 0 0 0 0 0 0 0 0 0 0 0 0 0 0 0 0 0 0 0 0 0 0 0 

running time: 6300 sec
 depth:6
 0  1  2  3  4  5  6  7  8  9  a  b  c  d  e  f 10 11 12 13 14 15 16 17 18 19 1a 1b 1c 1d 1e 1f 20 21 22 23 24 25 26 27 28 29 2a 2b 2c 2d 2e 2f 30 31 32 33 34 35 36 37 38 39 3a 3b 3c 3d 3e 3f 40 41 42 43 44 45 46 47 48 49 4a 4b 4c 4d 4e 4f 50 51 52 53 54 55 56 57 58 59 5a 5b 5c 5d 5e 5f 60 61 62 63 64 65 66 67 68 69 6a 6b 6c 6d 6e 6f 70 71 72 73 74 75 76 77 78 79 7a 7b 7c 7d 7e 7f 80 81 82 83 84 85 86 87 88 89 8a 8b 8c 8d 8e 8f 90 91 92 93 94 95 96 97 98 99 9a 9b 9c 9d 9e 9f a0 a1 a2 a3 a4 a5 a6 a7 a8 a9 aa ab ac ad ae af b0 b1 b2 b3 b4 b5 b6 b7 b8 b9 ba bb bc bd be bf c0 c1 c2 c3 c4 c5 c6 c7 c8 c9 ca cb cc cd ce cf d0 d1 d2 d3 d4 d5 d6 d7 d8 d9 da db dc dd de df e0 e1 e2 e3 e4 e5 e6 e7 e8 e9 ea eb ec ed ee ef f0 f1 f2 f3 f4 f5 f6 f7 f8 f9 fa fb fc fd fe ff 
 0  1  2 3c  4 69 78 4d  8 51 d2 ca f0 15 9a -- 10 -- a2 -- 73 -- 43 88 37 -- 2a -- e3 bd -- 2b 20 -- -- -- 93 67 -- c9 e6 fb -- -- 86 -- c7 -- 6e -- -- 33 54 -- -- -- 11 d4 ad -- -- -- 56 -- 40 -- -- -- -- -- -- -- f1 -- ce -- -- -- 45 4f 1b -- 21 -- -- f6 -- de db -- -- -- 59 -- -- -- dc -- -- -- -- -- 66 -- a8 -- -- -- -- -- -- -- 22 -- 7f -- 8d  f -- d9 -- 79 -- -- ac -- -- -- 80 -- -- 76 -- -- -- -- -- -- -- d6 -- -- -- -- 35 -- -- -- 4b -- -- 6c -- b1 -- -- 8a 9b 9e 84 36 -- -- -- 42 a6 -- b3 -- -- 3b -- -- -- 6b -- 61 -- -- -- -- -- -- c2 b2 53 -- -- -- -- -- -- 6f 7b -- -- -- -- -- -- -- -- -- -- cc -- -- -- 87 ec -- -- -- -- -- d7 -- -- -- -- -- -- -- -- 44 -- -- -- fe b5 -- -- cd df 1e eb -- e1 65 c3 -- -- f2 -- -- -- -- 6a 8f d8 -- -- -- -- -- 96 

solutions so far:0 maxDepth:10 
iterations:62822900  skipped: 24 
Depth skipped: 
0 0 24 0 0 0 0 0 0 0 0 0 0 0 0 0 0 0 0 0 0 0 0 0 0 0 0 0 0 0 0 0 

running time: 6600 sec
 depth:7
 0  1  2  3  4  5  6  7  8  9  a  b  c  d  e  f 10 11 12 13 14 15 16 17 18 19 1a 1b 1c 1d 1e 1f 20 21 22 23 24 25 26 27 28 29 2a 2b 2c 2d 2e 2f 30 31 32 33 34 35 36 37 38 39 3a 3b 3c 3d 3e 3f 40 41 42 43 44 45 46 47 48 49 4a 4b 4c 4d 4e 4f 50 51 52 53 54 55 56 57 58 59 5a 5b 5c 5d 5e 5f 60 61 62 63 64 65 66 67 68 69 6a 6b 6c 6d 6e 6f 70 71 72 73 74 75 76 77 78 79 7a 7b 7c 7d 7e 7f 80 81 82 83 84 85 86 87 88 89 8a 8b 8c 8d 8e 8f 90 91 92 93 94 95 96 97 98 99 9a 9b 9c 9d 9e 9f a0 a1 a2 a3 a4 a5 a6 a7 a8 a9 aa ab ac ad ae af b0 b1 b2 b3 b4 b5 b6 b7 b8 b9 ba bb bc bd be bf c0 c1 c2 c3 c4 c5 c6 c7 c8 c9 ca cb cc cd ce cf d0 d1 d2 d3 d4 d5 d6 d7 d8 d9 da db dc dd de df e0 e1 e2 e3 e4 e5 e6 e7 e8 e9 ea eb ec ed ee ef f0 f1 f2 f3 f4 f5 f6 f7 f8 f9 fa fb fc fd fe ff 
 0  1  2 3c  4 5e 78 97  8 ca bc 3e f0 48 f9 99 10 -- 43 -- af -- 7c 29 37 -- 90 -- 25 14 e5 e1 20 -- -- -- 86 91 -- a8 89 f4 -- -- f8 -- 52 -- 6e -- -- 33 f7 -- -- e8 4a 53 28 5c 1d -- 15 -- 40 -- -- -- -- -- -- -- db -- f5 -- -- -- 87 4f c5 -- 3f -- -- f6 -- de 27 -- -- -- a4 -- -- -- dc -- -- -- -- -- 66 -- 39 -- -- 70 -- --  7 1c 94 -- a6 -- 50  f b8 e4 3a 79 -- 17 2a -- -- -- 80 -- -- 76 -- -- -- -- -- -- -- d6 -- -- -- -- 61 -- -- -- 3d -- -- ba --  5 -- -- d9 12 9e fc 5d -- -- -- 7e  9 -- e9 -- -- 3b -- -- -- 6b -- 4e -- -- -- -- -- -- 9c 9f ef -- -- -- -- -- -- 6f 7b -- -- -- -- -- -- -- -- -- -- cc -- -- -- 72 ec -- -- -- -- e0 d7 -- -- -- --  e -- 38 -- ff -- -- -- 9b  a -- -- a0 2f 1e eb a7 24 1f 65 74 -- f2 -- -- -- 2e c2 54 a3 -- -- -- -- -- 7a 

solutions so far:0 maxDepth:10 
iterations:66937948  skipped: 28 
Depth skipped: 
0 0 28 0 0 0 0 0 0 0 0 0 0 0 0 0 0 0 0 0 0 0 0 0 0 0 0 0 0 0 0 0 

running time: 6900 sec
 depth:7
 0  1  2  3  4  5  6  7  8  9  a  b  c  d  e  f 10 11 12 13 14 15 16 17 18 19 1a 1b 1c 1d 1e 1f 20 21 22 23 24 25 26 27 28 29 2a 2b 2c 2d 2e 2f 30 31 32 33 34 35 36 37 38 39 3a 3b 3c 3d 3e 3f 40 41 42 43 44 45 46 47 48 49 4a 4b 4c 4d 4e 4f 50 51 52 53 54 55 56 57 58 59 5a 5b 5c 5d 5e 5f 60 61 62 63 64 65 66 67 68 69 6a 6b 6c 6d 6e 6f 70 71 72 73 74 75 76 77 78 79 7a 7b 7c 7d 7e 7f 80 81 82 83 84 85 86 87 88 89 8a 8b 8c 8d 8e 8f 90 91 92 93 94 95 96 97 98 99 9a 9b 9c 9d 9e 9f a0 a1 a2 a3 a4 a5 a6 a7 a8 a9 aa ab ac ad ae af b0 b1 b2 b3 b4 b5 b6 b7 b8 b9 ba bb bc bd be bf c0 c1 c2 c3 c4 c5 c6 c7 c8 c9 ca cb cc cd ce cf d0 d1 d2 d3 d4 d5 d6 d7 d8 d9 da db dc dd de df e0 e1 e2 e3 e4 e5 e6 e7 e8 e9 ea eb ec ed ee ef f0 f1 f2 f3 f4 f5 f6 f7 f8 f9 fa fb fc fd fe ff 
 0  1  2 3c  4 56 78 e8  8  c ac e3 f0 b5  7 9c 10 -- 18 -- 8f -- 11 e0 37 -- bd --  e e5 ef 55 20 -- -- -- 30 a2 -- 75 c9 6a -- -- 22 -- 17 -- 6e -- -- 33 ad -- -- 48 1c ae 1d f8  9 -- aa -- 40 -- -- -- -- -- -- -- 60 -- 93 -- -- -- ea 4f 45 -- d4 -- -- f6 -- de 44 -- -- -- 2e -- -- -- dc -- -- -- -- -- 66 -- 8d -- -- e4 -- -- 90 39 38 -- 8b -- 3a  f 27 4d 12 79 -- 3e 83 -- -- -- 80 -- -- 76 -- -- -- -- -- -- -- d6 -- -- -- -- c0 -- -- -- f1 -- -- c3 -- a7 -- --  3 b3 9e fe 8a -- -- -- 7f b2 -- b8 -- -- 3b -- -- -- 6b -- 88 -- -- -- -- -- -- c7 5c 59 -- -- -- -- -- -- 6f 7b -- -- -- -- -- -- -- -- -- -- cc -- -- -- cd ec -- -- -- -- 1f d7 -- -- -- -- f7 -- 72 -- 70 -- -- -- c1 99 -- -- 74 2b 1e eb 4e b1 9a  6 24 -- f2 -- -- -- 7c 57 d1 51 -- -- -- -- -- 35 

solutions so far:0 maxDepth:10 
iterations:70996685  skipped: 29 
Depth skipped: 
0 0 29 0 0 0 0 0 0 0 0 0 0 0 0 0 0 0 0 0 0 0 0 0 0 0 0 0 0 0 0 0 

running time: 7200 sec
 depth:6
 0  1  2  3  4  5  6  7  8  9  a  b  c  d  e  f 10 11 12 13 14 15 16 17 18 19 1a 1b 1c 1d 1e 1f 20 21 22 23 24 25 26 27 28 29 2a 2b 2c 2d 2e 2f 30 31 32 33 34 35 36 37 38 39 3a 3b 3c 3d 3e 3f 40 41 42 43 44 45 46 47 48 49 4a 4b 4c 4d 4e 4f 50 51 52 53 54 55 56 57 58 59 5a 5b 5c 5d 5e 5f 60 61 62 63 64 65 66 67 68 69 6a 6b 6c 6d 6e 6f 70 71 72 73 74 75 76 77 78 79 7a 7b 7c 7d 7e 7f 80 81 82 83 84 85 86 87 88 89 8a 8b 8c 8d 8e 8f 90 91 92 93 94 95 96 97 98 99 9a 9b 9c 9d 9e 9f a0 a1 a2 a3 a4 a5 a6 a7 a8 a9 aa ab ac ad ae af b0 b1 b2 b3 b4 b5 b6 b7 b8 b9 ba bb bc bd be bf c0 c1 c2 c3 c4 c5 c6 c7 c8 c9 ca cb cc cd ce cf d0 d1 d2 d3 d4 d5 d6 d7 d8 d9 da db dc dd de df e0 e1 e2 e3 e4 e5 e6 e7 e8 e9 ea eb ec ed ee ef f0 f1 f2 f3 f4 f5 f6 f7 f8 f9 fa fb fc fd fe ff 
 0  1  2 3c  4 4c 78 6a  8 df 98 c5 f0 7e d4 -- 10 -- 69 -- e7 -- 5d ac 37 -- fc -- 7f a2 -- 67 20 -- -- -- d2 8e -- fb 19 d3 -- -- ba -- 8f -- 6e -- -- 33 2f -- -- -- fe 36 93 -- -- -- ce -- 40 -- -- -- -- -- -- -- 73 -- cb -- -- -- 21 4f 32 -- 71 -- -- f6 -- de a3 -- -- -- c9 -- -- -- dc -- -- -- -- -- 66 -- 5e -- -- -- -- -- -- -- 2b -- 6c -- f1  f -- af -- 79 -- -- 4b -- -- -- 80 -- -- 76 -- -- -- -- -- -- -- d6 -- -- -- -- e6 -- -- -- 41 -- -- c8 -- c3 -- -- 42 f4 9e 13 64 -- -- -- e2 7a -- 8a -- -- 3b -- -- -- 6b -- 91 -- -- -- -- -- -- f5 45 3d -- -- -- -- -- -- 6f 7b -- -- -- -- -- -- -- -- -- -- cc -- -- -- bc ec -- -- -- -- -- d7 -- -- -- -- -- -- -- -- 56 -- -- -- d8 51 -- -- 35 26 1e eb -- 3f 89 84 -- -- f2 -- -- -- -- 1b 96 47 -- -- -- -- -- 82 

solutions so far:0 maxDepth:10 
iterations:75557114  skipped: 31 
Depth skipped: 
0 0 31 0 0 0 0 0 0 0 0 0 0 0 0 0 0 0 0 0 0 0 0 0 0 0 0 0 0 0 0 0 

running time: 7500 sec
 depth:7
 0  1  2  3  4  5  6  7  8  9  a  b  c  d  e  f 10 11 12 13 14 15 16 17 18 19 1a 1b 1c 1d 1e 1f 20 21 22 23 24 25 26 27 28 29 2a 2b 2c 2d 2e 2f 30 31 32 33 34 35 36 37 38 39 3a 3b 3c 3d 3e 3f 40 41 42 43 44 45 46 47 48 49 4a 4b 4c 4d 4e 4f 50 51 52 53 54 55 56 57 58 59 5a 5b 5c 5d 5e 5f 60 61 62 63 64 65 66 67 68 69 6a 6b 6c 6d 6e 6f 70 71 72 73 74 75 76 77 78 79 7a 7b 7c 7d 7e 7f 80 81 82 83 84 85 86 87 88 89 8a 8b 8c 8d 8e 8f 90 91 92 93 94 95 96 97 98 99 9a 9b 9c 9d 9e 9f a0 a1 a2 a3 a4 a5 a6 a7 a8 a9 aa ab ac ad ae af b0 b1 b2 b3 b4 b5 b6 b7 b8 b9 ba bb bc bd be bf c0 c1 c2 c3 c4 c5 c6 c7 c8 c9 ca cb cc cd ce cf d0 d1 d2 d3 d4 d5 d6 d7 d8 d9 da db dc dd de df e0 e1 e2 e3 e4 e5 e6 e7 e8 e9 ea eb ec ed ee ef f0 f1 f2 f3 f4 f5 f6 f7 f8 f9 fa fb fc fd fe ff 
 0  1  2 3c  4 45 78 af  8 67 8a be f0 49 89 8e 10 -- ce -- c3 -- ab 91 37 -- 92 -- c5 fc cb 69 20 -- -- -- 4b 6a -- 1b 51 2b -- -- 81 -- f5 -- 6e -- -- 33 f3 -- -- 71 5d 42 2f 64 41 -- d2 -- 40 -- -- -- -- -- -- -- 96 -- d4 -- -- -- 36 4f a2 -- 56 -- -- f6 -- de d5 -- -- -- 3d -- -- -- dc -- -- -- -- -- 66 -- 31 -- -- 98 -- -- e2 26 ba -- 84 -- 5e  f c8 c4 82 79 -- 19 73 -- -- -- 80 -- -- 76 -- -- -- -- -- -- -- d6 -- -- -- -- fb -- -- -- 7f -- -- f1 -- 3f -- -- 6c 8c 9e 8f 93 -- -- -- ac 46 -- f4 -- -- 3b -- -- -- 6b -- 7d -- -- -- -- -- -- fa 7a 23 -- -- -- -- -- -- 6f 7b -- -- -- -- -- -- -- -- -- -- cc -- -- -- 62 ec -- -- -- -- e7 d7 -- -- -- -- 13 -- 4c -- a3 -- -- -- df 7e -- -- bc c9 1e eb 47 cf 5f d8 d3 -- f2 -- -- -- 32 21 e6 35 -- -- -- -- -- fe 

solutions so far:0 maxDepth:10 
iterations:80123230  skipped: 31 
Depth skipped: 
0 0 31 0 0 0 0 0 0 0 0 0 0 0 0 0 0 0 0 0 0 0 0 0 0 0 0 0 0 0 0 0 

running time: 7800 sec
 depth:6
 0  1  2  3  4  5  6  7  8  9  a  b  c  d  e  f 10 11 12 13 14 15 16 17 18 19 1a 1b 1c 1d 1e 1f 20 21 22 23 24 25 26 27 28 29 2a 2b 2c 2d 2e 2f 30 31 32 33 34 35 36 37 38 39 3a 3b 3c 3d 3e 3f 40 41 42 43 44 45 46 47 48 49 4a 4b 4c 4d 4e 4f 50 51 52 53 54 55 56 57 58 59 5a 5b 5c 5d 5e 5f 60 61 62 63 64 65 66 67 68 69 6a 6b 6c 6d 6e 6f 70 71 72 73 74 75 76 77 78 79 7a 7b 7c 7d 7e 7f 80 81 82 83 84 85 86 87 88 89 8a 8b 8c 8d 8e 8f 90 91 92 93 94 95 96 97 98 99 9a 9b 9c 9d 9e 9f a0 a1 a2 a3 a4 a5 a6 a7 a8 a9 aa ab ac ad ae af b0 b1 b2 b3 b4 b5 b6 b7 b8 b9 ba bb bc bd be bf c0 c1 c2 c3 c4 c5 c6 c7 c8 c9 ca cb cc cd ce cf d0 d1 d2 d3 d4 d5 d6 d7 d8 d9 da db dc dd de df e0 e1 e2 e3 e4 e5 e6 e7 e8 e9 ea eb ec ed ee ef f0 f1 f2 f3 f4 f5 f6 f7 f8 f9 fa fb fc fd fe ff 
 0  1  2 3c  4 38 78 a3  8 cb 70  6 f0 55 91 -- 10 -- 41 -- e0 --  c 3f 37 -- aa -- f5 89 -- 98 20 -- -- -- 82 99 -- 64 17 74 -- -- 18 -- 7e -- 6e -- -- 33 83 -- -- -- 3d 13 c5 -- -- -- e7 -- 40 -- -- -- -- -- -- -- d3 -- e5 -- -- -- c8 4f 2e -- e8 -- -- f6 -- de 30 -- -- -- fc -- -- -- dc -- -- -- -- -- 66 -- d1 -- -- -- -- -- -- -- 7a -- 26 -- 5d  f -- ea -- 79 -- -- 19 -- -- -- 80 -- -- 76 -- -- -- -- -- -- -- d6 -- -- -- -- 71 -- -- -- 1d -- -- b8 -- bc -- -- 47 8b 9e  e 5c -- -- --  7 ae -- 5e -- -- 3b -- -- -- 6b -- 60 -- -- -- -- -- -- c0 2f 57 -- -- -- -- -- -- 6f 7b -- -- -- -- -- -- -- -- -- -- cc -- -- -- 75 ec -- -- -- -- -- d7 -- -- -- -- -- -- -- -- f4 -- -- -- 4c af -- -- ba 1c 1e eb -- c1  3 8e -- -- f2 -- -- -- -- e2 32 a7 -- -- -- -- -- 3a 

solutions so far:0 maxDepth:10 
iterations:84846805  skipped: 32 
Depth skipped: 
0 0 32 0 0 0 0 0 0 0 0 0 0 0 0 0 0 0 0 0 0 0 0 0 0 0 0 0 0 0 0 0 

running time: 8100 sec
 depth:7
 0  1  2  3  4  5  6  7  8  9  a  b  c  d  e  f 10 11 12 13 14 15 16 17 18 19 1a 1b 1c 1d 1e 1f 20 21 22 23 24 25 26 27 28 29 2a 2b 2c 2d 2e 2f 30 31 32 33 34 35 36 37 38 39 3a 3b 3c 3d 3e 3f 40 41 42 43 44 45 46 47 48 49 4a 4b 4c 4d 4e 4f 50 51 52 53 54 55 56 57 58 59 5a 5b 5c 5d 5e 5f 60 61 62 63 64 65 66 67 68 69 6a 6b 6c 6d 6e 6f 70 71 72 73 74 75 76 77 78 79 7a 7b 7c 7d 7e 7f 80 81 82 83 84 85 86 87 88 89 8a 8b 8c 8d 8e 8f 90 91 92 93 94 95 96 97 98 99 9a 9b 9c 9d 9e 9f a0 a1 a2 a3 a4 a5 a6 a7 a8 a9 aa ab ac ad ae af b0 b1 b2 b3 b4 b5 b6 b7 b8 b9 ba bb bc bd be bf c0 c1 c2 c3 c4 c5 c6 c7 c8 c9 ca cb cc cd ce cf d0 d1 d2 d3 d4 d5 d6 d7 d8 d9 da db dc dd de df e0 e1 e2 e3 e4 e5 e6 e7 e8 e9 ea eb ec ed ee ef f0 f1 f2 f3 f4 f5 f6 f7 f8 f9 fa fb fc fd fe ff 
 0  1  2 3c  4 2e 78 c1  8 fe 5c 28 f0 52 55 42 10 -- 2b -- b8 -- 50 ea 37 -- a4 -- aa c0 84 51 20 -- -- -- 56 74 -- 35 a7 1c -- -- a0 --  3 -- 6e -- -- 33 9f -- -- 73 83 45 57 96 df -- a2 -- 40 -- -- -- -- -- -- -- ac -- e8 -- -- -- 6a 4f 99 -- 38 -- -- f6 -- de 97 -- -- --  6 -- -- -- dc -- -- -- -- -- 66 -- e9 -- -- d8 -- -- e6 36 d1 -- 8a -- ae  f fb  a 69 79 -- ce 93 -- -- -- 80 -- -- 76 -- -- -- -- -- -- -- d6 -- -- -- -- 8f -- -- --  7 -- -- 1d -- 30 -- -- d4 ff 9e e0 e5 -- -- -- 70 94 -- 18 -- -- 3b -- -- -- 6b -- f9 -- -- -- -- -- -- 25  c 4a -- -- -- -- -- -- 6f 7b -- -- -- -- -- -- -- -- -- -- cc -- -- --  5 ec -- -- -- -- 67 d7 -- -- -- -- 1b -- 6c -- 75 -- -- -- c3 60 -- -- 8b 17 1e eb 21 29 14 7f d2 -- f2 -- -- -- 4b c9 f1 3a -- -- -- -- --  e 

solutions so far:0 maxDepth:10 
iterations:90239004  skipped: 32 
Depth skipped: 
0 0 32 0 0 0 0 0 0 0 0 0 0 0 0 0 0 0 0 0 0 0 0 0 0 0 0 0 0 0 0 0 

running time: 8400 sec
 depth:7
 0  1  2  3  4  5  6  7  8  9  a  b  c  d  e  f 10 11 12 13 14 15 16 17 18 19 1a 1b 1c 1d 1e 1f 20 21 22 23 24 25 26 27 28 29 2a 2b 2c 2d 2e 2f 30 31 32 33 34 35 36 37 38 39 3a 3b 3c 3d 3e 3f 40 41 42 43 44 45 46 47 48 49 4a 4b 4c 4d 4e 4f 50 51 52 53 54 55 56 57 58 59 5a 5b 5c 5d 5e 5f 60 61 62 63 64 65 66 67 68 69 6a 6b 6c 6d 6e 6f 70 71 72 73 74 75 76 77 78 79 7a 7b 7c 7d 7e 7f 80 81 82 83 84 85 86 87 88 89 8a 8b 8c 8d 8e 8f 90 91 92 93 94 95 96 97 98 99 9a 9b 9c 9d 9e 9f a0 a1 a2 a3 a4 a5 a6 a7 a8 a9 aa ab ac ad ae af b0 b1 b2 b3 b4 b5 b6 b7 b8 b9 ba bb bc bd be bf c0 c1 c2 c3 c4 c5 c6 c7 c8 c9 ca cb cc cd ce cf d0 d1 d2 d3 d4 d5 d6 d7 d8 d9 da db dc dd de df e0 e1 e2 e3 e4 e5 e6 e7 e8 e9 ea eb ec ed ee ef f0 f1 f2 f3 f4 f5 f6 f7 f8 f9 fa fb fc fd fe ff 
 0  1  2 3c  4 1c 78 c1  8 8a 38 a6 f0 ca 55 5a 10 -- c3 -- 70 -- 9b ea 37 -- 43 -- aa c0 b4 7f 20 -- -- -- 51 a7 -- ac e0 3a -- -- e1 --  3 -- 6e -- -- 33 86 -- -- dd 83 35 57 95 bf -- fe -- 40 -- -- -- -- -- -- -- a2 -- 99 -- -- -- 8f 4f 17 -- 74 -- -- f6 -- de 15 -- -- --  6 -- -- -- dc -- -- -- -- -- 66 -- db -- -- 5b -- -- 6d 63 d1 -- 6a -- ae  f fd c2 a9 79 -- bb 2b -- -- -- 80 -- -- 76 -- -- -- -- -- -- -- d6 -- -- -- -- 93 -- -- -- e5 -- -- 5c -- 30 -- -- c9 d9 9e  7 2e -- -- -- e8 87 -- 18 -- -- 3b -- -- -- 6b -- 2a -- -- -- -- -- -- 54  c a8 -- -- -- -- -- -- 6f 7b -- -- -- -- -- -- -- -- -- -- cc -- -- -- 61 ec -- -- -- -- b6 d7 -- -- -- -- da -- c6 -- 75 -- -- -- d4 60 -- -- 8b  e 1e eb 2d 65 53 45 85 -- f2 -- -- -- a1 f1 56 b8 -- -- -- -- -- 1d 

solutions so far:0 maxDepth:10 
iterations:95862174  skipped: 36 
Depth skipped: 
0 0 36 0 0 0 0 0 0 0 0 0 0 0 0 0 0 0 0 0 0 0 0 0 0 0 0 0 0 0 0 0 

running time: 8700 sec
 depth:6
 0  1  2  3  4  5  6  7  8  9  a  b  c  d  e  f 10 11 12 13 14 15 16 17 18 19 1a 1b 1c 1d 1e 1f 20 21 22 23 24 25 26 27 28 29 2a 2b 2c 2d 2e 2f 30 31 32 33 34 35 36 37 38 39 3a 3b 3c 3d 3e 3f 40 41 42 43 44 45 46 47 48 49 4a 4b 4c 4d 4e 4f 50 51 52 53 54 55 56 57 58 59 5a 5b 5c 5d 5e 5f 60 61 62 63 64 65 66 67 68 69 6a 6b 6c 6d 6e 6f 70 71 72 73 74 75 76 77 78 79 7a 7b 7c 7d 7e 7f 80 81 82 83 84 85 86 87 88 89 8a 8b 8c 8d 8e 8f 90 91 92 93 94 95 96 97 98 99 9a 9b 9c 9d 9e 9f a0 a1 a2 a3 a4 a5 a6 a7 a8 a9 aa ab ac ad ae af b0 b1 b2 b3 b4 b5 b6 b7 b8 b9 ba bb bc bd be bf c0 c1 c2 c3 c4 c5 c6 c7 c8 c9 ca cb cc cd ce cf d0 d1 d2 d3 d4 d5 d6 d7 d8 d9 da db dc dd de df e0 e1 e2 e3 e4 e5 e6 e7 e8 e9 ea eb ec ed ee ef f0 f1 f2 f3 f4 f5 f6 f7 f8 f9 fa fb fc fd fe ff 
 0  1  2 3c  4  e 78 b0  8 f4 1c 8a f0 fe b7 -- 10 -- 3f -- 38 -- c3  d 37 -- 2b -- b9  b -- c5 20 -- -- -- 7e b8 -- 91 70 1d -- -- 51 -- 1a -- 6e -- -- 33 56 -- -- -- a5 bc 16 -- -- -- 5d -- 40 -- -- -- -- -- -- -- fc -- a7 -- -- -- f5 4f e0 -- 3a -- -- f6 -- de a2 -- -- -- 34 -- -- -- dc -- -- -- -- -- 66 -- ac -- -- -- -- -- -- -- 9d -- af -- 2c  f -- c9 -- 79 -- -- ba -- -- -- 80 -- -- 76 -- -- -- -- -- -- -- d6 -- -- -- -- 2f -- -- -- 99 -- -- 2e -- 77 -- -- 3d d4 9e e8 17 -- -- -- 74 6a -- d0 -- -- 3b -- -- -- 6b -- 93 -- -- -- -- -- -- f1 68 35 -- -- -- -- -- -- 6f 7b -- -- -- -- -- -- -- -- -- -- cc -- -- -- 8f ec -- -- -- -- -- d7 -- -- -- -- -- -- -- -- ed -- -- -- 89 ee -- -- 58  7 1e eb -- 7f 45 7a -- -- f2 -- -- -- -- 5e a3 5c -- -- -- -- -- e5 

solutions so far:0 maxDepth:10 
iterations:101489849  skipped: 38 
Depth skipped: 
0 0 38 0 0 0 0 0 0 0 0 0 0 0 0 0 0 0 0 0 0 0 0 0 0 0 0 0 0 0 0 0 

running time: 9000 sec

Finished. Total running time: 9204 sec
