Search S-boxes invariant for matrix: 
{0x00,0x02,0x04,0x06,0x08,0x0a,0x0c,0x0e,0x10,0x12,0x14,0x16,0x18,0x1a,0x1c,0x1e,0x20,0x22,0x24,0x26,0x28,0x2a,0x2c,0x2e,0x30,0x32,0x34,0x36,0x38,0x3a,0x3c,0x3e,0x40,0x42,0x44,0x46,0x48,0x4a,0x4c,0x4e,0x50,0x52,0x54,0x56,0x58,0x5a,0x5c,0x5e,0x60,0x62,0x64,0x66,0x68,0x6a,0x6c,0x6e,0x70,0x72,0x74,0x76,0x78,0x7a,0x7c,0x7e,0x80,0x82,0x84,0x86,0x88,0x8a,0x8c,0x8e,0x90,0x92,0x94,0x96,0x98,0x9a,0x9c,0x9e,0xa0,0xa2,0xa4,0xa6,0xa8,0xaa,0xac,0xae,0xb0,0xb2,0xb4,0xb6,0xb8,0xba,0xbc,0xbe,0xc0,0xc2,0xc4,0xc6,0xc8,0xca,0xcc,0xce,0xd0,0xd2,0xd4,0xd6,0xd8,0xda,0xdc,0xde,0xe0,0xe2,0xe4,0xe6,0xe8,0xea,0xec,0xee,0xf0,0xf2,0xf4,0xf6,0xf8,0xfa,0xfc,0xfe,0xd7,0xd5,0xd3,0xd1,0xdf,0xdd,0xdb,0xd9,0xc7,0xc5,0xc3,0xc1,0xcf,0xcd,0xcb,0xc9,0xf7,0xf5,0xf3,0xf1,0xff,0xfd,0xfb,0xf9,0xe7,0xe5,0xe3,0xe1,0xef,0xed,0xeb,0xe9,0x97,0x95,0x93,0x91,0x9f,0x9d,0x9b,0x99,0x87,0x85,0x83,0x81,0x8f,0x8d,0x8b,0x89,0xb7,0xb5,0xb3,0xb1,0xbf,0xbd,0xbb,0xb9,0xa7,0xa5,0xa3,0xa1,0xaf,0xad,0xab,0xa9,0x57,0x55,0x53,0x51,0x5f,0x5d,0x5b,0x59,0x47,0x45,0x43,0x41,0x4f,0x4d,0x4b,0x49,0x77,0x75,0x73,0x71,0x7f,0x7d,0x7b,0x79,0x67,0x65,0x63,0x61,0x6f,0x6d,0x6b,0x69,0x17,0x15,0x13,0x11,0x1f,0x1d,0x1b,0x19,0x07,0x05,0x03,0x01,0x0f,0x0d,0x0b,0x09,0x37,0x35,0x33,0x31,0x3f,0x3d,0x3b,0x39,0x27,0x25,0x23,0x21,0x2f,0x2d,0x2b,0x29};



 depth:6
 0  1  2  3  4  5  6  7  8  9  a  b  c  d  e  f 10 11 12 13 14 15 16 17 18 19 1a 1b 1c 1d 1e 1f 20 21 22 23 24 25 26 27 28 29 2a 2b 2c 2d 2e 2f 30 31 32 33 34 35 36 37 38 39 3a 3b 3c 3d 3e 3f 40 41 42 43 44 45 46 47 48 49 4a 4b 4c 4d 4e 4f 50 51 52 53 54 55 56 57 58 59 5a 5b 5c 5d 5e 5f 60 61 62 63 64 65 66 67 68 69 6a 6b 6c 6d 6e 6f 70 71 72 73 74 75 76 77 78 79 7a 7b 7c 7d 7e 7f 80 81 82 83 84 85 86 87 88 89 8a 8b 8c 8d 8e 8f 90 91 92 93 94 95 96 97 98 99 9a 9b 9c 9d 9e 9f a0 a1 a2 a3 a4 a5 a6 a7 a8 a9 aa ab ac ad ae af b0 b1 b2 b3 b4 b5 b6 b7 b8 b9 ba bb bc bd be bf c0 c1 c2 c3 c4 c5 c6 c7 c8 c9 ca cb cc cd ce cf d0 d1 d2 d3 d4 d5 d6 d7 d8 d9 da db dc dd de df e0 e1 e2 e3 e4 e5 e6 e7 e8 e9 ea eb ec ed ee ef f0 f1 f2 f3 f4 f5 f6 f7 f8 f9 fa fb fc fd fe ff 
 0  1  2 41  4 f9 82 c4  8 df 25 77 d3 9d 5f -- 10 -- 69 -- 4a -- ee 7d 71 -- ed -- be 92 -- 67 20 -- -- -- d2 9f -- fb 94 14 -- --  b -- fa -- e2 -- -- 33  d -- -- -- ab 36 f3 -- -- -- ce -- 40 -- -- -- -- -- -- -- 73 -- e9 -- -- -- 21 4f ff -- 28 -- -- 32 -- 4c 16 -- -- -- 23 -- -- -- 13 -- -- -- -- -- 66 -- 1a -- -- -- -- -- -- -- 81 -- 6c -- 31 8e -- 68 -- 79 -- -- 4b -- -- -- 80 -- -- c8 -- -- -- -- -- -- -- e7 -- -- -- -- e6 -- -- --  5 -- -- 52 -- cf -- -- 42 b9 9e a0 29 -- -- -- 50 b7 -- 8c -- -- 64 -- -- -- 98 -- 2c -- -- -- -- -- -- 58 46 b0 -- -- -- -- -- -- 26 19 -- -- -- -- -- -- -- -- -- -- cc -- -- -- 34 47 -- -- -- -- -- d7 -- -- -- -- -- -- -- -- d5 -- -- -- d8 49 -- -- 62 97 cb eb -- a5 d0 84 -- -- f2 -- -- -- -- 1b 96 a4 -- -- -- -- --  a 

solutions so far:0 maxDepth:10 
iterations:2985572  skipped: 0 
Depth skipped: 
0 0 0 0 0 0 0 0 0 0 0 0 0 0 0 0 0 0 0 0 0 0 0 0 0 0 0 0 0 0 0 0 

running time: 300 sec
 depth:6
 0  1  2  3  4  5  6  7  8  9  a  b  c  d  e  f 10 11 12 13 14 15 16 17 18 19 1a 1b 1c 1d 1e 1f 20 21 22 23 24 25 26 27 28 29 2a 2b 2c 2d 2e 2f 30 31 32 33 34 35 36 37 38 39 3a 3b 3c 3d 3e 3f 40 41 42 43 44 45 46 47 48 49 4a 4b 4c 4d 4e 4f 50 51 52 53 54 55 56 57 58 59 5a 5b 5c 5d 5e 5f 60 61 62 63 64 65 66 67 68 69 6a 6b 6c 6d 6e 6f 70 71 72 73 74 75 76 77 78 79 7a 7b 7c 7d 7e 7f 80 81 82 83 84 85 86 87 88 89 8a 8b 8c 8d 8e 8f 90 91 92 93 94 95 96 97 98 99 9a 9b 9c 9d 9e 9f a0 a1 a2 a3 a4 a5 a6 a7 a8 a9 aa ab ac ad ae af b0 b1 b2 b3 b4 b5 b6 b7 b8 b9 ba bb bc bd be bf c0 c1 c2 c3 c4 c5 c6 c7 c8 c9 ca cb cc cd ce cf d0 d1 d2 d3 d4 d5 d6 d7 d8 d9 da db dc dd de df e0 e1 e2 e3 e4 e5 e6 e7 e8 e9 ea eb ec ed ee ef f0 f1 f2 f3 f4 f5 f6 f7 f8 f9 fa fb fc fd fe ff 
 0  1  2 41  4 f6 82 af  8 5b 3b 53 d3 65 89 -- 10 -- b6 -- 76 -- a6 91 71 -- ca -- c5 fc -- bf 20 -- -- -- bb f0 -- 6d ec 6f -- -- 9b -- f5 -- e2 -- -- 33 43 -- -- -- 5d 2d 2f -- -- -- a9 -- 40 -- -- -- -- -- -- -- a1 -- 37 -- -- -- da 4f  f -- de -- -- 32 -- 4c e1 -- -- -- 3d -- -- -- 13 -- -- -- -- -- 66 -- 86 -- -- -- -- -- -- -- ba -- 5a -- 5e 8e -- 61 -- 79 -- -- 85 -- -- -- 80 -- -- c8 -- -- -- -- -- -- -- e7 -- -- -- -- 95 -- -- -- 6e -- -- 3c -- 3f -- -- 63 87 9e d6 1e -- -- -- 6b a8 -- f4 -- -- 64 -- -- -- 98 -- 15 -- -- -- -- -- -- 2a 7a 54 -- -- -- -- -- -- 26 19 -- -- -- -- -- -- -- -- -- -- cc -- -- -- db 47 -- -- -- -- -- d7 -- -- -- -- -- -- -- -- a3 -- -- -- b4 7e -- -- bc 7b cb eb -- d9 c2 c6 -- -- f2 -- -- -- -- fd dd 78 -- -- -- -- -- dc 

solutions so far:0 maxDepth:10 
iterations:5043195  skipped: 0 
Depth skipped: 
0 0 0 0 0 0 0 0 0 0 0 0 0 0 0 0 0 0 0 0 0 0 0 0 0 0 0 0 0 0 0 0 

running time: 600 sec
 depth:7
 0  1  2  3  4  5  6  7  8  9  a  b  c  d  e  f 10 11 12 13 14 15 16 17 18 19 1a 1b 1c 1d 1e 1f 20 21 22 23 24 25 26 27 28 29 2a 2b 2c 2d 2e 2f 30 31 32 33 34 35 36 37 38 39 3a 3b 3c 3d 3e 3f 40 41 42 43 44 45 46 47 48 49 4a 4b 4c 4d 4e 4f 50 51 52 53 54 55 56 57 58 59 5a 5b 5c 5d 5e 5f 60 61 62 63 64 65 66 67 68 69 6a 6b 6c 6d 6e 6f 70 71 72 73 74 75 76 77 78 79 7a 7b 7c 7d 7e 7f 80 81 82 83 84 85 86 87 88 89 8a 8b 8c 8d 8e 8f 90 91 92 93 94 95 96 97 98 99 9a 9b 9c 9d 9e 9f a0 a1 a2 a3 a4 a5 a6 a7 a8 a9 aa ab ac ad ae af b0 b1 b2 b3 b4 b5 b6 b7 b8 b9 ba bb bc bd be bf c0 c1 c2 c3 c4 c5 c6 c7 c8 c9 ca cb cc cd ce cf d0 d1 d2 d3 d4 d5 d6 d7 d8 d9 da db dc dd de df e0 e1 e2 e3 e4 e5 e6 e7 e8 e9 ea eb ec ed ee ef f0 f1 f2 f3 f4 f5 f6 f7 f8 f9 fa fb fc fd fe ff 
 0  1  2 41  4 ef 82 63  8 f5  9 7f d3 51 c6 5c 10 -- 3d -- 12 -- fe 95 71 -- a2 -- 5b 85 b8 bc 20 -- -- -- 7a 72 -- 5d 24 7c -- -- 2b -- fd -- e2 -- -- 33 93 -- -- 1d b6 fc dd e0 a7 -- af -- 40 -- -- -- -- -- -- -- f4 -- e4 -- -- -- ba 4f 48 -- f8 -- -- 32 -- 4c 56 -- -- -- 2d -- -- -- 13 -- -- -- -- -- 66 -- f1 -- --  e -- -- 3a e8 bb -- 2f -- 6d 8e 17 6a 99 79 -- 38 89 -- -- -- 80 -- -- c8 -- -- -- -- -- -- -- e7 -- -- -- -- 3f -- -- -- 1f -- -- f7 -- bf -- -- a3 8a 9e 4e 90 -- -- -- 27 45 -- b4 -- -- 64 -- -- -- 98 -- ac -- -- -- -- -- -- 8f 5a c9 -- -- -- -- -- -- 26 19 -- -- -- -- -- -- -- -- -- -- cc -- -- -- 35 47 -- -- -- -- 1c d7 -- -- -- -- 74 --  7 -- a1 -- -- -- 5e a9 -- -- da 9c cb eb 2e c3 d4 91 e5 -- f2 -- -- -- 70 7e c5 39 -- -- -- -- -- 3e 

solutions so far:0 maxDepth:10 
iterations:7381837  skipped: 3 
Depth skipped: 
0 0 3 0 0 0 0 0 0 0 0 0 0 0 0 0 0 0 0 0 0 0 0 0 0 0 0 0 0 0 0 0 

running time: 900 sec
 depth:7
 0  1  2  3  4  5  6  7  8  9  a  b  c  d  e  f 10 11 12 13 14 15 16 17 18 19 1a 1b 1c 1d 1e 1f 20 21 22 23 24 25 26 27 28 29 2a 2b 2c 2d 2e 2f 30 31 32 33 34 35 36 37 38 39 3a 3b 3c 3d 3e 3f 40 41 42 43 44 45 46 47 48 49 4a 4b 4c 4d 4e 4f 50 51 52 53 54 55 56 57 58 59 5a 5b 5c 5d 5e 5f 60 61 62 63 64 65 66 67 68 69 6a 6b 6c 6d 6e 6f 70 71 72 73 74 75 76 77 78 79 7a 7b 7c 7d 7e 7f 80 81 82 83 84 85 86 87 88 89 8a 8b 8c 8d 8e 8f 90 91 92 93 94 95 96 97 98 99 9a 9b 9c 9d 9e 9f a0 a1 a2 a3 a4 a5 a6 a7 a8 a9 aa ab ac ad ae af b0 b1 b2 b3 b4 b5 b6 b7 b8 b9 ba bb bc bd be bf c0 c1 c2 c3 c4 c5 c6 c7 c8 c9 ca cb cc cd ce cf d0 d1 d2 d3 d4 d5 d6 d7 d8 d9 da db dc dd de df e0 e1 e2 e3 e4 e5 e6 e7 e8 e9 ea eb ec ed ee ef f0 f1 f2 f3 f4 f5 f6 f7 f8 f9 fa fb fc fd fe ff 
 0  1  2 41  4 ea 82 f4  8 70  3 68 d3 b9 3f d5 10 -- e0 --  6 -- d0 bc 71 -- a5 -- 7e 91 7d 1d 20 -- -- -- 17 57 --  7  c 55 -- -- 77 -- af -- e2 -- -- 33 9d -- -- 8c fc a7 f5 be fa -- 3a -- 40 -- -- -- -- -- -- -- 2e -- ae -- -- --  e 4f 18 -- aa -- -- 32 -- 4c ee -- -- -- 89 -- -- -- 13 -- -- -- -- -- 66 -- ed -- -- 31 -- -- cf 92 2f -- 99 -- 3d 8e ab 1a 23 79 -- c4 74 -- -- -- 80 -- -- c8 -- -- -- -- -- -- -- e7 -- -- -- -- 5c -- -- -- 8b -- -- 60 -- ba -- -- 1c b0 9e d1 30 -- -- -- 83 58 -- 5d -- -- 64 -- -- -- 98 --  b -- -- -- -- -- -- 16 c5 2c -- -- -- -- -- -- 26 19 -- -- -- -- -- -- -- -- -- -- cc -- -- --  d 47 -- -- -- -- 62 d7 -- -- -- -- 49 -- f3 -- 5e -- -- -- e5 a3 -- -- 7a 75 cb eb 81 b7 34 38 46 -- f2 -- -- -- 5f b8 e8 c0 -- -- -- -- -- c1 

solutions so far:0 maxDepth:10 
iterations:9869480  skipped: 3 
Depth skipped: 
0 0 3 0 0 0 0 0 0 0 0 0 0 0 0 0 0 0 0 0 0 0 0 0 0 0 0 0 0 0 0 0 

running time: 1200 sec
 depth:7
 0  1  2  3  4  5  6  7  8  9  a  b  c  d  e  f 10 11 12 13 14 15 16 17 18 19 1a 1b 1c 1d 1e 1f 20 21 22 23 24 25 26 27 28 29 2a 2b 2c 2d 2e 2f 30 31 32 33 34 35 36 37 38 39 3a 3b 3c 3d 3e 3f 40 41 42 43 44 45 46 47 48 49 4a 4b 4c 4d 4e 4f 50 51 52 53 54 55 56 57 58 59 5a 5b 5c 5d 5e 5f 60 61 62 63 64 65 66 67 68 69 6a 6b 6c 6d 6e 6f 70 71 72 73 74 75 76 77 78 79 7a 7b 7c 7d 7e 7f 80 81 82 83 84 85 86 87 88 89 8a 8b 8c 8d 8e 8f 90 91 92 93 94 95 96 97 98 99 9a 9b 9c 9d 9e 9f a0 a1 a2 a3 a4 a5 a6 a7 a8 a9 aa ab ac ad ae af b0 b1 b2 b3 b4 b5 b6 b7 b8 b9 ba bb bc bd be bf c0 c1 c2 c3 c4 c5 c6 c7 c8 c9 ca cb cc cd ce cf d0 d1 d2 d3 d4 d5 d6 d7 d8 d9 da db dc dd de df e0 e1 e2 e3 e4 e5 e6 e7 e8 e9 ea eb ec ed ee ef f0 f1 f2 f3 f4 f5 f6 f7 f8 f9 fa fb fc fd fe ff 
 0  1  2 41  4 e6 82 68  8 7b 1b 5a d3 5b d0 a8 10 -- f6 -- 36 -- b4 2c 71 -- b6 -- 77 ed 87 f0 20 -- -- -- 3b 96 -- 6f 6c 84 -- -- bf -- 58 -- e2 -- -- 33 bb -- -- 43 ee 1e  d 15 d9 -- 37 -- 40 -- -- -- -- -- -- -- 76 -- fb -- -- -- de 4f d8 -- df -- -- 32 -- 4c a9 -- -- -- b0 -- -- -- 13 -- -- -- -- -- 66 -- a1 -- -- 53 -- -- 86 61  b -- 3c -- 1a 8e 2a fd 65 79 -- 9b 6e -- -- -- 80 -- -- c8 -- -- -- -- -- -- -- e7 -- -- -- -- ec -- -- -- 21 -- -- ce -- a5 -- -- 6b 63 9e d2 67 -- -- -- 69 da -- b9 -- -- 64 -- -- -- 98 -- 85 -- -- -- -- -- -- dd b7 6d -- -- -- -- -- -- 26 19 -- -- -- -- -- -- -- -- -- -- cc -- -- -- 95 47 -- -- -- -- a6 d7 -- -- -- -- db -- c2 -- 16 -- -- -- 78 9d -- -- 34 73 cb eb 54 c6 2d d6 ca -- f2 -- -- -- e1  f dc 4b -- -- -- -- -- 42 

solutions so far:0 maxDepth:10 
iterations:12326621  skipped: 3 
Depth skipped: 
0 0 3 0 0 0 0 0 0 0 0 0 0 0 0 0 0 0 0 0 0 0 0 0 0 0 0 0 0 0 0 0 

running time: 1500 sec
 depth:7
 0  1  2  3  4  5  6  7  8  9  a  b  c  d  e  f 10 11 12 13 14 15 16 17 18 19 1a 1b 1c 1d 1e 1f 20 21 22 23 24 25 26 27 28 29 2a 2b 2c 2d 2e 2f 30 31 32 33 34 35 36 37 38 39 3a 3b 3c 3d 3e 3f 40 41 42 43 44 45 46 47 48 49 4a 4b 4c 4d 4e 4f 50 51 52 53 54 55 56 57 58 59 5a 5b 5c 5d 5e 5f 60 61 62 63 64 65 66 67 68 69 6a 6b 6c 6d 6e 6f 70 71 72 73 74 75 76 77 78 79 7a 7b 7c 7d 7e 7f 80 81 82 83 84 85 86 87 88 89 8a 8b 8c 8d 8e 8f 90 91 92 93 94 95 96 97 98 99 9a 9b 9c 9d 9e 9f a0 a1 a2 a3 a4 a5 a6 a7 a8 a9 aa ab ac ad ae af b0 b1 b2 b3 b4 b5 b6 b7 b8 b9 ba bb bc bd be bf c0 c1 c2 c3 c4 c5 c6 c7 c8 c9 ca cb cc cd ce cf d0 d1 d2 d3 d4 d5 d6 d7 d8 d9 da db dc dd de df e0 e1 e2 e3 e4 e5 e6 e7 e8 e9 ea eb ec ed ee ef f0 f1 f2 f3 f4 f5 f6 f7 f8 f9 fa fb fc fd fe ff 
 0  1  2 41  4 df 82 63  8 fe 69 e1 d3 86 c6 55 10 -- 2b -- d2 -- 15 95 71 -- db -- 5b 85 aa 51 20 -- -- -- 56 d8 -- 35 73 96 -- -- 2a -- fd -- e2 -- -- 33 61 -- -- ea b6 45 dd ae 83 -- a2 -- 40 -- -- -- -- -- -- -- ac -- 67 -- -- -- 6a 4f e6 -- fb -- -- 32 -- 4c 54 -- -- -- 2d -- -- -- 13 -- -- -- -- -- 66 -- c2 -- -- 30 -- --  3  c bb -- 8a -- 6d 8e 8b a6 d1 79 -- c0 93 -- -- -- 80 -- -- c8 -- -- -- -- -- -- -- e7 -- -- -- -- 8f -- -- -- ce -- -- 36 -- bf -- -- d4 ca 9e 42 1b -- -- -- 21 65 -- b4 -- -- 64 -- -- -- 98 -- a8 -- -- -- -- -- -- 87 5a d9 -- -- -- -- -- -- 26 19 -- -- -- -- -- -- -- -- -- -- cc -- -- -- 53 47 -- -- -- -- 60 d7 -- -- -- --  6 -- 18 -- a1 -- -- -- c3 a9 -- -- da 84 cb eb c1 43 9b 7f 75 -- f2 -- -- -- 57 c9 f1 6c -- -- -- -- -- 4b 

solutions so far:0 maxDepth:10 
iterations:14540512  skipped: 6 
Depth skipped: 
0 0 6 0 0 0 0 0 0 0 0 0 0 0 0 0 0 0 0 0 0 0 0 0 0 0 0 0 0 0 0 0 

running time: 1800 sec
 depth:7
 0  1  2  3  4  5  6  7  8  9  a  b  c  d  e  f 10 11 12 13 14 15 16 17 18 19 1a 1b 1c 1d 1e 1f 20 21 22 23 24 25 26 27 28 29 2a 2b 2c 2d 2e 2f 30 31 32 33 34 35 36 37 38 39 3a 3b 3c 3d 3e 3f 40 41 42 43 44 45 46 47 48 49 4a 4b 4c 4d 4e 4f 50 51 52 53 54 55 56 57 58 59 5a 5b 5c 5d 5e 5f 60 61 62 63 64 65 66 67 68 69 6a 6b 6c 6d 6e 6f 70 71 72 73 74 75 76 77 78 79 7a 7b 7c 7d 7e 7f 80 81 82 83 84 85 86 87 88 89 8a 8b 8c 8d 8e 8f 90 91 92 93 94 95 96 97 98 99 9a 9b 9c 9d 9e 9f a0 a1 a2 a3 a4 a5 a6 a7 a8 a9 aa ab ac ad ae af b0 b1 b2 b3 b4 b5 b6 b7 b8 b9 ba bb bc bd be bf c0 c1 c2 c3 c4 c5 c6 c7 c8 c9 ca cb cc cd ce cf d0 d1 d2 d3 d4 d5 d6 d7 d8 d9 da db dc dd de df e0 e1 e2 e3 e4 e5 e6 e7 e8 e9 ea eb ec ed ee ef f0 f1 f2 f3 f4 f5 f6 f7 f8 f9 fa fb fc fd fe ff 
 0  1  2 41  4 db 82 a3  8 b7 61 d5 d3 31 91  3 10 -- b9 -- c2 -- 7d 3f 71 -- 62 -- f5 89  6 d0 20 -- -- -- a5 2a -- 16 53 d9 -- -- fa -- 7e -- e2 -- -- 33 c4 -- -- 60 3d 1a c5 d1  c -- 77 -- 40 -- -- -- -- -- -- -- 9d -- 54 -- -- -- 2c 4f a6 -- 65 -- -- 32 -- 4c 23 -- -- -- fc -- -- -- 13 -- -- -- -- -- 66 -- 5f -- -- c1 -- -- c0 ae 7a -- 34 -- 5d 8e 75 ab 18 79 -- aa ee -- -- -- 80 -- -- c8 -- -- -- -- -- -- -- e7 -- -- -- -- ed -- -- -- a8 -- -- e1 -- bc -- -- 58 92 9e 43 9b -- -- -- ca 49 -- 5e -- -- 64 -- -- -- 98 -- 46 -- -- -- -- -- -- 8c 2f cf -- -- -- -- -- -- 26 19 -- -- -- -- -- -- -- -- -- -- cc -- -- -- be 47 -- -- -- -- 55 d7 -- -- -- -- 57 -- 8b -- f4 -- -- -- 68 af -- -- ba 86 cb eb ea f3 81 b0 30 -- f2 -- -- -- 83  d  b 15 -- -- -- -- -- 87 

solutions so far:0 maxDepth:10 
iterations:16559008  skipped: 6 
Depth skipped: 
0 0 6 0 0 0 0 0 0 0 0 0 0 0 0 0 0 0 0 0 0 0 0 0 0 0 0 0 0 0 0 0 

running time: 2100 sec
 depth:7
 0  1  2  3  4  5  6  7  8  9  a  b  c  d  e  f 10 11 12 13 14 15 16 17 18 19 1a 1b 1c 1d 1e 1f 20 21 22 23 24 25 26 27 28 29 2a 2b 2c 2d 2e 2f 30 31 32 33 34 35 36 37 38 39 3a 3b 3c 3d 3e 3f 40 41 42 43 44 45 46 47 48 49 4a 4b 4c 4d 4e 4f 50 51 52 53 54 55 56 57 58 59 5a 5b 5c 5d 5e 5f 60 61 62 63 64 65 66 67 68 69 6a 6b 6c 6d 6e 6f 70 71 72 73 74 75 76 77 78 79 7a 7b 7c 7d 7e 7f 80 81 82 83 84 85 86 87 88 89 8a 8b 8c 8d 8e 8f 90 91 92 93 94 95 96 97 98 99 9a 9b 9c 9d 9e 9f a0 a1 a2 a3 a4 a5 a6 a7 a8 a9 aa ab ac ad ae af b0 b1 b2 b3 b4 b5 b6 b7 b8 b9 ba bb bc bd be bf c0 c1 c2 c3 c4 c5 c6 c7 c8 c9 ca cb cc cd ce cf d0 d1 d2 d3 d4 d5 d6 d7 d8 d9 da db dc dd de df e0 e1 e2 e3 e4 e5 e6 e7 e8 e9 ea eb ec ed ee ef f0 f1 f2 f3 f4 f5 f6 f7 f8 f9 fa fb fc fd fe ff 
 0  1  2 41  4 d5 82 ac  8 48 7d 55 d3 30 8f bd 10 -- 90 -- fa -- aa 51 71 -- 60 -- c9 7f ad f8 20 -- -- -- f7 92 -- ef 23 c4 -- -- 83 -- a2 -- e2 -- -- 33 c0 -- -- 9a 45 1f fe b3 8d -- 27 -- 40 -- -- -- -- -- -- -- 39 -- f3 -- -- --  9 4f 46 -- 5f -- -- 32 -- 4c d1 -- -- -- 93 -- -- -- 13 -- -- -- -- -- 66 -- 57 -- -- 88 -- -- e3 22 8a -- 3e -- 2b 8e b1 8b cd 79 -- 59 4e -- -- -- 80 -- -- c8 -- -- -- -- -- -- -- e7 -- -- -- -- 72 -- -- -- 31 -- -- cf -- 6a -- -- 12  c 9e ab 8c -- -- -- be  6 -- 35 -- -- 64 -- -- -- 98 -- 75 -- -- -- -- -- -- ea f1  3 -- -- -- -- -- -- 26 19 -- -- -- -- -- -- -- -- -- -- cc -- -- -- ae 47 -- -- -- -- c7 d7 -- -- -- -- 11 -- 44 -- c3 -- -- -- 7c d4 -- -- 56 81 cb eb b5 18 c1 24 4d -- f2 -- -- -- b2 e4 9c 49 -- -- -- -- -- 62 

solutions so far:0 maxDepth:10 
iterations:18768728  skipped: 6 
Depth skipped: 
0 0 6 0 0 0 0 0 0 0 0 0 0 0 0 0 0 0 0 0 0 0 0 0 0 0 0 0 0 0 0 0 

running time: 2400 sec
 depth:7
 0  1  2  3  4  5  6  7  8  9  a  b  c  d  e  f 10 11 12 13 14 15 16 17 18 19 1a 1b 1c 1d 1e 1f 20 21 22 23 24 25 26 27 28 29 2a 2b 2c 2d 2e 2f 30 31 32 33 34 35 36 37 38 39 3a 3b 3c 3d 3e 3f 40 41 42 43 44 45 46 47 48 49 4a 4b 4c 4d 4e 4f 50 51 52 53 54 55 56 57 58 59 5a 5b 5c 5d 5e 5f 60 61 62 63 64 65 66 67 68 69 6a 6b 6c 6d 6e 6f 70 71 72 73 74 75 76 77 78 79 7a 7b 7c 7d 7e 7f 80 81 82 83 84 85 86 87 88 89 8a 8b 8c 8d 8e 8f 90 91 92 93 94 95 96 97 98 99 9a 9b 9c 9d 9e 9f a0 a1 a2 a3 a4 a5 a6 a7 a8 a9 aa ab ac ad ae af b0 b1 b2 b3 b4 b5 b6 b7 b8 b9 ba bb bc bd be bf c0 c1 c2 c3 c4 c5 c6 c7 c8 c9 ca cb cc cd ce cf d0 d1 d2 d3 d4 d5 d6 d7 d8 d9 da db dc dd de df e0 e1 e2 e3 e4 e5 e6 e7 e8 e9 ea eb ec ed ee ef f0 f1 f2 f3 f4 f5 f6 f7 f8 f9 fa fb fc fd fe ff 
 0  1  2 41  4 ce 82 d0  8 25 4b 31 d3 23 77 83 10 -- 4a -- 96 -- 62 58 71 -- 46 -- ee  d d1  5 20 -- -- -- 94 69 -- 50 fb 1b -- -- c4 -- b0 -- e2 -- -- 33 8c -- --  6  b a4 1a c1 75 --  a -- 40 -- -- -- -- -- -- -- ff -- d2 -- -- -- a0 4f 21 -- 36 -- -- 32 -- 4c 5f -- -- -- b7 -- -- -- 13 -- -- -- -- -- 66 -- cf -- -- c0 -- --  c 30 16 -- 9f -- 34 8e 55 92 ea 79 -- ae 14 -- -- -- 80 -- -- c8 -- -- -- -- -- -- -- e7 -- -- -- -- 29 -- -- -- 73 -- -- 84 -- 9d -- -- 97 7d 9e d8 42 -- -- -- 6c d5 -- a5 -- -- 64 -- -- -- 98 -- be -- -- -- -- -- -- ab b9 81 -- -- -- -- -- -- 26 19 -- -- -- -- -- -- -- -- -- -- cc -- -- -- 49 47 -- -- -- -- 57 d7 -- -- -- -- 18 -- 60 -- 2c -- -- -- e9 ed -- -- 68 67 cb eb aa fa f3 f9  3 -- f2 -- -- -- 8b 52 28 df -- -- -- -- -- e6 

solutions so far:0 maxDepth:10 
iterations:20753555  skipped: 7 
Depth skipped: 
0 0 7 0 0 0 0 0 0 0 0 0 0 0 0 0 0 0 0 0 0 0 0 0 0 0 0 0 0 0 0 0 

running time: 2700 sec
 depth:6
 0  1  2  3  4  5  6  7  8  9  a  b  c  d  e  f 10 11 12 13 14 15 16 17 18 19 1a 1b 1c 1d 1e 1f 20 21 22 23 24 25 26 27 28 29 2a 2b 2c 2d 2e 2f 30 31 32 33 34 35 36 37 38 39 3a 3b 3c 3d 3e 3f 40 41 42 43 44 45 46 47 48 49 4a 4b 4c 4d 4e 4f 50 51 52 53 54 55 56 57 58 59 5a 5b 5c 5d 5e 5f 60 61 62 63 64 65 66 67 68 69 6a 6b 6c 6d 6e 6f 70 71 72 73 74 75 76 77 78 79 7a 7b 7c 7d 7e 7f 80 81 82 83 84 85 86 87 88 89 8a 8b 8c 8d 8e 8f 90 91 92 93 94 95 96 97 98 99 9a 9b 9c 9d 9e 9f a0 a1 a2 a3 a4 a5 a6 a7 a8 a9 aa ab ac ad ae af b0 b1 b2 b3 b4 b5 b6 b7 b8 b9 ba bb bc bd be bf c0 c1 c2 c3 c4 c5 c6 c7 c8 c9 ca cb cc cd ce cf d0 d1 d2 d3 d4 d5 d6 d7 d8 d9 da db dc dd de df e0 e1 e2 e3 e4 e5 e6 e7 e8 e9 ea eb ec ed ee ef f0 f1 f2 f3 f4 f5 f6 f7 f8 f9 fa fb fc fd fe ff 
 0  1  2 41  4 c7 82 c6  8  7 59 2a d3 61 5b -- 10 --  e -- b2 -- 54 fd 71 -- c2 -- b6 dd -- b8 20 -- -- -- 1c 8d -- 1d b3 e3 -- -- a8 -- 2d -- e2 -- -- 33 53 -- -- -- bb 17 6d -- -- -- a7 -- 40 -- -- -- -- -- -- -- 38 -- cd -- -- -- 3a 4f b1 -- 11 -- -- 32 -- 4c 87 -- -- -- 5a -- -- -- 13 -- -- -- -- -- 66 -- a6 -- -- -- -- -- -- -- a1 -- 2e -- da 8e -- e1 -- 79 -- -- 99 -- -- -- 80 -- -- c8 -- -- -- -- -- -- -- e7 -- -- -- -- 70 -- -- -- 4d -- -- bd -- a9 -- -- 74 86 9e 44 b5 -- -- -- 22 43 -- bf -- -- 64 -- -- -- 98 -- d9 -- -- -- -- -- -- 65 b4 ca -- -- -- -- -- -- 26 19 -- -- -- -- -- -- -- -- -- -- cc -- -- -- 9b 47 -- -- -- -- -- d7 -- -- -- -- -- -- -- -- 95 -- -- -- 5c 85 -- -- 63 88 cb eb -- db 15 e8 -- -- f2 -- -- -- -- e0 e5 ad -- -- -- -- -- 9a 

solutions so far:0 maxDepth:10 
iterations:22838043  skipped: 7 
Depth skipped: 
0 0 7 0 0 0 0 0 0 0 0 0 0 0 0 0 0 0 0 0 0 0 0 0 0 0 0 0 0 0 0 0 

running time: 3000 sec
 depth:6
 0  1  2  3  4  5  6  7  8  9  a  b  c  d  e  f 10 11 12 13 14 15 16 17 18 19 1a 1b 1c 1d 1e 1f 20 21 22 23 24 25 26 27 28 29 2a 2b 2c 2d 2e 2f 30 31 32 33 34 35 36 37 38 39 3a 3b 3c 3d 3e 3f 40 41 42 43 44 45 46 47 48 49 4a 4b 4c 4d 4e 4f 50 51 52 53 54 55 56 57 58 59 5a 5b 5c 5d 5e 5f 60 61 62 63 64 65 66 67 68 69 6a 6b 6c 6d 6e 6f 70 71 72 73 74 75 76 77 78 79 7a 7b 7c 7d 7e 7f 80 81 82 83 84 85 86 87 88 89 8a 8b 8c 8d 8e 8f 90 91 92 93 94 95 96 97 98 99 9a 9b 9c 9d 9e 9f a0 a1 a2 a3 a4 a5 a6 a7 a8 a9 aa ab ac ad ae af b0 b1 b2 b3 b4 b5 b6 b7 b8 b9 ba bb bc bd be bf c0 c1 c2 c3 c4 c5 c6 c7 c8 c9 ca cb cc cd ce cf d0 d1 d2 d3 d4 d5 d6 d7 d8 d9 da db dc dd de df e0 e1 e2 e3 e4 e5 e6 e7 e8 e9 ea eb ec ed ee ef f0 f1 f2 f3 f4 f5 f6 f7 f8 f9 fa fb fc fd fe ff 
 0  1  2 41  4 bf 82 f6  8 c4 a9 27 d3 39 3b -- 10 -- 5f -- 85 -- 4e 3c 71 -- 72 -- 76 de -- 46 20 -- -- -- be 5b -- 92 dd 95 -- -- 9c -- 78 -- e2 -- -- 33 e4 -- -- -- ec 7d 6b -- -- -- 8c -- 40 -- -- -- -- -- -- -- ab -- b6 -- -- -- f3 4f 6d -- fd -- -- 32 -- 4c ef -- -- -- f0 -- -- -- 13 -- -- -- -- -- 66 -- 1f -- -- -- -- -- -- --  f -- fa -- d6 8e -- 7c -- 79 -- -- cf -- -- -- 80 -- -- c8 -- -- -- -- -- -- -- e7 -- -- -- -- 81 -- -- -- bb -- -- 63 -- dc -- -- 31 90 9e 5a da -- -- -- 2d 48 -- 6e -- -- 64 -- -- -- 98 --  9 -- -- -- -- -- -- 12 37 24 -- -- -- -- -- -- 26 19 -- -- -- -- -- -- -- -- -- -- cc -- -- -- 3e 47 -- -- -- -- -- d7 -- -- -- -- -- -- -- -- 1e -- -- -- 23 6f -- -- 7b b4 cb eb -- f7 f8 62 -- -- f2 -- -- -- -- d5 49 c6 -- -- -- -- -- a1 

solutions so far:0 maxDepth:10 
iterations:25484700  skipped: 10 
Depth skipped: 
0 0 10 0 0 0 0 0 0 0 0 0 0 0 0 0 0 0 0 0 0 0 0 0 0 0 0 0 0 0 0 0 

running time: 3300 sec
 depth:7
 0  1  2  3  4  5  6  7  8  9  a  b  c  d  e  f 10 11 12 13 14 15 16 17 18 19 1a 1b 1c 1d 1e 1f 20 21 22 23 24 25 26 27 28 29 2a 2b 2c 2d 2e 2f 30 31 32 33 34 35 36 37 38 39 3a 3b 3c 3d 3e 3f 40 41 42 43 44 45 46 47 48 49 4a 4b 4c 4d 4e 4f 50 51 52 53 54 55 56 57 58 59 5a 5b 5c 5d 5e 5f 60 61 62 63 64 65 66 67 68 69 6a 6b 6c 6d 6e 6f 70 71 72 73 74 75 76 77 78 79 7a 7b 7c 7d 7e 7f 80 81 82 83 84 85 86 87 88 89 8a 8b 8c 8d 8e 8f 90 91 92 93 94 95 96 97 98 99 9a 9b 9c 9d 9e 9f a0 a1 a2 a3 a4 a5 a6 a7 a8 a9 aa ab ac ad ae af b0 b1 b2 b3 b4 b5 b6 b7 b8 b9 ba bb bc bd be bf c0 c1 c2 c3 c4 c5 c6 c7 c8 c9 ca cb cc cd ce cf d0 d1 d2 d3 d4 d5 d6 d7 d8 d9 da db dc dd de df e0 e1 e2 e3 e4 e5 e6 e7 e8 e9 ea eb ec ed ee ef f0 f1 f2 f3 f4 f5 f6 f7 f8 f9 fa fb fc fd fe ff 
 0  1  2 41  4 bb 82 b7  8 e6 a1 14 d3 29 b9 1e 10 -- 1b -- 95 -- 28 1a 71 -- 52 -- a5 16 3c fb 20 -- -- -- 36 a9 -- df fd da -- -- 50 -- 34 -- e2 -- -- 33 a4 -- -- 6e 9d ce 2c 76 78 -- 21 -- 40 -- -- -- -- -- -- -- 6c -- 85 -- -- -- 69 4f 2d -- 63 -- -- 32 -- 4c a0 -- -- -- 68 -- -- -- 13 -- -- -- -- -- 66 -- 9f -- -- d6 -- -- dc de ed -- 4b -- 58 8e ec  5 f0 79 -- f6 42 -- -- -- 80 -- -- c8 -- -- -- -- -- -- -- e7 -- -- -- -- d8 -- -- -- dd -- -- b4 -- ee -- -- d2 94 9e 5b 5a -- -- -- c6 4a -- 77 -- -- 64 -- -- -- 98 -- 97 -- -- -- -- -- -- f9 d0 25 -- -- -- -- -- -- 26 19 -- -- -- -- -- -- -- -- -- -- cc -- -- -- e9 47 -- -- -- -- 7b d7 -- -- -- -- 6f -- 6b --  d -- -- -- 96  b -- -- b0 b6 cb eb  f ff  a 73 37 -- f2 -- -- -- 3b 67 84 bf -- -- -- -- -- 6d 

solutions so far:0 maxDepth:10 
iterations:28477928  skipped: 10 
Depth skipped: 
0 0 10 0 0 0 0 0 0 0 0 0 0 0 0 0 0 0 0 0 0 0 0 0 0 0 0 0 0 0 0 0 

running time: 3600 sec
 depth:7
 0  1  2  3  4  5  6  7  8  9  a  b  c  d  e  f 10 11 12 13 14 15 16 17 18 19 1a 1b 1c 1d 1e 1f 20 21 22 23 24 25 26 27 28 29 2a 2b 2c 2d 2e 2f 30 31 32 33 34 35 36 37 38 39 3a 3b 3c 3d 3e 3f 40 41 42 43 44 45 46 47 48 49 4a 4b 4c 4d 4e 4f 50 51 52 53 54 55 56 57 58 59 5a 5b 5c 5d 5e 5f 60 61 62 63 64 65 66 67 68 69 6a 6b 6c 6d 6e 6f 70 71 72 73 74 75 76 77 78 79 7a 7b 7c 7d 7e 7f 80 81 82 83 84 85 86 87 88 89 8a 8b 8c 8d 8e 8f 90 91 92 93 94 95 96 97 98 99 9a 9b 9c 9d 9e 9f a0 a1 a2 a3 a4 a5 a6 a7 a8 a9 aa ab ac ad ae af b0 b1 b2 b3 b4 b5 b6 b7 b8 b9 ba bb bc bd be bf c0 c1 c2 c3 c4 c5 c6 c7 c8 c9 ca cb cc cd ce cf d0 d1 d2 d3 d4 d5 d6 d7 d8 d9 da db dc dd de df e0 e1 e2 e3 e4 e5 e6 e7 e8 e9 ea eb ec ed ee ef f0 f1 f2 f3 f4 f5 f6 f7 f8 f9 fa fb fc fd fe ff 
 0  1  2 41  4 b8 82 d9  8 9a a7 f9 d3  5 65 67 10 -- e3 -- 99 -- 25 61 71 --  a -- ca 2a ce b3 20 -- -- -- 11  7 -- ad e5 70 -- -- 4a -- c2 -- e2 -- -- 33 14 -- -- 21 43 c7 54 36 4b -- b1 -- 40 -- -- -- -- -- -- -- 22 --  e -- -- -- 8d 4f 1d -- e0 -- -- 32 -- 4c 94 -- -- -- 53 -- -- -- 13 -- -- -- -- -- 66 -- 28 -- -- d2 -- -- 42 df 86 -- 59 -- a8 8e 6c a0 96 79 -- e6 b5 -- -- -- 80 -- -- c8 -- -- -- -- -- -- -- e7 -- -- -- -- 44 -- -- -- 1c -- -- 74 -- e1 -- -- cd 9f 9e 2e 3a -- -- -- 17 a4 -- 9b -- -- 64 -- -- -- 98 -- ff -- -- -- -- -- -- 29 a6 52 -- -- -- -- -- -- 26 19 -- -- -- -- -- -- -- -- -- -- cc -- -- -- 50 47 -- -- -- -- 73 d7 -- -- -- -- 84 -- 69 -- db -- -- -- b2 15 -- -- 87 5c cb eb d8 e9 97 4d fb -- f2 -- -- -- 1b 88 bd e8 -- -- -- -- -- 38 

solutions so far:0 maxDepth:10 
iterations:30511869  skipped: 10 
Depth skipped: 
0 0 10 0 0 0 0 0 0 0 0 0 0 0 0 0 0 0 0 0 0 0 0 0 0 0 0 0 0 0 0 0 

running time: 3900 sec
 depth:7
 0  1  2  3  4  5  6  7  8  9  a  b  c  d  e  f 10 11 12 13 14 15 16 17 18 19 1a 1b 1c 1d 1e 1f 20 21 22 23 24 25 26 27 28 29 2a 2b 2c 2d 2e 2f 30 31 32 33 34 35 36 37 38 39 3a 3b 3c 3d 3e 3f 40 41 42 43 44 45 46 47 48 49 4a 4b 4c 4d 4e 4f 50 51 52 53 54 55 56 57 58 59 5a 5b 5c 5d 5e 5f 60 61 62 63 64 65 66 67 68 69 6a 6b 6c 6d 6e 6f 70 71 72 73 74 75 76 77 78 79 7a 7b 7c 7d 7e 7f 80 81 82 83 84 85 86 87 88 89 8a 8b 8c 8d 8e 8f 90 91 92 93 94 95 96 97 98 99 9a 9b 9c 9d 9e 9f a0 a1 a2 a3 a4 a5 a6 a7 a8 a9 aa ab ac ad ae af b0 b1 b2 b3 b4 b5 b6 b7 b8 b9 ba bb bc bd be bf c0 c1 c2 c3 c4 c5 c6 c7 c8 c9 ca cb cc cd ce cf d0 d1 d2 d3 d4 d5 d6 d7 d8 d9 da db dc dd de df e0 e1 e2 e3 e4 e5 e6 e7 e8 e9 ea eb ec ed ee ef f0 f1 f2 f3 f4 f5 f6 f7 f8 f9 fa fb fc fd fe ff 
 0  1  2 41  4 af 82 bf  8 d5 89 c2 d3 d9 a9 38 10 -- 7d -- c5 -- 53 63 71 -- 65 -- 85 fd 70 f3 20 -- -- -- fa 3d -- 5f 5d 7e -- -- a6 -- c6 -- e2 -- -- 33 ca -- -- 5c dd cf 2d  7 e0 -- 31 -- 40 -- -- -- -- -- -- -- 23 -- 7a -- -- -- be 4f ba -- fc -- -- 32 -- 4c 9b -- -- -- 5b -- -- -- 13 -- -- -- -- -- 66 -- 43 -- -- 1d -- -- b8 99 6d -- 49 -- 5a 8e  e db 17 79 -- 74 62 -- -- -- 80 -- -- c8 -- -- -- -- -- -- -- e7 -- -- -- -- 46 -- -- -- f4 -- -- 91 -- a1 -- -- ab a8 9e 5e a3 -- -- -- 2f 54 -- bb -- -- 64 -- -- -- 98 -- e1 -- -- -- -- -- -- 15 b6 2a -- -- -- -- -- -- 26 19 -- -- -- -- -- -- -- -- -- -- cc -- -- -- 86 47 -- -- -- -- 3a d7 -- -- -- -- a7 -- e5 -- da -- -- -- 92 95 -- -- b4 bc cb eb 1c 87 61 81 2e -- f2 -- -- -- e8 8c c4 f5 -- -- -- -- -- 3f 

solutions so far:0 maxDepth:10 
iterations:34005152  skipped: 13 
Depth skipped: 
0 0 13 0 0 0 0 0 0 0 0 0 0 0 0 0 0 0 0 0 0 0 0 0 0 0 0 0 0 0 0 0 

running time: 4200 sec
 depth:6
 0  1  2  3  4  5  6  7  8  9  a  b  c  d  e  f 10 11 12 13 14 15 16 17 18 19 1a 1b 1c 1d 1e 1f 20 21 22 23 24 25 26 27 28 29 2a 2b 2c 2d 2e 2f 30 31 32 33 34 35 36 37 38 39 3a 3b 3c 3d 3e 3f 40 41 42 43 44 45 46 47 48 49 4a 4b 4c 4d 4e 4f 50 51 52 53 54 55 56 57 58 59 5a 5b 5c 5d 5e 5f 60 61 62 63 64 65 66 67 68 69 6a 6b 6c 6d 6e 6f 70 71 72 73 74 75 76 77 78 79 7a 7b 7c 7d 7e 7f 80 81 82 83 84 85 86 87 88 89 8a 8b 8c 8d 8e 8f 90 91 92 93 94 95 96 97 98 99 9a 9b 9c 9d 9e 9f a0 a1 a2 a3 a4 a5 a6 a7 a8 a9 aa ab ac ad ae af b0 b1 b2 b3 b4 b5 b6 b7 b8 b9 ba bb bc bd be bf c0 c1 c2 c3 c4 c5 c6 c7 c8 c9 ca cb cc cd ce cf d0 d1 d2 d3 d4 d5 d6 d7 d8 d9 da db dc dd de df e0 e1 e2 e3 e4 e5 e6 e7 e8 e9 ea eb ec ed ee ef f0 f1 f2 f3 f4 f5 f6 f7 f8 f9 fa fb fc fd fe ff 
 0  1  2 41  4 aa 82 e8  8 e1 83 c7 d3 4d  7 -- 10 -- 15 -- d1 -- 59 e0 71 -- 9a --  e e5 -- 43 20 -- -- -- 2a 18 -- c2 75 57 -- -- b2 -- 17 -- e2 -- -- 33 e3 -- -- -- 1c d9 1d -- -- -- 86 -- 40 -- -- -- -- -- -- -- 54 -- 30 -- -- -- 53 4f ea -- ae -- -- 32 -- 4c b3 -- -- -- 2e -- -- -- 13 -- -- -- -- -- 66 -- 11 -- -- -- -- -- -- -- 38 -- 65 -- 3a 8e -- 44 -- 79 -- -- db -- -- -- 80 -- -- c8 -- -- -- -- -- -- -- e7 -- -- -- -- a8 -- -- -- 60 -- --  6 -- a7 -- -- a6 8d 9e c1  3 -- -- -- 8b ad -- b8 -- -- 64 -- -- -- 98 -- b1 -- -- -- -- -- -- b5 5c bd -- -- -- -- -- -- 26 19 -- -- -- -- -- -- -- -- -- -- cc -- -- -- 22 47 -- -- -- -- -- d7 -- -- -- -- -- -- -- -- 70 -- -- -- ca 99 -- -- 74 55 cb eb -- cd 88 9b -- -- f2 -- -- -- -- 87 61  c -- -- -- -- -- c0 

solutions so far:0 maxDepth:10 
iterations:37441543  skipped: 13 
Depth skipped: 
0 0 13 0 0 0 0 0 0 0 0 0 0 0 0 0 0 0 0 0 0 0 0 0 0 0 0 0 0 0 0 0 

running time: 4500 sec
 depth:6
 0  1  2  3  4  5  6  7  8  9  a  b  c  d  e  f 10 11 12 13 14 15 16 17 18 19 1a 1b 1c 1d 1e 1f 20 21 22 23 24 25 26 27 28 29 2a 2b 2c 2d 2e 2f 30 31 32 33 34 35 36 37 38 39 3a 3b 3c 3d 3e 3f 40 41 42 43 44 45 46 47 48 49 4a 4b 4c 4d 4e 4f 50 51 52 53 54 55 56 57 58 59 5a 5b 5c 5d 5e 5f 60 61 62 63 64 65 66 67 68 69 6a 6b 6c 6d 6e 6f 70 71 72 73 74 75 76 77 78 79 7a 7b 7c 7d 7e 7f 80 81 82 83 84 85 86 87 88 89 8a 8b 8c 8d 8e 8f 90 91 92 93 94 95 96 97 98 99 9a 9b 9c 9d 9e 9f a0 a1 a2 a3 a4 a5 a6 a7 a8 a9 aa ab ac ad ae af b0 b1 b2 b3 b4 b5 b6 b7 b8 b9 ba bb bc bd be bf c0 c1 c2 c3 c4 c5 c6 c7 c8 c9 ca cb cc cd ce cf d0 d1 d2 d3 d4 d5 d6 d7 d8 d9 da db dc dd de df e0 e1 e2 e3 e4 e5 e6 e7 e8 e9 ea eb ec ed ee ef f0 f1 f2 f3 f4 f5 f6 f7 f8 f9 fa fb fc fd fe ff 
 0  1  2 41  4 a5 82 dc  8 a6 9d ef d3 1f 6f -- 10 -- 9b -- ed --  9 f6 71 -- 3e -- de 78 -- 65 20 -- -- -- e1 77 -- db  d 2c -- -- 12 -- 3b -- e2 -- -- 33 7c -- -- -- 6b a8 f0 -- -- -- ca -- 40 -- -- -- -- -- -- -- 15 -- ee -- -- -- 61 4f 1a -- 58 -- -- 32 -- 4c 24 -- -- -- 76 -- -- -- 13 -- -- -- -- -- 66 -- f8 -- -- -- -- -- -- -- d6 -- 87 -- 37 8e -- 4e -- 79 -- -- 43 -- -- -- 80 -- -- c8 -- -- -- -- -- -- -- e7 -- -- -- -- 2a -- -- --  b -- -- 68 -- 1e -- -- c2 72 9e b7 34 -- -- -- b0 39 --  f -- -- 64 -- -- -- 98 -- 48 -- -- -- -- -- -- 90 ec f7 -- -- -- -- -- -- 26 19 -- -- -- -- -- -- -- -- -- -- cc -- -- -- 27 47 -- -- -- -- -- d7 -- -- -- -- -- -- -- -- 7b -- -- -- d9 3c -- -- 6e b9 cb eb -- e4 9c 53 -- -- f2 -- -- -- -- 54 86 d0 -- -- -- -- -- 16 

solutions so far:0 maxDepth:10 
iterations:41148962  skipped: 13 
Depth skipped: 
0 0 13 0 0 0 0 0 0 0 0 0 0 0 0 0 0 0 0 0 0 0 0 0 0 0 0 0 0 0 0 0 

running time: 4800 sec
 depth:6
 0  1  2  3  4  5  6  7  8  9  a  b  c  d  e  f 10 11 12 13 14 15 16 17 18 19 1a 1b 1c 1d 1e 1f 20 21 22 23 24 25 26 27 28 29 2a 2b 2c 2d 2e 2f 30 31 32 33 34 35 36 37 38 39 3a 3b 3c 3d 3e 3f 40 41 42 43 44 45 46 47 48 49 4a 4b 4c 4d 4e 4f 50 51 52 53 54 55 56 57 58 59 5a 5b 5c 5d 5e 5f 60 61 62 63 64 65 66 67 68 69 6a 6b 6c 6d 6e 6f 70 71 72 73 74 75 76 77 78 79 7a 7b 7c 7d 7e 7f 80 81 82 83 84 85 86 87 88 89 8a 8b 8c 8d 8e 8f 90 91 92 93 94 95 96 97 98 99 9a 9b 9c 9d 9e 9f a0 a1 a2 a3 a4 a5 a6 a7 a8 a9 aa ab ac ad ae af b0 b1 b2 b3 b4 b5 b6 b7 b8 b9 ba bb bc bd be bf c0 c1 c2 c3 c4 c5 c6 c7 c8 c9 ca cb cc cd ce cf d0 d1 d2 d3 d4 d5 d6 d7 d8 d9 da db dc dd de df e0 e1 e2 e3 e4 e5 e6 e7 e8 e9 ea eb ec ed ee ef f0 f1 f2 f3 f4 f5 f6 f7 f8 f9 fa fb fc fd fe ff 
 0  1  2 41  4 9b 82 1b  8 ef e1  f d3 6b 36 -- 10 --  9 -- 15 -- 1e 4b 71 -- d6 -- 6c 69 -- e4 20 -- -- -- 12 65 -- f8 2a db -- -- 3c -- 96 -- e2 -- -- 33 7b -- -- -- d8 f7 d2 -- -- -- 1f -- 40 -- -- -- -- -- -- -- 24 -- ca -- -- -- 27 4f 54 -- 61 -- -- 32 -- 4c 78 -- -- -- fb -- -- -- 13 -- -- -- -- -- 66 -- f6 -- -- -- -- -- -- -- 67 -- 39 -- 73 8e -- 76 -- 79 -- -- 3e -- -- -- 80 -- -- c8 -- -- -- -- -- -- -- e7 -- -- -- -- 48 -- -- -- 43 -- -- 87 -- 84 -- -- 4e 6f 9e 53 a8 -- -- -- c2 dc -- 42 -- -- 64 -- -- -- 98 -- f0 -- -- -- -- -- -- 37 21 6e -- -- -- -- -- -- 26 19 -- -- -- -- -- -- -- -- -- -- cc -- -- -- 3b 47 -- -- -- -- -- d7 -- -- -- -- -- -- -- -- ce -- -- -- 72 df -- -- e6 a6 cb eb -- de ec 9c -- -- f2 -- -- -- -- 90 7c d9 -- -- -- -- -- 86 

solutions so far:0 maxDepth:10 
iterations:43627057  skipped: 16 
Depth skipped: 
0 0 16 0 0 0 0 0 0 0 0 0 0 0 0 0 0 0 0 0 0 0 0 0 0 0 0 0 0 0 0 0 

running time: 5100 sec
 depth:8
 0  1  2  3  4  5  6  7  8  9  a  b  c  d  e  f 10 11 12 13 14 15 16 17 18 19 1a 1b 1c 1d 1e 1f 20 21 22 23 24 25 26 27 28 29 2a 2b 2c 2d 2e 2f 30 31 32 33 34 35 36 37 38 39 3a 3b 3c 3d 3e 3f 40 41 42 43 44 45 46 47 48 49 4a 4b 4c 4d 4e 4f 50 51 52 53 54 55 56 57 58 59 5a 5b 5c 5d 5e 5f 60 61 62 63 64 65 66 67 68 69 6a 6b 6c 6d 6e 6f 70 71 72 73 74 75 76 77 78 79 7a 7b 7c 7d 7e 7f 80 81 82 83 84 85 86 87 88 89 8a 8b 8c 8d 8e 8f 90 91 92 93 94 95 96 97 98 99 9a 9b 9c 9d 9e 9f a0 a1 a2 a3 a4 a5 a6 a7 a8 a9 aa ab ac ad ae af b0 b1 b2 b3 b4 b5 b6 b7 b8 b9 ba bb bc bd be bf c0 c1 c2 c3 c4 c5 c6 c7 c8 c9 ca cb cc cd ce cf d0 d1 d2 d3 d4 d5 d6 d7 d8 d9 da db dc dd de df e0 e1 e2 e3 e4 e5 e6 e7 e8 e9 ea eb ec ed ee ef f0 f1 f2 f3 f4 f5 f6 f7 f8 f9 fa fb fc fd fe ff 
 0  1  2 41  4 94 82 ba  8 7d ff f6 d3 6e a3 c7 10 ae fa -- 29 -- 3b f4 71 -- dc -- 91 af 59 31 20 -- 8b -- 23  a -- be 52 a0 -- -- 76 -- 3f -- e2 -- -- 33 6f -- -- b5 f5 49 89 22 b2 -- 62 -- 40 -- -- -- c1 -- -- -- 46 -- 14 -- -- 60 ab 4f a4 -- 97 -- -- 32 -- 4c ec 83 -- -- 7e -- -- -- 13 -- -- -- -- -- 66 -- de -- -- 4d -- -- bd 8d 3d -- 92 -- c5 8e 44 d6 b3 79 -- e3 c4 -- -- -- 80 -- -- c8 -- -- -- -- 55 -- -- e7 -- 18 -- -- 8c -- -- -- 28 -- -- e9 -- 5e c0 -- 81 f0 9e 25 9f -- -- -- f9 78 -- 2f -- -- 64 -- --  c 98 --  f ea d1 75 --  3 -- 1e fc 3c -- -- --  6 -- -- 26 19 -- -- -- -- -- aa -- -- -- -- cc 30 -- -- 6b 47 -- -- -- -- 9a d7 -- -- -- -- ad -- cd -- 7a -- -- 57 f3 bc -- -- 5d 4a cb eb 88 37 7b d5 b1 -- f2 -- -- -- 11 cf 5f  5 -- -- -- -- -- 50 

solutions so far:0 maxDepth:10 
iterations:47335243  skipped: 16 
Depth skipped: 
0 0 16 0 0 0 0 0 0 0 0 0 0 0 0 0 0 0 0 0 0 0 0 0 0 0 0 0 0 0 0 0 

running time: 5400 sec
 depth:6
 0  1  2  3  4  5  6  7  8  9  a  b  c  d  e  f 10 11 12 13 14 15 16 17 18 19 1a 1b 1c 1d 1e 1f 20 21 22 23 24 25 26 27 28 29 2a 2b 2c 2d 2e 2f 30 31 32 33 34 35 36 37 38 39 3a 3b 3c 3d 3e 3f 40 41 42 43 44 45 46 47 48 49 4a 4b 4c 4d 4e 4f 50 51 52 53 54 55 56 57 58 59 5a 5b 5c 5d 5e 5f 60 61 62 63 64 65 66 67 68 69 6a 6b 6c 6d 6e 6f 70 71 72 73 74 75 76 77 78 79 7a 7b 7c 7d 7e 7f 80 81 82 83 84 85 86 87 88 89 8a 8b 8c 8d 8e 8f 90 91 92 93 94 95 96 97 98 99 9a 9b 9c 9d 9e 9f a0 a1 a2 a3 a4 a5 a6 a7 a8 a9 aa ab ac ad ae af b0 b1 b2 b3 b4 b5 b6 b7 b8 b9 ba bb bc bd be bf c0 c1 c2 c3 c4 c5 c6 c7 c8 c9 ca cb cc cd ce cf d0 d1 d2 d3 d4 d5 d6 d7 d8 d9 da db dc dd de df e0 e1 e2 e3 e4 e5 e6 e7 e8 e9 ea eb ec ed ee ef f0 f1 f2 f3 f4 f5 f6 f7 f8 f9 fa fb fc fd fe ff 
 0  1  2 41  4 88 82 bf  8 c0 c7 42 d3 d8 a9 -- 10 -- 57 -- 59 -- 84 63 71 -- 67 -- 85 fd -- 75 20 -- -- -- ae ad --  c b2 9a -- -- df -- c6 -- e2 -- -- 33 ce -- -- -- dd aa 2d -- -- -- ea -- 40 -- -- -- -- -- -- -- 8b -- 8d -- -- -- 18 4f b3 -- e3 -- -- 32 -- 4c 69 -- -- -- 5b -- -- -- 13 -- -- -- -- -- 66 -- 4b -- -- -- -- -- -- -- 6d -- 83 -- 5a 8e -- fb -- 79 -- --  3 -- -- -- 80 -- -- c8 -- -- -- -- -- -- -- e7 -- -- -- -- c1 -- -- -- cd -- -- b5 -- a1 -- -- 30 36 9e 22 b1 -- -- -- 11 1b -- bb -- -- 64 -- -- -- 98 -- d2 -- -- -- -- -- -- 73 b6 e6 -- -- -- -- -- -- 26 19 -- -- -- -- -- -- -- -- -- -- cc -- -- -- 96 47 -- -- -- -- -- d7 -- -- -- -- -- -- -- -- da -- -- -- d1 95 -- -- b4 44 cb eb -- 6c 21 60 -- -- f2 -- -- -- -- 55  6 bd -- -- -- -- -- 4d 

solutions so far:0 maxDepth:10 
iterations:51401124  skipped: 20 
Depth skipped: 
0 0 20 0 0 0 0 0 0 0 0 0 0 0 0 0 0 0 0 0 0 0 0 0 0 0 0 0 0 0 0 0 

running time: 5700 sec
 depth:7
 0  1  2  3  4  5  6  7  8  9  a  b  c  d  e  f 10 11 12 13 14 15 16 17 18 19 1a 1b 1c 1d 1e 1f 20 21 22 23 24 25 26 27 28 29 2a 2b 2c 2d 2e 2f 30 31 32 33 34 35 36 37 38 39 3a 3b 3c 3d 3e 3f 40 41 42 43 44 45 46 47 48 49 4a 4b 4c 4d 4e 4f 50 51 52 53 54 55 56 57 58 59 5a 5b 5c 5d 5e 5f 60 61 62 63 64 65 66 67 68 69 6a 6b 6c 6d 6e 6f 70 71 72 73 74 75 76 77 78 79 7a 7b 7c 7d 7e 7f 80 81 82 83 84 85 86 87 88 89 8a 8b 8c 8d 8e 8f 90 91 92 93 94 95 96 97 98 99 9a 9b 9c 9d 9e 9f a0 a1 a2 a3 a4 a5 a6 a7 a8 a9 aa ab ac ad ae af b0 b1 b2 b3 b4 b5 b6 b7 b8 b9 ba bb bc bd be bf c0 c1 c2 c3 c4 c5 c6 c7 c8 c9 ca cb cc cd ce cf d0 d1 d2 d3 d4 d5 d6 d7 d8 d9 da db dc dd de df e0 e1 e2 e3 e4 e5 e6 e7 e8 e9 ea eb ec ed ee ef f0 f1 f2 f3 f4 f5 f6 f7 f8 f9 fa fb fc fd fe ff 
 0  1  2 41  4 7f 82 b7  8 21 fe 2d d3 c6 b9 b2 10 -- 42 -- 2b -- 5a 1a 71 -- 5b -- a5 16 b3 36 20 -- -- -- 84 8a -- ce 56 93 -- -- b4 -- 34 -- e2 -- -- 33 b6 -- -- ad 9d 73 2c 88 b1 -- 6c -- 40 -- -- -- -- -- -- -- df -- c3 -- -- -- 4b 4f ac -- f1 -- -- 32 -- 4c bf -- -- -- 68 -- -- -- 13 -- -- -- -- -- 66 -- bb -- -- e3 -- -- 8d 4d ed -- e6 -- 58 8e c7 95 b5 79 -- 22 d8 -- -- -- 80 -- -- c8 -- -- -- -- -- -- -- e7 -- -- -- -- 69 -- -- -- 51 -- -- c9 -- ee -- -- 96 da 9e 6a 8f -- -- -- 35 6d -- 77 -- -- 64 -- -- -- 98 -- a9 -- -- -- -- -- -- 85 d0 dd -- -- -- -- -- -- 26 19 -- -- -- -- -- -- -- -- -- -- cc -- -- -- a1 47 -- -- -- -- 11 d7 -- -- -- -- cd -- 9a --  d -- -- -- 1b  b -- -- b0 d4 cb eb 59 63 fd fb bd -- f2 -- -- -- 44 d2 67 45 -- -- -- -- -- a2 

solutions so far:0 maxDepth:10 
iterations:54766200  skipped: 21 
Depth skipped: 
0 0 21 0 0 0 0 0 0 0 0 0 0 0 0 0 0 0 0 0 0 0 0 0 0 0 0 0 0 0 0 0 

running time: 6000 sec
 depth:6
 0  1  2  3  4  5  6  7  8  9  a  b  c  d  e  f 10 11 12 13 14 15 16 17 18 19 1a 1b 1c 1d 1e 1f 20 21 22 23 24 25 26 27 28 29 2a 2b 2c 2d 2e 2f 30 31 32 33 34 35 36 37 38 39 3a 3b 3c 3d 3e 3f 40 41 42 43 44 45 46 47 48 49 4a 4b 4c 4d 4e 4f 50 51 52 53 54 55 56 57 58 59 5a 5b 5c 5d 5e 5f 60 61 62 63 64 65 66 67 68 69 6a 6b 6c 6d 6e 6f 70 71 72 73 74 75 76 77 78 79 7a 7b 7c 7d 7e 7f 80 81 82 83 84 85 86 87 88 89 8a 8b 8c 8d 8e 8f 90 91 92 93 94 95 96 97 98 99 9a 9b 9c 9d 9e 9f a0 a1 a2 a3 a4 a5 a6 a7 a8 a9 aa ab ac ad ae af b0 b1 b2 b3 b4 b5 b6 b7 b8 b9 ba bb bc bd be bf c0 c1 c2 c3 c4 c5 c6 c7 c8 c9 ca cb cc cd ce cf d0 d1 d2 d3 d4 d5 d6 d7 d8 d9 da db dc dd de df e0 e1 e2 e3 e4 e5 e6 e7 e8 e9 ea eb ec ed ee ef f0 f1 f2 f3 f4 f5 f6 f7 f8 f9 fa fb fc fd fe ff 
 0  1  2 41  4 7b 82 c5  8 ea f6 c6 d3 bf 5d -- 10 --  3 -- 3b -- 5b 3d 71 -- a9 -- ba 5e -- ae 20 -- -- --  6 78 -- aa 76 dc -- -- b6 -- 7a -- e2 -- -- 33 85 -- -- -- a3 60 bc -- -- -- 8b -- 40 -- -- -- -- -- -- --  c -- f0 -- -- -- 83 4f ec -- 6f -- -- 32 -- 4c bb -- -- -- f4 -- -- -- 13 -- -- -- -- -- 66 -- dd -- -- -- -- -- -- -- 91 -- c0 -- af 8e -- da -- 79 -- -- c1 -- -- -- 80 -- -- c8 -- -- -- -- -- -- -- e7 -- -- -- -- 18 -- -- -- 37 -- -- 1e -- fc -- -- d1 5a 9e 6b  f -- -- -- de 2d -- 7e -- -- 64 -- -- -- 98 -- a1 -- -- -- -- -- -- 95 3f fd -- -- -- -- -- -- 26 19 -- -- -- -- -- -- -- -- -- -- cc -- -- -- 6d 47 -- -- -- -- -- d7 -- -- -- -- -- -- -- -- f5 -- -- -- 57 2f -- -- 89 d6 cb eb -- b4 63 75 -- -- f2 -- -- -- -- 30 55 3c -- -- -- -- -- 6e 

solutions so far:0 maxDepth:10 
iterations:57482683  skipped: 21 
Depth skipped: 
0 0 21 0 0 0 0 0 0 0 0 0 0 0 0 0 0 0 0 0 0 0 0 0 0 0 0 0 0 0 0 0 

running time: 6300 sec
 depth:6
 0  1  2  3  4  5  6  7  8  9  a  b  c  d  e  f 10 11 12 13 14 15 16 17 18 19 1a 1b 1c 1d 1e 1f 20 21 22 23 24 25 26 27 28 29 2a 2b 2c 2d 2e 2f 30 31 32 33 34 35 36 37 38 39 3a 3b 3c 3d 3e 3f 40 41 42 43 44 45 46 47 48 49 4a 4b 4c 4d 4e 4f 50 51 52 53 54 55 56 57 58 59 5a 5b 5c 5d 5e 5f 60 61 62 63 64 65 66 67 68 69 6a 6b 6c 6d 6e 6f 70 71 72 73 74 75 76 77 78 79 7a 7b 7c 7d 7e 7f 80 81 82 83 84 85 86 87 88 89 8a 8b 8c 8d 8e 8f 90 91 92 93 94 95 96 97 98 99 9a 9b 9c 9d 9e 9f a0 a1 a2 a3 a4 a5 a6 a7 a8 a9 aa ab ac ad ae af b0 b1 b2 b3 b4 b5 b6 b7 b8 b9 ba bb bc bd be bf c0 c1 c2 c3 c4 c5 c6 c7 c8 c9 ca cb cc cd ce cf d0 d1 d2 d3 d4 d5 d6 d7 d8 d9 da db dc dd de df e0 e1 e2 e3 e4 e5 e6 e7 e8 e9 ea eb ec ed ee ef f0 f1 f2 f3 f4 f5 f6 f7 f8 f9 fa fb fc fd fe ff 
 0  1  2 41  4 76 82  d  8 5a ec e0 d3 74 1a -- 10 -- b4 --  f -- 17 ee 71 -- e8 -- 34 b9 -- c6 20 -- -- -- bf 6e -- a1 1e 6b -- -- 2e --  b -- e2 -- -- 33  7 -- -- -- 68 6d a5 -- -- -- 5b -- 40 -- -- -- -- -- -- -- a9 -- dc -- -- -- 95 4f 3c -- d6 -- -- 32 -- 4c 5c -- -- -- 16 -- -- -- 13 -- -- -- -- -- 66 --  e -- -- -- -- -- -- -- d0 -- da -- 9d 8e -- 38 -- 79 -- -- b6 -- -- -- 80 -- -- c8 -- -- -- -- -- -- -- e7 -- -- -- -- 85 -- -- -- 6f -- -- f0 -- b0 -- -- fd 1d 9e f6 78 -- -- -- 7b e5 -- 58 -- -- 64 -- -- -- 98 -- b8 -- -- -- -- -- -- a7 2c 99 -- -- -- -- -- -- 26 19 -- -- -- -- -- -- -- -- -- -- cc -- -- -- 1c 47 -- -- -- -- -- d7 -- -- -- -- -- -- -- -- 77 -- -- -- 63 b7 -- -- ed 3b cb eb -- 3a 70 2d -- -- f2 -- -- -- -- dd bb 37 -- -- -- -- -- de 

solutions so far:0 maxDepth:10 
iterations:61025736  skipped: 21 
Depth skipped: 
0 0 21 0 0 0 0 0 0 0 0 0 0 0 0 0 0 0 0 0 0 0 0 0 0 0 0 0 0 0 0 0 

running time: 6600 sec
 depth:7
 0  1  2  3  4  5  6  7  8  9  a  b  c  d  e  f 10 11 12 13 14 15 16 17 18 19 1a 1b 1c 1d 1e 1f 20 21 22 23 24 25 26 27 28 29 2a 2b 2c 2d 2e 2f 30 31 32 33 34 35 36 37 38 39 3a 3b 3c 3d 3e 3f 40 41 42 43 44 45 46 47 48 49 4a 4b 4c 4d 4e 4f 50 51 52 53 54 55 56 57 58 59 5a 5b 5c 5d 5e 5f 60 61 62 63 64 65 66 67 68 69 6a 6b 6c 6d 6e 6f 70 71 72 73 74 75 76 77 78 79 7a 7b 7c 7d 7e 7f 80 81 82 83 84 85 86 87 88 89 8a 8b 8c 8d 8e 8f 90 91 92 93 94 95 96 97 98 99 9a 9b 9c 9d 9e 9f a0 a1 a2 a3 a4 a5 a6 a7 a8 a9 aa ab ac ad ae af b0 b1 b2 b3 b4 b5 b6 b7 b8 b9 ba bb bc bd be bf c0 c1 c2 c3 c4 c5 c6 c7 c8 c9 ca cb cc cd ce cf d0 d1 d2 d3 d4 d5 d6 d7 d8 d9 da db dc dd de df e0 e1 e2 e3 e4 e5 e6 e7 e8 e9 ea eb ec ed ee ef f0 f1 f2 f3 f4 f5 f6 f7 f8 f9 fa fb fc fd fe ff 
 0  1  2 41  4 6c 82 68  8 a4 d8 53 d3 65 d0 c7 10 -- 9f -- 67 -- a6 2c 71 -- ca -- 77 ed 59 97 20 -- -- -- e9 42 -- 94 ce d2 -- -- 9b -- 58 -- e2 -- -- 33 43 -- -- b5 ee 28  d 22 b2 -- f9 -- 40 -- -- -- -- -- -- --  5 -- 84 -- -- -- ff 4f 4b -- 73 -- -- 32 -- 4c e1 -- -- -- b0 -- -- -- 13 -- -- -- -- -- 66 -- 86 -- -- 4d -- -- bd 8d  b -- 50 -- 1a 8e 44 61 b3 79 -- e3 25 -- -- -- 80 -- -- c8 -- -- -- -- -- -- -- e7 -- -- -- --  a -- -- -- df -- -- fb -- a5 -- -- 29 87 9e 1b 96 -- -- -- e6 a8 -- b9 -- -- 64 -- -- -- 98 -- 15 -- -- -- -- -- -- 2a b7 54 -- -- -- -- -- -- 26 19 -- -- -- -- -- -- -- -- -- -- cc -- -- -- db 47 -- -- -- -- 9a d7 -- -- -- -- ad -- cd -- 16 -- -- -- a0 9d -- -- 34 36 cb eb 88 d9 c2 52 b1 -- f2 -- -- -- 11 14 4a 21 -- -- -- -- -- 69 

solutions so far:0 maxDepth:10 
iterations:65099060  skipped: 24 
Depth skipped: 
0 0 24 0 0 0 0 0 0 0 0 0 0 0 0 0 0 0 0 0 0 0 0 0 0 0 0 0 0 0 0 0 

running time: 6900 sec
 depth:7
 0  1  2  3  4  5  6  7  8  9  a  b  c  d  e  f 10 11 12 13 14 15 16 17 18 19 1a 1b 1c 1d 1e 1f 20 21 22 23 24 25 26 27 28 29 2a 2b 2c 2d 2e 2f 30 31 32 33 34 35 36 37 38 39 3a 3b 3c 3d 3e 3f 40 41 42 43 44 45 46 47 48 49 4a 4b 4c 4d 4e 4f 50 51 52 53 54 55 56 57 58 59 5a 5b 5c 5d 5e 5f 60 61 62 63 64 65 66 67 68 69 6a 6b 6c 6d 6e 6f 70 71 72 73 74 75 76 77 78 79 7a 7b 7c 7d 7e 7f 80 81 82 83 84 85 86 87 88 89 8a 8b 8c 8d 8e 8f 90 91 92 93 94 95 96 97 98 99 9a 9b 9c 9d 9e 9f a0 a1 a2 a3 a4 a5 a6 a7 a8 a9 aa ab ac ad ae af b0 b1 b2 b3 b4 b5 b6 b7 b8 b9 ba bb bc bd be bf c0 c1 c2 c3 c4 c5 c6 c7 c8 c9 ca cb cc cd ce cf d0 d1 d2 d3 d4 d5 d6 d7 d8 d9 da db dc dd de df e0 e1 e2 e3 e4 e5 e6 e7 e8 e9 ea eb ec ed ee ef f0 f1 f2 f3 f4 f5 f6 f7 f8 f9 fa fb fc fd fe ff 
 0  1  2 41  4 5e 82 38  8 21 bc f9 d3  5 70 11 10 -- 42 -- af -- 25 b8 71 --  a -- e0 e8 22 36 20 -- -- -- 84 91 -- ce 89 f4 -- -- 4a -- a7 -- e2 -- -- 33 14 -- -- 59 17 73  7 4d 44 -- 6c -- 40 -- -- -- -- -- -- -- df -- f5 -- -- -- 4b 4f c5 -- 3f -- -- 32 -- 4c 94 -- -- -- 99 -- -- -- 13 -- -- -- -- -- 66 -- 28 -- -- bd -- -- b2 b1 2e -- e6 --  e 8e 9a a0 88 79 -- 8d d8 -- -- -- 80 -- -- c8 -- -- -- -- -- -- -- e7 -- -- -- -- 69 -- -- -- 3d -- -- ba -- 3a -- -- 96 9f 9e fc 5d -- -- -- 7e a4 -- 1d -- -- 64 -- -- -- 98 -- ff -- -- -- -- -- -- 29 e5 52 -- -- -- -- -- -- 26 19 -- -- -- -- -- -- -- -- -- -- cc -- -- -- 50 47 -- -- -- -- ad d7 -- -- -- -- b3 -- b5 -- 5c -- -- -- 1b 74 -- -- 1c 2f cb eb e3 e9 97 fb c7 -- f2 -- -- -- cd d2 67 a3 -- -- -- -- -- 7a 

solutions so far:0 maxDepth:10 
iterations:69193272  skipped: 27 
Depth skipped: 
0 0 27 0 0 0 0 0 0 0 0 0 0 0 0 0 0 0 0 0 0 0 0 0 0 0 0 0 0 0 0 0 

running time: 7200 sec
 depth:7
 0  1  2  3  4  5  6  7  8  9  a  b  c  d  e  f 10 11 12 13 14 15 16 17 18 19 1a 1b 1c 1d 1e 1f 20 21 22 23 24 25 26 27 28 29 2a 2b 2c 2d 2e 2f 30 31 32 33 34 35 36 37 38 39 3a 3b 3c 3d 3e 3f 40 41 42 43 44 45 46 47 48 49 4a 4b 4c 4d 4e 4f 50 51 52 53 54 55 56 57 58 59 5a 5b 5c 5d 5e 5f 60 61 62 63 64 65 66 67 68 69 6a 6b 6c 6d 6e 6f 70 71 72 73 74 75 76 77 78 79 7a 7b 7c 7d 7e 7f 80 81 82 83 84 85 86 87 88 89 8a 8b 8c 8d 8e 8f 90 91 92 93 94 95 96 97 98 99 9a 9b 9c 9d 9e 9f a0 a1 a2 a3 a4 a5 a6 a7 a8 a9 aa ab ac ad ae af b0 b1 b2 b3 b4 b5 b6 b7 b8 b9 ba bb bc bd be bf c0 c1 c2 c3 c4 c5 c6 c7 c8 c9 ca cb cc cd ce cf d0 d1 d2 d3 d4 d5 d6 d7 d8 d9 da db dc dd de df e0 e1 e2 e3 e4 e5 e6 e7 e8 e9 ea eb ec ed ee ef f0 f1 f2 f3 f4 f5 f6 f7 f8 f9 fa fb fc fd fe ff 
 0  1  2 41  4 58 82 89  8 d5 b0  5 d3 94 c5 c6 10 -- 7d -- b7 --  a f5 71 -- ff -- 5d 2f 5b f3 20 -- -- -- fa 1a -- 5f b9 77 -- -- 14 -- 3d -- e2 -- -- 33 29 -- -- 95 ba cf 5e 6d b6 -- 31 -- 40 -- -- -- -- -- -- -- 23 -- 34 -- -- -- be 4f a5 -- ee -- -- 32 -- 4c 28 -- -- -- 7a -- -- -- 13 -- -- -- -- -- 66 -- 52 -- -- bf -- -- fd 5a a3 -- 49 -- bc 8e da 9f bb 79 -- 85 62 -- -- -- 80 -- -- c8 -- -- -- -- -- -- -- e7 -- -- -- -- 46 -- -- -- 68 -- -- ed -- 7e -- -- ab 25 9e 16 9d -- -- --  b f9 -- 3f -- -- 64 -- -- -- 98 -- 50 -- -- -- -- -- -- a0 f4 97 -- -- -- -- -- -- 26 19 -- -- -- -- -- -- -- -- -- -- cc -- -- -- a4 47 -- -- -- -- a9 d7 -- -- -- -- 2d -- b4 -- 91 -- -- -- 92 fc -- -- af 2c cb eb 63 4a e9 81 a1 -- f2 -- -- -- dd 8c c4  d -- -- -- -- -- d0 

solutions so far:0 maxDepth:10 
iterations:73302826  skipped: 27 
Depth skipped: 
0 0 27 0 0 0 0 0 0 0 0 0 0 0 0 0 0 0 0 0 0 0 0 0 0 0 0 0 0 0 0 0 

running time: 7500 sec
 depth:7
 0  1  2  3  4  5  6  7  8  9  a  b  c  d  e  f 10 11 12 13 14 15 16 17 18 19 1a 1b 1c 1d 1e 1f 20 21 22 23 24 25 26 27 28 29 2a 2b 2c 2d 2e 2f 30 31 32 33 34 35 36 37 38 39 3a 3b 3c 3d 3e 3f 40 41 42 43 44 45 46 47 48 49 4a 4b 4c 4d 4e 4f 50 51 52 53 54 55 56 57 58 59 5a 5b 5c 5d 5e 5f 60 61 62 63 64 65 66 67 68 69 6a 6b 6c 6d 6e 6f 70 71 72 73 74 75 76 77 78 79 7a 7b 7c 7d 7e 7f 80 81 82 83 84 85 86 87 88 89 8a 8b 8c 8d 8e 8f 90 91 92 93 94 95 96 97 98 99 9a 9b 9c 9d 9e 9f a0 a1 a2 a3 a4 a5 a6 a7 a8 a9 aa ab ac ad ae af b0 b1 b2 b3 b4 b5 b6 b7 b8 b9 ba bb bc bd be bf c0 c1 c2 c3 c4 c5 c6 c7 c8 c9 ca cb cc cd ce cf d0 d1 d2 d3 d4 d5 d6 d7 d8 d9 da db dc dd de df e0 e1 e2 e3 e4 e5 e6 e7 e8 e9 ea eb ec ed ee ef f0 f1 f2 f3 f4 f5 f6 f7 f8 f9 fa fb fc fd fe ff 
 0  1  2 41  4 4d 82 70  8 ca 9a ab d3 92 e0 ef 10 -- 43 -- e3 -- 81 a7 71 -- f3 -- 17  7  9 e1 20 -- -- -- 86 59 -- a8 11 b5 -- -- d5 -- 99 -- e2 -- -- 33 31 -- -- 90 2e 53  e 27 12 -- 15 -- 40 -- -- -- -- -- -- -- db -- b2 -- -- -- 87 4f 22 -- bd -- -- 32 -- 4c 7d -- -- -- e5 -- -- -- 13 -- -- -- -- -- 66 -- 62 -- -- 1f -- -- f7 72 5c -- a6 -- 1c 8e 4e 5f 24 79 -- 7c 2a -- -- -- 80 -- -- c8 -- -- -- -- -- -- -- e7 -- -- -- -- 61 -- -- -- b3 -- -- 88 -- 74 -- -- d9 cf 9e 8d 44 -- -- -- ad 8c -- 3a -- -- 64 -- -- -- 98 -- fa -- -- -- -- -- -- 23 1d 46 -- -- -- -- -- -- 26 19 -- -- -- -- -- -- -- -- -- -- cc -- -- -- c4 47 -- -- -- -- 3e d7 -- -- -- -- 39 -- e4 -- b8 -- -- -- 9b e8 -- -- 38 cd cb eb 9c 49 be 65 48 -- f2 -- -- -- f8 c2 54 c7 -- -- -- -- -- b1 

solutions so far:0 maxDepth:10 
iterations:77624441  skipped: 29 
Depth skipped: 
0 0 29 0 0 0 0 0 0 0 0 0 0 0 0 0 0 0 0 0 0 0 0 0 0 0 0 0 0 0 0 0 

running time: 7800 sec
 depth:6
 0  1  2  3  4  5  6  7  8  9  a  b  c  d  e  f 10 11 12 13 14 15 16 17 18 19 1a 1b 1c 1d 1e 1f 20 21 22 23 24 25 26 27 28 29 2a 2b 2c 2d 2e 2f 30 31 32 33 34 35 36 37 38 39 3a 3b 3c 3d 3e 3f 40 41 42 43 44 45 46 47 48 49 4a 4b 4c 4d 4e 4f 50 51 52 53 54 55 56 57 58 59 5a 5b 5c 5d 5e 5f 60 61 62 63 64 65 66 67 68 69 6a 6b 6c 6d 6e 6f 70 71 72 73 74 75 76 77 78 79 7a 7b 7c 7d 7e 7f 80 81 82 83 84 85 86 87 88 89 8a 8b 8c 8d 8e 8f 90 91 92 93 94 95 96 97 98 99 9a 9b 9c 9d 9e 9f a0 a1 a2 a3 a4 a5 a6 a7 a8 a9 aa ab ac ad ae af b0 b1 b2 b3 b4 b5 b6 b7 b8 b9 ba bb bc bd be bf c0 c1 c2 c3 c4 c5 c6 c7 c8 c9 ca cb cc cd ce cf d0 d1 d2 d3 d4 d5 d6 d7 d8 d9 da db dc dd de df e0 e1 e2 e3 e4 e5 e6 e7 e8 e9 ea eb ec ed ee ef f0 f1 f2 f3 f4 f5 f6 f7 f8 f9 fa fb fc fd fe ff 
 0  1  2 41  4 44 82 ac  8 6e 88 31 d3 23 8f -- 10 -- dc -- c7 -- 62 51 71 -- 46 -- c9 7f -- 76 20 -- -- -- 6f bd -- 3c 59 4d -- -- c4 -- a2 -- e2 -- -- 33 8c -- -- -- 45 7b fe -- -- -- ec -- 40 -- -- -- -- -- -- -- de -- ad -- -- -- 78 4f b2 -- 9a -- -- 32 -- 4c 5f -- -- -- 93 -- -- -- 13 -- -- -- -- -- 66 -- cf -- -- -- -- -- -- -- 8a -- f6 -- 2b 8e -- 92 -- 79 -- --  f -- -- -- 80 -- -- c8 -- -- -- -- -- -- -- e7 -- -- -- -- 6b -- -- -- 8d -- -- b1 -- 6a -- -- f0 7d 9e 11 b3 -- -- -- e3 d5 -- 35 -- -- 64 -- -- -- 98 -- be -- -- -- -- -- -- ab f1 81 -- -- -- -- -- -- 26 19 -- -- -- -- -- -- -- -- -- -- cc -- -- -- 49 47 -- -- -- -- -- d7 -- -- -- -- -- -- -- -- c3 -- -- -- 3b d4 -- -- 56 22 cb eb -- fa f3 37 -- -- f2 -- -- -- -- d6 1e b5 -- -- -- -- -- cd 

solutions so far:0 maxDepth:10 
iterations:82339701  skipped: 29 
Depth skipped: 
0 0 29 0 0 0 0 0 0 0 0 0 0 0 0 0 0 0 0 0 0 0 0 0 0 0 0 0 0 0 0 0 

running time: 8100 sec
 depth:7
 0  1  2  3  4  5  6  7  8  9  a  b  c  d  e  f 10 11 12 13 14 15 16 17 18 19 1a 1b 1c 1d 1e 1f 20 21 22 23 24 25 26 27 28 29 2a 2b 2c 2d 2e 2f 30 31 32 33 34 35 36 37 38 39 3a 3b 3c 3d 3e 3f 40 41 42 43 44 45 46 47 48 49 4a 4b 4c 4d 4e 4f 50 51 52 53 54 55 56 57 58 59 5a 5b 5c 5d 5e 5f 60 61 62 63 64 65 66 67 68 69 6a 6b 6c 6d 6e 6f 70 71 72 73 74 75 76 77 78 79 7a 7b 7c 7d 7e 7f 80 81 82 83 84 85 86 87 88 89 8a 8b 8c 8d 8e 8f 90 91 92 93 94 95 96 97 98 99 9a 9b 9c 9d 9e 9f a0 a1 a2 a3 a4 a5 a6 a7 a8 a9 aa ab ac ad ae af b0 b1 b2 b3 b4 b5 b6 b7 b8 b9 ba bb bc bd be bf c0 c1 c2 c3 c4 c5 c6 c7 c8 c9 ca cb cc cd ce cf d0 d1 d2 d3 d4 d5 d6 d7 d8 d9 da db dc dd de df e0 e1 e2 e3 e4 e5 e6 e7 e8 e9 ea eb ec ed ee ef f0 f1 f2 f3 f4 f5 f6 f7 f8 f9 fa fb fc fd fe ff 
 0  1  2 41  4 38 82 68  8 f7 70 aa d3 60 d0 b5 10 -- 39 -- e0 -- 83 2c 71 -- c0 -- 77 ed bd 4e 20 -- -- -- 72 99 -- 12 17 74 -- -- d1 -- 58 -- e2 -- -- 33 57 -- -- 4d ee 7c  d b2 ad -- 9c -- 40 -- -- -- -- -- -- -- e4 -- e5 -- -- -- 24 4f 2e -- e8 -- -- 32 -- 4c 75 -- -- -- b0 -- -- -- 13 -- -- -- -- -- 66 -- ae -- -- 44 -- -- 9a 11  b -- f8 -- 1a 8e b3 c1 8d 79 -- c7 ef -- -- -- 80 -- -- c8 -- -- -- -- -- -- -- e7 -- -- -- -- 1f -- -- -- 1d -- -- b8 -- a5 -- -- 48 18 9e  e 5c -- -- --  7  c -- b9 -- -- 64 -- -- -- 98 -- ea -- -- -- -- -- --  3 b7  6 -- -- -- -- -- -- 26 19 -- -- -- -- -- -- -- -- -- -- cc -- -- -- 8b 47 -- -- -- -- 88 d7 -- -- -- -- e3 -- 22 -- 16 -- -- -- 27 9d -- -- 34 1c cb eb b1 30 55 90 cd -- f2 -- -- -- 59 3e  9 a7 -- -- -- -- -- 3a 

solutions so far:0 maxDepth:10 
iterations:87403260  skipped: 31 
Depth skipped: 
0 0 31 0 0 0 0 0 0 0 0 0 0 0 0 0 0 0 0 0 0 0 0 0 0 0 0 0 0 0 0 0 

running time: 8400 sec
 depth:7
 0  1  2  3  4  5  6  7  8  9  a  b  c  d  e  f 10 11 12 13 14 15 16 17 18 19 1a 1b 1c 1d 1e 1f 20 21 22 23 24 25 26 27 28 29 2a 2b 2c 2d 2e 2f 30 31 32 33 34 35 36 37 38 39 3a 3b 3c 3d 3e 3f 40 41 42 43 44 45 46 47 48 49 4a 4b 4c 4d 4e 4f 50 51 52 53 54 55 56 57 58 59 5a 5b 5c 5d 5e 5f 60 61 62 63 64 65 66 67 68 69 6a 6b 6c 6d 6e 6f 70 71 72 73 74 75 76 77 78 79 7a 7b 7c 7d 7e 7f 80 81 82 83 84 85 86 87 88 89 8a 8b 8c 8d 8e 8f 90 91 92 93 94 95 96 97 98 99 9a 9b 9c 9d 9e 9f a0 a1 a2 a3 a4 a5 a6 a7 a8 a9 aa ab ac ad ae af b0 b1 b2 b3 b4 b5 b6 b7 b8 b9 ba bb bc bd be bf c0 c1 c2 c3 c4 c5 c6 c7 c8 c9 ca cb cc cd ce cf d0 d1 d2 d3 d4 d5 d6 d7 d8 d9 da db dc dd de df e0 e1 e2 e3 e4 e5 e6 e7 e8 e9 ea eb ec ed ee ef f0 f1 f2 f3 f4 f5 f6 f7 f8 f9 fa fb fc fd fe ff 
 0  1  2 41  4 29 82 c7  8 9b 52 73 d3 fb 59 31 10 -- e1 -- a4 -- e6 bd 71 -- 21 -- b2 11 62 ca 20 -- -- -- 15 28 -- 61 9f f9 -- -- 1b -- ad -- e2 -- -- 33 42 -- -- ab b3 87 22 49 c4 -- 43 -- 40 -- -- -- -- -- -- -- 2a -- 50 -- -- -- c2 4f e9 -- 25 -- -- 32 -- 4c 36 -- -- -- 8d -- -- -- 13 -- -- -- -- -- 66 -- 84 -- -- 23 -- -- 81 7d b1 -- d9 -- 44 8e 92 69 5f 79 -- 8c 86 -- -- -- 80 -- -- c8 -- -- -- -- -- -- -- e7 -- -- -- -- 54 -- -- -- a0 -- --  a -- 9a -- -- 53 4b 9e 94  5 -- -- -- 4a ce -- 4d -- -- 64 -- -- -- 98 -- 6c -- -- -- -- -- -- d8 cd 67 -- -- -- -- -- -- 26 19 -- -- -- -- -- -- -- -- -- -- cc -- -- -- df 47 -- -- -- -- 46 d7 -- -- -- -- d5 -- fa -- b5 -- -- -- 65 e3 -- -- 88 ff cb eb f3 96 d2 a6 be -- f2 -- -- -- cf a8 db 14 -- -- -- -- -- 97 

solutions so far:0 maxDepth:10 
iterations:92783530  skipped: 33 
Depth skipped: 
0 0 33 0 0 0 0 0 0 0 0 0 0 0 0 0 0 0 0 0 0 0 0 0 0 0 0 0 0 0 0 0 

running time: 8700 sec
 depth:7
 0  1  2  3  4  5  6  7  8  9  a  b  c  d  e  f 10 11 12 13 14 15 16 17 18 19 1a 1b 1c 1d 1e 1f 20 21 22 23 24 25 26 27 28 29 2a 2b 2c 2d 2e 2f 30 31 32 33 34 35 36 37 38 39 3a 3b 3c 3d 3e 3f 40 41 42 43 44 45 46 47 48 49 4a 4b 4c 4d 4e 4f 50 51 52 53 54 55 56 57 58 59 5a 5b 5c 5d 5e 5f 60 61 62 63 64 65 66 67 68 69 6a 6b 6c 6d 6e 6f 70 71 72 73 74 75 76 77 78 79 7a 7b 7c 7d 7e 7f 80 81 82 83 84 85 86 87 88 89 8a 8b 8c 8d 8e 8f 90 91 92 93 94 95 96 97 98 99 9a 9b 9c 9d 9e 9f a0 a1 a2 a3 a4 a5 a6 a7 a8 a9 aa ab ac ad ae af b0 b1 b2 b3 b4 b5 b6 b7 b8 b9 ba bb bc bd be bf c0 c1 c2 c3 c4 c5 c6 c7 c8 c9 ca cb cc cd ce cf d0 d1 d2 d3 d4 d5 d6 d7 d8 d9 da db dc dd de df e0 e1 e2 e3 e4 e5 e6 e7 e8 e9 ea eb ec ed ee ef f0 f1 f2 f3 f4 f5 f6 f7 f8 f9 fa fb fc fd fe ff 
 0  1  2 41  4 18 82 b7  8 ba 30 5a d3 5b b9  e 10 -- a3 -- 60 -- b4 1a 71 -- b6 -- a5 16 1c fc 20 -- -- -- 91 55 -- af c0 75 -- -- bf -- 34 -- e2 -- -- 33 bb -- -- 17 9d f4 2c 74 38 -- 2f -- 40 -- -- -- -- -- -- -- f5 -- aa -- -- -- 89 4f 57 -- ea -- -- 32 -- 4c a9 -- -- -- 68 -- -- -- 13 -- -- -- -- -- 66 -- a1 -- -- 99 -- -- 2e b8 ed -- 3f -- 58 8e e8 fd 70 79 -- 1d 5e -- -- -- 80 -- -- c8 -- -- -- -- -- -- -- e7 -- -- -- -- 3d -- -- -- 83 -- -- 8b -- ee -- -- c5 63 9e  6 ae -- -- --  3 da -- 77 -- -- 64 -- -- -- 98 -- 85 -- -- -- -- -- -- dd d0 6d -- -- -- -- -- -- 26 19 -- -- -- -- -- -- -- -- -- -- cc -- -- -- 95 47 -- -- -- -- e5 d7 -- -- -- -- 5c -- a7 --  d -- -- -- 7e  b -- -- b0  c cb eb  7 c6 2d 5d e0 -- f2 -- -- -- 3a 7a bc c1 -- -- -- -- -- d1 

solutions so far:0 maxDepth:10 
iterations:98371160  skipped: 36 
Depth skipped: 
0 0 36 0 0 0 0 0 0 0 0 0 0 0 0 0 0 0 0 0 0 0 0 0 0 0 0 0 0 0 0 0 

running time: 9000 sec
 depth:6
 0  1  2  3  4  5  6  7  8  9  a  b  c  d  e  f 10 11 12 13 14 15 16 17 18 19 1a 1b 1c 1d 1e 1f 20 21 22 23 24 25 26 27 28 29 2a 2b 2c 2d 2e 2f 30 31 32 33 34 35 36 37 38 39 3a 3b 3c 3d 3e 3f 40 41 42 43 44 45 46 47 48 49 4a 4b 4c 4d 4e 4f 50 51 52 53 54 55 56 57 58 59 5a 5b 5c 5d 5e 5f 60 61 62 63 64 65 66 67 68 69 6a 6b 6c 6d 6e 6f 70 71 72 73 74 75 76 77 78 79 7a 7b 7c 7d 7e 7f 80 81 82 83 84 85 86 87 88 89 8a 8b 8c 8d 8e 8f 90 91 92 93 94 95 96 97 98 99 9a 9b 9c 9d 9e 9f a0 a1 a2 a3 a4 a5 a6 a7 a8 a9 aa ab ac ad ae af b0 b1 b2 b3 b4 b5 b6 b7 b8 b9 ba bb bc bd be bf c0 c1 c2 c3 c4 c5 c6 c7 c8 c9 ca cb cc cd ce cf d0 d1 d2 d3 d4 d5 d6 d7 d8 d9 da db dc dd de df e0 e1 e2 e3 e4 e5 e6 e7 e8 e9 ea eb ec ed ee ef f0 f1 f2 f3 f4 f5 f6 f7 f8 f9 fa fb fc fd fe ff 
 0  1  2 41  4  c 82 84  8 97 18 74 d3 5c df -- 10 -- f9 -- 30 -- e8 1b 71 -- b8 -- 69 96 -- 9f 20 -- -- -- 25 c1 -- 14 60 d1 -- --  7 -- 36 -- e2 -- -- 33 a7 -- -- -- d2 29 fb -- -- -- e9 -- 40 -- -- -- -- -- -- -- 4a -- 55 -- -- -- 28 4f c0 -- 75 -- -- 32 -- 4c  e -- -- -- 6c -- -- -- 13 -- -- -- -- -- 66 -- 99 -- -- -- -- -- -- -- 73 -- 52 -- 21 8e -- 1d -- 79 -- --  5 -- -- -- 80 -- -- c8 -- -- -- -- -- -- -- e7 -- -- -- -- 94 -- -- -- aa -- -- ae -- ce -- -- 50 17 9e  3 57 -- -- -- ea e0 -- 67 -- -- 64 -- -- -- 98 -- 1c -- -- -- -- -- -- 38 d8 70 -- -- -- -- -- -- 26 19 -- -- -- -- -- -- -- -- -- -- cc -- -- -- e5 47 -- -- -- -- -- d7 -- -- -- -- -- -- -- -- e6 -- -- -- a4 4b -- -- 42  6 cb eb -- 2e 3a a0 -- -- f2 -- -- -- -- ff  a 8b -- -- -- -- -- 83 

solutions so far:0 maxDepth:10 
iterations:104183969  skipped: 38 
Depth skipped: 
0 0 38 0 0 0 0 0 0 0 0 0 0 0 0 0 0 0 0 0 0 0 0 0 0 0 0 0 0 0 0 0 

running time: 9300 sec

Finished. Total running time: 9485 sec
