Search S-boxes invariant for matrix: 
{0x00,0x02,0x04,0x06,0x08,0x0a,0x0c,0x0e,0x10,0x12,0x14,0x16,0x18,0x1a,0x1c,0x1e,0x20,0x22,0x24,0x26,0x28,0x2a,0x2c,0x2e,0x30,0x32,0x34,0x36,0x38,0x3a,0x3c,0x3e,0x40,0x42,0x44,0x46,0x48,0x4a,0x4c,0x4e,0x50,0x52,0x54,0x56,0x58,0x5a,0x5c,0x5e,0x60,0x62,0x64,0x66,0x68,0x6a,0x6c,0x6e,0x70,0x72,0x74,0x76,0x78,0x7a,0x7c,0x7e,0x80,0x82,0x84,0x86,0x88,0x8a,0x8c,0x8e,0x90,0x92,0x94,0x96,0x98,0x9a,0x9c,0x9e,0xa0,0xa2,0xa4,0xa6,0xa8,0xaa,0xac,0xae,0xb0,0xb2,0xb4,0xb6,0xb8,0xba,0xbc,0xbe,0xc0,0xc2,0xc4,0xc6,0xc8,0xca,0xcc,0xce,0xd0,0xd2,0xd4,0xd6,0xd8,0xda,0xdc,0xde,0xe0,0xe2,0xe4,0xe6,0xe8,0xea,0xec,0xee,0xf0,0xf2,0xf4,0xf6,0xf8,0xfa,0xfc,0xfe,0xd7,0xd5,0xd3,0xd1,0xdf,0xdd,0xdb,0xd9,0xc7,0xc5,0xc3,0xc1,0xcf,0xcd,0xcb,0xc9,0xf7,0xf5,0xf3,0xf1,0xff,0xfd,0xfb,0xf9,0xe7,0xe5,0xe3,0xe1,0xef,0xed,0xeb,0xe9,0x97,0x95,0x93,0x91,0x9f,0x9d,0x9b,0x99,0x87,0x85,0x83,0x81,0x8f,0x8d,0x8b,0x89,0xb7,0xb5,0xb3,0xb1,0xbf,0xbd,0xbb,0xb9,0xa7,0xa5,0xa3,0xa1,0xaf,0xad,0xab,0xa9,0x57,0x55,0x53,0x51,0x5f,0x5d,0x5b,0x59,0x47,0x45,0x43,0x41,0x4f,0x4d,0x4b,0x49,0x77,0x75,0x73,0x71,0x7f,0x7d,0x7b,0x79,0x67,0x65,0x63,0x61,0x6f,0x6d,0x6b,0x69,0x17,0x15,0x13,0x11,0x1f,0x1d,0x1b,0x19,0x07,0x05,0x03,0x01,0x0f,0x0d,0x0b,0x09,0x37,0x35,0x33,0x31,0x3f,0x3d,0x3b,0x39,0x27,0x25,0x23,0x21,0x2f,0x2d,0x2b,0x29};



 depth:8
 0  1  2  3  4  5  6  7  8  9  a  b  c  d  e  f 10 11 12 13 14 15 16 17 18 19 1a 1b 1c 1d 1e 1f 20 21 22 23 24 25 26 27 28 29 2a 2b 2c 2d 2e 2f 30 31 32 33 34 35 36 37 38 39 3a 3b 3c 3d 3e 3f 40 41 42 43 44 45 46 47 48 49 4a 4b 4c 4d 4e 4f 50 51 52 53 54 55 56 57 58 59 5a 5b 5c 5d 5e 5f 60 61 62 63 64 65 66 67 68 69 6a 6b 6c 6d 6e 6f 70 71 72 73 74 75 76 77 78 79 7a 7b 7c 7d 7e 7f 80 81 82 83 84 85 86 87 88 89 8a 8b 8c 8d 8e 8f 90 91 92 93 94 95 96 97 98 99 9a 9b 9c 9d 9e 9f a0 a1 a2 a3 a4 a5 a6 a7 a8 a9 aa ab ac ad ae af b0 b1 b2 b3 b4 b5 b6 b7 b8 b9 ba bb bc bd be bf c0 c1 c2 c3 c4 c5 c6 c7 c8 c9 ca cb cc cd ce cf d0 d1 d2 d3 d4 d5 d6 d7 d8 d9 da db dc dd de df e0 e1 e2 e3 e4 e5 e6 e7 e8 e9 ea eb ec ed ee ef f0 f1 f2 f3 f4 f5 f6 f7 f8 f9 fa fb fc fd fe ff 
 0  1  2 50  4 fb a0 26  8 3e 21 f5 97 af 4c 6d 10 46 7c -- 42 -- 3d 64 f9 -- 89 -- 98 d3 da 24 20 -- 8c -- f8 e6 -- 39 84 d8 -- -- 7a -- c8 -- 25 -- -- 33 c5 -- -- b6 e7 ef 71 a9 63 -- 48 -- 40 -- -- -- cf -- -- -- 27 -- 1b -- -- 7d 72 4f df -- 67 -- -- 9f -- ff f4 f3 -- -- 47 -- -- -- 4a -- -- -- -- -- 66 -- 5d -- -- 2d -- -- bb 95 19 --  9 -- e2 14 85 a3 c6 79 -- b4 90 -- -- -- 80 -- --  5 -- -- -- -- 49 -- -- 52 -- 81 -- -- 4e -- -- -- 36 -- -- d2 -- 41 fa -- e4 5e 9e 4b 69 -- -- -- ce 2f -- cb -- -- e9 -- -- ab 29 -- 3f c4 31 62 -- 5f -- 7e 8e fc -- -- -- be -- -- 94 a4 -- -- -- -- -- 92 -- -- -- -- cc d5 -- -- ba  a -- -- -- -- 5a d7 -- -- -- -- a1 -- fd -- 32 -- -- 23 12 82 -- -- 13 96 28 eb dd bc 91 1f 5b -- f2 -- -- -- bf 9c f7 73 -- -- -- -- -- 6c 

solutions so far:0 maxDepth:10 
iterations:2708275  skipped: 0 
Depth skipped: 
0 0 0 0 0 0 0 0 0 0 0 0 0 0 0 0 0 0 0 0 0 0 0 0 0 0 0 0 0 0 0 0 

running time: 300 sec
 depth:8
 0  1  2  3  4  5  6  7  8  9  a  b  c  d  e  f 10 11 12 13 14 15 16 17 18 19 1a 1b 1c 1d 1e 1f 20 21 22 23 24 25 26 27 28 29 2a 2b 2c 2d 2e 2f 30 31 32 33 34 35 36 37 38 39 3a 3b 3c 3d 3e 3f 40 41 42 43 44 45 46 47 48 49 4a 4b 4c 4d 4e 4f 50 51 52 53 54 55 56 57 58 59 5a 5b 5c 5d 5e 5f 60 61 62 63 64 65 66 67 68 69 6a 6b 6c 6d 6e 6f 70 71 72 73 74 75 76 77 78 79 7a 7b 7c 7d 7e 7f 80 81 82 83 84 85 86 87 88 89 8a 8b 8c 8d 8e 8f 90 91 92 93 94 95 96 97 98 99 9a 9b 9c 9d 9e 9f a0 a1 a2 a3 a4 a5 a6 a7 a8 a9 aa ab ac ad ae af b0 b1 b2 b3 b4 b5 b6 b7 b8 b9 ba bb bc bd be bf c0 c1 c2 c3 c4 c5 c6 c7 c8 c9 ca cb cc cd ce cf d0 d1 d2 d3 d4 d5 d6 d7 d8 d9 da db dc dd de df e0 e1 e2 e3 e4 e5 e6 e7 e8 e9 ea eb ec ed ee ef f0 f1 f2 f3 f4 f5 f6 f7 f8 f9 fa fb fc fd fe ff 
 0  1  2 50  4 ef a0 f4  8 31  9 22 97 ad 3f 69 10 c1 62 -- 12 -- 44 bc f9 -- 8d -- 7e 91 d2 fa 20 -- 55 -- c4 72 -- cf 24 7c -- -- 88 -- af -- 25 -- -- 33 cd -- -- 36 fc 81 f5 42 73 -- 23 -- 40 -- -- -- aa -- -- -- 5f -- e4 -- -- 57 49 4f 48 -- f8 -- -- 9f -- ff c7 75 -- -- 89 -- -- -- 4a -- -- -- -- -- 66 -- 4d -- -- 4b -- -- 6c 67 2f -- d5 -- 3d 14 84 e3 e6 79 -- fb 46 -- -- -- 80 -- --  5 -- -- -- -- 83 -- -- 52 -- 60 -- -- be -- -- -- 1f -- -- f7 -- ba ae -- 92 b5 9e 4e 90 -- -- -- 27 b1 -- 5d -- -- e9 -- -- 30 29 -- 59  6 ea  3 --  c -- b2 c5 b3 -- -- -- 18 -- -- 94 a4 -- -- -- -- -- d1 -- -- -- -- cc c0 -- -- 9a  a -- -- -- -- 96 d7 -- -- -- -- d8 -- ce -- 5e -- -- 8b 7d a3 -- -- 7a 9c 28 eb df bd 11 f3 1b -- f2 -- -- -- 21 ab 8c 39 -- -- -- -- -- 3e 

solutions so far:0 maxDepth:10 
iterations:4820632  skipped: 4 
Depth skipped: 
0 0 4 0 0 0 0 0 0 0 0 0 0 0 0 0 0 0 0 0 0 0 0 0 0 0 0 0 0 0 0 0 

running time: 600 sec
 depth:7
 0  1  2  3  4  5  6  7  8  9  a  b  c  d  e  f 10 11 12 13 14 15 16 17 18 19 1a 1b 1c 1d 1e 1f 20 21 22 23 24 25 26 27 28 29 2a 2b 2c 2d 2e 2f 30 31 32 33 34 35 36 37 38 39 3a 3b 3c 3d 3e 3f 40 41 42 43 44 45 46 47 48 49 4a 4b 4c 4d 4e 4f 50 51 52 53 54 55 56 57 58 59 5a 5b 5c 5d 5e 5f 60 61 62 63 64 65 66 67 68 69 6a 6b 6c 6d 6e 6f 70 71 72 73 74 75 76 77 78 79 7a 7b 7c 7d 7e 7f 80 81 82 83 84 85 86 87 88 89 8a 8b 8c 8d 8e 8f 90 91 92 93 94 95 96 97 98 99 9a 9b 9c 9d 9e 9f a0 a1 a2 a3 a4 a5 a6 a7 a8 a9 aa ab ac ad ae af b0 b1 b2 b3 b4 b5 b6 b7 b8 b9 ba bb bc bd be bf c0 c1 c2 c3 c4 c5 c6 c7 c8 c9 ca cb cc cd ce cf d0 d1 d2 d3 d4 d5 d6 d7 d8 d9 da db dc dd de df e0 e1 e2 e3 e4 e5 e6 e7 e8 e9 ea eb ec ed ee ef f0 f1 f2 f3 f4 f5 f6 f7 f8 f9 fa fb fc fd fe ff 
 0  1  2 50  4 ec a0 8d  8 98  f db 97 a8 cd 8c 10 -- e7 -- 1e -- 61 22 f9 -- 87 -- 4d b1 cf 41 20 -- -- -- 19 dc -- e2 3c d6 -- -- c2 -- 44 -- 25 -- -- 33 d9 -- -- 31 9a 47 b5 fa 49 -- 82 -- 40 -- -- -- -- -- -- -- 32 -- 6f -- -- -- 13 4f 78 -- 7b -- -- 9f -- ff 53 -- -- -- 88 -- -- -- 4a -- -- -- -- -- 66 -- 65 -- -- ab -- -- 62 5f e3 -- 8e -- bd 14 23 43 92 79 -- d5 d3 -- -- -- 80 -- --  5 -- -- -- -- -- -- -- 52 -- -- -- -- 64 -- -- -- de -- -- 37 -- b2 -- -- 26 2a 9e 3b f0 -- -- -- f6 15 -- 59 -- -- e9 -- -- -- 29 -- a6 -- -- -- -- -- -- 9b c7 e1 -- -- -- -- -- -- 94 a4 -- -- -- -- -- -- -- -- -- -- cc -- -- -- ca  a -- -- -- -- 81 d7 -- -- -- -- c4 -- be -- 11 -- -- -- cb b3 -- -- ad 76 28 eb 46 54 86 4c f3 -- f2 -- -- -- 7d c8 71 6e -- -- -- -- -- 6b 

solutions so far:0 maxDepth:10 
iterations:7188054  skipped: 4 
Depth skipped: 
0 0 4 0 0 0 0 0 0 0 0 0 0 0 0 0 0 0 0 0 0 0 0 0 0 0 0 0 0 0 0 0 

running time: 900 sec
 depth:6
 0  1  2  3  4  5  6  7  8  9  a  b  c  d  e  f 10 11 12 13 14 15 16 17 18 19 1a 1b 1c 1d 1e 1f 20 21 22 23 24 25 26 27 28 29 2a 2b 2c 2d 2e 2f 30 31 32 33 34 35 36 37 38 39 3a 3b 3c 3d 3e 3f 40 41 42 43 44 45 46 47 48 49 4a 4b 4c 4d 4e 4f 50 51 52 53 54 55 56 57 58 59 5a 5b 5c 5d 5e 5f 60 61 62 63 64 65 66 67 68 69 6a 6b 6c 6d 6e 6f 70 71 72 73 74 75 76 77 78 79 7a 7b 7c 7d 7e 7f 80 81 82 83 84 85 86 87 88 89 8a 8b 8c 8d 8e 8f 90 91 92 93 94 95 96 97 98 99 9a 9b 9c 9d 9e 9f a0 a1 a2 a3 a4 a5 a6 a7 a8 a9 aa ab ac ad ae af b0 b1 b2 b3 b4 b5 b6 b7 b8 b9 ba bb bc bd be bf c0 c1 c2 c3 c4 c5 c6 c7 c8 c9 ca cb cc cd ce cf d0 d1 d2 d3 d4 d5 d6 d7 d8 d9 da db dc dd de df e0 e1 e2 e3 e4 e5 e6 e7 e8 e9 ea eb ec ed ee ef f0 f1 f2 f3 f4 f5 f6 f7 f8 f9 fa fb fc fd fe ff 
 0  1  2 50  4 e5 a0 11  8 87 1d 89 97 3f 22 -- 10 -- d9 -- 3a -- c5 b2 f9 -- 7e -- 44 cd -- 53 20 -- -- -- 65 38 -- 15 74 2e -- -- 5d -- b3 -- 25 -- -- 33 fc -- -- -- 88 db 4d -- -- -- a6 -- 40 -- -- -- -- -- -- -- ca -- 70 -- -- -- 2a 4f e8 -- 5c -- -- 9f -- ff ba -- -- -- b1 -- -- -- 4a -- -- -- -- -- 66 -- 2f -- -- -- -- -- -- -- c7 -- 61 -- 9a 14 -- bc -- 79 -- -- 9b -- -- -- 80 -- --  5 -- -- -- -- -- -- -- 52 -- -- -- -- 43 -- -- -- e0 -- --  e -- ad -- -- 54 7a 9e a7  7 -- -- -- b8 3d -- bd -- -- e9 -- -- -- 29 -- a3 -- -- -- -- -- -- 91 b5 f5 -- -- -- -- -- -- 94 a4 -- -- -- -- -- -- -- -- -- -- cc -- -- -- 5e  a -- -- -- -- -- d7 -- -- -- -- -- -- -- -- 59 -- -- -- c2 8d -- -- e3 99 28 eb -- f4 af a8 -- -- f2 -- -- -- -- 86 e1 1c -- -- -- -- -- 17 

solutions so far:0 maxDepth:10 
iterations:10121432  skipped: 5 
Depth skipped: 
0 0 5 0 0 0 0 0 0 0 0 0 0 0 0 0 0 0 0 0 0 0 0 0 0 0 0 0 0 0 0 0 

running time: 1200 sec
 depth:6
 0  1  2  3  4  5  6  7  8  9  a  b  c  d  e  f 10 11 12 13 14 15 16 17 18 19 1a 1b 1c 1d 1e 1f 20 21 22 23 24 25 26 27 28 29 2a 2b 2c 2d 2e 2f 30 31 32 33 34 35 36 37 38 39 3a 3b 3c 3d 3e 3f 40 41 42 43 44 45 46 47 48 49 4a 4b 4c 4d 4e 4f 50 51 52 53 54 55 56 57 58 59 5a 5b 5c 5d 5e 5f 60 61 62 63 64 65 66 67 68 69 6a 6b 6c 6d 6e 6f 70 71 72 73 74 75 76 77 78 79 7a 7b 7c 7d 7e 7f 80 81 82 83 84 85 86 87 88 89 8a 8b 8c 8d 8e 8f 90 91 92 93 94 95 96 97 98 99 9a 9b 9c 9d 9e 9f a0 a1 a2 a3 a4 a5 a6 a7 a8 a9 aa ab ac ad ae af b0 b1 b2 b3 b4 b5 b6 b7 b8 b9 ba bb bc bd be bf c0 c1 c2 c3 c4 c5 c6 c7 c8 c9 ca cb cc cd ce cf d0 d1 d2 d3 d4 d5 d6 d7 d8 d9 da db dc dd de df e0 e1 e2 e3 e4 e5 e6 e7 e8 e9 ea eb ec ed ee ef f0 f1 f2 f3 f4 f5 f6 f7 f8 f9 fa fb fc fd fe ff 
 0  1  2 50  4 e0 a0 75  8 88 17 90 97 4e ea -- 10 -- c7 -- 2e -- f7 30 f9 -- 9c --  3 55 -- 8d 20 -- -- -- 59 1d -- e3 5c  7 -- -- 39 -- 60 -- 25 -- -- 33 ef -- -- --  6 b5 aa -- -- -- cd -- 40 -- -- -- -- -- -- -- b2 -- 3a -- -- -- 11 4f b8 --  e -- -- 9f -- ff 72 -- -- -- c0 -- -- -- 4a -- -- -- -- -- 66 --  9 -- -- -- -- -- -- --  c -- bd -- 83 14 -- 24 -- 79 -- -- 4d -- -- -- 80 -- --  5 -- -- -- -- -- -- -- 52 -- -- -- -- b3 -- -- -- 74 -- -- 99 -- 8b -- -- 22 f8 9e 38 a7 -- -- -- 1c 7c -- ae -- -- e9 -- -- -- 29 -- e4 -- -- -- -- -- -- 1f 57 3e -- -- -- -- -- -- 94 a4 -- -- -- -- -- -- -- -- -- -- cc -- -- -- 12  a -- -- -- -- -- d7 -- -- -- -- -- -- -- -- 18 -- -- -- ad c1 -- -- d1 70 28 eb -- 27 48 44 -- -- f2 -- -- -- -- b1 9a e5 -- -- -- -- -- e8 

solutions so far:0 maxDepth:10 
iterations:12012649  skipped: 7 
Depth skipped: 
0 0 7 0 0 0 0 0 0 0 0 0 0 0 0 0 0 0 0 0 0 0 0 0 0 0 0 0 0 0 0 0 

running time: 1500 sec
 depth:6
 0  1  2  3  4  5  6  7  8  9  a  b  c  d  e  f 10 11 12 13 14 15 16 17 18 19 1a 1b 1c 1d 1e 1f 20 21 22 23 24 25 26 27 28 29 2a 2b 2c 2d 2e 2f 30 31 32 33 34 35 36 37 38 39 3a 3b 3c 3d 3e 3f 40 41 42 43 44 45 46 47 48 49 4a 4b 4c 4d 4e 4f 50 51 52 53 54 55 56 57 58 59 5a 5b 5c 5d 5e 5f 60 61 62 63 64 65 66 67 68 69 6a 6b 6c 6d 6e 6f 70 71 72 73 74 75 76 77 78 79 7a 7b 7c 7d 7e 7f 80 81 82 83 84 85 86 87 88 89 8a 8b 8c 8d 8e 8f 90 91 92 93 94 95 96 97 98 99 9a 9b 9c 9d 9e 9f a0 a1 a2 a3 a4 a5 a6 a7 a8 a9 aa ab ac ad ae af b0 b1 b2 b3 b4 b5 b6 b7 b8 b9 ba bb bc bd be bf c0 c1 c2 c3 c4 c5 c6 c7 c8 c9 ca cb cc cd ce cf d0 d1 d2 d3 d4 d5 d6 d7 d8 d9 da db dc dd de df e0 e1 e2 e3 e4 e5 e6 e7 e8 e9 ea eb ec ed ee ef f0 f1 f2 f3 f4 f5 f6 f7 f8 f9 fa fb fc fd fe ff 
 0  1  2 50  4 db a0 75  8 78 61 c9 97 d4 ea -- 10 -- f0 -- c2 -- 45 30 f9 -- 7f --  3 55 -- 7b 20 -- -- -- 37 2a -- ec 53 d9 -- -- 8a -- 60 -- 25 -- -- 33 fe -- -- --  6 de aa -- -- -- f6 -- 40 -- -- -- -- -- -- -- 6e -- 54 -- -- --  f 4f a6 -- 65 -- -- 9f -- ff c3 -- -- -- c0 -- -- -- 4a -- -- -- -- -- 66 -- 2b -- -- -- -- -- -- --  c -- 6b -- 83 14 -- ac -- 79 -- -- 3b -- -- -- 80 -- --  5 -- -- -- -- -- -- -- 52 -- -- -- -- dc -- -- -- a8 -- -- e1 -- 8b -- -- 1e 35 9e 43 9b -- -- -- ca f1 -- ae -- -- e9 -- -- -- 29 -- 51 -- -- -- -- -- -- a2 57 93 -- -- -- -- -- -- 94 a4 -- -- -- -- -- -- -- -- -- -- cc -- -- -- 56  a -- -- -- -- -- d7 -- -- -- -- -- -- -- -- 18 -- -- -- d6 c1 -- -- d1 86 28 eb -- 6a 8f 3c -- -- f2 -- -- -- -- 6f 76 15 -- -- -- -- -- 87 

solutions so far:0 maxDepth:10 
iterations:14106352  skipped: 8 
Depth skipped: 
0 0 8 0 0 0 0 0 0 0 0 0 0 0 0 0 0 0 0 0 0 0 0 0 0 0 0 0 0 0 0 0 

running time: 1800 sec
 depth:6
 0  1  2  3  4  5  6  7  8  9  a  b  c  d  e  f 10 11 12 13 14 15 16 17 18 19 1a 1b 1c 1d 1e 1f 20 21 22 23 24 25 26 27 28 29 2a 2b 2c 2d 2e 2f 30 31 32 33 34 35 36 37 38 39 3a 3b 3c 3d 3e 3f 40 41 42 43 44 45 46 47 48 49 4a 4b 4c 4d 4e 4f 50 51 52 53 54 55 56 57 58 59 5a 5b 5c 5d 5e 5f 60 61 62 63 64 65 66 67 68 69 6a 6b 6c 6d 6e 6f 70 71 72 73 74 75 76 77 78 79 7a 7b 7c 7d 7e 7f 80 81 82 83 84 85 86 87 88 89 8a 8b 8c 8d 8e 8f 90 91 92 93 94 95 96 97 98 99 9a 9b 9c 9d 9e 9f a0 a1 a2 a3 a4 a5 a6 a7 a8 a9 aa ab ac ad ae af b0 b1 b2 b3 b4 b5 b6 b7 b8 b9 ba bb bc bd be bf c0 c1 c2 c3 c4 c5 c6 c7 c8 c9 ca cb cc cd ce cf d0 d1 d2 d3 d4 d5 d6 d7 d8 d9 da db dc dd de df e0 e1 e2 e3 e4 e5 e6 e7 e8 e9 ea eb ec ed ee ef f0 f1 f2 f3 f4 f5 f6 f7 f8 f9 fa fb fc fd fe ff 
 0  1  2 50  4 d6 a0 95  8  c 7b 31 97 23 fd -- 10 -- 18 -- f6 -- 62 a9 f9 -- 46 -- 2d 5b -- 55 20 -- -- -- 30 3c -- 75 3b 6e -- -- c4 -- 85 -- 25 -- -- 33 8c -- -- -- 5a ae b6 -- -- -- aa -- 40 -- -- -- -- -- -- -- 60 -- 78 -- -- -- ea 4f 76 -- dc -- -- 9f -- ff 5f -- -- -- dd -- -- -- 4a -- -- -- -- -- 66 -- cf -- -- -- -- -- -- -- b4 -- 8b -- bb 14 -- 92 -- 79 -- -- 83 -- -- -- 80 -- --  5 -- -- -- -- -- -- -- 52 -- -- -- -- c0 -- -- -- f0 -- --  f -- 63 -- --  3 7d 9e de ec -- -- -- 6f d5 -- da -- -- e9 -- -- -- 29 -- be -- -- -- -- -- -- ab 6d 81 -- -- -- -- -- -- 94 a4 -- -- -- -- -- -- -- -- -- -- cc -- -- -- 49  a -- -- -- -- -- d7 -- -- -- -- -- -- -- -- bf -- -- -- c1 c6 -- -- a1 6b 28 eb -- fa f3  6 -- -- f2 -- -- -- -- 57 d1 1e -- -- -- -- -- 37 

solutions so far:0 maxDepth:10 
iterations:16097789  skipped: 8 
Depth skipped: 
0 0 8 0 0 0 0 0 0 0 0 0 0 0 0 0 0 0 0 0 0 0 0 0 0 0 0 0 0 0 0 0 

running time: 2100 sec
 depth:7
 0  1  2  3  4  5  6  7  8  9  a  b  c  d  e  f 10 11 12 13 14 15 16 17 18 19 1a 1b 1c 1d 1e 1f 20 21 22 23 24 25 26 27 28 29 2a 2b 2c 2d 2e 2f 30 31 32 33 34 35 36 37 38 39 3a 3b 3c 3d 3e 3f 40 41 42 43 44 45 46 47 48 49 4a 4b 4c 4d 4e 4f 50 51 52 53 54 55 56 57 58 59 5a 5b 5c 5d 5e 5f 60 61 62 63 64 65 66 67 68 69 6a 6b 6c 6d 6e 6f 70 71 72 73 74 75 76 77 78 79 7a 7b 7c 7d 7e 7f 80 81 82 83 84 85 86 87 88 89 8a 8b 8c 8d 8e 8f 90 91 92 93 94 95 96 97 98 99 9a 9b 9c 9d 9e 9f a0 a1 a2 a3 a4 a5 a6 a7 a8 a9 aa ab ac ad ae af b0 b1 b2 b3 b4 b5 b6 b7 b8 b9 ba bb bc bd be bf c0 c1 c2 c3 c4 c5 c6 c7 c8 c9 ca cb cc cd ce cf d0 d1 d2 d3 d4 d5 d6 d7 d8 d9 da db dc dd de df e0 e1 e2 e3 e4 e5 e6 e7 e8 e9 ea eb ec ed ee ef f0 f1 f2 f3 f4 f5 f6 f7 f8 f9 fa fb fc fd fe ff 
 0  1  2 50  4 d0 a0 8c  8 4d 77 7c 97 90 cf 63 10 -- 9a -- ee -- f8 62 f9 -- f7 -- 49 7d c6 b2 20 -- -- -- e3 b7 -- bd  b ed -- -- 27 -- c4 -- 25 -- -- 33 39 -- -- a1 92 88 fa dd 5b -- b3 -- 40 -- -- -- -- -- -- -- 11 -- b9 -- -- -- ad 4f 16 --  d -- -- 9f -- ff 4e -- -- -- 5f -- -- -- 4a -- -- -- -- -- 66 -- 72 -- -- b4 -- -- 95 2d f3 -- c7 -- 23 14 6d 1f b6 79 -- a9 b1 -- -- -- 80 -- --  5 -- -- -- -- -- -- -- 52 -- -- -- -- 22 -- -- -- a5 -- -- 58 -- 81 -- -- 8d 24 9e 34 2c -- -- -- 1a 12 -- ab -- -- e9 -- -- -- 29 -- 9c -- -- -- -- -- -- ef be  9 -- -- -- -- -- -- 94 a4 -- -- -- -- -- -- -- -- -- -- cc -- -- -- e4  a -- -- -- -- bf d7 -- -- -- -- fd -- 5a -- 31 -- -- -- 59 d5 -- -- 46 68 28 eb da 48 3e cd bb -- f2 -- -- -- 85 44 b5 b0 -- -- -- -- -- 9d 

solutions so far:0 maxDepth:10 
iterations:19065363  skipped: 10 
Depth skipped: 
0 0 10 0 0 0 0 0 0 0 0 0 0 0 0 0 0 0 0 0 0 0 0 0 0 0 0 0 0 0 0 0 

running time: 2400 sec
 depth:8
 0  1  2  3  4  5  6  7  8  9  a  b  c  d  e  f 10 11 12 13 14 15 16 17 18 19 1a 1b 1c 1d 1e 1f 20 21 22 23 24 25 26 27 28 29 2a 2b 2c 2d 2e 2f 30 31 32 33 34 35 36 37 38 39 3a 3b 3c 3d 3e 3f 40 41 42 43 44 45 46 47 48 49 4a 4b 4c 4d 4e 4f 50 51 52 53 54 55 56 57 58 59 5a 5b 5c 5d 5e 5f 60 61 62 63 64 65 66 67 68 69 6a 6b 6c 6d 6e 6f 70 71 72 73 74 75 76 77 78 79 7a 7b 7c 7d 7e 7f 80 81 82 83 84 85 86 87 88 89 8a 8b 8c 8d 8e 8f 90 91 92 93 94 95 96 97 98 99 9a 9b 9c 9d 9e 9f a0 a1 a2 a3 a4 a5 a6 a7 a8 a9 aa ab ac ad ae af b0 b1 b2 b3 b4 b5 b6 b7 b8 b9 ba bb bc bd be bf c0 c1 c2 c3 c4 c5 c6 c7 c8 c9 ca cb cc cd ce cf d0 d1 d2 d3 d4 d5 d6 d7 d8 d9 da db dc dd de df e0 e1 e2 e3 e4 e5 e6 e7 e8 e9 ea eb ec ed ee ef f0 f1 f2 f3 f4 f5 f6 f7 f8 f9 fa fb fc fd fe ff 
 0  1  2 50  4 c8 a0 f6  8 3e 47 cd 97 b2 3b 84 10  e 7c -- 8e -- 4d 3c f9 -- b3 -- 76 de df 24 20 -- 1c -- f8 e2 -- 39 cb 98 -- -- 9a -- 78 -- 25 -- -- 33 b1 -- -- e6 ec ef 6b fb 69 -- 48 -- 40 -- -- -- 38 -- -- -- 27 -- 13 -- -- 74 72 4f 41 -- e7 -- -- 9f -- ff e3 17 -- -- f0 -- -- -- 4a -- -- -- -- -- 66 -- b5 -- -- 67 -- -- 1b 6c  f --  9 -- d6 14 21 ad d2 79 -- 4b 90 -- -- -- 80 -- --  5 -- -- -- -- 70 -- -- 52 -- 1d -- -- 4e -- -- -- 26 -- -- d3 -- dc e8 -- e4 c7 9e 32 82 -- -- -- 19 88 -- 6e -- -- e9 -- -- e5 29 -- 11 b8 2e 5c -- a7 -- 22 37 44 -- -- -- 99 -- -- 94 a4 -- -- -- -- -- e0 -- -- -- -- cc 3a -- -- bd  a -- -- -- -- ce d7 -- -- -- -- 36 -- d8 -- 1e -- --  7 12 6f -- -- 7b 64 28 eb 42 59 8d 1f 73 -- f2 -- -- -- 96 9c f7 71 -- -- -- -- -- 4c 

solutions so far:0 maxDepth:10 
iterations:21434292  skipped: 11 
Depth skipped: 
0 0 11 0 0 0 0 0 0 0 0 0 0 0 0 0 0 0 0 0 0 0 0 0 0 0 0 0 0 0 0 0 

running time: 2700 sec
 depth:7
 0  1  2  3  4  5  6  7  8  9  a  b  c  d  e  f 10 11 12 13 14 15 16 17 18 19 1a 1b 1c 1d 1e 1f 20 21 22 23 24 25 26 27 28 29 2a 2b 2c 2d 2e 2f 30 31 32 33 34 35 36 37 38 39 3a 3b 3c 3d 3e 3f 40 41 42 43 44 45 46 47 48 49 4a 4b 4c 4d 4e 4f 50 51 52 53 54 55 56 57 58 59 5a 5b 5c 5d 5e 5f 60 61 62 63 64 65 66 67 68 69 6a 6b 6c 6d 6e 6f 70 71 72 73 74 75 76 77 78 79 7a 7b 7c 7d 7e 7f 80 81 82 83 84 85 86 87 88 89 8a 8b 8c 8d 8e 8f 90 91 92 93 94 95 96 97 98 99 9a 9b 9c 9d 9e 9f a0 a1 a2 a3 a4 a5 a6 a7 a8 a9 aa ab ac ad ae af b0 b1 b2 b3 b4 b5 b6 b7 b8 b9 ba bb bc bd be bf c0 c1 c2 c3 c4 c5 c6 c7 c8 c9 ca cb cc cd ce cf d0 d1 d2 d3 d4 d5 d6 d7 d8 d9 da db dc dd de df e0 e1 e2 e3 e4 e5 e6 e7 e8 e9 ea eb ec ed ee ef f0 f1 f2 f3 f4 f5 f6 f7 f8 f9 fa fb fc fd fe ff 
 0  1  2 50  4 c2 a0 71  8 5c 53 2f 97 f5 e2 22 10 -- b8 -- a6 -- 5e e7 f9 -- 3d -- 13 cb 44  7 20 -- -- -- a7 a8 -- 70 9b ca -- -- bc -- 19 -- 25 -- -- 33 7a -- -- b2 26 3a 41 9a 88 --  e -- 40 -- -- -- -- -- -- -- 99 -- 87 -- -- -- e0 4f e1 -- 43 -- -- 9f -- ff af -- -- -- 32 -- -- -- 4a -- -- -- -- -- 66 -- f4 -- -- ad -- -- b3 b5 4c -- 74 -- 82 14 e3 7e c7 79 -- cd 1c -- -- -- 80 -- --  5 -- -- -- -- -- -- -- 52 -- -- -- -- e5 -- -- -- d9 -- -- 2a -- 47 -- -- 17 a3 9e db 15 -- -- -- 86 ba -- c8 -- -- e9 -- -- -- 29 -- 89 -- -- -- -- -- -- c5 64 5d -- -- -- -- -- -- 94 a4 -- -- -- -- -- -- -- -- -- -- cc -- -- -- 3f  a -- -- -- -- 8d d7 -- -- -- -- b1 -- bd -- 98 -- -- -- e8 8e -- -- d3 61 28 eb 11 91 fc 2e 59 -- f2 -- -- -- 4d 1d 38 54 -- -- -- -- -- 65 

solutions so far:0 maxDepth:10 
iterations:23755936  skipped: 13 
Depth skipped: 
0 0 13 0 0 0 0 0 0 0 0 0 0 0 0 0 0 0 0 0 0 0 0 0 0 0 0 0 0 0 0 0 

running time: 3000 sec
 depth:7
 0  1  2  3  4  5  6  7  8  9  a  b  c  d  e  f 10 11 12 13 14 15 16 17 18 19 1a 1b 1c 1d 1e 1f 20 21 22 23 24 25 26 27 28 29 2a 2b 2c 2d 2e 2f 30 31 32 33 34 35 36 37 38 39 3a 3b 3c 3d 3e 3f 40 41 42 43 44 45 46 47 48 49 4a 4b 4c 4d 4e 4f 50 51 52 53 54 55 56 57 58 59 5a 5b 5c 5d 5e 5f 60 61 62 63 64 65 66 67 68 69 6a 6b 6c 6d 6e 6f 70 71 72 73 74 75 76 77 78 79 7a 7b 7c 7d 7e 7f 80 81 82 83 84 85 86 87 88 89 8a 8b 8c 8d 8e 8f 90 91 92 93 94 95 96 97 98 99 9a 9b 9c 9d 9e 9f a0 a1 a2 a3 a4 a5 a6 a7 a8 a9 aa ab ac ad ae af b0 b1 b2 b3 b4 b5 b6 b7 b8 b9 ba bb bc bd be bf c0 c1 c2 c3 c4 c5 c6 c7 c8 c9 ca cb cc cd ce cf d0 d1 d2 d3 d4 d5 d6 d7 d8 d9 da db dc dd de df e0 e1 e2 e3 e4 e5 e6 e7 e8 e9 ea eb ec ed ee ef f0 f1 f2 f3 f4 f5 f6 f7 f8 f9 fa fb fc fd fe ff 
 0  1  2 50  4 be a0 2e  8 7b ab 4c 97 41 5c 8d 10 -- f6 -- 81 -- 98 1d f9 -- 82 -- b8 38 cd f0 20 -- -- -- 3b 8c -- 6f d5 f3 -- -- e7 -- 3a -- 25 -- -- 33 d3 -- -- 11 a7 1e 70 b5 4d -- 37 -- 40 -- -- -- -- -- -- -- 76 -- cf -- -- -- de 4f 7d -- 31 -- -- 9f -- ff 19 -- -- -- 74 -- -- -- 4a -- -- -- -- -- 66 -- 71 -- -- 59 -- -- 22 88 99 -- 3c -- e0 14 bd 13 9a 79 -- b3 6e -- -- -- 80 -- --  5 -- -- -- -- -- -- -- 52 -- -- -- -- ec -- -- -- 49 -- -- 23 --  e -- -- 6b 8e 9e c4 fa -- -- -- 62 47 --  7 -- -- e9 -- -- -- 29 -- 32 -- -- -- -- -- -- 64 e8 c8 -- -- -- -- -- -- 94 a4 -- -- -- -- -- -- -- -- -- -- cc -- -- -- e2  a -- -- -- -- b2 d7 -- -- -- -- 44 -- c7 -- e5 -- -- -- 78 1c -- -- 17 5f 28 eb ad cb 26 d6 e3 -- f2 -- -- -- b1  f dc 46 -- -- -- -- -- 92 

solutions so far:0 maxDepth:10 
iterations:26005247  skipped: 13 
Depth skipped: 
0 0 13 0 0 0 0 0 0 0 0 0 0 0 0 0 0 0 0 0 0 0 0 0 0 0 0 0 0 0 0 0 

running time: 3300 sec
 depth:6
 0  1  2  3  4  5  6  7  8  9  a  b  c  d  e  f 10 11 12 13 14 15 16 17 18 19 1a 1b 1c 1d 1e 1f 20 21 22 23 24 25 26 27 28 29 2a 2b 2c 2d 2e 2f 30 31 32 33 34 35 36 37 38 39 3a 3b 3c 3d 3e 3f 40 41 42 43 44 45 46 47 48 49 4a 4b 4c 4d 4e 4f 50 51 52 53 54 55 56 57 58 59 5a 5b 5c 5d 5e 5f 60 61 62 63 64 65 66 67 68 69 6a 6b 6c 6d 6e 6f 70 71 72 73 74 75 76 77 78 79 7a 7b 7c 7d 7e 7f 80 81 82 83 84 85 86 87 88 89 8a 8b 8c 8d 8e 8f 90 91 92 93 94 95 96 97 98 99 9a 9b 9c 9d 9e 9f a0 a1 a2 a3 a4 a5 a6 a7 a8 a9 aa ab ac ad ae af b0 b1 b2 b3 b4 b5 b6 b7 b8 b9 ba bb bc bd be bf c0 c1 c2 c3 c4 c5 c6 c7 c8 c9 ca cb cc cd ce cf d0 d1 d2 d3 d4 d5 d6 d7 d8 d9 da db dc dd de df e0 e1 e2 e3 e4 e5 e6 e7 e8 e9 ea eb ec ed ee ef f0 f1 f2 f3 f4 f5 f6 f7 f8 f9 fa fb fc fd fe ff 
 0  1  2 50  4 b7 a0 17  8 87 b9 19 97 71 2e -- 10 -- d9 -- a5 -- 32 e5 f9 -- e2 -- 5c 1c -- 53 20 -- -- -- 65 68 -- 15 9d  b -- -- 64 -- 1d -- 25 -- -- 33 13 -- -- -- b8 db 38 -- -- -- a6 -- 40 -- -- -- -- -- -- -- ca -- d0 -- -- -- 2a 4f ed -- 16 -- -- 9f -- ff c8 -- -- -- 3a -- -- -- 4a -- -- -- -- -- 66 -- 26 -- -- -- -- -- -- -- a7 -- 61 -- 70 14 -- 98 -- 79 -- -- 9b -- -- -- 80 -- --  5 -- -- -- -- -- -- -- 52 -- -- -- -- 43 -- -- -- 77 -- -- 1a --  7 -- -- 54 82 9e 58  d -- -- -- 2c 41 -- e8 -- -- e9 -- -- -- 29 -- 47 -- -- -- -- -- -- 8e 74 cb -- -- -- -- -- -- 94 a4 -- -- -- -- -- -- -- -- -- -- cc -- -- -- 4c  a -- -- -- -- -- d7 -- -- -- -- -- -- -- -- 99 -- -- -- c2  e -- -- e0 b0 28 eb -- d3 e7 a8 -- -- f2 -- -- -- -- 86 e1 34 -- -- -- -- -- ee 

solutions so far:0 maxDepth:10 
iterations:28868396  skipped: 15 
Depth skipped: 
0 0 15 0 0 0 0 0 0 0 0 0 0 0 0 0 0 0 0 0 0 0 0 0 0 0 0 0 0 0 0 0 

running time: 3600 sec
 depth:6
 0  1  2  3  4  5  6  7  8  9  a  b  c  d  e  f 10 11 12 13 14 15 16 17 18 19 1a 1b 1c 1d 1e 1f 20 21 22 23 24 25 26 27 28 29 2a 2b 2c 2d 2e 2f 30 31 32 33 34 35 36 37 38 39 3a 3b 3c 3d 3e 3f 40 41 42 43 44 45 46 47 48 49 4a 4b 4c 4d 4e 4f 50 51 52 53 54 55 56 57 58 59 5a 5b 5c 5d 5e 5f 60 61 62 63 64 65 66 67 68 69 6a 6b 6c 6d 6e 6f 70 71 72 73 74 75 76 77 78 79 7a 7b 7c 7d 7e 7f 80 81 82 83 84 85 86 87 88 89 8a 8b 8c 8d 8e 8f 90 91 92 93 94 95 96 97 98 99 9a 9b 9c 9d 9e 9f a0 a1 a2 a3 a4 a5 a6 a7 a8 a9 aa ab ac ad ae af b0 b1 b2 b3 b4 b5 b6 b7 b8 b9 ba bb bc bd be bf c0 c1 c2 c3 c4 c5 c6 c7 c8 c9 ca cb cc cd ce cf d0 d1 d2 d3 d4 d5 d6 d7 d8 d9 da db dc dd de df e0 e1 e2 e3 e4 e5 e6 e7 e8 e9 ea eb ec ed ee ef f0 f1 f2 f3 f4 f5 f6 f7 f8 f9 fa fb fc fd fe ff 
 0  1  2 50  4 af a0 93  8 3e 89  6 97 55 f1 -- 10 -- 7c -- c5 --  c fe f9 -- aa -- 35 8a -- 24 20 -- -- -- f8 3d -- 39 5d 7e -- -- 18 -- 2b -- 25 -- -- 33 83 -- -- -- 6a ef c3 -- -- -- 48 -- 40 -- -- -- -- -- -- -- 27 -- 7a -- -- -- 72 4f ba -- fc -- -- 9f -- ff 30 -- -- -- 56 -- -- -- 4a -- -- -- -- -- 66 -- d1 -- -- -- -- -- -- -- d4 --  9 -- 51 14 -- ea -- 79 -- -- 90 -- -- -- 80 -- --  5 -- -- -- -- -- -- -- 52 -- -- -- -- 4e -- -- -- f4 -- -- 91 -- c9 -- -- e4 8b 9e 5e a3 -- -- -- 2f ae -- 8f -- -- e9 -- -- -- 29 -- 60 -- -- -- -- -- -- c0 ac 57 -- -- -- -- -- -- 94 a4 -- -- -- -- -- -- -- -- -- -- cc -- -- -- 75  a -- -- -- -- -- d7 -- -- -- -- -- -- -- -- 7f -- -- -- 12 45 -- -- a2 bc 28 eb -- c1  3 1f -- -- f2 -- -- -- -- 9c f7 f5 -- -- -- -- -- 3f 

solutions so far:0 maxDepth:10 
iterations:31914280  skipped: 17 
Depth skipped: 
0 0 17 0 0 0 0 0 0 0 0 0 0 0 0 0 0 0 0 0 0 0 0 0 0 0 0 0 0 0 0 0 

running time: 3900 sec
 depth:6
 0  1  2  3  4  5  6  7  8  9  a  b  c  d  e  f 10 11 12 13 14 15 16 17 18 19 1a 1b 1c 1d 1e 1f 20 21 22 23 24 25 26 27 28 29 2a 2b 2c 2d 2e 2f 30 31 32 33 34 35 36 37 38 39 3a 3b 3c 3d 3e 3f 40 41 42 43 44 45 46 47 48 49 4a 4b 4c 4d 4e 4f 50 51 52 53 54 55 56 57 58 59 5a 5b 5c 5d 5e 5f 60 61 62 63 64 65 66 67 68 69 6a 6b 6c 6d 6e 6f 70 71 72 73 74 75 76 77 78 79 7a 7b 7c 7d 7e 7f 80 81 82 83 84 85 86 87 88 89 8a 8b 8c 8d 8e 8f 90 91 92 93 94 95 96 97 98 99 9a 9b 9c 9d 9e 9f a0 a1 a2 a3 a4 a5 a6 a7 a8 a9 aa ab ac ad ae af b0 b1 b2 b3 b4 b5 b6 b7 b8 b9 ba bb bc bd be bf c0 c1 c2 c3 c4 c5 c6 c7 c8 c9 ca cb cc cd ce cf d0 d1 d2 d3 d4 d5 d6 d7 d8 d9 da db dc dd de df e0 e1 e2 e3 e4 e5 e6 e7 e8 e9 ea eb ec ed ee ef f0 f1 f2 f3 f4 f5 f6 f7 f8 f9 fa fb fc fd fe ff 
 0  1  2 50  4 a7 a0 c1  8 73 99 16 97 1a 55 -- 10 -- e6 -- e5 -- 2c ea f9 -- 34 -- aa c0 -- 96 20 -- -- -- 1b  e -- 84 1d e0 -- -- 58 --  3 -- 25 -- -- 33 68 -- -- -- 83 67 57 -- -- -- fb -- 40 -- -- -- -- -- -- -- 36 -- 1c -- -- -- df 4f 3a -- 17 -- -- 9f -- ff b0 -- -- --  6 -- -- -- 4a -- -- -- -- -- 66 -- d0 -- -- -- -- -- -- -- d1 -- ce -- ae 14 -- ee -- 79 -- -- 21 -- -- -- 80 -- --  5 -- -- -- -- -- -- -- 52 -- -- -- -- 6c -- -- -- 38 -- -- e8 -- 30 -- -- 69 ed 9e 5c 74 -- -- -- 2e 9d -- 18 -- -- e9 -- -- -- 29 -- b7 -- -- -- -- -- -- b9  c a5 -- -- -- -- -- -- 94 a4 -- -- -- -- -- -- -- -- -- -- cc -- -- -- 77  a -- -- -- -- -- d7 -- -- -- -- -- -- -- -- 75 -- -- -- 4b 60 -- -- 8b b8 28 eb --  d  b d2 -- -- f2 -- -- -- -- d8 42  7 -- -- -- -- -- 70 

solutions so far:0 maxDepth:10 
iterations:34549941  skipped: 20 
Depth skipped: 
0 0 20 0 0 0 0 0 0 0 0 0 0 0 0 0 0 0 0 0 0 0 0 0 0 0 0 0 0 0 0 0 

running time: 4200 sec
 depth:7
 0  1  2  3  4  5  6  7  8  9  a  b  c  d  e  f 10 11 12 13 14 15 16 17 18 19 1a 1b 1c 1d 1e 1f 20 21 22 23 24 25 26 27 28 29 2a 2b 2c 2d 2e 2f 30 31 32 33 34 35 36 37 38 39 3a 3b 3c 3d 3e 3f 40 41 42 43 44 45 46 47 48 49 4a 4b 4c 4d 4e 4f 50 51 52 53 54 55 56 57 58 59 5a 5b 5c 5d 5e 5f 60 61 62 63 64 65 66 67 68 69 6a 6b 6c 6d 6e 6f 70 71 72 73 74 75 76 77 78 79 7a 7b 7c 7d 7e 7f 80 81 82 83 84 85 86 87 88 89 8a 8b 8c 8d 8e 8f 90 91 92 93 94 95 96 97 98 99 9a 9b 9c 9d 9e 9f a0 a1 a2 a3 a4 a5 a6 a7 a8 a9 aa ab ac ad ae af b0 b1 b2 b3 b4 b5 b6 b7 b8 b9 ba bb bc bd be bf c0 c1 c2 c3 c4 c5 c6 c7 c8 c9 ca cb cc cd ce cf d0 d1 d2 d3 d4 d5 d6 d7 d8 d9 da db dc dd de df e0 e1 e2 e3 e4 e5 e6 e7 e8 e9 ea eb ec ed ee ef f0 f1 f2 f3 f4 f5 f6 f7 f8 f9 fa fb fc fd fe ff 
 0  1  2 50  4 9b a0 3c  8  e e1 31 97 23 78 b2 10 -- 1c -- 15 -- 62 6f f9 -- 46 -- f0 76 b3 a7 20 -- -- -- 38 65 -- 3a 2a db -- -- c4 -- de -- 25 -- -- 33 8c -- -- ad 37 2e ec 88 b1 -- 99 -- 40 -- -- -- -- -- -- -- 70 -- ca -- -- -- 74 4f 54 -- 61 -- -- 9f -- ff 5f -- -- -- 6b -- -- -- 4a -- -- -- -- -- 66 -- cf -- -- e3 -- -- 8d 4d 6e -- 5c --  f 14 c7 92 b5 79 -- 22 e5 -- -- -- 80 -- --  5 -- -- -- -- -- -- -- 52 -- -- -- -- e0 -- -- -- 43 -- -- 87 -- f6 -- -- e8 7d 9e 53 a8 -- -- -- c2 d5 -- 7b -- -- e9 -- -- -- 29 -- be -- -- -- -- -- -- ab d6 81 -- -- -- -- -- -- 94 a4 -- -- -- -- -- -- -- -- -- -- cc -- -- -- 49  a -- -- -- -- 11 d7 -- -- -- -- cd -- 9a -- dc -- -- -- b8 3b -- -- 1e a6 28 eb 59 fa f3  7 bd -- f2 -- -- -- 44 17 1d d9 -- -- -- -- -- 86 

solutions so far:0 maxDepth:10 
iterations:38416227  skipped: 22 
Depth skipped: 
0 0 22 0 0 0 0 0 0 0 0 0 0 0 0 0 0 0 0 0 0 0 0 0 0 0 0 0 0 0 0 0 

running time: 4500 sec
 depth:8
 0  1  2  3  4  5  6  7  8  9  a  b  c  d  e  f 10 11 12 13 14 15 16 17 18 19 1a 1b 1c 1d 1e 1f 20 21 22 23 24 25 26 27 28 29 2a 2b 2c 2d 2e 2f 30 31 32 33 34 35 36 37 38 39 3a 3b 3c 3d 3e 3f 40 41 42 43 44 45 46 47 48 49 4a 4b 4c 4d 4e 4f 50 51 52 53 54 55 56 57 58 59 5a 5b 5c 5d 5e 5f 60 61 62 63 64 65 66 67 68 69 6a 6b 6c 6d 6e 6f 70 71 72 73 74 75 76 77 78 79 7a 7b 7c 7d 7e 7f 80 81 82 83 84 85 86 87 88 89 8a 8b 8c 8d 8e 8f 90 91 92 93 94 95 96 97 98 99 9a 9b 9c 9d 9e 9f a0 a1 a2 a3 a4 a5 a6 a7 a8 a9 aa ab ac ad ae af b0 b1 b2 b3 b4 b5 b6 b7 b8 b9 ba bb bc bd be bf c0 c1 c2 c3 c4 c5 c6 c7 c8 c9 ca cb cc cd ce cf d0 d1 d2 d3 d4 d5 d6 d7 d8 d9 da db dc dd de df e0 e1 e2 e3 e4 e5 e6 e7 e8 e9 ea eb ec ed ee ef f0 f1 f2 f3 f4 f5 f6 f7 f8 f9 fa fb fc fd fe ff 
 0  1  2 50  4 95 a0 43  8  e fd 47 97 4c 86 6f 10 a5 1c -- 2d -- 8e a6 f9 -- 98 -- db 87 de a7 20 -- 9d -- 38 dd -- 3a 5a c6 -- -- cb -- 9b -- 25 -- -- 33 e7 -- -- f6 61 2e d9 37 6b -- 99 -- 40 -- -- -- ed -- -- -- 70 -- 6d -- -- b0 74 4f b4 -- 5b -- -- 9f -- ff 41 34 -- -- e1 -- -- -- 4a -- -- -- -- -- 66 -- 19 -- -- 1e -- -- 3b ec c2 -- 5c -- 65 14 6e 64 d6 79 -- 78 e5 -- -- -- 80 -- --  5 -- -- -- --  d -- -- 52 -- 2c -- -- e0 -- -- -- da -- -- a9 -- 54 b7 -- e8 13 9e bb bf -- -- -- b6 e2 -- 2a -- -- e9 -- -- 16 29 -- 82 77 68 d0 -- ee -- d3 15 71 -- -- --  b -- -- 94 a4 -- -- -- -- -- 1a -- -- -- -- cc 58 -- -- 32  a -- -- -- -- 3c d7 -- -- -- -- 76 --  f -- 53 -- -- b9 b8 a8 -- -- ca a1 28 eb dc 26 c8  7 7b -- f2 -- -- -- f0 17 1d 85 -- -- -- -- -- 63 

solutions so far:0 maxDepth:10 
iterations:41040689  skipped: 23 
Depth skipped: 
0 0 23 0 0 0 0 0 0 0 0 0 0 0 0 0 0 0 0 0 0 0 0 0 0 0 0 0 0 0 0 0 

running time: 4800 sec
 depth:6
 0  1  2  3  4  5  6  7  8  9  a  b  c  d  e  f 10 11 12 13 14 15 16 17 18 19 1a 1b 1c 1d 1e 1f 20 21 22 23 24 25 26 27 28 29 2a 2b 2c 2d 2e 2f 30 31 32 33 34 35 36 37 38 39 3a 3b 3c 3d 3e 3f 40 41 42 43 44 45 46 47 48 49 4a 4b 4c 4d 4e 4f 50 51 52 53 54 55 56 57 58 59 5a 5b 5c 5d 5e 5f 60 61 62 63 64 65 66 67 68 69 6a 6b 6c 6d 6e 6f 70 71 72 73 74 75 76 77 78 79 7a 7b 7c 7d 7e 7f 80 81 82 83 84 85 86 87 88 89 8a 8b 8c 8d 8e 8f 90 91 92 93 94 95 96 97 98 99 9a 9b 9c 9d 9e 9f a0 a1 a2 a3 a4 a5 a6 a7 a8 a9 aa ab ac ad ae af b0 b1 b2 b3 b4 b5 b6 b7 b8 b9 ba bb bc bd be bf c0 c1 c2 c3 c4 c5 c6 c7 c8 c9 ca cb cc cd ce cf d0 d1 d2 d3 d4 d5 d6 d7 d8 d9 da db dc dd de df e0 e1 e2 e3 e4 e5 e6 e7 e8 e9 ea eb ec ed ee ef f0 f1 f2 f3 f4 f5 f6 f7 f8 f9 fa fb fc fd fe ff 
 0  1  2 50  4 8e a0 bb  8 4d cb 1d 97 17 a1 -- 10 -- 9a -- 41 -- 3a b4 f9 -- 2e -- 95 63 -- b2 20 -- -- -- e3 26 -- bd 82 19 -- -- 74 -- bf -- 25 -- -- 33 5c -- -- -- fd 88 c6 -- -- -- b3 -- 40 -- -- -- -- -- -- -- 11 -- 4c -- -- -- ad 4f d3 -- 32 -- -- 9f -- ff e8 -- -- -- a9 -- -- -- 4a -- -- -- -- -- 66 -- b8 -- -- -- -- -- -- -- 2d -- c7 -- 5b 14 -- 99 -- 79 -- -- b1 -- -- -- 80 -- --  5 -- -- -- -- -- -- -- 52 -- -- -- -- 22 -- -- -- 98 -- -- e2 -- 6d -- -- 8d 70 9e c8 71 -- -- -- 64 38 -- dd -- -- e9 -- -- -- 29 --  7 -- -- -- -- -- --  e 85 1c -- -- -- -- -- -- 94 a4 -- -- -- -- -- -- -- -- -- -- cc -- -- -- a7  a -- -- -- -- -- d7 -- -- -- -- -- -- -- -- 5a -- -- -- 59 da -- -- b6 47 28 eb -- e0 e5 cd -- -- f2 -- -- -- -- 44 b5 13 -- -- -- -- -- e7 

solutions so far:0 maxDepth:10 
iterations:44908110  skipped: 23 
Depth skipped: 
0 0 23 0 0 0 0 0 0 0 0 0 0 0 0 0 0 0 0 0 0 0 0 0 0 0 0 0 0 0 0 0 

running time: 5100 sec
 depth:7
 0  1  2  3  4  5  6  7  8  9  a  b  c  d  e  f 10 11 12 13 14 15 16 17 18 19 1a 1b 1c 1d 1e 1f 20 21 22 23 24 25 26 27 28 29 2a 2b 2c 2d 2e 2f 30 31 32 33 34 35 36 37 38 39 3a 3b 3c 3d 3e 3f 40 41 42 43 44 45 46 47 48 49 4a 4b 4c 4d 4e 4f 50 51 52 53 54 55 56 57 58 59 5a 5b 5c 5d 5e 5f 60 61 62 63 64 65 66 67 68 69 6a 6b 6c 6d 6e 6f 70 71 72 73 74 75 76 77 78 79 7a 7b 7c 7d 7e 7f 80 81 82 83 84 85 86 87 88 89 8a 8b 8c 8d 8e 8f 90 91 92 93 94 95 96 97 98 99 9a 9b 9c 9d 9e 9f a0 a1 a2 a3 a4 a5 a6 a7 a8 a9 aa ab ac ad ae af b0 b1 b2 b3 b4 b5 b6 b7 b8 b9 ba bb bc bd be bf c0 c1 c2 c3 c4 c5 c6 c7 c8 c9 ca cb cc cd ce cf d0 d1 d2 d3 d4 d5 d6 d7 d8 d9 da db dc dd de df e0 e1 e2 e3 e4 e5 e6 e7 e8 e9 ea eb ec ed ee ef f0 f1 f2 f3 f4 f5 f6 f7 f8 f9 fa fb fc fd fe ff 
 0  1  2 50  4 88 a0 61  8  e c7 30 97 d1 c2 68 10 -- 1c -- 59 -- 60 15 f9 -- 75 -- 53 ca d0 a7 20 -- -- -- 38 ad -- 3a b2 9a -- -- c0 -- 2a -- 25 -- -- 33 ea -- -- 16 a6 2e 43  d 77 -- 99 -- 40 -- -- -- -- -- -- -- 70 -- 8d -- -- -- 74 4f b3 -- e3 -- -- 9f -- ff 57 -- -- -- 54 -- -- -- 4a -- -- -- -- -- 66 --  3 -- -- b9 -- -- 2c b0 9b -- 5c -- 86 14 1a  c ee 79 -- 9d e5 -- -- -- 80 -- --  5 -- -- -- -- -- -- -- 52 -- -- -- -- e0 -- -- -- cd -- -- b5 -- d9 -- -- e8 aa 9e 22 b1 -- -- -- 11 55 -- 87 -- -- e9 -- -- -- 29 -- ae -- -- -- -- -- -- 8b a8 c1 -- -- -- -- -- -- 94 a4 -- -- -- -- -- -- -- -- -- -- cc -- -- --  6  a -- -- -- -- a5 d7 -- -- -- -- 58 -- b7 -- e1 -- -- -- b8 65 -- -- db 44 28 eb 34 83 18  7  b -- f2 -- -- -- ed 17 1d bd -- -- -- -- -- 4d 

solutions so far:0 maxDepth:10 
iterations:47954633  skipped: 24 
Depth skipped: 
0 0 24 0 0 0 0 0 0 0 0 0 0 0 0 0 0 0 0 0 0 0 0 0 0 0 0 0 0 0 0 0 

running time: 5400 sec
 depth:6
 0  1  2  3  4  5  6  7  8  9  a  b  c  d  e  f 10 11 12 13 14 15 16 17 18 19 1a 1b 1c 1d 1e 1f 20 21 22 23 24 25 26 27 28 29 2a 2b 2c 2d 2e 2f 30 31 32 33 34 35 36 37 38 39 3a 3b 3c 3d 3e 3f 40 41 42 43 44 45 46 47 48 49 4a 4b 4c 4d 4e 4f 50 51 52 53 54 55 56 57 58 59 5a 5b 5c 5d 5e 5f 60 61 62 63 64 65 66 67 68 69 6a 6b 6c 6d 6e 6f 70 71 72 73 74 75 76 77 78 79 7a 7b 7c 7d 7e 7f 80 81 82 83 84 85 86 87 88 89 8a 8b 8c 8d 8e 8f 90 91 92 93 94 95 96 97 98 99 9a 9b 9c 9d 9e 9f a0 a1 a2 a3 a4 a5 a6 a7 a8 a9 aa ab ac ad ae af b0 b1 b2 b3 b4 b5 b6 b7 b8 b9 ba bb bc bd be bf c0 c1 c2 c3 c4 c5 c6 c7 c8 c9 ca cb cc cd ce cf d0 d1 d2 d3 d4 d5 d6 d7 d8 d9 da db dc dd de df e0 e1 e2 e3 e4 e5 e6 e7 e8 e9 ea eb ec ed ee ef f0 f1 f2 f3 f4 f5 f6 f7 f8 f9 fa fb fc fd fe ff 
 0  1  2 50  4 7f a0 7e  8 b6 fe d8 97 69 fc -- 10 -- bb -- 2b -- 67 89 f9 -- d2 -- 2f 3d -- a9 20 -- -- -- a1 8a -- da 56 93 -- -- ce -- c5 -- 25 -- -- 33 73 -- -- -- 5e 5a 7a -- -- -- 85 -- 40 -- -- -- -- -- -- -- 95 -- c3 -- -- -- 63 4f ac -- f1 -- -- 9f -- ff 4b -- -- -- 5d -- -- -- 4a -- -- -- -- -- 66 -- e6 -- -- -- -- -- -- -- bc -- b4 -- f4 14 -- 36 -- 79 -- -- dd -- -- -- 80 -- --  5 -- -- -- -- -- -- -- 52 -- -- -- -- fd -- -- -- 51 -- -- c9 -- 91 -- -- c6 84 9e 6a 8f -- -- -- 35 42 -- a3 -- -- e9 -- -- -- 29 -- 96 -- -- -- -- -- -- fb ba 21 -- -- -- -- -- -- 94 a4 -- -- -- -- -- -- -- -- -- -- cc -- -- -- 1b  a -- -- -- -- -- d7 -- -- -- -- -- -- -- -- af -- -- -- bf f5 -- -- 3f d4 28 eb -- df 6c 5b -- -- f2 -- -- -- -- 2d 6d 45 -- -- -- -- -- a2 

solutions so far:0 maxDepth:10 
iterations:51242894  skipped: 26 
Depth skipped: 
0 0 26 0 0 0 0 0 0 0 0 0 0 0 0 0 0 0 0 0 0 0 0 0 0 0 0 0 0 0 0 0 

running time: 5700 sec
 depth:7
 0  1  2  3  4  5  6  7  8  9  a  b  c  d  e  f 10 11 12 13 14 15 16 17 18 19 1a 1b 1c 1d 1e 1f 20 21 22 23 24 25 26 27 28 29 2a 2b 2c 2d 2e 2f 30 31 32 33 34 35 36 37 38 39 3a 3b 3c 3d 3e 3f 40 41 42 43 44 45 46 47 48 49 4a 4b 4c 4d 4e 4f 50 51 52 53 54 55 56 57 58 59 5a 5b 5c 5d 5e 5f 60 61 62 63 64 65 66 67 68 69 6a 6b 6c 6d 6e 6f 70 71 72 73 74 75 76 77 78 79 7a 7b 7c 7d 7e 7f 80 81 82 83 84 85 86 87 88 89 8a 8b 8c 8d 8e 8f 90 91 92 93 94 95 96 97 98 99 9a 9b 9c 9d 9e 9f a0 a1 a2 a3 a4 a5 a6 a7 a8 a9 aa ab ac ad ae af b0 b1 b2 b3 b4 b5 b6 b7 b8 b9 ba bb bc bd be bf c0 c1 c2 c3 c4 c5 c6 c7 c8 c9 ca cb cc cd ce cf d0 d1 d2 d3 d4 d5 d6 d7 d8 d9 da db dc dd de df e0 e1 e2 e3 e4 e5 e6 e7 e8 e9 ea eb ec ed ee ef f0 f1 f2 f3 f4 f5 f6 f7 f8 f9 fa fb fc fd fe ff 
 0  1  2 50  4 77 a0 42  8 8e ee 7d 97 62 84  6 10 -- cb --  b -- fa e6 f9 -- c4 -- df 4b  c 4c 20 -- -- -- 41 b9 -- 32 16  d -- -- 23 -- 1b -- 25 -- -- 33 5f -- -- c0 69 e2 96 75 18 -- 98 -- 40 -- -- -- -- -- -- -- 82 -- a5 -- -- -- 64 4f 2c -- 1a -- -- 9f -- ff 46 -- -- -- 36 -- -- -- 4a -- -- -- -- -- 66 -- be -- -- 55 -- -- 57 8b d2 -- 13 -- fb 14 ea 81 30 79 -- 83 e7 -- -- -- 80 -- --  5 -- -- -- -- -- -- -- 52 -- -- -- -- d3 -- -- -- 9d -- -- b0 -- 67 -- -- c8 f3 9e 68 58 -- -- -- 34 92 -- d8 -- -- e9 -- -- -- 29 -- 8c -- -- -- -- -- -- cf 6c 49 -- -- -- -- -- -- 94 a4 -- -- -- -- -- -- -- -- -- -- cc -- -- -- ab  a -- -- -- -- aa d7 -- -- -- -- ae -- c1 -- 73 -- -- -- 26 ce -- -- 21 d0 28 eb  3 31 d5 47 60 -- f2 -- -- -- d1 71 19 b7 -- -- -- -- -- ed 

solutions so far:0 maxDepth:10 
iterations:54897469  skipped: 27 
Depth skipped: 
0 0 27 0 0 0 0 0 0 0 0 0 0 0 0 0 0 0 0 0 0 0 0 0 0 0 0 0 0 0 0 0 

running time: 6000 sec
 depth:6
 0  1  2  3  4  5  6  7  8  9  a  b  c  d  e  f 10 11 12 13 14 15 16 17 18 19 1a 1b 1c 1d 1e 1f 20 21 22 23 24 25 26 27 28 29 2a 2b 2c 2d 2e 2f 30 31 32 33 34 35 36 37 38 39 3a 3b 3c 3d 3e 3f 40 41 42 43 44 45 46 47 48 49 4a 4b 4c 4d 4e 4f 50 51 52 53 54 55 56 57 58 59 5a 5b 5c 5d 5e 5f 60 61 62 63 64 65 66 67 68 69 6a 6b 6c 6d 6e 6f 70 71 72 73 74 75 76 77 78 79 7a 7b 7c 7d 7e 7f 80 81 82 83 84 85 86 87 88 89 8a 8b 8c 8d 8e 8f 90 91 92 93 94 95 96 97 98 99 9a 9b 9c 9d 9e 9f a0 a1 a2 a3 a4 a5 a6 a7 a8 a9 aa ab ac ad ae af b0 b1 b2 b3 b4 b5 b6 b7 b8 b9 ba bb bc bd be bf c0 c1 c2 c3 c4 c5 c6 c7 c8 c9 ca cb cc cd ce cf d0 d1 d2 d3 d4 d5 d6 d7 d8 d9 da db dc dd de df e0 e1 e2 e3 e4 e5 e6 e7 e8 e9 ea eb ec ed ee ef f0 f1 f2 f3 f4 f5 f6 f7 f8 f9 fa fb fc fd fe ff 
 0  1  2 50  4 69 a0 65  8  f d2 b1 97 22 ca -- 10 -- 1e -- 73 -- b5 c2 f9 -- 44 -- 43 54 -- de 20 -- -- -- 3c 67 -- f6 e6 fb -- -- bd -- 53 -- 25 -- -- 33 88 -- -- -- 86 6e a8 -- -- -- 6b -- 40 -- -- -- -- -- -- -- 78 -- ce -- -- -- 3b 4f 1b -- 21 -- -- 9f -- ff ad -- -- -- a6 -- -- -- 4a -- -- -- -- -- 66 -- c7 -- -- -- -- -- -- -- db -- dc -- 87 14 -- b2 -- 79 -- -- d6 -- -- -- 80 -- --  5 -- -- -- -- -- -- -- 52 -- -- -- -- f0 -- -- -- 4b -- -- 6c -- 15 -- -- 76 e3 9e 84 36 -- -- -- 42 9a -- e1 -- -- e9 -- -- -- 29 -- 8d -- -- -- -- -- -- cd 9b 4d -- -- -- -- -- -- 94 a4 -- -- -- -- -- -- -- -- -- -- cc -- -- -- 59  a -- -- -- -- -- d7 -- -- -- -- -- -- -- -- 61 -- -- -- 6f 2a -- -- d9 df 28 eb -- 11 b3 ec -- -- f2 -- -- -- -- 37 7b d8 -- -- -- -- -- 96 

solutions so far:0 maxDepth:10 
iterations:59681406  skipped: 32 
Depth skipped: 
0 0 32 0 0 0 0 0 0 0 0 0 0 0 0 0 0 0 0 0 0 0 0 0 0 0 0 0 0 0 0 0 

running time: 6300 sec
 depth:6
 0  1  2  3  4  5  6  7  8  9  a  b  c  d  e  f 10 11 12 13 14 15 16 17 18 19 1a 1b 1c 1d 1e 1f 20 21 22 23 24 25 26 27 28 29 2a 2b 2c 2d 2e 2f 30 31 32 33 34 35 36 37 38 39 3a 3b 3c 3d 3e 3f 40 41 42 43 44 45 46 47 48 49 4a 4b 4c 4d 4e 4f 50 51 52 53 54 55 56 57 58 59 5a 5b 5c 5d 5e 5f 60 61 62 63 64 65 66 67 68 69 6a 6b 6c 6d 6e 6f 70 71 72 73 74 75 76 77 78 79 7a 7b 7c 7d 7e 7f 80 81 82 83 84 85 86 87 88 89 8a 8b 8c 8d 8e 8f 90 91 92 93 94 95 96 97 98 99 9a 9b 9c 9d 9e 9f a0 a1 a2 a3 a4 a5 a6 a7 a8 a9 aa ab ac ad ae af b0 b1 b2 b3 b4 b5 b6 b7 b8 b9 ba bb bc bd be bf c0 c1 c2 c3 c4 c5 c6 c7 c8 c9 ca cb cc cd ce cf d0 d1 d2 d3 d4 d5 d6 d7 d8 d9 da db dc dd de df e0 e1 e2 e3 e4 e5 e6 e7 e8 e9 ea eb ec ed ee ef f0 f1 f2 f3 f4 f5 f6 f7 f8 f9 fa fb fc fd fe ff 
 0  1  2 50  4 5d a0 49  8 69 ba 4d 97 b3 92 -- 10 -- d2 -- a3 -- 9a 5f f9 -- b1 -- f3 23 -- ce 20 -- -- -- 73 3f -- 21 91 5e -- -- e3 -- be -- 25 -- -- 33 b5 -- -- -- 31 6c 46 -- -- -- 4b -- 40 -- -- -- -- -- -- -- e6 -- 7e -- -- -- 42 4f f5 -- bc -- -- 9f -- ff 11 -- -- -- ab -- -- -- 4a -- -- -- -- -- 66 -- bd -- -- -- -- -- -- -- 62 -- d8 -- 8c 14 -- 8d -- 79 -- -- 96 -- -- -- 80 -- --  5 -- -- -- -- -- -- -- 52 -- -- -- -- 1b -- -- -- fc -- -- 7a -- 7d -- -- 84 59 9e 89 3d -- -- -- af c7 -- d5 -- -- e9 -- -- -- 29 -- 22 -- -- -- -- -- -- 44 81 88 -- -- -- -- -- -- 94 a4 -- -- -- -- -- -- -- -- -- -- cc -- -- -- ad  a -- -- -- -- -- d7 -- -- -- -- -- -- -- -- c4 -- -- -- 67 fa -- -- cf c5 28 eb -- b2 cd df -- -- f2 -- -- -- -- 36 fb f4 -- -- -- -- -- 2f 

solutions so far:0 maxDepth:10 
iterations:63755793  skipped: 34 
Depth skipped: 
0 0 34 0 0 0 0 0 0 0 0 0 0 0 0 0 0 0 0 0 0 0 0 0 0 0 0 0 0 0 0 0 

running time: 6600 sec
 depth:7
 0  1  2  3  4  5  6  7  8  9  a  b  c  d  e  f 10 11 12 13 14 15 16 17 18 19 1a 1b 1c 1d 1e 1f 20 21 22 23 24 25 26 27 28 29 2a 2b 2c 2d 2e 2f 30 31 32 33 34 35 36 37 38 39 3a 3b 3c 3d 3e 3f 40 41 42 43 44 45 46 47 48 49 4a 4b 4c 4d 4e 4f 50 51 52 53 54 55 56 57 58 59 5a 5b 5c 5d 5e 5f 60 61 62 63 64 65 66 67 68 69 6a 6b 6c 6d 6e 6f 70 71 72 73 74 75 76 77 78 79 7a 7b 7c 7d 7e 7f 80 81 82 83 84 85 86 87 88 89 8a 8b 8c 8d 8e 8f 90 91 92 93 94 95 96 97 98 99 9a 9b 9c 9d 9e 9f a0 a1 a2 a3 a4 a5 a6 a7 a8 a9 aa ab ac ad ae af b0 b1 b2 b3 b4 b5 b6 b7 b8 b9 ba bb bc bd be bf c0 c1 c2 c3 c4 c5 c6 c7 c8 c9 ca cb cc cd ce cf d0 d1 d2 d3 d4 d5 d6 d7 d8 d9 da db dc dd de df e0 e1 e2 e3 e4 e5 e6 e7 e8 e9 ea eb ec ed ee ef f0 f1 f2 f3 f4 f5 f6 f7 f8 f9 fa fb fc fd fe ff 
 0  1  2 50  4 48 a0 98  8 4d 90 c5 97 7e e7 1b 10 -- 9a -- f7 -- 5d 47 f9 -- fc -- 19 e2 36 b2 20 -- -- -- e3 7c -- bd 39 9c -- -- ba -- 8e -- 25 -- -- 33 2f -- -- ce 32 88 13 d2 6c -- b3 -- 40 -- -- -- -- -- -- -- 11 -- f8 -- -- -- ad 4f 72 -- ef -- -- 9f -- ff a3 -- -- -- cb -- -- -- 4a -- -- -- -- -- 66 -- 5e -- -- 42 -- -- 4b fb 64 -- c7 -- 26 14 73 af d8 79 -- df b1 -- -- -- 80 -- --  5 -- -- -- -- -- -- -- 52 -- -- -- -- 22 -- -- -- 27 -- -- 1f -- d3 -- -- 8d f4 9e 12 e4 -- -- --  9 7a -- 82 -- -- e9 -- -- -- 29 -- 91 -- -- -- -- -- -- f5 41 3d -- -- -- -- -- -- 94 a4 -- -- -- -- -- -- -- -- -- -- cc -- -- -- bc  a -- -- -- -- 84 d7 -- -- -- -- 96 -- 21 -- c8 -- -- -- 59 71 -- -- 4c 24 28 eb e6 3f 89 cd 67 -- f2 -- -- -- 69 44 b5 3e -- -- -- -- -- 4e 

solutions so far:0 maxDepth:10 
iterations:68884906  skipped: 39 
Depth skipped: 
0 0 39 0 0 0 0 0 0 0 0 0 0 0 0 0 0 0 0 0 0 0 0 0 0 0 0 0 0 0 0 0 

running time: 6900 sec
 depth:7
 0  1  2  3  4  5  6  7  8  9  a  b  c  d  e  f 10 11 12 13 14 15 16 17 18 19 1a 1b 1c 1d 1e 1f 20 21 22 23 24 25 26 27 28 29 2a 2b 2c 2d 2e 2f 30 31 32 33 34 35 36 37 38 39 3a 3b 3c 3d 3e 3f 40 41 42 43 44 45 46 47 48 49 4a 4b 4c 4d 4e 4f 50 51 52 53 54 55 56 57 58 59 5a 5b 5c 5d 5e 5f 60 61 62 63 64 65 66 67 68 69 6a 6b 6c 6d 6e 6f 70 71 72 73 74 75 76 77 78 79 7a 7b 7c 7d 7e 7f 80 81 82 83 84 85 86 87 88 89 8a 8b 8c 8d 8e 8f 90 91 92 93 94 95 96 97 98 99 9a 9b 9c 9d 9e 9f a0 a1 a2 a3 a4 a5 a6 a7 a8 a9 aa ab ac ad ae af b0 b1 b2 b3 b4 b5 b6 b7 b8 b9 ba bb bc bd be bf c0 c1 c2 c3 c4 c5 c6 c7 c8 c9 ca cb cc cd ce cf d0 d1 d2 d3 d4 d5 d6 d7 d8 d9 da db dc dd de df e0 e1 e2 e3 e4 e5 e6 e7 e8 e9 ea eb ec ed ee ef f0 f1 f2 f3 f4 f5 f6 f7 f8 f9 fa fb fc fd fe ff 
 0  1  2 50  4 3b a0 68  8 96 76 bf 97 bb d0 71 10 -- fb -- ec -- a9 2c f9 -- a1 -- 77 ed e2 e6 20 -- -- -- 21 37 -- d8  f de -- -- 85 -- 58 -- 25 -- -- 33 95 -- -- 98 ee 69  d 41 13 -- 1b -- 40 -- -- -- -- -- -- -- 42 -- 6e -- -- -- 67 4f 1e -- 6b -- -- 9f -- ff dd -- -- -- b0 -- -- -- 4a -- -- -- -- -- 66 -- fd -- -- c8 -- -- e7 32  b -- d2 -- 1a 14 82 5a 26 79 -- 8e 36 -- -- -- 80 -- --  5 -- -- -- -- -- -- -- 52 -- -- -- -- 84 -- -- -- dc -- -- 78 -- a5 -- -- ce 5b 9e 7b 3c -- -- -- d6 c6 -- b9 -- -- e9 -- -- -- 29 -- 6d -- -- -- -- -- -- da b7 63 -- -- -- -- -- -- 94 a4 -- -- -- -- -- -- -- -- -- -- cc -- -- -- 2d  a -- -- -- -- 47 d7 -- -- -- -- 19 -- 64 -- 16 -- -- -- 73 9d -- -- 34 f6 28 eb d3 b6 b4 4b 4c -- f2 -- -- -- cb df 6c f0 -- -- -- -- -- 6f 

solutions so far:0 maxDepth:10 
iterations:73785026  skipped: 43 
Depth skipped: 
0 0 43 0 0 0 0 0 0 0 0 0 0 0 0 0 0 0 0 0 0 0 0 0 0 0 0 0 0 0 0 0 

running time: 7200 sec
 depth:6
 0  1  2  3  4  5  6  7  8  9  a  b  c  d  e  f 10 11 12 13 14 15 16 17 18 19 1a 1b 1c 1d 1e 1f 20 21 22 23 24 25 26 27 28 29 2a 2b 2c 2d 2e 2f 30 31 32 33 34 35 36 37 38 39 3a 3b 3c 3d 3e 3f 40 41 42 43 44 45 46 47 48 49 4a 4b 4c 4d 4e 4f 50 51 52 53 54 55 56 57 58 59 5a 5b 5c 5d 5e 5f 60 61 62 63 64 65 66 67 68 69 6a 6b 6c 6d 6e 6f 70 71 72 73 74 75 76 77 78 79 7a 7b 7c 7d 7e 7f 80 81 82 83 84 85 86 87 88 89 8a 8b 8c 8d 8e 8f 90 91 92 93 94 95 96 97 98 99 9a 9b 9c 9d 9e 9f a0 a1 a2 a3 a4 a5 a6 a7 a8 a9 aa ab ac ad ae af b0 b1 b2 b3 b4 b5 b6 b7 b8 b9 ba bb bc bd be bf c0 c1 c2 c3 c4 c5 c6 c7 c8 c9 ca cb cc cd ce cf d0 d1 d2 d3 d4 d5 d6 d7 d8 d9 da db dc dd de df e0 e1 e2 e3 e4 e5 e6 e7 e8 e9 ea eb ec ed ee ef f0 f1 f2 f3 f4 f5 f6 f7 f8 f9 fa fb fc fd fe ff 
 0  1  2 50  4 2f a0 4c  8 e1 5e 16 97 1a 98 -- 10 -- 15 -- bc -- 2c c8 f9 -- 34 -- e7 71 -- 43 20 -- -- -- 2a a3 -- c2 af 7a -- -- 58 -- 47 -- 25 -- -- 33 68 -- -- -- 19 d9 e2 -- -- -- 86 -- 40 -- -- -- -- -- -- -- 54 -- 91 -- -- -- 53 4f 89 -- f4 -- -- 9f -- ff b0 -- -- -- 8e -- -- -- 4a -- -- -- -- -- 66 -- d0 -- -- -- -- -- -- -- 32 -- 65 -- 13 14 -- ee -- 79 -- -- db -- -- -- 80 -- --  5 -- -- -- -- -- -- -- 52 -- -- -- -- a8 -- -- -- f5 -- -- 5d -- 82 -- -- a6 ed 9e 7e c5 -- -- -- 3f 9d -- 41 -- -- e9 -- -- -- 29 -- b7 -- -- -- -- -- -- b9 cb a5 -- -- -- -- -- -- 94 a4 -- -- -- -- -- -- -- -- -- -- cc -- -- -- 77  a -- -- -- -- -- d7 -- -- -- -- -- -- -- -- 64 -- -- -- ca d3 -- -- 26 fc 28 eb --  d  b 9b -- -- f2 -- -- -- -- 87 61 ba -- -- -- -- -- 3d 

solutions so far:0 maxDepth:10 
iterations:78837208  skipped: 45 
Depth skipped: 
0 0 45 0 0 0 0 0 0 0 0 0 0 0 0 0 0 0 0 0 0 0 0 0 0 0 0 0 0 0 0 0 

running time: 7500 sec
 depth:6
 0  1  2  3  4  5  6  7  8  9  a  b  c  d  e  f 10 11 12 13 14 15 16 17 18 19 1a 1b 1c 1d 1e 1f 20 21 22 23 24 25 26 27 28 29 2a 2b 2c 2d 2e 2f 30 31 32 33 34 35 36 37 38 39 3a 3b 3c 3d 3e 3f 40 41 42 43 44 45 46 47 48 49 4a 4b 4c 4d 4e 4f 50 51 52 53 54 55 56 57 58 59 5a 5b 5c 5d 5e 5f 60 61 62 63 64 65 66 67 68 69 6a 6b 6c 6d 6e 6f 70 71 72 73 74 75 76 77 78 79 7a 7b 7c 7d 7e 7f 80 81 82 83 84 85 86 87 88 89 8a 8b 8c 8d 8e 8f 90 91 92 93 94 95 96 97 98 99 9a 9b 9c 9d 9e 9f a0 a1 a2 a3 a4 a5 a6 a7 a8 a9 aa ab ac ad ae af b0 b1 b2 b3 b4 b5 b6 b7 b8 b9 ba bb bc bd be bf c0 c1 c2 c3 c4 c5 c6 c7 c8 c9 ca cb cc cd ce cf d0 d1 d2 d3 d4 d5 d6 d7 d8 d9 da db dc dd de df e0 e1 e2 e3 e4 e5 e6 e7 e8 e9 ea eb ec ed ee ef f0 f1 f2 f3 f4 f5 f6 f7 f8 f9 fa fb fc fd fe ff 
 0  1  2 50  4 23 a0 34  8 5b 46 70 97 3a 68 -- 10 -- b6 -- 8c -- e0 16 f9 -- 74 -- d0 9d -- bf 20 -- -- -- bb 62 -- 6d cf ab -- -- 17 -- 2c -- 25 -- -- 33 e8 -- -- -- 77 2d ed -- -- -- a9 -- 40 -- -- -- -- -- -- -- a1 -- c4 -- -- -- da 4f 49 -- 81 -- -- 9f -- ff 2e -- -- -- 58 -- -- -- 4a -- -- -- -- -- 66 --  7 -- -- -- -- -- -- -- ee -- 5a --  d 14 -- 1c -- 79 -- -- 85 -- -- -- 80 -- --  5 -- -- -- -- -- -- -- 52 -- -- -- -- 95 -- -- -- 5f -- -- f3 -- b9 -- -- 63 e5 9e 7d 92 -- -- -- d5 99 -- b7 -- -- e9 -- -- -- 29 -- 5c -- -- -- -- -- -- b8 b0 a7 -- -- -- -- -- -- 94 a4 -- -- -- -- -- -- -- -- -- -- cc -- -- --  e  a -- -- -- -- -- d7 -- -- -- -- -- -- -- --  b -- -- -- b4 a5 -- -- 1a fa 28 eb -- 1d 38 c6 -- -- f2 -- -- -- -- fd dd 31 -- -- -- -- -- be 

solutions so far:0 maxDepth:10 
iterations:83087863  skipped: 48 
Depth skipped: 
0 0 48 0 0 0 0 0 0 0 0 0 0 0 0 0 0 0 0 0 0 0 0 0 0 0 0 0 0 0 0 0 

running time: 7800 sec
 depth:7
 0  1  2  3  4  5  6  7  8  9  a  b  c  d  e  f 10 11 12 13 14 15 16 17 18 19 1a 1b 1c 1d 1e 1f 20 21 22 23 24 25 26 27 28 29 2a 2b 2c 2d 2e 2f 30 31 32 33 34 35 36 37 38 39 3a 3b 3c 3d 3e 3f 40 41 42 43 44 45 46 47 48 49 4a 4b 4c 4d 4e 4f 50 51 52 53 54 55 56 57 58 59 5a 5b 5c 5d 5e 5f 60 61 62 63 64 65 66 67 68 69 6a 6b 6c 6d 6e 6f 70 71 72 73 74 75 76 77 78 79 7a 7b 7c 7d 7e 7f 80 81 82 83 84 85 86 87 88 89 8a 8b 8c 8d 8e 8f 90 91 92 93 94 95 96 97 98 99 9a 9b 9c 9d 9e 9f a0 a1 a2 a3 a4 a5 a6 a7 a8 a9 aa ab ac ad ae af b0 b1 b2 b3 b4 b5 b6 b7 b8 b9 ba bb bc bd be bf c0 c1 c2 c3 c4 c5 c6 c7 c8 c9 ca cb cc cd ce cf d0 d1 d2 d3 d4 d5 d6 d7 d8 d9 da db dc dd de df e0 e1 e2 e3 e4 e5 e6 e7 e8 e9 ea eb ec ed ee ef f0 f1 f2 f3 f4 f5 f6 f7 f8 f9 fa fb fc fd fe ff 
 0  1  2 50  4 18 a0 35  8 ab 30 5c 97  e 6a 69 10 -- 81 -- 60 -- b8 56 f9 -- 1c -- d4 51 d2 49 20 -- -- -- d5 55 -- 62 c0 75 -- -- a7 -- ac -- 25 -- -- 33 38 -- -- 36 7f 46 a2 42 73 -- 92 -- 40 -- -- -- -- -- -- -- 7d -- aa -- -- -- c4 4f 57 -- ea -- -- 9f -- ff 99 -- -- -- 8f -- -- -- 4a -- -- -- -- -- 66 -- 70 -- -- 4b -- -- 6c 67 fe -- 8c -- 93 14 84 17 e6 79 -- fb f3 -- -- -- 80 -- --  5 -- -- -- -- -- -- -- 52 -- -- -- -- fa -- -- -- 83 -- -- 8b -- 8a -- -- 5f e8 9e  6 ae -- -- --  3 74 -- 45 -- -- e9 -- -- -- 29 -- e5 -- -- -- -- -- -- 1d c9 3a -- -- -- -- -- -- 94 a4 -- -- -- -- -- -- -- -- -- -- cc -- -- -- e0  a -- -- -- -- 96 d7 -- -- -- -- d8 -- ce -- 2b -- -- -- cf c3 -- -- f1  c 28 eb df  7 2e be 1b -- f2 -- -- -- 21 23 31 c1 -- -- -- -- -- d1 

solutions so far:0 maxDepth:10 
iterations:88593040  skipped: 50 
Depth skipped: 
0 0 50 0 0 0 0 0 0 0 0 0 0 0 0 0 0 0 0 0 0 0 0 0 0 0 0 0 0 0 0 0 

running time: 8100 sec
 depth:7
 0  1  2  3  4  5  6  7  8  9  a  b  c  d  e  f 10 11 12 13 14 15 16 17 18 19 1a 1b 1c 1d 1e 1f 20 21 22 23 24 25 26 27 28 29 2a 2b 2c 2d 2e 2f 30 31 32 33 34 35 36 37 38 39 3a 3b 3c 3d 3e 3f 40 41 42 43 44 45 46 47 48 49 4a 4b 4c 4d 4e 4f 50 51 52 53 54 55 56 57 58 59 5a 5b 5c 5d 5e 5f 60 61 62 63 64 65 66 67 68 69 6a 6b 6c 6d 6e 6f 70 71 72 73 74 75 76 77 78 79 7a 7b 7c 7d 7e 7f 80 81 82 83 84 85 86 87 88 89 8a 8b 8c 8d 8e 8f 90 91 92 93 94 95 96 97 98 99 9a 9b 9c 9d 9e 9f a0 a1 a2 a3 a4 a5 a6 a7 a8 a9 aa ab ac ad ae af b0 b1 b2 b3 b4 b5 b6 b7 b8 b9 ba bb bc bd be bf c0 c1 c2 c3 c4 c5 c6 c7 c8 c9 ca cb cc cd ce cf d0 d1 d2 d3 d4 d5 d6 d7 d8 d9 da db dc dd de df e0 e1 e2 e3 e4 e5 e6 e7 e8 e9 ea eb ec ed ee ef f0 f1 f2 f3 f4 f5 f6 f7 f8 f9 fa fb fc fd fe ff 
 0  1  2 50  4  c a0 2c  8 bb 18 69 97 4b 58 5d 10 -- a1 -- 30 -- d2 9d f9 -- 96 -- b0 77 ba 85 20 -- -- -- 95 c1 -- 63 60 d1 -- -- 73 -- ed -- 25 -- -- 33 fb -- -- 3d b7 b4 ee af a3 -- dd -- 40 -- -- -- -- -- -- -- fd -- 55 -- -- -- c6 4f c0 -- 75 -- -- 9f -- ff e6 -- -- --  d -- -- -- 4a -- -- -- -- -- 66 -- 21 -- -- fc -- -- 7a 3f b9 -- bf --  b 14 89 84 91 79 -- 5e 6d -- -- -- 80 -- --  5 -- -- -- -- -- -- -- 52 -- -- -- -- 2d -- -- -- aa -- -- ae -- 68 -- -- 5b 67 9e  3 57 -- -- -- ea d8 -- 34 -- -- e9 -- -- -- 29 -- 1b -- -- -- -- -- -- 36 1a 6c -- -- -- -- -- -- 94 a4 -- -- -- -- -- -- -- -- -- -- cc -- -- -- 42  a -- -- -- -- 2f d7 -- -- -- -- f4 -- 7e -- a5 -- -- -- a9 d0 -- -- 16  6 28 eb c5 ce df b6 f5 -- f2 -- -- -- bc 5a da 8b -- -- -- -- -- 83 

solutions so far:0 maxDepth:10 
iterations:93961992  skipped: 52 
Depth skipped: 
0 0 52 0 0 0 0 0 0 0 0 0 0 0 0 0 0 0 0 0 0 0 0 0 0 0 0 0 0 0 0 0 

running time: 8400 sec

Finished. Total running time: 8518 sec
