Search S-boxes invariant for matrix: 
{0x00,0x02,0x04,0x06,0x08,0x0a,0x0c,0x0e,0x10,0x12,0x14,0x16,0x18,0x1a,0x1c,0x1e,0x20,0x22,0x24,0x26,0x28,0x2a,0x2c,0x2e,0x30,0x32,0x34,0x36,0x38,0x3a,0x3c,0x3e,0x40,0x42,0x44,0x46,0x48,0x4a,0x4c,0x4e,0x50,0x52,0x54,0x56,0x58,0x5a,0x5c,0x5e,0x60,0x62,0x64,0x66,0x68,0x6a,0x6c,0x6e,0x70,0x72,0x74,0x76,0x78,0x7a,0x7c,0x7e,0x80,0x82,0x84,0x86,0x88,0x8a,0x8c,0x8e,0x90,0x92,0x94,0x96,0x98,0x9a,0x9c,0x9e,0xa0,0xa2,0xa4,0xa6,0xa8,0xaa,0xac,0xae,0xb0,0xb2,0xb4,0xb6,0xb8,0xba,0xbc,0xbe,0xc0,0xc2,0xc4,0xc6,0xc8,0xca,0xcc,0xce,0xd0,0xd2,0xd4,0xd6,0xd8,0xda,0xdc,0xde,0xe0,0xe2,0xe4,0xe6,0xe8,0xea,0xec,0xee,0xf0,0xf2,0xf4,0xf6,0xf8,0xfa,0xfc,0xfe,0xd7,0xd5,0xd3,0xd1,0xdf,0xdd,0xdb,0xd9,0xc7,0xc5,0xc3,0xc1,0xcf,0xcd,0xcb,0xc9,0xf7,0xf5,0xf3,0xf1,0xff,0xfd,0xfb,0xf9,0xe7,0xe5,0xe3,0xe1,0xef,0xed,0xeb,0xe9,0x97,0x95,0x93,0x91,0x9f,0x9d,0x9b,0x99,0x87,0x85,0x83,0x81,0x8f,0x8d,0x8b,0x89,0xb7,0xb5,0xb3,0xb1,0xbf,0xbd,0xbb,0xb9,0xa7,0xa5,0xa3,0xa1,0xaf,0xad,0xab,0xa9,0x57,0x55,0x53,0x51,0x5f,0x5d,0x5b,0x59,0x47,0x45,0x43,0x41,0x4f,0x4d,0x4b,0x49,0x77,0x75,0x73,0x71,0x7f,0x7d,0x7b,0x79,0x67,0x65,0x63,0x61,0x6f,0x6d,0x6b,0x69,0x17,0x15,0x13,0x11,0x1f,0x1d,0x1b,0x19,0x07,0x05,0x03,0x01,0x0f,0x0d,0x0b,0x09,0x37,0x35,0x33,0x31,0x3f,0x3d,0x3b,0x39,0x27,0x25,0x23,0x21,0x2f,0x2d,0x2b,0x29};



 depth:7
 0  1  2  3  4  5  6  7  8  9  a  b  c  d  e  f 10 11 12 13 14 15 16 17 18 19 1a 1b 1c 1d 1e 1f 20 21 22 23 24 25 26 27 28 29 2a 2b 2c 2d 2e 2f 30 31 32 33 34 35 36 37 38 39 3a 3b 3c 3d 3e 3f 40 41 42 43 44 45 46 47 48 49 4a 4b 4c 4d 4e 4f 50 51 52 53 54 55 56 57 58 59 5a 5b 5c 5d 5e 5f 60 61 62 63 64 65 66 67 68 69 6a 6b 6c 6d 6e 6f 70 71 72 73 74 75 76 77 78 79 7a 7b 7c 7d 7e 7f 80 81 82 83 84 85 86 87 88 89 8a 8b 8c 8d 8e 8f 90 91 92 93 94 95 96 97 98 99 9a 9b 9c 9d 9e 9f a0 a1 a2 a3 a4 a5 a6 a7 a8 a9 aa ab ac ad ae af b0 b1 b2 b3 b4 b5 b6 b7 b8 b9 ba bb bc bd be bf c0 c1 c2 c3 c4 c5 c6 c7 c8 c9 ca cb cc cd ce cf d0 d1 d2 d3 d4 d5 d6 d7 d8 d9 da db dc dd de df e0 e1 e2 e3 e4 e5 e6 e7 e8 e9 ea eb ec ed ee ef f0 f1 f2 f3 f4 f5 f6 f7 f8 f9 fa fb fc fd fe ff 
 0  1  2 51  4 f6 a2 3a  8 16 3b ba 93 2f 74 ae 10 -- 2c -- 76 -- a3 38 f1 -- 5e -- e8 a7 8b  d 20 -- -- -- 58 f0 -- d0 ec 6f -- -- 91 -- 70 -- 35 -- -- 33 bc -- -- 83  7 a5 99 60 c1 -- 1a -- 40 -- -- -- -- -- -- -- b0 -- 37 -- -- -- 77 4f  f -- de -- -- ac -- 7f f5 -- -- -- e0 -- -- -- 6a -- -- -- -- -- 66 -- af -- --  6 -- -- d1 ea  e -- 9d -- e5 8a c0 c5 55 79 -- 18 34 -- -- -- 80 -- -- c9 -- -- -- -- -- -- -- 2b -- -- -- -- b7 -- -- -- 6e -- -- 3c -- 5c -- -- ee 7e 9e d6 1e -- -- -- 6b 3f -- 2e -- -- 8f -- -- -- fe -- 3d -- -- -- -- -- -- 7a 17 f4 -- -- -- -- -- -- d4 56 -- -- -- -- -- -- -- -- -- -- cc -- -- -- 89 45 -- -- -- --  c d7 -- -- -- -- 75 --  3 -- 1c -- -- -- ed b8 -- -- 1d 7b c3 eb 57 fc 5d  b aa -- f2 -- -- -- 30 b9 68 78 -- -- -- -- -- dc 

solutions so far:0 maxDepth:9 
iterations:2038797  skipped: 4 
Depth skipped: 
0 0 4 0 0 0 0 0 0 0 0 0 0 0 0 0 0 0 0 0 0 0 0 0 0 0 0 0 0 0 0 0 

running time: 300 sec
 depth:6
 0  1  2  3  4  5  6  7  8  9  a  b  c  d  e  f 10 11 12 13 14 15 16 17 18 19 1a 1b 1c 1d 1e 1f 20 21 22 23 24 25 26 27 28 29 2a 2b 2c 2d 2e 2f 30 31 32 33 34 35 36 37 38 39 3a 3b 3c 3d 3e 3f 40 41 42 43 44 45 46 47 48 49 4a 4b 4c 4d 4e 4f 50 51 52 53 54 55 56 57 58 59 5a 5b 5c 5d 5e 5f 60 61 62 63 64 65 66 67 68 69 6a 6b 6c 6d 6e 6f 70 71 72 73 74 75 76 77 78 79 7a 7b 7c 7d 7e 7f 80 81 82 83 84 85 86 87 88 89 8a 8b 8c 8d 8e 8f 90 91 92 93 94 95 96 97 98 99 9a 9b 9c 9d 9e 9f a0 a1 a2 a3 a4 a5 a6 a7 a8 a9 aa ab ac ad ae af b0 b1 b2 b3 b4 b5 b6 b7 b8 b9 ba bb bc bd be bf c0 c1 c2 c3 c4 c5 c6 c7 c8 c9 ca cb cc cd ce cf d0 d1 d2 d3 d4 d5 d6 d7 d8 d9 da db dc dd de df e0 e1 e2 e3 e4 e5 e6 e7 e8 e9 ea eb ec ed ee ef f0 f1 f2 f3 f4 f5 f6 f7 f8 f9 fa fb fc fd fe ff 
 0  1  2 51  4 ee a2 92  8 d9  b 13 93 8e f3 -- 10 -- 65 -- 16 -- 26 be f1 -- cb -- 31 46 -- a6 20 -- -- -- ca a5 -- 2a 2c 1a -- -- 4c -- ab -- 35 -- -- 33 41 -- -- -- 62 61 8c -- -- -- 9b -- 40 -- -- -- -- -- -- -- 43 -- 9d -- -- -- 54 4f 58 -- 34 -- -- ac -- 7f 98 -- -- -- 81 -- -- -- 6a -- -- -- -- -- 66 -- 82 -- -- -- -- -- -- -- c4 -- c2 -- cf 8a -- 71 -- 79 -- -- e1 -- -- -- 80 -- -- c9 -- -- -- -- -- -- -- 2b -- -- -- -- 86 -- -- -- ed -- -- b7 -- fa -- -- a8 c8 9e d0 b0 -- -- -- 68 64 -- 7d -- -- 8f -- -- -- fe -- e7 -- -- -- -- -- -- 19 d5 32 -- -- -- -- -- -- d4 56 -- -- -- -- -- -- -- -- -- -- cc -- -- -- d3 45 -- -- -- -- -- d7 -- -- -- -- -- -- -- -- 5f -- -- -- 53 23 -- -- 49 77 c3 eb -- 47 e2 87 -- -- f2 -- -- -- -- db 15 b9 -- -- -- -- --  d 

solutions so far:0 maxDepth:9 
iterations:3942500  skipped: 4 
Depth skipped: 
0 0 4 0 0 0 0 0 0 0 0 0 0 0 0 0 0 0 0 0 0 0 0 0 0 0 0 0 0 0 0 0 

running time: 600 sec
 depth:7
 0  1  2  3  4  5  6  7  8  9  a  b  c  d  e  f 10 11 12 13 14 15 16 17 18 19 1a 1b 1c 1d 1e 1f 20 21 22 23 24 25 26 27 28 29 2a 2b 2c 2d 2e 2f 30 31 32 33 34 35 36 37 38 39 3a 3b 3c 3d 3e 3f 40 41 42 43 44 45 46 47 48 49 4a 4b 4c 4d 4e 4f 50 51 52 53 54 55 56 57 58 59 5a 5b 5c 5d 5e 5f 60 61 62 63 64 65 66 67 68 69 6a 6b 6c 6d 6e 6f 70 71 72 73 74 75 76 77 78 79 7a 7b 7c 7d 7e 7f 80 81 82 83 84 85 86 87 88 89 8a 8b 8c 8d 8e 8f 90 91 92 93 94 95 96 97 98 99 9a 9b 9c 9d 9e 9f a0 a1 a2 a3 a4 a5 a6 a7 a8 a9 aa ab ac ad ae af b0 b1 b2 b3 b4 b5 b6 b7 b8 b9 ba bb bc bd be bf c0 c1 c2 c3 c4 c5 c6 c7 c8 c9 ca cb cc cd ce cf d0 d1 d2 d3 d4 d5 d6 d7 d8 d9 da db dc dd de df e0 e1 e2 e3 e4 e5 e6 e7 e8 e9 ea eb ec ed ee ef f0 f1 f2 f3 f4 f5 f6 f7 f8 f9 fa fb fc fd fe ff 
 0  1  2 51  4 ea a2 ab  8 df  3 cb 93 e7 81 e4 10 -- 69 --  6 -- 41 46 f1 -- 19 -- d5 62 1f 67 20 -- -- -- d2 57 -- fb  c 55 -- -- 82 -- 8c -- 35 -- -- 33 32 -- -- 27 7d 36 c4 f7 3e -- ce -- 40 -- -- -- -- -- -- -- 73 -- ae -- -- -- 21 4f 18 -- aa -- -- ac -- 7f d3 -- -- -- cf -- -- -- 6a -- -- -- -- -- 66 -- 64 -- -- 12 -- -- 4e ef fa -- 6c -- 5f 8a 39 47 7c 79 -- 48 4b -- -- -- 80 -- -- c9 -- -- -- -- -- -- -- 2b -- -- -- -- e6 -- -- -- 8b -- -- 60 -- f3 -- -- 42 4c 9e d1 30 -- -- -- 83 26 -- 92 -- -- 8f -- -- -- fe -- 71 -- -- -- -- -- -- e2 49 13 -- -- -- -- -- -- d4 56 -- -- -- -- -- -- -- -- -- -- cc -- -- -- c8 45 -- -- -- -- 24 d7 -- -- -- -- 9c --  9 -- 23 -- -- -- d8 31 -- -- be 75 c3 eb 72 98 8e 84 f8 -- f2 -- -- -- 90 1b 96 c0 -- -- -- -- -- c1 

solutions so far:0 maxDepth:9 
iterations:6053400  skipped: 4 
Depth skipped: 
0 0 4 0 0 0 0 0 0 0 0 0 0 0 0 0 0 0 0 0 0 0 0 0 0 0 0 0 0 0 0 0 

running time: 900 sec
 depth:6
 0  1  2  3  4  5  6  7  8  9  a  b  c  d  e  f 10 11 12 13 14 15 16 17 18 19 1a 1b 1c 1d 1e 1f 20 21 22 23 24 25 26 27 28 29 2a 2b 2c 2d 2e 2f 30 31 32 33 34 35 36 37 38 39 3a 3b 3c 3d 3e 3f 40 41 42 43 44 45 46 47 48 49 4a 4b 4c 4d 4e 4f 50 51 52 53 54 55 56 57 58 59 5a 5b 5c 5d 5e 5f 60 61 62 63 64 65 66 67 68 69 6a 6b 6c 6d 6e 6f 70 71 72 73 74 75 76 77 78 79 7a 7b 7c 7d 7e 7f 80 81 82 83 84 85 86 87 88 89 8a 8b 8c 8d 8e 8f 90 91 92 93 94 95 96 97 98 99 9a 9b 9c 9d 9e 9f a0 a1 a2 a3 a4 a5 a6 a7 a8 a9 aa ab ac ad ae af b0 b1 b2 b3 b4 b5 b6 b7 b8 b9 ba bb bc bd be bf c0 c1 c2 c3 c4 c5 c6 c7 c8 c9 ca cb cc cd ce cf d0 d1 d2 d3 d4 d5 d6 d7 d8 d9 da db dc dd de df e0 e1 e2 e3 e4 e5 e6 e7 e8 e9 ea eb ec ed ee ef f0 f1 f2 f3 f4 f5 f6 f7 f8 f9 fa fb fc fd fe ff 
 0  1  2 51  4 e6 a2 bb  8 6f 1b 2f 93 f5 a1 -- 10 -- de -- 36 -- 5e b4 f1 -- 3d -- 95 63 --  f 20 -- -- -- 6b 96 -- f0 6c 84 -- -- bc -- bf -- 35 -- -- 33 7a -- -- -- fd 3b c6 -- -- -- 1e -- 40 -- -- -- -- -- -- -- d6 -- fb -- -- -- 37 4f d8 -- df -- -- ac -- 7f af -- -- -- a9 -- -- -- 6a -- -- -- -- -- 66 -- f4 -- -- -- -- -- -- -- 2d -- 76 -- 5b 8a -- 7e -- 79 -- -- 3c -- -- -- 80 -- -- c9 -- -- -- -- -- -- -- 2b -- -- -- -- 7b -- -- -- 21 -- -- ce -- 6d -- -- 6e a3 9e d2 67 -- -- -- 69 ba -- dd -- -- 8f -- -- -- fe -- 89 -- -- -- -- -- -- c5 85 5d -- -- -- -- -- -- d4 56 -- -- -- -- -- -- -- -- -- -- cc -- -- -- 3f 45 -- -- -- -- -- d7 -- -- -- -- -- -- -- -- 5a -- -- -- ec da -- -- b6 73 c3 eb -- 91 fc dc -- -- f2 -- -- -- -- f6 78 4b -- -- -- -- -- 42 

solutions so far:0 maxDepth:9 
iterations:8106204  skipped: 5 
Depth skipped: 
0 0 5 0 0 0 0 0 0 0 0 0 0 0 0 0 0 0 0 0 0 0 0 0 0 0 0 0 0 0 0 0 

running time: 1200 sec
 depth:7
 0  1  2  3  4  5  6  7  8  9  a  b  c  d  e  f 10 11 12 13 14 15 16 17 18 19 1a 1b 1c 1d 1e 1f 20 21 22 23 24 25 26 27 28 29 2a 2b 2c 2d 2e 2f 30 31 32 33 34 35 36 37 38 39 3a 3b 3c 3d 3e 3f 40 41 42 43 44 45 46 47 48 49 4a 4b 4c 4d 4e 4f 50 51 52 53 54 55 56 57 58 59 5a 5b 5c 5d 5e 5f 60 61 62 63 64 65 66 67 68 69 6a 6b 6c 6d 6e 6f 70 71 72 73 74 75 76 77 78 79 7a 7b 7c 7d 7e 7f 80 81 82 83 84 85 86 87 88 89 8a 8b 8c 8d 8e 8f 90 91 92 93 94 95 96 97 98 99 9a 9b 9c 9d 9e 9f a0 a1 a2 a3 a4 a5 a6 a7 a8 a9 aa ab ac ad ae af b0 b1 b2 b3 b4 b5 b6 b7 b8 b9 ba bb bc bd be bf c0 c1 c2 c3 c4 c5 c6 c7 c8 c9 ca cb cc cd ce cf d0 d1 d2 d3 d4 d5 d6 d7 d8 d9 da db dc dd de df e0 e1 e2 e3 e4 e5 e6 e7 e8 e9 ea eb ec ed ee ef f0 f1 f2 f3 f4 f5 f6 f7 f8 f9 fa fb fc fd fe ff 
 0  1  2 51  4 e2 a2 5e  8 d1 13 f9 93  5 bc 7d 10 -- 75 -- 26 -- 25 ba f1 --  a -- af 3f fa c0 20 -- -- -- ea 64 -- c1 4c cb -- -- 4a -- a3 -- 35 -- -- 33 14 -- -- cf 89 18 7e ab 23 -- 57 -- 40 -- -- -- -- -- -- --  3 -- c8 -- -- -- 55 4f 98 -- 41 -- -- ac -- 7f 94 -- -- -- 91 -- -- -- 6a -- -- -- -- -- 66 -- 28 -- -- 62 -- -- 49 f3 c5 -- 30 -- fc 8a 81 a0 46 79 -- 5f ae -- -- -- 80 -- -- c9 -- -- -- -- -- -- -- 2b -- -- -- --  6 -- -- -- 47 -- -- 19 -- 7a -- -- aa 9f 9e d3 e7 -- -- -- 82 a4 -- 3d -- -- 8f -- -- -- fe -- ff -- -- -- -- -- -- 29 f5 52 -- -- -- -- -- -- d4 56 -- -- -- -- -- -- -- -- -- -- cc -- -- -- 50 45 -- -- -- -- c4 d7 -- -- -- -- 92 -- 31 -- 5d -- -- -- 60 f4 -- -- 2f 71 c3 eb d5 e9 97 83 8c -- f2 -- -- -- be  c 8b 32 -- -- -- -- -- 8e 

solutions so far:0 maxDepth:9 
iterations:10361609  skipped: 5 
Depth skipped: 
0 0 5 0 0 0 0 0 0 0 0 0 0 0 0 0 0 0 0 0 0 0 0 0 0 0 0 0 0 0 0 0 

running time: 1500 sec
 depth:6
 0  1  2  3  4  5  6  7  8  9  a  b  c  d  e  f 10 11 12 13 14 15 16 17 18 19 1a 1b 1c 1d 1e 1f 20 21 22 23 24 25 26 27 28 29 2a 2b 2c 2d 2e 2f 30 31 32 33 34 35 36 37 38 39 3a 3b 3c 3d 3e 3f 40 41 42 43 44 45 46 47 48 49 4a 4b 4c 4d 4e 4f 50 51 52 53 54 55 56 57 58 59 5a 5b 5c 5d 5e 5f 60 61 62 63 64 65 66 67 68 69 6a 6b 6c 6d 6e 6f 70 71 72 73 74 75 76 77 78 79 7a 7b 7c 7d 7e 7f 80 81 82 83 84 85 86 87 88 89 8a 8b 8c 8d 8e 8f 90 91 92 93 94 95 96 97 98 99 9a 9b 9c 9d 9e 9f a0 a1 a2 a3 a4 a5 a6 a7 a8 a9 aa ab ac ad ae af b0 b1 b2 b3 b4 b5 b6 b7 b8 b9 ba bb bc bd be bf c0 c1 c2 c3 c4 c5 c6 c7 c8 c9 ca cb cc cd ce cf d0 d1 d2 d3 d4 d5 d6 d7 d8 d9 da db dc dd de df e0 e1 e2 e3 e4 e5 e6 e7 e8 e9 ea eb ec ed ee ef f0 f1 f2 f3 f4 f5 f6 f7 f8 f9 fa fb fc fd fe ff 
 0  1  2 51  4 dd a2 e6  8  b 6d 14 93 29 1b -- 10 -- 16 -- da -- 28 ce f1 -- 52 -- 36 df -- ed 20 -- -- -- 2c a1 -- 68 63 5a -- -- 50 -- 4b -- 35 -- -- 33 a4 -- -- -- 6c b9 69 -- -- --  d -- 40 -- -- -- -- -- -- -- 58 -- 95 -- -- -- d0 4f c6 -- b4 -- -- ac -- 7f a0 -- -- -- 96 -- -- -- 6a -- -- -- -- -- 66 -- 9f -- -- -- -- -- -- -- d8 -- a5 -- d2 8a --  5 -- 79 -- -- 1a -- -- -- 80 -- -- c9 -- -- -- -- -- -- -- 2b -- -- -- -- b0 -- -- -- fd -- -- b6 -- 42 -- -- 77 94 9e a9 5b -- -- -- bf 4a -- 21 -- -- 8f -- -- -- fe -- 97 -- -- -- -- -- -- f9 fb 25 -- -- -- -- -- -- d4 56 -- -- -- -- -- -- -- -- -- -- cc -- -- -- e9 45 -- -- -- -- -- d7 -- -- -- -- -- -- -- -- 67 -- -- -- 9d 84 -- -- 73 85 c3 eb -- ff  a ee -- -- f2 -- -- -- -- b7 34 bb -- -- -- -- -- 2d 

solutions so far:0 maxDepth:10 
iterations:12766178  skipped: 6 
Depth skipped: 
0 0 6 0 0 0 0 0 0 0 0 0 0 0 0 0 0 0 0 0 0 0 0 0 0 0 0 0 0 0 0 0 

running time: 1800 sec
 depth:6
 0  1  2  3  4  5  6  7  8  9  a  b  c  d  e  f 10 11 12 13 14 15 16 17 18 19 1a 1b 1c 1d 1e 1f 20 21 22 23 24 25 26 27 28 29 2a 2b 2c 2d 2e 2f 30 31 32 33 34 35 36 37 38 39 3a 3b 3c 3d 3e 3f 40 41 42 43 44 45 46 47 48 49 4a 4b 4c 4d 4e 4f 50 51 52 53 54 55 56 57 58 59 5a 5b 5c 5d 5e 5f 60 61 62 63 64 65 66 67 68 69 6a 6b 6c 6d 6e 6f 70 71 72 73 74 75 76 77 78 79 7a 7b 7c 7d 7e 7f 80 81 82 83 84 85 86 87 88 89 8a 8b 8c 8d 8e 8f 90 91 92 93 94 95 96 97 98 99 9a 9b 9c 9d 9e 9f a0 a1 a2 a3 a4 a5 a6 a7 a8 a9 aa ab ac ad ae af b0 b1 b2 b3 b4 b5 b6 b7 b8 b9 ba bb bc bd be bf c0 c1 c2 c3 c4 c5 c6 c7 c8 c9 ca cb cc cd ce cf d0 d1 d2 d3 d4 d5 d6 d7 d8 d9 da db dc dd de df e0 e1 e2 e3 e4 e5 e6 e7 e8 e9 ea eb ec ed ee ef f0 f1 f2 f3 f4 f5 f6 f7 f8 f9 fa fb fc fd fe ff 
 0  1  2 51  4 d9 a2 3a  8 f4 65 19 93 71 74 -- 10 -- 3f -- ca -- 32 38 f1 -- e2 -- e8 a7 -- c5 20 -- -- -- 7e 53 -- 91 43 15 -- -- 64 -- 70 -- 35 -- -- 33 13 -- -- --  7 bc 99 -- -- -- 5d -- 40 -- -- -- -- -- -- -- fc -- a6 -- -- -- f5 4f 86 -- 2a -- -- ac -- 7f c8 -- -- -- e0 -- -- -- 6a -- -- -- -- -- 66 -- 26 -- -- -- -- -- -- --  e -- af -- e5 8a -- 98 -- 79 -- -- ba -- -- -- 80 -- -- c9 -- -- -- -- -- -- -- 2b -- -- -- -- 2f -- -- -- 9b -- -- 61 -- 5c -- -- 3d 82 9e a8 db -- -- -- 54 41 -- 2e -- -- 8f -- -- -- fe -- 47 -- -- -- -- -- -- 8e 17 cb -- -- -- -- -- -- d4 56 -- -- -- -- -- -- -- -- -- -- cc -- -- -- 4c 45 -- -- -- -- -- d7 -- -- -- -- -- -- -- -- 1c -- -- -- 89 b8 -- -- 1d 87 c3 eb -- d3 e7 7a -- -- f2 -- -- -- -- 5e a3 c2 -- -- -- -- -- e1 

solutions so far:0 maxDepth:10 
iterations:15410723  skipped: 6 
Depth skipped: 
0 0 6 0 0 0 0 0 0 0 0 0 0 0 0 0 0 0 0 0 0 0 0 0 0 0 0 0 0 0 0 0 

running time: 2100 sec
 depth:6
 0  1  2  3  4  5  6  7  8  9  a  b  c  d  e  f 10 11 12 13 14 15 16 17 18 19 1a 1b 1c 1d 1e 1f 20 21 22 23 24 25 26 27 28 29 2a 2b 2c 2d 2e 2f 30 31 32 33 34 35 36 37 38 39 3a 3b 3c 3d 3e 3f 40 41 42 43 44 45 46 47 48 49 4a 4b 4c 4d 4e 4f 50 51 52 53 54 55 56 57 58 59 5a 5b 5c 5d 5e 5f 60 61 62 63 64 65 66 67 68 69 6a 6b 6c 6d 6e 6f 70 71 72 73 74 75 76 77 78 79 7a 7b 7c 7d 7e 7f 80 81 82 83 84 85 86 87 88 89 8a 8b 8c 8d 8e 8f 90 91 92 93 94 95 96 97 98 99 9a 9b 9c 9d 9e 9f a0 a1 a2 a3 a4 a5 a6 a7 a8 a9 aa ab ac ad ae af b0 b1 b2 b3 b4 b5 b6 b7 b8 b9 ba bb bc bd be bf c0 c1 c2 c3 c4 c5 c6 c7 c8 c9 ca cb cc cd ce cf d0 d1 d2 d3 d4 d5 d6 d7 d8 d9 da db dc dd de df e0 e1 e2 e3 e4 e5 e6 e7 e8 e9 ea eb ec ed ee ef f0 f1 f2 f3 f4 f5 f6 f7 f8 f9 fa fb fc fd fe ff 
 0  1  2 51  4 d2 a2 8c  8 88 73 6d 93 2d cf -- 10 -- c7 -- e6 -- da 62 f1 -- 5a -- 49 7d -- 8d 20 -- -- -- 59 ce -- e3 1b 21 -- -- 63 -- c4 -- 35 -- -- 33 b4 -- -- -- 92 b5 fa -- -- -- cd -- 40 -- -- -- -- -- -- -- b2 -- 4b -- -- -- 11 4f 36 -- 42 -- -- ac -- 7f c6 -- -- -- 5f -- -- -- 6a -- -- -- -- -- 66 -- bf -- -- -- -- -- -- -- f3 -- bd -- 23 8a -- 85 -- 79 -- -- 4d -- -- -- 80 -- -- c9 -- -- -- -- -- -- -- 2b -- -- -- -- b3 -- -- -- 96 -- -- d8 -- 81 -- -- 22 95 9e df 6c -- -- -- 84 a1 -- ab -- -- 8f -- -- -- fe -- 5b -- -- -- -- -- -- b6 be bb -- -- -- -- -- -- d4 56 -- -- -- -- -- -- -- -- -- -- cc -- -- -- a9 45 -- -- -- -- -- d7 -- -- -- -- -- -- -- -- 31 -- -- -- ad d5 -- -- 46 69 c3 eb -- fd dd 44 -- -- f2 -- -- -- -- b1 9a 67 -- -- -- -- -- fb 

solutions so far:0 maxDepth:10 
iterations:18033956  skipped: 7 
Depth skipped: 
0 0 7 0 0 0 0 0 0 0 0 0 0 0 0 0 0 0 0 0 0 0 0 0 0 0 0 0 0 0 0 0 

running time: 2400 sec
 depth:7
 0  1  2  3  4  5  6  7  8  9  a  b  c  d  e  f 10 11 12 13 14 15 16 17 18 19 1a 1b 1c 1d 1e 1f 20 21 22 23 24 25 26 27 28 29 2a 2b 2c 2d 2e 2f 30 31 32 33 34 35 36 37 38 39 3a 3b 3c 3d 3e 3f 40 41 42 43 44 45 46 47 48 49 4a 4b 4c 4d 4e 4f 50 51 52 53 54 55 56 57 58 59 5a 5b 5c 5d 5e 5f 60 61 62 63 64 65 66 67 68 69 6a 6b 6c 6d 6e 6f 70 71 72 73 74 75 76 77 78 79 7a 7b 7c 7d 7e 7f 80 81 82 83 84 85 86 87 88 89 8a 8b 8c 8d 8e 8f 90 91 92 93 94 95 96 97 98 99 9a 9b 9c 9d 9e 9f a0 a1 a2 a3 a4 a5 a6 a7 a8 a9 aa ab ac ad ae af b0 b1 b2 b3 b4 b5 b6 b7 b8 b9 ba bb bc bd be bf c0 c1 c2 c3 c4 c5 c6 c7 c8 c9 ca cb cc cd ce cf d0 d1 d2 d3 d4 d5 d6 d7 d8 d9 da db dc dd de df e0 e1 e2 e3 e4 e5 e6 e7 e8 e9 ea eb ec ed ee ef f0 f1 f2 f3 f4 f5 f6 f7 f8 f9 fa fb fc fd fe ff 
 0  1  2 51  4 cd a2 ec  8 1b 4d 9f 93 25  f 57 10 -- 36 -- 9a -- e9 37 f1 -- 4a -- 1e 7b ae 21 20 -- -- -- 6c c7 -- 69 e3 b1 -- --  5 -- 6e -- 35 -- -- 33 94 -- -- aa 3c 4b f6 30 8b -- 42 -- 40 -- -- -- -- -- -- -- d8 -- 59 -- -- -- d2 4f 11 -- b5 -- -- ac -- 7f  a -- -- -- dc -- -- -- 6a -- -- -- -- -- 66 -- ff -- --  3 -- -- 83 75 78 -- 96 -- 3b 8a 60 52 c1 79 --  c 84 -- -- -- 80 -- -- c9 -- -- -- -- -- -- -- 2b -- -- -- -- 67 -- -- -- b2 -- -- 44 -- 6b -- -- 73 97 9e ad 22 -- -- -- bd a0 -- de -- -- 8f -- -- -- fe -- 14 -- -- -- -- -- -- 28 6f 50 -- -- -- -- -- -- d4 56 -- -- -- -- -- -- -- -- -- -- cc -- -- -- 29 45 -- -- -- --  6 d7 -- -- -- -- d1 -- ea -- f0 -- -- -- fb d6 -- -- 76 8d c3 eb c0 f9 a4 e6 55 -- f2 -- -- -- 18 ce df 88 -- -- -- -- -- b3 

solutions so far:0 maxDepth:10 
iterations:20768489  skipped: 7 
Depth skipped: 
0 0 7 0 0 0 0 0 0 0 0 0 0 0 0 0 0 0 0 0 0 0 0 0 0 0 0 0 0 0 0 0 

running time: 2700 sec
 depth:7
 0  1  2  3  4  5  6  7  8  9  a  b  c  d  e  f 10 11 12 13 14 15 16 17 18 19 1a 1b 1c 1d 1e 1f 20 21 22 23 24 25 26 27 28 29 2a 2b 2c 2d 2e 2f 30 31 32 33 34 35 36 37 38 39 3a 3b 3c 3d 3e 3f 40 41 42 43 44 45 46 47 48 49 4a 4b 4c 4d 4e 4f 50 51 52 53 54 55 56 57 58 59 5a 5b 5c 5d 5e 5f 60 61 62 63 64 65 66 67 68 69 6a 6b 6c 6d 6e 6f 70 71 72 73 74 75 76 77 78 79 7a 7b 7c 7d 7e 7f 80 81 82 83 84 85 86 87 88 89 8a 8b 8c 8d 8e 8f 90 91 92 93 94 95 96 97 98 99 9a 9b 9c 9d 9e 9f a0 a1 a2 a3 a4 a5 a6 a7 a8 a9 aa ab ac ad ae af b0 b1 b2 b3 b4 b5 b6 b7 b8 b9 ba bb bc bd be bf c0 c1 c2 c3 c4 c5 c6 c7 c8 c9 ca cb cc cd ce cf d0 d1 d2 d3 d4 d5 d6 d7 d8 d9 da db dc dd de df e0 e1 e2 e3 e4 e5 e6 e7 e8 e9 ea eb ec ed ee ef f0 f1 f2 f3 f4 f5 f6 f7 f8 f9 fa fb fc fd fe ff 
 0  1  2 51  4 c5 a2 57  8 48 5d d0 93 a5 ae 53 10 -- 90 -- ba -- 77 83 f1 -- 9d -- 8b 18 a6 f8 20 -- -- -- f7 f4 -- ef a3 2f -- -- ee -- d1 -- 35 -- -- 33 ed -- -- 2a c1 1f 30 db 9b -- 27 -- 40 -- -- -- -- -- -- -- 39 -- 3f -- -- --  9 4f 91 -- 5e -- -- ac -- 7f  b -- -- -- 75 -- -- -- 6a -- -- -- -- -- 66 --  d -- -- 65 -- -- 54 87 55 -- 3e -- 60 8a 61 34 e1 79 -- 43 4e -- -- -- 80 -- -- c9 -- -- -- -- -- -- -- 2b -- -- -- -- 72 -- -- -- 7e -- -- 3d --  6 -- -- 12 b7 9e af f5 -- -- -- bc b0 --  3 -- -- 8f -- -- -- fe -- 16 -- -- -- -- -- -- 2c ea 58 -- -- -- -- -- -- d4 56 -- -- -- -- -- -- -- -- -- -- cc -- -- -- 1a 45 -- -- -- -- ca d7 -- -- -- -- a8 -- d9 -- aa -- -- -- 7c  c -- -- c0 89 c3 eb c2 b9 68 24 15 -- f2 -- -- -- 86 e4 9c 7a -- -- -- -- -- fc 

solutions so far:0 maxDepth:10 
iterations:23297268  skipped: 9 
Depth skipped: 
0 0 9 0 0 0 0 0 0 0 0 0 0 0 0 0 0 0 0 0 0 0 0 0 0 0 0 0 0 0 0 0 

running time: 3000 sec
 depth:7
 0  1  2  3  4  5  6  7  8  9  a  b  c  d  e  f 10 11 12 13 14 15 16 17 18 19 1a 1b 1c 1d 1e 1f 20 21 22 23 24 25 26 27 28 29 2a 2b 2c 2d 2e 2f 30 31 32 33 34 35 36 37 38 39 3a 3b 3c 3d 3e 3f 40 41 42 43 44 45 46 47 48 49 4a 4b 4c 4d 4e 4f 50 51 52 53 54 55 56 57 58 59 5a 5b 5c 5d 5e 5f 60 61 62 63 64 65 66 67 68 69 6a 6b 6c 6d 6e 6f 70 71 72 73 74 75 76 77 78 79 7a 7b 7c 7d 7e 7f 80 81 82 83 84 85 86 87 88 89 8a 8b 8c 8d 8e 8f 90 91 92 93 94 95 96 97 98 99 9a 9b 9c 9d 9e 9f a0 a1 a2 a3 a4 a5 a6 a7 a8 a9 aa ab ac ad ae af b0 b1 b2 b3 b4 b5 b6 b7 b8 b9 ba bb bc bd be bf c0 c1 c2 c3 c4 c5 c6 c7 c8 c9 ca cb cc cd ce cf d0 d1 d2 d3 d4 d5 d6 d7 d8 d9 da db dc dd de df e0 e1 e2 e3 e4 e5 e6 e7 e8 e9 ea eb ec ed ee ef f0 f1 f2 f3 f4 f5 f6 f7 f8 f9 fa fb fc fd fe ff 
 0  1  2 51  4 bd a2 7e  8 90 ad 61 93 87 fc 6b 10 -- f7 -- 8d -- c2 89 f1 -- d9 -- 2f 3d d6 27 20 -- -- -- 39 22 --  9 cd 59 -- -- 53 -- c5 -- 35 -- -- 33 65 -- -- 76 5e 3e 7a dc 7b -- 4e -- 40 -- -- -- -- -- -- -- 72 -- 44 -- -- -- 12 4f 4d -- b2 -- -- ac -- 7f a6 -- -- -- 5d -- -- -- 6a -- -- -- -- -- 66 -- ca -- -- 78 -- -- ec 1e bc -- 7c -- f4 8a 6f 86 f6 79 -- 37 9c -- -- -- 80 -- -- c9 -- -- -- -- -- -- -- 2b -- -- -- -- e4 -- -- -- 88 -- -- e3 -- 91 -- -- 24 54 9e b1 9a -- -- -- b3 2a -- a3 -- -- 8f -- -- -- fe -- 9b -- -- -- -- -- -- e1 ba 15 -- -- -- -- -- -- d4 56 -- -- -- -- -- -- -- -- -- -- cc -- -- -- 43 45 -- -- -- -- f0 d7 -- -- -- --  f -- 3c -- af -- -- -- f8 f5 -- -- 3f b5 c3 eb de a8 db 48 3b -- f2 -- -- -- 6e 1f ef 11 -- -- -- -- -- c7 

solutions so far:0 maxDepth:10 
iterations:26109648  skipped: 12 
Depth skipped: 
0 0 12 0 0 0 0 0 0 0 0 0 0 0 0 0 0 0 0 0 0 0 0 0 0 0 0 0 0 0 0 0 

running time: 3300 sec
 depth:7
 0  1  2  3  4  5  6  7  8  9  a  b  c  d  e  f 10 11 12 13 14 15 16 17 18 19 1a 1b 1c 1d 1e 1f 20 21 22 23 24 25 26 27 28 29 2a 2b 2c 2d 2e 2f 30 31 32 33 34 35 36 37 38 39 3a 3b 3c 3d 3e 3f 40 41 42 43 44 45 46 47 48 49 4a 4b 4c 4d 4e 4f 50 51 52 53 54 55 56 57 58 59 5a 5b 5c 5d 5e 5f 60 61 62 63 64 65 66 67 68 69 6a 6b 6c 6d 6e 6f 70 71 72 73 74 75 76 77 78 79 7a 7b 7c 7d 7e 7f 80 81 82 83 84 85 86 87 88 89 8a 8b 8c 8d 8e 8f 90 91 92 93 94 95 96 97 98 99 9a 9b 9c 9d 9e 9f a0 a1 a2 a3 a4 a5 a6 a7 a8 a9 aa ab ac ad ae af b0 b1 b2 b3 b4 b5 b6 b7 b8 b9 ba bb bc bd be bf c0 c1 c2 c3 c4 c5 c6 c7 c8 c9 ca cb cc cd ce cf d0 d1 d2 d3 d4 d5 d6 d7 d8 d9 da db dc dd de df e0 e1 e2 e3 e4 e5 e6 e7 e8 e9 ea eb ec ed ee ef f0 f1 f2 f3 f4 f5 f6 f7 f8 f9 fa fb fc fd fe ff 
 0  1  2 51  4 b9 a2 97  8 af a5 bb 93 dd f9 61 10 -- 89 -- 9d -- a1 29 f1 -- 6d -- 25 14 c2 7a 20 -- -- -- c5 d0 -- fc ed 16 -- -- 95 -- 52 -- 35 -- -- 33 da -- -- e1 4a 91 28 43 53 -- f4 -- 40 -- -- -- -- -- -- -- 5d -- 77 -- -- -- 2f 4f  d -- 2c -- -- ac -- 7f fd -- -- -- a4 -- -- -- 6a -- -- -- -- -- 66 -- 63 -- -- 87 -- -- 15 54 94 -- f5 -- 50 8a 86 5b a6 79 -- 65 3f -- -- -- 80 -- -- c9 -- -- -- -- -- -- -- 2b -- -- -- -- ba -- -- -- ee -- -- 34 --  5 -- -- 5e a9 9e b0 1a -- -- -- 58 bf -- e9 -- -- 8f -- -- -- fe -- 2d -- -- -- -- -- -- 5a 9f b4 -- -- -- -- -- -- d4 56 -- -- -- -- -- -- -- -- -- -- cc -- -- -- c6 45 -- -- -- -- d9 d7 -- -- -- -- 2a -- a8 -- ff -- -- -- 3d  a -- -- a0 b7 c3 eb db 85 b6 bc 9b -- f2 -- -- -- ca a3 7e 68 -- -- -- -- --  b 

solutions so far:0 maxDepth:10 
iterations:28855644  skipped: 12 
Depth skipped: 
0 0 12 0 0 0 0 0 0 0 0 0 0 0 0 0 0 0 0 0 0 0 0 0 0 0 0 0 0 0 0 0 

running time: 3600 sec
 depth:7
 0  1  2  3  4  5  6  7  8  9  a  b  c  d  e  f 10 11 12 13 14 15 16 17 18 19 1a 1b 1c 1d 1e 1f 20 21 22 23 24 25 26 27 28 29 2a 2b 2c 2d 2e 2f 30 31 32 33 34 35 36 37 38 39 3a 3b 3c 3d 3e 3f 40 41 42 43 44 45 46 47 48 49 4a 4b 4c 4d 4e 4f 50 51 52 53 54 55 56 57 58 59 5a 5b 5c 5d 5e 5f 60 61 62 63 64 65 66 67 68 69 6a 6b 6c 6d 6e 6f 70 71 72 73 74 75 76 77 78 79 7a 7b 7c 7d 7e 7f 80 81 82 83 84 85 86 87 88 89 8a 8b 8c 8d 8e 8f 90 91 92 93 94 95 96 97 98 99 9a 9b 9c 9d 9e 9f a0 a1 a2 a3 a4 a5 a6 a7 a8 a9 aa ab ac ad ae af b0 b1 b2 b3 b4 b5 b6 b7 b8 b9 ba bb bc bd be bf c0 c1 c2 c3 c4 c5 c6 c7 c8 c9 ca cb cc cd ce cf d0 d1 d2 d3 d4 d5 d6 d7 d8 d9 da db dc dd de df e0 e1 e2 e3 e4 e5 e6 e7 e8 e9 ea eb ec ed ee ef f0 f1 f2 f3 f4 f5 f6 f7 f8 f9 fa fb fc fd fe ff 
 0  1  2 51  4 b5 a2 cf  8 6c bd  7 93 a7 49 a4 10 -- d8 -- ad --  e c4 f1 -- 99 -- 92 fa 9f 84 20 -- -- -- 67 11 -- 73 8d c7 -- -- 1c -- 5f -- 35 -- -- 33 e5 -- -- 14 f3 fb 23 ff e9 -- df -- 40 -- -- -- -- -- -- -- ce -- 22 -- -- -- e6 4f cd -- 59 -- -- ac -- 7f 38 -- -- -- be -- -- -- 6a -- -- -- -- -- 66 -- 1d -- -- f9 -- -- 28 a0 31 -- 21 -- 46 8a 29 74  5 79 -- 4a 69 -- -- -- 80 -- -- c9 -- -- -- -- -- -- -- 2b -- -- -- -- 4b -- -- -- 44 -- -- 9a -- d5 -- -- 1b 5c 9e b3 4d -- -- -- b2 2e -- 81 -- -- 8f -- -- -- fe -- 70 -- -- -- -- -- -- e0 ab 17 -- -- -- -- -- -- d4 56 -- -- -- -- -- -- -- -- -- -- cc -- -- -- 3a 45 -- -- -- -- 25 d7 -- -- -- -- 50 -- 97 -- 62 -- -- -- 42 7d -- -- 8c b1 c3 eb 52 b8 e8 36  a -- f2 -- -- -- 94 96 d2 e3 -- -- -- -- -- 88 

solutions so far:0 maxDepth:10 
iterations:30936804  skipped: 13 
Depth skipped: 
0 0 13 0 0 0 0 0 0 0 0 0 0 0 0 0 0 0 0 0 0 0 0 0 0 0 0 0 0 0 0 0 

running time: 3900 sec
 depth:7
 0  1  2  3  4  5  6  7  8  9  a  b  c  d  e  f 10 11 12 13 14 15 16 17 18 19 1a 1b 1c 1d 1e 1f 20 21 22 23 24 25 26 27 28 29 2a 2b 2c 2d 2e 2f 30 31 32 33 34 35 36 37 38 39 3a 3b 3c 3d 3e 3f 40 41 42 43 44 45 46 47 48 49 4a 4b 4c 4d 4e 4f 50 51 52 53 54 55 56 57 58 59 5a 5b 5c 5d 5e 5f 60 61 62 63 64 65 66 67 68 69 6a 6b 6c 6d 6e 6f 70 71 72 73 74 75 76 77 78 79 7a 7b 7c 7d 7e 7f 80 81 82 83 84 85 86 87 88 89 8a 8b 8c 8d 8e 8f 90 91 92 93 94 95 96 97 98 99 9a 9b 9c 9d 9e 9f a0 a1 a2 a3 a4 a5 a6 a7 a8 a9 aa ab ac ad ae af b0 b1 b2 b3 b4 b5 b6 b7 b8 b9 ba bb bc bd be bf c0 c1 c2 c3 c4 c5 c6 c7 c8 c9 ca cb cc cd ce cf d0 d1 d2 d3 d4 d5 d6 d7 d8 d9 da db dc dd de df e0 e1 e2 e3 e4 e5 e6 e7 e8 e9 ea eb ec ed ee ef f0 f1 f2 f3 f4 f5 f6 f7 f8 f9 fa fb fc fd fe ff 
 0  1  2 51  4 af a2 9d  8 e6 89 d3 93 64 ed 6d 10 -- 1b -- c5 -- 71 d0 f1 -- c8 --  d b0 da fb 20 -- -- -- 36 3d -- df 5d 7e -- -- e2 -- 77 -- 35 -- -- 33 47 -- -- b6 1a ce b7 a9 63 -- 21 -- 40 -- -- -- -- -- -- -- 6c -- 7a -- -- -- 69 4f ba -- fc -- -- ac -- 7f 13 -- -- -- ee -- -- -- 6a -- -- -- -- -- 66 -- 8e -- -- 2d -- -- bb 95 34 -- 4b -- b9 8a 85 41 c6 79 -- b4 42 -- -- -- 80 -- -- c9 -- -- -- -- -- -- -- 2b -- -- -- -- d8 -- -- -- f4 -- -- 91 -- 2c -- -- d2 19 9e 5e a3 -- -- -- 2f e7 -- 16 -- -- 8f -- -- -- fe -- 26 -- -- -- -- -- -- 4c  b 98 -- -- -- -- -- -- d4 56 -- -- -- -- -- -- -- -- -- -- cc -- -- -- cb 45 -- -- -- -- 5a d7 -- -- -- -- a1 -- fd -- 68 -- -- -- 96 58 -- -- a5 bc c3 eb dd 32 82 73 5b -- f2 -- -- -- bf 67 84 f5 -- -- -- -- -- 3f 

solutions so far:0 maxDepth:10 
iterations:34760978  skipped: 14 
Depth skipped: 
0 0 14 0 0 0 0 0 0 0 0 0 0 0 0 0 0 0 0 0 0 0 0 0 0 0 0 0 0 0 0 0 

running time: 4200 sec
 depth:7
 0  1  2  3  4  5  6  7  8  9  a  b  c  d  e  f 10 11 12 13 14 15 16 17 18 19 1a 1b 1c 1d 1e 1f 20 21 22 23 24 25 26 27 28 29 2a 2b 2c 2d 2e 2f 30 31 32 33 34 35 36 37 38 39 3a 3b 3c 3d 3e 3f 40 41 42 43 44 45 46 47 48 49 4a 4b 4c 4d 4e 4f 50 51 52 53 54 55 56 57 58 59 5a 5b 5c 5d 5e 5f 60 61 62 63 64 65 66 67 68 69 6a 6b 6c 6d 6e 6f 70 71 72 73 74 75 76 77 78 79 7a 7b 7c 7d 7e 7f 80 81 82 83 84 85 86 87 88 89 8a 8b 8c 8d 8e 8f 90 91 92 93 94 95 96 97 98 99 9a 9b 9c 9d 9e 9f a0 a1 a2 a3 a4 a5 a6 a7 a8 a9 aa ab ac ad ae af b0 b1 b2 b3 b4 b5 b6 b7 b8 b9 ba bb bc bd be bf c0 c1 c2 c3 c4 c5 c6 c7 c8 c9 ca cb cc cd ce cf d0 d1 d2 d3 d4 d5 d6 d7 d8 d9 da db dc dd de df e0 e1 e2 e3 e4 e5 e6 e7 e8 e9 ea eb ec ed ee ef f0 f1 f2 f3 f4 f5 f6 f7 f8 f9 fa fb fc fd fe ff 
 0  1  2 51  4 a7 a2 61  8 24 99 f3 93 fa c2 4a 10 -- 48 -- e5 -- 31 15 f1 -- 23 -- 53 ca 94 7c 20 -- -- -- 90  e -- 9c 1d e0 -- -- 62 -- 2a -- 35 -- -- 33 46 -- -- a4 a6 e4 43 97 ff -- f8 -- 40 -- -- -- -- -- -- -- f7 -- 1c -- -- -- ef 4f 3a -- 17 -- -- ac -- 7f c4 -- -- -- 54 -- -- -- 6a -- -- -- -- -- 66 -- 8c -- -- 14 -- -- 9f  5 9b -- 1f -- 86 8a f9 49 29 79 -- 50 27 -- -- -- 80 -- -- c9 -- -- -- -- -- -- -- 2b -- -- -- -- 39 -- -- -- 38 -- -- e8 -- d9 -- --  9 d5 9e 5c 74 -- -- -- 2e 81 -- 87 -- -- 8f -- -- -- fe -- 5f -- -- -- -- -- -- be a8 ab -- -- -- -- -- -- d4 56 -- -- -- -- -- -- -- -- -- -- cc -- -- -- cf 45 -- -- -- -- 28 d7 -- -- -- -- e9 --  a -- e1 -- -- -- 3e 65 -- -- db b8 c3 eb 25 7d 92 12 52 -- f2 -- -- -- a0 72 4e  7 -- -- -- -- -- 70 

solutions so far:0 maxDepth:10 
iterations:37749367  skipped: 17 
Depth skipped: 
0 0 17 0 0 0 0 0 0 0 0 0 0 0 0 0 0 0 0 0 0 0 0 0 0 0 0 0 0 0 0 0 

running time: 4500 sec
 depth:5
 0  1  2  3  4  5  6  7  8  9  a  b  c  d  e  f 10 11 12 13 14 15 16 17 18 19 1a 1b 1c 1d 1e 1f 20 21 22 23 24 25 26 27 28 29 2a 2b 2c 2d 2e 2f 30 31 32 33 34 35 36 37 38 39 3a 3b 3c 3d 3e 3f 40 41 42 43 44 45 46 47 48 49 4a 4b 4c 4d 4e 4f 50 51 52 53 54 55 56 57 58 59 5a 5b 5c 5d 5e 5f 60 61 62 63 64 65 66 67 68 69 6a 6b 6c 6d 6e 6f 70 71 72 73 74 75 76 77 78 79 7a 7b 7c 7d 7e 7f 80 81 82 83 84 85 86 87 88 89 8a 8b 8c 8d 8e 8f 90 91 92 93 94 95 96 97 98 99 9a 9b 9c 9d 9e 9f a0 a1 a2 a3 a4 a5 a6 a7 a8 a9 aa ab ac ad ae af b0 b1 b2 b3 b4 b5 b6 b7 b8 b9 ba bb bc bd be bf c0 c1 c2 c3 c4 c5 c6 c7 c8 c9 ca cb cc cd ce cf d0 d1 d2 d3 d4 d5 d6 d7 d8 d9 da db dc dd de df e0 e1 e2 e3 e4 e5 e6 e7 e8 e9 ea eb ec ed ee ef f0 f1 f2 f3 f4 f5 f6 f7 f8 f9 fa fb fc fd fe ff 
 0  1  2 51  4 98 a2 1f  8 6e e7 -- 93 -- 3e -- 10 -- dc -- 19 -- -- 9c f1 -- -- -- 7c f7 -- 76 20 -- -- -- 6f cb -- 3c 32 71 -- -- -- -- ef -- 35 -- -- 33 -- -- -- -- f8 7b 39 -- -- -- ec -- 40 -- -- -- -- -- -- -- de -- 41 -- -- -- 78 4f 64 -- e2 -- -- ac -- 7f -- -- -- --  9 -- -- -- 6a -- -- -- -- -- 66 -- -- -- -- -- -- -- -- -- 27 -- f6 -- 72 8a -- -- -- 79 -- --  f -- -- -- 80 -- -- c9 -- -- -- -- -- -- -- 2b -- -- -- -- 6b -- -- -- 82 -- -- 47 -- 48 -- -- f0 -- 9e 26 c8 -- -- -- 13 -- -- 24 -- -- 8f -- -- -- fe -- -- -- -- -- -- -- -- -- 12 -- -- -- -- -- -- -- d4 56 -- -- -- -- -- -- -- -- -- -- cc -- -- -- -- 45 -- -- -- -- -- d7 -- -- -- -- -- -- -- -- 4e -- -- -- 3b 90 -- -- e4 4c c3 eb -- -- -- 37 -- -- f2 -- -- -- -- d6 1e 8e -- -- -- -- -- d3 

solutions so far:0 maxDepth:10 
iterations:40031955  skipped: 22 
Depth skipped: 
0 0 22 0 0 0 0 0 0 0 0 0 0 0 0 0 0 0 0 0 0 0 0 0 0 0 0 0 0 0 0 0 

running time: 4800 sec
 depth:8
 0  1  2  3  4  5  6  7  8  9  a  b  c  d  e  f 10 11 12 13 14 15 16 17 18 19 1a 1b 1c 1d 1e 1f 20 21 22 23 24 25 26 27 28 29 2a 2b 2c 2d 2e 2f 30 31 32 33 34 35 36 37 38 39 3a 3b 3c 3d 3e 3f 40 41 42 43 44 45 46 47 48 49 4a 4b 4c 4d 4e 4f 50 51 52 53 54 55 56 57 58 59 5a 5b 5c 5d 5e 5f 60 61 62 63 64 65 66 67 68 69 6a 6b 6c 6d 6e 6f 70 71 72 73 74 75 76 77 78 79 7a 7b 7c 7d 7e 7f 80 81 82 83 84 85 86 87 88 89 8a 8b 8c 8d 8e 8f 90 91 92 93 94 95 96 97 98 99 9a 9b 9c 9d 9e 9f a0 a1 a2 a3 a4 a5 a6 a7 a8 a9 aa ab ac ad ae af b0 b1 b2 b3 b4 b5 b6 b7 b8 b9 ba bb bc bd be bf c0 c1 c2 c3 c4 c5 c6 c7 c8 c9 ca cb cc cd ce cf d0 d1 d2 d3 d4 d5 d6 d7 d8 d9 da db dc dd de df e0 e1 e2 e3 e4 e5 e6 e7 e8 e9 ea eb ec ed ee ef f0 f1 f2 f3 f4 f5 f6 f7 f8 f9 fa fb fc fd fe ff 
 0  1  2 51  4 8e a2 ba  8 c6 cb fa 93 c4 a3 1c 10 2a 5b -- 41 -- 23 f4 f1 -- 5f -- 91 af 38 b4 20 -- 54 -- b6 26 -- dd 82 19 -- -- 46 -- 3f -- 35 -- -- 33 be -- -- 2e f5 fd 89 e8 70 -- bf -- 40 -- -- -- a8 -- -- -- bb -- 4c -- -- 9b 6d 4f d3 -- 32 -- -- ac -- 7f 8c 65 -- -- 7e -- -- -- 6a -- -- -- -- -- 66 -- ab -- -- e5 -- -- 5c a7 3d -- 2d -- c5 8a  7 d5 e0 79 -- 3a a9 -- -- -- 80 -- -- c9 -- -- -- -- 87 -- -- 2b -- 53 -- -- a1 -- -- -- 98 -- -- e2 -- 5e e1 -- da 31 9e c8 71 -- -- -- 64 f3 -- 2f -- -- 8f -- -- c2 fe -- cf 86 ca 43 -- db -- 49 fc 92 -- -- -- 61 -- -- d4 56 -- -- -- -- -- d9 -- -- -- -- cc a6 -- -- 81 45 -- -- -- -- 1d d7 -- -- -- -- b8 -- 99 -- 7a -- -- 15 5a bc -- -- 5d 47 c3 eb  e 62 7d 63 17 -- f2 -- -- -- 74 95 85 13 -- -- -- -- -- e7 

solutions so far:0 maxDepth:10 
iterations:42465366  skipped: 25 
Depth skipped: 
0 0 25 0 0 0 0 0 0 0 0 0 0 0 0 0 0 0 0 0 0 0 0 0 0 0 0 0 0 0 0 0 

running time: 5100 sec
 depth:8
 0  1  2  3  4  5  6  7  8  9  a  b  c  d  e  f 10 11 12 13 14 15 16 17 18 19 1a 1b 1c 1d 1e 1f 20 21 22 23 24 25 26 27 28 29 2a 2b 2c 2d 2e 2f 30 31 32 33 34 35 36 37 38 39 3a 3b 3c 3d 3e 3f 40 41 42 43 44 45 46 47 48 49 4a 4b 4c 4d 4e 4f 50 51 52 53 54 55 56 57 58 59 5a 5b 5c 5d 5e 5f 60 61 62 63 64 65 66 67 68 69 6a 6b 6c 6d 6e 6f 70 71 72 73 74 75 76 77 78 79 7a 7b 7c 7d 7e 7f 80 81 82 83 84 85 86 87 88 89 8a 8b 8c 8d 8e 8f 90 91 92 93 94 95 96 97 98 99 9a 9b 9c 9d 9e 9f a0 a1 a2 a3 a4 a5 a6 a7 a8 a9 aa ab ac ad ae af b0 b1 b2 b3 b4 b5 b6 b7 b8 b9 ba bb bc bd be bf c0 c1 c2 c3 c4 c5 c6 c7 c8 c9 ca cb cc cd ce cf d0 d1 d2 d3 d4 d5 d6 d7 d8 d9 da db dc dd de df e0 e1 e2 e3 e4 e5 e6 e7 e8 e9 ea eb ec ed ee ef f0 f1 f2 f3 f4 f5 f6 f7 f8 f9 fa fb fc fd fe ff 
 0  1  2 51  4 89 a2 f7  8 ec c5 52 93 97 39 73 10  6  f -- 5d -- a4 7c f1 -- f9 -- 72 12 e6 6f 20 --  c -- 1e 7a -- 7b ba fc -- -- 9f -- f8 -- 35 -- -- 33 25 -- -- d8 e4 37 24 df 1b -- de -- 40 -- -- -- 18 -- -- -- 3c -- f4 -- -- 75 f6 4f a3 -- 2f -- -- ac -- 7f e9 c0 -- -- 27 -- -- -- 6a -- -- -- -- -- 66 -- 4a -- -- fb -- -- 67 4b 1f -- 6e -- 48 8a 69 ff 36 79 -- 42 6b -- -- -- 80 -- -- c9 -- -- -- -- 30 -- -- 2b -- 83 -- -- 78 -- -- -- 3f -- -- f5 -- ef ea -- 3b 50 9e bc 91 -- -- -- 5e 28 -- 9c -- -- 8f -- -- aa fe --  5 8b 57 ae -- c1 --  a 4e 14 -- -- -- 55 -- -- d4 56 -- -- -- -- -- 60 -- -- -- -- cc d1 -- -- 94 45 -- -- -- -- 21 d7 -- -- -- -- ce -- 96 -- 3e -- --  3 dc  9 -- -- 90 af c3 eb d2 a0 29 76 6c -- f2 -- -- -- 84 f0 d6 3d -- -- -- -- -- 7e 

solutions so far:0 maxDepth:10 
iterations:45222159  skipped: 25 
Depth skipped: 
0 0 25 0 0 0 0 0 0 0 0 0 0 0 0 0 0 0 0 0 0 0 0 0 0 0 0 0 0 0 0 0 

running time: 5400 sec
 depth:7
 0  1  2  3  4  5  6  7  8  9  a  b  c  d  e  f 10 11 12 13 14 15 16 17 18 19 1a 1b 1c 1d 1e 1f 20 21 22 23 24 25 26 27 28 29 2a 2b 2c 2d 2e 2f 30 31 32 33 34 35 36 37 38 39 3a 3b 3c 3d 3e 3f 40 41 42 43 44 45 46 47 48 49 4a 4b 4c 4d 4e 4f 50 51 52 53 54 55 56 57 58 59 5a 5b 5c 5d 5e 5f 60 61 62 63 64 65 66 67 68 69 6a 6b 6c 6d 6e 6f 70 71 72 73 74 75 76 77 78 79 7a 7b 7c 7d 7e 7f 80 81 82 83 84 85 86 87 88 89 8a 8b 8c 8d 8e 8f 90 91 92 93 94 95 96 97 98 99 9a 9b 9c 9d 9e 9f a0 a1 a2 a3 a4 a5 a6 a7 a8 a9 aa ab ac ad ae af b0 b1 b2 b3 b4 b5 b6 b7 b8 b9 ba bb bc bd be bf c0 c1 c2 c3 c4 c5 c6 c7 c8 c9 ca cb cc cd ce cf d0 d1 d2 d3 d4 d5 d6 d7 d8 d9 da db dc dd de df e0 e1 e2 e3 e4 e5 e6 e7 e8 e9 ea eb ec ed ee ef f0 f1 f2 f3 f4 f5 f6 f7 f8 f9 fa fb fc fd fe ff 
 0  1  2 51  4 82 a2 42  8 bd d3 8b 93  c 84 97 10 -- ad -- 71 -- c1 e6 f1 -- 18 -- df 4b f9 44 20 -- -- -- 8d e7 -- b2 e2 c8 -- -- 55 -- 1b -- 35 -- -- 33 30 -- -- ff 69 e3 96 28 25 -- 88 -- 40 -- -- -- -- -- -- -- cd -- 19 -- -- -- b3 4f 13 -- 47 -- -- ac -- 7f aa -- -- -- 36 -- -- -- 6a -- -- -- -- -- 66 -- 60 -- -- e9 -- -- 29 a4 d2 -- 11 -- fb 8a 50 57 4a 79 --  a c7 -- -- -- 80 -- -- c9 -- -- -- -- -- -- -- 2b -- -- -- -- 4d -- -- -- 32 -- -- 4c -- 67 -- -- b1  3 9e cb 26 -- -- -- 8e ea -- d8 -- -- 8f -- -- -- fe -- 83 -- -- -- -- -- -- d1 6c 75 -- -- -- -- -- -- d4 56 -- -- -- -- -- -- -- -- -- -- cc -- -- -- c0 45 -- -- -- --  5 d7 -- -- -- -- 52 -- 9f -- 73 -- -- -- 22 ce -- -- 21 41 c3 eb a0  6 ae b5 94 -- f2 -- -- -- 14 9a 59 98 -- -- -- -- -- 64 

solutions so far:0 maxDepth:10 
iterations:47710778  skipped: 27 
Depth skipped: 
0 0 27 0 0 0 0 0 0 0 0 0 0 0 0 0 0 0 0 0 0 0 0 0 0 0 0 0 0 0 0 0 

running time: 5700 sec
 depth:7
 0  1  2  3  4  5  6  7  8  9  a  b  c  d  e  f 10 11 12 13 14 15 16 17 18 19 1a 1b 1c 1d 1e 1f 20 21 22 23 24 25 26 27 28 29 2a 2b 2c 2d 2e 2f 30 31 32 33 34 35 36 37 38 39 3a 3b 3c 3d 3e 3f 40 41 42 43 44 45 46 47 48 49 4a 4b 4c 4d 4e 4f 50 51 52 53 54 55 56 57 58 59 5a 5b 5c 5d 5e 5f 60 61 62 63 64 65 66 67 68 69 6a 6b 6c 6d 6e 6f 70 71 72 73 74 75 76 77 78 79 7a 7b 7c 7d 7e 7f 80 81 82 83 84 85 86 87 88 89 8a 8b 8c 8d 8e 8f 90 91 92 93 94 95 96 97 98 99 9a 9b 9c 9d 9e 9f a0 a1 a2 a3 a4 a5 a6 a7 a8 a9 aa ab ac ad ae af b0 b1 b2 b3 b4 b5 b6 b7 b8 b9 ba bb bc bd be bf c0 c1 c2 c3 c4 c5 c6 c7 c8 c9 ca cb cc cd ce cf d0 d1 d2 d3 d4 d5 d6 d7 d8 d9 da db dc dd de df e0 e1 e2 e3 e4 e5 e6 e7 e8 e9 ea eb ec ed ee ef f0 f1 f2 f3 f4 f5 f6 f7 f8 f9 fa fb fc fd fe ff 
 0  1  2 51  4 77 a2 c0  8 54 ee 4d 93 b3 57 e8 10 -- a8 --  b -- 9a aa f1 -- b1 -- ae  c  7 61 20 -- -- -- 87 b9 -- 9b 16  d -- -- e3 -- 83 -- 35 -- -- 33 b5 -- -- 70 8b 43 18 1d  e -- c2 -- 40 -- -- -- -- -- -- -- d9 -- a5 -- -- -- e1 4f 2c -- 1a -- -- ac -- 7f 11 -- -- -- d1 -- -- -- 6a -- -- -- -- -- 66 -- bd -- -- b8 -- -- e0 2e c1 -- 86 -- 30 8a 3a 8d 1c 79 -- 99 53 -- -- -- 80 -- -- c9 -- -- -- -- -- -- -- 2b -- -- -- -- 65 -- -- -- 9d -- -- b0 --  3 -- -- 15 59 9e 68 58 -- -- -- 34 c7 -- ea -- -- 8f -- -- -- fe -- 22 -- -- -- -- -- -- 44 75 88 -- -- -- -- -- -- d4 56 -- -- -- -- -- -- -- -- -- -- cc -- -- -- ad 45 -- -- -- -- a7 d7 -- -- -- -- 17 -- 5c -- 55 -- -- -- db  6 -- -- 60 d0 c3 eb 74 b2 cd 2a 38 -- f2 -- -- -- e5 ca a6 b7 -- -- -- -- -- ed 

solutions so far:0 maxDepth:10 
iterations:51581739  skipped: 27 
Depth skipped: 
0 0 27 0 0 0 0 0 0 0 0 0 0 0 0 0 0 0 0 0 0 0 0 0 0 0 0 0 0 0 0 0 

running time: 6000 sec
 depth:8
 0  1  2  3  4  5  6  7  8  9  a  b  c  d  e  f 10 11 12 13 14 15 16 17 18 19 1a 1b 1c 1d 1e 1f 20 21 22 23 24 25 26 27 28 29 2a 2b 2c 2d 2e 2f 30 31 32 33 34 35 36 37 38 39 3a 3b 3c 3d 3e 3f 40 41 42 43 44 45 46 47 48 49 4a 4b 4c 4d 4e 4f 50 51 52 53 54 55 56 57 58 59 5a 5b 5c 5d 5e 5f 60 61 62 63 64 65 66 67 68 69 6a 6b 6c 6d 6e 6f 70 71 72 73 74 75 76 77 78 79 7a 7b 7c 7d 7e 7f 80 81 82 83 84 85 86 87 88 89 8a 8b 8c 8d 8e 8f 90 91 92 93 94 95 96 97 98 99 9a 9b 9c 9d 9e 9f a0 a1 a2 a3 a4 a5 a6 a7 a8 a9 aa ab ac ad ae af b0 b1 b2 b3 b4 b5 b6 b7 b8 b9 ba bb bc bd be bf c0 c1 c2 c3 c4 c5 c6 c7 c8 c9 ca cb cc cd ce cf d0 d1 d2 d3 d4 d5 d6 d7 d8 d9 da db dc dd de df e0 e1 e2 e3 e4 e5 e6 e7 e8 e9 ea eb ec ed ee ef f0 f1 f2 f3 f4 f5 f6 f7 f8 f9 fa fb fc fd fe ff 
 0  1  2 51  4 6d a2 d1  8 4e da ee 93 ed 75 71 10 28 9c -- 63 --  b 18 f1 --  d -- ea c1 e2 39 20 -- 50 -- ef 95 -- 3e c6 b4 -- -- 16 -- 30 -- 35 -- -- 33 1a -- -- 98  3 48 55 41 13 -- 72 -- 40 -- -- -- a0 -- -- --  9 -- fd -- --  5 7c 4f 5b -- bf -- -- ac -- 7f 2c 25 -- -- 60 -- -- -- 6a -- -- -- -- -- 66 -- 34 -- -- c8 -- -- e7 32  6 -- 90 -- aa 8a 82 d0 26 79 -- 8e e4 -- -- -- 80 -- -- c9 -- -- -- -- 97 -- -- 2b -- 9f -- -- 12 -- -- -- 2d -- -- bb -- ae  a -- f8 a5 9e 85 b6 -- -- -- a9 b9 -- 57 -- -- 8f -- -- a4 fe -- 58 ff 4a 94 -- 29 -- b0 c0 b7 -- -- -- 52 -- -- d4 56 -- -- -- -- -- f9 -- -- -- -- cc e9 -- -- 68 45 -- -- -- -- 47 d7 -- -- -- -- 19 -- 64 --  c -- -- 14 f7 8b -- -- 83 dd c3 eb d3 9d 77 27 4c -- f2 -- -- -- cb 24 1f a1 -- -- -- -- -- 5a 

solutions so far:0 maxDepth:10 
iterations:55854153  skipped: 30 
Depth skipped: 
0 0 30 0 0 0 0 0 0 0 0 0 0 0 0 0 0 0 0 0 0 0 0 0 0 0 0 0 0 0 0 0 

running time: 6300 sec
 depth:7
 0  1  2  3  4  5  6  7  8  9  a  b  c  d  e  f 10 11 12 13 14 15 16 17 18 19 1a 1b 1c 1d 1e 1f 20 21 22 23 24 25 26 27 28 29 2a 2b 2c 2d 2e 2f 30 31 32 33 34 35 36 37 38 39 3a 3b 3c 3d 3e 3f 40 41 42 43 44 45 46 47 48 49 4a 4b 4c 4d 4e 4f 50 51 52 53 54 55 56 57 58 59 5a 5b 5c 5d 5e 5f 60 61 62 63 64 65 66 67 68 69 6a 6b 6c 6d 6e 6f 70 71 72 73 74 75 76 77 78 79 7a 7b 7c 7d 7e 7f 80 81 82 83 84 85 86 87 88 89 8a 8b 8c 8d 8e 8f 90 91 92 93 94 95 96 97 98 99 9a 9b 9c 9d 9e 9f a0 a1 a2 a3 a4 a5 a6 a7 a8 a9 aa ab ac ad ae af b0 b1 b2 b3 b4 b5 b6 b7 b8 b9 ba bb bc bd be bf c0 c1 c2 c3 c4 c5 c6 c7 c8 c9 ca cb cc cd ce cf d0 d1 d2 d3 d4 d5 d6 d7 d8 d9 da db dc dd de df e0 e1 e2 e3 e4 e5 e6 e7 e8 e9 ea eb ec ed ee ef f0 f1 f2 f3 f4 f5 f6 f7 f8 f9 fa fb fc fd fe ff 
 0  1  2 51  4 63 a2 86  8 1e c6 ea 93 8b db 70 10 -- 3c -- 5b --  3 9b f1 -- c1 -- 61 d9 e0 6b 20 -- -- -- 78 2d -- 3b b6 a9 -- --  6 -- e1 -- 35 -- -- 33 55 -- -- b8 c2 dc 65  e 17 -- d6 -- 40 -- -- -- -- -- -- -- f0 -- 5a -- -- -- 76 4f bb -- 85 -- -- ac -- 7f  c -- -- -- 15 -- -- -- 6a -- -- -- -- -- 66 -- aa -- -- 3a -- -- a7 e5 53 -- 6f -- ca 8a 1c d1 2e 79 -- e8 7b -- -- -- 80 -- -- c9 -- -- -- -- -- -- -- 2b -- -- -- -- 37 -- -- -- b4 -- -- 95 -- a8 -- -- ec 57 9e 6d a1 -- -- -- dd c0 -- 54 -- -- 8f -- -- -- fe -- 18 -- -- -- -- -- -- 30 2a 60 -- -- -- -- -- -- d4 56 -- -- -- -- -- -- -- -- -- -- cc -- -- -- 83 45 -- -- -- -- 74 d7 -- -- -- -- 99 -- 1d -- a6 -- -- -- de 87 -- -- 43 da c3 eb 38 ae 75  f 5c -- f2 -- -- --  7 6e f6 fd -- -- -- -- -- bf 

solutions so far:0 maxDepth:10 
iterations:59561807  skipped: 33 
Depth skipped: 
0 0 33 0 0 0 0 0 0 0 0 0 0 0 0 0 0 0 0 0 0 0 0 0 0 0 0 0 0 0 0 0 

running time: 6600 sec
 depth:7
 0  1  2  3  4  5  6  7  8  9  a  b  c  d  e  f 10 11 12 13 14 15 16 17 18 19 1a 1b 1c 1d 1e 1f 20 21 22 23 24 25 26 27 28 29 2a 2b 2c 2d 2e 2f 30 31 32 33 34 35 36 37 38 39 3a 3b 3c 3d 3e 3f 40 41 42 43 44 45 46 47 48 49 4a 4b 4c 4d 4e 4f 50 51 52 53 54 55 56 57 58 59 5a 5b 5c 5d 5e 5f 60 61 62 63 64 65 66 67 68 69 6a 6b 6c 6d 6e 6f 70 71 72 73 74 75 76 77 78 79 7a 7b 7c 7d 7e 7f 80 81 82 83 84 85 86 87 88 89 8a 8b 8c 8d 8e 8f 90 91 92 93 94 95 96 97 98 99 9a 9b 9c 9d 9e 9f a0 a1 a2 a3 a4 a5 a6 a7 a8 a9 aa ab ac ad ae af b0 b1 b2 b3 b4 b5 b6 b7 b8 b9 ba bb bc bd be bf c0 c1 c2 c3 c4 c5 c6 c7 c8 c9 ca cb cc cd ce cf d0 d1 d2 d3 d4 d5 d6 d7 d8 d9 da db dc dd de df e0 e1 e2 e3 e4 e5 e6 e7 e8 e9 ea eb ec ed ee ef f0 f1 f2 f3 f4 f5 f6 f7 f8 f9 fa fb fc fd fe ff 
 0  1  2 51  4 54 a2 83  8 82 a8 b2 93 e3 d1  d 10 -- d3 -- 87 -- b3  c f1 -- 11 -- 75 8b 1a 19 20 -- -- -- 71 db -- 47 d9 a6 -- -- b1 -- 18 -- 35 -- -- 33 22 -- -- 77 ea 4c c1 a5 34 -- 32 -- 40 -- -- -- -- -- -- -- e2 -- 61 -- -- -- 8e 4f 65 -- 9b -- -- ac -- 7f b5 -- -- -- 30 -- -- -- 6a -- -- -- -- -- 66 -- 44 -- -- 58 -- -- ee 16  3 -- 98 -- 55 8a 9d c7 68 79 -- b7 64 -- -- -- 80 -- -- c9 -- -- -- -- -- -- -- 2b -- -- -- -- 13 -- -- -- c2 -- -- 43 -- 57 -- -- cb 4d 9e 15 ca -- -- -- e1 cd -- c0 -- -- 8f -- -- -- fe -- bd -- -- -- -- -- -- ad 60 8d -- -- -- -- -- -- d4 56 -- -- -- -- -- -- -- -- -- -- cc -- -- -- 88 45 -- -- -- -- b0 d7 -- -- -- --  b -- 2c --  6 -- -- -- e7 ae -- -- aa 2a c3 eb ed 9a 59 41 d0 -- f2 -- -- -- b9 26 c8 86 -- -- -- -- -- 53 

solutions so far:0 maxDepth:10 
iterations:64176002  skipped: 38 
Depth skipped: 
0 0 38 0 0 0 0 0 0 0 0 0 0 0 0 0 0 0 0 0 0 0 0 0 0 0 0 0 0 0 0 0 

running time: 6900 sec
 depth:7
 0  1  2  3  4  5  6  7  8  9  a  b  c  d  e  f 10 11 12 13 14 15 16 17 18 19 1a 1b 1c 1d 1e 1f 20 21 22 23 24 25 26 27 28 29 2a 2b 2c 2d 2e 2f 30 31 32 33 34 35 36 37 38 39 3a 3b 3c 3d 3e 3f 40 41 42 43 44 45 46 47 48 49 4a 4b 4c 4d 4e 4f 50 51 52 53 54 55 56 57 58 59 5a 5b 5c 5d 5e 5f 60 61 62 63 64 65 66 67 68 69 6a 6b 6c 6d 6e 6f 70 71 72 73 74 75 76 77 78 79 7a 7b 7c 7d 7e 7f 80 81 82 83 84 85 86 87 88 89 8a 8b 8c 8d 8e 8f 90 91 92 93 94 95 96 97 98 99 9a 9b 9c 9d 9e 9f a0 a1 a2 a3 a4 a5 a6 a7 a8 a9 aa ab ac ad ae af b0 b1 b2 b3 b4 b5 b6 b7 b8 b9 ba bb bc bd be bf c0 c1 c2 c3 c4 c5 c6 c7 c8 c9 ca cb cc cd ce cf d0 d1 d2 d3 d4 d5 d6 d7 d8 d9 da db dc dd de df e0 e1 e2 e3 e4 e5 e6 e7 e8 e9 ea eb ec ed ee ef f0 f1 f2 f3 f4 f5 f6 f7 f8 f9 fa fb fc fd fe ff 
 0  1  2 51  4 4b a2 b9  8 a1 96 29 93 a0 a5 60 10 -- 95 -- fb -- 52 34 f1 -- 97 -- 9d 2c c0 dd 20 -- -- -- fd d2 -- c6 21 36 -- -- a4 -- 68 -- 35 -- -- 33 f9 -- -- c1 ed bf 58  c 57 -- 6d -- 40 -- -- -- -- -- -- -- 2d -- 73 -- -- -- 5b 4f 42 -- 6c -- -- ac -- 7f 9f -- -- -- d0 -- -- -- 6a -- -- -- -- -- 66 -- 25 -- -- 75 -- -- 55 83  d -- a9 -- b0 8a 18 94 ae 79 --  3 da -- -- -- 80 -- -- c9 -- -- -- -- -- -- -- 2b -- -- -- -- 5a -- -- -- e6 -- -- df --  b -- -- b6 28 9e 67 84 -- -- -- d8 14 -- ee -- -- 8f -- -- -- fe -- e9 -- -- -- -- -- --  5 77  a -- -- -- -- -- -- d4 56 -- -- -- -- -- -- -- -- -- -- cc -- -- -- 4a 45 -- -- -- -- ea d7 -- -- -- -- aa -- d1 -- 1a -- -- -- 85 16 -- -- b7 ce c3 eb 30 50 ff bb 8b -- f2 -- -- --  6 b4 63 69 -- -- -- -- -- 1b 

solutions so far:0 maxDepth:10 
iterations:68155742  skipped: 39 
Depth skipped: 
0 0 39 0 0 0 0 0 0 0 0 0 0 0 0 0 0 0 0 0 0 0 0 0 0 0 0 0 0 0 0 0 

running time: 7200 sec
 depth:8
 0  1  2  3  4  5  6  7  8  9  a  b  c  d  e  f 10 11 12 13 14 15 16 17 18 19 1a 1b 1c 1d 1e 1f 20 21 22 23 24 25 26 27 28 29 2a 2b 2c 2d 2e 2f 30 31 32 33 34 35 36 37 38 39 3a 3b 3c 3d 3e 3f 40 41 42 43 44 45 46 47 48 49 4a 4b 4c 4d 4e 4f 50 51 52 53 54 55 56 57 58 59 5a 5b 5c 5d 5e 5f 60 61 62 63 64 65 66 67 68 69 6a 6b 6c 6d 6e 6f 70 71 72 73 74 75 76 77 78 79 7a 7b 7c 7d 7e 7f 80 81 82 83 84 85 86 87 88 89 8a 8b 8c 8d 8e 8f 90 91 92 93 94 95 96 97 98 99 9a 9b 9c 9d 9e 9f a0 a1 a2 a3 a4 a5 a6 a7 a8 a9 aa ab ac ad ae af b0 b1 b2 b3 b4 b5 b6 b7 b8 b9 ba bb bc bd be bf c0 c1 c2 c3 c4 c5 c6 c7 c8 c9 ca cb cc cd ce cf d0 d1 d2 d3 d4 d5 d6 d7 d8 d9 da db dc dd de df e0 e1 e2 e3 e4 e5 e6 e7 e8 e9 ea eb ec ed ee ef f0 f1 f2 f3 f4 f5 f6 f7 f8 f9 fa fb fc fd fe ff 
 0  1  2 51  4 43 a2  f  8 ae 86 36 93 84 1e bf 10 70 8b -- db -- 6c 6e f1 -- df -- 3c f6 a9  3 20 -- e0 -- c1 e1 -- 30 61 a8 -- -- d8 -- dc -- 35 -- -- 33 69 -- -- da 78 d1 3b 2d 85 --  6 -- 40 -- -- -- 17 -- -- -- 55 -- 15 -- --  e 60 4f c2 -- 87 -- -- ac -- 7f 67 b8 -- -- 6f -- -- -- 6a -- -- -- -- -- 66 -- d2 -- -- bb -- -- 63 5b f0 -- 75 -- 76 8a 5a e6 dd 79 -- 95  c -- -- -- 80 -- -- c9 -- -- -- -- 2e -- -- 2b -- e8 -- -- aa -- -- -- 2a -- -- a6 -- d6 1c -- c0 21 9e 65 53 -- -- -- d9 fb -- 6b -- -- 8f -- -- 74 fe -- ce e5 a7 99 -- 1d -- 4b de 96 -- -- -- 3a -- -- d4 56 -- -- -- -- -- 5c -- -- -- -- cc  7 -- -- 73 45 -- -- -- -- a1 d7 -- -- -- -- c6 -- b6 -- 37 -- -- 38 ea 7b -- -- ec ca c3 eb b4 42 1b 57 6d -- f2 -- -- -- fd 83 18 9b -- -- -- -- -- 54 

solutions so far:0 maxDepth:10 
iterations:72331623  skipped: 40 
Depth skipped: 
0 0 40 0 0 0 0 0 0 0 0 0 0 0 0 0 0 0 0 0 0 0 0 0 0 0 0 0 0 0 0 0 

running time: 7500 sec
 depth:7
 0  1  2  3  4  5  6  7  8  9  a  b  c  d  e  f 10 11 12 13 14 15 16 17 18 19 1a 1b 1c 1d 1e 1f 20 21 22 23 24 25 26 27 28 29 2a 2b 2c 2d 2e 2f 30 31 32 33 34 35 36 37 38 39 3a 3b 3c 3d 3e 3f 40 41 42 43 44 45 46 47 48 49 4a 4b 4c 4d 4e 4f 50 51 52 53 54 55 56 57 58 59 5a 5b 5c 5d 5e 5f 60 61 62 63 64 65 66 67 68 69 6a 6b 6c 6d 6e 6f 70 71 72 73 74 75 76 77 78 79 7a 7b 7c 7d 7e 7f 80 81 82 83 84 85 86 87 88 89 8a 8b 8c 8d 8e 8f 90 91 92 93 94 95 96 97 98 99 9a 9b 9c 9d 9e 9f a0 a1 a2 a3 a4 a5 a6 a7 a8 a9 aa ab ac ad ae af b0 b1 b2 b3 b4 b5 b6 b7 b8 b9 ba bb bc bd be bf c0 c1 c2 c3 c4 c5 c6 c7 c8 c9 ca cb cc cd ce cf d0 d1 d2 d3 d4 d5 d6 d7 d8 d9 da db dc dd de df e0 e1 e2 e3 e4 e5 e6 e7 e8 e9 ea eb ec ed ee ef f0 f1 f2 f3 f4 f5 f6 f7 f8 f9 fa fb fc fd fe ff 
 0  1  2 51  4 38 a2 2d  8  a 70 ea 93 8b 5a 76 10 -- 14 -- e0 --  3 dd f1 -- c1 -- b4 bb ec 94 20 -- -- -- 28 99 -- a4 17 74 -- --  6 -- 6d -- 35 -- -- 33 55 -- -- 78 bf f9 a1 7b  f -- ff -- 40 -- -- -- -- -- -- -- 50 -- e5 -- -- -- 9f 4f 2e -- e8 -- -- ac -- 7f  c -- -- -- da -- -- -- 6a -- -- -- -- -- 66 -- aa -- -- 6f -- -- f0 6e a9 -- 25 -- 95 8a f6 d1 1e 79 -- 6b 29 -- -- -- 80 -- -- c9 -- -- -- -- -- -- -- 2b -- -- -- -- a0 -- -- -- 1d -- -- b8 -- 5b -- -- e9 57 9e  e 5c -- -- --  7 c0 -- c6 -- -- 8f -- -- -- fe -- 18 -- -- -- -- -- -- 30 63 60 -- -- -- -- -- -- d4 56 -- -- -- -- -- -- -- -- -- -- cc -- -- -- 83 45 -- -- -- -- de d7 -- -- -- -- 37 -- dc -- 85 -- -- -- 4a b6 -- -- fd 1c c3 eb 3b ae 75  5 3c -- f2 -- -- -- d6 97 52 a7 -- -- -- -- -- 3a 

solutions so far:0 maxDepth:10 
iterations:76616562  skipped: 44 
Depth skipped: 
0 0 44 0 0 0 0 0 0 0 0 0 0 0 0 0 0 0 0 0 0 0 0 0 0 0 0 0 0 0 0 0 

running time: 7800 sec
 depth:6
 0  1  2  3  4  5  6  7  8  9  a  b  c  d  e  f 10 11 12 13 14 15 16 17 18 19 1a 1b 1c 1d 1e 1f 20 21 22 23 24 25 26 27 28 29 2a 2b 2c 2d 2e 2f 30 31 32 33 34 35 36 37 38 39 3a 3b 3c 3d 3e 3f 40 41 42 43 44 45 46 47 48 49 4a 4b 4c 4d 4e 4f 50 51 52 53 54 55 56 57 58 59 5a 5b 5c 5d 5e 5f 60 61 62 63 64 65 66 67 68 69 6a 6b 6c 6d 6e 6f 70 71 72 73 74 75 76 77 78 79 7a 7b 7c 7d 7e 7f 80 81 82 83 84 85 86 87 88 89 8a 8b 8c 8d 8e 8f 90 91 92 93 94 95 96 97 98 99 9a 9b 9c 9d 9e 9f a0 a1 a2 a3 a4 a5 a6 a7 a8 a9 aa ab ac ad ae af b0 b1 b2 b3 b4 b5 b6 b7 b8 b9 ba bb bc bd be bf c0 c1 c2 c3 c4 c5 c6 c7 c8 c9 ca cb cc cd ce cf d0 d1 d2 d3 d4 d5 d6 d7 d8 d9 da db dc dd de df e0 e1 e2 e3 e4 e5 e6 e7 e8 e9 ea eb ec ed ee ef f0 f1 f2 f3 f4 f5 f6 f7 f8 f9 fa fb fc fd fe ff 
 0  1  2 51  4 29 a2 17  8 24 52 de 93 3c 2e -- 10 -- 48 -- a4 -- 6b e5 f1 -- 78 -- 5c 1c -- 7c 20 -- -- -- 90 28 -- 9c 9f f9 -- -- d6 -- 1d -- 35 -- -- 33 f0 -- -- -- b8 e4 38 -- -- -- f8 -- 40 -- -- -- -- -- -- -- f7 -- 50 -- -- -- ef 4f e9 -- 25 -- -- ac -- 7f 7b -- -- -- 3a -- -- -- 6a -- -- -- -- -- 66 -- 37 -- -- -- -- -- -- -- a7 -- 1f -- 70 8a -- dc -- 79 -- -- 27 -- -- -- 80 -- -- c9 -- -- -- -- -- -- -- 2b -- -- -- -- 39 -- -- -- a0 -- --  a --  7 -- --  9  f 9e 94  5 -- -- -- 4a ec -- e8 -- -- 8f -- -- -- fe -- f6 -- -- -- -- -- -- 3b 74 76 -- -- -- -- -- -- d4 56 -- -- -- -- -- -- -- -- -- -- cc -- -- -- 6e 45 -- -- -- -- -- d7 -- -- -- -- -- -- -- -- 99 -- -- -- 3e  e -- -- e0 ff c3 eb -- 1e 6f 12 -- -- f2 -- -- -- -- 72 4e 14 -- -- -- -- -- 97 

solutions so far:0 maxDepth:10 
iterations:81809055  skipped: 46 
Depth skipped: 
0 0 46 0 0 0 0 0 0 0 0 0 0 0 0 0 0 0 0 0 0 0 0 0 0 0 0 0 0 0 0 0 

running time: 8100 sec
 depth:7
 0  1  2  3  4  5  6  7  8  9  a  b  c  d  e  f 10 11 12 13 14 15 16 17 18 19 1a 1b 1c 1d 1e 1f 20 21 22 23 24 25 26 27 28 29 2a 2b 2c 2d 2e 2f 30 31 32 33 34 35 36 37 38 39 3a 3b 3c 3d 3e 3f 40 41 42 43 44 45 46 47 48 49 4a 4b 4c 4d 4e 4f 50 51 52 53 54 55 56 57 58 59 5a 5b 5c 5d 5e 5f 60 61 62 63 64 65 66 67 68 69 6a 6b 6c 6d 6e 6f 70 71 72 73 74 75 76 77 78 79 7a 7b 7c 7d 7e 7f 80 81 82 83 84 85 86 87 88 89 8a 8b 8c 8d 8e 8f 90 91 92 93 94 95 96 97 98 99 9a 9b 9c 9d 9e 9f a0 a1 a2 a3 a4 a5 a6 a7 a8 a9 aa ab ac ad ae af b0 b1 b2 b3 b4 b5 b6 b7 b8 b9 ba bb bc bd be bf c0 c1 c2 c3 c4 c5 c6 c7 c8 c9 ca cb cc cd ce cf d0 d1 d2 d3 d4 d5 d6 d7 d8 d9 da db dc dd de df e0 e1 e2 e3 e4 e5 e6 e7 e8 e9 ea eb ec ed ee ef f0 f1 f2 f3 f4 f5 f6 f7 f8 f9 fa fb fc fd fe ff 
 0  1  2 51  4 1f a2 54  8 b1 3e b4 93 b6 a8 46 10 -- b5 -- 7c -- bf 43 f1 -- bb -- 87 9b 8c 11 20 -- -- -- bd  9 -- c7 f8 90 -- -- a9 -- 86 -- 35 -- -- 33 a1 -- -- f3 d9 4d e1 7d cf -- 22 -- 40 -- -- -- -- -- -- -- ad -- 12 -- -- -- 59 4f 27 -- f7 -- -- ac -- 7f 85 -- -- -- db -- -- -- 6a -- -- -- -- -- 66 -- 95 -- -- be -- -- 31 c4 65 -- 9a -- 15 8a fa 2d 49 79 -- 81 44 -- -- -- 80 -- -- c9 -- -- -- -- -- -- -- 2b -- -- -- -- 8d -- -- -- 24 -- -- 9c -- 53 -- -- b2 c6 9e 72 4e -- -- -- 39 63 -- c2 -- -- 8f -- -- -- fe -- dd -- -- -- -- -- -- 6d 61 da -- -- -- -- -- -- d4 56 -- -- -- -- -- -- -- -- -- -- cc -- -- -- fd 45 -- -- -- -- ab d7 -- -- -- -- 62 -- 5f -- ca -- -- -- e3 a6 -- -- 2a e4 c3 eb 23 5b 5a b3 92 -- f2 -- -- -- d5 cd 88 ef -- -- -- -- -- 48 

solutions so far:0 maxDepth:10 
iterations:86725838  skipped: 48 
Depth skipped: 
0 0 48 0 0 0 0 0 0 0 0 0 0 0 0 0 0 0 0 0 0 0 0 0 0 0 0 0 0 0 0 0 

running time: 8400 sec
 depth:7
 0  1  2  3  4  5  6  7  8  9  a  b  c  d  e  f 10 11 12 13 14 15 16 17 18 19 1a 1b 1c 1d 1e 1f 20 21 22 23 24 25 26 27 28 29 2a 2b 2c 2d 2e 2f 30 31 32 33 34 35 36 37 38 39 3a 3b 3c 3d 3e 3f 40 41 42 43 44 45 46 47 48 49 4a 4b 4c 4d 4e 4f 50 51 52 53 54 55 56 57 58 59 5a 5b 5c 5d 5e 5f 60 61 62 63 64 65 66 67 68 69 6a 6b 6c 6d 6e 6f 70 71 72 73 74 75 76 77 78 79 7a 7b 7c 7d 7e 7f 80 81 82 83 84 85 86 87 88 89 8a 8b 8c 8d 8e 8f 90 91 92 93 94 95 96 97 98 99 9a 9b 9c 9d 9e 9f a0 a1 a2 a3 a4 a5 a6 a7 a8 a9 aa ab ac ad ae af b0 b1 b2 b3 b4 b5 b6 b7 b8 b9 ba bb bc bd be bf c0 c1 c2 c3 c4 c5 c6 c7 c8 c9 ca cb cc cd ce cf d0 d1 d2 d3 d4 d5 d6 d7 d8 d9 da db dc dd de df e0 e1 e2 e3 e4 e5 e6 e7 e8 e9 ea eb ec ed ee ef f0 f1 f2 f3 f4 f5 f6 f7 f8 f9 fa fb fc fd fe ff 
 0  1  2 51  4 18 a2 12  8 59 30 52 93 97 24 3d 10 -- b2 -- 60 -- a4 72 f1 -- f9 -- 48 4e 7a 4d 20 -- -- -- b3 55 -- 22 c0 75 -- -- 9f -- e4 -- 35 -- -- 33 25 -- -- fc 90 ad 9c a3 f4 -- 9a -- 40 -- -- -- -- -- -- -- b1 -- aa -- -- -- 44 4f 57 -- ea -- -- ac -- 7f e9 -- -- -- 1f -- -- -- 6a -- -- -- -- -- 66 -- 4a -- -- 89 -- -- 2f bc f7 -- 8d -- ef 8a 91 ff 3f 79 -- 5d e3 -- -- -- 80 -- -- c9 -- -- -- -- -- -- -- 2b -- -- -- -- b5 -- -- -- 83 -- -- 8b -- f8 -- -- 88 50 9e  6 ae -- -- --  3 28 -- 7c -- -- 8f -- -- -- fe --  5 -- -- -- -- -- --  a 3e 14 -- -- -- -- -- -- d4 56 -- -- -- -- -- -- -- -- -- -- cc -- -- -- 94 45 -- -- -- -- c5 d7 -- -- -- -- 5e -- af -- 39 -- -- -- cd 27 -- --  9  c c3 eb f5 a0 29 c7 7e -- f2 -- -- -- ba bd 11 c1 -- -- -- -- -- d1 

solutions so far:0 maxDepth:10 
iterations:92173999  skipped: 48 
Depth skipped: 
0 0 48 0 0 0 0 0 0 0 0 0 0 0 0 0 0 0 0 0 0 0 0 0 0 0 0 0 0 0 0 0 

running time: 8700 sec
 depth:5
 0  1  2  3  4  5  6  7  8  9  a  b  c  d  e  f 10 11 12 13 14 15 16 17 18 19 1a 1b 1c 1d 1e 1f 20 21 22 23 24 25 26 27 28 29 2a 2b 2c 2d 2e 2f 30 31 32 33 34 35 36 37 38 39 3a 3b 3c 3d 3e 3f 40 41 42 43 44 45 46 47 48 49 4a 4b 4c 4d 4e 4f 50 51 52 53 54 55 56 57 58 59 5a 5b 5c 5d 5e 5f 60 61 62 63 64 65 66 67 68 69 6a 6b 6c 6d 6e 6f 70 71 72 73 74 75 76 77 78 79 7a 7b 7c 7d 7e 7f 80 81 82 83 84 85 86 87 88 89 8a 8b 8c 8d 8e 8f 90 91 92 93 94 95 96 97 98 99 9a 9b 9c 9d 9e 9f a0 a1 a2 a3 a4 a5 a6 a7 a8 a9 aa ab ac ad ae af b0 b1 b2 b3 b4 b5 b6 b7 b8 b9 ba bb bc bd be bf c0 c1 c2 c3 c4 c5 c6 c7 c8 c9 ca cb cc cd ce cf d0 d1 d2 d3 d4 d5 d6 d7 d8 d9 da db dc dd de df e0 e1 e2 e3 e4 e5 e6 e7 e8 e9 ea eb ec ed ee ef f0 f1 f2 f3 f4 f5 f6 f7 f8 f9 fa fb fc fd fe ff 
 0  1  2 51  4  9 a2 de  8 b3 12 -- 93 -- 6b -- 10 -- b1 -- 24 -- -- 76 f1 -- -- -- d6 37 -- e3 20 -- -- -- b5 e4 -- 88 48 f8 -- -- -- -- ec -- 35 -- -- 33 -- -- -- -- 7b cd 6e -- -- -- 11 -- 40 -- -- -- -- -- -- -- bd -- 1f -- -- -- c7 4f 90 -- 27 -- -- ac -- 7f -- -- -- --  f -- -- -- 6a -- -- -- -- -- 66 -- -- -- -- -- -- -- -- -- f6 -- 4d -- dc 8a -- -- -- 79 -- -- 22 -- -- -- 80 -- -- c9 -- -- -- -- -- -- -- 2b -- -- -- -- ad -- -- -- 3e -- -- 39 -- 78 -- -- 59 -- 9e 9c f7 -- -- -- 4e -- -- 3c -- -- 8f -- -- -- fe -- -- -- -- -- -- -- -- -- 1e -- -- -- -- -- -- -- d4 56 -- -- -- -- -- -- -- -- -- -- cc -- -- -- -- 45 -- -- -- -- -- d7 -- -- -- -- -- -- -- -- 3b -- -- -- 9a f0 -- -- 6f ef c3 eb -- -- -- b2 -- -- f2 -- -- -- -- 8d 44 72 -- -- -- -- -- 7c 

solutions so far:0 maxDepth:10 
iterations:97982503  skipped: 52 
Depth skipped: 
0 0 52 0 0 0 0 0 0 0 0 0 0 0 0 0 0 0 0 0 0 0 0 0 0 0 0 0 0 0 0 0 

running time: 9000 sec

Finished. Total running time: 9119 sec
