Search S-boxes invariant for matrix: 
{0x00,0x02,0x04,0x06,0x08,0x0a,0x0c,0x0e,0x10,0x12,0x14,0x16,0x18,0x1a,0x1c,0x1e,0x20,0x22,0x24,0x26,0x28,0x2a,0x2c,0x2e,0x30,0x32,0x34,0x36,0x38,0x3a,0x3c,0x3e,0x40,0x42,0x44,0x46,0x48,0x4a,0x4c,0x4e,0x50,0x52,0x54,0x56,0x58,0x5a,0x5c,0x5e,0x60,0x62,0x64,0x66,0x68,0x6a,0x6c,0x6e,0x70,0x72,0x74,0x76,0x78,0x7a,0x7c,0x7e,0x80,0x82,0x84,0x86,0x88,0x8a,0x8c,0x8e,0x90,0x92,0x94,0x96,0x98,0x9a,0x9c,0x9e,0xa0,0xa2,0xa4,0xa6,0xa8,0xaa,0xac,0xae,0xb0,0xb2,0xb4,0xb6,0xb8,0xba,0xbc,0xbe,0xc0,0xc2,0xc4,0xc6,0xc8,0xca,0xcc,0xce,0xd0,0xd2,0xd4,0xd6,0xd8,0xda,0xdc,0xde,0xe0,0xe2,0xe4,0xe6,0xe8,0xea,0xec,0xee,0xf0,0xf2,0xf4,0xf6,0xf8,0xfa,0xfc,0xfe,0xd7,0xd5,0xd3,0xd1,0xdf,0xdd,0xdb,0xd9,0xc7,0xc5,0xc3,0xc1,0xcf,0xcd,0xcb,0xc9,0xf7,0xf5,0xf3,0xf1,0xff,0xfd,0xfb,0xf9,0xe7,0xe5,0xe3,0xe1,0xef,0xed,0xeb,0xe9,0x97,0x95,0x93,0x91,0x9f,0x9d,0x9b,0x99,0x87,0x85,0x83,0x81,0x8f,0x8d,0x8b,0x89,0xb7,0xb5,0xb3,0xb1,0xbf,0xbd,0xbb,0xb9,0xa7,0xa5,0xa3,0xa1,0xaf,0xad,0xab,0xa9,0x57,0x55,0x53,0x51,0x5f,0x5d,0x5b,0x59,0x47,0x45,0x43,0x41,0x4f,0x4d,0x4b,0x49,0x77,0x75,0x73,0x71,0x7f,0x7d,0x7b,0x79,0x67,0x65,0x63,0x61,0x6f,0x6d,0x6b,0x69,0x17,0x15,0x13,0x11,0x1f,0x1d,0x1b,0x19,0x07,0x05,0x03,0x01,0x0f,0x0d,0x0b,0x09,0x37,0x35,0x33,0x31,0x3f,0x3d,0x3b,0x39,0x27,0x25,0x23,0x21,0x2f,0x2d,0x2b,0x29};



 depth:7
 0  1  2  3  4  5  6  7  8  9  a  b  c  d  e  f 10 11 12 13 14 15 16 17 18 19 1a 1b 1c 1d 1e 1f 20 21 22 23 24 25 26 27 28 29 2a 2b 2c 2d 2e 2f 30 31 32 33 34 35 36 37 38 39 3a 3b 3c 3d 3e 3f 40 41 42 43 44 45 46 47 48 49 4a 4b 4c 4d 4e 4f 50 51 52 53 54 55 56 57 58 59 5a 5b 5c 5d 5e 5f 60 61 62 63 64 65 66 67 68 69 6a 6b 6c 6d 6e 6f 70 71 72 73 74 75 76 77 78 79 7a 7b 7c 7d 7e 7f 80 81 82 83 84 85 86 87 88 89 8a 8b 8c 8d 8e 8f 90 91 92 93 94 95 96 97 98 99 9a 9b 9c 9d 9e 9f a0 a1 a2 a3 a4 a5 a6 a7 a8 a9 aa ab ac ad ae af b0 b1 b2 b3 b4 b5 b6 b7 b8 b9 ba bb bc bd be bf c0 c1 c2 c3 c4 c5 c6 c7 c8 c9 ca cb cc cd ce cf d0 d1 d2 d3 d4 d5 d6 d7 d8 d9 da db dc dd de df e0 e1 e2 e3 e4 e5 e6 e7 e8 e9 ea eb ec ed ee ef f0 f1 f2 f3 f4 f5 f6 f7 f8 f9 fa fb fc fd fe ff 
 0  1  2 5d  4 f8 ba 19  8 c0 27  e a3 99 32 4d 10 -- 57 -- 4e -- 1c cb 91 -- e5 -- 64 26 9a 75 20 -- -- -- ae 48 --  c 9c 72 -- -- 38 -- 41 -- f5 -- -- 33 1d -- -- 44 c8 aa 4c ad e3 -- ea -- 40 -- -- -- -- -- -- -- 8b -- 90 -- -- -- 18 4f ef -- e4 -- -- 2f -- f4 70 -- -- -- 82 -- -- -- 3d -- -- -- -- -- 66 -- 3a -- -- b3 -- -- 88 59 47 -- 83 -- 98 89 8d e8 11 79 -- b5  3 -- -- -- 80 -- -- bc -- -- -- -- -- -- -- 7e -- -- -- -- c1 -- -- -- f7 -- -- 12 -- e2 -- -- 30 b8 9e 3e  9 -- -- -- 1f 5c -- 71 -- -- 5e -- -- -- 3f -- e0 -- -- -- -- -- -- 17 d3 2e -- -- -- -- -- -- 7a fc -- -- -- -- -- -- -- -- -- -- cc -- -- -- 74 af -- -- -- -- b1 d7 -- -- -- -- c7 -- b2 -- 8e -- -- -- d1 13 -- -- e7 7c c5 eb cd a7  7 60 22 -- f2 -- -- -- bd 55  6 24 -- -- -- -- -- 39 

solutions so far:0 maxDepth:9 
iterations:2662254  skipped: 3 
Depth skipped: 
0 0 3 0 0 0 0 0 0 0 0 0 0 0 0 0 0 0 0 0 0 0 0 0 0 0 0 0 0 0 0 0 

running time: 300 sec
 depth:6
 0  1  2  3  4  5  6  7  8  9  a  b  c  d  e  f 10 11 12 13 14 15 16 17 18 19 1a 1b 1c 1d 1e 1f 20 21 22 23 24 25 26 27 28 29 2a 2b 2c 2d 2e 2f 30 31 32 33 34 35 36 37 38 39 3a 3b 3c 3d 3e 3f 40 41 42 43 44 45 46 47 48 49 4a 4b 4c 4d 4e 4f 50 51 52 53 54 55 56 57 58 59 5a 5b 5c 5d 5e 5f 60 61 62 63 64 65 66 67 68 69 6a 6b 6c 6d 6e 6f 70 71 72 73 74 75 76 77 78 79 7a 7b 7c 7d 7e 7f 80 81 82 83 84 85 86 87 88 89 8a 8b 8c 8d 8e 8f 90 91 92 93 94 95 96 97 98 99 9a 9b 9c 9d 9e 9f a0 a1 a2 a3 a4 a5 a6 a7 a8 a9 aa ab ac ad ae af b0 b1 b2 b3 b4 b5 b6 b7 b8 b9 ba bb bc bd be bf c0 c1 c2 c3 c4 c5 c6 c7 c8 c9 ca cb cc cd ce cf d0 d1 d2 d3 d4 d5 d6 d7 d8 d9 da db dc dd de df e0 e1 e2 e3 e4 e5 e6 e7 e8 e9 ea eb ec ed ee ef f0 f1 f2 f3 f4 f5 f6 f7 f8 f9 fa fb fc fd fe ff 
 0  1  2 5d  4 ef ba 9d  8 ea  9 c9 a3 d4 ed -- 10 --  3 -- 12 -- 45 d0 91 -- 7f --  d b0 -- ae 20 -- -- --  6 72 -- aa 24 7c -- -- 8a -- 77 -- f5 -- -- 33 fe -- -- -- 1a 60 b7 -- -- -- 8b -- 40 -- -- -- -- -- -- --  c -- e4 -- -- -- 83 4f 48 -- f8 -- -- 2f -- f4 c3 -- -- -- ee -- -- -- 3d -- -- -- -- -- 66 -- 2b -- -- -- -- -- -- -- 34 -- c0 -- b9 89 -- ac -- 79 -- -- c1 -- -- -- 80 -- -- bc -- -- -- -- -- -- -- 7e -- -- -- -- 18 -- -- -- 1f -- -- f7 -- 2c -- -- d1 35 9e 4e 90 -- -- -- 27 f1 -- 16 -- -- 5e -- -- -- 3f -- 51 -- -- -- -- -- -- a2  b 93 -- -- -- -- -- -- 7a fc -- -- -- -- -- -- -- -- -- -- cc -- -- -- 56 af -- -- -- -- -- d7 -- -- -- -- -- -- -- -- 68 -- -- -- 57 58 -- -- a5 9c c5 eb -- 6a 8f 75 -- -- f2 -- -- -- -- 30 55 39 -- -- -- -- -- 3e 

solutions so far:0 maxDepth:9 
iterations:5224819  skipped: 4 
Depth skipped: 
0 0 4 0 0 0 0 0 0 0 0 0 0 0 0 0 0 0 0 0 0 0 0 0 0 0 0 0 0 0 0 0 

running time: 600 sec
 depth:7
 0  1  2  3  4  5  6  7  8  9  a  b  c  d  e  f 10 11 12 13 14 15 16 17 18 19 1a 1b 1c 1d 1e 1f 20 21 22 23 24 25 26 27 28 29 2a 2b 2c 2d 2e 2f 30 31 32 33 34 35 36 37 38 39 3a 3b 3c 3d 3e 3f 40 41 42 43 44 45 46 47 48 49 4a 4b 4c 4d 4e 4f 50 51 52 53 54 55 56 57 58 59 5a 5b 5c 5d 5e 5f 60 61 62 63 64 65 66 67 68 69 6a 6b 6c 6d 6e 6f 70 71 72 73 74 75 76 77 78 79 7a 7b 7c 7d 7e 7f 80 81 82 83 84 85 86 87 88 89 8a 8b 8c 8d 8e 8f 90 91 92 93 94 95 96 97 98 99 9a 9b 9c 9d 9e 9f a0 a1 a2 a3 a4 a5 a6 a7 a8 a9 aa ab ac ad ae af b0 b1 b2 b3 b4 b5 b6 b7 b8 b9 ba bb bc bd be bf c0 c1 c2 c3 c4 c5 c6 c7 c8 c9 ca cb cc cd ce cf d0 d1 d2 d3 d4 d5 d6 d7 d8 d9 da db dc dd de df e0 e1 e2 e3 e4 e5 e6 e7 e8 e9 ea eb ec ed ee ef f0 f1 f2 f3 f4 f5 f6 f7 f8 f9 fa fb fc fd fe ff 
 0  1  2 5d  4 ea ba a7  8 f1  3 d5 a3 31 99 86 10 -- 35 --  6 -- 7d e8 91 -- 62 -- e5 17 db 8f 20 -- -- -- 6a 57 -- c3  c 55 -- -- fa --  7 -- f5 -- -- 33 c4 -- -- a6 1d 2b 2e 65 61 -- c9 -- 40 -- -- -- -- -- -- -- d4 -- ae -- -- -- 51 4f 18 -- aa -- -- 2f -- f4 23 -- -- --  e -- -- -- 3d -- -- -- -- -- 66 -- 5f -- -- 54 -- -- 9b 15 3a -- 56 -- 5c 89 ca ab c2 79 -- 87 45 -- -- -- 80 -- -- bc -- -- -- -- -- -- -- 7e -- -- -- -- 7f -- -- -- 8b -- -- 60 -- 70 -- -- a2 92 9e d1 30 -- -- -- 83 49 -- 38 -- -- 5e -- -- -- 3f -- 46 -- -- -- -- -- -- 8c 1c cf -- -- -- -- -- -- 7a fc -- -- -- -- -- -- -- -- -- -- cc -- -- -- be af -- -- -- -- a8 d7 -- -- -- -- e1 -- 2a -- 74 -- -- -- ac e0 -- -- b8 75 c5 eb 43 f3 81 93 53 -- f2 -- -- -- d9 fe 8a c0 -- -- -- -- -- c1 

solutions so far:0 maxDepth:9 
iterations:7326946  skipped: 5 
Depth skipped: 
0 0 5 0 0 0 0 0 0 0 0 0 0 0 0 0 0 0 0 0 0 0 0 0 0 0 0 0 0 0 0 0 

running time: 900 sec
 depth:6
 0  1  2  3  4  5  6  7  8  9  a  b  c  d  e  f 10 11 12 13 14 15 16 17 18 19 1a 1b 1c 1d 1e 1f 20 21 22 23 24 25 26 27 28 29 2a 2b 2c 2d 2e 2f 30 31 32 33 34 35 36 37 38 39 3a 3b 3c 3d 3e 3f 40 41 42 43 44 45 46 47 48 49 4a 4b 4c 4d 4e 4f 50 51 52 53 54 55 56 57 58 59 5a 5b 5c 5d 5e 5f 60 61 62 63 64 65 66 67 68 69 6a 6b 6c 6d 6e 6f 70 71 72 73 74 75 76 77 78 79 7a 7b 7c 7d 7e 7f 80 81 82 83 84 85 86 87 88 89 8a 8b 8c 8d 8e 8f 90 91 92 93 94 95 96 97 98 99 9a 9b 9c 9d 9e 9f a0 a1 a2 a3 a4 a5 a6 a7 a8 a9 aa ab ac ad ae af b0 b1 b2 b3 b4 b5 b6 b7 b8 b9 ba bb bc bd be bf c0 c1 c2 c3 c4 c5 c6 c7 c8 c9 ca cb cc cd ce cf d0 d1 d2 d3 d4 d5 d6 d7 d8 d9 da db dc dd de df e0 e1 e2 e3 e4 e5 e6 e7 e8 e9 ea eb ec ed ee ef f0 f1 f2 f3 f4 f5 f6 f7 f8 f9 fa fb fc fd fe ff 
 0  1  2 5d  4 e2 ba d0  8 a1 13 9b a3 43 77 -- 10 -- 95 -- 26 -- e1 58 91 -- 86 -- ee  d -- dd 20 -- -- -- fd 64 -- c6 4c cb -- -- 15 -- b0 -- f5 -- -- 33 db -- -- --  b bf 1a -- -- -- 6d -- 40 -- -- -- -- -- -- -- 2d -- c8 -- -- -- 5b 4f 98 -- 41 -- -- 2f -- f4 2a -- -- -- b7 -- -- -- 3d -- -- -- -- -- 66 -- 61 -- -- -- -- -- -- -- 16 -- a9 -- 34 89 -- 53 -- 79 -- -- da -- -- -- 80 -- -- bc -- -- -- -- -- -- -- 7e -- -- -- -- 5a -- -- -- 47 -- -- 19 -- 9d -- -- b6 65 9e d3 e7 -- -- -- 82 d9 -- a5 -- -- 5e -- -- -- 3f -- 54 -- -- -- -- -- -- a8 b9 87 -- -- -- -- -- -- 7a fc -- -- -- -- -- -- -- -- -- -- cc -- -- -- c2 af -- -- -- -- -- d7 -- -- -- -- -- -- -- -- 2c -- -- -- 85 ed -- -- 68 71 c5 eb -- ca a6 bb -- -- f2 -- -- -- -- b4 63 32 -- -- -- -- -- 8e 

solutions so far:0 maxDepth:9 
iterations:10567306  skipped: 7 
Depth skipped: 
0 0 7 0 0 0 0 0 0 0 0 0 0 0 0 0 0 0 0 0 0 0 0 0 0 0 0 0 0 0 0 0 

running time: 1200 sec
 depth:8
 0  1  2  3  4  5  6  7  8  9  a  b  c  d  e  f 10 11 12 13 14 15 16 17 18 19 1a 1b 1c 1d 1e 1f 20 21 22 23 24 25 26 27 28 29 2a 2b 2c 2d 2e 2f 30 31 32 33 34 35 36 37 38 39 3a 3b 3c 3d 3e 3f 40 41 42 43 44 45 46 47 48 49 4a 4b 4c 4d 4e 4f 50 51 52 53 54 55 56 57 58 59 5a 5b 5c 5d 5e 5f 60 61 62 63 64 65 66 67 68 69 6a 6b 6c 6d 6e 6f 70 71 72 73 74 75 76 77 78 79 7a 7b 7c 7d 7e 7f 80 81 82 83 84 85 86 87 88 89 8a 8b 8c 8d 8e 8f 90 91 92 93 94 95 96 97 98 99 9a 9b 9c 9d 9e 9f a0 a1 a2 a3 a4 a5 a6 a7 a8 a9 aa ab ac ad ae af b0 b1 b2 b3 b4 b5 b6 b7 b8 b9 ba bb bc bd be bf c0 c1 c2 c3 c4 c5 c6 c7 c8 c9 ca cb cc cd ce cf d0 d1 d2 d3 d4 d5 d6 d7 d8 d9 da db dc dd de df e0 e1 e2 e3 e4 e5 e6 e7 e8 e9 ea eb ec ed ee ef f0 f1 f2 f3 f4 f5 f6 f7 f8 f9 fa fb fc fd fe ff 
 0  1  2 5d  4 df ba 55  8 68 69 27 a3 39 aa 1c 10 59 d0 -- d2 -- 4e  3 91 -- 72 -- 83 57 38 b7 20 -- b2 -- 77 d8 -- ed 73 96 -- -- 9c --  6 -- f5 -- -- 33 e4 -- -- 2e d1 2c ae e8 70 -- b9 -- 40 -- -- -- b3 -- -- -- ee -- 67 -- -- 44  d 4f e6 -- fb -- -- 2f -- f4 ef bd -- --  c -- -- -- 3d -- -- -- -- -- 66 -- 1f -- -- e5 -- -- 5c a7 75 -- 58 -- 8b 89  7 7c e0 79 -- 3a a5 -- -- -- 80 -- -- bc -- -- -- -- b1 -- -- 7e -- 11 -- --  b -- -- -- ce -- -- 36 -- 60 88 -- 1a 90 9e 42 1b -- -- -- 21 48 -- 30 -- -- 5e -- -- e3 3f --  9 cd ad 8d -- 4d -- 12 18 24 -- -- -- 9a -- -- 7a fc -- -- -- -- -- b5 -- -- -- -- cc 22 -- -- 3e af -- -- -- -- 1d d7 -- -- -- -- b8 -- 99 -- ea -- -- c7 b0 c0 -- -- c1 84 c5 eb  e f7 f8 34 17 -- f2 -- -- -- 74 16 9d 6c -- -- -- -- -- 4b 

solutions so far:0 maxDepth:9 
iterations:12934421  skipped: 7 
Depth skipped: 
0 0 7 0 0 0 0 0 0 0 0 0 0 0 0 0 0 0 0 0 0 0 0 0 0 0 0 0 0 0 0 0 

running time: 1500 sec
 depth:7
 0  1  2  3  4  5  6  7  8  9  a  b  c  d  e  f 10 11 12 13 14 15 16 17 18 19 1a 1b 1c 1d 1e 1f 20 21 22 23 24 25 26 27 28 29 2a 2b 2c 2d 2e 2f 30 31 32 33 34 35 36 37 38 39 3a 3b 3c 3d 3e 3f 40 41 42 43 44 45 46 47 48 49 4a 4b 4c 4d 4e 4f 50 51 52 53 54 55 56 57 58 59 5a 5b 5c 5d 5e 5f 60 61 62 63 64 65 66 67 68 69 6a 6b 6c 6d 6e 6f 70 71 72 73 74 75 76 77 78 79 7a 7b 7c 7d 7e 7f 80 81 82 83 84 85 86 87 88 89 8a 8b 8c 8d 8e 8f 90 91 92 93 94 95 96 97 98 99 9a 9b 9c 9d 9e 9f a0 a1 a2 a3 a4 a5 a6 a7 a8 a9 aa ab ac ad ae af b0 b1 b2 b3 b4 b5 b6 b7 b8 b9 ba bb bc bd be bf c0 c1 c2 c3 c4 c5 c6 c7 c8 c9 ca cb cc cd ce cf d0 d1 d2 d3 d4 d5 d6 d7 d8 d9 da db dc dd de df e0 e1 e2 e3 e4 e5 e6 e7 e8 e9 ea eb ec ed ee ef f0 f1 f2 f3 f4 f5 f6 f7 f8 f9 fa fb fc fd fe ff 
 0  1  2 5d  4 db ba 4b  8 55 61 7b a3 37 96 9d 10 -- aa -- c2 -- f6 df 91 -- 6e -- fb 6c ed 18 20 -- -- -- 83 2a -- 57 53 d9 -- -- 3b -- 69 -- f5 -- -- 33 dc -- -- 68 21  3 d8 b7  d -- 30 -- 40 -- -- -- -- -- -- -- d1 -- 54 -- -- -- ae 4f a6 -- 65 -- -- 2f -- f4 76 -- -- -- d2 -- -- -- 3d -- -- -- -- -- 66 -- 6f -- -- 16 -- -- d0 ee 42 --  6 -- 67 89 b9 6b 1a 79 -- 58 60 -- -- -- 80 -- -- bc -- -- -- -- -- -- -- 7e -- -- -- -- 75 -- -- -- a8 -- -- e1 -- 1b -- -- 8b 78 9e 43 9b -- -- -- ca 3c -- e6 -- -- 5e -- -- -- 3f -- ec -- -- -- -- -- --  f 73 1e -- -- -- -- -- -- 7a fc -- -- -- -- -- -- -- -- -- -- cc -- -- -- de af -- -- -- -- 2c d7 -- -- -- -- 77 --  b -- 84 -- -- --  c 36 -- -- ce 86 c5 eb a5 f0 d6 c1 34 -- f2 -- -- -- b0 ea c0 15 -- -- -- -- -- 87 

solutions so far:0 maxDepth:9 
iterations:15176167  skipped: 8 
Depth skipped: 
0 0 8 0 0 0 0 0 0 0 0 0 0 0 0 0 0 0 0 0 0 0 0 0 0 0 0 0 0 0 0 0 

running time: 1800 sec
 depth:7
 0  1  2  3  4  5  6  7  8  9  a  b  c  d  e  f 10 11 12 13 14 15 16 17 18 19 1a 1b 1c 1d 1e 1f 20 21 22 23 24 25 26 27 28 29 2a 2b 2c 2d 2e 2f 30 31 32 33 34 35 36 37 38 39 3a 3b 3c 3d 3e 3f 40 41 42 43 44 45 46 47 48 49 4a 4b 4c 4d 4e 4f 50 51 52 53 54 55 56 57 58 59 5a 5b 5c 5d 5e 5f 60 61 62 63 64 65 66 67 68 69 6a 6b 6c 6d 6e 6f 70 71 72 73 74 75 76 77 78 79 7a 7b 7c 7d 7e 7f 80 81 82 83 84 85 86 87 88 89 8a 8b 8c 8d 8e 8f 90 91 92 93 94 95 96 97 98 99 9a 9b 9c 9d 9e 9f a0 a1 a2 a3 a4 a5 a6 a7 a8 a9 aa ab ac ad ae af b0 b1 b2 b3 b4 b5 b6 b7 b8 b9 ba bb bc bd be bf c0 c1 c2 c3 c4 c5 c6 c7 c8 c9 ca cb cc cd ce cf d0 d1 d2 d3 d4 d5 d6 d7 d8 d9 da db dc dd de df e0 e1 e2 e3 e4 e5 e6 e7 e8 e9 ea eb ec ed ee ef f0 f1 f2 f3 f4 f5 f6 f7 f8 f9 fa fb fc fd fe ff 
 0  1  2 5d  4 d0 ba e0  8 7b 77 4d a3 b3 17 94 10 -- f6 -- ee -- 9a 99 91 -- b1 -- 2e  e ff f0 20 -- -- -- 3b b7 -- 6f  b ed -- -- e3 -- e5 -- f5 -- -- 33 b5 -- -- 9f 5c 1e 1c f9 29 -- 37 -- 40 -- -- -- -- -- -- -- 76 -- b9 -- -- -- de 4f 16 --  d -- -- 2f -- f4 11 -- -- -- 1d -- -- -- 3d -- -- -- -- -- 66 -- bd -- -- 28 -- -- e9  a b8 -- 3c -- 38 89 25 8d 52 79 -- a0 6e -- -- -- 80 -- -- bc -- -- -- -- -- -- -- 7e -- -- -- -- ec -- -- -- a5 -- -- 58 -- e8 -- -- 6b 59 9e 34 2c -- -- -- 1a c7 -- 74 -- -- 5e -- -- -- 3f -- 22 -- -- -- -- -- -- 44 3a 88 -- -- -- -- -- -- 7a fc -- -- -- -- -- -- -- -- -- -- cc -- -- -- ad af -- -- -- -- 50 d7 -- -- -- --  5 -- 14 -- a7 -- -- -- 78  7 -- -- 70 68 c5 eb 4a b2 cd d6 a4 -- f2 -- -- -- 97  f dc b0 -- -- -- -- -- 9d 

solutions so far:0 maxDepth:10 
iterations:18233952  skipped: 13 
Depth skipped: 
0 0 13 0 0 0 0 0 0 0 0 0 0 0 0 0 0 0 0 0 0 0 0 0 0 0 0 0 0 0 0 0 

running time: 2100 sec
 depth:7
 0  1  2  3  4  5  6  7  8  9  a  b  c  d  e  f 10 11 12 13 14 15 16 17 18 19 1a 1b 1c 1d 1e 1f 20 21 22 23 24 25 26 27 28 29 2a 2b 2c 2d 2e 2f 30 31 32 33 34 35 36 37 38 39 3a 3b 3c 3d 3e 3f 40 41 42 43 44 45 46 47 48 49 4a 4b 4c 4d 4e 4f 50 51 52 53 54 55 56 57 58 59 5a 5b 5c 5d 5e 5f 60 61 62 63 64 65 66 67 68 69 6a 6b 6c 6d 6e 6f 70 71 72 73 74 75 76 77 78 79 7a 7b 7c 7d 7e 7f 80 81 82 83 84 85 86 87 88 89 8a 8b 8c 8d 8e 8f 90 91 92 93 94 95 96 97 98 99 9a 9b 9c 9d 9e 9f a0 a1 a2 a3 a4 a5 a6 a7 a8 a9 aa ab ac ad ae af b0 b1 b2 b3 b4 b5 b6 b7 b8 b9 ba bb bc bd be bf c0 c1 c2 c3 c4 c5 c6 c7 c8 c9 ca cb cc cd ce cf d0 d1 d2 d3 d4 d5 d6 d7 d8 d9 da db dc dd de df e0 e1 e2 e3 e4 e5 e6 e7 e8 e9 ea eb ec ed ee ef f0 f1 f2 f3 f4 f5 f6 f7 f8 f9 fa fb fc fd fe ff 
 0  1  2 5d  4 c9 ba 92  8 1c 45 a1 a3 6d f3 1b 10 -- 38 -- 8a -- 95 be 91 -- da -- 31 46 36 99 20 -- -- -- 70 35 -- 74 c3 fe -- -- fd -- ab -- f5 -- -- 33 63 -- -- ce 62 5c 8c d2 6c -- e5 -- 40 -- -- -- -- -- -- -- e0 -- 6a -- -- -- e8 4f 51 -- 2b -- -- 2f -- f4 2d -- -- -- 81 -- -- -- 3d -- -- -- -- -- 66 -- c6 -- -- 42 -- -- 4b fb c4 -- b8 -- cf 89 73 b6 d8 79 -- df 1d -- -- -- 80 -- -- bc -- -- -- -- -- -- -- 7e -- -- -- -- 17 -- -- -- d4 -- -- 93 -- fa -- --  7 85 9e ac a2 -- -- -- 56 a9 -- 7d -- -- 5e -- -- -- 3f -- 5a -- -- -- -- -- -- b4 d5 bf -- -- -- -- -- -- 7a fc -- -- -- -- -- -- -- -- -- -- cc -- -- -- 5b af -- -- -- -- 84 d7 -- -- -- -- 96 -- 21 -- 5f -- -- -- a7 23 -- -- 49 8f c5 eb e6 dd bb  e 67 -- f2 -- -- -- 69 2e 3a f1 -- -- -- -- -- 7f 

solutions so far:0 maxDepth:10 
iterations:21456980  skipped: 14 
Depth skipped: 
0 0 14 0 0 0 0 0 0 0 0 0 0 0 0 0 0 0 0 0 0 0 0 0 0 0 0 0 0 0 0 0 

running time: 2400 sec
 depth:7
 0  1  2  3  4  5  6  7  8  9  a  b  c  d  e  f 10 11 12 13 14 15 16 17 18 19 1a 1b 1c 1d 1e 1f 20 21 22 23 24 25 26 27 28 29 2a 2b 2c 2d 2e 2f 30 31 32 33 34 35 36 37 38 39 3a 3b 3c 3d 3e 3f 40 41 42 43 44 45 46 47 48 49 4a 4b 4c 4d 4e 4f 50 51 52 53 54 55 56 57 58 59 5a 5b 5c 5d 5e 5f 60 61 62 63 64 65 66 67 68 69 6a 6b 6c 6d 6e 6f 70 71 72 73 74 75 76 77 78 79 7a 7b 7c 7d 7e 7f 80 81 82 83 84 85 86 87 88 89 8a 8b 8c 8d 8e 8f 90 91 92 93 94 95 96 97 98 99 9a 9b 9c 9d 9e 9f a0 a1 a2 a3 a4 a5 a6 a7 a8 a9 aa ab ac ad ae af b0 b1 b2 b3 b4 b5 b6 b7 b8 b9 ba bb bc bd be bf c0 c1 c2 c3 c4 c5 c6 c7 c8 c9 ca cb cc cd ce cf d0 d1 d2 d3 d4 d5 d6 d7 d8 d9 da db dc dd de df e0 e1 e2 e3 e4 e5 e6 e7 e8 e9 ea eb ec ed ee ef f0 f1 f2 f3 f4 f5 f6 f7 f8 f9 fa fb fc fd fe ff 
 0  1  2 5d  4 c2 ba 28  8 62 53 7c a3 90 50 bb 10 -- c4 -- a6 -- f8 4a 91 -- f7 -- a0 e9 a1 23 20 -- -- -- 5f a8 -- 49 9b ca -- -- 27 -- 94 -- f5 -- -- 33 39 -- -- 5a 97 d5  5 c6 95 -- 46 -- 40 -- -- -- -- -- -- -- be -- 87 -- -- -- 92 4f e1 -- 43 -- -- 2f -- f4 4e -- -- -- ff -- -- -- 3d -- -- -- -- -- 66 -- 72 -- -- dd -- -- b4 a9 f9 -- 7d --  a 89 5b 1f fd 79 -- da 8c -- -- -- 80 -- -- bc -- -- -- -- -- -- -- 7e -- -- -- -- ab -- -- -- d9 -- -- 2a -- a4 -- -- f3 24 9e db 15 -- -- -- 86 12 -- 52 -- -- 5e -- -- -- 3f -- 9c -- -- -- -- -- -- ef 29  9 -- -- -- -- -- -- 7a fc -- -- -- -- -- -- -- -- -- -- cc -- -- -- e4 af -- -- -- -- 6d d7 -- -- -- -- bf -- 85 -- 25 -- -- -- fa 9f -- -- 14 61 c5 eb b6 48 3e 31 2d -- f2 -- -- -- 63 81 cf 54 -- -- -- -- -- 65 

solutions so far:0 maxDepth:10 
iterations:23881962  skipped: 17 
Depth skipped: 
0 0 17 0 0 0 0 0 0 0 0 0 0 0 0 0 0 0 0 0 0 0 0 0 0 0 0 0 0 0 0 0 

running time: 2700 sec
 depth:7
 0  1  2  3  4  5  6  7  8  9  a  b  c  d  e  f 10 11 12 13 14 15 16 17 18 19 1a 1b 1c 1d 1e 1f 20 21 22 23 24 25 26 27 28 29 2a 2b 2c 2d 2e 2f 30 31 32 33 34 35 36 37 38 39 3a 3b 3c 3d 3e 3f 40 41 42 43 44 45 46 47 48 49 4a 4b 4c 4d 4e 4f 50 51 52 53 54 55 56 57 58 59 5a 5b 5c 5d 5e 5f 60 61 62 63 64 65 66 67 68 69 6a 6b 6c 6d 6e 6f 70 71 72 73 74 75 76 77 78 79 7a 7b 7c 7d 7e 7f 80 81 82 83 84 85 86 87 88 89 8a 8b 8c 8d 8e 8f 90 91 92 93 94 95 96 97 98 99 9a 9b 9c 9d 9e 9f a0 a1 a2 a3 a4 a5 a6 a7 a8 a9 aa ab ac ad ae af b0 b1 b2 b3 b4 b5 b6 b7 b8 b9 ba bb bc bd be bf c0 c1 c2 c3 c4 c5 c6 c7 c8 c9 ca cb cc cd ce cf d0 d1 d2 d3 d4 d5 d6 d7 d8 d9 da db dc dd de df e0 e1 e2 e3 e4 e5 e6 e7 e8 e9 ea eb ec ed ee ef f0 f1 f2 f3 f4 f5 f6 f7 f8 f9 fa fb fc fd fe ff 
 0  1  2 5d  4 b7 ba e3  8 dd b9 31 a3 23 11 45 10 -- 6d -- a5 -- 62 59 91 -- 46 -- 22 8d 8a 95 20 -- -- -- da 68 -- b4 9d  b -- -- c4 -- b2 -- f5 -- -- 33 8c -- -- 93 44 b6 cd ac c3 -- fd -- 40 -- -- -- -- -- -- -- 63 -- d0 -- -- -- bf 4f ed -- 16 -- -- 2f -- f4 5f -- -- -- b3 -- -- -- 3d -- -- -- -- -- 66 -- cf -- -- 7f -- -- f1 6a 88 -- bb -- 4d 89 8f 92 51 79 -- 2b 2d -- -- -- 80 -- -- bc -- -- -- -- -- -- -- 7e -- -- -- -- c6 -- -- -- 77 -- -- 1a -- bd -- -- a9 7d 9e 58  d -- -- -- 2c d5 -- b5 -- -- 5e -- -- -- 3f -- be -- -- -- -- -- -- ab b1 81 -- -- -- -- -- -- 7a fc -- -- -- -- -- -- -- -- -- -- cc -- -- -- 49 af -- -- -- -- fe d7 -- -- -- -- 35 -- d4 -- c7 -- -- -- a1 ad -- -- 9a b0 c5 eb c9 fa f3 85 a2 -- f2 -- -- -- 56 5b 5a 34 -- -- -- -- -- ee 

solutions so far:0 maxDepth:10 
iterations:26801214  skipped: 20 
Depth skipped: 
0 0 20 0 0 0 0 0 0 0 0 0 0 0 0 0 0 0 0 0 0 0 0 0 0 0 0 0 0 0 0 0 

running time: 3000 sec
 depth:7
 0  1  2  3  4  5  6  7  8  9  a  b  c  d  e  f 10 11 12 13 14 15 16 17 18 19 1a 1b 1c 1d 1e 1f 20 21 22 23 24 25 26 27 28 29 2a 2b 2c 2d 2e 2f 30 31 32 33 34 35 36 37 38 39 3a 3b 3c 3d 3e 3f 40 41 42 43 44 45 46 47 48 49 4a 4b 4c 4d 4e 4f 50 51 52 53 54 55 56 57 58 59 5a 5b 5c 5d 5e 5f 60 61 62 63 64 65 66 67 68 69 6a 6b 6c 6d 6e 6f 70 71 72 73 74 75 76 77 78 79 7a 7b 7c 7d 7e 7f 80 81 82 83 84 85 86 87 88 89 8a 8b 8c 8d 8e 8f 90 91 92 93 94 95 96 97 98 99 9a 9b 9c 9d 9e 9f a0 a1 a2 a3 a4 a5 a6 a7 a8 a9 aa ab ac ad ae af b0 b1 b2 b3 b4 b5 b6 b7 b8 b9 ba bb bc bd be bf c0 c1 c2 c3 c4 c5 c6 c7 c8 c9 ca cb cc cd ce cf d0 d1 d2 d3 d4 d5 d6 d7 d8 d9 da db dc dd de df e0 e1 e2 e3 e4 e5 e6 e7 e8 e9 ea eb ec ed ee ef f0 f1 f2 f3 f4 f5 f6 f7 f8 f9 fa fb fc fd fe ff 
 0  1  2 5d  4 ae ba ec  8 93 8b da a3 5a  f 2a 10 -- f1 -- c1 -- 63 37 91 -- b4 -- 1e 7b 54 ac 20 -- -- -- 35 ea -- 8a 55 18 -- -- c6 -- 6e -- f5 -- -- 33 bf -- -- 65 3c fe f6 9b a8 -- 8f -- 40 -- -- -- -- -- -- -- 6a --  3 -- -- -- c3 4f aa -- 30 -- -- 2f -- f4 5b -- -- -- dc -- -- -- 3d -- -- -- -- -- 66 -- a9 -- -- 61 -- -- ca 86 78 -- 2b -- 3b 89 e1 dd 87 79 -- 53 c9 -- -- -- 80 -- -- bc -- -- -- -- -- -- -- 7e -- -- -- -- d4 -- -- --  6 -- -- d1 -- 6b -- -- 51 fd 9e c0 83 -- -- -- 60 95 -- de -- -- 5e -- -- -- 3f -- b6 -- -- -- -- -- -- bb 6f a1 -- -- -- -- -- -- 7a fc -- -- -- -- -- -- -- -- -- -- cc -- -- -- 85 af -- -- -- -- c2 d7 -- -- -- -- 43 -- db -- f0 -- -- -- 56 d6 -- -- 76 57 c5 eb 15 2d 6d a2 d9 -- f2 -- -- -- a6 7f 45 75 -- -- -- -- --  c 

solutions so far:0 maxDepth:10 
iterations:29577988  skipped: 23 
Depth skipped: 
0 0 23 0 0 0 0 0 0 0 0 0 0 0 0 0 0 0 0 0 0 0 0 0 0 0 0 0 0 0 0 0 

running time: 3300 sec
 depth:7
 0  1  2  3  4  5  6  7  8  9  a  b  c  d  e  f 10 11 12 13 14 15 16 17 18 19 1a 1b 1c 1d 1e 1f 20 21 22 23 24 25 26 27 28 29 2a 2b 2c 2d 2e 2f 30 31 32 33 34 35 36 37 38 39 3a 3b 3c 3d 3e 3f 40 41 42 43 44 45 46 47 48 49 4a 4b 4c 4d 4e 4f 50 51 52 53 54 55 56 57 58 59 5a 5b 5c 5d 5e 5f 60 61 62 63 64 65 66 67 68 69 6a 6b 6c 6d 6e 6f 70 71 72 73 74 75 76 77 78 79 7a 7b 7c 7d 7e 7f 80 81 82 83 84 85 86 87 88 89 8a 8b 8c 8d 8e 8f 90 91 92 93 94 95 96 97 98 99 9a 9b 9c 9d 9e 9f a0 a1 a2 a3 a4 a5 a6 a7 a8 a9 aa ab ac ad ae af b0 b1 b2 b3 b4 b5 b6 b7 b8 b9 ba bb bc bd be bf c0 c1 c2 c3 c4 c5 c6 c7 c8 c9 ca cb cc cd ce cf d0 d1 d2 d3 d4 d5 d6 d7 d8 d9 da db dc dd de df e0 e1 e2 e3 e4 e5 e6 e7 e8 e9 ea eb ec ed ee ef f0 f1 f2 f3 f4 f5 f6 f7 f8 f9 fa fb fc fd fe ff 
 0  1  2 5d  4 a9 ba e0  8  5 85 69 a3 4b 17 9b 10 --  a -- dd -- d2 99 91 -- 96 -- 2e  e e1 4a 20 -- -- -- 14 b6 -- 52 6d fd -- -- 73 -- e5 -- f5 -- -- 33 fb -- -- a8 5c 97 1c c2 15 -- 94 -- 40 -- -- -- -- -- -- -- 28 -- bb -- -- -- a4 4f da -- 2d -- -- 2f -- f4 e6 -- -- -- 1d -- -- -- 3d -- -- -- -- -- 66 -- 21 -- -- 43 -- -- 87 65 b8 -- f9 -- 38 89 53 84 2a 79 -- db ff -- -- -- 80 -- -- bc -- -- -- -- -- -- -- 7e -- -- -- -- 50 -- -- -- a1 -- -- c6 -- e8 -- -- 9f 67 9e b4 63 -- -- -- 5a d8 -- 74 -- -- 5e -- -- -- 3f -- 1b -- -- -- -- -- -- 36 3a 6c -- -- -- -- -- -- 7a fc -- -- -- -- -- -- -- -- -- -- cc -- -- -- 42 af -- -- -- -- 86 d7 -- -- -- -- d9 -- ca -- a7 -- -- -- 25  7 -- -- 70 bf c5 eb a6 ce df e9 54 -- f2 -- -- -- 61 a0 29 5b -- -- -- -- -- 95 

solutions so far:0 maxDepth:10 
iterations:31860643  skipped: 24 
Depth skipped: 
0 0 24 0 0 0 0 0 0 0 0 0 0 0 0 0 0 0 0 0 0 0 0 0 0 0 0 0 0 0 0 0 

running time: 3600 sec
 depth:7
 0  1  2  3  4  5  6  7  8  9  a  b  c  d  e  f 10 11 12 13 14 15 16 17 18 19 1a 1b 1c 1d 1e 1f 20 21 22 23 24 25 26 27 28 29 2a 2b 2c 2d 2e 2f 30 31 32 33 34 35 36 37 38 39 3a 3b 3c 3d 3e 3f 40 41 42 43 44 45 46 47 48 49 4a 4b 4c 4d 4e 4f 50 51 52 53 54 55 56 57 58 59 5a 5b 5c 5d 5e 5f 60 61 62 63 64 65 66 67 68 69 6a 6b 6c 6d 6e 6f 70 71 72 73 74 75 76 77 78 79 7a 7b 7c 7d 7e 7f 80 81 82 83 84 85 86 87 88 89 8a 8b 8c 8d 8e 8f 90 91 92 93 94 95 96 97 98 99 9a 9b 9c 9d 9e 9f a0 a1 a2 a3 a4 a5 a6 a7 a8 a9 aa ab ac ad ae af b0 b1 b2 b3 b4 b5 b6 b7 b8 b9 ba bb bc bd be bf c0 c1 c2 c3 c4 c5 c6 c7 c8 c9 ca cb cc cd ce cf d0 d1 d2 d3 d4 d5 d6 d7 d8 d9 da db dc dd de df e0 e1 e2 e3 e4 e5 e6 e7 e8 e9 ea eb ec ed ee ef f0 f1 f2 f3 f4 f5 f6 f7 f8 f9 fa fb fc fd fe ff 
 0  1  2 5d  4 a2 ba 53  8 22 93 dd a3 fd a6 a4 10 -- 44 -- f1 -- 6d 54 91 -- 2d -- 9b 86 9f bd 20 -- -- -- 88 2b -- 4d 35 c9 -- -- da -- a8 -- f5 -- -- 33 5a -- -- 14 e1 b3 db ff e9 -- ad -- 40 -- -- -- -- -- -- -- c7 -- 56 -- -- -- 9a 4f 6a -- 45 -- -- 2f -- f4 63 -- -- -- 87 -- -- -- 3d -- -- -- -- -- 66 -- b4 -- -- f9 -- -- 28 a0 15 -- b1 -- 61 89 29 a9  5 79 -- 4a 8d -- -- -- 80 -- -- bc -- -- -- -- -- -- -- 7e -- -- -- -- 59 -- -- -- ac -- -- 7f -- ca -- -- e3 a1 9e c3 d4 -- -- -- 8a bb -- 65 -- -- 5e -- -- -- 3f -- c6 -- -- -- -- -- -- 5b d9 b6 -- -- -- -- -- -- 7a fc -- -- -- -- -- -- -- -- -- -- cc -- -- -- bf af -- -- -- -- 25 d7 -- -- -- -- 50 -- 97 -- 2a -- -- -- b5 43 -- -- c2 51 c5 eb 52 95 85 11  a -- f2 -- -- -- 94 b2 cd fe -- -- -- -- -- 8f 

solutions so far:0 maxDepth:10 
iterations:33702176  skipped: 26 
Depth skipped: 
0 0 26 0 0 0 0 0 0 0 0 0 0 0 0 0 0 0 0 0 0 0 0 0 0 0 0 0 0 0 0 0 

running time: 3900 sec
 depth:7
 0  1  2  3  4  5  6  7  8  9  a  b  c  d  e  f 10 11 12 13 14 15 16 17 18 19 1a 1b 1c 1d 1e 1f 20 21 22 23 24 25 26 27 28 29 2a 2b 2c 2d 2e 2f 30 31 32 33 34 35 36 37 38 39 3a 3b 3c 3d 3e 3f 40 41 42 43 44 45 46 47 48 49 4a 4b 4c 4d 4e 4f 50 51 52 53 54 55 56 57 58 59 5a 5b 5c 5d 5e 5f 60 61 62 63 64 65 66 67 68 69 6a 6b 6c 6d 6e 6f 70 71 72 73 74 75 76 77 78 79 7a 7b 7c 7d 7e 7f 80 81 82 83 84 85 86 87 88 89 8a 8b 8c 8d 8e 8f 90 91 92 93 94 95 96 97 98 99 9a 9b 9c 9d 9e 9f a0 a1 a2 a3 a4 a5 a6 a7 a8 a9 aa ab ac ad ae af b0 b1 b2 b3 b4 b5 b6 b7 b8 b9 ba bb bc bd be bf c0 c1 c2 c3 c4 c5 c6 c7 c8 c9 ca cb cc cd ce cf d0 d1 d2 d3 d4 d5 d6 d7 d8 d9 da db dc dd de df e0 e1 e2 e3 e4 e5 e6 e7 e8 e9 ea eb ec ed ee ef f0 f1 f2 f3 f4 f5 f6 f7 f8 f9 fa fb fc fd fe ff 
 0  1  2 5d  4 99 ba 95  8 47 e5 5f a3 cf fd 9b 10 -- 8e -- 1d -- be a9 91 -- 49 -- 2d 5b e1 26 20 -- -- -- cb 1c -- 19 3a 17 -- -- ab -- 85 -- f5 -- -- 33 92 -- -- a8 5a 71 b6 c2 15 -- 4c -- 40 -- -- -- -- -- -- -- 41 -- 38 -- -- -- 32 4f 74 -- 2e -- -- 2f -- f4 81 -- -- -- dd -- -- -- 3d -- -- -- -- -- 66 -- f3 -- -- 43 -- -- 87 65 b4 -- e2 -- bb 89 53 62 2a 79 -- db 98 -- -- -- 80 -- -- bc -- -- -- -- -- -- -- 7e -- -- -- -- 82 -- -- -- 70 -- --  7 -- 63 -- -- 64 46 9e b8 e8 -- -- -- 5c 23 -- da -- -- 5e -- -- -- 3f -- d5 -- -- -- -- -- -- 7d 6d fa -- -- -- -- -- -- 7a fc -- -- -- -- -- -- -- -- -- -- cc -- -- -- 31 af -- -- -- -- 86 d7 -- -- -- -- d9 -- ca -- bf -- -- -- 13 c6 -- -- a1 a7 c5 eb a6 8c c4 c8 54 -- f2 -- -- -- 61 d3 e7  e -- -- -- -- -- e0 

solutions so far:0 maxDepth:10 
iterations:36915635  skipped: 27 
Depth skipped: 
0 0 27 0 0 0 0 0 0 0 0 0 0 0 0 0 0 0 0 0 0 0 0 0 0 0 0 0 0 0 0 0 

running time: 4200 sec
 depth:7
 0  1  2  3  4  5  6  7  8  9  a  b  c  d  e  f 10 11 12 13 14 15 16 17 18 19 1a 1b 1c 1d 1e 1f 20 21 22 23 24 25 26 27 28 29 2a 2b 2c 2d 2e 2f 30 31 32 33 34 35 36 37 38 39 3a 3b 3c 3d 3e 3f 40 41 42 43 44 45 46 47 48 49 4a 4b 4c 4d 4e 4f 50 51 52 53 54 55 56 57 58 59 5a 5b 5c 5d 5e 5f 60 61 62 63 64 65 66 67 68 69 6a 6b 6c 6d 6e 6f 70 71 72 73 74 75 76 77 78 79 7a 7b 7c 7d 7e 7f 80 81 82 83 84 85 86 87 88 89 8a 8b 8c 8d 8e 8f 90 91 92 93 94 95 96 97 98 99 9a 9b 9c 9d 9e 9f a0 a1 a2 a3 a4 a5 a6 a7 a8 a9 aa ab ac ad ae af b0 b1 b2 b3 b4 b5 b6 b7 b8 b9 ba bb bc bd be bf c0 c1 c2 c3 c4 c5 c6 c7 c8 c9 ca cb cc cd ce cf d0 d1 d2 d3 d4 d5 d6 d7 d8 d9 da db dc dd de df e0 e1 e2 e3 e4 e5 e6 e7 e8 e9 ea eb ec ed ee ef f0 f1 f2 f3 f4 f5 f6 f7 f8 f9 fa fb fc fd fe ff 
 0  1  2 5d  4 8e ba d0  8 c4 cb 75 a3 ae 77 6e 10 -- 5f -- 41 -- ea 58 91 -- 8b -- ee  d dc 46 20 -- -- -- be 26 -- 92 82 19 -- --  3 -- b0 -- f5 -- -- 33 c1 -- -- d6  b 7d 1a 78 6f -- 8c -- 40 -- -- -- -- -- -- -- ab -- 4c -- -- -- f3 4f d3 -- 32 -- -- 2f -- f4  6 -- -- -- b7 -- -- -- 3d -- -- -- -- -- 66 -- 55 -- -- ec -- -- 7b 3b 16 -- fa -- 34 89 f0 83 de 79 -- 1e cf -- -- -- 80 -- -- bc -- -- -- -- -- -- -- 7e -- -- -- -- 81 -- -- -- 98 -- -- e2 -- 9d -- -- 31 c0 9e c8 71 -- -- -- 64 60 -- a5 -- -- 5e -- -- -- 3f --  c -- -- -- -- -- -- 18 b9 30 -- -- -- -- -- -- 7a fc -- -- -- -- -- -- -- -- -- -- cc -- -- -- aa af -- -- -- --  f d7 -- -- -- -- f6 -- 76 -- 2c -- -- -- 23 ed -- -- 68 47 c5 eb 37 57 d1 62 6b -- f2 -- -- -- 3c d5 49 13 -- -- -- -- -- e7 

solutions so far:0 maxDepth:10 
iterations:40132075  skipped: 29 
Depth skipped: 
0 0 29 0 0 0 0 0 0 0 0 0 0 0 0 0 0 0 0 0 0 0 0 0 0 0 0 0 0 0 0 0 

running time: 4500 sec
 depth:6
 0  1  2  3  4  5  6  7  8  9  a  b  c  d  e  f 10 11 12 13 14 15 16 17 18 19 1a 1b 1c 1d 1e 1f 20 21 22 23 24 25 26 27 28 29 2a 2b 2c 2d 2e 2f 30 31 32 33 34 35 36 37 38 39 3a 3b 3c 3d 3e 3f 40 41 42 43 44 45 46 47 48 49 4a 4b 4c 4d 4e 4f 50 51 52 53 54 55 56 57 58 59 5a 5b 5c 5d 5e 5f 60 61 62 63 64 65 66 67 68 69 6a 6b 6c 6d 6e 6f 70 71 72 73 74 75 76 77 78 79 7a 7b 7c 7d 7e 7f 80 81 82 83 84 85 86 87 88 89 8a 8b 8c 8d 8e 8f 90 91 92 93 94 95 96 97 98 99 9a 9b 9c 9d 9e 9f a0 a1 a2 a3 a4 a5 a6 a7 a8 a9 aa ab ac ad ae af b0 b1 b2 b3 b4 b5 b6 b7 b8 b9 ba bb bc bd be bf c0 c1 c2 c3 c4 c5 c6 c7 c8 c9 ca cb cc cd ce cf d0 d1 d2 d3 d4 d5 d6 d7 d8 d9 da db dc dd de df e0 e1 e2 e3 e4 e5 e6 e7 e8 e9 ea eb ec ed ee ef f0 f1 f2 f3 f4 f5 f6 f7 f8 f9 fa fb fc fd fe ff 
 0  1  2 5d  4 85 ba 45  8 b8 dd ae a3  6 8a -- 10 -- a7 -- 6d -- 8b f1 91 --  c -- c3 56 --  e 20 -- -- -- 99 bb -- e0 da 2d -- -- c1 -- 35 -- f5 -- -- 33 18 -- -- -- 51 74 ac -- -- -- 1c -- 40 -- -- -- -- -- -- -- e5 -- a1 -- -- -- 17 4f 63 -- 5a -- -- 2f -- f4 55 -- -- -- 6a -- -- -- 3d -- -- -- -- -- 66 -- 30 -- -- -- -- -- -- -- a2 -- e8 -- 8f 89 -- c0 -- 79 -- -- 38 -- -- -- 80 -- -- bc -- -- -- -- -- -- -- 7e -- -- -- -- 1d -- -- -- 95 -- -- 5b -- fe -- -- 2e ea 9e bf c6 -- -- -- b4 75 -- 7f -- -- 5e -- -- -- 3f -- aa -- -- -- -- -- -- 83 d4 d1 -- -- -- -- -- -- 7a fc -- -- -- -- -- -- -- -- -- -- cc -- -- -- 60 af -- -- -- -- -- d7 -- -- -- -- -- -- -- -- 93 -- -- --  7 2b -- -- c9 a9 c5 eb --  3 57 5c -- -- f2 -- -- -- -- 3a 70 b6 -- -- -- -- -- fd 

solutions so far:0 maxDepth:10 
iterations:43341557  skipped: 31 
Depth skipped: 
0 0 31 0 0 0 0 0 0 0 0 0 0 0 0 0 0 0 0 0 0 0 0 0 0 0 0 0 0 0 0 0 

running time: 4800 sec
 depth:7
 0  1  2  3  4  5  6  7  8  9  a  b  c  d  e  f 10 11 12 13 14 15 16 17 18 19 1a 1b 1c 1d 1e 1f 20 21 22 23 24 25 26 27 28 29 2a 2b 2c 2d 2e 2f 30 31 32 33 34 35 36 37 38 39 3a 3b 3c 3d 3e 3f 40 41 42 43 44 45 46 47 48 49 4a 4b 4c 4d 4e 4f 50 51 52 53 54 55 56 57 58 59 5a 5b 5c 5d 5e 5f 60 61 62 63 64 65 66 67 68 69 6a 6b 6c 6d 6e 6f 70 71 72 73 74 75 76 77 78 79 7a 7b 7c 7d 7e 7f 80 81 82 83 84 85 86 87 88 89 8a 8b 8c 8d 8e 8f 90 91 92 93 94 95 96 97 98 99 9a 9b 9c 9d 9e 9f a0 a1 a2 a3 a4 a5 a6 a7 a8 a9 aa ab ac ad ae af b0 b1 b2 b3 b4 b5 b6 b7 b8 b9 ba bb bc bd be bf c0 c1 c2 c3 c4 c5 c6 c7 c8 c9 ca cb cc cd ce cf d0 d1 d2 d3 d4 d5 d6 d7 d8 d9 da db dc dd de df e0 e1 e2 e3 e4 e5 e6 e7 e8 e9 ea eb ec ed ee ef f0 f1 f2 f3 f4 f5 f6 f7 f8 f9 fa fb fc fd fe ff 
 0  1  2 5d  4 74 ba c4  8 67 e8 d3 a3 64 5f  b 10 -- ce --  7 -- 71 7d 91 -- c8 -- be 92 16 69 20 -- -- -- 4b 17 -- 1b  e a7 -- -- e2 -- fa -- f5 -- -- 33 47 -- -- b7 ab 42 f3 d0 2c -- d2 -- 40 -- -- -- -- -- -- -- 96 -- 2e -- -- -- 36 4f 1c -- 99 -- -- 2f -- f4 13 -- -- -- 23 -- -- -- 3d -- -- -- -- -- 66 -- 8e -- --  d -- -- b9 9d 81 -- 84 -- 31 89 77 41 58 79 -- 34 73 -- -- -- 80 -- -- bc -- -- -- -- -- -- -- 7e -- -- -- -- fb -- -- -- 5c -- -- 70 -- cf -- -- 6c 19 9e 1d 38 -- -- -- e5 e7 -- 8c -- -- 5e -- -- -- 3f -- 26 -- -- -- -- -- -- 4c 46 98 -- -- -- -- -- -- 7a fc -- -- -- -- -- -- -- -- -- -- cc -- -- -- cb af -- -- -- -- 1a d7 -- -- -- -- a5 -- ed -- d5 -- -- -- df 49 -- -- 62 3a c5 eb ee 32 82 d8 b0 -- f2 -- -- -- 68 21 e6 e0 -- -- -- -- -- b8 

solutions so far:0 maxDepth:10 
iterations:47235610  skipped: 35 
Depth skipped: 
0 0 35 0 0 0 0 0 0 0 0 0 0 0 0 0 0 0 0 0 0 0 0 0 0 0 0 0 0 0 0 0 

running time: 5100 sec
 depth:7
 0  1  2  3  4  5  6  7  8  9  a  b  c  d  e  f 10 11 12 13 14 15 16 17 18 19 1a 1b 1c 1d 1e 1f 20 21 22 23 24 25 26 27 28 29 2a 2b 2c 2d 2e 2f 30 31 32 33 34 35 36 37 38 39 3a 3b 3c 3d 3e 3f 40 41 42 43 44 45 46 47 48 49 4a 4b 4c 4d 4e 4f 50 51 52 53 54 55 56 57 58 59 5a 5b 5c 5d 5e 5f 60 61 62 63 64 65 66 67 68 69 6a 6b 6c 6d 6e 6f 70 71 72 73 74 75 76 77 78 79 7a 7b 7c 7d 7e 7f 80 81 82 83 84 85 86 87 88 89 8a 8b 8c 8d 8e 8f 90 91 92 93 94 95 96 97 98 99 9a 9b 9c 9d 9e 9f a0 a1 a2 a3 a4 a5 a6 a7 a8 a9 aa ab ac ad ae af b0 b1 b2 b3 b4 b5 b6 b7 b8 b9 ba bb bc bd be bf c0 c1 c2 c3 c4 c5 c6 c7 c8 c9 ca cb cc cd ce cf d0 d1 d2 d3 d4 d5 d6 d7 d8 d9 da db dc dd de df e0 e1 e2 e3 e4 e5 e6 e7 e8 e9 ea eb ec ed ee ef f0 f1 f2 f3 f4 f5 f6 f7 f8 f9 fa fb fc fd fe ff 
 0  1  2 5d  4 6a ba f0  8 cb d4 2a a3 61 37 8d 10 -- 41 -- 7f -- 54 6b 91 -- c2 -- 6e  f cd 98 20 -- -- -- 82 c9 -- 64 fe 51 -- -- a8 -- d6 -- f5 -- -- 33 53 -- -- 11 dc 13 1e b5 4d -- e7 -- 40 -- -- -- -- -- -- -- d3 -- 45 -- -- -- c8 4f 2b -- a2 -- -- 2f -- f4 87 -- -- -- 7b -- -- -- 3d -- -- -- -- -- 66 -- a6 -- -- 59 -- -- 22 88 6f -- 26 -- 3c 89 bd e1 9a 79 -- b3 19 -- -- -- 80 -- -- bc -- -- -- -- -- -- -- 7e -- -- -- -- 71 -- -- -- 8a -- -- ac -- 76 -- -- 47 86 9e f1 56 -- -- -- 93 43 -- 3b -- -- 5e -- -- -- 3f -- d9 -- -- -- -- -- -- 65 f6 ca -- -- -- -- -- -- 7a fc -- -- -- -- -- -- -- -- -- -- cc -- -- -- 9b af -- -- -- -- b2 d7 -- -- -- -- 44 -- c7 -- de -- -- -- 4c ec -- -- 78 35 c5 eb ad db 15 8e e3 -- f2 -- -- -- b1 e2 32 8f -- -- -- -- -- c3 

solutions so far:0 maxDepth:10 
iterations:51181142  skipped: 38 
Depth skipped: 
0 0 38 0 0 0 0 0 0 0 0 0 0 0 0 0 0 0 0 0 0 0 0 0 0 0 0 0 0 0 0 0 

running time: 5400 sec
 depth:7
 0  1  2  3  4  5  6  7  8  9  a  b  c  d  e  f 10 11 12 13 14 15 16 17 18 19 1a 1b 1c 1d 1e 1f 20 21 22 23 24 25 26 27 28 29 2a 2b 2c 2d 2e 2f 30 31 32 33 34 35 36 37 38 39 3a 3b 3c 3d 3e 3f 40 41 42 43 44 45 46 47 48 49 4a 4b 4c 4d 4e 4f 50 51 52 53 54 55 56 57 58 59 5a 5b 5c 5d 5e 5f 60 61 62 63 64 65 66 67 68 69 6a 6b 6c 6d 6e 6f 70 71 72 73 74 75 76 77 78 79 7a 7b 7c 7d 7e 7f 80 81 82 83 84 85 86 87 88 89 8a 8b 8c 8d 8e 8f 90 91 92 93 94 95 96 97 98 99 9a 9b 9c 9d 9e 9f a0 a1 a2 a3 a4 a5 a6 a7 a8 a9 aa ab ac ad ae af b0 b1 b2 b3 b4 b5 b6 b7 b8 b9 ba bb bc bd be bf c0 c1 c2 c3 c4 c5 c6 c7 c8 c9 ca cb cc cd ce cf d0 d1 d2 d3 d4 d5 d6 d7 d8 d9 da db dc dd de df e0 e1 e2 e3 e4 e5 e6 e7 e8 e9 ea eb ec ed ee ef f0 f1 f2 f3 f4 f5 f6 f7 f8 f9 fa fb fc fd fe ff 
 0  1  2 5d  4 5f ba d2  8 97 be a9 a3 a1 73 77 10 -- f9 -- ab -- 85 d8 91 -- 95 -- e6 42 ee 9f 20 -- -- -- 25 46 -- 14 81 92 -- -- dd -- 67 -- f5 -- -- 33 fd -- -- 58 1b 29 84 34  b -- e9 -- 40 -- -- -- -- -- -- -- 4a -- 8c -- -- -- 28 4f d5 -- f3 -- -- 2f -- f4 6d -- -- -- ce -- -- -- 3d -- -- -- -- -- 66 -- 2d -- -- 9d -- -- b0 b9 36 -- 52 -- df 89 68 b4 16 79 --  d  5 -- -- -- 80 -- -- bc -- -- -- -- -- -- -- 7e -- -- -- -- 94 -- -- -- cf -- -- fa -- fb -- -- 50 b6 9e 62 7d -- -- -- 31 5b -- 96 -- -- 5e -- -- -- 3f -- da -- -- -- -- -- -- 63 4b c6 -- -- -- -- -- -- 7a fc -- -- -- -- -- -- -- -- -- -- cc -- -- -- 5a af -- -- -- -- ed d7 -- -- -- -- b7 -- a5 -- 6c -- -- -- a4 21 -- -- 69 c4 c5 eb d0 bb bf a0 2c -- f2 -- -- -- 1a ff  a 23 -- -- -- -- -- 49 

solutions so far:0 maxDepth:10 
iterations:54851741  skipped: 41 
Depth skipped: 
0 0 41 0 0 0 0 0 0 0 0 0 0 0 0 0 0 0 0 0 0 0 0 0 0 0 0 0 0 0 0 0 

running time: 5700 sec
 depth:7
 0  1  2  3  4  5  6  7  8  9  a  b  c  d  e  f 10 11 12 13 14 15 16 17 18 19 1a 1b 1c 1d 1e 1f 20 21 22 23 24 25 26 27 28 29 2a 2b 2c 2d 2e 2f 30 31 32 33 34 35 36 37 38 39 3a 3b 3c 3d 3e 3f 40 41 42 43 44 45 46 47 48 49 4a 4b 4c 4d 4e 4f 50 51 52 53 54 55 56 57 58 59 5a 5b 5c 5d 5e 5f 60 61 62 63 64 65 66 67 68 69 6a 6b 6c 6d 6e 6f 70 71 72 73 74 75 76 77 78 79 7a 7b 7c 7d 7e 7f 80 81 82 83 84 85 86 87 88 89 8a 8b 8c 8d 8e 8f 90 91 92 93 94 95 96 97 98 99 9a 9b 9c 9d 9e 9f a0 a1 a2 a3 a4 a5 a6 a7 a8 a9 aa ab ac ad ae af b0 b1 b2 b3 b4 b5 b6 b7 b8 b9 ba bb bc bd be bf c0 c1 c2 c3 c4 c5 c6 c7 c8 c9 ca cb cc cd ce cf d0 d1 d2 d3 d4 d5 d6 d7 d8 d9 da db dc dd de df e0 e1 e2 e3 e4 e5 e6 e7 e8 e9 ea eb ec ed ee ef f0 f1 f2 f3 f4 f5 f6 f7 f8 f9 fa fb fc fd fe ff 
 0  1  2 5d  4 54 ba f0  8 11 a8 62 a3 46 37 bb 10 -- 22 -- 87 -- c4 6b 91 -- 8c -- 6e  f a1 b5 20 -- -- -- 44 db -- cd d9 a6 -- -- 5f -- d6 -- f5 -- -- 33 cf -- -- 5a dc b2 1e c6 95 -- bd -- 40 -- -- -- -- -- -- -- 88 -- 61 -- -- -- 4d 4f 65 -- 9b -- -- 2f -- f4 be -- -- -- 7b -- -- -- 3d -- -- -- -- -- 66 -- 49 -- -- dd -- -- b4 a9 6f -- b3 -- 3c 89 5b f3 fd 79 -- da ad -- -- -- 80 -- -- bc -- -- -- -- -- -- -- 7e -- -- -- -- c7 -- -- -- c2 -- -- 43 -- 76 -- -- 9a fa 9e 15 ca -- -- -- e1 7d -- 3b -- -- 5e -- -- -- 3f -- ab -- -- -- -- -- -- 81 f6 d5 -- -- -- -- -- -- 7a fc -- -- -- -- -- -- -- -- -- -- cc -- -- -- 92 af -- -- -- -- 6d d7 -- -- -- -- bf -- 85 -- de -- -- -- b1 ec -- -- 78 2a c5 eb b6 23 31 e3 2d -- f2 -- -- -- 63 59 8d 86 -- -- -- -- -- 53 

solutions so far:0 maxDepth:10 
iterations:58977003  skipped: 43 
Depth skipped: 
0 0 43 0 0 0 0 0 0 0 0 0 0 0 0 0 0 0 0 0 0 0 0 0 0 0 0 0 0 0 0 0 

running time: 6000 sec
 depth:8
 0  1  2  3  4  5  6  7  8  9  a  b  c  d  e  f 10 11 12 13 14 15 16 17 18 19 1a 1b 1c 1d 1e 1f 20 21 22 23 24 25 26 27 28 29 2a 2b 2c 2d 2e 2f 30 31 32 33 34 35 36 37 38 39 3a 3b 3c 3d 3e 3f 40 41 42 43 44 45 46 47 48 49 4a 4b 4c 4d 4e 4f 50 51 52 53 54 55 56 57 58 59 5a 5b 5c 5d 5e 5f 60 61 62 63 64 65 66 67 68 69 6a 6b 6c 6d 6e 6f 70 71 72 73 74 75 76 77 78 79 7a 7b 7c 7d 7e 7f 80 81 82 83 84 85 86 87 88 89 8a 8b 8c 8d 8e 8f 90 91 92 93 94 95 96 97 98 99 9a 9b 9c 9d 9e 9f a0 a1 a2 a3 a4 a5 a6 a7 a8 a9 aa ab ac ad ae af b0 b1 b2 b3 b4 b5 b6 b7 b8 b9 ba bb bc bd be bf c0 c1 c2 c3 c4 c5 c6 c7 c8 c9 ca cb cc cd ce cf d0 d1 d2 d3 d4 d5 d6 d7 d8 d9 da db dc dd de df e0 e1 e2 e3 e4 e5 e6 e7 e8 e9 ea eb ec ed ee ef f0 f1 f2 f3 f4 f5 f6 f7 f8 f9 fa fb fc fd fe ff 
 0  1  2 5d  4 4c ba be  8 bf 98  f a3 6b ab ac 10 e1 a9 -- e7 -- 1e 23 91 -- d6 -- 81 31 8f b6 20 -- 15 -- 85 8e -- fd 19 d3 -- -- 3c -- 46 -- f5 -- -- 33 7b -- -- c3 d5 63 62 fe c9 -- bb -- 40 -- -- -- 2a -- -- -- dd -- cb -- -- 53 2d 4f 32 -- 71 -- -- 2f -- f4 78 87 -- -- 8c -- -- -- 3d -- -- -- -- -- 66 -- f6 -- -- 35 -- -- 51 93 7d -- c6 -- c4 89 2b 76 45 79 -- d4 a1 -- -- -- 80 -- -- bc -- -- -- -- 54 -- -- 7e -- 61 -- -- 6d -- -- -- 41 -- -- c8 -- 92 a6 -- 5a 6f 9e 13 64 -- -- -- e2 dc -- 49 -- -- 5e -- -- db 3f -- f0 ca d9 65 -- 43 -- 37 cf 6e -- -- -- 86 -- -- 7a fc -- -- -- -- -- a8 -- -- -- -- cc c2 -- -- 3b af -- -- -- -- 6a d7 -- -- -- -- a2 -- f1 -- fa -- -- 9b 5b f3 -- -- 5f 26 c5 eb 56 de ec b4 8a -- f2 -- -- -- 7f da 95 47 -- -- -- -- -- 82 

solutions so far:0 maxDepth:10 
iterations:62603074  skipped: 45 
Depth skipped: 
0 0 45 0 0 0 0 0 0 0 0 0 0 0 0 0 0 0 0 0 0 0 0 0 0 0 0 0 0 0 0 0 

running time: 6300 sec
 depth:7
 0  1  2  3  4  5  6  7  8  9  a  b  c  d  e  f 10 11 12 13 14 15 16 17 18 19 1a 1b 1c 1d 1e 1f 20 21 22 23 24 25 26 27 28 29 2a 2b 2c 2d 2e 2f 30 31 32 33 34 35 36 37 38 39 3a 3b 3c 3d 3e 3f 40 41 42 43 44 45 46 47 48 49 4a 4b 4c 4d 4e 4f 50 51 52 53 54 55 56 57 58 59 5a 5b 5c 5d 5e 5f 60 61 62 63 64 65 66 67 68 69 6a 6b 6c 6d 6e 6f 70 71 72 73 74 75 76 77 78 79 7a 7b 7c 7d 7e 7f 80 81 82 83 84 85 86 87 88 89 8a 8b 8c 8d 8e 8f 90 91 92 93 94 95 96 97 98 99 9a 9b 9c 9d 9e 9f a0 a1 a2 a3 a4 a5 a6 a7 a8 a9 aa ab ac ad ae af b0 b1 b2 b3 b4 b5 b6 b7 b8 b9 ba bb bc bd be bf c0 c1 c2 c3 c4 c5 c6 c7 c8 c9 ca cb cc cd ce cf d0 d1 d2 d3 d4 d5 d6 d7 d8 d9 da db dc dd de df e0 e1 e2 e3 e4 e5 e6 e7 e8 e9 ea eb ec ed ee ef f0 f1 f2 f3 f4 f5 f6 f7 f8 f9 fa fb fc fd fe ff 
 0  1  2 5d  4 42 ba 8d  8 5c 84 60 a3 75 cd 94 10 -- b8 -- df -- c0 22 91 -- ea -- 4d b1 ff  7 20 -- -- -- a7 36 -- 70 69 ce -- -- 57 -- 44 -- f5 -- -- 33  3 -- -- 9f 9a 3a b5 f9 29 --  e -- 40 -- -- -- -- -- -- -- 99 -- 6c -- -- -- e0 4f d2 -- 4b -- -- 2f -- f4 ae -- -- -- 88 -- -- -- 3d -- -- -- -- -- 66 --  6 -- -- 28 -- -- e9  a e3 -- 74 -- bd 89 25 18 52 79 -- a0 1c -- -- -- 80 -- -- bc -- -- -- -- -- -- -- 7e -- -- -- -- e5 -- -- -- d8 -- -- e6 -- b2 -- -- 17 83 9e fb 73 -- -- -- 96 aa -- 59 -- -- 5e -- -- -- 3f -- 8b -- -- -- -- -- -- c1 c7 55 -- -- -- -- -- -- 7a fc -- -- -- -- -- -- -- -- -- -- cc -- -- --  c af -- -- -- -- 50 d7 -- -- -- --  5 -- 14 -- 11 -- -- -- e8 b3 -- -- ad 21 c5 eb 4a d1 30 2e a4 -- f2 -- -- -- 97 1d 38 1b -- -- -- -- -- 67 

solutions so far:0 maxDepth:10 
iterations:67071915  skipped: 48 
Depth skipped: 
0 0 48 0 0 0 0 0 0 0 0 0 0 0 0 0 0 0 0 0 0 0 0 0 0 0 0 0 0 0 0 0 

running time: 6600 sec
 depth:8
 0  1  2  3  4  5  6  7  8  9  a  b  c  d  e  f 10 11 12 13 14 15 16 17 18 19 1a 1b 1c 1d 1e 1f 20 21 22 23 24 25 26 27 28 29 2a 2b 2c 2d 2e 2f 30 31 32 33 34 35 36 37 38 39 3a 3b 3c 3d 3e 3f 40 41 42 43 44 45 46 47 48 49 4a 4b 4c 4d 4e 4f 50 51 52 53 54 55 56 57 58 59 5a 5b 5c 5d 5e 5f 60 61 62 63 64 65 66 67 68 69 6a 6b 6c 6d 6e 6f 70 71 72 73 74 75 76 77 78 79 7a 7b 7c 7d 7e 7f 80 81 82 83 84 85 86 87 88 89 8a 8b 8c 8d 8e 8f 90 91 92 93 94 95 96 97 98 99 9a 9b 9c 9d 9e 9f a0 a1 a2 a3 a4 a5 a6 a7 a8 a9 aa ab ac ad ae af b0 b1 b2 b3 b4 b5 b6 b7 b8 b9 ba bb bc bd be bf c0 c1 c2 c3 c4 c5 c6 c7 c8 c9 ca cb cc cd ce cf d0 d1 d2 d3 d4 d5 d6 d7 d8 d9 da db dc dd de df e0 e1 e2 e3 e4 e5 e6 e7 e8 e9 ea eb ec ed ee ef f0 f1 f2 f3 f4 f5 f6 f7 f8 f9 fa fb fc fd fe ff 
 0  1  2 5d  4 2e ba c1  8 32 5c 53 a3 65 55 f9 10  9 64 -- b8 -- a6 ea 91 -- ca -- aa c0 25 71 20 -- 12 -- c8 74 -- 4c a7 1c -- -- 9b --  3 -- f5 -- -- 33 43 -- -- 29 83 41 57 50 4a -- e2 -- 40 -- -- -- 24 -- -- -- 47 -- e8 -- -- 4e 98 4f 99 -- 38 -- -- 2f -- f4 e1 f7 -- --  6 -- -- -- 3d -- -- -- -- -- 66 -- 86 -- --  5 -- -- 52 9f d1 -- 82 -- ae 89 a0 61 94 79 -- 14 13 -- -- -- 80 -- -- bc -- -- -- -- 48 -- -- 7e -- f8 -- -- 8e -- -- --  7 -- -- 1d -- 30 9c -- e7 87 9e e0 e5 -- -- -- 70 a8 -- 18 -- -- 5e -- -- 7c 3f -- 15 e4 39 72 -- 1f -- 2a  c 54 -- -- -- 3e -- -- 7a fc -- -- -- -- -- 90 -- -- -- -- cc 27 -- -- db af -- -- -- --  a d7 -- -- -- -- a4 -- e9 -- 75 -- -- ef d3 60 -- -- 8b 17 c5 eb 97 d9 c2 19 ff -- f2 -- -- -- 28 cb 26 3a -- -- -- -- --  e 

solutions so far:0 maxDepth:10 
iterations:72733838  skipped: 53 
Depth skipped: 
0 0 53 0 0 0 0 0 0 0 0 0 0 0 0 0 0 0 0 0 0 0 0 0 0 0 0 0 0 0 0 0 

running time: 6900 sec
 depth:7
 0  1  2  3  4  5  6  7  8  9  a  b  c  d  e  f 10 11 12 13 14 15 16 17 18 19 1a 1b 1c 1d 1e 1f 20 21 22 23 24 25 26 27 28 29 2a 2b 2c 2d 2e 2f 30 31 32 33 34 35 36 37 38 39 3a 3b 3c 3d 3e 3f 40 41 42 43 44 45 46 47 48 49 4a 4b 4c 4d 4e 4f 50 51 52 53 54 55 56 57 58 59 5a 5b 5c 5d 5e 5f 60 61 62 63 64 65 66 67 68 69 6a 6b 6c 6d 6e 6f 70 71 72 73 74 75 76 77 78 79 7a 7b 7c 7d 7e 7f 80 81 82 83 84 85 86 87 88 89 8a 8b 8c 8d 8e 8f 90 91 92 93 94 95 96 97 98 99 9a 9b 9c 9d 9e 9f a0 a1 a2 a3 a4 a5 a6 a7 a8 a9 aa ab ac ad ae af b0 b1 b2 b3 b4 b5 b6 b7 b8 b9 ba bb bc bd be bf c0 c1 c2 c3 c4 c5 c6 c7 c8 c9 ca cb cc cd ce cf d0 d1 d2 d3 d4 d5 d6 d7 d8 d9 da db dc dd de df e0 e1 e2 e3 e4 e5 e6 e7 e8 e9 ea eb ec ed ee ef f0 f1 f2 f3 f4 f5 f6 f7 f8 f9 fa fb fc fd fe ff 
 0  1  2 5d  4 21 ba  9  8 de 42 58 a3 68 12 d1 10 -- 6b -- 84 -- b0 39 91 -- d0 -- 24 27 75 1e 20 -- -- -- d6 1b -- 37 df 67 -- -- b7 -- 72 -- f5 -- -- 33 77 -- --  c 48 76 4e 55 ea -- 3c -- 40 -- -- -- -- -- -- -- 7b -- 36 -- -- -- 6e 4f 69 -- ce -- -- 2f -- f4 b9 -- -- -- e4 -- -- -- 3d -- -- -- -- -- 66 -- ee -- -- 57 -- -- 18 60 90 -- ec -- 9c 89 aa 16  3 79 -- 8b 78 -- -- -- 80 -- -- bc -- -- -- -- -- -- -- 7e -- -- -- -- f6 -- -- -- 6c -- -- 73 -- 7c -- -- dc 1a 9e 96 d2 -- -- -- 4b  d -- 3e -- -- 5e -- -- -- 3f -- a5 -- -- -- -- -- -- 9d 1f ed -- -- -- -- -- -- 7a fc -- -- -- -- -- -- -- -- -- -- cc -- -- --  b af -- -- -- -- ae d7 -- -- -- -- 30 -- c0 -- f7 -- -- --  f f8 -- -- ef fb c5 eb 83 34 2c 6f  6 -- f2 -- -- -- c1 3b f0 e6 -- -- -- -- -- d8 

solutions so far:0 maxDepth:10 
iterations:78315950  skipped: 57 
Depth skipped: 
0 0 57 0 0 0 0 0 0 0 0 0 0 0 0 0 0 0 0 0 0 0 0 0 0 0 0 0 0 0 0 0 

running time: 7200 sec
 depth:6
 0  1  2  3  4  5  6  7  8  9  a  b  c  d  e  f 10 11 12 13 14 15 16 17 18 19 1a 1b 1c 1d 1e 1f 20 21 22 23 24 25 26 27 28 29 2a 2b 2c 2d 2e 2f 30 31 32 33 34 35 36 37 38 39 3a 3b 3c 3d 3e 3f 40 41 42 43 44 45 46 47 48 49 4a 4b 4c 4d 4e 4f 50 51 52 53 54 55 56 57 58 59 5a 5b 5c 5d 5e 5f 60 61 62 63 64 65 66 67 68 69 6a 6b 6c 6d 6e 6f 70 71 72 73 74 75 76 77 78 79 7a 7b 7c 7d 7e 7f 80 81 82 83 84 85 86 87 88 89 8a 8b 8c 8d 8e 8f 90 91 92 93 94 95 96 97 98 99 9a 9b 9c 9d 9e 9f a0 a1 a2 a3 a4 a5 a6 a7 a8 a9 aa ab ac ad ae af b0 b1 b2 b3 b4 b5 b6 b7 b8 b9 ba bb bc bd be bf c0 c1 c2 c3 c4 c5 c6 c7 c8 c9 ca cb cc cd ce cf d0 d1 d2 d3 d4 d5 d6 d7 d8 d9 da db dc dd de df e0 e1 e2 e3 e4 e5 e6 e7 e8 e9 ea eb ec ed ee ef f0 f1 f2 f3 f4 f5 f6 f7 f8 f9 fa fb fc fd fe ff 
 0  1  2 5d  4 11 ba e8  8 36 22 81 a3 f3  7 -- 10 -- 6c -- 44 -- d5 e0 91 -- 31 --  e e5 -- 42 20 -- -- -- d8 b1 -- d2 88 8d -- -- 7d -- 17 -- f5 -- -- 33 62 -- -- -- 1c 96 1d -- -- -- 84 -- 40 -- -- -- -- -- -- -- 67 -- b5 -- -- -- 73 4f c7 -- cd -- -- 2f -- f4 fa -- -- -- 2e -- -- -- 3d -- -- -- -- -- 66 -- c4 -- -- -- -- -- -- -- 38 -- fb -- 3a 89 -- be -- 79 -- -- df -- -- -- 80 -- -- bc -- -- -- -- -- -- -- 7e -- -- -- -- ce -- -- -- bd -- -- b2 -- a7 -- -- e6 49 9e 9a 59 -- -- -- 4d cf -- b8 -- -- 5e -- -- -- 3f -- 23 -- -- -- -- -- -- 46 5c 8c -- -- -- -- -- -- 7a fc -- -- -- -- -- -- -- -- -- -- cc -- -- -- 5f af -- -- -- -- -- d7 -- -- -- -- -- -- -- -- 70 -- -- -- 21 99 -- -- 74 e3 c5 eb -- 92 ab 1b -- -- f2 -- -- -- -- 4b 69 b3 -- -- -- -- -- ad 

solutions so far:0 maxDepth:10 
iterations:83869670  skipped: 63 
Depth skipped: 
0 0 63 0 0 0 0 0 0 0 0 0 0 0 0 0 0 0 0 0 0 0 0 0 0 0 0 0 0 0 0 0 

running time: 7500 sec

Finished. Total running time: 7777 sec
