Search S-boxes invariant for matrices: 
{0x00,0x02,0x04,0x06,0x08,0x0a,0x0c,0x0e,0x10,0x12,0x14,0x16,0x18,0x1a,0x1c,0x1e,0x20,0x22,0x24,0x26,0x28,0x2a,0x2c,0x2e,0x30,0x32,0x34,0x36,0x38,0x3a,0x3c,0x3e,0x40,0x42,0x44,0x46,0x48,0x4a,0x4c,0x4e,0x50,0x52,0x54,0x56,0x58,0x5a,0x5c,0x5e,0x60,0x62,0x64,0x66,0x68,0x6a,0x6c,0x6e,0x70,0x72,0x74,0x76,0x78,0x7a,0x7c,0x7e,0x01,0x03,0x05,0x07,0x09,0x0b,0x0d,0x0f,0x11,0x13,0x15,0x17,0x19,0x1b,0x1d,0x1f,0x21,0x23,0x25,0x27,0x29,0x2b,0x2d,0x2f,0x31,0x33,0x35,0x37,0x39,0x3b,0x3d,0x3f,0x41,0x43,0x45,0x47,0x49,0x4b,0x4d,0x4f,0x51,0x53,0x55,0x57,0x59,0x5b,0x5d,0x5f,0x61,0x63,0x65,0x67,0x69,0x6b,0x6d,0x6f,0x71,0x73,0x75,0x77,0x79,0x7b,0x7d,0x7f};
{0x00,0x02,0x04,0x06,0x03,0x01,0x07,0x05,0x10,0x12,0x14,0x16,0x13,0x11,0x17,0x15,0x20,0x22,0x24,0x26,0x23,0x21,0x27,0x25,0x30,0x32,0x34,0x36,0x33,0x31,0x37,0x35,0x40,0x42,0x44,0x46,0x43,0x41,0x47,0x45,0x50,0x52,0x54,0x56,0x53,0x51,0x57,0x55,0x60,0x62,0x64,0x66,0x63,0x61,0x67,0x65,0x70,0x72,0x74,0x76,0x73,0x71,0x77,0x75,0x68,0x6a,0x6c,0x6e,0x6b,0x69,0x6f,0x6d,0x78,0x7a,0x7c,0x7e,0x7b,0x79,0x7f,0x7d,0x48,0x4a,0x4c,0x4e,0x4b,0x49,0x4f,0x4d,0x58,0x5a,0x5c,0x5e,0x5b,0x59,0x5f,0x5d,0x28,0x2a,0x2c,0x2e,0x2b,0x29,0x2f,0x2d,0x38,0x3a,0x3c,0x3e,0x3b,0x39,0x3f,0x3d,0x08,0x0a,0x0c,0x0e,0x0b,0x09,0x0f,0x0d,0x18,0x1a,0x1c,0x1e,0x1b,0x19,0x1f,0x1d};



 depth:5
 0  1  2  3  4  5  6  7  8  9  a  b  c  d  e  f 10 11 12 13 14 15 16 17 18 19 1a 1b 1c 1d 1e 1f 20 21 22 23 24 25 26 27 28 29 2a 2b 2c 2d 2e 2f 30 31 32 33 34 35 36 37 38 39 3a 3b 3c 3d 3e 3f 40 41 42 43 44 45 46 47 48 49 4a 4b 4c 4d 4e 4f 50 51 52 53 54 55 56 57 58 59 5a 5b 5c 5d 5e 5f 60 61 62 63 64 65 66 67 68 69 6a 6b 6c 6d 6e 6f 70 71 72 73 74 75 76 77 78 79 7a 7b 7c 7d 7e 7f 
 0  1  2 18  4 64 30 3c  3 51 2b -- 60 -- 73 --  6 36 4a -- 56 -- -- -- 28 -- -- --  e -- -- --  7 19 67 -- 7c -- -- -- 4f -- -- -- -- -- -- -- 50 -- -- -- -- -- -- -- 17 -- -- -- -- -- -- --  5 78 32 6a 2d -- -- -- 1b -- -- -- -- -- -- -- 7d -- -- -- -- -- -- -- -- -- -- -- -- -- -- -- 48 41 -- -- -- -- -- -- -- -- -- -- -- -- -- -- 25 -- -- -- -- -- -- -- -- -- -- -- -- -- -- 58 

solutions so far:0 maxDepth:6 
iterations:7434064  skipped: 70668 
Depth skipped: 
0 95 660 0 69913 0 0 0 0 0 0 0 0 0 0 0 0 0 0 0 0 0 0 0 0 0 0 0 0 0 0 0 

running time: 300 sec
 depth:6
 0  1  2  3  4  5  6  7  8  9  a  b  c  d  e  f 10 11 12 13 14 15 16 17 18 19 1a 1b 1c 1d 1e 1f 20 21 22 23 24 25 26 27 28 29 2a 2b 2c 2d 2e 2f 30 31 32 33 34 35 36 37 38 39 3a 3b 3c 3d 3e 3f 40 41 42 43 44 45 46 47 48 49 4a 4b 4c 4d 4e 4f 50 51 52 53 54 55 56 57 58 59 5a 5b 5c 5d 5e 5f 60 61 62 63 64 65 66 67 68 69 6a 6b 6c 6d 6e 6f 70 71 72 73 74 75 76 77 78 79 7a 7b 7c 7d 7e 7f 
 0  1  2 18  4 3d 30 5c  3 15 71 1c 60 -- 5b --  6 3b 21 --  a -- 33 -- 28 -- -- -- 5e -- -- --  7 46 76 -- 42 -- -- -- 14 -- -- -- 66 -- -- -- 50 55 -- -- -- -- -- -- 5f -- -- -- -- -- -- --  5 78 6f 5a  f 7a -- -- 6c -- -- -- -- -- -- -- 23 -- -- -- -- -- -- -- 2f -- -- -- -- -- -- -- 48 59 49 -- -- -- -- -- -- -- -- -- -- -- -- -- 5d -- -- -- -- -- -- -- -- -- -- -- -- -- -- 58 

solutions so far:0 maxDepth:6 
iterations:14821398  skipped: 117692 
Depth skipped: 
0 95 660 0 116937 0 0 0 0 0 0 0 0 0 0 0 0 0 0 0 0 0 0 0 0 0 0 0 0 0 0 0 

running time: 600 sec
 depth:6
 0  1  2  3  4  5  6  7  8  9  a  b  c  d  e  f 10 11 12 13 14 15 16 17 18 19 1a 1b 1c 1d 1e 1f 20 21 22 23 24 25 26 27 28 29 2a 2b 2c 2d 2e 2f 30 31 32 33 34 35 36 37 38 39 3a 3b 3c 3d 3e 3f 40 41 42 43 44 45 46 47 48 49 4a 4b 4c 4d 4e 4f 50 51 52 53 54 55 56 57 58 59 5a 5b 5c 5d 5e 5f 60 61 62 63 64 65 66 67 68 69 6a 6b 6c 6d 6e 6f 70 71 72 73 74 75 76 77 78 79 7a 7b 7c 7d 7e 7f 
 0  1  2 18  4 14 30 26  3 5d 23 4e 60 -- 47 --  6 5b 59 -- 46 -- 7f -- 28 -- -- -- 6d -- -- --  7 71 5e -- 5a -- -- -- 6f -- -- -- 1d -- -- -- 50 62 -- -- -- -- -- -- 39 -- -- -- -- -- -- --  5 78  a 13 5f 53 -- -- 5c -- -- -- -- -- -- -- 3d -- -- -- -- -- -- -- 31 -- -- -- -- -- -- -- 48  c 2c -- -- -- -- -- -- -- -- -- -- -- -- -- 72 -- -- -- -- -- -- -- -- -- -- -- -- -- -- 58 

solutions so far:0 maxDepth:6 
iterations:22925698  skipped: 168912 
Depth skipped: 
0 95 660 0 168157 0 0 0 0 0 0 0 0 0 0 0 0 0 0 0 0 0 0 0 0 0 0 0 0 0 0 0 

running time: 900 sec
 depth:6
 0  1  2  3  4  5  6  7  8  9  a  b  c  d  e  f 10 11 12 13 14 15 16 17 18 19 1a 1b 1c 1d 1e 1f 20 21 22 23 24 25 26 27 28 29 2a 2b 2c 2d 2e 2f 30 31 32 33 34 35 36 37 38 39 3a 3b 3c 3d 3e 3f 40 41 42 43 44 45 46 47 48 49 4a 4b 4c 4d 4e 4f 50 51 52 53 54 55 56 57 58 59 5a 5b 5c 5d 5e 5f 60 61 62 63 64 65 66 67 68 69 6a 6b 6c 6d 6e 6f 70 71 72 73 74 75 76 77 78 79 7a 7b 7c 7d 7e 7f 
 0  1  2  8  4 65 10 5d  3 61 29 6d 20 -- 59 --  6 7e 2a -- 52 -- 39 -- 40 -- -- -- 5a -- -- --  7 1e 1f -- 54 -- -- -- 4c -- -- -- 72 -- -- -- 68 13 -- -- -- -- -- -- 5c -- -- -- -- -- -- --  5 70 37 5f 35 47 -- -- 4b -- -- -- -- -- -- -- 7b -- -- -- -- -- -- --  c -- -- -- -- -- -- -- 38 5e 26 -- -- -- -- -- -- -- -- -- -- -- -- -- 5b -- -- -- -- -- -- -- -- -- -- -- -- -- -- 58 

solutions so far:0 maxDepth:6 
iterations:32201225  skipped: 185620 
Depth skipped: 
0 110 660 0 184850 0 0 0 0 0 0 0 0 0 0 0 0 0 0 0 0 0 0 0 0 0 0 0 0 0 0 0 

running time: 1200 sec
 depth:6
 0  1  2  3  4  5  6  7  8  9  a  b  c  d  e  f 10 11 12 13 14 15 16 17 18 19 1a 1b 1c 1d 1e 1f 20 21 22 23 24 25 26 27 28 29 2a 2b 2c 2d 2e 2f 30 31 32 33 34 35 36 37 38 39 3a 3b 3c 3d 3e 3f 40 41 42 43 44 45 46 47 48 49 4a 4b 4c 4d 4e 4f 50 51 52 53 54 55 56 57 58 59 5a 5b 5c 5d 5e 5f 60 61 62 63 64 65 66 67 68 69 6a 6b 6c 6d 6e 6f 70 71 72 73 74 75 76 77 78 79 7a 7b 7c 7d 7e 7f 
 0  1  2  8  4 43 10 5b  3 2d 6e 21 20 -- 5e --  6 1b 51 -- 3f -- 42 -- 40 -- -- -- 5f -- -- --  7 12 36 -- 4a -- -- -- 75 -- -- -- 6c -- -- -- 68 76 -- -- -- -- -- -- 5d -- -- -- -- -- -- --  5 70 24 5c 67 15 -- -- 7c -- -- -- -- -- -- --  9 -- -- -- -- -- -- -- 3b -- -- -- -- -- -- -- 38 5a  f -- -- -- -- -- -- -- -- -- -- -- -- -- 59 -- -- -- -- -- -- -- -- -- -- -- -- -- -- 58 

solutions so far:0 maxDepth:6 
iterations:41394781  skipped: 185620 
Depth skipped: 
0 110 660 0 184850 0 0 0 0 0 0 0 0 0 0 0 0 0 0 0 0 0 0 0 0 0 0 0 0 0 0 0 

running time: 1500 sec
 depth:6
 0  1  2  3  4  5  6  7  8  9  a  b  c  d  e  f 10 11 12 13 14 15 16 17 18 19 1a 1b 1c 1d 1e 1f 20 21 22 23 24 25 26 27 28 29 2a 2b 2c 2d 2e 2f 30 31 32 33 34 35 36 37 38 39 3a 3b 3c 3d 3e 3f 40 41 42 43 44 45 46 47 48 49 4a 4b 4c 4d 4e 4f 50 51 52 53 54 55 56 57 58 59 5a 5b 5c 5d 5e 5f 60 61 62 63 64 65 66 67 68 69 6a 6b 6c 6d 6e 6f 70 71 72 73 74 75 76 77 78 79 7a 7b 7c 7d 7e 7f 
 0  1  2  8  4 1e 10 5e  3 6b 37 76 20 -- 5f --  6 11 3e -- 65 --  f -- 40 -- -- -- 5d -- -- --  7 4c 22 -- 77 -- -- -- 29 -- -- -- 15 -- -- -- 68 42 -- -- -- -- -- -- 59 -- -- -- -- -- -- --  5 70 7b 5b 44 3b -- --  d -- -- -- -- -- -- -- 52 -- -- -- -- -- -- -- 21 -- -- -- -- -- -- -- 38 5c 6c -- -- -- -- -- -- -- -- -- -- -- -- -- 5a -- -- -- -- -- -- -- -- -- -- -- -- -- -- 58 

solutions so far:0 maxDepth:6 
iterations:50509826  skipped: 185620 
Depth skipped: 
0 110 660 0 184850 0 0 0 0 0 0 0 0 0 0 0 0 0 0 0 0 0 0 0 0 0 0 0 0 0 0 0 

running time: 1800 sec

Finished. Total running time: 1958 sec
